[2022-11-06 18:45:05,826] logger_util.py->write_log line:61 [INFO] -------------接口请求开始-----------
[2022-11-06 18:45:05,826] logger_util.py->write_log line:61 [INFO] 接口名称：新建变量
[2022-11-06 18:45:05,826] logger_util.py->write_log line:61 [INFO] 接口方式：post
[2022-11-06 18:45:05,826] logger_util.py->write_log line:61 [INFO] 接口路径：http://127.0.0.1:18000/api/v1/variable/device/3e6e78a4-5d52-40fe-bf3d-ec61437b0122/group/b92fecb7-1409-4f57-b6a1-465d8f11b6e0/tag
[2022-11-06 18:45:05,826] logger_util.py->write_log line:61 [INFO] 请求头：{'Content-Type': 'application/json;charset=UTF-8', 'X-Project': 'af95670ce7fb4076bb525099bc060234'}
[2022-11-06 18:45:05,827] logger_util.py->write_log line:61 [INFO] 请求参数：[{'name': 'A1', 'type': 3, 'description': '描述', 'address': '400001', 'stringLength': None, 'zoom': 1, 'digit': None, 'rule': 1, 'historyArchive': {'triggerType': 0, 'startTime': None, 'interval': 0, 'intervalUnit': 0, 'relateTags': [], 'isRelateSelf': False}}]
[2022-11-06 18:45:05,827] logger_util.py->write_log line:61 [INFO] 文件上传：None
[2022-11-06 18:45:06,498] logger_util.py->write_log line:61 [INFO] 预期结果：[{'equals': {'status_code': 200}}]
[2022-11-06 18:45:06,499] logger_util.py->write_log line:61 [INFO] 实际结果：['6f2caa9e-4f5c-4159-abc1-20bdf1554c62']
[2022-11-06 18:45:06,499] logger_util.py->write_log line:61 [INFO] 接口请求成功！
[2022-11-06 18:45:06,500] logger_util.py->write_log line:61 [INFO] -------------接口请求结束-----------

[2022-11-06 18:45:06,542] logger_util.py->write_log line:61 [INFO] -------------接口请求开始-----------
[2022-11-06 18:45:06,543] logger_util.py->write_log line:61 [INFO] 接口名称：新建变量
[2022-11-06 18:45:06,543] logger_util.py->write_log line:61 [INFO] 接口方式：post
[2022-11-06 18:45:06,543] logger_util.py->write_log line:61 [INFO] 接口路径：http://127.0.0.1:18000/api/v1/variable/device/3e6e78a4-5d52-40fe-bf3d-ec61437b0122/group/b92fecb7-1409-4f57-b6a1-465d8f11b6e0/tag
[2022-11-06 18:45:06,543] logger_util.py->write_log line:61 [INFO] 请求头：{'Content-Type': 'application/json;charset=UTF-8', 'X-Project': 'af95670ce7fb4076bb525099bc060234'}
[2022-11-06 18:45:06,543] logger_util.py->write_log line:61 [INFO] 请求参数：[{'name': 'A2', 'type': 3, 'description': '描述', 'address': '400001', 'stringLength': None, 'zoom': 1, 'digit': None, 'rule': 1, 'historyArchive': {'triggerType': 0, 'startTime': None, 'interval': 0, 'intervalUnit': 0, 'relateTags': [], 'isRelateSelf': False}}]
[2022-11-06 18:45:06,543] logger_util.py->write_log line:61 [INFO] 文件上传：None
[2022-11-06 18:45:08,694] logger_util.py->write_log line:61 [INFO] 预期结果：[{'equals': {'status_code': 200}}]
[2022-11-06 18:45:08,694] logger_util.py->write_log line:61 [INFO] 实际结果：['8a2b7a75-c858-4336-b376-59929d879520']
[2022-11-06 18:45:08,694] logger_util.py->write_log line:61 [INFO] 接口请求成功！
[2022-11-06 18:45:08,695] logger_util.py->write_log line:61 [INFO] -------------接口请求结束-----------

[2022-11-06 18:45:08,705] logger_util.py->write_log line:61 [INFO] -------------接口请求开始-----------
[2022-11-06 18:45:08,705] logger_util.py->write_log line:61 [INFO] 接口名称：新建变量
[2022-11-06 18:45:08,705] logger_util.py->write_log line:61 [INFO] 接口方式：post
[2022-11-06 18:45:08,706] logger_util.py->write_log line:61 [INFO] 接口路径：http://127.0.0.1:18000/api/v1/variable/device/3e6e78a4-5d52-40fe-bf3d-ec61437b0122/group/b92fecb7-1409-4f57-b6a1-465d8f11b6e0/tag
[2022-11-06 18:45:08,706] logger_util.py->write_log line:61 [INFO] 请求头：{'Content-Type': 'application/json;charset=UTF-8', 'X-Project': 'af95670ce7fb4076bb525099bc060234'}
[2022-11-06 18:45:08,706] logger_util.py->write_log line:61 [INFO] 请求参数：[{'name': 'A3', 'type': 3, 'description': '描述', 'address': '400001', 'stringLength': None, 'zoom': 1, 'digit': None, 'rule': 1, 'historyArchive': {'triggerType': 0, 'startTime': None, 'interval': 0, 'intervalUnit': 0, 'relateTags': [], 'isRelateSelf': False}}]
[2022-11-06 18:45:08,706] logger_util.py->write_log line:61 [INFO] 文件上传：None
[2022-11-06 18:45:10,061] logger_util.py->error_log line:65 [INFO] 断言失败:status_code不等于200
[2022-11-06 18:45:10,061] logger_util.py->write_log line:61 [INFO] 接口请求失败！
[2022-11-06 18:45:10,061] logger_util.py->write_log line:61 [INFO] -------------接口请求结束-----------

[2022-11-06 18:45:10,100] logger_util.py->error_log line:65 [INFO] 断言异常：异常信息: Traceback (most recent call last):
  File "E:\Project_python\2TestCMS2.0\common\requests_util.py", line 394, in validate_result
    error_log("断言失败:"+assert_key+"不等于"+str(assert_value))
  File "E:\Project_python\2TestCMS2.0\common\logger_util.py", line 66, in error_log
    raise Exception(log_message)
Exception: 断言失败:status_code不等于200

[2022-11-06 18:45:10,100] logger_util.py->error_log line:65 [INFO] 分析YAML文件异常：异常信息: Traceback (most recent call last):
  File "E:\Project_python\2TestCMS2.0\common\requests_util.py", line 394, in validate_result
    error_log("断言失败:"+assert_key+"不等于"+str(assert_value))
  File "E:\Project_python\2TestCMS2.0\common\logger_util.py", line 66, in error_log
    raise Exception(log_message)
Exception: 断言失败:status_code不等于200

During handling of the above exception, another exception occurred:

Traceback (most recent call last):
  File "E:\Project_python\2TestCMS2.0\common\requests_util.py", line 260, in analysis_yaml
    self.validate_result(yq_result, return_data, status_code)
  File "E:\Project_python\2TestCMS2.0\common\requests_util.py", line 429, in validate_result
    error_log("断言异常：异常信息: %s" % str(traceback.format_exc()))
  File "E:\Project_python\2TestCMS2.0\common\logger_util.py", line 66, in error_log
    raise Exception(log_message)
Exception: 断言异常：异常信息: Traceback (most recent call last):
  File "E:\Project_python\2TestCMS2.0\common\requests_util.py", line 394, in validate_result
    error_log("断言失败:"+assert_key+"不等于"+str(assert_value))
  File "E:\Project_python\2TestCMS2.0\common\logger_util.py", line 66, in error_log
    raise Exception(log_message)
Exception: 断言失败:status_code不等于200


[2022-11-06 18:45:10,253] logger_util.py->write_log line:61 [INFO] -------------接口请求开始-----------
[2022-11-06 18:45:10,253] logger_util.py->write_log line:61 [INFO] 接口名称：新建变量
[2022-11-06 18:45:10,253] logger_util.py->write_log line:61 [INFO] 接口方式：post
[2022-11-06 18:45:10,253] logger_util.py->write_log line:61 [INFO] 接口路径：http://127.0.0.1:18000/api/v1/variable/device/3e6e78a4-5d52-40fe-bf3d-ec61437b0122/group/b92fecb7-1409-4f57-b6a1-465d8f11b6e0/tag
[2022-11-06 18:45:10,254] logger_util.py->write_log line:61 [INFO] 请求头：{'Content-Type': 'application/json;charset=UTF-8', 'X-Project': 'af95670ce7fb4076bb525099bc060234'}
[2022-11-06 18:45:10,254] logger_util.py->write_log line:61 [INFO] 请求参数：[{'name': 'A4', 'type': 3, 'description': '描述', 'address': '400001', 'stringLength': None, 'zoom': 1, 'digit': None, 'rule': 1, 'historyArchive': {'triggerType': 0, 'startTime': None, 'interval': 0, 'intervalUnit': 0, 'relateTags': [], 'isRelateSelf': False}}]
[2022-11-06 18:45:10,254] logger_util.py->write_log line:61 [INFO] 文件上传：None
[2022-11-06 18:45:10,364] logger_util.py->write_log line:61 [INFO] 预期结果：[{'equals': {'status_code': 200}}]
[2022-11-06 18:45:10,364] logger_util.py->write_log line:61 [INFO] 实际结果：['46346e92-7e3d-4d07-85ef-972e8e4742dd']
[2022-11-06 18:45:10,364] logger_util.py->write_log line:61 [INFO] 接口请求成功！
[2022-11-06 18:45:10,364] logger_util.py->write_log line:61 [INFO] -------------接口请求结束-----------

[2022-11-06 18:45:10,381] logger_util.py->write_log line:61 [INFO] -------------接口请求开始-----------
[2022-11-06 18:45:10,381] logger_util.py->write_log line:61 [INFO] 接口名称：新建变量
[2022-11-06 18:45:10,381] logger_util.py->write_log line:61 [INFO] 接口方式：post
[2022-11-06 18:45:10,381] logger_util.py->write_log line:61 [INFO] 接口路径：http://127.0.0.1:18000/api/v1/variable/device/3e6e78a4-5d52-40fe-bf3d-ec61437b0122/group/b92fecb7-1409-4f57-b6a1-465d8f11b6e0/tag
[2022-11-06 18:45:10,381] logger_util.py->write_log line:61 [INFO] 请求头：{'Content-Type': 'application/json;charset=UTF-8', 'X-Project': 'af95670ce7fb4076bb525099bc060234'}
[2022-11-06 18:45:10,382] logger_util.py->write_log line:61 [INFO] 请求参数：[{'name': 'A5', 'type': 3, 'description': '描述', 'address': '400001', 'stringLength': None, 'zoom': 1, 'digit': None, 'rule': 1, 'historyArchive': {'triggerType': 0, 'startTime': None, 'interval': 0, 'intervalUnit': 0, 'relateTags': [], 'isRelateSelf': False}}]
[2022-11-06 18:45:10,382] logger_util.py->write_log line:61 [INFO] 文件上传：None
[2022-11-06 18:45:19,782] logger_util.py->write_log line:61 [INFO] 预期结果：[{'equals': {'status_code': 200}}]
[2022-11-06 18:45:19,782] logger_util.py->write_log line:61 [INFO] 实际结果：['41fdfbc5-f59b-410c-b74f-4930abbffdc9']
[2022-11-06 18:45:19,782] logger_util.py->write_log line:61 [INFO] 接口请求成功！
[2022-11-06 18:45:19,782] logger_util.py->write_log line:61 [INFO] -------------接口请求结束-----------

[2022-11-06 18:45:19,792] logger_util.py->write_log line:61 [INFO] -------------接口请求开始-----------
[2022-11-06 18:45:19,793] logger_util.py->write_log line:61 [INFO] 接口名称：新建变量
[2022-11-06 18:45:19,793] logger_util.py->write_log line:61 [INFO] 接口方式：post
[2022-11-06 18:45:19,793] logger_util.py->write_log line:61 [INFO] 接口路径：http://127.0.0.1:18000/api/v1/variable/device/3e6e78a4-5d52-40fe-bf3d-ec61437b0122/group/b92fecb7-1409-4f57-b6a1-465d8f11b6e0/tag
[2022-11-06 18:45:19,793] logger_util.py->write_log line:61 [INFO] 请求头：{'Content-Type': 'application/json;charset=UTF-8', 'X-Project': 'af95670ce7fb4076bb525099bc060234'}
[2022-11-06 18:45:19,793] logger_util.py->write_log line:61 [INFO] 请求参数：[{'name': 'A6', 'type': 3, 'description': '描述', 'address': '400001', 'stringLength': None, 'zoom': 1, 'digit': None, 'rule': 1, 'historyArchive': {'triggerType': 0, 'startTime': None, 'interval': 0, 'intervalUnit': 0, 'relateTags': [], 'isRelateSelf': False}}]
[2022-11-06 18:45:19,793] logger_util.py->write_log line:61 [INFO] 文件上传：None
[2022-11-06 18:45:21,121] logger_util.py->error_log line:65 [INFO] 断言失败:status_code不等于200
[2022-11-06 18:45:21,121] logger_util.py->write_log line:61 [INFO] 接口请求失败！
[2022-11-06 18:45:21,121] logger_util.py->write_log line:61 [INFO] -------------接口请求结束-----------

[2022-11-06 18:45:21,121] logger_util.py->error_log line:65 [INFO] 断言异常：异常信息: Traceback (most recent call last):
  File "E:\Project_python\2TestCMS2.0\common\requests_util.py", line 394, in validate_result
    error_log("断言失败:"+assert_key+"不等于"+str(assert_value))
  File "E:\Project_python\2TestCMS2.0\common\logger_util.py", line 66, in error_log
    raise Exception(log_message)
Exception: 断言失败:status_code不等于200

[2022-11-06 18:45:21,122] logger_util.py->error_log line:65 [INFO] 分析YAML文件异常：异常信息: Traceback (most recent call last):
  File "E:\Project_python\2TestCMS2.0\common\requests_util.py", line 394, in validate_result
    error_log("断言失败:"+assert_key+"不等于"+str(assert_value))
  File "E:\Project_python\2TestCMS2.0\common\logger_util.py", line 66, in error_log
    raise Exception(log_message)
Exception: 断言失败:status_code不等于200

During handling of the above exception, another exception occurred:

Traceback (most recent call last):
  File "E:\Project_python\2TestCMS2.0\common\requests_util.py", line 260, in analysis_yaml
    self.validate_result(yq_result, return_data, status_code)
  File "E:\Project_python\2TestCMS2.0\common\requests_util.py", line 429, in validate_result
    error_log("断言异常：异常信息: %s" % str(traceback.format_exc()))
  File "E:\Project_python\2TestCMS2.0\common\logger_util.py", line 66, in error_log
    raise Exception(log_message)
Exception: 断言异常：异常信息: Traceback (most recent call last):
  File "E:\Project_python\2TestCMS2.0\common\requests_util.py", line 394, in validate_result
    error_log("断言失败:"+assert_key+"不等于"+str(assert_value))
  File "E:\Project_python\2TestCMS2.0\common\logger_util.py", line 66, in error_log
    raise Exception(log_message)
Exception: 断言失败:status_code不等于200


[2022-11-06 18:45:21,155] logger_util.py->write_log line:61 [INFO] -------------接口请求开始-----------
[2022-11-06 18:45:21,155] logger_util.py->write_log line:61 [INFO] 接口名称：新建变量
[2022-11-06 18:45:21,155] logger_util.py->write_log line:61 [INFO] 接口方式：post
[2022-11-06 18:45:21,155] logger_util.py->write_log line:61 [INFO] 接口路径：http://127.0.0.1:18000/api/v1/variable/device/3e6e78a4-5d52-40fe-bf3d-ec61437b0122/group/b92fecb7-1409-4f57-b6a1-465d8f11b6e0/tag
[2022-11-06 18:45:21,155] logger_util.py->write_log line:61 [INFO] 请求头：{'Content-Type': 'application/json;charset=UTF-8', 'X-Project': 'af95670ce7fb4076bb525099bc060234'}
[2022-11-06 18:45:21,156] logger_util.py->write_log line:61 [INFO] 请求参数：[{'name': 'A7', 'type': 3, 'description': '描述', 'address': '400001', 'stringLength': None, 'zoom': 1, 'digit': None, 'rule': 1, 'historyArchive': {'triggerType': 0, 'startTime': None, 'interval': 0, 'intervalUnit': 0, 'relateTags': [], 'isRelateSelf': False}}]
[2022-11-06 18:45:21,156] logger_util.py->write_log line:61 [INFO] 文件上传：None
[2022-11-06 18:45:21,277] logger_util.py->write_log line:61 [INFO] 预期结果：[{'equals': {'status_code': 200}}]
[2022-11-06 18:45:21,277] logger_util.py->write_log line:61 [INFO] 实际结果：['3edbf7c5-04e2-426a-89ea-4d95e9ad8911']
[2022-11-06 18:45:21,277] logger_util.py->write_log line:61 [INFO] 接口请求成功！
[2022-11-06 18:45:21,277] logger_util.py->write_log line:61 [INFO] -------------接口请求结束-----------

[2022-11-06 18:45:21,287] logger_util.py->write_log line:61 [INFO] -------------接口请求开始-----------
[2022-11-06 18:45:21,287] logger_util.py->write_log line:61 [INFO] 接口名称：新建变量
[2022-11-06 18:45:21,288] logger_util.py->write_log line:61 [INFO] 接口方式：post
[2022-11-06 18:45:21,288] logger_util.py->write_log line:61 [INFO] 接口路径：http://127.0.0.1:18000/api/v1/variable/device/3e6e78a4-5d52-40fe-bf3d-ec61437b0122/group/b92fecb7-1409-4f57-b6a1-465d8f11b6e0/tag
[2022-11-06 18:45:21,288] logger_util.py->write_log line:61 [INFO] 请求头：{'Content-Type': 'application/json;charset=UTF-8', 'X-Project': 'af95670ce7fb4076bb525099bc060234'}
[2022-11-06 18:45:21,288] logger_util.py->write_log line:61 [INFO] 请求参数：[{'name': 'A8', 'type': 3, 'description': '描述', 'address': '400001', 'stringLength': None, 'zoom': 1, 'digit': None, 'rule': 1, 'historyArchive': {'triggerType': 0, 'startTime': None, 'interval': 0, 'intervalUnit': 0, 'relateTags': [], 'isRelateSelf': False}}]
[2022-11-06 18:45:21,288] logger_util.py->write_log line:61 [INFO] 文件上传：None
[2022-11-06 18:45:29,670] logger_util.py->write_log line:61 [INFO] 预期结果：[{'equals': {'status_code': 200}}]
[2022-11-06 18:45:29,670] logger_util.py->write_log line:61 [INFO] 实际结果：['b1a99781-5abf-4fbf-985a-5a25a1992879']
[2022-11-06 18:45:29,670] logger_util.py->write_log line:61 [INFO] 接口请求成功！
[2022-11-06 18:45:29,670] logger_util.py->write_log line:61 [INFO] -------------接口请求结束-----------

[2022-11-06 18:45:29,680] logger_util.py->write_log line:61 [INFO] -------------接口请求开始-----------
[2022-11-06 18:45:29,680] logger_util.py->write_log line:61 [INFO] 接口名称：新建变量
[2022-11-06 18:45:29,680] logger_util.py->write_log line:61 [INFO] 接口方式：post
[2022-11-06 18:45:29,680] logger_util.py->write_log line:61 [INFO] 接口路径：http://127.0.0.1:18000/api/v1/variable/device/3e6e78a4-5d52-40fe-bf3d-ec61437b0122/group/b92fecb7-1409-4f57-b6a1-465d8f11b6e0/tag
[2022-11-06 18:45:29,680] logger_util.py->write_log line:61 [INFO] 请求头：{'Content-Type': 'application/json;charset=UTF-8', 'X-Project': 'af95670ce7fb4076bb525099bc060234'}
[2022-11-06 18:45:29,681] logger_util.py->write_log line:61 [INFO] 请求参数：[{'name': 'A9', 'type': 3, 'description': '描述', 'address': '400001', 'stringLength': None, 'zoom': 1, 'digit': None, 'rule': 1, 'historyArchive': {'triggerType': 0, 'startTime': None, 'interval': 0, 'intervalUnit': 0, 'relateTags': [], 'isRelateSelf': False}}]
[2022-11-06 18:45:29,681] logger_util.py->write_log line:61 [INFO] 文件上传：None
[2022-11-06 18:45:31,079] logger_util.py->error_log line:65 [INFO] 断言失败:status_code不等于200
[2022-11-06 18:45:31,079] logger_util.py->write_log line:61 [INFO] 接口请求失败！
[2022-11-06 18:45:31,079] logger_util.py->write_log line:61 [INFO] -------------接口请求结束-----------

[2022-11-06 18:45:31,079] logger_util.py->error_log line:65 [INFO] 断言异常：异常信息: Traceback (most recent call last):
  File "E:\Project_python\2TestCMS2.0\common\requests_util.py", line 394, in validate_result
    error_log("断言失败:"+assert_key+"不等于"+str(assert_value))
  File "E:\Project_python\2TestCMS2.0\common\logger_util.py", line 66, in error_log
    raise Exception(log_message)
Exception: 断言失败:status_code不等于200

[2022-11-06 18:45:31,080] logger_util.py->error_log line:65 [INFO] 分析YAML文件异常：异常信息: Traceback (most recent call last):
  File "E:\Project_python\2TestCMS2.0\common\requests_util.py", line 394, in validate_result
    error_log("断言失败:"+assert_key+"不等于"+str(assert_value))
  File "E:\Project_python\2TestCMS2.0\common\logger_util.py", line 66, in error_log
    raise Exception(log_message)
Exception: 断言失败:status_code不等于200

During handling of the above exception, another exception occurred:

Traceback (most recent call last):
  File "E:\Project_python\2TestCMS2.0\common\requests_util.py", line 260, in analysis_yaml
    self.validate_result(yq_result, return_data, status_code)
  File "E:\Project_python\2TestCMS2.0\common\requests_util.py", line 429, in validate_result
    error_log("断言异常：异常信息: %s" % str(traceback.format_exc()))
  File "E:\Project_python\2TestCMS2.0\common\logger_util.py", line 66, in error_log
    raise Exception(log_message)
Exception: 断言异常：异常信息: Traceback (most recent call last):
  File "E:\Project_python\2TestCMS2.0\common\requests_util.py", line 394, in validate_result
    error_log("断言失败:"+assert_key+"不等于"+str(assert_value))
  File "E:\Project_python\2TestCMS2.0\common\logger_util.py", line 66, in error_log
    raise Exception(log_message)
Exception: 断言失败:status_code不等于200


[2022-11-06 18:45:31,117] logger_util.py->write_log line:61 [INFO] -------------接口请求开始-----------
[2022-11-06 18:45:31,117] logger_util.py->write_log line:61 [INFO] 接口名称：新建变量
[2022-11-06 18:45:31,117] logger_util.py->write_log line:61 [INFO] 接口方式：post
[2022-11-06 18:45:31,117] logger_util.py->write_log line:61 [INFO] 接口路径：http://127.0.0.1:18000/api/v1/variable/device/3e6e78a4-5d52-40fe-bf3d-ec61437b0122/group/b92fecb7-1409-4f57-b6a1-465d8f11b6e0/tag
[2022-11-06 18:45:31,118] logger_util.py->write_log line:61 [INFO] 请求头：{'Content-Type': 'application/json;charset=UTF-8', 'X-Project': 'af95670ce7fb4076bb525099bc060234'}
[2022-11-06 18:45:31,118] logger_util.py->write_log line:61 [INFO] 请求参数：[{'name': 'A10', 'type': 3, 'description': '描述', 'address': '400001', 'stringLength': None, 'zoom': 1, 'digit': None, 'rule': 1, 'historyArchive': {'triggerType': 0, 'startTime': None, 'interval': 0, 'intervalUnit': 0, 'relateTags': [], 'isRelateSelf': False}}]
[2022-11-06 18:45:31,118] logger_util.py->write_log line:61 [INFO] 文件上传：None
[2022-11-06 18:45:31,229] logger_util.py->write_log line:61 [INFO] 预期结果：[{'equals': {'status_code': 200}}]
[2022-11-06 18:45:31,230] logger_util.py->write_log line:61 [INFO] 实际结果：['00d5c862-cb37-48f1-baec-ea7df6ed7b7c']
[2022-11-06 18:45:31,230] logger_util.py->write_log line:61 [INFO] 接口请求成功！
[2022-11-06 18:45:31,230] logger_util.py->write_log line:61 [INFO] -------------接口请求结束-----------

[2022-11-06 18:45:31,241] logger_util.py->write_log line:61 [INFO] -------------接口请求开始-----------
[2022-11-06 18:45:31,241] logger_util.py->write_log line:61 [INFO] 接口名称：新建变量
[2022-11-06 18:45:31,241] logger_util.py->write_log line:61 [INFO] 接口方式：post
[2022-11-06 18:45:31,241] logger_util.py->write_log line:61 [INFO] 接口路径：http://127.0.0.1:18000/api/v1/variable/device/3e6e78a4-5d52-40fe-bf3d-ec61437b0122/group/b92fecb7-1409-4f57-b6a1-465d8f11b6e0/tag
[2022-11-06 18:45:31,241] logger_util.py->write_log line:61 [INFO] 请求头：{'Content-Type': 'application/json;charset=UTF-8', 'X-Project': 'af95670ce7fb4076bb525099bc060234'}
[2022-11-06 18:45:31,241] logger_util.py->write_log line:61 [INFO] 请求参数：[{'name': 'A11', 'type': 3, 'description': '描述', 'address': '400001', 'stringLength': None, 'zoom': 1, 'digit': None, 'rule': 1, 'historyArchive': {'triggerType': 0, 'startTime': None, 'interval': 0, 'intervalUnit': 0, 'relateTags': [], 'isRelateSelf': False}}]
[2022-11-06 18:45:31,241] logger_util.py->write_log line:61 [INFO] 文件上传：None
[2022-11-06 18:45:41,754] logger_util.py->write_log line:61 [INFO] 预期结果：[{'equals': {'status_code': 200}}]
[2022-11-06 18:45:41,754] logger_util.py->write_log line:61 [INFO] 实际结果：['b9c424c5-2245-482c-bbfc-175e0cc91e7b']
[2022-11-06 18:45:41,754] logger_util.py->write_log line:61 [INFO] 接口请求成功！
[2022-11-06 18:45:41,754] logger_util.py->write_log line:61 [INFO] -------------接口请求结束-----------

[2022-11-06 18:45:41,764] logger_util.py->write_log line:61 [INFO] -------------接口请求开始-----------
[2022-11-06 18:45:41,765] logger_util.py->write_log line:61 [INFO] 接口名称：新建变量
[2022-11-06 18:45:41,765] logger_util.py->write_log line:61 [INFO] 接口方式：post
[2022-11-06 18:45:41,765] logger_util.py->write_log line:61 [INFO] 接口路径：http://127.0.0.1:18000/api/v1/variable/device/3e6e78a4-5d52-40fe-bf3d-ec61437b0122/group/b92fecb7-1409-4f57-b6a1-465d8f11b6e0/tag
[2022-11-06 18:45:41,765] logger_util.py->write_log line:61 [INFO] 请求头：{'Content-Type': 'application/json;charset=UTF-8', 'X-Project': 'af95670ce7fb4076bb525099bc060234'}
[2022-11-06 18:45:41,765] logger_util.py->write_log line:61 [INFO] 请求参数：[{'name': 'A12', 'type': 3, 'description': '描述', 'address': '400001', 'stringLength': None, 'zoom': 1, 'digit': None, 'rule': 1, 'historyArchive': {'triggerType': 0, 'startTime': None, 'interval': 0, 'intervalUnit': 0, 'relateTags': [], 'isRelateSelf': False}}]
[2022-11-06 18:45:41,765] logger_util.py->write_log line:61 [INFO] 文件上传：None
[2022-11-06 18:45:43,078] logger_util.py->error_log line:65 [INFO] 断言失败:status_code不等于200
[2022-11-06 18:45:43,078] logger_util.py->write_log line:61 [INFO] 接口请求失败！
[2022-11-06 18:45:43,079] logger_util.py->write_log line:61 [INFO] -------------接口请求结束-----------

[2022-11-06 18:45:43,079] logger_util.py->error_log line:65 [INFO] 断言异常：异常信息: Traceback (most recent call last):
  File "E:\Project_python\2TestCMS2.0\common\requests_util.py", line 394, in validate_result
    error_log("断言失败:"+assert_key+"不等于"+str(assert_value))
  File "E:\Project_python\2TestCMS2.0\common\logger_util.py", line 66, in error_log
    raise Exception(log_message)
Exception: 断言失败:status_code不等于200

[2022-11-06 18:45:43,079] logger_util.py->error_log line:65 [INFO] 分析YAML文件异常：异常信息: Traceback (most recent call last):
  File "E:\Project_python\2TestCMS2.0\common\requests_util.py", line 394, in validate_result
    error_log("断言失败:"+assert_key+"不等于"+str(assert_value))
  File "E:\Project_python\2TestCMS2.0\common\logger_util.py", line 66, in error_log
    raise Exception(log_message)
Exception: 断言失败:status_code不等于200

During handling of the above exception, another exception occurred:

Traceback (most recent call last):
  File "E:\Project_python\2TestCMS2.0\common\requests_util.py", line 260, in analysis_yaml
    self.validate_result(yq_result, return_data, status_code)
  File "E:\Project_python\2TestCMS2.0\common\requests_util.py", line 429, in validate_result
    error_log("断言异常：异常信息: %s" % str(traceback.format_exc()))
  File "E:\Project_python\2TestCMS2.0\common\logger_util.py", line 66, in error_log
    raise Exception(log_message)
Exception: 断言异常：异常信息: Traceback (most recent call last):
  File "E:\Project_python\2TestCMS2.0\common\requests_util.py", line 394, in validate_result
    error_log("断言失败:"+assert_key+"不等于"+str(assert_value))
  File "E:\Project_python\2TestCMS2.0\common\logger_util.py", line 66, in error_log
    raise Exception(log_message)
Exception: 断言失败:status_code不等于200


[2022-11-06 18:45:43,111] logger_util.py->write_log line:61 [INFO] -------------接口请求开始-----------
[2022-11-06 18:45:43,111] logger_util.py->write_log line:61 [INFO] 接口名称：新建变量
[2022-11-06 18:45:43,111] logger_util.py->write_log line:61 [INFO] 接口方式：post
[2022-11-06 18:45:43,111] logger_util.py->write_log line:61 [INFO] 接口路径：http://127.0.0.1:18000/api/v1/variable/device/3e6e78a4-5d52-40fe-bf3d-ec61437b0122/group/b92fecb7-1409-4f57-b6a1-465d8f11b6e0/tag
[2022-11-06 18:45:43,111] logger_util.py->write_log line:61 [INFO] 请求头：{'Content-Type': 'application/json;charset=UTF-8', 'X-Project': 'af95670ce7fb4076bb525099bc060234'}
[2022-11-06 18:45:43,111] logger_util.py->write_log line:61 [INFO] 请求参数：[{'name': 'A13', 'type': 3, 'description': '描述', 'address': '400001', 'stringLength': None, 'zoom': 1, 'digit': None, 'rule': 1, 'historyArchive': {'triggerType': 0, 'startTime': None, 'interval': 0, 'intervalUnit': 0, 'relateTags': [], 'isRelateSelf': False}}]
[2022-11-06 18:45:43,111] logger_util.py->write_log line:61 [INFO] 文件上传：None
[2022-11-06 18:45:43,238] logger_util.py->write_log line:61 [INFO] 预期结果：[{'equals': {'status_code': 200}}]
[2022-11-06 18:45:43,238] logger_util.py->write_log line:61 [INFO] 实际结果：['6e4e53cb-d6e7-4c86-8208-9593e0296481']
[2022-11-06 18:45:43,238] logger_util.py->write_log line:61 [INFO] 接口请求成功！
[2022-11-06 18:45:43,238] logger_util.py->write_log line:61 [INFO] -------------接口请求结束-----------

[2022-11-06 18:45:43,249] logger_util.py->write_log line:61 [INFO] -------------接口请求开始-----------
[2022-11-06 18:45:43,249] logger_util.py->write_log line:61 [INFO] 接口名称：新建变量
[2022-11-06 18:45:43,249] logger_util.py->write_log line:61 [INFO] 接口方式：post
[2022-11-06 18:45:43,249] logger_util.py->write_log line:61 [INFO] 接口路径：http://127.0.0.1:18000/api/v1/variable/device/3e6e78a4-5d52-40fe-bf3d-ec61437b0122/group/b92fecb7-1409-4f57-b6a1-465d8f11b6e0/tag
[2022-11-06 18:45:43,249] logger_util.py->write_log line:61 [INFO] 请求头：{'Content-Type': 'application/json;charset=UTF-8', 'X-Project': 'af95670ce7fb4076bb525099bc060234'}
[2022-11-06 18:45:43,249] logger_util.py->write_log line:61 [INFO] 请求参数：[{'name': 'A14', 'type': 3, 'description': '描述', 'address': '400001', 'stringLength': None, 'zoom': 1, 'digit': None, 'rule': 1, 'historyArchive': {'triggerType': 0, 'startTime': None, 'interval': 0, 'intervalUnit': 0, 'relateTags': [], 'isRelateSelf': False}}]
[2022-11-06 18:45:43,250] logger_util.py->write_log line:61 [INFO] 文件上传：None
[2022-11-06 18:45:53,641] logger_util.py->write_log line:61 [INFO] 预期结果：[{'equals': {'status_code': 200}}]
[2022-11-06 18:45:53,641] logger_util.py->write_log line:61 [INFO] 实际结果：['4c5c26ff-baab-41ea-8171-f6379d1b1553']
[2022-11-06 18:45:53,641] logger_util.py->write_log line:61 [INFO] 接口请求成功！
[2022-11-06 18:45:53,641] logger_util.py->write_log line:61 [INFO] -------------接口请求结束-----------

[2022-11-06 18:45:53,652] logger_util.py->write_log line:61 [INFO] -------------接口请求开始-----------
[2022-11-06 18:45:53,652] logger_util.py->write_log line:61 [INFO] 接口名称：新建变量
[2022-11-06 18:45:53,652] logger_util.py->write_log line:61 [INFO] 接口方式：post
[2022-11-06 18:45:53,652] logger_util.py->write_log line:61 [INFO] 接口路径：http://127.0.0.1:18000/api/v1/variable/device/3e6e78a4-5d52-40fe-bf3d-ec61437b0122/group/b92fecb7-1409-4f57-b6a1-465d8f11b6e0/tag
[2022-11-06 18:45:53,652] logger_util.py->write_log line:61 [INFO] 请求头：{'Content-Type': 'application/json;charset=UTF-8', 'X-Project': 'af95670ce7fb4076bb525099bc060234'}
[2022-11-06 18:45:53,653] logger_util.py->write_log line:61 [INFO] 请求参数：[{'name': 'A15', 'type': 3, 'description': '描述', 'address': '400001', 'stringLength': None, 'zoom': 1, 'digit': None, 'rule': 1, 'historyArchive': {'triggerType': 0, 'startTime': None, 'interval': 0, 'intervalUnit': 0, 'relateTags': [], 'isRelateSelf': False}}]
[2022-11-06 18:45:53,653] logger_util.py->write_log line:61 [INFO] 文件上传：None
[2022-11-06 18:45:55,101] logger_util.py->error_log line:65 [INFO] 断言失败:status_code不等于200
[2022-11-06 18:45:55,101] logger_util.py->write_log line:61 [INFO] 接口请求失败！
[2022-11-06 18:45:55,101] logger_util.py->write_log line:61 [INFO] -------------接口请求结束-----------

[2022-11-06 18:45:55,101] logger_util.py->error_log line:65 [INFO] 断言异常：异常信息: Traceback (most recent call last):
  File "E:\Project_python\2TestCMS2.0\common\requests_util.py", line 394, in validate_result
    error_log("断言失败:"+assert_key+"不等于"+str(assert_value))
  File "E:\Project_python\2TestCMS2.0\common\logger_util.py", line 66, in error_log
    raise Exception(log_message)
Exception: 断言失败:status_code不等于200

[2022-11-06 18:45:55,102] logger_util.py->error_log line:65 [INFO] 分析YAML文件异常：异常信息: Traceback (most recent call last):
  File "E:\Project_python\2TestCMS2.0\common\requests_util.py", line 394, in validate_result
    error_log("断言失败:"+assert_key+"不等于"+str(assert_value))
  File "E:\Project_python\2TestCMS2.0\common\logger_util.py", line 66, in error_log
    raise Exception(log_message)
Exception: 断言失败:status_code不等于200

During handling of the above exception, another exception occurred:

Traceback (most recent call last):
  File "E:\Project_python\2TestCMS2.0\common\requests_util.py", line 260, in analysis_yaml
    self.validate_result(yq_result, return_data, status_code)
  File "E:\Project_python\2TestCMS2.0\common\requests_util.py", line 429, in validate_result
    error_log("断言异常：异常信息: %s" % str(traceback.format_exc()))
  File "E:\Project_python\2TestCMS2.0\common\logger_util.py", line 66, in error_log
    raise Exception(log_message)
Exception: 断言异常：异常信息: Traceback (most recent call last):
  File "E:\Project_python\2TestCMS2.0\common\requests_util.py", line 394, in validate_result
    error_log("断言失败:"+assert_key+"不等于"+str(assert_value))
  File "E:\Project_python\2TestCMS2.0\common\logger_util.py", line 66, in error_log
    raise Exception(log_message)
Exception: 断言失败:status_code不等于200


[2022-11-06 18:45:55,137] logger_util.py->write_log line:61 [INFO] -------------接口请求开始-----------
[2022-11-06 18:45:55,137] logger_util.py->write_log line:61 [INFO] 接口名称：新建变量
[2022-11-06 18:45:55,137] logger_util.py->write_log line:61 [INFO] 接口方式：post
[2022-11-06 18:45:55,137] logger_util.py->write_log line:61 [INFO] 接口路径：http://127.0.0.1:18000/api/v1/variable/device/3e6e78a4-5d52-40fe-bf3d-ec61437b0122/group/b92fecb7-1409-4f57-b6a1-465d8f11b6e0/tag
[2022-11-06 18:45:55,138] logger_util.py->write_log line:61 [INFO] 请求头：{'Content-Type': 'application/json;charset=UTF-8', 'X-Project': 'af95670ce7fb4076bb525099bc060234'}
[2022-11-06 18:45:55,138] logger_util.py->write_log line:61 [INFO] 请求参数：[{'name': 'A16', 'type': 3, 'description': '描述', 'address': '400001', 'stringLength': None, 'zoom': 1, 'digit': None, 'rule': 1, 'historyArchive': {'triggerType': 0, 'startTime': None, 'interval': 0, 'intervalUnit': 0, 'relateTags': [], 'isRelateSelf': False}}]
[2022-11-06 18:45:55,138] logger_util.py->write_log line:61 [INFO] 文件上传：None
[2022-11-06 18:45:55,302] logger_util.py->write_log line:61 [INFO] 预期结果：[{'equals': {'status_code': 200}}]
[2022-11-06 18:45:55,302] logger_util.py->write_log line:61 [INFO] 实际结果：['d5eab63d-f57d-458b-996b-f17c2ea1ad34']
[2022-11-06 18:45:55,302] logger_util.py->write_log line:61 [INFO] 接口请求成功！
[2022-11-06 18:45:55,302] logger_util.py->write_log line:61 [INFO] -------------接口请求结束-----------

[2022-11-06 18:45:55,314] logger_util.py->write_log line:61 [INFO] -------------接口请求开始-----------
[2022-11-06 18:45:55,314] logger_util.py->write_log line:61 [INFO] 接口名称：新建变量
[2022-11-06 18:45:55,314] logger_util.py->write_log line:61 [INFO] 接口方式：post
[2022-11-06 18:45:55,314] logger_util.py->write_log line:61 [INFO] 接口路径：http://127.0.0.1:18000/api/v1/variable/device/3e6e78a4-5d52-40fe-bf3d-ec61437b0122/group/b92fecb7-1409-4f57-b6a1-465d8f11b6e0/tag
[2022-11-06 18:45:56,556] logger_util.py->write_log line:61 [INFO] 请求头：{'Content-Type': 'application/json;charset=UTF-8', 'X-Project': 'af95670ce7fb4076bb525099bc060234'}
[2022-11-06 18:45:56,556] logger_util.py->write_log line:61 [INFO] 请求参数：[{'name': 'A17', 'type': 3, 'description': '描述', 'address': '400001', 'stringLength': None, 'zoom': 1, 'digit': None, 'rule': 1, 'historyArchive': {'triggerType': 0, 'startTime': None, 'interval': 0, 'intervalUnit': 0, 'relateTags': [], 'isRelateSelf': False}}]
[2022-11-06 18:45:56,557] logger_util.py->write_log line:61 [INFO] 文件上传：None
[2022-11-06 18:46:05,627] logger_util.py->write_log line:61 [INFO] 预期结果：[{'equals': {'status_code': 200}}]
[2022-11-06 18:46:05,627] logger_util.py->write_log line:61 [INFO] 实际结果：['fd836edd-26bd-4d74-ad0b-5b2efd81bb3e']
[2022-11-06 18:46:05,628] logger_util.py->write_log line:61 [INFO] 接口请求成功！
[2022-11-06 18:46:05,628] logger_util.py->write_log line:61 [INFO] -------------接口请求结束-----------

[2022-11-06 18:46:05,640] logger_util.py->write_log line:61 [INFO] -------------接口请求开始-----------
[2022-11-06 18:46:05,640] logger_util.py->write_log line:61 [INFO] 接口名称：新建变量
[2022-11-06 18:46:05,640] logger_util.py->write_log line:61 [INFO] 接口方式：post
[2022-11-06 18:46:05,640] logger_util.py->write_log line:61 [INFO] 接口路径：http://127.0.0.1:18000/api/v1/variable/device/3e6e78a4-5d52-40fe-bf3d-ec61437b0122/group/b92fecb7-1409-4f57-b6a1-465d8f11b6e0/tag
[2022-11-06 18:46:05,640] logger_util.py->write_log line:61 [INFO] 请求头：{'Content-Type': 'application/json;charset=UTF-8', 'X-Project': 'af95670ce7fb4076bb525099bc060234'}
[2022-11-06 18:46:05,640] logger_util.py->write_log line:61 [INFO] 请求参数：[{'name': 'A18', 'type': 3, 'description': '描述', 'address': '400001', 'stringLength': None, 'zoom': 1, 'digit': None, 'rule': 1, 'historyArchive': {'triggerType': 0, 'startTime': None, 'interval': 0, 'intervalUnit': 0, 'relateTags': [], 'isRelateSelf': False}}]
[2022-11-06 18:46:05,640] logger_util.py->write_log line:61 [INFO] 文件上传：None
[2022-11-06 18:46:06,959] logger_util.py->error_log line:65 [INFO] 断言失败:status_code不等于200
[2022-11-06 18:46:06,959] logger_util.py->write_log line:61 [INFO] 接口请求失败！
[2022-11-06 18:46:06,959] logger_util.py->write_log line:61 [INFO] -------------接口请求结束-----------

[2022-11-06 18:46:06,960] logger_util.py->error_log line:65 [INFO] 断言异常：异常信息: Traceback (most recent call last):
  File "E:\Project_python\2TestCMS2.0\common\requests_util.py", line 394, in validate_result
    error_log("断言失败:"+assert_key+"不等于"+str(assert_value))
  File "E:\Project_python\2TestCMS2.0\common\logger_util.py", line 66, in error_log
    raise Exception(log_message)
Exception: 断言失败:status_code不等于200

[2022-11-06 18:46:06,960] logger_util.py->error_log line:65 [INFO] 分析YAML文件异常：异常信息: Traceback (most recent call last):
  File "E:\Project_python\2TestCMS2.0\common\requests_util.py", line 394, in validate_result
    error_log("断言失败:"+assert_key+"不等于"+str(assert_value))
  File "E:\Project_python\2TestCMS2.0\common\logger_util.py", line 66, in error_log
    raise Exception(log_message)
Exception: 断言失败:status_code不等于200

During handling of the above exception, another exception occurred:

Traceback (most recent call last):
  File "E:\Project_python\2TestCMS2.0\common\requests_util.py", line 260, in analysis_yaml
    self.validate_result(yq_result, return_data, status_code)
  File "E:\Project_python\2TestCMS2.0\common\requests_util.py", line 429, in validate_result
    error_log("断言异常：异常信息: %s" % str(traceback.format_exc()))
  File "E:\Project_python\2TestCMS2.0\common\logger_util.py", line 66, in error_log
    raise Exception(log_message)
Exception: 断言异常：异常信息: Traceback (most recent call last):
  File "E:\Project_python\2TestCMS2.0\common\requests_util.py", line 394, in validate_result
    error_log("断言失败:"+assert_key+"不等于"+str(assert_value))
  File "E:\Project_python\2TestCMS2.0\common\logger_util.py", line 66, in error_log
    raise Exception(log_message)
Exception: 断言失败:status_code不等于200


[2022-11-06 18:46:06,997] logger_util.py->write_log line:61 [INFO] -------------接口请求开始-----------
[2022-11-06 18:46:06,997] logger_util.py->write_log line:61 [INFO] 接口名称：新建变量
[2022-11-06 18:46:06,997] logger_util.py->write_log line:61 [INFO] 接口方式：post
[2022-11-06 18:46:06,997] logger_util.py->write_log line:61 [INFO] 接口路径：http://127.0.0.1:18000/api/v1/variable/device/3e6e78a4-5d52-40fe-bf3d-ec61437b0122/group/b92fecb7-1409-4f57-b6a1-465d8f11b6e0/tag
[2022-11-06 18:46:06,997] logger_util.py->write_log line:61 [INFO] 请求头：{'Content-Type': 'application/json;charset=UTF-8', 'X-Project': 'af95670ce7fb4076bb525099bc060234'}
[2022-11-06 18:46:06,997] logger_util.py->write_log line:61 [INFO] 请求参数：[{'name': 'A19', 'type': 3, 'description': '描述', 'address': '400001', 'stringLength': None, 'zoom': 1, 'digit': None, 'rule': 1, 'historyArchive': {'triggerType': 0, 'startTime': None, 'interval': 0, 'intervalUnit': 0, 'relateTags': [], 'isRelateSelf': False}}]
[2022-11-06 18:46:06,997] logger_util.py->write_log line:61 [INFO] 文件上传：None
[2022-11-06 18:46:07,125] logger_util.py->write_log line:61 [INFO] 预期结果：[{'equals': {'status_code': 200}}]
[2022-11-06 18:46:07,125] logger_util.py->write_log line:61 [INFO] 实际结果：['9cc8133b-9450-45fd-84fa-32249a602475']
[2022-11-06 18:46:07,125] logger_util.py->write_log line:61 [INFO] 接口请求成功！
[2022-11-06 18:46:07,125] logger_util.py->write_log line:61 [INFO] -------------接口请求结束-----------

[2022-11-06 18:46:07,137] logger_util.py->write_log line:61 [INFO] -------------接口请求开始-----------
[2022-11-06 18:46:07,137] logger_util.py->write_log line:61 [INFO] 接口名称：新建变量
[2022-11-06 18:46:07,137] logger_util.py->write_log line:61 [INFO] 接口方式：post
[2022-11-06 18:46:07,137] logger_util.py->write_log line:61 [INFO] 接口路径：http://127.0.0.1:18000/api/v1/variable/device/3e6e78a4-5d52-40fe-bf3d-ec61437b0122/group/b92fecb7-1409-4f57-b6a1-465d8f11b6e0/tag
[2022-11-06 18:46:07,137] logger_util.py->write_log line:61 [INFO] 请求头：{'Content-Type': 'application/json;charset=UTF-8', 'X-Project': 'af95670ce7fb4076bb525099bc060234'}
[2022-11-06 18:46:07,137] logger_util.py->write_log line:61 [INFO] 请求参数：[{'name': 'A20', 'type': 3, 'description': '描述', 'address': '400001', 'stringLength': None, 'zoom': 1, 'digit': None, 'rule': 1, 'historyArchive': {'triggerType': 0, 'startTime': None, 'interval': 0, 'intervalUnit': 0, 'relateTags': [], 'isRelateSelf': False}}]
[2022-11-06 18:46:07,137] logger_util.py->write_log line:61 [INFO] 文件上传：None
[2022-11-06 18:46:08,533] logger_util.py->error_log line:65 [INFO] 断言失败:status_code不等于200
[2022-11-06 18:46:08,534] logger_util.py->write_log line:61 [INFO] 接口请求失败！
[2022-11-06 18:46:08,534] logger_util.py->write_log line:61 [INFO] -------------接口请求结束-----------

[2022-11-06 18:46:08,534] logger_util.py->error_log line:65 [INFO] 断言异常：异常信息: Traceback (most recent call last):
  File "E:\Project_python\2TestCMS2.0\common\requests_util.py", line 394, in validate_result
    error_log("断言失败:"+assert_key+"不等于"+str(assert_value))
  File "E:\Project_python\2TestCMS2.0\common\logger_util.py", line 66, in error_log
    raise Exception(log_message)
Exception: 断言失败:status_code不等于200

[2022-11-06 18:46:08,534] logger_util.py->error_log line:65 [INFO] 分析YAML文件异常：异常信息: Traceback (most recent call last):
  File "E:\Project_python\2TestCMS2.0\common\requests_util.py", line 394, in validate_result
    error_log("断言失败:"+assert_key+"不等于"+str(assert_value))
  File "E:\Project_python\2TestCMS2.0\common\logger_util.py", line 66, in error_log
    raise Exception(log_message)
Exception: 断言失败:status_code不等于200

During handling of the above exception, another exception occurred:

Traceback (most recent call last):
  File "E:\Project_python\2TestCMS2.0\common\requests_util.py", line 260, in analysis_yaml
    self.validate_result(yq_result, return_data, status_code)
  File "E:\Project_python\2TestCMS2.0\common\requests_util.py", line 429, in validate_result
    error_log("断言异常：异常信息: %s" % str(traceback.format_exc()))
  File "E:\Project_python\2TestCMS2.0\common\logger_util.py", line 66, in error_log
    raise Exception(log_message)
Exception: 断言异常：异常信息: Traceback (most recent call last):
  File "E:\Project_python\2TestCMS2.0\common\requests_util.py", line 394, in validate_result
    error_log("断言失败:"+assert_key+"不等于"+str(assert_value))
  File "E:\Project_python\2TestCMS2.0\common\logger_util.py", line 66, in error_log
    raise Exception(log_message)
Exception: 断言失败:status_code不等于200


[2022-11-06 18:46:08,570] logger_util.py->write_log line:61 [INFO] -------------接口请求开始-----------
[2022-11-06 18:46:08,570] logger_util.py->write_log line:61 [INFO] 接口名称：新建变量
[2022-11-06 18:46:08,571] logger_util.py->write_log line:61 [INFO] 接口方式：post
[2022-11-06 18:46:08,571] logger_util.py->write_log line:61 [INFO] 接口路径：http://127.0.0.1:18000/api/v1/variable/device/3e6e78a4-5d52-40fe-bf3d-ec61437b0122/group/b92fecb7-1409-4f57-b6a1-465d8f11b6e0/tag
[2022-11-06 18:46:08,571] logger_util.py->write_log line:61 [INFO] 请求头：{'Content-Type': 'application/json;charset=UTF-8', 'X-Project': 'af95670ce7fb4076bb525099bc060234'}
[2022-11-06 18:46:08,571] logger_util.py->write_log line:61 [INFO] 请求参数：[{'name': 'A21', 'type': 3, 'description': '描述', 'address': '400001', 'stringLength': None, 'zoom': 1, 'digit': None, 'rule': 1, 'historyArchive': {'triggerType': 0, 'startTime': None, 'interval': 0, 'intervalUnit': 0, 'relateTags': [], 'isRelateSelf': False}}]
[2022-11-06 18:46:08,571] logger_util.py->write_log line:61 [INFO] 文件上传：None
[2022-11-06 18:46:08,726] logger_util.py->write_log line:61 [INFO] 预期结果：[{'equals': {'status_code': 200}}]
[2022-11-06 18:46:08,726] logger_util.py->write_log line:61 [INFO] 实际结果：['d9d61907-9a94-4d80-be9f-e9067c36232e']
[2022-11-06 18:46:08,726] logger_util.py->write_log line:61 [INFO] 接口请求成功！
[2022-11-06 18:46:08,726] logger_util.py->write_log line:61 [INFO] -------------接口请求结束-----------

[2022-11-06 18:46:08,736] logger_util.py->write_log line:61 [INFO] -------------接口请求开始-----------
[2022-11-06 18:46:08,737] logger_util.py->write_log line:61 [INFO] 接口名称：新建变量
[2022-11-06 18:46:08,737] logger_util.py->write_log line:61 [INFO] 接口方式：post
[2022-11-06 18:46:08,737] logger_util.py->write_log line:61 [INFO] 接口路径：http://127.0.0.1:18000/api/v1/variable/device/3e6e78a4-5d52-40fe-bf3d-ec61437b0122/group/b92fecb7-1409-4f57-b6a1-465d8f11b6e0/tag
[2022-11-06 18:46:08,751] logger_util.py->write_log line:61 [INFO] 请求头：{'Content-Type': 'application/json;charset=UTF-8', 'X-Project': 'af95670ce7fb4076bb525099bc060234'}
[2022-11-06 18:46:08,751] logger_util.py->write_log line:61 [INFO] 请求参数：[{'name': 'A22', 'type': 3, 'description': '描述', 'address': '400001', 'stringLength': None, 'zoom': 1, 'digit': None, 'rule': 1, 'historyArchive': {'triggerType': 0, 'startTime': None, 'interval': 0, 'intervalUnit': 0, 'relateTags': [], 'isRelateSelf': False}}]
[2022-11-06 18:46:08,751] logger_util.py->write_log line:61 [INFO] 文件上传：None
