[2022-09-16 18:16:29,474] logger_util.py->write_log line:61 [INFO] -------------接口请求开始-----------
[2022-09-16 18:16:29,474] logger_util.py->write_log line:61 [INFO] 接口名称：新建工程1
[2022-09-16 18:16:29,474] logger_util.py->write_log line:61 [INFO] 接口方式：post
[2022-09-16 18:16:29,474] logger_util.py->write_log line:61 [INFO] 接口路径：http://127.0.0.1:18000/api/v1/project/node
[2022-09-16 18:16:29,474] logger_util.py->write_log line:61 [INFO] 请求头：{'Content-Type': 'application/json;charset=UTF-8'}
[2022-09-16 18:16:29,474] logger_util.py->write_log line:61 [INFO] 请求参数：{'name': '工程12252', 'path': 'E:\\APP\\CMS201', 'type': 1, 'parentId': 0}
[2022-09-16 18:16:29,474] logger_util.py->write_log line:61 [INFO] 文件上传：None
[2022-09-16 18:16:30,739] logger_util.py->write_log line:61 [INFO] 预期结果：[{'equals': {'status_code': 200}}]
[2022-09-16 18:16:30,739] logger_util.py->write_log line:61 [INFO] 实际结果：530
[2022-09-16 18:16:30,739] logger_util.py->write_log line:61 [INFO] 接口请求成功！
[2022-09-16 18:16:30,739] logger_util.py->write_log line:61 [INFO] -------------接口请求结束-----------

[2022-09-16 18:16:30,755] logger_util.py->write_log line:61 [INFO] -------------接口请求开始-----------
[2022-09-16 18:16:30,755] logger_util.py->write_log line:61 [INFO] 接口名称：新建工程2
[2022-09-16 18:16:30,755] logger_util.py->write_log line:61 [INFO] 接口方式：post
[2022-09-16 18:16:30,755] logger_util.py->write_log line:61 [INFO] 接口路径：http://127.0.0.1:18000/api/v1/project/node
[2022-09-16 18:16:30,755] logger_util.py->write_log line:61 [INFO] 请求头：{'Content-Type': 'application/json;charset=UTF-8'}
[2022-09-16 18:16:30,755] logger_util.py->write_log line:61 [INFO] 请求参数：{'name': '工程26217', 'path': 'E:\\APP\\CMS201', 'type': 1, 'parentId': 0}
[2022-09-16 18:16:30,755] logger_util.py->write_log line:61 [INFO] 文件上传：None
[2022-09-16 18:16:31,975] logger_util.py->write_log line:61 [INFO] 预期结果：[{'equals': {'status_code': 200}}]
[2022-09-16 18:16:31,975] logger_util.py->write_log line:61 [INFO] 实际结果：531
[2022-09-16 18:16:31,975] logger_util.py->write_log line:61 [INFO] 接口请求成功！
[2022-09-16 18:16:31,975] logger_util.py->write_log line:61 [INFO] -------------接口请求结束-----------

[2022-09-16 18:16:31,975] logger_util.py->write_log line:61 [INFO] -------------接口请求开始-----------
[2022-09-16 18:16:31,975] logger_util.py->write_log line:61 [INFO] 接口名称：新建工程3
[2022-09-16 18:16:31,975] logger_util.py->write_log line:61 [INFO] 接口方式：post
[2022-09-16 18:16:31,975] logger_util.py->write_log line:61 [INFO] 接口路径：http://127.0.0.1:18000/api/v1/project/node
[2022-09-16 18:16:31,975] logger_util.py->write_log line:61 [INFO] 请求头：{'Content-Type': 'application/json;charset=UTF-8'}
[2022-09-16 18:16:31,975] logger_util.py->write_log line:61 [INFO] 请求参数：{'name': '工程37163', 'path': 'E:\\APP\\CMS201', 'type': 1, 'parentId': 0}
[2022-09-16 18:16:31,975] logger_util.py->write_log line:61 [INFO] 文件上传：None
[2022-09-16 18:16:33,211] logger_util.py->write_log line:61 [INFO] 预期结果：[{'equals': {'status_code': 200}}]
[2022-09-16 18:16:33,211] logger_util.py->write_log line:61 [INFO] 实际结果：532
[2022-09-16 18:16:33,211] logger_util.py->write_log line:61 [INFO] 接口请求成功！
[2022-09-16 18:16:33,211] logger_util.py->write_log line:61 [INFO] -------------接口请求结束-----------

[2022-09-16 18:16:33,211] logger_util.py->write_log line:61 [INFO] -------------接口请求开始-----------
[2022-09-16 18:16:33,211] logger_util.py->write_log line:61 [INFO] 接口名称：新建工程4
[2022-09-16 18:16:33,211] logger_util.py->write_log line:61 [INFO] 接口方式：post
[2022-09-16 18:16:33,211] logger_util.py->write_log line:61 [INFO] 接口路径：http://127.0.0.1:18000/api/v1/project/node
[2022-09-16 18:16:33,211] logger_util.py->write_log line:61 [INFO] 请求头：{'Content-Type': 'application/json;charset=UTF-8'}
[2022-09-16 18:16:33,211] logger_util.py->write_log line:61 [INFO] 请求参数：{'name': '工程49305', 'path': 'E:\\APP\\CMS201', 'type': 1, 'parentId': 0}
[2022-09-16 18:16:33,211] logger_util.py->write_log line:61 [INFO] 文件上传：None
[2022-09-16 18:16:34,380] logger_util.py->write_log line:61 [INFO] 预期结果：[{'equals': {'status_code': 200}}]
[2022-09-16 18:16:34,380] logger_util.py->write_log line:61 [INFO] 实际结果：533
[2022-09-16 18:16:34,380] logger_util.py->write_log line:61 [INFO] 接口请求成功！
[2022-09-16 18:16:34,380] logger_util.py->write_log line:61 [INFO] -------------接口请求结束-----------

[2022-09-16 18:16:34,396] logger_util.py->write_log line:61 [INFO] -------------接口请求开始-----------
[2022-09-16 18:16:34,396] logger_util.py->write_log line:61 [INFO] 接口名称：新建工程5
[2022-09-16 18:16:34,396] logger_util.py->write_log line:61 [INFO] 接口方式：post
[2022-09-16 18:16:34,396] logger_util.py->write_log line:61 [INFO] 接口路径：http://127.0.0.1:18000/api/v1/project/node
[2022-09-16 18:16:34,396] logger_util.py->write_log line:61 [INFO] 请求头：{'Content-Type': 'application/json;charset=UTF-8'}
[2022-09-16 18:16:34,396] logger_util.py->write_log line:61 [INFO] 请求参数：{'name': '工程51757', 'path': 'E:\\APP\\CMS201', 'type': 1, 'parentId': 0}
[2022-09-16 18:16:34,396] logger_util.py->write_log line:61 [INFO] 文件上传：None
[2022-09-16 18:16:35,567] logger_util.py->write_log line:61 [INFO] 预期结果：[{'equals': {'status_code': 200}}]
[2022-09-16 18:16:35,567] logger_util.py->write_log line:61 [INFO] 实际结果：534
[2022-09-16 18:16:35,567] logger_util.py->write_log line:61 [INFO] 接口请求成功！
[2022-09-16 18:16:35,567] logger_util.py->write_log line:61 [INFO] -------------接口请求结束-----------

[2022-09-16 18:16:35,567] logger_util.py->write_log line:61 [INFO] -------------接口请求开始-----------
[2022-09-16 18:16:35,567] logger_util.py->write_log line:61 [INFO] 接口名称：新建工程6
[2022-09-16 18:16:35,567] logger_util.py->write_log line:61 [INFO] 接口方式：post
[2022-09-16 18:16:35,567] logger_util.py->write_log line:61 [INFO] 接口路径：http://127.0.0.1:18000/api/v1/project/node
[2022-09-16 18:16:35,567] logger_util.py->write_log line:61 [INFO] 请求头：{'Content-Type': 'application/json;charset=UTF-8'}
[2022-09-16 18:16:35,567] logger_util.py->write_log line:61 [INFO] 请求参数：{'name': '工程65709', 'path': 'E:\\APP\\CMS201', 'type': 1, 'parentId': 0}
[2022-09-16 18:16:35,567] logger_util.py->write_log line:61 [INFO] 文件上传：None
[2022-09-16 18:16:36,756] logger_util.py->write_log line:61 [INFO] 预期结果：[{'equals': {'status_code': 200}}]
[2022-09-16 18:16:36,756] logger_util.py->write_log line:61 [INFO] 实际结果：535
[2022-09-16 18:16:36,756] logger_util.py->write_log line:61 [INFO] 接口请求成功！
[2022-09-16 18:16:36,756] logger_util.py->write_log line:61 [INFO] -------------接口请求结束-----------

[2022-09-16 18:16:36,772] logger_util.py->write_log line:61 [INFO] -------------接口请求开始-----------
[2022-09-16 18:16:36,772] logger_util.py->write_log line:61 [INFO] 接口名称：新建工程7
[2022-09-16 18:16:36,772] logger_util.py->write_log line:61 [INFO] 接口方式：post
[2022-09-16 18:16:36,772] logger_util.py->write_log line:61 [INFO] 接口路径：http://127.0.0.1:18000/api/v1/project/node
[2022-09-16 18:16:36,772] logger_util.py->write_log line:61 [INFO] 请求头：{'Content-Type': 'application/json;charset=UTF-8'}
[2022-09-16 18:16:36,772] logger_util.py->write_log line:61 [INFO] 请求参数：{'name': '工程77636', 'path': 'E:\\APP\\CMS201', 'type': 1, 'parentId': 0}
[2022-09-16 18:16:36,772] logger_util.py->write_log line:61 [INFO] 文件上传：None
[2022-09-16 18:16:37,959] logger_util.py->write_log line:61 [INFO] 预期结果：[{'equals': {'status_code': 200}}]
[2022-09-16 18:16:37,959] logger_util.py->write_log line:61 [INFO] 实际结果：536
[2022-09-16 18:16:37,959] logger_util.py->write_log line:61 [INFO] 接口请求成功！
[2022-09-16 18:16:37,959] logger_util.py->write_log line:61 [INFO] -------------接口请求结束-----------

[2022-09-16 18:16:37,959] logger_util.py->write_log line:61 [INFO] -------------接口请求开始-----------
[2022-09-16 18:16:37,959] logger_util.py->write_log line:61 [INFO] 接口名称：新建工程8
[2022-09-16 18:16:37,959] logger_util.py->write_log line:61 [INFO] 接口方式：post
[2022-09-16 18:16:37,959] logger_util.py->write_log line:61 [INFO] 接口路径：http://127.0.0.1:18000/api/v1/project/node
[2022-09-16 18:16:37,959] logger_util.py->write_log line:61 [INFO] 请求头：{'Content-Type': 'application/json;charset=UTF-8'}
[2022-09-16 18:16:37,959] logger_util.py->write_log line:61 [INFO] 请求参数：{'name': '工程85952', 'path': 'E:\\APP\\CMS201', 'type': 1, 'parentId': 0}
[2022-09-16 18:16:37,959] logger_util.py->write_log line:61 [INFO] 文件上传：None
[2022-09-16 18:16:38,996] logger_util.py->write_log line:61 [INFO] 预期结果：[{'equals': {'status_code': 200}}]
[2022-09-16 18:16:38,996] logger_util.py->write_log line:61 [INFO] 实际结果：537
[2022-09-16 18:16:38,996] logger_util.py->write_log line:61 [INFO] 接口请求成功！
[2022-09-16 18:16:38,996] logger_util.py->write_log line:61 [INFO] -------------接口请求结束-----------

[2022-09-16 18:16:38,996] logger_util.py->write_log line:61 [INFO] -------------接口请求开始-----------
[2022-09-16 18:16:38,996] logger_util.py->write_log line:61 [INFO] 接口名称：新建工程9
[2022-09-16 18:16:38,996] logger_util.py->write_log line:61 [INFO] 接口方式：post
[2022-09-16 18:16:38,996] logger_util.py->write_log line:61 [INFO] 接口路径：http://127.0.0.1:18000/api/v1/project/node
[2022-09-16 18:16:38,996] logger_util.py->write_log line:61 [INFO] 请求头：{'Content-Type': 'application/json;charset=UTF-8'}
[2022-09-16 18:16:38,996] logger_util.py->write_log line:61 [INFO] 请求参数：{'name': '工程97609', 'path': 'E:\\APP\\CMS201', 'type': 1, 'parentId': 0}
[2022-09-16 18:16:38,996] logger_util.py->write_log line:61 [INFO] 文件上传：None
[2022-09-16 18:16:40,214] logger_util.py->write_log line:61 [INFO] 预期结果：[{'equals': {'status_code': 200}}]
[2022-09-16 18:16:40,214] logger_util.py->write_log line:61 [INFO] 实际结果：538
[2022-09-16 18:16:40,214] logger_util.py->write_log line:61 [INFO] 接口请求成功！
[2022-09-16 18:16:40,214] logger_util.py->write_log line:61 [INFO] -------------接口请求结束-----------

[2022-09-16 18:16:40,214] logger_util.py->write_log line:61 [INFO] -------------接口请求开始-----------
[2022-09-16 18:16:40,214] logger_util.py->write_log line:61 [INFO] 接口名称：新建工程10
[2022-09-16 18:16:40,214] logger_util.py->write_log line:61 [INFO] 接口方式：post
[2022-09-16 18:16:40,214] logger_util.py->write_log line:61 [INFO] 接口路径：http://127.0.0.1:18000/api/v1/project/node
[2022-09-16 18:16:40,214] logger_util.py->write_log line:61 [INFO] 请求头：{'Content-Type': 'application/json;charset=UTF-8'}
[2022-09-16 18:16:40,214] logger_util.py->write_log line:61 [INFO] 请求参数：{'name': '工程104201', 'path': 'E:\\APP\\CMS201', 'type': 1, 'parentId': 0}
[2022-09-16 18:16:40,214] logger_util.py->write_log line:61 [INFO] 文件上传：None
[2022-09-16 18:16:41,444] logger_util.py->write_log line:61 [INFO] 预期结果：[{'equals': {'status_code': 200}}]
[2022-09-16 18:16:41,444] logger_util.py->write_log line:61 [INFO] 实际结果：539
[2022-09-16 18:16:41,444] logger_util.py->write_log line:61 [INFO] 接口请求成功！
[2022-09-16 18:16:41,459] logger_util.py->write_log line:61 [INFO] -------------接口请求结束-----------

[2022-09-16 18:16:41,459] logger_util.py->write_log line:61 [INFO] -------------接口请求开始-----------
[2022-09-16 18:16:41,459] logger_util.py->write_log line:61 [INFO] 接口名称：新建工程11
[2022-09-16 18:16:41,459] logger_util.py->write_log line:61 [INFO] 接口方式：post
[2022-09-16 18:16:41,459] logger_util.py->write_log line:61 [INFO] 接口路径：http://127.0.0.1:18000/api/v1/project/node
[2022-09-16 18:16:41,459] logger_util.py->write_log line:61 [INFO] 请求头：{'Content-Type': 'application/json;charset=UTF-8'}
[2022-09-16 18:16:41,459] logger_util.py->write_log line:61 [INFO] 请求参数：{'name': '工程117622', 'path': 'E:\\APP\\CMS201', 'type': 1, 'parentId': 0}
[2022-09-16 18:16:41,459] logger_util.py->write_log line:61 [INFO] 文件上传：None
[2022-09-16 18:16:42,701] logger_util.py->write_log line:61 [INFO] 预期结果：[{'equals': {'status_code': 200}}]
[2022-09-16 18:16:42,701] logger_util.py->write_log line:61 [INFO] 实际结果：540
[2022-09-16 18:16:42,701] logger_util.py->write_log line:61 [INFO] 接口请求成功！
[2022-09-16 18:16:42,701] logger_util.py->write_log line:61 [INFO] -------------接口请求结束-----------

[2022-09-16 18:16:42,701] logger_util.py->write_log line:61 [INFO] -------------接口请求开始-----------
[2022-09-16 18:16:42,701] logger_util.py->write_log line:61 [INFO] 接口名称：新建工程12
[2022-09-16 18:16:42,701] logger_util.py->write_log line:61 [INFO] 接口方式：post
[2022-09-16 18:16:42,701] logger_util.py->write_log line:61 [INFO] 接口路径：http://127.0.0.1:18000/api/v1/project/node
[2022-09-16 18:16:42,701] logger_util.py->write_log line:61 [INFO] 请求头：{'Content-Type': 'application/json;charset=UTF-8'}
[2022-09-16 18:16:42,701] logger_util.py->write_log line:61 [INFO] 请求参数：{'name': '工程126979', 'path': 'E:\\APP\\CMS201', 'type': 1, 'parentId': 0}
[2022-09-16 18:16:42,701] logger_util.py->write_log line:61 [INFO] 文件上传：None
[2022-09-16 18:16:43,873] logger_util.py->write_log line:61 [INFO] 预期结果：[{'equals': {'status_code': 200}}]
[2022-09-16 18:16:43,873] logger_util.py->write_log line:61 [INFO] 实际结果：541
[2022-09-16 18:16:43,873] logger_util.py->write_log line:61 [INFO] 接口请求成功！
[2022-09-16 18:16:43,873] logger_util.py->write_log line:61 [INFO] -------------接口请求结束-----------

[2022-09-16 18:16:43,888] logger_util.py->write_log line:61 [INFO] -------------接口请求开始-----------
[2022-09-16 18:16:43,888] logger_util.py->write_log line:61 [INFO] 接口名称：新建工程13
[2022-09-16 18:16:43,888] logger_util.py->write_log line:61 [INFO] 接口方式：post
[2022-09-16 18:16:43,888] logger_util.py->write_log line:61 [INFO] 接口路径：http://127.0.0.1:18000/api/v1/project/node
[2022-09-16 18:16:43,888] logger_util.py->write_log line:61 [INFO] 请求头：{'Content-Type': 'application/json;charset=UTF-8'}
[2022-09-16 18:16:43,888] logger_util.py->write_log line:61 [INFO] 请求参数：{'name': '工程133197', 'path': 'E:\\APP\\CMS201', 'type': 1, 'parentId': 0}
[2022-09-16 18:16:43,888] logger_util.py->write_log line:61 [INFO] 文件上传：None
[2022-09-16 18:16:44,966] logger_util.py->write_log line:61 [INFO] 预期结果：[{'equals': {'status_code': 200}}]
[2022-09-16 18:16:44,966] logger_util.py->write_log line:61 [INFO] 实际结果：542
[2022-09-16 18:16:44,966] logger_util.py->write_log line:61 [INFO] 接口请求成功！
[2022-09-16 18:16:44,966] logger_util.py->write_log line:61 [INFO] -------------接口请求结束-----------

[2022-09-16 18:16:44,982] logger_util.py->write_log line:61 [INFO] -------------接口请求开始-----------
[2022-09-16 18:16:44,982] logger_util.py->write_log line:61 [INFO] 接口名称：新建工程14
[2022-09-16 18:16:44,982] logger_util.py->write_log line:61 [INFO] 接口方式：post
[2022-09-16 18:16:44,982] logger_util.py->write_log line:61 [INFO] 接口路径：http://127.0.0.1:18000/api/v1/project/node
[2022-09-16 18:16:44,982] logger_util.py->write_log line:61 [INFO] 请求头：{'Content-Type': 'application/json;charset=UTF-8'}
[2022-09-16 18:16:44,982] logger_util.py->write_log line:61 [INFO] 请求参数：{'name': '工程143024', 'path': 'E:\\APP\\CMS201', 'type': 1, 'parentId': 0}
[2022-09-16 18:16:44,982] logger_util.py->write_log line:61 [INFO] 文件上传：None
[2022-09-16 18:16:46,029] logger_util.py->write_log line:61 [INFO] 预期结果：[{'equals': {'status_code': 200}}]
[2022-09-16 18:16:46,029] logger_util.py->write_log line:61 [INFO] 实际结果：543
[2022-09-16 18:16:46,029] logger_util.py->write_log line:61 [INFO] 接口请求成功！
[2022-09-16 18:16:46,029] logger_util.py->write_log line:61 [INFO] -------------接口请求结束-----------

[2022-09-16 18:16:46,044] logger_util.py->write_log line:61 [INFO] -------------接口请求开始-----------
[2022-09-16 18:16:46,044] logger_util.py->write_log line:61 [INFO] 接口名称：新建工程15
[2022-09-16 18:16:46,044] logger_util.py->write_log line:61 [INFO] 接口方式：post
[2022-09-16 18:16:46,044] logger_util.py->write_log line:61 [INFO] 接口路径：http://127.0.0.1:18000/api/v1/project/node
[2022-09-16 18:16:46,044] logger_util.py->write_log line:61 [INFO] 请求头：{'Content-Type': 'application/json;charset=UTF-8'}
[2022-09-16 18:16:46,044] logger_util.py->write_log line:61 [INFO] 请求参数：{'name': '工程159178', 'path': 'E:\\APP\\CMS201', 'type': 1, 'parentId': 0}
[2022-09-16 18:16:46,044] logger_util.py->write_log line:61 [INFO] 文件上传：None
[2022-09-16 18:16:47,210] logger_util.py->write_log line:61 [INFO] 预期结果：[{'equals': {'status_code': 200}}]
[2022-09-16 18:16:47,210] logger_util.py->write_log line:61 [INFO] 实际结果：544
[2022-09-16 18:16:47,210] logger_util.py->write_log line:61 [INFO] 接口请求成功！
[2022-09-16 18:16:47,210] logger_util.py->write_log line:61 [INFO] -------------接口请求结束-----------

[2022-09-16 18:16:47,210] logger_util.py->write_log line:61 [INFO] -------------接口请求开始-----------
[2022-09-16 18:16:47,210] logger_util.py->write_log line:61 [INFO] 接口名称：新建工程16
[2022-09-16 18:16:47,210] logger_util.py->write_log line:61 [INFO] 接口方式：post
[2022-09-16 18:16:47,210] logger_util.py->write_log line:61 [INFO] 接口路径：http://127.0.0.1:18000/api/v1/project/node
[2022-09-16 18:16:47,210] logger_util.py->write_log line:61 [INFO] 请求头：{'Content-Type': 'application/json;charset=UTF-8'}
[2022-09-16 18:16:47,210] logger_util.py->write_log line:61 [INFO] 请求参数：{'name': '工程167564', 'path': 'E:\\APP\\CMS201', 'type': 1, 'parentId': 0}
[2022-09-16 18:16:47,210] logger_util.py->write_log line:61 [INFO] 文件上传：None
[2022-09-16 18:16:49,944] logger_util.py->write_log line:61 [INFO] 预期结果：[{'equals': {'status_code': 200}}]
[2022-09-16 18:16:49,944] logger_util.py->write_log line:61 [INFO] 实际结果：545
[2022-09-16 18:16:49,944] logger_util.py->write_log line:61 [INFO] 接口请求成功！
[2022-09-16 18:16:49,944] logger_util.py->write_log line:61 [INFO] -------------接口请求结束-----------

[2022-09-16 18:16:49,944] logger_util.py->write_log line:61 [INFO] -------------接口请求开始-----------
[2022-09-16 18:16:49,944] logger_util.py->write_log line:61 [INFO] 接口名称：新建工程17
[2022-09-16 18:16:49,944] logger_util.py->write_log line:61 [INFO] 接口方式：post
[2022-09-16 18:16:49,944] logger_util.py->write_log line:61 [INFO] 接口路径：http://127.0.0.1:18000/api/v1/project/node
[2022-09-16 18:16:49,944] logger_util.py->write_log line:61 [INFO] 请求头：{'Content-Type': 'application/json;charset=UTF-8'}
[2022-09-16 18:16:49,944] logger_util.py->write_log line:61 [INFO] 请求参数：{'name': '工程176497', 'path': 'E:\\APP\\CMS201', 'type': 1, 'parentId': 0}
[2022-09-16 18:16:49,944] logger_util.py->write_log line:61 [INFO] 文件上传：None
[2022-09-16 18:16:52,381] logger_util.py->write_log line:61 [INFO] 预期结果：[{'equals': {'status_code': 200}}]
[2022-09-16 18:16:52,381] logger_util.py->write_log line:61 [INFO] 实际结果：546
[2022-09-16 18:16:52,381] logger_util.py->write_log line:61 [INFO] 接口请求成功！
[2022-09-16 18:16:52,381] logger_util.py->write_log line:61 [INFO] -------------接口请求结束-----------

[2022-09-16 18:16:52,397] logger_util.py->write_log line:61 [INFO] -------------接口请求开始-----------
[2022-09-16 18:16:52,397] logger_util.py->write_log line:61 [INFO] 接口名称：新建工程18
[2022-09-16 18:16:52,397] logger_util.py->write_log line:61 [INFO] 接口方式：post
[2022-09-16 18:16:52,397] logger_util.py->write_log line:61 [INFO] 接口路径：http://127.0.0.1:18000/api/v1/project/node
[2022-09-16 18:16:52,397] logger_util.py->write_log line:61 [INFO] 请求头：{'Content-Type': 'application/json;charset=UTF-8'}
[2022-09-16 18:16:52,397] logger_util.py->write_log line:61 [INFO] 请求参数：{'name': '工程181748', 'path': 'E:\\APP\\CMS201', 'type': 1, 'parentId': 0}
[2022-09-16 18:16:52,397] logger_util.py->write_log line:61 [INFO] 文件上传：None
[2022-09-16 18:16:54,901] logger_util.py->write_log line:61 [INFO] 预期结果：[{'equals': {'status_code': 200}}]
[2022-09-16 18:16:54,901] logger_util.py->write_log line:61 [INFO] 实际结果：547
[2022-09-16 18:16:54,901] logger_util.py->write_log line:61 [INFO] 接口请求成功！
[2022-09-16 18:16:54,901] logger_util.py->write_log line:61 [INFO] -------------接口请求结束-----------

[2022-09-16 18:16:54,909] logger_util.py->write_log line:61 [INFO] -------------接口请求开始-----------
[2022-09-16 18:16:54,909] logger_util.py->write_log line:61 [INFO] 接口名称：新建工程19
[2022-09-16 18:16:54,909] logger_util.py->write_log line:61 [INFO] 接口方式：post
[2022-09-16 18:16:54,909] logger_util.py->write_log line:61 [INFO] 接口路径：http://127.0.0.1:18000/api/v1/project/node
[2022-09-16 18:16:54,909] logger_util.py->write_log line:61 [INFO] 请求头：{'Content-Type': 'application/json;charset=UTF-8'}
[2022-09-16 18:16:54,910] logger_util.py->write_log line:61 [INFO] 请求参数：{'name': '工程197214', 'path': 'E:\\APP\\CMS201', 'type': 1, 'parentId': 0}
[2022-09-16 18:16:54,910] logger_util.py->write_log line:61 [INFO] 文件上传：None
[2022-09-16 18:16:57,414] logger_util.py->write_log line:61 [INFO] 预期结果：[{'equals': {'status_code': 200}}]
[2022-09-16 18:16:57,414] logger_util.py->write_log line:61 [INFO] 实际结果：548
[2022-09-16 18:16:57,414] logger_util.py->write_log line:61 [INFO] 接口请求成功！
[2022-09-16 18:16:57,414] logger_util.py->write_log line:61 [INFO] -------------接口请求结束-----------

[2022-09-16 18:16:57,429] logger_util.py->write_log line:61 [INFO] -------------接口请求开始-----------
[2022-09-16 18:16:57,429] logger_util.py->write_log line:61 [INFO] 接口名称：新建工程20
[2022-09-16 18:16:57,429] logger_util.py->write_log line:61 [INFO] 接口方式：post
[2022-09-16 18:16:57,429] logger_util.py->write_log line:61 [INFO] 接口路径：http://127.0.0.1:18000/api/v1/project/node
[2022-09-16 18:16:57,429] logger_util.py->write_log line:61 [INFO] 请求头：{'Content-Type': 'application/json;charset=UTF-8'}
[2022-09-16 18:16:57,429] logger_util.py->write_log line:61 [INFO] 请求参数：{'name': '工程204699', 'path': 'E:\\APP\\CMS201', 'type': 1, 'parentId': 0}
[2022-09-16 18:16:57,429] logger_util.py->write_log line:61 [INFO] 文件上传：None
[2022-09-16 18:17:00,123] logger_util.py->write_log line:61 [INFO] 预期结果：[{'equals': {'status_code': 200}}]
[2022-09-16 18:17:00,123] logger_util.py->write_log line:61 [INFO] 实际结果：549
[2022-09-16 18:17:00,123] logger_util.py->write_log line:61 [INFO] 接口请求成功！
[2022-09-16 18:17:00,123] logger_util.py->write_log line:61 [INFO] -------------接口请求结束-----------

