[2023-06-02 18:33:37,983] logger_util.py->write_log line:61 [INFO] -------------接口请求开始-----------
[2023-06-02 18:33:37,983] logger_util.py->write_log line:61 [INFO] 接口名称：创建文件夹
[2023-06-02 18:33:37,983] logger_util.py->write_log line:61 [INFO] 接口方式：post
[2023-06-02 18:33:37,983] logger_util.py->write_log line:61 [INFO] 接口路径：http://127.0.0.1:18000/api/v1/dataconfig/folder
[2023-06-02 18:33:37,983] logger_util.py->write_log line:61 [INFO] 请求头：{'Content-Type': 'application/json;charset=UTF-8', 'X-Project': '83d42c5d5ad141bba528b7690b19996e'}
[2023-06-02 18:33:37,984] logger_util.py->write_log line:61 [INFO] 请求参数：{'parentId': '00000000-0000-0000-0000-000000000000', 'name': '文件夹50', 'sort': 2}
[2023-06-02 18:33:37,984] logger_util.py->write_log line:61 [INFO] 文件上传：None
[2023-06-02 18:33:38,358] logger_util.py->write_log line:61 [INFO] 预期结果：[{'equals': {'status_code': 200}}, {'equals': {'sort': 2}}, {'contains': 'id'}]
[2023-06-02 18:33:38,358] logger_util.py->write_log line:61 [INFO] 实际结果：{'id': '99e224ec-8d91-4efe-9c0a-65003e20f097', 'name': '文件夹50', 'parentId': '00000000-0000-0000-0000-000000000000', 'level': 0, 'sort': 2, 'createDateTime': '2023-06-02T18:33:38.2658209+08:00', 'operationTypes': [1, 4]}
[2023-06-02 18:33:38,358] logger_util.py->write_log line:61 [INFO] 接口请求成功！
[2023-06-02 18:33:38,358] logger_util.py->write_log line:61 [INFO] -------------接口请求结束-----------

[2023-06-02 18:33:38,365] logger_util.py->write_log line:61 [INFO] -------------接口请求开始-----------
[2023-06-02 18:33:38,365] logger_util.py->write_log line:61 [INFO] 接口名称：创建归档表
[2023-06-02 18:33:38,365] logger_util.py->write_log line:61 [INFO] 接口方式：post
[2023-06-02 18:33:38,365] logger_util.py->write_log line:61 [INFO] 接口路径：http://127.0.0.1:18000/api/v1/dataconfig/filingtable
[2023-06-02 18:33:38,365] logger_util.py->write_log line:61 [INFO] 请求头：{'Content-Type': 'application/json;charset=UTF-8', 'X-Project': '83d42c5d5ad141bba528b7690b19996e'}
[2023-06-02 18:33:38,365] logger_util.py->write_log line:61 [INFO] 请求参数：{'folderId': '00000000-0000-0000-0000-000000000000', 'name': '归档表60', 'sort': 2}
[2023-06-02 18:33:38,366] logger_util.py->write_log line:61 [INFO] 文件上传：None
[2023-06-02 18:33:38,707] logger_util.py->write_log line:61 [INFO] 预期结果：[{'equals': {'status_code': 200}}, {'equals': {'sort': 2}}, {'contains': 'id'}]
[2023-06-02 18:33:38,707] logger_util.py->write_log line:61 [INFO] 实际结果：{'id': 'd4f920cf-753e-4231-8b0e-45bdac3b203a', 'folderId': '00000000-0000-0000-0000-000000000000', 'name': '归档表60', 'sort': 2, 'createDateTime': '2023-06-02T18:33:38.5183442+08:00', 'operationTypes': [1, 2, 3, 4], 'functionTypes': [1, 2, 3, 4], 'extendedHeaders': ['记录时间'], 'cacheConfig_EnableCache': False, 'cacheConfig_QuantityLimit': 0, 'cacheConfig_TimeSpanLimit': 0, 'cacheConfig_TimeSpanLimitUnit': 0, 'cacheConfig_ClearCache': '', 'storageConfig_ScheduledClear': False, 'storageConfig_ClearTriggerTime': None, 'storageConfig_ClearFrequency': 0, 'storageConfig_ClearFrequencyUnit': 0, 'storageConfig_ClearRetain': 0, 'storageConfig_ClearRetainUnit': 0, 'storageConfig_ScheduledBackup': False, 'storageConfig_BackupTriggerTime': None, 'storageConfig_BackupFrequency': 0, 'storageConfig_BackupFrequencyUnit': 0, 'storageConfig_BackupPath': ''}
[2023-06-02 18:33:38,708] logger_util.py->write_log line:61 [INFO] 接口请求成功！
[2023-06-02 18:33:38,708] logger_util.py->write_log line:61 [INFO] -------------接口请求结束-----------

[2023-06-02 18:33:38,718] logger_util.py->write_log line:61 [INFO] -------------接口请求开始-----------
[2023-06-02 18:33:38,719] logger_util.py->write_log line:61 [INFO] 接口名称：设置归档表字段配置
[2023-06-02 18:33:38,719] logger_util.py->write_log line:61 [INFO] 接口方式：put
[2023-06-02 18:33:38,719] logger_util.py->write_log line:61 [INFO] 接口路径：http://127.0.0.1:18000/api/v1/dataconfig/filingtable/d4f920cf-753e-4231-8b0e-45bdac3b203a/fields
[2023-06-02 18:33:38,719] logger_util.py->write_log line:61 [INFO] 请求头：{'Content-Type': 'application/json; =UTF-8', 'X-Project': '83d42c5d5ad141bba528b7690b19996e'}
[2023-06-02 18:33:38,719] logger_util.py->write_log line:61 [INFO] 请求参数：[{'fieldName': '系统时间', 'fieldType': 3, 'associatedVariable': 'DateTime', 'formula': '', 'id': ''}, {'fieldName': '函数时间', 'fieldType': 3, 'associatedVariable': '', 'formula': 'NOW(  )', 'id': ''}, {'fieldName': 'A1', 'fieldType': 1, 'associatedVariable': 'A1', 'formula': '', 'id': ''}, {'fieldName': 'B1', 'fieldType': 1, 'associatedVariable': 'B1', 'formula': '', 'id': ''}, {'fieldName': 'G1', 'fieldType': 1, 'associatedVariable': 'G1', 'formula': '', 'id': ''}, {'fieldName': 'H1', 'fieldType': 2, 'associatedVariable': 'H1', 'formula': '', 'id': ''}]
[2023-06-02 18:33:38,719] logger_util.py->write_log line:61 [INFO] 文件上传：None
[2023-06-02 18:33:39,432] logger_util.py->write_log line:61 [INFO] 预期结果：[{'equals': {'status_code': 200}}]
[2023-06-02 18:33:39,433] logger_util.py->write_log line:61 [INFO] 实际结果：
[2023-06-02 18:33:39,433] logger_util.py->write_log line:61 [INFO] 接口请求成功！
[2023-06-02 18:33:39,433] logger_util.py->write_log line:61 [INFO] -------------接口请求结束-----------

[2023-06-02 18:33:39,439] logger_util.py->write_log line:61 [INFO] -------------接口请求开始-----------
[2023-06-02 18:33:39,439] logger_util.py->write_log line:61 [INFO] 接口名称：创建聚合表
[2023-06-02 18:33:39,440] logger_util.py->write_log line:61 [INFO] 接口方式：post
[2023-06-02 18:33:39,440] logger_util.py->write_log line:61 [INFO] 接口路径：http://127.0.0.1:18000/api/v1/dataconfig/aggregatetable
[2023-06-02 18:33:39,440] logger_util.py->write_log line:61 [INFO] 请求头：{'Content-Type': 'application/json;charset=UTF-8', 'X-Project': '83d42c5d5ad141bba528b7690b19996e'}
[2023-06-02 18:33:39,440] logger_util.py->write_log line:61 [INFO] 请求参数：{'folderId': '00000000-0000-0000-0000-000000000000', 'name': '聚合表89', 'sort': 3, 'tableId': 'd4f920cf-753e-4231-8b0e-45bdac3b203a', 'nodeType': 2}
[2023-06-02 18:33:39,440] logger_util.py->write_log line:61 [INFO] 文件上传：None
[2023-06-02 18:33:39,974] logger_util.py->write_log line:61 [INFO] 预期结果：[{'equals': {'status_code': 200}}, {'equals': {'sort': 3}}, {'contains': 'id'}]
[2023-06-02 18:33:39,974] logger_util.py->write_log line:61 [INFO] 实际结果：{'id': '36e10ebc-a311-4388-bf0b-885c03d4495d', 'folderId': '00000000-0000-0000-0000-000000000000', 'relativeTableId': 'd4f920cf-753e-4231-8b0e-45bdac3b203a', 'relativeType': 2, 'name': '聚合表89', 'sort': 3, 'createDateTime': '2023-06-02T18:33:39.7073982+08:00', 'preConditionType': 0, 'operationTypes': [1, 2, 3, 4], 'functionTypes': [2, 3, 4], 'extendedHeaders': ['记录时间'], 'storageConfig_ScheduledClear': False, 'storageConfig_ClearTriggerTime': None, 'storageConfig_ClearFrequency': 0, 'storageConfig_ClearFrequencyUnit': 0, 'storageConfig_ClearRetain': 0, 'storageConfig_ClearRetainUnit': 0, 'storageConfig_ScheduledBackup': False, 'storageConfig_BackupTriggerTime': None, 'storageConfig_BackupFrequency': 0, 'storageConfig_BackupFrequencyUnit': 0, 'storageConfig_BackupPath': ''}
[2023-06-02 18:33:39,974] logger_util.py->write_log line:61 [INFO] 接口请求成功！
[2023-06-02 18:33:39,974] logger_util.py->write_log line:61 [INFO] -------------接口请求结束-----------

[2023-06-02 18:33:39,985] logger_util.py->write_log line:61 [INFO] -------------接口请求开始-----------
[2023-06-02 18:33:39,985] logger_util.py->write_log line:61 [INFO] 接口名称：通过聚合表获取归档表字段
[2023-06-02 18:33:39,985] logger_util.py->write_log line:61 [INFO] 接口方式：get
[2023-06-02 18:33:39,985] logger_util.py->write_log line:61 [INFO] 接口路径：http://127.0.0.1:18000/api/v1/dataconfig/filingtable/fields/36e10ebc-a311-4388-bf0b-885c03d4495d
[2023-06-02 18:33:39,985] logger_util.py->write_log line:61 [INFO] 请求头：{'Content-Type': 'application/json; =UTF-8', 'X-Project': '83d42c5d5ad141bba528b7690b19996e'}
[2023-06-02 18:33:39,985] logger_util.py->write_log line:61 [INFO] 文件上传：None
[2023-06-02 18:33:39,994] logger_util.py->write_log line:61 [INFO] 预期结果：[{'equals': {'status_code': 200}}]
[2023-06-02 18:33:39,994] logger_util.py->write_log line:61 [INFO] 实际结果：[{'id': 'FTF735b5f316ed7467eb4b08b2e27433693', 'filingTableId': 'd4f920cf-753e-4231-8b0e-45bdac3b203a', 'fieldName': '系统时间', 'fieldType': 3, 'associatedVariable': 'DateTime', 'formula': '', 'sort': 1}, {'id': 'FTF1cee52a2043d44e5ba1799b104ed3c78', 'filingTableId': 'd4f920cf-753e-4231-8b0e-45bdac3b203a', 'fieldName': '函数时间', 'fieldType': 3, 'associatedVariable': '', 'formula': 'NOW(  )', 'sort': 2}, {'id': 'FTF67545f9e2d0f442e8f3eea391ebae7dc', 'filingTableId': 'd4f920cf-753e-4231-8b0e-45bdac3b203a', 'fieldName': 'A1', 'fieldType': 1, 'associatedVariable': 'A1', 'formula': '', 'sort': 3}, {'id': 'FTF6a2574ab903b45af8e3a89a68c797d11', 'filingTableId': 'd4f920cf-753e-4231-8b0e-45bdac3b203a', 'fieldName': 'B1', 'fieldType': 1, 'associatedVariable': 'B1', 'formula': '', 'sort': 4}, {'id': 'FTF7f67cf2e8773433c833e6b15dc5aa66f', 'filingTableId': 'd4f920cf-753e-4231-8b0e-45bdac3b203a', 'fieldName': 'G1', 'fieldType': 1, 'associatedVariable': 'G1', 'formula': '', 'sort': 5}, {'id': 'FTFc1d4e8751cd6420d9f31e2b942092dd7', 'filingTableId': 'd4f920cf-753e-4231-8b0e-45bdac3b203a', 'fieldName': 'H1', 'fieldType': 2, 'associatedVariable': 'H1', 'formula': '', 'sort': 6}]
[2023-06-02 18:33:39,994] logger_util.py->write_log line:61 [INFO] 接口请求成功！
[2023-06-02 18:33:39,994] logger_util.py->write_log line:61 [INFO] -------------接口请求结束-----------

[2023-06-02 18:33:40,014] logger_util.py->write_log line:61 [INFO] -------------接口请求开始-----------
[2023-06-02 18:33:40,014] logger_util.py->write_log line:61 [INFO] 接口名称：设置聚合表字段配置
[2023-06-02 18:33:40,014] logger_util.py->write_log line:61 [INFO] 接口方式：put
[2023-06-02 18:33:40,014] logger_util.py->write_log line:61 [INFO] 接口路径：http://127.0.0.1:18000/api/v1/dataconfig/aggregatetable/36e10ebc-a311-4388-bf0b-885c03d4495d/fields
[2023-06-02 18:33:40,014] logger_util.py->write_log line:61 [INFO] 请求头：{'Content-Type': 'application/json;charset=UTF-8', 'X-Project': '83d42c5d5ad141bba528b7690b19996e'}
[2023-06-02 18:33:40,014] logger_util.py->write_log line:61 [INFO] 请求参数：[{'id': 'RandomId_2023-05-28T08:14:21.542Z|r5lcis8', 'fieldName': '系统时间', 'fieldType': 3, 'filingTableFieldId': 'FTF735b5f316ed7467eb4b08b2e27433693', 'filingTableFieldName': '系统时间', 'formula': '', 'groupType': 1, 'handleType': 1, '_X_ROW_KEY': 'row_1573'}, {'id': 'RandomId_2023-05-28T08:14:21.543Z|rjudvi8', 'fieldName': '函数时间', 'fieldType': 3, 'filingTableFieldId': 'FTF1cee52a2043d44e5ba1799b104ed3c78', 'filingTableFieldName': '函数时间', 'formula': '', 'groupType': 1, 'handleType': 1, '_X_ROW_KEY': 'row_1574'}, {'id': 'RandomId_2023-05-28T08:14:21.543Z|ptduqqg', 'fieldName': 'A1', 'fieldType': 1, 'filingTableFieldId': 'FTF67545f9e2d0f442e8f3eea391ebae7dc', 'filingTableFieldName': 'A1', 'formula': '', 'groupType': 2, 'handleType': 18, '_X_ROW_KEY': 'row_1575'}, {'id': 'RandomId_2023-05-28T08:14:21.543Z|rbvrmlo', 'fieldName': 'B1', 'fieldType': 1, 'filingTableFieldId': 'FTF6a2574ab903b45af8e3a89a68c797d11', 'filingTableFieldName': 'B1', 'formula': '', 'groupType': 2, 'handleType': 18, '_X_ROW_KEY': 'row_1576'}, {'id': 'RandomId_2023-05-28T08:14:21.543Z|477rd1g', 'fieldName': 'G1', 'fieldType': 1, 'filingTableFieldId': 'FTF7f67cf2e8773433c833e6b15dc5aa66f', 'filingTableFieldName': 'G1', 'formula': '', 'groupType': 2, 'handleType': 18, '_X_ROW_KEY': 'row_1577'}, {'id': 'RandomId_2023-05-28T08:14:21.543Z|d4oll5o', 'fieldName': 'H1', 'fieldType': 2, 'filingTableFieldId': 'FTFc1d4e8751cd6420d9f31e2b942092dd7', 'filingTableFieldName': 'H1', 'formula': '', 'groupType': 1, 'handleType': 9, '_X_ROW_KEY': 'row_1578'}]
[2023-06-02 18:33:40,014] logger_util.py->write_log line:61 [INFO] 文件上传：None
[2023-06-02 18:33:40,655] logger_util.py->write_log line:61 [INFO] 预期结果：[{'equals': {'status_code': 200}}]
[2023-06-02 18:33:40,655] logger_util.py->write_log line:61 [INFO] 实际结果：
[2023-06-02 18:33:40,655] logger_util.py->write_log line:61 [INFO] 接口请求成功！
[2023-06-02 18:33:40,655] logger_util.py->write_log line:61 [INFO] -------------接口请求结束-----------

[2023-06-02 18:33:40,662] logger_util.py->write_log line:61 [INFO] -------------接口请求开始-----------
[2023-06-02 18:33:40,662] logger_util.py->write_log line:61 [INFO] 接口名称：字段配置删除警告
[2023-06-02 18:33:40,662] logger_util.py->write_log line:61 [INFO] 接口方式：post
[2023-06-02 18:33:40,663] logger_util.py->write_log line:61 [INFO] 接口路径：http://127.0.0.1:18000/api/v1/dataconfig/node/field/delewarning
[2023-06-02 18:33:40,663] logger_util.py->write_log line:61 [INFO] 请求头：{'Content-Type': 'application/json;charset=UTF-8', 'X-Project': '83d42c5d5ad141bba528b7690b19996e'}
[2023-06-02 18:33:40,663] logger_util.py->write_log line:61 [INFO] 请求参数：{'fieldIds': ['FTF67545f9e2d0f442e8f3eea391ebae7dc']}
[2023-06-02 18:33:40,663] logger_util.py->write_log line:61 [INFO] 文件上传：None
[2023-06-02 18:33:40,668] logger_util.py->write_log line:61 [INFO] 预期结果：[{'equals': {'status_code': 200}}, {'equals': {'limited': True}}, {'equals': {'msg': '该字段已被关联的聚合表使用，不允许删除'}}]
[2023-06-02 18:33:40,668] logger_util.py->write_log line:61 [INFO] 实际结果：{'limited': True, 'msg': '该字段已被关联的聚合表使用，不允许删除'}
[2023-06-02 18:33:40,668] logger_util.py->write_log line:61 [INFO] 接口请求成功！
[2023-06-02 18:33:40,668] logger_util.py->write_log line:61 [INFO] -------------接口请求结束-----------

[2023-06-02 18:33:40,676] logger_util.py->write_log line:61 [INFO] -------------接口请求开始-----------
[2023-06-02 18:33:40,676] logger_util.py->write_log line:61 [INFO] 接口名称：查询删除警告-文件夹
[2023-06-02 18:33:40,676] logger_util.py->write_log line:61 [INFO] 接口方式：get
[2023-06-02 18:33:40,677] logger_util.py->write_log line:61 [INFO] 接口路径：http://127.0.0.1:18000/api/v1/dataconfig/node/deletewarning/1/99e224ec-8d91-4efe-9c0a-65003e20f097
[2023-06-02 18:33:40,677] logger_util.py->write_log line:61 [INFO] 请求头：{'Content-Type': 'application/json;charset=UTF-8', 'X-Project': '83d42c5d5ad141bba528b7690b19996e'}
[2023-06-02 18:33:40,677] logger_util.py->write_log line:61 [INFO] 文件上传：None
[2023-06-02 18:33:40,682] logger_util.py->write_log line:61 [INFO] 预期结果：[{'equals': {'status_code': 200}}, {'equals': {'popUp': True}}, {'equals': {'msg': '确认后，从列表中删除节点'}}]
[2023-06-02 18:33:40,683] logger_util.py->write_log line:61 [INFO] 实际结果：{'popUp': True, 'msg': '确认后，从列表中删除节点'}
[2023-06-02 18:33:40,683] logger_util.py->write_log line:61 [INFO] 接口请求成功！
[2023-06-02 18:33:40,683] logger_util.py->write_log line:61 [INFO] -------------接口请求结束-----------

[2023-06-02 18:33:40,690] logger_util.py->write_log line:61 [INFO] -------------接口请求开始-----------
[2023-06-02 18:33:40,690] logger_util.py->write_log line:61 [INFO] 接口名称：查询删除警告-归档表
[2023-06-02 18:33:40,690] logger_util.py->write_log line:61 [INFO] 接口方式：get
[2023-06-02 18:33:40,690] logger_util.py->write_log line:61 [INFO] 接口路径：http://127.0.0.1:18000/api/v1/dataconfig/node/deletewarning/2/d4f920cf-753e-4231-8b0e-45bdac3b203a
[2023-06-02 18:33:40,690] logger_util.py->write_log line:61 [INFO] 请求头：{'Content-Type': 'application/json;charset=UTF-8', 'X-Project': '83d42c5d5ad141bba528b7690b19996e'}
[2023-06-02 18:33:40,691] logger_util.py->write_log line:61 [INFO] 文件上传：None
[2023-06-02 18:33:40,695] logger_util.py->error_log line:65 [INFO] 断言失败:msg不等于确认后，从列表中删除节点
[2023-06-02 18:33:40,695] logger_util.py->write_log line:61 [INFO] 接口请求失败！
[2023-06-02 18:33:40,696] logger_util.py->write_log line:61 [INFO] -------------接口请求结束-----------

[2023-06-02 18:33:40,696] logger_util.py->error_log line:65 [INFO] 断言异常：异常信息: Traceback (most recent call last):
  File "E:\Project_python\2TestCMS2.0\common\requests_util.py", line 372, in validate_result
    error_log("断言失败:" + assert_key + "不等于" + str(assert_value))
  File "E:\Project_python\2TestCMS2.0\common\logger_util.py", line 66, in error_log
    raise Exception(log_message)
Exception: 断言失败:msg不等于确认后，从列表中删除节点

[2023-06-02 18:33:40,697] logger_util.py->error_log line:65 [INFO] 分析YAML文件异常：异常信息: Traceback (most recent call last):
  File "E:\Project_python\2TestCMS2.0\common\requests_util.py", line 372, in validate_result
    error_log("断言失败:" + assert_key + "不等于" + str(assert_value))
  File "E:\Project_python\2TestCMS2.0\common\logger_util.py", line 66, in error_log
    raise Exception(log_message)
Exception: 断言失败:msg不等于确认后，从列表中删除节点

During handling of the above exception, another exception occurred:

Traceback (most recent call last):
  File "E:\Project_python\2TestCMS2.0\common\requests_util.py", line 248, in analysis_yaml
    self.validate_result(yq_result, return_data, status_code)
  File "E:\Project_python\2TestCMS2.0\common\requests_util.py", line 416, in validate_result
    error_log("断言异常：异常信息: %s" % str(traceback.format_exc()))
  File "E:\Project_python\2TestCMS2.0\common\logger_util.py", line 66, in error_log
    raise Exception(log_message)
Exception: 断言异常：异常信息: Traceback (most recent call last):
  File "E:\Project_python\2TestCMS2.0\common\requests_util.py", line 372, in validate_result
    error_log("断言失败:" + assert_key + "不等于" + str(assert_value))
  File "E:\Project_python\2TestCMS2.0\common\logger_util.py", line 66, in error_log
    raise Exception(log_message)
Exception: 断言失败:msg不等于确认后，从列表中删除节点


[2023-06-02 18:33:40,801] logger_util.py->write_log line:61 [INFO] -------------接口请求开始-----------
[2023-06-02 18:33:40,801] logger_util.py->write_log line:61 [INFO] 接口名称：查询删除警告-聚合表
[2023-06-02 18:33:40,801] logger_util.py->write_log line:61 [INFO] 接口方式：get
[2023-06-02 18:33:40,801] logger_util.py->write_log line:61 [INFO] 接口路径：http://127.0.0.1:18000/api/v1/dataconfig/node/deletewarning/3/36e10ebc-a311-4388-bf0b-885c03d4495d
[2023-06-02 18:33:40,801] logger_util.py->write_log line:61 [INFO] 请求头：{'Content-Type': 'application/json;charset=UTF-8', 'X-Project': '83d42c5d5ad141bba528b7690b19996e'}
[2023-06-02 18:33:40,801] logger_util.py->write_log line:61 [INFO] 文件上传：None
[2023-06-02 18:33:40,807] logger_util.py->write_log line:61 [INFO] 预期结果：[{'equals': {'status_code': 200}}, {'equals': {'popUp': True}}, {'equals': {'msg': '确认后，从列表中删除节点'}}]
[2023-06-02 18:33:40,807] logger_util.py->write_log line:61 [INFO] 实际结果：{'popUp': True, 'msg': '确认后，从列表中删除节点'}
[2023-06-02 18:33:40,807] logger_util.py->write_log line:61 [INFO] 接口请求成功！
[2023-06-02 18:33:40,807] logger_util.py->write_log line:61 [INFO] -------------接口请求结束-----------

[2023-06-02 18:33:40,814] logger_util.py->write_log line:61 [INFO] -------------接口请求开始-----------
[2023-06-02 18:33:40,815] logger_util.py->write_log line:61 [INFO] 接口名称：归档表创建副本
[2023-06-02 18:33:40,815] logger_util.py->write_log line:61 [INFO] 接口方式：post
[2023-06-02 18:33:40,815] logger_util.py->write_log line:61 [INFO] 接口路径：http://127.0.0.1:18000/api/v1/dataconfig/createreplicas
[2023-06-02 18:33:40,815] logger_util.py->write_log line:61 [INFO] 请求头：{'Content-Type': 'application/json;charset=UTF-8', 'X-Project': '83d42c5d5ad141bba528b7690b19996e'}
[2023-06-02 18:33:40,815] logger_util.py->write_log line:61 [INFO] 请求参数：{'copyFromId': 'd4f920cf-753e-4231-8b0e-45bdac3b203a', 'nodeType': 2}
[2023-06-02 18:33:40,815] logger_util.py->write_log line:61 [INFO] 文件上传：None
[2023-06-02 18:33:42,824] logger_util.py->write_log line:61 [INFO] 预期结果：[{'equals': {'status_code': 200}}]
[2023-06-02 18:33:42,825] logger_util.py->write_log line:61 [INFO] 实际结果：{'id': '09dd48ac-6929-41d5-b731-fe229f94a2a1', 'parentId': '00000000-0000-0000-0000-000000000000', 'name': '归档表60-0002', 'nodeType': 2, 'children': [], 'sort': 3, 'operations': [1, 2, 3, 4], 'functions': [1, 2, 3, 4]}
[2023-06-02 18:33:42,825] logger_util.py->write_log line:61 [INFO] 接口请求成功！
[2023-06-02 18:33:42,825] logger_util.py->write_log line:61 [INFO] -------------接口请求结束-----------

[2023-06-02 18:33:42,832] logger_util.py->write_log line:61 [INFO] -------------接口请求开始-----------
[2023-06-02 18:33:42,832] logger_util.py->write_log line:61 [INFO] 接口名称：聚合表创建副本
[2023-06-02 18:33:42,832] logger_util.py->write_log line:61 [INFO] 接口方式：post
[2023-06-02 18:33:42,832] logger_util.py->write_log line:61 [INFO] 接口路径：http://127.0.0.1:18000/api/v1/dataconfig/createreplicas
[2023-06-02 18:33:42,832] logger_util.py->write_log line:61 [INFO] 请求头：{'Content-Type': 'application/json;charset=UTF-8', 'X-Project': '83d42c5d5ad141bba528b7690b19996e'}
[2023-06-02 18:33:42,832] logger_util.py->write_log line:61 [INFO] 请求参数：{'copyFromId': '36e10ebc-a311-4388-bf0b-885c03d4495d', 'nodeType': 3}
[2023-06-02 18:33:42,832] logger_util.py->write_log line:61 [INFO] 文件上传：None
[2023-06-02 18:33:45,461] logger_util.py->write_log line:61 [INFO] 预期结果：[{'equals': {'status_code': 200}}]
[2023-06-02 18:33:45,461] logger_util.py->write_log line:61 [INFO] 实际结果：{'id': '7c70d349-4af2-4d94-8ff5-326be3473924', 'parentId': '00000000-0000-0000-0000-000000000000', 'name': '聚合表89-0001', 'nodeType': 3, 'children': [], 'sort': 5, 'operations': [1, 2, 3, 4], 'functions': [2, 3, 4]}
[2023-06-02 18:33:45,461] logger_util.py->write_log line:61 [INFO] 接口请求成功！
[2023-06-02 18:33:45,461] logger_util.py->write_log line:61 [INFO] -------------接口请求结束-----------

[2023-06-02 18:33:45,468] logger_util.py->write_log line:61 [INFO] -------------接口请求开始-----------
[2023-06-02 18:33:45,468] logger_util.py->write_log line:61 [INFO] 接口名称：归档表获取节点信息
[2023-06-02 18:33:45,468] logger_util.py->write_log line:61 [INFO] 接口方式：get
[2023-06-02 18:33:45,468] logger_util.py->write_log line:61 [INFO] 接口路径：http://127.0.0.1:18000/api/v1/dataconfig/node/2/d4f920cf-753e-4231-8b0e-45bdac3b203a
[2023-06-02 18:33:45,468] logger_util.py->write_log line:61 [INFO] 请求头：{'Content-Type': 'application/json;charset=UTF-8', 'X-Project': '83d42c5d5ad141bba528b7690b19996e'}
[2023-06-02 18:33:45,468] logger_util.py->write_log line:61 [INFO] 文件上传：None
[2023-06-02 18:33:45,474] logger_util.py->write_log line:61 [INFO] 预期结果：[{'equals': {'status_code': 200}}]
[2023-06-02 18:33:45,474] logger_util.py->write_log line:61 [INFO] 实际结果：{'id': 'd4f920cf-753e-4231-8b0e-45bdac3b203a', 'folderId': '00000000-0000-0000-0000-000000000000', 'name': '归档表60', 'sort': 2, 'createDateTime': '2023-06-02T18:33:38.5183442', 'cacheConfig_EnableCache': False, 'cacheConfig_QuantityLimit': 0, 'cacheConfig_TimeSpanLimit': 0, 'cacheConfig_TimeSpanLimitUnit': 0, 'cacheConfig_ClearCache': '', 'storageConfig_ScheduledClear': False, 'storageConfig_ClearTriggerTime': '', 'storageConfig_ClearFrequency': 0, 'storageConfig_ClearFrequencyUnit': 0, 'storageConfig_ClearRetain': 0, 'storageConfig_ClearRetainUnit': 0, 'storageConfig_ScheduledBackup': False, 'storageConfig_BackupTriggerTime': '', 'storageConfig_BackupFrequency': 0, 'storageConfig_BackupFrequencyUnit': 0, 'storageConfig_BackupPath': '', 'operationTypes': [1, 2, 3, 4], 'functionTypes': [1, 2, 3, 4]}
[2023-06-02 18:33:45,474] logger_util.py->write_log line:61 [INFO] 接口请求成功！
[2023-06-02 18:33:45,474] logger_util.py->write_log line:61 [INFO] -------------接口请求结束-----------

[2023-06-02 18:33:45,480] logger_util.py->write_log line:61 [INFO] -------------接口请求开始-----------
[2023-06-02 18:33:45,480] logger_util.py->write_log line:61 [INFO] 接口名称：聚合表获取节点信息
[2023-06-02 18:33:45,480] logger_util.py->write_log line:61 [INFO] 接口方式：get
[2023-06-02 18:33:45,480] logger_util.py->write_log line:61 [INFO] 接口路径：http://127.0.0.1:18000/api/v1/dataconfig/node/3/36e10ebc-a311-4388-bf0b-885c03d4495d
[2023-06-02 18:33:45,480] logger_util.py->write_log line:61 [INFO] 请求头：{'Content-Type': 'application/json;charset=UTF-8', 'X-Project': '83d42c5d5ad141bba528b7690b19996e'}
[2023-06-02 18:33:45,480] logger_util.py->write_log line:61 [INFO] 文件上传：None
[2023-06-02 18:33:45,486] logger_util.py->write_log line:61 [INFO] 预期结果：[{'equals': {'status_code': 200}}]
[2023-06-02 18:33:45,486] logger_util.py->write_log line:61 [INFO] 实际结果：{'id': '36e10ebc-a311-4388-bf0b-885c03d4495d', 'folderId': '00000000-0000-0000-0000-000000000000', 'name': '聚合表89', 'sort': 4, 'createDateTime': '2023-06-02T18:33:39.7073982', 'storageConfig_ScheduledClear': False, 'storageConfig_ClearTriggerTime': '', 'storageConfig_ClearFrequency': 0, 'storageConfig_ClearFrequencyUnit': 0, 'storageConfig_ClearRetain': 0, 'storageConfig_ClearRetainUnit': 0, 'storageConfig_ScheduledBackup': False, 'storageConfig_BackupTriggerTime': '', 'storageConfig_BackupFrequency': 0, 'storageConfig_BackupFrequencyUnit': 0, 'storageConfig_BackupPath': '', 'operationTypes': [1, 2, 3, 4], 'functionTypes': [2, 3, 4]}
[2023-06-02 18:33:45,486] logger_util.py->write_log line:61 [INFO] 接口请求成功！
[2023-06-02 18:33:45,486] logger_util.py->write_log line:61 [INFO] -------------接口请求结束-----------

[2023-06-02 18:33:45,494] logger_util.py->write_log line:61 [INFO] -------------接口请求开始-----------
[2023-06-02 18:33:45,494] logger_util.py->write_log line:61 [INFO] 接口名称：系统时间获取字段信息
[2023-06-02 18:33:45,494] logger_util.py->write_log line:61 [INFO] 接口方式：get
[2023-06-02 18:33:45,494] logger_util.py->write_log line:61 [INFO] 接口路径：http://127.0.0.1:18000/api/v1/dataconfig/node/field/FTF735b5f316ed7467eb4b08b2e27433693
[2023-06-02 18:33:45,494] logger_util.py->write_log line:61 [INFO] 请求头：{'Content-Type': 'application/json;charset=UTF-8', 'X-Project': '83d42c5d5ad141bba528b7690b19996e'}
[2023-06-02 18:33:45,494] logger_util.py->write_log line:61 [INFO] 文件上传：None
[2023-06-02 18:33:45,498] logger_util.py->write_log line:61 [INFO] 预期结果：[{'equals': {'status_code': 200}}]
[2023-06-02 18:33:45,499] logger_util.py->write_log line:61 [INFO] 实际结果：{'id': 'FTF735b5f316ed7467eb4b08b2e27433693', 'filingTableId': 'd4f920cf-753e-4231-8b0e-45bdac3b203a', 'fieldName': '系统时间', 'fieldType': 3, 'associatedVariable': 'DateTime', 'formula': '', 'sort': 1}
[2023-06-02 18:33:45,499] logger_util.py->write_log line:61 [INFO] 接口请求成功！
[2023-06-02 18:33:45,499] logger_util.py->write_log line:61 [INFO] -------------接口请求结束-----------

[2023-06-02 18:33:45,506] logger_util.py->write_log line:61 [INFO] -------------接口请求开始-----------
[2023-06-02 18:33:45,506] logger_util.py->write_log line:61 [INFO] 接口名称：函数时间获取字段信息
[2023-06-02 18:33:45,506] logger_util.py->write_log line:61 [INFO] 接口方式：get
[2023-06-02 18:33:45,506] logger_util.py->write_log line:61 [INFO] 接口路径：http://127.0.0.1:18000/api/v1/dataconfig/node/field/FTF1cee52a2043d44e5ba1799b104ed3c78
[2023-06-02 18:33:45,506] logger_util.py->write_log line:61 [INFO] 请求头：{'Content-Type': 'application/json;charset=UTF-8', 'X-Project': '83d42c5d5ad141bba528b7690b19996e'}
[2023-06-02 18:33:45,506] logger_util.py->write_log line:61 [INFO] 文件上传：None
[2023-06-02 18:33:45,511] logger_util.py->write_log line:61 [INFO] 预期结果：[{'equals': {'status_code': 200}}]
[2023-06-02 18:33:45,511] logger_util.py->write_log line:61 [INFO] 实际结果：{'id': 'FTF1cee52a2043d44e5ba1799b104ed3c78', 'filingTableId': 'd4f920cf-753e-4231-8b0e-45bdac3b203a', 'fieldName': '函数时间', 'fieldType': 3, 'associatedVariable': '', 'formula': 'NOW(  )', 'sort': 2}
[2023-06-02 18:33:45,511] logger_util.py->write_log line:61 [INFO] 接口请求成功！
[2023-06-02 18:33:45,511] logger_util.py->write_log line:61 [INFO] -------------接口请求结束-----------

[2023-06-02 18:33:45,519] logger_util.py->write_log line:61 [INFO] -------------接口请求开始-----------
[2023-06-02 18:33:45,519] logger_util.py->write_log line:61 [INFO] 接口名称：整型A1获取字段信息
[2023-06-02 18:33:45,520] logger_util.py->write_log line:61 [INFO] 接口方式：get
[2023-06-02 18:33:45,520] logger_util.py->write_log line:61 [INFO] 接口路径：http://127.0.0.1:18000/api/v1/dataconfig/node/field/FTF67545f9e2d0f442e8f3eea391ebae7dc
[2023-06-02 18:33:45,520] logger_util.py->write_log line:61 [INFO] 请求头：{'Content-Type': 'application/json;charset=UTF-8', 'X-Project': '83d42c5d5ad141bba528b7690b19996e'}
[2023-06-02 18:33:45,520] logger_util.py->write_log line:61 [INFO] 文件上传：None
[2023-06-02 18:33:45,524] logger_util.py->write_log line:61 [INFO] 预期结果：[{'equals': {'status_code': 200}}]
[2023-06-02 18:33:45,524] logger_util.py->write_log line:61 [INFO] 实际结果：{'id': 'FTF67545f9e2d0f442e8f3eea391ebae7dc', 'filingTableId': 'd4f920cf-753e-4231-8b0e-45bdac3b203a', 'fieldName': 'A1', 'fieldType': 1, 'associatedVariable': 'A1', 'formula': '', 'sort': 3}
[2023-06-02 18:33:45,524] logger_util.py->write_log line:61 [INFO] 接口请求成功！
[2023-06-02 18:33:45,524] logger_util.py->write_log line:61 [INFO] -------------接口请求结束-----------

[2023-06-02 18:33:45,531] logger_util.py->write_log line:61 [INFO] -------------接口请求开始-----------
[2023-06-02 18:33:45,532] logger_util.py->write_log line:61 [INFO] 接口名称：浮点型B1获取字段信息
[2023-06-02 18:33:45,532] logger_util.py->write_log line:61 [INFO] 接口方式：get
[2023-06-02 18:33:45,532] logger_util.py->write_log line:61 [INFO] 接口路径：http://127.0.0.1:18000/api/v1/dataconfig/node/field/FTF6a2574ab903b45af8e3a89a68c797d11
[2023-06-02 18:33:45,532] logger_util.py->write_log line:61 [INFO] 请求头：{'Content-Type': 'application/json;charset=UTF-8', 'X-Project': '83d42c5d5ad141bba528b7690b19996e'}
[2023-06-02 18:33:45,532] logger_util.py->write_log line:61 [INFO] 文件上传：None
[2023-06-02 18:33:45,537] logger_util.py->write_log line:61 [INFO] 预期结果：[{'equals': {'status_code': 200}}]
[2023-06-02 18:33:45,537] logger_util.py->write_log line:61 [INFO] 实际结果：{'id': 'FTF6a2574ab903b45af8e3a89a68c797d11', 'filingTableId': 'd4f920cf-753e-4231-8b0e-45bdac3b203a', 'fieldName': 'B1', 'fieldType': 1, 'associatedVariable': 'B1', 'formula': '', 'sort': 4}
[2023-06-02 18:33:45,537] logger_util.py->write_log line:61 [INFO] 接口请求成功！
[2023-06-02 18:33:45,537] logger_util.py->write_log line:61 [INFO] -------------接口请求结束-----------

[2023-06-02 18:33:45,545] logger_util.py->write_log line:61 [INFO] -------------接口请求开始-----------
[2023-06-02 18:33:45,545] logger_util.py->write_log line:61 [INFO] 接口名称：二进制G1获取字段信息
[2023-06-02 18:33:45,545] logger_util.py->write_log line:61 [INFO] 接口方式：get
[2023-06-02 18:33:45,545] logger_util.py->write_log line:61 [INFO] 接口路径：http://127.0.0.1:18000/api/v1/dataconfig/node/field/FTF7f67cf2e8773433c833e6b15dc5aa66f
[2023-06-02 18:33:45,545] logger_util.py->write_log line:61 [INFO] 请求头：{'Content-Type': 'application/json;charset=UTF-8', 'X-Project': '83d42c5d5ad141bba528b7690b19996e'}
[2023-06-02 18:33:45,545] logger_util.py->write_log line:61 [INFO] 文件上传：None
[2023-06-02 18:33:45,550] logger_util.py->write_log line:61 [INFO] 预期结果：[{'equals': {'status_code': 200}}]
[2023-06-02 18:33:45,550] logger_util.py->write_log line:61 [INFO] 实际结果：{'id': 'FTF7f67cf2e8773433c833e6b15dc5aa66f', 'filingTableId': 'd4f920cf-753e-4231-8b0e-45bdac3b203a', 'fieldName': 'G1', 'fieldType': 1, 'associatedVariable': 'G1', 'formula': '', 'sort': 5}
[2023-06-02 18:33:45,550] logger_util.py->write_log line:61 [INFO] 接口请求成功！
[2023-06-02 18:33:45,550] logger_util.py->write_log line:61 [INFO] -------------接口请求结束-----------

[2023-06-02 18:33:45,557] logger_util.py->write_log line:61 [INFO] -------------接口请求开始-----------
[2023-06-02 18:33:45,557] logger_util.py->write_log line:61 [INFO] 接口名称：字符串H1获取字段信息
[2023-06-02 18:33:45,557] logger_util.py->write_log line:61 [INFO] 接口方式：get
[2023-06-02 18:33:45,557] logger_util.py->write_log line:61 [INFO] 接口路径：http://127.0.0.1:18000/api/v1/dataconfig/node/field/FTFc1d4e8751cd6420d9f31e2b942092dd7
[2023-06-02 18:33:45,557] logger_util.py->write_log line:61 [INFO] 请求头：{'Content-Type': 'application/json;charset=UTF-8', 'X-Project': '83d42c5d5ad141bba528b7690b19996e'}
[2023-06-02 18:33:45,557] logger_util.py->write_log line:61 [INFO] 文件上传：None
[2023-06-02 18:33:45,561] logger_util.py->write_log line:61 [INFO] 预期结果：[{'equals': {'status_code': 200}}]
[2023-06-02 18:33:45,562] logger_util.py->write_log line:61 [INFO] 实际结果：{'id': 'FTFc1d4e8751cd6420d9f31e2b942092dd7', 'filingTableId': 'd4f920cf-753e-4231-8b0e-45bdac3b203a', 'fieldName': 'H1', 'fieldType': 2, 'associatedVariable': 'H1', 'formula': '', 'sort': 6}
[2023-06-02 18:33:45,562] logger_util.py->write_log line:61 [INFO] 接口请求成功！
[2023-06-02 18:33:45,562] logger_util.py->write_log line:61 [INFO] -------------接口请求结束-----------

[2023-06-02 18:33:45,569] logger_util.py->write_log line:61 [INFO] -------------接口请求开始-----------
[2023-06-02 18:33:45,569] logger_util.py->write_log line:61 [INFO] 接口名称：归档表排序到1
[2023-06-02 18:33:45,569] logger_util.py->write_log line:61 [INFO] 接口方式：put
[2023-06-02 18:33:45,569] logger_util.py->write_log line:61 [INFO] 接口路径：http://127.0.0.1:18000/api/v1/dataconfig/node/sort/$csv{nodetype}/d4f920cf-753e-4231-8b0e-45bdac3b203a/1
[2023-06-02 18:33:45,569] logger_util.py->write_log line:61 [INFO] 请求头：{'Content-Type': 'application/json;charset=UTF-8', 'X-Project': '83d42c5d5ad141bba528b7690b19996e'}
[2023-06-02 18:33:45,569] logger_util.py->write_log line:61 [INFO] 文件上传：None
[2023-06-02 18:33:45,572] logger_util.py->error_log line:65 [INFO] 断言失败:status_code不等于200
[2023-06-02 18:33:45,572] logger_util.py->write_log line:61 [INFO] 接口请求失败！
[2023-06-02 18:33:45,573] logger_util.py->write_log line:61 [INFO] -------------接口请求结束-----------

[2023-06-02 18:33:45,573] logger_util.py->error_log line:65 [INFO] 断言异常：异常信息: Traceback (most recent call last):
  File "E:\Project_python\2TestCMS2.0\common\requests_util.py", line 366, in validate_result
    error_log("断言失败:"+assert_key+"不等于"+str(assert_value))
  File "E:\Project_python\2TestCMS2.0\common\logger_util.py", line 66, in error_log
    raise Exception(log_message)
Exception: 断言失败:status_code不等于200

[2023-06-02 18:33:45,573] logger_util.py->error_log line:65 [INFO] 分析YAML文件异常：异常信息: Traceback (most recent call last):
  File "E:\Project_python\2TestCMS2.0\common\requests_util.py", line 366, in validate_result
    error_log("断言失败:"+assert_key+"不等于"+str(assert_value))
  File "E:\Project_python\2TestCMS2.0\common\logger_util.py", line 66, in error_log
    raise Exception(log_message)
Exception: 断言失败:status_code不等于200

During handling of the above exception, another exception occurred:

Traceback (most recent call last):
  File "E:\Project_python\2TestCMS2.0\common\requests_util.py", line 248, in analysis_yaml
    self.validate_result(yq_result, return_data, status_code)
  File "E:\Project_python\2TestCMS2.0\common\requests_util.py", line 416, in validate_result
    error_log("断言异常：异常信息: %s" % str(traceback.format_exc()))
  File "E:\Project_python\2TestCMS2.0\common\logger_util.py", line 66, in error_log
    raise Exception(log_message)
Exception: 断言异常：异常信息: Traceback (most recent call last):
  File "E:\Project_python\2TestCMS2.0\common\requests_util.py", line 366, in validate_result
    error_log("断言失败:"+assert_key+"不等于"+str(assert_value))
  File "E:\Project_python\2TestCMS2.0\common\logger_util.py", line 66, in error_log
    raise Exception(log_message)
Exception: 断言失败:status_code不等于200


[2023-06-02 18:33:45,603] logger_util.py->write_log line:61 [INFO] -------------接口请求开始-----------
[2023-06-02 18:33:45,603] logger_util.py->write_log line:61 [INFO] 接口名称：聚合表排序到2
[2023-06-02 18:33:45,604] logger_util.py->write_log line:61 [INFO] 接口方式：put
[2023-06-02 18:33:45,604] logger_util.py->write_log line:61 [INFO] 接口路径：http://127.0.0.1:18000/api/v1/dataconfig/node/sort/$csv{nodetype}/36e10ebc-a311-4388-bf0b-885c03d4495d/2
[2023-06-02 18:33:45,604] logger_util.py->write_log line:61 [INFO] 请求头：{'Content-Type': 'application/json;charset=UTF-8', 'X-Project': '83d42c5d5ad141bba528b7690b19996e'}
[2023-06-02 18:33:45,604] logger_util.py->write_log line:61 [INFO] 文件上传：None
[2023-06-02 18:33:45,607] logger_util.py->error_log line:65 [INFO] 断言失败:status_code不等于200
[2023-06-02 18:33:45,607] logger_util.py->write_log line:61 [INFO] 接口请求失败！
[2023-06-02 18:33:45,607] logger_util.py->write_log line:61 [INFO] -------------接口请求结束-----------

[2023-06-02 18:33:45,607] logger_util.py->error_log line:65 [INFO] 断言异常：异常信息: Traceback (most recent call last):
  File "E:\Project_python\2TestCMS2.0\common\requests_util.py", line 366, in validate_result
    error_log("断言失败:"+assert_key+"不等于"+str(assert_value))
  File "E:\Project_python\2TestCMS2.0\common\logger_util.py", line 66, in error_log
    raise Exception(log_message)
Exception: 断言失败:status_code不等于200

[2023-06-02 18:33:45,608] logger_util.py->error_log line:65 [INFO] 分析YAML文件异常：异常信息: Traceback (most recent call last):
  File "E:\Project_python\2TestCMS2.0\common\requests_util.py", line 366, in validate_result
    error_log("断言失败:"+assert_key+"不等于"+str(assert_value))
  File "E:\Project_python\2TestCMS2.0\common\logger_util.py", line 66, in error_log
    raise Exception(log_message)
Exception: 断言失败:status_code不等于200

During handling of the above exception, another exception occurred:

Traceback (most recent call last):
  File "E:\Project_python\2TestCMS2.0\common\requests_util.py", line 248, in analysis_yaml
    self.validate_result(yq_result, return_data, status_code)
  File "E:\Project_python\2TestCMS2.0\common\requests_util.py", line 416, in validate_result
    error_log("断言异常：异常信息: %s" % str(traceback.format_exc()))
  File "E:\Project_python\2TestCMS2.0\common\logger_util.py", line 66, in error_log
    raise Exception(log_message)
Exception: 断言异常：异常信息: Traceback (most recent call last):
  File "E:\Project_python\2TestCMS2.0\common\requests_util.py", line 366, in validate_result
    error_log("断言失败:"+assert_key+"不等于"+str(assert_value))
  File "E:\Project_python\2TestCMS2.0\common\logger_util.py", line 66, in error_log
    raise Exception(log_message)
Exception: 断言失败:status_code不等于200


[2023-06-02 18:33:45,640] logger_util.py->write_log line:61 [INFO] -------------接口请求开始-----------
[2023-06-02 18:33:45,641] logger_util.py->write_log line:61 [INFO] 接口名称：文件夹排序到3
[2023-06-02 18:33:45,641] logger_util.py->write_log line:61 [INFO] 接口方式：put
[2023-06-02 18:33:45,641] logger_util.py->write_log line:61 [INFO] 接口路径：http://127.0.0.1:18000/api/v1/dataconfig/node/sort/$csv{nodetype}/99e224ec-8d91-4efe-9c0a-65003e20f097/3
[2023-06-02 18:33:45,641] logger_util.py->write_log line:61 [INFO] 请求头：{'Content-Type': 'application/json;charset=UTF-8', 'X-Project': '83d42c5d5ad141bba528b7690b19996e'}
[2023-06-02 18:33:45,641] logger_util.py->write_log line:61 [INFO] 文件上传：None
[2023-06-02 18:33:45,644] logger_util.py->error_log line:65 [INFO] 断言失败:status_code不等于200
[2023-06-02 18:33:45,644] logger_util.py->write_log line:61 [INFO] 接口请求失败！
[2023-06-02 18:33:45,645] logger_util.py->write_log line:61 [INFO] -------------接口请求结束-----------

[2023-06-02 18:33:45,645] logger_util.py->error_log line:65 [INFO] 断言异常：异常信息: Traceback (most recent call last):
  File "E:\Project_python\2TestCMS2.0\common\requests_util.py", line 366, in validate_result
    error_log("断言失败:"+assert_key+"不等于"+str(assert_value))
  File "E:\Project_python\2TestCMS2.0\common\logger_util.py", line 66, in error_log
    raise Exception(log_message)
Exception: 断言失败:status_code不等于200

[2023-06-02 18:33:45,645] logger_util.py->error_log line:65 [INFO] 分析YAML文件异常：异常信息: Traceback (most recent call last):
  File "E:\Project_python\2TestCMS2.0\common\requests_util.py", line 366, in validate_result
    error_log("断言失败:"+assert_key+"不等于"+str(assert_value))
  File "E:\Project_python\2TestCMS2.0\common\logger_util.py", line 66, in error_log
    raise Exception(log_message)
Exception: 断言失败:status_code不等于200

During handling of the above exception, another exception occurred:

Traceback (most recent call last):
  File "E:\Project_python\2TestCMS2.0\common\requests_util.py", line 248, in analysis_yaml
    self.validate_result(yq_result, return_data, status_code)
  File "E:\Project_python\2TestCMS2.0\common\requests_util.py", line 416, in validate_result
    error_log("断言异常：异常信息: %s" % str(traceback.format_exc()))
  File "E:\Project_python\2TestCMS2.0\common\logger_util.py", line 66, in error_log
    raise Exception(log_message)
Exception: 断言异常：异常信息: Traceback (most recent call last):
  File "E:\Project_python\2TestCMS2.0\common\requests_util.py", line 366, in validate_result
    error_log("断言失败:"+assert_key+"不等于"+str(assert_value))
  File "E:\Project_python\2TestCMS2.0\common\logger_util.py", line 66, in error_log
    raise Exception(log_message)
Exception: 断言失败:status_code不等于200


