[2023-06-02 17:38:06,939] logger_util.py->write_log line:61 [INFO] -------------接口请求开始-----------
[2023-06-02 17:38:06,939] logger_util.py->write_log line:61 [INFO] 接口名称：创建归档表
[2023-06-02 17:38:06,939] logger_util.py->write_log line:61 [INFO] 接口方式：post
[2023-06-02 17:38:06,939] logger_util.py->write_log line:61 [INFO] 接口路径：http://127.0.0.1:18000/api/v1/dataconfig/filingtable
[2023-06-02 17:38:06,940] logger_util.py->write_log line:61 [INFO] 请求头：{'Content-Type': 'application/json;charset=UTF-8', 'X-Project': '83d42c5d5ad141bba528b7690b19996e'}
[2023-06-02 17:38:06,940] logger_util.py->write_log line:61 [INFO] 请求参数：{'folderId': '00000000-0000-0000-0000-000000000000', 'name': '归档表25', 'sort': 2}
[2023-06-02 17:38:06,940] logger_util.py->write_log line:61 [INFO] 文件上传：None
[2023-06-02 17:38:08,071] logger_util.py->write_log line:61 [INFO] 预期结果：[{'equals': {'status_code': 200}}, {'equals': {'sort': 2}}, {'contains': 'id'}]
[2023-06-02 17:38:08,071] logger_util.py->write_log line:61 [INFO] 实际结果：{'id': '142ec87d-739b-42cc-90a7-e944cca07e69', 'folderId': '00000000-0000-0000-0000-000000000000', 'name': '归档表25', 'sort': 2, 'createDateTime': '2023-06-02T17:38:07.0699709+08:00', 'operationTypes': [1, 2, 3, 4], 'functionTypes': [1, 2, 3, 4], 'extendedHeaders': ['记录时间'], 'cacheConfig_EnableCache': False, 'cacheConfig_QuantityLimit': 0, 'cacheConfig_TimeSpanLimit': 0, 'cacheConfig_TimeSpanLimitUnit': 0, 'cacheConfig_ClearCache': '', 'storageConfig_ScheduledClear': False, 'storageConfig_ClearTriggerTime': None, 'storageConfig_ClearFrequency': 0, 'storageConfig_ClearFrequencyUnit': 0, 'storageConfig_ClearRetain': 0, 'storageConfig_ClearRetainUnit': 0, 'storageConfig_ScheduledBackup': False, 'storageConfig_BackupTriggerTime': None, 'storageConfig_BackupFrequency': 0, 'storageConfig_BackupFrequencyUnit': 0, 'storageConfig_BackupPath': ''}
[2023-06-02 17:38:08,071] logger_util.py->write_log line:61 [INFO] 接口请求成功！
[2023-06-02 17:38:08,071] logger_util.py->write_log line:61 [INFO] -------------接口请求结束-----------

[2023-06-02 17:38:08,081] logger_util.py->write_log line:61 [INFO] -------------接口请求开始-----------
[2023-06-02 17:38:08,082] logger_util.py->write_log line:61 [INFO] 接口名称：创建聚合表
[2023-06-02 17:38:08,082] logger_util.py->write_log line:61 [INFO] 接口方式：post
[2023-06-02 17:38:08,082] logger_util.py->write_log line:61 [INFO] 接口路径：http://127.0.0.1:18000/api/v1/dataconfig/aggregatetable
[2023-06-02 17:38:08,082] logger_util.py->write_log line:61 [INFO] 请求头：{'Content-Type': 'application/json;charset=UTF-8', 'X-Project': '83d42c5d5ad141bba528b7690b19996e'}
[2023-06-02 17:38:08,082] logger_util.py->write_log line:61 [INFO] 请求参数：{'folderId': '00000000-0000-0000-0000-000000000000', 'name': '聚合表25', 'sort': 3, 'tableId': '142ec87d-739b-42cc-90a7-e944cca07e69', 'nodeType': 2}
[2023-06-02 17:38:08,082] logger_util.py->write_log line:61 [INFO] 文件上传：None
[2023-06-02 17:38:08,765] logger_util.py->write_log line:61 [INFO] 预期结果：[{'equals': {'status_code': 200}}, {'equals': {'sort': 3}}, {'contains': 'id'}]
[2023-06-02 17:38:08,765] logger_util.py->write_log line:61 [INFO] 实际结果：{'id': '8f5a832c-a5e9-42ce-a622-c6a73b0882e2', 'folderId': '00000000-0000-0000-0000-000000000000', 'relativeTableId': '142ec87d-739b-42cc-90a7-e944cca07e69', 'relativeType': 2, 'name': '聚合表25', 'sort': 3, 'createDateTime': '2023-06-02T17:38:08.2638508+08:00', 'preConditionType': 0, 'operationTypes': [1, 2, 3, 4], 'functionTypes': [2, 3, 4], 'extendedHeaders': ['记录时间'], 'storageConfig_ScheduledClear': False, 'storageConfig_ClearTriggerTime': None, 'storageConfig_ClearFrequency': 0, 'storageConfig_ClearFrequencyUnit': 0, 'storageConfig_ClearRetain': 0, 'storageConfig_ClearRetainUnit': 0, 'storageConfig_ScheduledBackup': False, 'storageConfig_BackupTriggerTime': None, 'storageConfig_BackupFrequency': 0, 'storageConfig_BackupFrequencyUnit': 0, 'storageConfig_BackupPath': ''}
[2023-06-02 17:38:08,765] logger_util.py->write_log line:61 [INFO] 接口请求成功！
[2023-06-02 17:38:08,765] logger_util.py->write_log line:61 [INFO] -------------接口请求结束-----------

