[2023-06-05 18:38:16,055] logger_util.py->write_log line:61 [INFO] -------------接口请求开始-----------
[2023-06-05 18:38:16,055] logger_util.py->write_log line:61 [INFO] 接口名称：创建报警文件夹
[2023-06-05 18:38:16,055] logger_util.py->write_log line:61 [INFO] 接口方式：post
[2023-06-05 18:38:16,055] logger_util.py->write_log line:61 [INFO] 接口路径：http://127.0.0.1:18000/api/v1/alarmfolder/add
[2023-06-05 18:38:16,055] logger_util.py->write_log line:61 [INFO] 请求头：{'Content-Type': 'application/json;charset=UTF-8', 'X-Project': 'da1746c3d0814e3da3c463b17bf73d6f'}
[2023-06-05 18:38:16,056] logger_util.py->write_log line:61 [INFO] 请求参数：{'name': '报警文件夹82', 'nodeType': 0}
[2023-06-05 18:38:16,056] logger_util.py->write_log line:61 [INFO] 文件上传：None
[2023-06-05 18:38:16,180] logger_util.py->write_log line:61 [INFO] 预期结果：[{'equals': {'status_code': 200}}, {'equals': {'nodeType': 0}}, {'contains': 'id'}]
[2023-06-05 18:38:16,181] logger_util.py->write_log line:61 [INFO] 实际结果：{'id': '05bb6e43-983e-4d99-8e35-e3821ea56b8d', 'parentId': None, 'name': '报警文件夹82', 'nodeType': 0, 'sort': 1, 'children': None}
[2023-06-05 18:38:16,181] logger_util.py->write_log line:61 [INFO] 接口请求成功！
[2023-06-05 18:38:16,181] logger_util.py->write_log line:61 [INFO] -------------接口请求结束-----------

[2023-06-05 18:38:16,195] logger_util.py->write_log line:61 [INFO] -------------接口请求开始-----------
[2023-06-05 18:38:16,195] logger_util.py->write_log line:61 [INFO] 接口名称：创建报警组
[2023-06-05 18:38:16,195] logger_util.py->write_log line:61 [INFO] 接口方式：post
[2023-06-05 18:38:16,195] logger_util.py->write_log line:61 [INFO] 接口路径：http://127.0.0.1:18000/api/v1/alarmfolder/add
[2023-06-05 18:38:16,195] logger_util.py->write_log line:61 [INFO] 请求头：{'Content-Type': 'application/json;charset=UTF-8', 'X-Project': 'da1746c3d0814e3da3c463b17bf73d6f'}
[2023-06-05 18:38:16,195] logger_util.py->write_log line:61 [INFO] 请求参数：{'name': '报警组22', 'nodeType': 1, 'parentId': None}
[2023-06-05 18:38:16,195] logger_util.py->write_log line:61 [INFO] 文件上传：None
[2023-06-05 18:38:16,318] logger_util.py->write_log line:61 [INFO] 预期结果：[{'equals': {'status_code': 200}}, {'equals': {'nodeType': 1}}, {'contains': 'id'}]
[2023-06-05 18:38:16,318] logger_util.py->write_log line:61 [INFO] 实际结果：{'id': '478ebf89-4ee2-48cd-98e0-120b199ae3f3', 'parentId': None, 'name': '报警组22', 'nodeType': 1, 'sort': 2, 'children': None}
[2023-06-05 18:38:16,318] logger_util.py->write_log line:61 [INFO] 接口请求成功！
[2023-06-05 18:38:16,318] logger_util.py->write_log line:61 [INFO] -------------接口请求结束-----------

[2023-06-05 18:38:16,329] logger_util.py->write_log line:61 [INFO] -------------接口请求开始-----------
[2023-06-05 18:38:16,329] logger_util.py->write_log line:61 [INFO] 接口名称：更新报警组
[2023-06-05 18:38:16,329] logger_util.py->write_log line:61 [INFO] 接口方式：put
[2023-06-05 18:38:16,329] logger_util.py->write_log line:61 [INFO] 接口路径：http://127.0.0.1:18000/api/v1/alarmfolder/update
[2023-06-05 18:38:16,329] logger_util.py->write_log line:61 [INFO] 请求头：{'Content-Type': 'application/json;charset=UTF-8', 'X-Project': 'da1746c3d0814e3da3c463b17bf73d6f'}
[2023-06-05 18:38:16,329] logger_util.py->write_log line:61 [INFO] 请求参数：{'id': '05bb6e43-983e-4d99-8e35-e3821ea56b8d', 'parentId': None, 'name': '修改报警文件34', 'nodeType': 0, 'sort': 1, 'children': []}
[2023-06-05 18:38:16,329] logger_util.py->write_log line:61 [INFO] 文件上传：None
[2023-06-05 18:38:16,434] logger_util.py->write_log line:61 [INFO] 预期结果：[{'equals': {'status_code': 200}}, {'equals': {'nodeType': 0}}, {'contains': 'id'}]
[2023-06-05 18:38:16,434] logger_util.py->write_log line:61 [INFO] 实际结果：{'id': '05bb6e43-983e-4d99-8e35-e3821ea56b8d', 'parentId': None, 'name': '修改报警文件34', 'nodeType': 0, 'sort': 1, 'children': None}
[2023-06-05 18:38:16,434] logger_util.py->write_log line:61 [INFO] 接口请求成功！
[2023-06-05 18:38:16,434] logger_util.py->write_log line:61 [INFO] -------------接口请求结束-----------

[2023-06-05 18:38:16,442] logger_util.py->write_log line:61 [INFO] -------------接口请求开始-----------
[2023-06-05 18:38:16,442] logger_util.py->write_log line:61 [INFO] 接口名称：更新报警组
[2023-06-05 18:38:16,442] logger_util.py->write_log line:61 [INFO] 接口方式：put
[2023-06-05 18:38:16,442] logger_util.py->write_log line:61 [INFO] 接口路径：http://127.0.0.1:18000/api/v1/alarmfolder/update
[2023-06-05 18:38:16,443] logger_util.py->write_log line:61 [INFO] 请求头：{'Content-Type': 'application/json;charset=UTF-8', 'X-Project': 'da1746c3d0814e3da3c463b17bf73d6f'}
[2023-06-05 18:38:16,443] logger_util.py->write_log line:61 [INFO] 请求参数：{'id': '478ebf89-4ee2-48cd-98e0-120b199ae3f3', 'parentId': '05bb6e43-983e-4d99-8e35-e3821ea56b8d', 'name': '修改报警组19', 'nodeType': 1, 'sort': 1, 'children': []}
[2023-06-05 18:38:16,443] logger_util.py->write_log line:61 [INFO] 文件上传：None
[2023-06-05 18:38:16,533] logger_util.py->write_log line:61 [INFO] 预期结果：[{'equals': {'status_code': 200}}, {'equals': {'nodeType': 1}}, {'contains': 'id'}]
[2023-06-05 18:38:16,534] logger_util.py->write_log line:61 [INFO] 实际结果：{'id': '478ebf89-4ee2-48cd-98e0-120b199ae3f3', 'parentId': None, 'name': '修改报警组19', 'nodeType': 1, 'sort': 2, 'children': None}
[2023-06-05 18:38:16,534] logger_util.py->write_log line:61 [INFO] 接口请求成功！
[2023-06-05 18:38:16,534] logger_util.py->write_log line:61 [INFO] -------------接口请求结束-----------

[2023-06-05 18:38:16,540] logger_util.py->write_log line:61 [INFO] -------------接口请求开始-----------
[2023-06-05 18:38:16,540] logger_util.py->write_log line:61 [INFO] 接口名称：查询报警组树
[2023-06-05 18:38:16,540] logger_util.py->write_log line:61 [INFO] 接口方式：get
[2023-06-05 18:38:16,540] logger_util.py->write_log line:61 [INFO] 接口路径：http://127.0.0.1:18000/api/v1/alarmfolder/gettree
[2023-06-05 18:38:16,540] logger_util.py->write_log line:61 [INFO] 请求头：{'Content-Type': 'application/json;charset=UTF-8', 'X-Project': 'da1746c3d0814e3da3c463b17bf73d6f'}
[2023-06-05 18:38:16,540] logger_util.py->write_log line:61 [INFO] 文件上传：None
[2023-06-05 18:38:16,550] logger_util.py->write_log line:61 [INFO] 预期结果：[{'equals': {'status_code': 200}}]
[2023-06-05 18:38:16,550] logger_util.py->write_log line:61 [INFO] 实际结果：[{'id': '05bb6e43-983e-4d99-8e35-e3821ea56b8d', 'parentId': None, 'name': '修改报警文件34', 'nodeType': 0, 'sort': 1, 'children': []}, {'id': '478ebf89-4ee2-48cd-98e0-120b199ae3f3', 'parentId': None, 'name': '修改报警组19', 'nodeType': 1, 'sort': 2, 'children': None}]
[2023-06-05 18:38:16,550] logger_util.py->write_log line:61 [INFO] 接口请求成功！
[2023-06-05 18:38:16,550] logger_util.py->write_log line:61 [INFO] -------------接口请求结束-----------

[2023-06-05 18:38:16,556] logger_util.py->write_log line:61 [INFO] -------------接口请求开始-----------
[2023-06-05 18:38:16,556] logger_util.py->write_log line:61 [INFO] 接口名称：删除报警文件夹
[2023-06-05 18:38:16,557] logger_util.py->write_log line:61 [INFO] 接口方式：delete
[2023-06-05 18:38:16,557] logger_util.py->write_log line:61 [INFO] 接口路径：http://127.0.0.1:18000/api/v1/alarmfolder/delete
[2023-06-05 18:38:16,557] logger_util.py->write_log line:61 [INFO] 请求头：{'Content-Type': 'application/json;charset=UTF-8', 'X-Project': 'da1746c3d0814e3da3c463b17bf73d6f'}
[2023-06-05 18:38:16,557] logger_util.py->write_log line:61 [INFO] 请求参数：{'type': 0, 'id': '05bb6e43-983e-4d99-8e35-e3821ea56b8d'}
[2023-06-05 18:38:16,557] logger_util.py->write_log line:61 [INFO] 文件上传：None
[2023-06-05 18:38:16,691] logger_util.py->write_log line:61 [INFO] 预期结果：[{'equals': {'status_code': 200}}]
[2023-06-05 18:38:16,691] logger_util.py->write_log line:61 [INFO] 实际结果：Delete Success
[2023-06-05 18:38:16,691] logger_util.py->write_log line:61 [INFO] 接口请求成功！
[2023-06-05 18:38:16,691] logger_util.py->write_log line:61 [INFO] -------------接口请求结束-----------

[2023-06-05 18:38:16,698] logger_util.py->write_log line:61 [INFO] -------------接口请求开始-----------
[2023-06-05 18:38:16,698] logger_util.py->write_log line:61 [INFO] 接口名称：删除报警组
[2023-06-05 18:38:16,698] logger_util.py->write_log line:61 [INFO] 接口方式：delete
[2023-06-05 18:38:16,698] logger_util.py->write_log line:61 [INFO] 接口路径：http://127.0.0.1:18000/api/v1/alarmfolder/delete
[2023-06-05 18:38:16,698] logger_util.py->write_log line:61 [INFO] 请求头：{'Content-Type': 'application/json;charset=UTF-8', 'X-Project': 'da1746c3d0814e3da3c463b17bf73d6f'}
[2023-06-05 18:38:16,698] logger_util.py->write_log line:61 [INFO] 请求参数：{'type': 1, 'id': '478ebf89-4ee2-48cd-98e0-120b199ae3f3'}
[2023-06-05 18:38:16,698] logger_util.py->write_log line:61 [INFO] 文件上传：None
[2023-06-05 18:38:16,803] logger_util.py->write_log line:61 [INFO] 预期结果：[{'equals': {'status_code': 200}}]
[2023-06-05 18:38:16,803] logger_util.py->write_log line:61 [INFO] 实际结果：Delete Success
[2023-06-05 18:38:16,803] logger_util.py->write_log line:61 [INFO] 接口请求成功！
[2023-06-05 18:38:16,803] logger_util.py->write_log line:61 [INFO] -------------接口请求结束-----------

[2023-06-05 18:38:16,809] logger_util.py->write_log line:61 [INFO] -------------接口请求开始-----------
[2023-06-05 18:38:16,809] logger_util.py->write_log line:61 [INFO] 接口名称：创建报警组
[2023-06-05 18:38:16,809] logger_util.py->write_log line:61 [INFO] 接口方式：post
[2023-06-05 18:38:16,809] logger_util.py->write_log line:61 [INFO] 接口路径：http://127.0.0.1:18000/api/v1/alarmfolder/add
[2023-06-05 18:38:16,809] logger_util.py->write_log line:61 [INFO] 请求头：{'Content-Type': 'application/json;charset=UTF-8', 'X-Project': 'da1746c3d0814e3da3c463b17bf73d6f'}
[2023-06-05 18:38:16,809] logger_util.py->write_log line:61 [INFO] 请求参数：{'name': '报警组27', 'nodeType': 1, 'parentId': None}
[2023-06-05 18:38:16,809] logger_util.py->write_log line:61 [INFO] 文件上传：None
[2023-06-05 18:38:16,922] logger_util.py->write_log line:61 [INFO] 预期结果：[{'equals': {'status_code': 200}}, {'equals': {'nodeType': 1}}, {'contains': 'id'}]
[2023-06-05 18:38:16,923] logger_util.py->write_log line:61 [INFO] 实际结果：{'id': 'a596c175-fb2b-419f-9b5e-07d7b0f39310', 'parentId': None, 'name': '报警组27', 'nodeType': 1, 'sort': 1, 'children': None}
[2023-06-05 18:38:16,923] logger_util.py->write_log line:61 [INFO] 接口请求成功！
[2023-06-05 18:38:16,923] logger_util.py->write_log line:61 [INFO] -------------接口请求结束-----------

[2023-06-05 18:38:16,941] logger_util.py->write_log line:61 [INFO] -------------接口请求开始-----------
[2023-06-05 18:38:16,941] logger_util.py->write_log line:61 [INFO] 接口名称：创建报警等级
[2023-06-05 18:38:16,942] logger_util.py->write_log line:61 [INFO] 接口方式：post
[2023-06-05 18:38:16,942] logger_util.py->write_log line:61 [INFO] 接口路径：http://127.0.0.1:18000/api/v1/alarmlevel/add
[2023-06-05 18:38:16,942] logger_util.py->write_log line:61 [INFO] 请求头：{'Content-Type': 'application/json;charset=UTF-8', 'X-Project': 'da1746c3d0814e3da3c463b17bf73d6f'}
[2023-06-05 18:38:16,942] logger_util.py->write_log line:61 [INFO] 请求参数：[{'name': '报警等级12'}]
[2023-06-05 18:38:16,942] logger_util.py->write_log line:61 [INFO] 文件上传：None
[2023-06-05 18:38:17,086] logger_util.py->write_log line:61 [INFO] 预期结果：[{'equals': {'status_code': 200}}]
[2023-06-05 18:38:17,086] logger_util.py->write_log line:61 [INFO] 实际结果：[{'id': 'c94d11b8-d884-4ddc-9c7f-ab46cb3923ae', 'name': '报警等级12'}]
[2023-06-05 18:38:17,086] logger_util.py->write_log line:61 [INFO] 接口请求成功！
[2023-06-05 18:38:17,086] logger_util.py->write_log line:61 [INFO] -------------接口请求结束-----------

[2023-06-05 18:38:17,098] logger_util.py->write_log line:61 [INFO] -------------接口请求开始-----------
[2023-06-05 18:38:17,098] logger_util.py->write_log line:61 [INFO] 接口名称：更新报警等级
[2023-06-05 18:38:17,098] logger_util.py->write_log line:61 [INFO] 接口方式：put
[2023-06-05 18:38:17,098] logger_util.py->write_log line:61 [INFO] 接口路径：http://127.0.0.1:18000/api/v1/alarmlevel/update
[2023-06-05 18:38:17,098] logger_util.py->write_log line:61 [INFO] 请求头：{'Content-Type': 'application/json;charset=UTF-8', 'X-Project': 'da1746c3d0814e3da3c463b17bf73d6f'}
[2023-06-05 18:38:17,098] logger_util.py->write_log line:61 [INFO] 请求参数：[{'id': 'c94d11b8-d884-4ddc-9c7f-ab46cb3923ae', 'name': '更新报警等级56'}]
[2023-06-05 18:38:17,098] logger_util.py->write_log line:61 [INFO] 文件上传：None
[2023-06-05 18:38:17,196] logger_util.py->write_log line:61 [INFO] 预期结果：[{'equals': {'status_code': 200}}]
[2023-06-05 18:38:17,196] logger_util.py->write_log line:61 [INFO] 实际结果：[{'id': 'c94d11b8-d884-4ddc-9c7f-ab46cb3923ae', 'name': '更新报警等级56'}]
[2023-06-05 18:38:17,197] logger_util.py->write_log line:61 [INFO] 接口请求成功！
[2023-06-05 18:38:17,197] logger_util.py->write_log line:61 [INFO] -------------接口请求结束-----------

[2023-06-05 18:38:17,212] logger_util.py->write_log line:61 [INFO] -------------接口请求开始-----------
[2023-06-05 18:38:17,212] logger_util.py->write_log line:61 [INFO] 接口名称：查询报警等级
[2023-06-05 18:38:17,212] logger_util.py->write_log line:61 [INFO] 接口方式：get
[2023-06-05 18:38:17,212] logger_util.py->write_log line:61 [INFO] 接口路径：http://127.0.0.1:18000/api/v1/alarmlevel/query
[2023-06-05 18:38:17,213] logger_util.py->write_log line:61 [INFO] 请求头：{'Content-Type': 'application/json;charset=UTF-8', 'X-Project': 'da1746c3d0814e3da3c463b17bf73d6f'}
[2023-06-05 18:38:17,213] logger_util.py->write_log line:61 [INFO] 文件上传：None
[2023-06-05 18:38:17,218] logger_util.py->write_log line:61 [INFO] 预期结果：[{'equals': {'status_code': 200}}]
[2023-06-05 18:38:17,218] logger_util.py->write_log line:61 [INFO] 实际结果：[{'id': 'c94d11b8-d884-4ddc-9c7f-ab46cb3923ae', 'name': '更新报警等级56'}]
[2023-06-05 18:38:17,219] logger_util.py->write_log line:61 [INFO] 接口请求成功！
[2023-06-05 18:38:17,219] logger_util.py->write_log line:61 [INFO] -------------接口请求结束-----------

[2023-06-05 18:38:17,225] logger_util.py->write_log line:61 [INFO] -------------接口请求开始-----------
[2023-06-05 18:38:17,226] logger_util.py->write_log line:61 [INFO] 接口名称：删除报警等级
[2023-06-05 18:38:17,226] logger_util.py->write_log line:61 [INFO] 接口方式：delete
[2023-06-05 18:38:17,226] logger_util.py->write_log line:61 [INFO] 接口路径：http://127.0.0.1:18000/api/v1/alarmlevel/delete
[2023-06-05 18:38:17,226] logger_util.py->write_log line:61 [INFO] 请求头：{'Content-Type': 'application/json;charset=UTF-8', 'X-Project': 'da1746c3d0814e3da3c463b17bf73d6f'}
[2023-06-05 18:38:17,226] logger_util.py->write_log line:61 [INFO] 请求参数：['c94d11b8-d884-4ddc-9c7f-ab46cb3923ae']
[2023-06-05 18:38:17,226] logger_util.py->write_log line:61 [INFO] 文件上传：None
[2023-06-05 18:38:17,336] logger_util.py->write_log line:61 [INFO] 预期结果：[{'equals': {'status_code': 200}}]
[2023-06-05 18:38:17,336] logger_util.py->write_log line:61 [INFO] 实际结果：Delete Success
[2023-06-05 18:38:17,336] logger_util.py->write_log line:61 [INFO] 接口请求成功！
[2023-06-05 18:38:17,336] logger_util.py->write_log line:61 [INFO] -------------接口请求结束-----------

[2023-06-05 18:38:17,341] logger_util.py->write_log line:61 [INFO] -------------接口请求开始-----------
[2023-06-05 18:38:17,341] logger_util.py->write_log line:61 [INFO] 接口名称：创建报警等级
[2023-06-05 18:38:17,342] logger_util.py->write_log line:61 [INFO] 接口方式：post
[2023-06-05 18:38:17,342] logger_util.py->write_log line:61 [INFO] 接口路径：http://127.0.0.1:18000/api/v1/alarmlevel/add
[2023-06-05 18:38:17,342] logger_util.py->write_log line:61 [INFO] 请求头：{'Content-Type': 'application/json;charset=UTF-8', 'X-Project': 'da1746c3d0814e3da3c463b17bf73d6f'}
[2023-06-05 18:38:17,342] logger_util.py->write_log line:61 [INFO] 请求参数：[{'name': '报警等级10'}]
[2023-06-05 18:38:17,342] logger_util.py->write_log line:61 [INFO] 文件上传：None
[2023-06-05 18:38:17,445] logger_util.py->write_log line:61 [INFO] 预期结果：[{'equals': {'status_code': 200}}]
[2023-06-05 18:38:17,445] logger_util.py->write_log line:61 [INFO] 实际结果：[{'id': '6094708c-a1f0-4623-9be4-86dc14a9e202', 'name': '报警等级10'}]
[2023-06-05 18:38:17,445] logger_util.py->write_log line:61 [INFO] 接口请求成功！
[2023-06-05 18:38:17,445] logger_util.py->write_log line:61 [INFO] -------------接口请求结束-----------

[2023-06-05 18:38:17,451] logger_util.py->write_log line:61 [INFO] -------------接口请求开始-----------
[2023-06-05 18:38:17,451] logger_util.py->write_log line:61 [INFO] 接口名称：创建报警类别组
[2023-06-05 18:38:17,451] logger_util.py->write_log line:61 [INFO] 接口方式：post
[2023-06-05 18:38:17,451] logger_util.py->write_log line:61 [INFO] 接口路径：http://127.0.0.1:18000/api/v1/alarmtypegroup/add
[2023-06-05 18:38:17,451] logger_util.py->write_log line:61 [INFO] 请求头：{'Content-Type': 'application/json;charset=UTF-8', 'X-Project': 'da1746c3d0814e3da3c463b17bf73d6f'}
[2023-06-05 18:38:17,452] logger_util.py->write_log line:61 [INFO] 请求参数：[{'name': '报警类别组97'}]
[2023-06-05 18:38:17,452] logger_util.py->write_log line:61 [INFO] 文件上传：None
[2023-06-05 18:38:18,102] logger_util.py->write_log line:61 [INFO] 预期结果：[{'equals': {'status_code': 200}}]
[2023-06-05 18:38:18,103] logger_util.py->write_log line:61 [INFO] 实际结果：[{'id': '9d97c4da-f671-4cba-a999-5d96bb2402f9', 'name': '报警类别组97', 'sort': 5}]
[2023-06-05 18:38:18,103] logger_util.py->write_log line:61 [INFO] 接口请求成功！
[2023-06-05 18:38:18,103] logger_util.py->write_log line:61 [INFO] -------------接口请求结束-----------

[2023-06-05 18:38:18,114] logger_util.py->write_log line:61 [INFO] -------------接口请求开始-----------
[2023-06-05 18:38:18,114] logger_util.py->write_log line:61 [INFO] 接口名称：更新报警类别组
[2023-06-05 18:38:18,114] logger_util.py->write_log line:61 [INFO] 接口方式：put
[2023-06-05 18:38:18,114] logger_util.py->write_log line:61 [INFO] 接口路径：http://127.0.0.1:18000/api/v1/alarmtypegroup/update
[2023-06-05 18:38:18,114] logger_util.py->write_log line:61 [INFO] 请求头：{'Content-Type': 'application/json;charset=UTF-8', 'X-Project': 'da1746c3d0814e3da3c463b17bf73d6f'}
[2023-06-05 18:38:18,114] logger_util.py->write_log line:61 [INFO] 请求参数：[{'id': '9d97c4da-f671-4cba-a999-5d96bb2402f9', 'name': '更新报警类别组96', 'sort': 1}]
[2023-06-05 18:38:18,114] logger_util.py->write_log line:61 [INFO] 文件上传：None
[2023-06-05 18:38:19,175] logger_util.py->write_log line:61 [INFO] 预期结果：[{'equals': {'status_code': 200}}]
[2023-06-05 18:38:19,175] logger_util.py->write_log line:61 [INFO] 实际结果：[{'id': '9d97c4da-f671-4cba-a999-5d96bb2402f9', 'name': '更新报警类别组96', 'sort': 5}]
[2023-06-05 18:38:19,176] logger_util.py->write_log line:61 [INFO] 接口请求成功！
[2023-06-05 18:38:19,176] logger_util.py->write_log line:61 [INFO] -------------接口请求结束-----------

[2023-06-05 18:38:19,182] logger_util.py->write_log line:61 [INFO] -------------接口请求开始-----------
[2023-06-05 18:38:19,183] logger_util.py->write_log line:61 [INFO] 接口名称：删除报警类别组
[2023-06-05 18:38:19,183] logger_util.py->write_log line:61 [INFO] 接口方式：delete
[2023-06-05 18:38:19,183] logger_util.py->write_log line:61 [INFO] 接口路径：http://127.0.0.1:18000/api/v1/alarmtypegroup/delete
[2023-06-05 18:38:19,183] logger_util.py->write_log line:61 [INFO] 请求头：{'Content-Type': 'application/json;charset=UTF-8', 'X-Project': 'da1746c3d0814e3da3c463b17bf73d6f'}
[2023-06-05 18:38:19,183] logger_util.py->write_log line:61 [INFO] 请求参数：['9d97c4da-f671-4cba-a999-5d96bb2402f9']
[2023-06-05 18:38:19,183] logger_util.py->write_log line:61 [INFO] 文件上传：None
[2023-06-05 18:38:20,905] logger_util.py->write_log line:61 [INFO] 预期结果：[{'equals': {'status_code': 200}}]
[2023-06-05 18:38:20,905] logger_util.py->write_log line:61 [INFO] 实际结果：Delete Success
[2023-06-05 18:38:20,906] logger_util.py->write_log line:61 [INFO] 接口请求成功！
[2023-06-05 18:38:20,906] logger_util.py->write_log line:61 [INFO] -------------接口请求结束-----------

[2023-06-05 18:38:20,911] logger_util.py->write_log line:61 [INFO] -------------接口请求开始-----------
[2023-06-05 18:38:20,912] logger_util.py->write_log line:61 [INFO] 接口名称：创建报警类别组
[2023-06-05 18:38:20,912] logger_util.py->write_log line:61 [INFO] 接口方式：post
[2023-06-05 18:38:20,912] logger_util.py->write_log line:61 [INFO] 接口路径：http://127.0.0.1:18000/api/v1/alarmtypegroup/add
[2023-06-05 18:38:20,912] logger_util.py->write_log line:61 [INFO] 请求头：{'Content-Type': 'application/json;charset=UTF-8', 'X-Project': 'da1746c3d0814e3da3c463b17bf73d6f'}
[2023-06-05 18:38:20,912] logger_util.py->write_log line:61 [INFO] 请求参数：[{'name': '报警类别组78'}]
[2023-06-05 18:38:20,912] logger_util.py->write_log line:61 [INFO] 文件上传：None
[2023-06-05 18:38:21,464] logger_util.py->write_log line:61 [INFO] 预期结果：[{'equals': {'status_code': 200}}]
[2023-06-05 18:38:21,464] logger_util.py->write_log line:61 [INFO] 实际结果：[{'id': 'f8aa1374-d004-4739-beaf-55989cbb8ae5', 'name': '报警类别组78', 'sort': 5}]
[2023-06-05 18:38:21,464] logger_util.py->write_log line:61 [INFO] 接口请求成功！
[2023-06-05 18:38:21,465] logger_util.py->write_log line:61 [INFO] -------------接口请求结束-----------

[2023-06-05 18:38:21,470] logger_util.py->write_log line:61 [INFO] -------------接口请求开始-----------
[2023-06-05 18:38:21,470] logger_util.py->write_log line:61 [INFO] 接口名称：查询报警类别组
[2023-06-05 18:38:21,470] logger_util.py->write_log line:61 [INFO] 接口方式：get
[2023-06-05 18:38:21,470] logger_util.py->write_log line:61 [INFO] 接口路径：http://127.0.0.1:18000/api/v1/alarmtypegroup/query
[2023-06-05 18:38:21,470] logger_util.py->write_log line:61 [INFO] 请求头：{'Content-Type': 'application/json;charset=UTF-8', 'X-Project': 'da1746c3d0814e3da3c463b17bf73d6f'}
[2023-06-05 18:38:21,470] logger_util.py->write_log line:61 [INFO] 文件上传：None
[2023-06-05 18:38:21,474] logger_util.py->write_log line:61 [INFO] 预期结果：[{'equals': {'status_code': 200}}]
[2023-06-05 18:38:21,474] logger_util.py->write_log line:61 [INFO] 实际结果：[{'id': 'f8aa1374-d004-4739-beaf-55989cbb8ae5', 'name': '报警类别组78', 'sort': 5}]
[2023-06-05 18:38:21,475] logger_util.py->write_log line:61 [INFO] 接口请求成功！
[2023-06-05 18:38:21,475] logger_util.py->write_log line:61 [INFO] -------------接口请求结束-----------

[2023-06-05 18:38:21,487] logger_util.py->write_log line:61 [INFO] -------------接口请求开始-----------
[2023-06-05 18:38:21,487] logger_util.py->write_log line:61 [INFO] 接口名称：创建报警类别项
[2023-06-05 18:38:21,487] logger_util.py->write_log line:61 [INFO] 接口方式：post
[2023-06-05 18:38:21,487] logger_util.py->write_log line:61 [INFO] 接口路径：http://127.0.0.1:18000/api/v1/alarmtype/add
[2023-06-05 18:38:21,487] logger_util.py->write_log line:61 [INFO] 请求头：{'Content-Type': 'application/json;charset=UTF-8', 'X-Project': 'da1746c3d0814e3da3c463b17bf73d6f'}
[2023-06-05 18:38:21,487] logger_util.py->write_log line:61 [INFO] 请求参数：[{'name': '类别项37', 'groupID': 'f8aa1374-d004-4739-beaf-55989cbb8ae5'}]
[2023-06-05 18:38:21,487] logger_util.py->write_log line:61 [INFO] 文件上传：None
[2023-06-05 18:38:21,595] logger_util.py->write_log line:61 [INFO] 预期结果：[{'equals': {'status_code': 200}}]
[2023-06-05 18:38:21,595] logger_util.py->write_log line:61 [INFO] 实际结果：[{'id': '355d2223-a433-4afb-9e8f-8adb842999de', 'groupID': 'f8aa1374-d004-4739-beaf-55989cbb8ae5', 'name': '类别项37', 'groupName': None}]
[2023-06-05 18:38:21,595] logger_util.py->write_log line:61 [INFO] 接口请求成功！
[2023-06-05 18:38:21,595] logger_util.py->write_log line:61 [INFO] -------------接口请求结束-----------

[2023-06-05 18:38:21,609] logger_util.py->write_log line:61 [INFO] -------------接口请求开始-----------
[2023-06-05 18:38:21,609] logger_util.py->write_log line:61 [INFO] 接口名称：更新报警类别项
[2023-06-05 18:38:21,609] logger_util.py->write_log line:61 [INFO] 接口方式：put
[2023-06-05 18:38:21,609] logger_util.py->write_log line:61 [INFO] 接口路径：http://127.0.0.1:18000/api/v1/alarmtype/update
[2023-06-05 18:38:21,609] logger_util.py->write_log line:61 [INFO] 请求头：{'Content-Type': 'application/json;charset=UTF-8', 'X-Project': 'da1746c3d0814e3da3c463b17bf73d6f'}
[2023-06-05 18:38:21,609] logger_util.py->write_log line:61 [INFO] 请求参数：[{'id': '355d2223-a433-4afb-9e8f-8adb842999de', 'groupID': 'f8aa1374-d004-4739-beaf-55989cbb8ae5', 'name': '更新类别项79', 'groupName': '报警类别组78'}]
[2023-06-05 18:38:21,610] logger_util.py->write_log line:61 [INFO] 文件上传：None
[2023-06-05 18:38:21,737] logger_util.py->write_log line:61 [INFO] 预期结果：[{'equals': {'status_code': 200}}]
[2023-06-05 18:38:21,737] logger_util.py->write_log line:61 [INFO] 实际结果：[{'id': '355d2223-a433-4afb-9e8f-8adb842999de', 'groupID': 'f8aa1374-d004-4739-beaf-55989cbb8ae5', 'name': '更新类别项79', 'groupName': None}]
[2023-06-05 18:38:21,737] logger_util.py->write_log line:61 [INFO] 接口请求成功！
[2023-06-05 18:38:21,738] logger_util.py->write_log line:61 [INFO] -------------接口请求结束-----------

[2023-06-05 18:38:21,744] logger_util.py->write_log line:61 [INFO] -------------接口请求开始-----------
[2023-06-05 18:38:21,744] logger_util.py->write_log line:61 [INFO] 接口名称：获取报警类别项
[2023-06-05 18:38:21,744] logger_util.py->write_log line:61 [INFO] 接口方式：get
[2023-06-05 18:38:21,744] logger_util.py->write_log line:61 [INFO] 接口路径：http://127.0.0.1:18000/api/v1/alarmtype/query
[2023-06-05 18:38:21,744] logger_util.py->write_log line:61 [INFO] 请求头：{'Content-Type': 'application/json;charset=UTF-8', 'X-Project': 'da1746c3d0814e3da3c463b17bf73d6f'}
[2023-06-05 18:38:21,744] logger_util.py->write_log line:61 [INFO] 文件上传：None
[2023-06-05 18:38:21,749] logger_util.py->write_log line:61 [INFO] 预期结果：[{'equals': {'status_code': 200}}]
[2023-06-05 18:38:21,749] logger_util.py->write_log line:61 [INFO] 实际结果：[{'id': 'aa0d5343-9df1-4af7-98c7-9053debdd320', 'groupID': 'f8d1253c-0ee9-4de9-841f-e90c7991f5ad', 'name': '类别项177', 'groupName': None}, {'id': 'ce799a00-4b55-49ed-b4b9-f112aaf99d0d', 'groupID': 'ead800a3-7698-41b0-a18a-1346a9aee1e1', 'name': '更新类别项1', 'groupName': None}, {'id': 'e86c06fa-20b5-428f-94d8-2d2347b347a5', 'groupID': 'f813be3c-32b5-4027-8d19-09c4047fe428', 'name': '更新类别项85', 'groupName': None}, {'id': '58bddbea-84a1-4179-8a4e-58ad5882180b', 'groupID': '29fc2d8a-db5c-4eaa-b5aa-bee9f80fb773', 'name': '更新类别项17', 'groupName': None}, {'id': 'd78805aa-e221-4e66-9d7d-401d3bedce0d', 'groupID': '02324fd1-8d5e-4d63-ae42-d17befead04b', 'name': '更新类别项28', 'groupName': None}, {'id': '37146ebf-a2ad-49d7-9882-e5d774db2dd6', 'groupID': '4e53af3f-c36e-4025-9e38-210669e51ce0', 'name': '更新类别项77', 'groupName': None}, {'id': '151aa2be-2d8c-4008-ba27-ac728b007672', 'groupID': '277a4012-0fa5-4b7d-8f67-94458edb2c1a', 'name': '更新类别项90', 'groupName': None}, {'id': '355d2223-a433-4afb-9e8f-8adb842999de', 'groupID': 'f8aa1374-d004-4739-beaf-55989cbb8ae5', 'name': '更新类别项79', 'groupName': '报警类别组78'}, {'id': '46a80d36-108b-43bc-b54d-22b2ed6f5573', 'groupID': 'f8d1253c-0ee9-4de9-841f-e90c7991f5ad', 'name': '类别2', 'groupName': None}, {'id': 'fb2ce5f6-6613-4a31-9727-4976e657e169', 'groupID': '5c85a541-2656-4feb-9778-533a2bf1815d', 'name': '类别项32', 'groupName': None}, {'id': 'c9a78b49-d56d-47b3-af4d-7e84b2e477ba', 'groupID': 'f813be3c-32b5-4027-8d19-09c4047fe428', 'name': '33', 'groupName': None}]
[2023-06-05 18:38:21,749] logger_util.py->write_log line:61 [INFO] 接口请求成功！
[2023-06-05 18:38:21,749] logger_util.py->write_log line:61 [INFO] -------------接口请求结束-----------

[2023-06-05 18:38:21,767] logger_util.py->write_log line:61 [INFO] -------------接口请求开始-----------
[2023-06-05 18:38:21,767] logger_util.py->write_log line:61 [INFO] 接口名称：创建报警点
[2023-06-05 18:38:21,767] logger_util.py->write_log line:61 [INFO] 接口方式：post
[2023-06-05 18:38:21,767] logger_util.py->write_log line:61 [INFO] 接口路径：http://127.0.0.1:18000/api/v1/alarmpoint/add
[2023-06-05 18:38:21,767] logger_util.py->write_log line:61 [INFO] 请求头：{'Content-Type': 'application/json;charset=UTF-8', 'X-Project': 'da1746c3d0814e3da3c463b17bf73d6f'}
[2023-06-05 18:38:21,767] logger_util.py->write_log line:61 [INFO] 请求参数：[{'groupID': 'a596c175-fb2b-419f-9b5e-07d7b0f39310', 'groupName': '报警组27', 'name': '报警名称100', 'content': '报警信息100', 'expression': 'G1==true', 'levelID': '6094708c-a1f0-4623-9be4-86dc14a9e202', 'levelName': '报警等级10', 'typeIDs': ['355d2223-a433-4afb-9e8f-8adb842999de']}]
[2023-06-05 18:38:21,767] logger_util.py->write_log line:61 [INFO] 文件上传：None
[2023-06-05 18:38:21,978] logger_util.py->write_log line:61 [INFO] 预期结果：[{'equals': {'status_code': 200}}]
[2023-06-05 18:38:21,978] logger_util.py->write_log line:61 [INFO] 实际结果：[{'id': '2dc98a63-2993-4a2b-9e7a-b9b220cfcb1b', 'groupID': 'a596c175-fb2b-419f-9b5e-07d7b0f39310', 'groupName': None, 'name': '报警名称100', 'content': '报警信息100', 'expression': 'G1==true', 'levelID': '6094708c-a1f0-4623-9be4-86dc14a9e202', 'levelName': None, 'typeIDs': [], 'typeNames': [], 'typeNameJoin': ''}]
[2023-06-05 18:38:21,978] logger_util.py->write_log line:61 [INFO] 接口请求成功！
[2023-06-05 18:38:21,978] logger_util.py->write_log line:61 [INFO] -------------接口请求结束-----------

