[2023-08-08 10:33:28,877] logger_util.py->write_log line:61 [INFO] -------------接口请求开始-----------
[2023-08-08 10:33:28,878] logger_util.py->write_log line:61 [INFO] 接口名称：modbus协议读取-保存寄存器有符号8位整型
[2023-08-08 10:33:28,878] logger_util.py->write_log line:61 [INFO] 接口方式：post
[2023-08-08 10:33:28,878] logger_util.py->write_log line:61 [INFO] 接口路径：http://127.0.0.1:6700/v1/cms/io/write
[2023-08-08 10:33:28,878] logger_util.py->write_log line:61 [INFO] 请求头：{'Content-Type': 'application/json'}
[2023-08-08 10:33:28,878] logger_util.py->write_log line:61 [INFO] 请求参数：{'tagDatas': 'MOD_SINT1'}
[2023-08-08 10:33:28,879] logger_util.py->write_log line:61 [INFO] 文件上传：None
[2023-08-08 10:33:28,882] logger_util.py->error_log line:65 [INFO] 断言失败:msg不等于All write successfully
[2023-08-08 10:33:28,882] logger_util.py->write_log line:61 [INFO] 接口请求失败！
[2023-08-08 10:33:28,882] logger_util.py->write_log line:61 [INFO] -------------接口请求结束-----------

[2023-08-08 10:33:28,883] logger_util.py->error_log line:65 [INFO] 断言异常：异常信息: Traceback (most recent call last):
  File "E:\Project_python\api_SIOT\common\requests_util.py", line 372, in validate_result
    error_log("断言失败:" + assert_key + "不等于" + str(assert_value))
  File "E:\Project_python\api_SIOT\common\logger_util.py", line 66, in error_log
    raise Exception(log_message)
Exception: 断言失败:msg不等于All write successfully

[2023-08-08 10:33:28,883] logger_util.py->error_log line:65 [INFO] 分析YAML文件异常：异常信息: Traceback (most recent call last):
  File "E:\Project_python\api_SIOT\common\requests_util.py", line 372, in validate_result
    error_log("断言失败:" + assert_key + "不等于" + str(assert_value))
  File "E:\Project_python\api_SIOT\common\logger_util.py", line 66, in error_log
    raise Exception(log_message)
Exception: 断言失败:msg不等于All write successfully

During handling of the above exception, another exception occurred:

Traceback (most recent call last):
  File "E:\Project_python\api_SIOT\common\requests_util.py", line 248, in analysis_yaml
    self.validate_result(yq_result, return_data, status_code)
  File "E:\Project_python\api_SIOT\common\requests_util.py", line 416, in validate_result
    error_log("断言异常：异常信息: %s" % str(traceback.format_exc()))
  File "E:\Project_python\api_SIOT\common\logger_util.py", line 66, in error_log
    raise Exception(log_message)
Exception: 断言异常：异常信息: Traceback (most recent call last):
  File "E:\Project_python\api_SIOT\common\requests_util.py", line 372, in validate_result
    error_log("断言失败:" + assert_key + "不等于" + str(assert_value))
  File "E:\Project_python\api_SIOT\common\logger_util.py", line 66, in error_log
    raise Exception(log_message)
Exception: 断言失败:msg不等于All write successfully


[2023-08-08 10:33:28,990] logger_util.py->write_log line:61 [INFO] -------------接口请求开始-----------
[2023-08-08 10:33:28,990] logger_util.py->write_log line:61 [INFO] 接口名称：modbus协议读取-保存寄存器有符号16位整型
[2023-08-08 10:33:28,990] logger_util.py->write_log line:61 [INFO] 接口方式：post
[2023-08-08 10:33:28,990] logger_util.py->write_log line:61 [INFO] 接口路径：http://127.0.0.1:6700/v1/cms/io/write
[2023-08-08 10:33:28,990] logger_util.py->write_log line:61 [INFO] 请求头：{'Content-Type': 'application/json'}
[2023-08-08 10:33:28,990] logger_util.py->write_log line:61 [INFO] 请求参数：{'tagDatas': 'MOD_INT1'}
[2023-08-08 10:33:28,990] logger_util.py->write_log line:61 [INFO] 文件上传：None
[2023-08-08 10:33:28,992] logger_util.py->error_log line:65 [INFO] 断言失败:msg不等于All write successfully
[2023-08-08 10:33:28,993] logger_util.py->write_log line:61 [INFO] 接口请求失败！
[2023-08-08 10:33:28,993] logger_util.py->write_log line:61 [INFO] -------------接口请求结束-----------

[2023-08-08 10:33:28,993] logger_util.py->error_log line:65 [INFO] 断言异常：异常信息: Traceback (most recent call last):
  File "E:\Project_python\api_SIOT\common\requests_util.py", line 372, in validate_result
    error_log("断言失败:" + assert_key + "不等于" + str(assert_value))
  File "E:\Project_python\api_SIOT\common\logger_util.py", line 66, in error_log
    raise Exception(log_message)
Exception: 断言失败:msg不等于All write successfully

[2023-08-08 10:33:28,994] logger_util.py->error_log line:65 [INFO] 分析YAML文件异常：异常信息: Traceback (most recent call last):
  File "E:\Project_python\api_SIOT\common\requests_util.py", line 372, in validate_result
    error_log("断言失败:" + assert_key + "不等于" + str(assert_value))
  File "E:\Project_python\api_SIOT\common\logger_util.py", line 66, in error_log
    raise Exception(log_message)
Exception: 断言失败:msg不等于All write successfully

During handling of the above exception, another exception occurred:

Traceback (most recent call last):
  File "E:\Project_python\api_SIOT\common\requests_util.py", line 248, in analysis_yaml
    self.validate_result(yq_result, return_data, status_code)
  File "E:\Project_python\api_SIOT\common\requests_util.py", line 416, in validate_result
    error_log("断言异常：异常信息: %s" % str(traceback.format_exc()))
  File "E:\Project_python\api_SIOT\common\logger_util.py", line 66, in error_log
    raise Exception(log_message)
Exception: 断言异常：异常信息: Traceback (most recent call last):
  File "E:\Project_python\api_SIOT\common\requests_util.py", line 372, in validate_result
    error_log("断言失败:" + assert_key + "不等于" + str(assert_value))
  File "E:\Project_python\api_SIOT\common\logger_util.py", line 66, in error_log
    raise Exception(log_message)
Exception: 断言失败:msg不等于All write successfully


[2023-08-08 10:33:29,021] logger_util.py->write_log line:61 [INFO] -------------接口请求开始-----------
[2023-08-08 10:33:29,021] logger_util.py->write_log line:61 [INFO] 接口名称：modbus协议读取-保存寄存器有符号32位整型
[2023-08-08 10:33:29,021] logger_util.py->write_log line:61 [INFO] 接口方式：post
[2023-08-08 10:33:29,021] logger_util.py->write_log line:61 [INFO] 接口路径：http://127.0.0.1:6700/v1/cms/io/write
[2023-08-08 10:33:29,021] logger_util.py->write_log line:61 [INFO] 请求头：{'Content-Type': 'application/json'}
[2023-08-08 10:33:29,022] logger_util.py->write_log line:61 [INFO] 请求参数：{'tagDatas': 'MOD_DINT1'}
[2023-08-08 10:33:29,022] logger_util.py->write_log line:61 [INFO] 文件上传：None
[2023-08-08 10:33:29,023] logger_util.py->error_log line:65 [INFO] 断言失败:msg不等于All write successfully
[2023-08-08 10:33:29,023] logger_util.py->write_log line:61 [INFO] 接口请求失败！
[2023-08-08 10:33:29,024] logger_util.py->write_log line:61 [INFO] -------------接口请求结束-----------

[2023-08-08 10:33:29,024] logger_util.py->error_log line:65 [INFO] 断言异常：异常信息: Traceback (most recent call last):
  File "E:\Project_python\api_SIOT\common\requests_util.py", line 372, in validate_result
    error_log("断言失败:" + assert_key + "不等于" + str(assert_value))
  File "E:\Project_python\api_SIOT\common\logger_util.py", line 66, in error_log
    raise Exception(log_message)
Exception: 断言失败:msg不等于All write successfully

[2023-08-08 10:33:29,024] logger_util.py->error_log line:65 [INFO] 分析YAML文件异常：异常信息: Traceback (most recent call last):
  File "E:\Project_python\api_SIOT\common\requests_util.py", line 372, in validate_result
    error_log("断言失败:" + assert_key + "不等于" + str(assert_value))
  File "E:\Project_python\api_SIOT\common\logger_util.py", line 66, in error_log
    raise Exception(log_message)
Exception: 断言失败:msg不等于All write successfully

During handling of the above exception, another exception occurred:

Traceback (most recent call last):
  File "E:\Project_python\api_SIOT\common\requests_util.py", line 248, in analysis_yaml
    self.validate_result(yq_result, return_data, status_code)
  File "E:\Project_python\api_SIOT\common\requests_util.py", line 416, in validate_result
    error_log("断言异常：异常信息: %s" % str(traceback.format_exc()))
  File "E:\Project_python\api_SIOT\common\logger_util.py", line 66, in error_log
    raise Exception(log_message)
Exception: 断言异常：异常信息: Traceback (most recent call last):
  File "E:\Project_python\api_SIOT\common\requests_util.py", line 372, in validate_result
    error_log("断言失败:" + assert_key + "不等于" + str(assert_value))
  File "E:\Project_python\api_SIOT\common\logger_util.py", line 66, in error_log
    raise Exception(log_message)
Exception: 断言失败:msg不等于All write successfully


[2023-08-08 10:33:29,050] logger_util.py->write_log line:61 [INFO] -------------接口请求开始-----------
[2023-08-08 10:33:29,050] logger_util.py->write_log line:61 [INFO] 接口名称：modbus协议读取-保存寄存器无符号8位整型
[2023-08-08 10:33:29,050] logger_util.py->write_log line:61 [INFO] 接口方式：post
[2023-08-08 10:33:29,051] logger_util.py->write_log line:61 [INFO] 接口路径：http://127.0.0.1:6700/v1/cms/io/write
[2023-08-08 10:33:29,051] logger_util.py->write_log line:61 [INFO] 请求头：{'Content-Type': 'application/json'}
[2023-08-08 10:33:29,051] logger_util.py->write_log line:61 [INFO] 请求参数：{'tagDatas': 'MOD_USINT1'}
[2023-08-08 10:33:29,051] logger_util.py->write_log line:61 [INFO] 文件上传：None
[2023-08-08 10:33:29,053] logger_util.py->error_log line:65 [INFO] 断言失败:msg不等于All write successfully
[2023-08-08 10:33:29,053] logger_util.py->write_log line:61 [INFO] 接口请求失败！
[2023-08-08 10:33:29,053] logger_util.py->write_log line:61 [INFO] -------------接口请求结束-----------

[2023-08-08 10:33:29,053] logger_util.py->error_log line:65 [INFO] 断言异常：异常信息: Traceback (most recent call last):
  File "E:\Project_python\api_SIOT\common\requests_util.py", line 372, in validate_result
    error_log("断言失败:" + assert_key + "不等于" + str(assert_value))
  File "E:\Project_python\api_SIOT\common\logger_util.py", line 66, in error_log
    raise Exception(log_message)
Exception: 断言失败:msg不等于All write successfully

[2023-08-08 10:33:29,053] logger_util.py->error_log line:65 [INFO] 分析YAML文件异常：异常信息: Traceback (most recent call last):
  File "E:\Project_python\api_SIOT\common\requests_util.py", line 372, in validate_result
    error_log("断言失败:" + assert_key + "不等于" + str(assert_value))
  File "E:\Project_python\api_SIOT\common\logger_util.py", line 66, in error_log
    raise Exception(log_message)
Exception: 断言失败:msg不等于All write successfully

During handling of the above exception, another exception occurred:

Traceback (most recent call last):
  File "E:\Project_python\api_SIOT\common\requests_util.py", line 248, in analysis_yaml
    self.validate_result(yq_result, return_data, status_code)
  File "E:\Project_python\api_SIOT\common\requests_util.py", line 416, in validate_result
    error_log("断言异常：异常信息: %s" % str(traceback.format_exc()))
  File "E:\Project_python\api_SIOT\common\logger_util.py", line 66, in error_log
    raise Exception(log_message)
Exception: 断言异常：异常信息: Traceback (most recent call last):
  File "E:\Project_python\api_SIOT\common\requests_util.py", line 372, in validate_result
    error_log("断言失败:" + assert_key + "不等于" + str(assert_value))
  File "E:\Project_python\api_SIOT\common\logger_util.py", line 66, in error_log
    raise Exception(log_message)
Exception: 断言失败:msg不等于All write successfully


[2023-08-08 10:33:29,079] logger_util.py->write_log line:61 [INFO] -------------接口请求开始-----------
[2023-08-08 10:33:29,079] logger_util.py->write_log line:61 [INFO] 接口名称：modbus协议读取-保存寄存器无符号16位整型
[2023-08-08 10:33:29,079] logger_util.py->write_log line:61 [INFO] 接口方式：post
[2023-08-08 10:33:29,079] logger_util.py->write_log line:61 [INFO] 接口路径：http://127.0.0.1:6700/v1/cms/io/write
[2023-08-08 10:33:29,079] logger_util.py->write_log line:61 [INFO] 请求头：{'Content-Type': 'application/json'}
[2023-08-08 10:33:29,079] logger_util.py->write_log line:61 [INFO] 请求参数：{'tagDatas': 'MOD_UINT1'}
[2023-08-08 10:33:29,080] logger_util.py->write_log line:61 [INFO] 文件上传：None
[2023-08-08 10:33:29,081] logger_util.py->error_log line:65 [INFO] 断言失败:msg不等于All write successfully
[2023-08-08 10:33:29,082] logger_util.py->write_log line:61 [INFO] 接口请求失败！
[2023-08-08 10:33:29,082] logger_util.py->write_log line:61 [INFO] -------------接口请求结束-----------

[2023-08-08 10:33:29,082] logger_util.py->error_log line:65 [INFO] 断言异常：异常信息: Traceback (most recent call last):
  File "E:\Project_python\api_SIOT\common\requests_util.py", line 372, in validate_result
    error_log("断言失败:" + assert_key + "不等于" + str(assert_value))
  File "E:\Project_python\api_SIOT\common\logger_util.py", line 66, in error_log
    raise Exception(log_message)
Exception: 断言失败:msg不等于All write successfully

[2023-08-08 10:33:29,082] logger_util.py->error_log line:65 [INFO] 分析YAML文件异常：异常信息: Traceback (most recent call last):
  File "E:\Project_python\api_SIOT\common\requests_util.py", line 372, in validate_result
    error_log("断言失败:" + assert_key + "不等于" + str(assert_value))
  File "E:\Project_python\api_SIOT\common\logger_util.py", line 66, in error_log
    raise Exception(log_message)
Exception: 断言失败:msg不等于All write successfully

During handling of the above exception, another exception occurred:

Traceback (most recent call last):
  File "E:\Project_python\api_SIOT\common\requests_util.py", line 248, in analysis_yaml
    self.validate_result(yq_result, return_data, status_code)
  File "E:\Project_python\api_SIOT\common\requests_util.py", line 416, in validate_result
    error_log("断言异常：异常信息: %s" % str(traceback.format_exc()))
  File "E:\Project_python\api_SIOT\common\logger_util.py", line 66, in error_log
    raise Exception(log_message)
Exception: 断言异常：异常信息: Traceback (most recent call last):
  File "E:\Project_python\api_SIOT\common\requests_util.py", line 372, in validate_result
    error_log("断言失败:" + assert_key + "不等于" + str(assert_value))
  File "E:\Project_python\api_SIOT\common\logger_util.py", line 66, in error_log
    raise Exception(log_message)
Exception: 断言失败:msg不等于All write successfully


[2023-08-08 10:33:29,107] logger_util.py->write_log line:61 [INFO] -------------接口请求开始-----------
[2023-08-08 10:33:29,108] logger_util.py->write_log line:61 [INFO] 接口名称：modbus协议读取-保存寄存器无符号32位整型
[2023-08-08 10:33:29,108] logger_util.py->write_log line:61 [INFO] 接口方式：post
[2023-08-08 10:33:29,108] logger_util.py->write_log line:61 [INFO] 接口路径：http://127.0.0.1:6700/v1/cms/io/write
[2023-08-08 10:33:29,108] logger_util.py->write_log line:61 [INFO] 请求头：{'Content-Type': 'application/json'}
[2023-08-08 10:33:29,108] logger_util.py->write_log line:61 [INFO] 请求参数：{'tagDatas': 'MOD_UDINT1'}
[2023-08-08 10:33:29,108] logger_util.py->write_log line:61 [INFO] 文件上传：None
[2023-08-08 10:33:29,110] logger_util.py->error_log line:65 [INFO] 断言失败:msg不等于All write successfully
[2023-08-08 10:33:29,110] logger_util.py->write_log line:61 [INFO] 接口请求失败！
[2023-08-08 10:33:29,110] logger_util.py->write_log line:61 [INFO] -------------接口请求结束-----------

[2023-08-08 10:33:29,110] logger_util.py->error_log line:65 [INFO] 断言异常：异常信息: Traceback (most recent call last):
  File "E:\Project_python\api_SIOT\common\requests_util.py", line 372, in validate_result
    error_log("断言失败:" + assert_key + "不等于" + str(assert_value))
  File "E:\Project_python\api_SIOT\common\logger_util.py", line 66, in error_log
    raise Exception(log_message)
Exception: 断言失败:msg不等于All write successfully

[2023-08-08 10:33:29,110] logger_util.py->error_log line:65 [INFO] 分析YAML文件异常：异常信息: Traceback (most recent call last):
  File "E:\Project_python\api_SIOT\common\requests_util.py", line 372, in validate_result
    error_log("断言失败:" + assert_key + "不等于" + str(assert_value))
  File "E:\Project_python\api_SIOT\common\logger_util.py", line 66, in error_log
    raise Exception(log_message)
Exception: 断言失败:msg不等于All write successfully

During handling of the above exception, another exception occurred:

Traceback (most recent call last):
  File "E:\Project_python\api_SIOT\common\requests_util.py", line 248, in analysis_yaml
    self.validate_result(yq_result, return_data, status_code)
  File "E:\Project_python\api_SIOT\common\requests_util.py", line 416, in validate_result
    error_log("断言异常：异常信息: %s" % str(traceback.format_exc()))
  File "E:\Project_python\api_SIOT\common\logger_util.py", line 66, in error_log
    raise Exception(log_message)
Exception: 断言异常：异常信息: Traceback (most recent call last):
  File "E:\Project_python\api_SIOT\common\requests_util.py", line 372, in validate_result
    error_log("断言失败:" + assert_key + "不等于" + str(assert_value))
  File "E:\Project_python\api_SIOT\common\logger_util.py", line 66, in error_log
    raise Exception(log_message)
Exception: 断言失败:msg不等于All write successfully


[2023-08-08 10:33:29,136] logger_util.py->write_log line:61 [INFO] -------------接口请求开始-----------
[2023-08-08 10:33:29,136] logger_util.py->write_log line:61 [INFO] 接口名称：modbus协议读取-保存寄存器F32位浮点数IEEE754
[2023-08-08 10:33:29,136] logger_util.py->write_log line:61 [INFO] 接口方式：post
[2023-08-08 10:33:29,136] logger_util.py->write_log line:61 [INFO] 接口路径：http://127.0.0.1:6700/v1/cms/io/write
[2023-08-08 10:33:29,136] logger_util.py->write_log line:61 [INFO] 请求头：{'Content-Type': 'application/json'}
[2023-08-08 10:33:29,136] logger_util.py->write_log line:61 [INFO] 请求参数：{'tagDatas': 'MOD_REAL1'}
[2023-08-08 10:33:29,136] logger_util.py->write_log line:61 [INFO] 文件上传：None
[2023-08-08 10:33:29,138] logger_util.py->error_log line:65 [INFO] 断言失败:msg不等于All write successfully
[2023-08-08 10:33:29,138] logger_util.py->write_log line:61 [INFO] 接口请求失败！
[2023-08-08 10:33:29,138] logger_util.py->write_log line:61 [INFO] -------------接口请求结束-----------

[2023-08-08 10:33:29,138] logger_util.py->error_log line:65 [INFO] 断言异常：异常信息: Traceback (most recent call last):
  File "E:\Project_python\api_SIOT\common\requests_util.py", line 372, in validate_result
    error_log("断言失败:" + assert_key + "不等于" + str(assert_value))
  File "E:\Project_python\api_SIOT\common\logger_util.py", line 66, in error_log
    raise Exception(log_message)
Exception: 断言失败:msg不等于All write successfully

[2023-08-08 10:33:29,138] logger_util.py->error_log line:65 [INFO] 分析YAML文件异常：异常信息: Traceback (most recent call last):
  File "E:\Project_python\api_SIOT\common\requests_util.py", line 372, in validate_result
    error_log("断言失败:" + assert_key + "不等于" + str(assert_value))
  File "E:\Project_python\api_SIOT\common\logger_util.py", line 66, in error_log
    raise Exception(log_message)
Exception: 断言失败:msg不等于All write successfully

During handling of the above exception, another exception occurred:

Traceback (most recent call last):
  File "E:\Project_python\api_SIOT\common\requests_util.py", line 248, in analysis_yaml
    self.validate_result(yq_result, return_data, status_code)
  File "E:\Project_python\api_SIOT\common\requests_util.py", line 416, in validate_result
    error_log("断言异常：异常信息: %s" % str(traceback.format_exc()))
  File "E:\Project_python\api_SIOT\common\logger_util.py", line 66, in error_log
    raise Exception(log_message)
Exception: 断言异常：异常信息: Traceback (most recent call last):
  File "E:\Project_python\api_SIOT\common\requests_util.py", line 372, in validate_result
    error_log("断言失败:" + assert_key + "不等于" + str(assert_value))
  File "E:\Project_python\api_SIOT\common\logger_util.py", line 66, in error_log
    raise Exception(log_message)
Exception: 断言失败:msg不等于All write successfully


[2023-08-08 10:33:29,164] logger_util.py->write_log line:61 [INFO] -------------接口请求开始-----------
[2023-08-08 10:33:29,164] logger_util.py->write_log line:61 [INFO] 接口名称：modbus协议读取-保存寄存器二进制变量1
[2023-08-08 10:33:29,164] logger_util.py->write_log line:61 [INFO] 接口方式：post
[2023-08-08 10:33:29,165] logger_util.py->write_log line:61 [INFO] 接口路径：http://127.0.0.1:6700/v1/cms/io/write
[2023-08-08 10:33:29,165] logger_util.py->write_log line:61 [INFO] 请求头：{'Content-Type': 'application/json'}
[2023-08-08 10:33:29,165] logger_util.py->write_log line:61 [INFO] 请求参数：{'tagDatas': 'MOD_BOOL1'}
[2023-08-08 10:33:29,165] logger_util.py->write_log line:61 [INFO] 文件上传：None
[2023-08-08 10:33:29,166] logger_util.py->error_log line:65 [INFO] 断言失败:msg不等于All write successfully
[2023-08-08 10:33:29,166] logger_util.py->write_log line:61 [INFO] 接口请求失败！
[2023-08-08 10:33:29,167] logger_util.py->write_log line:61 [INFO] -------------接口请求结束-----------

[2023-08-08 10:33:29,167] logger_util.py->error_log line:65 [INFO] 断言异常：异常信息: Traceback (most recent call last):
  File "E:\Project_python\api_SIOT\common\requests_util.py", line 372, in validate_result
    error_log("断言失败:" + assert_key + "不等于" + str(assert_value))
  File "E:\Project_python\api_SIOT\common\logger_util.py", line 66, in error_log
    raise Exception(log_message)
Exception: 断言失败:msg不等于All write successfully

[2023-08-08 10:33:29,167] logger_util.py->error_log line:65 [INFO] 分析YAML文件异常：异常信息: Traceback (most recent call last):
  File "E:\Project_python\api_SIOT\common\requests_util.py", line 372, in validate_result
    error_log("断言失败:" + assert_key + "不等于" + str(assert_value))
  File "E:\Project_python\api_SIOT\common\logger_util.py", line 66, in error_log
    raise Exception(log_message)
Exception: 断言失败:msg不等于All write successfully

During handling of the above exception, another exception occurred:

Traceback (most recent call last):
  File "E:\Project_python\api_SIOT\common\requests_util.py", line 248, in analysis_yaml
    self.validate_result(yq_result, return_data, status_code)
  File "E:\Project_python\api_SIOT\common\requests_util.py", line 416, in validate_result
    error_log("断言异常：异常信息: %s" % str(traceback.format_exc()))
  File "E:\Project_python\api_SIOT\common\logger_util.py", line 66, in error_log
    raise Exception(log_message)
Exception: 断言异常：异常信息: Traceback (most recent call last):
  File "E:\Project_python\api_SIOT\common\requests_util.py", line 372, in validate_result
    error_log("断言失败:" + assert_key + "不等于" + str(assert_value))
  File "E:\Project_python\api_SIOT\common\logger_util.py", line 66, in error_log
    raise Exception(log_message)
Exception: 断言失败:msg不等于All write successfully


[2023-08-08 10:33:29,192] logger_util.py->write_log line:61 [INFO] -------------接口请求开始-----------
[2023-08-08 10:33:29,193] logger_util.py->write_log line:61 [INFO] 接口名称：modbus协议读取-保存寄存器二进制变量2
[2023-08-08 10:33:29,193] logger_util.py->write_log line:61 [INFO] 接口方式：post
[2023-08-08 10:33:29,193] logger_util.py->write_log line:61 [INFO] 接口路径：http://127.0.0.1:6700/v1/cms/io/write
[2023-08-08 10:33:29,193] logger_util.py->write_log line:61 [INFO] 请求头：{'Content-Type': 'application/json'}
[2023-08-08 10:33:29,193] logger_util.py->write_log line:61 [INFO] 请求参数：{'tagDatas': 'MOD_BOOL2'}
[2023-08-08 10:33:29,193] logger_util.py->write_log line:61 [INFO] 文件上传：None
[2023-08-08 10:33:29,195] logger_util.py->error_log line:65 [INFO] 断言失败:msg不等于All write successfully
[2023-08-08 10:33:29,196] logger_util.py->write_log line:61 [INFO] 接口请求失败！
[2023-08-08 10:33:29,196] logger_util.py->write_log line:61 [INFO] -------------接口请求结束-----------

[2023-08-08 10:33:29,196] logger_util.py->error_log line:65 [INFO] 断言异常：异常信息: Traceback (most recent call last):
  File "E:\Project_python\api_SIOT\common\requests_util.py", line 372, in validate_result
    error_log("断言失败:" + assert_key + "不等于" + str(assert_value))
  File "E:\Project_python\api_SIOT\common\logger_util.py", line 66, in error_log
    raise Exception(log_message)
Exception: 断言失败:msg不等于All write successfully

[2023-08-08 10:33:29,196] logger_util.py->error_log line:65 [INFO] 分析YAML文件异常：异常信息: Traceback (most recent call last):
  File "E:\Project_python\api_SIOT\common\requests_util.py", line 372, in validate_result
    error_log("断言失败:" + assert_key + "不等于" + str(assert_value))
  File "E:\Project_python\api_SIOT\common\logger_util.py", line 66, in error_log
    raise Exception(log_message)
Exception: 断言失败:msg不等于All write successfully

During handling of the above exception, another exception occurred:

Traceback (most recent call last):
  File "E:\Project_python\api_SIOT\common\requests_util.py", line 248, in analysis_yaml
    self.validate_result(yq_result, return_data, status_code)
  File "E:\Project_python\api_SIOT\common\requests_util.py", line 416, in validate_result
    error_log("断言异常：异常信息: %s" % str(traceback.format_exc()))
  File "E:\Project_python\api_SIOT\common\logger_util.py", line 66, in error_log
    raise Exception(log_message)
Exception: 断言异常：异常信息: Traceback (most recent call last):
  File "E:\Project_python\api_SIOT\common\requests_util.py", line 372, in validate_result
    error_log("断言失败:" + assert_key + "不等于" + str(assert_value))
  File "E:\Project_python\api_SIOT\common\logger_util.py", line 66, in error_log
    raise Exception(log_message)
Exception: 断言失败:msg不等于All write successfully


[2023-08-08 10:33:29,223] logger_util.py->write_log line:61 [INFO] -------------接口请求开始-----------
[2023-08-08 10:33:29,223] logger_util.py->write_log line:61 [INFO] 接口名称：modbus协议读取-保存寄存器字符串
[2023-08-08 10:33:29,223] logger_util.py->write_log line:61 [INFO] 接口方式：post
[2023-08-08 10:33:29,223] logger_util.py->write_log line:61 [INFO] 接口路径：http://127.0.0.1:6700/v1/cms/io/write
[2023-08-08 10:33:29,223] logger_util.py->write_log line:61 [INFO] 请求头：{'Content-Type': 'application/json'}
[2023-08-08 10:33:29,223] logger_util.py->write_log line:61 [INFO] 请求参数：{'tagDatas': 'MOD_STRING1'}
[2023-08-08 10:33:29,223] logger_util.py->write_log line:61 [INFO] 文件上传：None
[2023-08-08 10:33:29,227] logger_util.py->error_log line:65 [INFO] 断言失败:msg不等于All write successfully
[2023-08-08 10:33:29,227] logger_util.py->write_log line:61 [INFO] 接口请求失败！
[2023-08-08 10:33:29,227] logger_util.py->write_log line:61 [INFO] -------------接口请求结束-----------

[2023-08-08 10:33:29,227] logger_util.py->error_log line:65 [INFO] 断言异常：异常信息: Traceback (most recent call last):
  File "E:\Project_python\api_SIOT\common\requests_util.py", line 372, in validate_result
    error_log("断言失败:" + assert_key + "不等于" + str(assert_value))
  File "E:\Project_python\api_SIOT\common\logger_util.py", line 66, in error_log
    raise Exception(log_message)
Exception: 断言失败:msg不等于All write successfully

[2023-08-08 10:33:29,228] logger_util.py->error_log line:65 [INFO] 分析YAML文件异常：异常信息: Traceback (most recent call last):
  File "E:\Project_python\api_SIOT\common\requests_util.py", line 372, in validate_result
    error_log("断言失败:" + assert_key + "不等于" + str(assert_value))
  File "E:\Project_python\api_SIOT\common\logger_util.py", line 66, in error_log
    raise Exception(log_message)
Exception: 断言失败:msg不等于All write successfully

During handling of the above exception, another exception occurred:

Traceback (most recent call last):
  File "E:\Project_python\api_SIOT\common\requests_util.py", line 248, in analysis_yaml
    self.validate_result(yq_result, return_data, status_code)
  File "E:\Project_python\api_SIOT\common\requests_util.py", line 416, in validate_result
    error_log("断言异常：异常信息: %s" % str(traceback.format_exc()))
  File "E:\Project_python\api_SIOT\common\logger_util.py", line 66, in error_log
    raise Exception(log_message)
Exception: 断言异常：异常信息: Traceback (most recent call last):
  File "E:\Project_python\api_SIOT\common\requests_util.py", line 372, in validate_result
    error_log("断言失败:" + assert_key + "不等于" + str(assert_value))
  File "E:\Project_python\api_SIOT\common\logger_util.py", line 66, in error_log
    raise Exception(log_message)
Exception: 断言失败:msg不等于All write successfully


[2023-08-08 10:33:29,254] logger_util.py->write_log line:61 [INFO] -------------接口请求开始-----------
[2023-08-08 10:33:29,254] logger_util.py->write_log line:61 [INFO] 接口名称：modbus协议读取-二进制变量
[2023-08-08 10:33:29,254] logger_util.py->write_log line:61 [INFO] 接口方式：post
[2023-08-08 10:33:29,254] logger_util.py->write_log line:61 [INFO] 接口路径：http://127.0.0.1:6700/v1/cms/io/write
[2023-08-08 10:33:29,254] logger_util.py->write_log line:61 [INFO] 请求头：{'Content-Type': 'application/json'}
[2023-08-08 10:33:29,254] logger_util.py->write_log line:61 [INFO] 请求参数：{'tagDatas': 'MOD_Q0'}
[2023-08-08 10:33:29,254] logger_util.py->write_log line:61 [INFO] 文件上传：None
[2023-08-08 10:33:29,256] logger_util.py->error_log line:65 [INFO] 断言失败:msg不等于All write successfully
[2023-08-08 10:33:29,256] logger_util.py->write_log line:61 [INFO] 接口请求失败！
[2023-08-08 10:33:29,256] logger_util.py->write_log line:61 [INFO] -------------接口请求结束-----------

[2023-08-08 10:33:29,257] logger_util.py->error_log line:65 [INFO] 断言异常：异常信息: Traceback (most recent call last):
  File "E:\Project_python\api_SIOT\common\requests_util.py", line 372, in validate_result
    error_log("断言失败:" + assert_key + "不等于" + str(assert_value))
  File "E:\Project_python\api_SIOT\common\logger_util.py", line 66, in error_log
    raise Exception(log_message)
Exception: 断言失败:msg不等于All write successfully

[2023-08-08 10:33:29,257] logger_util.py->error_log line:65 [INFO] 分析YAML文件异常：异常信息: Traceback (most recent call last):
  File "E:\Project_python\api_SIOT\common\requests_util.py", line 372, in validate_result
    error_log("断言失败:" + assert_key + "不等于" + str(assert_value))
  File "E:\Project_python\api_SIOT\common\logger_util.py", line 66, in error_log
    raise Exception(log_message)
Exception: 断言失败:msg不等于All write successfully

During handling of the above exception, another exception occurred:

Traceback (most recent call last):
  File "E:\Project_python\api_SIOT\common\requests_util.py", line 248, in analysis_yaml
    self.validate_result(yq_result, return_data, status_code)
  File "E:\Project_python\api_SIOT\common\requests_util.py", line 416, in validate_result
    error_log("断言异常：异常信息: %s" % str(traceback.format_exc()))
  File "E:\Project_python\api_SIOT\common\logger_util.py", line 66, in error_log
    raise Exception(log_message)
Exception: 断言异常：异常信息: Traceback (most recent call last):
  File "E:\Project_python\api_SIOT\common\requests_util.py", line 372, in validate_result
    error_log("断言失败:" + assert_key + "不等于" + str(assert_value))
  File "E:\Project_python\api_SIOT\common\logger_util.py", line 66, in error_log
    raise Exception(log_message)
Exception: 断言失败:msg不等于All write successfully


[2023-08-08 10:33:29,283] logger_util.py->write_log line:61 [INFO] -------------接口请求开始-----------
[2023-08-08 10:33:29,283] logger_util.py->write_log line:61 [INFO] 接口名称：modbus协议读取-二进制变量
[2023-08-08 10:33:29,283] logger_util.py->write_log line:61 [INFO] 接口方式：post
[2023-08-08 10:33:29,283] logger_util.py->write_log line:61 [INFO] 接口路径：http://127.0.0.1:6700/v1/cms/io/write
[2023-08-08 10:33:29,283] logger_util.py->write_log line:61 [INFO] 请求头：{'Content-Type': 'application/json'}
[2023-08-08 10:33:29,283] logger_util.py->write_log line:61 [INFO] 请求参数：{'tagDatas': 'MOD_Q1'}
[2023-08-08 10:33:29,283] logger_util.py->write_log line:61 [INFO] 文件上传：None
[2023-08-08 10:33:29,285] logger_util.py->error_log line:65 [INFO] 断言失败:msg不等于All write successfully
[2023-08-08 10:33:29,285] logger_util.py->write_log line:61 [INFO] 接口请求失败！
[2023-08-08 10:33:29,285] logger_util.py->write_log line:61 [INFO] -------------接口请求结束-----------

[2023-08-08 10:33:29,285] logger_util.py->error_log line:65 [INFO] 断言异常：异常信息: Traceback (most recent call last):
  File "E:\Project_python\api_SIOT\common\requests_util.py", line 372, in validate_result
    error_log("断言失败:" + assert_key + "不等于" + str(assert_value))
  File "E:\Project_python\api_SIOT\common\logger_util.py", line 66, in error_log
    raise Exception(log_message)
Exception: 断言失败:msg不等于All write successfully

[2023-08-08 10:33:29,286] logger_util.py->error_log line:65 [INFO] 分析YAML文件异常：异常信息: Traceback (most recent call last):
  File "E:\Project_python\api_SIOT\common\requests_util.py", line 372, in validate_result
    error_log("断言失败:" + assert_key + "不等于" + str(assert_value))
  File "E:\Project_python\api_SIOT\common\logger_util.py", line 66, in error_log
    raise Exception(log_message)
Exception: 断言失败:msg不等于All write successfully

During handling of the above exception, another exception occurred:

Traceback (most recent call last):
  File "E:\Project_python\api_SIOT\common\requests_util.py", line 248, in analysis_yaml
    self.validate_result(yq_result, return_data, status_code)
  File "E:\Project_python\api_SIOT\common\requests_util.py", line 416, in validate_result
    error_log("断言异常：异常信息: %s" % str(traceback.format_exc()))
  File "E:\Project_python\api_SIOT\common\logger_util.py", line 66, in error_log
    raise Exception(log_message)
Exception: 断言异常：异常信息: Traceback (most recent call last):
  File "E:\Project_python\api_SIOT\common\requests_util.py", line 372, in validate_result
    error_log("断言失败:" + assert_key + "不等于" + str(assert_value))
  File "E:\Project_python\api_SIOT\common\logger_util.py", line 66, in error_log
    raise Exception(log_message)
Exception: 断言失败:msg不等于All write successfully


