[2023-06-02 15:05:17,915] logger_util.py->write_log line:61 [INFO] -------------接口请求开始-----------
[2023-06-02 15:05:17,915] logger_util.py->write_log line:61 [INFO] 接口名称：设置聚合表触发配置--变量触发
[2023-06-02 15:05:17,915] logger_util.py->write_log line:61 [INFO] 接口方式：put
[2023-06-02 15:05:17,915] logger_util.py->write_log line:61 [INFO] 接口路径：http://127.0.0.1:18000/api/v1/dataconfig/aggregatetable/39beb9fa-a60d-4379-8376-9b13863b9442/triggers
[2023-06-02 15:05:17,915] logger_util.py->write_log line:61 [INFO] 请求头：{'Content-Type': 'application/json;charset=UTF-8', 'X-Project': '83d42c5d5ad141bba528b7690b19996e'}
[2023-06-02 15:05:17,916] logger_util.py->write_log line:61 [INFO] 请求参数：{'realTime': False, 'triggers': [{'effectiveDateTime': 'null', 'frequencyValue': 1, 'frequencyUnit': 1, 'matchAll': False, 'condition': 'G1 ==  true', 'conditionDetail': 1, 'frequencyCheck': False, 'triggerType': 2}]}
[2023-06-02 15:05:17,916] logger_util.py->write_log line:61 [INFO] 文件上传：None
[2023-06-02 15:05:18,222] logger_util.py->write_log line:61 [INFO] 预期结果：[{'equals': {'status_code': 200}}]
[2023-06-02 15:05:18,223] logger_util.py->write_log line:61 [INFO] 实际结果：
[2023-06-02 15:05:18,223] logger_util.py->write_log line:61 [INFO] 接口请求成功！
[2023-06-02 15:05:18,223] logger_util.py->write_log line:61 [INFO] -------------接口请求结束-----------

[2023-06-02 15:05:18,229] logger_util.py->write_log line:61 [INFO] -------------接口请求开始-----------
[2023-06-02 15:05:18,229] logger_util.py->write_log line:61 [INFO] 接口名称：设置聚合表触发配置--变量触发
[2023-06-02 15:05:18,229] logger_util.py->write_log line:61 [INFO] 接口方式：put
[2023-06-02 15:05:18,229] logger_util.py->write_log line:61 [INFO] 接口路径：http://127.0.0.1:18000/api/v1/dataconfig/aggregatetable/39beb9fa-a60d-4379-8376-9b13863b9442/triggers
[2023-06-02 15:05:18,229] logger_util.py->write_log line:61 [INFO] 请求头：{'Content-Type': 'application/json;charset=UTF-8', 'X-Project': '83d42c5d5ad141bba528b7690b19996e'}
[2023-06-02 15:05:18,229] logger_util.py->write_log line:61 [INFO] 请求参数：{'realTime': False, 'triggers': [{'effectiveDateTime': '', 'frequencyValue': 1, 'frequencyUnit': 1, 'matchAll': False, 'condition': 'G1 ==  true', 'conditionDetail': 2, 'frequencyCheck': False, 'triggerType': 2}]}
[2023-06-02 15:05:18,229] logger_util.py->write_log line:61 [INFO] 文件上传：None
[2023-06-02 15:05:18,425] logger_util.py->write_log line:61 [INFO] 预期结果：[{'equals': {'status_code': 200}}]
[2023-06-02 15:05:18,425] logger_util.py->write_log line:61 [INFO] 实际结果：
[2023-06-02 15:05:18,426] logger_util.py->write_log line:61 [INFO] 接口请求成功！
[2023-06-02 15:05:18,426] logger_util.py->write_log line:61 [INFO] -------------接口请求结束-----------

[2023-06-02 15:05:18,443] logger_util.py->write_log line:61 [INFO] -------------接口请求开始-----------
[2023-06-02 15:05:18,443] logger_util.py->write_log line:61 [INFO] 接口名称：设置聚合表触发配置--变量触发
[2023-06-02 15:05:18,443] logger_util.py->write_log line:61 [INFO] 接口方式：put
[2023-06-02 15:05:18,443] logger_util.py->write_log line:61 [INFO] 接口路径：http://127.0.0.1:18000/api/v1/dataconfig/aggregatetable/39beb9fa-a60d-4379-8376-9b13863b9442/triggers
[2023-06-02 15:05:18,443] logger_util.py->write_log line:61 [INFO] 请求头：{'Content-Type': 'application/json;charset=UTF-8', 'X-Project': '83d42c5d5ad141bba528b7690b19996e'}
[2023-06-02 15:05:18,444] logger_util.py->write_log line:61 [INFO] 请求参数：{'realTime': False, 'triggers': [{'effectiveDateTime': '', 'frequencyValue': 1, 'frequencyUnit': 1, 'matchAll': False, 'condition': 'G1 ==  true', 'conditionDetail': 3, 'frequencyCheck': False, 'triggerType': 2}]}
[2023-06-02 15:05:18,444] logger_util.py->write_log line:61 [INFO] 文件上传：None
[2023-06-02 15:05:18,648] logger_util.py->write_log line:61 [INFO] 预期结果：[{'equals': {'status_code': 200}}]
[2023-06-02 15:05:18,648] logger_util.py->write_log line:61 [INFO] 实际结果：
[2023-06-02 15:05:18,648] logger_util.py->write_log line:61 [INFO] 接口请求成功！
[2023-06-02 15:05:18,648] logger_util.py->write_log line:61 [INFO] -------------接口请求结束-----------

[2023-06-02 15:05:18,654] logger_util.py->write_log line:61 [INFO] -------------接口请求开始-----------
[2023-06-02 15:05:18,654] logger_util.py->write_log line:61 [INFO] 接口名称：设置聚合表触发配置--变量触发
[2023-06-02 15:05:18,654] logger_util.py->write_log line:61 [INFO] 接口方式：put
[2023-06-02 15:05:18,654] logger_util.py->write_log line:61 [INFO] 接口路径：http://127.0.0.1:18000/api/v1/dataconfig/aggregatetable/39beb9fa-a60d-4379-8376-9b13863b9442/triggers
[2023-06-02 15:05:18,654] logger_util.py->write_log line:61 [INFO] 请求头：{'Content-Type': 'application/json;charset=UTF-8', 'X-Project': '83d42c5d5ad141bba528b7690b19996e'}
[2023-06-02 15:05:18,654] logger_util.py->write_log line:61 [INFO] 请求参数：{'realTime': False, 'triggers': [{'effectiveDateTime': '', 'frequencyValue': 1, 'frequencyUnit': 1, 'matchAll': False, 'condition': 'G1 ==  true', 'conditionDetail': 1, 'frequencyCheck': True, 'triggerType': 2}]}
[2023-06-02 15:05:18,654] logger_util.py->write_log line:61 [INFO] 文件上传：None
[2023-06-02 15:05:18,923] logger_util.py->write_log line:61 [INFO] 预期结果：[{'equals': {'status_code': 200}}]
[2023-06-02 15:05:18,923] logger_util.py->write_log line:61 [INFO] 实际结果：
[2023-06-02 15:05:18,923] logger_util.py->write_log line:61 [INFO] 接口请求成功！
[2023-06-02 15:05:18,923] logger_util.py->write_log line:61 [INFO] -------------接口请求结束-----------

[2023-06-02 15:05:18,928] logger_util.py->write_log line:61 [INFO] -------------接口请求开始-----------
[2023-06-02 15:05:18,928] logger_util.py->write_log line:61 [INFO] 接口名称：设置聚合表触发配置--变量触发
[2023-06-02 15:05:18,928] logger_util.py->write_log line:61 [INFO] 接口方式：put
[2023-06-02 15:05:18,929] logger_util.py->write_log line:61 [INFO] 接口路径：http://127.0.0.1:18000/api/v1/dataconfig/aggregatetable/39beb9fa-a60d-4379-8376-9b13863b9442/triggers
[2023-06-02 15:05:18,929] logger_util.py->write_log line:61 [INFO] 请求头：{'Content-Type': 'application/json;charset=UTF-8', 'X-Project': '83d42c5d5ad141bba528b7690b19996e'}
[2023-06-02 15:05:18,929] logger_util.py->write_log line:61 [INFO] 请求参数：{'realTime': False, 'triggers': [{'effectiveDateTime': '', 'frequencyValue': 5, 'frequencyUnit': 2, 'matchAll': False, 'condition': 'G1 ==  true', 'conditionDetail': 1, 'frequencyCheck': True, 'triggerType': 2}]}
[2023-06-02 15:05:18,929] logger_util.py->write_log line:61 [INFO] 文件上传：None
[2023-06-02 15:05:19,106] logger_util.py->write_log line:61 [INFO] 预期结果：[{'equals': {'status_code': 200}}]
[2023-06-02 15:05:19,106] logger_util.py->write_log line:61 [INFO] 实际结果：
[2023-06-02 15:05:19,106] logger_util.py->write_log line:61 [INFO] 接口请求成功！
[2023-06-02 15:05:19,106] logger_util.py->write_log line:61 [INFO] -------------接口请求结束-----------

[2023-06-02 15:05:19,113] logger_util.py->write_log line:61 [INFO] -------------接口请求开始-----------
[2023-06-02 15:05:19,113] logger_util.py->write_log line:61 [INFO] 接口名称：设置聚合表触发配置--变量触发
[2023-06-02 15:05:19,113] logger_util.py->write_log line:61 [INFO] 接口方式：put
[2023-06-02 15:05:19,114] logger_util.py->write_log line:61 [INFO] 接口路径：http://127.0.0.1:18000/api/v1/dataconfig/aggregatetable/39beb9fa-a60d-4379-8376-9b13863b9442/triggers
[2023-06-02 15:05:19,114] logger_util.py->write_log line:61 [INFO] 请求头：{'Content-Type': 'application/json;charset=UTF-8', 'X-Project': '83d42c5d5ad141bba528b7690b19996e'}
[2023-06-02 15:05:19,114] logger_util.py->write_log line:61 [INFO] 请求参数：{'realTime': False, 'triggers': [{'effectiveDateTime': '', 'frequencyValue': 1, 'frequencyUnit': 3, 'matchAll': False, 'condition': 'G1 ==  true', 'conditionDetail': 1, 'frequencyCheck': True, 'triggerType': 2}]}
[2023-06-02 15:05:19,114] logger_util.py->write_log line:61 [INFO] 文件上传：None
[2023-06-02 15:05:19,298] logger_util.py->write_log line:61 [INFO] 预期结果：[{'equals': {'status_code': 200}}]
[2023-06-02 15:05:19,298] logger_util.py->write_log line:61 [INFO] 实际结果：
[2023-06-02 15:05:19,298] logger_util.py->write_log line:61 [INFO] 接口请求成功！
[2023-06-02 15:05:19,298] logger_util.py->write_log line:61 [INFO] -------------接口请求结束-----------

[2023-06-02 15:05:19,304] logger_util.py->write_log line:61 [INFO] -------------接口请求开始-----------
[2023-06-02 15:05:19,304] logger_util.py->write_log line:61 [INFO] 接口名称：设置聚合表触发配置--变量触发
[2023-06-02 15:05:19,304] logger_util.py->write_log line:61 [INFO] 接口方式：put
[2023-06-02 15:05:19,304] logger_util.py->write_log line:61 [INFO] 接口路径：http://127.0.0.1:18000/api/v1/dataconfig/aggregatetable/39beb9fa-a60d-4379-8376-9b13863b9442/triggers
[2023-06-02 15:05:19,304] logger_util.py->write_log line:61 [INFO] 请求头：{'Content-Type': 'application/json;charset=UTF-8', 'X-Project': '83d42c5d5ad141bba528b7690b19996e'}
[2023-06-02 15:05:19,304] logger_util.py->write_log line:61 [INFO] 请求参数：{'realTime': False, 'triggers': [{'effectiveDateTime': '', 'frequencyValue': 1, 'frequencyUnit': 4, 'matchAll': False, 'condition': 'G1 ==  true', 'conditionDetail': 1, 'frequencyCheck': True, 'triggerType': 2}]}
[2023-06-02 15:05:19,305] logger_util.py->write_log line:61 [INFO] 文件上传：None
[2023-06-02 15:05:19,589] logger_util.py->write_log line:61 [INFO] 预期结果：[{'equals': {'status_code': 200}}]
[2023-06-02 15:05:19,590] logger_util.py->write_log line:61 [INFO] 实际结果：
[2023-06-02 15:05:19,590] logger_util.py->write_log line:61 [INFO] 接口请求成功！
[2023-06-02 15:05:19,590] logger_util.py->write_log line:61 [INFO] -------------接口请求结束-----------

[2023-06-02 15:05:19,598] logger_util.py->write_log line:61 [INFO] -------------接口请求开始-----------
[2023-06-02 15:05:19,598] logger_util.py->write_log line:61 [INFO] 接口名称：设置聚合表触发配置--变量触发
[2023-06-02 15:05:19,598] logger_util.py->write_log line:61 [INFO] 接口方式：put
[2023-06-02 15:05:19,598] logger_util.py->write_log line:61 [INFO] 接口路径：http://127.0.0.1:18000/api/v1/dataconfig/aggregatetable/39beb9fa-a60d-4379-8376-9b13863b9442/triggers
[2023-06-02 15:05:19,599] logger_util.py->write_log line:61 [INFO] 请求头：{'Content-Type': 'application/json;charset=UTF-8', 'X-Project': '83d42c5d5ad141bba528b7690b19996e'}
[2023-06-02 15:05:19,599] logger_util.py->write_log line:61 [INFO] 请求参数：{'realTime': False, 'triggers': [{'effectiveDateTime': '', 'frequencyValue': 36, 'frequencyUnit': 5, 'matchAll': False, 'condition': 'G1 ==  true', 'conditionDetail': 1, 'frequencyCheck': True, 'triggerType': 2}]}
[2023-06-02 15:05:19,599] logger_util.py->write_log line:61 [INFO] 文件上传：None
[2023-06-02 15:05:19,789] logger_util.py->write_log line:61 [INFO] 预期结果：[{'equals': {'status_code': 200}}]
[2023-06-02 15:05:19,789] logger_util.py->write_log line:61 [INFO] 实际结果：
[2023-06-02 15:05:19,789] logger_util.py->write_log line:61 [INFO] 接口请求成功！
[2023-06-02 15:05:19,789] logger_util.py->write_log line:61 [INFO] -------------接口请求结束-----------

[2023-06-02 15:05:19,795] logger_util.py->write_log line:61 [INFO] -------------接口请求开始-----------
[2023-06-02 15:05:19,795] logger_util.py->write_log line:61 [INFO] 接口名称：设置聚合表触发配置--变量触发
[2023-06-02 15:05:19,795] logger_util.py->write_log line:61 [INFO] 接口方式：put
[2023-06-02 15:05:19,795] logger_util.py->write_log line:61 [INFO] 接口路径：http://127.0.0.1:18000/api/v1/dataconfig/aggregatetable/39beb9fa-a60d-4379-8376-9b13863b9442/triggers
[2023-06-02 15:05:19,795] logger_util.py->write_log line:61 [INFO] 请求头：{'Content-Type': 'application/json;charset=UTF-8', 'X-Project': '83d42c5d5ad141bba528b7690b19996e'}
[2023-06-02 15:05:19,795] logger_util.py->write_log line:61 [INFO] 请求参数：{'realTime': False, 'triggers': [{'effectiveDateTime': '', 'frequencyValue': 1, 'frequencyUnit': 1, 'matchAll': False, 'condition': "G1 ==  true ||  H1 != '中文'", 'conditionDetail': 1, 'frequencyCheck': False, 'triggerType': 2}]}
[2023-06-02 15:05:19,795] logger_util.py->write_log line:61 [INFO] 文件上传：None
[2023-06-02 15:05:19,983] logger_util.py->write_log line:61 [INFO] 预期结果：[{'equals': {'status_code': 200}}]
[2023-06-02 15:05:19,984] logger_util.py->write_log line:61 [INFO] 实际结果：
[2023-06-02 15:05:19,984] logger_util.py->write_log line:61 [INFO] 接口请求成功！
[2023-06-02 15:05:19,984] logger_util.py->write_log line:61 [INFO] -------------接口请求结束-----------

[2023-06-02 15:05:20,017] logger_util.py->write_log line:61 [INFO] -------------接口请求开始-----------
[2023-06-02 15:05:20,018] logger_util.py->write_log line:61 [INFO] 接口名称：设置聚合表触发配置--变量触发
[2023-06-02 15:05:20,018] logger_util.py->write_log line:61 [INFO] 接口方式：put
[2023-06-02 15:05:20,018] logger_util.py->write_log line:61 [INFO] 接口路径：http://127.0.0.1:18000/api/v1/dataconfig/aggregatetable/39beb9fa-a60d-4379-8376-9b13863b9442/triggers
[2023-06-02 15:05:20,018] logger_util.py->write_log line:61 [INFO] 请求头：{'Content-Type': 'application/json;charset=UTF-8', 'X-Project': '83d42c5d5ad141bba528b7690b19996e'}
[2023-06-02 15:05:20,018] logger_util.py->write_log line:61 [INFO] 请求参数：{'realTime': False, 'triggers': [{'effectiveDateTime': '', 'frequencyValue': 1, 'frequencyUnit': 1, 'matchAll': False, 'condition': 'A1 + B1)  <=  0 ||  (A1 - B1) <= 0', 'conditionDetail': 1, 'frequencyCheck': False, 'triggerType': 2}]}
[2023-06-02 15:05:20,018] logger_util.py->write_log line:61 [INFO] 文件上传：None
[2023-06-02 15:05:20,506] logger_util.py->write_log line:61 [INFO] 预期结果：[{'equals': {'status_code': 200}}]
[2023-06-02 15:05:20,506] logger_util.py->write_log line:61 [INFO] 实际结果：
[2023-06-02 15:05:20,506] logger_util.py->write_log line:61 [INFO] 接口请求成功！
[2023-06-02 15:05:20,506] logger_util.py->write_log line:61 [INFO] -------------接口请求结束-----------

[2023-06-02 15:05:20,512] logger_util.py->write_log line:61 [INFO] -------------接口请求开始-----------
[2023-06-02 15:05:20,512] logger_util.py->write_log line:61 [INFO] 接口名称：设置聚合表触发配置--变量触发
[2023-06-02 15:05:20,512] logger_util.py->write_log line:61 [INFO] 接口方式：put
[2023-06-02 15:05:20,512] logger_util.py->write_log line:61 [INFO] 接口路径：http://127.0.0.1:18000/api/v1/dataconfig/aggregatetable/39beb9fa-a60d-4379-8376-9b13863b9442/triggers
[2023-06-02 15:05:20,512] logger_util.py->write_log line:61 [INFO] 请求头：{'Content-Type': 'application/json;charset=UTF-8', 'X-Project': '83d42c5d5ad141bba528b7690b19996e'}
[2023-06-02 15:05:20,512] logger_util.py->write_log line:61 [INFO] 请求参数：{'realTime': False, 'triggers': [{'effectiveDateTime': '', 'frequencyValue': 1, 'frequencyUnit': 1, 'matchAll': False, 'condition': '(A1 * B1) > 0 &&  (A1 / B1)>0', 'conditionDetail': 1, 'frequencyCheck': False, 'triggerType': 2}]}
[2023-06-02 15:05:20,512] logger_util.py->write_log line:61 [INFO] 文件上传：None
[2023-06-02 15:05:20,737] logger_util.py->write_log line:61 [INFO] 预期结果：[{'equals': {'status_code': 200}}]
[2023-06-02 15:05:20,737] logger_util.py->write_log line:61 [INFO] 实际结果：
[2023-06-02 15:05:20,737] logger_util.py->write_log line:61 [INFO] 接口请求成功！
[2023-06-02 15:05:20,738] logger_util.py->write_log line:61 [INFO] -------------接口请求结束-----------

[2023-06-02 15:05:20,745] logger_util.py->write_log line:61 [INFO] -------------接口请求开始-----------
[2023-06-02 15:05:20,745] logger_util.py->write_log line:61 [INFO] 接口名称：设置聚合表触发配置--定时触发
[2023-06-02 15:05:20,745] logger_util.py->write_log line:61 [INFO] 接口方式：put
[2023-06-02 15:05:20,745] logger_util.py->write_log line:61 [INFO] 接口路径：http://127.0.0.1:18000/api/v1/dataconfig/aggregatetable/39beb9fa-a60d-4379-8376-9b13863b9442/triggers
[2023-06-02 15:05:20,745] logger_util.py->write_log line:61 [INFO] 请求头：{'Content-Type': 'application/json;charset=UTF-8', 'X-Project': '83d42c5d5ad141bba528b7690b19996e'}
[2023-06-02 15:05:20,745] logger_util.py->write_log line:61 [INFO] 请求参数：{'realTime': False, 'triggers': [{'effectiveDateTime': '2023-05-22T06:15:31.000Z', 'frequencyValue': 1, 'frequencyUnit': 1, 'matchAll': False, 'condition': '', 'conditionDetail': 1, 'frequencyCheck': False, 'triggerType': 1}]}
[2023-06-02 15:05:20,745] logger_util.py->write_log line:61 [INFO] 文件上传：None
[2023-06-02 15:05:20,980] logger_util.py->write_log line:61 [INFO] 预期结果：[{'equals': {'status_code': 200}}]
[2023-06-02 15:05:20,982] logger_util.py->write_log line:61 [INFO] 实际结果：
[2023-06-02 15:05:20,982] logger_util.py->write_log line:61 [INFO] 接口请求成功！
[2023-06-02 15:05:20,982] logger_util.py->write_log line:61 [INFO] -------------接口请求结束-----------

[2023-06-02 15:05:20,987] logger_util.py->write_log line:61 [INFO] -------------接口请求开始-----------
[2023-06-02 15:05:20,988] logger_util.py->write_log line:61 [INFO] 接口名称：设置聚合表触发配置--定时触发
[2023-06-02 15:05:20,988] logger_util.py->write_log line:61 [INFO] 接口方式：put
[2023-06-02 15:05:20,988] logger_util.py->write_log line:61 [INFO] 接口路径：http://127.0.0.1:18000/api/v1/dataconfig/aggregatetable/39beb9fa-a60d-4379-8376-9b13863b9442/triggers
[2023-06-02 15:05:20,988] logger_util.py->write_log line:61 [INFO] 请求头：{'Content-Type': 'application/json;charset=UTF-8', 'X-Project': '83d42c5d5ad141bba528b7690b19996e'}
[2023-06-02 15:05:20,988] logger_util.py->write_log line:61 [INFO] 请求参数：{'realTime': False, 'triggers': [{'effectiveDateTime': '2023-05-22T06:15:31.000Z', 'frequencyValue': 5, 'frequencyUnit': 2, 'matchAll': False, 'condition': '', 'conditionDetail': 1, 'frequencyCheck': False, 'triggerType': 1}]}
[2023-06-02 15:05:20,988] logger_util.py->write_log line:61 [INFO] 文件上传：None
[2023-06-02 15:05:21,197] logger_util.py->write_log line:61 [INFO] 预期结果：[{'equals': {'status_code': 200}}]
[2023-06-02 15:05:21,198] logger_util.py->write_log line:61 [INFO] 实际结果：
[2023-06-02 15:05:21,198] logger_util.py->write_log line:61 [INFO] 接口请求成功！
[2023-06-02 15:05:21,198] logger_util.py->write_log line:61 [INFO] -------------接口请求结束-----------

[2023-06-02 15:05:21,206] logger_util.py->write_log line:61 [INFO] -------------接口请求开始-----------
[2023-06-02 15:05:21,206] logger_util.py->write_log line:61 [INFO] 接口名称：设置聚合表触发配置--定时触发
[2023-06-02 15:05:21,206] logger_util.py->write_log line:61 [INFO] 接口方式：put
[2023-06-02 15:05:21,206] logger_util.py->write_log line:61 [INFO] 接口路径：http://127.0.0.1:18000/api/v1/dataconfig/aggregatetable/39beb9fa-a60d-4379-8376-9b13863b9442/triggers
[2023-06-02 15:05:21,206] logger_util.py->write_log line:61 [INFO] 请求头：{'Content-Type': 'application/json;charset=UTF-8', 'X-Project': '83d42c5d5ad141bba528b7690b19996e'}
[2023-06-02 15:05:21,206] logger_util.py->write_log line:61 [INFO] 请求参数：{'realTime': False, 'triggers': [{'effectiveDateTime': '2023-05-22T06:15:31.000Z', 'frequencyValue': 1, 'frequencyUnit': 3, 'matchAll': False, 'condition': '', 'conditionDetail': 1, 'frequencyCheck': False, 'triggerType': 1}]}
[2023-06-02 15:05:21,206] logger_util.py->write_log line:61 [INFO] 文件上传：None
[2023-06-02 15:05:21,561] logger_util.py->write_log line:61 [INFO] 预期结果：[{'equals': {'status_code': 200}}]
[2023-06-02 15:05:21,562] logger_util.py->write_log line:61 [INFO] 实际结果：
[2023-06-02 15:05:21,562] logger_util.py->write_log line:61 [INFO] 接口请求成功！
[2023-06-02 15:05:21,562] logger_util.py->write_log line:61 [INFO] -------------接口请求结束-----------

[2023-06-02 15:05:21,569] logger_util.py->write_log line:61 [INFO] -------------接口请求开始-----------
[2023-06-02 15:05:21,569] logger_util.py->write_log line:61 [INFO] 接口名称：设置聚合表触发配置--定时触发
[2023-06-02 15:05:21,569] logger_util.py->write_log line:61 [INFO] 接口方式：put
[2023-06-02 15:05:21,569] logger_util.py->write_log line:61 [INFO] 接口路径：http://127.0.0.1:18000/api/v1/dataconfig/aggregatetable/39beb9fa-a60d-4379-8376-9b13863b9442/triggers
[2023-06-02 15:05:21,569] logger_util.py->write_log line:61 [INFO] 请求头：{'Content-Type': 'application/json;charset=UTF-8', 'X-Project': '83d42c5d5ad141bba528b7690b19996e'}
[2023-06-02 15:05:21,569] logger_util.py->write_log line:61 [INFO] 请求参数：{'realTime': False, 'triggers': [{'effectiveDateTime': '2023-05-22T06:15:31.000Z', 'frequencyValue': 1, 'frequencyUnit': 4, 'matchAll': False, 'condition': '', 'conditionDetail': 1, 'frequencyCheck': False, 'triggerType': 1}]}
[2023-06-02 15:05:21,569] logger_util.py->write_log line:61 [INFO] 文件上传：None
[2023-06-02 15:05:21,839] logger_util.py->write_log line:61 [INFO] 预期结果：[{'equals': {'status_code': 200}}]
[2023-06-02 15:05:21,839] logger_util.py->write_log line:61 [INFO] 实际结果：
[2023-06-02 15:05:21,839] logger_util.py->write_log line:61 [INFO] 接口请求成功！
[2023-06-02 15:05:21,839] logger_util.py->write_log line:61 [INFO] -------------接口请求结束-----------

[2023-06-02 15:05:21,845] logger_util.py->write_log line:61 [INFO] -------------接口请求开始-----------
[2023-06-02 15:05:21,845] logger_util.py->write_log line:61 [INFO] 接口名称：设置聚合表触发配置--定时触发
[2023-06-02 15:05:21,845] logger_util.py->write_log line:61 [INFO] 接口方式：put
[2023-06-02 15:05:21,845] logger_util.py->write_log line:61 [INFO] 接口路径：http://127.0.0.1:18000/api/v1/dataconfig/aggregatetable/39beb9fa-a60d-4379-8376-9b13863b9442/triggers
[2023-06-02 15:05:21,845] logger_util.py->write_log line:61 [INFO] 请求头：{'Content-Type': 'application/json;charset=UTF-8', 'X-Project': '83d42c5d5ad141bba528b7690b19996e'}
[2023-06-02 15:05:21,845] logger_util.py->write_log line:61 [INFO] 请求参数：{'realTime': False, 'triggers': [{'effectiveDateTime': '2023-05-22T06:15:31.000Z', 'frequencyValue': 36, 'frequencyUnit': 5, 'matchAll': False, 'condition': '', 'conditionDetail': 1, 'frequencyCheck': False, 'triggerType': 1}]}
[2023-06-02 15:05:21,845] logger_util.py->write_log line:61 [INFO] 文件上传：None
[2023-06-02 15:05:22,053] logger_util.py->write_log line:61 [INFO] 预期结果：[{'equals': {'status_code': 200}}]
[2023-06-02 15:05:22,054] logger_util.py->write_log line:61 [INFO] 实际结果：
[2023-06-02 15:05:22,054] logger_util.py->write_log line:61 [INFO] 接口请求成功！
[2023-06-02 15:05:22,054] logger_util.py->write_log line:61 [INFO] -------------接口请求结束-----------

[2023-06-02 15:05:22,060] logger_util.py->write_log line:61 [INFO] -------------接口请求开始-----------
[2023-06-02 15:05:22,060] logger_util.py->write_log line:61 [INFO] 接口名称：设置聚合表触发配置--定时触发
[2023-06-02 15:05:22,060] logger_util.py->write_log line:61 [INFO] 接口方式：put
[2023-06-02 15:05:22,060] logger_util.py->write_log line:61 [INFO] 接口路径：http://127.0.0.1:18000/api/v1/dataconfig/aggregatetable/39beb9fa-a60d-4379-8376-9b13863b9442/triggers
[2023-06-02 15:05:22,060] logger_util.py->write_log line:61 [INFO] 请求头：{'Content-Type': 'application/json;charset=UTF-8', 'X-Project': '83d42c5d5ad141bba528b7690b19996e'}
[2023-06-02 15:05:22,060] logger_util.py->write_log line:61 [INFO] 请求参数：{'realTime': False, 'triggers': [{'effectiveDateTime': '2023-05-22T06:15:31.000Z', 'frequencyValue': 1, 'frequencyUnit': 1, 'matchAll': True, 'condition': "G1 ==  true ||  H1 != '中文'", 'conditionDetail': 1, 'frequencyCheck': False, 'triggerType': 1}]}
[2023-06-02 15:05:22,061] logger_util.py->write_log line:61 [INFO] 文件上传：None
[2023-06-02 15:05:22,375] logger_util.py->write_log line:61 [INFO] 预期结果：[{'equals': {'status_code': 200}}]
[2023-06-02 15:05:22,376] logger_util.py->write_log line:61 [INFO] 实际结果：
[2023-06-02 15:05:22,376] logger_util.py->write_log line:61 [INFO] 接口请求成功！
[2023-06-02 15:05:22,377] logger_util.py->write_log line:61 [INFO] -------------接口请求结束-----------

[2023-06-02 15:05:22,394] logger_util.py->write_log line:61 [INFO] -------------接口请求开始-----------
[2023-06-02 15:05:22,394] logger_util.py->write_log line:61 [INFO] 接口名称：设置聚合表触发配置--定时触发
[2023-06-02 15:05:22,394] logger_util.py->write_log line:61 [INFO] 接口方式：put
[2023-06-02 15:05:22,394] logger_util.py->write_log line:61 [INFO] 接口路径：http://127.0.0.1:18000/api/v1/dataconfig/aggregatetable/39beb9fa-a60d-4379-8376-9b13863b9442/triggers
[2023-06-02 15:05:22,394] logger_util.py->write_log line:61 [INFO] 请求头：{'Content-Type': 'application/json;charset=UTF-8', 'X-Project': '83d42c5d5ad141bba528b7690b19996e'}
[2023-06-02 15:05:22,394] logger_util.py->write_log line:61 [INFO] 请求参数：{'realTime': False, 'triggers': [{'effectiveDateTime': '2023-05-22T06:15:31.000Z', 'frequencyValue': 1, 'frequencyUnit': 1, 'matchAll': True, 'condition': 'A1 + B1)  <=  0 ||  (A1 - B1) <= 0', 'conditionDetail': 1, 'frequencyCheck': False, 'triggerType': 1}]}
[2023-06-02 15:05:22,394] logger_util.py->write_log line:61 [INFO] 文件上传：None
[2023-06-02 15:05:22,614] logger_util.py->write_log line:61 [INFO] 预期结果：[{'equals': {'status_code': 200}}]
[2023-06-02 15:05:22,614] logger_util.py->write_log line:61 [INFO] 实际结果：
[2023-06-02 15:05:22,614] logger_util.py->write_log line:61 [INFO] 接口请求成功！
[2023-06-02 15:05:22,614] logger_util.py->write_log line:61 [INFO] -------------接口请求结束-----------

[2023-06-02 15:05:22,620] logger_util.py->write_log line:61 [INFO] -------------接口请求开始-----------
[2023-06-02 15:05:22,620] logger_util.py->write_log line:61 [INFO] 接口名称：设置聚合表触发配置--定时触发
[2023-06-02 15:05:22,620] logger_util.py->write_log line:61 [INFO] 接口方式：put
[2023-06-02 15:05:22,620] logger_util.py->write_log line:61 [INFO] 接口路径：http://127.0.0.1:18000/api/v1/dataconfig/aggregatetable/39beb9fa-a60d-4379-8376-9b13863b9442/triggers
[2023-06-02 15:05:22,620] logger_util.py->write_log line:61 [INFO] 请求头：{'Content-Type': 'application/json;charset=UTF-8', 'X-Project': '83d42c5d5ad141bba528b7690b19996e'}
[2023-06-02 15:05:22,620] logger_util.py->write_log line:61 [INFO] 请求参数：{'realTime': False, 'triggers': [{'effectiveDateTime': '2023-05-22T06:15:31.000Z', 'frequencyValue': 1, 'frequencyUnit': 1, 'matchAll': True, 'condition': '(A1 * B1) > 0 &&  (A1 / B1)>0', 'conditionDetail': 1, 'frequencyCheck': False, 'triggerType': 1}]}
[2023-06-02 15:05:22,620] logger_util.py->write_log line:61 [INFO] 文件上传：None
[2023-06-02 15:05:22,948] logger_util.py->write_log line:61 [INFO] 预期结果：[{'equals': {'status_code': 200}}]
[2023-06-02 15:05:22,949] logger_util.py->write_log line:61 [INFO] 实际结果：
[2023-06-02 15:05:22,949] logger_util.py->write_log line:61 [INFO] 接口请求成功！
[2023-06-02 15:05:22,949] logger_util.py->write_log line:61 [INFO] -------------接口请求结束-----------

[2023-06-02 15:05:22,958] logger_util.py->write_log line:61 [INFO] -------------接口请求开始-----------
[2023-06-02 15:05:22,958] logger_util.py->write_log line:61 [INFO] 接口名称：设置聚合表触发配置--定时触发
[2023-06-02 15:05:22,958] logger_util.py->write_log line:61 [INFO] 接口方式：put
[2023-06-02 15:05:22,958] logger_util.py->write_log line:61 [INFO] 接口路径：http://127.0.0.1:18000/api/v1/dataconfig/aggregatetable/39beb9fa-a60d-4379-8376-9b13863b9442/triggers
[2023-06-02 15:05:22,959] logger_util.py->write_log line:61 [INFO] 请求头：{'Content-Type': 'application/json;charset=UTF-8', 'X-Project': '83d42c5d5ad141bba528b7690b19996e'}
[2023-06-02 15:05:22,959] logger_util.py->write_log line:61 [INFO] 请求参数：{'realTime': False, 'triggers': [{'effectiveDateTime': '', 'frequencyValue': 1, 'frequencyUnit': 2, 'matchAll': False, 'condition': '', 'conditionDetail': 1, 'frequencyCheck': False, 'triggerType': 1}]}
[2023-06-02 15:05:22,959] logger_util.py->write_log line:61 [INFO] 文件上传：None
[2023-06-02 15:05:23,275] logger_util.py->error_log line:65 [INFO] 断言失败:status_code不等于200
[2023-06-02 15:05:23,275] logger_util.py->write_log line:61 [INFO] 接口请求失败！
[2023-06-02 15:05:23,275] logger_util.py->write_log line:61 [INFO] -------------接口请求结束-----------

[2023-06-02 15:05:23,276] logger_util.py->error_log line:65 [INFO] 断言异常：异常信息: Traceback (most recent call last):
  File "E:\Project_python\2TestCMS2.0\common\requests_util.py", line 366, in validate_result
    error_log("断言失败:"+assert_key+"不等于"+str(assert_value))
  File "E:\Project_python\2TestCMS2.0\common\logger_util.py", line 66, in error_log
    raise Exception(log_message)
Exception: 断言失败:status_code不等于200

[2023-06-02 15:05:23,276] logger_util.py->error_log line:65 [INFO] 分析YAML文件异常：异常信息: Traceback (most recent call last):
  File "E:\Project_python\2TestCMS2.0\common\requests_util.py", line 366, in validate_result
    error_log("断言失败:"+assert_key+"不等于"+str(assert_value))
  File "E:\Project_python\2TestCMS2.0\common\logger_util.py", line 66, in error_log
    raise Exception(log_message)
Exception: 断言失败:status_code不等于200

During handling of the above exception, another exception occurred:

Traceback (most recent call last):
  File "E:\Project_python\2TestCMS2.0\common\requests_util.py", line 265, in analysis_yaml
    self.validate_result(yq_result, return_text, status_code)
  File "E:\Project_python\2TestCMS2.0\common\requests_util.py", line 416, in validate_result
    error_log("断言异常：异常信息: %s" % str(traceback.format_exc()))
  File "E:\Project_python\2TestCMS2.0\common\logger_util.py", line 66, in error_log
    raise Exception(log_message)
Exception: 断言异常：异常信息: Traceback (most recent call last):
  File "E:\Project_python\2TestCMS2.0\common\requests_util.py", line 366, in validate_result
    error_log("断言失败:"+assert_key+"不等于"+str(assert_value))
  File "E:\Project_python\2TestCMS2.0\common\logger_util.py", line 66, in error_log
    raise Exception(log_message)
Exception: 断言失败:status_code不等于200


