[2022-09-19 16:17:20,957] logger_util.py->write_log line:61 [INFO] -------------接口请求开始-----------
[2022-09-19 16:17:20,957] logger_util.py->write_log line:61 [INFO] 接口名称：重命名图库默认组
[2022-09-19 16:17:20,957] logger_util.py->write_log line:61 [INFO] 接口方式：post
[2022-09-19 16:17:20,957] logger_util.py->write_log line:61 [INFO] 接口路径：http://127.0.0.1:18000/api/v1/view/image
[2022-09-19 16:17:20,957] logger_util.py->write_log line:61 [INFO] 请求头：{'Content-Type': 'application/json;charset=UTF-8'}
[2022-09-19 16:17:20,957] logger_util.py->write_log line:61 [INFO] 请求参数：图库484
[2022-09-19 16:17:20,957] logger_util.py->write_log line:61 [INFO] 文件上传：None
[2022-09-19 16:17:21,082] logger_util.py->write_log line:61 [INFO] 预期结果：[{'equals': {'status_code': 200}}]
[2022-09-19 16:17:21,082] logger_util.py->write_log line:61 [INFO] 实际结果：0f6cdfe376544f1a80c024d8562e0939
[2022-09-19 16:17:21,082] logger_util.py->write_log line:61 [INFO] 接口请求成功！
[2022-09-19 16:17:21,082] logger_util.py->write_log line:61 [INFO] -------------接口请求结束-----------

[2022-09-19 16:17:21,097] logger_util.py->write_log line:61 [INFO] -------------接口请求开始-----------
[2022-09-19 16:17:21,097] logger_util.py->write_log line:61 [INFO] 接口名称：上传图片
[2022-09-19 16:17:21,097] logger_util.py->write_log line:61 [INFO] 接口方式：post
[2022-09-19 16:17:21,097] logger_util.py->write_log line:61 [INFO] 接口路径：http://127.0.0.1:18000/api/v1/view/image/00000000000000000000000000000000
[2022-09-19 16:17:21,097] logger_util.py->write_log line:61 [INFO] 请求头：{}
[2022-09-19 16:17:21,097] logger_util.py->write_log line:61 [INFO] 文件上传：None
[2022-09-19 16:17:21,238] logger_util.py->write_log line:61 [INFO] 预期结果：[{'equals': {'status_code': 200}}]
[2022-09-19 16:17:21,238] logger_util.py->write_log line:61 [INFO] 实际结果：['0ce205204ed44967b0a4457f1c5d4607.jpg']
[2022-09-19 16:17:21,238] logger_util.py->write_log line:61 [INFO] 接口请求成功！
[2022-09-19 16:17:21,238] logger_util.py->write_log line:61 [INFO] -------------接口请求结束-----------

