[2023-11-08 15:19:07,430] logger_util.py->write_log line:61 [INFO] 
-------------接口请求开始-----------
[2023-11-08 15:19:07,430] logger_util.py->write_log line:61 [INFO] 接口名称：创建图库组
[2023-11-08 15:19:07,430] logger_util.py->write_log line:61 [INFO] 接口方式：post
[2023-11-08 15:19:07,430] logger_util.py->write_log line:61 [INFO] 接口路径：http://127.0.0.1:18000/api/v1/view/image/gallery?groupKey=我的
[2023-11-08 15:19:07,430] logger_util.py->write_log line:61 [INFO] 请求头：{'Content-Type': 'application/json;charset=UTF-8', 'X-Project': 'cade0634c4a44304911e8cfdb1b8f8b9'}
[2023-11-08 15:19:07,431] logger_util.py->write_log line:61 [INFO] 请求参数：图库组326
[2023-11-08 15:19:07,431] logger_util.py->write_log line:61 [INFO] 文件上传：None
[2023-11-08 15:19:07,445] logger_util.py->write_log line:61 [INFO] 预期结果：[{'equals': {'status_code': 200}}]
[2023-11-08 15:19:07,446] logger_util.py->write_log line:61 [INFO] 实际结果：{'groupKey': '我的\\图库组326', 'groupName': '图库组326'}
[2023-11-08 15:19:07,446] logger_util.py->write_log line:61 [INFO] 接口请求成功！
[2023-11-08 15:19:07,446] logger_util.py->write_log line:61 [INFO] 
-------------接口请求结束-----------

[2023-11-08 15:19:07,453] logger_util.py->write_log line:61 [INFO] 
-------------接口请求开始-----------
[2023-11-08 15:19:07,453] logger_util.py->write_log line:61 [INFO] 接口名称：获取图库树
[2023-11-08 15:19:07,453] logger_util.py->write_log line:61 [INFO] 接口方式：get
[2023-11-08 15:19:07,453] logger_util.py->write_log line:61 [INFO] 接口路径：http://127.0.0.1:18000/api/v1/view/image/gallery/tree?keyword=&groupPath=我的
[2023-11-08 15:19:07,453] logger_util.py->write_log line:61 [INFO] 请求头：{'Content-Type': 'application/json;charset=UTF-8', 'X-Project': 'cade0634c4a44304911e8cfdb1b8f8b9'}
[2023-11-08 15:19:07,453] logger_util.py->write_log line:61 [INFO] 文件上传：None
[2023-11-08 15:19:07,462] logger_util.py->write_log line:61 [INFO] 预期结果：[{'equals': {'status_code': 200}}]
[2023-11-08 15:19:07,462] logger_util.py->write_log line:61 [INFO] 实际结果：{'groups': [{'groupKey': '我的\\77', 'groupName': '77'}, {'groupKey': '我的\\图库组326', 'groupName': '图库组326'}], 'values': [{'groupKey': '我的\\77', 'groupName': '77', 'imageKey': '11.jpeg', 'imageName': '11.jpeg'}, {'groupKey': '我的\\77', 'groupName': '77', 'imageKey': 'bol.png', 'imageName': 'bol.png'}, {'groupKey': '我的\\77', 'groupName': '77', 'imageKey': 'dog (1).jpg', 'imageName': 'dog (1).jpg'}, {'groupKey': '我的\\77', 'groupName': '77', 'imageKey': 'dog.jpg', 'imageName': 'dog.jpg'}, {'groupKey': '我的\\77', 'groupName': '77', 'imageKey': '皮卡丘 (1).gif', 'imageName': '皮卡丘 (1).gif'}, {'groupKey': '我的\\77', 'groupName': '77', 'imageKey': '皮卡丘.gif', 'imageName': '皮卡丘.gif'}]}
[2023-11-08 15:19:07,462] logger_util.py->write_log line:61 [INFO] 接口请求成功！
[2023-11-08 15:19:07,462] logger_util.py->write_log line:61 [INFO] 
-------------接口请求结束-----------

[2023-11-08 15:19:07,473] logger_util.py->write_log line:61 [INFO] 
-------------接口请求开始-----------
[2023-11-08 15:19:07,473] logger_util.py->write_log line:61 [INFO] 接口名称：重命名图库组
[2023-11-08 15:19:07,473] logger_util.py->write_log line:61 [INFO] 接口方式：put
[2023-11-08 15:19:07,473] logger_util.py->write_log line:61 [INFO] 接口路径：http://127.0.0.1:18000/api/v1/view/image/gallery/rename?group=我的\图库组326
[2023-11-08 15:19:07,474] logger_util.py->write_log line:61 [INFO] 请求头：{'Content-Type': 'application/json;charset=UTF-8', 'X-Project': 'cade0634c4a44304911e8cfdb1b8f8b9'}
[2023-11-08 15:19:07,474] logger_util.py->write_log line:61 [INFO] 请求参数：重命名548
[2023-11-08 15:19:07,474] logger_util.py->write_log line:61 [INFO] 文件上传：None
[2023-11-08 15:19:07,476] logger_util.py->write_log line:61 [INFO] 预期结果：[{'equals': {'status_code': 200}}]
[2023-11-08 15:19:07,476] logger_util.py->write_log line:61 [INFO] 实际结果：{'groupKey': '我的\\重命名548', 'groupName': '重命名548'}
[2023-11-08 15:19:07,476] logger_util.py->write_log line:61 [INFO] 接口请求成功！
[2023-11-08 15:19:07,477] logger_util.py->write_log line:61 [INFO] 
-------------接口请求结束-----------

[2023-11-08 15:19:07,482] logger_util.py->write_log line:61 [INFO] 
-------------接口请求开始-----------
[2023-11-08 15:19:07,482] logger_util.py->write_log line:61 [INFO] 接口名称：获取分组结构
[2023-11-08 15:19:07,483] logger_util.py->write_log line:61 [INFO] 接口方式：get
[2023-11-08 15:19:07,483] logger_util.py->write_log line:61 [INFO] 接口路径：http://127.0.0.1:18000/api/v1/view/image/gallery/struct
[2023-11-08 15:19:07,484] logger_util.py->write_log line:61 [INFO] 请求头：{'Content-Type': 'application/json;charset=UTF-8', 'X-Project': 'cade0634c4a44304911e8cfdb1b8f8b9'}
[2023-11-08 15:19:07,484] logger_util.py->write_log line:61 [INFO] 文件上传：None
[2023-11-08 15:19:07,487] logger_util.py->write_log line:61 [INFO] 预期结果：[{'equals': {'status_code': 200}}]
[2023-11-08 15:19:07,487] logger_util.py->write_log line:61 [INFO] 实际结果：{'nexts': [{'nexts': [{'nexts': None, 'name': '77', 'key': '/我的/77', 'createTime': '2023-11-08T14:34:20.9168334+08:00'}, {'nexts': None, 'name': '重命名548', 'key': '/我的/重命名548', 'createTime': '2023-11-08T15:19:07.4438915+08:00'}], 'name': '我的', 'key': '/我的', 'createTime': '2023-11-06T09:39:45.3210834+08:00'}, {'nexts': [{'nexts': [{'nexts': None, 'name': '储罐', 'key': '/官方/行业图库/储罐', 'createTime': '2023-11-06T09:39:52.3702355+08:00'}, {'nexts': None, 'name': '其他', 'key': '/官方/行业图库/其他', 'createTime': '2023-11-06T09:39:52.6923755+08:00'}, {'nexts': None, 'name': '制程冷却', 'key': '/官方/行业图库/制程冷却', 'createTime': '2023-11-06T09:39:52.8788758+08:00'}, {'nexts': None, 'name': '加工设备', 'key': '/官方/行业图库/加工设备', 'createTime': '2023-11-06T09:39:52.9058034+08:00'}, {'nexts': None, 'name': '加热器', 'key': '/官方/行业图库/加热器', 'createTime': '2023-11-06T09:39:52.9865874+08:00'}, {'nexts': None, 'name': '安全', 'key': '/官方/行业图库/安全', 'createTime': '2023-11-06T09:39:53.0813629+08:00'}, {'nexts': None, 'name': '工业罐', 'key': '/官方/行业图库/工业罐', 'createTime': '2023-11-06T09:39:54.6900326+08:00'}, {'nexts': None, 'name': '开关', 'key': '/官方/行业图库/开关', 'createTime': '2023-11-06T09:39:54.7359106+08:00'}, {'nexts': None, 'name': '搅拌机', 'key': '/官方/行业图库/搅拌机', 'createTime': '2023-11-06T09:39:54.7908041+08:00'}, {'nexts': None, 'name': '泵', 'key': '/官方/行业图库/泵', 'createTime': '2023-11-06T09:39:54.9333829+08:00'}, {'nexts': None, 'name': '状态灯', 'key': '/官方/行业图库/状态灯', 'createTime': '2023-11-06T09:39:55.0850022+08:00'}, {'nexts': None, 'name': '电机', 'key': '/官方/行业图库/电机', 'createTime': '2023-11-06T09:39:55.1129264+08:00'}, {'nexts': None, 'name': '电线电缆', 'key': '/官方/行业图库/电线电缆', 'createTime': '2023-11-06T09:39:55.1318517+08:00'}, {'nexts': None, 'name': '管道', 'key': '/官方/行业图库/管道', 'createTime': '2023-11-06T09:39:55.1617714+08:00'}, {'nexts': None, 'name': '计量表', 'key': '/官方/行业图库/计量表', 'createTime': '2023-11-06T09:39:55.1837374+08:00'}, {'nexts': None, 'name': '锅炉', 'key': '/官方/行业图库/锅炉', 'createTime': '2023-11-06T09:39:55.6953448+08:00'}, {'nexts': None, 'name': '阀门', 'key': '/官方/行业图库/阀门', 'createTime': '2023-11-06T09:39:55.9805828+08:00'}, {'nexts': None, 'name': '鼓风机', 'key': '/官方/行业图库/鼓风机', 'createTime': '2023-11-06T09:39:56.3346613+08:00'}], 'name': '行业图库', 'key': '/官方/行业图库', 'createTime': '2023-11-06T09:39:52.3702355+08:00'}, {'nexts': [{'nexts': None, 'name': '其他', 'key': '/官方/设计素材/其他', 'createTime': '2023-11-06T09:39:56.3795165+08:00'}, {'nexts': None, 'name': '内容框', 'key': '/官方/设计素材/内容框', 'createTime': '2023-11-06T09:39:56.3825383+08:00'}, {'nexts': None, 'name': '地标', 'key': '/官方/设计素材/地标', 'createTime': '2023-11-06T09:39:56.3974676+08:00'}, {'nexts': None, 'name': '大标题', 'key': '/官方/设计素材/大标题', 'createTime': '2023-11-06T09:39:56.5291162+08:00'}, {'nexts': None, 'name': '小标题', 'key': '/官方/设计素材/小标题', 'createTime': '2023-11-06T09:39:56.6936761+08:00'}, {'nexts': None, 'name': '背景图', 'key': '/官方/设计素材/背景图', 'createTime': '2023-11-06T09:39:56.7395526+08:00'}, {'nexts': None, 'name': '菜单项', 'key': '/官方/设计素材/菜单项', 'createTime': '2023-11-06T09:39:56.9709626+08:00'}, {'nexts': None, 'name': '装饰', 'key': '/官方/设计素材/装饰', 'createTime': '2023-11-06T09:39:57.1564382+08:00'}], 'name': '设计素材', 'key': '/官方/设计素材', 'createTime': '2023-11-06T09:39:56.3795165+08:00'}], 'name': '官方', 'key': '/官方', 'createTime': '2023-11-06T09:39:52.3702355+08:00'}], 'name': None, 'key': None, 'createTime': '0001-01-01T00:00:00'}
[2023-11-08 15:19:07,488] logger_util.py->write_log line:61 [INFO] 接口请求成功！
[2023-11-08 15:19:07,488] logger_util.py->write_log line:61 [INFO] 
-------------接口请求结束-----------

[2023-11-08 15:19:07,553] logger_util.py->write_log line:61 [INFO] 
-------------接口请求开始-----------
[2023-11-08 15:19:07,553] logger_util.py->write_log line:61 [INFO] 接口名称：上传图片
[2023-11-08 15:19:07,553] logger_util.py->write_log line:61 [INFO] 接口方式：post
[2023-11-08 15:19:07,553] logger_util.py->write_log line:61 [INFO] 接口路径：http://127.0.0.1:18000/api/v1/view/image/gallery?group={groupKey}
[2023-11-08 15:19:07,553] logger_util.py->write_log line:61 [INFO] 请求头：{'Content-Type': 'application/json;charset=UTF-8', 'X-Project': 'cade0634c4a44304911e8cfdb1b8f8b9'}
[2023-11-08 15:19:07,553] logger_util.py->write_log line:61 [INFO] 文件上传：None
[2023-11-08 15:19:07,600] logger_util.py->error_log line:65 [INFO] 断言失败:status_code不等于200
[2023-11-08 15:19:07,600] logger_util.py->write_log line:61 [INFO] 实际结果：{'type': 'https://tools.ietf.org/html/rfc7231#section-6.5.1', 'title': 'One or more validation errors occurred.', 'status': 400, 'traceId': '00-0cbefabeee067ed6f77ae337563c517a-6f4ecc5fc7cb7fef-00', 'errors': {'$': ["'-' is invalid within a number, immediately after a sign character ('+' or '-'). Expected a digit ('0'-'9'). Path: $ | LineNumber: 0 | BytePositionInLine: 1."], 'groupName': ['The groupName field is required.']}}
[2023-11-08 15:19:07,600] logger_util.py->write_log line:61 [INFO] 接口请求失败！
[2023-11-08 15:19:07,600] logger_util.py->write_log line:61 [INFO] -------------接口请求结束-----------

[2023-11-08 15:19:07,601] logger_util.py->error_log line:65 [INFO] 断言异常：异常信息: Traceback (most recent call last):
  File "E:\Project_python\api_cms\common\requests_util.py", line 360, in validate_result
    error_log("断言失败:"+assert_key+"不等于"+str(assert_value))
  File "E:\Project_python\api_cms\common\logger_util.py", line 66, in error_log
    raise Exception(log_message)
Exception: 断言失败:status_code不等于200

[2023-11-08 15:19:07,602] logger_util.py->error_log line:65 [INFO] 分析YAML文件异常：异常信息: Traceback (most recent call last):
  File "E:\Project_python\api_cms\common\requests_util.py", line 360, in validate_result
    error_log("断言失败:"+assert_key+"不等于"+str(assert_value))
  File "E:\Project_python\api_cms\common\logger_util.py", line 66, in error_log
    raise Exception(log_message)
Exception: 断言失败:status_code不等于200

During handling of the above exception, another exception occurred:

Traceback (most recent call last):
  File "E:\Project_python\api_cms\common\requests_util.py", line 241, in analysis_yaml
    self.validate_result(yq_result, return_data, status_code)
  File "E:\Project_python\api_cms\common\requests_util.py", line 441, in validate_result
    error_log("断言异常：异常信息: %s" % str(traceback.format_exc()))
  File "E:\Project_python\api_cms\common\logger_util.py", line 66, in error_log
    raise Exception(log_message)
Exception: 断言异常：异常信息: Traceback (most recent call last):
  File "E:\Project_python\api_cms\common\requests_util.py", line 360, in validate_result
    error_log("断言失败:"+assert_key+"不等于"+str(assert_value))
  File "E:\Project_python\api_cms\common\logger_util.py", line 66, in error_log
    raise Exception(log_message)
Exception: 断言失败:status_code不等于200


