[2023-08-08 20:57:18,046] logger_util.py->write_log line:61 [INFO] -------------接口请求开始-----------
[2023-08-08 20:57:18,046] logger_util.py->write_log line:61 [INFO] 接口名称：变量下发
[2023-08-08 20:57:18,046] logger_util.py->write_log line:61 [INFO] 接口方式：post
[2023-08-08 20:57:18,046] logger_util.py->write_log line:61 [INFO] 接口路径：http://127.0.0.1:18000/api/v1/project/node
[2023-08-08 20:57:18,046] logger_util.py->write_log line:61 [INFO] 请求头：{}
[2023-08-08 20:57:18,047] logger_util.py->write_log line:61 [INFO] 请求参数：{'A1': '88'}
[2023-08-08 20:57:18,047] logger_util.py->write_log line:61 [INFO] 文件上传：None
[2023-08-08 20:57:18,064] logger_util.py->error_log line:65 [INFO] 分析YAML文件异常：异常信息: Traceback (most recent call last):
  File "E:\Project_python\api_SIOT\common\requests_util.py", line 250, in analysis_yaml
    extract_data = {key: return_data[value]}
KeyError: '${get_config(x_project)}'

[2023-08-08 20:57:18,162] logger_util.py->write_log line:61 [INFO] -------------接口请求开始-----------
[2023-08-08 20:57:18,162] logger_util.py->write_log line:61 [INFO] 接口名称：变量下发
[2023-08-08 20:57:18,162] logger_util.py->write_log line:61 [INFO] 接口方式：post
[2023-08-08 20:57:18,162] logger_util.py->write_log line:61 [INFO] 接口路径：http://127.0.0.1:18000/api/v1/project/node
[2023-08-08 20:57:18,162] logger_util.py->write_log line:61 [INFO] 请求头：{}
[2023-08-08 20:57:18,162] logger_util.py->write_log line:61 [INFO] 请求参数：{'A1': '88'}
[2023-08-08 20:57:18,163] logger_util.py->write_log line:61 [INFO] 文件上传：None
[2023-08-08 20:57:18,165] logger_util.py->error_log line:65 [INFO] 分析YAML文件异常：异常信息: Traceback (most recent call last):
  File "E:\Project_python\api_SIOT\common\requests_util.py", line 250, in analysis_yaml
    extract_data = {key: return_data[value]}
KeyError: '${get_config(x_project)}'

[2023-08-08 20:57:18,182] logger_util.py->write_log line:61 [INFO] -------------接口请求开始-----------
[2023-08-08 20:57:18,183] logger_util.py->write_log line:61 [INFO] 接口名称：变量下发
[2023-08-08 20:57:18,183] logger_util.py->write_log line:61 [INFO] 接口方式：post
[2023-08-08 20:57:18,183] logger_util.py->write_log line:61 [INFO] 接口路径：http://127.0.0.1:18000/api/v1/project/node
[2023-08-08 20:57:18,183] logger_util.py->write_log line:61 [INFO] 请求头：{}
[2023-08-08 20:57:18,183] logger_util.py->write_log line:61 [INFO] 请求参数：{'A1': '88'}
[2023-08-08 20:57:18,183] logger_util.py->write_log line:61 [INFO] 文件上传：None
[2023-08-08 20:57:18,186] logger_util.py->error_log line:65 [INFO] 分析YAML文件异常：异常信息: Traceback (most recent call last):
  File "E:\Project_python\api_SIOT\common\requests_util.py", line 250, in analysis_yaml
    extract_data = {key: return_data[value]}
KeyError: '${get_config(x_project)}'

[2023-08-08 20:57:18,204] logger_util.py->write_log line:61 [INFO] -------------接口请求开始-----------
[2023-08-08 20:57:18,204] logger_util.py->write_log line:61 [INFO] 接口名称：变量下发
[2023-08-08 20:57:18,204] logger_util.py->write_log line:61 [INFO] 接口方式：post
[2023-08-08 20:57:18,204] logger_util.py->write_log line:61 [INFO] 接口路径：http://127.0.0.1:18000/api/v1/project/node
[2023-08-08 20:57:18,204] logger_util.py->write_log line:61 [INFO] 请求头：{}
[2023-08-08 20:57:18,204] logger_util.py->write_log line:61 [INFO] 请求参数：{'A1': '88'}
[2023-08-08 20:57:18,204] logger_util.py->write_log line:61 [INFO] 文件上传：None
[2023-08-08 20:57:18,207] logger_util.py->error_log line:65 [INFO] 分析YAML文件异常：异常信息: Traceback (most recent call last):
  File "E:\Project_python\api_SIOT\common\requests_util.py", line 250, in analysis_yaml
    extract_data = {key: return_data[value]}
KeyError: '${get_config(x_project)}'

[2023-08-08 20:57:18,225] logger_util.py->write_log line:61 [INFO] -------------接口请求开始-----------
[2023-08-08 20:57:18,225] logger_util.py->write_log line:61 [INFO] 接口名称：变量下发
[2023-08-08 20:57:18,225] logger_util.py->write_log line:61 [INFO] 接口方式：post
[2023-08-08 20:57:18,225] logger_util.py->write_log line:61 [INFO] 接口路径：http://127.0.0.1:18000/api/v1/project/node
[2023-08-08 20:57:18,225] logger_util.py->write_log line:61 [INFO] 请求头：{}
[2023-08-08 20:57:18,225] logger_util.py->write_log line:61 [INFO] 请求参数：{'A1': '88'}
[2023-08-08 20:57:18,225] logger_util.py->write_log line:61 [INFO] 文件上传：None
[2023-08-08 20:57:18,228] logger_util.py->error_log line:65 [INFO] 分析YAML文件异常：异常信息: Traceback (most recent call last):
  File "E:\Project_python\api_SIOT\common\requests_util.py", line 250, in analysis_yaml
    extract_data = {key: return_data[value]}
KeyError: '${get_config(x_project)}'

[2023-08-08 20:57:18,246] logger_util.py->write_log line:61 [INFO] -------------接口请求开始-----------
[2023-08-08 20:57:18,246] logger_util.py->write_log line:61 [INFO] 接口名称：变量下发
[2023-08-08 20:57:18,246] logger_util.py->write_log line:61 [INFO] 接口方式：post
[2023-08-08 20:57:18,246] logger_util.py->write_log line:61 [INFO] 接口路径：http://127.0.0.1:18000/api/v1/project/node
[2023-08-08 20:57:18,246] logger_util.py->write_log line:61 [INFO] 请求头：{}
[2023-08-08 20:57:18,246] logger_util.py->write_log line:61 [INFO] 请求参数：{'A1': '88'}
[2023-08-08 20:57:18,246] logger_util.py->write_log line:61 [INFO] 文件上传：None
[2023-08-08 20:57:18,249] logger_util.py->error_log line:65 [INFO] 分析YAML文件异常：异常信息: Traceback (most recent call last):
  File "E:\Project_python\api_SIOT\common\requests_util.py", line 250, in analysis_yaml
    extract_data = {key: return_data[value]}
KeyError: '${get_config(x_project)}'

[2023-08-08 20:57:18,272] logger_util.py->write_log line:61 [INFO] -------------接口请求开始-----------
[2023-08-08 20:57:18,272] logger_util.py->write_log line:61 [INFO] 接口名称：变量下发
[2023-08-08 20:57:18,272] logger_util.py->write_log line:61 [INFO] 接口方式：post
[2023-08-08 20:57:18,273] logger_util.py->write_log line:61 [INFO] 接口路径：http://127.0.0.1:18000/api/v1/project/node
[2023-08-08 20:57:18,273] logger_util.py->write_log line:61 [INFO] 请求头：{}
[2023-08-08 20:57:18,273] logger_util.py->write_log line:61 [INFO] 请求参数：{'A1': '88'}
[2023-08-08 20:57:18,273] logger_util.py->write_log line:61 [INFO] 文件上传：None
[2023-08-08 20:57:18,275] logger_util.py->error_log line:65 [INFO] 分析YAML文件异常：异常信息: Traceback (most recent call last):
  File "E:\Project_python\api_SIOT\common\requests_util.py", line 250, in analysis_yaml
    extract_data = {key: return_data[value]}
KeyError: '${get_config(x_project)}'

