[2023-08-08 10:41:04,615] logger_util.py->write_log line:61 [INFO] -------------接口请求开始-----------
[2023-08-08 10:41:04,615] logger_util.py->write_log line:61 [INFO] 接口名称：modbus协议读取-保存寄存器有符号8位整型
[2023-08-08 10:41:04,615] logger_util.py->write_log line:61 [INFO] 接口方式：post
[2023-08-08 10:41:04,615] logger_util.py->write_log line:61 [INFO] 接口路径：http://127.0.0.1:6700/v1/cms/io/read
[2023-08-08 10:41:04,615] logger_util.py->write_log line:61 [INFO] 请求头：{'Content-Type': 'application/json'}
[2023-08-08 10:41:04,615] logger_util.py->write_log line:61 [INFO] 请求参数：{'tagDatas': 'MOD_SINT1'}
[2023-08-08 10:41:04,616] logger_util.py->write_log line:61 [INFO] 文件上传：None
[2023-08-08 10:41:04,618] logger_util.py->write_log line:61 [INFO] 预期结果：[{'equals': {'status_code': 200}}]
[2023-08-08 10:41:04,619] logger_util.py->write_log line:61 [INFO] 实际结果：{'body': {'code': -1, 'msg': 'Request json parse fail', 'tagDatas': None, 'traceId': 'C38DB355-CC5B-436E-A00B-48E574507753'}, 'header': {'code': -1, 'cur_module': 'siot', 'msg': 'Request json parse fail', 'timespend': 1, 'tracelist': [{'code': -1, 'module': 'siot', 'msg': 'Request json parse fail', 'submodule_timespend': {'api': 1, 'control': 0, 'driver': 0}, 'timespend': 1}]}}
[2023-08-08 10:41:04,619] logger_util.py->write_log line:61 [INFO] 接口请求成功！
[2023-08-08 10:41:04,619] logger_util.py->write_log line:61 [INFO] -------------接口请求结束-----------

[2023-08-08 10:41:04,623] logger_util.py->write_log line:61 [INFO] -------------接口请求开始-----------
[2023-08-08 10:41:04,623] logger_util.py->write_log line:61 [INFO] 接口名称：modbus协议读取-保存寄存器有符号16位整型
[2023-08-08 10:41:04,623] logger_util.py->write_log line:61 [INFO] 接口方式：post
[2023-08-08 10:41:04,623] logger_util.py->write_log line:61 [INFO] 接口路径：http://127.0.0.1:6700/v1/cms/io/read
[2023-08-08 10:41:04,624] logger_util.py->write_log line:61 [INFO] 请求头：{'Content-Type': 'application/json'}
[2023-08-08 10:41:04,624] logger_util.py->write_log line:61 [INFO] 请求参数：{'tagDatas': 'MOD_INT1'}
[2023-08-08 10:41:04,624] logger_util.py->write_log line:61 [INFO] 文件上传：None
[2023-08-08 10:41:04,625] logger_util.py->write_log line:61 [INFO] 预期结果：[{'equals': {'status_code': 200}}]
[2023-08-08 10:41:04,625] logger_util.py->write_log line:61 [INFO] 实际结果：{'body': {'code': -1, 'msg': 'Request json parse fail', 'tagDatas': None, 'traceId': 'E27B344F-A5E3-4426-9D53-644B0D19DD48'}, 'header': {'code': -1, 'cur_module': 'siot', 'msg': 'Request json parse fail', 'timespend': 0, 'tracelist': [{'code': -1, 'module': 'siot', 'msg': 'Request json parse fail', 'submodule_timespend': {'api': 0, 'control': 0, 'driver': 0}, 'timespend': 0}]}}
[2023-08-08 10:41:04,625] logger_util.py->write_log line:61 [INFO] 接口请求成功！
[2023-08-08 10:41:04,625] logger_util.py->write_log line:61 [INFO] -------------接口请求结束-----------

[2023-08-08 10:41:04,630] logger_util.py->write_log line:61 [INFO] -------------接口请求开始-----------
[2023-08-08 10:41:04,630] logger_util.py->write_log line:61 [INFO] 接口名称：modbus协议读取-保存寄存器有符号32位整型
[2023-08-08 10:41:04,630] logger_util.py->write_log line:61 [INFO] 接口方式：post
[2023-08-08 10:41:04,630] logger_util.py->write_log line:61 [INFO] 接口路径：http://127.0.0.1:6700/v1/cms/io/read
[2023-08-08 10:41:04,630] logger_util.py->write_log line:61 [INFO] 请求头：{'Content-Type': 'application/json'}
[2023-08-08 10:41:04,630] logger_util.py->write_log line:61 [INFO] 请求参数：{'tagDatas': 'MOD_DINT1'}
[2023-08-08 10:41:04,630] logger_util.py->write_log line:61 [INFO] 文件上传：None
[2023-08-08 10:41:04,632] logger_util.py->write_log line:61 [INFO] 预期结果：[{'equals': {'status_code': 200}}]
[2023-08-08 10:41:04,632] logger_util.py->write_log line:61 [INFO] 实际结果：{'body': {'code': -1, 'msg': 'Request json parse fail', 'tagDatas': None, 'traceId': '82EB14C5-F164-4DB8-8CDC-8D1552119FA1'}, 'header': {'code': -1, 'cur_module': 'siot', 'msg': 'Request json parse fail', 'timespend': 0, 'tracelist': [{'code': -1, 'module': 'siot', 'msg': 'Request json parse fail', 'submodule_timespend': {'api': 0, 'control': 0, 'driver': 0}, 'timespend': 0}]}}
[2023-08-08 10:41:04,632] logger_util.py->write_log line:61 [INFO] 接口请求成功！
[2023-08-08 10:41:04,632] logger_util.py->write_log line:61 [INFO] -------------接口请求结束-----------

[2023-08-08 10:41:04,636] logger_util.py->write_log line:61 [INFO] -------------接口请求开始-----------
[2023-08-08 10:41:04,636] logger_util.py->write_log line:61 [INFO] 接口名称：modbus协议读取-保存寄存器无符号8位整型
[2023-08-08 10:41:04,636] logger_util.py->write_log line:61 [INFO] 接口方式：post
[2023-08-08 10:41:04,637] logger_util.py->write_log line:61 [INFO] 接口路径：http://127.0.0.1:6700/v1/cms/io/read
[2023-08-08 10:41:04,637] logger_util.py->write_log line:61 [INFO] 请求头：{'Content-Type': 'application/json'}
[2023-08-08 10:41:04,637] logger_util.py->write_log line:61 [INFO] 请求参数：{'tagDatas': 'MOD_USINT1'}
[2023-08-08 10:41:04,637] logger_util.py->write_log line:61 [INFO] 文件上传：None
[2023-08-08 10:41:04,638] logger_util.py->write_log line:61 [INFO] 预期结果：[{'equals': {'status_code': 200}}]
[2023-08-08 10:41:04,638] logger_util.py->write_log line:61 [INFO] 实际结果：{'body': {'code': -1, 'msg': 'Request json parse fail', 'tagDatas': None, 'traceId': 'B6ACBEF2-3D56-41E0-9007-1D0C7D425CF7'}, 'header': {'code': -1, 'cur_module': 'siot', 'msg': 'Request json parse fail', 'timespend': 0, 'tracelist': [{'code': -1, 'module': 'siot', 'msg': 'Request json parse fail', 'submodule_timespend': {'api': 0, 'control': 0, 'driver': 0}, 'timespend': 0}]}}
[2023-08-08 10:41:04,639] logger_util.py->write_log line:61 [INFO] 接口请求成功！
[2023-08-08 10:41:04,639] logger_util.py->write_log line:61 [INFO] -------------接口请求结束-----------

[2023-08-08 10:41:04,643] logger_util.py->write_log line:61 [INFO] -------------接口请求开始-----------
[2023-08-08 10:41:04,643] logger_util.py->write_log line:61 [INFO] 接口名称：modbus协议读取-保存寄存器无符号16位整型
[2023-08-08 10:41:04,643] logger_util.py->write_log line:61 [INFO] 接口方式：post
[2023-08-08 10:41:04,643] logger_util.py->write_log line:61 [INFO] 接口路径：http://127.0.0.1:6700/v1/cms/io/read
[2023-08-08 10:41:04,643] logger_util.py->write_log line:61 [INFO] 请求头：{'Content-Type': 'application/json'}
[2023-08-08 10:41:04,643] logger_util.py->write_log line:61 [INFO] 请求参数：{'tagDatas': 'MOD_UINT1'}
[2023-08-08 10:41:04,643] logger_util.py->write_log line:61 [INFO] 文件上传：None
[2023-08-08 10:41:04,645] logger_util.py->write_log line:61 [INFO] 预期结果：[{'equals': {'status_code': 200}}]
[2023-08-08 10:41:04,645] logger_util.py->write_log line:61 [INFO] 实际结果：{'body': {'code': -1, 'msg': 'Request json parse fail', 'tagDatas': None, 'traceId': '2E6E9DDE-98AA-4435-A9CA-C6569860D48A'}, 'header': {'code': -1, 'cur_module': 'siot', 'msg': 'Request json parse fail', 'timespend': 0, 'tracelist': [{'code': -1, 'module': 'siot', 'msg': 'Request json parse fail', 'submodule_timespend': {'api': 0, 'control': 0, 'driver': 0}, 'timespend': 0}]}}
[2023-08-08 10:41:04,645] logger_util.py->write_log line:61 [INFO] 接口请求成功！
[2023-08-08 10:41:04,645] logger_util.py->write_log line:61 [INFO] -------------接口请求结束-----------

[2023-08-08 10:41:04,649] logger_util.py->write_log line:61 [INFO] -------------接口请求开始-----------
[2023-08-08 10:41:04,650] logger_util.py->write_log line:61 [INFO] 接口名称：modbus协议读取-保存寄存器无符号32位整型
[2023-08-08 10:41:04,650] logger_util.py->write_log line:61 [INFO] 接口方式：post
[2023-08-08 10:41:04,650] logger_util.py->write_log line:61 [INFO] 接口路径：http://127.0.0.1:6700/v1/cms/io/read
[2023-08-08 10:41:04,650] logger_util.py->write_log line:61 [INFO] 请求头：{'Content-Type': 'application/json'}
[2023-08-08 10:41:04,650] logger_util.py->write_log line:61 [INFO] 请求参数：{'tagDatas': 'MOD_UDINT1'}
[2023-08-08 10:41:04,650] logger_util.py->write_log line:61 [INFO] 文件上传：None
[2023-08-08 10:41:04,652] logger_util.py->write_log line:61 [INFO] 预期结果：[{'equals': {'status_code': 200}}]
[2023-08-08 10:41:04,652] logger_util.py->write_log line:61 [INFO] 实际结果：{'body': {'code': -1, 'msg': 'Request json parse fail', 'tagDatas': None, 'traceId': 'B733B44B-DE7E-4B6F-90EB-EB81C9D814C7'}, 'header': {'code': -1, 'cur_module': 'siot', 'msg': 'Request json parse fail', 'timespend': 0, 'tracelist': [{'code': -1, 'module': 'siot', 'msg': 'Request json parse fail', 'submodule_timespend': {'api': 0, 'control': 0, 'driver': 0}, 'timespend': 0}]}}
[2023-08-08 10:41:04,652] logger_util.py->write_log line:61 [INFO] 接口请求成功！
[2023-08-08 10:41:04,652] logger_util.py->write_log line:61 [INFO] -------------接口请求结束-----------

[2023-08-08 10:41:04,657] logger_util.py->write_log line:61 [INFO] -------------接口请求开始-----------
[2023-08-08 10:41:04,657] logger_util.py->write_log line:61 [INFO] 接口名称：modbus协议读取-保存寄存器F32位浮点数IEEE754
[2023-08-08 10:41:04,657] logger_util.py->write_log line:61 [INFO] 接口方式：post
[2023-08-08 10:41:04,657] logger_util.py->write_log line:61 [INFO] 接口路径：http://127.0.0.1:6700/v1/cms/io/read
[2023-08-08 10:41:04,657] logger_util.py->write_log line:61 [INFO] 请求头：{'Content-Type': 'application/json'}
[2023-08-08 10:41:04,657] logger_util.py->write_log line:61 [INFO] 请求参数：{'tagDatas': 'MOD_REAL1'}
[2023-08-08 10:41:04,657] logger_util.py->write_log line:61 [INFO] 文件上传：None
[2023-08-08 10:41:04,659] logger_util.py->write_log line:61 [INFO] 预期结果：[{'equals': {'status_code': 200}}]
[2023-08-08 10:41:04,659] logger_util.py->write_log line:61 [INFO] 实际结果：{'body': {'code': -1, 'msg': 'Request json parse fail', 'tagDatas': None, 'traceId': 'AD8EF835-0084-4083-B602-9B99BCC65AC7'}, 'header': {'code': -1, 'cur_module': 'siot', 'msg': 'Request json parse fail', 'timespend': 0, 'tracelist': [{'code': -1, 'module': 'siot', 'msg': 'Request json parse fail', 'submodule_timespend': {'api': 0, 'control': 0, 'driver': 0}, 'timespend': 0}]}}
[2023-08-08 10:41:04,659] logger_util.py->write_log line:61 [INFO] 接口请求成功！
[2023-08-08 10:41:04,659] logger_util.py->write_log line:61 [INFO] -------------接口请求结束-----------

[2023-08-08 10:41:04,663] logger_util.py->write_log line:61 [INFO] -------------接口请求开始-----------
[2023-08-08 10:41:04,663] logger_util.py->write_log line:61 [INFO] 接口名称：modbus协议读取-保存寄存器二进制变量1
[2023-08-08 10:41:04,664] logger_util.py->write_log line:61 [INFO] 接口方式：post
[2023-08-08 10:41:04,664] logger_util.py->write_log line:61 [INFO] 接口路径：http://127.0.0.1:6700/v1/cms/io/read
[2023-08-08 10:41:04,664] logger_util.py->write_log line:61 [INFO] 请求头：{'Content-Type': 'application/json'}
[2023-08-08 10:41:04,664] logger_util.py->write_log line:61 [INFO] 请求参数：{'tagDatas': 'MOD_BOOL1'}
[2023-08-08 10:41:04,664] logger_util.py->write_log line:61 [INFO] 文件上传：None
[2023-08-08 10:41:04,665] logger_util.py->write_log line:61 [INFO] 预期结果：[{'equals': {'status_code': 200}}]
[2023-08-08 10:41:04,665] logger_util.py->write_log line:61 [INFO] 实际结果：{'body': {'code': -1, 'msg': 'Request json parse fail', 'tagDatas': None, 'traceId': '9DC28676-169C-4511-8A6D-FEE50675719B'}, 'header': {'code': -1, 'cur_module': 'siot', 'msg': 'Request json parse fail', 'timespend': 0, 'tracelist': [{'code': -1, 'module': 'siot', 'msg': 'Request json parse fail', 'submodule_timespend': {'api': 0, 'control': 0, 'driver': 0}, 'timespend': 0}]}}
[2023-08-08 10:41:04,666] logger_util.py->write_log line:61 [INFO] 接口请求成功！
[2023-08-08 10:41:04,666] logger_util.py->write_log line:61 [INFO] -------------接口请求结束-----------

[2023-08-08 10:41:04,670] logger_util.py->write_log line:61 [INFO] -------------接口请求开始-----------
[2023-08-08 10:41:04,670] logger_util.py->write_log line:61 [INFO] 接口名称：modbus协议读取-保存寄存器二进制变量2
[2023-08-08 10:41:04,670] logger_util.py->write_log line:61 [INFO] 接口方式：post
[2023-08-08 10:41:04,670] logger_util.py->write_log line:61 [INFO] 接口路径：http://127.0.0.1:6700/v1/cms/io/read
[2023-08-08 10:41:04,670] logger_util.py->write_log line:61 [INFO] 请求头：{'Content-Type': 'application/json'}
[2023-08-08 10:41:04,670] logger_util.py->write_log line:61 [INFO] 请求参数：{'tagDatas': 'MOD_BOOL2'}
[2023-08-08 10:41:04,670] logger_util.py->write_log line:61 [INFO] 文件上传：None
[2023-08-08 10:41:04,672] logger_util.py->write_log line:61 [INFO] 预期结果：[{'equals': {'status_code': 200}}]
[2023-08-08 10:41:04,672] logger_util.py->write_log line:61 [INFO] 实际结果：{'body': {'code': -1, 'msg': 'Request json parse fail', 'tagDatas': None, 'traceId': 'EB1BEE6E-2A6C-4CF9-B11B-E67983F836AD'}, 'header': {'code': -1, 'cur_module': 'siot', 'msg': 'Request json parse fail', 'timespend': 0, 'tracelist': [{'code': -1, 'module': 'siot', 'msg': 'Request json parse fail', 'submodule_timespend': {'api': 0, 'control': 0, 'driver': 0}, 'timespend': 0}]}}
[2023-08-08 10:41:04,672] logger_util.py->write_log line:61 [INFO] 接口请求成功！
[2023-08-08 10:41:04,672] logger_util.py->write_log line:61 [INFO] -------------接口请求结束-----------

[2023-08-08 10:41:04,676] logger_util.py->write_log line:61 [INFO] -------------接口请求开始-----------
[2023-08-08 10:41:04,676] logger_util.py->write_log line:61 [INFO] 接口名称：modbus协议读取-保存寄存器字符串
[2023-08-08 10:41:04,677] logger_util.py->write_log line:61 [INFO] 接口方式：post
[2023-08-08 10:41:04,677] logger_util.py->write_log line:61 [INFO] 接口路径：http://127.0.0.1:6700/v1/cms/io/read
[2023-08-08 10:41:04,677] logger_util.py->write_log line:61 [INFO] 请求头：{'Content-Type': 'application/json'}
[2023-08-08 10:41:04,677] logger_util.py->write_log line:61 [INFO] 请求参数：{'tagDatas': 'MOD_STRING1'}
[2023-08-08 10:41:04,677] logger_util.py->write_log line:61 [INFO] 文件上传：None
[2023-08-08 10:41:04,678] logger_util.py->write_log line:61 [INFO] 预期结果：[{'equals': {'status_code': 200}}]
[2023-08-08 10:41:04,678] logger_util.py->write_log line:61 [INFO] 实际结果：{'body': {'code': -1, 'msg': 'Request json parse fail', 'tagDatas': None, 'traceId': 'C8E08891-A994-440F-88A2-D73A017FBFA2'}, 'header': {'code': -1, 'cur_module': 'siot', 'msg': 'Request json parse fail', 'timespend': 0, 'tracelist': [{'code': -1, 'module': 'siot', 'msg': 'Request json parse fail', 'submodule_timespend': {'api': 0, 'control': 0, 'driver': 0}, 'timespend': 0}]}}
[2023-08-08 10:41:04,679] logger_util.py->write_log line:61 [INFO] 接口请求成功！
[2023-08-08 10:41:04,679] logger_util.py->write_log line:61 [INFO] -------------接口请求结束-----------

[2023-08-08 10:41:04,683] logger_util.py->write_log line:61 [INFO] -------------接口请求开始-----------
[2023-08-08 10:41:04,683] logger_util.py->write_log line:61 [INFO] 接口名称：modbus协议读取-二进制变量
[2023-08-08 10:41:04,683] logger_util.py->write_log line:61 [INFO] 接口方式：post
[2023-08-08 10:41:04,683] logger_util.py->write_log line:61 [INFO] 接口路径：http://127.0.0.1:6700/v1/cms/io/read
[2023-08-08 10:41:04,683] logger_util.py->write_log line:61 [INFO] 请求头：{'Content-Type': 'application/json'}
[2023-08-08 10:41:04,683] logger_util.py->write_log line:61 [INFO] 请求参数：{'tagDatas': 'MOD_Q0'}
[2023-08-08 10:41:04,684] logger_util.py->write_log line:61 [INFO] 文件上传：None
[2023-08-08 10:41:04,685] logger_util.py->write_log line:61 [INFO] 预期结果：[{'equals': {'status_code': 200}}]
[2023-08-08 10:41:04,685] logger_util.py->write_log line:61 [INFO] 实际结果：{'body': {'code': -1, 'msg': 'Request json parse fail', 'tagDatas': None, 'traceId': 'A5C679EA-54A6-4B66-889C-E316360D7DF5'}, 'header': {'code': -1, 'cur_module': 'siot', 'msg': 'Request json parse fail', 'timespend': 0, 'tracelist': [{'code': -1, 'module': 'siot', 'msg': 'Request json parse fail', 'submodule_timespend': {'api': 0, 'control': 0, 'driver': 0}, 'timespend': 0}]}}
[2023-08-08 10:41:04,686] logger_util.py->write_log line:61 [INFO] 接口请求成功！
[2023-08-08 10:41:04,686] logger_util.py->write_log line:61 [INFO] -------------接口请求结束-----------

[2023-08-08 10:41:04,690] logger_util.py->write_log line:61 [INFO] -------------接口请求开始-----------
[2023-08-08 10:41:04,691] logger_util.py->write_log line:61 [INFO] 接口名称：modbus协议读取-二进制变量
[2023-08-08 10:41:04,691] logger_util.py->write_log line:61 [INFO] 接口方式：post
[2023-08-08 10:41:04,691] logger_util.py->write_log line:61 [INFO] 接口路径：http://127.0.0.1:6700/v1/cms/io/read
[2023-08-08 10:41:04,691] logger_util.py->write_log line:61 [INFO] 请求头：{'Content-Type': 'application/json'}
[2023-08-08 10:41:04,691] logger_util.py->write_log line:61 [INFO] 请求参数：{'tagDatas': 'MOD_Q1'}
[2023-08-08 10:41:04,691] logger_util.py->write_log line:61 [INFO] 文件上传：None
[2023-08-08 10:41:04,692] logger_util.py->write_log line:61 [INFO] 预期结果：[{'equals': {'status_code': 200}}]
[2023-08-08 10:41:04,693] logger_util.py->write_log line:61 [INFO] 实际结果：{'body': {'code': -1, 'msg': 'Request json parse fail', 'tagDatas': None, 'traceId': 'EDF9A4AF-AEA4-40B2-9078-E661DD2BF3BE'}, 'header': {'code': -1, 'cur_module': 'siot', 'msg': 'Request json parse fail', 'timespend': 0, 'tracelist': [{'code': -1, 'module': 'siot', 'msg': 'Request json parse fail', 'submodule_timespend': {'api': 0, 'control': 0, 'driver': 0}, 'timespend': 0}]}}
[2023-08-08 10:41:04,693] logger_util.py->write_log line:61 [INFO] 接口请求成功！
[2023-08-08 10:41:04,693] logger_util.py->write_log line:61 [INFO] -------------接口请求结束-----------

