[2022-10-10 11:16:43,605] logger_util.py->write_log line:61 [INFO] -------------接口请求开始-----------
[2022-10-10 11:16:43,605] logger_util.py->write_log line:61 [INFO] 接口名称：新建图库组
[2022-10-10 11:16:43,606] logger_util.py->write_log line:61 [INFO] 接口方式：post
[2022-10-10 11:16:43,606] logger_util.py->write_log line:61 [INFO] 接口路径：http://127.0.0.1:18000/api/v1/view/image
[2022-10-10 11:16:43,606] logger_util.py->write_log line:61 [INFO] 请求头：{'Content-Type': 'application/json;charset=UTF-8', 'X-Project': '43c7544f09bd477c9aa4134dc09a4a08'}
[2022-10-10 11:16:43,607] logger_util.py->write_log line:61 [INFO] 请求参数：$csv{name}
[2022-10-10 11:16:43,607] logger_util.py->write_log line:61 [INFO] 文件上传：None
[2022-10-10 11:16:45,286] logger_util.py->write_log line:61 [INFO] 预期结果：[{'equals': {'status_code': 200}}]
[2022-10-10 11:16:45,287] logger_util.py->write_log line:61 [INFO] 实际结果：6ece839b434446b4a641af25c94b3526
[2022-10-10 11:16:45,287] logger_util.py->write_log line:61 [INFO] 接口请求成功！
[2022-10-10 11:16:45,287] logger_util.py->write_log line:61 [INFO] -------------接口请求结束-----------

[2022-10-10 11:16:45,294] logger_util.py->write_log line:61 [INFO] -------------接口请求开始-----------
[2022-10-10 11:16:45,294] logger_util.py->write_log line:61 [INFO] 接口名称：新建图库组
[2022-10-10 11:16:45,294] logger_util.py->write_log line:61 [INFO] 接口方式：post
[2022-10-10 11:16:45,295] logger_util.py->write_log line:61 [INFO] 接口路径：http://127.0.0.1:18000/api/v1/view/image
[2022-10-10 11:16:45,295] logger_util.py->write_log line:61 [INFO] 请求头：{'Content-Type': 'application/json;charset=UTF-8', 'X-Project': '43c7544f09bd477c9aa4134dc09a4a08'}
[2022-10-10 11:16:45,295] logger_util.py->write_log line:61 [INFO] 请求参数：$csv{name}
[2022-10-10 11:16:45,295] logger_util.py->write_log line:61 [INFO] 文件上传：None
[2022-10-10 11:16:45,436] logger_util.py->write_log line:61 [INFO] 预期结果：[{'equals': {'status_code': 200}}]
[2022-10-10 11:16:45,436] logger_util.py->write_log line:61 [INFO] 实际结果：9138cfe960aa4792b7c3568de1b09eb3
[2022-10-10 11:16:45,436] logger_util.py->write_log line:61 [INFO] 接口请求成功！
[2022-10-10 11:16:45,436] logger_util.py->write_log line:61 [INFO] -------------接口请求结束-----------

[2022-10-10 11:16:45,441] logger_util.py->write_log line:61 [INFO] -------------接口请求开始-----------
[2022-10-10 11:16:45,441] logger_util.py->write_log line:61 [INFO] 接口名称：新建图库组
[2022-10-10 11:16:45,442] logger_util.py->write_log line:61 [INFO] 接口方式：post
[2022-10-10 11:16:45,442] logger_util.py->write_log line:61 [INFO] 接口路径：http://127.0.0.1:18000/api/v1/view/image
[2022-10-10 11:16:45,442] logger_util.py->write_log line:61 [INFO] 请求头：{'Content-Type': 'application/json;charset=UTF-8', 'X-Project': '43c7544f09bd477c9aa4134dc09a4a08'}
[2022-10-10 11:16:45,442] logger_util.py->write_log line:61 [INFO] 请求参数：$csv{name}
[2022-10-10 11:16:45,442] logger_util.py->write_log line:61 [INFO] 文件上传：None
[2022-10-10 11:16:45,529] logger_util.py->write_log line:61 [INFO] 预期结果：[{'equals': {'status_code': 200}}]
[2022-10-10 11:16:45,529] logger_util.py->write_log line:61 [INFO] 实际结果：7933960ffe6d4a2698ca174cfeeccc24
[2022-10-10 11:16:45,529] logger_util.py->write_log line:61 [INFO] 接口请求成功！
[2022-10-10 11:16:45,529] logger_util.py->write_log line:61 [INFO] -------------接口请求结束-----------

[2022-10-10 11:16:45,535] logger_util.py->write_log line:61 [INFO] -------------接口请求开始-----------
[2022-10-10 11:16:45,535] logger_util.py->write_log line:61 [INFO] 接口名称：新建图库组
[2022-10-10 11:16:45,535] logger_util.py->write_log line:61 [INFO] 接口方式：post
[2022-10-10 11:16:45,535] logger_util.py->write_log line:61 [INFO] 接口路径：http://127.0.0.1:18000/api/v1/view/image
[2022-10-10 11:16:45,535] logger_util.py->write_log line:61 [INFO] 请求头：{'Content-Type': 'application/json;charset=UTF-8', 'X-Project': '43c7544f09bd477c9aa4134dc09a4a08'}
[2022-10-10 11:16:45,535] logger_util.py->write_log line:61 [INFO] 请求参数：$csv{name}
[2022-10-10 11:16:45,535] logger_util.py->write_log line:61 [INFO] 文件上传：None
[2022-10-10 11:16:45,638] logger_util.py->write_log line:61 [INFO] 预期结果：[{'equals': {'status_code': 200}}]
[2022-10-10 11:16:45,638] logger_util.py->write_log line:61 [INFO] 实际结果：9b6e574b9dac4d15b81eeae042174e47
[2022-10-10 11:16:45,638] logger_util.py->write_log line:61 [INFO] 接口请求成功！
[2022-10-10 11:16:45,638] logger_util.py->write_log line:61 [INFO] -------------接口请求结束-----------

[2022-10-10 11:16:45,643] logger_util.py->write_log line:61 [INFO] -------------接口请求开始-----------
[2022-10-10 11:16:45,644] logger_util.py->write_log line:61 [INFO] 接口名称：新建图库组
[2022-10-10 11:16:45,644] logger_util.py->write_log line:61 [INFO] 接口方式：post
[2022-10-10 11:16:45,644] logger_util.py->write_log line:61 [INFO] 接口路径：http://127.0.0.1:18000/api/v1/view/image
[2022-10-10 11:16:45,644] logger_util.py->write_log line:61 [INFO] 请求头：{'Content-Type': 'application/json;charset=UTF-8', 'X-Project': '43c7544f09bd477c9aa4134dc09a4a08'}
[2022-10-10 11:16:45,644] logger_util.py->write_log line:61 [INFO] 请求参数：$csv{name}
[2022-10-10 11:16:45,644] logger_util.py->write_log line:61 [INFO] 文件上传：None
[2022-10-10 11:16:45,738] logger_util.py->write_log line:61 [INFO] 预期结果：[{'equals': {'status_code': 200}}]
[2022-10-10 11:16:45,738] logger_util.py->write_log line:61 [INFO] 实际结果：3cc8fbec3bd14f8caa19d684458183d5
[2022-10-10 11:16:45,738] logger_util.py->write_log line:61 [INFO] 接口请求成功！
[2022-10-10 11:16:45,738] logger_util.py->write_log line:61 [INFO] -------------接口请求结束-----------

[2022-10-10 11:16:45,745] logger_util.py->write_log line:61 [INFO] -------------接口请求开始-----------
[2022-10-10 11:16:45,745] logger_util.py->write_log line:61 [INFO] 接口名称：新建图库组
[2022-10-10 11:16:45,745] logger_util.py->write_log line:61 [INFO] 接口方式：post
[2022-10-10 11:16:45,745] logger_util.py->write_log line:61 [INFO] 接口路径：http://127.0.0.1:18000/api/v1/view/image
[2022-10-10 11:16:45,745] logger_util.py->write_log line:61 [INFO] 请求头：{'Content-Type': 'application/json;charset=UTF-8', 'X-Project': '43c7544f09bd477c9aa4134dc09a4a08'}
[2022-10-10 11:16:45,745] logger_util.py->write_log line:61 [INFO] 请求参数：$csv{name}
[2022-10-10 11:16:45,746] logger_util.py->write_log line:61 [INFO] 文件上传：None
[2022-10-10 11:16:45,843] logger_util.py->write_log line:61 [INFO] 预期结果：[{'equals': {'status_code': 200}}]
[2022-10-10 11:16:45,843] logger_util.py->write_log line:61 [INFO] 实际结果：326025658c45423aa465a396b5946c49
[2022-10-10 11:16:45,844] logger_util.py->write_log line:61 [INFO] 接口请求成功！
[2022-10-10 11:16:45,844] logger_util.py->write_log line:61 [INFO] -------------接口请求结束-----------

[2022-10-10 11:16:45,874] logger_util.py->write_log line:61 [INFO] -------------接口请求开始-----------
[2022-10-10 11:16:45,874] logger_util.py->write_log line:61 [INFO] 接口名称：新建图库组
[2022-10-10 11:16:45,875] logger_util.py->write_log line:61 [INFO] 接口方式：post
[2022-10-10 11:16:45,875] logger_util.py->write_log line:61 [INFO] 接口路径：http://127.0.0.1:18000/api/v1/view/image
[2022-10-10 11:16:45,875] logger_util.py->write_log line:61 [INFO] 请求头：{'Content-Type': 'application/json;charset=UTF-8', 'X-Project': '43c7544f09bd477c9aa4134dc09a4a08'}
[2022-10-10 11:16:45,875] logger_util.py->write_log line:61 [INFO] 请求参数：$csv{name}
[2022-10-10 11:16:45,876] logger_util.py->write_log line:61 [INFO] 文件上传：None
[2022-10-10 11:16:45,986] logger_util.py->write_log line:61 [INFO] 预期结果：[{'equals': {'status_code': 200}}]
[2022-10-10 11:16:45,986] logger_util.py->write_log line:61 [INFO] 实际结果：1e8d672aac0344ea9297e246b6006c98
[2022-10-10 11:16:45,986] logger_util.py->write_log line:61 [INFO] 接口请求成功！
[2022-10-10 11:16:45,986] logger_util.py->write_log line:61 [INFO] -------------接口请求结束-----------

[2022-10-10 11:16:45,991] logger_util.py->write_log line:61 [INFO] -------------接口请求开始-----------
[2022-10-10 11:16:45,991] logger_util.py->write_log line:61 [INFO] 接口名称：新建图库组
[2022-10-10 11:16:45,991] logger_util.py->write_log line:61 [INFO] 接口方式：post
[2022-10-10 11:16:45,991] logger_util.py->write_log line:61 [INFO] 接口路径：http://127.0.0.1:18000/api/v1/view/image
[2022-10-10 11:16:45,992] logger_util.py->write_log line:61 [INFO] 请求头：{'Content-Type': 'application/json;charset=UTF-8', 'X-Project': '43c7544f09bd477c9aa4134dc09a4a08'}
[2022-10-10 11:16:45,992] logger_util.py->write_log line:61 [INFO] 请求参数：$csv{name}
[2022-10-10 11:16:45,992] logger_util.py->write_log line:61 [INFO] 文件上传：None
[2022-10-10 11:16:46,123] logger_util.py->write_log line:61 [INFO] 预期结果：[{'equals': {'status_code': 200}}]
[2022-10-10 11:16:46,123] logger_util.py->write_log line:61 [INFO] 实际结果：ec4e7faa38bc42fe86a0b4255e342f9b
[2022-10-10 11:16:46,123] logger_util.py->write_log line:61 [INFO] 接口请求成功！
[2022-10-10 11:16:46,124] logger_util.py->write_log line:61 [INFO] -------------接口请求结束-----------

[2022-10-10 11:16:46,129] logger_util.py->write_log line:61 [INFO] -------------接口请求开始-----------
[2022-10-10 11:16:46,129] logger_util.py->write_log line:61 [INFO] 接口名称：新建图库组
[2022-10-10 11:16:46,129] logger_util.py->write_log line:61 [INFO] 接口方式：post
[2022-10-10 11:16:46,129] logger_util.py->write_log line:61 [INFO] 接口路径：http://127.0.0.1:18000/api/v1/view/image
[2022-10-10 11:16:46,129] logger_util.py->write_log line:61 [INFO] 请求头：{'Content-Type': 'application/json;charset=UTF-8', 'X-Project': '43c7544f09bd477c9aa4134dc09a4a08'}
[2022-10-10 11:16:46,129] logger_util.py->write_log line:61 [INFO] 请求参数：$csv{name}
[2022-10-10 11:16:46,130] logger_util.py->write_log line:61 [INFO] 文件上传：None
[2022-10-10 11:16:46,274] logger_util.py->write_log line:61 [INFO] 预期结果：[{'equals': {'status_code': 200}}]
[2022-10-10 11:16:46,275] logger_util.py->write_log line:61 [INFO] 实际结果：6853c72bde684abb89b993bed562218d
[2022-10-10 11:16:46,275] logger_util.py->write_log line:61 [INFO] 接口请求成功！
[2022-10-10 11:16:46,275] logger_util.py->write_log line:61 [INFO] -------------接口请求结束-----------

[2022-10-10 11:16:46,282] logger_util.py->write_log line:61 [INFO] -------------接口请求开始-----------
[2022-10-10 11:16:46,282] logger_util.py->write_log line:61 [INFO] 接口名称：新建图库组
[2022-10-10 11:16:46,282] logger_util.py->write_log line:61 [INFO] 接口方式：post
[2022-10-10 11:16:46,282] logger_util.py->write_log line:61 [INFO] 接口路径：http://127.0.0.1:18000/api/v1/view/image
[2022-10-10 11:16:46,282] logger_util.py->write_log line:61 [INFO] 请求头：{'Content-Type': 'application/json;charset=UTF-8', 'X-Project': '43c7544f09bd477c9aa4134dc09a4a08'}
[2022-10-10 11:16:46,282] logger_util.py->write_log line:61 [INFO] 请求参数：$csv{name}
[2022-10-10 11:16:46,282] logger_util.py->write_log line:61 [INFO] 文件上传：None
[2022-10-10 11:16:46,447] logger_util.py->write_log line:61 [INFO] 预期结果：[{'equals': {'status_code': 200}}]
[2022-10-10 11:16:46,448] logger_util.py->write_log line:61 [INFO] 实际结果：e4c915705ad946b8877656af2072593f
[2022-10-10 11:16:46,448] logger_util.py->write_log line:61 [INFO] 接口请求成功！
[2022-10-10 11:16:46,448] logger_util.py->write_log line:61 [INFO] -------------接口请求结束-----------

