[2023-08-25 10:46:10,913] logger_util.py->write_log line:61 [INFO] 
-------------接口请求开始-----------
[2023-08-25 10:46:10,913] logger_util.py->write_log line:61 [INFO] 接口名称：读取内部变量-aa1-二进制
[2023-08-25 10:46:10,913] logger_util.py->write_log line:61 [INFO] 接口方式：post
[2023-08-25 10:46:10,913] logger_util.py->write_log line:61 [INFO] 接口路径：http://127.0.0.1:18000/api/v1/variable/getvalues
[2023-08-25 10:46:10,913] logger_util.py->write_log line:61 [INFO] 请求头：{'X-Project': 'a68f8739e9094911b0f74421369649cb', 'Authorization': 'Bearer eyJhbGciOiJIUzI1NiIsInR5cCI6IkpXVCJ9.eyJodHRwOi8vc2NoZW1hcy54bWxzb2FwLm9yZy93cy8yMDA1LzA1L2lkZW50aXR5L2NsYWltcy9uYW1lIjoiU3VwZXJBZG1pbiIsImh0dHA6Ly9zY2hlbWFzLnhtbHNvYXAub3JnL3dzLzIwMDUvMDUvaWRlbnRpdHkvY2xhaW1zL25hbWVpZGVudGlmaWVyIjoiU3VwZXJBZG1pbiIsImV4cCI6MTY5MzQ1MTIxNSwiaXNzIjoiQ01TdjIiLCJhdWQiOiJBcGkifQ.gj3Q5rVSuyTzguP8vMuwVhc3w3UHSBpckDQcczgjy6s'}
[2023-08-25 10:46:10,914] logger_util.py->write_log line:61 [INFO] 请求参数：['aa1']
[2023-08-25 10:46:10,914] logger_util.py->write_log line:61 [INFO] 文件上传：None
[2023-08-25 10:46:10,927] logger_util.py->write_log line:61 [INFO] 预期结果：[{'equals': {'status_code': 200}}]
[2023-08-25 10:46:10,927] logger_util.py->write_log line:61 [INFO] 实际结果：{}
[2023-08-25 10:46:10,927] logger_util.py->write_log line:61 [INFO] 接口请求成功！
[2023-08-25 10:46:10,927] logger_util.py->write_log line:61 [INFO] 
-------------接口请求结束-----------

[2023-08-25 10:46:10,936] logger_util.py->write_log line:61 [INFO] 
-------------接口请求开始-----------
[2023-08-25 10:46:10,936] logger_util.py->write_log line:61 [INFO] 接口名称：读取内部变量-aa2-有符号8位整型
[2023-08-25 10:46:10,936] logger_util.py->write_log line:61 [INFO] 接口方式：post
[2023-08-25 10:46:10,936] logger_util.py->write_log line:61 [INFO] 接口路径：http://127.0.0.1:18000/api/v1/variable/getvalues
[2023-08-25 10:46:10,936] logger_util.py->write_log line:61 [INFO] 请求头：{'X-Project': 'a68f8739e9094911b0f74421369649cb', 'Authorization': 'Bearer eyJhbGciOiJIUzI1NiIsInR5cCI6IkpXVCJ9.eyJodHRwOi8vc2NoZW1hcy54bWxzb2FwLm9yZy93cy8yMDA1LzA1L2lkZW50aXR5L2NsYWltcy9uYW1lIjoiU3VwZXJBZG1pbiIsImh0dHA6Ly9zY2hlbWFzLnhtbHNvYXAub3JnL3dzLzIwMDUvMDUvaWRlbnRpdHkvY2xhaW1zL25hbWVpZGVudGlmaWVyIjoiU3VwZXJBZG1pbiIsImV4cCI6MTY5MzQ1MTIxNSwiaXNzIjoiQ01TdjIiLCJhdWQiOiJBcGkifQ.gj3Q5rVSuyTzguP8vMuwVhc3w3UHSBpckDQcczgjy6s'}
[2023-08-25 10:46:10,936] logger_util.py->write_log line:61 [INFO] 请求参数：['aa2']
[2023-08-25 10:46:10,936] logger_util.py->write_log line:61 [INFO] 文件上传：None
[2023-08-25 10:46:10,938] logger_util.py->write_log line:61 [INFO] 预期结果：[{'equals': {'status_code': 200}}]
[2023-08-25 10:46:10,938] logger_util.py->write_log line:61 [INFO] 实际结果：{}
[2023-08-25 10:46:10,938] logger_util.py->write_log line:61 [INFO] 接口请求成功！
[2023-08-25 10:46:10,938] logger_util.py->write_log line:61 [INFO] 
-------------接口请求结束-----------

[2023-08-25 10:46:10,946] logger_util.py->write_log line:61 [INFO] 
-------------接口请求开始-----------
[2023-08-25 10:46:10,946] logger_util.py->write_log line:61 [INFO] 接口名称：读取内部变量-aa3-无符号8位整型
[2023-08-25 10:46:10,946] logger_util.py->write_log line:61 [INFO] 接口方式：post
[2023-08-25 10:46:10,946] logger_util.py->write_log line:61 [INFO] 接口路径：http://127.0.0.1:18000/api/v1/variable/getvalues
[2023-08-25 10:46:10,946] logger_util.py->write_log line:61 [INFO] 请求头：{'X-Project': 'a68f8739e9094911b0f74421369649cb', 'Authorization': 'Bearer eyJhbGciOiJIUzI1NiIsInR5cCI6IkpXVCJ9.eyJodHRwOi8vc2NoZW1hcy54bWxzb2FwLm9yZy93cy8yMDA1LzA1L2lkZW50aXR5L2NsYWltcy9uYW1lIjoiU3VwZXJBZG1pbiIsImh0dHA6Ly9zY2hlbWFzLnhtbHNvYXAub3JnL3dzLzIwMDUvMDUvaWRlbnRpdHkvY2xhaW1zL25hbWVpZGVudGlmaWVyIjoiU3VwZXJBZG1pbiIsImV4cCI6MTY5MzQ1MTIxNSwiaXNzIjoiQ01TdjIiLCJhdWQiOiJBcGkifQ.gj3Q5rVSuyTzguP8vMuwVhc3w3UHSBpckDQcczgjy6s'}
[2023-08-25 10:46:10,946] logger_util.py->write_log line:61 [INFO] 请求参数：['aa3']
[2023-08-25 10:46:10,946] logger_util.py->write_log line:61 [INFO] 文件上传：None
[2023-08-25 10:46:10,949] logger_util.py->write_log line:61 [INFO] 预期结果：[{'equals': {'status_code': 200}}]
[2023-08-25 10:46:10,949] logger_util.py->write_log line:61 [INFO] 实际结果：{}
[2023-08-25 10:46:10,949] logger_util.py->write_log line:61 [INFO] 接口请求成功！
[2023-08-25 10:46:10,949] logger_util.py->write_log line:61 [INFO] 
-------------接口请求结束-----------

[2023-08-25 10:46:10,957] logger_util.py->write_log line:61 [INFO] 
-------------接口请求开始-----------
[2023-08-25 10:46:10,957] logger_util.py->write_log line:61 [INFO] 接口名称：读取内部变量-aa4-有符号16位整型
[2023-08-25 10:46:10,957] logger_util.py->write_log line:61 [INFO] 接口方式：post
[2023-08-25 10:46:10,957] logger_util.py->write_log line:61 [INFO] 接口路径：http://127.0.0.1:18000/api/v1/variable/getvalues
[2023-08-25 10:46:10,957] logger_util.py->write_log line:61 [INFO] 请求头：{'X-Project': 'a68f8739e9094911b0f74421369649cb', 'Authorization': 'Bearer eyJhbGciOiJIUzI1NiIsInR5cCI6IkpXVCJ9.eyJodHRwOi8vc2NoZW1hcy54bWxzb2FwLm9yZy93cy8yMDA1LzA1L2lkZW50aXR5L2NsYWltcy9uYW1lIjoiU3VwZXJBZG1pbiIsImh0dHA6Ly9zY2hlbWFzLnhtbHNvYXAub3JnL3dzLzIwMDUvMDUvaWRlbnRpdHkvY2xhaW1zL25hbWVpZGVudGlmaWVyIjoiU3VwZXJBZG1pbiIsImV4cCI6MTY5MzQ1MTIxNSwiaXNzIjoiQ01TdjIiLCJhdWQiOiJBcGkifQ.gj3Q5rVSuyTzguP8vMuwVhc3w3UHSBpckDQcczgjy6s'}
[2023-08-25 10:46:10,957] logger_util.py->write_log line:61 [INFO] 请求参数：['aa4']
[2023-08-25 10:46:10,958] logger_util.py->write_log line:61 [INFO] 文件上传：None
[2023-08-25 10:46:10,960] logger_util.py->write_log line:61 [INFO] 预期结果：[{'equals': {'status_code': 200}}]
[2023-08-25 10:46:10,960] logger_util.py->write_log line:61 [INFO] 实际结果：{}
[2023-08-25 10:46:10,960] logger_util.py->write_log line:61 [INFO] 接口请求成功！
[2023-08-25 10:46:10,960] logger_util.py->write_log line:61 [INFO] 
-------------接口请求结束-----------

[2023-08-25 10:46:10,968] logger_util.py->write_log line:61 [INFO] 
-------------接口请求开始-----------
[2023-08-25 10:46:10,968] logger_util.py->write_log line:61 [INFO] 接口名称：读取内部变量-aa5-无符号16位整型
[2023-08-25 10:46:10,968] logger_util.py->write_log line:61 [INFO] 接口方式：post
[2023-08-25 10:46:10,968] logger_util.py->write_log line:61 [INFO] 接口路径：http://127.0.0.1:18000/api/v1/variable/getvalues
[2023-08-25 10:46:10,968] logger_util.py->write_log line:61 [INFO] 请求头：{'X-Project': 'a68f8739e9094911b0f74421369649cb', 'Authorization': 'Bearer eyJhbGciOiJIUzI1NiIsInR5cCI6IkpXVCJ9.eyJodHRwOi8vc2NoZW1hcy54bWxzb2FwLm9yZy93cy8yMDA1LzA1L2lkZW50aXR5L2NsYWltcy9uYW1lIjoiU3VwZXJBZG1pbiIsImh0dHA6Ly9zY2hlbWFzLnhtbHNvYXAub3JnL3dzLzIwMDUvMDUvaWRlbnRpdHkvY2xhaW1zL25hbWVpZGVudGlmaWVyIjoiU3VwZXJBZG1pbiIsImV4cCI6MTY5MzQ1MTIxNSwiaXNzIjoiQ01TdjIiLCJhdWQiOiJBcGkifQ.gj3Q5rVSuyTzguP8vMuwVhc3w3UHSBpckDQcczgjy6s'}
[2023-08-25 10:46:10,968] logger_util.py->write_log line:61 [INFO] 请求参数：['aa5']
[2023-08-25 10:46:10,968] logger_util.py->write_log line:61 [INFO] 文件上传：None
[2023-08-25 10:46:10,971] logger_util.py->write_log line:61 [INFO] 预期结果：[{'equals': {'status_code': 200}}]
[2023-08-25 10:46:10,971] logger_util.py->write_log line:61 [INFO] 实际结果：{}
[2023-08-25 10:46:10,971] logger_util.py->write_log line:61 [INFO] 接口请求成功！
[2023-08-25 10:46:10,971] logger_util.py->write_log line:61 [INFO] 
-------------接口请求结束-----------

[2023-08-25 10:46:10,980] logger_util.py->write_log line:61 [INFO] 
-------------接口请求开始-----------
[2023-08-25 10:46:10,980] logger_util.py->write_log line:61 [INFO] 接口名称：读取内部变量-aa6-有符号32位整型
[2023-08-25 10:46:10,980] logger_util.py->write_log line:61 [INFO] 接口方式：post
[2023-08-25 10:46:10,980] logger_util.py->write_log line:61 [INFO] 接口路径：http://127.0.0.1:18000/api/v1/variable/getvalues
[2023-08-25 10:46:10,980] logger_util.py->write_log line:61 [INFO] 请求头：{'X-Project': 'a68f8739e9094911b0f74421369649cb', 'Authorization': 'Bearer eyJhbGciOiJIUzI1NiIsInR5cCI6IkpXVCJ9.eyJodHRwOi8vc2NoZW1hcy54bWxzb2FwLm9yZy93cy8yMDA1LzA1L2lkZW50aXR5L2NsYWltcy9uYW1lIjoiU3VwZXJBZG1pbiIsImh0dHA6Ly9zY2hlbWFzLnhtbHNvYXAub3JnL3dzLzIwMDUvMDUvaWRlbnRpdHkvY2xhaW1zL25hbWVpZGVudGlmaWVyIjoiU3VwZXJBZG1pbiIsImV4cCI6MTY5MzQ1MTIxNSwiaXNzIjoiQ01TdjIiLCJhdWQiOiJBcGkifQ.gj3Q5rVSuyTzguP8vMuwVhc3w3UHSBpckDQcczgjy6s'}
[2023-08-25 10:46:10,980] logger_util.py->write_log line:61 [INFO] 请求参数：['aa6']
[2023-08-25 10:46:10,980] logger_util.py->write_log line:61 [INFO] 文件上传：None
[2023-08-25 10:46:10,983] logger_util.py->write_log line:61 [INFO] 预期结果：[{'equals': {'status_code': 200}}]
[2023-08-25 10:46:10,983] logger_util.py->write_log line:61 [INFO] 实际结果：{}
[2023-08-25 10:46:10,983] logger_util.py->write_log line:61 [INFO] 接口请求成功！
[2023-08-25 10:46:10,983] logger_util.py->write_log line:61 [INFO] 
-------------接口请求结束-----------

[2023-08-25 10:46:10,992] logger_util.py->write_log line:61 [INFO] 
-------------接口请求开始-----------
[2023-08-25 10:46:10,992] logger_util.py->write_log line:61 [INFO] 接口名称：读取内部变量-aa7-无符号32位整型
[2023-08-25 10:46:10,992] logger_util.py->write_log line:61 [INFO] 接口方式：post
[2023-08-25 10:46:10,992] logger_util.py->write_log line:61 [INFO] 接口路径：http://127.0.0.1:18000/api/v1/variable/getvalues
[2023-08-25 10:46:10,992] logger_util.py->write_log line:61 [INFO] 请求头：{'X-Project': 'a68f8739e9094911b0f74421369649cb', 'Authorization': 'Bearer eyJhbGciOiJIUzI1NiIsInR5cCI6IkpXVCJ9.eyJodHRwOi8vc2NoZW1hcy54bWxzb2FwLm9yZy93cy8yMDA1LzA1L2lkZW50aXR5L2NsYWltcy9uYW1lIjoiU3VwZXJBZG1pbiIsImh0dHA6Ly9zY2hlbWFzLnhtbHNvYXAub3JnL3dzLzIwMDUvMDUvaWRlbnRpdHkvY2xhaW1zL25hbWVpZGVudGlmaWVyIjoiU3VwZXJBZG1pbiIsImV4cCI6MTY5MzQ1MTIxNSwiaXNzIjoiQ01TdjIiLCJhdWQiOiJBcGkifQ.gj3Q5rVSuyTzguP8vMuwVhc3w3UHSBpckDQcczgjy6s'}
[2023-08-25 10:46:10,993] logger_util.py->write_log line:61 [INFO] 请求参数：['aa7']
[2023-08-25 10:46:10,993] logger_util.py->write_log line:61 [INFO] 文件上传：None
[2023-08-25 10:46:10,995] logger_util.py->write_log line:61 [INFO] 预期结果：[{'equals': {'status_code': 200}}]
[2023-08-25 10:46:10,995] logger_util.py->write_log line:61 [INFO] 实际结果：{}
[2023-08-25 10:46:10,995] logger_util.py->write_log line:61 [INFO] 接口请求成功！
[2023-08-25 10:46:10,995] logger_util.py->write_log line:61 [INFO] 
-------------接口请求结束-----------

[2023-08-25 10:46:11,004] logger_util.py->write_log line:61 [INFO] 
-------------接口请求开始-----------
[2023-08-25 10:46:11,004] logger_util.py->write_log line:61 [INFO] 接口名称：读取内部变量-aa8-有符号64位整型
[2023-08-25 10:46:11,004] logger_util.py->write_log line:61 [INFO] 接口方式：post
[2023-08-25 10:46:11,004] logger_util.py->write_log line:61 [INFO] 接口路径：http://127.0.0.1:18000/api/v1/variable/getvalues
[2023-08-25 10:46:11,004] logger_util.py->write_log line:61 [INFO] 请求头：{'X-Project': 'a68f8739e9094911b0f74421369649cb', 'Authorization': 'Bearer eyJhbGciOiJIUzI1NiIsInR5cCI6IkpXVCJ9.eyJodHRwOi8vc2NoZW1hcy54bWxzb2FwLm9yZy93cy8yMDA1LzA1L2lkZW50aXR5L2NsYWltcy9uYW1lIjoiU3VwZXJBZG1pbiIsImh0dHA6Ly9zY2hlbWFzLnhtbHNvYXAub3JnL3dzLzIwMDUvMDUvaWRlbnRpdHkvY2xhaW1zL25hbWVpZGVudGlmaWVyIjoiU3VwZXJBZG1pbiIsImV4cCI6MTY5MzQ1MTIxNSwiaXNzIjoiQ01TdjIiLCJhdWQiOiJBcGkifQ.gj3Q5rVSuyTzguP8vMuwVhc3w3UHSBpckDQcczgjy6s'}
[2023-08-25 10:46:11,004] logger_util.py->write_log line:61 [INFO] 请求参数：['aa8']
[2023-08-25 10:46:11,004] logger_util.py->write_log line:61 [INFO] 文件上传：None
[2023-08-25 10:46:11,006] logger_util.py->write_log line:61 [INFO] 预期结果：[{'equals': {'status_code': 200}}]
[2023-08-25 10:46:11,007] logger_util.py->write_log line:61 [INFO] 实际结果：{}
[2023-08-25 10:46:11,007] logger_util.py->write_log line:61 [INFO] 接口请求成功！
[2023-08-25 10:46:11,007] logger_util.py->write_log line:61 [INFO] 
-------------接口请求结束-----------

[2023-08-25 10:46:11,015] logger_util.py->write_log line:61 [INFO] 
-------------接口请求开始-----------
[2023-08-25 10:46:11,015] logger_util.py->write_log line:61 [INFO] 接口名称：读取内部变量-aa9-无符号64位整型
[2023-08-25 10:46:11,015] logger_util.py->write_log line:61 [INFO] 接口方式：post
[2023-08-25 10:46:11,015] logger_util.py->write_log line:61 [INFO] 接口路径：http://127.0.0.1:18000/api/v1/variable/getvalues
[2023-08-25 10:46:11,015] logger_util.py->write_log line:61 [INFO] 请求头：{'X-Project': 'a68f8739e9094911b0f74421369649cb', 'Authorization': 'Bearer eyJhbGciOiJIUzI1NiIsInR5cCI6IkpXVCJ9.eyJodHRwOi8vc2NoZW1hcy54bWxzb2FwLm9yZy93cy8yMDA1LzA1L2lkZW50aXR5L2NsYWltcy9uYW1lIjoiU3VwZXJBZG1pbiIsImh0dHA6Ly9zY2hlbWFzLnhtbHNvYXAub3JnL3dzLzIwMDUvMDUvaWRlbnRpdHkvY2xhaW1zL25hbWVpZGVudGlmaWVyIjoiU3VwZXJBZG1pbiIsImV4cCI6MTY5MzQ1MTIxNSwiaXNzIjoiQ01TdjIiLCJhdWQiOiJBcGkifQ.gj3Q5rVSuyTzguP8vMuwVhc3w3UHSBpckDQcczgjy6s'}
[2023-08-25 10:46:11,016] logger_util.py->write_log line:61 [INFO] 请求参数：['aa9']
[2023-08-25 10:46:11,016] logger_util.py->write_log line:61 [INFO] 文件上传：None
[2023-08-25 10:46:11,018] logger_util.py->write_log line:61 [INFO] 预期结果：[{'equals': {'status_code': 200}}]
[2023-08-25 10:46:11,018] logger_util.py->write_log line:61 [INFO] 实际结果：{}
[2023-08-25 10:46:11,018] logger_util.py->write_log line:61 [INFO] 接口请求成功！
[2023-08-25 10:46:11,019] logger_util.py->write_log line:61 [INFO] 
-------------接口请求结束-----------

[2023-08-25 10:46:11,038] logger_util.py->write_log line:61 [INFO] 
-------------接口请求开始-----------
[2023-08-25 10:46:11,038] logger_util.py->write_log line:61 [INFO] 接口名称：读取内部变量-aa10-F32位浮点数IEEE754
[2023-08-25 10:46:11,039] logger_util.py->write_log line:61 [INFO] 接口方式：post
[2023-08-25 10:46:11,039] logger_util.py->write_log line:61 [INFO] 接口路径：http://127.0.0.1:18000/api/v1/variable/getvalues
[2023-08-25 10:46:11,039] logger_util.py->write_log line:61 [INFO] 请求头：{'X-Project': 'a68f8739e9094911b0f74421369649cb', 'Authorization': 'Bearer eyJhbGciOiJIUzI1NiIsInR5cCI6IkpXVCJ9.eyJodHRwOi8vc2NoZW1hcy54bWxzb2FwLm9yZy93cy8yMDA1LzA1L2lkZW50aXR5L2NsYWltcy9uYW1lIjoiU3VwZXJBZG1pbiIsImh0dHA6Ly9zY2hlbWFzLnhtbHNvYXAub3JnL3dzLzIwMDUvMDUvaWRlbnRpdHkvY2xhaW1zL25hbWVpZGVudGlmaWVyIjoiU3VwZXJBZG1pbiIsImV4cCI6MTY5MzQ1MTIxNSwiaXNzIjoiQ01TdjIiLCJhdWQiOiJBcGkifQ.gj3Q5rVSuyTzguP8vMuwVhc3w3UHSBpckDQcczgjy6s'}
[2023-08-25 10:46:11,039] logger_util.py->write_log line:61 [INFO] 请求参数：['aa10']
[2023-08-25 10:46:11,039] logger_util.py->write_log line:61 [INFO] 文件上传：None
[2023-08-25 10:46:11,041] logger_util.py->write_log line:61 [INFO] 预期结果：[{'equals': {'status_code': 200}}]
[2023-08-25 10:46:11,041] logger_util.py->write_log line:61 [INFO] 实际结果：{}
[2023-08-25 10:46:11,041] logger_util.py->write_log line:61 [INFO] 接口请求成功！
[2023-08-25 10:46:11,042] logger_util.py->write_log line:61 [INFO] 
-------------接口请求结束-----------

[2023-08-25 10:46:11,050] logger_util.py->write_log line:61 [INFO] 
-------------接口请求开始-----------
[2023-08-25 10:46:11,051] logger_util.py->write_log line:61 [INFO] 接口名称：读取内部变量-aa11-F64位浮点数IEEE754
[2023-08-25 10:46:11,051] logger_util.py->write_log line:61 [INFO] 接口方式：post
[2023-08-25 10:46:11,051] logger_util.py->write_log line:61 [INFO] 接口路径：http://127.0.0.1:18000/api/v1/variable/getvalues
[2023-08-25 10:46:11,051] logger_util.py->write_log line:61 [INFO] 请求头：{'X-Project': 'a68f8739e9094911b0f74421369649cb', 'Authorization': 'Bearer eyJhbGciOiJIUzI1NiIsInR5cCI6IkpXVCJ9.eyJodHRwOi8vc2NoZW1hcy54bWxzb2FwLm9yZy93cy8yMDA1LzA1L2lkZW50aXR5L2NsYWltcy9uYW1lIjoiU3VwZXJBZG1pbiIsImh0dHA6Ly9zY2hlbWFzLnhtbHNvYXAub3JnL3dzLzIwMDUvMDUvaWRlbnRpdHkvY2xhaW1zL25hbWVpZGVudGlmaWVyIjoiU3VwZXJBZG1pbiIsImV4cCI6MTY5MzQ1MTIxNSwiaXNzIjoiQ01TdjIiLCJhdWQiOiJBcGkifQ.gj3Q5rVSuyTzguP8vMuwVhc3w3UHSBpckDQcczgjy6s'}
[2023-08-25 10:46:11,051] logger_util.py->write_log line:61 [INFO] 请求参数：['aa11']
[2023-08-25 10:46:11,051] logger_util.py->write_log line:61 [INFO] 文件上传：None
[2023-08-25 10:46:11,053] logger_util.py->write_log line:61 [INFO] 预期结果：[{'equals': {'status_code': 200}}]
[2023-08-25 10:46:11,053] logger_util.py->write_log line:61 [INFO] 实际结果：{}
[2023-08-25 10:46:11,054] logger_util.py->write_log line:61 [INFO] 接口请求成功！
[2023-08-25 10:46:11,054] logger_util.py->write_log line:61 [INFO] 
-------------接口请求结束-----------

[2023-08-25 10:46:11,061] logger_util.py->write_log line:61 [INFO] 
-------------接口请求开始-----------
[2023-08-25 10:46:11,062] logger_util.py->write_log line:61 [INFO] 接口名称：读取内部变量-aa12-字符串
[2023-08-25 10:46:11,062] logger_util.py->write_log line:61 [INFO] 接口方式：post
[2023-08-25 10:46:11,062] logger_util.py->write_log line:61 [INFO] 接口路径：http://127.0.0.1:18000/api/v1/variable/getvalues
[2023-08-25 10:46:11,062] logger_util.py->write_log line:61 [INFO] 请求头：{'X-Project': 'a68f8739e9094911b0f74421369649cb', 'Authorization': 'Bearer eyJhbGciOiJIUzI1NiIsInR5cCI6IkpXVCJ9.eyJodHRwOi8vc2NoZW1hcy54bWxzb2FwLm9yZy93cy8yMDA1LzA1L2lkZW50aXR5L2NsYWltcy9uYW1lIjoiU3VwZXJBZG1pbiIsImh0dHA6Ly9zY2hlbWFzLnhtbHNvYXAub3JnL3dzLzIwMDUvMDUvaWRlbnRpdHkvY2xhaW1zL25hbWVpZGVudGlmaWVyIjoiU3VwZXJBZG1pbiIsImV4cCI6MTY5MzQ1MTIxNSwiaXNzIjoiQ01TdjIiLCJhdWQiOiJBcGkifQ.gj3Q5rVSuyTzguP8vMuwVhc3w3UHSBpckDQcczgjy6s'}
[2023-08-25 10:46:11,062] logger_util.py->write_log line:61 [INFO] 请求参数：['aa12']
[2023-08-25 10:46:11,062] logger_util.py->write_log line:61 [INFO] 文件上传：None
[2023-08-25 10:46:11,065] logger_util.py->write_log line:61 [INFO] 预期结果：[{'equals': {'status_code': 200}}]
[2023-08-25 10:46:11,065] logger_util.py->write_log line:61 [INFO] 实际结果：{}
[2023-08-25 10:46:11,065] logger_util.py->write_log line:61 [INFO] 接口请求成功！
[2023-08-25 10:46:11,065] logger_util.py->write_log line:61 [INFO] 
-------------接口请求结束-----------

[2023-08-25 10:46:11,075] logger_util.py->write_log line:61 [INFO] 
-------------接口请求开始-----------
[2023-08-25 10:46:11,075] logger_util.py->write_log line:61 [INFO] 接口名称：读取内部变量-aa13-宽字符串
[2023-08-25 10:46:11,075] logger_util.py->write_log line:61 [INFO] 接口方式：post
[2023-08-25 10:46:11,075] logger_util.py->write_log line:61 [INFO] 接口路径：http://127.0.0.1:18000/api/v1/variable/getvalues
[2023-08-25 10:46:11,076] logger_util.py->write_log line:61 [INFO] 请求头：{'X-Project': 'a68f8739e9094911b0f74421369649cb', 'Authorization': 'Bearer eyJhbGciOiJIUzI1NiIsInR5cCI6IkpXVCJ9.eyJodHRwOi8vc2NoZW1hcy54bWxzb2FwLm9yZy93cy8yMDA1LzA1L2lkZW50aXR5L2NsYWltcy9uYW1lIjoiU3VwZXJBZG1pbiIsImh0dHA6Ly9zY2hlbWFzLnhtbHNvYXAub3JnL3dzLzIwMDUvMDUvaWRlbnRpdHkvY2xhaW1zL25hbWVpZGVudGlmaWVyIjoiU3VwZXJBZG1pbiIsImV4cCI6MTY5MzQ1MTIxNSwiaXNzIjoiQ01TdjIiLCJhdWQiOiJBcGkifQ.gj3Q5rVSuyTzguP8vMuwVhc3w3UHSBpckDQcczgjy6s'}
[2023-08-25 10:46:11,076] logger_util.py->write_log line:61 [INFO] 请求参数：['aa13']
[2023-08-25 10:46:11,076] logger_util.py->write_log line:61 [INFO] 文件上传：None
[2023-08-25 10:46:11,078] logger_util.py->write_log line:61 [INFO] 预期结果：[{'equals': {'status_code': 200}}]
[2023-08-25 10:46:11,078] logger_util.py->write_log line:61 [INFO] 实际结果：{}
[2023-08-25 10:46:11,078] logger_util.py->write_log line:61 [INFO] 接口请求成功！
[2023-08-25 10:46:11,078] logger_util.py->write_log line:61 [INFO] 
-------------接口请求结束-----------

[2023-08-25 10:46:11,087] logger_util.py->write_log line:61 [INFO] 
-------------接口请求开始-----------
[2023-08-25 10:46:11,087] logger_util.py->write_log line:61 [INFO] 接口名称：读取内部变量-aa14-日期
[2023-08-25 10:46:11,087] logger_util.py->write_log line:61 [INFO] 接口方式：post
[2023-08-25 10:46:11,087] logger_util.py->write_log line:61 [INFO] 接口路径：http://127.0.0.1:18000/api/v1/variable/getvalues
[2023-08-25 10:46:11,088] logger_util.py->write_log line:61 [INFO] 请求头：{'X-Project': 'a68f8739e9094911b0f74421369649cb', 'Authorization': 'Bearer eyJhbGciOiJIUzI1NiIsInR5cCI6IkpXVCJ9.eyJodHRwOi8vc2NoZW1hcy54bWxzb2FwLm9yZy93cy8yMDA1LzA1L2lkZW50aXR5L2NsYWltcy9uYW1lIjoiU3VwZXJBZG1pbiIsImh0dHA6Ly9zY2hlbWFzLnhtbHNvYXAub3JnL3dzLzIwMDUvMDUvaWRlbnRpdHkvY2xhaW1zL25hbWVpZGVudGlmaWVyIjoiU3VwZXJBZG1pbiIsImV4cCI6MTY5MzQ1MTIxNSwiaXNzIjoiQ01TdjIiLCJhdWQiOiJBcGkifQ.gj3Q5rVSuyTzguP8vMuwVhc3w3UHSBpckDQcczgjy6s'}
[2023-08-25 10:46:11,088] logger_util.py->write_log line:61 [INFO] 请求参数：['aa14']
[2023-08-25 10:46:11,088] logger_util.py->write_log line:61 [INFO] 文件上传：None
[2023-08-25 10:46:11,090] logger_util.py->write_log line:61 [INFO] 预期结果：[{'equals': {'status_code': 200}}]
[2023-08-25 10:46:11,090] logger_util.py->write_log line:61 [INFO] 实际结果：{}
[2023-08-25 10:46:11,090] logger_util.py->write_log line:61 [INFO] 接口请求成功！
[2023-08-25 10:46:11,090] logger_util.py->write_log line:61 [INFO] 
-------------接口请求结束-----------

[2023-08-25 10:46:11,098] logger_util.py->write_log line:61 [INFO] 
-------------接口请求开始-----------
[2023-08-25 10:46:11,099] logger_util.py->write_log line:61 [INFO] 接口名称：读取内部变量-aa15-时间
[2023-08-25 10:46:11,099] logger_util.py->write_log line:61 [INFO] 接口方式：post
[2023-08-25 10:46:11,099] logger_util.py->write_log line:61 [INFO] 接口路径：http://127.0.0.1:18000/api/v1/variable/getvalues
[2023-08-25 10:46:11,099] logger_util.py->write_log line:61 [INFO] 请求头：{'X-Project': 'a68f8739e9094911b0f74421369649cb', 'Authorization': 'Bearer eyJhbGciOiJIUzI1NiIsInR5cCI6IkpXVCJ9.eyJodHRwOi8vc2NoZW1hcy54bWxzb2FwLm9yZy93cy8yMDA1LzA1L2lkZW50aXR5L2NsYWltcy9uYW1lIjoiU3VwZXJBZG1pbiIsImh0dHA6Ly9zY2hlbWFzLnhtbHNvYXAub3JnL3dzLzIwMDUvMDUvaWRlbnRpdHkvY2xhaW1zL25hbWVpZGVudGlmaWVyIjoiU3VwZXJBZG1pbiIsImV4cCI6MTY5MzQ1MTIxNSwiaXNzIjoiQ01TdjIiLCJhdWQiOiJBcGkifQ.gj3Q5rVSuyTzguP8vMuwVhc3w3UHSBpckDQcczgjy6s'}
[2023-08-25 10:46:11,099] logger_util.py->write_log line:61 [INFO] 请求参数：['aa15']
[2023-08-25 10:46:11,099] logger_util.py->write_log line:61 [INFO] 文件上传：None
[2023-08-25 10:46:11,101] logger_util.py->write_log line:61 [INFO] 预期结果：[{'equals': {'status_code': 200}}]
[2023-08-25 10:46:11,101] logger_util.py->write_log line:61 [INFO] 实际结果：{}
[2023-08-25 10:46:11,102] logger_util.py->write_log line:61 [INFO] 接口请求成功！
[2023-08-25 10:46:11,102] logger_util.py->write_log line:61 [INFO] 
-------------接口请求结束-----------

[2023-08-25 10:46:11,110] logger_util.py->write_log line:61 [INFO] 
-------------接口请求开始-----------
[2023-08-25 10:46:11,110] logger_util.py->write_log line:61 [INFO] 接口名称：读取内部变量-aa16-日期时间
[2023-08-25 10:46:11,110] logger_util.py->write_log line:61 [INFO] 接口方式：post
[2023-08-25 10:46:11,110] logger_util.py->write_log line:61 [INFO] 接口路径：http://127.0.0.1:18000/api/v1/variable/getvalues
[2023-08-25 10:46:11,110] logger_util.py->write_log line:61 [INFO] 请求头：{'X-Project': 'a68f8739e9094911b0f74421369649cb', 'Authorization': 'Bearer eyJhbGciOiJIUzI1NiIsInR5cCI6IkpXVCJ9.eyJodHRwOi8vc2NoZW1hcy54bWxzb2FwLm9yZy93cy8yMDA1LzA1L2lkZW50aXR5L2NsYWltcy9uYW1lIjoiU3VwZXJBZG1pbiIsImh0dHA6Ly9zY2hlbWFzLnhtbHNvYXAub3JnL3dzLzIwMDUvMDUvaWRlbnRpdHkvY2xhaW1zL25hbWVpZGVudGlmaWVyIjoiU3VwZXJBZG1pbiIsImV4cCI6MTY5MzQ1MTIxNSwiaXNzIjoiQ01TdjIiLCJhdWQiOiJBcGkifQ.gj3Q5rVSuyTzguP8vMuwVhc3w3UHSBpckDQcczgjy6s'}
[2023-08-25 10:46:11,110] logger_util.py->write_log line:61 [INFO] 请求参数：['aa16']
[2023-08-25 10:46:11,110] logger_util.py->write_log line:61 [INFO] 文件上传：None
[2023-08-25 10:46:11,112] logger_util.py->write_log line:61 [INFO] 预期结果：[{'equals': {'status_code': 200}}]
[2023-08-25 10:46:11,113] logger_util.py->write_log line:61 [INFO] 实际结果：{}
[2023-08-25 10:46:11,113] logger_util.py->write_log line:61 [INFO] 接口请求成功！
[2023-08-25 10:46:11,113] logger_util.py->write_log line:61 [INFO] 
-------------接口请求结束-----------

