[2023-02-01 16:44:33,292] logger_util.py->write_log line:61 [INFO] -------------接口请求开始-----------
[2023-02-01 16:44:33,292] logger_util.py->write_log line:61 [INFO] 接口名称：新建工程1
[2023-02-01 16:44:33,292] logger_util.py->write_log line:61 [INFO] 接口方式：post
[2023-02-01 16:44:33,292] logger_util.py->write_log line:61 [INFO] 接口路径：http://192.168.4.191:18000/api/v1/project/node
[2023-02-01 16:44:33,292] logger_util.py->write_log line:61 [INFO] 请求头：{'Content-Type': 'application/json;charset=UTF-8'}
[2023-02-01 16:44:33,293] logger_util.py->write_log line:61 [INFO] 请求参数：{'name': '工程1', 'path': 'E:\\APP\\CMS201', 'type': 1, 'parentId': 0}
[2023-02-01 16:44:33,293] logger_util.py->write_log line:61 [INFO] 文件上传：None
[2023-02-01 16:44:33,491] logger_util.py->write_log line:61 [INFO] 预期结果：[{'equals': {'status_code': 200}}]
[2023-02-01 16:44:33,492] logger_util.py->write_log line:61 [INFO] 实际结果：53
[2023-02-01 16:44:33,492] logger_util.py->write_log line:61 [INFO] 接口请求成功！
[2023-02-01 16:44:33,492] logger_util.py->write_log line:61 [INFO] -------------接口请求结束-----------

[2023-02-01 16:44:33,497] logger_util.py->write_log line:61 [INFO] -------------接口请求开始-----------
[2023-02-01 16:44:33,497] logger_util.py->write_log line:61 [INFO] 接口名称：新建工程2
[2023-02-01 16:44:33,497] logger_util.py->write_log line:61 [INFO] 接口方式：post
[2023-02-01 16:44:33,497] logger_util.py->write_log line:61 [INFO] 接口路径：http://192.168.4.191:18000/api/v1/project/node
[2023-02-01 16:44:33,497] logger_util.py->write_log line:61 [INFO] 请求头：{'Content-Type': 'application/json;charset=UTF-8'}
[2023-02-01 16:44:33,497] logger_util.py->write_log line:61 [INFO] 请求参数：{'name': '工程2', 'path': 'E:\\APP\\CMS201', 'type': 1, 'parentId': 0}
[2023-02-01 16:44:33,497] logger_util.py->write_log line:61 [INFO] 文件上传：None
[2023-02-01 16:44:33,671] logger_util.py->write_log line:61 [INFO] 预期结果：[{'equals': {'status_code': 200}}]
[2023-02-01 16:44:33,671] logger_util.py->write_log line:61 [INFO] 实际结果：54
[2023-02-01 16:44:33,672] logger_util.py->write_log line:61 [INFO] 接口请求成功！
[2023-02-01 16:44:33,672] logger_util.py->write_log line:61 [INFO] -------------接口请求结束-----------

[2023-02-01 16:44:33,676] logger_util.py->write_log line:61 [INFO] -------------接口请求开始-----------
[2023-02-01 16:44:33,676] logger_util.py->write_log line:61 [INFO] 接口名称：新建工程3
[2023-02-01 16:44:33,676] logger_util.py->write_log line:61 [INFO] 接口方式：post
[2023-02-01 16:44:33,676] logger_util.py->write_log line:61 [INFO] 接口路径：http://192.168.4.191:18000/api/v1/project/node
[2023-02-01 16:44:33,676] logger_util.py->write_log line:61 [INFO] 请求头：{'Content-Type': 'application/json;charset=UTF-8'}
[2023-02-01 16:44:33,676] logger_util.py->write_log line:61 [INFO] 请求参数：{'name': '工程3', 'path': 'E:\\APP\\CMS201', 'type': 1, 'parentId': 0}
[2023-02-01 16:44:33,677] logger_util.py->write_log line:61 [INFO] 文件上传：None
[2023-02-01 16:44:33,859] logger_util.py->write_log line:61 [INFO] 预期结果：[{'equals': {'status_code': 200}}]
[2023-02-01 16:44:33,859] logger_util.py->write_log line:61 [INFO] 实际结果：55
[2023-02-01 16:44:33,859] logger_util.py->write_log line:61 [INFO] 接口请求成功！
[2023-02-01 16:44:33,859] logger_util.py->write_log line:61 [INFO] -------------接口请求结束-----------

[2023-02-01 16:44:33,864] logger_util.py->write_log line:61 [INFO] -------------接口请求开始-----------
[2023-02-01 16:44:33,864] logger_util.py->write_log line:61 [INFO] 接口名称：新建工程4
[2023-02-01 16:44:33,864] logger_util.py->write_log line:61 [INFO] 接口方式：post
[2023-02-01 16:44:33,864] logger_util.py->write_log line:61 [INFO] 接口路径：http://192.168.4.191:18000/api/v1/project/node
[2023-02-01 16:44:33,864] logger_util.py->write_log line:61 [INFO] 请求头：{'Content-Type': 'application/json;charset=UTF-8'}
[2023-02-01 16:44:33,865] logger_util.py->write_log line:61 [INFO] 请求参数：{'name': '工程4', 'path': 'E:\\APP\\CMS201', 'type': 1, 'parentId': 0}
[2023-02-01 16:44:33,865] logger_util.py->write_log line:61 [INFO] 文件上传：None
[2023-02-01 16:44:34,058] logger_util.py->write_log line:61 [INFO] 预期结果：[{'equals': {'status_code': 200}}]
[2023-02-01 16:44:34,058] logger_util.py->write_log line:61 [INFO] 实际结果：56
[2023-02-01 16:44:34,058] logger_util.py->write_log line:61 [INFO] 接口请求成功！
[2023-02-01 16:44:34,058] logger_util.py->write_log line:61 [INFO] -------------接口请求结束-----------

[2023-02-01 16:44:34,063] logger_util.py->write_log line:61 [INFO] -------------接口请求开始-----------
[2023-02-01 16:44:34,063] logger_util.py->write_log line:61 [INFO] 接口名称：新建工程5
[2023-02-01 16:44:34,063] logger_util.py->write_log line:61 [INFO] 接口方式：post
[2023-02-01 16:44:34,063] logger_util.py->write_log line:61 [INFO] 接口路径：http://192.168.4.191:18000/api/v1/project/node
[2023-02-01 16:44:34,063] logger_util.py->write_log line:61 [INFO] 请求头：{'Content-Type': 'application/json;charset=UTF-8'}
[2023-02-01 16:44:34,063] logger_util.py->write_log line:61 [INFO] 请求参数：{'name': '工程5', 'path': 'E:\\APP\\CMS201', 'type': 1, 'parentId': 0}
[2023-02-01 16:44:34,063] logger_util.py->write_log line:61 [INFO] 文件上传：None
[2023-02-01 16:44:34,254] logger_util.py->write_log line:61 [INFO] 预期结果：[{'equals': {'status_code': 200}}]
[2023-02-01 16:44:34,255] logger_util.py->write_log line:61 [INFO] 实际结果：57
[2023-02-01 16:44:34,255] logger_util.py->write_log line:61 [INFO] 接口请求成功！
[2023-02-01 16:44:34,255] logger_util.py->write_log line:61 [INFO] -------------接口请求结束-----------

[2023-02-01 16:44:34,260] logger_util.py->write_log line:61 [INFO] -------------接口请求开始-----------
[2023-02-01 16:44:34,260] logger_util.py->write_log line:61 [INFO] 接口名称：新建工程6
[2023-02-01 16:44:34,260] logger_util.py->write_log line:61 [INFO] 接口方式：post
[2023-02-01 16:44:34,260] logger_util.py->write_log line:61 [INFO] 接口路径：http://192.168.4.191:18000/api/v1/project/node
[2023-02-01 16:44:34,260] logger_util.py->write_log line:61 [INFO] 请求头：{'Content-Type': 'application/json;charset=UTF-8'}
[2023-02-01 16:44:34,261] logger_util.py->write_log line:61 [INFO] 请求参数：{'name': '工程6', 'path': 'E:\\APP\\CMS201', 'type': 1, 'parentId': 0}
[2023-02-01 16:44:34,261] logger_util.py->write_log line:61 [INFO] 文件上传：None
[2023-02-01 16:44:34,468] logger_util.py->write_log line:61 [INFO] 预期结果：[{'equals': {'status_code': 200}}]
[2023-02-01 16:44:34,468] logger_util.py->write_log line:61 [INFO] 实际结果：58
[2023-02-01 16:44:34,468] logger_util.py->write_log line:61 [INFO] 接口请求成功！
[2023-02-01 16:44:34,468] logger_util.py->write_log line:61 [INFO] -------------接口请求结束-----------

[2023-02-01 16:44:34,473] logger_util.py->write_log line:61 [INFO] -------------接口请求开始-----------
[2023-02-01 16:44:34,473] logger_util.py->write_log line:61 [INFO] 接口名称：新建工程7
[2023-02-01 16:44:34,473] logger_util.py->write_log line:61 [INFO] 接口方式：post
[2023-02-01 16:44:34,473] logger_util.py->write_log line:61 [INFO] 接口路径：http://192.168.4.191:18000/api/v1/project/node
[2023-02-01 16:44:34,473] logger_util.py->write_log line:61 [INFO] 请求头：{'Content-Type': 'application/json;charset=UTF-8'}
[2023-02-01 16:44:34,474] logger_util.py->write_log line:61 [INFO] 请求参数：{'name': '工程7', 'path': 'E:\\APP\\CMS201', 'type': 1, 'parentId': 0}
[2023-02-01 16:44:34,474] logger_util.py->write_log line:61 [INFO] 文件上传：None
[2023-02-01 16:44:34,665] logger_util.py->write_log line:61 [INFO] 预期结果：[{'equals': {'status_code': 200}}]
[2023-02-01 16:44:34,665] logger_util.py->write_log line:61 [INFO] 实际结果：59
[2023-02-01 16:44:34,665] logger_util.py->write_log line:61 [INFO] 接口请求成功！
[2023-02-01 16:44:34,665] logger_util.py->write_log line:61 [INFO] -------------接口请求结束-----------

[2023-02-01 16:44:34,671] logger_util.py->write_log line:61 [INFO] -------------接口请求开始-----------
[2023-02-01 16:44:34,671] logger_util.py->write_log line:61 [INFO] 接口名称：新建工程8
[2023-02-01 16:44:34,671] logger_util.py->write_log line:61 [INFO] 接口方式：post
[2023-02-01 16:44:34,671] logger_util.py->write_log line:61 [INFO] 接口路径：http://192.168.4.191:18000/api/v1/project/node
[2023-02-01 16:44:34,671] logger_util.py->write_log line:61 [INFO] 请求头：{'Content-Type': 'application/json;charset=UTF-8'}
[2023-02-01 16:44:34,671] logger_util.py->write_log line:61 [INFO] 请求参数：{'name': '工程8', 'path': 'E:\\APP\\CMS201', 'type': 1, 'parentId': 0}
[2023-02-01 16:44:34,671] logger_util.py->write_log line:61 [INFO] 文件上传：None
[2023-02-01 16:44:34,866] logger_util.py->write_log line:61 [INFO] 预期结果：[{'equals': {'status_code': 200}}]
[2023-02-01 16:44:34,866] logger_util.py->write_log line:61 [INFO] 实际结果：60
[2023-02-01 16:44:34,866] logger_util.py->write_log line:61 [INFO] 接口请求成功！
[2023-02-01 16:44:34,866] logger_util.py->write_log line:61 [INFO] -------------接口请求结束-----------

[2023-02-01 16:44:34,871] logger_util.py->write_log line:61 [INFO] -------------接口请求开始-----------
[2023-02-01 16:44:34,871] logger_util.py->write_log line:61 [INFO] 接口名称：新建工程9
[2023-02-01 16:44:34,871] logger_util.py->write_log line:61 [INFO] 接口方式：post
[2023-02-01 16:44:34,871] logger_util.py->write_log line:61 [INFO] 接口路径：http://192.168.4.191:18000/api/v1/project/node
[2023-02-01 16:44:34,871] logger_util.py->write_log line:61 [INFO] 请求头：{'Content-Type': 'application/json;charset=UTF-8'}
[2023-02-01 16:44:34,871] logger_util.py->write_log line:61 [INFO] 请求参数：{'name': '工程9', 'path': 'E:\\APP\\CMS201', 'type': 1, 'parentId': 0}
[2023-02-01 16:44:34,871] logger_util.py->write_log line:61 [INFO] 文件上传：None
[2023-02-01 16:44:35,064] logger_util.py->write_log line:61 [INFO] 预期结果：[{'equals': {'status_code': 200}}]
[2023-02-01 16:44:35,064] logger_util.py->write_log line:61 [INFO] 实际结果：61
[2023-02-01 16:44:35,064] logger_util.py->write_log line:61 [INFO] 接口请求成功！
[2023-02-01 16:44:35,064] logger_util.py->write_log line:61 [INFO] -------------接口请求结束-----------

[2023-02-01 16:44:35,069] logger_util.py->write_log line:61 [INFO] -------------接口请求开始-----------
[2023-02-01 16:44:35,069] logger_util.py->write_log line:61 [INFO] 接口名称：新建工程10
[2023-02-01 16:44:35,069] logger_util.py->write_log line:61 [INFO] 接口方式：post
[2023-02-01 16:44:35,069] logger_util.py->write_log line:61 [INFO] 接口路径：http://192.168.4.191:18000/api/v1/project/node
[2023-02-01 16:44:35,069] logger_util.py->write_log line:61 [INFO] 请求头：{'Content-Type': 'application/json;charset=UTF-8'}
[2023-02-01 16:44:35,069] logger_util.py->write_log line:61 [INFO] 请求参数：{'name': '工程10', 'path': 'E:\\APP\\CMS201', 'type': 1, 'parentId': 0}
[2023-02-01 16:44:35,069] logger_util.py->write_log line:61 [INFO] 文件上传：None
[2023-02-01 16:44:35,260] logger_util.py->write_log line:61 [INFO] 预期结果：[{'equals': {'status_code': 200}}]
[2023-02-01 16:44:35,261] logger_util.py->write_log line:61 [INFO] 实际结果：62
[2023-02-01 16:44:35,261] logger_util.py->write_log line:61 [INFO] 接口请求成功！
[2023-02-01 16:44:35,261] logger_util.py->write_log line:61 [INFO] -------------接口请求结束-----------

[2023-02-01 16:44:35,265] logger_util.py->write_log line:61 [INFO] -------------接口请求开始-----------
[2023-02-01 16:44:35,265] logger_util.py->write_log line:61 [INFO] 接口名称：新建工程11
[2023-02-01 16:44:35,265] logger_util.py->write_log line:61 [INFO] 接口方式：post
[2023-02-01 16:44:35,265] logger_util.py->write_log line:61 [INFO] 接口路径：http://192.168.4.191:18000/api/v1/project/node
[2023-02-01 16:44:35,266] logger_util.py->write_log line:61 [INFO] 请求头：{'Content-Type': 'application/json;charset=UTF-8'}
[2023-02-01 16:44:35,266] logger_util.py->write_log line:61 [INFO] 请求参数：{'name': '工程11', 'path': 'E:\\APP\\CMS201', 'type': 1, 'parentId': 0}
[2023-02-01 16:44:35,266] logger_util.py->write_log line:61 [INFO] 文件上传：None
[2023-02-01 16:44:35,453] logger_util.py->write_log line:61 [INFO] 预期结果：[{'equals': {'status_code': 200}}]
[2023-02-01 16:44:35,453] logger_util.py->write_log line:61 [INFO] 实际结果：63
[2023-02-01 16:44:35,454] logger_util.py->write_log line:61 [INFO] 接口请求成功！
[2023-02-01 16:44:35,454] logger_util.py->write_log line:61 [INFO] -------------接口请求结束-----------

[2023-02-01 16:44:35,458] logger_util.py->write_log line:61 [INFO] -------------接口请求开始-----------
[2023-02-01 16:44:35,458] logger_util.py->write_log line:61 [INFO] 接口名称：新建工程12
[2023-02-01 16:44:35,458] logger_util.py->write_log line:61 [INFO] 接口方式：post
[2023-02-01 16:44:35,459] logger_util.py->write_log line:61 [INFO] 接口路径：http://192.168.4.191:18000/api/v1/project/node
[2023-02-01 16:44:35,459] logger_util.py->write_log line:61 [INFO] 请求头：{'Content-Type': 'application/json;charset=UTF-8'}
[2023-02-01 16:44:35,459] logger_util.py->write_log line:61 [INFO] 请求参数：{'name': '工程12', 'path': 'E:\\APP\\CMS201', 'type': 1, 'parentId': 0}
[2023-02-01 16:44:35,459] logger_util.py->write_log line:61 [INFO] 文件上传：None
[2023-02-01 16:44:35,645] logger_util.py->write_log line:61 [INFO] 预期结果：[{'equals': {'status_code': 200}}]
[2023-02-01 16:44:35,645] logger_util.py->write_log line:61 [INFO] 实际结果：64
[2023-02-01 16:44:35,645] logger_util.py->write_log line:61 [INFO] 接口请求成功！
[2023-02-01 16:44:35,645] logger_util.py->write_log line:61 [INFO] -------------接口请求结束-----------

[2023-02-01 16:44:35,657] logger_util.py->write_log line:61 [INFO] -------------接口请求开始-----------
[2023-02-01 16:44:35,658] logger_util.py->write_log line:61 [INFO] 接口名称：新建工程13
[2023-02-01 16:44:35,658] logger_util.py->write_log line:61 [INFO] 接口方式：post
[2023-02-01 16:44:35,658] logger_util.py->write_log line:61 [INFO] 接口路径：http://192.168.4.191:18000/api/v1/project/node
[2023-02-01 16:44:35,658] logger_util.py->write_log line:61 [INFO] 请求头：{'Content-Type': 'application/json;charset=UTF-8'}
[2023-02-01 16:44:35,658] logger_util.py->write_log line:61 [INFO] 请求参数：{'name': '工程13', 'path': 'E:\\APP\\CMS201', 'type': 1, 'parentId': 0}
[2023-02-01 16:44:35,658] logger_util.py->write_log line:61 [INFO] 文件上传：None
[2023-02-01 16:44:35,835] logger_util.py->write_log line:61 [INFO] 预期结果：[{'equals': {'status_code': 200}}]
[2023-02-01 16:44:35,836] logger_util.py->write_log line:61 [INFO] 实际结果：65
[2023-02-01 16:44:35,836] logger_util.py->write_log line:61 [INFO] 接口请求成功！
[2023-02-01 16:44:35,836] logger_util.py->write_log line:61 [INFO] -------------接口请求结束-----------

[2023-02-01 16:44:35,841] logger_util.py->write_log line:61 [INFO] -------------接口请求开始-----------
[2023-02-01 16:44:35,842] logger_util.py->write_log line:61 [INFO] 接口名称：新建工程14
[2023-02-01 16:44:35,842] logger_util.py->write_log line:61 [INFO] 接口方式：post
[2023-02-01 16:44:35,842] logger_util.py->write_log line:61 [INFO] 接口路径：http://192.168.4.191:18000/api/v1/project/node
[2023-02-01 16:44:35,842] logger_util.py->write_log line:61 [INFO] 请求头：{'Content-Type': 'application/json;charset=UTF-8'}
[2023-02-01 16:44:35,842] logger_util.py->write_log line:61 [INFO] 请求参数：{'name': '工程14', 'path': 'E:\\APP\\CMS201', 'type': 1, 'parentId': 0}
[2023-02-01 16:44:35,842] logger_util.py->write_log line:61 [INFO] 文件上传：None
[2023-02-01 16:44:36,012] logger_util.py->write_log line:61 [INFO] 预期结果：[{'equals': {'status_code': 200}}]
[2023-02-01 16:44:36,012] logger_util.py->write_log line:61 [INFO] 实际结果：66
[2023-02-01 16:44:36,012] logger_util.py->write_log line:61 [INFO] 接口请求成功！
[2023-02-01 16:44:36,012] logger_util.py->write_log line:61 [INFO] -------------接口请求结束-----------

[2023-02-01 16:44:36,016] logger_util.py->write_log line:61 [INFO] -------------接口请求开始-----------
[2023-02-01 16:44:36,016] logger_util.py->write_log line:61 [INFO] 接口名称：新建工程15
[2023-02-01 16:44:36,017] logger_util.py->write_log line:61 [INFO] 接口方式：post
[2023-02-01 16:44:36,017] logger_util.py->write_log line:61 [INFO] 接口路径：http://192.168.4.191:18000/api/v1/project/node
[2023-02-01 16:44:36,017] logger_util.py->write_log line:61 [INFO] 请求头：{'Content-Type': 'application/json;charset=UTF-8'}
[2023-02-01 16:44:36,017] logger_util.py->write_log line:61 [INFO] 请求参数：{'name': '工程15', 'path': 'E:\\APP\\CMS201', 'type': 1, 'parentId': 0}
[2023-02-01 16:44:36,017] logger_util.py->write_log line:61 [INFO] 文件上传：None
[2023-02-01 16:44:36,189] logger_util.py->write_log line:61 [INFO] 预期结果：[{'equals': {'status_code': 200}}]
[2023-02-01 16:44:36,190] logger_util.py->write_log line:61 [INFO] 实际结果：67
[2023-02-01 16:44:36,190] logger_util.py->write_log line:61 [INFO] 接口请求成功！
[2023-02-01 16:44:36,190] logger_util.py->write_log line:61 [INFO] -------------接口请求结束-----------

[2023-02-01 16:44:36,194] logger_util.py->write_log line:61 [INFO] -------------接口请求开始-----------
[2023-02-01 16:44:36,194] logger_util.py->write_log line:61 [INFO] 接口名称：新建工程16
[2023-02-01 16:44:36,194] logger_util.py->write_log line:61 [INFO] 接口方式：post
[2023-02-01 16:44:36,195] logger_util.py->write_log line:61 [INFO] 接口路径：http://192.168.4.191:18000/api/v1/project/node
[2023-02-01 16:44:36,195] logger_util.py->write_log line:61 [INFO] 请求头：{'Content-Type': 'application/json;charset=UTF-8'}
[2023-02-01 16:44:36,195] logger_util.py->write_log line:61 [INFO] 请求参数：{'name': '工程16', 'path': 'E:\\APP\\CMS201', 'type': 1, 'parentId': 0}
[2023-02-01 16:44:36,195] logger_util.py->write_log line:61 [INFO] 文件上传：None
[2023-02-01 16:44:36,366] logger_util.py->write_log line:61 [INFO] 预期结果：[{'equals': {'status_code': 200}}]
[2023-02-01 16:44:36,366] logger_util.py->write_log line:61 [INFO] 实际结果：68
[2023-02-01 16:44:36,366] logger_util.py->write_log line:61 [INFO] 接口请求成功！
[2023-02-01 16:44:36,366] logger_util.py->write_log line:61 [INFO] -------------接口请求结束-----------

[2023-02-01 16:44:36,370] logger_util.py->write_log line:61 [INFO] -------------接口请求开始-----------
[2023-02-01 16:44:36,370] logger_util.py->write_log line:61 [INFO] 接口名称：新建工程17
[2023-02-01 16:44:36,371] logger_util.py->write_log line:61 [INFO] 接口方式：post
[2023-02-01 16:44:36,371] logger_util.py->write_log line:61 [INFO] 接口路径：http://192.168.4.191:18000/api/v1/project/node
[2023-02-01 16:44:36,371] logger_util.py->write_log line:61 [INFO] 请求头：{'Content-Type': 'application/json;charset=UTF-8'}
[2023-02-01 16:44:36,371] logger_util.py->write_log line:61 [INFO] 请求参数：{'name': '工程17', 'path': 'E:\\APP\\CMS201', 'type': 1, 'parentId': 0}
[2023-02-01 16:44:36,371] logger_util.py->write_log line:61 [INFO] 文件上传：None
[2023-02-01 16:44:36,548] logger_util.py->write_log line:61 [INFO] 预期结果：[{'equals': {'status_code': 200}}]
[2023-02-01 16:44:36,548] logger_util.py->write_log line:61 [INFO] 实际结果：69
[2023-02-01 16:44:36,548] logger_util.py->write_log line:61 [INFO] 接口请求成功！
[2023-02-01 16:44:36,548] logger_util.py->write_log line:61 [INFO] -------------接口请求结束-----------

[2023-02-01 16:44:36,553] logger_util.py->write_log line:61 [INFO] -------------接口请求开始-----------
[2023-02-01 16:44:36,553] logger_util.py->write_log line:61 [INFO] 接口名称：新建工程18
[2023-02-01 16:44:36,553] logger_util.py->write_log line:61 [INFO] 接口方式：post
[2023-02-01 16:44:36,553] logger_util.py->write_log line:61 [INFO] 接口路径：http://192.168.4.191:18000/api/v1/project/node
[2023-02-01 16:44:36,553] logger_util.py->write_log line:61 [INFO] 请求头：{'Content-Type': 'application/json;charset=UTF-8'}
[2023-02-01 16:44:36,553] logger_util.py->write_log line:61 [INFO] 请求参数：{'name': '工程18', 'path': 'E:\\APP\\CMS201', 'type': 1, 'parentId': 0}
[2023-02-01 16:44:36,553] logger_util.py->write_log line:61 [INFO] 文件上传：None
[2023-02-01 16:44:36,737] logger_util.py->write_log line:61 [INFO] 预期结果：[{'equals': {'status_code': 200}}]
[2023-02-01 16:44:36,737] logger_util.py->write_log line:61 [INFO] 实际结果：70
[2023-02-01 16:44:36,737] logger_util.py->write_log line:61 [INFO] 接口请求成功！
[2023-02-01 16:44:36,737] logger_util.py->write_log line:61 [INFO] -------------接口请求结束-----------

[2023-02-01 16:44:36,742] logger_util.py->write_log line:61 [INFO] -------------接口请求开始-----------
[2023-02-01 16:44:36,742] logger_util.py->write_log line:61 [INFO] 接口名称：新建工程19
[2023-02-01 16:44:36,742] logger_util.py->write_log line:61 [INFO] 接口方式：post
[2023-02-01 16:44:36,742] logger_util.py->write_log line:61 [INFO] 接口路径：http://192.168.4.191:18000/api/v1/project/node
[2023-02-01 16:44:36,742] logger_util.py->write_log line:61 [INFO] 请求头：{'Content-Type': 'application/json;charset=UTF-8'}
[2023-02-01 16:44:36,742] logger_util.py->write_log line:61 [INFO] 请求参数：{'name': '工程19', 'path': 'E:\\APP\\CMS201', 'type': 1, 'parentId': 0}
[2023-02-01 16:44:36,742] logger_util.py->write_log line:61 [INFO] 文件上传：None
[2023-02-01 16:44:36,948] logger_util.py->write_log line:61 [INFO] 预期结果：[{'equals': {'status_code': 200}}]
[2023-02-01 16:44:36,948] logger_util.py->write_log line:61 [INFO] 实际结果：71
[2023-02-01 16:44:36,949] logger_util.py->write_log line:61 [INFO] 接口请求成功！
[2023-02-01 16:44:36,949] logger_util.py->write_log line:61 [INFO] -------------接口请求结束-----------

[2023-02-01 16:44:36,953] logger_util.py->write_log line:61 [INFO] -------------接口请求开始-----------
[2023-02-01 16:44:36,953] logger_util.py->write_log line:61 [INFO] 接口名称：新建工程20
[2023-02-01 16:44:36,953] logger_util.py->write_log line:61 [INFO] 接口方式：post
[2023-02-01 16:44:36,953] logger_util.py->write_log line:61 [INFO] 接口路径：http://192.168.4.191:18000/api/v1/project/node
[2023-02-01 16:44:36,953] logger_util.py->write_log line:61 [INFO] 请求头：{'Content-Type': 'application/json;charset=UTF-8'}
[2023-02-01 16:44:36,954] logger_util.py->write_log line:61 [INFO] 请求参数：{'name': '工程20', 'path': 'E:\\APP\\CMS201', 'type': 1, 'parentId': 0}
[2023-02-01 16:44:36,954] logger_util.py->write_log line:61 [INFO] 文件上传：None
