[2023-06-02 15:03:17,283] logger_util.py->write_log line:61 [INFO] -------------接口请求开始-----------
[2023-06-02 15:03:17,284] logger_util.py->write_log line:61 [INFO] 接口名称：设置聚合表触发配置--变量触发
[2023-06-02 15:03:17,284] logger_util.py->write_log line:61 [INFO] 接口方式：put
[2023-06-02 15:03:17,284] logger_util.py->write_log line:61 [INFO] 接口路径：http://127.0.0.1:18000/api/v1/dataconfig/aggregatetable/39beb9fa-a60d-4379-8376-9b13863b9442/triggers
[2023-06-02 15:03:17,284] logger_util.py->write_log line:61 [INFO] 请求头：{'Content-Type': 'application/json;charset=UTF-8', 'X-Project': '83d42c5d5ad141bba528b7690b19996e'}
[2023-06-02 15:03:17,305] logger_util.py->write_log line:61 [INFO] 请求参数：{'realTime': False, 'triggers': [{'effectiveDateTime': 'null', 'frequencyValue': 1, 'frequencyUnit': 1, 'matchAll': False, 'condition': 'G1 ==  true', 'conditionDetail': 1, 'frequencyCheck': False, 'triggerType': 2}]}
[2023-06-02 15:03:17,305] logger_util.py->write_log line:61 [INFO] 文件上传：None
[2023-06-02 15:03:17,551] logger_util.py->write_log line:61 [INFO] 预期结果：[{'equals': {'status_code': 200}}]
[2023-06-02 15:03:17,551] logger_util.py->write_log line:61 [INFO] 实际结果：
[2023-06-02 15:03:17,551] logger_util.py->write_log line:61 [INFO] 接口请求成功！
[2023-06-02 15:03:17,551] logger_util.py->write_log line:61 [INFO] -------------接口请求结束-----------

[2023-06-02 15:03:17,557] logger_util.py->write_log line:61 [INFO] -------------接口请求开始-----------
[2023-06-02 15:03:17,557] logger_util.py->write_log line:61 [INFO] 接口名称：设置聚合表触发配置--变量触发
[2023-06-02 15:03:17,557] logger_util.py->write_log line:61 [INFO] 接口方式：put
[2023-06-02 15:03:17,557] logger_util.py->write_log line:61 [INFO] 接口路径：http://127.0.0.1:18000/api/v1/dataconfig/aggregatetable/39beb9fa-a60d-4379-8376-9b13863b9442/triggers
[2023-06-02 15:03:17,558] logger_util.py->write_log line:61 [INFO] 请求头：{'Content-Type': 'application/json;charset=UTF-8', 'X-Project': '83d42c5d5ad141bba528b7690b19996e'}
[2023-06-02 15:03:17,558] logger_util.py->write_log line:61 [INFO] 请求参数：{'realTime': False, 'triggers': [{'effectiveDateTime': '', 'frequencyValue': 1, 'frequencyUnit': 1, 'matchAll': False, 'condition': 'G1 ==  true', 'conditionDetail': 2, 'frequencyCheck': False, 'triggerType': 2}]}
[2023-06-02 15:03:17,558] logger_util.py->write_log line:61 [INFO] 文件上传：None
[2023-06-02 15:03:17,918] logger_util.py->write_log line:61 [INFO] 预期结果：[{'equals': {'status_code': 200}}]
[2023-06-02 15:03:17,918] logger_util.py->write_log line:61 [INFO] 实际结果：
[2023-06-02 15:03:17,918] logger_util.py->write_log line:61 [INFO] 接口请求成功！
[2023-06-02 15:03:17,918] logger_util.py->write_log line:61 [INFO] -------------接口请求结束-----------

[2023-06-02 15:03:17,924] logger_util.py->write_log line:61 [INFO] -------------接口请求开始-----------
[2023-06-02 15:03:17,924] logger_util.py->write_log line:61 [INFO] 接口名称：设置聚合表触发配置--变量触发
[2023-06-02 15:03:17,924] logger_util.py->write_log line:61 [INFO] 接口方式：put
[2023-06-02 15:03:17,924] logger_util.py->write_log line:61 [INFO] 接口路径：http://127.0.0.1:18000/api/v1/dataconfig/aggregatetable/39beb9fa-a60d-4379-8376-9b13863b9442/triggers
[2023-06-02 15:03:17,924] logger_util.py->write_log line:61 [INFO] 请求头：{'Content-Type': 'application/json;charset=UTF-8', 'X-Project': '83d42c5d5ad141bba528b7690b19996e'}
[2023-06-02 15:03:17,924] logger_util.py->write_log line:61 [INFO] 请求参数：{'realTime': False, 'triggers': [{'effectiveDateTime': '', 'frequencyValue': 1, 'frequencyUnit': 1, 'matchAll': False, 'condition': 'G1 ==  true', 'conditionDetail': 3, 'frequencyCheck': False, 'triggerType': 2}]}
[2023-06-02 15:03:17,925] logger_util.py->write_log line:61 [INFO] 文件上传：None
[2023-06-02 15:03:18,117] logger_util.py->write_log line:61 [INFO] 预期结果：[{'equals': {'status_code': 200}}]
[2023-06-02 15:03:18,117] logger_util.py->write_log line:61 [INFO] 实际结果：
[2023-06-02 15:03:18,118] logger_util.py->write_log line:61 [INFO] 接口请求成功！
[2023-06-02 15:03:18,118] logger_util.py->write_log line:61 [INFO] -------------接口请求结束-----------

[2023-06-02 15:03:18,123] logger_util.py->write_log line:61 [INFO] -------------接口请求开始-----------
[2023-06-02 15:03:18,123] logger_util.py->write_log line:61 [INFO] 接口名称：设置聚合表触发配置--变量触发
[2023-06-02 15:03:18,123] logger_util.py->write_log line:61 [INFO] 接口方式：put
[2023-06-02 15:03:18,124] logger_util.py->write_log line:61 [INFO] 接口路径：http://127.0.0.1:18000/api/v1/dataconfig/aggregatetable/39beb9fa-a60d-4379-8376-9b13863b9442/triggers
[2023-06-02 15:03:18,124] logger_util.py->write_log line:61 [INFO] 请求头：{'Content-Type': 'application/json;charset=UTF-8', 'X-Project': '83d42c5d5ad141bba528b7690b19996e'}
[2023-06-02 15:03:18,124] logger_util.py->write_log line:61 [INFO] 请求参数：{'realTime': False, 'triggers': [{'effectiveDateTime': '', 'frequencyValue': 1, 'frequencyUnit': 1, 'matchAll': False, 'condition': 'G1 ==  true', 'conditionDetail': 1, 'frequencyCheck': True, 'triggerType': 2}]}
[2023-06-02 15:03:18,124] logger_util.py->write_log line:61 [INFO] 文件上传：None
[2023-06-02 15:03:18,408] logger_util.py->write_log line:61 [INFO] 预期结果：[{'equals': {'status_code': 200}}]
[2023-06-02 15:03:18,408] logger_util.py->write_log line:61 [INFO] 实际结果：
[2023-06-02 15:03:18,408] logger_util.py->write_log line:61 [INFO] 接口请求成功！
[2023-06-02 15:03:18,409] logger_util.py->write_log line:61 [INFO] -------------接口请求结束-----------

[2023-06-02 15:03:18,420] logger_util.py->write_log line:61 [INFO] -------------接口请求开始-----------
[2023-06-02 15:03:18,420] logger_util.py->write_log line:61 [INFO] 接口名称：设置聚合表触发配置--变量触发
[2023-06-02 15:03:18,420] logger_util.py->write_log line:61 [INFO] 接口方式：put
[2023-06-02 15:03:18,421] logger_util.py->write_log line:61 [INFO] 接口路径：http://127.0.0.1:18000/api/v1/dataconfig/aggregatetable/39beb9fa-a60d-4379-8376-9b13863b9442/triggers
[2023-06-02 15:03:18,421] logger_util.py->write_log line:61 [INFO] 请求头：{'Content-Type': 'application/json;charset=UTF-8', 'X-Project': '83d42c5d5ad141bba528b7690b19996e'}
[2023-06-02 15:03:18,421] logger_util.py->write_log line:61 [INFO] 请求参数：{'realTime': False, 'triggers': [{'effectiveDateTime': '', 'frequencyValue': 5, 'frequencyUnit': 2, 'matchAll': False, 'condition': 'G1 ==  true', 'conditionDetail': 1, 'frequencyCheck': True, 'triggerType': 2}]}
[2023-06-02 15:03:18,421] logger_util.py->write_log line:61 [INFO] 文件上传：None
[2023-06-02 15:03:18,643] logger_util.py->write_log line:61 [INFO] 预期结果：[{'equals': {'status_code': 200}}]
[2023-06-02 15:03:18,643] logger_util.py->write_log line:61 [INFO] 实际结果：
[2023-06-02 15:03:18,643] logger_util.py->write_log line:61 [INFO] 接口请求成功！
[2023-06-02 15:03:18,643] logger_util.py->write_log line:61 [INFO] -------------接口请求结束-----------

[2023-06-02 15:03:18,649] logger_util.py->write_log line:61 [INFO] -------------接口请求开始-----------
[2023-06-02 15:03:18,649] logger_util.py->write_log line:61 [INFO] 接口名称：设置聚合表触发配置--变量触发
[2023-06-02 15:03:18,650] logger_util.py->write_log line:61 [INFO] 接口方式：put
[2023-06-02 15:03:18,650] logger_util.py->write_log line:61 [INFO] 接口路径：http://127.0.0.1:18000/api/v1/dataconfig/aggregatetable/39beb9fa-a60d-4379-8376-9b13863b9442/triggers
[2023-06-02 15:03:18,650] logger_util.py->write_log line:61 [INFO] 请求头：{'Content-Type': 'application/json;charset=UTF-8', 'X-Project': '83d42c5d5ad141bba528b7690b19996e'}
[2023-06-02 15:03:18,650] logger_util.py->write_log line:61 [INFO] 请求参数：{'realTime': False, 'triggers': [{'effectiveDateTime': '', 'frequencyValue': 1, 'frequencyUnit': 3, 'matchAll': False, 'condition': 'G1 ==  true', 'conditionDetail': 1, 'frequencyCheck': True, 'triggerType': 2}]}
[2023-06-02 15:03:18,650] logger_util.py->write_log line:61 [INFO] 文件上传：None
[2023-06-02 15:03:18,859] logger_util.py->write_log line:61 [INFO] 预期结果：[{'equals': {'status_code': 200}}]
[2023-06-02 15:03:18,859] logger_util.py->write_log line:61 [INFO] 实际结果：
[2023-06-02 15:03:18,859] logger_util.py->write_log line:61 [INFO] 接口请求成功！
[2023-06-02 15:03:18,859] logger_util.py->write_log line:61 [INFO] -------------接口请求结束-----------

[2023-06-02 15:03:18,866] logger_util.py->write_log line:61 [INFO] -------------接口请求开始-----------
[2023-06-02 15:03:18,866] logger_util.py->write_log line:61 [INFO] 接口名称：设置聚合表触发配置--变量触发
[2023-06-02 15:03:18,866] logger_util.py->write_log line:61 [INFO] 接口方式：put
[2023-06-02 15:03:18,866] logger_util.py->write_log line:61 [INFO] 接口路径：http://127.0.0.1:18000/api/v1/dataconfig/aggregatetable/39beb9fa-a60d-4379-8376-9b13863b9442/triggers
[2023-06-02 15:03:18,866] logger_util.py->write_log line:61 [INFO] 请求头：{'Content-Type': 'application/json;charset=UTF-8', 'X-Project': '83d42c5d5ad141bba528b7690b19996e'}
[2023-06-02 15:03:18,866] logger_util.py->write_log line:61 [INFO] 请求参数：{'realTime': False, 'triggers': [{'effectiveDateTime': '', 'frequencyValue': 1, 'frequencyUnit': 4, 'matchAll': False, 'condition': 'G1 ==  true', 'conditionDetail': 1, 'frequencyCheck': True, 'triggerType': 2}]}
[2023-06-02 15:03:18,867] logger_util.py->write_log line:61 [INFO] 文件上传：None
[2023-06-02 15:03:19,184] logger_util.py->write_log line:61 [INFO] 预期结果：[{'equals': {'status_code': 200}}]
[2023-06-02 15:03:19,184] logger_util.py->write_log line:61 [INFO] 实际结果：
[2023-06-02 15:03:19,185] logger_util.py->write_log line:61 [INFO] 接口请求成功！
[2023-06-02 15:03:19,185] logger_util.py->write_log line:61 [INFO] -------------接口请求结束-----------

[2023-06-02 15:03:19,190] logger_util.py->write_log line:61 [INFO] -------------接口请求开始-----------
[2023-06-02 15:03:19,190] logger_util.py->write_log line:61 [INFO] 接口名称：设置聚合表触发配置--变量触发
[2023-06-02 15:03:19,191] logger_util.py->write_log line:61 [INFO] 接口方式：put
[2023-06-02 15:03:19,191] logger_util.py->write_log line:61 [INFO] 接口路径：http://127.0.0.1:18000/api/v1/dataconfig/aggregatetable/39beb9fa-a60d-4379-8376-9b13863b9442/triggers
[2023-06-02 15:03:19,191] logger_util.py->write_log line:61 [INFO] 请求头：{'Content-Type': 'application/json;charset=UTF-8', 'X-Project': '83d42c5d5ad141bba528b7690b19996e'}
[2023-06-02 15:03:19,191] logger_util.py->write_log line:61 [INFO] 请求参数：{'realTime': False, 'triggers': [{'effectiveDateTime': '', 'frequencyValue': 36, 'frequencyUnit': 5, 'matchAll': False, 'condition': 'G1 ==  true', 'conditionDetail': 1, 'frequencyCheck': True, 'triggerType': 2}]}
[2023-06-02 15:03:19,191] logger_util.py->write_log line:61 [INFO] 文件上传：None
[2023-06-02 15:03:19,401] logger_util.py->write_log line:61 [INFO] 预期结果：[{'equals': {'status_code': 200}}]
[2023-06-02 15:03:19,401] logger_util.py->write_log line:61 [INFO] 实际结果：
[2023-06-02 15:03:19,401] logger_util.py->write_log line:61 [INFO] 接口请求成功！
[2023-06-02 15:03:19,401] logger_util.py->write_log line:61 [INFO] -------------接口请求结束-----------

[2023-06-02 15:03:19,409] logger_util.py->write_log line:61 [INFO] -------------接口请求开始-----------
[2023-06-02 15:03:19,409] logger_util.py->write_log line:61 [INFO] 接口名称：设置聚合表触发配置--变量触发
[2023-06-02 15:03:19,409] logger_util.py->write_log line:61 [INFO] 接口方式：put
[2023-06-02 15:03:19,410] logger_util.py->write_log line:61 [INFO] 接口路径：http://127.0.0.1:18000/api/v1/dataconfig/aggregatetable/39beb9fa-a60d-4379-8376-9b13863b9442/triggers
[2023-06-02 15:03:19,410] logger_util.py->write_log line:61 [INFO] 请求头：{'Content-Type': 'application/json;charset=UTF-8', 'X-Project': '83d42c5d5ad141bba528b7690b19996e'}
[2023-06-02 15:03:19,410] logger_util.py->write_log line:61 [INFO] 请求参数：{'realTime': False, 'triggers': [{'effectiveDateTime': '', 'frequencyValue': 1, 'frequencyUnit': 1, 'matchAll': False, 'condition': "G1 ==  true ||  H1 != '中文'", 'conditionDetail': 1, 'frequencyCheck': False, 'triggerType': 2}]}
[2023-06-02 15:03:19,410] logger_util.py->write_log line:61 [INFO] 文件上传：None
[2023-06-02 15:03:19,620] logger_util.py->write_log line:61 [INFO] 预期结果：[{'equals': {'status_code': 200}}]
[2023-06-02 15:03:19,621] logger_util.py->write_log line:61 [INFO] 实际结果：
[2023-06-02 15:03:19,621] logger_util.py->write_log line:61 [INFO] 接口请求成功！
[2023-06-02 15:03:19,621] logger_util.py->write_log line:61 [INFO] -------------接口请求结束-----------

[2023-06-02 15:03:19,642] logger_util.py->write_log line:61 [INFO] -------------接口请求开始-----------
[2023-06-02 15:03:19,642] logger_util.py->write_log line:61 [INFO] 接口名称：设置聚合表触发配置--变量触发
[2023-06-02 15:03:19,642] logger_util.py->write_log line:61 [INFO] 接口方式：put
[2023-06-02 15:03:19,642] logger_util.py->write_log line:61 [INFO] 接口路径：http://127.0.0.1:18000/api/v1/dataconfig/aggregatetable/39beb9fa-a60d-4379-8376-9b13863b9442/triggers
[2023-06-02 15:03:19,642] logger_util.py->write_log line:61 [INFO] 请求头：{'Content-Type': 'application/json;charset=UTF-8', 'X-Project': '83d42c5d5ad141bba528b7690b19996e'}
[2023-06-02 15:03:19,642] logger_util.py->write_log line:61 [INFO] 请求参数：{'realTime': False, 'triggers': [{'effectiveDateTime': '', 'frequencyValue': 1, 'frequencyUnit': 1, 'matchAll': False, 'condition': 'A1 + B1)  <=  0 ||  (A1 - B1) <= 0', 'conditionDetail': 1, 'frequencyCheck': False, 'triggerType': 2}]}
[2023-06-02 15:03:19,643] logger_util.py->write_log line:61 [INFO] 文件上传：None
[2023-06-02 15:03:19,959] logger_util.py->write_log line:61 [INFO] 预期结果：[{'equals': {'status_code': 200}}]
[2023-06-02 15:03:19,959] logger_util.py->write_log line:61 [INFO] 实际结果：
[2023-06-02 15:03:19,960] logger_util.py->write_log line:61 [INFO] 接口请求成功！
[2023-06-02 15:03:19,960] logger_util.py->write_log line:61 [INFO] -------------接口请求结束-----------

[2023-06-02 15:03:19,965] logger_util.py->write_log line:61 [INFO] -------------接口请求开始-----------
[2023-06-02 15:03:19,965] logger_util.py->write_log line:61 [INFO] 接口名称：设置聚合表触发配置--变量触发
[2023-06-02 15:03:19,965] logger_util.py->write_log line:61 [INFO] 接口方式：put
[2023-06-02 15:03:19,965] logger_util.py->write_log line:61 [INFO] 接口路径：http://127.0.0.1:18000/api/v1/dataconfig/aggregatetable/39beb9fa-a60d-4379-8376-9b13863b9442/triggers
[2023-06-02 15:03:19,965] logger_util.py->write_log line:61 [INFO] 请求头：{'Content-Type': 'application/json;charset=UTF-8', 'X-Project': '83d42c5d5ad141bba528b7690b19996e'}
[2023-06-02 15:03:19,965] logger_util.py->write_log line:61 [INFO] 请求参数：{'realTime': False, 'triggers': [{'effectiveDateTime': '', 'frequencyValue': 1, 'frequencyUnit': 1, 'matchAll': False, 'condition': '(A1 * B1) > 0 &&  (A1 / B1)>0', 'conditionDetail': 1, 'frequencyCheck': False, 'triggerType': 2}]}
[2023-06-02 15:03:19,966] logger_util.py->write_log line:61 [INFO] 文件上传：None
[2023-06-02 15:03:20,168] logger_util.py->write_log line:61 [INFO] 预期结果：[{'equals': {'status_code': 200}}]
[2023-06-02 15:03:20,168] logger_util.py->write_log line:61 [INFO] 实际结果：
[2023-06-02 15:03:20,168] logger_util.py->write_log line:61 [INFO] 接口请求成功！
[2023-06-02 15:03:20,168] logger_util.py->write_log line:61 [INFO] -------------接口请求结束-----------

[2023-06-02 15:03:20,174] logger_util.py->write_log line:61 [INFO] -------------接口请求开始-----------
[2023-06-02 15:03:20,174] logger_util.py->write_log line:61 [INFO] 接口名称：设置聚合表触发配置--定时触发
[2023-06-02 15:03:20,175] logger_util.py->write_log line:61 [INFO] 接口方式：put
[2023-06-02 15:03:20,175] logger_util.py->write_log line:61 [INFO] 接口路径：http://127.0.0.1:18000/api/v1/dataconfig/aggregatetable/39beb9fa-a60d-4379-8376-9b13863b9442/triggers
[2023-06-02 15:03:20,175] logger_util.py->write_log line:61 [INFO] 请求头：{'Content-Type': 'application/json;charset=UTF-8', 'X-Project': '83d42c5d5ad141bba528b7690b19996e'}
[2023-06-02 15:03:20,175] logger_util.py->write_log line:61 [INFO] 请求参数：{'realTime': False, 'triggers': [{'effectiveDateTime': '2023-05-22T06:15:31.000Z', 'frequencyValue': 1, 'frequencyUnit': 1, 'matchAll': False, 'condition': '', 'conditionDetail': 1, 'frequencyCheck': False, 'triggerType': 1}]}
[2023-06-02 15:03:20,175] logger_util.py->write_log line:61 [INFO] 文件上传：None
[2023-06-02 15:03:20,385] logger_util.py->write_log line:61 [INFO] 预期结果：[{'equals': {'status_code': 200}}]
[2023-06-02 15:03:20,385] logger_util.py->write_log line:61 [INFO] 实际结果：
[2023-06-02 15:03:20,385] logger_util.py->write_log line:61 [INFO] 接口请求成功！
[2023-06-02 15:03:20,385] logger_util.py->write_log line:61 [INFO] -------------接口请求结束-----------

[2023-06-02 15:03:20,397] logger_util.py->write_log line:61 [INFO] -------------接口请求开始-----------
[2023-06-02 15:03:20,397] logger_util.py->write_log line:61 [INFO] 接口名称：设置聚合表触发配置--定时触发
[2023-06-02 15:03:20,397] logger_util.py->write_log line:61 [INFO] 接口方式：put
[2023-06-02 15:03:20,398] logger_util.py->write_log line:61 [INFO] 接口路径：http://127.0.0.1:18000/api/v1/dataconfig/aggregatetable/39beb9fa-a60d-4379-8376-9b13863b9442/triggers
[2023-06-02 15:03:20,398] logger_util.py->write_log line:61 [INFO] 请求头：{'Content-Type': 'application/json;charset=UTF-8', 'X-Project': '83d42c5d5ad141bba528b7690b19996e'}
[2023-06-02 15:03:20,398] logger_util.py->write_log line:61 [INFO] 请求参数：{'realTime': False, 'triggers': [{'effectiveDateTime': '2023-05-22T06:15:31.000Z', 'frequencyValue': 5, 'frequencyUnit': 2, 'matchAll': False, 'condition': '', 'conditionDetail': 1, 'frequencyCheck': False, 'triggerType': 1}]}
[2023-06-02 15:03:20,398] logger_util.py->write_log line:61 [INFO] 文件上传：None
[2023-06-02 15:03:20,692] logger_util.py->write_log line:61 [INFO] 预期结果：[{'equals': {'status_code': 200}}]
[2023-06-02 15:03:20,693] logger_util.py->write_log line:61 [INFO] 实际结果：
[2023-06-02 15:03:20,693] logger_util.py->write_log line:61 [INFO] 接口请求成功！
[2023-06-02 15:03:20,693] logger_util.py->write_log line:61 [INFO] -------------接口请求结束-----------

[2023-06-02 15:03:20,698] logger_util.py->write_log line:61 [INFO] -------------接口请求开始-----------
[2023-06-02 15:03:20,698] logger_util.py->write_log line:61 [INFO] 接口名称：设置聚合表触发配置--定时触发
[2023-06-02 15:03:20,698] logger_util.py->write_log line:61 [INFO] 接口方式：put
[2023-06-02 15:03:20,699] logger_util.py->write_log line:61 [INFO] 接口路径：http://127.0.0.1:18000/api/v1/dataconfig/aggregatetable/39beb9fa-a60d-4379-8376-9b13863b9442/triggers
[2023-06-02 15:03:20,699] logger_util.py->write_log line:61 [INFO] 请求头：{'Content-Type': 'application/json;charset=UTF-8', 'X-Project': '83d42c5d5ad141bba528b7690b19996e'}
[2023-06-02 15:03:20,699] logger_util.py->write_log line:61 [INFO] 请求参数：{'realTime': False, 'triggers': [{'effectiveDateTime': '2023-05-22T06:15:31.000Z', 'frequencyValue': 1, 'frequencyUnit': 3, 'matchAll': False, 'condition': '', 'conditionDetail': 1, 'frequencyCheck': False, 'triggerType': 1}]}
[2023-06-02 15:03:20,699] logger_util.py->write_log line:61 [INFO] 文件上传：None
[2023-06-02 15:03:20,903] logger_util.py->write_log line:61 [INFO] 预期结果：[{'equals': {'status_code': 200}}]
[2023-06-02 15:03:20,904] logger_util.py->write_log line:61 [INFO] 实际结果：
[2023-06-02 15:03:20,904] logger_util.py->write_log line:61 [INFO] 接口请求成功！
[2023-06-02 15:03:20,904] logger_util.py->write_log line:61 [INFO] -------------接口请求结束-----------

[2023-06-02 15:03:20,924] logger_util.py->write_log line:61 [INFO] -------------接口请求开始-----------
[2023-06-02 15:03:20,925] logger_util.py->write_log line:61 [INFO] 接口名称：设置聚合表触发配置--定时触发
[2023-06-02 15:03:20,925] logger_util.py->write_log line:61 [INFO] 接口方式：put
[2023-06-02 15:03:20,925] logger_util.py->write_log line:61 [INFO] 接口路径：http://127.0.0.1:18000/api/v1/dataconfig/aggregatetable/39beb9fa-a60d-4379-8376-9b13863b9442/triggers
[2023-06-02 15:03:20,925] logger_util.py->write_log line:61 [INFO] 请求头：{'Content-Type': 'application/json;charset=UTF-8', 'X-Project': '83d42c5d5ad141bba528b7690b19996e'}
[2023-06-02 15:03:20,925] logger_util.py->write_log line:61 [INFO] 请求参数：{'realTime': False, 'triggers': [{'effectiveDateTime': '2023-05-22T06:15:31.000Z', 'frequencyValue': 1, 'frequencyUnit': 4, 'matchAll': False, 'condition': '', 'conditionDetail': 1, 'frequencyCheck': False, 'triggerType': 1}]}
[2023-06-02 15:03:20,926] logger_util.py->write_log line:61 [INFO] 文件上传：None
[2023-06-02 15:03:21,109] logger_util.py->write_log line:61 [INFO] 预期结果：[{'equals': {'status_code': 200}}]
[2023-06-02 15:03:21,109] logger_util.py->write_log line:61 [INFO] 实际结果：
[2023-06-02 15:03:21,109] logger_util.py->write_log line:61 [INFO] 接口请求成功！
[2023-06-02 15:03:21,109] logger_util.py->write_log line:61 [INFO] -------------接口请求结束-----------

[2023-06-02 15:03:21,115] logger_util.py->write_log line:61 [INFO] -------------接口请求开始-----------
[2023-06-02 15:03:21,115] logger_util.py->write_log line:61 [INFO] 接口名称：设置聚合表触发配置--定时触发
[2023-06-02 15:03:21,115] logger_util.py->write_log line:61 [INFO] 接口方式：put
[2023-06-02 15:03:21,115] logger_util.py->write_log line:61 [INFO] 接口路径：http://127.0.0.1:18000/api/v1/dataconfig/aggregatetable/39beb9fa-a60d-4379-8376-9b13863b9442/triggers
[2023-06-02 15:03:21,115] logger_util.py->write_log line:61 [INFO] 请求头：{'Content-Type': 'application/json;charset=UTF-8', 'X-Project': '83d42c5d5ad141bba528b7690b19996e'}
[2023-06-02 15:03:21,115] logger_util.py->write_log line:61 [INFO] 请求参数：{'realTime': False, 'triggers': [{'effectiveDateTime': '2023-05-22T06:15:31.000Z', 'frequencyValue': 36, 'frequencyUnit': 5, 'matchAll': False, 'condition': '', 'conditionDetail': 1, 'frequencyCheck': False, 'triggerType': 1}]}
[2023-06-02 15:03:21,115] logger_util.py->write_log line:61 [INFO] 文件上传：None
[2023-06-02 15:03:21,403] logger_util.py->write_log line:61 [INFO] 预期结果：[{'equals': {'status_code': 200}}]
[2023-06-02 15:03:21,403] logger_util.py->write_log line:61 [INFO] 实际结果：
[2023-06-02 15:03:21,404] logger_util.py->write_log line:61 [INFO] 接口请求成功！
[2023-06-02 15:03:21,404] logger_util.py->write_log line:61 [INFO] -------------接口请求结束-----------

[2023-06-02 15:03:21,412] logger_util.py->write_log line:61 [INFO] -------------接口请求开始-----------
[2023-06-02 15:03:21,413] logger_util.py->write_log line:61 [INFO] 接口名称：设置聚合表触发配置--定时触发
[2023-06-02 15:03:21,413] logger_util.py->write_log line:61 [INFO] 接口方式：put
[2023-06-02 15:03:21,413] logger_util.py->write_log line:61 [INFO] 接口路径：http://127.0.0.1:18000/api/v1/dataconfig/aggregatetable/39beb9fa-a60d-4379-8376-9b13863b9442/triggers
[2023-06-02 15:03:21,413] logger_util.py->write_log line:61 [INFO] 请求头：{'Content-Type': 'application/json;charset=UTF-8', 'X-Project': '83d42c5d5ad141bba528b7690b19996e'}
[2023-06-02 15:03:21,413] logger_util.py->write_log line:61 [INFO] 请求参数：{'realTime': False, 'triggers': [{'effectiveDateTime': '2023-05-22T06:15:31.000Z', 'frequencyValue': 1, 'frequencyUnit': 1, 'matchAll': True, 'condition': "G1 ==  true ||  H1 != '中文'", 'conditionDetail': 1, 'frequencyCheck': False, 'triggerType': 1}]}
[2023-06-02 15:03:21,413] logger_util.py->write_log line:61 [INFO] 文件上传：None
[2023-06-02 15:03:21,597] logger_util.py->write_log line:61 [INFO] 预期结果：[{'equals': {'status_code': 200}}]
[2023-06-02 15:03:21,598] logger_util.py->write_log line:61 [INFO] 实际结果：
[2023-06-02 15:03:21,598] logger_util.py->write_log line:61 [INFO] 接口请求成功！
[2023-06-02 15:03:21,599] logger_util.py->write_log line:61 [INFO] -------------接口请求结束-----------

[2023-06-02 15:03:21,614] logger_util.py->write_log line:61 [INFO] -------------接口请求开始-----------
[2023-06-02 15:03:21,614] logger_util.py->write_log line:61 [INFO] 接口名称：设置聚合表触发配置--定时触发
[2023-06-02 15:03:21,614] logger_util.py->write_log line:61 [INFO] 接口方式：put
[2023-06-02 15:03:21,614] logger_util.py->write_log line:61 [INFO] 接口路径：http://127.0.0.1:18000/api/v1/dataconfig/aggregatetable/39beb9fa-a60d-4379-8376-9b13863b9442/triggers
[2023-06-02 15:03:21,614] logger_util.py->write_log line:61 [INFO] 请求头：{'Content-Type': 'application/json;charset=UTF-8', 'X-Project': '83d42c5d5ad141bba528b7690b19996e'}
[2023-06-02 15:03:21,614] logger_util.py->write_log line:61 [INFO] 请求参数：{'realTime': False, 'triggers': [{'effectiveDateTime': '2023-05-22T06:15:31.000Z', 'frequencyValue': 1, 'frequencyUnit': 1, 'matchAll': True, 'condition': 'A1 + B1)  <=  0 ||  (A1 - B1) <= 0', 'conditionDetail': 1, 'frequencyCheck': False, 'triggerType': 1}]}
[2023-06-02 15:03:21,614] logger_util.py->write_log line:61 [INFO] 文件上传：None
[2023-06-02 15:03:21,867] logger_util.py->write_log line:61 [INFO] 预期结果：[{'equals': {'status_code': 200}}]
[2023-06-02 15:03:21,867] logger_util.py->write_log line:61 [INFO] 实际结果：
[2023-06-02 15:03:21,867] logger_util.py->write_log line:61 [INFO] 接口请求成功！
[2023-06-02 15:03:21,867] logger_util.py->write_log line:61 [INFO] -------------接口请求结束-----------

[2023-06-02 15:03:21,873] logger_util.py->write_log line:61 [INFO] -------------接口请求开始-----------
[2023-06-02 15:03:21,873] logger_util.py->write_log line:61 [INFO] 接口名称：设置聚合表触发配置--定时触发
[2023-06-02 15:03:21,873] logger_util.py->write_log line:61 [INFO] 接口方式：put
[2023-06-02 15:03:21,874] logger_util.py->write_log line:61 [INFO] 接口路径：http://127.0.0.1:18000/api/v1/dataconfig/aggregatetable/39beb9fa-a60d-4379-8376-9b13863b9442/triggers
[2023-06-02 15:03:21,874] logger_util.py->write_log line:61 [INFO] 请求头：{'Content-Type': 'application/json;charset=UTF-8', 'X-Project': '83d42c5d5ad141bba528b7690b19996e'}
[2023-06-02 15:03:21,874] logger_util.py->write_log line:61 [INFO] 请求参数：{'realTime': False, 'triggers': [{'effectiveDateTime': '2023-05-22T06:15:31.000Z', 'frequencyValue': 1, 'frequencyUnit': 1, 'matchAll': True, 'condition': '(A1 * B1) > 0 &&  (A1 / B1)>0', 'conditionDetail': 1, 'frequencyCheck': False, 'triggerType': 1}]}
[2023-06-02 15:03:21,874] logger_util.py->write_log line:61 [INFO] 文件上传：None
[2023-06-02 15:03:22,095] logger_util.py->write_log line:61 [INFO] 预期结果：[{'equals': {'status_code': 200}}]
[2023-06-02 15:03:22,096] logger_util.py->write_log line:61 [INFO] 实际结果：
[2023-06-02 15:03:22,096] logger_util.py->write_log line:61 [INFO] 接口请求成功！
[2023-06-02 15:03:22,096] logger_util.py->write_log line:61 [INFO] -------------接口请求结束-----------

