[2023-05-25 14:00:53,993] logger_util.py->write_log line:61 [INFO] -------------接口请求开始-----------
[2023-05-25 14:00:53,993] logger_util.py->write_log line:61 [INFO] 接口名称：创建归档表
[2023-05-25 14:00:53,993] logger_util.py->write_log line:61 [INFO] 接口方式：post
[2023-05-25 14:00:53,993] logger_util.py->write_log line:61 [INFO] 接口路径：http://192.168.4.12:18000/api/v1/dataconfig/filingtable
[2023-05-25 14:00:53,993] logger_util.py->write_log line:61 [INFO] 请求头：{'Content-Type': 'application/json;charset=UTF-8', 'X-Project': 'b32d81056e124620b809e92f49cdf3d4'}
[2023-05-25 14:00:53,994] logger_util.py->write_log line:61 [INFO] 请求参数：{'folderId': '00000000-0000-0000-0000-000000000000', 'name': '归档表55', 'sort': 2}
[2023-05-25 14:00:53,994] logger_util.py->write_log line:61 [INFO] 文件上传：None
[2023-05-25 14:00:54,197] logger_util.py->write_log line:61 [INFO] 预期结果：[{'equals': {'status_code': 200}}, {'equals': {'sort': 2}}, {'contains': 'id'}]
[2023-05-25 14:00:54,197] logger_util.py->write_log line:61 [INFO] 实际结果：{'id': '7bc617b6-5e6b-4437-8d15-8c1826f4f305', 'folderId': '00000000-0000-0000-0000-000000000000', 'name': '归档表55', 'sort': 2, 'createDateTime': '2023-05-25T14:00:54.1391921+08:00', 'operationTypes': [1, 2, 3, 4], 'functionTypes': [1, 2, 3, 4], 'extendedHeaders': ['记录时间'], 'cacheConfig_EnableCache': False, 'cacheConfig_QuantityLimit': 0, 'cacheConfig_TimeSpanLimit': 0, 'cacheConfig_TimeSpanLimitUnit': 0, 'cacheConfig_ClearCache': '', 'storageConfig_ScheduledClear': False, 'storageConfig_ClearTriggerTime': None, 'storageConfig_ClearFrequency': 0, 'storageConfig_ClearFrequencyUnit': 0, 'storageConfig_ClearRetain': 0, 'storageConfig_ClearRetainUnit': 0, 'storageConfig_ScheduledBackup': False, 'storageConfig_BackupTriggerTime': None, 'storageConfig_BackupFrequency': 0, 'storageConfig_BackupFrequencyUnit': 0, 'storageConfig_BackupPath': ''}
[2023-05-25 14:00:54,197] logger_util.py->write_log line:61 [INFO] 接口请求成功！
[2023-05-25 14:00:54,198] logger_util.py->write_log line:61 [INFO] -------------接口请求结束-----------

[2023-05-25 14:00:54,209] logger_util.py->write_log line:61 [INFO] -------------接口请求开始-----------
[2023-05-25 14:00:54,209] logger_util.py->write_log line:61 [INFO] 接口名称：设置归档表字段配置
[2023-05-25 14:00:54,209] logger_util.py->write_log line:61 [INFO] 接口方式：put
[2023-05-25 14:00:54,210] logger_util.py->write_log line:61 [INFO] 接口路径：http://192.168.4.12:18000/api/v1/dataconfig/filingtable/7bc617b6-5e6b-4437-8d15-8c1826f4f305/fields
[2023-05-25 14:00:54,210] logger_util.py->write_log line:61 [INFO] 请求头：{'Content-Type': 'application/json; =UTF-8', 'X-Project': 'b32d81056e124620b809e92f49cdf3d4'}
[2023-05-25 14:00:54,210] logger_util.py->write_log line:61 [INFO] 请求参数：[{'fieldName': 'A1', 'fieldType': 1, 'associatedVariable': 'A1', 'formula': ' ', 'id': 'FTF086088ab1505490f8ed852c5e4e273cd'}, {'fieldName': 'B1', 'fieldType': 1, 'associatedVariable': 'B1', 'formula': ' ', 'id': 'FTF7282c9f1992840e08bb49350154c2820'}, {'fieldName': 'G1', 'fieldType': 1, 'associatedVariable': 'G1', 'formula': ' ', 'id': 'FTF3be4a9790f994d468b5ed055296f8848'}, {'fieldName': 'H1', 'fieldType': 2, 'associatedVariable': 'H1', 'formula': ' ', 'id': 'FTFa09b784d7b7d46cabeba669a99e545e8'}, {'fieldName': '系统时间', 'fieldType': 3, 'associatedVariable': 'DateTime', 'formula': ' ', 'id': 'FTF74b96b6994e246d49490e276e65746fd'}, {'fieldName': '函数时间', 'fieldType': 3, 'associatedVariable': ' ', 'formula': 'NOW(  )', 'id': 'FTFe605870885b64920a59ced0aa5a78442'}]
[2023-05-25 14:00:54,210] logger_util.py->write_log line:61 [INFO] 文件上传：None
[2023-05-25 14:00:55,569] logger_util.py->write_log line:61 [INFO] 预期结果：[{'equals': {'status_code': 200}}]
[2023-05-25 14:00:55,569] logger_util.py->write_log line:61 [INFO] 实际结果：
[2023-05-25 14:00:55,569] logger_util.py->write_log line:61 [INFO] 接口请求成功！
[2023-05-25 14:00:55,569] logger_util.py->write_log line:61 [INFO] -------------接口请求结束-----------

