[2023-08-25 10:57:07,268] logger_util.py->write_log line:61 [INFO] 
-------------接口请求开始-----------
[2023-08-25 10:57:07,269] logger_util.py->write_log line:61 [INFO] 接口名称：下发内部变量-aa1-二进制
[2023-08-25 10:57:07,269] logger_util.py->write_log line:61 [INFO] 接口方式：post
[2023-08-25 10:57:07,269] logger_util.py->write_log line:61 [INFO] 接口路径：http://127.0.0.1:18000/api/v1/variable/setvalues
[2023-08-25 10:57:07,269] logger_util.py->write_log line:61 [INFO] 请求头：{'X-Project': 'a68f8739e9094911b0f74421369649cb', 'Authorization': 'Bearer eyJhbGciOiJIUzI1NiIsInR5cCI6IkpXVCJ9.eyJodHRwOi8vc2NoZW1hcy54bWxzb2FwLm9yZy93cy8yMDA1LzA1L2lkZW50aXR5L2NsYWltcy9uYW1lIjoiU3VwZXJBZG1pbiIsImh0dHA6Ly9zY2hlbWFzLnhtbHNvYXAub3JnL3dzLzIwMDUvMDUvaWRlbnRpdHkvY2xhaW1zL25hbWVpZGVudGlmaWVyIjoiU3VwZXJBZG1pbiIsImV4cCI6MTY5MzQ1MTIxNSwiaXNzIjoiQ01TdjIiLCJhdWQiOiJBcGkifQ.gj3Q5rVSuyTzguP8vMuwVhc3w3UHSBpckDQcczgjy6s'}
[2023-08-25 10:57:07,269] logger_util.py->write_log line:61 [INFO] 请求参数：{'aa1': '1'}
[2023-08-25 10:57:07,269] logger_util.py->write_log line:61 [INFO] 文件上传：None
[2023-08-25 10:57:07,283] logger_util.py->error_log line:65 [INFO] 断言失败:allSuccess不等于True
[2023-08-25 10:57:07,283] logger_util.py->write_log line:61 [INFO] 实际结果：{'allSuccess': False, 'items': {'aa1': {'value': None, 'quality': 1, 'errorMsg': '写值失败'}}}
[2023-08-25 10:57:07,283] logger_util.py->write_log line:61 [INFO] 接口请求失败！
[2023-08-25 10:57:07,283] logger_util.py->write_log line:61 [INFO] -------------接口请求结束-----------

[2023-08-25 10:57:07,284] logger_util.py->error_log line:65 [INFO] 断言异常：异常信息: Traceback (most recent call last):
  File "E:\Project_python\api_cms\common\requests_util.py", line 368, in validate_result
    error_log("断言失败:" + assert_key + "不等于" + str(assert_value))
  File "E:\Project_python\api_cms\common\logger_util.py", line 66, in error_log
    raise Exception(log_message)
Exception: 断言失败:allSuccess不等于True

[2023-08-25 10:57:07,284] logger_util.py->error_log line:65 [INFO] 分析YAML文件异常：异常信息: Traceback (most recent call last):
  File "E:\Project_python\api_cms\common\requests_util.py", line 368, in validate_result
    error_log("断言失败:" + assert_key + "不等于" + str(assert_value))
  File "E:\Project_python\api_cms\common\logger_util.py", line 66, in error_log
    raise Exception(log_message)
Exception: 断言失败:allSuccess不等于True

During handling of the above exception, another exception occurred:

Traceback (most recent call last):
  File "E:\Project_python\api_cms\common\requests_util.py", line 238, in analysis_yaml
    self.validate_result(yq_result, return_data, status_code)
  File "E:\Project_python\api_cms\common\requests_util.py", line 413, in validate_result
    error_log("断言异常：异常信息: %s" % str(traceback.format_exc()))
  File "E:\Project_python\api_cms\common\logger_util.py", line 66, in error_log
    raise Exception(log_message)
Exception: 断言异常：异常信息: Traceback (most recent call last):
  File "E:\Project_python\api_cms\common\requests_util.py", line 368, in validate_result
    error_log("断言失败:" + assert_key + "不等于" + str(assert_value))
  File "E:\Project_python\api_cms\common\logger_util.py", line 66, in error_log
    raise Exception(log_message)
Exception: 断言失败:allSuccess不等于True


[2023-08-25 10:57:07,391] logger_util.py->write_log line:61 [INFO] 
-------------接口请求开始-----------
[2023-08-25 10:57:07,391] logger_util.py->write_log line:61 [INFO] 接口名称：下发内部变量-aa1-二进制
[2023-08-25 10:57:07,391] logger_util.py->write_log line:61 [INFO] 接口方式：post
[2023-08-25 10:57:07,391] logger_util.py->write_log line:61 [INFO] 接口路径：http://127.0.0.1:18000/api/v1/variable/setvalues
[2023-08-25 10:57:07,392] logger_util.py->write_log line:61 [INFO] 请求头：{'X-Project': 'a68f8739e9094911b0f74421369649cb', 'Authorization': 'Bearer eyJhbGciOiJIUzI1NiIsInR5cCI6IkpXVCJ9.eyJodHRwOi8vc2NoZW1hcy54bWxzb2FwLm9yZy93cy8yMDA1LzA1L2lkZW50aXR5L2NsYWltcy9uYW1lIjoiU3VwZXJBZG1pbiIsImh0dHA6Ly9zY2hlbWFzLnhtbHNvYXAub3JnL3dzLzIwMDUvMDUvaWRlbnRpdHkvY2xhaW1zL25hbWVpZGVudGlmaWVyIjoiU3VwZXJBZG1pbiIsImV4cCI6MTY5MzQ1MTIxNSwiaXNzIjoiQ01TdjIiLCJhdWQiOiJBcGkifQ.gj3Q5rVSuyTzguP8vMuwVhc3w3UHSBpckDQcczgjy6s'}
[2023-08-25 10:57:07,392] logger_util.py->write_log line:61 [INFO] 请求参数：{'aa1': 'true'}
[2023-08-25 10:57:07,392] logger_util.py->write_log line:61 [INFO] 文件上传：None
[2023-08-25 10:57:07,394] logger_util.py->error_log line:65 [INFO] 断言失败:allSuccess不等于True
[2023-08-25 10:57:07,394] logger_util.py->write_log line:61 [INFO] 实际结果：{'allSuccess': False, 'items': {'aa1': {'value': None, 'quality': 1, 'errorMsg': '写值失败'}}}
[2023-08-25 10:57:07,395] logger_util.py->write_log line:61 [INFO] 接口请求失败！
[2023-08-25 10:57:07,395] logger_util.py->write_log line:61 [INFO] -------------接口请求结束-----------

[2023-08-25 10:57:07,395] logger_util.py->error_log line:65 [INFO] 断言异常：异常信息: Traceback (most recent call last):
  File "E:\Project_python\api_cms\common\requests_util.py", line 368, in validate_result
    error_log("断言失败:" + assert_key + "不等于" + str(assert_value))
  File "E:\Project_python\api_cms\common\logger_util.py", line 66, in error_log
    raise Exception(log_message)
Exception: 断言失败:allSuccess不等于True

[2023-08-25 10:57:07,395] logger_util.py->error_log line:65 [INFO] 分析YAML文件异常：异常信息: Traceback (most recent call last):
  File "E:\Project_python\api_cms\common\requests_util.py", line 368, in validate_result
    error_log("断言失败:" + assert_key + "不等于" + str(assert_value))
  File "E:\Project_python\api_cms\common\logger_util.py", line 66, in error_log
    raise Exception(log_message)
Exception: 断言失败:allSuccess不等于True

During handling of the above exception, another exception occurred:

Traceback (most recent call last):
  File "E:\Project_python\api_cms\common\requests_util.py", line 238, in analysis_yaml
    self.validate_result(yq_result, return_data, status_code)
  File "E:\Project_python\api_cms\common\requests_util.py", line 413, in validate_result
    error_log("断言异常：异常信息: %s" % str(traceback.format_exc()))
  File "E:\Project_python\api_cms\common\logger_util.py", line 66, in error_log
    raise Exception(log_message)
Exception: 断言异常：异常信息: Traceback (most recent call last):
  File "E:\Project_python\api_cms\common\requests_util.py", line 368, in validate_result
    error_log("断言失败:" + assert_key + "不等于" + str(assert_value))
  File "E:\Project_python\api_cms\common\logger_util.py", line 66, in error_log
    raise Exception(log_message)
Exception: 断言失败:allSuccess不等于True


[2023-08-25 10:57:07,424] logger_util.py->write_log line:61 [INFO] 
-------------接口请求开始-----------
[2023-08-25 10:57:07,424] logger_util.py->write_log line:61 [INFO] 接口名称：下发内部变量-aa1-二进制
[2023-08-25 10:57:07,424] logger_util.py->write_log line:61 [INFO] 接口方式：post
[2023-08-25 10:57:07,424] logger_util.py->write_log line:61 [INFO] 接口路径：http://127.0.0.1:18000/api/v1/variable/setvalues
[2023-08-25 10:57:07,424] logger_util.py->write_log line:61 [INFO] 请求头：{'X-Project': 'a68f8739e9094911b0f74421369649cb', 'Authorization': 'Bearer eyJhbGciOiJIUzI1NiIsInR5cCI6IkpXVCJ9.eyJodHRwOi8vc2NoZW1hcy54bWxzb2FwLm9yZy93cy8yMDA1LzA1L2lkZW50aXR5L2NsYWltcy9uYW1lIjoiU3VwZXJBZG1pbiIsImh0dHA6Ly9zY2hlbWFzLnhtbHNvYXAub3JnL3dzLzIwMDUvMDUvaWRlbnRpdHkvY2xhaW1zL25hbWVpZGVudGlmaWVyIjoiU3VwZXJBZG1pbiIsImV4cCI6MTY5MzQ1MTIxNSwiaXNzIjoiQ01TdjIiLCJhdWQiOiJBcGkifQ.gj3Q5rVSuyTzguP8vMuwVhc3w3UHSBpckDQcczgjy6s'}
[2023-08-25 10:57:07,424] logger_util.py->write_log line:61 [INFO] 请求参数：{'aa1': '0'}
[2023-08-25 10:57:07,424] logger_util.py->write_log line:61 [INFO] 文件上传：None
[2023-08-25 10:57:07,427] logger_util.py->error_log line:65 [INFO] 断言失败:allSuccess不等于True
[2023-08-25 10:57:07,427] logger_util.py->write_log line:61 [INFO] 实际结果：{'allSuccess': False, 'items': {'aa1': {'value': None, 'quality': 1, 'errorMsg': '写值失败'}}}
[2023-08-25 10:57:07,427] logger_util.py->write_log line:61 [INFO] 接口请求失败！
[2023-08-25 10:57:07,427] logger_util.py->write_log line:61 [INFO] -------------接口请求结束-----------

[2023-08-25 10:57:07,427] logger_util.py->error_log line:65 [INFO] 断言异常：异常信息: Traceback (most recent call last):
  File "E:\Project_python\api_cms\common\requests_util.py", line 368, in validate_result
    error_log("断言失败:" + assert_key + "不等于" + str(assert_value))
  File "E:\Project_python\api_cms\common\logger_util.py", line 66, in error_log
    raise Exception(log_message)
Exception: 断言失败:allSuccess不等于True

[2023-08-25 10:57:07,428] logger_util.py->error_log line:65 [INFO] 分析YAML文件异常：异常信息: Traceback (most recent call last):
  File "E:\Project_python\api_cms\common\requests_util.py", line 368, in validate_result
    error_log("断言失败:" + assert_key + "不等于" + str(assert_value))
  File "E:\Project_python\api_cms\common\logger_util.py", line 66, in error_log
    raise Exception(log_message)
Exception: 断言失败:allSuccess不等于True

During handling of the above exception, another exception occurred:

Traceback (most recent call last):
  File "E:\Project_python\api_cms\common\requests_util.py", line 238, in analysis_yaml
    self.validate_result(yq_result, return_data, status_code)
  File "E:\Project_python\api_cms\common\requests_util.py", line 413, in validate_result
    error_log("断言异常：异常信息: %s" % str(traceback.format_exc()))
  File "E:\Project_python\api_cms\common\logger_util.py", line 66, in error_log
    raise Exception(log_message)
Exception: 断言异常：异常信息: Traceback (most recent call last):
  File "E:\Project_python\api_cms\common\requests_util.py", line 368, in validate_result
    error_log("断言失败:" + assert_key + "不等于" + str(assert_value))
  File "E:\Project_python\api_cms\common\logger_util.py", line 66, in error_log
    raise Exception(log_message)
Exception: 断言失败:allSuccess不等于True


[2023-08-25 10:57:07,456] logger_util.py->write_log line:61 [INFO] 
-------------接口请求开始-----------
[2023-08-25 10:57:07,456] logger_util.py->write_log line:61 [INFO] 接口名称：下发内部变量-aa1-二进制
[2023-08-25 10:57:07,457] logger_util.py->write_log line:61 [INFO] 接口方式：post
[2023-08-25 10:57:07,457] logger_util.py->write_log line:61 [INFO] 接口路径：http://127.0.0.1:18000/api/v1/variable/setvalues
[2023-08-25 10:57:07,457] logger_util.py->write_log line:61 [INFO] 请求头：{'X-Project': 'a68f8739e9094911b0f74421369649cb', 'Authorization': 'Bearer eyJhbGciOiJIUzI1NiIsInR5cCI6IkpXVCJ9.eyJodHRwOi8vc2NoZW1hcy54bWxzb2FwLm9yZy93cy8yMDA1LzA1L2lkZW50aXR5L2NsYWltcy9uYW1lIjoiU3VwZXJBZG1pbiIsImh0dHA6Ly9zY2hlbWFzLnhtbHNvYXAub3JnL3dzLzIwMDUvMDUvaWRlbnRpdHkvY2xhaW1zL25hbWVpZGVudGlmaWVyIjoiU3VwZXJBZG1pbiIsImV4cCI6MTY5MzQ1MTIxNSwiaXNzIjoiQ01TdjIiLCJhdWQiOiJBcGkifQ.gj3Q5rVSuyTzguP8vMuwVhc3w3UHSBpckDQcczgjy6s'}
[2023-08-25 10:57:07,457] logger_util.py->write_log line:61 [INFO] 请求参数：{'aa1': 'false'}
[2023-08-25 10:57:07,457] logger_util.py->write_log line:61 [INFO] 文件上传：None
[2023-08-25 10:57:07,459] logger_util.py->error_log line:65 [INFO] 断言失败:allSuccess不等于True
[2023-08-25 10:57:07,460] logger_util.py->write_log line:61 [INFO] 实际结果：{'allSuccess': False, 'items': {'aa1': {'value': None, 'quality': 1, 'errorMsg': '写值失败'}}}
[2023-08-25 10:57:07,460] logger_util.py->write_log line:61 [INFO] 接口请求失败！
[2023-08-25 10:57:07,460] logger_util.py->write_log line:61 [INFO] -------------接口请求结束-----------

[2023-08-25 10:57:07,460] logger_util.py->error_log line:65 [INFO] 断言异常：异常信息: Traceback (most recent call last):
  File "E:\Project_python\api_cms\common\requests_util.py", line 368, in validate_result
    error_log("断言失败:" + assert_key + "不等于" + str(assert_value))
  File "E:\Project_python\api_cms\common\logger_util.py", line 66, in error_log
    raise Exception(log_message)
Exception: 断言失败:allSuccess不等于True

[2023-08-25 10:57:07,460] logger_util.py->error_log line:65 [INFO] 分析YAML文件异常：异常信息: Traceback (most recent call last):
  File "E:\Project_python\api_cms\common\requests_util.py", line 368, in validate_result
    error_log("断言失败:" + assert_key + "不等于" + str(assert_value))
  File "E:\Project_python\api_cms\common\logger_util.py", line 66, in error_log
    raise Exception(log_message)
Exception: 断言失败:allSuccess不等于True

During handling of the above exception, another exception occurred:

Traceback (most recent call last):
  File "E:\Project_python\api_cms\common\requests_util.py", line 238, in analysis_yaml
    self.validate_result(yq_result, return_data, status_code)
  File "E:\Project_python\api_cms\common\requests_util.py", line 413, in validate_result
    error_log("断言异常：异常信息: %s" % str(traceback.format_exc()))
  File "E:\Project_python\api_cms\common\logger_util.py", line 66, in error_log
    raise Exception(log_message)
Exception: 断言异常：异常信息: Traceback (most recent call last):
  File "E:\Project_python\api_cms\common\requests_util.py", line 368, in validate_result
    error_log("断言失败:" + assert_key + "不等于" + str(assert_value))
  File "E:\Project_python\api_cms\common\logger_util.py", line 66, in error_log
    raise Exception(log_message)
Exception: 断言失败:allSuccess不等于True


[2023-08-25 10:57:07,490] logger_util.py->write_log line:61 [INFO] 
-------------接口请求开始-----------
[2023-08-25 10:57:07,490] logger_util.py->write_log line:61 [INFO] 接口名称：下发内部变量-aa2-有符号8位整型
[2023-08-25 10:57:07,490] logger_util.py->write_log line:61 [INFO] 接口方式：post
[2023-08-25 10:57:07,490] logger_util.py->write_log line:61 [INFO] 接口路径：http://127.0.0.1:18000/api/v1/variable/setvalues
[2023-08-25 10:57:07,490] logger_util.py->write_log line:61 [INFO] 请求头：{'X-Project': 'a68f8739e9094911b0f74421369649cb', 'Authorization': 'Bearer eyJhbGciOiJIUzI1NiIsInR5cCI6IkpXVCJ9.eyJodHRwOi8vc2NoZW1hcy54bWxzb2FwLm9yZy93cy8yMDA1LzA1L2lkZW50aXR5L2NsYWltcy9uYW1lIjoiU3VwZXJBZG1pbiIsImh0dHA6Ly9zY2hlbWFzLnhtbHNvYXAub3JnL3dzLzIwMDUvMDUvaWRlbnRpdHkvY2xhaW1zL25hbWVpZGVudGlmaWVyIjoiU3VwZXJBZG1pbiIsImV4cCI6MTY5MzQ1MTIxNSwiaXNzIjoiQ01TdjIiLCJhdWQiOiJBcGkifQ.gj3Q5rVSuyTzguP8vMuwVhc3w3UHSBpckDQcczgjy6s'}
[2023-08-25 10:57:07,490] logger_util.py->write_log line:61 [INFO] 请求参数：{'aa2': '127'}
[2023-08-25 10:57:07,490] logger_util.py->write_log line:61 [INFO] 文件上传：None
[2023-08-25 10:57:07,493] logger_util.py->error_log line:65 [INFO] 断言失败:allSuccess不等于True
[2023-08-25 10:57:07,493] logger_util.py->write_log line:61 [INFO] 实际结果：{'allSuccess': False, 'items': {'aa2': {'value': None, 'quality': 1, 'errorMsg': '写值失败'}}}
[2023-08-25 10:57:07,493] logger_util.py->write_log line:61 [INFO] 接口请求失败！
[2023-08-25 10:57:07,493] logger_util.py->write_log line:61 [INFO] -------------接口请求结束-----------

[2023-08-25 10:57:07,493] logger_util.py->error_log line:65 [INFO] 断言异常：异常信息: Traceback (most recent call last):
  File "E:\Project_python\api_cms\common\requests_util.py", line 368, in validate_result
    error_log("断言失败:" + assert_key + "不等于" + str(assert_value))
  File "E:\Project_python\api_cms\common\logger_util.py", line 66, in error_log
    raise Exception(log_message)
Exception: 断言失败:allSuccess不等于True

[2023-08-25 10:57:07,493] logger_util.py->error_log line:65 [INFO] 分析YAML文件异常：异常信息: Traceback (most recent call last):
  File "E:\Project_python\api_cms\common\requests_util.py", line 368, in validate_result
    error_log("断言失败:" + assert_key + "不等于" + str(assert_value))
  File "E:\Project_python\api_cms\common\logger_util.py", line 66, in error_log
    raise Exception(log_message)
Exception: 断言失败:allSuccess不等于True

During handling of the above exception, another exception occurred:

Traceback (most recent call last):
  File "E:\Project_python\api_cms\common\requests_util.py", line 238, in analysis_yaml
    self.validate_result(yq_result, return_data, status_code)
  File "E:\Project_python\api_cms\common\requests_util.py", line 413, in validate_result
    error_log("断言异常：异常信息: %s" % str(traceback.format_exc()))
  File "E:\Project_python\api_cms\common\logger_util.py", line 66, in error_log
    raise Exception(log_message)
Exception: 断言异常：异常信息: Traceback (most recent call last):
  File "E:\Project_python\api_cms\common\requests_util.py", line 368, in validate_result
    error_log("断言失败:" + assert_key + "不等于" + str(assert_value))
  File "E:\Project_python\api_cms\common\logger_util.py", line 66, in error_log
    raise Exception(log_message)
Exception: 断言失败:allSuccess不等于True


[2023-08-25 10:57:07,524] logger_util.py->write_log line:61 [INFO] 
-------------接口请求开始-----------
[2023-08-25 10:57:07,525] logger_util.py->write_log line:61 [INFO] 接口名称：下发内部变量-aa2-有符号8位整型
[2023-08-25 10:57:07,525] logger_util.py->write_log line:61 [INFO] 接口方式：post
[2023-08-25 10:57:07,525] logger_util.py->write_log line:61 [INFO] 接口路径：http://127.0.0.1:18000/api/v1/variable/setvalues
[2023-08-25 10:57:07,525] logger_util.py->write_log line:61 [INFO] 请求头：{'X-Project': 'a68f8739e9094911b0f74421369649cb', 'Authorization': 'Bearer eyJhbGciOiJIUzI1NiIsInR5cCI6IkpXVCJ9.eyJodHRwOi8vc2NoZW1hcy54bWxzb2FwLm9yZy93cy8yMDA1LzA1L2lkZW50aXR5L2NsYWltcy9uYW1lIjoiU3VwZXJBZG1pbiIsImh0dHA6Ly9zY2hlbWFzLnhtbHNvYXAub3JnL3dzLzIwMDUvMDUvaWRlbnRpdHkvY2xhaW1zL25hbWVpZGVudGlmaWVyIjoiU3VwZXJBZG1pbiIsImV4cCI6MTY5MzQ1MTIxNSwiaXNzIjoiQ01TdjIiLCJhdWQiOiJBcGkifQ.gj3Q5rVSuyTzguP8vMuwVhc3w3UHSBpckDQcczgjy6s'}
[2023-08-25 10:57:07,525] logger_util.py->write_log line:61 [INFO] 请求参数：{'aa2': '-128'}
[2023-08-25 10:57:07,525] logger_util.py->write_log line:61 [INFO] 文件上传：None
[2023-08-25 10:57:07,528] logger_util.py->error_log line:65 [INFO] 断言失败:allSuccess不等于True
[2023-08-25 10:57:07,529] logger_util.py->write_log line:61 [INFO] 实际结果：{'allSuccess': False, 'items': {'aa2': {'value': None, 'quality': 1, 'errorMsg': '写值失败'}}}
[2023-08-25 10:57:07,529] logger_util.py->write_log line:61 [INFO] 接口请求失败！
[2023-08-25 10:57:07,529] logger_util.py->write_log line:61 [INFO] -------------接口请求结束-----------

[2023-08-25 10:57:07,529] logger_util.py->error_log line:65 [INFO] 断言异常：异常信息: Traceback (most recent call last):
  File "E:\Project_python\api_cms\common\requests_util.py", line 368, in validate_result
    error_log("断言失败:" + assert_key + "不等于" + str(assert_value))
  File "E:\Project_python\api_cms\common\logger_util.py", line 66, in error_log
    raise Exception(log_message)
Exception: 断言失败:allSuccess不等于True

[2023-08-25 10:57:07,530] logger_util.py->error_log line:65 [INFO] 分析YAML文件异常：异常信息: Traceback (most recent call last):
  File "E:\Project_python\api_cms\common\requests_util.py", line 368, in validate_result
    error_log("断言失败:" + assert_key + "不等于" + str(assert_value))
  File "E:\Project_python\api_cms\common\logger_util.py", line 66, in error_log
    raise Exception(log_message)
Exception: 断言失败:allSuccess不等于True

During handling of the above exception, another exception occurred:

Traceback (most recent call last):
  File "E:\Project_python\api_cms\common\requests_util.py", line 238, in analysis_yaml
    self.validate_result(yq_result, return_data, status_code)
  File "E:\Project_python\api_cms\common\requests_util.py", line 413, in validate_result
    error_log("断言异常：异常信息: %s" % str(traceback.format_exc()))
  File "E:\Project_python\api_cms\common\logger_util.py", line 66, in error_log
    raise Exception(log_message)
Exception: 断言异常：异常信息: Traceback (most recent call last):
  File "E:\Project_python\api_cms\common\requests_util.py", line 368, in validate_result
    error_log("断言失败:" + assert_key + "不等于" + str(assert_value))
  File "E:\Project_python\api_cms\common\logger_util.py", line 66, in error_log
    raise Exception(log_message)
Exception: 断言失败:allSuccess不等于True


[2023-08-25 10:57:07,560] logger_util.py->write_log line:61 [INFO] 
-------------接口请求开始-----------
[2023-08-25 10:57:07,560] logger_util.py->write_log line:61 [INFO] 接口名称：下发内部变量-aa3-无符号8位整型
[2023-08-25 10:57:07,561] logger_util.py->write_log line:61 [INFO] 接口方式：post
[2023-08-25 10:57:07,561] logger_util.py->write_log line:61 [INFO] 接口路径：http://127.0.0.1:18000/api/v1/variable/setvalues
[2023-08-25 10:57:07,561] logger_util.py->write_log line:61 [INFO] 请求头：{'X-Project': 'a68f8739e9094911b0f74421369649cb', 'Authorization': 'Bearer eyJhbGciOiJIUzI1NiIsInR5cCI6IkpXVCJ9.eyJodHRwOi8vc2NoZW1hcy54bWxzb2FwLm9yZy93cy8yMDA1LzA1L2lkZW50aXR5L2NsYWltcy9uYW1lIjoiU3VwZXJBZG1pbiIsImh0dHA6Ly9zY2hlbWFzLnhtbHNvYXAub3JnL3dzLzIwMDUvMDUvaWRlbnRpdHkvY2xhaW1zL25hbWVpZGVudGlmaWVyIjoiU3VwZXJBZG1pbiIsImV4cCI6MTY5MzQ1MTIxNSwiaXNzIjoiQ01TdjIiLCJhdWQiOiJBcGkifQ.gj3Q5rVSuyTzguP8vMuwVhc3w3UHSBpckDQcczgjy6s'}
[2023-08-25 10:57:07,561] logger_util.py->write_log line:61 [INFO] 请求参数：{'aa3': '0'}
[2023-08-25 10:57:07,561] logger_util.py->write_log line:61 [INFO] 文件上传：None
[2023-08-25 10:57:07,563] logger_util.py->error_log line:65 [INFO] 断言失败:allSuccess不等于True
[2023-08-25 10:57:07,563] logger_util.py->write_log line:61 [INFO] 实际结果：{'allSuccess': False, 'items': {'aa3': {'value': None, 'quality': 1, 'errorMsg': '写值失败'}}}
[2023-08-25 10:57:07,564] logger_util.py->write_log line:61 [INFO] 接口请求失败！
[2023-08-25 10:57:07,564] logger_util.py->write_log line:61 [INFO] -------------接口请求结束-----------

[2023-08-25 10:57:07,564] logger_util.py->error_log line:65 [INFO] 断言异常：异常信息: Traceback (most recent call last):
  File "E:\Project_python\api_cms\common\requests_util.py", line 368, in validate_result
    error_log("断言失败:" + assert_key + "不等于" + str(assert_value))
  File "E:\Project_python\api_cms\common\logger_util.py", line 66, in error_log
    raise Exception(log_message)
Exception: 断言失败:allSuccess不等于True

[2023-08-25 10:57:07,564] logger_util.py->error_log line:65 [INFO] 分析YAML文件异常：异常信息: Traceback (most recent call last):
  File "E:\Project_python\api_cms\common\requests_util.py", line 368, in validate_result
    error_log("断言失败:" + assert_key + "不等于" + str(assert_value))
  File "E:\Project_python\api_cms\common\logger_util.py", line 66, in error_log
    raise Exception(log_message)
Exception: 断言失败:allSuccess不等于True

During handling of the above exception, another exception occurred:

Traceback (most recent call last):
  File "E:\Project_python\api_cms\common\requests_util.py", line 238, in analysis_yaml
    self.validate_result(yq_result, return_data, status_code)
  File "E:\Project_python\api_cms\common\requests_util.py", line 413, in validate_result
    error_log("断言异常：异常信息: %s" % str(traceback.format_exc()))
  File "E:\Project_python\api_cms\common\logger_util.py", line 66, in error_log
    raise Exception(log_message)
Exception: 断言异常：异常信息: Traceback (most recent call last):
  File "E:\Project_python\api_cms\common\requests_util.py", line 368, in validate_result
    error_log("断言失败:" + assert_key + "不等于" + str(assert_value))
  File "E:\Project_python\api_cms\common\logger_util.py", line 66, in error_log
    raise Exception(log_message)
Exception: 断言失败:allSuccess不等于True


[2023-08-25 10:57:07,596] logger_util.py->write_log line:61 [INFO] 
-------------接口请求开始-----------
[2023-08-25 10:57:07,596] logger_util.py->write_log line:61 [INFO] 接口名称：下发内部变量-aa3-无符号8位整型
[2023-08-25 10:57:07,596] logger_util.py->write_log line:61 [INFO] 接口方式：post
[2023-08-25 10:57:07,596] logger_util.py->write_log line:61 [INFO] 接口路径：http://127.0.0.1:18000/api/v1/variable/setvalues
[2023-08-25 10:57:07,596] logger_util.py->write_log line:61 [INFO] 请求头：{'X-Project': 'a68f8739e9094911b0f74421369649cb', 'Authorization': 'Bearer eyJhbGciOiJIUzI1NiIsInR5cCI6IkpXVCJ9.eyJodHRwOi8vc2NoZW1hcy54bWxzb2FwLm9yZy93cy8yMDA1LzA1L2lkZW50aXR5L2NsYWltcy9uYW1lIjoiU3VwZXJBZG1pbiIsImh0dHA6Ly9zY2hlbWFzLnhtbHNvYXAub3JnL3dzLzIwMDUvMDUvaWRlbnRpdHkvY2xhaW1zL25hbWVpZGVudGlmaWVyIjoiU3VwZXJBZG1pbiIsImV4cCI6MTY5MzQ1MTIxNSwiaXNzIjoiQ01TdjIiLCJhdWQiOiJBcGkifQ.gj3Q5rVSuyTzguP8vMuwVhc3w3UHSBpckDQcczgjy6s'}
[2023-08-25 10:57:07,596] logger_util.py->write_log line:61 [INFO] 请求参数：{'aa3': '255'}
[2023-08-25 10:57:07,596] logger_util.py->write_log line:61 [INFO] 文件上传：None
[2023-08-25 10:57:07,599] logger_util.py->error_log line:65 [INFO] 断言失败:allSuccess不等于True
[2023-08-25 10:57:07,599] logger_util.py->write_log line:61 [INFO] 实际结果：{'allSuccess': False, 'items': {'aa3': {'value': None, 'quality': 1, 'errorMsg': '写值失败'}}}
[2023-08-25 10:57:07,599] logger_util.py->write_log line:61 [INFO] 接口请求失败！
[2023-08-25 10:57:07,599] logger_util.py->write_log line:61 [INFO] -------------接口请求结束-----------

[2023-08-25 10:57:07,599] logger_util.py->error_log line:65 [INFO] 断言异常：异常信息: Traceback (most recent call last):
  File "E:\Project_python\api_cms\common\requests_util.py", line 368, in validate_result
    error_log("断言失败:" + assert_key + "不等于" + str(assert_value))
  File "E:\Project_python\api_cms\common\logger_util.py", line 66, in error_log
    raise Exception(log_message)
Exception: 断言失败:allSuccess不等于True

[2023-08-25 10:57:07,599] logger_util.py->error_log line:65 [INFO] 分析YAML文件异常：异常信息: Traceback (most recent call last):
  File "E:\Project_python\api_cms\common\requests_util.py", line 368, in validate_result
    error_log("断言失败:" + assert_key + "不等于" + str(assert_value))
  File "E:\Project_python\api_cms\common\logger_util.py", line 66, in error_log
    raise Exception(log_message)
Exception: 断言失败:allSuccess不等于True

During handling of the above exception, another exception occurred:

Traceback (most recent call last):
  File "E:\Project_python\api_cms\common\requests_util.py", line 238, in analysis_yaml
    self.validate_result(yq_result, return_data, status_code)
  File "E:\Project_python\api_cms\common\requests_util.py", line 413, in validate_result
    error_log("断言异常：异常信息: %s" % str(traceback.format_exc()))
  File "E:\Project_python\api_cms\common\logger_util.py", line 66, in error_log
    raise Exception(log_message)
Exception: 断言异常：异常信息: Traceback (most recent call last):
  File "E:\Project_python\api_cms\common\requests_util.py", line 368, in validate_result
    error_log("断言失败:" + assert_key + "不等于" + str(assert_value))
  File "E:\Project_python\api_cms\common\logger_util.py", line 66, in error_log
    raise Exception(log_message)
Exception: 断言失败:allSuccess不等于True


[2023-08-25 10:57:07,629] logger_util.py->write_log line:61 [INFO] 
-------------接口请求开始-----------
[2023-08-25 10:57:07,629] logger_util.py->write_log line:61 [INFO] 接口名称：下发内部变量-aa4-有符号16位整型
[2023-08-25 10:57:07,629] logger_util.py->write_log line:61 [INFO] 接口方式：post
[2023-08-25 10:57:07,629] logger_util.py->write_log line:61 [INFO] 接口路径：http://127.0.0.1:18000/api/v1/variable/setvalues
[2023-08-25 10:57:07,629] logger_util.py->write_log line:61 [INFO] 请求头：{'X-Project': 'a68f8739e9094911b0f74421369649cb', 'Authorization': 'Bearer eyJhbGciOiJIUzI1NiIsInR5cCI6IkpXVCJ9.eyJodHRwOi8vc2NoZW1hcy54bWxzb2FwLm9yZy93cy8yMDA1LzA1L2lkZW50aXR5L2NsYWltcy9uYW1lIjoiU3VwZXJBZG1pbiIsImh0dHA6Ly9zY2hlbWFzLnhtbHNvYXAub3JnL3dzLzIwMDUvMDUvaWRlbnRpdHkvY2xhaW1zL25hbWVpZGVudGlmaWVyIjoiU3VwZXJBZG1pbiIsImV4cCI6MTY5MzQ1MTIxNSwiaXNzIjoiQ01TdjIiLCJhdWQiOiJBcGkifQ.gj3Q5rVSuyTzguP8vMuwVhc3w3UHSBpckDQcczgjy6s'}
[2023-08-25 10:57:07,629] logger_util.py->write_log line:61 [INFO] 请求参数：{'aa4': '32767'}
[2023-08-25 10:57:07,629] logger_util.py->write_log line:61 [INFO] 文件上传：None
[2023-08-25 10:57:07,632] logger_util.py->error_log line:65 [INFO] 断言失败:allSuccess不等于True
[2023-08-25 10:57:07,632] logger_util.py->write_log line:61 [INFO] 实际结果：{'allSuccess': False, 'items': {'aa4': {'value': None, 'quality': 1, 'errorMsg': '写值失败'}}}
[2023-08-25 10:57:07,632] logger_util.py->write_log line:61 [INFO] 接口请求失败！
[2023-08-25 10:57:07,632] logger_util.py->write_log line:61 [INFO] -------------接口请求结束-----------

[2023-08-25 10:57:07,632] logger_util.py->error_log line:65 [INFO] 断言异常：异常信息: Traceback (most recent call last):
  File "E:\Project_python\api_cms\common\requests_util.py", line 368, in validate_result
    error_log("断言失败:" + assert_key + "不等于" + str(assert_value))
  File "E:\Project_python\api_cms\common\logger_util.py", line 66, in error_log
    raise Exception(log_message)
Exception: 断言失败:allSuccess不等于True

[2023-08-25 10:57:07,632] logger_util.py->error_log line:65 [INFO] 分析YAML文件异常：异常信息: Traceback (most recent call last):
  File "E:\Project_python\api_cms\common\requests_util.py", line 368, in validate_result
    error_log("断言失败:" + assert_key + "不等于" + str(assert_value))
  File "E:\Project_python\api_cms\common\logger_util.py", line 66, in error_log
    raise Exception(log_message)
Exception: 断言失败:allSuccess不等于True

During handling of the above exception, another exception occurred:

Traceback (most recent call last):
  File "E:\Project_python\api_cms\common\requests_util.py", line 238, in analysis_yaml
    self.validate_result(yq_result, return_data, status_code)
  File "E:\Project_python\api_cms\common\requests_util.py", line 413, in validate_result
    error_log("断言异常：异常信息: %s" % str(traceback.format_exc()))
  File "E:\Project_python\api_cms\common\logger_util.py", line 66, in error_log
    raise Exception(log_message)
Exception: 断言异常：异常信息: Traceback (most recent call last):
  File "E:\Project_python\api_cms\common\requests_util.py", line 368, in validate_result
    error_log("断言失败:" + assert_key + "不等于" + str(assert_value))
  File "E:\Project_python\api_cms\common\logger_util.py", line 66, in error_log
    raise Exception(log_message)
Exception: 断言失败:allSuccess不等于True


[2023-08-25 10:57:07,663] logger_util.py->write_log line:61 [INFO] 
-------------接口请求开始-----------
[2023-08-25 10:57:07,663] logger_util.py->write_log line:61 [INFO] 接口名称：下发内部变量-aa4-有符号16位整型
[2023-08-25 10:57:07,663] logger_util.py->write_log line:61 [INFO] 接口方式：post
[2023-08-25 10:57:07,663] logger_util.py->write_log line:61 [INFO] 接口路径：http://127.0.0.1:18000/api/v1/variable/setvalues
[2023-08-25 10:57:07,663] logger_util.py->write_log line:61 [INFO] 请求头：{'X-Project': 'a68f8739e9094911b0f74421369649cb', 'Authorization': 'Bearer eyJhbGciOiJIUzI1NiIsInR5cCI6IkpXVCJ9.eyJodHRwOi8vc2NoZW1hcy54bWxzb2FwLm9yZy93cy8yMDA1LzA1L2lkZW50aXR5L2NsYWltcy9uYW1lIjoiU3VwZXJBZG1pbiIsImh0dHA6Ly9zY2hlbWFzLnhtbHNvYXAub3JnL3dzLzIwMDUvMDUvaWRlbnRpdHkvY2xhaW1zL25hbWVpZGVudGlmaWVyIjoiU3VwZXJBZG1pbiIsImV4cCI6MTY5MzQ1MTIxNSwiaXNzIjoiQ01TdjIiLCJhdWQiOiJBcGkifQ.gj3Q5rVSuyTzguP8vMuwVhc3w3UHSBpckDQcczgjy6s'}
[2023-08-25 10:57:07,663] logger_util.py->write_log line:61 [INFO] 请求参数：{'aa4': '-32768'}
[2023-08-25 10:57:07,663] logger_util.py->write_log line:61 [INFO] 文件上传：None
[2023-08-25 10:57:07,666] logger_util.py->error_log line:65 [INFO] 断言失败:allSuccess不等于True
[2023-08-25 10:57:07,666] logger_util.py->write_log line:61 [INFO] 实际结果：{'allSuccess': False, 'items': {'aa4': {'value': None, 'quality': 1, 'errorMsg': '写值失败'}}}
[2023-08-25 10:57:07,666] logger_util.py->write_log line:61 [INFO] 接口请求失败！
[2023-08-25 10:57:07,666] logger_util.py->write_log line:61 [INFO] -------------接口请求结束-----------

[2023-08-25 10:57:07,667] logger_util.py->error_log line:65 [INFO] 断言异常：异常信息: Traceback (most recent call last):
  File "E:\Project_python\api_cms\common\requests_util.py", line 368, in validate_result
    error_log("断言失败:" + assert_key + "不等于" + str(assert_value))
  File "E:\Project_python\api_cms\common\logger_util.py", line 66, in error_log
    raise Exception(log_message)
Exception: 断言失败:allSuccess不等于True

[2023-08-25 10:57:07,667] logger_util.py->error_log line:65 [INFO] 分析YAML文件异常：异常信息: Traceback (most recent call last):
  File "E:\Project_python\api_cms\common\requests_util.py", line 368, in validate_result
    error_log("断言失败:" + assert_key + "不等于" + str(assert_value))
  File "E:\Project_python\api_cms\common\logger_util.py", line 66, in error_log
    raise Exception(log_message)
Exception: 断言失败:allSuccess不等于True

During handling of the above exception, another exception occurred:

Traceback (most recent call last):
  File "E:\Project_python\api_cms\common\requests_util.py", line 238, in analysis_yaml
    self.validate_result(yq_result, return_data, status_code)
  File "E:\Project_python\api_cms\common\requests_util.py", line 413, in validate_result
    error_log("断言异常：异常信息: %s" % str(traceback.format_exc()))
  File "E:\Project_python\api_cms\common\logger_util.py", line 66, in error_log
    raise Exception(log_message)
Exception: 断言异常：异常信息: Traceback (most recent call last):
  File "E:\Project_python\api_cms\common\requests_util.py", line 368, in validate_result
    error_log("断言失败:" + assert_key + "不等于" + str(assert_value))
  File "E:\Project_python\api_cms\common\logger_util.py", line 66, in error_log
    raise Exception(log_message)
Exception: 断言失败:allSuccess不等于True


[2023-08-25 10:57:07,697] logger_util.py->write_log line:61 [INFO] 
-------------接口请求开始-----------
[2023-08-25 10:57:07,697] logger_util.py->write_log line:61 [INFO] 接口名称：下发内部变量-aa5-无符号16位整型
[2023-08-25 10:57:07,697] logger_util.py->write_log line:61 [INFO] 接口方式：post
[2023-08-25 10:57:07,697] logger_util.py->write_log line:61 [INFO] 接口路径：http://127.0.0.1:18000/api/v1/variable/setvalues
[2023-08-25 10:57:07,697] logger_util.py->write_log line:61 [INFO] 请求头：{'X-Project': 'a68f8739e9094911b0f74421369649cb', 'Authorization': 'Bearer eyJhbGciOiJIUzI1NiIsInR5cCI6IkpXVCJ9.eyJodHRwOi8vc2NoZW1hcy54bWxzb2FwLm9yZy93cy8yMDA1LzA1L2lkZW50aXR5L2NsYWltcy9uYW1lIjoiU3VwZXJBZG1pbiIsImh0dHA6Ly9zY2hlbWFzLnhtbHNvYXAub3JnL3dzLzIwMDUvMDUvaWRlbnRpdHkvY2xhaW1zL25hbWVpZGVudGlmaWVyIjoiU3VwZXJBZG1pbiIsImV4cCI6MTY5MzQ1MTIxNSwiaXNzIjoiQ01TdjIiLCJhdWQiOiJBcGkifQ.gj3Q5rVSuyTzguP8vMuwVhc3w3UHSBpckDQcczgjy6s'}
[2023-08-25 10:57:07,697] logger_util.py->write_log line:61 [INFO] 请求参数：{'aa5': '0'}
[2023-08-25 10:57:07,697] logger_util.py->write_log line:61 [INFO] 文件上传：None
[2023-08-25 10:57:07,700] logger_util.py->error_log line:65 [INFO] 断言失败:allSuccess不等于True
[2023-08-25 10:57:07,700] logger_util.py->write_log line:61 [INFO] 实际结果：{'allSuccess': False, 'items': {'aa5': {'value': None, 'quality': 1, 'errorMsg': '写值失败'}}}
[2023-08-25 10:57:07,700] logger_util.py->write_log line:61 [INFO] 接口请求失败！
[2023-08-25 10:57:07,700] logger_util.py->write_log line:61 [INFO] -------------接口请求结束-----------

[2023-08-25 10:57:07,700] logger_util.py->error_log line:65 [INFO] 断言异常：异常信息: Traceback (most recent call last):
  File "E:\Project_python\api_cms\common\requests_util.py", line 368, in validate_result
    error_log("断言失败:" + assert_key + "不等于" + str(assert_value))
  File "E:\Project_python\api_cms\common\logger_util.py", line 66, in error_log
    raise Exception(log_message)
Exception: 断言失败:allSuccess不等于True

[2023-08-25 10:57:07,701] logger_util.py->error_log line:65 [INFO] 分析YAML文件异常：异常信息: Traceback (most recent call last):
  File "E:\Project_python\api_cms\common\requests_util.py", line 368, in validate_result
    error_log("断言失败:" + assert_key + "不等于" + str(assert_value))
  File "E:\Project_python\api_cms\common\logger_util.py", line 66, in error_log
    raise Exception(log_message)
Exception: 断言失败:allSuccess不等于True

During handling of the above exception, another exception occurred:

Traceback (most recent call last):
  File "E:\Project_python\api_cms\common\requests_util.py", line 238, in analysis_yaml
    self.validate_result(yq_result, return_data, status_code)
  File "E:\Project_python\api_cms\common\requests_util.py", line 413, in validate_result
    error_log("断言异常：异常信息: %s" % str(traceback.format_exc()))
  File "E:\Project_python\api_cms\common\logger_util.py", line 66, in error_log
    raise Exception(log_message)
Exception: 断言异常：异常信息: Traceback (most recent call last):
  File "E:\Project_python\api_cms\common\requests_util.py", line 368, in validate_result
    error_log("断言失败:" + assert_key + "不等于" + str(assert_value))
  File "E:\Project_python\api_cms\common\logger_util.py", line 66, in error_log
    raise Exception(log_message)
Exception: 断言失败:allSuccess不等于True


[2023-08-25 10:57:07,730] logger_util.py->write_log line:61 [INFO] 
-------------接口请求开始-----------
[2023-08-25 10:57:07,730] logger_util.py->write_log line:61 [INFO] 接口名称：下发内部变量-aa5-无符号16位整型
[2023-08-25 10:57:07,731] logger_util.py->write_log line:61 [INFO] 接口方式：post
[2023-08-25 10:57:07,731] logger_util.py->write_log line:61 [INFO] 接口路径：http://127.0.0.1:18000/api/v1/variable/setvalues
[2023-08-25 10:57:07,731] logger_util.py->write_log line:61 [INFO] 请求头：{'X-Project': 'a68f8739e9094911b0f74421369649cb', 'Authorization': 'Bearer eyJhbGciOiJIUzI1NiIsInR5cCI6IkpXVCJ9.eyJodHRwOi8vc2NoZW1hcy54bWxzb2FwLm9yZy93cy8yMDA1LzA1L2lkZW50aXR5L2NsYWltcy9uYW1lIjoiU3VwZXJBZG1pbiIsImh0dHA6Ly9zY2hlbWFzLnhtbHNvYXAub3JnL3dzLzIwMDUvMDUvaWRlbnRpdHkvY2xhaW1zL25hbWVpZGVudGlmaWVyIjoiU3VwZXJBZG1pbiIsImV4cCI6MTY5MzQ1MTIxNSwiaXNzIjoiQ01TdjIiLCJhdWQiOiJBcGkifQ.gj3Q5rVSuyTzguP8vMuwVhc3w3UHSBpckDQcczgjy6s'}
[2023-08-25 10:57:07,731] logger_util.py->write_log line:61 [INFO] 请求参数：{'aa5': '65535'}
[2023-08-25 10:57:07,731] logger_util.py->write_log line:61 [INFO] 文件上传：None
[2023-08-25 10:57:07,734] logger_util.py->error_log line:65 [INFO] 断言失败:allSuccess不等于True
[2023-08-25 10:57:07,734] logger_util.py->write_log line:61 [INFO] 实际结果：{'allSuccess': False, 'items': {'aa5': {'value': None, 'quality': 1, 'errorMsg': '写值失败'}}}
[2023-08-25 10:57:07,734] logger_util.py->write_log line:61 [INFO] 接口请求失败！
[2023-08-25 10:57:07,734] logger_util.py->write_log line:61 [INFO] -------------接口请求结束-----------

[2023-08-25 10:57:07,734] logger_util.py->error_log line:65 [INFO] 断言异常：异常信息: Traceback (most recent call last):
  File "E:\Project_python\api_cms\common\requests_util.py", line 368, in validate_result
    error_log("断言失败:" + assert_key + "不等于" + str(assert_value))
  File "E:\Project_python\api_cms\common\logger_util.py", line 66, in error_log
    raise Exception(log_message)
Exception: 断言失败:allSuccess不等于True

[2023-08-25 10:57:07,734] logger_util.py->error_log line:65 [INFO] 分析YAML文件异常：异常信息: Traceback (most recent call last):
  File "E:\Project_python\api_cms\common\requests_util.py", line 368, in validate_result
    error_log("断言失败:" + assert_key + "不等于" + str(assert_value))
  File "E:\Project_python\api_cms\common\logger_util.py", line 66, in error_log
    raise Exception(log_message)
Exception: 断言失败:allSuccess不等于True

During handling of the above exception, another exception occurred:

Traceback (most recent call last):
  File "E:\Project_python\api_cms\common\requests_util.py", line 238, in analysis_yaml
    self.validate_result(yq_result, return_data, status_code)
  File "E:\Project_python\api_cms\common\requests_util.py", line 413, in validate_result
    error_log("断言异常：异常信息: %s" % str(traceback.format_exc()))
  File "E:\Project_python\api_cms\common\logger_util.py", line 66, in error_log
    raise Exception(log_message)
Exception: 断言异常：异常信息: Traceback (most recent call last):
  File "E:\Project_python\api_cms\common\requests_util.py", line 368, in validate_result
    error_log("断言失败:" + assert_key + "不等于" + str(assert_value))
  File "E:\Project_python\api_cms\common\logger_util.py", line 66, in error_log
    raise Exception(log_message)
Exception: 断言失败:allSuccess不等于True


[2023-08-25 10:57:07,764] logger_util.py->write_log line:61 [INFO] 
-------------接口请求开始-----------
[2023-08-25 10:57:07,764] logger_util.py->write_log line:61 [INFO] 接口名称：下发内部变量-aa6-有符号32位整型
[2023-08-25 10:57:07,764] logger_util.py->write_log line:61 [INFO] 接口方式：post
[2023-08-25 10:57:07,764] logger_util.py->write_log line:61 [INFO] 接口路径：http://127.0.0.1:18000/api/v1/variable/setvalues
[2023-08-25 10:57:07,764] logger_util.py->write_log line:61 [INFO] 请求头：{'X-Project': 'a68f8739e9094911b0f74421369649cb', 'Authorization': 'Bearer eyJhbGciOiJIUzI1NiIsInR5cCI6IkpXVCJ9.eyJodHRwOi8vc2NoZW1hcy54bWxzb2FwLm9yZy93cy8yMDA1LzA1L2lkZW50aXR5L2NsYWltcy9uYW1lIjoiU3VwZXJBZG1pbiIsImh0dHA6Ly9zY2hlbWFzLnhtbHNvYXAub3JnL3dzLzIwMDUvMDUvaWRlbnRpdHkvY2xhaW1zL25hbWVpZGVudGlmaWVyIjoiU3VwZXJBZG1pbiIsImV4cCI6MTY5MzQ1MTIxNSwiaXNzIjoiQ01TdjIiLCJhdWQiOiJBcGkifQ.gj3Q5rVSuyTzguP8vMuwVhc3w3UHSBpckDQcczgjy6s'}
[2023-08-25 10:57:07,764] logger_util.py->write_log line:61 [INFO] 请求参数：{'aa6': '2147483647'}
[2023-08-25 10:57:07,765] logger_util.py->write_log line:61 [INFO] 文件上传：None
[2023-08-25 10:57:07,769] logger_util.py->error_log line:65 [INFO] 断言失败:allSuccess不等于True
[2023-08-25 10:57:07,769] logger_util.py->write_log line:61 [INFO] 实际结果：{'allSuccess': False, 'items': {'aa6': {'value': None, 'quality': 1, 'errorMsg': '写值失败'}}}
[2023-08-25 10:57:07,769] logger_util.py->write_log line:61 [INFO] 接口请求失败！
[2023-08-25 10:57:07,769] logger_util.py->write_log line:61 [INFO] -------------接口请求结束-----------

[2023-08-25 10:57:07,769] logger_util.py->error_log line:65 [INFO] 断言异常：异常信息: Traceback (most recent call last):
  File "E:\Project_python\api_cms\common\requests_util.py", line 368, in validate_result
    error_log("断言失败:" + assert_key + "不等于" + str(assert_value))
  File "E:\Project_python\api_cms\common\logger_util.py", line 66, in error_log
    raise Exception(log_message)
Exception: 断言失败:allSuccess不等于True

[2023-08-25 10:57:07,770] logger_util.py->error_log line:65 [INFO] 分析YAML文件异常：异常信息: Traceback (most recent call last):
  File "E:\Project_python\api_cms\common\requests_util.py", line 368, in validate_result
    error_log("断言失败:" + assert_key + "不等于" + str(assert_value))
  File "E:\Project_python\api_cms\common\logger_util.py", line 66, in error_log
    raise Exception(log_message)
Exception: 断言失败:allSuccess不等于True

During handling of the above exception, another exception occurred:

Traceback (most recent call last):
  File "E:\Project_python\api_cms\common\requests_util.py", line 238, in analysis_yaml
    self.validate_result(yq_result, return_data, status_code)
  File "E:\Project_python\api_cms\common\requests_util.py", line 413, in validate_result
    error_log("断言异常：异常信息: %s" % str(traceback.format_exc()))
  File "E:\Project_python\api_cms\common\logger_util.py", line 66, in error_log
    raise Exception(log_message)
Exception: 断言异常：异常信息: Traceback (most recent call last):
  File "E:\Project_python\api_cms\common\requests_util.py", line 368, in validate_result
    error_log("断言失败:" + assert_key + "不等于" + str(assert_value))
  File "E:\Project_python\api_cms\common\logger_util.py", line 66, in error_log
    raise Exception(log_message)
Exception: 断言失败:allSuccess不等于True


[2023-08-25 10:57:07,800] logger_util.py->write_log line:61 [INFO] 
-------------接口请求开始-----------
[2023-08-25 10:57:07,800] logger_util.py->write_log line:61 [INFO] 接口名称：下发内部变量-aa6-有符号32位整型
[2023-08-25 10:57:07,800] logger_util.py->write_log line:61 [INFO] 接口方式：post
[2023-08-25 10:57:07,800] logger_util.py->write_log line:61 [INFO] 接口路径：http://127.0.0.1:18000/api/v1/variable/setvalues
[2023-08-25 10:57:07,800] logger_util.py->write_log line:61 [INFO] 请求头：{'X-Project': 'a68f8739e9094911b0f74421369649cb', 'Authorization': 'Bearer eyJhbGciOiJIUzI1NiIsInR5cCI6IkpXVCJ9.eyJodHRwOi8vc2NoZW1hcy54bWxzb2FwLm9yZy93cy8yMDA1LzA1L2lkZW50aXR5L2NsYWltcy9uYW1lIjoiU3VwZXJBZG1pbiIsImh0dHA6Ly9zY2hlbWFzLnhtbHNvYXAub3JnL3dzLzIwMDUvMDUvaWRlbnRpdHkvY2xhaW1zL25hbWVpZGVudGlmaWVyIjoiU3VwZXJBZG1pbiIsImV4cCI6MTY5MzQ1MTIxNSwiaXNzIjoiQ01TdjIiLCJhdWQiOiJBcGkifQ.gj3Q5rVSuyTzguP8vMuwVhc3w3UHSBpckDQcczgjy6s'}
[2023-08-25 10:57:07,800] logger_util.py->write_log line:61 [INFO] 请求参数：{'aa6': '-2147483648'}
[2023-08-25 10:57:07,801] logger_util.py->write_log line:61 [INFO] 文件上传：None
[2023-08-25 10:57:07,803] logger_util.py->error_log line:65 [INFO] 断言失败:allSuccess不等于True
[2023-08-25 10:57:07,803] logger_util.py->write_log line:61 [INFO] 实际结果：{'allSuccess': False, 'items': {'aa6': {'value': None, 'quality': 1, 'errorMsg': '写值失败'}}}
[2023-08-25 10:57:07,803] logger_util.py->write_log line:61 [INFO] 接口请求失败！
[2023-08-25 10:57:07,803] logger_util.py->write_log line:61 [INFO] -------------接口请求结束-----------

[2023-08-25 10:57:07,804] logger_util.py->error_log line:65 [INFO] 断言异常：异常信息: Traceback (most recent call last):
  File "E:\Project_python\api_cms\common\requests_util.py", line 368, in validate_result
    error_log("断言失败:" + assert_key + "不等于" + str(assert_value))
  File "E:\Project_python\api_cms\common\logger_util.py", line 66, in error_log
    raise Exception(log_message)
Exception: 断言失败:allSuccess不等于True

[2023-08-25 10:57:07,804] logger_util.py->error_log line:65 [INFO] 分析YAML文件异常：异常信息: Traceback (most recent call last):
  File "E:\Project_python\api_cms\common\requests_util.py", line 368, in validate_result
    error_log("断言失败:" + assert_key + "不等于" + str(assert_value))
  File "E:\Project_python\api_cms\common\logger_util.py", line 66, in error_log
    raise Exception(log_message)
Exception: 断言失败:allSuccess不等于True

During handling of the above exception, another exception occurred:

Traceback (most recent call last):
  File "E:\Project_python\api_cms\common\requests_util.py", line 238, in analysis_yaml
    self.validate_result(yq_result, return_data, status_code)
  File "E:\Project_python\api_cms\common\requests_util.py", line 413, in validate_result
    error_log("断言异常：异常信息: %s" % str(traceback.format_exc()))
  File "E:\Project_python\api_cms\common\logger_util.py", line 66, in error_log
    raise Exception(log_message)
Exception: 断言异常：异常信息: Traceback (most recent call last):
  File "E:\Project_python\api_cms\common\requests_util.py", line 368, in validate_result
    error_log("断言失败:" + assert_key + "不等于" + str(assert_value))
  File "E:\Project_python\api_cms\common\logger_util.py", line 66, in error_log
    raise Exception(log_message)
Exception: 断言失败:allSuccess不等于True


[2023-08-25 10:57:07,834] logger_util.py->write_log line:61 [INFO] 
-------------接口请求开始-----------
[2023-08-25 10:57:07,834] logger_util.py->write_log line:61 [INFO] 接口名称：下发内部变量-aa7-无符号32位整型
[2023-08-25 10:57:07,834] logger_util.py->write_log line:61 [INFO] 接口方式：post
[2023-08-25 10:57:07,834] logger_util.py->write_log line:61 [INFO] 接口路径：http://127.0.0.1:18000/api/v1/variable/setvalues
[2023-08-25 10:57:07,834] logger_util.py->write_log line:61 [INFO] 请求头：{'X-Project': 'a68f8739e9094911b0f74421369649cb', 'Authorization': 'Bearer eyJhbGciOiJIUzI1NiIsInR5cCI6IkpXVCJ9.eyJodHRwOi8vc2NoZW1hcy54bWxzb2FwLm9yZy93cy8yMDA1LzA1L2lkZW50aXR5L2NsYWltcy9uYW1lIjoiU3VwZXJBZG1pbiIsImh0dHA6Ly9zY2hlbWFzLnhtbHNvYXAub3JnL3dzLzIwMDUvMDUvaWRlbnRpdHkvY2xhaW1zL25hbWVpZGVudGlmaWVyIjoiU3VwZXJBZG1pbiIsImV4cCI6MTY5MzQ1MTIxNSwiaXNzIjoiQ01TdjIiLCJhdWQiOiJBcGkifQ.gj3Q5rVSuyTzguP8vMuwVhc3w3UHSBpckDQcczgjy6s'}
[2023-08-25 10:57:07,834] logger_util.py->write_log line:61 [INFO] 请求参数：{'aa7': '0'}
[2023-08-25 10:57:07,834] logger_util.py->write_log line:61 [INFO] 文件上传：None
[2023-08-25 10:57:07,837] logger_util.py->error_log line:65 [INFO] 断言失败:allSuccess不等于True
[2023-08-25 10:57:07,837] logger_util.py->write_log line:61 [INFO] 实际结果：{'allSuccess': False, 'items': {'aa7': {'value': None, 'quality': 1, 'errorMsg': '写值失败'}}}
[2023-08-25 10:57:07,837] logger_util.py->write_log line:61 [INFO] 接口请求失败！
[2023-08-25 10:57:07,837] logger_util.py->write_log line:61 [INFO] -------------接口请求结束-----------

[2023-08-25 10:57:07,837] logger_util.py->error_log line:65 [INFO] 断言异常：异常信息: Traceback (most recent call last):
  File "E:\Project_python\api_cms\common\requests_util.py", line 368, in validate_result
    error_log("断言失败:" + assert_key + "不等于" + str(assert_value))
  File "E:\Project_python\api_cms\common\logger_util.py", line 66, in error_log
    raise Exception(log_message)
Exception: 断言失败:allSuccess不等于True

[2023-08-25 10:57:07,837] logger_util.py->error_log line:65 [INFO] 分析YAML文件异常：异常信息: Traceback (most recent call last):
  File "E:\Project_python\api_cms\common\requests_util.py", line 368, in validate_result
    error_log("断言失败:" + assert_key + "不等于" + str(assert_value))
  File "E:\Project_python\api_cms\common\logger_util.py", line 66, in error_log
    raise Exception(log_message)
Exception: 断言失败:allSuccess不等于True

During handling of the above exception, another exception occurred:

Traceback (most recent call last):
  File "E:\Project_python\api_cms\common\requests_util.py", line 238, in analysis_yaml
    self.validate_result(yq_result, return_data, status_code)
  File "E:\Project_python\api_cms\common\requests_util.py", line 413, in validate_result
    error_log("断言异常：异常信息: %s" % str(traceback.format_exc()))
  File "E:\Project_python\api_cms\common\logger_util.py", line 66, in error_log
    raise Exception(log_message)
Exception: 断言异常：异常信息: Traceback (most recent call last):
  File "E:\Project_python\api_cms\common\requests_util.py", line 368, in validate_result
    error_log("断言失败:" + assert_key + "不等于" + str(assert_value))
  File "E:\Project_python\api_cms\common\logger_util.py", line 66, in error_log
    raise Exception(log_message)
Exception: 断言失败:allSuccess不等于True


[2023-08-25 10:57:07,867] logger_util.py->write_log line:61 [INFO] 
-------------接口请求开始-----------
[2023-08-25 10:57:07,867] logger_util.py->write_log line:61 [INFO] 接口名称：下发内部变量-aa7-无符号32位整型
[2023-08-25 10:57:07,867] logger_util.py->write_log line:61 [INFO] 接口方式：post
[2023-08-25 10:57:07,867] logger_util.py->write_log line:61 [INFO] 接口路径：http://127.0.0.1:18000/api/v1/variable/setvalues
[2023-08-25 10:57:07,867] logger_util.py->write_log line:61 [INFO] 请求头：{'X-Project': 'a68f8739e9094911b0f74421369649cb', 'Authorization': 'Bearer eyJhbGciOiJIUzI1NiIsInR5cCI6IkpXVCJ9.eyJodHRwOi8vc2NoZW1hcy54bWxzb2FwLm9yZy93cy8yMDA1LzA1L2lkZW50aXR5L2NsYWltcy9uYW1lIjoiU3VwZXJBZG1pbiIsImh0dHA6Ly9zY2hlbWFzLnhtbHNvYXAub3JnL3dzLzIwMDUvMDUvaWRlbnRpdHkvY2xhaW1zL25hbWVpZGVudGlmaWVyIjoiU3VwZXJBZG1pbiIsImV4cCI6MTY5MzQ1MTIxNSwiaXNzIjoiQ01TdjIiLCJhdWQiOiJBcGkifQ.gj3Q5rVSuyTzguP8vMuwVhc3w3UHSBpckDQcczgjy6s'}
[2023-08-25 10:57:07,867] logger_util.py->write_log line:61 [INFO] 请求参数：{'aa7': '4294967295'}
[2023-08-25 10:57:07,867] logger_util.py->write_log line:61 [INFO] 文件上传：None
[2023-08-25 10:57:07,870] logger_util.py->error_log line:65 [INFO] 断言失败:allSuccess不等于True
[2023-08-25 10:57:07,870] logger_util.py->write_log line:61 [INFO] 实际结果：{'allSuccess': False, 'items': {'aa7': {'value': None, 'quality': 1, 'errorMsg': '写值失败'}}}
[2023-08-25 10:57:07,870] logger_util.py->write_log line:61 [INFO] 接口请求失败！
[2023-08-25 10:57:07,870] logger_util.py->write_log line:61 [INFO] -------------接口请求结束-----------

[2023-08-25 10:57:07,870] logger_util.py->error_log line:65 [INFO] 断言异常：异常信息: Traceback (most recent call last):
  File "E:\Project_python\api_cms\common\requests_util.py", line 368, in validate_result
    error_log("断言失败:" + assert_key + "不等于" + str(assert_value))
  File "E:\Project_python\api_cms\common\logger_util.py", line 66, in error_log
    raise Exception(log_message)
Exception: 断言失败:allSuccess不等于True

[2023-08-25 10:57:07,870] logger_util.py->error_log line:65 [INFO] 分析YAML文件异常：异常信息: Traceback (most recent call last):
  File "E:\Project_python\api_cms\common\requests_util.py", line 368, in validate_result
    error_log("断言失败:" + assert_key + "不等于" + str(assert_value))
  File "E:\Project_python\api_cms\common\logger_util.py", line 66, in error_log
    raise Exception(log_message)
Exception: 断言失败:allSuccess不等于True

During handling of the above exception, another exception occurred:

Traceback (most recent call last):
  File "E:\Project_python\api_cms\common\requests_util.py", line 238, in analysis_yaml
    self.validate_result(yq_result, return_data, status_code)
  File "E:\Project_python\api_cms\common\requests_util.py", line 413, in validate_result
    error_log("断言异常：异常信息: %s" % str(traceback.format_exc()))
  File "E:\Project_python\api_cms\common\logger_util.py", line 66, in error_log
    raise Exception(log_message)
Exception: 断言异常：异常信息: Traceback (most recent call last):
  File "E:\Project_python\api_cms\common\requests_util.py", line 368, in validate_result
    error_log("断言失败:" + assert_key + "不等于" + str(assert_value))
  File "E:\Project_python\api_cms\common\logger_util.py", line 66, in error_log
    raise Exception(log_message)
Exception: 断言失败:allSuccess不等于True


[2023-08-25 10:57:07,900] logger_util.py->write_log line:61 [INFO] 
-------------接口请求开始-----------
[2023-08-25 10:57:07,900] logger_util.py->write_log line:61 [INFO] 接口名称：下发内部变量-aa8-有符号64位整型
[2023-08-25 10:57:07,900] logger_util.py->write_log line:61 [INFO] 接口方式：post
[2023-08-25 10:57:07,900] logger_util.py->write_log line:61 [INFO] 接口路径：http://127.0.0.1:18000/api/v1/variable/setvalues
[2023-08-25 10:57:07,900] logger_util.py->write_log line:61 [INFO] 请求头：{'X-Project': 'a68f8739e9094911b0f74421369649cb', 'Authorization': 'Bearer eyJhbGciOiJIUzI1NiIsInR5cCI6IkpXVCJ9.eyJodHRwOi8vc2NoZW1hcy54bWxzb2FwLm9yZy93cy8yMDA1LzA1L2lkZW50aXR5L2NsYWltcy9uYW1lIjoiU3VwZXJBZG1pbiIsImh0dHA6Ly9zY2hlbWFzLnhtbHNvYXAub3JnL3dzLzIwMDUvMDUvaWRlbnRpdHkvY2xhaW1zL25hbWVpZGVudGlmaWVyIjoiU3VwZXJBZG1pbiIsImV4cCI6MTY5MzQ1MTIxNSwiaXNzIjoiQ01TdjIiLCJhdWQiOiJBcGkifQ.gj3Q5rVSuyTzguP8vMuwVhc3w3UHSBpckDQcczgjy6s'}
[2023-08-25 10:57:07,900] logger_util.py->write_log line:61 [INFO] 请求参数：{'aa8': '9223372036854775807'}
[2023-08-25 10:57:07,901] logger_util.py->write_log line:61 [INFO] 文件上传：None
[2023-08-25 10:57:07,903] logger_util.py->error_log line:65 [INFO] 断言失败:allSuccess不等于True
[2023-08-25 10:57:07,903] logger_util.py->write_log line:61 [INFO] 实际结果：{'allSuccess': False, 'items': {'aa8': {'value': None, 'quality': 1, 'errorMsg': '写值失败'}}}
[2023-08-25 10:57:07,903] logger_util.py->write_log line:61 [INFO] 接口请求失败！
[2023-08-25 10:57:07,903] logger_util.py->write_log line:61 [INFO] -------------接口请求结束-----------

[2023-08-25 10:57:07,904] logger_util.py->error_log line:65 [INFO] 断言异常：异常信息: Traceback (most recent call last):
  File "E:\Project_python\api_cms\common\requests_util.py", line 368, in validate_result
    error_log("断言失败:" + assert_key + "不等于" + str(assert_value))
  File "E:\Project_python\api_cms\common\logger_util.py", line 66, in error_log
    raise Exception(log_message)
Exception: 断言失败:allSuccess不等于True

[2023-08-25 10:57:07,904] logger_util.py->error_log line:65 [INFO] 分析YAML文件异常：异常信息: Traceback (most recent call last):
  File "E:\Project_python\api_cms\common\requests_util.py", line 368, in validate_result
    error_log("断言失败:" + assert_key + "不等于" + str(assert_value))
  File "E:\Project_python\api_cms\common\logger_util.py", line 66, in error_log
    raise Exception(log_message)
Exception: 断言失败:allSuccess不等于True

During handling of the above exception, another exception occurred:

Traceback (most recent call last):
  File "E:\Project_python\api_cms\common\requests_util.py", line 238, in analysis_yaml
    self.validate_result(yq_result, return_data, status_code)
  File "E:\Project_python\api_cms\common\requests_util.py", line 413, in validate_result
    error_log("断言异常：异常信息: %s" % str(traceback.format_exc()))
  File "E:\Project_python\api_cms\common\logger_util.py", line 66, in error_log
    raise Exception(log_message)
Exception: 断言异常：异常信息: Traceback (most recent call last):
  File "E:\Project_python\api_cms\common\requests_util.py", line 368, in validate_result
    error_log("断言失败:" + assert_key + "不等于" + str(assert_value))
  File "E:\Project_python\api_cms\common\logger_util.py", line 66, in error_log
    raise Exception(log_message)
Exception: 断言失败:allSuccess不等于True


[2023-08-25 10:57:07,934] logger_util.py->write_log line:61 [INFO] 
-------------接口请求开始-----------
[2023-08-25 10:57:07,934] logger_util.py->write_log line:61 [INFO] 接口名称：下发内部变量-aa8-有符号64位整型
[2023-08-25 10:57:07,935] logger_util.py->write_log line:61 [INFO] 接口方式：post
[2023-08-25 10:57:07,935] logger_util.py->write_log line:61 [INFO] 接口路径：http://127.0.0.1:18000/api/v1/variable/setvalues
[2023-08-25 10:57:07,935] logger_util.py->write_log line:61 [INFO] 请求头：{'X-Project': 'a68f8739e9094911b0f74421369649cb', 'Authorization': 'Bearer eyJhbGciOiJIUzI1NiIsInR5cCI6IkpXVCJ9.eyJodHRwOi8vc2NoZW1hcy54bWxzb2FwLm9yZy93cy8yMDA1LzA1L2lkZW50aXR5L2NsYWltcy9uYW1lIjoiU3VwZXJBZG1pbiIsImh0dHA6Ly9zY2hlbWFzLnhtbHNvYXAub3JnL3dzLzIwMDUvMDUvaWRlbnRpdHkvY2xhaW1zL25hbWVpZGVudGlmaWVyIjoiU3VwZXJBZG1pbiIsImV4cCI6MTY5MzQ1MTIxNSwiaXNzIjoiQ01TdjIiLCJhdWQiOiJBcGkifQ.gj3Q5rVSuyTzguP8vMuwVhc3w3UHSBpckDQcczgjy6s'}
[2023-08-25 10:57:07,935] logger_util.py->write_log line:61 [INFO] 请求参数：{'aa8': '-9223372036854775808'}
[2023-08-25 10:57:07,935] logger_util.py->write_log line:61 [INFO] 文件上传：None
[2023-08-25 10:57:07,938] logger_util.py->error_log line:65 [INFO] 断言失败:allSuccess不等于True
[2023-08-25 10:57:07,938] logger_util.py->write_log line:61 [INFO] 实际结果：{'allSuccess': False, 'items': {'aa8': {'value': None, 'quality': 1, 'errorMsg': '写值失败'}}}
[2023-08-25 10:57:07,938] logger_util.py->write_log line:61 [INFO] 接口请求失败！
[2023-08-25 10:57:07,938] logger_util.py->write_log line:61 [INFO] -------------接口请求结束-----------

[2023-08-25 10:57:07,938] logger_util.py->error_log line:65 [INFO] 断言异常：异常信息: Traceback (most recent call last):
  File "E:\Project_python\api_cms\common\requests_util.py", line 368, in validate_result
    error_log("断言失败:" + assert_key + "不等于" + str(assert_value))
  File "E:\Project_python\api_cms\common\logger_util.py", line 66, in error_log
    raise Exception(log_message)
Exception: 断言失败:allSuccess不等于True

[2023-08-25 10:57:07,938] logger_util.py->error_log line:65 [INFO] 分析YAML文件异常：异常信息: Traceback (most recent call last):
  File "E:\Project_python\api_cms\common\requests_util.py", line 368, in validate_result
    error_log("断言失败:" + assert_key + "不等于" + str(assert_value))
  File "E:\Project_python\api_cms\common\logger_util.py", line 66, in error_log
    raise Exception(log_message)
Exception: 断言失败:allSuccess不等于True

During handling of the above exception, another exception occurred:

Traceback (most recent call last):
  File "E:\Project_python\api_cms\common\requests_util.py", line 238, in analysis_yaml
    self.validate_result(yq_result, return_data, status_code)
  File "E:\Project_python\api_cms\common\requests_util.py", line 413, in validate_result
    error_log("断言异常：异常信息: %s" % str(traceback.format_exc()))
  File "E:\Project_python\api_cms\common\logger_util.py", line 66, in error_log
    raise Exception(log_message)
Exception: 断言异常：异常信息: Traceback (most recent call last):
  File "E:\Project_python\api_cms\common\requests_util.py", line 368, in validate_result
    error_log("断言失败:" + assert_key + "不等于" + str(assert_value))
  File "E:\Project_python\api_cms\common\logger_util.py", line 66, in error_log
    raise Exception(log_message)
Exception: 断言失败:allSuccess不等于True


[2023-08-25 10:57:07,968] logger_util.py->write_log line:61 [INFO] 
-------------接口请求开始-----------
[2023-08-25 10:57:07,968] logger_util.py->write_log line:61 [INFO] 接口名称：下发内部变量-aa9-无符号64位整型
[2023-08-25 10:57:07,968] logger_util.py->write_log line:61 [INFO] 接口方式：post
[2023-08-25 10:57:07,969] logger_util.py->write_log line:61 [INFO] 接口路径：http://127.0.0.1:18000/api/v1/variable/setvalues
[2023-08-25 10:57:07,969] logger_util.py->write_log line:61 [INFO] 请求头：{'X-Project': 'a68f8739e9094911b0f74421369649cb', 'Authorization': 'Bearer eyJhbGciOiJIUzI1NiIsInR5cCI6IkpXVCJ9.eyJodHRwOi8vc2NoZW1hcy54bWxzb2FwLm9yZy93cy8yMDA1LzA1L2lkZW50aXR5L2NsYWltcy9uYW1lIjoiU3VwZXJBZG1pbiIsImh0dHA6Ly9zY2hlbWFzLnhtbHNvYXAub3JnL3dzLzIwMDUvMDUvaWRlbnRpdHkvY2xhaW1zL25hbWVpZGVudGlmaWVyIjoiU3VwZXJBZG1pbiIsImV4cCI6MTY5MzQ1MTIxNSwiaXNzIjoiQ01TdjIiLCJhdWQiOiJBcGkifQ.gj3Q5rVSuyTzguP8vMuwVhc3w3UHSBpckDQcczgjy6s'}
[2023-08-25 10:57:07,969] logger_util.py->write_log line:61 [INFO] 请求参数：{'aa9': '0'}
[2023-08-25 10:57:07,969] logger_util.py->write_log line:61 [INFO] 文件上传：None
[2023-08-25 10:57:07,971] logger_util.py->error_log line:65 [INFO] 断言失败:allSuccess不等于True
[2023-08-25 10:57:07,972] logger_util.py->write_log line:61 [INFO] 实际结果：{'allSuccess': False, 'items': {'aa9': {'value': None, 'quality': 1, 'errorMsg': '写值失败'}}}
[2023-08-25 10:57:07,972] logger_util.py->write_log line:61 [INFO] 接口请求失败！
[2023-08-25 10:57:07,972] logger_util.py->write_log line:61 [INFO] -------------接口请求结束-----------

[2023-08-25 10:57:07,972] logger_util.py->error_log line:65 [INFO] 断言异常：异常信息: Traceback (most recent call last):
  File "E:\Project_python\api_cms\common\requests_util.py", line 368, in validate_result
    error_log("断言失败:" + assert_key + "不等于" + str(assert_value))
  File "E:\Project_python\api_cms\common\logger_util.py", line 66, in error_log
    raise Exception(log_message)
Exception: 断言失败:allSuccess不等于True

[2023-08-25 10:57:07,972] logger_util.py->error_log line:65 [INFO] 分析YAML文件异常：异常信息: Traceback (most recent call last):
  File "E:\Project_python\api_cms\common\requests_util.py", line 368, in validate_result
    error_log("断言失败:" + assert_key + "不等于" + str(assert_value))
  File "E:\Project_python\api_cms\common\logger_util.py", line 66, in error_log
    raise Exception(log_message)
Exception: 断言失败:allSuccess不等于True

During handling of the above exception, another exception occurred:

Traceback (most recent call last):
  File "E:\Project_python\api_cms\common\requests_util.py", line 238, in analysis_yaml
    self.validate_result(yq_result, return_data, status_code)
  File "E:\Project_python\api_cms\common\requests_util.py", line 413, in validate_result
    error_log("断言异常：异常信息: %s" % str(traceback.format_exc()))
  File "E:\Project_python\api_cms\common\logger_util.py", line 66, in error_log
    raise Exception(log_message)
Exception: 断言异常：异常信息: Traceback (most recent call last):
  File "E:\Project_python\api_cms\common\requests_util.py", line 368, in validate_result
    error_log("断言失败:" + assert_key + "不等于" + str(assert_value))
  File "E:\Project_python\api_cms\common\logger_util.py", line 66, in error_log
    raise Exception(log_message)
Exception: 断言失败:allSuccess不等于True


[2023-08-25 10:57:08,014] logger_util.py->write_log line:61 [INFO] 
-------------接口请求开始-----------
[2023-08-25 10:57:08,014] logger_util.py->write_log line:61 [INFO] 接口名称：下发内部变量-aa9-无符号64位整型
[2023-08-25 10:57:08,014] logger_util.py->write_log line:61 [INFO] 接口方式：post
[2023-08-25 10:57:08,014] logger_util.py->write_log line:61 [INFO] 接口路径：http://127.0.0.1:18000/api/v1/variable/setvalues
[2023-08-25 10:57:08,015] logger_util.py->write_log line:61 [INFO] 请求头：{'X-Project': 'a68f8739e9094911b0f74421369649cb', 'Authorization': 'Bearer eyJhbGciOiJIUzI1NiIsInR5cCI6IkpXVCJ9.eyJodHRwOi8vc2NoZW1hcy54bWxzb2FwLm9yZy93cy8yMDA1LzA1L2lkZW50aXR5L2NsYWltcy9uYW1lIjoiU3VwZXJBZG1pbiIsImh0dHA6Ly9zY2hlbWFzLnhtbHNvYXAub3JnL3dzLzIwMDUvMDUvaWRlbnRpdHkvY2xhaW1zL25hbWVpZGVudGlmaWVyIjoiU3VwZXJBZG1pbiIsImV4cCI6MTY5MzQ1MTIxNSwiaXNzIjoiQ01TdjIiLCJhdWQiOiJBcGkifQ.gj3Q5rVSuyTzguP8vMuwVhc3w3UHSBpckDQcczgjy6s'}
[2023-08-25 10:57:08,015] logger_util.py->write_log line:61 [INFO] 请求参数：{'aa9': '18446744073709551615'}
[2023-08-25 10:57:08,015] logger_util.py->write_log line:61 [INFO] 文件上传：None
[2023-08-25 10:57:08,018] logger_util.py->error_log line:65 [INFO] 断言失败:allSuccess不等于True
[2023-08-25 10:57:08,018] logger_util.py->write_log line:61 [INFO] 实际结果：{'allSuccess': False, 'items': {'aa9': {'value': None, 'quality': 1, 'errorMsg': '写值失败'}}}
[2023-08-25 10:57:08,018] logger_util.py->write_log line:61 [INFO] 接口请求失败！
[2023-08-25 10:57:08,018] logger_util.py->write_log line:61 [INFO] -------------接口请求结束-----------

[2023-08-25 10:57:08,018] logger_util.py->error_log line:65 [INFO] 断言异常：异常信息: Traceback (most recent call last):
  File "E:\Project_python\api_cms\common\requests_util.py", line 368, in validate_result
    error_log("断言失败:" + assert_key + "不等于" + str(assert_value))
  File "E:\Project_python\api_cms\common\logger_util.py", line 66, in error_log
    raise Exception(log_message)
Exception: 断言失败:allSuccess不等于True

[2023-08-25 10:57:08,018] logger_util.py->error_log line:65 [INFO] 分析YAML文件异常：异常信息: Traceback (most recent call last):
  File "E:\Project_python\api_cms\common\requests_util.py", line 368, in validate_result
    error_log("断言失败:" + assert_key + "不等于" + str(assert_value))
  File "E:\Project_python\api_cms\common\logger_util.py", line 66, in error_log
    raise Exception(log_message)
Exception: 断言失败:allSuccess不等于True

During handling of the above exception, another exception occurred:

Traceback (most recent call last):
  File "E:\Project_python\api_cms\common\requests_util.py", line 238, in analysis_yaml
    self.validate_result(yq_result, return_data, status_code)
  File "E:\Project_python\api_cms\common\requests_util.py", line 413, in validate_result
    error_log("断言异常：异常信息: %s" % str(traceback.format_exc()))
  File "E:\Project_python\api_cms\common\logger_util.py", line 66, in error_log
    raise Exception(log_message)
Exception: 断言异常：异常信息: Traceback (most recent call last):
  File "E:\Project_python\api_cms\common\requests_util.py", line 368, in validate_result
    error_log("断言失败:" + assert_key + "不等于" + str(assert_value))
  File "E:\Project_python\api_cms\common\logger_util.py", line 66, in error_log
    raise Exception(log_message)
Exception: 断言失败:allSuccess不等于True


[2023-08-25 10:57:08,049] logger_util.py->write_log line:61 [INFO] 
-------------接口请求开始-----------
[2023-08-25 10:57:08,049] logger_util.py->write_log line:61 [INFO] 接口名称：下发内部变量-aa10-F32位浮点数IEEE754
[2023-08-25 10:57:08,049] logger_util.py->write_log line:61 [INFO] 接口方式：post
[2023-08-25 10:57:08,049] logger_util.py->write_log line:61 [INFO] 接口路径：http://127.0.0.1:18000/api/v1/variable/setvalues
[2023-08-25 10:57:08,049] logger_util.py->write_log line:61 [INFO] 请求头：{'X-Project': 'a68f8739e9094911b0f74421369649cb', 'Authorization': 'Bearer eyJhbGciOiJIUzI1NiIsInR5cCI6IkpXVCJ9.eyJodHRwOi8vc2NoZW1hcy54bWxzb2FwLm9yZy93cy8yMDA1LzA1L2lkZW50aXR5L2NsYWltcy9uYW1lIjoiU3VwZXJBZG1pbiIsImh0dHA6Ly9zY2hlbWFzLnhtbHNvYXAub3JnL3dzLzIwMDUvMDUvaWRlbnRpdHkvY2xhaW1zL25hbWVpZGVudGlmaWVyIjoiU3VwZXJBZG1pbiIsImV4cCI6MTY5MzQ1MTIxNSwiaXNzIjoiQ01TdjIiLCJhdWQiOiJBcGkifQ.gj3Q5rVSuyTzguP8vMuwVhc3w3UHSBpckDQcczgjy6s'}
[2023-08-25 10:57:08,049] logger_util.py->write_log line:61 [INFO] 请求参数：{'aa10': '3.40282346638528E+38'}
[2023-08-25 10:57:08,049] logger_util.py->write_log line:61 [INFO] 文件上传：None
[2023-08-25 10:57:08,052] logger_util.py->error_log line:65 [INFO] 断言失败:allSuccess不等于True
[2023-08-25 10:57:08,052] logger_util.py->write_log line:61 [INFO] 实际结果：{'allSuccess': False, 'items': {'aa10': {'value': None, 'quality': 1, 'errorMsg': '写值失败'}}}
[2023-08-25 10:57:08,052] logger_util.py->write_log line:61 [INFO] 接口请求失败！
[2023-08-25 10:57:08,052] logger_util.py->write_log line:61 [INFO] -------------接口请求结束-----------

[2023-08-25 10:57:08,052] logger_util.py->error_log line:65 [INFO] 断言异常：异常信息: Traceback (most recent call last):
  File "E:\Project_python\api_cms\common\requests_util.py", line 368, in validate_result
    error_log("断言失败:" + assert_key + "不等于" + str(assert_value))
  File "E:\Project_python\api_cms\common\logger_util.py", line 66, in error_log
    raise Exception(log_message)
Exception: 断言失败:allSuccess不等于True

[2023-08-25 10:57:08,053] logger_util.py->error_log line:65 [INFO] 分析YAML文件异常：异常信息: Traceback (most recent call last):
  File "E:\Project_python\api_cms\common\requests_util.py", line 368, in validate_result
    error_log("断言失败:" + assert_key + "不等于" + str(assert_value))
  File "E:\Project_python\api_cms\common\logger_util.py", line 66, in error_log
    raise Exception(log_message)
Exception: 断言失败:allSuccess不等于True

During handling of the above exception, another exception occurred:

Traceback (most recent call last):
  File "E:\Project_python\api_cms\common\requests_util.py", line 238, in analysis_yaml
    self.validate_result(yq_result, return_data, status_code)
  File "E:\Project_python\api_cms\common\requests_util.py", line 413, in validate_result
    error_log("断言异常：异常信息: %s" % str(traceback.format_exc()))
  File "E:\Project_python\api_cms\common\logger_util.py", line 66, in error_log
    raise Exception(log_message)
Exception: 断言异常：异常信息: Traceback (most recent call last):
  File "E:\Project_python\api_cms\common\requests_util.py", line 368, in validate_result
    error_log("断言失败:" + assert_key + "不等于" + str(assert_value))
  File "E:\Project_python\api_cms\common\logger_util.py", line 66, in error_log
    raise Exception(log_message)
Exception: 断言失败:allSuccess不等于True


[2023-08-25 10:57:08,082] logger_util.py->write_log line:61 [INFO] 
-------------接口请求开始-----------
[2023-08-25 10:57:08,082] logger_util.py->write_log line:61 [INFO] 接口名称：下发内部变量-aa10-F32位浮点数IEEE754
[2023-08-25 10:57:08,082] logger_util.py->write_log line:61 [INFO] 接口方式：post
[2023-08-25 10:57:08,082] logger_util.py->write_log line:61 [INFO] 接口路径：http://127.0.0.1:18000/api/v1/variable/setvalues
[2023-08-25 10:57:08,083] logger_util.py->write_log line:61 [INFO] 请求头：{'X-Project': 'a68f8739e9094911b0f74421369649cb', 'Authorization': 'Bearer eyJhbGciOiJIUzI1NiIsInR5cCI6IkpXVCJ9.eyJodHRwOi8vc2NoZW1hcy54bWxzb2FwLm9yZy93cy8yMDA1LzA1L2lkZW50aXR5L2NsYWltcy9uYW1lIjoiU3VwZXJBZG1pbiIsImh0dHA6Ly9zY2hlbWFzLnhtbHNvYXAub3JnL3dzLzIwMDUvMDUvaWRlbnRpdHkvY2xhaW1zL25hbWVpZGVudGlmaWVyIjoiU3VwZXJBZG1pbiIsImV4cCI6MTY5MzQ1MTIxNSwiaXNzIjoiQ01TdjIiLCJhdWQiOiJBcGkifQ.gj3Q5rVSuyTzguP8vMuwVhc3w3UHSBpckDQcczgjy6s'}
[2023-08-25 10:57:08,083] logger_util.py->write_log line:61 [INFO] 请求参数：{'aa10': '-3.40282346638528E+38'}
[2023-08-25 10:57:08,083] logger_util.py->write_log line:61 [INFO] 文件上传：None
[2023-08-25 10:57:08,085] logger_util.py->error_log line:65 [INFO] 断言失败:allSuccess不等于True
[2023-08-25 10:57:08,086] logger_util.py->write_log line:61 [INFO] 实际结果：{'allSuccess': False, 'items': {'aa10': {'value': None, 'quality': 1, 'errorMsg': '写值失败'}}}
[2023-08-25 10:57:08,086] logger_util.py->write_log line:61 [INFO] 接口请求失败！
[2023-08-25 10:57:08,086] logger_util.py->write_log line:61 [INFO] -------------接口请求结束-----------

[2023-08-25 10:57:08,086] logger_util.py->error_log line:65 [INFO] 断言异常：异常信息: Traceback (most recent call last):
  File "E:\Project_python\api_cms\common\requests_util.py", line 368, in validate_result
    error_log("断言失败:" + assert_key + "不等于" + str(assert_value))
  File "E:\Project_python\api_cms\common\logger_util.py", line 66, in error_log
    raise Exception(log_message)
Exception: 断言失败:allSuccess不等于True

[2023-08-25 10:57:08,086] logger_util.py->error_log line:65 [INFO] 分析YAML文件异常：异常信息: Traceback (most recent call last):
  File "E:\Project_python\api_cms\common\requests_util.py", line 368, in validate_result
    error_log("断言失败:" + assert_key + "不等于" + str(assert_value))
  File "E:\Project_python\api_cms\common\logger_util.py", line 66, in error_log
    raise Exception(log_message)
Exception: 断言失败:allSuccess不等于True

During handling of the above exception, another exception occurred:

Traceback (most recent call last):
  File "E:\Project_python\api_cms\common\requests_util.py", line 238, in analysis_yaml
    self.validate_result(yq_result, return_data, status_code)
  File "E:\Project_python\api_cms\common\requests_util.py", line 413, in validate_result
    error_log("断言异常：异常信息: %s" % str(traceback.format_exc()))
  File "E:\Project_python\api_cms\common\logger_util.py", line 66, in error_log
    raise Exception(log_message)
Exception: 断言异常：异常信息: Traceback (most recent call last):
  File "E:\Project_python\api_cms\common\requests_util.py", line 368, in validate_result
    error_log("断言失败:" + assert_key + "不等于" + str(assert_value))
  File "E:\Project_python\api_cms\common\logger_util.py", line 66, in error_log
    raise Exception(log_message)
Exception: 断言失败:allSuccess不等于True


[2023-08-25 10:57:08,116] logger_util.py->write_log line:61 [INFO] 
-------------接口请求开始-----------
[2023-08-25 10:57:08,116] logger_util.py->write_log line:61 [INFO] 接口名称：下发内部变量-aa11-F64位浮点数IEEE754
[2023-08-25 10:57:08,116] logger_util.py->write_log line:61 [INFO] 接口方式：post
[2023-08-25 10:57:08,116] logger_util.py->write_log line:61 [INFO] 接口路径：http://127.0.0.1:18000/api/v1/variable/setvalues
[2023-08-25 10:57:08,116] logger_util.py->write_log line:61 [INFO] 请求头：{'X-Project': 'a68f8739e9094911b0f74421369649cb', 'Authorization': 'Bearer eyJhbGciOiJIUzI1NiIsInR5cCI6IkpXVCJ9.eyJodHRwOi8vc2NoZW1hcy54bWxzb2FwLm9yZy93cy8yMDA1LzA1L2lkZW50aXR5L2NsYWltcy9uYW1lIjoiU3VwZXJBZG1pbiIsImh0dHA6Ly9zY2hlbWFzLnhtbHNvYXAub3JnL3dzLzIwMDUvMDUvaWRlbnRpdHkvY2xhaW1zL25hbWVpZGVudGlmaWVyIjoiU3VwZXJBZG1pbiIsImV4cCI6MTY5MzQ1MTIxNSwiaXNzIjoiQ01TdjIiLCJhdWQiOiJBcGkifQ.gj3Q5rVSuyTzguP8vMuwVhc3w3UHSBpckDQcczgjy6s'}
[2023-08-25 10:57:08,116] logger_util.py->write_log line:61 [INFO] 请求参数：{'aa11': '1.7976931348623157E+308'}
[2023-08-25 10:57:08,116] logger_util.py->write_log line:61 [INFO] 文件上传：None
[2023-08-25 10:57:08,119] logger_util.py->error_log line:65 [INFO] 断言失败:allSuccess不等于True
[2023-08-25 10:57:08,119] logger_util.py->write_log line:61 [INFO] 实际结果：{'allSuccess': False, 'items': {'aa11': {'value': None, 'quality': 1, 'errorMsg': '写值失败'}}}
[2023-08-25 10:57:08,119] logger_util.py->write_log line:61 [INFO] 接口请求失败！
[2023-08-25 10:57:08,119] logger_util.py->write_log line:61 [INFO] -------------接口请求结束-----------

[2023-08-25 10:57:08,119] logger_util.py->error_log line:65 [INFO] 断言异常：异常信息: Traceback (most recent call last):
  File "E:\Project_python\api_cms\common\requests_util.py", line 368, in validate_result
    error_log("断言失败:" + assert_key + "不等于" + str(assert_value))
  File "E:\Project_python\api_cms\common\logger_util.py", line 66, in error_log
    raise Exception(log_message)
Exception: 断言失败:allSuccess不等于True

[2023-08-25 10:57:08,120] logger_util.py->error_log line:65 [INFO] 分析YAML文件异常：异常信息: Traceback (most recent call last):
  File "E:\Project_python\api_cms\common\requests_util.py", line 368, in validate_result
    error_log("断言失败:" + assert_key + "不等于" + str(assert_value))
  File "E:\Project_python\api_cms\common\logger_util.py", line 66, in error_log
    raise Exception(log_message)
Exception: 断言失败:allSuccess不等于True

During handling of the above exception, another exception occurred:

Traceback (most recent call last):
  File "E:\Project_python\api_cms\common\requests_util.py", line 238, in analysis_yaml
    self.validate_result(yq_result, return_data, status_code)
  File "E:\Project_python\api_cms\common\requests_util.py", line 413, in validate_result
    error_log("断言异常：异常信息: %s" % str(traceback.format_exc()))
  File "E:\Project_python\api_cms\common\logger_util.py", line 66, in error_log
    raise Exception(log_message)
Exception: 断言异常：异常信息: Traceback (most recent call last):
  File "E:\Project_python\api_cms\common\requests_util.py", line 368, in validate_result
    error_log("断言失败:" + assert_key + "不等于" + str(assert_value))
  File "E:\Project_python\api_cms\common\logger_util.py", line 66, in error_log
    raise Exception(log_message)
Exception: 断言失败:allSuccess不等于True


[2023-08-25 10:57:08,149] logger_util.py->write_log line:61 [INFO] 
-------------接口请求开始-----------
[2023-08-25 10:57:08,149] logger_util.py->write_log line:61 [INFO] 接口名称：下发内部变量-aa11-F64位浮点数IEEE754
[2023-08-25 10:57:08,149] logger_util.py->write_log line:61 [INFO] 接口方式：post
[2023-08-25 10:57:08,149] logger_util.py->write_log line:61 [INFO] 接口路径：http://127.0.0.1:18000/api/v1/variable/setvalues
[2023-08-25 10:57:08,149] logger_util.py->write_log line:61 [INFO] 请求头：{'X-Project': 'a68f8739e9094911b0f74421369649cb', 'Authorization': 'Bearer eyJhbGciOiJIUzI1NiIsInR5cCI6IkpXVCJ9.eyJodHRwOi8vc2NoZW1hcy54bWxzb2FwLm9yZy93cy8yMDA1LzA1L2lkZW50aXR5L2NsYWltcy9uYW1lIjoiU3VwZXJBZG1pbiIsImh0dHA6Ly9zY2hlbWFzLnhtbHNvYXAub3JnL3dzLzIwMDUvMDUvaWRlbnRpdHkvY2xhaW1zL25hbWVpZGVudGlmaWVyIjoiU3VwZXJBZG1pbiIsImV4cCI6MTY5MzQ1MTIxNSwiaXNzIjoiQ01TdjIiLCJhdWQiOiJBcGkifQ.gj3Q5rVSuyTzguP8vMuwVhc3w3UHSBpckDQcczgjy6s'}
[2023-08-25 10:57:08,149] logger_util.py->write_log line:61 [INFO] 请求参数：{'aa11': '-1.7976931348623157E+308'}
[2023-08-25 10:57:08,149] logger_util.py->write_log line:61 [INFO] 文件上传：None
[2023-08-25 10:57:08,152] logger_util.py->error_log line:65 [INFO] 断言失败:allSuccess不等于True
[2023-08-25 10:57:08,152] logger_util.py->write_log line:61 [INFO] 实际结果：{'allSuccess': False, 'items': {'aa11': {'value': None, 'quality': 1, 'errorMsg': '写值失败'}}}
[2023-08-25 10:57:08,152] logger_util.py->write_log line:61 [INFO] 接口请求失败！
[2023-08-25 10:57:08,152] logger_util.py->write_log line:61 [INFO] -------------接口请求结束-----------

[2023-08-25 10:57:08,152] logger_util.py->error_log line:65 [INFO] 断言异常：异常信息: Traceback (most recent call last):
  File "E:\Project_python\api_cms\common\requests_util.py", line 368, in validate_result
    error_log("断言失败:" + assert_key + "不等于" + str(assert_value))
  File "E:\Project_python\api_cms\common\logger_util.py", line 66, in error_log
    raise Exception(log_message)
Exception: 断言失败:allSuccess不等于True

[2023-08-25 10:57:08,153] logger_util.py->error_log line:65 [INFO] 分析YAML文件异常：异常信息: Traceback (most recent call last):
  File "E:\Project_python\api_cms\common\requests_util.py", line 368, in validate_result
    error_log("断言失败:" + assert_key + "不等于" + str(assert_value))
  File "E:\Project_python\api_cms\common\logger_util.py", line 66, in error_log
    raise Exception(log_message)
Exception: 断言失败:allSuccess不等于True

During handling of the above exception, another exception occurred:

Traceback (most recent call last):
  File "E:\Project_python\api_cms\common\requests_util.py", line 238, in analysis_yaml
    self.validate_result(yq_result, return_data, status_code)
  File "E:\Project_python\api_cms\common\requests_util.py", line 413, in validate_result
    error_log("断言异常：异常信息: %s" % str(traceback.format_exc()))
  File "E:\Project_python\api_cms\common\logger_util.py", line 66, in error_log
    raise Exception(log_message)
Exception: 断言异常：异常信息: Traceback (most recent call last):
  File "E:\Project_python\api_cms\common\requests_util.py", line 368, in validate_result
    error_log("断言失败:" + assert_key + "不等于" + str(assert_value))
  File "E:\Project_python\api_cms\common\logger_util.py", line 66, in error_log
    raise Exception(log_message)
Exception: 断言失败:allSuccess不等于True


[2023-08-25 10:57:08,184] logger_util.py->write_log line:61 [INFO] 
-------------接口请求开始-----------
[2023-08-25 10:57:08,184] logger_util.py->write_log line:61 [INFO] 接口名称：下发内部变量-aa12-字符串
[2023-08-25 10:57:08,184] logger_util.py->write_log line:61 [INFO] 接口方式：post
[2023-08-25 10:57:08,184] logger_util.py->write_log line:61 [INFO] 接口路径：http://127.0.0.1:18000/api/v1/variable/setvalues
[2023-08-25 10:57:08,184] logger_util.py->write_log line:61 [INFO] 请求头：{'X-Project': 'a68f8739e9094911b0f74421369649cb', 'Authorization': 'Bearer eyJhbGciOiJIUzI1NiIsInR5cCI6IkpXVCJ9.eyJodHRwOi8vc2NoZW1hcy54bWxzb2FwLm9yZy93cy8yMDA1LzA1L2lkZW50aXR5L2NsYWltcy9uYW1lIjoiU3VwZXJBZG1pbiIsImh0dHA6Ly9zY2hlbWFzLnhtbHNvYXAub3JnL3dzLzIwMDUvMDUvaWRlbnRpdHkvY2xhaW1zL25hbWVpZGVudGlmaWVyIjoiU3VwZXJBZG1pbiIsImV4cCI6MTY5MzQ1MTIxNSwiaXNzIjoiQ01TdjIiLCJhdWQiOiJBcGkifQ.gj3Q5rVSuyTzguP8vMuwVhc3w3UHSBpckDQcczgjy6s'}
[2023-08-25 10:57:08,184] logger_util.py->write_log line:61 [INFO] 请求参数：{'aa12': '文本1'}
[2023-08-25 10:57:08,184] logger_util.py->write_log line:61 [INFO] 文件上传：None
[2023-08-25 10:57:08,187] logger_util.py->error_log line:65 [INFO] 断言失败:allSuccess不等于True
[2023-08-25 10:57:08,187] logger_util.py->write_log line:61 [INFO] 实际结果：{'allSuccess': False, 'items': {'aa12': {'value': None, 'quality': 1, 'errorMsg': '写值失败'}}}
[2023-08-25 10:57:08,187] logger_util.py->write_log line:61 [INFO] 接口请求失败！
[2023-08-25 10:57:08,187] logger_util.py->write_log line:61 [INFO] -------------接口请求结束-----------

[2023-08-25 10:57:08,188] logger_util.py->error_log line:65 [INFO] 断言异常：异常信息: Traceback (most recent call last):
  File "E:\Project_python\api_cms\common\requests_util.py", line 368, in validate_result
    error_log("断言失败:" + assert_key + "不等于" + str(assert_value))
  File "E:\Project_python\api_cms\common\logger_util.py", line 66, in error_log
    raise Exception(log_message)
Exception: 断言失败:allSuccess不等于True

[2023-08-25 10:57:08,188] logger_util.py->error_log line:65 [INFO] 分析YAML文件异常：异常信息: Traceback (most recent call last):
  File "E:\Project_python\api_cms\common\requests_util.py", line 368, in validate_result
    error_log("断言失败:" + assert_key + "不等于" + str(assert_value))
  File "E:\Project_python\api_cms\common\logger_util.py", line 66, in error_log
    raise Exception(log_message)
Exception: 断言失败:allSuccess不等于True

During handling of the above exception, another exception occurred:

Traceback (most recent call last):
  File "E:\Project_python\api_cms\common\requests_util.py", line 238, in analysis_yaml
    self.validate_result(yq_result, return_data, status_code)
  File "E:\Project_python\api_cms\common\requests_util.py", line 413, in validate_result
    error_log("断言异常：异常信息: %s" % str(traceback.format_exc()))
  File "E:\Project_python\api_cms\common\logger_util.py", line 66, in error_log
    raise Exception(log_message)
Exception: 断言异常：异常信息: Traceback (most recent call last):
  File "E:\Project_python\api_cms\common\requests_util.py", line 368, in validate_result
    error_log("断言失败:" + assert_key + "不等于" + str(assert_value))
  File "E:\Project_python\api_cms\common\logger_util.py", line 66, in error_log
    raise Exception(log_message)
Exception: 断言失败:allSuccess不等于True


[2023-08-25 10:57:08,218] logger_util.py->write_log line:61 [INFO] 
-------------接口请求开始-----------
[2023-08-25 10:57:08,218] logger_util.py->write_log line:61 [INFO] 接口名称：下发内部变量-aa12-字符串
[2023-08-25 10:57:08,218] logger_util.py->write_log line:61 [INFO] 接口方式：post
[2023-08-25 10:57:08,218] logger_util.py->write_log line:61 [INFO] 接口路径：http://127.0.0.1:18000/api/v1/variable/setvalues
[2023-08-25 10:57:08,218] logger_util.py->write_log line:61 [INFO] 请求头：{'X-Project': 'a68f8739e9094911b0f74421369649cb', 'Authorization': 'Bearer eyJhbGciOiJIUzI1NiIsInR5cCI6IkpXVCJ9.eyJodHRwOi8vc2NoZW1hcy54bWxzb2FwLm9yZy93cy8yMDA1LzA1L2lkZW50aXR5L2NsYWltcy9uYW1lIjoiU3VwZXJBZG1pbiIsImh0dHA6Ly9zY2hlbWFzLnhtbHNvYXAub3JnL3dzLzIwMDUvMDUvaWRlbnRpdHkvY2xhaW1zL25hbWVpZGVudGlmaWVyIjoiU3VwZXJBZG1pbiIsImV4cCI6MTY5MzQ1MTIxNSwiaXNzIjoiQ01TdjIiLCJhdWQiOiJBcGkifQ.gj3Q5rVSuyTzguP8vMuwVhc3w3UHSBpckDQcczgjy6s'}
[2023-08-25 10:57:08,218] logger_util.py->write_log line:61 [INFO] 请求参数：{'aa12': '#-~（）%'}
[2023-08-25 10:57:08,218] logger_util.py->write_log line:61 [INFO] 文件上传：None
[2023-08-25 10:57:08,221] logger_util.py->error_log line:65 [INFO] 断言失败:allSuccess不等于True
[2023-08-25 10:57:08,221] logger_util.py->write_log line:61 [INFO] 实际结果：{'allSuccess': False, 'items': {'aa12': {'value': None, 'quality': 1, 'errorMsg': '写值失败'}}}
[2023-08-25 10:57:08,221] logger_util.py->write_log line:61 [INFO] 接口请求失败！
[2023-08-25 10:57:08,221] logger_util.py->write_log line:61 [INFO] -------------接口请求结束-----------

[2023-08-25 10:57:08,222] logger_util.py->error_log line:65 [INFO] 断言异常：异常信息: Traceback (most recent call last):
  File "E:\Project_python\api_cms\common\requests_util.py", line 368, in validate_result
    error_log("断言失败:" + assert_key + "不等于" + str(assert_value))
  File "E:\Project_python\api_cms\common\logger_util.py", line 66, in error_log
    raise Exception(log_message)
Exception: 断言失败:allSuccess不等于True

[2023-08-25 10:57:08,222] logger_util.py->error_log line:65 [INFO] 分析YAML文件异常：异常信息: Traceback (most recent call last):
  File "E:\Project_python\api_cms\common\requests_util.py", line 368, in validate_result
    error_log("断言失败:" + assert_key + "不等于" + str(assert_value))
  File "E:\Project_python\api_cms\common\logger_util.py", line 66, in error_log
    raise Exception(log_message)
Exception: 断言失败:allSuccess不等于True

During handling of the above exception, another exception occurred:

Traceback (most recent call last):
  File "E:\Project_python\api_cms\common\requests_util.py", line 238, in analysis_yaml
    self.validate_result(yq_result, return_data, status_code)
  File "E:\Project_python\api_cms\common\requests_util.py", line 413, in validate_result
    error_log("断言异常：异常信息: %s" % str(traceback.format_exc()))
  File "E:\Project_python\api_cms\common\logger_util.py", line 66, in error_log
    raise Exception(log_message)
Exception: 断言异常：异常信息: Traceback (most recent call last):
  File "E:\Project_python\api_cms\common\requests_util.py", line 368, in validate_result
    error_log("断言失败:" + assert_key + "不等于" + str(assert_value))
  File "E:\Project_python\api_cms\common\logger_util.py", line 66, in error_log
    raise Exception(log_message)
Exception: 断言失败:allSuccess不等于True


[2023-08-25 10:57:08,251] logger_util.py->write_log line:61 [INFO] 
-------------接口请求开始-----------
[2023-08-25 10:57:08,251] logger_util.py->write_log line:61 [INFO] 接口名称：下发内部变量-aa13-宽字符串
[2023-08-25 10:57:08,252] logger_util.py->write_log line:61 [INFO] 接口方式：post
[2023-08-25 10:57:08,252] logger_util.py->write_log line:61 [INFO] 接口路径：http://127.0.0.1:18000/api/v1/variable/setvalues
[2023-08-25 10:57:08,252] logger_util.py->write_log line:61 [INFO] 请求头：{'X-Project': 'a68f8739e9094911b0f74421369649cb', 'Authorization': 'Bearer eyJhbGciOiJIUzI1NiIsInR5cCI6IkpXVCJ9.eyJodHRwOi8vc2NoZW1hcy54bWxzb2FwLm9yZy93cy8yMDA1LzA1L2lkZW50aXR5L2NsYWltcy9uYW1lIjoiU3VwZXJBZG1pbiIsImh0dHA6Ly9zY2hlbWFzLnhtbHNvYXAub3JnL3dzLzIwMDUvMDUvaWRlbnRpdHkvY2xhaW1zL25hbWVpZGVudGlmaWVyIjoiU3VwZXJBZG1pbiIsImV4cCI6MTY5MzQ1MTIxNSwiaXNzIjoiQ01TdjIiLCJhdWQiOiJBcGkifQ.gj3Q5rVSuyTzguP8vMuwVhc3w3UHSBpckDQcczgjy6s'}
[2023-08-25 10:57:08,252] logger_util.py->write_log line:61 [INFO] 请求参数：{'aa13': '文本2'}
[2023-08-25 10:57:08,252] logger_util.py->write_log line:61 [INFO] 文件上传：None
[2023-08-25 10:57:08,255] logger_util.py->error_log line:65 [INFO] 断言失败:allSuccess不等于True
[2023-08-25 10:57:08,255] logger_util.py->write_log line:61 [INFO] 实际结果：{'allSuccess': False, 'items': {'aa13': {'value': None, 'quality': 1, 'errorMsg': '写值失败'}}}
[2023-08-25 10:57:08,255] logger_util.py->write_log line:61 [INFO] 接口请求失败！
[2023-08-25 10:57:08,255] logger_util.py->write_log line:61 [INFO] -------------接口请求结束-----------

[2023-08-25 10:57:08,255] logger_util.py->error_log line:65 [INFO] 断言异常：异常信息: Traceback (most recent call last):
  File "E:\Project_python\api_cms\common\requests_util.py", line 368, in validate_result
    error_log("断言失败:" + assert_key + "不等于" + str(assert_value))
  File "E:\Project_python\api_cms\common\logger_util.py", line 66, in error_log
    raise Exception(log_message)
Exception: 断言失败:allSuccess不等于True

[2023-08-25 10:57:08,256] logger_util.py->error_log line:65 [INFO] 分析YAML文件异常：异常信息: Traceback (most recent call last):
  File "E:\Project_python\api_cms\common\requests_util.py", line 368, in validate_result
    error_log("断言失败:" + assert_key + "不等于" + str(assert_value))
  File "E:\Project_python\api_cms\common\logger_util.py", line 66, in error_log
    raise Exception(log_message)
Exception: 断言失败:allSuccess不等于True

During handling of the above exception, another exception occurred:

Traceback (most recent call last):
  File "E:\Project_python\api_cms\common\requests_util.py", line 238, in analysis_yaml
    self.validate_result(yq_result, return_data, status_code)
  File "E:\Project_python\api_cms\common\requests_util.py", line 413, in validate_result
    error_log("断言异常：异常信息: %s" % str(traceback.format_exc()))
  File "E:\Project_python\api_cms\common\logger_util.py", line 66, in error_log
    raise Exception(log_message)
Exception: 断言异常：异常信息: Traceback (most recent call last):
  File "E:\Project_python\api_cms\common\requests_util.py", line 368, in validate_result
    error_log("断言失败:" + assert_key + "不等于" + str(assert_value))
  File "E:\Project_python\api_cms\common\logger_util.py", line 66, in error_log
    raise Exception(log_message)
Exception: 断言失败:allSuccess不等于True


[2023-08-25 10:57:08,315] logger_util.py->write_log line:61 [INFO] 
-------------接口请求开始-----------
[2023-08-25 10:57:08,315] logger_util.py->write_log line:61 [INFO] 接口名称：下发内部变量-aa13-宽字符串
[2023-08-25 10:57:08,315] logger_util.py->write_log line:61 [INFO] 接口方式：post
[2023-08-25 10:57:08,315] logger_util.py->write_log line:61 [INFO] 接口路径：http://127.0.0.1:18000/api/v1/variable/setvalues
[2023-08-25 10:57:08,315] logger_util.py->write_log line:61 [INFO] 请求头：{'X-Project': 'a68f8739e9094911b0f74421369649cb', 'Authorization': 'Bearer eyJhbGciOiJIUzI1NiIsInR5cCI6IkpXVCJ9.eyJodHRwOi8vc2NoZW1hcy54bWxzb2FwLm9yZy93cy8yMDA1LzA1L2lkZW50aXR5L2NsYWltcy9uYW1lIjoiU3VwZXJBZG1pbiIsImh0dHA6Ly9zY2hlbWFzLnhtbHNvYXAub3JnL3dzLzIwMDUvMDUvaWRlbnRpdHkvY2xhaW1zL25hbWVpZGVudGlmaWVyIjoiU3VwZXJBZG1pbiIsImV4cCI6MTY5MzQ1MTIxNSwiaXNzIjoiQ01TdjIiLCJhdWQiOiJBcGkifQ.gj3Q5rVSuyTzguP8vMuwVhc3w3UHSBpckDQcczgjy6s'}
[2023-08-25 10:57:08,315] logger_util.py->write_log line:61 [INFO] 请求参数：{'aa13': '#-~（）%'}
[2023-08-25 10:57:08,315] logger_util.py->write_log line:61 [INFO] 文件上传：None
[2023-08-25 10:57:08,318] logger_util.py->error_log line:65 [INFO] 断言失败:allSuccess不等于True
[2023-08-25 10:57:08,318] logger_util.py->write_log line:61 [INFO] 实际结果：{'allSuccess': False, 'items': {'aa13': {'value': None, 'quality': 1, 'errorMsg': '写值失败'}}}
[2023-08-25 10:57:08,318] logger_util.py->write_log line:61 [INFO] 接口请求失败！
[2023-08-25 10:57:08,318] logger_util.py->write_log line:61 [INFO] -------------接口请求结束-----------

[2023-08-25 10:57:08,319] logger_util.py->error_log line:65 [INFO] 断言异常：异常信息: Traceback (most recent call last):
  File "E:\Project_python\api_cms\common\requests_util.py", line 368, in validate_result
    error_log("断言失败:" + assert_key + "不等于" + str(assert_value))
  File "E:\Project_python\api_cms\common\logger_util.py", line 66, in error_log
    raise Exception(log_message)
Exception: 断言失败:allSuccess不等于True

[2023-08-25 10:57:08,319] logger_util.py->error_log line:65 [INFO] 分析YAML文件异常：异常信息: Traceback (most recent call last):
  File "E:\Project_python\api_cms\common\requests_util.py", line 368, in validate_result
    error_log("断言失败:" + assert_key + "不等于" + str(assert_value))
  File "E:\Project_python\api_cms\common\logger_util.py", line 66, in error_log
    raise Exception(log_message)
Exception: 断言失败:allSuccess不等于True

During handling of the above exception, another exception occurred:

Traceback (most recent call last):
  File "E:\Project_python\api_cms\common\requests_util.py", line 238, in analysis_yaml
    self.validate_result(yq_result, return_data, status_code)
  File "E:\Project_python\api_cms\common\requests_util.py", line 413, in validate_result
    error_log("断言异常：异常信息: %s" % str(traceback.format_exc()))
  File "E:\Project_python\api_cms\common\logger_util.py", line 66, in error_log
    raise Exception(log_message)
Exception: 断言异常：异常信息: Traceback (most recent call last):
  File "E:\Project_python\api_cms\common\requests_util.py", line 368, in validate_result
    error_log("断言失败:" + assert_key + "不等于" + str(assert_value))
  File "E:\Project_python\api_cms\common\logger_util.py", line 66, in error_log
    raise Exception(log_message)
Exception: 断言失败:allSuccess不等于True


[2023-08-25 10:57:08,349] logger_util.py->write_log line:61 [INFO] 
-------------接口请求开始-----------
[2023-08-25 10:57:08,349] logger_util.py->write_log line:61 [INFO] 接口名称：下发内部变量-aa14-日期
[2023-08-25 10:57:08,349] logger_util.py->write_log line:61 [INFO] 接口方式：post
[2023-08-25 10:57:08,349] logger_util.py->write_log line:61 [INFO] 接口路径：http://127.0.0.1:18000/api/v1/variable/setvalues
[2023-08-25 10:57:08,350] logger_util.py->write_log line:61 [INFO] 请求头：{'X-Project': 'a68f8739e9094911b0f74421369649cb', 'Authorization': 'Bearer eyJhbGciOiJIUzI1NiIsInR5cCI6IkpXVCJ9.eyJodHRwOi8vc2NoZW1hcy54bWxzb2FwLm9yZy93cy8yMDA1LzA1L2lkZW50aXR5L2NsYWltcy9uYW1lIjoiU3VwZXJBZG1pbiIsImh0dHA6Ly9zY2hlbWFzLnhtbHNvYXAub3JnL3dzLzIwMDUvMDUvaWRlbnRpdHkvY2xhaW1zL25hbWVpZGVudGlmaWVyIjoiU3VwZXJBZG1pbiIsImV4cCI6MTY5MzQ1MTIxNSwiaXNzIjoiQ01TdjIiLCJhdWQiOiJBcGkifQ.gj3Q5rVSuyTzguP8vMuwVhc3w3UHSBpckDQcczgjy6s'}
[2023-08-25 10:57:08,350] logger_util.py->write_log line:61 [INFO] 请求参数：{'aa14': '2023.10.20'}
[2023-08-25 10:57:08,350] logger_util.py->write_log line:61 [INFO] 文件上传：None
[2023-08-25 10:57:08,352] logger_util.py->error_log line:65 [INFO] 断言失败:allSuccess不等于True
[2023-08-25 10:57:08,352] logger_util.py->write_log line:61 [INFO] 实际结果：{'allSuccess': False, 'items': {'aa14': {'value': None, 'quality': 1, 'errorMsg': '写值失败'}}}
[2023-08-25 10:57:08,352] logger_util.py->write_log line:61 [INFO] 接口请求失败！
[2023-08-25 10:57:08,353] logger_util.py->write_log line:61 [INFO] -------------接口请求结束-----------

[2023-08-25 10:57:08,353] logger_util.py->error_log line:65 [INFO] 断言异常：异常信息: Traceback (most recent call last):
  File "E:\Project_python\api_cms\common\requests_util.py", line 368, in validate_result
    error_log("断言失败:" + assert_key + "不等于" + str(assert_value))
  File "E:\Project_python\api_cms\common\logger_util.py", line 66, in error_log
    raise Exception(log_message)
Exception: 断言失败:allSuccess不等于True

[2023-08-25 10:57:08,353] logger_util.py->error_log line:65 [INFO] 分析YAML文件异常：异常信息: Traceback (most recent call last):
  File "E:\Project_python\api_cms\common\requests_util.py", line 368, in validate_result
    error_log("断言失败:" + assert_key + "不等于" + str(assert_value))
  File "E:\Project_python\api_cms\common\logger_util.py", line 66, in error_log
    raise Exception(log_message)
Exception: 断言失败:allSuccess不等于True

During handling of the above exception, another exception occurred:

Traceback (most recent call last):
  File "E:\Project_python\api_cms\common\requests_util.py", line 238, in analysis_yaml
    self.validate_result(yq_result, return_data, status_code)
  File "E:\Project_python\api_cms\common\requests_util.py", line 413, in validate_result
    error_log("断言异常：异常信息: %s" % str(traceback.format_exc()))
  File "E:\Project_python\api_cms\common\logger_util.py", line 66, in error_log
    raise Exception(log_message)
Exception: 断言异常：异常信息: Traceback (most recent call last):
  File "E:\Project_python\api_cms\common\requests_util.py", line 368, in validate_result
    error_log("断言失败:" + assert_key + "不等于" + str(assert_value))
  File "E:\Project_python\api_cms\common\logger_util.py", line 66, in error_log
    raise Exception(log_message)
Exception: 断言失败:allSuccess不等于True


[2023-08-25 10:57:08,384] logger_util.py->write_log line:61 [INFO] 
-------------接口请求开始-----------
[2023-08-25 10:57:08,384] logger_util.py->write_log line:61 [INFO] 接口名称：下发内部变量-aa15-时间
[2023-08-25 10:57:08,384] logger_util.py->write_log line:61 [INFO] 接口方式：post
[2023-08-25 10:57:08,385] logger_util.py->write_log line:61 [INFO] 接口路径：http://127.0.0.1:18000/api/v1/variable/setvalues
[2023-08-25 10:57:08,385] logger_util.py->write_log line:61 [INFO] 请求头：{'X-Project': 'a68f8739e9094911b0f74421369649cb', 'Authorization': 'Bearer eyJhbGciOiJIUzI1NiIsInR5cCI6IkpXVCJ9.eyJodHRwOi8vc2NoZW1hcy54bWxzb2FwLm9yZy93cy8yMDA1LzA1L2lkZW50aXR5L2NsYWltcy9uYW1lIjoiU3VwZXJBZG1pbiIsImh0dHA6Ly9zY2hlbWFzLnhtbHNvYXAub3JnL3dzLzIwMDUvMDUvaWRlbnRpdHkvY2xhaW1zL25hbWVpZGVudGlmaWVyIjoiU3VwZXJBZG1pbiIsImV4cCI6MTY5MzQ1MTIxNSwiaXNzIjoiQ01TdjIiLCJhdWQiOiJBcGkifQ.gj3Q5rVSuyTzguP8vMuwVhc3w3UHSBpckDQcczgjy6s'}
[2023-08-25 10:57:08,385] logger_util.py->write_log line:61 [INFO] 请求参数：{'aa15': '18:40:55'}
[2023-08-25 10:57:08,385] logger_util.py->write_log line:61 [INFO] 文件上传：None
[2023-08-25 10:57:08,387] logger_util.py->error_log line:65 [INFO] 断言失败:allSuccess不等于True
[2023-08-25 10:57:08,388] logger_util.py->write_log line:61 [INFO] 实际结果：{'allSuccess': False, 'items': {'aa15': {'value': None, 'quality': 1, 'errorMsg': '写值失败'}}}
[2023-08-25 10:57:08,388] logger_util.py->write_log line:61 [INFO] 接口请求失败！
[2023-08-25 10:57:08,388] logger_util.py->write_log line:61 [INFO] -------------接口请求结束-----------

[2023-08-25 10:57:08,388] logger_util.py->error_log line:65 [INFO] 断言异常：异常信息: Traceback (most recent call last):
  File "E:\Project_python\api_cms\common\requests_util.py", line 368, in validate_result
    error_log("断言失败:" + assert_key + "不等于" + str(assert_value))
  File "E:\Project_python\api_cms\common\logger_util.py", line 66, in error_log
    raise Exception(log_message)
Exception: 断言失败:allSuccess不等于True

[2023-08-25 10:57:08,388] logger_util.py->error_log line:65 [INFO] 分析YAML文件异常：异常信息: Traceback (most recent call last):
  File "E:\Project_python\api_cms\common\requests_util.py", line 368, in validate_result
    error_log("断言失败:" + assert_key + "不等于" + str(assert_value))
  File "E:\Project_python\api_cms\common\logger_util.py", line 66, in error_log
    raise Exception(log_message)
Exception: 断言失败:allSuccess不等于True

During handling of the above exception, another exception occurred:

Traceback (most recent call last):
  File "E:\Project_python\api_cms\common\requests_util.py", line 238, in analysis_yaml
    self.validate_result(yq_result, return_data, status_code)
  File "E:\Project_python\api_cms\common\requests_util.py", line 413, in validate_result
    error_log("断言异常：异常信息: %s" % str(traceback.format_exc()))
  File "E:\Project_python\api_cms\common\logger_util.py", line 66, in error_log
    raise Exception(log_message)
Exception: 断言异常：异常信息: Traceback (most recent call last):
  File "E:\Project_python\api_cms\common\requests_util.py", line 368, in validate_result
    error_log("断言失败:" + assert_key + "不等于" + str(assert_value))
  File "E:\Project_python\api_cms\common\logger_util.py", line 66, in error_log
    raise Exception(log_message)
Exception: 断言失败:allSuccess不等于True


[2023-08-25 10:57:08,418] logger_util.py->write_log line:61 [INFO] 
-------------接口请求开始-----------
[2023-08-25 10:57:08,418] logger_util.py->write_log line:61 [INFO] 接口名称：下发内部变量-aa16-日期时间
[2023-08-25 10:57:08,418] logger_util.py->write_log line:61 [INFO] 接口方式：post
[2023-08-25 10:57:08,418] logger_util.py->write_log line:61 [INFO] 接口路径：http://127.0.0.1:18000/api/v1/variable/setvalues
[2023-08-25 10:57:08,418] logger_util.py->write_log line:61 [INFO] 请求头：{'X-Project': 'a68f8739e9094911b0f74421369649cb', 'Authorization': 'Bearer eyJhbGciOiJIUzI1NiIsInR5cCI6IkpXVCJ9.eyJodHRwOi8vc2NoZW1hcy54bWxzb2FwLm9yZy93cy8yMDA1LzA1L2lkZW50aXR5L2NsYWltcy9uYW1lIjoiU3VwZXJBZG1pbiIsImh0dHA6Ly9zY2hlbWFzLnhtbHNvYXAub3JnL3dzLzIwMDUvMDUvaWRlbnRpdHkvY2xhaW1zL25hbWVpZGVudGlmaWVyIjoiU3VwZXJBZG1pbiIsImV4cCI6MTY5MzQ1MTIxNSwiaXNzIjoiQ01TdjIiLCJhdWQiOiJBcGkifQ.gj3Q5rVSuyTzguP8vMuwVhc3w3UHSBpckDQcczgjy6s'}
[2023-08-25 10:57:08,419] logger_util.py->write_log line:61 [INFO] 请求参数：{'aa16': '2023.10.20 18:40:55'}
[2023-08-25 10:57:08,419] logger_util.py->write_log line:61 [INFO] 文件上传：None
[2023-08-25 10:57:08,421] logger_util.py->error_log line:65 [INFO] 断言失败:allSuccess不等于True
[2023-08-25 10:57:08,421] logger_util.py->write_log line:61 [INFO] 实际结果：{'allSuccess': False, 'items': {'aa16': {'value': None, 'quality': 1, 'errorMsg': '写值失败'}}}
[2023-08-25 10:57:08,422] logger_util.py->write_log line:61 [INFO] 接口请求失败！
[2023-08-25 10:57:08,422] logger_util.py->write_log line:61 [INFO] -------------接口请求结束-----------

[2023-08-25 10:57:08,422] logger_util.py->error_log line:65 [INFO] 断言异常：异常信息: Traceback (most recent call last):
  File "E:\Project_python\api_cms\common\requests_util.py", line 368, in validate_result
    error_log("断言失败:" + assert_key + "不等于" + str(assert_value))
  File "E:\Project_python\api_cms\common\logger_util.py", line 66, in error_log
    raise Exception(log_message)
Exception: 断言失败:allSuccess不等于True

[2023-08-25 10:57:08,422] logger_util.py->error_log line:65 [INFO] 分析YAML文件异常：异常信息: Traceback (most recent call last):
  File "E:\Project_python\api_cms\common\requests_util.py", line 368, in validate_result
    error_log("断言失败:" + assert_key + "不等于" + str(assert_value))
  File "E:\Project_python\api_cms\common\logger_util.py", line 66, in error_log
    raise Exception(log_message)
Exception: 断言失败:allSuccess不等于True

During handling of the above exception, another exception occurred:

Traceback (most recent call last):
  File "E:\Project_python\api_cms\common\requests_util.py", line 238, in analysis_yaml
    self.validate_result(yq_result, return_data, status_code)
  File "E:\Project_python\api_cms\common\requests_util.py", line 413, in validate_result
    error_log("断言异常：异常信息: %s" % str(traceback.format_exc()))
  File "E:\Project_python\api_cms\common\logger_util.py", line 66, in error_log
    raise Exception(log_message)
Exception: 断言异常：异常信息: Traceback (most recent call last):
  File "E:\Project_python\api_cms\common\requests_util.py", line 368, in validate_result
    error_log("断言失败:" + assert_key + "不等于" + str(assert_value))
  File "E:\Project_python\api_cms\common\logger_util.py", line 66, in error_log
    raise Exception(log_message)
Exception: 断言失败:allSuccess不等于True


