[2022-09-19 16:13:32,694] logger_util.py->error_log line:65 [INFO] 发送请求异常：异常信息: Traceback (most recent call last):
  File "E:\Project_python\2TestCMS2.0\common\requests_util.py", line 336, in send_request
    self.last_headers = self.replace_load(headers)
  File "E:\Project_python\2TestCMS2.0\common\requests_util.py", line 46, in replace_load
    new_value = getattr(DubugTalk(), func_name)(*args_value.split(','))
  File "E:\Project_python\2TestCMS2.0\debug_talk.py", line 16, in get_extract_data
    return read_extract_file(node_name)
  File "E:\Project_python\2TestCMS2.0\common\yaml_util.py", line 20, in read_extract_file
    return value[one_node]
TypeError: 'NoneType' object is not subscriptable

[2022-09-19 16:13:32,726] logger_util.py->error_log line:65 [INFO] 分析YAML文件异常：异常信息: Traceback (most recent call last):
  File "E:\Project_python\2TestCMS2.0\common\requests_util.py", line 336, in send_request
    self.last_headers = self.replace_load(headers)
  File "E:\Project_python\2TestCMS2.0\common\requests_util.py", line 46, in replace_load
    new_value = getattr(DubugTalk(), func_name)(*args_value.split(','))
  File "E:\Project_python\2TestCMS2.0\debug_talk.py", line 16, in get_extract_data
    return read_extract_file(node_name)
  File "E:\Project_python\2TestCMS2.0\common\yaml_util.py", line 20, in read_extract_file
    return value[one_node]
TypeError: 'NoneType' object is not subscriptable

During handling of the above exception, another exception occurred:

Traceback (most recent call last):
  File "E:\Project_python\2TestCMS2.0\common\requests_util.py", line 204, in analysis_yaml
    res = self.send_request(name =name,method=method,
  File "E:\Project_python\2TestCMS2.0\common\requests_util.py", line 360, in send_request
    error_log("发送请求异常：异常信息: %s" % str(traceback.format_exc()))
  File "E:\Project_python\2TestCMS2.0\common\logger_util.py", line 66, in error_log
    raise Exception(log_message)
Exception: 发送请求异常：异常信息: Traceback (most recent call last):
  File "E:\Project_python\2TestCMS2.0\common\requests_util.py", line 336, in send_request
    self.last_headers = self.replace_load(headers)
  File "E:\Project_python\2TestCMS2.0\common\requests_util.py", line 46, in replace_load
    new_value = getattr(DubugTalk(), func_name)(*args_value.split(','))
  File "E:\Project_python\2TestCMS2.0\debug_talk.py", line 16, in get_extract_data
    return read_extract_file(node_name)
  File "E:\Project_python\2TestCMS2.0\common\yaml_util.py", line 20, in read_extract_file
    return value[one_node]
TypeError: 'NoneType' object is not subscriptable


[2022-09-19 16:13:32,991] logger_util.py->write_log line:61 [INFO] -------------接口请求开始-----------
[2022-09-19 16:13:32,991] logger_util.py->write_log line:61 [INFO] 接口名称：上传图片
[2022-09-19 16:13:32,991] logger_util.py->write_log line:61 [INFO] 接口方式：post
[2022-09-19 16:13:32,991] logger_util.py->write_log line:61 [INFO] 接口路径：http://127.0.0.1:18000/api/v1/view/image/00000000000000000000000000000000
[2022-09-19 16:13:32,991] logger_util.py->write_log line:61 [INFO] 请求头：{'X-Project': 'dd4471375d85403682bb5411d904931c'}
[2022-09-19 16:13:32,991] logger_util.py->write_log line:61 [INFO] 文件上传：None
[2022-09-19 16:13:33,179] logger_util.py->write_log line:61 [INFO] 预期结果：[{'equals': {'status_code': 200}}]
[2022-09-19 16:13:33,179] logger_util.py->write_log line:61 [INFO] 实际结果：['ffdeef7ccc1a4a6ead3a0da1c630732f.jpg']
[2022-09-19 16:13:33,179] logger_util.py->write_log line:61 [INFO] 接口请求成功！
[2022-09-19 16:13:33,179] logger_util.py->write_log line:61 [INFO] -------------接口请求结束-----------

