[2023-06-02 18:54:16,944] logger_util.py->write_log line:61 [INFO] -------------接口请求开始-----------
[2023-06-02 18:54:16,945] logger_util.py->write_log line:61 [INFO] 接口名称：创建文件夹
[2023-06-02 18:54:16,945] logger_util.py->write_log line:61 [INFO] 接口方式：post
[2023-06-02 18:54:16,945] logger_util.py->write_log line:61 [INFO] 接口路径：http://127.0.0.1:18000/api/v1/dataconfig/folder
[2023-06-02 18:54:16,945] logger_util.py->write_log line:61 [INFO] 请求头：{'Content-Type': 'application/json;charset=UTF-8', 'X-Project': '83d42c5d5ad141bba528b7690b19996e'}
[2023-06-02 18:54:16,966] logger_util.py->write_log line:61 [INFO] 请求参数：{'parentId': '00000000-0000-0000-0000-000000000000', 'name': '文件夹9', 'sort': 2}
[2023-06-02 18:54:16,967] logger_util.py->write_log line:61 [INFO] 文件上传：None
[2023-06-02 18:54:17,422] logger_util.py->write_log line:61 [INFO] 预期结果：[{'equals': {'status_code': 200}}, {'equals': {'sort': 2}}, {'contains': 'id'}]
[2023-06-02 18:54:17,422] logger_util.py->write_log line:61 [INFO] 实际结果：{'id': '1aaee294-df98-4913-a58d-569a0af8218f', 'name': '文件夹9', 'parentId': '00000000-0000-0000-0000-000000000000', 'level': 0, 'sort': 2, 'createDateTime': '2023-06-02T18:54:17.1719224+08:00', 'operationTypes': [1, 4]}
[2023-06-02 18:54:17,423] logger_util.py->write_log line:61 [INFO] 接口请求成功！
[2023-06-02 18:54:17,423] logger_util.py->write_log line:61 [INFO] -------------接口请求结束-----------

[2023-06-02 18:54:17,431] logger_util.py->write_log line:61 [INFO] -------------接口请求开始-----------
[2023-06-02 18:54:17,432] logger_util.py->write_log line:61 [INFO] 接口名称：创建归档表
[2023-06-02 18:54:17,432] logger_util.py->write_log line:61 [INFO] 接口方式：post
[2023-06-02 18:54:17,432] logger_util.py->write_log line:61 [INFO] 接口路径：http://127.0.0.1:18000/api/v1/dataconfig/filingtable
[2023-06-02 18:54:17,432] logger_util.py->write_log line:61 [INFO] 请求头：{'Content-Type': 'application/json;charset=UTF-8', 'X-Project': '83d42c5d5ad141bba528b7690b19996e'}
[2023-06-02 18:54:17,432] logger_util.py->write_log line:61 [INFO] 请求参数：{'folderId': '00000000-0000-0000-0000-000000000000', 'name': '归档表62', 'sort': 2}
[2023-06-02 18:54:17,433] logger_util.py->write_log line:61 [INFO] 文件上传：None
[2023-06-02 18:54:17,881] logger_util.py->write_log line:61 [INFO] 预期结果：[{'equals': {'status_code': 200}}, {'equals': {'sort': 2}}, {'contains': 'id'}]
[2023-06-02 18:54:17,882] logger_util.py->write_log line:61 [INFO] 实际结果：{'id': '7cb5bd93-5a5c-40e5-af73-1a8e7762b1a5', 'folderId': '00000000-0000-0000-0000-000000000000', 'name': '归档表62', 'sort': 2, 'createDateTime': '2023-06-02T18:54:17.6587621+08:00', 'operationTypes': [1, 2, 3, 4], 'functionTypes': [1, 2, 3, 4], 'extendedHeaders': ['记录时间'], 'cacheConfig_EnableCache': False, 'cacheConfig_QuantityLimit': 0, 'cacheConfig_TimeSpanLimit': 0, 'cacheConfig_TimeSpanLimitUnit': 0, 'cacheConfig_ClearCache': '', 'storageConfig_ScheduledClear': False, 'storageConfig_ClearTriggerTime': None, 'storageConfig_ClearFrequency': 0, 'storageConfig_ClearFrequencyUnit': 0, 'storageConfig_ClearRetain': 0, 'storageConfig_ClearRetainUnit': 0, 'storageConfig_ScheduledBackup': False, 'storageConfig_BackupTriggerTime': None, 'storageConfig_BackupFrequency': 0, 'storageConfig_BackupFrequencyUnit': 0, 'storageConfig_BackupPath': ''}
[2023-06-02 18:54:17,882] logger_util.py->write_log line:61 [INFO] 接口请求成功！
[2023-06-02 18:54:17,883] logger_util.py->write_log line:61 [INFO] -------------接口请求结束-----------

[2023-06-02 18:54:17,903] logger_util.py->write_log line:61 [INFO] -------------接口请求开始-----------
[2023-06-02 18:54:17,903] logger_util.py->write_log line:61 [INFO] 接口名称：设置归档表字段配置
[2023-06-02 18:54:17,904] logger_util.py->write_log line:61 [INFO] 接口方式：put
[2023-06-02 18:54:17,904] logger_util.py->write_log line:61 [INFO] 接口路径：http://127.0.0.1:18000/api/v1/dataconfig/filingtable/7cb5bd93-5a5c-40e5-af73-1a8e7762b1a5/fields
[2023-06-02 18:54:17,904] logger_util.py->write_log line:61 [INFO] 请求头：{'Content-Type': 'application/json; =UTF-8', 'X-Project': '83d42c5d5ad141bba528b7690b19996e'}
[2023-06-02 18:54:17,904] logger_util.py->write_log line:61 [INFO] 请求参数：[{'fieldName': '系统时间', 'fieldType': 3, 'associatedVariable': 'DateTime', 'formula': '', 'id': ''}, {'fieldName': '函数时间', 'fieldType': 3, 'associatedVariable': '', 'formula': 'NOW(  )', 'id': ''}, {'fieldName': 'A1', 'fieldType': 1, 'associatedVariable': 'A1', 'formula': '', 'id': ''}, {'fieldName': 'B1', 'fieldType': 1, 'associatedVariable': 'B1', 'formula': '', 'id': ''}, {'fieldName': 'G1', 'fieldType': 1, 'associatedVariable': 'G1', 'formula': '', 'id': ''}, {'fieldName': 'H1', 'fieldType': 2, 'associatedVariable': 'H1', 'formula': '', 'id': ''}]
[2023-06-02 18:54:17,904] logger_util.py->write_log line:61 [INFO] 文件上传：None
[2023-06-02 18:54:18,484] logger_util.py->write_log line:61 [INFO] 预期结果：[{'equals': {'status_code': 200}}]
[2023-06-02 18:54:18,485] logger_util.py->write_log line:61 [INFO] 实际结果：
[2023-06-02 18:54:18,485] logger_util.py->write_log line:61 [INFO] 接口请求成功！
[2023-06-02 18:54:18,485] logger_util.py->write_log line:61 [INFO] -------------接口请求结束-----------

[2023-06-02 18:54:18,493] logger_util.py->write_log line:61 [INFO] -------------接口请求开始-----------
[2023-06-02 18:54:18,493] logger_util.py->write_log line:61 [INFO] 接口名称：创建聚合表
[2023-06-02 18:54:18,493] logger_util.py->write_log line:61 [INFO] 接口方式：post
[2023-06-02 18:54:18,493] logger_util.py->write_log line:61 [INFO] 接口路径：http://127.0.0.1:18000/api/v1/dataconfig/aggregatetable
[2023-06-02 18:54:18,494] logger_util.py->write_log line:61 [INFO] 请求头：{'Content-Type': 'application/json;charset=UTF-8', 'X-Project': '83d42c5d5ad141bba528b7690b19996e'}
[2023-06-02 18:54:18,494] logger_util.py->write_log line:61 [INFO] 请求参数：{'folderId': '00000000-0000-0000-0000-000000000000', 'name': '聚合表78', 'sort': 3, 'tableId': '7cb5bd93-5a5c-40e5-af73-1a8e7762b1a5', 'nodeType': 2}
[2023-06-02 18:54:18,494] logger_util.py->write_log line:61 [INFO] 文件上传：None
[2023-06-02 18:54:19,038] logger_util.py->write_log line:61 [INFO] 预期结果：[{'equals': {'status_code': 200}}, {'equals': {'sort': 3}}, {'contains': 'id'}]
[2023-06-02 18:54:19,038] logger_util.py->write_log line:61 [INFO] 实际结果：{'id': 'cc98f871-ef51-4929-9cba-59170aa6ba78', 'folderId': '00000000-0000-0000-0000-000000000000', 'relativeTableId': '7cb5bd93-5a5c-40e5-af73-1a8e7762b1a5', 'relativeType': 2, 'name': '聚合表78', 'sort': 3, 'createDateTime': '2023-06-02T18:54:18.7609646+08:00', 'preConditionType': 0, 'operationTypes': [1, 2, 3, 4], 'functionTypes': [2, 3, 4], 'extendedHeaders': ['记录时间'], 'storageConfig_ScheduledClear': False, 'storageConfig_ClearTriggerTime': None, 'storageConfig_ClearFrequency': 0, 'storageConfig_ClearFrequencyUnit': 0, 'storageConfig_ClearRetain': 0, 'storageConfig_ClearRetainUnit': 0, 'storageConfig_ScheduledBackup': False, 'storageConfig_BackupTriggerTime': None, 'storageConfig_BackupFrequency': 0, 'storageConfig_BackupFrequencyUnit': 0, 'storageConfig_BackupPath': ''}
[2023-06-02 18:54:19,038] logger_util.py->write_log line:61 [INFO] 接口请求成功！
[2023-06-02 18:54:19,039] logger_util.py->write_log line:61 [INFO] -------------接口请求结束-----------

[2023-06-02 18:54:19,060] logger_util.py->write_log line:61 [INFO] -------------接口请求开始-----------
[2023-06-02 18:54:19,060] logger_util.py->write_log line:61 [INFO] 接口名称：通过聚合表获取归档表字段
[2023-06-02 18:54:19,060] logger_util.py->write_log line:61 [INFO] 接口方式：get
[2023-06-02 18:54:19,060] logger_util.py->write_log line:61 [INFO] 接口路径：http://127.0.0.1:18000/api/v1/dataconfig/filingtable/fields/cc98f871-ef51-4929-9cba-59170aa6ba78
[2023-06-02 18:54:19,060] logger_util.py->write_log line:61 [INFO] 请求头：{'Content-Type': 'application/json; =UTF-8', 'X-Project': '83d42c5d5ad141bba528b7690b19996e'}
[2023-06-02 18:54:19,061] logger_util.py->write_log line:61 [INFO] 文件上传：None
[2023-06-02 18:54:19,071] logger_util.py->write_log line:61 [INFO] 预期结果：[{'equals': {'status_code': 200}}]
[2023-06-02 18:54:19,071] logger_util.py->write_log line:61 [INFO] 实际结果：[{'id': 'FTFdcc651d0c2474a4badfd625bb4f8d5c6', 'filingTableId': '7cb5bd93-5a5c-40e5-af73-1a8e7762b1a5', 'fieldName': '系统时间', 'fieldType': 3, 'associatedVariable': 'DateTime', 'formula': '', 'sort': 1}, {'id': 'FTF8f28717290204737b830f7621fb49d73', 'filingTableId': '7cb5bd93-5a5c-40e5-af73-1a8e7762b1a5', 'fieldName': '函数时间', 'fieldType': 3, 'associatedVariable': '', 'formula': 'NOW(  )', 'sort': 2}, {'id': 'FTF68095a8e36bb4fd286c426289ca8bbd0', 'filingTableId': '7cb5bd93-5a5c-40e5-af73-1a8e7762b1a5', 'fieldName': 'A1', 'fieldType': 1, 'associatedVariable': 'A1', 'formula': '', 'sort': 3}, {'id': 'FTF739c364570d548a6bb19c7811ea393b0', 'filingTableId': '7cb5bd93-5a5c-40e5-af73-1a8e7762b1a5', 'fieldName': 'B1', 'fieldType': 1, 'associatedVariable': 'B1', 'formula': '', 'sort': 4}, {'id': 'FTF5c4ef172aa96420fa37d592b2b1cf227', 'filingTableId': '7cb5bd93-5a5c-40e5-af73-1a8e7762b1a5', 'fieldName': 'G1', 'fieldType': 1, 'associatedVariable': 'G1', 'formula': '', 'sort': 5}, {'id': 'FTFd78e48fd0f0b493cb0ae4fee8fd0c315', 'filingTableId': '7cb5bd93-5a5c-40e5-af73-1a8e7762b1a5', 'fieldName': 'H1', 'fieldType': 2, 'associatedVariable': 'H1', 'formula': '', 'sort': 6}]
[2023-06-02 18:54:19,072] logger_util.py->write_log line:61 [INFO] 接口请求成功！
[2023-06-02 18:54:19,072] logger_util.py->write_log line:61 [INFO] -------------接口请求结束-----------

[2023-06-02 18:54:19,094] logger_util.py->write_log line:61 [INFO] -------------接口请求开始-----------
[2023-06-02 18:54:19,094] logger_util.py->write_log line:61 [INFO] 接口名称：设置聚合表字段配置
[2023-06-02 18:54:19,095] logger_util.py->write_log line:61 [INFO] 接口方式：put
[2023-06-02 18:54:19,095] logger_util.py->write_log line:61 [INFO] 接口路径：http://127.0.0.1:18000/api/v1/dataconfig/aggregatetable/cc98f871-ef51-4929-9cba-59170aa6ba78/fields
[2023-06-02 18:54:19,095] logger_util.py->write_log line:61 [INFO] 请求头：{'Content-Type': 'application/json;charset=UTF-8', 'X-Project': '83d42c5d5ad141bba528b7690b19996e'}
[2023-06-02 18:54:19,095] logger_util.py->write_log line:61 [INFO] 请求参数：[{'id': 'RandomId_2023-05-28T08:14:21.542Z|r5lcis8', 'fieldName': '系统时间', 'fieldType': 3, 'filingTableFieldId': 'FTFdcc651d0c2474a4badfd625bb4f8d5c6', 'filingTableFieldName': '系统时间', 'formula': '', 'groupType': 1, 'handleType': 1, '_X_ROW_KEY': 'row_1573'}, {'id': 'RandomId_2023-05-28T08:14:21.543Z|rjudvi8', 'fieldName': '函数时间', 'fieldType': 3, 'filingTableFieldId': 'FTF8f28717290204737b830f7621fb49d73', 'filingTableFieldName': '函数时间', 'formula': '', 'groupType': 1, 'handleType': 1, '_X_ROW_KEY': 'row_1574'}, {'id': 'RandomId_2023-05-28T08:14:21.543Z|ptduqqg', 'fieldName': 'A1', 'fieldType': 1, 'filingTableFieldId': 'FTF68095a8e36bb4fd286c426289ca8bbd0', 'filingTableFieldName': 'A1', 'formula': '', 'groupType': 2, 'handleType': 18, '_X_ROW_KEY': 'row_1575'}, {'id': 'RandomId_2023-05-28T08:14:21.543Z|rbvrmlo', 'fieldName': 'B1', 'fieldType': 1, 'filingTableFieldId': 'FTF739c364570d548a6bb19c7811ea393b0', 'filingTableFieldName': 'B1', 'formula': '', 'groupType': 2, 'handleType': 18, '_X_ROW_KEY': 'row_1576'}, {'id': 'RandomId_2023-05-28T08:14:21.543Z|477rd1g', 'fieldName': 'G1', 'fieldType': 1, 'filingTableFieldId': 'FTF5c4ef172aa96420fa37d592b2b1cf227', 'filingTableFieldName': 'G1', 'formula': '', 'groupType': 2, 'handleType': 18, '_X_ROW_KEY': 'row_1577'}, {'id': 'RandomId_2023-05-28T08:14:21.543Z|d4oll5o', 'fieldName': 'H1', 'fieldType': 2, 'filingTableFieldId': 'FTFd78e48fd0f0b493cb0ae4fee8fd0c315', 'filingTableFieldName': 'H1', 'formula': '', 'groupType': 1, 'handleType': 9, '_X_ROW_KEY': 'row_1578'}]
[2023-06-02 18:54:19,095] logger_util.py->write_log line:61 [INFO] 文件上传：None
[2023-06-02 18:54:19,904] logger_util.py->write_log line:61 [INFO] 预期结果：[{'equals': {'status_code': 200}}]
[2023-06-02 18:54:19,904] logger_util.py->write_log line:61 [INFO] 实际结果：
[2023-06-02 18:54:19,904] logger_util.py->write_log line:61 [INFO] 接口请求成功！
[2023-06-02 18:54:19,904] logger_util.py->write_log line:61 [INFO] -------------接口请求结束-----------

[2023-06-02 18:54:19,912] logger_util.py->write_log line:61 [INFO] -------------接口请求开始-----------
[2023-06-02 18:54:19,912] logger_util.py->write_log line:61 [INFO] 接口名称：字段配置删除警告
[2023-06-02 18:54:19,912] logger_util.py->write_log line:61 [INFO] 接口方式：post
[2023-06-02 18:54:19,912] logger_util.py->write_log line:61 [INFO] 接口路径：http://127.0.0.1:18000/api/v1/dataconfig/node/field/delewarning
[2023-06-02 18:54:19,912] logger_util.py->write_log line:61 [INFO] 请求头：{'Content-Type': 'application/json;charset=UTF-8', 'X-Project': '83d42c5d5ad141bba528b7690b19996e'}
[2023-06-02 18:54:19,912] logger_util.py->write_log line:61 [INFO] 请求参数：{'fieldIds': ['FTF68095a8e36bb4fd286c426289ca8bbd0']}
[2023-06-02 18:54:19,912] logger_util.py->write_log line:61 [INFO] 文件上传：None
[2023-06-02 18:54:19,918] logger_util.py->write_log line:61 [INFO] 预期结果：[{'equals': {'status_code': 200}}, {'equals': {'limited': True}}, {'equals': {'msg': '该字段已被关联的聚合表使用，不允许删除'}}]
[2023-06-02 18:54:19,918] logger_util.py->write_log line:61 [INFO] 实际结果：{'limited': True, 'msg': '该字段已被关联的聚合表使用，不允许删除'}
[2023-06-02 18:54:19,918] logger_util.py->write_log line:61 [INFO] 接口请求成功！
[2023-06-02 18:54:19,918] logger_util.py->write_log line:61 [INFO] -------------接口请求结束-----------

[2023-06-02 18:54:19,925] logger_util.py->write_log line:61 [INFO] -------------接口请求开始-----------
[2023-06-02 18:54:19,925] logger_util.py->write_log line:61 [INFO] 接口名称：查询删除警告-文件夹
[2023-06-02 18:54:19,925] logger_util.py->write_log line:61 [INFO] 接口方式：get
[2023-06-02 18:54:19,925] logger_util.py->write_log line:61 [INFO] 接口路径：http://127.0.0.1:18000/api/v1/dataconfig/node/deletewarning/1/1aaee294-df98-4913-a58d-569a0af8218f
[2023-06-02 18:54:19,925] logger_util.py->write_log line:61 [INFO] 请求头：{'Content-Type': 'application/json;charset=UTF-8', 'X-Project': '83d42c5d5ad141bba528b7690b19996e'}
[2023-06-02 18:54:19,926] logger_util.py->write_log line:61 [INFO] 文件上传：None
[2023-06-02 18:54:19,930] logger_util.py->write_log line:61 [INFO] 预期结果：[{'equals': {'status_code': 200}}, {'equals': {'popUp': True}}, {'equals': {'msg': '确认后，从列表中删除节点'}}]
[2023-06-02 18:54:19,930] logger_util.py->write_log line:61 [INFO] 实际结果：{'popUp': True, 'msg': '确认后，从列表中删除节点'}
[2023-06-02 18:54:19,930] logger_util.py->write_log line:61 [INFO] 接口请求成功！
[2023-06-02 18:54:19,930] logger_util.py->write_log line:61 [INFO] -------------接口请求结束-----------

[2023-06-02 18:54:19,939] logger_util.py->write_log line:61 [INFO] -------------接口请求开始-----------
[2023-06-02 18:54:19,939] logger_util.py->write_log line:61 [INFO] 接口名称：查询删除警告-归档表
[2023-06-02 18:54:19,939] logger_util.py->write_log line:61 [INFO] 接口方式：get
[2023-06-02 18:54:19,939] logger_util.py->write_log line:61 [INFO] 接口路径：http://127.0.0.1:18000/api/v1/dataconfig/node/deletewarning/2/7cb5bd93-5a5c-40e5-af73-1a8e7762b1a5
[2023-06-02 18:54:19,939] logger_util.py->write_log line:61 [INFO] 请求头：{'Content-Type': 'application/json;charset=UTF-8', 'X-Project': '83d42c5d5ad141bba528b7690b19996e'}
[2023-06-02 18:54:19,940] logger_util.py->write_log line:61 [INFO] 文件上传：None
[2023-06-02 18:54:19,944] logger_util.py->write_log line:61 [INFO] 预期结果：[{'equals': {'status_code': 200}}, {'equals': {'popUp': True}}, {'equals': {'msg': '删除该节点，将会同步删除有关联关系的数据表，是否确认删除？'}}]
[2023-06-02 18:54:19,944] logger_util.py->write_log line:61 [INFO] 实际结果：{'popUp': True, 'msg': '删除该节点，将会同步删除有关联关系的数据表，是否确认删除？'}
[2023-06-02 18:54:19,944] logger_util.py->write_log line:61 [INFO] 接口请求成功！
[2023-06-02 18:54:19,944] logger_util.py->write_log line:61 [INFO] -------------接口请求结束-----------

[2023-06-02 18:54:19,953] logger_util.py->write_log line:61 [INFO] -------------接口请求开始-----------
[2023-06-02 18:54:19,953] logger_util.py->write_log line:61 [INFO] 接口名称：查询删除警告-聚合表
[2023-06-02 18:54:19,953] logger_util.py->write_log line:61 [INFO] 接口方式：get
[2023-06-02 18:54:19,953] logger_util.py->write_log line:61 [INFO] 接口路径：http://127.0.0.1:18000/api/v1/dataconfig/node/deletewarning/3/cc98f871-ef51-4929-9cba-59170aa6ba78
[2023-06-02 18:54:19,953] logger_util.py->write_log line:61 [INFO] 请求头：{'Content-Type': 'application/json;charset=UTF-8', 'X-Project': '83d42c5d5ad141bba528b7690b19996e'}
[2023-06-02 18:54:19,953] logger_util.py->write_log line:61 [INFO] 文件上传：None
[2023-06-02 18:54:19,958] logger_util.py->write_log line:61 [INFO] 预期结果：[{'equals': {'status_code': 200}}, {'equals': {'popUp': True}}, {'equals': {'msg': '确认后，从列表中删除节点'}}]
[2023-06-02 18:54:19,958] logger_util.py->write_log line:61 [INFO] 实际结果：{'popUp': True, 'msg': '确认后，从列表中删除节点'}
[2023-06-02 18:54:19,958] logger_util.py->write_log line:61 [INFO] 接口请求成功！
[2023-06-02 18:54:19,958] logger_util.py->write_log line:61 [INFO] -------------接口请求结束-----------

[2023-06-02 18:54:19,964] logger_util.py->write_log line:61 [INFO] -------------接口请求开始-----------
[2023-06-02 18:54:19,964] logger_util.py->write_log line:61 [INFO] 接口名称：归档表创建副本
[2023-06-02 18:54:19,964] logger_util.py->write_log line:61 [INFO] 接口方式：post
[2023-06-02 18:54:19,965] logger_util.py->write_log line:61 [INFO] 接口路径：http://127.0.0.1:18000/api/v1/dataconfig/createreplicas
[2023-06-02 18:54:19,965] logger_util.py->write_log line:61 [INFO] 请求头：{'Content-Type': 'application/json;charset=UTF-8', 'X-Project': '83d42c5d5ad141bba528b7690b19996e'}
[2023-06-02 18:54:19,965] logger_util.py->write_log line:61 [INFO] 请求参数：{'copyFromId': '7cb5bd93-5a5c-40e5-af73-1a8e7762b1a5', 'nodeType': 2}
[2023-06-02 18:54:19,965] logger_util.py->write_log line:61 [INFO] 文件上传：None
[2023-06-02 18:54:21,229] logger_util.py->write_log line:61 [INFO] 预期结果：[{'equals': {'status_code': 200}}]
[2023-06-02 18:54:21,229] logger_util.py->write_log line:61 [INFO] 实际结果：{'id': '7d0b9666-0901-487f-8896-80d6c59a8f69', 'parentId': '00000000-0000-0000-0000-000000000000', 'name': '归档表62-0002', 'nodeType': 2, 'children': [], 'sort': 3, 'operations': [1, 2, 3, 4], 'functions': [1, 2, 3, 4]}
[2023-06-02 18:54:21,229] logger_util.py->write_log line:61 [INFO] 接口请求成功！
[2023-06-02 18:54:21,229] logger_util.py->write_log line:61 [INFO] -------------接口请求结束-----------

[2023-06-02 18:54:21,237] logger_util.py->write_log line:61 [INFO] -------------接口请求开始-----------
[2023-06-02 18:54:21,237] logger_util.py->write_log line:61 [INFO] 接口名称：聚合表创建副本
[2023-06-02 18:54:21,237] logger_util.py->write_log line:61 [INFO] 接口方式：post
[2023-06-02 18:54:21,238] logger_util.py->write_log line:61 [INFO] 接口路径：http://127.0.0.1:18000/api/v1/dataconfig/createreplicas
[2023-06-02 18:54:21,238] logger_util.py->write_log line:61 [INFO] 请求头：{'Content-Type': 'application/json;charset=UTF-8', 'X-Project': '83d42c5d5ad141bba528b7690b19996e'}
[2023-06-02 18:54:21,238] logger_util.py->write_log line:61 [INFO] 请求参数：{'copyFromId': 'cc98f871-ef51-4929-9cba-59170aa6ba78', 'nodeType': 3}
[2023-06-02 18:54:21,238] logger_util.py->write_log line:61 [INFO] 文件上传：None
[2023-06-02 18:54:23,517] logger_util.py->write_log line:61 [INFO] 预期结果：[{'equals': {'status_code': 200}}]
[2023-06-02 18:54:23,517] logger_util.py->write_log line:61 [INFO] 实际结果：{'id': '05d35f19-1796-43c2-b1fd-5f4e1de536bf', 'parentId': '00000000-0000-0000-0000-000000000000', 'name': '聚合表78-0002', 'nodeType': 3, 'children': [], 'sort': 5, 'operations': [1, 2, 3, 4], 'functions': [2, 3, 4]}
[2023-06-02 18:54:23,517] logger_util.py->write_log line:61 [INFO] 接口请求成功！
[2023-06-02 18:54:23,517] logger_util.py->write_log line:61 [INFO] -------------接口请求结束-----------

[2023-06-02 18:54:23,524] logger_util.py->write_log line:61 [INFO] -------------接口请求开始-----------
[2023-06-02 18:54:23,525] logger_util.py->write_log line:61 [INFO] 接口名称：归档表获取节点信息
[2023-06-02 18:54:23,525] logger_util.py->write_log line:61 [INFO] 接口方式：get
[2023-06-02 18:54:23,525] logger_util.py->write_log line:61 [INFO] 接口路径：http://127.0.0.1:18000/api/v1/dataconfig/node/2/7cb5bd93-5a5c-40e5-af73-1a8e7762b1a5
[2023-06-02 18:54:23,525] logger_util.py->write_log line:61 [INFO] 请求头：{'Content-Type': 'application/json;charset=UTF-8', 'X-Project': '83d42c5d5ad141bba528b7690b19996e'}
[2023-06-02 18:54:23,525] logger_util.py->write_log line:61 [INFO] 文件上传：None
[2023-06-02 18:54:23,530] logger_util.py->write_log line:61 [INFO] 预期结果：[{'equals': {'status_code': 200}}]
[2023-06-02 18:54:23,530] logger_util.py->write_log line:61 [INFO] 实际结果：{'id': '7cb5bd93-5a5c-40e5-af73-1a8e7762b1a5', 'folderId': '00000000-0000-0000-0000-000000000000', 'name': '归档表62', 'sort': 2, 'createDateTime': '2023-06-02T18:54:17.6587621', 'cacheConfig_EnableCache': False, 'cacheConfig_QuantityLimit': 0, 'cacheConfig_TimeSpanLimit': 0, 'cacheConfig_TimeSpanLimitUnit': 0, 'cacheConfig_ClearCache': '', 'storageConfig_ScheduledClear': False, 'storageConfig_ClearTriggerTime': '', 'storageConfig_ClearFrequency': 0, 'storageConfig_ClearFrequencyUnit': 0, 'storageConfig_ClearRetain': 0, 'storageConfig_ClearRetainUnit': 0, 'storageConfig_ScheduledBackup': False, 'storageConfig_BackupTriggerTime': '', 'storageConfig_BackupFrequency': 0, 'storageConfig_BackupFrequencyUnit': 0, 'storageConfig_BackupPath': '', 'operationTypes': [1, 2, 3, 4], 'functionTypes': [1, 2, 3, 4]}
[2023-06-02 18:54:23,530] logger_util.py->write_log line:61 [INFO] 接口请求成功！
[2023-06-02 18:54:23,530] logger_util.py->write_log line:61 [INFO] -------------接口请求结束-----------

[2023-06-02 18:54:23,539] logger_util.py->write_log line:61 [INFO] -------------接口请求开始-----------
[2023-06-02 18:54:23,539] logger_util.py->write_log line:61 [INFO] 接口名称：聚合表获取节点信息
[2023-06-02 18:54:23,540] logger_util.py->write_log line:61 [INFO] 接口方式：get
[2023-06-02 18:54:23,540] logger_util.py->write_log line:61 [INFO] 接口路径：http://127.0.0.1:18000/api/v1/dataconfig/node/3/cc98f871-ef51-4929-9cba-59170aa6ba78
[2023-06-02 18:54:23,540] logger_util.py->write_log line:61 [INFO] 请求头：{'Content-Type': 'application/json;charset=UTF-8', 'X-Project': '83d42c5d5ad141bba528b7690b19996e'}
[2023-06-02 18:54:23,540] logger_util.py->write_log line:61 [INFO] 文件上传：None
[2023-06-02 18:54:23,544] logger_util.py->write_log line:61 [INFO] 预期结果：[{'equals': {'status_code': 200}}]
[2023-06-02 18:54:23,544] logger_util.py->write_log line:61 [INFO] 实际结果：{'id': 'cc98f871-ef51-4929-9cba-59170aa6ba78', 'folderId': '00000000-0000-0000-0000-000000000000', 'name': '聚合表78', 'sort': 4, 'createDateTime': '2023-06-02T18:54:18.7609646', 'storageConfig_ScheduledClear': False, 'storageConfig_ClearTriggerTime': '', 'storageConfig_ClearFrequency': 0, 'storageConfig_ClearFrequencyUnit': 0, 'storageConfig_ClearRetain': 0, 'storageConfig_ClearRetainUnit': 0, 'storageConfig_ScheduledBackup': False, 'storageConfig_BackupTriggerTime': '', 'storageConfig_BackupFrequency': 0, 'storageConfig_BackupFrequencyUnit': 0, 'storageConfig_BackupPath': '', 'operationTypes': [1, 2, 3, 4], 'functionTypes': [2, 3, 4]}
[2023-06-02 18:54:23,545] logger_util.py->write_log line:61 [INFO] 接口请求成功！
[2023-06-02 18:54:23,545] logger_util.py->write_log line:61 [INFO] -------------接口请求结束-----------

[2023-06-02 18:54:23,552] logger_util.py->write_log line:61 [INFO] -------------接口请求开始-----------
[2023-06-02 18:54:23,553] logger_util.py->write_log line:61 [INFO] 接口名称：系统时间获取字段信息
[2023-06-02 18:54:23,553] logger_util.py->write_log line:61 [INFO] 接口方式：get
[2023-06-02 18:54:23,553] logger_util.py->write_log line:61 [INFO] 接口路径：http://127.0.0.1:18000/api/v1/dataconfig/node/field/FTFdcc651d0c2474a4badfd625bb4f8d5c6
[2023-06-02 18:54:23,553] logger_util.py->write_log line:61 [INFO] 请求头：{'Content-Type': 'application/json;charset=UTF-8', 'X-Project': '83d42c5d5ad141bba528b7690b19996e'}
[2023-06-02 18:54:23,553] logger_util.py->write_log line:61 [INFO] 文件上传：None
[2023-06-02 18:54:23,557] logger_util.py->write_log line:61 [INFO] 预期结果：[{'equals': {'status_code': 200}}]
[2023-06-02 18:54:23,557] logger_util.py->write_log line:61 [INFO] 实际结果：{'id': 'FTFdcc651d0c2474a4badfd625bb4f8d5c6', 'filingTableId': '7cb5bd93-5a5c-40e5-af73-1a8e7762b1a5', 'fieldName': '系统时间', 'fieldType': 3, 'associatedVariable': 'DateTime', 'formula': '', 'sort': 1}
[2023-06-02 18:54:23,557] logger_util.py->write_log line:61 [INFO] 接口请求成功！
[2023-06-02 18:54:23,558] logger_util.py->write_log line:61 [INFO] -------------接口请求结束-----------

[2023-06-02 18:54:23,564] logger_util.py->write_log line:61 [INFO] -------------接口请求开始-----------
[2023-06-02 18:54:23,565] logger_util.py->write_log line:61 [INFO] 接口名称：函数时间获取字段信息
[2023-06-02 18:54:23,565] logger_util.py->write_log line:61 [INFO] 接口方式：get
[2023-06-02 18:54:23,565] logger_util.py->write_log line:61 [INFO] 接口路径：http://127.0.0.1:18000/api/v1/dataconfig/node/field/FTF8f28717290204737b830f7621fb49d73
[2023-06-02 18:54:23,565] logger_util.py->write_log line:61 [INFO] 请求头：{'Content-Type': 'application/json;charset=UTF-8', 'X-Project': '83d42c5d5ad141bba528b7690b19996e'}
[2023-06-02 18:54:23,565] logger_util.py->write_log line:61 [INFO] 文件上传：None
[2023-06-02 18:54:23,571] logger_util.py->write_log line:61 [INFO] 预期结果：[{'equals': {'status_code': 200}}]
[2023-06-02 18:54:23,571] logger_util.py->write_log line:61 [INFO] 实际结果：{'id': 'FTF8f28717290204737b830f7621fb49d73', 'filingTableId': '7cb5bd93-5a5c-40e5-af73-1a8e7762b1a5', 'fieldName': '函数时间', 'fieldType': 3, 'associatedVariable': '', 'formula': 'NOW(  )', 'sort': 2}
[2023-06-02 18:54:23,571] logger_util.py->write_log line:61 [INFO] 接口请求成功！
[2023-06-02 18:54:23,571] logger_util.py->write_log line:61 [INFO] -------------接口请求结束-----------

[2023-06-02 18:54:23,578] logger_util.py->write_log line:61 [INFO] -------------接口请求开始-----------
[2023-06-02 18:54:23,579] logger_util.py->write_log line:61 [INFO] 接口名称：整型A1获取字段信息
[2023-06-02 18:54:23,579] logger_util.py->write_log line:61 [INFO] 接口方式：get
[2023-06-02 18:54:23,579] logger_util.py->write_log line:61 [INFO] 接口路径：http://127.0.0.1:18000/api/v1/dataconfig/node/field/FTF68095a8e36bb4fd286c426289ca8bbd0
[2023-06-02 18:54:23,579] logger_util.py->write_log line:61 [INFO] 请求头：{'Content-Type': 'application/json;charset=UTF-8', 'X-Project': '83d42c5d5ad141bba528b7690b19996e'}
[2023-06-02 18:54:23,579] logger_util.py->write_log line:61 [INFO] 文件上传：None
[2023-06-02 18:54:23,584] logger_util.py->write_log line:61 [INFO] 预期结果：[{'equals': {'status_code': 200}}]
[2023-06-02 18:54:23,584] logger_util.py->write_log line:61 [INFO] 实际结果：{'id': 'FTF68095a8e36bb4fd286c426289ca8bbd0', 'filingTableId': '7cb5bd93-5a5c-40e5-af73-1a8e7762b1a5', 'fieldName': 'A1', 'fieldType': 1, 'associatedVariable': 'A1', 'formula': '', 'sort': 3}
[2023-06-02 18:54:23,584] logger_util.py->write_log line:61 [INFO] 接口请求成功！
[2023-06-02 18:54:23,584] logger_util.py->write_log line:61 [INFO] -------------接口请求结束-----------

[2023-06-02 18:54:23,592] logger_util.py->write_log line:61 [INFO] -------------接口请求开始-----------
[2023-06-02 18:54:23,592] logger_util.py->write_log line:61 [INFO] 接口名称：浮点型B1获取字段信息
[2023-06-02 18:54:23,592] logger_util.py->write_log line:61 [INFO] 接口方式：get
[2023-06-02 18:54:23,592] logger_util.py->write_log line:61 [INFO] 接口路径：http://127.0.0.1:18000/api/v1/dataconfig/node/field/FTF739c364570d548a6bb19c7811ea393b0
[2023-06-02 18:54:23,592] logger_util.py->write_log line:61 [INFO] 请求头：{'Content-Type': 'application/json;charset=UTF-8', 'X-Project': '83d42c5d5ad141bba528b7690b19996e'}
[2023-06-02 18:54:23,592] logger_util.py->write_log line:61 [INFO] 文件上传：None
[2023-06-02 18:54:23,596] logger_util.py->write_log line:61 [INFO] 预期结果：[{'equals': {'status_code': 200}}]
[2023-06-02 18:54:23,597] logger_util.py->write_log line:61 [INFO] 实际结果：{'id': 'FTF739c364570d548a6bb19c7811ea393b0', 'filingTableId': '7cb5bd93-5a5c-40e5-af73-1a8e7762b1a5', 'fieldName': 'B1', 'fieldType': 1, 'associatedVariable': 'B1', 'formula': '', 'sort': 4}
[2023-06-02 18:54:23,597] logger_util.py->write_log line:61 [INFO] 接口请求成功！
[2023-06-02 18:54:23,597] logger_util.py->write_log line:61 [INFO] -------------接口请求结束-----------

[2023-06-02 18:54:23,606] logger_util.py->write_log line:61 [INFO] -------------接口请求开始-----------
[2023-06-02 18:54:23,606] logger_util.py->write_log line:61 [INFO] 接口名称：二进制G1获取字段信息
[2023-06-02 18:54:23,606] logger_util.py->write_log line:61 [INFO] 接口方式：get
[2023-06-02 18:54:23,607] logger_util.py->write_log line:61 [INFO] 接口路径：http://127.0.0.1:18000/api/v1/dataconfig/node/field/FTF5c4ef172aa96420fa37d592b2b1cf227
[2023-06-02 18:54:23,607] logger_util.py->write_log line:61 [INFO] 请求头：{'Content-Type': 'application/json;charset=UTF-8', 'X-Project': '83d42c5d5ad141bba528b7690b19996e'}
[2023-06-02 18:54:23,607] logger_util.py->write_log line:61 [INFO] 文件上传：None
[2023-06-02 18:54:23,611] logger_util.py->write_log line:61 [INFO] 预期结果：[{'equals': {'status_code': 200}}]
[2023-06-02 18:54:23,611] logger_util.py->write_log line:61 [INFO] 实际结果：{'id': 'FTF5c4ef172aa96420fa37d592b2b1cf227', 'filingTableId': '7cb5bd93-5a5c-40e5-af73-1a8e7762b1a5', 'fieldName': 'G1', 'fieldType': 1, 'associatedVariable': 'G1', 'formula': '', 'sort': 5}
[2023-06-02 18:54:23,611] logger_util.py->write_log line:61 [INFO] 接口请求成功！
[2023-06-02 18:54:23,611] logger_util.py->write_log line:61 [INFO] -------------接口请求结束-----------

[2023-06-02 18:54:23,619] logger_util.py->write_log line:61 [INFO] -------------接口请求开始-----------
[2023-06-02 18:54:23,619] logger_util.py->write_log line:61 [INFO] 接口名称：字符串H1获取字段信息
[2023-06-02 18:54:23,619] logger_util.py->write_log line:61 [INFO] 接口方式：get
[2023-06-02 18:54:23,619] logger_util.py->write_log line:61 [INFO] 接口路径：http://127.0.0.1:18000/api/v1/dataconfig/node/field/FTFd78e48fd0f0b493cb0ae4fee8fd0c315
[2023-06-02 18:54:23,619] logger_util.py->write_log line:61 [INFO] 请求头：{'Content-Type': 'application/json;charset=UTF-8', 'X-Project': '83d42c5d5ad141bba528b7690b19996e'}
[2023-06-02 18:54:23,619] logger_util.py->write_log line:61 [INFO] 文件上传：None
[2023-06-02 18:54:23,623] logger_util.py->write_log line:61 [INFO] 预期结果：[{'equals': {'status_code': 200}}]
[2023-06-02 18:54:23,624] logger_util.py->write_log line:61 [INFO] 实际结果：{'id': 'FTFd78e48fd0f0b493cb0ae4fee8fd0c315', 'filingTableId': '7cb5bd93-5a5c-40e5-af73-1a8e7762b1a5', 'fieldName': 'H1', 'fieldType': 2, 'associatedVariable': 'H1', 'formula': '', 'sort': 6}
[2023-06-02 18:54:23,624] logger_util.py->write_log line:61 [INFO] 接口请求成功！
[2023-06-02 18:54:23,624] logger_util.py->write_log line:61 [INFO] -------------接口请求结束-----------

[2023-06-02 18:54:23,631] logger_util.py->write_log line:61 [INFO] -------------接口请求开始-----------
[2023-06-02 18:54:23,631] logger_util.py->write_log line:61 [INFO] 接口名称：归档表排序到1
[2023-06-02 18:54:23,631] logger_util.py->write_log line:61 [INFO] 接口方式：put
[2023-06-02 18:54:23,632] logger_util.py->write_log line:61 [INFO] 接口路径：http://127.0.0.1:18000/api/v1/dataconfig/node/sort/2/7cb5bd93-5a5c-40e5-af73-1a8e7762b1a5/1
[2023-06-02 18:54:23,632] logger_util.py->write_log line:61 [INFO] 请求头：{'Content-Type': 'application/json;charset=UTF-8', 'X-Project': '83d42c5d5ad141bba528b7690b19996e'}
[2023-06-02 18:54:23,632] logger_util.py->write_log line:61 [INFO] 文件上传：None
[2023-06-02 18:54:23,891] logger_util.py->write_log line:61 [INFO] 预期结果：[{'equals': {'status_code': 200}}]
[2023-06-02 18:54:23,891] logger_util.py->write_log line:61 [INFO] 实际结果：
[2023-06-02 18:54:23,891] logger_util.py->write_log line:61 [INFO] 接口请求成功！
[2023-06-02 18:54:23,891] logger_util.py->write_log line:61 [INFO] -------------接口请求结束-----------

[2023-06-02 18:54:23,899] logger_util.py->write_log line:61 [INFO] -------------接口请求开始-----------
[2023-06-02 18:54:23,899] logger_util.py->write_log line:61 [INFO] 接口名称：聚合表排序到2
[2023-06-02 18:54:23,899] logger_util.py->write_log line:61 [INFO] 接口方式：put
[2023-06-02 18:54:23,899] logger_util.py->write_log line:61 [INFO] 接口路径：http://127.0.0.1:18000/api/v1/dataconfig/node/sort/3/cc98f871-ef51-4929-9cba-59170aa6ba78/2
[2023-06-02 18:54:23,900] logger_util.py->write_log line:61 [INFO] 请求头：{'Content-Type': 'application/json;charset=UTF-8', 'X-Project': '83d42c5d5ad141bba528b7690b19996e'}
[2023-06-02 18:54:23,900] logger_util.py->write_log line:61 [INFO] 文件上传：None
[2023-06-02 18:54:24,201] logger_util.py->write_log line:61 [INFO] 预期结果：[{'equals': {'status_code': 200}}]
[2023-06-02 18:54:24,201] logger_util.py->write_log line:61 [INFO] 实际结果：
[2023-06-02 18:54:24,201] logger_util.py->write_log line:61 [INFO] 接口请求成功！
[2023-06-02 18:54:24,201] logger_util.py->write_log line:61 [INFO] -------------接口请求结束-----------

[2023-06-02 18:54:24,209] logger_util.py->write_log line:61 [INFO] -------------接口请求开始-----------
[2023-06-02 18:54:24,209] logger_util.py->write_log line:61 [INFO] 接口名称：文件夹排序到3
[2023-06-02 18:54:24,210] logger_util.py->write_log line:61 [INFO] 接口方式：put
[2023-06-02 18:54:24,210] logger_util.py->write_log line:61 [INFO] 接口路径：http://127.0.0.1:18000/api/v1/dataconfig/node/sort/1/1aaee294-df98-4913-a58d-569a0af8218f/3
[2023-06-02 18:54:24,210] logger_util.py->write_log line:61 [INFO] 请求头：{'Content-Type': 'application/json;charset=UTF-8', 'X-Project': '83d42c5d5ad141bba528b7690b19996e'}
[2023-06-02 18:54:24,210] logger_util.py->write_log line:61 [INFO] 文件上传：None
[2023-06-02 18:54:24,429] logger_util.py->write_log line:61 [INFO] 预期结果：[{'equals': {'status_code': 200}}]
[2023-06-02 18:54:24,429] logger_util.py->write_log line:61 [INFO] 实际结果：
[2023-06-02 18:54:24,429] logger_util.py->write_log line:61 [INFO] 接口请求成功！
[2023-06-02 18:54:24,429] logger_util.py->write_log line:61 [INFO] -------------接口请求结束-----------

[2023-06-02 18:54:24,438] logger_util.py->write_log line:61 [INFO] -------------接口请求开始-----------
[2023-06-02 18:54:24,438] logger_util.py->write_log line:61 [INFO] 接口名称：拖拽排序归档表
[2023-06-02 18:54:24,439] logger_util.py->write_log line:61 [INFO] 接口方式：put
[2023-06-02 18:54:24,439] logger_util.py->write_log line:61 [INFO] 接口路径：http://127.0.0.1:18000/api/v1/dataconfig/node/sort/$csv{nodetype}/7cb5bd93-5a5c-40e5-af73-1a8e7762b1a5/1/1aaee294-df98-4913-a58d-569a0af8218f
[2023-06-02 18:54:24,439] logger_util.py->write_log line:61 [INFO] 请求头：{'Content-Type': 'application/json;charset=UTF-8', 'X-Project': '83d42c5d5ad141bba528b7690b19996e'}
[2023-06-02 18:54:24,439] logger_util.py->write_log line:61 [INFO] 文件上传：None
[2023-06-02 18:54:24,448] logger_util.py->error_log line:65 [INFO] 断言失败:status_code不等于200
[2023-06-02 18:54:24,449] logger_util.py->write_log line:61 [INFO] 接口请求失败！
[2023-06-02 18:54:24,449] logger_util.py->write_log line:61 [INFO] -------------接口请求结束-----------

[2023-06-02 18:54:24,450] logger_util.py->error_log line:65 [INFO] 断言异常：异常信息: Traceback (most recent call last):
  File "E:\Project_python\2TestCMS2.0\common\requests_util.py", line 366, in validate_result
    error_log("断言失败:"+assert_key+"不等于"+str(assert_value))
  File "E:\Project_python\2TestCMS2.0\common\logger_util.py", line 66, in error_log
    raise Exception(log_message)
Exception: 断言失败:status_code不等于200

[2023-06-02 18:54:24,450] logger_util.py->error_log line:65 [INFO] 分析YAML文件异常：异常信息: Traceback (most recent call last):
  File "E:\Project_python\2TestCMS2.0\common\requests_util.py", line 366, in validate_result
    error_log("断言失败:"+assert_key+"不等于"+str(assert_value))
  File "E:\Project_python\2TestCMS2.0\common\logger_util.py", line 66, in error_log
    raise Exception(log_message)
Exception: 断言失败:status_code不等于200

During handling of the above exception, another exception occurred:

Traceback (most recent call last):
  File "E:\Project_python\2TestCMS2.0\common\requests_util.py", line 248, in analysis_yaml
    self.validate_result(yq_result, return_data, status_code)
  File "E:\Project_python\2TestCMS2.0\common\requests_util.py", line 416, in validate_result
    error_log("断言异常：异常信息: %s" % str(traceback.format_exc()))
  File "E:\Project_python\2TestCMS2.0\common\logger_util.py", line 66, in error_log
    raise Exception(log_message)
Exception: 断言异常：异常信息: Traceback (most recent call last):
  File "E:\Project_python\2TestCMS2.0\common\requests_util.py", line 366, in validate_result
    error_log("断言失败:"+assert_key+"不等于"+str(assert_value))
  File "E:\Project_python\2TestCMS2.0\common\logger_util.py", line 66, in error_log
    raise Exception(log_message)
Exception: 断言失败:status_code不等于200


[2023-06-02 18:54:24,559] logger_util.py->write_log line:61 [INFO] -------------接口请求开始-----------
[2023-06-02 18:54:24,560] logger_util.py->write_log line:61 [INFO] 接口名称：拖拽排序聚合表
[2023-06-02 18:54:24,560] logger_util.py->write_log line:61 [INFO] 接口方式：put
[2023-06-02 18:54:24,560] logger_util.py->write_log line:61 [INFO] 接口路径：http://127.0.0.1:18000/api/v1/dataconfig/node/sort/$csv{nodetype}/cc98f871-ef51-4929-9cba-59170aa6ba78/2/1aaee294-df98-4913-a58d-569a0af8218f
[2023-06-02 18:54:24,560] logger_util.py->write_log line:61 [INFO] 请求头：{'Content-Type': 'application/json;charset=UTF-8', 'X-Project': '83d42c5d5ad141bba528b7690b19996e'}
[2023-06-02 18:54:24,560] logger_util.py->write_log line:61 [INFO] 文件上传：None
[2023-06-02 18:54:24,563] logger_util.py->error_log line:65 [INFO] 断言失败:status_code不等于200
[2023-06-02 18:54:24,563] logger_util.py->write_log line:61 [INFO] 接口请求失败！
[2023-06-02 18:54:24,563] logger_util.py->write_log line:61 [INFO] -------------接口请求结束-----------

[2023-06-02 18:54:24,563] logger_util.py->error_log line:65 [INFO] 断言异常：异常信息: Traceback (most recent call last):
  File "E:\Project_python\2TestCMS2.0\common\requests_util.py", line 366, in validate_result
    error_log("断言失败:"+assert_key+"不等于"+str(assert_value))
  File "E:\Project_python\2TestCMS2.0\common\logger_util.py", line 66, in error_log
    raise Exception(log_message)
Exception: 断言失败:status_code不等于200

[2023-06-02 18:54:24,564] logger_util.py->error_log line:65 [INFO] 分析YAML文件异常：异常信息: Traceback (most recent call last):
  File "E:\Project_python\2TestCMS2.0\common\requests_util.py", line 366, in validate_result
    error_log("断言失败:"+assert_key+"不等于"+str(assert_value))
  File "E:\Project_python\2TestCMS2.0\common\logger_util.py", line 66, in error_log
    raise Exception(log_message)
Exception: 断言失败:status_code不等于200

During handling of the above exception, another exception occurred:

Traceback (most recent call last):
  File "E:\Project_python\2TestCMS2.0\common\requests_util.py", line 248, in analysis_yaml
    self.validate_result(yq_result, return_data, status_code)
  File "E:\Project_python\2TestCMS2.0\common\requests_util.py", line 416, in validate_result
    error_log("断言异常：异常信息: %s" % str(traceback.format_exc()))
  File "E:\Project_python\2TestCMS2.0\common\logger_util.py", line 66, in error_log
    raise Exception(log_message)
Exception: 断言异常：异常信息: Traceback (most recent call last):
  File "E:\Project_python\2TestCMS2.0\common\requests_util.py", line 366, in validate_result
    error_log("断言失败:"+assert_key+"不等于"+str(assert_value))
  File "E:\Project_python\2TestCMS2.0\common\logger_util.py", line 66, in error_log
    raise Exception(log_message)
Exception: 断言失败:status_code不等于200


