[2023-08-17 16:17:06,750] logger_util.py->write_log line:61 [INFO] -------------接口请求开始-----------
[2023-08-17 16:17:06,750] logger_util.py->write_log line:61 [INFO] 接口名称：创建工程
[2023-08-17 16:17:06,750] logger_util.py->write_log line:61 [INFO] 接口方式：post
[2023-08-17 16:17:06,751] logger_util.py->write_log line:61 [INFO] 接口路径：http://127.0.0.1:18000/api/v1/project/node
[2023-08-17 16:17:06,751] logger_util.py->write_log line:61 [INFO] 请求头：{}
[2023-08-17 16:17:06,751] logger_util.py->write_log line:61 [INFO] 请求参数：{'name': '工程5836', 'path': 'C:\\自动化工程', 'type': 1}
[2023-08-17 16:17:06,751] logger_util.py->write_log line:61 [INFO] 文件上传：None
[2023-08-17 16:17:07,095] logger_util.py->write_log line:61 [INFO] 预期结果：[{'equals': {'status_code': 200}}]
[2023-08-17 16:17:07,095] logger_util.py->write_log line:61 [INFO] 实际结果：318
[2023-08-17 16:17:07,095] logger_util.py->write_log line:61 [INFO] 接口请求成功！
[2023-08-17 16:17:07,095] logger_util.py->write_log line:61 [INFO] -------------接口请求结束-----------

[2023-08-17 16:17:07,099] logger_util.py->write_log line:61 [INFO] -------------接口请求开始-----------
[2023-08-17 16:17:07,100] logger_util.py->write_log line:61 [INFO] 接口名称：检查远程工程id是否冲突
[2023-08-17 16:17:07,100] logger_util.py->write_log line:61 [INFO] 接口方式：post
[2023-08-17 16:17:07,100] logger_util.py->write_log line:61 [INFO] 接口路径：http://127.0.0.1:18000/api/v1/project/node/checkremoteprojectfileidconflict
[2023-08-17 16:17:07,100] logger_util.py->write_log line:61 [INFO] 请求头：{}
[2023-08-17 16:17:07,100] logger_util.py->write_log line:61 [INFO] 文件上传：None
[2023-08-17 16:17:07,110] logger_util.py->write_log line:61 [INFO] 预期结果：[{'equals': {'status_code': 200}}, {'equals': {'result': False}}]
[2023-08-17 16:17:07,110] logger_util.py->write_log line:61 [INFO] 实际结果：{'result': False, 'conflictProjectID': -1}
[2023-08-17 16:17:07,110] logger_util.py->write_log line:61 [INFO] 接口请求成功！
[2023-08-17 16:17:07,110] logger_util.py->write_log line:61 [INFO] -------------接口请求结束-----------

[2023-08-17 16:17:07,115] logger_util.py->write_log line:61 [INFO] -------------接口请求开始-----------
[2023-08-17 16:17:07,115] logger_util.py->write_log line:61 [INFO] 接口名称：远程导入工程文件
[2023-08-17 16:17:07,115] logger_util.py->write_log line:61 [INFO] 接口方式：post
[2023-08-17 16:17:07,115] logger_util.py->write_log line:61 [INFO] 接口路径：http://127.0.0.1:18000/api/v1/project/node/importremoteproject
[2023-08-17 16:17:07,115] logger_util.py->write_log line:61 [INFO] 请求头：{}
[2023-08-17 16:17:07,115] logger_util.py->write_log line:61 [INFO] 文件上传：None
[2023-08-17 16:17:07,188] logger_util.py->write_log line:61 [INFO] 预期结果：[{'equals': {'status_code': 200}}]
[2023-08-17 16:17:07,188] logger_util.py->write_log line:61 [INFO] 实际结果：{'id': 319, 'parentId': None, 'name': 'RC8-3', 'path': 'E:\\CMS\\2.0.3RC9\\CMS Editor\\host\\data\\projects\\RC8-3.cmsproj', 'type': 1, 'createTime': '2023-08-17T16:17:07.124368+08:00', 'updateTime': '2023-08-17T16:17:07.1243681+08:00'}
[2023-08-17 16:17:07,189] logger_util.py->write_log line:61 [INFO] 接口请求成功！
[2023-08-17 16:17:07,189] logger_util.py->write_log line:61 [INFO] -------------接口请求结束-----------

[2023-08-17 16:17:07,198] logger_util.py->write_log line:61 [INFO] -------------接口请求开始-----------
[2023-08-17 16:17:07,198] logger_util.py->write_log line:61 [INFO] 接口名称：删除工程
[2023-08-17 16:17:07,198] logger_util.py->write_log line:61 [INFO] 接口方式：put
[2023-08-17 16:17:07,198] logger_util.py->write_log line:61 [INFO] 接口路径：http://127.0.0.1:18000/api/v1/project/node/deletenodes
[2023-08-17 16:17:07,199] logger_util.py->write_log line:61 [INFO] 请求头：{}
[2023-08-17 16:17:07,199] logger_util.py->write_log line:61 [INFO] 请求参数：{'ids': '319', 'isDeleteFile': False}
[2023-08-17 16:17:07,199] logger_util.py->write_log line:61 [INFO] 文件上传：None
[2023-08-17 16:17:07,249] logger_util.py->write_log line:61 [INFO] 预期结果：[{'equals': {'status_code': 200}}]
[2023-08-17 16:17:07,249] logger_util.py->write_log line:61 [INFO] 实际结果：
[2023-08-17 16:17:07,249] logger_util.py->write_log line:61 [INFO] 接口请求成功！
[2023-08-17 16:17:07,249] logger_util.py->write_log line:61 [INFO] -------------接口请求结束-----------

[2023-08-17 16:17:07,255] logger_util.py->write_log line:61 [INFO] -------------接口请求开始-----------
[2023-08-17 16:17:07,255] logger_util.py->write_log line:61 [INFO] 接口名称：更新节点-重命名工程
[2023-08-17 16:17:07,255] logger_util.py->write_log line:61 [INFO] 接口方式：put
[2023-08-17 16:17:07,255] logger_util.py->write_log line:61 [INFO] 接口路径：http://127.0.0.1:18000/api/v1/project/node/updatenode
[2023-08-17 16:17:07,255] logger_util.py->write_log line:61 [INFO] 请求头：{}
[2023-08-17 16:17:07,255] logger_util.py->write_log line:61 [INFO] 请求参数：{'ParentId': None, 'Name': '重命名工程5206', 'Type': 1, 'Id': '318'}
[2023-08-17 16:17:07,255] logger_util.py->write_log line:61 [INFO] 文件上传：None
[2023-08-17 16:17:07,282] logger_util.py->error_log line:65 [INFO] 断言失败:status_code不等于200
[2023-08-17 16:17:07,282] logger_util.py->write_log line:61 [INFO] 接口请求失败！
[2023-08-17 16:17:07,282] logger_util.py->write_log line:61 [INFO] -------------接口请求结束-----------

[2023-08-17 16:17:07,283] logger_util.py->error_log line:65 [INFO] 断言异常：异常信息: Traceback (most recent call last):
  File "E:\Project_python\api_cms\common\requests_util.py", line 347, in validate_result
    error_log("断言失败:"+assert_key+"不等于"+str(assert_value))
  File "E:\Project_python\api_cms\common\logger_util.py", line 66, in error_log
    raise Exception(log_message)
Exception: 断言失败:status_code不等于200

[2023-08-17 16:17:07,283] logger_util.py->error_log line:65 [INFO] 分析YAML文件异常：异常信息: Traceback (most recent call last):
  File "E:\Project_python\api_cms\common\requests_util.py", line 347, in validate_result
    error_log("断言失败:"+assert_key+"不等于"+str(assert_value))
  File "E:\Project_python\api_cms\common\logger_util.py", line 66, in error_log
    raise Exception(log_message)
Exception: 断言失败:status_code不等于200

During handling of the above exception, another exception occurred:

Traceback (most recent call last):
  File "E:\Project_python\api_cms\common\requests_util.py", line 232, in analysis_yaml
    self.validate_result(yq_result, return_data, status_code)
  File "E:\Project_python\api_cms\common\requests_util.py", line 401, in validate_result
    error_log("断言异常：异常信息: %s" % str(traceback.format_exc()))
  File "E:\Project_python\api_cms\common\logger_util.py", line 66, in error_log
    raise Exception(log_message)
Exception: 断言异常：异常信息: Traceback (most recent call last):
  File "E:\Project_python\api_cms\common\requests_util.py", line 347, in validate_result
    error_log("断言失败:"+assert_key+"不等于"+str(assert_value))
  File "E:\Project_python\api_cms\common\logger_util.py", line 66, in error_log
    raise Exception(log_message)
Exception: 断言失败:status_code不等于200


