[2023-06-02 17:03:30,384] logger_util.py->write_log line:61 [INFO] -------------接口请求开始-----------
[2023-06-02 17:03:30,385] logger_util.py->write_log line:61 [INFO] 接口名称：归档表实时缓存配置
[2023-06-02 17:03:30,385] logger_util.py->write_log line:61 [INFO] 接口方式：post
[2023-06-02 17:03:30,385] logger_util.py->write_log line:61 [INFO] 接口路径：http://127.0.0.1:18000/api/v1/dataconfig/node/cacheconfig/2/f3fdafb7-2c67-4b86-8b6b-6c5713416fec
[2023-06-02 17:03:30,385] logger_util.py->write_log line:61 [INFO] 请求头：{'Content-Type': 'application/json;charset=UTF-8', 'X-Project': '83d42c5d5ad141bba528b7690b19996e'}
[2023-06-02 17:03:30,385] logger_util.py->write_log line:61 [INFO] 请求参数：{'enableCache': True, 'quantityLimit': 1000, 'timeSpanLimit': 100, 'timeSpanLimitUnit': 1, 'clearCache': 'G1'}
[2023-06-02 17:03:30,385] logger_util.py->write_log line:61 [INFO] 文件上传：None
[2023-06-02 17:03:30,389] logger_util.py->error_log line:65 [INFO] 断言失败:status_code不等于200
[2023-06-02 17:03:30,390] logger_util.py->write_log line:61 [INFO] 接口请求失败！
[2023-06-02 17:03:30,390] logger_util.py->write_log line:61 [INFO] -------------接口请求结束-----------

[2023-06-02 17:03:30,390] logger_util.py->error_log line:65 [INFO] 断言异常：异常信息: Traceback (most recent call last):
  File "E:\Project_python\2TestCMS2.0\common\requests_util.py", line 366, in validate_result
    error_log("断言失败:"+assert_key+"不等于"+str(assert_value))
  File "E:\Project_python\2TestCMS2.0\common\logger_util.py", line 66, in error_log
    raise Exception(log_message)
Exception: 断言失败:status_code不等于200

[2023-06-02 17:03:30,391] logger_util.py->error_log line:65 [INFO] 分析YAML文件异常：异常信息: Traceback (most recent call last):
  File "E:\Project_python\2TestCMS2.0\common\requests_util.py", line 366, in validate_result
    error_log("断言失败:"+assert_key+"不等于"+str(assert_value))
  File "E:\Project_python\2TestCMS2.0\common\logger_util.py", line 66, in error_log
    raise Exception(log_message)
Exception: 断言失败:status_code不等于200

During handling of the above exception, another exception occurred:

Traceback (most recent call last):
  File "E:\Project_python\2TestCMS2.0\common\requests_util.py", line 265, in analysis_yaml
    self.validate_result(yq_result, return_text, status_code)
  File "E:\Project_python\2TestCMS2.0\common\requests_util.py", line 416, in validate_result
    error_log("断言异常：异常信息: %s" % str(traceback.format_exc()))
  File "E:\Project_python\2TestCMS2.0\common\logger_util.py", line 66, in error_log
    raise Exception(log_message)
Exception: 断言异常：异常信息: Traceback (most recent call last):
  File "E:\Project_python\2TestCMS2.0\common\requests_util.py", line 366, in validate_result
    error_log("断言失败:"+assert_key+"不等于"+str(assert_value))
  File "E:\Project_python\2TestCMS2.0\common\logger_util.py", line 66, in error_log
    raise Exception(log_message)
Exception: 断言失败:status_code不等于200


