[2022-12-02 14:23:23,913] logger_util.py->write_log line:61 [INFO] -------------接口请求开始-----------
[2022-12-02 14:23:23,913] logger_util.py->write_log line:61 [INFO] 接口名称：新建设备
[2022-12-02 14:23:23,913] logger_util.py->write_log line:61 [INFO] 接口方式：post
[2022-12-02 14:23:23,913] logger_util.py->write_log line:61 [INFO] 接口路径：http://192.168.5.120:18000/api/v1/variable/device
[2022-12-02 14:23:23,913] logger_util.py->write_log line:61 [INFO] 请求头：{'Content-Type': 'application/json;charset=UTF-8', 'X-Project': '3f9ce0424103486f9a1281ae3582de88'}
[2022-12-02 14:23:23,914] logger_util.py->write_log line:61 [INFO] 请求参数：{'id': None, 'name': '设备1', 'description': '描述1', 'protocolType': 'Modbus_TCP', 'suppiler': '通用', 'model': '通用', 'parameters': {'ServerName': '127.0.0.1', 'DeviceID': '1', 'Port': '502', 'TimeOut': '1000', 'ByteOrder': '2143', 'StrByteOrder': '2143', 'HeadAddress': '1'}}
[2022-12-02 14:23:23,914] logger_util.py->write_log line:61 [INFO] 文件上传：None
[2022-12-02 14:23:23,949] logger_util.py->write_log line:61 [INFO] 预期结果：[{'equals': {'status_code': 200}}]
[2022-12-02 14:23:23,949] logger_util.py->write_log line:61 [INFO] 实际结果：3181e227-3633-4c44-93f8-ca23242469f2
[2022-12-02 14:23:23,949] logger_util.py->write_log line:61 [INFO] 接口请求成功！
[2022-12-02 14:23:23,949] logger_util.py->write_log line:61 [INFO] -------------接口请求结束-----------

[2022-12-02 14:23:23,957] logger_util.py->write_log line:61 [INFO] -------------接口请求开始-----------
[2022-12-02 14:23:23,957] logger_util.py->write_log line:61 [INFO] 接口名称：新建设备
[2022-12-02 14:23:23,957] logger_util.py->write_log line:61 [INFO] 接口方式：post
[2022-12-02 14:23:23,957] logger_util.py->write_log line:61 [INFO] 接口路径：http://192.168.5.120:18000/api/v1/variable/device
[2022-12-02 14:23:23,957] logger_util.py->write_log line:61 [INFO] 请求头：{'Content-Type': 'application/json;charset=UTF-8', 'X-Project': '3f9ce0424103486f9a1281ae3582de88'}
[2022-12-02 14:23:23,957] logger_util.py->write_log line:61 [INFO] 请求参数：{'id': None, 'name': '设备2', 'description': '描述1', 'protocolType': 'Modbus_TCP', 'suppiler': '通用', 'model': '通用', 'parameters': {'ServerName': '127.0.0.1', 'DeviceID': '2', 'Port': '502', 'TimeOut': '1000', 'ByteOrder': '2143', 'StrByteOrder': '2143', 'HeadAddress': '1'}}
[2022-12-02 14:23:23,957] logger_util.py->write_log line:61 [INFO] 文件上传：None
[2022-12-02 14:23:23,976] logger_util.py->write_log line:61 [INFO] 预期结果：[{'equals': {'status_code': 200}}]
[2022-12-02 14:23:23,976] logger_util.py->write_log line:61 [INFO] 实际结果：537839a9-3e1e-4e05-8d20-513cc384a987
[2022-12-02 14:23:23,977] logger_util.py->write_log line:61 [INFO] 接口请求成功！
[2022-12-02 14:23:23,977] logger_util.py->write_log line:61 [INFO] -------------接口请求结束-----------

[2022-12-02 14:23:23,983] logger_util.py->write_log line:61 [INFO] -------------接口请求开始-----------
[2022-12-02 14:23:23,984] logger_util.py->write_log line:61 [INFO] 接口名称：新建设备
[2022-12-02 14:23:23,984] logger_util.py->write_log line:61 [INFO] 接口方式：post
[2022-12-02 14:23:23,984] logger_util.py->write_log line:61 [INFO] 接口路径：http://192.168.5.120:18000/api/v1/variable/device
[2022-12-02 14:23:23,984] logger_util.py->write_log line:61 [INFO] 请求头：{'Content-Type': 'application/json;charset=UTF-8', 'X-Project': '3f9ce0424103486f9a1281ae3582de88'}
[2022-12-02 14:23:23,984] logger_util.py->write_log line:61 [INFO] 请求参数：{'id': None, 'name': '设备3', 'description': '描述1', 'protocolType': 'Modbus_TCP', 'suppiler': '通用', 'model': '通用', 'parameters': {'ServerName': '127.0.0.1', 'DeviceID': '3', 'Port': '502', 'TimeOut': '1000', 'ByteOrder': '2143', 'StrByteOrder': '2143', 'HeadAddress': '1'}}
[2022-12-02 14:23:23,984] logger_util.py->write_log line:61 [INFO] 文件上传：None
[2022-12-02 14:23:24,013] logger_util.py->write_log line:61 [INFO] 预期结果：[{'equals': {'status_code': 200}}]
[2022-12-02 14:23:24,013] logger_util.py->write_log line:61 [INFO] 实际结果：ececdfee-63c9-47cf-9f31-5f816dcb60a5
[2022-12-02 14:23:24,013] logger_util.py->write_log line:61 [INFO] 接口请求成功！
[2022-12-02 14:23:24,013] logger_util.py->write_log line:61 [INFO] -------------接口请求结束-----------

[2022-12-02 14:23:24,020] logger_util.py->write_log line:61 [INFO] -------------接口请求开始-----------
[2022-12-02 14:23:24,020] logger_util.py->write_log line:61 [INFO] 接口名称：新建设备
[2022-12-02 14:23:24,020] logger_util.py->write_log line:61 [INFO] 接口方式：post
[2022-12-02 14:23:24,020] logger_util.py->write_log line:61 [INFO] 接口路径：http://192.168.5.120:18000/api/v1/variable/device
[2022-12-02 14:23:24,021] logger_util.py->write_log line:61 [INFO] 请求头：{'Content-Type': 'application/json;charset=UTF-8', 'X-Project': '3f9ce0424103486f9a1281ae3582de88'}
[2022-12-02 14:23:24,021] logger_util.py->write_log line:61 [INFO] 请求参数：{'id': None, 'name': '设备4', 'description': '描述1', 'protocolType': 'Modbus_TCP', 'suppiler': '通用', 'model': '通用', 'parameters': {'ServerName': '127.0.0.1', 'DeviceID': '4', 'Port': '502', 'TimeOut': '1000', 'ByteOrder': '2143', 'StrByteOrder': '2143', 'HeadAddress': '1'}}
[2022-12-02 14:23:24,021] logger_util.py->write_log line:61 [INFO] 文件上传：None
[2022-12-02 14:23:24,048] logger_util.py->write_log line:61 [INFO] 预期结果：[{'equals': {'status_code': 200}}]
[2022-12-02 14:23:24,049] logger_util.py->write_log line:61 [INFO] 实际结果：551a3d99-af03-4b85-a900-b4becde86ff2
[2022-12-02 14:23:24,049] logger_util.py->write_log line:61 [INFO] 接口请求成功！
[2022-12-02 14:23:24,049] logger_util.py->write_log line:61 [INFO] -------------接口请求结束-----------

[2022-12-02 14:23:24,056] logger_util.py->write_log line:61 [INFO] -------------接口请求开始-----------
[2022-12-02 14:23:24,056] logger_util.py->write_log line:61 [INFO] 接口名称：新建设备
[2022-12-02 14:23:24,056] logger_util.py->write_log line:61 [INFO] 接口方式：post
[2022-12-02 14:23:24,056] logger_util.py->write_log line:61 [INFO] 接口路径：http://192.168.5.120:18000/api/v1/variable/device
[2022-12-02 14:23:24,056] logger_util.py->write_log line:61 [INFO] 请求头：{'Content-Type': 'application/json;charset=UTF-8', 'X-Project': '3f9ce0424103486f9a1281ae3582de88'}
[2022-12-02 14:23:24,056] logger_util.py->write_log line:61 [INFO] 请求参数：{'id': None, 'name': '设备5', 'description': '描述1', 'protocolType': 'Modbus_TCP', 'suppiler': '通用', 'model': '通用', 'parameters': {'ServerName': '127.0.0.1', 'DeviceID': '5', 'Port': '502', 'TimeOut': '1000', 'ByteOrder': '2143', 'StrByteOrder': '2143', 'HeadAddress': '1'}}
[2022-12-02 14:23:24,056] logger_util.py->write_log line:61 [INFO] 文件上传：None
[2022-12-02 14:23:24,085] logger_util.py->write_log line:61 [INFO] 预期结果：[{'equals': {'status_code': 200}}]
[2022-12-02 14:23:24,085] logger_util.py->write_log line:61 [INFO] 实际结果：0e318369-c4ea-46f0-8d7a-8384da247ca3
[2022-12-02 14:23:24,085] logger_util.py->write_log line:61 [INFO] 接口请求成功！
[2022-12-02 14:23:24,085] logger_util.py->write_log line:61 [INFO] -------------接口请求结束-----------

[2022-12-02 14:23:24,093] logger_util.py->write_log line:61 [INFO] -------------接口请求开始-----------
[2022-12-02 14:23:24,093] logger_util.py->write_log line:61 [INFO] 接口名称：新建设备
[2022-12-02 14:23:24,094] logger_util.py->write_log line:61 [INFO] 接口方式：post
[2022-12-02 14:23:24,094] logger_util.py->write_log line:61 [INFO] 接口路径：http://192.168.5.120:18000/api/v1/variable/device
[2022-12-02 14:23:24,094] logger_util.py->write_log line:61 [INFO] 请求头：{'Content-Type': 'application/json;charset=UTF-8', 'X-Project': '3f9ce0424103486f9a1281ae3582de88'}
[2022-12-02 14:23:24,094] logger_util.py->write_log line:61 [INFO] 请求参数：{'id': None, 'name': '设备6', 'description': '描述1', 'protocolType': 'Modbus_TCP', 'suppiler': '通用', 'model': '通用', 'parameters': {'ServerName': '127.0.0.1', 'DeviceID': '6', 'Port': '502', 'TimeOut': '1000', 'ByteOrder': '2143', 'StrByteOrder': '2143', 'HeadAddress': '1'}}
[2022-12-02 14:23:24,094] logger_util.py->write_log line:61 [INFO] 文件上传：None
[2022-12-02 14:23:24,123] logger_util.py->write_log line:61 [INFO] 预期结果：[{'equals': {'status_code': 200}}]
[2022-12-02 14:23:24,123] logger_util.py->write_log line:61 [INFO] 实际结果：be387982-6f8f-47af-b729-fadb62397dc5
[2022-12-02 14:23:24,123] logger_util.py->write_log line:61 [INFO] 接口请求成功！
[2022-12-02 14:23:24,123] logger_util.py->write_log line:61 [INFO] -------------接口请求结束-----------

[2022-12-02 14:23:24,130] logger_util.py->write_log line:61 [INFO] -------------接口请求开始-----------
[2022-12-02 14:23:24,130] logger_util.py->write_log line:61 [INFO] 接口名称：新建设备
[2022-12-02 14:23:24,130] logger_util.py->write_log line:61 [INFO] 接口方式：post
[2022-12-02 14:23:24,130] logger_util.py->write_log line:61 [INFO] 接口路径：http://192.168.5.120:18000/api/v1/variable/device
[2022-12-02 14:23:24,131] logger_util.py->write_log line:61 [INFO] 请求头：{'Content-Type': 'application/json;charset=UTF-8', 'X-Project': '3f9ce0424103486f9a1281ae3582de88'}
[2022-12-02 14:23:24,131] logger_util.py->write_log line:61 [INFO] 请求参数：{'id': None, 'name': '设备7', 'description': '描述1', 'protocolType': 'Modbus_TCP', 'suppiler': '通用', 'model': '通用', 'parameters': {'ServerName': '127.0.0.1', 'DeviceID': '7', 'Port': '502', 'TimeOut': '1000', 'ByteOrder': '2143', 'StrByteOrder': '2143', 'HeadAddress': '1'}}
[2022-12-02 14:23:24,131] logger_util.py->write_log line:61 [INFO] 文件上传：None
[2022-12-02 14:23:24,181] logger_util.py->write_log line:61 [INFO] 预期结果：[{'equals': {'status_code': 200}}]
[2022-12-02 14:23:24,181] logger_util.py->write_log line:61 [INFO] 实际结果：1b1e787f-051c-41db-90ca-35befe1283b8
[2022-12-02 14:23:24,181] logger_util.py->write_log line:61 [INFO] 接口请求成功！
[2022-12-02 14:23:24,181] logger_util.py->write_log line:61 [INFO] -------------接口请求结束-----------

[2022-12-02 14:23:24,188] logger_util.py->write_log line:61 [INFO] -------------接口请求开始-----------
[2022-12-02 14:23:24,188] logger_util.py->write_log line:61 [INFO] 接口名称：新建设备
[2022-12-02 14:23:24,188] logger_util.py->write_log line:61 [INFO] 接口方式：post
[2022-12-02 14:23:24,189] logger_util.py->write_log line:61 [INFO] 接口路径：http://192.168.5.120:18000/api/v1/variable/device
[2022-12-02 14:23:24,189] logger_util.py->write_log line:61 [INFO] 请求头：{'Content-Type': 'application/json;charset=UTF-8', 'X-Project': '3f9ce0424103486f9a1281ae3582de88'}
[2022-12-02 14:23:24,189] logger_util.py->write_log line:61 [INFO] 请求参数：{'id': None, 'name': '设备8', 'description': '描述1', 'protocolType': 'Modbus_TCP', 'suppiler': '通用', 'model': '通用', 'parameters': {'ServerName': '127.0.0.1', 'DeviceID': '8', 'Port': '502', 'TimeOut': '1000', 'ByteOrder': '2143', 'StrByteOrder': '2143', 'HeadAddress': '1'}}
[2022-12-02 14:23:24,189] logger_util.py->write_log line:61 [INFO] 文件上传：None
[2022-12-02 14:23:24,214] logger_util.py->write_log line:61 [INFO] 预期结果：[{'equals': {'status_code': 200}}]
[2022-12-02 14:23:24,214] logger_util.py->write_log line:61 [INFO] 实际结果：0a748b3e-e086-45d9-b6ef-91f77b73fe67
[2022-12-02 14:23:24,214] logger_util.py->write_log line:61 [INFO] 接口请求成功！
[2022-12-02 14:23:24,214] logger_util.py->write_log line:61 [INFO] -------------接口请求结束-----------

[2022-12-02 14:23:24,221] logger_util.py->write_log line:61 [INFO] -------------接口请求开始-----------
[2022-12-02 14:23:24,221] logger_util.py->write_log line:61 [INFO] 接口名称：新建设备
[2022-12-02 14:23:24,221] logger_util.py->write_log line:61 [INFO] 接口方式：post
[2022-12-02 14:23:24,222] logger_util.py->write_log line:61 [INFO] 接口路径：http://192.168.5.120:18000/api/v1/variable/device
[2022-12-02 14:23:24,222] logger_util.py->write_log line:61 [INFO] 请求头：{'Content-Type': 'application/json;charset=UTF-8', 'X-Project': '3f9ce0424103486f9a1281ae3582de88'}
[2022-12-02 14:23:24,222] logger_util.py->write_log line:61 [INFO] 请求参数：{'id': None, 'name': '设备9', 'description': '描述1', 'protocolType': 'Modbus_TCP', 'suppiler': '通用', 'model': '通用', 'parameters': {'ServerName': '127.0.0.1', 'DeviceID': '9', 'Port': '502', 'TimeOut': '1000', 'ByteOrder': '2143', 'StrByteOrder': '2143', 'HeadAddress': '1'}}
[2022-12-02 14:23:24,222] logger_util.py->write_log line:61 [INFO] 文件上传：None
[2022-12-02 14:23:24,251] logger_util.py->write_log line:61 [INFO] 预期结果：[{'equals': {'status_code': 200}}]
[2022-12-02 14:23:24,251] logger_util.py->write_log line:61 [INFO] 实际结果：b2d60c09-6575-44b4-9957-117df62c0329
[2022-12-02 14:23:24,251] logger_util.py->write_log line:61 [INFO] 接口请求成功！
[2022-12-02 14:23:24,251] logger_util.py->write_log line:61 [INFO] -------------接口请求结束-----------

[2022-12-02 14:23:24,259] logger_util.py->write_log line:61 [INFO] -------------接口请求开始-----------
[2022-12-02 14:23:24,259] logger_util.py->write_log line:61 [INFO] 接口名称：新建设备
[2022-12-02 14:23:24,259] logger_util.py->write_log line:61 [INFO] 接口方式：post
[2022-12-02 14:23:24,259] logger_util.py->write_log line:61 [INFO] 接口路径：http://192.168.5.120:18000/api/v1/variable/device
[2022-12-02 14:23:24,259] logger_util.py->write_log line:61 [INFO] 请求头：{'Content-Type': 'application/json;charset=UTF-8', 'X-Project': '3f9ce0424103486f9a1281ae3582de88'}
[2022-12-02 14:23:24,259] logger_util.py->write_log line:61 [INFO] 请求参数：{'id': None, 'name': '设备10', 'description': '描述1', 'protocolType': 'Modbus_TCP', 'suppiler': '通用', 'model': '通用', 'parameters': {'ServerName': '127.0.0.1', 'DeviceID': '10', 'Port': '502', 'TimeOut': '1000', 'ByteOrder': '2143', 'StrByteOrder': '2143', 'HeadAddress': '1'}}
[2022-12-02 14:23:24,259] logger_util.py->write_log line:61 [INFO] 文件上传：None
[2022-12-02 14:23:24,287] logger_util.py->write_log line:61 [INFO] 预期结果：[{'equals': {'status_code': 200}}]
[2022-12-02 14:23:24,287] logger_util.py->write_log line:61 [INFO] 实际结果：679bb8df-29ac-4f15-9fca-37ba2b467d15
[2022-12-02 14:23:24,287] logger_util.py->write_log line:61 [INFO] 接口请求成功！
[2022-12-02 14:23:24,287] logger_util.py->write_log line:61 [INFO] -------------接口请求结束-----------

