[2023-06-05 15:39:15,375] logger_util.py->write_log line:61 [INFO] -------------接口请求开始-----------
[2023-06-05 15:39:15,375] logger_util.py->write_log line:61 [INFO] 接口名称：创建报警文件夹
[2023-06-05 15:39:15,375] logger_util.py->write_log line:61 [INFO] 接口方式：post
[2023-06-05 15:39:15,375] logger_util.py->write_log line:61 [INFO] 接口路径：http://127.0.0.1:18000/api/v1/alarmfolder/add
[2023-06-05 15:39:15,375] logger_util.py->write_log line:61 [INFO] 请求头：{'Content-Type': 'application/json;charset=UTF-8', 'X-Project': 'da1746c3d0814e3da3c463b17bf73d6f'}
[2023-06-05 15:39:15,376] logger_util.py->write_log line:61 [INFO] 请求参数：{'name': '报警文件夹24', 'nodeType': 0}
[2023-06-05 15:39:15,376] logger_util.py->write_log line:61 [INFO] 文件上传：None
[2023-06-05 15:39:15,501] logger_util.py->write_log line:61 [INFO] 预期结果：[{'equals': {'status_code': 200}}, {'equals': {'nodeType': 0}}, {'contains': 'id'}]
[2023-06-05 15:39:15,501] logger_util.py->write_log line:61 [INFO] 实际结果：{'id': '60167066-5964-4c18-846e-586fcf4dd212', 'parentId': None, 'name': '报警文件夹24', 'nodeType': 0, 'sort': 1, 'children': None}
[2023-06-05 15:39:15,501] logger_util.py->write_log line:61 [INFO] 接口请求成功！
[2023-06-05 15:39:15,501] logger_util.py->write_log line:61 [INFO] -------------接口请求结束-----------

[2023-06-05 15:39:15,508] logger_util.py->write_log line:61 [INFO] -------------接口请求开始-----------
[2023-06-05 15:39:15,508] logger_util.py->write_log line:61 [INFO] 接口名称：创建报警组
[2023-06-05 15:39:15,508] logger_util.py->write_log line:61 [INFO] 接口方式：post
[2023-06-05 15:39:15,508] logger_util.py->write_log line:61 [INFO] 接口路径：http://127.0.0.1:18000/api/v1/alarmfolder/add
[2023-06-05 15:39:15,509] logger_util.py->write_log line:61 [INFO] 请求头：{'Content-Type': 'application/json;charset=UTF-8', 'X-Project': 'da1746c3d0814e3da3c463b17bf73d6f'}
[2023-06-05 15:39:15,509] logger_util.py->write_log line:61 [INFO] 请求参数：{'name': '报警组15', 'nodeType': 1, 'parentId': None}
[2023-06-05 15:39:15,509] logger_util.py->write_log line:61 [INFO] 文件上传：None
[2023-06-05 15:39:15,626] logger_util.py->write_log line:61 [INFO] 预期结果：[{'equals': {'status_code': 200}}, {'equals': {'nodeType': 1}}, {'contains': 'id'}]
[2023-06-05 15:39:15,626] logger_util.py->write_log line:61 [INFO] 实际结果：{'id': '5022c04c-cb43-4d4c-a893-6a7d3672de3c', 'parentId': None, 'name': '报警组15', 'nodeType': 1, 'sort': 2, 'children': None}
[2023-06-05 15:39:15,626] logger_util.py->write_log line:61 [INFO] 接口请求成功！
[2023-06-05 15:39:15,626] logger_util.py->write_log line:61 [INFO] -------------接口请求结束-----------

[2023-06-05 15:39:15,636] logger_util.py->write_log line:61 [INFO] -------------接口请求开始-----------
[2023-06-05 15:39:15,636] logger_util.py->write_log line:61 [INFO] 接口名称：更新报警组
[2023-06-05 15:39:15,636] logger_util.py->write_log line:61 [INFO] 接口方式：put
[2023-06-05 15:39:15,637] logger_util.py->write_log line:61 [INFO] 接口路径：http://127.0.0.1:18000/api/v1/alarmfolder/update
[2023-06-05 15:39:15,637] logger_util.py->write_log line:61 [INFO] 请求头：{'Content-Type': 'application/json;charset=UTF-8', 'X-Project': 'da1746c3d0814e3da3c463b17bf73d6f'}
[2023-06-05 15:39:15,637] logger_util.py->write_log line:61 [INFO] 请求参数：{'id': '60167066-5964-4c18-846e-586fcf4dd212', 'parentId': None, 'name': '修改报警文件83', 'nodeType': 0, 'sort': 1, 'children': []}
[2023-06-05 15:39:15,637] logger_util.py->write_log line:61 [INFO] 文件上传：None
[2023-06-05 15:39:15,759] logger_util.py->write_log line:61 [INFO] 预期结果：[{'equals': {'status_code': 200}}, {'equals': {'nodeType': 0}}, {'contains': 'id'}]
[2023-06-05 15:39:15,759] logger_util.py->write_log line:61 [INFO] 实际结果：{'id': '60167066-5964-4c18-846e-586fcf4dd212', 'parentId': None, 'name': '修改报警文件83', 'nodeType': 0, 'sort': 1, 'children': None}
[2023-06-05 15:39:15,760] logger_util.py->write_log line:61 [INFO] 接口请求成功！
[2023-06-05 15:39:15,760] logger_util.py->write_log line:61 [INFO] -------------接口请求结束-----------

[2023-06-05 15:39:15,767] logger_util.py->write_log line:61 [INFO] -------------接口请求开始-----------
[2023-06-05 15:39:15,767] logger_util.py->write_log line:61 [INFO] 接口名称：更新报警组
[2023-06-05 15:39:15,767] logger_util.py->write_log line:61 [INFO] 接口方式：put
[2023-06-05 15:39:15,768] logger_util.py->write_log line:61 [INFO] 接口路径：http://127.0.0.1:18000/api/v1/alarmfolder/update
[2023-06-05 15:39:15,768] logger_util.py->write_log line:61 [INFO] 请求头：{'Content-Type': 'application/json;charset=UTF-8', 'X-Project': 'da1746c3d0814e3da3c463b17bf73d6f'}
[2023-06-05 15:39:15,768] logger_util.py->write_log line:61 [INFO] 请求参数：{'id': '5022c04c-cb43-4d4c-a893-6a7d3672de3c', 'parentId': '60167066-5964-4c18-846e-586fcf4dd212', 'name': '修改报警组86', 'nodeType': 1, 'sort': 1, 'children': []}
[2023-06-05 15:39:15,768] logger_util.py->write_log line:61 [INFO] 文件上传：None
[2023-06-05 15:39:15,976] logger_util.py->write_log line:61 [INFO] 预期结果：[{'equals': {'status_code': 200}}, {'equals': {'nodeType': 1}}, {'contains': 'id'}]
[2023-06-05 15:39:15,976] logger_util.py->write_log line:61 [INFO] 实际结果：{'id': '5022c04c-cb43-4d4c-a893-6a7d3672de3c', 'parentId': None, 'name': '修改报警组86', 'nodeType': 1, 'sort': 2, 'children': None}
[2023-06-05 15:39:15,976] logger_util.py->write_log line:61 [INFO] 接口请求成功！
[2023-06-05 15:39:15,976] logger_util.py->write_log line:61 [INFO] -------------接口请求结束-----------

[2023-06-05 15:39:15,982] logger_util.py->write_log line:61 [INFO] -------------接口请求开始-----------
[2023-06-05 15:39:15,982] logger_util.py->write_log line:61 [INFO] 接口名称：查询报警组树
[2023-06-05 15:39:15,983] logger_util.py->write_log line:61 [INFO] 接口方式：get
[2023-06-05 15:39:15,983] logger_util.py->write_log line:61 [INFO] 接口路径：http://127.0.0.1:18000/api/v1/alarmfolder/gettree
[2023-06-05 15:39:15,983] logger_util.py->write_log line:61 [INFO] 请求头：{'Content-Type': 'application/json;charset=UTF-8', 'X-Project': 'da1746c3d0814e3da3c463b17bf73d6f'}
[2023-06-05 15:39:15,983] logger_util.py->write_log line:61 [INFO] 文件上传：None
[2023-06-05 15:39:15,991] logger_util.py->write_log line:61 [INFO] 预期结果：[{'equals': {'status_code': 200}}]
[2023-06-05 15:39:15,991] logger_util.py->write_log line:61 [INFO] 实际结果：[{'id': '60167066-5964-4c18-846e-586fcf4dd212', 'parentId': None, 'name': '修改报警文件83', 'nodeType': 0, 'sort': 1, 'children': []}, {'id': '5022c04c-cb43-4d4c-a893-6a7d3672de3c', 'parentId': None, 'name': '修改报警组86', 'nodeType': 1, 'sort': 2, 'children': None}]
[2023-06-05 15:39:15,991] logger_util.py->write_log line:61 [INFO] 接口请求成功！
[2023-06-05 15:39:15,991] logger_util.py->write_log line:61 [INFO] -------------接口请求结束-----------

