[2023-06-02 18:55:18,080] logger_util.py->write_log line:61 [INFO] -------------接口请求开始-----------
[2023-06-02 18:55:18,081] logger_util.py->write_log line:61 [INFO] 接口名称：创建文件夹
[2023-06-02 18:55:18,081] logger_util.py->write_log line:61 [INFO] 接口方式：post
[2023-06-02 18:55:18,081] logger_util.py->write_log line:61 [INFO] 接口路径：http://127.0.0.1:18000/api/v1/dataconfig/folder
[2023-06-02 18:55:18,081] logger_util.py->write_log line:61 [INFO] 请求头：{'Content-Type': 'application/json;charset=UTF-8', 'X-Project': '83d42c5d5ad141bba528b7690b19996e'}
[2023-06-02 18:55:18,082] logger_util.py->write_log line:61 [INFO] 请求参数：{'parentId': '00000000-0000-0000-0000-000000000000', 'name': '文件夹96', 'sort': 2}
[2023-06-02 18:55:18,082] logger_util.py->write_log line:61 [INFO] 文件上传：None
[2023-06-02 18:55:18,396] logger_util.py->write_log line:61 [INFO] 预期结果：[{'equals': {'status_code': 200}}, {'equals': {'sort': 2}}, {'contains': 'id'}]
[2023-06-02 18:55:18,397] logger_util.py->write_log line:61 [INFO] 实际结果：{'id': 'ff112242-9972-45c1-a42d-094798a57466', 'name': '文件夹96', 'parentId': '00000000-0000-0000-0000-000000000000', 'level': 0, 'sort': 2, 'createDateTime': '2023-06-02T18:55:18.2223712+08:00', 'operationTypes': [1, 4]}
[2023-06-02 18:55:18,397] logger_util.py->write_log line:61 [INFO] 接口请求成功！
[2023-06-02 18:55:18,397] logger_util.py->write_log line:61 [INFO] -------------接口请求结束-----------

[2023-06-02 18:55:18,406] logger_util.py->write_log line:61 [INFO] -------------接口请求开始-----------
[2023-06-02 18:55:18,406] logger_util.py->write_log line:61 [INFO] 接口名称：创建归档表
[2023-06-02 18:55:18,406] logger_util.py->write_log line:61 [INFO] 接口方式：post
[2023-06-02 18:55:18,406] logger_util.py->write_log line:61 [INFO] 接口路径：http://127.0.0.1:18000/api/v1/dataconfig/filingtable
[2023-06-02 18:55:18,407] logger_util.py->write_log line:61 [INFO] 请求头：{'Content-Type': 'application/json;charset=UTF-8', 'X-Project': '83d42c5d5ad141bba528b7690b19996e'}
[2023-06-02 18:55:18,407] logger_util.py->write_log line:61 [INFO] 请求参数：{'folderId': '00000000-0000-0000-0000-000000000000', 'name': '归档表94', 'sort': 2}
[2023-06-02 18:55:18,407] logger_util.py->write_log line:61 [INFO] 文件上传：None
[2023-06-02 18:55:18,761] logger_util.py->write_log line:61 [INFO] 预期结果：[{'equals': {'status_code': 200}}, {'equals': {'sort': 2}}, {'contains': 'id'}]
[2023-06-02 18:55:18,761] logger_util.py->write_log line:61 [INFO] 实际结果：{'id': 'a4e90f9e-a745-4807-b236-13952d6d0fa3', 'folderId': '00000000-0000-0000-0000-000000000000', 'name': '归档表94', 'sort': 2, 'createDateTime': '2023-06-02T18:55:18.5829043+08:00', 'operationTypes': [1, 2, 3, 4], 'functionTypes': [1, 2, 3, 4], 'extendedHeaders': ['记录时间'], 'cacheConfig_EnableCache': False, 'cacheConfig_QuantityLimit': 0, 'cacheConfig_TimeSpanLimit': 0, 'cacheConfig_TimeSpanLimitUnit': 0, 'cacheConfig_ClearCache': '', 'storageConfig_ScheduledClear': False, 'storageConfig_ClearTriggerTime': None, 'storageConfig_ClearFrequency': 0, 'storageConfig_ClearFrequencyUnit': 0, 'storageConfig_ClearRetain': 0, 'storageConfig_ClearRetainUnit': 0, 'storageConfig_ScheduledBackup': False, 'storageConfig_BackupTriggerTime': None, 'storageConfig_BackupFrequency': 0, 'storageConfig_BackupFrequencyUnit': 0, 'storageConfig_BackupPath': ''}
[2023-06-02 18:55:18,762] logger_util.py->write_log line:61 [INFO] 接口请求成功！
[2023-06-02 18:55:18,762] logger_util.py->write_log line:61 [INFO] -------------接口请求结束-----------

[2023-06-02 18:55:18,773] logger_util.py->write_log line:61 [INFO] -------------接口请求开始-----------
[2023-06-02 18:55:18,773] logger_util.py->write_log line:61 [INFO] 接口名称：设置归档表字段配置
[2023-06-02 18:55:18,773] logger_util.py->write_log line:61 [INFO] 接口方式：put
[2023-06-02 18:55:18,773] logger_util.py->write_log line:61 [INFO] 接口路径：http://127.0.0.1:18000/api/v1/dataconfig/filingtable/a4e90f9e-a745-4807-b236-13952d6d0fa3/fields
[2023-06-02 18:55:18,773] logger_util.py->write_log line:61 [INFO] 请求头：{'Content-Type': 'application/json; =UTF-8', 'X-Project': '83d42c5d5ad141bba528b7690b19996e'}
[2023-06-02 18:55:18,773] logger_util.py->write_log line:61 [INFO] 请求参数：[{'fieldName': '系统时间', 'fieldType': 3, 'associatedVariable': 'DateTime', 'formula': '', 'id': ''}, {'fieldName': '函数时间', 'fieldType': 3, 'associatedVariable': '', 'formula': 'NOW(  )', 'id': ''}, {'fieldName': 'A1', 'fieldType': 1, 'associatedVariable': 'A1', 'formula': '', 'id': ''}, {'fieldName': 'B1', 'fieldType': 1, 'associatedVariable': 'B1', 'formula': '', 'id': ''}, {'fieldName': 'G1', 'fieldType': 1, 'associatedVariable': 'G1', 'formula': '', 'id': ''}, {'fieldName': 'H1', 'fieldType': 2, 'associatedVariable': 'H1', 'formula': '', 'id': ''}]
[2023-06-02 18:55:18,773] logger_util.py->write_log line:61 [INFO] 文件上传：None
[2023-06-02 18:55:19,365] logger_util.py->write_log line:61 [INFO] 预期结果：[{'equals': {'status_code': 200}}]
[2023-06-02 18:55:19,366] logger_util.py->write_log line:61 [INFO] 实际结果：
[2023-06-02 18:55:19,366] logger_util.py->write_log line:61 [INFO] 接口请求成功！
[2023-06-02 18:55:19,366] logger_util.py->write_log line:61 [INFO] -------------接口请求结束-----------

[2023-06-02 18:55:19,373] logger_util.py->write_log line:61 [INFO] -------------接口请求开始-----------
[2023-06-02 18:55:19,373] logger_util.py->write_log line:61 [INFO] 接口名称：创建聚合表
[2023-06-02 18:55:19,374] logger_util.py->write_log line:61 [INFO] 接口方式：post
[2023-06-02 18:55:19,374] logger_util.py->write_log line:61 [INFO] 接口路径：http://127.0.0.1:18000/api/v1/dataconfig/aggregatetable
[2023-06-02 18:55:19,374] logger_util.py->write_log line:61 [INFO] 请求头：{'Content-Type': 'application/json;charset=UTF-8', 'X-Project': '83d42c5d5ad141bba528b7690b19996e'}
[2023-06-02 18:55:19,374] logger_util.py->write_log line:61 [INFO] 请求参数：{'folderId': '00000000-0000-0000-0000-000000000000', 'name': '聚合表2', 'sort': 3, 'tableId': 'a4e90f9e-a745-4807-b236-13952d6d0fa3', 'nodeType': 2}
[2023-06-02 18:55:19,374] logger_util.py->write_log line:61 [INFO] 文件上传：None
[2023-06-02 18:55:19,881] logger_util.py->write_log line:61 [INFO] 预期结果：[{'equals': {'status_code': 200}}, {'equals': {'sort': 3}}, {'contains': 'id'}]
[2023-06-02 18:55:19,882] logger_util.py->write_log line:61 [INFO] 实际结果：{'id': 'a3eee98f-ac68-4749-bad7-68cde080952f', 'folderId': '00000000-0000-0000-0000-000000000000', 'relativeTableId': 'a4e90f9e-a745-4807-b236-13952d6d0fa3', 'relativeType': 2, 'name': '聚合表2', 'sort': 3, 'createDateTime': '2023-06-02T18:55:19.5060945+08:00', 'preConditionType': 0, 'operationTypes': [1, 2, 3, 4], 'functionTypes': [2, 3, 4], 'extendedHeaders': ['记录时间'], 'storageConfig_ScheduledClear': False, 'storageConfig_ClearTriggerTime': None, 'storageConfig_ClearFrequency': 0, 'storageConfig_ClearFrequencyUnit': 0, 'storageConfig_ClearRetain': 0, 'storageConfig_ClearRetainUnit': 0, 'storageConfig_ScheduledBackup': False, 'storageConfig_BackupTriggerTime': None, 'storageConfig_BackupFrequency': 0, 'storageConfig_BackupFrequencyUnit': 0, 'storageConfig_BackupPath': ''}
[2023-06-02 18:55:19,882] logger_util.py->write_log line:61 [INFO] 接口请求成功！
[2023-06-02 18:55:19,882] logger_util.py->write_log line:61 [INFO] -------------接口请求结束-----------

[2023-06-02 18:55:19,893] logger_util.py->write_log line:61 [INFO] -------------接口请求开始-----------
[2023-06-02 18:55:19,893] logger_util.py->write_log line:61 [INFO] 接口名称：通过聚合表获取归档表字段
[2023-06-02 18:55:19,893] logger_util.py->write_log line:61 [INFO] 接口方式：get
[2023-06-02 18:55:19,893] logger_util.py->write_log line:61 [INFO] 接口路径：http://127.0.0.1:18000/api/v1/dataconfig/filingtable/fields/a3eee98f-ac68-4749-bad7-68cde080952f
[2023-06-02 18:55:19,893] logger_util.py->write_log line:61 [INFO] 请求头：{'Content-Type': 'application/json; =UTF-8', 'X-Project': '83d42c5d5ad141bba528b7690b19996e'}
[2023-06-02 18:55:19,893] logger_util.py->write_log line:61 [INFO] 文件上传：None
[2023-06-02 18:55:19,903] logger_util.py->write_log line:61 [INFO] 预期结果：[{'equals': {'status_code': 200}}]
[2023-06-02 18:55:19,904] logger_util.py->write_log line:61 [INFO] 实际结果：[{'id': 'FTF920f5e46ba0f43bc85bb6a13ec6fa473', 'filingTableId': 'a4e90f9e-a745-4807-b236-13952d6d0fa3', 'fieldName': '系统时间', 'fieldType': 3, 'associatedVariable': 'DateTime', 'formula': '', 'sort': 1}, {'id': 'FTF16b41c956d20484899a17369d51c0357', 'filingTableId': 'a4e90f9e-a745-4807-b236-13952d6d0fa3', 'fieldName': '函数时间', 'fieldType': 3, 'associatedVariable': '', 'formula': 'NOW(  )', 'sort': 2}, {'id': 'FTF04d3282cb20147e6987122637ef5bd6b', 'filingTableId': 'a4e90f9e-a745-4807-b236-13952d6d0fa3', 'fieldName': 'A1', 'fieldType': 1, 'associatedVariable': 'A1', 'formula': '', 'sort': 3}, {'id': 'FTFac0c6bfa814348858d51733ca9ea99d2', 'filingTableId': 'a4e90f9e-a745-4807-b236-13952d6d0fa3', 'fieldName': 'B1', 'fieldType': 1, 'associatedVariable': 'B1', 'formula': '', 'sort': 4}, {'id': 'FTF782c352df3f0434da346219a9f19db15', 'filingTableId': 'a4e90f9e-a745-4807-b236-13952d6d0fa3', 'fieldName': 'G1', 'fieldType': 1, 'associatedVariable': 'G1', 'formula': '', 'sort': 5}, {'id': 'FTFd93ef4545a0f464da2535bdb32bca5f7', 'filingTableId': 'a4e90f9e-a745-4807-b236-13952d6d0fa3', 'fieldName': 'H1', 'fieldType': 2, 'associatedVariable': 'H1', 'formula': '', 'sort': 6}]
[2023-06-02 18:55:19,904] logger_util.py->write_log line:61 [INFO] 接口请求成功！
[2023-06-02 18:55:19,904] logger_util.py->write_log line:61 [INFO] -------------接口请求结束-----------

[2023-06-02 18:55:19,923] logger_util.py->write_log line:61 [INFO] -------------接口请求开始-----------
[2023-06-02 18:55:19,923] logger_util.py->write_log line:61 [INFO] 接口名称：设置聚合表字段配置
[2023-06-02 18:55:19,923] logger_util.py->write_log line:61 [INFO] 接口方式：put
[2023-06-02 18:55:19,923] logger_util.py->write_log line:61 [INFO] 接口路径：http://127.0.0.1:18000/api/v1/dataconfig/aggregatetable/a3eee98f-ac68-4749-bad7-68cde080952f/fields
[2023-06-02 18:55:19,924] logger_util.py->write_log line:61 [INFO] 请求头：{'Content-Type': 'application/json;charset=UTF-8', 'X-Project': '83d42c5d5ad141bba528b7690b19996e'}
[2023-06-02 18:55:19,924] logger_util.py->write_log line:61 [INFO] 请求参数：[{'id': 'RandomId_2023-05-28T08:14:21.542Z|r5lcis8', 'fieldName': '系统时间', 'fieldType': 3, 'filingTableFieldId': 'FTF920f5e46ba0f43bc85bb6a13ec6fa473', 'filingTableFieldName': '系统时间', 'formula': '', 'groupType': 1, 'handleType': 1, '_X_ROW_KEY': 'row_1573'}, {'id': 'RandomId_2023-05-28T08:14:21.543Z|rjudvi8', 'fieldName': '函数时间', 'fieldType': 3, 'filingTableFieldId': 'FTF16b41c956d20484899a17369d51c0357', 'filingTableFieldName': '函数时间', 'formula': '', 'groupType': 1, 'handleType': 1, '_X_ROW_KEY': 'row_1574'}, {'id': 'RandomId_2023-05-28T08:14:21.543Z|ptduqqg', 'fieldName': 'A1', 'fieldType': 1, 'filingTableFieldId': 'FTF04d3282cb20147e6987122637ef5bd6b', 'filingTableFieldName': 'A1', 'formula': '', 'groupType': 2, 'handleType': 18, '_X_ROW_KEY': 'row_1575'}, {'id': 'RandomId_2023-05-28T08:14:21.543Z|rbvrmlo', 'fieldName': 'B1', 'fieldType': 1, 'filingTableFieldId': 'FTFac0c6bfa814348858d51733ca9ea99d2', 'filingTableFieldName': 'B1', 'formula': '', 'groupType': 2, 'handleType': 18, '_X_ROW_KEY': 'row_1576'}, {'id': 'RandomId_2023-05-28T08:14:21.543Z|477rd1g', 'fieldName': 'G1', 'fieldType': 1, 'filingTableFieldId': 'FTF782c352df3f0434da346219a9f19db15', 'filingTableFieldName': 'G1', 'formula': '', 'groupType': 2, 'handleType': 18, '_X_ROW_KEY': 'row_1577'}, {'id': 'RandomId_2023-05-28T08:14:21.543Z|d4oll5o', 'fieldName': 'H1', 'fieldType': 2, 'filingTableFieldId': 'FTFd93ef4545a0f464da2535bdb32bca5f7', 'filingTableFieldName': 'H1', 'formula': '', 'groupType': 1, 'handleType': 9, '_X_ROW_KEY': 'row_1578'}]
[2023-06-02 18:55:19,924] logger_util.py->write_log line:61 [INFO] 文件上传：None
[2023-06-02 18:55:20,812] logger_util.py->write_log line:61 [INFO] 预期结果：[{'equals': {'status_code': 200}}]
[2023-06-02 18:55:20,812] logger_util.py->write_log line:61 [INFO] 实际结果：
[2023-06-02 18:55:20,813] logger_util.py->write_log line:61 [INFO] 接口请求成功！
[2023-06-02 18:55:20,813] logger_util.py->write_log line:61 [INFO] -------------接口请求结束-----------

[2023-06-02 18:55:20,820] logger_util.py->write_log line:61 [INFO] -------------接口请求开始-----------
[2023-06-02 18:55:20,820] logger_util.py->write_log line:61 [INFO] 接口名称：字段配置删除警告
[2023-06-02 18:55:20,820] logger_util.py->write_log line:61 [INFO] 接口方式：post
[2023-06-02 18:55:20,820] logger_util.py->write_log line:61 [INFO] 接口路径：http://127.0.0.1:18000/api/v1/dataconfig/node/field/delewarning
[2023-06-02 18:55:20,820] logger_util.py->write_log line:61 [INFO] 请求头：{'Content-Type': 'application/json;charset=UTF-8', 'X-Project': '83d42c5d5ad141bba528b7690b19996e'}
[2023-06-02 18:55:20,820] logger_util.py->write_log line:61 [INFO] 请求参数：{'fieldIds': ['FTF04d3282cb20147e6987122637ef5bd6b']}
[2023-06-02 18:55:20,820] logger_util.py->write_log line:61 [INFO] 文件上传：None
[2023-06-02 18:55:20,825] logger_util.py->write_log line:61 [INFO] 预期结果：[{'equals': {'status_code': 200}}, {'equals': {'limited': True}}, {'equals': {'msg': '该字段已被关联的聚合表使用，不允许删除'}}]
[2023-06-02 18:55:20,825] logger_util.py->write_log line:61 [INFO] 实际结果：{'limited': True, 'msg': '该字段已被关联的聚合表使用，不允许删除'}
[2023-06-02 18:55:20,825] logger_util.py->write_log line:61 [INFO] 接口请求成功！
[2023-06-02 18:55:20,825] logger_util.py->write_log line:61 [INFO] -------------接口请求结束-----------

[2023-06-02 18:55:20,833] logger_util.py->write_log line:61 [INFO] -------------接口请求开始-----------
[2023-06-02 18:55:20,833] logger_util.py->write_log line:61 [INFO] 接口名称：查询删除警告-文件夹
[2023-06-02 18:55:20,833] logger_util.py->write_log line:61 [INFO] 接口方式：get
[2023-06-02 18:55:20,833] logger_util.py->write_log line:61 [INFO] 接口路径：http://127.0.0.1:18000/api/v1/dataconfig/node/deletewarning/1/ff112242-9972-45c1-a42d-094798a57466
[2023-06-02 18:55:20,833] logger_util.py->write_log line:61 [INFO] 请求头：{'Content-Type': 'application/json;charset=UTF-8', 'X-Project': '83d42c5d5ad141bba528b7690b19996e'}
[2023-06-02 18:55:20,833] logger_util.py->write_log line:61 [INFO] 文件上传：None
[2023-06-02 18:55:20,839] logger_util.py->write_log line:61 [INFO] 预期结果：[{'equals': {'status_code': 200}}, {'equals': {'popUp': True}}, {'equals': {'msg': '确认后，从列表中删除节点'}}]
[2023-06-02 18:55:20,839] logger_util.py->write_log line:61 [INFO] 实际结果：{'popUp': True, 'msg': '确认后，从列表中删除节点'}
[2023-06-02 18:55:20,839] logger_util.py->write_log line:61 [INFO] 接口请求成功！
[2023-06-02 18:55:20,839] logger_util.py->write_log line:61 [INFO] -------------接口请求结束-----------

[2023-06-02 18:55:20,846] logger_util.py->write_log line:61 [INFO] -------------接口请求开始-----------
[2023-06-02 18:55:20,846] logger_util.py->write_log line:61 [INFO] 接口名称：查询删除警告-归档表
[2023-06-02 18:55:20,846] logger_util.py->write_log line:61 [INFO] 接口方式：get
[2023-06-02 18:55:20,846] logger_util.py->write_log line:61 [INFO] 接口路径：http://127.0.0.1:18000/api/v1/dataconfig/node/deletewarning/2/a4e90f9e-a745-4807-b236-13952d6d0fa3
[2023-06-02 18:55:20,847] logger_util.py->write_log line:61 [INFO] 请求头：{'Content-Type': 'application/json;charset=UTF-8', 'X-Project': '83d42c5d5ad141bba528b7690b19996e'}
[2023-06-02 18:55:20,847] logger_util.py->write_log line:61 [INFO] 文件上传：None
[2023-06-02 18:55:20,852] logger_util.py->write_log line:61 [INFO] 预期结果：[{'equals': {'status_code': 200}}, {'equals': {'popUp': True}}, {'equals': {'msg': '删除该节点，将会同步删除有关联关系的数据表，是否确认删除？'}}]
[2023-06-02 18:55:20,852] logger_util.py->write_log line:61 [INFO] 实际结果：{'popUp': True, 'msg': '删除该节点，将会同步删除有关联关系的数据表，是否确认删除？'}
[2023-06-02 18:55:20,853] logger_util.py->write_log line:61 [INFO] 接口请求成功！
[2023-06-02 18:55:20,853] logger_util.py->write_log line:61 [INFO] -------------接口请求结束-----------

[2023-06-02 18:55:20,860] logger_util.py->write_log line:61 [INFO] -------------接口请求开始-----------
[2023-06-02 18:55:20,860] logger_util.py->write_log line:61 [INFO] 接口名称：查询删除警告-聚合表
[2023-06-02 18:55:20,860] logger_util.py->write_log line:61 [INFO] 接口方式：get
[2023-06-02 18:55:20,860] logger_util.py->write_log line:61 [INFO] 接口路径：http://127.0.0.1:18000/api/v1/dataconfig/node/deletewarning/3/a3eee98f-ac68-4749-bad7-68cde080952f
[2023-06-02 18:55:20,860] logger_util.py->write_log line:61 [INFO] 请求头：{'Content-Type': 'application/json;charset=UTF-8', 'X-Project': '83d42c5d5ad141bba528b7690b19996e'}
[2023-06-02 18:55:20,860] logger_util.py->write_log line:61 [INFO] 文件上传：None
[2023-06-02 18:55:20,865] logger_util.py->write_log line:61 [INFO] 预期结果：[{'equals': {'status_code': 200}}, {'equals': {'popUp': True}}, {'equals': {'msg': '确认后，从列表中删除节点'}}]
[2023-06-02 18:55:20,865] logger_util.py->write_log line:61 [INFO] 实际结果：{'popUp': True, 'msg': '确认后，从列表中删除节点'}
[2023-06-02 18:55:20,865] logger_util.py->write_log line:61 [INFO] 接口请求成功！
[2023-06-02 18:55:20,865] logger_util.py->write_log line:61 [INFO] -------------接口请求结束-----------

[2023-06-02 18:55:20,873] logger_util.py->write_log line:61 [INFO] -------------接口请求开始-----------
[2023-06-02 18:55:20,873] logger_util.py->write_log line:61 [INFO] 接口名称：归档表创建副本
[2023-06-02 18:55:20,873] logger_util.py->write_log line:61 [INFO] 接口方式：post
[2023-06-02 18:55:20,873] logger_util.py->write_log line:61 [INFO] 接口路径：http://127.0.0.1:18000/api/v1/dataconfig/createreplicas
[2023-06-02 18:55:20,873] logger_util.py->write_log line:61 [INFO] 请求头：{'Content-Type': 'application/json;charset=UTF-8', 'X-Project': '83d42c5d5ad141bba528b7690b19996e'}
[2023-06-02 18:55:20,873] logger_util.py->write_log line:61 [INFO] 请求参数：{'copyFromId': 'a4e90f9e-a745-4807-b236-13952d6d0fa3', 'nodeType': 2}
[2023-06-02 18:55:20,873] logger_util.py->write_log line:61 [INFO] 文件上传：None
[2023-06-02 18:55:22,153] logger_util.py->write_log line:61 [INFO] 预期结果：[{'equals': {'status_code': 200}}]
[2023-06-02 18:55:22,153] logger_util.py->write_log line:61 [INFO] 实际结果：{'id': '576248e4-4f37-411a-850b-4c44a8541f3f', 'parentId': '00000000-0000-0000-0000-000000000000', 'name': '归档表94-0001', 'nodeType': 2, 'children': [], 'sort': 3, 'operations': [1, 2, 3, 4], 'functions': [1, 2, 3, 4]}
[2023-06-02 18:55:22,153] logger_util.py->write_log line:61 [INFO] 接口请求成功！
[2023-06-02 18:55:22,153] logger_util.py->write_log line:61 [INFO] -------------接口请求结束-----------

[2023-06-02 18:55:22,160] logger_util.py->write_log line:61 [INFO] -------------接口请求开始-----------
[2023-06-02 18:55:22,160] logger_util.py->write_log line:61 [INFO] 接口名称：聚合表创建副本
[2023-06-02 18:55:22,160] logger_util.py->write_log line:61 [INFO] 接口方式：post
[2023-06-02 18:55:22,160] logger_util.py->write_log line:61 [INFO] 接口路径：http://127.0.0.1:18000/api/v1/dataconfig/createreplicas
[2023-06-02 18:55:22,160] logger_util.py->write_log line:61 [INFO] 请求头：{'Content-Type': 'application/json;charset=UTF-8', 'X-Project': '83d42c5d5ad141bba528b7690b19996e'}
[2023-06-02 18:55:22,160] logger_util.py->write_log line:61 [INFO] 请求参数：{'copyFromId': 'a3eee98f-ac68-4749-bad7-68cde080952f', 'nodeType': 3}
[2023-06-02 18:55:22,160] logger_util.py->write_log line:61 [INFO] 文件上传：None
[2023-06-02 18:55:24,395] logger_util.py->write_log line:61 [INFO] 预期结果：[{'equals': {'status_code': 200}}]
[2023-06-02 18:55:24,395] logger_util.py->write_log line:61 [INFO] 实际结果：{'id': '2a43f04b-839f-4cc7-8596-1fd3fdf81c56', 'parentId': '00000000-0000-0000-0000-000000000000', 'name': '聚合表2-0001', 'nodeType': 3, 'children': [], 'sort': 5, 'operations': [1, 2, 3, 4], 'functions': [2, 3, 4]}
[2023-06-02 18:55:24,396] logger_util.py->write_log line:61 [INFO] 接口请求成功！
[2023-06-02 18:55:24,396] logger_util.py->write_log line:61 [INFO] -------------接口请求结束-----------

[2023-06-02 18:55:24,403] logger_util.py->write_log line:61 [INFO] -------------接口请求开始-----------
[2023-06-02 18:55:24,403] logger_util.py->write_log line:61 [INFO] 接口名称：归档表获取节点信息
[2023-06-02 18:55:24,403] logger_util.py->write_log line:61 [INFO] 接口方式：get
[2023-06-02 18:55:24,403] logger_util.py->write_log line:61 [INFO] 接口路径：http://127.0.0.1:18000/api/v1/dataconfig/node/2/a4e90f9e-a745-4807-b236-13952d6d0fa3
[2023-06-02 18:55:24,403] logger_util.py->write_log line:61 [INFO] 请求头：{'Content-Type': 'application/json;charset=UTF-8', 'X-Project': '83d42c5d5ad141bba528b7690b19996e'}
[2023-06-02 18:55:24,403] logger_util.py->write_log line:61 [INFO] 文件上传：None
[2023-06-02 18:55:24,408] logger_util.py->write_log line:61 [INFO] 预期结果：[{'equals': {'status_code': 200}}]
[2023-06-02 18:55:24,408] logger_util.py->write_log line:61 [INFO] 实际结果：{'id': 'a4e90f9e-a745-4807-b236-13952d6d0fa3', 'folderId': '00000000-0000-0000-0000-000000000000', 'name': '归档表94', 'sort': 2, 'createDateTime': '2023-06-02T18:55:18.5829043', 'cacheConfig_EnableCache': False, 'cacheConfig_QuantityLimit': 0, 'cacheConfig_TimeSpanLimit': 0, 'cacheConfig_TimeSpanLimitUnit': 0, 'cacheConfig_ClearCache': '', 'storageConfig_ScheduledClear': False, 'storageConfig_ClearTriggerTime': '', 'storageConfig_ClearFrequency': 0, 'storageConfig_ClearFrequencyUnit': 0, 'storageConfig_ClearRetain': 0, 'storageConfig_ClearRetainUnit': 0, 'storageConfig_ScheduledBackup': False, 'storageConfig_BackupTriggerTime': '', 'storageConfig_BackupFrequency': 0, 'storageConfig_BackupFrequencyUnit': 0, 'storageConfig_BackupPath': '', 'operationTypes': [1, 2, 3, 4], 'functionTypes': [1, 2, 3, 4]}
[2023-06-02 18:55:24,408] logger_util.py->write_log line:61 [INFO] 接口请求成功！
[2023-06-02 18:55:24,408] logger_util.py->write_log line:61 [INFO] -------------接口请求结束-----------

[2023-06-02 18:55:24,416] logger_util.py->write_log line:61 [INFO] -------------接口请求开始-----------
[2023-06-02 18:55:24,416] logger_util.py->write_log line:61 [INFO] 接口名称：聚合表获取节点信息
[2023-06-02 18:55:24,416] logger_util.py->write_log line:61 [INFO] 接口方式：get
[2023-06-02 18:55:24,416] logger_util.py->write_log line:61 [INFO] 接口路径：http://127.0.0.1:18000/api/v1/dataconfig/node/3/a3eee98f-ac68-4749-bad7-68cde080952f
[2023-06-02 18:55:24,416] logger_util.py->write_log line:61 [INFO] 请求头：{'Content-Type': 'application/json;charset=UTF-8', 'X-Project': '83d42c5d5ad141bba528b7690b19996e'}
[2023-06-02 18:55:24,416] logger_util.py->write_log line:61 [INFO] 文件上传：None
[2023-06-02 18:55:24,421] logger_util.py->write_log line:61 [INFO] 预期结果：[{'equals': {'status_code': 200}}]
[2023-06-02 18:55:24,422] logger_util.py->write_log line:61 [INFO] 实际结果：{'id': 'a3eee98f-ac68-4749-bad7-68cde080952f', 'folderId': '00000000-0000-0000-0000-000000000000', 'name': '聚合表2', 'sort': 4, 'createDateTime': '2023-06-02T18:55:19.5060945', 'storageConfig_ScheduledClear': False, 'storageConfig_ClearTriggerTime': '', 'storageConfig_ClearFrequency': 0, 'storageConfig_ClearFrequencyUnit': 0, 'storageConfig_ClearRetain': 0, 'storageConfig_ClearRetainUnit': 0, 'storageConfig_ScheduledBackup': False, 'storageConfig_BackupTriggerTime': '', 'storageConfig_BackupFrequency': 0, 'storageConfig_BackupFrequencyUnit': 0, 'storageConfig_BackupPath': '', 'operationTypes': [1, 2, 3, 4], 'functionTypes': [2, 3, 4]}
[2023-06-02 18:55:24,422] logger_util.py->write_log line:61 [INFO] 接口请求成功！
[2023-06-02 18:55:24,422] logger_util.py->write_log line:61 [INFO] -------------接口请求结束-----------

[2023-06-02 18:55:24,428] logger_util.py->write_log line:61 [INFO] -------------接口请求开始-----------
[2023-06-02 18:55:24,429] logger_util.py->write_log line:61 [INFO] 接口名称：系统时间获取字段信息
[2023-06-02 18:55:24,429] logger_util.py->write_log line:61 [INFO] 接口方式：get
[2023-06-02 18:55:24,429] logger_util.py->write_log line:61 [INFO] 接口路径：http://127.0.0.1:18000/api/v1/dataconfig/node/field/FTF920f5e46ba0f43bc85bb6a13ec6fa473
[2023-06-02 18:55:24,429] logger_util.py->write_log line:61 [INFO] 请求头：{'Content-Type': 'application/json;charset=UTF-8', 'X-Project': '83d42c5d5ad141bba528b7690b19996e'}
[2023-06-02 18:55:24,429] logger_util.py->write_log line:61 [INFO] 文件上传：None
[2023-06-02 18:55:24,433] logger_util.py->write_log line:61 [INFO] 预期结果：[{'equals': {'status_code': 200}}]
[2023-06-02 18:55:24,434] logger_util.py->write_log line:61 [INFO] 实际结果：{'id': 'FTF920f5e46ba0f43bc85bb6a13ec6fa473', 'filingTableId': 'a4e90f9e-a745-4807-b236-13952d6d0fa3', 'fieldName': '系统时间', 'fieldType': 3, 'associatedVariable': 'DateTime', 'formula': '', 'sort': 1}
[2023-06-02 18:55:24,434] logger_util.py->write_log line:61 [INFO] 接口请求成功！
[2023-06-02 18:55:24,434] logger_util.py->write_log line:61 [INFO] -------------接口请求结束-----------

[2023-06-02 18:55:24,441] logger_util.py->write_log line:61 [INFO] -------------接口请求开始-----------
[2023-06-02 18:55:24,441] logger_util.py->write_log line:61 [INFO] 接口名称：函数时间获取字段信息
[2023-06-02 18:55:24,441] logger_util.py->write_log line:61 [INFO] 接口方式：get
[2023-06-02 18:55:24,442] logger_util.py->write_log line:61 [INFO] 接口路径：http://127.0.0.1:18000/api/v1/dataconfig/node/field/FTF16b41c956d20484899a17369d51c0357
[2023-06-02 18:55:24,442] logger_util.py->write_log line:61 [INFO] 请求头：{'Content-Type': 'application/json;charset=UTF-8', 'X-Project': '83d42c5d5ad141bba528b7690b19996e'}
[2023-06-02 18:55:24,442] logger_util.py->write_log line:61 [INFO] 文件上传：None
[2023-06-02 18:55:24,448] logger_util.py->write_log line:61 [INFO] 预期结果：[{'equals': {'status_code': 200}}]
[2023-06-02 18:55:24,449] logger_util.py->write_log line:61 [INFO] 实际结果：{'id': 'FTF16b41c956d20484899a17369d51c0357', 'filingTableId': 'a4e90f9e-a745-4807-b236-13952d6d0fa3', 'fieldName': '函数时间', 'fieldType': 3, 'associatedVariable': '', 'formula': 'NOW(  )', 'sort': 2}
[2023-06-02 18:55:24,449] logger_util.py->write_log line:61 [INFO] 接口请求成功！
[2023-06-02 18:55:24,449] logger_util.py->write_log line:61 [INFO] -------------接口请求结束-----------

[2023-06-02 18:55:24,458] logger_util.py->write_log line:61 [INFO] -------------接口请求开始-----------
[2023-06-02 18:55:24,458] logger_util.py->write_log line:61 [INFO] 接口名称：整型A1获取字段信息
[2023-06-02 18:55:24,458] logger_util.py->write_log line:61 [INFO] 接口方式：get
[2023-06-02 18:55:24,458] logger_util.py->write_log line:61 [INFO] 接口路径：http://127.0.0.1:18000/api/v1/dataconfig/node/field/FTF04d3282cb20147e6987122637ef5bd6b
[2023-06-02 18:55:24,458] logger_util.py->write_log line:61 [INFO] 请求头：{'Content-Type': 'application/json;charset=UTF-8', 'X-Project': '83d42c5d5ad141bba528b7690b19996e'}
[2023-06-02 18:55:24,458] logger_util.py->write_log line:61 [INFO] 文件上传：None
[2023-06-02 18:55:24,464] logger_util.py->write_log line:61 [INFO] 预期结果：[{'equals': {'status_code': 200}}]
[2023-06-02 18:55:24,464] logger_util.py->write_log line:61 [INFO] 实际结果：{'id': 'FTF04d3282cb20147e6987122637ef5bd6b', 'filingTableId': 'a4e90f9e-a745-4807-b236-13952d6d0fa3', 'fieldName': 'A1', 'fieldType': 1, 'associatedVariable': 'A1', 'formula': '', 'sort': 3}
[2023-06-02 18:55:24,464] logger_util.py->write_log line:61 [INFO] 接口请求成功！
[2023-06-02 18:55:24,464] logger_util.py->write_log line:61 [INFO] -------------接口请求结束-----------

[2023-06-02 18:55:24,472] logger_util.py->write_log line:61 [INFO] -------------接口请求开始-----------
[2023-06-02 18:55:24,472] logger_util.py->write_log line:61 [INFO] 接口名称：浮点型B1获取字段信息
[2023-06-02 18:55:24,472] logger_util.py->write_log line:61 [INFO] 接口方式：get
[2023-06-02 18:55:24,472] logger_util.py->write_log line:61 [INFO] 接口路径：http://127.0.0.1:18000/api/v1/dataconfig/node/field/FTFac0c6bfa814348858d51733ca9ea99d2
[2023-06-02 18:55:24,472] logger_util.py->write_log line:61 [INFO] 请求头：{'Content-Type': 'application/json;charset=UTF-8', 'X-Project': '83d42c5d5ad141bba528b7690b19996e'}
[2023-06-02 18:55:24,472] logger_util.py->write_log line:61 [INFO] 文件上传：None
[2023-06-02 18:55:24,476] logger_util.py->write_log line:61 [INFO] 预期结果：[{'equals': {'status_code': 200}}]
[2023-06-02 18:55:24,477] logger_util.py->write_log line:61 [INFO] 实际结果：{'id': 'FTFac0c6bfa814348858d51733ca9ea99d2', 'filingTableId': 'a4e90f9e-a745-4807-b236-13952d6d0fa3', 'fieldName': 'B1', 'fieldType': 1, 'associatedVariable': 'B1', 'formula': '', 'sort': 4}
[2023-06-02 18:55:24,477] logger_util.py->write_log line:61 [INFO] 接口请求成功！
[2023-06-02 18:55:24,477] logger_util.py->write_log line:61 [INFO] -------------接口请求结束-----------

[2023-06-02 18:55:24,485] logger_util.py->write_log line:61 [INFO] -------------接口请求开始-----------
[2023-06-02 18:55:24,486] logger_util.py->write_log line:61 [INFO] 接口名称：二进制G1获取字段信息
[2023-06-02 18:55:24,486] logger_util.py->write_log line:61 [INFO] 接口方式：get
[2023-06-02 18:55:24,486] logger_util.py->write_log line:61 [INFO] 接口路径：http://127.0.0.1:18000/api/v1/dataconfig/node/field/FTF782c352df3f0434da346219a9f19db15
[2023-06-02 18:55:24,486] logger_util.py->write_log line:61 [INFO] 请求头：{'Content-Type': 'application/json;charset=UTF-8', 'X-Project': '83d42c5d5ad141bba528b7690b19996e'}
[2023-06-02 18:55:24,486] logger_util.py->write_log line:61 [INFO] 文件上传：None
[2023-06-02 18:55:24,491] logger_util.py->write_log line:61 [INFO] 预期结果：[{'equals': {'status_code': 200}}]
[2023-06-02 18:55:24,491] logger_util.py->write_log line:61 [INFO] 实际结果：{'id': 'FTF782c352df3f0434da346219a9f19db15', 'filingTableId': 'a4e90f9e-a745-4807-b236-13952d6d0fa3', 'fieldName': 'G1', 'fieldType': 1, 'associatedVariable': 'G1', 'formula': '', 'sort': 5}
[2023-06-02 18:55:24,492] logger_util.py->write_log line:61 [INFO] 接口请求成功！
[2023-06-02 18:55:24,492] logger_util.py->write_log line:61 [INFO] -------------接口请求结束-----------

[2023-06-02 18:55:24,499] logger_util.py->write_log line:61 [INFO] -------------接口请求开始-----------
[2023-06-02 18:55:24,499] logger_util.py->write_log line:61 [INFO] 接口名称：字符串H1获取字段信息
[2023-06-02 18:55:24,499] logger_util.py->write_log line:61 [INFO] 接口方式：get
[2023-06-02 18:55:24,499] logger_util.py->write_log line:61 [INFO] 接口路径：http://127.0.0.1:18000/api/v1/dataconfig/node/field/FTFd93ef4545a0f464da2535bdb32bca5f7
[2023-06-02 18:55:24,499] logger_util.py->write_log line:61 [INFO] 请求头：{'Content-Type': 'application/json;charset=UTF-8', 'X-Project': '83d42c5d5ad141bba528b7690b19996e'}
[2023-06-02 18:55:24,499] logger_util.py->write_log line:61 [INFO] 文件上传：None
[2023-06-02 18:55:24,504] logger_util.py->write_log line:61 [INFO] 预期结果：[{'equals': {'status_code': 200}}]
[2023-06-02 18:55:24,504] logger_util.py->write_log line:61 [INFO] 实际结果：{'id': 'FTFd93ef4545a0f464da2535bdb32bca5f7', 'filingTableId': 'a4e90f9e-a745-4807-b236-13952d6d0fa3', 'fieldName': 'H1', 'fieldType': 2, 'associatedVariable': 'H1', 'formula': '', 'sort': 6}
[2023-06-02 18:55:24,504] logger_util.py->write_log line:61 [INFO] 接口请求成功！
[2023-06-02 18:55:24,504] logger_util.py->write_log line:61 [INFO] -------------接口请求结束-----------

[2023-06-02 18:55:24,511] logger_util.py->write_log line:61 [INFO] -------------接口请求开始-----------
[2023-06-02 18:55:24,512] logger_util.py->write_log line:61 [INFO] 接口名称：归档表排序到1
[2023-06-02 18:55:24,512] logger_util.py->write_log line:61 [INFO] 接口方式：put
[2023-06-02 18:55:24,512] logger_util.py->write_log line:61 [INFO] 接口路径：http://127.0.0.1:18000/api/v1/dataconfig/node/sort/2/a4e90f9e-a745-4807-b236-13952d6d0fa3/1
[2023-06-02 18:55:24,512] logger_util.py->write_log line:61 [INFO] 请求头：{'Content-Type': 'application/json;charset=UTF-8', 'X-Project': '83d42c5d5ad141bba528b7690b19996e'}
[2023-06-02 18:55:24,512] logger_util.py->write_log line:61 [INFO] 文件上传：None
[2023-06-02 18:55:24,809] logger_util.py->write_log line:61 [INFO] 预期结果：[{'equals': {'status_code': 200}}]
[2023-06-02 18:55:24,810] logger_util.py->write_log line:61 [INFO] 实际结果：
[2023-06-02 18:55:24,811] logger_util.py->write_log line:61 [INFO] 接口请求成功！
[2023-06-02 18:55:24,812] logger_util.py->write_log line:61 [INFO] -------------接口请求结束-----------

[2023-06-02 18:55:24,833] logger_util.py->write_log line:61 [INFO] -------------接口请求开始-----------
[2023-06-02 18:55:24,833] logger_util.py->write_log line:61 [INFO] 接口名称：聚合表排序到2
[2023-06-02 18:55:24,833] logger_util.py->write_log line:61 [INFO] 接口方式：put
[2023-06-02 18:55:24,834] logger_util.py->write_log line:61 [INFO] 接口路径：http://127.0.0.1:18000/api/v1/dataconfig/node/sort/3/a3eee98f-ac68-4749-bad7-68cde080952f/2
[2023-06-02 18:55:24,834] logger_util.py->write_log line:61 [INFO] 请求头：{'Content-Type': 'application/json;charset=UTF-8', 'X-Project': '83d42c5d5ad141bba528b7690b19996e'}
[2023-06-02 18:55:24,834] logger_util.py->write_log line:61 [INFO] 文件上传：None
[2023-06-02 18:55:25,108] logger_util.py->write_log line:61 [INFO] 预期结果：[{'equals': {'status_code': 200}}]
[2023-06-02 18:55:25,108] logger_util.py->write_log line:61 [INFO] 实际结果：
[2023-06-02 18:55:25,108] logger_util.py->write_log line:61 [INFO] 接口请求成功！
[2023-06-02 18:55:25,108] logger_util.py->write_log line:61 [INFO] -------------接口请求结束-----------

[2023-06-02 18:55:25,116] logger_util.py->write_log line:61 [INFO] -------------接口请求开始-----------
[2023-06-02 18:55:25,117] logger_util.py->write_log line:61 [INFO] 接口名称：文件夹排序到3
[2023-06-02 18:55:25,117] logger_util.py->write_log line:61 [INFO] 接口方式：put
[2023-06-02 18:55:25,117] logger_util.py->write_log line:61 [INFO] 接口路径：http://127.0.0.1:18000/api/v1/dataconfig/node/sort/1/ff112242-9972-45c1-a42d-094798a57466/3
[2023-06-02 18:55:25,117] logger_util.py->write_log line:61 [INFO] 请求头：{'Content-Type': 'application/json;charset=UTF-8', 'X-Project': '83d42c5d5ad141bba528b7690b19996e'}
[2023-06-02 18:55:25,117] logger_util.py->write_log line:61 [INFO] 文件上传：None
[2023-06-02 18:55:25,543] logger_util.py->write_log line:61 [INFO] 预期结果：[{'equals': {'status_code': 200}}]
[2023-06-02 18:55:25,543] logger_util.py->write_log line:61 [INFO] 实际结果：
[2023-06-02 18:55:25,543] logger_util.py->write_log line:61 [INFO] 接口请求成功！
[2023-06-02 18:55:25,543] logger_util.py->write_log line:61 [INFO] -------------接口请求结束-----------

[2023-06-02 18:55:25,557] logger_util.py->write_log line:61 [INFO] -------------接口请求开始-----------
[2023-06-02 18:55:25,557] logger_util.py->write_log line:61 [INFO] 接口名称：拖拽排序归档表
[2023-06-02 18:55:25,557] logger_util.py->write_log line:61 [INFO] 接口方式：put
[2023-06-02 18:55:25,557] logger_util.py->write_log line:61 [INFO] 接口路径：http://127.0.0.1:18000/api/v1/dataconfig/node/sort/2/a4e90f9e-a745-4807-b236-13952d6d0fa3/1/ff112242-9972-45c1-a42d-094798a57466
[2023-06-02 18:55:25,557] logger_util.py->write_log line:61 [INFO] 请求头：{'Content-Type': 'application/json;charset=UTF-8', 'X-Project': '83d42c5d5ad141bba528b7690b19996e'}
[2023-06-02 18:55:25,557] logger_util.py->write_log line:61 [INFO] 文件上传：None
[2023-06-02 18:55:25,876] logger_util.py->write_log line:61 [INFO] 预期结果：[{'equals': {'status_code': 200}}]
[2023-06-02 18:55:25,877] logger_util.py->write_log line:61 [INFO] 实际结果：
[2023-06-02 18:55:25,877] logger_util.py->write_log line:61 [INFO] 接口请求成功！
[2023-06-02 18:55:25,877] logger_util.py->write_log line:61 [INFO] -------------接口请求结束-----------

[2023-06-02 18:55:25,892] logger_util.py->write_log line:61 [INFO] -------------接口请求开始-----------
[2023-06-02 18:55:25,892] logger_util.py->write_log line:61 [INFO] 接口名称：拖拽排序聚合表
[2023-06-02 18:55:25,892] logger_util.py->write_log line:61 [INFO] 接口方式：put
[2023-06-02 18:55:25,892] logger_util.py->write_log line:61 [INFO] 接口路径：http://127.0.0.1:18000/api/v1/dataconfig/node/sort/3/a3eee98f-ac68-4749-bad7-68cde080952f/2/ff112242-9972-45c1-a42d-094798a57466
[2023-06-02 18:55:25,892] logger_util.py->write_log line:61 [INFO] 请求头：{'Content-Type': 'application/json;charset=UTF-8', 'X-Project': '83d42c5d5ad141bba528b7690b19996e'}
[2023-06-02 18:55:25,892] logger_util.py->write_log line:61 [INFO] 文件上传：None
[2023-06-02 18:55:26,046] logger_util.py->write_log line:61 [INFO] 预期结果：[{'equals': {'status_code': 200}}]
[2023-06-02 18:55:26,046] logger_util.py->write_log line:61 [INFO] 实际结果：
[2023-06-02 18:55:26,046] logger_util.py->write_log line:61 [INFO] 接口请求成功！
[2023-06-02 18:55:26,046] logger_util.py->write_log line:61 [INFO] -------------接口请求结束-----------

