[2023-06-02 17:54:21,595] logger_util.py->write_log line:61 [INFO] -------------接口请求开始-----------
[2023-06-02 17:54:21,595] logger_util.py->write_log line:61 [INFO] 接口名称：创建文件夹
[2023-06-02 17:54:21,595] logger_util.py->write_log line:61 [INFO] 接口方式：post
[2023-06-02 17:54:21,595] logger_util.py->write_log line:61 [INFO] 接口路径：http://127.0.0.1:18000/api/v1/dataconfig/folder
[2023-06-02 17:54:21,595] logger_util.py->write_log line:61 [INFO] 请求头：{'Content-Type': 'application/json;charset=UTF-8', 'X-Project': '83d42c5d5ad141bba528b7690b19996e'}
[2023-06-02 17:54:21,596] logger_util.py->write_log line:61 [INFO] 请求参数：{'parentId': '00000000-0000-0000-0000-000000000000', 'name': '文件夹46', 'sort': 2}
[2023-06-02 17:54:21,596] logger_util.py->write_log line:61 [INFO] 文件上传：None
[2023-06-02 17:54:21,824] logger_util.py->write_log line:61 [INFO] 预期结果：[{'equals': {'status_code': 200}}, {'equals': {'sort': 2}}, {'contains': 'id'}]
[2023-06-02 17:54:21,824] logger_util.py->write_log line:61 [INFO] 实际结果：{'id': '8b6223be-630d-4c3f-87f8-815e7a0b8619', 'name': '文件夹46', 'parentId': '00000000-0000-0000-0000-000000000000', 'level': 0, 'sort': 2, 'createDateTime': '2023-06-02T17:54:21.7318905+08:00', 'operationTypes': [1, 4]}
[2023-06-02 17:54:21,824] logger_util.py->write_log line:61 [INFO] 接口请求成功！
[2023-06-02 17:54:21,824] logger_util.py->write_log line:61 [INFO] -------------接口请求结束-----------

[2023-06-02 17:54:21,832] logger_util.py->write_log line:61 [INFO] -------------接口请求开始-----------
[2023-06-02 17:54:21,832] logger_util.py->write_log line:61 [INFO] 接口名称：创建归档表
[2023-06-02 17:54:21,833] logger_util.py->write_log line:61 [INFO] 接口方式：post
[2023-06-02 17:54:21,833] logger_util.py->write_log line:61 [INFO] 接口路径：http://127.0.0.1:18000/api/v1/dataconfig/filingtable
[2023-06-02 17:54:21,833] logger_util.py->write_log line:61 [INFO] 请求头：{'Content-Type': 'application/json;charset=UTF-8', 'X-Project': '83d42c5d5ad141bba528b7690b19996e'}
[2023-06-02 17:54:21,833] logger_util.py->write_log line:61 [INFO] 请求参数：{'folderId': '00000000-0000-0000-0000-000000000000', 'name': '归档表62', 'sort': 2}
[2023-06-02 17:54:21,833] logger_util.py->write_log line:61 [INFO] 文件上传：None
[2023-06-02 17:54:22,348] logger_util.py->write_log line:61 [INFO] 预期结果：[{'equals': {'status_code': 200}}, {'equals': {'sort': 2}}, {'contains': 'id'}]
[2023-06-02 17:54:22,348] logger_util.py->write_log line:61 [INFO] 实际结果：{'id': '5ddc90cb-9a23-412f-806b-deb10fcb7443', 'folderId': '00000000-0000-0000-0000-000000000000', 'name': '归档表62', 'sort': 2, 'createDateTime': '2023-06-02T17:54:22.03105+08:00', 'operationTypes': [1, 2, 3, 4], 'functionTypes': [1, 2, 3, 4], 'extendedHeaders': ['记录时间'], 'cacheConfig_EnableCache': False, 'cacheConfig_QuantityLimit': 0, 'cacheConfig_TimeSpanLimit': 0, 'cacheConfig_TimeSpanLimitUnit': 0, 'cacheConfig_ClearCache': '', 'storageConfig_ScheduledClear': False, 'storageConfig_ClearTriggerTime': None, 'storageConfig_ClearFrequency': 0, 'storageConfig_ClearFrequencyUnit': 0, 'storageConfig_ClearRetain': 0, 'storageConfig_ClearRetainUnit': 0, 'storageConfig_ScheduledBackup': False, 'storageConfig_BackupTriggerTime': None, 'storageConfig_BackupFrequency': 0, 'storageConfig_BackupFrequencyUnit': 0, 'storageConfig_BackupPath': ''}
[2023-06-02 17:54:22,348] logger_util.py->write_log line:61 [INFO] 接口请求成功！
[2023-06-02 17:54:22,348] logger_util.py->write_log line:61 [INFO] -------------接口请求结束-----------

[2023-06-02 17:54:22,371] logger_util.py->write_log line:61 [INFO] -------------接口请求开始-----------
[2023-06-02 17:54:22,371] logger_util.py->write_log line:61 [INFO] 接口名称：设置归档表字段配置
[2023-06-02 17:54:22,371] logger_util.py->write_log line:61 [INFO] 接口方式：put
[2023-06-02 17:54:22,371] logger_util.py->write_log line:61 [INFO] 接口路径：http://127.0.0.1:18000/api/v1/dataconfig/filingtable/5ddc90cb-9a23-412f-806b-deb10fcb7443/fields
[2023-06-02 17:54:22,371] logger_util.py->write_log line:61 [INFO] 请求头：{'Content-Type': 'application/json; =UTF-8', 'X-Project': '83d42c5d5ad141bba528b7690b19996e'}
[2023-06-02 17:54:22,371] logger_util.py->write_log line:61 [INFO] 请求参数：[{'fieldName': '系统时间', 'fieldType': 3, 'associatedVariable': 'DateTime', 'formula': '', 'id': ''}, {'fieldName': '函数时间', 'fieldType': 3, 'associatedVariable': '', 'formula': 'NOW(  )', 'id': ''}, {'fieldName': 'A1', 'fieldType': 1, 'associatedVariable': 'A1', 'formula': '', 'id': ''}, {'fieldName': 'B1', 'fieldType': 1, 'associatedVariable': 'B1', 'formula': '', 'id': ''}, {'fieldName': 'G1', 'fieldType': 1, 'associatedVariable': 'G1', 'formula': '', 'id': ''}, {'fieldName': 'H1', 'fieldType': 2, 'associatedVariable': 'H1', 'formula': '', 'id': ''}]
[2023-06-02 17:54:22,372] logger_util.py->write_log line:61 [INFO] 文件上传：None
[2023-06-02 17:54:23,489] logger_util.py->write_log line:61 [INFO] 预期结果：[{'equals': {'status_code': 200}}]
[2023-06-02 17:54:23,490] logger_util.py->write_log line:61 [INFO] 实际结果：
[2023-06-02 17:54:23,490] logger_util.py->write_log line:61 [INFO] 接口请求成功！
[2023-06-02 17:54:23,490] logger_util.py->write_log line:61 [INFO] -------------接口请求结束-----------

[2023-06-02 17:54:23,501] logger_util.py->write_log line:61 [INFO] -------------接口请求开始-----------
[2023-06-02 17:54:23,501] logger_util.py->write_log line:61 [INFO] 接口名称：创建聚合表
[2023-06-02 17:54:23,501] logger_util.py->write_log line:61 [INFO] 接口方式：post
[2023-06-02 17:54:23,501] logger_util.py->write_log line:61 [INFO] 接口路径：http://127.0.0.1:18000/api/v1/dataconfig/aggregatetable
[2023-06-02 17:54:23,502] logger_util.py->write_log line:61 [INFO] 请求头：{'Content-Type': 'application/json;charset=UTF-8', 'X-Project': '83d42c5d5ad141bba528b7690b19996e'}
[2023-06-02 17:54:23,502] logger_util.py->write_log line:61 [INFO] 请求参数：{'folderId': '00000000-0000-0000-0000-000000000000', 'name': '聚合表54', 'sort': 3, 'tableId': '5ddc90cb-9a23-412f-806b-deb10fcb7443', 'nodeType': 2}
[2023-06-02 17:54:23,502] logger_util.py->write_log line:61 [INFO] 文件上传：None
[2023-06-02 17:54:23,876] logger_util.py->write_log line:61 [INFO] 预期结果：[{'equals': {'status_code': 200}}, {'equals': {'sort': 3}}, {'contains': 'id'}]
[2023-06-02 17:54:23,877] logger_util.py->write_log line:61 [INFO] 实际结果：{'id': 'd08fc28c-7b0a-41fb-ad57-11ebe115f448', 'folderId': '00000000-0000-0000-0000-000000000000', 'relativeTableId': '5ddc90cb-9a23-412f-806b-deb10fcb7443', 'relativeType': 2, 'name': '聚合表54', 'sort': 3, 'createDateTime': '2023-06-02T17:54:23.6200357+08:00', 'preConditionType': 0, 'operationTypes': [1, 2, 3, 4], 'functionTypes': [2, 3, 4], 'extendedHeaders': ['记录时间'], 'storageConfig_ScheduledClear': False, 'storageConfig_ClearTriggerTime': None, 'storageConfig_ClearFrequency': 0, 'storageConfig_ClearFrequencyUnit': 0, 'storageConfig_ClearRetain': 0, 'storageConfig_ClearRetainUnit': 0, 'storageConfig_ScheduledBackup': False, 'storageConfig_BackupTriggerTime': None, 'storageConfig_BackupFrequency': 0, 'storageConfig_BackupFrequencyUnit': 0, 'storageConfig_BackupPath': ''}
[2023-06-02 17:54:23,877] logger_util.py->write_log line:61 [INFO] 接口请求成功！
[2023-06-02 17:54:23,877] logger_util.py->write_log line:61 [INFO] -------------接口请求结束-----------

[2023-06-02 17:54:23,889] logger_util.py->write_log line:61 [INFO] -------------接口请求开始-----------
[2023-06-02 17:54:23,889] logger_util.py->write_log line:61 [INFO] 接口名称：通过聚合表获取归档表字段
[2023-06-02 17:54:23,889] logger_util.py->write_log line:61 [INFO] 接口方式：get
[2023-06-02 17:54:23,889] logger_util.py->write_log line:61 [INFO] 接口路径：http://127.0.0.1:18000/api/v1/dataconfig/filingtable/fields/d08fc28c-7b0a-41fb-ad57-11ebe115f448
[2023-06-02 17:54:23,890] logger_util.py->write_log line:61 [INFO] 请求头：{'Content-Type': 'application/json; =UTF-8', 'X-Project': '83d42c5d5ad141bba528b7690b19996e'}
[2023-06-02 17:54:23,890] logger_util.py->write_log line:61 [INFO] 文件上传：None
[2023-06-02 17:54:23,902] logger_util.py->write_log line:61 [INFO] 预期结果：[{'equals': {'status_code': 200}}]
[2023-06-02 17:54:23,903] logger_util.py->write_log line:61 [INFO] 实际结果：[{'id': 'FTF1c0809626e1f4f4d8a6cbecc87e464ab', 'filingTableId': '5ddc90cb-9a23-412f-806b-deb10fcb7443', 'fieldName': '系统时间', 'fieldType': 3, 'associatedVariable': 'DateTime', 'formula': '', 'sort': 1}, {'id': 'FTF512893a21e904a2c97778bd4398b6970', 'filingTableId': '5ddc90cb-9a23-412f-806b-deb10fcb7443', 'fieldName': '函数时间', 'fieldType': 3, 'associatedVariable': '', 'formula': 'NOW(  )', 'sort': 2}, {'id': 'FTF16934b41172344d18eb530b560254cf4', 'filingTableId': '5ddc90cb-9a23-412f-806b-deb10fcb7443', 'fieldName': 'A1', 'fieldType': 1, 'associatedVariable': 'A1', 'formula': '', 'sort': 3}, {'id': 'FTF57b1bdf8cbae4c1c91cf915a6c57e736', 'filingTableId': '5ddc90cb-9a23-412f-806b-deb10fcb7443', 'fieldName': 'B1', 'fieldType': 1, 'associatedVariable': 'B1', 'formula': '', 'sort': 4}, {'id': 'FTF0e212095167842039c99b2698f81abc6', 'filingTableId': '5ddc90cb-9a23-412f-806b-deb10fcb7443', 'fieldName': 'G1', 'fieldType': 1, 'associatedVariable': 'G1', 'formula': '', 'sort': 5}, {'id': 'FTF999c0de98b6549a294c9cb11b92c331b', 'filingTableId': '5ddc90cb-9a23-412f-806b-deb10fcb7443', 'fieldName': 'H1', 'fieldType': 2, 'associatedVariable': 'H1', 'formula': '', 'sort': 6}]
[2023-06-02 17:54:23,903] logger_util.py->write_log line:61 [INFO] 接口请求成功！
[2023-06-02 17:54:23,903] logger_util.py->write_log line:61 [INFO] -------------接口请求结束-----------

[2023-06-02 17:54:23,922] logger_util.py->write_log line:61 [INFO] -------------接口请求开始-----------
[2023-06-02 17:54:23,923] logger_util.py->write_log line:61 [INFO] 接口名称：设置聚合表字段配置
[2023-06-02 17:54:23,923] logger_util.py->write_log line:61 [INFO] 接口方式：put
[2023-06-02 17:54:23,923] logger_util.py->write_log line:61 [INFO] 接口路径：http://127.0.0.1:18000/api/v1/dataconfig/aggregatetable/d08fc28c-7b0a-41fb-ad57-11ebe115f448/fields
[2023-06-02 17:54:23,923] logger_util.py->write_log line:61 [INFO] 请求头：{'Content-Type': 'application/json;charset=UTF-8', 'X-Project': '83d42c5d5ad141bba528b7690b19996e'}
[2023-06-02 17:54:23,923] logger_util.py->write_log line:61 [INFO] 请求参数：[{'id': 'RandomId_2023-05-28T08:14:21.542Z|r5lcis8', 'fieldName': '系统时间', 'fieldType': 3, 'filingTableFieldId': 'FTF1c0809626e1f4f4d8a6cbecc87e464ab', 'filingTableFieldName': '系统时间', 'formula': '', 'groupType': 1, 'handleType': 1, '_X_ROW_KEY': 'row_1573'}, {'id': 'RandomId_2023-05-28T08:14:21.543Z|rjudvi8', 'fieldName': '函数时间', 'fieldType': 3, 'filingTableFieldId': 'FTF512893a21e904a2c97778bd4398b6970', 'filingTableFieldName': '函数时间', 'formula': '', 'groupType': 1, 'handleType': 1, '_X_ROW_KEY': 'row_1574'}, {'id': 'RandomId_2023-05-28T08:14:21.543Z|ptduqqg', 'fieldName': 'A1', 'fieldType': 1, 'filingTableFieldId': 'FTF16934b41172344d18eb530b560254cf4', 'filingTableFieldName': 'A1', 'formula': '', 'groupType': 2, 'handleType': 18, '_X_ROW_KEY': 'row_1575'}, {'id': 'RandomId_2023-05-28T08:14:21.543Z|rbvrmlo', 'fieldName': 'B1', 'fieldType': 1, 'filingTableFieldId': 'FTF57b1bdf8cbae4c1c91cf915a6c57e736', 'filingTableFieldName': 'B1', 'formula': '', 'groupType': 2, 'handleType': 18, '_X_ROW_KEY': 'row_1576'}, {'id': 'RandomId_2023-05-28T08:14:21.543Z|477rd1g', 'fieldName': 'G1', 'fieldType': 1, 'filingTableFieldId': 'FTF0e212095167842039c99b2698f81abc6', 'filingTableFieldName': 'G1', 'formula': '', 'groupType': 2, 'handleType': 18, '_X_ROW_KEY': 'row_1577'}, {'id': 'RandomId_2023-05-28T08:14:21.543Z|d4oll5o', 'fieldName': 'H1', 'fieldType': 2, 'filingTableFieldId': 'FTF999c0de98b6549a294c9cb11b92c331b', 'filingTableFieldName': 'H1', 'formula': '', 'groupType': 1, 'handleType': 9, '_X_ROW_KEY': 'row_1578'}]
[2023-06-02 17:54:23,923] logger_util.py->write_log line:61 [INFO] 文件上传：None
[2023-06-02 17:54:24,923] logger_util.py->write_log line:61 [INFO] 预期结果：[{'equals': {'status_code': 200}}]
[2023-06-02 17:54:24,923] logger_util.py->write_log line:61 [INFO] 实际结果：
[2023-06-02 17:54:24,923] logger_util.py->write_log line:61 [INFO] 接口请求成功！
[2023-06-02 17:54:24,923] logger_util.py->write_log line:61 [INFO] -------------接口请求结束-----------

[2023-06-02 17:54:24,930] logger_util.py->write_log line:61 [INFO] -------------接口请求开始-----------
[2023-06-02 17:54:24,931] logger_util.py->write_log line:61 [INFO] 接口名称：字段配置删除警告
[2023-06-02 17:54:24,931] logger_util.py->write_log line:61 [INFO] 接口方式：post
[2023-06-02 17:54:24,931] logger_util.py->write_log line:61 [INFO] 接口路径：http://127.0.0.1:18000/api/v1/dataconfig/node/field/delewarning
[2023-06-02 17:54:24,931] logger_util.py->write_log line:61 [INFO] 请求头：{'Content-Type': 'application/json;charset=UTF-8', 'X-Project': '83d42c5d5ad141bba528b7690b19996e'}
[2023-06-02 17:54:24,931] logger_util.py->write_log line:61 [INFO] 请求参数：{'fieldIds': ['FTF16934b41172344d18eb530b560254cf4']}
[2023-06-02 17:54:24,931] logger_util.py->write_log line:61 [INFO] 文件上传：None
[2023-06-02 17:54:24,936] logger_util.py->write_log line:61 [INFO] 预期结果：[{'equals': {'status_code': 200}}, {'equals': {'limited': True}}, {'equals': {'msg': '该字段已被关联的聚合表使用，不允许删除'}}]
[2023-06-02 17:54:24,936] logger_util.py->write_log line:61 [INFO] 实际结果：{'limited': True, 'msg': '该字段已被关联的聚合表使用，不允许删除'}
[2023-06-02 17:54:24,936] logger_util.py->write_log line:61 [INFO] 接口请求成功！
[2023-06-02 17:54:24,936] logger_util.py->write_log line:61 [INFO] -------------接口请求结束-----------

[2023-06-02 17:54:24,944] logger_util.py->write_log line:61 [INFO] -------------接口请求开始-----------
[2023-06-02 17:54:24,944] logger_util.py->write_log line:61 [INFO] 接口名称：查询删除警告-$csv{name}
[2023-06-02 17:54:24,944] logger_util.py->write_log line:61 [INFO] 接口方式：get
[2023-06-02 17:54:24,944] logger_util.py->write_log line:61 [INFO] 接口路径：http://127.0.0.1:18000/api/v1/dataconfig/node/deletewarning/1/5ddc90cb-9a23-412f-806b-deb10fcb7443
[2023-06-02 17:54:24,944] logger_util.py->write_log line:61 [INFO] 请求头：{'Content-Type': 'application/json;charset=UTF-8', 'X-Project': '83d42c5d5ad141bba528b7690b19996e'}
[2023-06-02 17:54:24,944] logger_util.py->write_log line:61 [INFO] 文件上传：None
[2023-06-02 17:54:24,955] logger_util.py->write_log line:61 [INFO] 预期结果：[{'equals': {'status_code': 200}}, {'equals': {'popUp': True}}, {'equals': {'msg': '确认后，从列表中删除节点'}}]
[2023-06-02 17:54:24,955] logger_util.py->write_log line:61 [INFO] 实际结果：{'popUp': True, 'msg': '确认后，从列表中删除节点'}
[2023-06-02 17:54:24,955] logger_util.py->write_log line:61 [INFO] 接口请求成功！
[2023-06-02 17:54:24,955] logger_util.py->write_log line:61 [INFO] -------------接口请求结束-----------

[2023-06-02 17:54:24,962] logger_util.py->write_log line:61 [INFO] -------------接口请求开始-----------
[2023-06-02 17:54:24,962] logger_util.py->write_log line:61 [INFO] 接口名称：查询删除警告-$csv{name}
[2023-06-02 17:54:24,962] logger_util.py->write_log line:61 [INFO] 接口方式：get
[2023-06-02 17:54:24,962] logger_util.py->write_log line:61 [INFO] 接口路径：http://127.0.0.1:18000/api/v1/dataconfig/node/deletewarning/2/d08fc28c-7b0a-41fb-ad57-11ebe115f448
[2023-06-02 17:54:24,963] logger_util.py->write_log line:61 [INFO] 请求头：{'Content-Type': 'application/json;charset=UTF-8', 'X-Project': '83d42c5d5ad141bba528b7690b19996e'}
[2023-06-02 17:54:24,963] logger_util.py->write_log line:61 [INFO] 文件上传：None
[2023-06-02 17:54:24,968] logger_util.py->write_log line:61 [INFO] 预期结果：[{'equals': {'status_code': 200}}, {'equals': {'popUp': True}}, {'equals': {'msg': '确认后，从列表中删除节点'}}]
[2023-06-02 17:54:24,968] logger_util.py->write_log line:61 [INFO] 实际结果：{'popUp': True, 'msg': '确认后，从列表中删除节点'}
[2023-06-02 17:54:24,968] logger_util.py->write_log line:61 [INFO] 接口请求成功！
[2023-06-02 17:54:24,968] logger_util.py->write_log line:61 [INFO] -------------接口请求结束-----------

[2023-06-02 17:54:24,975] logger_util.py->write_log line:61 [INFO] -------------接口请求开始-----------
[2023-06-02 17:54:24,975] logger_util.py->write_log line:61 [INFO] 接口名称：查询删除警告-$csv{name}
[2023-06-02 17:54:24,975] logger_util.py->write_log line:61 [INFO] 接口方式：get
[2023-06-02 17:54:24,975] logger_util.py->write_log line:61 [INFO] 接口路径：http://127.0.0.1:18000/api/v1/dataconfig/node/deletewarning/3/8b6223be-630d-4c3f-87f8-815e7a0b8619
[2023-06-02 17:54:24,975] logger_util.py->write_log line:61 [INFO] 请求头：{'Content-Type': 'application/json;charset=UTF-8', 'X-Project': '83d42c5d5ad141bba528b7690b19996e'}
[2023-06-02 17:54:24,975] logger_util.py->write_log line:61 [INFO] 文件上传：None
[2023-06-02 17:54:24,981] logger_util.py->write_log line:61 [INFO] 预期结果：[{'equals': {'status_code': 200}}, {'equals': {'popUp': True}}, {'equals': {'msg': '确认后，从列表中删除节点'}}]
[2023-06-02 17:54:24,981] logger_util.py->write_log line:61 [INFO] 实际结果：{'popUp': True, 'msg': '确认后，从列表中删除节点'}
[2023-06-02 17:54:24,981] logger_util.py->write_log line:61 [INFO] 接口请求成功！
[2023-06-02 17:54:24,981] logger_util.py->write_log line:61 [INFO] -------------接口请求结束-----------

