[2023-06-02 18:49:59,565] logger_util.py->write_log line:61 [INFO] -------------接口请求开始-----------
[2023-06-02 18:49:59,566] logger_util.py->write_log line:61 [INFO] 接口名称：创建文件夹
[2023-06-02 18:49:59,566] logger_util.py->write_log line:61 [INFO] 接口方式：post
[2023-06-02 18:49:59,566] logger_util.py->write_log line:61 [INFO] 接口路径：http://127.0.0.1:18000/api/v1/dataconfig/folder
[2023-06-02 18:49:59,566] logger_util.py->write_log line:61 [INFO] 请求头：{'Content-Type': 'application/json;charset=UTF-8', 'X-Project': '83d42c5d5ad141bba528b7690b19996e'}
[2023-06-02 18:49:59,567] logger_util.py->write_log line:61 [INFO] 请求参数：{'parentId': '00000000-0000-0000-0000-000000000000', 'name': '文件夹2', 'sort': 2}
[2023-06-02 18:49:59,567] logger_util.py->write_log line:61 [INFO] 文件上传：None
[2023-06-02 18:49:59,968] logger_util.py->write_log line:61 [INFO] 预期结果：[{'equals': {'status_code': 200}}, {'equals': {'sort': 2}}, {'contains': 'id'}]
[2023-06-02 18:49:59,968] logger_util.py->write_log line:61 [INFO] 实际结果：{'id': 'f141d1f8-9fd7-4458-9745-05837d394cd4', 'name': '文件夹2', 'parentId': '00000000-0000-0000-0000-000000000000', 'level': 0, 'sort': 2, 'createDateTime': '2023-06-02T18:49:59.8196735+08:00', 'operationTypes': [1, 4]}
[2023-06-02 18:49:59,969] logger_util.py->write_log line:61 [INFO] 接口请求成功！
[2023-06-02 18:49:59,969] logger_util.py->write_log line:61 [INFO] -------------接口请求结束-----------

[2023-06-02 18:49:59,975] logger_util.py->write_log line:61 [INFO] -------------接口请求开始-----------
[2023-06-02 18:49:59,975] logger_util.py->write_log line:61 [INFO] 接口名称：创建归档表
[2023-06-02 18:49:59,975] logger_util.py->write_log line:61 [INFO] 接口方式：post
[2023-06-02 18:49:59,975] logger_util.py->write_log line:61 [INFO] 接口路径：http://127.0.0.1:18000/api/v1/dataconfig/filingtable
[2023-06-02 18:49:59,975] logger_util.py->write_log line:61 [INFO] 请求头：{'Content-Type': 'application/json;charset=UTF-8', 'X-Project': '83d42c5d5ad141bba528b7690b19996e'}
[2023-06-02 18:49:59,975] logger_util.py->write_log line:61 [INFO] 请求参数：{'folderId': '00000000-0000-0000-0000-000000000000', 'name': '归档表62', 'sort': 2}
[2023-06-02 18:49:59,975] logger_util.py->write_log line:61 [INFO] 文件上传：None
[2023-06-02 18:50:00,344] logger_util.py->write_log line:61 [INFO] 预期结果：[{'equals': {'status_code': 200}}, {'equals': {'sort': 2}}, {'contains': 'id'}]
[2023-06-02 18:50:00,344] logger_util.py->write_log line:61 [INFO] 实际结果：{'id': 'c9722fbb-6e6d-485b-91d3-2341a917354d', 'folderId': '00000000-0000-0000-0000-000000000000', 'name': '归档表62', 'sort': 2, 'createDateTime': '2023-06-02T18:50:00.1295295+08:00', 'operationTypes': [1, 2, 3, 4], 'functionTypes': [1, 2, 3, 4], 'extendedHeaders': ['记录时间'], 'cacheConfig_EnableCache': False, 'cacheConfig_QuantityLimit': 0, 'cacheConfig_TimeSpanLimit': 0, 'cacheConfig_TimeSpanLimitUnit': 0, 'cacheConfig_ClearCache': '', 'storageConfig_ScheduledClear': False, 'storageConfig_ClearTriggerTime': None, 'storageConfig_ClearFrequency': 0, 'storageConfig_ClearFrequencyUnit': 0, 'storageConfig_ClearRetain': 0, 'storageConfig_ClearRetainUnit': 0, 'storageConfig_ScheduledBackup': False, 'storageConfig_BackupTriggerTime': None, 'storageConfig_BackupFrequency': 0, 'storageConfig_BackupFrequencyUnit': 0, 'storageConfig_BackupPath': ''}
[2023-06-02 18:50:00,344] logger_util.py->write_log line:61 [INFO] 接口请求成功！
[2023-06-02 18:50:00,344] logger_util.py->write_log line:61 [INFO] -------------接口请求结束-----------

[2023-06-02 18:50:00,355] logger_util.py->write_log line:61 [INFO] -------------接口请求开始-----------
[2023-06-02 18:50:00,355] logger_util.py->write_log line:61 [INFO] 接口名称：设置归档表字段配置
[2023-06-02 18:50:00,355] logger_util.py->write_log line:61 [INFO] 接口方式：put
[2023-06-02 18:50:00,355] logger_util.py->write_log line:61 [INFO] 接口路径：http://127.0.0.1:18000/api/v1/dataconfig/filingtable/c9722fbb-6e6d-485b-91d3-2341a917354d/fields
[2023-06-02 18:50:00,355] logger_util.py->write_log line:61 [INFO] 请求头：{'Content-Type': 'application/json; =UTF-8', 'X-Project': '83d42c5d5ad141bba528b7690b19996e'}
[2023-06-02 18:50:00,355] logger_util.py->write_log line:61 [INFO] 请求参数：[{'fieldName': '系统时间', 'fieldType': 3, 'associatedVariable': 'DateTime', 'formula': '', 'id': ''}, {'fieldName': '函数时间', 'fieldType': 3, 'associatedVariable': '', 'formula': 'NOW(  )', 'id': ''}, {'fieldName': 'A1', 'fieldType': 1, 'associatedVariable': 'A1', 'formula': '', 'id': ''}, {'fieldName': 'B1', 'fieldType': 1, 'associatedVariable': 'B1', 'formula': '', 'id': ''}, {'fieldName': 'G1', 'fieldType': 1, 'associatedVariable': 'G1', 'formula': '', 'id': ''}, {'fieldName': 'H1', 'fieldType': 2, 'associatedVariable': 'H1', 'formula': '', 'id': ''}]
[2023-06-02 18:50:00,355] logger_util.py->write_log line:61 [INFO] 文件上传：None
[2023-06-02 18:50:00,857] logger_util.py->write_log line:61 [INFO] 预期结果：[{'equals': {'status_code': 200}}]
[2023-06-02 18:50:00,857] logger_util.py->write_log line:61 [INFO] 实际结果：
[2023-06-02 18:50:00,857] logger_util.py->write_log line:61 [INFO] 接口请求成功！
[2023-06-02 18:50:00,857] logger_util.py->write_log line:61 [INFO] -------------接口请求结束-----------

[2023-06-02 18:50:00,863] logger_util.py->write_log line:61 [INFO] -------------接口请求开始-----------
[2023-06-02 18:50:00,864] logger_util.py->write_log line:61 [INFO] 接口名称：创建聚合表
[2023-06-02 18:50:00,864] logger_util.py->write_log line:61 [INFO] 接口方式：post
[2023-06-02 18:50:00,864] logger_util.py->write_log line:61 [INFO] 接口路径：http://127.0.0.1:18000/api/v1/dataconfig/aggregatetable
[2023-06-02 18:50:00,864] logger_util.py->write_log line:61 [INFO] 请求头：{'Content-Type': 'application/json;charset=UTF-8', 'X-Project': '83d42c5d5ad141bba528b7690b19996e'}
[2023-06-02 18:50:00,864] logger_util.py->write_log line:61 [INFO] 请求参数：{'folderId': '00000000-0000-0000-0000-000000000000', 'name': '聚合表47', 'sort': 3, 'tableId': 'c9722fbb-6e6d-485b-91d3-2341a917354d', 'nodeType': 2}
[2023-06-02 18:50:00,864] logger_util.py->write_log line:61 [INFO] 文件上传：None
[2023-06-02 18:50:01,372] logger_util.py->write_log line:61 [INFO] 预期结果：[{'equals': {'status_code': 200}}, {'equals': {'sort': 3}}, {'contains': 'id'}]
[2023-06-02 18:50:01,372] logger_util.py->write_log line:61 [INFO] 实际结果：{'id': '2f076f73-64a5-450f-9ff6-7cc613ef5a02', 'folderId': '00000000-0000-0000-0000-000000000000', 'relativeTableId': 'c9722fbb-6e6d-485b-91d3-2341a917354d', 'relativeType': 2, 'name': '聚合表47', 'sort': 3, 'createDateTime': '2023-06-02T18:50:01.1702852+08:00', 'preConditionType': 0, 'operationTypes': [1, 2, 3, 4], 'functionTypes': [2, 3, 4], 'extendedHeaders': ['记录时间'], 'storageConfig_ScheduledClear': False, 'storageConfig_ClearTriggerTime': None, 'storageConfig_ClearFrequency': 0, 'storageConfig_ClearFrequencyUnit': 0, 'storageConfig_ClearRetain': 0, 'storageConfig_ClearRetainUnit': 0, 'storageConfig_ScheduledBackup': False, 'storageConfig_BackupTriggerTime': None, 'storageConfig_BackupFrequency': 0, 'storageConfig_BackupFrequencyUnit': 0, 'storageConfig_BackupPath': ''}
[2023-06-02 18:50:01,372] logger_util.py->write_log line:61 [INFO] 接口请求成功！
[2023-06-02 18:50:01,373] logger_util.py->write_log line:61 [INFO] -------------接口请求结束-----------

[2023-06-02 18:50:01,383] logger_util.py->write_log line:61 [INFO] -------------接口请求开始-----------
[2023-06-02 18:50:01,383] logger_util.py->write_log line:61 [INFO] 接口名称：通过聚合表获取归档表字段
[2023-06-02 18:50:01,383] logger_util.py->write_log line:61 [INFO] 接口方式：get
[2023-06-02 18:50:01,383] logger_util.py->write_log line:61 [INFO] 接口路径：http://127.0.0.1:18000/api/v1/dataconfig/filingtable/fields/2f076f73-64a5-450f-9ff6-7cc613ef5a02
[2023-06-02 18:50:01,383] logger_util.py->write_log line:61 [INFO] 请求头：{'Content-Type': 'application/json; =UTF-8', 'X-Project': '83d42c5d5ad141bba528b7690b19996e'}
[2023-06-02 18:50:01,383] logger_util.py->write_log line:61 [INFO] 文件上传：None
[2023-06-02 18:50:01,391] logger_util.py->write_log line:61 [INFO] 预期结果：[{'equals': {'status_code': 200}}]
[2023-06-02 18:50:01,391] logger_util.py->write_log line:61 [INFO] 实际结果：[{'id': 'FTF0b95e2a360cc429fb69319306217a0f2', 'filingTableId': 'c9722fbb-6e6d-485b-91d3-2341a917354d', 'fieldName': '系统时间', 'fieldType': 3, 'associatedVariable': 'DateTime', 'formula': '', 'sort': 1}, {'id': 'FTF85bdb93fa44f4ca6ba792ad446982c1f', 'filingTableId': 'c9722fbb-6e6d-485b-91d3-2341a917354d', 'fieldName': '函数时间', 'fieldType': 3, 'associatedVariable': '', 'formula': 'NOW(  )', 'sort': 2}, {'id': 'FTF59ded7a1b43c477fa75efe424fd71636', 'filingTableId': 'c9722fbb-6e6d-485b-91d3-2341a917354d', 'fieldName': 'A1', 'fieldType': 1, 'associatedVariable': 'A1', 'formula': '', 'sort': 3}, {'id': 'FTFc1297d448eb94292800421dce3828098', 'filingTableId': 'c9722fbb-6e6d-485b-91d3-2341a917354d', 'fieldName': 'B1', 'fieldType': 1, 'associatedVariable': 'B1', 'formula': '', 'sort': 4}, {'id': 'FTFfba727ccdbe6415bba54aeda71294c72', 'filingTableId': 'c9722fbb-6e6d-485b-91d3-2341a917354d', 'fieldName': 'G1', 'fieldType': 1, 'associatedVariable': 'G1', 'formula': '', 'sort': 5}, {'id': 'FTF8ce45703460045fe99a98d666ca468c5', 'filingTableId': 'c9722fbb-6e6d-485b-91d3-2341a917354d', 'fieldName': 'H1', 'fieldType': 2, 'associatedVariable': 'H1', 'formula': '', 'sort': 6}]
[2023-06-02 18:50:01,391] logger_util.py->write_log line:61 [INFO] 接口请求成功！
[2023-06-02 18:50:01,391] logger_util.py->write_log line:61 [INFO] -------------接口请求结束-----------

[2023-06-02 18:50:01,409] logger_util.py->write_log line:61 [INFO] -------------接口请求开始-----------
[2023-06-02 18:50:01,409] logger_util.py->write_log line:61 [INFO] 接口名称：设置聚合表字段配置
[2023-06-02 18:50:01,409] logger_util.py->write_log line:61 [INFO] 接口方式：put
[2023-06-02 18:50:01,409] logger_util.py->write_log line:61 [INFO] 接口路径：http://127.0.0.1:18000/api/v1/dataconfig/aggregatetable/2f076f73-64a5-450f-9ff6-7cc613ef5a02/fields
[2023-06-02 18:50:01,409] logger_util.py->write_log line:61 [INFO] 请求头：{'Content-Type': 'application/json;charset=UTF-8', 'X-Project': '83d42c5d5ad141bba528b7690b19996e'}
[2023-06-02 18:50:01,410] logger_util.py->write_log line:61 [INFO] 请求参数：[{'id': 'RandomId_2023-05-28T08:14:21.542Z|r5lcis8', 'fieldName': '系统时间', 'fieldType': 3, 'filingTableFieldId': 'FTF0b95e2a360cc429fb69319306217a0f2', 'filingTableFieldName': '系统时间', 'formula': '', 'groupType': 1, 'handleType': 1, '_X_ROW_KEY': 'row_1573'}, {'id': 'RandomId_2023-05-28T08:14:21.543Z|rjudvi8', 'fieldName': '函数时间', 'fieldType': 3, 'filingTableFieldId': 'FTF85bdb93fa44f4ca6ba792ad446982c1f', 'filingTableFieldName': '函数时间', 'formula': '', 'groupType': 1, 'handleType': 1, '_X_ROW_KEY': 'row_1574'}, {'id': 'RandomId_2023-05-28T08:14:21.543Z|ptduqqg', 'fieldName': 'A1', 'fieldType': 1, 'filingTableFieldId': 'FTF59ded7a1b43c477fa75efe424fd71636', 'filingTableFieldName': 'A1', 'formula': '', 'groupType': 2, 'handleType': 18, '_X_ROW_KEY': 'row_1575'}, {'id': 'RandomId_2023-05-28T08:14:21.543Z|rbvrmlo', 'fieldName': 'B1', 'fieldType': 1, 'filingTableFieldId': 'FTFc1297d448eb94292800421dce3828098', 'filingTableFieldName': 'B1', 'formula': '', 'groupType': 2, 'handleType': 18, '_X_ROW_KEY': 'row_1576'}, {'id': 'RandomId_2023-05-28T08:14:21.543Z|477rd1g', 'fieldName': 'G1', 'fieldType': 1, 'filingTableFieldId': 'FTFfba727ccdbe6415bba54aeda71294c72', 'filingTableFieldName': 'G1', 'formula': '', 'groupType': 2, 'handleType': 18, '_X_ROW_KEY': 'row_1577'}, {'id': 'RandomId_2023-05-28T08:14:21.543Z|d4oll5o', 'fieldName': 'H1', 'fieldType': 2, 'filingTableFieldId': 'FTF8ce45703460045fe99a98d666ca468c5', 'filingTableFieldName': 'H1', 'formula': '', 'groupType': 1, 'handleType': 9, '_X_ROW_KEY': 'row_1578'}]
[2023-06-02 18:50:01,410] logger_util.py->write_log line:61 [INFO] 文件上传：None
[2023-06-02 18:50:02,093] logger_util.py->write_log line:61 [INFO] 预期结果：[{'equals': {'status_code': 200}}]
[2023-06-02 18:50:02,093] logger_util.py->write_log line:61 [INFO] 实际结果：
[2023-06-02 18:50:02,093] logger_util.py->write_log line:61 [INFO] 接口请求成功！
[2023-06-02 18:50:02,093] logger_util.py->write_log line:61 [INFO] -------------接口请求结束-----------

[2023-06-02 18:50:02,100] logger_util.py->write_log line:61 [INFO] -------------接口请求开始-----------
[2023-06-02 18:50:02,100] logger_util.py->write_log line:61 [INFO] 接口名称：字段配置删除警告
[2023-06-02 18:50:02,100] logger_util.py->write_log line:61 [INFO] 接口方式：post
[2023-06-02 18:50:02,100] logger_util.py->write_log line:61 [INFO] 接口路径：http://127.0.0.1:18000/api/v1/dataconfig/node/field/delewarning
[2023-06-02 18:50:02,101] logger_util.py->write_log line:61 [INFO] 请求头：{'Content-Type': 'application/json;charset=UTF-8', 'X-Project': '83d42c5d5ad141bba528b7690b19996e'}
[2023-06-02 18:50:02,101] logger_util.py->write_log line:61 [INFO] 请求参数：{'fieldIds': ['FTF59ded7a1b43c477fa75efe424fd71636']}
[2023-06-02 18:50:02,102] logger_util.py->write_log line:61 [INFO] 文件上传：None
[2023-06-02 18:50:02,106] logger_util.py->write_log line:61 [INFO] 预期结果：[{'equals': {'status_code': 200}}, {'equals': {'limited': True}}, {'equals': {'msg': '该字段已被关联的聚合表使用，不允许删除'}}]
[2023-06-02 18:50:02,106] logger_util.py->write_log line:61 [INFO] 实际结果：{'limited': True, 'msg': '该字段已被关联的聚合表使用，不允许删除'}
[2023-06-02 18:50:02,106] logger_util.py->write_log line:61 [INFO] 接口请求成功！
[2023-06-02 18:50:02,106] logger_util.py->write_log line:61 [INFO] -------------接口请求结束-----------

[2023-06-02 18:50:02,113] logger_util.py->write_log line:61 [INFO] -------------接口请求开始-----------
[2023-06-02 18:50:02,113] logger_util.py->write_log line:61 [INFO] 接口名称：查询删除警告-文件夹
[2023-06-02 18:50:02,113] logger_util.py->write_log line:61 [INFO] 接口方式：get
[2023-06-02 18:50:02,114] logger_util.py->write_log line:61 [INFO] 接口路径：http://127.0.0.1:18000/api/v1/dataconfig/node/deletewarning/1/f141d1f8-9fd7-4458-9745-05837d394cd4
[2023-06-02 18:50:02,114] logger_util.py->write_log line:61 [INFO] 请求头：{'Content-Type': 'application/json;charset=UTF-8', 'X-Project': '83d42c5d5ad141bba528b7690b19996e'}
[2023-06-02 18:50:02,114] logger_util.py->write_log line:61 [INFO] 文件上传：None
[2023-06-02 18:50:02,120] logger_util.py->write_log line:61 [INFO] 预期结果：[{'equals': {'status_code': 200}}, {'equals': {'popUp': True}}, {'equals': {'msg': '确认后，从列表中删除节点'}}]
[2023-06-02 18:50:02,120] logger_util.py->write_log line:61 [INFO] 实际结果：{'popUp': True, 'msg': '确认后，从列表中删除节点'}
[2023-06-02 18:50:02,120] logger_util.py->write_log line:61 [INFO] 接口请求成功！
[2023-06-02 18:50:02,120] logger_util.py->write_log line:61 [INFO] -------------接口请求结束-----------

[2023-06-02 18:50:02,127] logger_util.py->write_log line:61 [INFO] -------------接口请求开始-----------
[2023-06-02 18:50:02,127] logger_util.py->write_log line:61 [INFO] 接口名称：查询删除警告-归档表
[2023-06-02 18:50:02,127] logger_util.py->write_log line:61 [INFO] 接口方式：get
[2023-06-02 18:50:02,127] logger_util.py->write_log line:61 [INFO] 接口路径：http://127.0.0.1:18000/api/v1/dataconfig/node/deletewarning/2/c9722fbb-6e6d-485b-91d3-2341a917354d
[2023-06-02 18:50:02,127] logger_util.py->write_log line:61 [INFO] 请求头：{'Content-Type': 'application/json;charset=UTF-8', 'X-Project': '83d42c5d5ad141bba528b7690b19996e'}
[2023-06-02 18:50:02,128] logger_util.py->write_log line:61 [INFO] 文件上传：None
[2023-06-02 18:50:02,132] logger_util.py->write_log line:61 [INFO] 预期结果：[{'equals': {'status_code': 200}}, {'equals': {'popUp': True}}, {'equals': {'msg': '删除该节点，将会同步删除有关联关系的数据表，是否确认删除？'}}]
[2023-06-02 18:50:02,132] logger_util.py->write_log line:61 [INFO] 实际结果：{'popUp': True, 'msg': '删除该节点，将会同步删除有关联关系的数据表，是否确认删除？'}
[2023-06-02 18:50:02,132] logger_util.py->write_log line:61 [INFO] 接口请求成功！
[2023-06-02 18:50:02,132] logger_util.py->write_log line:61 [INFO] -------------接口请求结束-----------

[2023-06-02 18:50:02,139] logger_util.py->write_log line:61 [INFO] -------------接口请求开始-----------
[2023-06-02 18:50:02,139] logger_util.py->write_log line:61 [INFO] 接口名称：查询删除警告-聚合表
[2023-06-02 18:50:02,139] logger_util.py->write_log line:61 [INFO] 接口方式：get
[2023-06-02 18:50:02,140] logger_util.py->write_log line:61 [INFO] 接口路径：http://127.0.0.1:18000/api/v1/dataconfig/node/deletewarning/3/2f076f73-64a5-450f-9ff6-7cc613ef5a02
[2023-06-02 18:50:02,140] logger_util.py->write_log line:61 [INFO] 请求头：{'Content-Type': 'application/json;charset=UTF-8', 'X-Project': '83d42c5d5ad141bba528b7690b19996e'}
[2023-06-02 18:50:02,140] logger_util.py->write_log line:61 [INFO] 文件上传：None
[2023-06-02 18:50:02,144] logger_util.py->write_log line:61 [INFO] 预期结果：[{'equals': {'status_code': 200}}, {'equals': {'popUp': True}}, {'equals': {'msg': '确认后，从列表中删除节点'}}]
[2023-06-02 18:50:02,144] logger_util.py->write_log line:61 [INFO] 实际结果：{'popUp': True, 'msg': '确认后，从列表中删除节点'}
[2023-06-02 18:50:02,144] logger_util.py->write_log line:61 [INFO] 接口请求成功！
[2023-06-02 18:50:02,145] logger_util.py->write_log line:61 [INFO] -------------接口请求结束-----------

[2023-06-02 18:50:02,152] logger_util.py->write_log line:61 [INFO] -------------接口请求开始-----------
[2023-06-02 18:50:02,152] logger_util.py->write_log line:61 [INFO] 接口名称：归档表创建副本
[2023-06-02 18:50:02,152] logger_util.py->write_log line:61 [INFO] 接口方式：post
[2023-06-02 18:50:02,152] logger_util.py->write_log line:61 [INFO] 接口路径：http://127.0.0.1:18000/api/v1/dataconfig/createreplicas
[2023-06-02 18:50:02,152] logger_util.py->write_log line:61 [INFO] 请求头：{'Content-Type': 'application/json;charset=UTF-8', 'X-Project': '83d42c5d5ad141bba528b7690b19996e'}
[2023-06-02 18:50:02,152] logger_util.py->write_log line:61 [INFO] 请求参数：{'copyFromId': 'c9722fbb-6e6d-485b-91d3-2341a917354d', 'nodeType': 2}
[2023-06-02 18:50:02,152] logger_util.py->write_log line:61 [INFO] 文件上传：None
[2023-06-02 18:50:03,477] logger_util.py->write_log line:61 [INFO] 预期结果：[{'equals': {'status_code': 200}}]
[2023-06-02 18:50:03,478] logger_util.py->write_log line:61 [INFO] 实际结果：{'id': 'f586fb19-4ffb-4a26-9881-f11ac7b462f4', 'parentId': '00000000-0000-0000-0000-000000000000', 'name': '归档表62-0001', 'nodeType': 2, 'children': [], 'sort': 3, 'operations': [1, 2, 3, 4], 'functions': [1, 2, 3, 4]}
[2023-06-02 18:50:03,478] logger_util.py->write_log line:61 [INFO] 接口请求成功！
[2023-06-02 18:50:03,478] logger_util.py->write_log line:61 [INFO] -------------接口请求结束-----------

[2023-06-02 18:50:03,484] logger_util.py->write_log line:61 [INFO] -------------接口请求开始-----------
[2023-06-02 18:50:03,484] logger_util.py->write_log line:61 [INFO] 接口名称：聚合表创建副本
[2023-06-02 18:50:03,485] logger_util.py->write_log line:61 [INFO] 接口方式：post
[2023-06-02 18:50:03,485] logger_util.py->write_log line:61 [INFO] 接口路径：http://127.0.0.1:18000/api/v1/dataconfig/createreplicas
[2023-06-02 18:50:03,485] logger_util.py->write_log line:61 [INFO] 请求头：{'Content-Type': 'application/json;charset=UTF-8', 'X-Project': '83d42c5d5ad141bba528b7690b19996e'}
[2023-06-02 18:50:03,485] logger_util.py->write_log line:61 [INFO] 请求参数：{'copyFromId': '2f076f73-64a5-450f-9ff6-7cc613ef5a02', 'nodeType': 3}
[2023-06-02 18:50:03,485] logger_util.py->write_log line:61 [INFO] 文件上传：None
[2023-06-02 18:50:05,559] logger_util.py->write_log line:61 [INFO] 预期结果：[{'equals': {'status_code': 200}}]
[2023-06-02 18:50:05,560] logger_util.py->write_log line:61 [INFO] 实际结果：{'id': 'f0fae3eb-7647-4590-bc97-374d62c03305', 'parentId': '00000000-0000-0000-0000-000000000000', 'name': '聚合表47-0001', 'nodeType': 3, 'children': [], 'sort': 5, 'operations': [1, 2, 3, 4], 'functions': [2, 3, 4]}
[2023-06-02 18:50:05,560] logger_util.py->write_log line:61 [INFO] 接口请求成功！
[2023-06-02 18:50:05,560] logger_util.py->write_log line:61 [INFO] -------------接口请求结束-----------

[2023-06-02 18:50:05,566] logger_util.py->write_log line:61 [INFO] -------------接口请求开始-----------
[2023-06-02 18:50:05,567] logger_util.py->write_log line:61 [INFO] 接口名称：归档表获取节点信息
[2023-06-02 18:50:05,567] logger_util.py->write_log line:61 [INFO] 接口方式：get
[2023-06-02 18:50:05,567] logger_util.py->write_log line:61 [INFO] 接口路径：http://127.0.0.1:18000/api/v1/dataconfig/node/2/c9722fbb-6e6d-485b-91d3-2341a917354d
[2023-06-02 18:50:05,567] logger_util.py->write_log line:61 [INFO] 请求头：{'Content-Type': 'application/json;charset=UTF-8', 'X-Project': '83d42c5d5ad141bba528b7690b19996e'}
[2023-06-02 18:50:05,567] logger_util.py->write_log line:61 [INFO] 文件上传：None
[2023-06-02 18:50:05,573] logger_util.py->write_log line:61 [INFO] 预期结果：[{'equals': {'status_code': 200}}]
[2023-06-02 18:50:05,573] logger_util.py->write_log line:61 [INFO] 实际结果：{'id': 'c9722fbb-6e6d-485b-91d3-2341a917354d', 'folderId': '00000000-0000-0000-0000-000000000000', 'name': '归档表62', 'sort': 2, 'createDateTime': '2023-06-02T18:50:00.1295295', 'cacheConfig_EnableCache': False, 'cacheConfig_QuantityLimit': 0, 'cacheConfig_TimeSpanLimit': 0, 'cacheConfig_TimeSpanLimitUnit': 0, 'cacheConfig_ClearCache': '', 'storageConfig_ScheduledClear': False, 'storageConfig_ClearTriggerTime': '', 'storageConfig_ClearFrequency': 0, 'storageConfig_ClearFrequencyUnit': 0, 'storageConfig_ClearRetain': 0, 'storageConfig_ClearRetainUnit': 0, 'storageConfig_ScheduledBackup': False, 'storageConfig_BackupTriggerTime': '', 'storageConfig_BackupFrequency': 0, 'storageConfig_BackupFrequencyUnit': 0, 'storageConfig_BackupPath': '', 'operationTypes': [1, 2, 3, 4], 'functionTypes': [1, 2, 3, 4]}
[2023-06-02 18:50:05,573] logger_util.py->write_log line:61 [INFO] 接口请求成功！
[2023-06-02 18:50:05,573] logger_util.py->write_log line:61 [INFO] -------------接口请求结束-----------

[2023-06-02 18:50:05,580] logger_util.py->write_log line:61 [INFO] -------------接口请求开始-----------
[2023-06-02 18:50:05,580] logger_util.py->write_log line:61 [INFO] 接口名称：聚合表获取节点信息
[2023-06-02 18:50:05,581] logger_util.py->write_log line:61 [INFO] 接口方式：get
[2023-06-02 18:50:05,581] logger_util.py->write_log line:61 [INFO] 接口路径：http://127.0.0.1:18000/api/v1/dataconfig/node/3/2f076f73-64a5-450f-9ff6-7cc613ef5a02
[2023-06-02 18:50:05,581] logger_util.py->write_log line:61 [INFO] 请求头：{'Content-Type': 'application/json;charset=UTF-8', 'X-Project': '83d42c5d5ad141bba528b7690b19996e'}
[2023-06-02 18:50:05,581] logger_util.py->write_log line:61 [INFO] 文件上传：None
[2023-06-02 18:50:05,585] logger_util.py->write_log line:61 [INFO] 预期结果：[{'equals': {'status_code': 200}}]
[2023-06-02 18:50:05,585] logger_util.py->write_log line:61 [INFO] 实际结果：{'id': '2f076f73-64a5-450f-9ff6-7cc613ef5a02', 'folderId': '00000000-0000-0000-0000-000000000000', 'name': '聚合表47', 'sort': 4, 'createDateTime': '2023-06-02T18:50:01.1702852', 'storageConfig_ScheduledClear': False, 'storageConfig_ClearTriggerTime': '', 'storageConfig_ClearFrequency': 0, 'storageConfig_ClearFrequencyUnit': 0, 'storageConfig_ClearRetain': 0, 'storageConfig_ClearRetainUnit': 0, 'storageConfig_ScheduledBackup': False, 'storageConfig_BackupTriggerTime': '', 'storageConfig_BackupFrequency': 0, 'storageConfig_BackupFrequencyUnit': 0, 'storageConfig_BackupPath': '', 'operationTypes': [1, 2, 3, 4], 'functionTypes': [2, 3, 4]}
[2023-06-02 18:50:05,586] logger_util.py->write_log line:61 [INFO] 接口请求成功！
[2023-06-02 18:50:05,586] logger_util.py->write_log line:61 [INFO] -------------接口请求结束-----------

[2023-06-02 18:50:05,592] logger_util.py->write_log line:61 [INFO] -------------接口请求开始-----------
[2023-06-02 18:50:05,592] logger_util.py->write_log line:61 [INFO] 接口名称：系统时间获取字段信息
[2023-06-02 18:50:05,592] logger_util.py->write_log line:61 [INFO] 接口方式：get
[2023-06-02 18:50:05,592] logger_util.py->write_log line:61 [INFO] 接口路径：http://127.0.0.1:18000/api/v1/dataconfig/node/field/FTF0b95e2a360cc429fb69319306217a0f2
[2023-06-02 18:50:05,592] logger_util.py->write_log line:61 [INFO] 请求头：{'Content-Type': 'application/json;charset=UTF-8', 'X-Project': '83d42c5d5ad141bba528b7690b19996e'}
[2023-06-02 18:50:05,593] logger_util.py->write_log line:61 [INFO] 文件上传：None
[2023-06-02 18:50:05,597] logger_util.py->write_log line:61 [INFO] 预期结果：[{'equals': {'status_code': 200}}]
[2023-06-02 18:50:05,597] logger_util.py->write_log line:61 [INFO] 实际结果：{'id': 'FTF0b95e2a360cc429fb69319306217a0f2', 'filingTableId': 'c9722fbb-6e6d-485b-91d3-2341a917354d', 'fieldName': '系统时间', 'fieldType': 3, 'associatedVariable': 'DateTime', 'formula': '', 'sort': 1}
[2023-06-02 18:50:05,597] logger_util.py->write_log line:61 [INFO] 接口请求成功！
[2023-06-02 18:50:05,597] logger_util.py->write_log line:61 [INFO] -------------接口请求结束-----------

[2023-06-02 18:50:05,605] logger_util.py->write_log line:61 [INFO] -------------接口请求开始-----------
[2023-06-02 18:50:05,605] logger_util.py->write_log line:61 [INFO] 接口名称：函数时间获取字段信息
[2023-06-02 18:50:05,605] logger_util.py->write_log line:61 [INFO] 接口方式：get
[2023-06-02 18:50:05,605] logger_util.py->write_log line:61 [INFO] 接口路径：http://127.0.0.1:18000/api/v1/dataconfig/node/field/FTF85bdb93fa44f4ca6ba792ad446982c1f
[2023-06-02 18:50:05,605] logger_util.py->write_log line:61 [INFO] 请求头：{'Content-Type': 'application/json;charset=UTF-8', 'X-Project': '83d42c5d5ad141bba528b7690b19996e'}
[2023-06-02 18:50:05,605] logger_util.py->write_log line:61 [INFO] 文件上传：None
[2023-06-02 18:50:05,610] logger_util.py->write_log line:61 [INFO] 预期结果：[{'equals': {'status_code': 200}}]
[2023-06-02 18:50:05,610] logger_util.py->write_log line:61 [INFO] 实际结果：{'id': 'FTF85bdb93fa44f4ca6ba792ad446982c1f', 'filingTableId': 'c9722fbb-6e6d-485b-91d3-2341a917354d', 'fieldName': '函数时间', 'fieldType': 3, 'associatedVariable': '', 'formula': 'NOW(  )', 'sort': 2}
[2023-06-02 18:50:05,610] logger_util.py->write_log line:61 [INFO] 接口请求成功！
[2023-06-02 18:50:05,610] logger_util.py->write_log line:61 [INFO] -------------接口请求结束-----------

[2023-06-02 18:50:05,617] logger_util.py->write_log line:61 [INFO] -------------接口请求开始-----------
[2023-06-02 18:50:05,617] logger_util.py->write_log line:61 [INFO] 接口名称：整型A1获取字段信息
[2023-06-02 18:50:05,617] logger_util.py->write_log line:61 [INFO] 接口方式：get
[2023-06-02 18:50:05,617] logger_util.py->write_log line:61 [INFO] 接口路径：http://127.0.0.1:18000/api/v1/dataconfig/node/field/FTF59ded7a1b43c477fa75efe424fd71636
[2023-06-02 18:50:05,617] logger_util.py->write_log line:61 [INFO] 请求头：{'Content-Type': 'application/json;charset=UTF-8', 'X-Project': '83d42c5d5ad141bba528b7690b19996e'}
[2023-06-02 18:50:05,617] logger_util.py->write_log line:61 [INFO] 文件上传：None
[2023-06-02 18:50:05,621] logger_util.py->write_log line:61 [INFO] 预期结果：[{'equals': {'status_code': 200}}]
[2023-06-02 18:50:05,621] logger_util.py->write_log line:61 [INFO] 实际结果：{'id': 'FTF59ded7a1b43c477fa75efe424fd71636', 'filingTableId': 'c9722fbb-6e6d-485b-91d3-2341a917354d', 'fieldName': 'A1', 'fieldType': 1, 'associatedVariable': 'A1', 'formula': '', 'sort': 3}
[2023-06-02 18:50:05,622] logger_util.py->write_log line:61 [INFO] 接口请求成功！
[2023-06-02 18:50:05,622] logger_util.py->write_log line:61 [INFO] -------------接口请求结束-----------

[2023-06-02 18:50:05,629] logger_util.py->write_log line:61 [INFO] -------------接口请求开始-----------
[2023-06-02 18:50:05,629] logger_util.py->write_log line:61 [INFO] 接口名称：浮点型B1获取字段信息
[2023-06-02 18:50:05,629] logger_util.py->write_log line:61 [INFO] 接口方式：get
[2023-06-02 18:50:05,629] logger_util.py->write_log line:61 [INFO] 接口路径：http://127.0.0.1:18000/api/v1/dataconfig/node/field/FTFc1297d448eb94292800421dce3828098
[2023-06-02 18:50:05,629] logger_util.py->write_log line:61 [INFO] 请求头：{'Content-Type': 'application/json;charset=UTF-8', 'X-Project': '83d42c5d5ad141bba528b7690b19996e'}
[2023-06-02 18:50:05,629] logger_util.py->write_log line:61 [INFO] 文件上传：None
[2023-06-02 18:50:05,634] logger_util.py->write_log line:61 [INFO] 预期结果：[{'equals': {'status_code': 200}}]
[2023-06-02 18:50:05,634] logger_util.py->write_log line:61 [INFO] 实际结果：{'id': 'FTFc1297d448eb94292800421dce3828098', 'filingTableId': 'c9722fbb-6e6d-485b-91d3-2341a917354d', 'fieldName': 'B1', 'fieldType': 1, 'associatedVariable': 'B1', 'formula': '', 'sort': 4}
[2023-06-02 18:50:05,634] logger_util.py->write_log line:61 [INFO] 接口请求成功！
[2023-06-02 18:50:05,634] logger_util.py->write_log line:61 [INFO] -------------接口请求结束-----------

[2023-06-02 18:50:05,641] logger_util.py->write_log line:61 [INFO] -------------接口请求开始-----------
[2023-06-02 18:50:05,641] logger_util.py->write_log line:61 [INFO] 接口名称：二进制G1获取字段信息
[2023-06-02 18:50:05,641] logger_util.py->write_log line:61 [INFO] 接口方式：get
[2023-06-02 18:50:05,641] logger_util.py->write_log line:61 [INFO] 接口路径：http://127.0.0.1:18000/api/v1/dataconfig/node/field/FTFfba727ccdbe6415bba54aeda71294c72
[2023-06-02 18:50:05,641] logger_util.py->write_log line:61 [INFO] 请求头：{'Content-Type': 'application/json;charset=UTF-8', 'X-Project': '83d42c5d5ad141bba528b7690b19996e'}
[2023-06-02 18:50:05,641] logger_util.py->write_log line:61 [INFO] 文件上传：None
[2023-06-02 18:50:05,646] logger_util.py->write_log line:61 [INFO] 预期结果：[{'equals': {'status_code': 200}}]
[2023-06-02 18:50:05,646] logger_util.py->write_log line:61 [INFO] 实际结果：{'id': 'FTFfba727ccdbe6415bba54aeda71294c72', 'filingTableId': 'c9722fbb-6e6d-485b-91d3-2341a917354d', 'fieldName': 'G1', 'fieldType': 1, 'associatedVariable': 'G1', 'formula': '', 'sort': 5}
[2023-06-02 18:50:05,646] logger_util.py->write_log line:61 [INFO] 接口请求成功！
[2023-06-02 18:50:05,646] logger_util.py->write_log line:61 [INFO] -------------接口请求结束-----------

[2023-06-02 18:50:05,653] logger_util.py->write_log line:61 [INFO] -------------接口请求开始-----------
[2023-06-02 18:50:05,653] logger_util.py->write_log line:61 [INFO] 接口名称：字符串H1获取字段信息
[2023-06-02 18:50:05,653] logger_util.py->write_log line:61 [INFO] 接口方式：get
[2023-06-02 18:50:05,653] logger_util.py->write_log line:61 [INFO] 接口路径：http://127.0.0.1:18000/api/v1/dataconfig/node/field/FTF8ce45703460045fe99a98d666ca468c5
[2023-06-02 18:50:05,653] logger_util.py->write_log line:61 [INFO] 请求头：{'Content-Type': 'application/json;charset=UTF-8', 'X-Project': '83d42c5d5ad141bba528b7690b19996e'}
[2023-06-02 18:50:05,653] logger_util.py->write_log line:61 [INFO] 文件上传：None
[2023-06-02 18:50:05,657] logger_util.py->write_log line:61 [INFO] 预期结果：[{'equals': {'status_code': 200}}]
[2023-06-02 18:50:05,657] logger_util.py->write_log line:61 [INFO] 实际结果：{'id': 'FTF8ce45703460045fe99a98d666ca468c5', 'filingTableId': 'c9722fbb-6e6d-485b-91d3-2341a917354d', 'fieldName': 'H1', 'fieldType': 2, 'associatedVariable': 'H1', 'formula': '', 'sort': 6}
[2023-06-02 18:50:05,657] logger_util.py->write_log line:61 [INFO] 接口请求成功！
[2023-06-02 18:50:05,658] logger_util.py->write_log line:61 [INFO] -------------接口请求结束-----------

[2023-06-02 18:50:05,664] logger_util.py->write_log line:61 [INFO] -------------接口请求开始-----------
[2023-06-02 18:50:05,664] logger_util.py->write_log line:61 [INFO] 接口名称：归档表排序到1
[2023-06-02 18:50:05,664] logger_util.py->write_log line:61 [INFO] 接口方式：put
[2023-06-02 18:50:05,664] logger_util.py->write_log line:61 [INFO] 接口路径：http://127.0.0.1:18000/api/v1/dataconfig/node/sort/2/c9722fbb-6e6d-485b-91d3-2341a917354d/1
[2023-06-02 18:50:05,664] logger_util.py->write_log line:61 [INFO] 请求头：{'Content-Type': 'application/json;charset=UTF-8', 'X-Project': '83d42c5d5ad141bba528b7690b19996e'}
[2023-06-02 18:50:05,665] logger_util.py->write_log line:61 [INFO] 文件上传：None
[2023-06-02 18:50:05,891] logger_util.py->write_log line:61 [INFO] 预期结果：[{'equals': {'status_code': 200}}]
[2023-06-02 18:50:05,892] logger_util.py->write_log line:61 [INFO] 实际结果：
[2023-06-02 18:50:05,892] logger_util.py->write_log line:61 [INFO] 接口请求成功！
[2023-06-02 18:50:05,892] logger_util.py->write_log line:61 [INFO] -------------接口请求结束-----------

[2023-06-02 18:50:05,902] logger_util.py->write_log line:61 [INFO] -------------接口请求开始-----------
[2023-06-02 18:50:05,902] logger_util.py->write_log line:61 [INFO] 接口名称：聚合表排序到2
[2023-06-02 18:50:05,902] logger_util.py->write_log line:61 [INFO] 接口方式：put
[2023-06-02 18:50:05,902] logger_util.py->write_log line:61 [INFO] 接口路径：http://127.0.0.1:18000/api/v1/dataconfig/node/sort/3/2f076f73-64a5-450f-9ff6-7cc613ef5a02/2
[2023-06-02 18:50:05,902] logger_util.py->write_log line:61 [INFO] 请求头：{'Content-Type': 'application/json;charset=UTF-8', 'X-Project': '83d42c5d5ad141bba528b7690b19996e'}
[2023-06-02 18:50:05,902] logger_util.py->write_log line:61 [INFO] 文件上传：None
[2023-06-02 18:50:06,191] logger_util.py->write_log line:61 [INFO] 预期结果：[{'equals': {'status_code': 200}}]
[2023-06-02 18:50:06,191] logger_util.py->write_log line:61 [INFO] 实际结果：
[2023-06-02 18:50:06,191] logger_util.py->write_log line:61 [INFO] 接口请求成功！
[2023-06-02 18:50:06,191] logger_util.py->write_log line:61 [INFO] -------------接口请求结束-----------

[2023-06-02 18:50:06,199] logger_util.py->write_log line:61 [INFO] -------------接口请求开始-----------
[2023-06-02 18:50:06,199] logger_util.py->write_log line:61 [INFO] 接口名称：文件夹排序到3
[2023-06-02 18:50:06,199] logger_util.py->write_log line:61 [INFO] 接口方式：put
[2023-06-02 18:50:06,199] logger_util.py->write_log line:61 [INFO] 接口路径：http://127.0.0.1:18000/api/v1/dataconfig/node/sort/1/f141d1f8-9fd7-4458-9745-05837d394cd4/3
[2023-06-02 18:50:06,200] logger_util.py->write_log line:61 [INFO] 请求头：{'Content-Type': 'application/json;charset=UTF-8', 'X-Project': '83d42c5d5ad141bba528b7690b19996e'}
[2023-06-02 18:50:06,200] logger_util.py->write_log line:61 [INFO] 文件上传：None
[2023-06-02 18:50:06,486] logger_util.py->write_log line:61 [INFO] 预期结果：[{'equals': {'status_code': 200}}]
[2023-06-02 18:50:06,486] logger_util.py->write_log line:61 [INFO] 实际结果：
[2023-06-02 18:50:06,486] logger_util.py->write_log line:61 [INFO] 接口请求成功！
[2023-06-02 18:50:06,486] logger_util.py->write_log line:61 [INFO] -------------接口请求结束-----------

[2023-06-02 18:50:06,491] logger_util.py->error_log line:65 [INFO] 发送请求异常：异常信息: Traceback (most recent call last):
  File "E:\Project_python\2TestCMS2.0\common\requests_util.py", line 309, in send_request
    self.base_url = self.replace_load(self.base_url) + self.replace_load(url)
  File "E:\Project_python\2TestCMS2.0\common\requests_util.py", line 149, in replace_load
    args_value = old_value[old_value.index('(') + 1:old_value.index(')')]
ValueError: substring not found

[2023-06-02 18:50:06,492] logger_util.py->error_log line:65 [INFO] 分析YAML文件异常：异常信息: Traceback (most recent call last):
  File "E:\Project_python\2TestCMS2.0\common\requests_util.py", line 309, in send_request
    self.base_url = self.replace_load(self.base_url) + self.replace_load(url)
  File "E:\Project_python\2TestCMS2.0\common\requests_util.py", line 149, in replace_load
    args_value = old_value[old_value.index('(') + 1:old_value.index(')')]
ValueError: substring not found

During handling of the above exception, another exception occurred:

Traceback (most recent call last):
  File "E:\Project_python\2TestCMS2.0\common\requests_util.py", line 197, in analysis_yaml
    res = self.send_request(name =name,method=method,
  File "E:\Project_python\2TestCMS2.0\common\requests_util.py", line 338, in send_request
    error_log("发送请求异常：异常信息: %s" % str(traceback.format_exc()))
  File "E:\Project_python\2TestCMS2.0\common\logger_util.py", line 66, in error_log
    raise Exception(log_message)
Exception: 发送请求异常：异常信息: Traceback (most recent call last):
  File "E:\Project_python\2TestCMS2.0\common\requests_util.py", line 309, in send_request
    self.base_url = self.replace_load(self.base_url) + self.replace_load(url)
  File "E:\Project_python\2TestCMS2.0\common\requests_util.py", line 149, in replace_load
    args_value = old_value[old_value.index('(') + 1:old_value.index(')')]
ValueError: substring not found


[2023-06-02 18:50:06,585] logger_util.py->error_log line:65 [INFO] 发送请求异常：异常信息: Traceback (most recent call last):
  File "E:\Project_python\2TestCMS2.0\common\requests_util.py", line 309, in send_request
    self.base_url = self.replace_load(self.base_url) + self.replace_load(url)
  File "E:\Project_python\2TestCMS2.0\common\requests_util.py", line 149, in replace_load
    args_value = old_value[old_value.index('(') + 1:old_value.index(')')]
ValueError: substring not found

[2023-06-02 18:50:06,585] logger_util.py->error_log line:65 [INFO] 分析YAML文件异常：异常信息: Traceback (most recent call last):
  File "E:\Project_python\2TestCMS2.0\common\requests_util.py", line 309, in send_request
    self.base_url = self.replace_load(self.base_url) + self.replace_load(url)
  File "E:\Project_python\2TestCMS2.0\common\requests_util.py", line 149, in replace_load
    args_value = old_value[old_value.index('(') + 1:old_value.index(')')]
ValueError: substring not found

During handling of the above exception, another exception occurred:

Traceback (most recent call last):
  File "E:\Project_python\2TestCMS2.0\common\requests_util.py", line 197, in analysis_yaml
    res = self.send_request(name =name,method=method,
  File "E:\Project_python\2TestCMS2.0\common\requests_util.py", line 338, in send_request
    error_log("发送请求异常：异常信息: %s" % str(traceback.format_exc()))
  File "E:\Project_python\2TestCMS2.0\common\logger_util.py", line 66, in error_log
    raise Exception(log_message)
Exception: 发送请求异常：异常信息: Traceback (most recent call last):
  File "E:\Project_python\2TestCMS2.0\common\requests_util.py", line 309, in send_request
    self.base_url = self.replace_load(self.base_url) + self.replace_load(url)
  File "E:\Project_python\2TestCMS2.0\common\requests_util.py", line 149, in replace_load
    args_value = old_value[old_value.index('(') + 1:old_value.index(')')]
ValueError: substring not found


