[2023-05-24 15:01:11,828] logger_util.py->write_log line:61 [INFO] -------------接口请求开始-----------
[2023-05-24 15:01:11,829] logger_util.py->write_log line:61 [INFO] 接口名称：创建归档表
[2023-05-24 15:01:11,829] logger_util.py->write_log line:61 [INFO] 接口方式：post
[2023-05-24 15:01:11,829] logger_util.py->write_log line:61 [INFO] 接口路径：http://192.168.4.12:18000/api/v1/dataconfig/filingtable
[2023-05-24 15:01:11,829] logger_util.py->write_log line:61 [INFO] 请求头：{'Content-Type': 'application/json;charset=UTF-8', 'X-Project': 'b32d81056e124620b809e92f49cdf3d4'}
[2023-05-24 15:01:11,830] logger_util.py->write_log line:61 [INFO] 请求参数：{'folderId': '00000000-0000-0000-0000-000000000000', 'name': '归档表84', 'sort': 2}
[2023-05-24 15:01:11,830] logger_util.py->write_log line:61 [INFO] 文件上传：None
[2023-05-24 15:01:12,021] logger_util.py->write_log line:61 [INFO] 预期结果：[{'equals': {'status_code': 200}}, {'equals': {'sort': 2}}, {'contains': 'id'}]
[2023-05-24 15:01:12,021] logger_util.py->write_log line:61 [INFO] 实际结果：{'id': '94df051e-0f44-4508-8633-5c1a112deb73', 'folderId': '00000000-0000-0000-0000-000000000000', 'name': '归档表84', 'sort': 2, 'createDateTime': '2023-05-24T15:01:12.0144081+08:00', 'operationTypes': [1, 2, 3, 4], 'functionTypes': [1, 2, 3, 4], 'extendedHeaders': ['记录时间'], 'cacheConfig_EnableCache': False, 'cacheConfig_QuantityLimit': 0, 'cacheConfig_TimeSpanLimit': 0, 'cacheConfig_TimeSpanLimitUnit': 0, 'cacheConfig_ClearCache': '', 'storageConfig_ScheduledClear': False, 'storageConfig_ClearTriggerTime': None, 'storageConfig_ClearFrequency': 0, 'storageConfig_ClearFrequencyUnit': 0, 'storageConfig_ClearRetain': 0, 'storageConfig_ClearRetainUnit': 0, 'storageConfig_ScheduledBackup': False, 'storageConfig_BackupTriggerTime': None, 'storageConfig_BackupFrequency': 0, 'storageConfig_BackupFrequencyUnit': 0, 'storageConfig_BackupPath': ''}
[2023-05-24 15:01:12,021] logger_util.py->write_log line:61 [INFO] 接口请求成功！
[2023-05-24 15:01:12,021] logger_util.py->write_log line:61 [INFO] -------------接口请求结束-----------

[2023-05-24 15:01:12,027] logger_util.py->write_log line:61 [INFO] -------------接口请求开始-----------
[2023-05-24 15:01:12,027] logger_util.py->write_log line:61 [INFO] 接口名称：获取归档表
[2023-05-24 15:01:12,027] logger_util.py->write_log line:61 [INFO] 接口方式：get
[2023-05-24 15:01:12,027] logger_util.py->write_log line:61 [INFO] 接口路径：http://192.168.4.12:18000/api/v1/dataconfig/filingtable
[2023-05-24 15:01:12,027] logger_util.py->write_log line:61 [INFO] 请求头：{'Content-Type': 'application/json;charset=UTF-8', 'X-Project': 'b32d81056e124620b809e92f49cdf3d4'}
[2023-05-24 15:01:12,027] logger_util.py->write_log line:61 [INFO] 文件上传：None
[2023-05-24 15:01:12,035] logger_util.py->write_log line:61 [INFO] 预期结果：[{'equals': {'status_code': 200}}, {'equals': {'sort': 2}}]
[2023-05-24 15:01:12,036] logger_util.py->write_log line:61 [INFO] 实际结果：[{'id': 'a9b66e92-6f83-44e3-ba02-ccbdb0f149c1', 'folderId': 'f620b182-7169-4563-98af-9d076c186163', 'name': '报警管理-实时表', 'sort': 1, 'createDateTime': '0001-01-01T00:00:00', 'operationTypes': [], 'functionTypes': [], 'extendedHeaders': [], 'cacheConfig_EnableCache': False, 'cacheConfig_QuantityLimit': 0, 'cacheConfig_TimeSpanLimit': 0, 'cacheConfig_TimeSpanLimitUnit': 0, 'cacheConfig_ClearCache': '', 'storageConfig_ScheduledClear': False, 'storageConfig_ClearTriggerTime': None, 'storageConfig_ClearFrequency': 0, 'storageConfig_ClearFrequencyUnit': 0, 'storageConfig_ClearRetain': 0, 'storageConfig_ClearRetainUnit': 0, 'storageConfig_ScheduledBackup': False, 'storageConfig_BackupTriggerTime': None, 'storageConfig_BackupFrequency': 0, 'storageConfig_BackupFrequencyUnit': 0, 'storageConfig_BackupPath': ''}, {'id': 'e342f0fa-977d-459a-97b2-f4fc4b36c7e4', 'folderId': 'f620b182-7169-4563-98af-9d076c186163', 'name': '报警管理-历史表', 'sort': 2, 'createDateTime': '0001-01-01T00:00:00', 'operationTypes': [], 'functionTypes': [2], 'extendedHeaders': [], 'cacheConfig_EnableCache': False, 'cacheConfig_QuantityLimit': 0, 'cacheConfig_TimeSpanLimit': 0, 'cacheConfig_TimeSpanLimitUnit': 0, 'cacheConfig_ClearCache': '', 'storageConfig_ScheduledClear': False, 'storageConfig_ClearTriggerTime': None, 'storageConfig_ClearFrequency': 0, 'storageConfig_ClearFrequencyUnit': 0, 'storageConfig_ClearRetain': 0, 'storageConfig_ClearRetainUnit': 0, 'storageConfig_ScheduledBackup': False, 'storageConfig_BackupTriggerTime': None, 'storageConfig_BackupFrequency': 0, 'storageConfig_BackupFrequencyUnit': 0, 'storageConfig_BackupPath': ''}, {'id': '5882c397-d83b-4bde-8b39-ce9a7950ce73', 'folderId': '00000000-0000-0000-0000-000000000000', 'name': '归档表', 'sort': 9, 'createDateTime': '2023-05-23T11:23:54.1306619', 'operationTypes': [1, 2, 3, 4], 'functionTypes': [1, 2, 3, 4], 'extendedHeaders': ['记录时间'], 'cacheConfig_EnableCache': True, 'cacheConfig_QuantityLimit': 1000, 'cacheConfig_TimeSpanLimit': 0, 'cacheConfig_TimeSpanLimitUnit': 1, 'cacheConfig_ClearCache': 'H1', 'storageConfig_ScheduledClear': True, 'storageConfig_ClearTriggerTime': '2023-05-24T10:22:59', 'storageConfig_ClearFrequency': 1, 'storageConfig_ClearFrequencyUnit': 3, 'storageConfig_ClearRetain': 1, 'storageConfig_ClearRetainUnit': 4, 'storageConfig_ScheduledBackup': True, 'storageConfig_BackupTriggerTime': '2023-05-24T10:32:47', 'storageConfig_BackupFrequency': 1, 'storageConfig_BackupFrequencyUnit': 3, 'storageConfig_BackupPath': 'E:\\'}, {'id': '0c276630-b7e2-44e5-bb12-ba518fbf6057', 'folderId': '00000000-0000-0000-0000-000000000000', 'name': '归档表69', 'sort': 8, 'createDateTime': '2023-05-24T14:52:23.6229607', 'operationTypes': [1, 2, 3, 4], 'functionTypes': [1, 2, 3, 4], 'extendedHeaders': ['记录时间'], 'cacheConfig_EnableCache': False, 'cacheConfig_QuantityLimit': 0, 'cacheConfig_TimeSpanLimit': 0, 'cacheConfig_TimeSpanLimitUnit': 0, 'cacheConfig_ClearCache': '', 'storageConfig_ScheduledClear': False, 'storageConfig_ClearTriggerTime': None, 'storageConfig_ClearFrequency': 0, 'storageConfig_ClearFrequencyUnit': 0, 'storageConfig_ClearRetain': 0, 'storageConfig_ClearRetainUnit': 0, 'storageConfig_ScheduledBackup': False, 'storageConfig_BackupTriggerTime': None, 'storageConfig_BackupFrequency': 0, 'storageConfig_BackupFrequencyUnit': 0, 'storageConfig_BackupPath': ''}, {'id': 'ba05f3ab-a0ee-4987-8543-6c743a271c6f', 'folderId': '00000000-0000-0000-0000-000000000000', 'name': '归档表58', 'sort': 7, 'createDateTime': '2023-05-24T14:52:55.2312714', 'operationTypes': [1, 2, 3, 4], 'functionTypes': [1, 2, 3, 4], 'extendedHeaders': ['记录时间'], 'cacheConfig_EnableCache': False, 'cacheConfig_QuantityLimit': 0, 'cacheConfig_TimeSpanLimit': 0, 'cacheConfig_TimeSpanLimitUnit': 0, 'cacheConfig_ClearCache': '', 'storageConfig_ScheduledClear': False, 'storageConfig_ClearTriggerTime': None, 'storageConfig_ClearFrequency': 0, 'storageConfig_ClearFrequencyUnit': 0, 'storageConfig_ClearRetain': 0, 'storageConfig_ClearRetainUnit': 0, 'storageConfig_ScheduledBackup': False, 'storageConfig_BackupTriggerTime': None, 'storageConfig_BackupFrequency': 0, 'storageConfig_BackupFrequencyUnit': 0, 'storageConfig_BackupPath': ''}, {'id': '6a4752e0-0613-4579-83d7-06bd8df25d61', 'folderId': '00000000-0000-0000-0000-000000000000', 'name': '归档表86', 'sort': 6, 'createDateTime': '2023-05-24T14:53:23.1973592', 'operationTypes': [1, 2, 3, 4], 'functionTypes': [1, 2, 3, 4], 'extendedHeaders': ['记录时间'], 'cacheConfig_EnableCache': False, 'cacheConfig_QuantityLimit': 0, 'cacheConfig_TimeSpanLimit': 0, 'cacheConfig_TimeSpanLimitUnit': 0, 'cacheConfig_ClearCache': '', 'storageConfig_ScheduledClear': False, 'storageConfig_ClearTriggerTime': None, 'storageConfig_ClearFrequency': 0, 'storageConfig_ClearFrequencyUnit': 0, 'storageConfig_ClearRetain': 0, 'storageConfig_ClearRetainUnit': 0, 'storageConfig_ScheduledBackup': False, 'storageConfig_BackupTriggerTime': None, 'storageConfig_BackupFrequency': 0, 'storageConfig_BackupFrequencyUnit': 0, 'storageConfig_BackupPath': ''}, {'id': 'ca027303-3ad5-4161-b934-63973c7128bf', 'folderId': '00000000-0000-0000-0000-000000000000', 'name': '归档表85', 'sort': 5, 'createDateTime': '2023-05-24T14:54:55.4154183', 'operationTypes': [1, 2, 3, 4], 'functionTypes': [1, 2, 3, 4], 'extendedHeaders': ['记录时间'], 'cacheConfig_EnableCache': False, 'cacheConfig_QuantityLimit': 0, 'cacheConfig_TimeSpanLimit': 0, 'cacheConfig_TimeSpanLimitUnit': 0, 'cacheConfig_ClearCache': '', 'storageConfig_ScheduledClear': False, 'storageConfig_ClearTriggerTime': None, 'storageConfig_ClearFrequency': 0, 'storageConfig_ClearFrequencyUnit': 0, 'storageConfig_ClearRetain': 0, 'storageConfig_ClearRetainUnit': 0, 'storageConfig_ScheduledBackup': False, 'storageConfig_BackupTriggerTime': None, 'storageConfig_BackupFrequency': 0, 'storageConfig_BackupFrequencyUnit': 0, 'storageConfig_BackupPath': ''}, {'id': 'd803cfb3-8779-4e90-a026-ca29fdb3c20d', 'folderId': '00000000-0000-0000-0000-000000000000', 'name': '归档表96', 'sort': 4, 'createDateTime': '2023-05-24T14:59:13.0323224', 'operationTypes': [1, 2, 3, 4], 'functionTypes': [1, 2, 3, 4], 'extendedHeaders': ['记录时间'], 'cacheConfig_EnableCache': False, 'cacheConfig_QuantityLimit': 0, 'cacheConfig_TimeSpanLimit': 0, 'cacheConfig_TimeSpanLimitUnit': 0, 'cacheConfig_ClearCache': '', 'storageConfig_ScheduledClear': False, 'storageConfig_ClearTriggerTime': None, 'storageConfig_ClearFrequency': 0, 'storageConfig_ClearFrequencyUnit': 0, 'storageConfig_ClearRetain': 0, 'storageConfig_ClearRetainUnit': 0, 'storageConfig_ScheduledBackup': False, 'storageConfig_BackupTriggerTime': None, 'storageConfig_BackupFrequency': 0, 'storageConfig_BackupFrequencyUnit': 0, 'storageConfig_BackupPath': ''}, {'id': '67d794a8-824f-4876-b50f-5181e9f599cd', 'folderId': '00000000-0000-0000-0000-000000000000', 'name': '归档表31', 'sort': 3, 'createDateTime': '2023-05-24T15:00:07.1010222', 'operationTypes': [1, 2, 3, 4], 'functionTypes': [1, 2, 3, 4], 'extendedHeaders': ['记录时间'], 'cacheConfig_EnableCache': False, 'cacheConfig_QuantityLimit': 0, 'cacheConfig_TimeSpanLimit': 0, 'cacheConfig_TimeSpanLimitUnit': 0, 'cacheConfig_ClearCache': '', 'storageConfig_ScheduledClear': False, 'storageConfig_ClearTriggerTime': None, 'storageConfig_ClearFrequency': 0, 'storageConfig_ClearFrequencyUnit': 0, 'storageConfig_ClearRetain': 0, 'storageConfig_ClearRetainUnit': 0, 'storageConfig_ScheduledBackup': False, 'storageConfig_BackupTriggerTime': None, 'storageConfig_BackupFrequency': 0, 'storageConfig_BackupFrequencyUnit': 0, 'storageConfig_BackupPath': ''}, {'id': '94df051e-0f44-4508-8633-5c1a112deb73', 'folderId': '00000000-0000-0000-0000-000000000000', 'name': '归档表84', 'sort': 2, 'createDateTime': '2023-05-24T15:01:12.0144081', 'operationTypes': [1, 2, 3, 4], 'functionTypes': [1, 2, 3, 4], 'extendedHeaders': ['记录时间'], 'cacheConfig_EnableCache': False, 'cacheConfig_QuantityLimit': 0, 'cacheConfig_TimeSpanLimit': 0, 'cacheConfig_TimeSpanLimitUnit': 0, 'cacheConfig_ClearCache': '', 'storageConfig_ScheduledClear': False, 'storageConfig_ClearTriggerTime': None, 'storageConfig_ClearFrequency': 0, 'storageConfig_ClearFrequencyUnit': 0, 'storageConfig_ClearRetain': 0, 'storageConfig_ClearRetainUnit': 0, 'storageConfig_ScheduledBackup': False, 'storageConfig_BackupTriggerTime': None, 'storageConfig_BackupFrequency': 0, 'storageConfig_BackupFrequencyUnit': 0, 'storageConfig_BackupPath': ''}]
[2023-05-24 15:01:12,045] logger_util.py->write_log line:61 [INFO] 接口请求成功！
[2023-05-24 15:01:12,045] logger_util.py->write_log line:61 [INFO] -------------接口请求结束-----------

[2023-05-24 15:01:12,056] logger_util.py->write_log line:61 [INFO] -------------接口请求开始-----------
[2023-05-24 15:01:12,056] logger_util.py->write_log line:61 [INFO] 接口名称：重命名归档表
[2023-05-24 15:01:12,056] logger_util.py->write_log line:61 [INFO] 接口方式：put
[2023-05-24 15:01:12,056] logger_util.py->write_log line:61 [INFO] 接口路径：http://192.168.4.12:18000/api/v1/dataconfig/filingtable/94df051e-0f44-4508-8633-5c1a112deb73/name
[2023-05-24 15:01:12,056] logger_util.py->write_log line:61 [INFO] 请求头：{'Content-Type': 'application/json;charset=UTF-8', 'X-Project': 'b32d81056e124620b809e92f49cdf3d4'}
[2023-05-24 15:01:12,056] logger_util.py->write_log line:61 [INFO] 请求参数：{'name': '归档表78'}
[2023-05-24 15:01:12,057] logger_util.py->write_log line:61 [INFO] 文件上传：None
[2023-05-24 15:01:12,080] logger_util.py->write_log line:61 [INFO] 预期结果：[{'equals': {'status_code': 200}}, {'contains': 'id'}, {'contains': 'name'}]
[2023-05-24 15:01:12,080] logger_util.py->write_log line:61 [INFO] 实际结果：{'id': '94df051e-0f44-4508-8633-5c1a112deb73', 'folderId': '00000000-0000-0000-0000-000000000000', 'name': '归档表78', 'sort': 2, 'createDateTime': '2023-05-24T15:01:12.0144081', 'operationTypes': [1, 2, 3, 4], 'functionTypes': [1, 2, 3, 4], 'extendedHeaders': ['记录时间'], 'cacheConfig_EnableCache': False, 'cacheConfig_QuantityLimit': 0, 'cacheConfig_TimeSpanLimit': 0, 'cacheConfig_TimeSpanLimitUnit': 0, 'cacheConfig_ClearCache': '', 'storageConfig_ScheduledClear': False, 'storageConfig_ClearTriggerTime': None, 'storageConfig_ClearFrequency': 0, 'storageConfig_ClearFrequencyUnit': 0, 'storageConfig_ClearRetain': 0, 'storageConfig_ClearRetainUnit': 0, 'storageConfig_ScheduledBackup': False, 'storageConfig_BackupTriggerTime': None, 'storageConfig_BackupFrequency': 0, 'storageConfig_BackupFrequencyUnit': 0, 'storageConfig_BackupPath': ''}
[2023-05-24 15:01:12,081] logger_util.py->write_log line:61 [INFO] 接口请求成功！
[2023-05-24 15:01:12,081] logger_util.py->write_log line:61 [INFO] -------------接口请求结束-----------

[2023-05-24 15:01:12,088] logger_util.py->write_log line:61 [INFO] -------------接口请求开始-----------
[2023-05-24 15:01:12,088] logger_util.py->write_log line:61 [INFO] 接口名称：删除归档表
[2023-05-24 15:01:12,088] logger_util.py->write_log line:61 [INFO] 接口方式：delete
[2023-05-24 15:01:12,088] logger_util.py->write_log line:61 [INFO] 接口路径：http://192.168.4.12:18000/api/v1/dataconfig/filingtable/94df051e-0f44-4508-8633-5c1a112deb73
[2023-05-24 15:01:12,088] logger_util.py->write_log line:61 [INFO] 请求头：{'Content-Type': 'application/json;charset=UTF-8', 'X-Project': 'b32d81056e124620b809e92f49cdf3d4'}
[2023-05-24 15:01:12,088] logger_util.py->write_log line:61 [INFO] 文件上传：None
[2023-05-24 15:01:12,998] logger_util.py->write_log line:61 [INFO] 预期结果：[{'equals': {'status_code': 200}}]
[2023-05-24 15:01:12,998] logger_util.py->write_log line:61 [INFO] 实际结果：['94df051e-0f44-4508-8633-5c1a112deb73']
[2023-05-24 15:01:12,998] logger_util.py->write_log line:61 [INFO] 接口请求成功！
[2023-05-24 15:01:12,999] logger_util.py->write_log line:61 [INFO] -------------接口请求结束-----------

[2023-05-24 15:01:13,005] logger_util.py->write_log line:61 [INFO] -------------接口请求开始-----------
[2023-05-24 15:01:13,005] logger_util.py->write_log line:61 [INFO] 接口名称：创建归档表
[2023-05-24 15:01:13,005] logger_util.py->write_log line:61 [INFO] 接口方式：post
[2023-05-24 15:01:13,006] logger_util.py->write_log line:61 [INFO] 接口路径：http://192.168.4.12:18000/api/v1/dataconfig/filingtable
[2023-05-24 15:01:13,006] logger_util.py->write_log line:61 [INFO] 请求头：{'Content-Type': 'application/json;charset=UTF-8', 'X-Project': 'b32d81056e124620b809e92f49cdf3d4'}
[2023-05-24 15:01:13,006] logger_util.py->write_log line:61 [INFO] 请求参数：{'folderId': '00000000-0000-0000-0000-000000000000', 'name': '归档表50', 'sort': 2}
[2023-05-24 15:01:13,006] logger_util.py->write_log line:61 [INFO] 文件上传：None
[2023-05-24 15:01:13,109] logger_util.py->write_log line:61 [INFO] 预期结果：[{'equals': {'status_code': 200}}, {'equals': {'sort': 2}}, {'contains': 'id'}]
[2023-05-24 15:01:13,109] logger_util.py->write_log line:61 [INFO] 实际结果：{'id': 'ef920349-25f5-43c4-a29c-71bc28c21787', 'folderId': '00000000-0000-0000-0000-000000000000', 'name': '归档表50', 'sort': 2, 'createDateTime': '2023-05-24T15:01:13.1682342+08:00', 'operationTypes': [1, 2, 3, 4], 'functionTypes': [1, 2, 3, 4], 'extendedHeaders': ['记录时间'], 'cacheConfig_EnableCache': False, 'cacheConfig_QuantityLimit': 0, 'cacheConfig_TimeSpanLimit': 0, 'cacheConfig_TimeSpanLimitUnit': 0, 'cacheConfig_ClearCache': '', 'storageConfig_ScheduledClear': False, 'storageConfig_ClearTriggerTime': None, 'storageConfig_ClearFrequency': 0, 'storageConfig_ClearFrequencyUnit': 0, 'storageConfig_ClearRetain': 0, 'storageConfig_ClearRetainUnit': 0, 'storageConfig_ScheduledBackup': False, 'storageConfig_BackupTriggerTime': None, 'storageConfig_BackupFrequency': 0, 'storageConfig_BackupFrequencyUnit': 0, 'storageConfig_BackupPath': ''}
[2023-05-24 15:01:13,109] logger_util.py->write_log line:61 [INFO] 接口请求成功！
[2023-05-24 15:01:13,109] logger_util.py->write_log line:61 [INFO] -------------接口请求结束-----------

[2023-05-24 15:01:13,112] logger_util.py->error_log line:65 [INFO] 1.必须有的四个一级关键字：name,base_url,request,validate
[2023-05-24 15:01:13,112] logger_util.py->error_log line:65 [INFO] 分析YAML文件异常：异常信息: Traceback (most recent call last):
  File "E:\Project_python\2TestCMS2.0\common\requests_util.py", line 251, in analysis_yaml
    error_log("1.必须有的四个一级关键字：name,base_url,request,validate")
  File "E:\Project_python\2TestCMS2.0\common\logger_util.py", line 66, in error_log
    raise Exception(log_message)
Exception: 1.必须有的四个一级关键字：name,base_url,request,validate

