[2023-11-08 14:14:21,973] logger_util.py->write_log line:61 [INFO] 
-------------接口请求开始-----------
[2023-11-08 14:14:21,973] logger_util.py->write_log line:61 [INFO] 接口名称：创建画面节点
[2023-11-08 14:14:21,973] logger_util.py->write_log line:61 [INFO] 接口方式：post
[2023-11-08 14:14:21,974] logger_util.py->write_log line:61 [INFO] 接口路径：http://127.0.0.1:18000/api/v1/view/node?copyFrom=
[2023-11-08 14:14:21,974] logger_util.py->write_log line:61 [INFO] 请求头：{'Content-Type': 'application/json;charset=UTF-8', 'X-Project': 'cade0634c4a44304911e8cfdb1b8f8b9'}
[2023-11-08 14:14:21,974] logger_util.py->write_log line:61 [INFO] 请求参数：{'name': '新建页面719', 'parentId': None, 'type': 1, 'sort': 1}
[2023-11-08 14:14:21,974] logger_util.py->write_log line:61 [INFO] 文件上传：None
[2023-11-08 14:14:22,016] logger_util.py->write_log line:61 [INFO] 预期结果：[{'equals': {'status_code': 200}}]
[2023-11-08 14:14:22,016] logger_util.py->write_log line:61 [INFO] 实际结果：24
[2023-11-08 14:14:22,016] logger_util.py->write_log line:61 [INFO] 接口请求成功！
[2023-11-08 14:14:22,016] logger_util.py->write_log line:61 [INFO] 
-------------接口请求结束-----------

[2023-11-08 14:14:22,029] logger_util.py->write_log line:61 [INFO] 
-------------接口请求开始-----------
[2023-11-08 14:14:22,029] logger_util.py->write_log line:61 [INFO] 接口名称：获取画面节点
[2023-11-08 14:14:22,029] logger_util.py->write_log line:61 [INFO] 接口方式：get
[2023-11-08 14:14:22,029] logger_util.py->write_log line:61 [INFO] 接口路径：http://127.0.0.1:18000/api/v1/view/content/24
[2023-11-08 14:14:22,029] logger_util.py->write_log line:61 [INFO] 请求头：{'Content-Type': 'application/json;charset=UTF-8', 'X-Project': 'cade0634c4a44304911e8cfdb1b8f8b9'}
[2023-11-08 14:14:22,029] logger_util.py->write_log line:61 [INFO] 文件上传：None
[2023-11-08 14:14:22,044] logger_util.py->write_log line:61 [INFO] 预期结果：[{'equals': {'status_code': 200}}]
[2023-11-08 14:14:22,044] logger_util.py->write_log line:61 [INFO] 实际结果：{'name': '新建页面719', 'id': 24, 'content': '', 'permissions': None, 'statistics': None, 'hasEvent': False, 'createTime': '2023-11-08T14:14:22.0441123+08:00', 'updateTime': '2023-11-08T14:14:22.0441122+08:00'}
[2023-11-08 14:14:22,045] logger_util.py->write_log line:61 [INFO] 接口请求成功！
[2023-11-08 14:14:22,045] logger_util.py->write_log line:61 [INFO] 
-------------接口请求结束-----------

[2023-11-08 14:14:22,051] logger_util.py->write_log line:61 [INFO] 
-------------接口请求开始-----------
[2023-11-08 14:14:22,051] logger_util.py->write_log line:61 [INFO] 接口名称：获取所有画面节点
[2023-11-08 14:14:22,051] logger_util.py->write_log line:61 [INFO] 接口方式：get
[2023-11-08 14:14:22,051] logger_util.py->write_log line:61 [INFO] 接口路径：http://127.0.0.1:18000/api/v1/view/node
[2023-11-08 14:14:22,051] logger_util.py->write_log line:61 [INFO] 请求头：{'Content-Type': 'application/json;charset=UTF-8', 'X-Project': 'cade0634c4a44304911e8cfdb1b8f8b9'}
[2023-11-08 14:14:22,051] logger_util.py->write_log line:61 [INFO] 文件上传：None
[2023-11-08 14:14:22,068] logger_util.py->write_log line:61 [INFO] 预期结果：[{'equals': {'status_code': 200}}]
[2023-11-08 14:14:22,068] logger_util.py->write_log line:61 [INFO] 实际结果：[{'id': 24, 'parentId': None, 'name': '新建页面719', 'type': 1, 'sort': 1, 'createTime': '2023-11-08T14:14:21.9808734', 'updateTime': '2023-11-08T14:14:21.9991549'}]
[2023-11-08 14:14:22,068] logger_util.py->write_log line:61 [INFO] 接口请求成功！
[2023-11-08 14:14:22,068] logger_util.py->write_log line:61 [INFO] 
-------------接口请求结束-----------

[2023-11-08 14:14:22,076] logger_util.py->write_log line:61 [INFO] 
-------------接口请求开始-----------
[2023-11-08 14:14:22,077] logger_util.py->write_log line:61 [INFO] 接口名称：获取画面节点树
[2023-11-08 14:14:22,077] logger_util.py->write_log line:61 [INFO] 接口方式：get
[2023-11-08 14:14:22,077] logger_util.py->write_log line:61 [INFO] 接口路径：http://127.0.0.1:18000/api/v1/view/node/tree
[2023-11-08 14:14:22,077] logger_util.py->write_log line:61 [INFO] 请求头：{'Content-Type': 'application/json;charset=UTF-8', 'X-Project': 'cade0634c4a44304911e8cfdb1b8f8b9'}
[2023-11-08 14:14:22,077] logger_util.py->write_log line:61 [INFO] 文件上传：None
[2023-11-08 14:14:22,102] logger_util.py->write_log line:61 [INFO] 预期结果：[{'equals': {'status_code': 200}}]
[2023-11-08 14:14:22,102] logger_util.py->write_log line:61 [INFO] 实际结果：[{'child': [], 'hasEvent': False, 'id': 24, 'parentId': None, 'name': '新建页面719', 'type': 1, 'sort': 1, 'createTime': '0001-01-01T00:00:00', 'updateTime': '2023-11-08T14:14:21.9991549'}]
[2023-11-08 14:14:22,102] logger_util.py->write_log line:61 [INFO] 接口请求成功！
[2023-11-08 14:14:22,103] logger_util.py->write_log line:61 [INFO] 
-------------接口请求结束-----------

[2023-11-08 14:14:22,123] logger_util.py->write_log line:61 [INFO] 
-------------接口请求开始-----------
[2023-11-08 14:14:22,123] logger_util.py->write_log line:61 [INFO] 接口名称：获取所有画面子节点
[2023-11-08 14:14:22,123] logger_util.py->write_log line:61 [INFO] 接口方式：get
[2023-11-08 14:14:22,123] logger_util.py->write_log line:61 [INFO] 接口路径：http://127.0.0.1:18000/api/v1/view/node/subs
[2023-11-08 14:14:22,124] logger_util.py->write_log line:61 [INFO] 请求头：{'Content-Type': 'application/json;charset=UTF-8', 'X-Project': 'cade0634c4a44304911e8cfdb1b8f8b9'}
[2023-11-08 14:14:22,124] logger_util.py->write_log line:61 [INFO] 文件上传：None
[2023-11-08 14:14:22,132] logger_util.py->write_log line:61 [INFO] 预期结果：[{'equals': {'status_code': 200}}]
[2023-11-08 14:14:22,132] logger_util.py->write_log line:61 [INFO] 实际结果：[{'id': 24, 'parentId': None, 'name': '新建页面719', 'type': 1, 'sort': 1, 'createTime': '2023-11-08T14:14:21.9808734', 'updateTime': '2023-11-08T14:14:21.9991549'}]
[2023-11-08 14:14:22,132] logger_util.py->write_log line:61 [INFO] 接口请求成功！
[2023-11-08 14:14:22,132] logger_util.py->write_log line:61 [INFO] 
-------------接口请求结束-----------

[2023-11-08 14:14:22,141] logger_util.py->write_log line:61 [INFO] 
-------------接口请求开始-----------
[2023-11-08 14:14:22,142] logger_util.py->write_log line:61 [INFO] 接口名称：编辑画面节点
[2023-11-08 14:14:22,142] logger_util.py->write_log line:61 [INFO] 接口方式：put
[2023-11-08 14:14:22,142] logger_util.py->write_log line:61 [INFO] 接口路径：http://127.0.0.1:18000/api/v1/view/node/24
[2023-11-08 14:14:22,142] logger_util.py->write_log line:61 [INFO] 请求头：{'Content-Type': 'application/json;charset=UTF-8', 'X-Project': 'cade0634c4a44304911e8cfdb1b8f8b9'}
[2023-11-08 14:14:22,142] logger_util.py->write_log line:61 [INFO] 请求参数：{'name': '重命名画面637', 'parentId': None, 'type': 1}
[2023-11-08 14:14:22,142] logger_util.py->write_log line:61 [INFO] 文件上传：None
[2023-11-08 14:14:22,168] logger_util.py->write_log line:61 [INFO] 预期结果：[{'equals': {'status_code': 200}}]
[2023-11-08 14:14:22,168] logger_util.py->write_log line:61 [INFO] 实际结果：24
[2023-11-08 14:14:22,168] logger_util.py->write_log line:61 [INFO] 接口请求成功！
[2023-11-08 14:14:22,168] logger_util.py->write_log line:61 [INFO] 
-------------接口请求结束-----------

[2023-11-08 14:14:22,176] logger_util.py->write_log line:61 [INFO] 
-------------接口请求开始-----------
[2023-11-08 14:14:22,176] logger_util.py->write_log line:61 [INFO] 接口名称：创建画面节点
[2023-11-08 14:14:22,176] logger_util.py->write_log line:61 [INFO] 接口方式：post
[2023-11-08 14:14:22,176] logger_util.py->write_log line:61 [INFO] 接口路径：http://127.0.0.1:18000/api/v1/view/node?copyFrom=
[2023-11-08 14:14:22,176] logger_util.py->write_log line:61 [INFO] 请求头：{'Content-Type': 'application/json;charset=UTF-8', 'X-Project': 'cade0634c4a44304911e8cfdb1b8f8b9'}
[2023-11-08 14:14:22,177] logger_util.py->write_log line:61 [INFO] 请求参数：{'name': '新建页面23', 'parentId': None, 'type': 1, 'sort': 2}
[2023-11-08 14:14:22,177] logger_util.py->write_log line:61 [INFO] 文件上传：None
[2023-11-08 14:14:22,262] logger_util.py->write_log line:61 [INFO] 预期结果：[{'equals': {'status_code': 200}}]
[2023-11-08 14:14:22,262] logger_util.py->write_log line:61 [INFO] 实际结果：25
[2023-11-08 14:14:22,262] logger_util.py->write_log line:61 [INFO] 接口请求成功！
[2023-11-08 14:14:22,262] logger_util.py->write_log line:61 [INFO] 
-------------接口请求结束-----------

[2023-11-08 14:14:22,276] logger_util.py->write_log line:61 [INFO] 
-------------接口请求开始-----------
[2023-11-08 14:14:22,276] logger_util.py->write_log line:61 [INFO] 接口名称：删除画面节点
[2023-11-08 14:14:22,276] logger_util.py->write_log line:61 [INFO] 接口方式：delete
[2023-11-08 14:14:22,276] logger_util.py->write_log line:61 [INFO] 接口路径：http://127.0.0.1:18000/api/v1/view/node/25
[2023-11-08 14:14:22,277] logger_util.py->write_log line:61 [INFO] 请求头：{'Content-Type': 'application/json;charset=UTF-8', 'X-Project': 'cade0634c4a44304911e8cfdb1b8f8b9'}
[2023-11-08 14:14:22,277] logger_util.py->write_log line:61 [INFO] 文件上传：None
[2023-11-08 14:14:22,304] logger_util.py->write_log line:61 [INFO] 预期结果：[{'equals': {'status_code': 200}}]
[2023-11-08 14:14:22,305] logger_util.py->write_log line:61 [INFO] 实际结果：
[2023-11-08 14:14:22,305] logger_util.py->write_log line:61 [INFO] 接口请求成功！
[2023-11-08 14:14:22,305] logger_util.py->write_log line:61 [INFO] 
-------------接口请求结束-----------

[2023-11-08 14:14:22,311] logger_util.py->write_log line:61 [INFO] 
-------------接口请求开始-----------
[2023-11-08 14:14:22,311] logger_util.py->write_log line:61 [INFO] 接口名称：创建画面节点1
[2023-11-08 14:14:22,311] logger_util.py->write_log line:61 [INFO] 接口方式：post
[2023-11-08 14:14:22,311] logger_util.py->write_log line:61 [INFO] 接口路径：http://127.0.0.1:18000/api/v1/view/node?copyFrom=
[2023-11-08 14:14:22,311] logger_util.py->write_log line:61 [INFO] 请求头：{'Content-Type': 'application/json;charset=UTF-8', 'X-Project': 'cade0634c4a44304911e8cfdb1b8f8b9'}
[2023-11-08 14:14:22,312] logger_util.py->write_log line:61 [INFO] 请求参数：{'name': '新建页面399', 'parentId': None, 'type': 1, 'sort': 2}
[2023-11-08 14:14:22,312] logger_util.py->write_log line:61 [INFO] 文件上传：None
[2023-11-08 14:14:22,379] logger_util.py->write_log line:61 [INFO] 预期结果：[{'equals': {'status_code': 200}}]
[2023-11-08 14:14:22,379] logger_util.py->write_log line:61 [INFO] 实际结果：26
[2023-11-08 14:14:22,380] logger_util.py->write_log line:61 [INFO] 接口请求成功！
[2023-11-08 14:14:22,380] logger_util.py->write_log line:61 [INFO] 
-------------接口请求结束-----------

[2023-11-08 14:14:22,389] logger_util.py->write_log line:61 [INFO] 
-------------接口请求开始-----------
[2023-11-08 14:14:22,390] logger_util.py->write_log line:61 [INFO] 接口名称：创建画面节点2
[2023-11-08 14:14:22,390] logger_util.py->write_log line:61 [INFO] 接口方式：post
[2023-11-08 14:14:22,390] logger_util.py->write_log line:61 [INFO] 接口路径：http://127.0.0.1:18000/api/v1/view/node?copyFrom=
[2023-11-08 14:14:22,390] logger_util.py->write_log line:61 [INFO] 请求头：{'Content-Type': 'application/json;charset=UTF-8', 'X-Project': 'cade0634c4a44304911e8cfdb1b8f8b9'}
[2023-11-08 14:14:22,390] logger_util.py->write_log line:61 [INFO] 请求参数：{'name': '新建页面983', 'parentId': None, 'type': 1, 'sort': 3}
[2023-11-08 14:14:22,390] logger_util.py->write_log line:61 [INFO] 文件上传：None
[2023-11-08 14:14:22,465] logger_util.py->write_log line:61 [INFO] 预期结果：[{'equals': {'status_code': 200}}]
[2023-11-08 14:14:22,466] logger_util.py->write_log line:61 [INFO] 实际结果：27
[2023-11-08 14:14:22,466] logger_util.py->write_log line:61 [INFO] 接口请求成功！
[2023-11-08 14:14:22,466] logger_util.py->write_log line:61 [INFO] 
-------------接口请求结束-----------

[2023-11-08 14:14:22,481] logger_util.py->write_log line:61 [INFO] 
-------------接口请求开始-----------
[2023-11-08 14:14:22,482] logger_util.py->write_log line:61 [INFO] 接口名称：批量删除画面节点
[2023-11-08 14:14:22,482] logger_util.py->write_log line:61 [INFO] 接口方式：delete
[2023-11-08 14:14:22,482] logger_util.py->write_log line:61 [INFO] 接口路径：http://127.0.0.1:18000/api/v1/view/node/range
[2023-11-08 14:14:22,482] logger_util.py->write_log line:61 [INFO] 请求头：{'Content-Type': 'application/json;charset=UTF-8', 'X-Project': 'cade0634c4a44304911e8cfdb1b8f8b9'}
[2023-11-08 14:14:22,482] logger_util.py->write_log line:61 [INFO] 请求参数：['26', '27']
[2023-11-08 14:14:22,482] logger_util.py->write_log line:61 [INFO] 文件上传：None
[2023-11-08 14:14:22,533] logger_util.py->write_log line:61 [INFO] 预期结果：[{'equals': {'status_code': 200}}]
[2023-11-08 14:14:22,533] logger_util.py->write_log line:61 [INFO] 实际结果：
[2023-11-08 14:14:22,533] logger_util.py->write_log line:61 [INFO] 接口请求成功！
[2023-11-08 14:14:22,533] logger_util.py->write_log line:61 [INFO] 
-------------接口请求结束-----------

[2023-11-08 14:14:22,540] logger_util.py->write_log line:61 [INFO] 
-------------接口请求开始-----------
[2023-11-08 14:14:22,540] logger_util.py->write_log line:61 [INFO] 接口名称：创建画面节点3
[2023-11-08 14:14:22,540] logger_util.py->write_log line:61 [INFO] 接口方式：post
[2023-11-08 14:14:22,540] logger_util.py->write_log line:61 [INFO] 接口路径：http://127.0.0.1:18000/api/v1/view/node?copyFrom=
[2023-11-08 14:14:22,540] logger_util.py->write_log line:61 [INFO] 请求头：{'Content-Type': 'application/json;charset=UTF-8', 'X-Project': 'cade0634c4a44304911e8cfdb1b8f8b9'}
[2023-11-08 14:14:22,540] logger_util.py->write_log line:61 [INFO] 请求参数：{'name': '子画面302', 'parentId': None, 'type': 1, 'sort': 1}
[2023-11-08 14:14:22,541] logger_util.py->write_log line:61 [INFO] 文件上传：None
[2023-11-08 14:14:22,596] logger_util.py->write_log line:61 [INFO] 预期结果：[{'equals': {'status_code': 200}}]
[2023-11-08 14:14:22,596] logger_util.py->write_log line:61 [INFO] 实际结果：28
[2023-11-08 14:14:22,596] logger_util.py->write_log line:61 [INFO] 接口请求成功！
[2023-11-08 14:14:22,596] logger_util.py->write_log line:61 [INFO] 
-------------接口请求结束-----------

[2023-11-08 14:14:22,610] logger_util.py->write_log line:61 [INFO] 
-------------接口请求开始-----------
[2023-11-08 14:14:22,611] logger_util.py->write_log line:61 [INFO] 接口名称：创建画面节点3
[2023-11-08 14:14:22,611] logger_util.py->write_log line:61 [INFO] 接口方式：post
[2023-11-08 14:14:22,611] logger_util.py->write_log line:61 [INFO] 接口路径：http://127.0.0.1:18000/api/v1/view/node/28/sort
[2023-11-08 14:14:22,611] logger_util.py->write_log line:61 [INFO] 请求头：{'Content-Type': 'application/json;charset=UTF-8', 'X-Project': 'cade0634c4a44304911e8cfdb1b8f8b9'}
[2023-11-08 14:14:22,611] logger_util.py->write_log line:61 [INFO] 请求参数：{'parentId': '24', 'sort': 1}
[2023-11-08 14:14:22,611] logger_util.py->write_log line:61 [INFO] 文件上传：None
[2023-11-08 14:14:22,649] logger_util.py->write_log line:61 [INFO] 预期结果：[{'equals': {'status_code': 200}}]
[2023-11-08 14:14:22,649] logger_util.py->write_log line:61 [INFO] 实际结果：True
[2023-11-08 14:14:22,649] logger_util.py->write_log line:61 [INFO] 接口请求成功！
[2023-11-08 14:14:22,649] logger_util.py->write_log line:61 [INFO] 
-------------接口请求结束-----------

