[2023-12-12 11:01:39,302] logger_util.py->write_log line:61 [INFO] 
-------------接口请求开始-----------
[2023-12-12 11:01:39,302] logger_util.py->write_log line:61 [INFO] 接口名称：测试连接互联项
[2023-12-12 11:01:39,302] logger_util.py->write_log line:61 [INFO] 接口方式：post
[2023-12-12 11:01:39,302] logger_util.py->write_log line:61 [INFO] 接口路径：http://127.0.0.1:18000/api/v1/connection/test
[2023-12-12 11:01:39,303] logger_util.py->write_log line:61 [INFO] 请求头：{'X-Project': 'fb63700a195245b9bb42ef9e036ce674'}
[2023-12-12 11:01:39,303] logger_util.py->write_log line:61 [INFO] 请求参数：{'id': None, 'name': 'mysql7558', 'connectionType': 1, 'databaseType': 1, 'authenticationType': None, 'server': '192.168.2.98', 'port': '3306', 'database': 'TestDB', 'databasePath': '', 'userName': 'root', 'password': 'syc123', 'changedPassword': True, 'mqttType': None, 'pushType': None, 'timingPeriod': None, 'changingPeriod': None, 'cloudDeviceId': '', 'originalSecret': ''}
[2023-12-12 11:01:39,303] logger_util.py->write_log line:61 [INFO] 文件上传：None
[2023-12-12 11:01:39,320] logger_util.py->write_log line:61 [INFO] 预期结果：[{'equals': {'status_code': 200}}]
[2023-12-12 11:01:39,320] logger_util.py->write_log line:61 [INFO] 实际结果：测试连接成功
[2023-12-12 11:01:39,321] logger_util.py->write_log line:61 [INFO] 接口请求成功！
[2023-12-12 11:01:39,321] logger_util.py->write_log line:61 [INFO] 
-------------接口请求结束-----------

[2023-12-12 11:01:39,339] logger_util.py->write_log line:61 [INFO] 
-------------接口请求开始-----------
[2023-12-12 11:01:39,339] logger_util.py->write_log line:61 [INFO] 接口名称：创建互联项
[2023-12-12 11:01:39,339] logger_util.py->write_log line:61 [INFO] 接口方式：post
[2023-12-12 11:01:39,339] logger_util.py->write_log line:61 [INFO] 接口路径：http://127.0.0.1:18000/api/v1/connection
[2023-12-12 11:01:39,339] logger_util.py->write_log line:61 [INFO] 请求头：{'X-Project': 'fb63700a195245b9bb42ef9e036ce674'}
[2023-12-12 11:01:39,339] logger_util.py->write_log line:61 [INFO] 请求参数：{'id': None, 'name': 'mysql3066', 'connectionType': 1, 'databaseType': 1, 'authenticationType': None, 'server': '192.168.2.98', 'port': '3306', 'database': 'TestDB', 'databasePath': '', 'userName': 'root', 'password': 'syc123', 'changedPassword': True, 'mqttType': None, 'pushType': None, 'timingPeriod': None, 'changingPeriod': None, 'cloudDeviceId': '', 'originalSecret': ''}
[2023-12-12 11:01:39,339] logger_util.py->write_log line:61 [INFO] 文件上传：None
[2023-12-12 11:01:39,359] logger_util.py->write_log line:61 [INFO] 预期结果：[{'equals': {'status_code': 200}}]
[2023-12-12 11:01:39,359] logger_util.py->write_log line:61 [INFO] 实际结果：{'data': {'id': 5, 'name': 'mysql3066', 'connectionType': 1, 'databaseType': 1, 'authenticationType': 0, 'server': '192.168.2.98', 'port': 3306, 'database': 'TestDB', 'databasePath': '', 'userName': 'root'}, 'message': ''}
[2023-12-12 11:01:39,360] logger_util.py->write_log line:61 [INFO] 接口请求成功！
[2023-12-12 11:01:39,360] logger_util.py->write_log line:61 [INFO] 
-------------接口请求结束-----------

[2023-12-12 11:01:39,370] logger_util.py->write_log line:61 [INFO] 
-------------接口请求开始-----------
[2023-12-12 11:01:39,370] logger_util.py->write_log line:61 [INFO] 接口名称：关闭互联项
[2023-12-12 11:01:39,371] logger_util.py->write_log line:61 [INFO] 接口方式：put
[2023-12-12 11:01:39,371] logger_util.py->write_log line:61 [INFO] 接口路径：http://127.0.0.1:18000/api/v1/connection/switch/1/5/off
[2023-12-12 11:01:39,371] logger_util.py->write_log line:61 [INFO] 请求头：{'X-Project': 'fb63700a195245b9bb42ef9e036ce674'}
[2023-12-12 11:01:39,371] logger_util.py->write_log line:61 [INFO] 文件上传：None
[2023-12-12 11:01:39,385] logger_util.py->write_log line:61 [INFO] 预期结果：[{'equals': {'status_code': 200}}]
[2023-12-12 11:01:39,385] logger_util.py->write_log line:61 [INFO] 实际结果：[{'nodeGuid': '20917e1d-ec06-48d1-81c8-f05f6ee59939', 'id': 5, 'type': 1, 'name': 'mysql3066', 'status': 0, 'errorMsg': None, 'children': []}]
[2023-12-12 11:01:39,385] logger_util.py->write_log line:61 [INFO] 接口请求成功！
[2023-12-12 11:01:39,385] logger_util.py->write_log line:61 [INFO] 
-------------接口请求结束-----------

[2023-12-12 11:01:39,393] logger_util.py->write_log line:61 [INFO] 
-------------接口请求开始-----------
[2023-12-12 11:01:39,393] logger_util.py->write_log line:61 [INFO] 接口名称：开启互联项
[2023-12-12 11:01:39,393] logger_util.py->write_log line:61 [INFO] 接口方式：put
[2023-12-12 11:01:39,393] logger_util.py->write_log line:61 [INFO] 接口路径：http://127.0.0.1:18000/api/v1/connection/switch/1/5/on
[2023-12-12 11:01:39,393] logger_util.py->write_log line:61 [INFO] 请求头：{'X-Project': 'fb63700a195245b9bb42ef9e036ce674'}
[2023-12-12 11:01:39,394] logger_util.py->write_log line:61 [INFO] 文件上传：None
[2023-12-12 11:01:39,409] logger_util.py->write_log line:61 [INFO] 预期结果：[{'equals': {'status_code': 200}}]
[2023-12-12 11:01:39,409] logger_util.py->write_log line:61 [INFO] 实际结果：[{'nodeGuid': '6ddc2108-a89d-4ccc-aae7-f4aade5f3987', 'id': 5, 'type': 1, 'name': 'mysql3066', 'status': 0, 'errorMsg': None, 'children': []}]
[2023-12-12 11:01:39,409] logger_util.py->write_log line:61 [INFO] 接口请求成功！
[2023-12-12 11:01:39,409] logger_util.py->write_log line:61 [INFO] 
-------------接口请求结束-----------

[2023-12-12 11:01:39,417] logger_util.py->write_log line:61 [INFO] 
-------------接口请求开始-----------
[2023-12-12 11:01:39,417] logger_util.py->write_log line:61 [INFO] 接口名称：重命名互联项
[2023-12-12 11:01:39,417] logger_util.py->write_log line:61 [INFO] 接口方式：put
[2023-12-12 11:01:39,417] logger_util.py->write_log line:61 [INFO] 接口路径：http://127.0.0.1:18000/api/v1/connection/rename/1/5/重命名_mysql828
[2023-12-12 11:01:39,417] logger_util.py->write_log line:61 [INFO] 请求头：{'X-Project': 'fb63700a195245b9bb42ef9e036ce674'}
[2023-12-12 11:01:39,417] logger_util.py->write_log line:61 [INFO] 文件上传：None
[2023-12-12 11:01:39,439] logger_util.py->write_log line:61 [INFO] 预期结果：[{'equals': {'status_code': 200}}]
[2023-12-12 11:01:39,439] logger_util.py->write_log line:61 [INFO] 实际结果：
[2023-12-12 11:01:39,440] logger_util.py->write_log line:61 [INFO] 接口请求成功！
[2023-12-12 11:01:39,440] logger_util.py->write_log line:61 [INFO] 
-------------接口请求结束-----------

[2023-12-12 11:01:39,458] logger_util.py->write_log line:61 [INFO] 
-------------接口请求开始-----------
[2023-12-12 11:01:39,458] logger_util.py->write_log line:61 [INFO] 接口名称：修改互联配置
[2023-12-12 11:01:39,459] logger_util.py->write_log line:61 [INFO] 接口方式：put
[2023-12-12 11:01:39,459] logger_util.py->write_log line:61 [INFO] 接口路径：http://127.0.0.1:18000/api/v1/connection/5/config
[2023-12-12 11:01:39,459] logger_util.py->write_log line:61 [INFO] 请求头：{'X-Project': 'fb63700a195245b9bb42ef9e036ce674'}
[2023-12-12 11:01:39,459] logger_util.py->write_log line:61 [INFO] 请求参数：{'id': 5, 'name': '改配_mysql372', 'connectionType': 1, 'databaseType': 1, 'authenticationType': 0, 'server': '192.168.2.98', 'port': '3306', 'database': 'TestDB', 'databasePath': '', 'userName': 'root', 'password': 'syc123'}
[2023-12-12 11:01:39,459] logger_util.py->write_log line:61 [INFO] 文件上传：None
[2023-12-12 11:01:39,480] logger_util.py->write_log line:61 [INFO] 预期结果：[{'equals': {'status_code': 200}}]
[2023-12-12 11:01:39,480] logger_util.py->write_log line:61 [INFO] 实际结果：{'data': {'id': 5, 'name': '改配_mysql372', 'connectionType': 1, 'databaseType': 1, 'authenticationType': 0, 'server': '192.168.2.98', 'port': 3306, 'database': 'TestDB', 'databasePath': '', 'userName': 'root'}, 'message': ''}
[2023-12-12 11:01:39,481] logger_util.py->write_log line:61 [INFO] 接口请求成功！
[2023-12-12 11:01:39,481] logger_util.py->write_log line:61 [INFO] 
-------------接口请求结束-----------

[2023-12-12 11:01:39,489] logger_util.py->write_log line:61 [INFO] 
-------------接口请求开始-----------
[2023-12-12 11:01:39,489] logger_util.py->write_log line:61 [INFO] 接口名称：删除互联项
[2023-12-12 11:01:39,489] logger_util.py->write_log line:61 [INFO] 接口方式：delete
[2023-12-12 11:01:39,489] logger_util.py->write_log line:61 [INFO] 接口路径：http://127.0.0.1:18000/api/v1/connection/1/5
[2023-12-12 11:01:39,489] logger_util.py->write_log line:61 [INFO] 请求头：{'X-Project': 'fb63700a195245b9bb42ef9e036ce674'}
[2023-12-12 11:01:39,489] logger_util.py->write_log line:61 [INFO] 文件上传：None
[2023-12-12 11:01:39,518] logger_util.py->write_log line:61 [INFO] 预期结果：[{'equals': {'status_code': 200}}]
[2023-12-12 11:01:39,518] logger_util.py->write_log line:61 [INFO] 实际结果：
[2023-12-12 11:01:39,518] logger_util.py->write_log line:61 [INFO] 接口请求成功！
[2023-12-12 11:01:39,518] logger_util.py->write_log line:61 [INFO] 
-------------接口请求结束-----------

[2023-12-12 11:01:39,537] logger_util.py->write_log line:61 [INFO] 
-------------接口请求开始-----------
[2023-12-12 11:01:39,537] logger_util.py->write_log line:61 [INFO] 接口名称：创建互联项
[2023-12-12 11:01:39,537] logger_util.py->write_log line:61 [INFO] 接口方式：post
[2023-12-12 11:01:39,537] logger_util.py->write_log line:61 [INFO] 接口路径：http://127.0.0.1:18000/api/v1/connection
[2023-12-12 11:01:39,537] logger_util.py->write_log line:61 [INFO] 请求头：{'X-Project': 'fb63700a195245b9bb42ef9e036ce674'}
[2023-12-12 11:01:39,537] logger_util.py->write_log line:61 [INFO] 请求参数：{'id': None, 'name': 'mysql2749', 'connectionType': 1, 'databaseType': 1, 'authenticationType': None, 'server': '192.168.2.98', 'port': '3306', 'database': 'TestDB', 'databasePath': '', 'userName': 'root', 'password': 'syc123', 'changedPassword': True, 'mqttType': None, 'pushType': None, 'timingPeriod': None, 'changingPeriod': None, 'cloudDeviceId': '', 'originalSecret': ''}
[2023-12-12 11:01:39,537] logger_util.py->write_log line:61 [INFO] 文件上传：None
[2023-12-12 11:01:39,570] logger_util.py->write_log line:61 [INFO] 预期结果：[{'equals': {'status_code': 200}}]
[2023-12-12 11:01:39,570] logger_util.py->write_log line:61 [INFO] 实际结果：{'data': {'id': 6, 'name': 'mysql2749', 'connectionType': 1, 'databaseType': 1, 'authenticationType': 0, 'server': '192.168.2.98', 'port': 3306, 'database': 'TestDB', 'databasePath': '', 'userName': 'root'}, 'message': ''}
[2023-12-12 11:01:39,570] logger_util.py->write_log line:61 [INFO] 接口请求成功！
[2023-12-12 11:01:39,570] logger_util.py->write_log line:61 [INFO] 
-------------接口请求结束-----------

[2023-12-12 11:01:39,582] logger_util.py->write_log line:61 [INFO] 
-------------接口请求开始-----------
[2023-12-12 11:01:39,582] logger_util.py->write_log line:61 [INFO] 接口名称：创建映射表
[2023-12-12 11:01:39,582] logger_util.py->write_log line:61 [INFO] 接口方式：post
[2023-12-12 11:01:39,582] logger_util.py->write_log line:61 [INFO] 接口路径：http://127.0.0.1:18000/api/v1/connection/6/table
[2023-12-12 11:01:39,582] logger_util.py->write_log line:61 [INFO] 请求头：{'X-Project': 'fb63700a195245b9bb42ef9e036ce674'}
[2023-12-12 11:01:39,582] logger_util.py->write_log line:61 [INFO] 请求参数：{'isBasic': True, 'databaseTableName': 'student', 'querySql': '', 'name': '插入9268'}
[2023-12-12 11:01:39,582] logger_util.py->write_log line:61 [INFO] 文件上传：None
[2023-12-12 11:01:39,623] logger_util.py->write_log line:61 [INFO] 预期结果：[{'equals': {'status_code': 200}}]
[2023-12-12 11:01:39,624] logger_util.py->write_log line:61 [INFO] 实际结果：{'id': 11, 'name': '插入9268', 'connectionItemId': 6, 'fields': [{'tableName': 'student', 'tableAlias': '', 'columnName': 'id', 'displayName': 'id', 'dataTypeName': 'Int32', 'databaseTypeName': 'Int32', 'isValueType': True, 'isAsterisk': True}, {'tableName': 'student', 'tableAlias': '', 'columnName': 'time', 'displayName': 'time', 'dataTypeName': 'DateTime', 'databaseTypeName': 'DateTime', 'isValueType': False, 'isAsterisk': True}, {'tableName': 'student', 'tableAlias': '', 'columnName': 'name', 'displayName': 'name', 'dataTypeName': 'String', 'databaseTypeName': 'VarChar', 'isValueType': False, 'isAsterisk': True}, {'tableName': 'student', 'tableAlias': '', 'columnName': 'age', 'displayName': 'age', 'dataTypeName': 'Int32', 'databaseTypeName': 'Int32', 'isValueType': True, 'isAsterisk': True}, {'tableName': 'student', 'tableAlias': '', 'columnName': 'money', 'displayName': 'money', 'dataTypeName': 'Single', 'databaseTypeName': 'Float', 'isValueType': True, 'isAsterisk': True}], 'isBasic': True, 'basicDatabaseTableName': 'student', 'querySql': 'select * from `student`', 'detail': None, 'action': None, 'status': 1, 'prevStatus': 0, 'lastErrorMsg': None, 'lastErrorDateTime': None}
[2023-12-12 11:01:39,624] logger_util.py->write_log line:61 [INFO] 接口请求成功！
[2023-12-12 11:01:39,624] logger_util.py->write_log line:61 [INFO] 
-------------接口请求结束-----------

[2023-12-12 11:01:39,636] logger_util.py->write_log line:61 [INFO] 
-------------接口请求开始-----------
[2023-12-12 11:01:39,636] logger_util.py->write_log line:61 [INFO] 接口名称：关闭映射表
[2023-12-12 11:01:39,636] logger_util.py->write_log line:61 [INFO] 接口方式：put
[2023-12-12 11:01:39,636] logger_util.py->write_log line:61 [INFO] 接口路径：http://127.0.0.1:18000/api/v1/connection/switch/2/11/off
[2023-12-12 11:01:39,636] logger_util.py->write_log line:61 [INFO] 请求头：{'X-Project': 'fb63700a195245b9bb42ef9e036ce674'}
[2023-12-12 11:01:39,636] logger_util.py->write_log line:61 [INFO] 文件上传：None
[2023-12-12 11:01:39,663] logger_util.py->write_log line:61 [INFO] 预期结果：[{'equals': {'status_code': 200}}]
[2023-12-12 11:01:39,663] logger_util.py->write_log line:61 [INFO] 实际结果：[{'nodeGuid': 'a65ab60d-1e7c-4818-ac3b-07e367e14bcf', 'id': 11, 'type': 2, 'name': '插入9268', 'status': 2, 'errorMsg': None, 'children': []}]
[2023-12-12 11:01:39,663] logger_util.py->write_log line:61 [INFO] 接口请求成功！
[2023-12-12 11:01:39,663] logger_util.py->write_log line:61 [INFO] 
-------------接口请求结束-----------

[2023-12-12 11:01:39,670] logger_util.py->write_log line:61 [INFO] 
-------------接口请求开始-----------
[2023-12-12 11:01:39,670] logger_util.py->write_log line:61 [INFO] 接口名称：开启映射表
[2023-12-12 11:01:39,670] logger_util.py->write_log line:61 [INFO] 接口方式：put
[2023-12-12 11:01:39,670] logger_util.py->write_log line:61 [INFO] 接口路径：http://127.0.0.1:18000/api/v1/connection/switch/2/11/on
[2023-12-12 11:01:39,670] logger_util.py->write_log line:61 [INFO] 请求头：{'X-Project': 'fb63700a195245b9bb42ef9e036ce674'}
[2023-12-12 11:01:39,670] logger_util.py->write_log line:61 [INFO] 文件上传：None
[2023-12-12 11:01:39,698] logger_util.py->write_log line:61 [INFO] 预期结果：[{'equals': {'status_code': 200}}]
[2023-12-12 11:01:39,698] logger_util.py->write_log line:61 [INFO] 实际结果：[{'nodeGuid': 'f757b0a0-5a02-40ca-9fb8-4a239a3c8490', 'id': 11, 'type': 2, 'name': '插入9268', 'status': 1, 'errorMsg': None, 'children': []}]
[2023-12-12 11:01:39,698] logger_util.py->write_log line:61 [INFO] 接口请求成功！
[2023-12-12 11:01:39,698] logger_util.py->write_log line:61 [INFO] 
-------------接口请求结束-----------

[2023-12-12 11:01:39,707] logger_util.py->write_log line:61 [INFO] 
-------------接口请求开始-----------
[2023-12-12 11:01:39,707] logger_util.py->write_log line:61 [INFO] 接口名称：重命名映射表
[2023-12-12 11:01:39,707] logger_util.py->write_log line:61 [INFO] 接口方式：put
[2023-12-12 11:01:39,707] logger_util.py->write_log line:61 [INFO] 接口路径：http://127.0.0.1:18000/api/v1/connection/rename/2/11/student_插入623
[2023-12-12 11:01:39,707] logger_util.py->write_log line:61 [INFO] 请求头：{'X-Project': 'fb63700a195245b9bb42ef9e036ce674'}
[2023-12-12 11:01:39,707] logger_util.py->write_log line:61 [INFO] 文件上传：None
[2023-12-12 11:01:39,727] logger_util.py->write_log line:61 [INFO] 预期结果：[{'equals': {'status_code': 200}}]
[2023-12-12 11:01:39,728] logger_util.py->write_log line:61 [INFO] 实际结果：
[2023-12-12 11:01:39,728] logger_util.py->write_log line:61 [INFO] 接口请求成功！
[2023-12-12 11:01:39,728] logger_util.py->write_log line:61 [INFO] 
-------------接口请求结束-----------

[2023-12-12 11:01:39,736] logger_util.py->write_log line:61 [INFO] 
-------------接口请求开始-----------
[2023-12-12 11:01:39,736] logger_util.py->write_log line:61 [INFO] 接口名称：获取映射表配置
[2023-12-12 11:01:39,736] logger_util.py->write_log line:61 [INFO] 接口方式：get
[2023-12-12 11:01:39,736] logger_util.py->write_log line:61 [INFO] 接口路径：http://127.0.0.1:18000/api/v1/connection/table/11/config
[2023-12-12 11:01:39,736] logger_util.py->write_log line:61 [INFO] 请求头：{'X-Project': 'fb63700a195245b9bb42ef9e036ce674'}
[2023-12-12 11:01:39,736] logger_util.py->write_log line:61 [INFO] 文件上传：None
[2023-12-12 11:01:39,746] logger_util.py->write_log line:61 [INFO] 预期结果：[{'equals': {'status_code': 200}}]
[2023-12-12 11:01:39,746] logger_util.py->write_log line:61 [INFO] 实际结果：{'isBasic': True, 'databaseTableNames': ['student'], 'databaseTableFieldNames': ['id', 'time', 'name', 'age', 'money'], 'querySql': 'select * from `student`'}
[2023-12-12 11:01:39,746] logger_util.py->write_log line:61 [INFO] 接口请求成功！
[2023-12-12 11:01:39,746] logger_util.py->write_log line:61 [INFO] 
-------------接口请求结束-----------

[2023-12-12 11:01:39,754] logger_util.py->write_log line:61 [INFO] 
-------------接口请求开始-----------
[2023-12-12 11:01:39,754] logger_util.py->write_log line:61 [INFO] 接口名称：映射表创建副本
[2023-12-12 11:01:39,754] logger_util.py->write_log line:61 [INFO] 接口方式：post
[2023-12-12 11:01:39,754] logger_util.py->write_log line:61 [INFO] 接口路径：http://127.0.0.1:18000/api/v1/connection/table/11/copy
[2023-12-12 11:01:39,754] logger_util.py->write_log line:61 [INFO] 请求头：{'X-Project': 'fb63700a195245b9bb42ef9e036ce674'}
[2023-12-12 11:01:39,754] logger_util.py->write_log line:61 [INFO] 请求参数：{'name': '副本798'}
[2023-12-12 11:01:39,754] logger_util.py->write_log line:61 [INFO] 文件上传：None
[2023-12-12 11:01:39,781] logger_util.py->write_log line:61 [INFO] 预期结果：[{'equals': {'status_code': 200}}]
[2023-12-12 11:01:39,781] logger_util.py->write_log line:61 [INFO] 实际结果：{'id': 12, 'name': '副本798', 'connectionItemId': 6, 'fields': [{'tableName': 'student', 'tableAlias': '', 'columnName': 'id', 'displayName': 'id', 'dataTypeName': 'Int32', 'databaseTypeName': 'Int32', 'isValueType': True, 'isAsterisk': True}, {'tableName': 'student', 'tableAlias': '', 'columnName': 'time', 'displayName': 'time', 'dataTypeName': 'DateTime', 'databaseTypeName': 'DateTime', 'isValueType': False, 'isAsterisk': True}, {'tableName': 'student', 'tableAlias': '', 'columnName': 'name', 'displayName': 'name', 'dataTypeName': 'String', 'databaseTypeName': 'VarChar', 'isValueType': False, 'isAsterisk': True}, {'tableName': 'student', 'tableAlias': '', 'columnName': 'age', 'displayName': 'age', 'dataTypeName': 'Int32', 'databaseTypeName': 'Int32', 'isValueType': True, 'isAsterisk': True}, {'tableName': 'student', 'tableAlias': '', 'columnName': 'money', 'displayName': 'money', 'dataTypeName': 'Single', 'databaseTypeName': 'Float', 'isValueType': True, 'isAsterisk': True}], 'isBasic': True, 'basicDatabaseTableName': 'student', 'querySql': 'select * from `student`', 'detail': None, 'action': None, 'status': 1, 'prevStatus': 0, 'lastErrorMsg': None, 'lastErrorDateTime': None}
[2023-12-12 11:01:39,781] logger_util.py->write_log line:61 [INFO] 接口请求成功！
[2023-12-12 11:01:39,781] logger_util.py->write_log line:61 [INFO] 
-------------接口请求结束-----------

[2023-12-12 11:01:39,793] logger_util.py->write_log line:61 [INFO] 
-------------接口请求开始-----------
[2023-12-12 11:01:39,793] logger_util.py->write_log line:61 [INFO] 接口名称：删除映射表
[2023-12-12 11:01:39,793] logger_util.py->write_log line:61 [INFO] 接口方式：delete
[2023-12-12 11:01:39,793] logger_util.py->write_log line:61 [INFO] 接口路径：http://127.0.0.1:18000/api/v1/connection/2/12
[2023-12-12 11:01:39,793] logger_util.py->write_log line:61 [INFO] 请求头：{'X-Project': 'fb63700a195245b9bb42ef9e036ce674'}
[2023-12-12 11:01:39,793] logger_util.py->write_log line:61 [INFO] 文件上传：None
[2023-12-12 11:01:39,820] logger_util.py->write_log line:61 [INFO] 预期结果：[{'equals': {'status_code': 200}}]
[2023-12-12 11:01:39,820] logger_util.py->write_log line:61 [INFO] 实际结果：
[2023-12-12 11:01:39,820] logger_util.py->write_log line:61 [INFO] 接口请求成功！
[2023-12-12 11:01:39,820] logger_util.py->write_log line:61 [INFO] 
-------------接口请求结束-----------

[2023-12-12 11:01:39,829] logger_util.py->write_log line:61 [INFO] 
-------------接口请求开始-----------
[2023-12-12 11:01:39,829] logger_util.py->write_log line:61 [INFO] 接口名称：预览数据表
[2023-12-12 11:01:39,829] logger_util.py->write_log line:61 [INFO] 接口方式：post
[2023-12-12 11:01:39,829] logger_util.py->write_log line:61 [INFO] 接口路径：http://127.0.0.1:18000/api/v1/connection/6/preview
[2023-12-12 11:01:39,829] logger_util.py->write_log line:61 [INFO] 请求头：{'X-Project': 'fb63700a195245b9bb42ef9e036ce674'}
[2023-12-12 11:01:39,829] logger_util.py->write_log line:61 [INFO] 请求参数：{'isBasic': True, 'databaseTableName': 'student', 'querySql': '', 'limited': 10}
[2023-12-12 11:01:39,829] logger_util.py->write_log line:61 [INFO] 文件上传：None
[2023-12-12 11:01:39,845] logger_util.py->write_log line:61 [INFO] 预期结果：[{'equals': {'status_code': 200}}]
[2023-12-12 11:01:39,845] logger_util.py->write_log line:61 [INFO] 实际结果：{'headers': ['id', 'time', 'name', 'age', 'money'], 'data': []}
[2023-12-12 11:01:39,845] logger_util.py->write_log line:61 [INFO] 接口请求成功！
[2023-12-12 11:01:39,845] logger_util.py->write_log line:61 [INFO] 
-------------接口请求结束-----------

[2023-12-12 11:01:39,853] logger_util.py->write_log line:61 [INFO] 
-------------接口请求开始-----------
[2023-12-12 11:01:39,853] logger_util.py->write_log line:61 [INFO] 接口名称：保存配置-插入
[2023-12-12 11:01:39,854] logger_util.py->write_log line:61 [INFO] 接口方式：put
[2023-12-12 11:01:39,854] logger_util.py->write_log line:61 [INFO] 接口路径：http://127.0.0.1:18000/api/v1/connection/table/11/save
[2023-12-12 11:01:39,854] logger_util.py->write_log line:61 [INFO] 请求头：{'X-Project': 'fb63700a195245b9bb42ef9e036ce674'}
[2023-12-12 11:01:39,854] logger_util.py->write_log line:61 [INFO] 请求参数：{'actionType': 2, 'filters': [], 'sorts': [{'field': 'id', 'sortType': 2}], 'mappings': [{'field': 'time', 'relativeVariable': 'aa16', 'dataType': '日期时间', 'order': 1}, {'field': 'name', 'relativeVariable': 'A12', 'dataType': '字符串', 'order': 2}, {'field': 'age', 'relativeVariable': 'A2', 'dataType': '有符号8位整型', 'order': 3}, {'field': 'money', 'relativeVariable': 'A10', 'dataType': 'F32位浮点数IEEE754', 'order': 4}]}
[2023-12-12 11:01:39,854] logger_util.py->write_log line:61 [INFO] 文件上传：None
[2023-12-12 11:01:39,895] logger_util.py->write_log line:61 [INFO] 预期结果：[{'equals': {'status_code': 200}}]
[2023-12-12 11:01:39,895] logger_util.py->write_log line:61 [INFO] 实际结果：{'id': 11, 'name': 'student_插入623', 'connectionItemId': 6, 'fields': [{'tableName': 'student', 'tableAlias': '', 'columnName': 'id', 'displayName': 'id', 'dataTypeName': 'Int32', 'databaseTypeName': 'Int32', 'isValueType': True, 'isAsterisk': True}, {'tableName': 'student', 'tableAlias': '', 'columnName': 'time', 'displayName': 'time', 'dataTypeName': 'DateTime', 'databaseTypeName': 'DateTime', 'isValueType': False, 'isAsterisk': True}, {'tableName': 'student', 'tableAlias': '', 'columnName': 'name', 'displayName': 'name', 'dataTypeName': 'String', 'databaseTypeName': 'VarChar', 'isValueType': False, 'isAsterisk': True}, {'tableName': 'student', 'tableAlias': '', 'columnName': 'age', 'displayName': 'age', 'dataTypeName': 'Int32', 'databaseTypeName': 'Int32', 'isValueType': True, 'isAsterisk': True}, {'tableName': 'student', 'tableAlias': '', 'columnName': 'money', 'displayName': 'money', 'dataTypeName': 'Single', 'databaseTypeName': 'Float', 'isValueType': True, 'isAsterisk': True}], 'isBasic': True, 'basicDatabaseTableName': 'student', 'querySql': 'select * from `student`', 'detail': {'actionType': 2, 'filters': [], 'sorts': [{'displayName': 'id', 'sortType': 2}], 'mapping': {'pendingDisplayNameRelativeVariable': None, 'ioMappings': [{'displayName': 'name', 'relativeVariable': 'A12', 'dataType': 16384, 'order': 2}, {'displayName': 'age', 'relativeVariable': 'A2', 'dataType': 2, 'order': 3}, {'displayName': 'money', 'relativeVariable': 'A10', 'dataType': 512, 'order': 4}], 'innerMappings': [{'displayName': 'time', 'relativeVariable': 'aa16', 'dataType': 8192, 'order': 1}], 'systemMappings': []}}, 'action': {'actionType': 2, 'mainSql': 'insert into `student` (`name`,`age`,`money`,`time`) values ({0},{1},{2},{3})', 'sortSql': '`id` desc', 'filterSql': '', 'mainSqlParams': [{'key': 'A12', 'value': False}, {'key': 'A2', 'value': True}, {'key': 'A10', 'value': True}, {'key': 'aa16', 'value': False}], 'filterSqlParams': [], 'assignment': None}, 'status': 1, 'prevStatus': 2, 'lastErrorMsg': None, 'lastErrorDateTime': None}
[2023-12-12 11:01:39,895] logger_util.py->write_log line:61 [INFO] 接口请求成功！
[2023-12-12 11:01:39,896] logger_util.py->write_log line:61 [INFO] 
-------------接口请求结束-----------

[2023-12-12 11:01:39,907] logger_util.py->write_log line:61 [INFO] 
-------------接口请求开始-----------
[2023-12-12 11:01:39,907] logger_util.py->write_log line:61 [INFO] 接口名称：下发A2=10
[2023-12-12 11:01:39,907] logger_util.py->write_log line:61 [INFO] 接口方式：post
[2023-12-12 11:01:39,907] logger_util.py->write_log line:61 [INFO] 接口路径：http://127.0.0.1:18000/api/v1/variable/setvalues
[2023-12-12 11:01:39,907] logger_util.py->write_log line:61 [INFO] 请求头：{'X-Project': 'fb63700a195245b9bb42ef9e036ce674', 'Authorization': 'Bearer eyJhbGciOiJIUzI1NiIsInR5cCI6IkpXVCJ9.eyJodHRwOi8vc2NoZW1hcy54bWxzb2FwLm9yZy93cy8yMDA1LzA1L2lkZW50aXR5L2NsYWltcy9uYW1lIjoiU3VwZXJBZG1pbiIsImh0dHA6Ly9zY2hlbWFzLnhtbHNvYXAub3JnL3dzLzIwMDUvMDUvaWRlbnRpdHkvY2xhaW1zL25hbWVpZGVudGlmaWVyIjoiU3VwZXJBZG1pbiIsImV4cCI6MTcwMjk0OTM5MiwiaXNzIjoiQ01TdjIiLCJhdWQiOiJBcGkifQ.DTE3ExRd5e35qx7qyEGhaNLjjzP8QxhHUoLCzYg7Hcc'}
[2023-12-12 11:01:39,907] logger_util.py->write_log line:61 [INFO] 请求参数：{'A2': '10'}
[2023-12-12 11:01:39,907] logger_util.py->write_log line:61 [INFO] 文件上传：None
[2023-12-12 11:01:39,919] logger_util.py->write_log line:61 [INFO] 预期结果：[{'equals': {'status_code': 200}}, {'equals': {'allSuccess': True}}]
[2023-12-12 11:01:39,919] logger_util.py->write_log line:61 [INFO] 实际结果：{'allSuccess': True, 'items': {'A2': {'value': 10, 'quality': 0, 'errorMsg': None}}}
[2023-12-12 11:01:39,919] logger_util.py->write_log line:61 [INFO] 接口请求成功！
[2023-12-12 11:01:39,919] logger_util.py->write_log line:61 [INFO] 
-------------接口请求结束-----------

[2023-12-12 11:01:41,930] logger_util.py->write_log line:61 [INFO] 
-------------接口请求开始-----------
[2023-12-12 11:01:41,930] logger_util.py->write_log line:61 [INFO] 接口名称：下发A10=10.456
[2023-12-12 11:01:41,930] logger_util.py->write_log line:61 [INFO] 接口方式：post
[2023-12-12 11:01:41,930] logger_util.py->write_log line:61 [INFO] 接口路径：http://127.0.0.1:18000/api/v1/variable/setvalues
[2023-12-12 11:01:41,930] logger_util.py->write_log line:61 [INFO] 请求头：{'X-Project': 'fb63700a195245b9bb42ef9e036ce674', 'Authorization': 'Bearer eyJhbGciOiJIUzI1NiIsInR5cCI6IkpXVCJ9.eyJodHRwOi8vc2NoZW1hcy54bWxzb2FwLm9yZy93cy8yMDA1LzA1L2lkZW50aXR5L2NsYWltcy9uYW1lIjoiU3VwZXJBZG1pbiIsImh0dHA6Ly9zY2hlbWFzLnhtbHNvYXAub3JnL3dzLzIwMDUvMDUvaWRlbnRpdHkvY2xhaW1zL25hbWVpZGVudGlmaWVyIjoiU3VwZXJBZG1pbiIsImV4cCI6MTcwMjk0OTM5MiwiaXNzIjoiQ01TdjIiLCJhdWQiOiJBcGkifQ.DTE3ExRd5e35qx7qyEGhaNLjjzP8QxhHUoLCzYg7Hcc'}
[2023-12-12 11:01:41,930] logger_util.py->write_log line:61 [INFO] 请求参数：{'A10': '10.456'}
[2023-12-12 11:01:41,931] logger_util.py->write_log line:61 [INFO] 文件上传：None
[2023-12-12 11:01:41,940] logger_util.py->write_log line:61 [INFO] 预期结果：[{'equals': {'status_code': 200}}, {'equals': {'allSuccess': True}}]
[2023-12-12 11:01:41,940] logger_util.py->write_log line:61 [INFO] 实际结果：{'allSuccess': True, 'items': {'A10': {'value': 10.456, 'quality': 0, 'errorMsg': None}}}
[2023-12-12 11:01:41,940] logger_util.py->write_log line:61 [INFO] 接口请求成功！
[2023-12-12 11:01:41,940] logger_util.py->write_log line:61 [INFO] 
-------------接口请求结束-----------

[2023-12-12 11:01:43,957] logger_util.py->write_log line:61 [INFO] 
-------------接口请求开始-----------
[2023-12-12 11:01:43,957] logger_util.py->write_log line:61 [INFO] 接口名称：下发A12=中文1
[2023-12-12 11:01:43,957] logger_util.py->write_log line:61 [INFO] 接口方式：post
[2023-12-12 11:01:43,958] logger_util.py->write_log line:61 [INFO] 接口路径：http://127.0.0.1:18000/api/v1/variable/setvalues
[2023-12-12 11:01:43,958] logger_util.py->write_log line:61 [INFO] 请求头：{'X-Project': 'fb63700a195245b9bb42ef9e036ce674', 'Authorization': 'Bearer eyJhbGciOiJIUzI1NiIsInR5cCI6IkpXVCJ9.eyJodHRwOi8vc2NoZW1hcy54bWxzb2FwLm9yZy93cy8yMDA1LzA1L2lkZW50aXR5L2NsYWltcy9uYW1lIjoiU3VwZXJBZG1pbiIsImh0dHA6Ly9zY2hlbWFzLnhtbHNvYXAub3JnL3dzLzIwMDUvMDUvaWRlbnRpdHkvY2xhaW1zL25hbWVpZGVudGlmaWVyIjoiU3VwZXJBZG1pbiIsImV4cCI6MTcwMjk0OTM5MiwiaXNzIjoiQ01TdjIiLCJhdWQiOiJBcGkifQ.DTE3ExRd5e35qx7qyEGhaNLjjzP8QxhHUoLCzYg7Hcc'}
[2023-12-12 11:01:43,958] logger_util.py->write_log line:61 [INFO] 请求参数：{'A12': '中文1'}
[2023-12-12 11:01:43,958] logger_util.py->write_log line:61 [INFO] 文件上传：None
[2023-12-12 11:01:43,967] logger_util.py->write_log line:61 [INFO] 预期结果：[{'equals': {'status_code': 200}}, {'equals': {'allSuccess': True}}]
[2023-12-12 11:01:43,967] logger_util.py->write_log line:61 [INFO] 实际结果：{'allSuccess': True, 'items': {'A12': {'value': '中文1', 'quality': 0, 'errorMsg': None}}}
[2023-12-12 11:01:43,967] logger_util.py->write_log line:61 [INFO] 接口请求成功！
[2023-12-12 11:01:43,967] logger_util.py->write_log line:61 [INFO] 
-------------接口请求结束-----------

[2023-12-12 11:01:45,982] logger_util.py->write_log line:61 [INFO] 
-------------接口请求开始-----------
[2023-12-12 11:01:45,982] logger_util.py->write_log line:61 [INFO] 接口名称：下发aa16=2023-10-20 18:40:55
[2023-12-12 11:01:45,982] logger_util.py->write_log line:61 [INFO] 接口方式：post
[2023-12-12 11:01:45,982] logger_util.py->write_log line:61 [INFO] 接口路径：http://127.0.0.1:18000/api/v1/variable/setvalues
[2023-12-12 11:01:45,982] logger_util.py->write_log line:61 [INFO] 请求头：{'X-Project': 'fb63700a195245b9bb42ef9e036ce674', 'Authorization': 'Bearer eyJhbGciOiJIUzI1NiIsInR5cCI6IkpXVCJ9.eyJodHRwOi8vc2NoZW1hcy54bWxzb2FwLm9yZy93cy8yMDA1LzA1L2lkZW50aXR5L2NsYWltcy9uYW1lIjoiU3VwZXJBZG1pbiIsImh0dHA6Ly9zY2hlbWFzLnhtbHNvYXAub3JnL3dzLzIwMDUvMDUvaWRlbnRpdHkvY2xhaW1zL25hbWVpZGVudGlmaWVyIjoiU3VwZXJBZG1pbiIsImV4cCI6MTcwMjk0OTM5MiwiaXNzIjoiQ01TdjIiLCJhdWQiOiJBcGkifQ.DTE3ExRd5e35qx7qyEGhaNLjjzP8QxhHUoLCzYg7Hcc'}
[2023-12-12 11:01:45,982] logger_util.py->write_log line:61 [INFO] 请求参数：{'aa16': '2023-10-20 18:40:55'}
[2023-12-12 11:01:45,982] logger_util.py->write_log line:61 [INFO] 文件上传：None
[2023-12-12 11:01:45,984] logger_util.py->write_log line:61 [INFO] 预期结果：[{'equals': {'status_code': 200}}, {'equals': {'allSuccess': True}}]
[2023-12-12 11:01:45,985] logger_util.py->write_log line:61 [INFO] 实际结果：{'allSuccess': True, 'items': {'aa16': {'value': '2023/10/20 18:40:55', 'quality': 0, 'errorMsg': None}}}
[2023-12-12 11:01:45,985] logger_util.py->write_log line:61 [INFO] 接口请求成功！
[2023-12-12 11:01:45,985] logger_util.py->write_log line:61 [INFO] 
-------------接口请求结束-----------

[2023-12-12 11:01:48,101] logger_util.py->write_log line:61 [INFO] 
-------------接口请求开始-----------
[2023-12-12 11:01:48,101] logger_util.py->write_log line:61 [INFO] 接口名称：执行插入语句
[2023-12-12 11:01:48,101] logger_util.py->write_log line:61 [INFO] 接口方式：get
[2023-12-12 11:01:48,101] logger_util.py->write_log line:61 [INFO] 接口路径：http://127.0.0.1:18000/api/v1/connection/table/11/executetest
[2023-12-12 11:01:48,101] logger_util.py->write_log line:61 [INFO] 请求头：{'X-Project': 'fb63700a195245b9bb42ef9e036ce674'}
[2023-12-12 11:01:48,101] logger_util.py->write_log line:61 [INFO] 文件上传：None
[2023-12-12 11:01:48,621] logger_util.py->write_log line:61 [INFO] 预期结果：[{'equals': {'status_code': 200}}, {'equals': {'action': '插入'}}, {'equals': {'status': '成功'}}, {'equals': {'A12': '中文1'}}, {'equals': {'A2': '10'}}, {'equals': {'A10': '10.456'}}, {'equals': {'aa16': '2023/10/20 18:40:55'}}]
[2023-12-12 11:01:48,621] logger_util.py->write_log line:61 [INFO] 实际结果：{'record': {'dateTime': '2023/12/12 11:01:48', 'action': '插入', 'status': '成功', 'data': {'A12': '中文1', 'A2': '10', 'A10': '10.456', 'aa16': '2023/10/20 18:40:55'}}, 'info': '测试时间: 2023/12/12 11:01:48\r\n动作: 插入\r\n\r\n数据库:\r\n执行结果: OK\r\n插入时间: 0.01s\r\n', 'status': 1, 'lastErrorMsg': None}
[2023-12-12 11:01:48,621] logger_util.py->write_log line:61 [INFO] 接口请求成功！
[2023-12-12 11:01:48,621] logger_util.py->write_log line:61 [INFO] 
-------------接口请求结束-----------

[2023-12-12 11:01:48,629] logger_util.py->write_log line:61 [INFO] 
-------------接口请求开始-----------
[2023-12-12 11:01:48,629] logger_util.py->write_log line:61 [INFO] 接口名称：刷新-插入
[2023-12-12 11:01:48,629] logger_util.py->write_log line:61 [INFO] 接口方式：get
[2023-12-12 11:01:48,629] logger_util.py->write_log line:61 [INFO] 接口路径：http://127.0.0.1:18000/api/v1/connection/table/11/preview
[2023-12-12 11:01:48,630] logger_util.py->write_log line:61 [INFO] 请求头：{'X-Project': 'fb63700a195245b9bb42ef9e036ce674'}
[2023-12-12 11:01:48,630] logger_util.py->write_log line:61 [INFO] 文件上传：None
[2023-12-12 11:01:48,640] logger_util.py->write_log line:61 [INFO] 预期结果：[{'equals': {'status_code': 200}}, {'equals': {'age': 10}}, {'equals': {'money': 10.456}}, {'equals': {'name': '中文1'}}, {'equals': {'time': '2023-10-20 18:40:55'}}]
[2023-12-12 11:01:48,640] logger_util.py->write_log line:61 [INFO] 实际结果：{'status': 1, 'lastErrorMsg': None, 'total': 1, 'headers': ['id', 'time', 'name', 'age', 'money'], 'data': [{'id': 1, 'time': '2023-10-20 18:40:55', 'name': '中文1', 'age': 10, 'money': 10.456}]}
[2023-12-12 11:01:48,640] logger_util.py->write_log line:61 [INFO] 接口请求成功！
[2023-12-12 11:01:48,640] logger_util.py->write_log line:61 [INFO] 
-------------接口请求结束-----------

[2023-12-12 11:01:48,648] logger_util.py->write_log line:61 [INFO] 
-------------接口请求开始-----------
[2023-12-12 11:01:48,648] logger_util.py->write_log line:61 [INFO] 接口名称：创建映射表-查询
[2023-12-12 11:01:48,648] logger_util.py->write_log line:61 [INFO] 接口方式：post
[2023-12-12 11:01:48,648] logger_util.py->write_log line:61 [INFO] 接口路径：http://127.0.0.1:18000/api/v1/connection/6/table
[2023-12-12 11:01:48,648] logger_util.py->write_log line:61 [INFO] 请求头：{'X-Project': 'fb63700a195245b9bb42ef9e036ce674'}
[2023-12-12 11:01:48,648] logger_util.py->write_log line:61 [INFO] 请求参数：{'isBasic': True, 'databaseTableName': 'student', 'querySql': '', 'name': 'student_2629'}
[2023-12-12 11:01:48,648] logger_util.py->write_log line:61 [INFO] 文件上传：None
[2023-12-12 11:01:48,685] logger_util.py->write_log line:61 [INFO] 预期结果：[{'equals': {'status_code': 200}}]
[2023-12-12 11:01:48,685] logger_util.py->write_log line:61 [INFO] 实际结果：{'id': 13, 'name': 'student_2629', 'connectionItemId': 6, 'fields': [{'tableName': 'student', 'tableAlias': '', 'columnName': 'id', 'displayName': 'id', 'dataTypeName': 'Int32', 'databaseTypeName': 'Int32', 'isValueType': True, 'isAsterisk': True}, {'tableName': 'student', 'tableAlias': '', 'columnName': 'time', 'displayName': 'time', 'dataTypeName': 'DateTime', 'databaseTypeName': 'DateTime', 'isValueType': False, 'isAsterisk': True}, {'tableName': 'student', 'tableAlias': '', 'columnName': 'name', 'displayName': 'name', 'dataTypeName': 'String', 'databaseTypeName': 'VarChar', 'isValueType': False, 'isAsterisk': True}, {'tableName': 'student', 'tableAlias': '', 'columnName': 'age', 'displayName': 'age', 'dataTypeName': 'Int32', 'databaseTypeName': 'Int32', 'isValueType': True, 'isAsterisk': True}, {'tableName': 'student', 'tableAlias': '', 'columnName': 'money', 'displayName': 'money', 'dataTypeName': 'Single', 'databaseTypeName': 'Float', 'isValueType': True, 'isAsterisk': True}], 'isBasic': True, 'basicDatabaseTableName': 'student', 'querySql': 'select * from `student`', 'detail': None, 'action': None, 'status': 1, 'prevStatus': 0, 'lastErrorMsg': None, 'lastErrorDateTime': None}
[2023-12-12 11:01:48,685] logger_util.py->write_log line:61 [INFO] 接口请求成功！
[2023-12-12 11:01:48,686] logger_util.py->write_log line:61 [INFO] 
-------------接口请求结束-----------

[2023-12-12 11:01:49,706] logger_util.py->write_log line:61 [INFO] 
-------------接口请求开始-----------
[2023-12-12 11:01:49,706] logger_util.py->write_log line:61 [INFO] 接口名称：保存配置-查询
[2023-12-12 11:01:49,706] logger_util.py->write_log line:61 [INFO] 接口方式：put
[2023-12-12 11:01:49,706] logger_util.py->write_log line:61 [INFO] 接口路径：http://127.0.0.1:18000/api/v1/connection/table/13/save
[2023-12-12 11:01:49,706] logger_util.py->write_log line:61 [INFO] 请求头：{'X-Project': 'fb63700a195245b9bb42ef9e036ce674'}
[2023-12-12 11:01:49,706] logger_util.py->write_log line:61 [INFO] 请求参数：{'actionType': 1, 'filters': [], 'sorts': [{'field': 'id', 'sortType': 2}], 'mappings': [{'field': 'time', 'relativeVariable': 'aa16', 'dataType': '日期时间', 'order': 1}, {'field': 'name', 'relativeVariable': 'A12', 'dataType': '字符串', 'order': 2}, {'field': 'age', 'relativeVariable': 'A2', 'dataType': '有符号8位整型', 'order': 3}, {'field': 'money', 'relativeVariable': 'A10', 'dataType': 'F32位浮点数IEEE754', 'order': 4}]}
[2023-12-12 11:01:49,706] logger_util.py->write_log line:61 [INFO] 文件上传：None
[2023-12-12 11:01:50,762] logger_util.py->write_log line:61 [INFO] 预期结果：[{'equals': {'status_code': 200}}]
[2023-12-12 11:01:50,763] logger_util.py->write_log line:61 [INFO] 实际结果：{'id': 13, 'name': 'student_2629', 'connectionItemId': 6, 'fields': [{'tableName': 'student', 'tableAlias': '', 'columnName': 'id', 'displayName': 'id', 'dataTypeName': 'Int32', 'databaseTypeName': 'Int32', 'isValueType': True, 'isAsterisk': True}, {'tableName': 'student', 'tableAlias': '', 'columnName': 'time', 'displayName': 'time', 'dataTypeName': 'DateTime', 'databaseTypeName': 'DateTime', 'isValueType': False, 'isAsterisk': True}, {'tableName': 'student', 'tableAlias': '', 'columnName': 'name', 'displayName': 'name', 'dataTypeName': 'String', 'databaseTypeName': 'VarChar', 'isValueType': False, 'isAsterisk': True}, {'tableName': 'student', 'tableAlias': '', 'columnName': 'age', 'displayName': 'age', 'dataTypeName': 'Int32', 'databaseTypeName': 'Int32', 'isValueType': True, 'isAsterisk': True}, {'tableName': 'student', 'tableAlias': '', 'columnName': 'money', 'displayName': 'money', 'dataTypeName': 'Single', 'databaseTypeName': 'Float', 'isValueType': True, 'isAsterisk': True}], 'isBasic': True, 'basicDatabaseTableName': 'student', 'querySql': 'select * from `student`', 'detail': {'actionType': 1, 'filters': [], 'sorts': [{'displayName': 'id', 'sortType': 2}], 'mapping': {'pendingDisplayNameRelativeVariable': None, 'ioMappings': [{'displayName': 'name', 'relativeVariable': 'A12', 'dataType': 16384, 'order': 2}, {'displayName': 'age', 'relativeVariable': 'A2', 'dataType': 2, 'order': 3}, {'displayName': 'money', 'relativeVariable': 'A10', 'dataType': 512, 'order': 4}], 'innerMappings': [{'displayName': 'time', 'relativeVariable': 'aa16', 'dataType': 8192, 'order': 1}], 'systemMappings': []}}, 'action': {'actionType': 1, 'mainSql': 'select * from `student`', 'sortSql': '`id` desc', 'filterSql': '', 'mainSqlParams': None, 'filterSqlParams': [], 'assignment': {'ioAssignments': [{'displayName': 'name', 'relativeVariable': 'A12', 'dataType': 16384}, {'displayName': 'age', 'relativeVariable': 'A2', 'dataType': 2}, {'displayName': 'money', 'relativeVariable': 'A10', 'dataType': 512}], 'innerAssignments': [{'displayName': 'time', 'relativeVariable': 'aa16', 'dataType': 8192}], 'systemAssignments': None}}, 'status': 1, 'prevStatus': 0, 'lastErrorMsg': None, 'lastErrorDateTime': None}
[2023-12-12 11:01:50,763] logger_util.py->write_log line:61 [INFO] 接口请求成功！
[2023-12-12 11:01:50,763] logger_util.py->write_log line:61 [INFO] 
-------------接口请求结束-----------

[2023-12-12 11:01:51,773] logger_util.py->write_log line:61 [INFO] 
-------------接口请求开始-----------
[2023-12-12 11:01:51,773] logger_util.py->write_log line:61 [INFO] 接口名称：执行查询语句
[2023-12-12 11:01:51,773] logger_util.py->write_log line:61 [INFO] 接口方式：get
[2023-12-12 11:01:51,773] logger_util.py->write_log line:61 [INFO] 接口路径：http://127.0.0.1:18000/api/v1/connection/table/13/executetest
[2023-12-12 11:01:51,773] logger_util.py->write_log line:61 [INFO] 请求头：{'X-Project': 'fb63700a195245b9bb42ef9e036ce674'}
[2023-12-12 11:01:51,773] logger_util.py->write_log line:61 [INFO] 文件上传：None
[2023-12-12 11:01:52,310] logger_util.py->write_log line:61 [INFO] 预期结果：[{'equals': {'status_code': 200}}, {'equals': {'action': '查询'}}, {'equals': {'status': '成功'}}, {'equals': {'A12': '中文1'}}, {'equals': {'A2': '10'}}, {'equals': {'A10': '10.456'}}, {'equals': {'aa16': '2023/10/20 18:40:55'}}]
[2023-12-12 11:01:52,310] logger_util.py->write_log line:61 [INFO] 实际结果：{'record': {'dateTime': '2023/12/12 11:01:52', 'action': '查询', 'status': '成功', 'data': {'A12': '中文1', 'A2': '10', 'A10': '10.456', 'aa16': '2023/10/20 18:40:55'}}, 'info': '测试时间: 2023/12/12 11:01:51\r\n动作: 查询\r\n\r\n数据库:\r\n执行结果: OK\r\n查询时间: 0.00s\r\n\r\n变量:\r\n下发结果: OK\r\n', 'status': 1, 'lastErrorMsg': None}
[2023-12-12 11:01:52,310] logger_util.py->write_log line:61 [INFO] 接口请求成功！
[2023-12-12 11:01:52,311] logger_util.py->write_log line:61 [INFO] 
-------------接口请求结束-----------

[2023-12-12 11:01:53,329] logger_util.py->write_log line:61 [INFO] 
-------------接口请求开始-----------
[2023-12-12 11:01:53,329] logger_util.py->write_log line:61 [INFO] 接口名称：刷新-查询
[2023-12-12 11:01:53,329] logger_util.py->write_log line:61 [INFO] 接口方式：get
[2023-12-12 11:01:53,329] logger_util.py->write_log line:61 [INFO] 接口路径：http://127.0.0.1:18000/api/v1/connection/table/13/preview
[2023-12-12 11:01:53,329] logger_util.py->write_log line:61 [INFO] 请求头：{'X-Project': 'fb63700a195245b9bb42ef9e036ce674'}
[2023-12-12 11:01:53,329] logger_util.py->write_log line:61 [INFO] 文件上传：None
[2023-12-12 11:01:53,339] logger_util.py->write_log line:61 [INFO] 预期结果：[{'equals': {'status_code': 200}}, {'equals': {'age': 10}}, {'equals': {'money': 10.456}}, {'equals': {'name': '中文1'}}, {'equals': {'time': '2023-10-20 18:40:55'}}]
[2023-12-12 11:01:53,339] logger_util.py->write_log line:61 [INFO] 实际结果：{'status': 1, 'lastErrorMsg': None, 'total': 1, 'headers': ['id', 'time', 'name', 'age', 'money'], 'data': [{'id': 1, 'time': '2023-10-20 18:40:55', 'name': '中文1', 'age': 10, 'money': 10.456}]}
[2023-12-12 11:01:53,339] logger_util.py->write_log line:61 [INFO] 接口请求成功！
[2023-12-12 11:01:53,339] logger_util.py->write_log line:61 [INFO] 
-------------接口请求结束-----------

[2023-12-12 11:01:54,356] logger_util.py->write_log line:61 [INFO] 
-------------接口请求开始-----------
[2023-12-12 11:01:54,356] logger_util.py->write_log line:61 [INFO] 接口名称：下发A2=70
[2023-12-12 11:01:54,356] logger_util.py->write_log line:61 [INFO] 接口方式：post
[2023-12-12 11:01:54,356] logger_util.py->write_log line:61 [INFO] 接口路径：http://127.0.0.1:18000/api/v1/variable/setvalues
[2023-12-12 11:01:54,356] logger_util.py->write_log line:61 [INFO] 请求头：{'X-Project': 'fb63700a195245b9bb42ef9e036ce674', 'Authorization': 'Bearer eyJhbGciOiJIUzI1NiIsInR5cCI6IkpXVCJ9.eyJodHRwOi8vc2NoZW1hcy54bWxzb2FwLm9yZy93cy8yMDA1LzA1L2lkZW50aXR5L2NsYWltcy9uYW1lIjoiU3VwZXJBZG1pbiIsImh0dHA6Ly9zY2hlbWFzLnhtbHNvYXAub3JnL3dzLzIwMDUvMDUvaWRlbnRpdHkvY2xhaW1zL25hbWVpZGVudGlmaWVyIjoiU3VwZXJBZG1pbiIsImV4cCI6MTcwMjk0OTM5MiwiaXNzIjoiQ01TdjIiLCJhdWQiOiJBcGkifQ.DTE3ExRd5e35qx7qyEGhaNLjjzP8QxhHUoLCzYg7Hcc'}
[2023-12-12 11:01:54,357] logger_util.py->write_log line:61 [INFO] 请求参数：{'A2': '70'}
[2023-12-12 11:01:54,357] logger_util.py->write_log line:61 [INFO] 文件上传：None
[2023-12-12 11:01:54,369] logger_util.py->write_log line:61 [INFO] 预期结果：[{'equals': {'status_code': 200}}, {'equals': {'allSuccess': True}}]
[2023-12-12 11:01:54,369] logger_util.py->write_log line:61 [INFO] 实际结果：{'allSuccess': True, 'items': {'A2': {'value': 70, 'quality': 0, 'errorMsg': None}}}
[2023-12-12 11:01:54,369] logger_util.py->write_log line:61 [INFO] 接口请求成功！
[2023-12-12 11:01:54,369] logger_util.py->write_log line:61 [INFO] 
-------------接口请求结束-----------

[2023-12-12 11:01:56,384] logger_util.py->write_log line:61 [INFO] 
-------------接口请求开始-----------
[2023-12-12 11:01:56,384] logger_util.py->write_log line:61 [INFO] 接口名称：下发A10=70.456
[2023-12-12 11:01:56,384] logger_util.py->write_log line:61 [INFO] 接口方式：post
[2023-12-12 11:01:56,384] logger_util.py->write_log line:61 [INFO] 接口路径：http://127.0.0.1:18000/api/v1/variable/setvalues
[2023-12-12 11:01:56,384] logger_util.py->write_log line:61 [INFO] 请求头：{'X-Project': 'fb63700a195245b9bb42ef9e036ce674', 'Authorization': 'Bearer eyJhbGciOiJIUzI1NiIsInR5cCI6IkpXVCJ9.eyJodHRwOi8vc2NoZW1hcy54bWxzb2FwLm9yZy93cy8yMDA1LzA1L2lkZW50aXR5L2NsYWltcy9uYW1lIjoiU3VwZXJBZG1pbiIsImh0dHA6Ly9zY2hlbWFzLnhtbHNvYXAub3JnL3dzLzIwMDUvMDUvaWRlbnRpdHkvY2xhaW1zL25hbWVpZGVudGlmaWVyIjoiU3VwZXJBZG1pbiIsImV4cCI6MTcwMjk0OTM5MiwiaXNzIjoiQ01TdjIiLCJhdWQiOiJBcGkifQ.DTE3ExRd5e35qx7qyEGhaNLjjzP8QxhHUoLCzYg7Hcc'}
[2023-12-12 11:01:56,384] logger_util.py->write_log line:61 [INFO] 请求参数：{'A10': '70.456'}
[2023-12-12 11:01:56,384] logger_util.py->write_log line:61 [INFO] 文件上传：None
[2023-12-12 11:01:56,393] logger_util.py->write_log line:61 [INFO] 预期结果：[{'equals': {'status_code': 200}}, {'equals': {'allSuccess': True}}]
[2023-12-12 11:01:56,393] logger_util.py->write_log line:61 [INFO] 实际结果：{'allSuccess': True, 'items': {'A10': {'value': 70.456, 'quality': 0, 'errorMsg': None}}}
[2023-12-12 11:01:56,393] logger_util.py->write_log line:61 [INFO] 接口请求成功！
[2023-12-12 11:01:56,393] logger_util.py->write_log line:61 [INFO] 
-------------接口请求结束-----------

[2023-12-12 11:01:58,409] logger_util.py->write_log line:61 [INFO] 
-------------接口请求开始-----------
[2023-12-12 11:01:58,409] logger_util.py->write_log line:61 [INFO] 接口名称：下发A12=中文1
[2023-12-12 11:01:58,409] logger_util.py->write_log line:61 [INFO] 接口方式：post
[2023-12-12 11:01:58,409] logger_util.py->write_log line:61 [INFO] 接口路径：http://127.0.0.1:18000/api/v1/variable/setvalues
[2023-12-12 11:01:58,410] logger_util.py->write_log line:61 [INFO] 请求头：{'X-Project': 'fb63700a195245b9bb42ef9e036ce674', 'Authorization': 'Bearer eyJhbGciOiJIUzI1NiIsInR5cCI6IkpXVCJ9.eyJodHRwOi8vc2NoZW1hcy54bWxzb2FwLm9yZy93cy8yMDA1LzA1L2lkZW50aXR5L2NsYWltcy9uYW1lIjoiU3VwZXJBZG1pbiIsImh0dHA6Ly9zY2hlbWFzLnhtbHNvYXAub3JnL3dzLzIwMDUvMDUvaWRlbnRpdHkvY2xhaW1zL25hbWVpZGVudGlmaWVyIjoiU3VwZXJBZG1pbiIsImV4cCI6MTcwMjk0OTM5MiwiaXNzIjoiQ01TdjIiLCJhdWQiOiJBcGkifQ.DTE3ExRd5e35qx7qyEGhaNLjjzP8QxhHUoLCzYg7Hcc'}
[2023-12-12 11:01:58,410] logger_util.py->write_log line:61 [INFO] 请求参数：{'A12': '中文1'}
[2023-12-12 11:01:58,410] logger_util.py->write_log line:61 [INFO] 文件上传：None
[2023-12-12 11:01:58,419] logger_util.py->write_log line:61 [INFO] 预期结果：[{'equals': {'status_code': 200}}, {'equals': {'allSuccess': True}}]
[2023-12-12 11:01:58,419] logger_util.py->write_log line:61 [INFO] 实际结果：{'allSuccess': True, 'items': {'A12': {'value': '中文1', 'quality': 0, 'errorMsg': None}}}
[2023-12-12 11:01:58,419] logger_util.py->write_log line:61 [INFO] 接口请求成功！
[2023-12-12 11:01:58,419] logger_util.py->write_log line:61 [INFO] 
-------------接口请求结束-----------

[2023-12-12 11:02:00,435] logger_util.py->write_log line:61 [INFO] 
-------------接口请求开始-----------
[2023-12-12 11:02:00,435] logger_util.py->write_log line:61 [INFO] 接口名称：下发aa16=2022-11-28 09:05:01
[2023-12-12 11:02:00,435] logger_util.py->write_log line:61 [INFO] 接口方式：post
[2023-12-12 11:02:00,435] logger_util.py->write_log line:61 [INFO] 接口路径：http://127.0.0.1:18000/api/v1/variable/setvalues
[2023-12-12 11:02:00,435] logger_util.py->write_log line:61 [INFO] 请求头：{'X-Project': 'fb63700a195245b9bb42ef9e036ce674', 'Authorization': 'Bearer eyJhbGciOiJIUzI1NiIsInR5cCI6IkpXVCJ9.eyJodHRwOi8vc2NoZW1hcy54bWxzb2FwLm9yZy93cy8yMDA1LzA1L2lkZW50aXR5L2NsYWltcy9uYW1lIjoiU3VwZXJBZG1pbiIsImh0dHA6Ly9zY2hlbWFzLnhtbHNvYXAub3JnL3dzLzIwMDUvMDUvaWRlbnRpdHkvY2xhaW1zL25hbWVpZGVudGlmaWVyIjoiU3VwZXJBZG1pbiIsImV4cCI6MTcwMjk0OTM5MiwiaXNzIjoiQ01TdjIiLCJhdWQiOiJBcGkifQ.DTE3ExRd5e35qx7qyEGhaNLjjzP8QxhHUoLCzYg7Hcc'}
[2023-12-12 11:02:00,435] logger_util.py->write_log line:61 [INFO] 请求参数：{'aa16': '2022-11-28 09:05:01'}
[2023-12-12 11:02:00,435] logger_util.py->write_log line:61 [INFO] 文件上传：None
[2023-12-12 11:02:00,438] logger_util.py->write_log line:61 [INFO] 预期结果：[{'equals': {'status_code': 200}}, {'equals': {'allSuccess': True}}]
[2023-12-12 11:02:00,438] logger_util.py->write_log line:61 [INFO] 实际结果：{'allSuccess': True, 'items': {'aa16': {'value': '2022/11/28 09:05:01', 'quality': 0, 'errorMsg': None}}}
[2023-12-12 11:02:00,438] logger_util.py->write_log line:61 [INFO] 接口请求成功！
[2023-12-12 11:02:00,438] logger_util.py->write_log line:61 [INFO] 
-------------接口请求结束-----------

[2023-12-12 11:02:02,460] logger_util.py->write_log line:61 [INFO] 
-------------接口请求开始-----------
[2023-12-12 11:02:02,460] logger_util.py->write_log line:61 [INFO] 接口名称：创建映射表-修改
[2023-12-12 11:02:02,461] logger_util.py->write_log line:61 [INFO] 接口方式：post
[2023-12-12 11:02:02,461] logger_util.py->write_log line:61 [INFO] 接口路径：http://127.0.0.1:18000/api/v1/connection/6/table
[2023-12-12 11:02:02,461] logger_util.py->write_log line:61 [INFO] 请求头：{'X-Project': 'fb63700a195245b9bb42ef9e036ce674'}
[2023-12-12 11:02:02,461] logger_util.py->write_log line:61 [INFO] 请求参数：{'isBasic': True, 'databaseTableName': 'student', 'querySql': '', 'name': 'student_修改6972'}
[2023-12-12 11:02:02,461] logger_util.py->write_log line:61 [INFO] 文件上传：None
[2023-12-12 11:02:02,488] logger_util.py->write_log line:61 [INFO] 预期结果：[{'equals': {'status_code': 200}}]
[2023-12-12 11:02:02,488] logger_util.py->write_log line:61 [INFO] 实际结果：{'id': 14, 'name': 'student_修改6972', 'connectionItemId': 6, 'fields': [{'tableName': 'student', 'tableAlias': '', 'columnName': 'id', 'displayName': 'id', 'dataTypeName': 'Int32', 'databaseTypeName': 'Int32', 'isValueType': True, 'isAsterisk': True}, {'tableName': 'student', 'tableAlias': '', 'columnName': 'time', 'displayName': 'time', 'dataTypeName': 'DateTime', 'databaseTypeName': 'DateTime', 'isValueType': False, 'isAsterisk': True}, {'tableName': 'student', 'tableAlias': '', 'columnName': 'name', 'displayName': 'name', 'dataTypeName': 'String', 'databaseTypeName': 'VarChar', 'isValueType': False, 'isAsterisk': True}, {'tableName': 'student', 'tableAlias': '', 'columnName': 'age', 'displayName': 'age', 'dataTypeName': 'Int32', 'databaseTypeName': 'Int32', 'isValueType': True, 'isAsterisk': True}, {'tableName': 'student', 'tableAlias': '', 'columnName': 'money', 'displayName': 'money', 'dataTypeName': 'Single', 'databaseTypeName': 'Float', 'isValueType': True, 'isAsterisk': True}], 'isBasic': True, 'basicDatabaseTableName': 'student', 'querySql': 'select * from `student`', 'detail': None, 'action': None, 'status': 1, 'prevStatus': 0, 'lastErrorMsg': None, 'lastErrorDateTime': None}
[2023-12-12 11:02:02,488] logger_util.py->write_log line:61 [INFO] 接口请求成功！
[2023-12-12 11:02:02,488] logger_util.py->write_log line:61 [INFO] 
-------------接口请求结束-----------

[2023-12-12 11:02:03,514] logger_util.py->write_log line:61 [INFO] 
-------------接口请求开始-----------
[2023-12-12 11:02:03,514] logger_util.py->write_log line:61 [INFO] 接口名称：保存配置-查询
[2023-12-12 11:02:03,514] logger_util.py->write_log line:61 [INFO] 接口方式：put
[2023-12-12 11:02:03,514] logger_util.py->write_log line:61 [INFO] 接口路径：http://127.0.0.1:18000/api/v1/connection/table/14/save
[2023-12-12 11:02:03,514] logger_util.py->write_log line:61 [INFO] 请求头：{'X-Project': 'fb63700a195245b9bb42ef9e036ce674'}
[2023-12-12 11:02:03,514] logger_util.py->write_log line:61 [INFO] 请求参数：{'actionType': 3, 'filters': [[{'field': 'name', 'operatorType': 1, 'operand': 'A12', 'isVariable': True, 'isValueType': False}]], 'sorts': [{'field': 'id', 'sortType': 2}], 'mappings': [{'field': 'time', 'relativeVariable': 'aa16', 'dataType': '日期时间', 'order': 1}, {'field': 'name', 'relativeVariable': 'A12', 'dataType': '字符串', 'order': 2}, {'field': 'age', 'relativeVariable': 'A2', 'dataType': '有符号8位整型', 'order': 3}, {'field': 'money', 'relativeVariable': 'A10', 'dataType': 'F32位浮点数IEEE754', 'order': 4}]}
[2023-12-12 11:02:03,514] logger_util.py->write_log line:61 [INFO] 文件上传：None
[2023-12-12 11:02:03,545] logger_util.py->write_log line:61 [INFO] 预期结果：[{'equals': {'status_code': 200}}]
[2023-12-12 11:02:03,545] logger_util.py->write_log line:61 [INFO] 实际结果：{'id': 14, 'name': 'student_修改6972', 'connectionItemId': 6, 'fields': [{'tableName': 'student', 'tableAlias': '', 'columnName': 'id', 'displayName': 'id', 'dataTypeName': 'Int32', 'databaseTypeName': 'Int32', 'isValueType': True, 'isAsterisk': True}, {'tableName': 'student', 'tableAlias': '', 'columnName': 'time', 'displayName': 'time', 'dataTypeName': 'DateTime', 'databaseTypeName': 'DateTime', 'isValueType': False, 'isAsterisk': True}, {'tableName': 'student', 'tableAlias': '', 'columnName': 'name', 'displayName': 'name', 'dataTypeName': 'String', 'databaseTypeName': 'VarChar', 'isValueType': False, 'isAsterisk': True}, {'tableName': 'student', 'tableAlias': '', 'columnName': 'age', 'displayName': 'age', 'dataTypeName': 'Int32', 'databaseTypeName': 'Int32', 'isValueType': True, 'isAsterisk': True}, {'tableName': 'student', 'tableAlias': '', 'columnName': 'money', 'displayName': 'money', 'dataTypeName': 'Single', 'databaseTypeName': 'Float', 'isValueType': True, 'isAsterisk': True}], 'isBasic': True, 'basicDatabaseTableName': 'student', 'querySql': 'select * from `student`', 'detail': {'actionType': 3, 'filters': [[{'displayName': 'name', 'logicalOperatorType': 1, 'operand': 'A12', 'isVariable': True}]], 'sorts': [{'displayName': 'id', 'sortType': 2}], 'mapping': {'pendingDisplayNameRelativeVariable': None, 'ioMappings': [{'displayName': 'name', 'relativeVariable': 'A12', 'dataType': 16384, 'order': 2}, {'displayName': 'age', 'relativeVariable': 'A2', 'dataType': 2, 'order': 3}, {'displayName': 'money', 'relativeVariable': 'A10', 'dataType': 512, 'order': 4}], 'innerMappings': [{'displayName': 'time', 'relativeVariable': 'aa16', 'dataType': 8192, 'order': 1}], 'systemMappings': []}}, 'action': {'actionType': 3, 'mainSql': 'update `student` set `name`={0},`age`={1},`money`={2},`time`={3}', 'sortSql': '`id` desc', 'filterSql': '(`name` = {0})', 'mainSqlParams': [{'key': 'A12', 'value': False}, {'key': 'A2', 'value': True}, {'key': 'A10', 'value': True}, {'key': 'aa16', 'value': False}], 'filterSqlParams': [{'key': 'A12', 'value': False}], 'assignment': None}, 'status': 1, 'prevStatus': 0, 'lastErrorMsg': None, 'lastErrorDateTime': None}
[2023-12-12 11:02:03,545] logger_util.py->write_log line:61 [INFO] 接口请求成功！
[2023-12-12 11:02:03,545] logger_util.py->write_log line:61 [INFO] 
-------------接口请求结束-----------

[2023-12-12 11:02:04,566] logger_util.py->write_log line:61 [INFO] 
-------------接口请求开始-----------
[2023-12-12 11:02:04,566] logger_util.py->write_log line:61 [INFO] 接口名称：执行修改语句
[2023-12-12 11:02:04,566] logger_util.py->write_log line:61 [INFO] 接口方式：get
[2023-12-12 11:02:04,566] logger_util.py->write_log line:61 [INFO] 接口路径：http://127.0.0.1:18000/api/v1/connection/table/14/executetest
[2023-12-12 11:02:04,566] logger_util.py->write_log line:61 [INFO] 请求头：{'X-Project': 'fb63700a195245b9bb42ef9e036ce674'}
[2023-12-12 11:02:04,566] logger_util.py->write_log line:61 [INFO] 文件上传：None
[2023-12-12 11:02:05,090] logger_util.py->error_log line:65 [INFO] 断言失败:aa16不等于2022/11/28 9:05:01
[2023-12-12 11:02:05,090] logger_util.py->write_log line:61 [INFO] 实际结果：{'record': {'dateTime': '2023/12/12 11:02:05', 'action': '修改', 'status': '成功', 'data': {'A12': '中文1', 'A2': '70', 'A10': '70.456', 'aa16': '2022/11/28 09:05:01'}}, 'info': '测试时间: 2023/12/12 11:02:04\r\n动作: 修改\r\n\r\n数据库:\r\n执行结果: OK\r\n写入时间: 0.01s\r\n', 'status': 1, 'lastErrorMsg': None}
[2023-12-12 11:02:05,091] logger_util.py->write_log line:61 [INFO] 接口请求失败！
[2023-12-12 11:02:05,091] logger_util.py->write_log line:61 [INFO] -------------接口请求结束-----------

[2023-12-12 11:02:05,091] logger_util.py->error_log line:65 [INFO] 断言异常：异常信息: Traceback (most recent call last):
  File "E:\Project_python\api_cms\common\requests_util.py", line 381, in validate_result
    error_log("断言失败:" + assert_key + "不等于" + str(assert_value))
  File "E:\Project_python\api_cms\common\logger_util.py", line 66, in error_log
    raise Exception(log_message)
Exception: 断言失败:aa16不等于2022/11/28 9:05:01

[2023-12-12 11:02:05,092] logger_util.py->error_log line:65 [INFO] 分析YAML文件异常：异常信息: Traceback (most recent call last):
  File "E:\Project_python\api_cms\common\requests_util.py", line 381, in validate_result
    error_log("断言失败:" + assert_key + "不等于" + str(assert_value))
  File "E:\Project_python\api_cms\common\logger_util.py", line 66, in error_log
    raise Exception(log_message)
Exception: 断言失败:aa16不等于2022/11/28 9:05:01

During handling of the above exception, another exception occurred:

Traceback (most recent call last):
  File "E:\Project_python\api_cms\common\requests_util.py", line 248, in analysis_yaml
    self.validate_result(yq_result, return_data, status_code)
  File "E:\Project_python\api_cms\common\requests_util.py", line 448, in validate_result
    error_log("断言异常：异常信息: %s" % str(traceback.format_exc()))
  File "E:\Project_python\api_cms\common\logger_util.py", line 66, in error_log
    raise Exception(log_message)
Exception: 断言异常：异常信息: Traceback (most recent call last):
  File "E:\Project_python\api_cms\common\requests_util.py", line 381, in validate_result
    error_log("断言失败:" + assert_key + "不等于" + str(assert_value))
  File "E:\Project_python\api_cms\common\logger_util.py", line 66, in error_log
    raise Exception(log_message)
Exception: 断言失败:aa16不等于2022/11/28 9:05:01


[2023-12-12 11:02:05,190] logger_util.py->write_log line:61 [INFO] 
-------------接口请求开始-----------
[2023-12-12 11:02:05,190] logger_util.py->write_log line:61 [INFO] 接口名称：刷新-修改
[2023-12-12 11:02:05,190] logger_util.py->write_log line:61 [INFO] 接口方式：get
[2023-12-12 11:02:05,190] logger_util.py->write_log line:61 [INFO] 接口路径：http://127.0.0.1:18000/api/v1/connection/table/14/preview
[2023-12-12 11:02:05,190] logger_util.py->write_log line:61 [INFO] 请求头：{'X-Project': 'fb63700a195245b9bb42ef9e036ce674'}
[2023-12-12 11:02:05,190] logger_util.py->write_log line:61 [INFO] 文件上传：None
[2023-12-12 11:02:05,199] logger_util.py->write_log line:61 [INFO] 预期结果：[{'equals': {'status_code': 200}}, {'equals': {'age': 70}}, {'equals': {'money': 70.456}}, {'equals': {'name': '中文1'}}, {'equals': {'time': '2022-11-28 09:05:01'}}]
[2023-12-12 11:02:05,199] logger_util.py->write_log line:61 [INFO] 实际结果：{'status': 1, 'lastErrorMsg': None, 'total': 1, 'headers': ['id', 'time', 'name', 'age', 'money'], 'data': [{'id': 1, 'time': '2022-11-28 09:05:01', 'name': '中文1', 'age': 70, 'money': 70.456}]}
[2023-12-12 11:02:05,199] logger_util.py->write_log line:61 [INFO] 接口请求成功！
[2023-12-12 11:02:05,200] logger_util.py->write_log line:61 [INFO] 
-------------接口请求结束-----------

[2023-12-12 11:02:06,307] logger_util.py->write_log line:61 [INFO] 
-------------接口请求开始-----------
[2023-12-12 11:02:06,307] logger_util.py->write_log line:61 [INFO] 接口名称：下发A2=77
[2023-12-12 11:02:06,308] logger_util.py->write_log line:61 [INFO] 接口方式：post
[2023-12-12 11:02:06,308] logger_util.py->write_log line:61 [INFO] 接口路径：http://127.0.0.1:18000/api/v1/variable/setvalues
[2023-12-12 11:02:06,308] logger_util.py->write_log line:61 [INFO] 请求头：{'X-Project': 'fb63700a195245b9bb42ef9e036ce674', 'Authorization': 'Bearer eyJhbGciOiJIUzI1NiIsInR5cCI6IkpXVCJ9.eyJodHRwOi8vc2NoZW1hcy54bWxzb2FwLm9yZy93cy8yMDA1LzA1L2lkZW50aXR5L2NsYWltcy9uYW1lIjoiU3VwZXJBZG1pbiIsImh0dHA6Ly9zY2hlbWFzLnhtbHNvYXAub3JnL3dzLzIwMDUvMDUvaWRlbnRpdHkvY2xhaW1zL25hbWVpZGVudGlmaWVyIjoiU3VwZXJBZG1pbiIsImV4cCI6MTcwMjk0OTM5MiwiaXNzIjoiQ01TdjIiLCJhdWQiOiJBcGkifQ.DTE3ExRd5e35qx7qyEGhaNLjjzP8QxhHUoLCzYg7Hcc'}
[2023-12-12 11:02:06,308] logger_util.py->write_log line:61 [INFO] 请求参数：{'A2': '77'}
[2023-12-12 11:02:06,308] logger_util.py->write_log line:61 [INFO] 文件上传：None
[2023-12-12 11:02:06,319] logger_util.py->write_log line:61 [INFO] 预期结果：[{'equals': {'status_code': 200}}, {'equals': {'allSuccess': True}}]
[2023-12-12 11:02:06,319] logger_util.py->write_log line:61 [INFO] 实际结果：{'allSuccess': True, 'items': {'A2': {'value': 77, 'quality': 0, 'errorMsg': None}}}
[2023-12-12 11:02:06,319] logger_util.py->write_log line:61 [INFO] 接口请求成功！
[2023-12-12 11:02:06,319] logger_util.py->write_log line:61 [INFO] 
-------------接口请求结束-----------

[2023-12-12 11:02:07,424] logger_util.py->write_log line:61 [INFO] 
-------------接口请求开始-----------
[2023-12-12 11:02:07,424] logger_util.py->write_log line:61 [INFO] 接口名称：下发A10=77.456
[2023-12-12 11:02:07,424] logger_util.py->write_log line:61 [INFO] 接口方式：post
[2023-12-12 11:02:07,424] logger_util.py->write_log line:61 [INFO] 接口路径：http://127.0.0.1:18000/api/v1/variable/setvalues
[2023-12-12 11:02:07,424] logger_util.py->write_log line:61 [INFO] 请求头：{'X-Project': 'fb63700a195245b9bb42ef9e036ce674', 'Authorization': 'Bearer eyJhbGciOiJIUzI1NiIsInR5cCI6IkpXVCJ9.eyJodHRwOi8vc2NoZW1hcy54bWxzb2FwLm9yZy93cy8yMDA1LzA1L2lkZW50aXR5L2NsYWltcy9uYW1lIjoiU3VwZXJBZG1pbiIsImh0dHA6Ly9zY2hlbWFzLnhtbHNvYXAub3JnL3dzLzIwMDUvMDUvaWRlbnRpdHkvY2xhaW1zL25hbWVpZGVudGlmaWVyIjoiU3VwZXJBZG1pbiIsImV4cCI6MTcwMjk0OTM5MiwiaXNzIjoiQ01TdjIiLCJhdWQiOiJBcGkifQ.DTE3ExRd5e35qx7qyEGhaNLjjzP8QxhHUoLCzYg7Hcc'}
[2023-12-12 11:02:07,424] logger_util.py->write_log line:61 [INFO] 请求参数：{'A10': '77.456'}
[2023-12-12 11:02:07,424] logger_util.py->write_log line:61 [INFO] 文件上传：None
[2023-12-12 11:02:07,433] logger_util.py->write_log line:61 [INFO] 预期结果：[{'equals': {'status_code': 200}}, {'equals': {'allSuccess': True}}]
[2023-12-12 11:02:07,433] logger_util.py->write_log line:61 [INFO] 实际结果：{'allSuccess': True, 'items': {'A10': {'value': 77.456, 'quality': 0, 'errorMsg': None}}}
[2023-12-12 11:02:07,433] logger_util.py->write_log line:61 [INFO] 接口请求成功！
[2023-12-12 11:02:07,433] logger_util.py->write_log line:61 [INFO] 
-------------接口请求结束-----------

[2023-12-12 11:02:08,532] logger_util.py->write_log line:61 [INFO] 
-------------接口请求开始-----------
[2023-12-12 11:02:08,534] logger_util.py->write_log line:61 [INFO] 接口名称：下发A12=中文1
[2023-12-12 11:02:08,534] logger_util.py->write_log line:61 [INFO] 接口方式：post
[2023-12-12 11:02:08,534] logger_util.py->write_log line:61 [INFO] 接口路径：http://127.0.0.1:18000/api/v1/variable/setvalues
[2023-12-12 11:02:08,534] logger_util.py->write_log line:61 [INFO] 请求头：{'X-Project': 'fb63700a195245b9bb42ef9e036ce674', 'Authorization': 'Bearer eyJhbGciOiJIUzI1NiIsInR5cCI6IkpXVCJ9.eyJodHRwOi8vc2NoZW1hcy54bWxzb2FwLm9yZy93cy8yMDA1LzA1L2lkZW50aXR5L2NsYWltcy9uYW1lIjoiU3VwZXJBZG1pbiIsImh0dHA6Ly9zY2hlbWFzLnhtbHNvYXAub3JnL3dzLzIwMDUvMDUvaWRlbnRpdHkvY2xhaW1zL25hbWVpZGVudGlmaWVyIjoiU3VwZXJBZG1pbiIsImV4cCI6MTcwMjk0OTM5MiwiaXNzIjoiQ01TdjIiLCJhdWQiOiJBcGkifQ.DTE3ExRd5e35qx7qyEGhaNLjjzP8QxhHUoLCzYg7Hcc'}
[2023-12-12 11:02:08,534] logger_util.py->write_log line:61 [INFO] 请求参数：{'A12': '中文1'}
[2023-12-12 11:02:08,534] logger_util.py->write_log line:61 [INFO] 文件上传：None
[2023-12-12 11:02:08,542] logger_util.py->write_log line:61 [INFO] 预期结果：[{'equals': {'status_code': 200}}, {'equals': {'allSuccess': True}}]
[2023-12-12 11:02:08,542] logger_util.py->write_log line:61 [INFO] 实际结果：{'allSuccess': True, 'items': {'A12': {'value': '中文1', 'quality': 0, 'errorMsg': None}}}
[2023-12-12 11:02:08,542] logger_util.py->write_log line:61 [INFO] 接口请求成功！
[2023-12-12 11:02:08,542] logger_util.py->write_log line:61 [INFO] 
-------------接口请求结束-----------

[2023-12-12 11:02:09,635] logger_util.py->write_log line:61 [INFO] 
-------------接口请求开始-----------
[2023-12-12 11:02:09,635] logger_util.py->write_log line:61 [INFO] 接口名称：下发aa16=2022-11-28 09:05:01
[2023-12-12 11:02:09,635] logger_util.py->write_log line:61 [INFO] 接口方式：post
[2023-12-12 11:02:09,635] logger_util.py->write_log line:61 [INFO] 接口路径：http://127.0.0.1:18000/api/v1/variable/setvalues
[2023-12-12 11:02:09,635] logger_util.py->write_log line:61 [INFO] 请求头：{'X-Project': 'fb63700a195245b9bb42ef9e036ce674', 'Authorization': 'Bearer eyJhbGciOiJIUzI1NiIsInR5cCI6IkpXVCJ9.eyJodHRwOi8vc2NoZW1hcy54bWxzb2FwLm9yZy93cy8yMDA1LzA1L2lkZW50aXR5L2NsYWltcy9uYW1lIjoiU3VwZXJBZG1pbiIsImh0dHA6Ly9zY2hlbWFzLnhtbHNvYXAub3JnL3dzLzIwMDUvMDUvaWRlbnRpdHkvY2xhaW1zL25hbWVpZGVudGlmaWVyIjoiU3VwZXJBZG1pbiIsImV4cCI6MTcwMjk0OTM5MiwiaXNzIjoiQ01TdjIiLCJhdWQiOiJBcGkifQ.DTE3ExRd5e35qx7qyEGhaNLjjzP8QxhHUoLCzYg7Hcc'}
[2023-12-12 11:02:09,636] logger_util.py->write_log line:61 [INFO] 请求参数：{'aa16': '2022-11-28 09:05:01'}
[2023-12-12 11:02:09,636] logger_util.py->write_log line:61 [INFO] 文件上传：None
[2023-12-12 11:02:09,638] logger_util.py->write_log line:61 [INFO] 预期结果：[{'equals': {'status_code': 200}}, {'equals': {'allSuccess': True}}]
[2023-12-12 11:02:09,638] logger_util.py->write_log line:61 [INFO] 实际结果：{'allSuccess': True, 'items': {'aa16': {'value': '2022/11/28 09:05:01', 'quality': 0, 'errorMsg': None}}}
[2023-12-12 11:02:09,638] logger_util.py->write_log line:61 [INFO] 接口请求成功！
[2023-12-12 11:02:09,638] logger_util.py->write_log line:61 [INFO] 
-------------接口请求结束-----------

[2023-12-12 11:02:10,655] logger_util.py->write_log line:61 [INFO] 
-------------接口请求开始-----------
[2023-12-12 11:02:10,655] logger_util.py->write_log line:61 [INFO] 接口名称：创建映射表-定时触发-插入
[2023-12-12 11:02:10,655] logger_util.py->write_log line:61 [INFO] 接口方式：post
[2023-12-12 11:02:10,655] logger_util.py->write_log line:61 [INFO] 接口路径：http://127.0.0.1:18000/api/v1/connection/6/table
[2023-12-12 11:02:10,655] logger_util.py->write_log line:61 [INFO] 请求头：{'X-Project': 'fb63700a195245b9bb42ef9e036ce674'}
[2023-12-12 11:02:10,655] logger_util.py->write_log line:61 [INFO] 请求参数：{'isBasic': True, 'databaseTableName': 'student', 'querySql': '', 'name': '定时_插入5212'}
[2023-12-12 11:02:10,655] logger_util.py->write_log line:61 [INFO] 文件上传：None
[2023-12-12 11:02:10,680] logger_util.py->write_log line:61 [INFO] 预期结果：[{'equals': {'status_code': 200}}]
[2023-12-12 11:02:10,680] logger_util.py->write_log line:61 [INFO] 实际结果：{'id': 15, 'name': '定时_插入5212', 'connectionItemId': 6, 'fields': [{'tableName': 'student', 'tableAlias': '', 'columnName': 'id', 'displayName': 'id', 'dataTypeName': 'Int32', 'databaseTypeName': 'Int32', 'isValueType': True, 'isAsterisk': True}, {'tableName': 'student', 'tableAlias': '', 'columnName': 'time', 'displayName': 'time', 'dataTypeName': 'DateTime', 'databaseTypeName': 'DateTime', 'isValueType': False, 'isAsterisk': True}, {'tableName': 'student', 'tableAlias': '', 'columnName': 'name', 'displayName': 'name', 'dataTypeName': 'String', 'databaseTypeName': 'VarChar', 'isValueType': False, 'isAsterisk': True}, {'tableName': 'student', 'tableAlias': '', 'columnName': 'age', 'displayName': 'age', 'dataTypeName': 'Int32', 'databaseTypeName': 'Int32', 'isValueType': True, 'isAsterisk': True}, {'tableName': 'student', 'tableAlias': '', 'columnName': 'money', 'displayName': 'money', 'dataTypeName': 'Single', 'databaseTypeName': 'Float', 'isValueType': True, 'isAsterisk': True}], 'isBasic': True, 'basicDatabaseTableName': 'student', 'querySql': 'select * from `student`', 'detail': None, 'action': None, 'status': 1, 'prevStatus': 0, 'lastErrorMsg': None, 'lastErrorDateTime': None}
[2023-12-12 11:02:10,680] logger_util.py->write_log line:61 [INFO] 接口请求成功！
[2023-12-12 11:02:10,680] logger_util.py->write_log line:61 [INFO] 
-------------接口请求结束-----------

[2023-12-12 11:02:11,699] logger_util.py->write_log line:61 [INFO] 
-------------接口请求开始-----------
[2023-12-12 11:02:11,699] logger_util.py->write_log line:61 [INFO] 接口名称：保存配置-插入
[2023-12-12 11:02:11,699] logger_util.py->write_log line:61 [INFO] 接口方式：put
[2023-12-12 11:02:11,699] logger_util.py->write_log line:61 [INFO] 接口路径：http://127.0.0.1:18000/api/v1/connection/table/15/save
[2023-12-12 11:02:11,699] logger_util.py->write_log line:61 [INFO] 请求头：{'X-Project': 'fb63700a195245b9bb42ef9e036ce674'}
[2023-12-12 11:02:11,699] logger_util.py->write_log line:61 [INFO] 请求参数：{'actionType': 2, 'filters': [], 'sorts': [{'field': 'id', 'sortType': 2}], 'mappings': [{'field': 'time', 'relativeVariable': 'aa16', 'dataType': '日期时间', 'order': 1}, {'field': 'name', 'relativeVariable': 'A12', 'dataType': '字符串', 'order': 2}, {'field': 'age', 'relativeVariable': 'A2', 'dataType': '有符号8位整型', 'order': 3}, {'field': 'money', 'relativeVariable': 'A10', 'dataType': 'F32位浮点数IEEE754', 'order': 4}]}
[2023-12-12 11:02:11,700] logger_util.py->write_log line:61 [INFO] 文件上传：None
[2023-12-12 11:02:11,731] logger_util.py->write_log line:61 [INFO] 预期结果：[{'equals': {'status_code': 200}}]
[2023-12-12 11:02:11,732] logger_util.py->write_log line:61 [INFO] 实际结果：{'id': 15, 'name': '定时_插入5212', 'connectionItemId': 6, 'fields': [{'tableName': 'student', 'tableAlias': '', 'columnName': 'id', 'displayName': 'id', 'dataTypeName': 'Int32', 'databaseTypeName': 'Int32', 'isValueType': True, 'isAsterisk': True}, {'tableName': 'student', 'tableAlias': '', 'columnName': 'time', 'displayName': 'time', 'dataTypeName': 'DateTime', 'databaseTypeName': 'DateTime', 'isValueType': False, 'isAsterisk': True}, {'tableName': 'student', 'tableAlias': '', 'columnName': 'name', 'displayName': 'name', 'dataTypeName': 'String', 'databaseTypeName': 'VarChar', 'isValueType': False, 'isAsterisk': True}, {'tableName': 'student', 'tableAlias': '', 'columnName': 'age', 'displayName': 'age', 'dataTypeName': 'Int32', 'databaseTypeName': 'Int32', 'isValueType': True, 'isAsterisk': True}, {'tableName': 'student', 'tableAlias': '', 'columnName': 'money', 'displayName': 'money', 'dataTypeName': 'Single', 'databaseTypeName': 'Float', 'isValueType': True, 'isAsterisk': True}], 'isBasic': True, 'basicDatabaseTableName': 'student', 'querySql': 'select * from `student`', 'detail': {'actionType': 2, 'filters': [], 'sorts': [{'displayName': 'id', 'sortType': 2}], 'mapping': {'pendingDisplayNameRelativeVariable': None, 'ioMappings': [{'displayName': 'name', 'relativeVariable': 'A12', 'dataType': 16384, 'order': 2}, {'displayName': 'age', 'relativeVariable': 'A2', 'dataType': 2, 'order': 3}, {'displayName': 'money', 'relativeVariable': 'A10', 'dataType': 512, 'order': 4}], 'innerMappings': [{'displayName': 'time', 'relativeVariable': 'aa16', 'dataType': 8192, 'order': 1}], 'systemMappings': []}}, 'action': {'actionType': 2, 'mainSql': 'insert into `student` (`name`,`age`,`money`,`time`) values ({0},{1},{2},{3})', 'sortSql': '`id` desc', 'filterSql': '', 'mainSqlParams': [{'key': 'A12', 'value': False}, {'key': 'A2', 'value': True}, {'key': 'A10', 'value': True}, {'key': 'aa16', 'value': False}], 'filterSqlParams': [], 'assignment': None}, 'status': 1, 'prevStatus': 0, 'lastErrorMsg': None, 'lastErrorDateTime': None}
[2023-12-12 11:02:11,732] logger_util.py->write_log line:61 [INFO] 接口请求成功！
[2023-12-12 11:02:11,732] logger_util.py->write_log line:61 [INFO] 
-------------接口请求结束-----------

[2023-12-12 11:02:12,753] logger_util.py->write_log line:61 [INFO] 
-------------接口请求开始-----------
[2023-12-12 11:02:12,753] logger_util.py->write_log line:61 [INFO] 接口名称：触发配置-定时
[2023-12-12 11:02:12,753] logger_util.py->write_log line:61 [INFO] 接口方式：put
[2023-12-12 11:02:12,753] logger_util.py->write_log line:61 [INFO] 接口路径：http://127.0.0.1:18000/api/v1/connection/table/15/trigger/save
[2023-12-12 11:02:12,753] logger_util.py->write_log line:61 [INFO] 请求头：{'X-Project': 'fb63700a195245b9bb42ef9e036ce674'}
[2023-12-12 11:02:12,753] logger_util.py->write_log line:61 [INFO] 请求参数：[{'effectiveDateTime': '2023-11-28T06:55:22.000Z', 'frequencyValue': 1, 'frequencyUnit': 1, 'matchAll': True, 'condition': 'A2>10', 'conditionDetail': 1, 'frequencyCheck': False, 'alarmPointIds': [], 'triggerType': 1}]
[2023-12-12 11:02:12,753] logger_util.py->write_log line:61 [INFO] 文件上传：None
[2023-12-12 11:02:12,788] logger_util.py->write_log line:61 [INFO] 预期结果：[{'equals': {'status_code': 200}}]
[2023-12-12 11:02:12,788] logger_util.py->write_log line:61 [INFO] 实际结果：
[2023-12-12 11:02:12,788] logger_util.py->write_log line:61 [INFO] 接口请求成功！
[2023-12-12 11:02:12,788] logger_util.py->write_log line:61 [INFO] 
-------------接口请求结束-----------

[2023-12-12 11:02:13,809] logger_util.py->write_log line:61 [INFO] 
-------------接口请求开始-----------
[2023-12-12 11:02:13,809] logger_util.py->write_log line:61 [INFO] 接口名称：刷新-定时触发-插入
[2023-12-12 11:02:13,809] logger_util.py->write_log line:61 [INFO] 接口方式：get
[2023-12-12 11:02:13,809] logger_util.py->write_log line:61 [INFO] 接口路径：http://127.0.0.1:18000/api/v1/connection/table/15/preview
[2023-12-12 11:02:13,809] logger_util.py->write_log line:61 [INFO] 请求头：{'X-Project': 'fb63700a195245b9bb42ef9e036ce674'}
[2023-12-12 11:02:13,809] logger_util.py->write_log line:61 [INFO] 文件上传：None
[2023-12-12 11:02:13,819] logger_util.py->error_log line:65 [INFO] 断言失败:name不等于中文2
[2023-12-12 11:02:13,819] logger_util.py->write_log line:61 [INFO] 实际结果：{'status': 1, 'lastErrorMsg': None, 'total': 1, 'headers': ['id', 'time', 'name', 'age', 'money'], 'data': [{'id': 1, 'time': '2022-11-28 09:05:01', 'name': '中文1', 'age': 77, 'money': 77.456}]}
[2023-12-12 11:02:13,819] logger_util.py->write_log line:61 [INFO] 接口请求失败！
[2023-12-12 11:02:13,819] logger_util.py->write_log line:61 [INFO] -------------接口请求结束-----------

[2023-12-12 11:02:13,819] logger_util.py->error_log line:65 [INFO] 断言异常：异常信息: Traceback (most recent call last):
  File "E:\Project_python\api_cms\common\requests_util.py", line 381, in validate_result
    error_log("断言失败:" + assert_key + "不等于" + str(assert_value))
  File "E:\Project_python\api_cms\common\logger_util.py", line 66, in error_log
    raise Exception(log_message)
Exception: 断言失败:name不等于中文2

[2023-12-12 11:02:13,820] logger_util.py->error_log line:65 [INFO] 分析YAML文件异常：异常信息: Traceback (most recent call last):
  File "E:\Project_python\api_cms\common\requests_util.py", line 381, in validate_result
    error_log("断言失败:" + assert_key + "不等于" + str(assert_value))
  File "E:\Project_python\api_cms\common\logger_util.py", line 66, in error_log
    raise Exception(log_message)
Exception: 断言失败:name不等于中文2

During handling of the above exception, another exception occurred:

Traceback (most recent call last):
  File "E:\Project_python\api_cms\common\requests_util.py", line 248, in analysis_yaml
    self.validate_result(yq_result, return_data, status_code)
  File "E:\Project_python\api_cms\common\requests_util.py", line 448, in validate_result
    error_log("断言异常：异常信息: %s" % str(traceback.format_exc()))
  File "E:\Project_python\api_cms\common\logger_util.py", line 66, in error_log
    raise Exception(log_message)
Exception: 断言异常：异常信息: Traceback (most recent call last):
  File "E:\Project_python\api_cms\common\requests_util.py", line 381, in validate_result
    error_log("断言失败:" + assert_key + "不等于" + str(assert_value))
  File "E:\Project_python\api_cms\common\logger_util.py", line 66, in error_log
    raise Exception(log_message)
Exception: 断言失败:name不等于中文2


