[2023-08-17 10:07:47,439] logger_util.py->write_log line:61 [INFO] -------------接口请求开始-----------
[2023-08-17 10:07:47,439] logger_util.py->write_log line:61 [INFO] 接口名称：创建工程
[2023-08-17 10:07:47,439] logger_util.py->write_log line:61 [INFO] 接口方式：post
[2023-08-17 10:07:47,440] logger_util.py->write_log line:61 [INFO] 接口路径：http://127.0.0.1:18000/api/v1/project/node
[2023-08-17 10:07:47,440] logger_util.py->write_log line:61 [INFO] 请求头：{}
[2023-08-17 10:07:47,440] logger_util.py->write_log line:61 [INFO] 请求参数：{'name': '工程3625', 'path': 'C:\\自动化工程', 'type': 1}
[2023-08-17 10:07:47,440] logger_util.py->write_log line:61 [INFO] 文件上传：None
[2023-08-17 10:07:47,748] logger_util.py->write_log line:61 [INFO] 预期结果：[{'equals': {'status_code': 200}}]
[2023-08-17 10:07:47,748] logger_util.py->write_log line:61 [INFO] 实际结果：151
[2023-08-17 10:07:47,748] logger_util.py->write_log line:61 [INFO] 接口请求成功！
[2023-08-17 10:07:47,748] logger_util.py->write_log line:61 [INFO] -------------接口请求结束-----------

[2023-08-17 10:07:47,753] logger_util.py->write_log line:61 [INFO] -------------接口请求开始-----------
[2023-08-17 10:07:47,754] logger_util.py->write_log line:61 [INFO] 接口名称：创建文件夹
[2023-08-17 10:07:47,754] logger_util.py->write_log line:61 [INFO] 接口方式：post
[2023-08-17 10:07:47,754] logger_util.py->write_log line:61 [INFO] 接口路径：http://127.0.0.1:18000/api/v1/project/node
[2023-08-17 10:07:47,754] logger_util.py->write_log line:61 [INFO] 请求头：{}
[2023-08-17 10:07:47,754] logger_util.py->write_log line:61 [INFO] 请求参数：{'name': '文件夹6477', 'type': 0}
[2023-08-17 10:07:47,754] logger_util.py->write_log line:61 [INFO] 文件上传：None
[2023-08-17 10:07:47,785] logger_util.py->write_log line:61 [INFO] 预期结果：[{'equals': {'status_code': 200}}]
[2023-08-17 10:07:47,785] logger_util.py->write_log line:61 [INFO] 实际结果：152
[2023-08-17 10:07:47,785] logger_util.py->write_log line:61 [INFO] 接口请求成功！
[2023-08-17 10:07:47,785] logger_util.py->write_log line:61 [INFO] -------------接口请求结束-----------

[2023-08-17 10:07:47,793] logger_util.py->write_log line:61 [INFO] -------------接口请求开始-----------
[2023-08-17 10:07:47,793] logger_util.py->write_log line:61 [INFO] 接口名称：获取工程信息
[2023-08-17 10:07:47,793] logger_util.py->write_log line:61 [INFO] 接口方式：get
[2023-08-17 10:07:47,794] logger_util.py->write_log line:61 [INFO] 接口路径：http://127.0.0.1:18000/api/v1/project/151/info
[2023-08-17 10:07:47,794] logger_util.py->write_log line:61 [INFO] 请求头：{}
[2023-08-17 10:07:47,794] logger_util.py->write_log line:61 [INFO] 文件上传：None
[2023-08-17 10:07:49,201] logger_util.py->write_log line:61 [INFO] 预期结果：[{'equals': {'status_code': 200}}]
[2023-08-17 10:07:49,201] logger_util.py->write_log line:61 [INFO] 实际结果：{'id': 151, 'name': '工程3625', 'identifier': '916a0dfe124d48f184001456855aab40', 'path': 'C:\\自动化工程\\工程3625.cmsproj', 'createTime': '2023-08-17T10:07:47.7272909', 'updateTime': '2023-08-17T10:07:47.727291'}
[2023-08-17 10:07:49,201] logger_util.py->write_log line:61 [INFO] 接口请求成功！
[2023-08-17 10:07:49,201] logger_util.py->write_log line:61 [INFO] -------------接口请求结束-----------

[2023-08-17 10:07:49,205] logger_util.py->write_log line:61 [INFO] -------------接口请求开始-----------
[2023-08-17 10:07:49,205] logger_util.py->write_log line:61 [INFO] 接口名称：获取工程树节点
[2023-08-17 10:07:49,205] logger_util.py->write_log line:61 [INFO] 接口方式：get
[2023-08-17 10:07:49,205] logger_util.py->write_log line:61 [INFO] 接口路径：http://127.0.0.1:18000/api/v1/project/node/tree
[2023-08-17 10:07:49,205] logger_util.py->write_log line:61 [INFO] 请求头：{}
[2023-08-17 10:07:49,205] logger_util.py->write_log line:61 [INFO] 文件上传：None
[2023-08-17 10:07:49,211] logger_util.py->write_log line:61 [INFO] 预期结果：[{'equals': {'status_code': 200}}]
[2023-08-17 10:07:49,211] logger_util.py->write_log line:61 [INFO] 实际结果：[{'child': [], 'fileAvailableState': False, 'version': None, 'id': 152, 'parentId': None, 'name': '文件夹6477', 'path': None, 'type': 0, 'createTime': '0001-01-01T00:00:00', 'updateTime': '2023-08-17T10:07:47.7573155'}, {'child': [], 'fileAvailableState': True, 'version': '2.0.3', 'id': 151, 'parentId': None, 'name': '工程3625', 'path': 'C:\\自动化工程\\工程3625.cmsproj', 'type': 1, 'createTime': '0001-01-01T00:00:00', 'updateTime': '2023-08-17T10:07:47.7006244'}]
[2023-08-17 10:07:49,211] logger_util.py->write_log line:61 [INFO] 接口请求成功！
[2023-08-17 10:07:49,211] logger_util.py->write_log line:61 [INFO] -------------接口请求结束-----------

[2023-08-17 10:07:49,221] logger_util.py->write_log line:61 [INFO] -------------接口请求开始-----------
[2023-08-17 10:07:49,221] logger_util.py->write_log line:61 [INFO] 接口名称：移动工程节点
[2023-08-17 10:07:49,221] logger_util.py->write_log line:61 [INFO] 接口方式：put
[2023-08-17 10:07:49,221] logger_util.py->write_log line:61 [INFO] 接口路径：http://127.0.0.1:18000/api/v1/project/node/moveprojectnodes
[2023-08-17 10:07:49,221] logger_util.py->write_log line:61 [INFO] 请求头：{}
[2023-08-17 10:07:49,221] logger_util.py->write_log line:61 [INFO] 请求参数：{'destNodeID': '152', 'selectNodeIDs': '151'}
[2023-08-17 10:07:49,221] logger_util.py->write_log line:61 [INFO] 文件上传：None
[2023-08-17 10:07:49,256] logger_util.py->write_log line:61 [INFO] 预期结果：[{'equals': {'status_code': 200}}]
[2023-08-17 10:07:49,256] logger_util.py->write_log line:61 [INFO] 实际结果：[{'id': 151, 'parentId': 152, 'name': '工程3625', 'path': 'C:\\自动化工程\\工程3625.cmsproj', 'type': 1, 'createTime': '2023-08-17T10:07:47.7006239', 'updateTime': '2023-08-17T10:07:49.2253224+08:00'}]
[2023-08-17 10:07:49,256] logger_util.py->write_log line:61 [INFO] 接口请求成功！
[2023-08-17 10:07:49,256] logger_util.py->write_log line:61 [INFO] -------------接口请求结束-----------

[2023-08-17 10:07:49,260] logger_util.py->write_log line:61 [INFO] -------------接口请求开始-----------
[2023-08-17 10:07:49,260] logger_util.py->write_log line:61 [INFO] 接口名称：创建工程
[2023-08-17 10:07:49,261] logger_util.py->write_log line:61 [INFO] 接口方式：post
[2023-08-17 10:07:49,261] logger_util.py->write_log line:61 [INFO] 接口路径：http://127.0.0.1:18000/api/v1/project/node
[2023-08-17 10:07:49,261] logger_util.py->write_log line:61 [INFO] 请求头：{}
[2023-08-17 10:07:49,261] logger_util.py->write_log line:61 [INFO] 请求参数：{'name': '工程8369', 'path': 'C:\\自动化工程', 'type': 1}
[2023-08-17 10:07:49,261] logger_util.py->write_log line:61 [INFO] 文件上传：None
[2023-08-17 10:07:49,563] logger_util.py->write_log line:61 [INFO] 预期结果：[{'equals': {'status_code': 200}}]
[2023-08-17 10:07:49,564] logger_util.py->write_log line:61 [INFO] 实际结果：153
[2023-08-17 10:07:49,564] logger_util.py->write_log line:61 [INFO] 接口请求成功！
[2023-08-17 10:07:49,564] logger_util.py->write_log line:61 [INFO] -------------接口请求结束-----------

[2023-08-17 10:07:49,589] logger_util.py->write_log line:61 [INFO] -------------接口请求开始-----------
[2023-08-17 10:07:49,589] logger_util.py->write_log line:61 [INFO] 接口名称：删除工程
[2023-08-17 10:07:49,589] logger_util.py->write_log line:61 [INFO] 接口方式：put
[2023-08-17 10:07:49,589] logger_util.py->write_log line:61 [INFO] 接口路径：http://127.0.0.1:18000/api/v1/project/node/deletenodes
[2023-08-17 10:07:49,590] logger_util.py->write_log line:61 [INFO] 请求头：{}
[2023-08-17 10:07:49,590] logger_util.py->write_log line:61 [INFO] 请求参数：{'ids': '153', 'isDeleteFile': False}
[2023-08-17 10:07:49,590] logger_util.py->write_log line:61 [INFO] 文件上传：None
[2023-08-17 10:07:49,635] logger_util.py->write_log line:61 [INFO] 预期结果：[{'equals': {'status_code': 200}}]
[2023-08-17 10:07:49,635] logger_util.py->write_log line:61 [INFO] 实际结果：
[2023-08-17 10:07:49,635] logger_util.py->write_log line:61 [INFO] 接口请求成功！
[2023-08-17 10:07:49,635] logger_util.py->write_log line:61 [INFO] -------------接口请求结束-----------

[2023-08-17 10:07:49,640] logger_util.py->write_log line:61 [INFO] -------------接口请求开始-----------
[2023-08-17 10:07:49,640] logger_util.py->write_log line:61 [INFO] 接口名称：创建工程
[2023-08-17 10:07:49,640] logger_util.py->write_log line:61 [INFO] 接口方式：post
[2023-08-17 10:07:49,641] logger_util.py->write_log line:61 [INFO] 接口路径：http://127.0.0.1:18000/api/v1/project/node
[2023-08-17 10:07:49,641] logger_util.py->write_log line:61 [INFO] 请求头：{}
[2023-08-17 10:07:49,641] logger_util.py->write_log line:61 [INFO] 请求参数：{'name': '工程6087', 'path': 'C:\\自动化工程', 'type': 1}
[2023-08-17 10:07:49,641] logger_util.py->write_log line:61 [INFO] 文件上传：None
[2023-08-17 10:07:49,957] logger_util.py->write_log line:61 [INFO] 预期结果：[{'equals': {'status_code': 200}}]
[2023-08-17 10:07:49,957] logger_util.py->write_log line:61 [INFO] 实际结果：154
[2023-08-17 10:07:49,957] logger_util.py->write_log line:61 [INFO] 接口请求成功！
[2023-08-17 10:07:49,957] logger_util.py->write_log line:61 [INFO] -------------接口请求结束-----------

[2023-08-17 10:07:49,967] logger_util.py->write_log line:61 [INFO] -------------接口请求开始-----------
[2023-08-17 10:07:49,967] logger_util.py->write_log line:61 [INFO] 接口名称：删除工程
[2023-08-17 10:07:49,967] logger_util.py->write_log line:61 [INFO] 接口方式：put
[2023-08-17 10:07:49,967] logger_util.py->write_log line:61 [INFO] 接口路径：http://127.0.0.1:18000/api/v1/project/node/deletenodes
[2023-08-17 10:07:49,967] logger_util.py->write_log line:61 [INFO] 请求头：{}
[2023-08-17 10:07:49,967] logger_util.py->write_log line:61 [INFO] 请求参数：{'ids': '154', 'isDeleteFile': True}
[2023-08-17 10:07:49,967] logger_util.py->write_log line:61 [INFO] 文件上传：None
[2023-08-17 10:07:50,014] logger_util.py->write_log line:61 [INFO] 预期结果：[{'equals': {'status_code': 200}}]
[2023-08-17 10:07:50,014] logger_util.py->write_log line:61 [INFO] 实际结果：
[2023-08-17 10:07:50,014] logger_util.py->write_log line:61 [INFO] 接口请求成功！
[2023-08-17 10:07:50,014] logger_util.py->write_log line:61 [INFO] -------------接口请求结束-----------

[2023-08-17 10:07:50,019] logger_util.py->write_log line:61 [INFO] -------------接口请求开始-----------
[2023-08-17 10:07:50,020] logger_util.py->write_log line:61 [INFO] 接口名称：创建文件夹
[2023-08-17 10:07:50,020] logger_util.py->write_log line:61 [INFO] 接口方式：post
[2023-08-17 10:07:50,020] logger_util.py->write_log line:61 [INFO] 接口路径：http://127.0.0.1:18000/api/v1/project/node
[2023-08-17 10:07:50,020] logger_util.py->write_log line:61 [INFO] 请求头：{}
[2023-08-17 10:07:50,020] logger_util.py->write_log line:61 [INFO] 请求参数：{'name': '文件夹8104', 'type': 0}
[2023-08-17 10:07:50,020] logger_util.py->write_log line:61 [INFO] 文件上传：None
[2023-08-17 10:07:50,044] logger_util.py->write_log line:61 [INFO] 预期结果：[{'equals': {'status_code': 200}}]
[2023-08-17 10:07:50,044] logger_util.py->write_log line:61 [INFO] 实际结果：155
[2023-08-17 10:07:50,044] logger_util.py->write_log line:61 [INFO] 接口请求成功！
[2023-08-17 10:07:50,044] logger_util.py->write_log line:61 [INFO] -------------接口请求结束-----------

[2023-08-17 10:07:50,052] logger_util.py->write_log line:61 [INFO] -------------接口请求开始-----------
[2023-08-17 10:07:50,052] logger_util.py->write_log line:61 [INFO] 接口名称：删除文件夹
[2023-08-17 10:07:50,053] logger_util.py->write_log line:61 [INFO] 接口方式：put
[2023-08-17 10:07:50,053] logger_util.py->write_log line:61 [INFO] 接口路径：http://127.0.0.1:18000/api/v1/project/node/deletenodes
[2023-08-17 10:07:50,053] logger_util.py->write_log line:61 [INFO] 请求头：{}
[2023-08-17 10:07:50,053] logger_util.py->write_log line:61 [INFO] 请求参数：{'ids': '155', 'isDeleteFile': True}
[2023-08-17 10:07:50,053] logger_util.py->write_log line:61 [INFO] 文件上传：None
[2023-08-17 10:07:50,073] logger_util.py->write_log line:61 [INFO] 预期结果：[{'equals': {'status_code': 200}}]
[2023-08-17 10:07:50,074] logger_util.py->write_log line:61 [INFO] 实际结果：
[2023-08-17 10:07:50,074] logger_util.py->write_log line:61 [INFO] 接口请求成功！
[2023-08-17 10:07:50,074] logger_util.py->write_log line:61 [INFO] -------------接口请求结束-----------

