[2022-09-16 18:05:25,662] logger_util.py->write_log line:61 [INFO] -------------接口请求开始-----------
[2022-09-16 18:05:25,663] logger_util.py->write_log line:61 [INFO] 接口名称：新建工程
[2022-09-16 18:05:25,663] logger_util.py->write_log line:61 [INFO] 接口方式：post
[2022-09-16 18:05:25,663] logger_util.py->write_log line:61 [INFO] 接口路径：http://127.0.0.1:18000/api/v1/project/node
[2022-09-16 18:05:25,663] logger_util.py->write_log line:61 [INFO] 请求头：{'Content-Type': 'application/json;charset=UTF-8'}
[2022-09-16 18:05:25,663] logger_util.py->write_log line:61 [INFO] 请求参数：{'name': '工程9402', 'path': 'E:\\APP\\CMS201', 'type': 1, 'parentId': 0}
[2022-09-16 18:05:25,664] logger_util.py->write_log line:61 [INFO] 文件上传：None
[2022-09-16 18:05:28,391] logger_util.py->write_log line:61 [INFO] 预期结果：[{'equals': {'status_code': 200}}]
[2022-09-16 18:05:28,391] logger_util.py->write_log line:61 [INFO] 实际结果：520
[2022-09-16 18:05:28,391] logger_util.py->write_log line:61 [INFO] 接口请求成功！
[2022-09-16 18:05:28,391] logger_util.py->write_log line:61 [INFO] -------------接口请求结束-----------

[2022-09-16 18:05:28,399] logger_util.py->write_log line:61 [INFO] -------------接口请求开始-----------
[2022-09-16 18:05:28,400] logger_util.py->write_log line:61 [INFO] 接口名称：新建文件夹
[2022-09-16 18:05:28,400] logger_util.py->write_log line:61 [INFO] 接口方式：post
[2022-09-16 18:05:28,400] logger_util.py->write_log line:61 [INFO] 接口路径：http://127.0.0.1:18000/api/v1/project/node
[2022-09-16 18:05:28,400] logger_util.py->write_log line:61 [INFO] 请求头：{'Content-Type': 'application/json;charset=UTF-8'}
[2022-09-16 18:05:28,400] logger_util.py->write_log line:61 [INFO] 请求参数：{'name': '文件夹6474', 'path': None, 'type': 0, 'parentId': 0}
[2022-09-16 18:05:28,400] logger_util.py->write_log line:61 [INFO] 文件上传：None
[2022-09-16 18:05:28,440] logger_util.py->write_log line:61 [INFO] 预期结果：[{'equals': {'status_code': 200}}]
[2022-09-16 18:05:28,440] logger_util.py->write_log line:61 [INFO] 实际结果：521
[2022-09-16 18:05:28,440] logger_util.py->write_log line:61 [INFO] 接口请求成功！
[2022-09-16 18:05:28,440] logger_util.py->write_log line:61 [INFO] -------------接口请求结束-----------

