[2023-06-01 16:41:31,310] logger_util.py->write_log line:61 [INFO] -------------接口请求开始-----------
[2023-06-01 16:41:31,310] logger_util.py->write_log line:61 [INFO] 接口名称：设置归档表触发配置-变量触发
[2023-06-01 16:41:31,310] logger_util.py->write_log line:61 [INFO] 接口方式：put
[2023-06-01 16:41:31,311] logger_util.py->write_log line:61 [INFO] 接口路径：http://127.0.0.1:18000/api/v1/dataconfig/filingtable/366dcab2-52e0-4ce3-9989-c9853a150941/triggers
[2023-06-01 16:41:31,311] logger_util.py->write_log line:61 [INFO] 请求头：{'Content-Type': 'application/json; =UTF-8', 'X-Project': '83d42c5d5ad141bba528b7690b19996e'}
[2023-06-01 16:41:31,312] logger_util.py->write_log line:61 [INFO] 请求参数：[{'effectiveDateTime': '', 'frequencyValue': 1, 'frequencyUnit': 1, 'matchAll': False, 'condition': 'G1 ==  true', 'conditionDetail': 1, 'frequencyCheck': False, 'alarmPointIds': '', 'triggerType': 2}]
[2023-06-01 16:41:31,312] logger_util.py->write_log line:61 [INFO] 文件上传：None
[2023-06-01 16:41:31,316] logger_util.py->error_log line:65 [INFO] 断言失败:status_code不等于200
[2023-06-01 16:41:31,316] logger_util.py->write_log line:61 [INFO] 接口请求失败！
[2023-06-01 16:41:31,316] logger_util.py->write_log line:61 [INFO] -------------接口请求结束-----------

[2023-06-01 16:41:31,317] logger_util.py->error_log line:65 [INFO] 断言异常：异常信息: Traceback (most recent call last):
  File "E:\Project_python\2TestCMS2.0\common\requests_util.py", line 354, in validate_result
    error_log("断言失败:"+assert_key+"不等于"+str(assert_value))
  File "E:\Project_python\2TestCMS2.0\common\logger_util.py", line 66, in error_log
    raise Exception(log_message)
Exception: 断言失败:status_code不等于200

[2023-06-01 16:41:31,317] logger_util.py->error_log line:65 [INFO] 分析YAML文件异常：异常信息: Traceback (most recent call last):
  File "E:\Project_python\2TestCMS2.0\common\requests_util.py", line 354, in validate_result
    error_log("断言失败:"+assert_key+"不等于"+str(assert_value))
  File "E:\Project_python\2TestCMS2.0\common\logger_util.py", line 66, in error_log
    raise Exception(log_message)
Exception: 断言失败:status_code不等于200

During handling of the above exception, another exception occurred:

Traceback (most recent call last):
  File "E:\Project_python\2TestCMS2.0\common\requests_util.py", line 236, in analysis_yaml
    self.validate_result(yq_result, return_data, status_code)
  File "E:\Project_python\2TestCMS2.0\common\requests_util.py", line 404, in validate_result
    error_log("断言异常：异常信息: %s" % str(traceback.format_exc()))
  File "E:\Project_python\2TestCMS2.0\common\logger_util.py", line 66, in error_log
    raise Exception(log_message)
Exception: 断言异常：异常信息: Traceback (most recent call last):
  File "E:\Project_python\2TestCMS2.0\common\requests_util.py", line 354, in validate_result
    error_log("断言失败:"+assert_key+"不等于"+str(assert_value))
  File "E:\Project_python\2TestCMS2.0\common\logger_util.py", line 66, in error_log
    raise Exception(log_message)
Exception: 断言失败:status_code不等于200


[2023-06-01 16:41:31,423] logger_util.py->write_log line:61 [INFO] -------------接口请求开始-----------
[2023-06-01 16:41:31,423] logger_util.py->write_log line:61 [INFO] 接口名称：设置归档表触发配置-变量触发
[2023-06-01 16:41:31,423] logger_util.py->write_log line:61 [INFO] 接口方式：put
[2023-06-01 16:41:31,423] logger_util.py->write_log line:61 [INFO] 接口路径：http://127.0.0.1:18000/api/v1/dataconfig/filingtable/366dcab2-52e0-4ce3-9989-c9853a150941/triggers
[2023-06-01 16:41:31,423] logger_util.py->write_log line:61 [INFO] 请求头：{'Content-Type': 'application/json; =UTF-8', 'X-Project': '83d42c5d5ad141bba528b7690b19996e'}
[2023-06-01 16:41:31,423] logger_util.py->write_log line:61 [INFO] 请求参数：[{'effectiveDateTime': '', 'frequencyValue': 1, 'frequencyUnit': 1, 'matchAll': False, 'condition': 'G1 ==  true', 'conditionDetail': 2, 'frequencyCheck': False, 'alarmPointIds': '', 'triggerType': 2}]
[2023-06-01 16:41:31,423] logger_util.py->write_log line:61 [INFO] 文件上传：None
[2023-06-01 16:41:31,426] logger_util.py->error_log line:65 [INFO] 断言失败:status_code不等于200
[2023-06-01 16:41:31,426] logger_util.py->write_log line:61 [INFO] 接口请求失败！
[2023-06-01 16:41:31,426] logger_util.py->write_log line:61 [INFO] -------------接口请求结束-----------

[2023-06-01 16:41:31,426] logger_util.py->error_log line:65 [INFO] 断言异常：异常信息: Traceback (most recent call last):
  File "E:\Project_python\2TestCMS2.0\common\requests_util.py", line 354, in validate_result
    error_log("断言失败:"+assert_key+"不等于"+str(assert_value))
  File "E:\Project_python\2TestCMS2.0\common\logger_util.py", line 66, in error_log
    raise Exception(log_message)
Exception: 断言失败:status_code不等于200

[2023-06-01 16:41:31,426] logger_util.py->error_log line:65 [INFO] 分析YAML文件异常：异常信息: Traceback (most recent call last):
  File "E:\Project_python\2TestCMS2.0\common\requests_util.py", line 354, in validate_result
    error_log("断言失败:"+assert_key+"不等于"+str(assert_value))
  File "E:\Project_python\2TestCMS2.0\common\logger_util.py", line 66, in error_log
    raise Exception(log_message)
Exception: 断言失败:status_code不等于200

During handling of the above exception, another exception occurred:

Traceback (most recent call last):
  File "E:\Project_python\2TestCMS2.0\common\requests_util.py", line 236, in analysis_yaml
    self.validate_result(yq_result, return_data, status_code)
  File "E:\Project_python\2TestCMS2.0\common\requests_util.py", line 404, in validate_result
    error_log("断言异常：异常信息: %s" % str(traceback.format_exc()))
  File "E:\Project_python\2TestCMS2.0\common\logger_util.py", line 66, in error_log
    raise Exception(log_message)
Exception: 断言异常：异常信息: Traceback (most recent call last):
  File "E:\Project_python\2TestCMS2.0\common\requests_util.py", line 354, in validate_result
    error_log("断言失败:"+assert_key+"不等于"+str(assert_value))
  File "E:\Project_python\2TestCMS2.0\common\logger_util.py", line 66, in error_log
    raise Exception(log_message)
Exception: 断言失败:status_code不等于200


[2023-06-01 16:41:31,453] logger_util.py->write_log line:61 [INFO] -------------接口请求开始-----------
[2023-06-01 16:41:31,454] logger_util.py->write_log line:61 [INFO] 接口名称：设置归档表触发配置-变量触发
[2023-06-01 16:41:31,454] logger_util.py->write_log line:61 [INFO] 接口方式：put
[2023-06-01 16:41:31,454] logger_util.py->write_log line:61 [INFO] 接口路径：http://127.0.0.1:18000/api/v1/dataconfig/filingtable/366dcab2-52e0-4ce3-9989-c9853a150941/triggers
[2023-06-01 16:41:31,454] logger_util.py->write_log line:61 [INFO] 请求头：{'Content-Type': 'application/json; =UTF-8', 'X-Project': '83d42c5d5ad141bba528b7690b19996e'}
[2023-06-01 16:41:31,454] logger_util.py->write_log line:61 [INFO] 请求参数：[{'effectiveDateTime': '', 'frequencyValue': 1, 'frequencyUnit': 1, 'matchAll': False, 'condition': 'G1 ==  true', 'conditionDetail': 3, 'frequencyCheck': False, 'alarmPointIds': '', 'triggerType': 2}]
[2023-06-01 16:41:31,454] logger_util.py->write_log line:61 [INFO] 文件上传：None
[2023-06-01 16:41:31,457] logger_util.py->error_log line:65 [INFO] 断言失败:status_code不等于200
[2023-06-01 16:41:31,457] logger_util.py->write_log line:61 [INFO] 接口请求失败！
[2023-06-01 16:41:31,457] logger_util.py->write_log line:61 [INFO] -------------接口请求结束-----------

[2023-06-01 16:41:31,457] logger_util.py->error_log line:65 [INFO] 断言异常：异常信息: Traceback (most recent call last):
  File "E:\Project_python\2TestCMS2.0\common\requests_util.py", line 354, in validate_result
    error_log("断言失败:"+assert_key+"不等于"+str(assert_value))
  File "E:\Project_python\2TestCMS2.0\common\logger_util.py", line 66, in error_log
    raise Exception(log_message)
Exception: 断言失败:status_code不等于200

[2023-06-01 16:41:31,457] logger_util.py->error_log line:65 [INFO] 分析YAML文件异常：异常信息: Traceback (most recent call last):
  File "E:\Project_python\2TestCMS2.0\common\requests_util.py", line 354, in validate_result
    error_log("断言失败:"+assert_key+"不等于"+str(assert_value))
  File "E:\Project_python\2TestCMS2.0\common\logger_util.py", line 66, in error_log
    raise Exception(log_message)
Exception: 断言失败:status_code不等于200

During handling of the above exception, another exception occurred:

Traceback (most recent call last):
  File "E:\Project_python\2TestCMS2.0\common\requests_util.py", line 236, in analysis_yaml
    self.validate_result(yq_result, return_data, status_code)
  File "E:\Project_python\2TestCMS2.0\common\requests_util.py", line 404, in validate_result
    error_log("断言异常：异常信息: %s" % str(traceback.format_exc()))
  File "E:\Project_python\2TestCMS2.0\common\logger_util.py", line 66, in error_log
    raise Exception(log_message)
Exception: 断言异常：异常信息: Traceback (most recent call last):
  File "E:\Project_python\2TestCMS2.0\common\requests_util.py", line 354, in validate_result
    error_log("断言失败:"+assert_key+"不等于"+str(assert_value))
  File "E:\Project_python\2TestCMS2.0\common\logger_util.py", line 66, in error_log
    raise Exception(log_message)
Exception: 断言失败:status_code不等于200


[2023-06-01 16:41:31,484] logger_util.py->write_log line:61 [INFO] -------------接口请求开始-----------
[2023-06-01 16:41:31,484] logger_util.py->write_log line:61 [INFO] 接口名称：设置归档表触发配置-变量触发
[2023-06-01 16:41:31,484] logger_util.py->write_log line:61 [INFO] 接口方式：put
[2023-06-01 16:41:31,484] logger_util.py->write_log line:61 [INFO] 接口路径：http://127.0.0.1:18000/api/v1/dataconfig/filingtable/366dcab2-52e0-4ce3-9989-c9853a150941/triggers
[2023-06-01 16:41:31,484] logger_util.py->write_log line:61 [INFO] 请求头：{'Content-Type': 'application/json; =UTF-8', 'X-Project': '83d42c5d5ad141bba528b7690b19996e'}
[2023-06-01 16:41:31,484] logger_util.py->write_log line:61 [INFO] 请求参数：[{'effectiveDateTime': '', 'frequencyValue': 1, 'frequencyUnit': 1, 'matchAll': False, 'condition': 'G1 ==  true', 'conditionDetail': 1, 'frequencyCheck': True, 'alarmPointIds': '', 'triggerType': 2}]
[2023-06-01 16:41:31,484] logger_util.py->write_log line:61 [INFO] 文件上传：None
[2023-06-01 16:41:31,487] logger_util.py->error_log line:65 [INFO] 断言失败:status_code不等于200
[2023-06-01 16:41:31,487] logger_util.py->write_log line:61 [INFO] 接口请求失败！
[2023-06-01 16:41:31,487] logger_util.py->write_log line:61 [INFO] -------------接口请求结束-----------

[2023-06-01 16:41:31,488] logger_util.py->error_log line:65 [INFO] 断言异常：异常信息: Traceback (most recent call last):
  File "E:\Project_python\2TestCMS2.0\common\requests_util.py", line 354, in validate_result
    error_log("断言失败:"+assert_key+"不等于"+str(assert_value))
  File "E:\Project_python\2TestCMS2.0\common\logger_util.py", line 66, in error_log
    raise Exception(log_message)
Exception: 断言失败:status_code不等于200

[2023-06-01 16:41:31,488] logger_util.py->error_log line:65 [INFO] 分析YAML文件异常：异常信息: Traceback (most recent call last):
  File "E:\Project_python\2TestCMS2.0\common\requests_util.py", line 354, in validate_result
    error_log("断言失败:"+assert_key+"不等于"+str(assert_value))
  File "E:\Project_python\2TestCMS2.0\common\logger_util.py", line 66, in error_log
    raise Exception(log_message)
Exception: 断言失败:status_code不等于200

During handling of the above exception, another exception occurred:

Traceback (most recent call last):
  File "E:\Project_python\2TestCMS2.0\common\requests_util.py", line 236, in analysis_yaml
    self.validate_result(yq_result, return_data, status_code)
  File "E:\Project_python\2TestCMS2.0\common\requests_util.py", line 404, in validate_result
    error_log("断言异常：异常信息: %s" % str(traceback.format_exc()))
  File "E:\Project_python\2TestCMS2.0\common\logger_util.py", line 66, in error_log
    raise Exception(log_message)
Exception: 断言异常：异常信息: Traceback (most recent call last):
  File "E:\Project_python\2TestCMS2.0\common\requests_util.py", line 354, in validate_result
    error_log("断言失败:"+assert_key+"不等于"+str(assert_value))
  File "E:\Project_python\2TestCMS2.0\common\logger_util.py", line 66, in error_log
    raise Exception(log_message)
Exception: 断言失败:status_code不等于200


[2023-06-01 16:41:31,514] logger_util.py->write_log line:61 [INFO] -------------接口请求开始-----------
[2023-06-01 16:41:31,514] logger_util.py->write_log line:61 [INFO] 接口名称：设置归档表触发配置-变量触发
[2023-06-01 16:41:31,514] logger_util.py->write_log line:61 [INFO] 接口方式：put
[2023-06-01 16:41:31,514] logger_util.py->write_log line:61 [INFO] 接口路径：http://127.0.0.1:18000/api/v1/dataconfig/filingtable/366dcab2-52e0-4ce3-9989-c9853a150941/triggers
[2023-06-01 16:41:31,514] logger_util.py->write_log line:61 [INFO] 请求头：{'Content-Type': 'application/json; =UTF-8', 'X-Project': '83d42c5d5ad141bba528b7690b19996e'}
[2023-06-01 16:41:31,515] logger_util.py->write_log line:61 [INFO] 请求参数：[{'effectiveDateTime': '', 'frequencyValue': 5, 'frequencyUnit': 2, 'matchAll': False, 'condition': 'G1 ==  true', 'conditionDetail': 1, 'frequencyCheck': True, 'alarmPointIds': '', 'triggerType': 2}]
[2023-06-01 16:41:31,515] logger_util.py->write_log line:61 [INFO] 文件上传：None
[2023-06-01 16:41:31,517] logger_util.py->error_log line:65 [INFO] 断言失败:status_code不等于200
[2023-06-01 16:41:31,517] logger_util.py->write_log line:61 [INFO] 接口请求失败！
[2023-06-01 16:41:31,517] logger_util.py->write_log line:61 [INFO] -------------接口请求结束-----------

[2023-06-01 16:41:31,518] logger_util.py->error_log line:65 [INFO] 断言异常：异常信息: Traceback (most recent call last):
  File "E:\Project_python\2TestCMS2.0\common\requests_util.py", line 354, in validate_result
    error_log("断言失败:"+assert_key+"不等于"+str(assert_value))
  File "E:\Project_python\2TestCMS2.0\common\logger_util.py", line 66, in error_log
    raise Exception(log_message)
Exception: 断言失败:status_code不等于200

[2023-06-01 16:41:31,518] logger_util.py->error_log line:65 [INFO] 分析YAML文件异常：异常信息: Traceback (most recent call last):
  File "E:\Project_python\2TestCMS2.0\common\requests_util.py", line 354, in validate_result
    error_log("断言失败:"+assert_key+"不等于"+str(assert_value))
  File "E:\Project_python\2TestCMS2.0\common\logger_util.py", line 66, in error_log
    raise Exception(log_message)
Exception: 断言失败:status_code不等于200

During handling of the above exception, another exception occurred:

Traceback (most recent call last):
  File "E:\Project_python\2TestCMS2.0\common\requests_util.py", line 236, in analysis_yaml
    self.validate_result(yq_result, return_data, status_code)
  File "E:\Project_python\2TestCMS2.0\common\requests_util.py", line 404, in validate_result
    error_log("断言异常：异常信息: %s" % str(traceback.format_exc()))
  File "E:\Project_python\2TestCMS2.0\common\logger_util.py", line 66, in error_log
    raise Exception(log_message)
Exception: 断言异常：异常信息: Traceback (most recent call last):
  File "E:\Project_python\2TestCMS2.0\common\requests_util.py", line 354, in validate_result
    error_log("断言失败:"+assert_key+"不等于"+str(assert_value))
  File "E:\Project_python\2TestCMS2.0\common\logger_util.py", line 66, in error_log
    raise Exception(log_message)
Exception: 断言失败:status_code不等于200


[2023-06-01 16:41:31,545] logger_util.py->write_log line:61 [INFO] -------------接口请求开始-----------
[2023-06-01 16:41:31,545] logger_util.py->write_log line:61 [INFO] 接口名称：设置归档表触发配置-变量触发
[2023-06-01 16:41:31,545] logger_util.py->write_log line:61 [INFO] 接口方式：put
[2023-06-01 16:41:31,545] logger_util.py->write_log line:61 [INFO] 接口路径：http://127.0.0.1:18000/api/v1/dataconfig/filingtable/366dcab2-52e0-4ce3-9989-c9853a150941/triggers
[2023-06-01 16:41:31,545] logger_util.py->write_log line:61 [INFO] 请求头：{'Content-Type': 'application/json; =UTF-8', 'X-Project': '83d42c5d5ad141bba528b7690b19996e'}
[2023-06-01 16:41:31,545] logger_util.py->write_log line:61 [INFO] 请求参数：[{'effectiveDateTime': '', 'frequencyValue': 1, 'frequencyUnit': 3, 'matchAll': False, 'condition': 'G1 ==  true', 'conditionDetail': 1, 'frequencyCheck': True, 'alarmPointIds': '', 'triggerType': 2}]
[2023-06-01 16:41:31,545] logger_util.py->write_log line:61 [INFO] 文件上传：None
[2023-06-01 16:41:31,548] logger_util.py->error_log line:65 [INFO] 断言失败:status_code不等于200
[2023-06-01 16:41:31,548] logger_util.py->write_log line:61 [INFO] 接口请求失败！
[2023-06-01 16:41:31,548] logger_util.py->write_log line:61 [INFO] -------------接口请求结束-----------

[2023-06-01 16:41:31,549] logger_util.py->error_log line:65 [INFO] 断言异常：异常信息: Traceback (most recent call last):
  File "E:\Project_python\2TestCMS2.0\common\requests_util.py", line 354, in validate_result
    error_log("断言失败:"+assert_key+"不等于"+str(assert_value))
  File "E:\Project_python\2TestCMS2.0\common\logger_util.py", line 66, in error_log
    raise Exception(log_message)
Exception: 断言失败:status_code不等于200

[2023-06-01 16:41:31,549] logger_util.py->error_log line:65 [INFO] 分析YAML文件异常：异常信息: Traceback (most recent call last):
  File "E:\Project_python\2TestCMS2.0\common\requests_util.py", line 354, in validate_result
    error_log("断言失败:"+assert_key+"不等于"+str(assert_value))
  File "E:\Project_python\2TestCMS2.0\common\logger_util.py", line 66, in error_log
    raise Exception(log_message)
Exception: 断言失败:status_code不等于200

During handling of the above exception, another exception occurred:

Traceback (most recent call last):
  File "E:\Project_python\2TestCMS2.0\common\requests_util.py", line 236, in analysis_yaml
    self.validate_result(yq_result, return_data, status_code)
  File "E:\Project_python\2TestCMS2.0\common\requests_util.py", line 404, in validate_result
    error_log("断言异常：异常信息: %s" % str(traceback.format_exc()))
  File "E:\Project_python\2TestCMS2.0\common\logger_util.py", line 66, in error_log
    raise Exception(log_message)
Exception: 断言异常：异常信息: Traceback (most recent call last):
  File "E:\Project_python\2TestCMS2.0\common\requests_util.py", line 354, in validate_result
    error_log("断言失败:"+assert_key+"不等于"+str(assert_value))
  File "E:\Project_python\2TestCMS2.0\common\logger_util.py", line 66, in error_log
    raise Exception(log_message)
Exception: 断言失败:status_code不等于200


[2023-06-01 16:41:31,576] logger_util.py->write_log line:61 [INFO] -------------接口请求开始-----------
[2023-06-01 16:41:31,576] logger_util.py->write_log line:61 [INFO] 接口名称：设置归档表触发配置-变量触发
[2023-06-01 16:41:31,576] logger_util.py->write_log line:61 [INFO] 接口方式：put
[2023-06-01 16:41:31,576] logger_util.py->write_log line:61 [INFO] 接口路径：http://127.0.0.1:18000/api/v1/dataconfig/filingtable/366dcab2-52e0-4ce3-9989-c9853a150941/triggers
[2023-06-01 16:41:31,576] logger_util.py->write_log line:61 [INFO] 请求头：{'Content-Type': 'application/json; =UTF-8', 'X-Project': '83d42c5d5ad141bba528b7690b19996e'}
[2023-06-01 16:41:31,576] logger_util.py->write_log line:61 [INFO] 请求参数：[{'effectiveDateTime': '', 'frequencyValue': 1, 'frequencyUnit': 4, 'matchAll': False, 'condition': 'G1 ==  true', 'conditionDetail': 1, 'frequencyCheck': True, 'alarmPointIds': '', 'triggerType': 2}]
[2023-06-01 16:41:31,576] logger_util.py->write_log line:61 [INFO] 文件上传：None
[2023-06-01 16:41:31,579] logger_util.py->error_log line:65 [INFO] 断言失败:status_code不等于200
[2023-06-01 16:41:31,579] logger_util.py->write_log line:61 [INFO] 接口请求失败！
[2023-06-01 16:41:31,579] logger_util.py->write_log line:61 [INFO] -------------接口请求结束-----------

[2023-06-01 16:41:31,579] logger_util.py->error_log line:65 [INFO] 断言异常：异常信息: Traceback (most recent call last):
  File "E:\Project_python\2TestCMS2.0\common\requests_util.py", line 354, in validate_result
    error_log("断言失败:"+assert_key+"不等于"+str(assert_value))
  File "E:\Project_python\2TestCMS2.0\common\logger_util.py", line 66, in error_log
    raise Exception(log_message)
Exception: 断言失败:status_code不等于200

[2023-06-01 16:41:31,580] logger_util.py->error_log line:65 [INFO] 分析YAML文件异常：异常信息: Traceback (most recent call last):
  File "E:\Project_python\2TestCMS2.0\common\requests_util.py", line 354, in validate_result
    error_log("断言失败:"+assert_key+"不等于"+str(assert_value))
  File "E:\Project_python\2TestCMS2.0\common\logger_util.py", line 66, in error_log
    raise Exception(log_message)
Exception: 断言失败:status_code不等于200

During handling of the above exception, another exception occurred:

Traceback (most recent call last):
  File "E:\Project_python\2TestCMS2.0\common\requests_util.py", line 236, in analysis_yaml
    self.validate_result(yq_result, return_data, status_code)
  File "E:\Project_python\2TestCMS2.0\common\requests_util.py", line 404, in validate_result
    error_log("断言异常：异常信息: %s" % str(traceback.format_exc()))
  File "E:\Project_python\2TestCMS2.0\common\logger_util.py", line 66, in error_log
    raise Exception(log_message)
Exception: 断言异常：异常信息: Traceback (most recent call last):
  File "E:\Project_python\2TestCMS2.0\common\requests_util.py", line 354, in validate_result
    error_log("断言失败:"+assert_key+"不等于"+str(assert_value))
  File "E:\Project_python\2TestCMS2.0\common\logger_util.py", line 66, in error_log
    raise Exception(log_message)
Exception: 断言失败:status_code不等于200


[2023-06-01 16:41:31,607] logger_util.py->write_log line:61 [INFO] -------------接口请求开始-----------
[2023-06-01 16:41:31,608] logger_util.py->write_log line:61 [INFO] 接口名称：设置归档表触发配置-变量触发
[2023-06-01 16:41:31,608] logger_util.py->write_log line:61 [INFO] 接口方式：put
[2023-06-01 16:41:31,608] logger_util.py->write_log line:61 [INFO] 接口路径：http://127.0.0.1:18000/api/v1/dataconfig/filingtable/366dcab2-52e0-4ce3-9989-c9853a150941/triggers
[2023-06-01 16:41:31,608] logger_util.py->write_log line:61 [INFO] 请求头：{'Content-Type': 'application/json; =UTF-8', 'X-Project': '83d42c5d5ad141bba528b7690b19996e'}
[2023-06-01 16:41:31,608] logger_util.py->write_log line:61 [INFO] 请求参数：[{'effectiveDateTime': '', 'frequencyValue': 36, 'frequencyUnit': 5, 'matchAll': False, 'condition': 'G1 ==  true', 'conditionDetail': 1, 'frequencyCheck': True, 'alarmPointIds': '', 'triggerType': 2}]
[2023-06-01 16:41:31,608] logger_util.py->write_log line:61 [INFO] 文件上传：None
[2023-06-01 16:41:31,611] logger_util.py->error_log line:65 [INFO] 断言失败:status_code不等于200
[2023-06-01 16:41:31,611] logger_util.py->write_log line:61 [INFO] 接口请求失败！
[2023-06-01 16:41:31,611] logger_util.py->write_log line:61 [INFO] -------------接口请求结束-----------

[2023-06-01 16:41:31,611] logger_util.py->error_log line:65 [INFO] 断言异常：异常信息: Traceback (most recent call last):
  File "E:\Project_python\2TestCMS2.0\common\requests_util.py", line 354, in validate_result
    error_log("断言失败:"+assert_key+"不等于"+str(assert_value))
  File "E:\Project_python\2TestCMS2.0\common\logger_util.py", line 66, in error_log
    raise Exception(log_message)
Exception: 断言失败:status_code不等于200

[2023-06-01 16:41:31,612] logger_util.py->error_log line:65 [INFO] 分析YAML文件异常：异常信息: Traceback (most recent call last):
  File "E:\Project_python\2TestCMS2.0\common\requests_util.py", line 354, in validate_result
    error_log("断言失败:"+assert_key+"不等于"+str(assert_value))
  File "E:\Project_python\2TestCMS2.0\common\logger_util.py", line 66, in error_log
    raise Exception(log_message)
Exception: 断言失败:status_code不等于200

During handling of the above exception, another exception occurred:

Traceback (most recent call last):
  File "E:\Project_python\2TestCMS2.0\common\requests_util.py", line 236, in analysis_yaml
    self.validate_result(yq_result, return_data, status_code)
  File "E:\Project_python\2TestCMS2.0\common\requests_util.py", line 404, in validate_result
    error_log("断言异常：异常信息: %s" % str(traceback.format_exc()))
  File "E:\Project_python\2TestCMS2.0\common\logger_util.py", line 66, in error_log
    raise Exception(log_message)
Exception: 断言异常：异常信息: Traceback (most recent call last):
  File "E:\Project_python\2TestCMS2.0\common\requests_util.py", line 354, in validate_result
    error_log("断言失败:"+assert_key+"不等于"+str(assert_value))
  File "E:\Project_python\2TestCMS2.0\common\logger_util.py", line 66, in error_log
    raise Exception(log_message)
Exception: 断言失败:status_code不等于200


[2023-06-01 16:41:31,641] logger_util.py->write_log line:61 [INFO] -------------接口请求开始-----------
[2023-06-01 16:41:31,641] logger_util.py->write_log line:61 [INFO] 接口名称：设置归档表触发配置-变量触发
[2023-06-01 16:41:31,641] logger_util.py->write_log line:61 [INFO] 接口方式：put
[2023-06-01 16:41:31,641] logger_util.py->write_log line:61 [INFO] 接口路径：http://127.0.0.1:18000/api/v1/dataconfig/filingtable/366dcab2-52e0-4ce3-9989-c9853a150941/triggers
[2023-06-01 16:41:31,641] logger_util.py->write_log line:61 [INFO] 请求头：{'Content-Type': 'application/json; =UTF-8', 'X-Project': '83d42c5d5ad141bba528b7690b19996e'}
[2023-06-01 16:41:31,641] logger_util.py->write_log line:61 [INFO] 请求参数：[{'effectiveDateTime': '', 'frequencyValue': 1, 'frequencyUnit': 1, 'matchAll': False, 'condition': "G1 ==  true ||  H1 != '中文'", 'conditionDetail': 1, 'frequencyCheck': False, 'alarmPointIds': '', 'triggerType': 2}]
[2023-06-01 16:41:31,642] logger_util.py->write_log line:61 [INFO] 文件上传：None
[2023-06-01 16:41:31,644] logger_util.py->error_log line:65 [INFO] 断言失败:status_code不等于200
[2023-06-01 16:41:31,644] logger_util.py->write_log line:61 [INFO] 接口请求失败！
[2023-06-01 16:41:31,645] logger_util.py->write_log line:61 [INFO] -------------接口请求结束-----------

[2023-06-01 16:41:31,645] logger_util.py->error_log line:65 [INFO] 断言异常：异常信息: Traceback (most recent call last):
  File "E:\Project_python\2TestCMS2.0\common\requests_util.py", line 354, in validate_result
    error_log("断言失败:"+assert_key+"不等于"+str(assert_value))
  File "E:\Project_python\2TestCMS2.0\common\logger_util.py", line 66, in error_log
    raise Exception(log_message)
Exception: 断言失败:status_code不等于200

[2023-06-01 16:41:31,645] logger_util.py->error_log line:65 [INFO] 分析YAML文件异常：异常信息: Traceback (most recent call last):
  File "E:\Project_python\2TestCMS2.0\common\requests_util.py", line 354, in validate_result
    error_log("断言失败:"+assert_key+"不等于"+str(assert_value))
  File "E:\Project_python\2TestCMS2.0\common\logger_util.py", line 66, in error_log
    raise Exception(log_message)
Exception: 断言失败:status_code不等于200

During handling of the above exception, another exception occurred:

Traceback (most recent call last):
  File "E:\Project_python\2TestCMS2.0\common\requests_util.py", line 236, in analysis_yaml
    self.validate_result(yq_result, return_data, status_code)
  File "E:\Project_python\2TestCMS2.0\common\requests_util.py", line 404, in validate_result
    error_log("断言异常：异常信息: %s" % str(traceback.format_exc()))
  File "E:\Project_python\2TestCMS2.0\common\logger_util.py", line 66, in error_log
    raise Exception(log_message)
Exception: 断言异常：异常信息: Traceback (most recent call last):
  File "E:\Project_python\2TestCMS2.0\common\requests_util.py", line 354, in validate_result
    error_log("断言失败:"+assert_key+"不等于"+str(assert_value))
  File "E:\Project_python\2TestCMS2.0\common\logger_util.py", line 66, in error_log
    raise Exception(log_message)
Exception: 断言失败:status_code不等于200


[2023-06-01 16:41:31,673] logger_util.py->write_log line:61 [INFO] -------------接口请求开始-----------
[2023-06-01 16:41:31,673] logger_util.py->write_log line:61 [INFO] 接口名称：设置归档表触发配置-变量触发
[2023-06-01 16:41:31,673] logger_util.py->write_log line:61 [INFO] 接口方式：put
[2023-06-01 16:41:31,673] logger_util.py->write_log line:61 [INFO] 接口路径：http://127.0.0.1:18000/api/v1/dataconfig/filingtable/366dcab2-52e0-4ce3-9989-c9853a150941/triggers
[2023-06-01 16:41:31,673] logger_util.py->write_log line:61 [INFO] 请求头：{'Content-Type': 'application/json; =UTF-8', 'X-Project': '83d42c5d5ad141bba528b7690b19996e'}
[2023-06-01 16:41:31,673] logger_util.py->write_log line:61 [INFO] 请求参数：[{'effectiveDateTime': '', 'frequencyValue': 1, 'frequencyUnit': 1, 'matchAll': False, 'condition': 'A1 + B1)  <=  0 ||  (A1 - B1) <= 0', 'conditionDetail': 1, 'frequencyCheck': False, 'alarmPointIds': '', 'triggerType': 2}]
[2023-06-01 16:41:31,674] logger_util.py->write_log line:61 [INFO] 文件上传：None
[2023-06-01 16:41:31,676] logger_util.py->error_log line:65 [INFO] 断言失败:status_code不等于200
[2023-06-01 16:41:31,676] logger_util.py->write_log line:61 [INFO] 接口请求失败！
[2023-06-01 16:41:31,676] logger_util.py->write_log line:61 [INFO] -------------接口请求结束-----------

[2023-06-01 16:41:31,677] logger_util.py->error_log line:65 [INFO] 断言异常：异常信息: Traceback (most recent call last):
  File "E:\Project_python\2TestCMS2.0\common\requests_util.py", line 354, in validate_result
    error_log("断言失败:"+assert_key+"不等于"+str(assert_value))
  File "E:\Project_python\2TestCMS2.0\common\logger_util.py", line 66, in error_log
    raise Exception(log_message)
Exception: 断言失败:status_code不等于200

[2023-06-01 16:41:31,677] logger_util.py->error_log line:65 [INFO] 分析YAML文件异常：异常信息: Traceback (most recent call last):
  File "E:\Project_python\2TestCMS2.0\common\requests_util.py", line 354, in validate_result
    error_log("断言失败:"+assert_key+"不等于"+str(assert_value))
  File "E:\Project_python\2TestCMS2.0\common\logger_util.py", line 66, in error_log
    raise Exception(log_message)
Exception: 断言失败:status_code不等于200

During handling of the above exception, another exception occurred:

Traceback (most recent call last):
  File "E:\Project_python\2TestCMS2.0\common\requests_util.py", line 236, in analysis_yaml
    self.validate_result(yq_result, return_data, status_code)
  File "E:\Project_python\2TestCMS2.0\common\requests_util.py", line 404, in validate_result
    error_log("断言异常：异常信息: %s" % str(traceback.format_exc()))
  File "E:\Project_python\2TestCMS2.0\common\logger_util.py", line 66, in error_log
    raise Exception(log_message)
Exception: 断言异常：异常信息: Traceback (most recent call last):
  File "E:\Project_python\2TestCMS2.0\common\requests_util.py", line 354, in validate_result
    error_log("断言失败:"+assert_key+"不等于"+str(assert_value))
  File "E:\Project_python\2TestCMS2.0\common\logger_util.py", line 66, in error_log
    raise Exception(log_message)
Exception: 断言失败:status_code不等于200


[2023-06-01 16:41:31,704] logger_util.py->write_log line:61 [INFO] -------------接口请求开始-----------
[2023-06-01 16:41:31,705] logger_util.py->write_log line:61 [INFO] 接口名称：设置归档表触发配置-变量触发
[2023-06-01 16:41:31,705] logger_util.py->write_log line:61 [INFO] 接口方式：put
[2023-06-01 16:41:31,705] logger_util.py->write_log line:61 [INFO] 接口路径：http://127.0.0.1:18000/api/v1/dataconfig/filingtable/366dcab2-52e0-4ce3-9989-c9853a150941/triggers
[2023-06-01 16:41:31,705] logger_util.py->write_log line:61 [INFO] 请求头：{'Content-Type': 'application/json; =UTF-8', 'X-Project': '83d42c5d5ad141bba528b7690b19996e'}
[2023-06-01 16:41:31,705] logger_util.py->write_log line:61 [INFO] 请求参数：[{'effectiveDateTime': '', 'frequencyValue': 1, 'frequencyUnit': 1, 'matchAll': False, 'condition': '(A1 * B1) > 0 &&  (A1 / B1)>0', 'conditionDetail': 1, 'frequencyCheck': False, 'alarmPointIds': '', 'triggerType': 2}]
[2023-06-01 16:41:31,705] logger_util.py->write_log line:61 [INFO] 文件上传：None
[2023-06-01 16:41:31,708] logger_util.py->error_log line:65 [INFO] 断言失败:status_code不等于200
[2023-06-01 16:41:31,708] logger_util.py->write_log line:61 [INFO] 接口请求失败！
[2023-06-01 16:41:31,708] logger_util.py->write_log line:61 [INFO] -------------接口请求结束-----------

[2023-06-01 16:41:31,708] logger_util.py->error_log line:65 [INFO] 断言异常：异常信息: Traceback (most recent call last):
  File "E:\Project_python\2TestCMS2.0\common\requests_util.py", line 354, in validate_result
    error_log("断言失败:"+assert_key+"不等于"+str(assert_value))
  File "E:\Project_python\2TestCMS2.0\common\logger_util.py", line 66, in error_log
    raise Exception(log_message)
Exception: 断言失败:status_code不等于200

[2023-06-01 16:41:31,708] logger_util.py->error_log line:65 [INFO] 分析YAML文件异常：异常信息: Traceback (most recent call last):
  File "E:\Project_python\2TestCMS2.0\common\requests_util.py", line 354, in validate_result
    error_log("断言失败:"+assert_key+"不等于"+str(assert_value))
  File "E:\Project_python\2TestCMS2.0\common\logger_util.py", line 66, in error_log
    raise Exception(log_message)
Exception: 断言失败:status_code不等于200

During handling of the above exception, another exception occurred:

Traceback (most recent call last):
  File "E:\Project_python\2TestCMS2.0\common\requests_util.py", line 236, in analysis_yaml
    self.validate_result(yq_result, return_data, status_code)
  File "E:\Project_python\2TestCMS2.0\common\requests_util.py", line 404, in validate_result
    error_log("断言异常：异常信息: %s" % str(traceback.format_exc()))
  File "E:\Project_python\2TestCMS2.0\common\logger_util.py", line 66, in error_log
    raise Exception(log_message)
Exception: 断言异常：异常信息: Traceback (most recent call last):
  File "E:\Project_python\2TestCMS2.0\common\requests_util.py", line 354, in validate_result
    error_log("断言失败:"+assert_key+"不等于"+str(assert_value))
  File "E:\Project_python\2TestCMS2.0\common\logger_util.py", line 66, in error_log
    raise Exception(log_message)
Exception: 断言失败:status_code不等于200


[2023-06-01 16:41:31,736] logger_util.py->write_log line:61 [INFO] -------------接口请求开始-----------
[2023-06-01 16:41:31,736] logger_util.py->write_log line:61 [INFO] 接口名称：设置归档表触发配置-定时触发
[2023-06-01 16:41:31,736] logger_util.py->write_log line:61 [INFO] 接口方式：put
[2023-06-01 16:41:31,736] logger_util.py->write_log line:61 [INFO] 接口路径：http://127.0.0.1:18000/api/v1/dataconfig/filingtable/366dcab2-52e0-4ce3-9989-c9853a150941/triggers
[2023-06-01 16:41:31,737] logger_util.py->write_log line:61 [INFO] 请求头：{'Content-Type': 'application/json; =UTF-8', 'X-Project': '83d42c5d5ad141bba528b7690b19996e'}
[2023-06-01 16:41:31,737] logger_util.py->write_log line:61 [INFO] 请求参数：[{'effectiveDateTime': '2023-05-22T06:15:31.000Z', 'frequencyValue': 1, 'frequencyUnit': 1, 'matchAll': False, 'condition': '', 'conditionDetail': 1, 'frequencyCheck': False, 'alarmPointIds': '', 'triggerType': 1}]
[2023-06-01 16:41:31,737] logger_util.py->write_log line:61 [INFO] 文件上传：None
[2023-06-01 16:41:31,739] logger_util.py->error_log line:65 [INFO] 断言失败:status_code不等于200
[2023-06-01 16:41:31,740] logger_util.py->write_log line:61 [INFO] 接口请求失败！
[2023-06-01 16:41:31,740] logger_util.py->write_log line:61 [INFO] -------------接口请求结束-----------

[2023-06-01 16:41:31,740] logger_util.py->error_log line:65 [INFO] 断言异常：异常信息: Traceback (most recent call last):
  File "E:\Project_python\2TestCMS2.0\common\requests_util.py", line 354, in validate_result
    error_log("断言失败:"+assert_key+"不等于"+str(assert_value))
  File "E:\Project_python\2TestCMS2.0\common\logger_util.py", line 66, in error_log
    raise Exception(log_message)
Exception: 断言失败:status_code不等于200

[2023-06-01 16:41:31,740] logger_util.py->error_log line:65 [INFO] 分析YAML文件异常：异常信息: Traceback (most recent call last):
  File "E:\Project_python\2TestCMS2.0\common\requests_util.py", line 354, in validate_result
    error_log("断言失败:"+assert_key+"不等于"+str(assert_value))
  File "E:\Project_python\2TestCMS2.0\common\logger_util.py", line 66, in error_log
    raise Exception(log_message)
Exception: 断言失败:status_code不等于200

During handling of the above exception, another exception occurred:

Traceback (most recent call last):
  File "E:\Project_python\2TestCMS2.0\common\requests_util.py", line 236, in analysis_yaml
    self.validate_result(yq_result, return_data, status_code)
  File "E:\Project_python\2TestCMS2.0\common\requests_util.py", line 404, in validate_result
    error_log("断言异常：异常信息: %s" % str(traceback.format_exc()))
  File "E:\Project_python\2TestCMS2.0\common\logger_util.py", line 66, in error_log
    raise Exception(log_message)
Exception: 断言异常：异常信息: Traceback (most recent call last):
  File "E:\Project_python\2TestCMS2.0\common\requests_util.py", line 354, in validate_result
    error_log("断言失败:"+assert_key+"不等于"+str(assert_value))
  File "E:\Project_python\2TestCMS2.0\common\logger_util.py", line 66, in error_log
    raise Exception(log_message)
Exception: 断言失败:status_code不等于200


[2023-06-01 16:41:31,766] logger_util.py->write_log line:61 [INFO] -------------接口请求开始-----------
[2023-06-01 16:41:31,766] logger_util.py->write_log line:61 [INFO] 接口名称：设置归档表触发配置-定时触发
[2023-06-01 16:41:31,766] logger_util.py->write_log line:61 [INFO] 接口方式：put
[2023-06-01 16:41:31,766] logger_util.py->write_log line:61 [INFO] 接口路径：http://127.0.0.1:18000/api/v1/dataconfig/filingtable/366dcab2-52e0-4ce3-9989-c9853a150941/triggers
[2023-06-01 16:41:31,766] logger_util.py->write_log line:61 [INFO] 请求头：{'Content-Type': 'application/json; =UTF-8', 'X-Project': '83d42c5d5ad141bba528b7690b19996e'}
[2023-06-01 16:41:31,766] logger_util.py->write_log line:61 [INFO] 请求参数：[{'effectiveDateTime': '2023-05-22T06:15:31.000Z', 'frequencyValue': 5, 'frequencyUnit': 2, 'matchAll': False, 'condition': '', 'conditionDetail': 1, 'frequencyCheck': False, 'alarmPointIds': '', 'triggerType': 1}]
[2023-06-01 16:41:31,766] logger_util.py->write_log line:61 [INFO] 文件上传：None
[2023-06-01 16:41:31,769] logger_util.py->error_log line:65 [INFO] 断言失败:status_code不等于200
[2023-06-01 16:41:31,769] logger_util.py->write_log line:61 [INFO] 接口请求失败！
[2023-06-01 16:41:31,769] logger_util.py->write_log line:61 [INFO] -------------接口请求结束-----------

[2023-06-01 16:41:31,770] logger_util.py->error_log line:65 [INFO] 断言异常：异常信息: Traceback (most recent call last):
  File "E:\Project_python\2TestCMS2.0\common\requests_util.py", line 354, in validate_result
    error_log("断言失败:"+assert_key+"不等于"+str(assert_value))
  File "E:\Project_python\2TestCMS2.0\common\logger_util.py", line 66, in error_log
    raise Exception(log_message)
Exception: 断言失败:status_code不等于200

[2023-06-01 16:41:31,770] logger_util.py->error_log line:65 [INFO] 分析YAML文件异常：异常信息: Traceback (most recent call last):
  File "E:\Project_python\2TestCMS2.0\common\requests_util.py", line 354, in validate_result
    error_log("断言失败:"+assert_key+"不等于"+str(assert_value))
  File "E:\Project_python\2TestCMS2.0\common\logger_util.py", line 66, in error_log
    raise Exception(log_message)
Exception: 断言失败:status_code不等于200

During handling of the above exception, another exception occurred:

Traceback (most recent call last):
  File "E:\Project_python\2TestCMS2.0\common\requests_util.py", line 236, in analysis_yaml
    self.validate_result(yq_result, return_data, status_code)
  File "E:\Project_python\2TestCMS2.0\common\requests_util.py", line 404, in validate_result
    error_log("断言异常：异常信息: %s" % str(traceback.format_exc()))
  File "E:\Project_python\2TestCMS2.0\common\logger_util.py", line 66, in error_log
    raise Exception(log_message)
Exception: 断言异常：异常信息: Traceback (most recent call last):
  File "E:\Project_python\2TestCMS2.0\common\requests_util.py", line 354, in validate_result
    error_log("断言失败:"+assert_key+"不等于"+str(assert_value))
  File "E:\Project_python\2TestCMS2.0\common\logger_util.py", line 66, in error_log
    raise Exception(log_message)
Exception: 断言失败:status_code不等于200


[2023-06-01 16:41:31,797] logger_util.py->write_log line:61 [INFO] -------------接口请求开始-----------
[2023-06-01 16:41:31,797] logger_util.py->write_log line:61 [INFO] 接口名称：设置归档表触发配置-定时触发
[2023-06-01 16:41:31,797] logger_util.py->write_log line:61 [INFO] 接口方式：put
[2023-06-01 16:41:31,797] logger_util.py->write_log line:61 [INFO] 接口路径：http://127.0.0.1:18000/api/v1/dataconfig/filingtable/366dcab2-52e0-4ce3-9989-c9853a150941/triggers
[2023-06-01 16:41:31,797] logger_util.py->write_log line:61 [INFO] 请求头：{'Content-Type': 'application/json; =UTF-8', 'X-Project': '83d42c5d5ad141bba528b7690b19996e'}
[2023-06-01 16:41:31,797] logger_util.py->write_log line:61 [INFO] 请求参数：[{'effectiveDateTime': '2023-05-22T06:15:31.000Z', 'frequencyValue': 1, 'frequencyUnit': 3, 'matchAll': False, 'condition': '', 'conditionDetail': 1, 'frequencyCheck': False, 'alarmPointIds': '', 'triggerType': 1}]
[2023-06-01 16:41:31,798] logger_util.py->write_log line:61 [INFO] 文件上传：None
[2023-06-01 16:41:31,800] logger_util.py->error_log line:65 [INFO] 断言失败:status_code不等于200
[2023-06-01 16:41:31,801] logger_util.py->write_log line:61 [INFO] 接口请求失败！
[2023-06-01 16:41:31,801] logger_util.py->write_log line:61 [INFO] -------------接口请求结束-----------

[2023-06-01 16:41:31,801] logger_util.py->error_log line:65 [INFO] 断言异常：异常信息: Traceback (most recent call last):
  File "E:\Project_python\2TestCMS2.0\common\requests_util.py", line 354, in validate_result
    error_log("断言失败:"+assert_key+"不等于"+str(assert_value))
  File "E:\Project_python\2TestCMS2.0\common\logger_util.py", line 66, in error_log
    raise Exception(log_message)
Exception: 断言失败:status_code不等于200

[2023-06-01 16:41:31,801] logger_util.py->error_log line:65 [INFO] 分析YAML文件异常：异常信息: Traceback (most recent call last):
  File "E:\Project_python\2TestCMS2.0\common\requests_util.py", line 354, in validate_result
    error_log("断言失败:"+assert_key+"不等于"+str(assert_value))
  File "E:\Project_python\2TestCMS2.0\common\logger_util.py", line 66, in error_log
    raise Exception(log_message)
Exception: 断言失败:status_code不等于200

During handling of the above exception, another exception occurred:

Traceback (most recent call last):
  File "E:\Project_python\2TestCMS2.0\common\requests_util.py", line 236, in analysis_yaml
    self.validate_result(yq_result, return_data, status_code)
  File "E:\Project_python\2TestCMS2.0\common\requests_util.py", line 404, in validate_result
    error_log("断言异常：异常信息: %s" % str(traceback.format_exc()))
  File "E:\Project_python\2TestCMS2.0\common\logger_util.py", line 66, in error_log
    raise Exception(log_message)
Exception: 断言异常：异常信息: Traceback (most recent call last):
  File "E:\Project_python\2TestCMS2.0\common\requests_util.py", line 354, in validate_result
    error_log("断言失败:"+assert_key+"不等于"+str(assert_value))
  File "E:\Project_python\2TestCMS2.0\common\logger_util.py", line 66, in error_log
    raise Exception(log_message)
Exception: 断言失败:status_code不等于200


[2023-06-01 16:41:31,827] logger_util.py->write_log line:61 [INFO] -------------接口请求开始-----------
[2023-06-01 16:41:31,827] logger_util.py->write_log line:61 [INFO] 接口名称：设置归档表触发配置-定时触发
[2023-06-01 16:41:31,828] logger_util.py->write_log line:61 [INFO] 接口方式：put
[2023-06-01 16:41:31,828] logger_util.py->write_log line:61 [INFO] 接口路径：http://127.0.0.1:18000/api/v1/dataconfig/filingtable/366dcab2-52e0-4ce3-9989-c9853a150941/triggers
[2023-06-01 16:41:31,828] logger_util.py->write_log line:61 [INFO] 请求头：{'Content-Type': 'application/json; =UTF-8', 'X-Project': '83d42c5d5ad141bba528b7690b19996e'}
[2023-06-01 16:41:31,828] logger_util.py->write_log line:61 [INFO] 请求参数：[{'effectiveDateTime': '2023-05-22T06:15:31.000Z', 'frequencyValue': 1, 'frequencyUnit': 4, 'matchAll': False, 'condition': '', 'conditionDetail': 1, 'frequencyCheck': False, 'alarmPointIds': '', 'triggerType': 1}]
[2023-06-01 16:41:31,828] logger_util.py->write_log line:61 [INFO] 文件上传：None
[2023-06-01 16:41:31,830] logger_util.py->error_log line:65 [INFO] 断言失败:status_code不等于200
[2023-06-01 16:41:31,831] logger_util.py->write_log line:61 [INFO] 接口请求失败！
[2023-06-01 16:41:31,831] logger_util.py->write_log line:61 [INFO] -------------接口请求结束-----------

[2023-06-01 16:41:31,831] logger_util.py->error_log line:65 [INFO] 断言异常：异常信息: Traceback (most recent call last):
  File "E:\Project_python\2TestCMS2.0\common\requests_util.py", line 354, in validate_result
    error_log("断言失败:"+assert_key+"不等于"+str(assert_value))
  File "E:\Project_python\2TestCMS2.0\common\logger_util.py", line 66, in error_log
    raise Exception(log_message)
Exception: 断言失败:status_code不等于200

[2023-06-01 16:41:31,831] logger_util.py->error_log line:65 [INFO] 分析YAML文件异常：异常信息: Traceback (most recent call last):
  File "E:\Project_python\2TestCMS2.0\common\requests_util.py", line 354, in validate_result
    error_log("断言失败:"+assert_key+"不等于"+str(assert_value))
  File "E:\Project_python\2TestCMS2.0\common\logger_util.py", line 66, in error_log
    raise Exception(log_message)
Exception: 断言失败:status_code不等于200

During handling of the above exception, another exception occurred:

Traceback (most recent call last):
  File "E:\Project_python\2TestCMS2.0\common\requests_util.py", line 236, in analysis_yaml
    self.validate_result(yq_result, return_data, status_code)
  File "E:\Project_python\2TestCMS2.0\common\requests_util.py", line 404, in validate_result
    error_log("断言异常：异常信息: %s" % str(traceback.format_exc()))
  File "E:\Project_python\2TestCMS2.0\common\logger_util.py", line 66, in error_log
    raise Exception(log_message)
Exception: 断言异常：异常信息: Traceback (most recent call last):
  File "E:\Project_python\2TestCMS2.0\common\requests_util.py", line 354, in validate_result
    error_log("断言失败:"+assert_key+"不等于"+str(assert_value))
  File "E:\Project_python\2TestCMS2.0\common\logger_util.py", line 66, in error_log
    raise Exception(log_message)
Exception: 断言失败:status_code不等于200


[2023-06-01 16:41:31,858] logger_util.py->write_log line:61 [INFO] -------------接口请求开始-----------
[2023-06-01 16:41:31,858] logger_util.py->write_log line:61 [INFO] 接口名称：设置归档表触发配置-定时触发
[2023-06-01 16:41:31,858] logger_util.py->write_log line:61 [INFO] 接口方式：put
[2023-06-01 16:41:31,858] logger_util.py->write_log line:61 [INFO] 接口路径：http://127.0.0.1:18000/api/v1/dataconfig/filingtable/366dcab2-52e0-4ce3-9989-c9853a150941/triggers
[2023-06-01 16:41:31,858] logger_util.py->write_log line:61 [INFO] 请求头：{'Content-Type': 'application/json; =UTF-8', 'X-Project': '83d42c5d5ad141bba528b7690b19996e'}
[2023-06-01 16:41:31,858] logger_util.py->write_log line:61 [INFO] 请求参数：[{'effectiveDateTime': '2023-05-22T06:15:31.000Z', 'frequencyValue': 36, 'frequencyUnit': 5, 'matchAll': False, 'condition': '', 'conditionDetail': 1, 'frequencyCheck': False, 'alarmPointIds': '', 'triggerType': 1}]
[2023-06-01 16:41:31,859] logger_util.py->write_log line:61 [INFO] 文件上传：None
[2023-06-01 16:41:31,861] logger_util.py->error_log line:65 [INFO] 断言失败:status_code不等于200
[2023-06-01 16:41:31,861] logger_util.py->write_log line:61 [INFO] 接口请求失败！
[2023-06-01 16:41:31,861] logger_util.py->write_log line:61 [INFO] -------------接口请求结束-----------

[2023-06-01 16:41:31,862] logger_util.py->error_log line:65 [INFO] 断言异常：异常信息: Traceback (most recent call last):
  File "E:\Project_python\2TestCMS2.0\common\requests_util.py", line 354, in validate_result
    error_log("断言失败:"+assert_key+"不等于"+str(assert_value))
  File "E:\Project_python\2TestCMS2.0\common\logger_util.py", line 66, in error_log
    raise Exception(log_message)
Exception: 断言失败:status_code不等于200

[2023-06-01 16:41:31,862] logger_util.py->error_log line:65 [INFO] 分析YAML文件异常：异常信息: Traceback (most recent call last):
  File "E:\Project_python\2TestCMS2.0\common\requests_util.py", line 354, in validate_result
    error_log("断言失败:"+assert_key+"不等于"+str(assert_value))
  File "E:\Project_python\2TestCMS2.0\common\logger_util.py", line 66, in error_log
    raise Exception(log_message)
Exception: 断言失败:status_code不等于200

During handling of the above exception, another exception occurred:

Traceback (most recent call last):
  File "E:\Project_python\2TestCMS2.0\common\requests_util.py", line 236, in analysis_yaml
    self.validate_result(yq_result, return_data, status_code)
  File "E:\Project_python\2TestCMS2.0\common\requests_util.py", line 404, in validate_result
    error_log("断言异常：异常信息: %s" % str(traceback.format_exc()))
  File "E:\Project_python\2TestCMS2.0\common\logger_util.py", line 66, in error_log
    raise Exception(log_message)
Exception: 断言异常：异常信息: Traceback (most recent call last):
  File "E:\Project_python\2TestCMS2.0\common\requests_util.py", line 354, in validate_result
    error_log("断言失败:"+assert_key+"不等于"+str(assert_value))
  File "E:\Project_python\2TestCMS2.0\common\logger_util.py", line 66, in error_log
    raise Exception(log_message)
Exception: 断言失败:status_code不等于200


[2023-06-01 16:41:31,889] logger_util.py->write_log line:61 [INFO] -------------接口请求开始-----------
[2023-06-01 16:41:31,889] logger_util.py->write_log line:61 [INFO] 接口名称：设置归档表触发配置-定时触发
[2023-06-01 16:41:31,889] logger_util.py->write_log line:61 [INFO] 接口方式：put
[2023-06-01 16:41:31,890] logger_util.py->write_log line:61 [INFO] 接口路径：http://127.0.0.1:18000/api/v1/dataconfig/filingtable/366dcab2-52e0-4ce3-9989-c9853a150941/triggers
[2023-06-01 16:41:31,890] logger_util.py->write_log line:61 [INFO] 请求头：{'Content-Type': 'application/json; =UTF-8', 'X-Project': '83d42c5d5ad141bba528b7690b19996e'}
[2023-06-01 16:41:31,890] logger_util.py->write_log line:61 [INFO] 请求参数：[{'effectiveDateTime': '2023-05-22T06:15:31.000Z', 'frequencyValue': 1, 'frequencyUnit': 1, 'matchAll': True, 'condition': "G1 ==  true ||  H1 != '中文'", 'conditionDetail': 1, 'frequencyCheck': False, 'alarmPointIds': '', 'triggerType': 1}]
[2023-06-01 16:41:31,890] logger_util.py->write_log line:61 [INFO] 文件上传：None
[2023-06-01 16:41:31,892] logger_util.py->error_log line:65 [INFO] 断言失败:status_code不等于200
[2023-06-01 16:41:31,893] logger_util.py->write_log line:61 [INFO] 接口请求失败！
[2023-06-01 16:41:31,893] logger_util.py->write_log line:61 [INFO] -------------接口请求结束-----------

[2023-06-01 16:41:31,893] logger_util.py->error_log line:65 [INFO] 断言异常：异常信息: Traceback (most recent call last):
  File "E:\Project_python\2TestCMS2.0\common\requests_util.py", line 354, in validate_result
    error_log("断言失败:"+assert_key+"不等于"+str(assert_value))
  File "E:\Project_python\2TestCMS2.0\common\logger_util.py", line 66, in error_log
    raise Exception(log_message)
Exception: 断言失败:status_code不等于200

[2023-06-01 16:41:31,893] logger_util.py->error_log line:65 [INFO] 分析YAML文件异常：异常信息: Traceback (most recent call last):
  File "E:\Project_python\2TestCMS2.0\common\requests_util.py", line 354, in validate_result
    error_log("断言失败:"+assert_key+"不等于"+str(assert_value))
  File "E:\Project_python\2TestCMS2.0\common\logger_util.py", line 66, in error_log
    raise Exception(log_message)
Exception: 断言失败:status_code不等于200

During handling of the above exception, another exception occurred:

Traceback (most recent call last):
  File "E:\Project_python\2TestCMS2.0\common\requests_util.py", line 236, in analysis_yaml
    self.validate_result(yq_result, return_data, status_code)
  File "E:\Project_python\2TestCMS2.0\common\requests_util.py", line 404, in validate_result
    error_log("断言异常：异常信息: %s" % str(traceback.format_exc()))
  File "E:\Project_python\2TestCMS2.0\common\logger_util.py", line 66, in error_log
    raise Exception(log_message)
Exception: 断言异常：异常信息: Traceback (most recent call last):
  File "E:\Project_python\2TestCMS2.0\common\requests_util.py", line 354, in validate_result
    error_log("断言失败:"+assert_key+"不等于"+str(assert_value))
  File "E:\Project_python\2TestCMS2.0\common\logger_util.py", line 66, in error_log
    raise Exception(log_message)
Exception: 断言失败:status_code不等于200


[2023-06-01 16:41:31,920] logger_util.py->write_log line:61 [INFO] -------------接口请求开始-----------
[2023-06-01 16:41:31,920] logger_util.py->write_log line:61 [INFO] 接口名称：设置归档表触发配置-定时触发
[2023-06-01 16:41:31,920] logger_util.py->write_log line:61 [INFO] 接口方式：put
[2023-06-01 16:41:31,920] logger_util.py->write_log line:61 [INFO] 接口路径：http://127.0.0.1:18000/api/v1/dataconfig/filingtable/366dcab2-52e0-4ce3-9989-c9853a150941/triggers
[2023-06-01 16:41:31,920] logger_util.py->write_log line:61 [INFO] 请求头：{'Content-Type': 'application/json; =UTF-8', 'X-Project': '83d42c5d5ad141bba528b7690b19996e'}
[2023-06-01 16:41:31,920] logger_util.py->write_log line:61 [INFO] 请求参数：[{'effectiveDateTime': '2023-05-22T06:15:31.000Z', 'frequencyValue': 1, 'frequencyUnit': 1, 'matchAll': True, 'condition': 'A1 + B1)  <=  0 ||  (A1 - B1) <= 0', 'conditionDetail': 1, 'frequencyCheck': False, 'alarmPointIds': '', 'triggerType': 1}]
[2023-06-01 16:41:31,921] logger_util.py->write_log line:61 [INFO] 文件上传：None
[2023-06-01 16:41:31,923] logger_util.py->error_log line:65 [INFO] 断言失败:status_code不等于200
[2023-06-01 16:41:31,923] logger_util.py->write_log line:61 [INFO] 接口请求失败！
[2023-06-01 16:41:31,923] logger_util.py->write_log line:61 [INFO] -------------接口请求结束-----------

[2023-06-01 16:41:31,924] logger_util.py->error_log line:65 [INFO] 断言异常：异常信息: Traceback (most recent call last):
  File "E:\Project_python\2TestCMS2.0\common\requests_util.py", line 354, in validate_result
    error_log("断言失败:"+assert_key+"不等于"+str(assert_value))
  File "E:\Project_python\2TestCMS2.0\common\logger_util.py", line 66, in error_log
    raise Exception(log_message)
Exception: 断言失败:status_code不等于200

[2023-06-01 16:41:31,924] logger_util.py->error_log line:65 [INFO] 分析YAML文件异常：异常信息: Traceback (most recent call last):
  File "E:\Project_python\2TestCMS2.0\common\requests_util.py", line 354, in validate_result
    error_log("断言失败:"+assert_key+"不等于"+str(assert_value))
  File "E:\Project_python\2TestCMS2.0\common\logger_util.py", line 66, in error_log
    raise Exception(log_message)
Exception: 断言失败:status_code不等于200

During handling of the above exception, another exception occurred:

Traceback (most recent call last):
  File "E:\Project_python\2TestCMS2.0\common\requests_util.py", line 236, in analysis_yaml
    self.validate_result(yq_result, return_data, status_code)
  File "E:\Project_python\2TestCMS2.0\common\requests_util.py", line 404, in validate_result
    error_log("断言异常：异常信息: %s" % str(traceback.format_exc()))
  File "E:\Project_python\2TestCMS2.0\common\logger_util.py", line 66, in error_log
    raise Exception(log_message)
Exception: 断言异常：异常信息: Traceback (most recent call last):
  File "E:\Project_python\2TestCMS2.0\common\requests_util.py", line 354, in validate_result
    error_log("断言失败:"+assert_key+"不等于"+str(assert_value))
  File "E:\Project_python\2TestCMS2.0\common\logger_util.py", line 66, in error_log
    raise Exception(log_message)
Exception: 断言失败:status_code不等于200


[2023-06-01 16:41:31,951] logger_util.py->write_log line:61 [INFO] -------------接口请求开始-----------
[2023-06-01 16:41:31,951] logger_util.py->write_log line:61 [INFO] 接口名称：设置归档表触发配置-定时触发
[2023-06-01 16:41:31,951] logger_util.py->write_log line:61 [INFO] 接口方式：put
[2023-06-01 16:41:31,951] logger_util.py->write_log line:61 [INFO] 接口路径：http://127.0.0.1:18000/api/v1/dataconfig/filingtable/366dcab2-52e0-4ce3-9989-c9853a150941/triggers
[2023-06-01 16:41:31,951] logger_util.py->write_log line:61 [INFO] 请求头：{'Content-Type': 'application/json; =UTF-8', 'X-Project': '83d42c5d5ad141bba528b7690b19996e'}
[2023-06-01 16:41:31,952] logger_util.py->write_log line:61 [INFO] 请求参数：[{'effectiveDateTime': '2023-05-22T06:15:31.000Z', 'frequencyValue': 1, 'frequencyUnit': 1, 'matchAll': True, 'condition': '(A1 * B1) > 0 &&  (A1 / B1)>0', 'conditionDetail': 1, 'frequencyCheck': False, 'alarmPointIds': '', 'triggerType': 1}]
[2023-06-01 16:41:31,952] logger_util.py->write_log line:61 [INFO] 文件上传：None
[2023-06-01 16:41:31,955] logger_util.py->error_log line:65 [INFO] 断言失败:status_code不等于200
[2023-06-01 16:41:31,955] logger_util.py->write_log line:61 [INFO] 接口请求失败！
[2023-06-01 16:41:31,955] logger_util.py->write_log line:61 [INFO] -------------接口请求结束-----------

[2023-06-01 16:41:31,955] logger_util.py->error_log line:65 [INFO] 断言异常：异常信息: Traceback (most recent call last):
  File "E:\Project_python\2TestCMS2.0\common\requests_util.py", line 354, in validate_result
    error_log("断言失败:"+assert_key+"不等于"+str(assert_value))
  File "E:\Project_python\2TestCMS2.0\common\logger_util.py", line 66, in error_log
    raise Exception(log_message)
Exception: 断言失败:status_code不等于200

[2023-06-01 16:41:31,955] logger_util.py->error_log line:65 [INFO] 分析YAML文件异常：异常信息: Traceback (most recent call last):
  File "E:\Project_python\2TestCMS2.0\common\requests_util.py", line 354, in validate_result
    error_log("断言失败:"+assert_key+"不等于"+str(assert_value))
  File "E:\Project_python\2TestCMS2.0\common\logger_util.py", line 66, in error_log
    raise Exception(log_message)
Exception: 断言失败:status_code不等于200

During handling of the above exception, another exception occurred:

Traceback (most recent call last):
  File "E:\Project_python\2TestCMS2.0\common\requests_util.py", line 236, in analysis_yaml
    self.validate_result(yq_result, return_data, status_code)
  File "E:\Project_python\2TestCMS2.0\common\requests_util.py", line 404, in validate_result
    error_log("断言异常：异常信息: %s" % str(traceback.format_exc()))
  File "E:\Project_python\2TestCMS2.0\common\logger_util.py", line 66, in error_log
    raise Exception(log_message)
Exception: 断言异常：异常信息: Traceback (most recent call last):
  File "E:\Project_python\2TestCMS2.0\common\requests_util.py", line 354, in validate_result
    error_log("断言失败:"+assert_key+"不等于"+str(assert_value))
  File "E:\Project_python\2TestCMS2.0\common\logger_util.py", line 66, in error_log
    raise Exception(log_message)
Exception: 断言失败:status_code不等于200


[2023-06-01 16:41:31,983] logger_util.py->write_log line:61 [INFO] -------------接口请求开始-----------
[2023-06-01 16:41:31,983] logger_util.py->write_log line:61 [INFO] 接口名称：设置归档表触发配置-字段触发
[2023-06-01 16:41:31,983] logger_util.py->write_log line:61 [INFO] 接口方式：put
[2023-06-01 16:41:31,983] logger_util.py->write_log line:61 [INFO] 接口路径：http://127.0.0.1:18000/api/v1/dataconfig/filingtable/366dcab2-52e0-4ce3-9989-c9853a150941/triggers
[2023-06-01 16:41:31,983] logger_util.py->write_log line:61 [INFO] 请求头：{'Content-Type': 'application/json; =UTF-8', 'X-Project': '83d42c5d5ad141bba528b7690b19996e'}
[2023-06-01 16:41:31,983] logger_util.py->write_log line:61 [INFO] 请求参数：[{'effectiveDateTime': '', 'frequencyValue': 1, 'frequencyUnit': 1, 'matchAll': False, 'condition': '', 'conditionDetail': 1, 'frequencyCheck': False, 'alarmPointIds': '', 'triggerType': 3}]
[2023-06-01 16:41:31,983] logger_util.py->write_log line:61 [INFO] 文件上传：None
[2023-06-01 16:41:31,986] logger_util.py->error_log line:65 [INFO] 断言失败:status_code不等于200
[2023-06-01 16:41:31,986] logger_util.py->write_log line:61 [INFO] 接口请求失败！
[2023-06-01 16:41:31,986] logger_util.py->write_log line:61 [INFO] -------------接口请求结束-----------

[2023-06-01 16:41:31,987] logger_util.py->error_log line:65 [INFO] 断言异常：异常信息: Traceback (most recent call last):
  File "E:\Project_python\2TestCMS2.0\common\requests_util.py", line 354, in validate_result
    error_log("断言失败:"+assert_key+"不等于"+str(assert_value))
  File "E:\Project_python\2TestCMS2.0\common\logger_util.py", line 66, in error_log
    raise Exception(log_message)
Exception: 断言失败:status_code不等于200

[2023-06-01 16:41:31,987] logger_util.py->error_log line:65 [INFO] 分析YAML文件异常：异常信息: Traceback (most recent call last):
  File "E:\Project_python\2TestCMS2.0\common\requests_util.py", line 354, in validate_result
    error_log("断言失败:"+assert_key+"不等于"+str(assert_value))
  File "E:\Project_python\2TestCMS2.0\common\logger_util.py", line 66, in error_log
    raise Exception(log_message)
Exception: 断言失败:status_code不等于200

During handling of the above exception, another exception occurred:

Traceback (most recent call last):
  File "E:\Project_python\2TestCMS2.0\common\requests_util.py", line 236, in analysis_yaml
    self.validate_result(yq_result, return_data, status_code)
  File "E:\Project_python\2TestCMS2.0\common\requests_util.py", line 404, in validate_result
    error_log("断言异常：异常信息: %s" % str(traceback.format_exc()))
  File "E:\Project_python\2TestCMS2.0\common\logger_util.py", line 66, in error_log
    raise Exception(log_message)
Exception: 断言异常：异常信息: Traceback (most recent call last):
  File "E:\Project_python\2TestCMS2.0\common\requests_util.py", line 354, in validate_result
    error_log("断言失败:"+assert_key+"不等于"+str(assert_value))
  File "E:\Project_python\2TestCMS2.0\common\logger_util.py", line 66, in error_log
    raise Exception(log_message)
Exception: 断言失败:status_code不等于200


[2023-06-01 16:41:32,026] logger_util.py->write_log line:61 [INFO] -------------接口请求开始-----------
[2023-06-01 16:41:32,026] logger_util.py->write_log line:61 [INFO] 接口名称：设置归档表触发配置-字段触发
[2023-06-01 16:41:32,026] logger_util.py->write_log line:61 [INFO] 接口方式：put
[2023-06-01 16:41:32,026] logger_util.py->write_log line:61 [INFO] 接口路径：http://127.0.0.1:18000/api/v1/dataconfig/filingtable/366dcab2-52e0-4ce3-9989-c9853a150941/triggers
[2023-06-01 16:41:32,026] logger_util.py->write_log line:61 [INFO] 请求头：{'Content-Type': 'application/json; =UTF-8', 'X-Project': '83d42c5d5ad141bba528b7690b19996e'}
[2023-06-01 16:41:32,026] logger_util.py->write_log line:61 [INFO] 请求参数：[{'effectiveDateTime': '', 'frequencyValue': 1, 'frequencyUnit': 1, 'matchAll': True, 'condition': "G1 ==  true ||  H1 != '中文'", 'conditionDetail': 1, 'frequencyCheck': False, 'alarmPointIds': '', 'triggerType': 3}]
[2023-06-01 16:41:32,026] logger_util.py->write_log line:61 [INFO] 文件上传：None
[2023-06-01 16:41:32,029] logger_util.py->error_log line:65 [INFO] 断言失败:status_code不等于200
[2023-06-01 16:41:32,029] logger_util.py->write_log line:61 [INFO] 接口请求失败！
[2023-06-01 16:41:32,030] logger_util.py->write_log line:61 [INFO] -------------接口请求结束-----------

[2023-06-01 16:41:32,030] logger_util.py->error_log line:65 [INFO] 断言异常：异常信息: Traceback (most recent call last):
  File "E:\Project_python\2TestCMS2.0\common\requests_util.py", line 354, in validate_result
    error_log("断言失败:"+assert_key+"不等于"+str(assert_value))
  File "E:\Project_python\2TestCMS2.0\common\logger_util.py", line 66, in error_log
    raise Exception(log_message)
Exception: 断言失败:status_code不等于200

[2023-06-01 16:41:32,030] logger_util.py->error_log line:65 [INFO] 分析YAML文件异常：异常信息: Traceback (most recent call last):
  File "E:\Project_python\2TestCMS2.0\common\requests_util.py", line 354, in validate_result
    error_log("断言失败:"+assert_key+"不等于"+str(assert_value))
  File "E:\Project_python\2TestCMS2.0\common\logger_util.py", line 66, in error_log
    raise Exception(log_message)
Exception: 断言失败:status_code不等于200

During handling of the above exception, another exception occurred:

Traceback (most recent call last):
  File "E:\Project_python\2TestCMS2.0\common\requests_util.py", line 236, in analysis_yaml
    self.validate_result(yq_result, return_data, status_code)
  File "E:\Project_python\2TestCMS2.0\common\requests_util.py", line 404, in validate_result
    error_log("断言异常：异常信息: %s" % str(traceback.format_exc()))
  File "E:\Project_python\2TestCMS2.0\common\logger_util.py", line 66, in error_log
    raise Exception(log_message)
Exception: 断言异常：异常信息: Traceback (most recent call last):
  File "E:\Project_python\2TestCMS2.0\common\requests_util.py", line 354, in validate_result
    error_log("断言失败:"+assert_key+"不等于"+str(assert_value))
  File "E:\Project_python\2TestCMS2.0\common\logger_util.py", line 66, in error_log
    raise Exception(log_message)
Exception: 断言失败:status_code不等于200


[2023-06-01 16:41:32,061] logger_util.py->write_log line:61 [INFO] -------------接口请求开始-----------
[2023-06-01 16:41:32,061] logger_util.py->write_log line:61 [INFO] 接口名称：设置归档表触发配置-字段触发
[2023-06-01 16:41:32,061] logger_util.py->write_log line:61 [INFO] 接口方式：put
[2023-06-01 16:41:32,061] logger_util.py->write_log line:61 [INFO] 接口路径：http://127.0.0.1:18000/api/v1/dataconfig/filingtable/366dcab2-52e0-4ce3-9989-c9853a150941/triggers
[2023-06-01 16:41:32,061] logger_util.py->write_log line:61 [INFO] 请求头：{'Content-Type': 'application/json; =UTF-8', 'X-Project': '83d42c5d5ad141bba528b7690b19996e'}
[2023-06-01 16:41:32,061] logger_util.py->write_log line:61 [INFO] 请求参数：[{'effectiveDateTime': '', 'frequencyValue': 1, 'frequencyUnit': 1, 'matchAll': True, 'condition': 'A1 + B1)  <=  0 ||  (A1 - B1) <= 0', 'conditionDetail': 1, 'frequencyCheck': False, 'alarmPointIds': '', 'triggerType': 3}]
[2023-06-01 16:41:32,061] logger_util.py->write_log line:61 [INFO] 文件上传：None
[2023-06-01 16:41:32,064] logger_util.py->error_log line:65 [INFO] 断言失败:status_code不等于200
[2023-06-01 16:41:32,065] logger_util.py->write_log line:61 [INFO] 接口请求失败！
[2023-06-01 16:41:32,065] logger_util.py->write_log line:61 [INFO] -------------接口请求结束-----------

[2023-06-01 16:41:32,065] logger_util.py->error_log line:65 [INFO] 断言异常：异常信息: Traceback (most recent call last):
  File "E:\Project_python\2TestCMS2.0\common\requests_util.py", line 354, in validate_result
    error_log("断言失败:"+assert_key+"不等于"+str(assert_value))
  File "E:\Project_python\2TestCMS2.0\common\logger_util.py", line 66, in error_log
    raise Exception(log_message)
Exception: 断言失败:status_code不等于200

[2023-06-01 16:41:32,065] logger_util.py->error_log line:65 [INFO] 分析YAML文件异常：异常信息: Traceback (most recent call last):
  File "E:\Project_python\2TestCMS2.0\common\requests_util.py", line 354, in validate_result
    error_log("断言失败:"+assert_key+"不等于"+str(assert_value))
  File "E:\Project_python\2TestCMS2.0\common\logger_util.py", line 66, in error_log
    raise Exception(log_message)
Exception: 断言失败:status_code不等于200

During handling of the above exception, another exception occurred:

Traceback (most recent call last):
  File "E:\Project_python\2TestCMS2.0\common\requests_util.py", line 236, in analysis_yaml
    self.validate_result(yq_result, return_data, status_code)
  File "E:\Project_python\2TestCMS2.0\common\requests_util.py", line 404, in validate_result
    error_log("断言异常：异常信息: %s" % str(traceback.format_exc()))
  File "E:\Project_python\2TestCMS2.0\common\logger_util.py", line 66, in error_log
    raise Exception(log_message)
Exception: 断言异常：异常信息: Traceback (most recent call last):
  File "E:\Project_python\2TestCMS2.0\common\requests_util.py", line 354, in validate_result
    error_log("断言失败:"+assert_key+"不等于"+str(assert_value))
  File "E:\Project_python\2TestCMS2.0\common\logger_util.py", line 66, in error_log
    raise Exception(log_message)
Exception: 断言失败:status_code不等于200


[2023-06-01 16:41:32,094] logger_util.py->write_log line:61 [INFO] -------------接口请求开始-----------
[2023-06-01 16:41:32,094] logger_util.py->write_log line:61 [INFO] 接口名称：设置归档表触发配置-字段触发
[2023-06-01 16:41:32,094] logger_util.py->write_log line:61 [INFO] 接口方式：put
[2023-06-01 16:41:32,094] logger_util.py->write_log line:61 [INFO] 接口路径：http://127.0.0.1:18000/api/v1/dataconfig/filingtable/366dcab2-52e0-4ce3-9989-c9853a150941/triggers
[2023-06-01 16:41:32,094] logger_util.py->write_log line:61 [INFO] 请求头：{'Content-Type': 'application/json; =UTF-8', 'X-Project': '83d42c5d5ad141bba528b7690b19996e'}
[2023-06-01 16:41:32,094] logger_util.py->write_log line:61 [INFO] 请求参数：[{'effectiveDateTime': '', 'frequencyValue': 1, 'frequencyUnit': 1, 'matchAll': True, 'condition': '(A1 * B1) > 0 &&  (A1 / B1)>0', 'conditionDetail': 1, 'frequencyCheck': False, 'alarmPointIds': '', 'triggerType': 3}]
[2023-06-01 16:41:32,094] logger_util.py->write_log line:61 [INFO] 文件上传：None
[2023-06-01 16:41:32,097] logger_util.py->error_log line:65 [INFO] 断言失败:status_code不等于200
[2023-06-01 16:41:32,097] logger_util.py->write_log line:61 [INFO] 接口请求失败！
[2023-06-01 16:41:32,097] logger_util.py->write_log line:61 [INFO] -------------接口请求结束-----------

[2023-06-01 16:41:32,097] logger_util.py->error_log line:65 [INFO] 断言异常：异常信息: Traceback (most recent call last):
  File "E:\Project_python\2TestCMS2.0\common\requests_util.py", line 354, in validate_result
    error_log("断言失败:"+assert_key+"不等于"+str(assert_value))
  File "E:\Project_python\2TestCMS2.0\common\logger_util.py", line 66, in error_log
    raise Exception(log_message)
Exception: 断言失败:status_code不等于200

[2023-06-01 16:41:32,098] logger_util.py->error_log line:65 [INFO] 分析YAML文件异常：异常信息: Traceback (most recent call last):
  File "E:\Project_python\2TestCMS2.0\common\requests_util.py", line 354, in validate_result
    error_log("断言失败:"+assert_key+"不等于"+str(assert_value))
  File "E:\Project_python\2TestCMS2.0\common\logger_util.py", line 66, in error_log
    raise Exception(log_message)
Exception: 断言失败:status_code不等于200

During handling of the above exception, another exception occurred:

Traceback (most recent call last):
  File "E:\Project_python\2TestCMS2.0\common\requests_util.py", line 236, in analysis_yaml
    self.validate_result(yq_result, return_data, status_code)
  File "E:\Project_python\2TestCMS2.0\common\requests_util.py", line 404, in validate_result
    error_log("断言异常：异常信息: %s" % str(traceback.format_exc()))
  File "E:\Project_python\2TestCMS2.0\common\logger_util.py", line 66, in error_log
    raise Exception(log_message)
Exception: 断言异常：异常信息: Traceback (most recent call last):
  File "E:\Project_python\2TestCMS2.0\common\requests_util.py", line 354, in validate_result
    error_log("断言失败:"+assert_key+"不等于"+str(assert_value))
  File "E:\Project_python\2TestCMS2.0\common\logger_util.py", line 66, in error_log
    raise Exception(log_message)
Exception: 断言失败:status_code不等于200


