[2023-11-08 14:10:51,659] logger_util.py->write_log line:61 [INFO] 
-------------接口请求开始-----------
[2023-11-08 14:10:51,659] logger_util.py->write_log line:61 [INFO] 接口名称：创建画面节点
[2023-11-08 14:10:51,660] logger_util.py->write_log line:61 [INFO] 接口方式：post
[2023-11-08 14:10:51,662] logger_util.py->write_log line:61 [INFO] 接口路径：http://127.0.0.1:18000/api/v1/view/node?copyFrom=
[2023-11-08 14:10:51,662] logger_util.py->write_log line:61 [INFO] 请求头：{'Content-Type': 'application/json;charset=UTF-8', 'X-Project': 'cade0634c4a44304911e8cfdb1b8f8b9'}
[2023-11-08 14:10:51,663] logger_util.py->write_log line:61 [INFO] 请求参数：{'name': '新建页面251', 'parentId': None, 'type': 1, 'sort': 1}
[2023-11-08 14:10:51,663] logger_util.py->write_log line:61 [INFO] 文件上传：None
[2023-11-08 14:10:51,701] logger_util.py->write_log line:61 [INFO] 预期结果：[{'equals': {'status_code': 200}}]
[2023-11-08 14:10:51,701] logger_util.py->write_log line:61 [INFO] 实际结果：13
[2023-11-08 14:10:51,701] logger_util.py->write_log line:61 [INFO] 接口请求成功！
[2023-11-08 14:10:51,702] logger_util.py->write_log line:61 [INFO] 
-------------接口请求结束-----------

[2023-11-08 14:10:51,708] logger_util.py->error_log line:65 [INFO] 发送请求异常：异常信息: Traceback (most recent call last):
  File "E:\Project_python\api_cms\common\requests_util.py", line 302, in send_request
    self.base_url = self.replace_load(self.base_url) + self.replace_load(url)
  File "E:\Project_python\api_cms\common\requests_util.py", line 142, in replace_load
    new_value = getattr(DubugTalk(), func_name)(*args_value.split(','))
  File "E:\Project_python\api_cms\debug_talk.py", line 26, in get_extract_data
    return read_extract_file(node_name)
  File "E:\Project_python\api_cms\common\yaml_util.py", line 19, in read_extract_file
    return value[one_node]
TypeError: 'NoneType' object is not subscriptable

[2023-11-08 14:10:51,709] logger_util.py->error_log line:65 [INFO] 分析YAML文件异常：异常信息: Traceback (most recent call last):
  File "E:\Project_python\api_cms\common\requests_util.py", line 302, in send_request
    self.base_url = self.replace_load(self.base_url) + self.replace_load(url)
  File "E:\Project_python\api_cms\common\requests_util.py", line 142, in replace_load
    new_value = getattr(DubugTalk(), func_name)(*args_value.split(','))
  File "E:\Project_python\api_cms\debug_talk.py", line 26, in get_extract_data
    return read_extract_file(node_name)
  File "E:\Project_python\api_cms\common\yaml_util.py", line 19, in read_extract_file
    return value[one_node]
TypeError: 'NoneType' object is not subscriptable

During handling of the above exception, another exception occurred:

Traceback (most recent call last):
  File "E:\Project_python\api_cms\common\requests_util.py", line 189, in analysis_yaml
    res = self.send_request(name =name,method=method,
  File "E:\Project_python\api_cms\common\requests_util.py", line 328, in send_request
    error_log("发送请求异常：异常信息: %s" % str(traceback.format_exc()))
  File "E:\Project_python\api_cms\common\logger_util.py", line 66, in error_log
    raise Exception(log_message)
Exception: 发送请求异常：异常信息: Traceback (most recent call last):
  File "E:\Project_python\api_cms\common\requests_util.py", line 302, in send_request
    self.base_url = self.replace_load(self.base_url) + self.replace_load(url)
  File "E:\Project_python\api_cms\common\requests_util.py", line 142, in replace_load
    new_value = getattr(DubugTalk(), func_name)(*args_value.split(','))
  File "E:\Project_python\api_cms\debug_talk.py", line 26, in get_extract_data
    return read_extract_file(node_name)
  File "E:\Project_python\api_cms\common\yaml_util.py", line 19, in read_extract_file
    return value[one_node]
TypeError: 'NoneType' object is not subscriptable


[2023-11-08 14:10:51,864] logger_util.py->write_log line:61 [INFO] 
-------------接口请求开始-----------
[2023-11-08 14:10:51,864] logger_util.py->write_log line:61 [INFO] 接口名称：获取所有画面节点
[2023-11-08 14:10:51,864] logger_util.py->write_log line:61 [INFO] 接口方式：get
[2023-11-08 14:10:51,864] logger_util.py->write_log line:61 [INFO] 接口路径：http://127.0.0.1:18000/api/v1/view/node
[2023-11-08 14:10:51,864] logger_util.py->write_log line:61 [INFO] 请求头：{'Content-Type': 'application/json;charset=UTF-8', 'X-Project': 'cade0634c4a44304911e8cfdb1b8f8b9'}
[2023-11-08 14:10:51,865] logger_util.py->write_log line:61 [INFO] 文件上传：None
[2023-11-08 14:10:51,871] logger_util.py->write_log line:61 [INFO] 预期结果：[{'equals': {'status_code': 200}}]
[2023-11-08 14:10:51,871] logger_util.py->write_log line:61 [INFO] 实际结果：[{'id': 13, 'parentId': None, 'name': '新建页面251', 'type': 1, 'sort': 1, 'createTime': '2023-11-08T14:10:51.6708201', 'updateTime': '2023-11-08T14:10:51.6879691'}]
[2023-11-08 14:10:51,871] logger_util.py->write_log line:61 [INFO] 接口请求成功！
[2023-11-08 14:10:51,872] logger_util.py->write_log line:61 [INFO] 
-------------接口请求结束-----------

[2023-11-08 14:10:51,879] logger_util.py->write_log line:61 [INFO] 
-------------接口请求开始-----------
[2023-11-08 14:10:51,879] logger_util.py->write_log line:61 [INFO] 接口名称：获取画面节点树
[2023-11-08 14:10:51,879] logger_util.py->write_log line:61 [INFO] 接口方式：get
[2023-11-08 14:10:51,879] logger_util.py->write_log line:61 [INFO] 接口路径：http://127.0.0.1:18000/api/v1/view/node/tree
[2023-11-08 14:10:51,879] logger_util.py->write_log line:61 [INFO] 请求头：{'Content-Type': 'application/json;charset=UTF-8', 'X-Project': 'cade0634c4a44304911e8cfdb1b8f8b9'}
[2023-11-08 14:10:51,879] logger_util.py->write_log line:61 [INFO] 文件上传：None
[2023-11-08 14:10:51,890] logger_util.py->write_log line:61 [INFO] 预期结果：[{'equals': {'status_code': 200}}]
[2023-11-08 14:10:51,890] logger_util.py->write_log line:61 [INFO] 实际结果：[{'child': [], 'hasEvent': False, 'id': 13, 'parentId': None, 'name': '新建页面251', 'type': 1, 'sort': 1, 'createTime': '0001-01-01T00:00:00', 'updateTime': '2023-11-08T14:10:51.6879691'}]
[2023-11-08 14:10:51,890] logger_util.py->write_log line:61 [INFO] 接口请求成功！
[2023-11-08 14:10:51,890] logger_util.py->write_log line:61 [INFO] 
-------------接口请求结束-----------

[2023-11-08 14:10:51,899] logger_util.py->write_log line:61 [INFO] 
-------------接口请求开始-----------
[2023-11-08 14:10:51,899] logger_util.py->write_log line:61 [INFO] 接口名称：获取所有画面子节点
[2023-11-08 14:10:51,899] logger_util.py->write_log line:61 [INFO] 接口方式：get
[2023-11-08 14:10:51,899] logger_util.py->write_log line:61 [INFO] 接口路径：http://127.0.0.1:18000/api/v1/view/node/subs
[2023-11-08 14:10:51,900] logger_util.py->write_log line:61 [INFO] 请求头：{'Content-Type': 'application/json;charset=UTF-8', 'X-Project': 'cade0634c4a44304911e8cfdb1b8f8b9'}
[2023-11-08 14:10:51,900] logger_util.py->write_log line:61 [INFO] 文件上传：None
[2023-11-08 14:10:51,906] logger_util.py->write_log line:61 [INFO] 预期结果：[{'equals': {'status_code': 200}}]
[2023-11-08 14:10:51,906] logger_util.py->write_log line:61 [INFO] 实际结果：[{'id': 13, 'parentId': None, 'name': '新建页面251', 'type': 1, 'sort': 1, 'createTime': '2023-11-08T14:10:51.6708201', 'updateTime': '2023-11-08T14:10:51.6879691'}]
[2023-11-08 14:10:51,906] logger_util.py->write_log line:61 [INFO] 接口请求成功！
[2023-11-08 14:10:51,906] logger_util.py->write_log line:61 [INFO] 
-------------接口请求结束-----------

[2023-11-08 14:10:51,915] logger_util.py->error_log line:65 [INFO] 发送请求异常：异常信息: Traceback (most recent call last):
  File "E:\Project_python\api_cms\common\requests_util.py", line 302, in send_request
    self.base_url = self.replace_load(self.base_url) + self.replace_load(url)
  File "E:\Project_python\api_cms\common\requests_util.py", line 142, in replace_load
    new_value = getattr(DubugTalk(), func_name)(*args_value.split(','))
  File "E:\Project_python\api_cms\debug_talk.py", line 26, in get_extract_data
    return read_extract_file(node_name)
  File "E:\Project_python\api_cms\common\yaml_util.py", line 19, in read_extract_file
    return value[one_node]
TypeError: 'NoneType' object is not subscriptable

[2023-11-08 14:10:51,915] logger_util.py->error_log line:65 [INFO] 分析YAML文件异常：异常信息: Traceback (most recent call last):
  File "E:\Project_python\api_cms\common\requests_util.py", line 302, in send_request
    self.base_url = self.replace_load(self.base_url) + self.replace_load(url)
  File "E:\Project_python\api_cms\common\requests_util.py", line 142, in replace_load
    new_value = getattr(DubugTalk(), func_name)(*args_value.split(','))
  File "E:\Project_python\api_cms\debug_talk.py", line 26, in get_extract_data
    return read_extract_file(node_name)
  File "E:\Project_python\api_cms\common\yaml_util.py", line 19, in read_extract_file
    return value[one_node]
TypeError: 'NoneType' object is not subscriptable

During handling of the above exception, another exception occurred:

Traceback (most recent call last):
  File "E:\Project_python\api_cms\common\requests_util.py", line 189, in analysis_yaml
    res = self.send_request(name =name,method=method,
  File "E:\Project_python\api_cms\common\requests_util.py", line 328, in send_request
    error_log("发送请求异常：异常信息: %s" % str(traceback.format_exc()))
  File "E:\Project_python\api_cms\common\logger_util.py", line 66, in error_log
    raise Exception(log_message)
Exception: 发送请求异常：异常信息: Traceback (most recent call last):
  File "E:\Project_python\api_cms\common\requests_util.py", line 302, in send_request
    self.base_url = self.replace_load(self.base_url) + self.replace_load(url)
  File "E:\Project_python\api_cms\common\requests_util.py", line 142, in replace_load
    new_value = getattr(DubugTalk(), func_name)(*args_value.split(','))
  File "E:\Project_python\api_cms\debug_talk.py", line 26, in get_extract_data
    return read_extract_file(node_name)
  File "E:\Project_python\api_cms\common\yaml_util.py", line 19, in read_extract_file
    return value[one_node]
TypeError: 'NoneType' object is not subscriptable


[2023-11-08 14:10:51,971] logger_util.py->write_log line:61 [INFO] 
-------------接口请求开始-----------
[2023-11-08 14:10:51,972] logger_util.py->write_log line:61 [INFO] 接口名称：创建画面节点
[2023-11-08 14:10:51,972] logger_util.py->write_log line:61 [INFO] 接口方式：post
[2023-11-08 14:10:51,972] logger_util.py->write_log line:61 [INFO] 接口路径：http://127.0.0.1:18000/api/v1/view/node?copyFrom=
[2023-11-08 14:10:51,972] logger_util.py->write_log line:61 [INFO] 请求头：{'Content-Type': 'application/json;charset=UTF-8', 'X-Project': 'cade0634c4a44304911e8cfdb1b8f8b9'}
[2023-11-08 14:10:51,972] logger_util.py->write_log line:61 [INFO] 请求参数：{'name': '新建页面299', 'parentId': None, 'type': 1, 'sort': 2}
[2023-11-08 14:10:51,972] logger_util.py->write_log line:61 [INFO] 文件上传：None
[2023-11-08 14:10:52,033] logger_util.py->write_log line:61 [INFO] 预期结果：[{'equals': {'status_code': 200}}]
[2023-11-08 14:10:52,034] logger_util.py->write_log line:61 [INFO] 实际结果：14
[2023-11-08 14:10:52,034] logger_util.py->write_log line:61 [INFO] 接口请求成功！
[2023-11-08 14:10:52,034] logger_util.py->write_log line:61 [INFO] 
-------------接口请求结束-----------

[2023-11-08 14:10:52,039] logger_util.py->error_log line:65 [INFO] 发送请求异常：异常信息: Traceback (most recent call last):
  File "E:\Project_python\api_cms\common\requests_util.py", line 302, in send_request
    self.base_url = self.replace_load(self.base_url) + self.replace_load(url)
  File "E:\Project_python\api_cms\common\requests_util.py", line 142, in replace_load
    new_value = getattr(DubugTalk(), func_name)(*args_value.split(','))
  File "E:\Project_python\api_cms\debug_talk.py", line 26, in get_extract_data
    return read_extract_file(node_name)
  File "E:\Project_python\api_cms\common\yaml_util.py", line 19, in read_extract_file
    return value[one_node]
TypeError: 'NoneType' object is not subscriptable

[2023-11-08 14:10:52,040] logger_util.py->error_log line:65 [INFO] 分析YAML文件异常：异常信息: Traceback (most recent call last):
  File "E:\Project_python\api_cms\common\requests_util.py", line 302, in send_request
    self.base_url = self.replace_load(self.base_url) + self.replace_load(url)
  File "E:\Project_python\api_cms\common\requests_util.py", line 142, in replace_load
    new_value = getattr(DubugTalk(), func_name)(*args_value.split(','))
  File "E:\Project_python\api_cms\debug_talk.py", line 26, in get_extract_data
    return read_extract_file(node_name)
  File "E:\Project_python\api_cms\common\yaml_util.py", line 19, in read_extract_file
    return value[one_node]
TypeError: 'NoneType' object is not subscriptable

During handling of the above exception, another exception occurred:

Traceback (most recent call last):
  File "E:\Project_python\api_cms\common\requests_util.py", line 189, in analysis_yaml
    res = self.send_request(name =name,method=method,
  File "E:\Project_python\api_cms\common\requests_util.py", line 328, in send_request
    error_log("发送请求异常：异常信息: %s" % str(traceback.format_exc()))
  File "E:\Project_python\api_cms\common\logger_util.py", line 66, in error_log
    raise Exception(log_message)
Exception: 发送请求异常：异常信息: Traceback (most recent call last):
  File "E:\Project_python\api_cms\common\requests_util.py", line 302, in send_request
    self.base_url = self.replace_load(self.base_url) + self.replace_load(url)
  File "E:\Project_python\api_cms\common\requests_util.py", line 142, in replace_load
    new_value = getattr(DubugTalk(), func_name)(*args_value.split(','))
  File "E:\Project_python\api_cms\debug_talk.py", line 26, in get_extract_data
    return read_extract_file(node_name)
  File "E:\Project_python\api_cms\common\yaml_util.py", line 19, in read_extract_file
    return value[one_node]
TypeError: 'NoneType' object is not subscriptable


[2023-11-08 14:10:52,100] logger_util.py->write_log line:61 [INFO] 
-------------接口请求开始-----------
[2023-11-08 14:10:52,100] logger_util.py->write_log line:61 [INFO] 接口名称：创建画面节点1
[2023-11-08 14:10:52,100] logger_util.py->write_log line:61 [INFO] 接口方式：post
[2023-11-08 14:10:52,100] logger_util.py->write_log line:61 [INFO] 接口路径：http://127.0.0.1:18000/api/v1/view/node?copyFrom=
[2023-11-08 14:10:52,100] logger_util.py->write_log line:61 [INFO] 请求头：{'Content-Type': 'application/json;charset=UTF-8', 'X-Project': 'cade0634c4a44304911e8cfdb1b8f8b9'}
[2023-11-08 14:10:52,100] logger_util.py->write_log line:61 [INFO] 请求参数：{'name': '新建页面762', 'parentId': None, 'type': 1, 'sort': 2}
[2023-11-08 14:10:52,101] logger_util.py->write_log line:61 [INFO] 文件上传：None
[2023-11-08 14:10:52,180] logger_util.py->write_log line:61 [INFO] 预期结果：[{'equals': {'status_code': 200}}]
[2023-11-08 14:10:52,181] logger_util.py->write_log line:61 [INFO] 实际结果：15
[2023-11-08 14:10:52,181] logger_util.py->write_log line:61 [INFO] 接口请求成功！
[2023-11-08 14:10:52,181] logger_util.py->write_log line:61 [INFO] 
-------------接口请求结束-----------

[2023-11-08 14:10:52,187] logger_util.py->write_log line:61 [INFO] 
-------------接口请求开始-----------
[2023-11-08 14:10:52,187] logger_util.py->write_log line:61 [INFO] 接口名称：创建画面节点2
[2023-11-08 14:10:52,187] logger_util.py->write_log line:61 [INFO] 接口方式：post
[2023-11-08 14:10:52,188] logger_util.py->write_log line:61 [INFO] 接口路径：http://127.0.0.1:18000/api/v1/view/node?copyFrom=
[2023-11-08 14:10:52,188] logger_util.py->write_log line:61 [INFO] 请求头：{'Content-Type': 'application/json;charset=UTF-8', 'X-Project': 'cade0634c4a44304911e8cfdb1b8f8b9'}
[2023-11-08 14:10:52,188] logger_util.py->write_log line:61 [INFO] 请求参数：{'name': '新建页面117', 'parentId': None, 'type': 1, 'sort': 3}
[2023-11-08 14:10:52,188] logger_util.py->write_log line:61 [INFO] 文件上传：None
[2023-11-08 14:10:52,242] logger_util.py->write_log line:61 [INFO] 预期结果：[{'equals': {'status_code': 200}}]
[2023-11-08 14:10:52,242] logger_util.py->write_log line:61 [INFO] 实际结果：16
[2023-11-08 14:10:52,242] logger_util.py->write_log line:61 [INFO] 接口请求成功！
[2023-11-08 14:10:52,242] logger_util.py->write_log line:61 [INFO] 
-------------接口请求结束-----------

[2023-11-08 14:10:52,251] logger_util.py->error_log line:65 [INFO] 发送请求异常：异常信息: Traceback (most recent call last):
  File "E:\Project_python\api_cms\common\requests_util.py", line 309, in send_request
    kwargs[key] = self.replace_load(value)
  File "E:\Project_python\api_cms\common\requests_util.py", line 142, in replace_load
    new_value = getattr(DubugTalk(), func_name)(*args_value.split(','))
  File "E:\Project_python\api_cms\debug_talk.py", line 26, in get_extract_data
    return read_extract_file(node_name)
  File "E:\Project_python\api_cms\common\yaml_util.py", line 19, in read_extract_file
    return value[one_node]
TypeError: 'NoneType' object is not subscriptable

[2023-11-08 14:10:52,251] logger_util.py->error_log line:65 [INFO] 分析YAML文件异常：异常信息: Traceback (most recent call last):
  File "E:\Project_python\api_cms\common\requests_util.py", line 309, in send_request
    kwargs[key] = self.replace_load(value)
  File "E:\Project_python\api_cms\common\requests_util.py", line 142, in replace_load
    new_value = getattr(DubugTalk(), func_name)(*args_value.split(','))
  File "E:\Project_python\api_cms\debug_talk.py", line 26, in get_extract_data
    return read_extract_file(node_name)
  File "E:\Project_python\api_cms\common\yaml_util.py", line 19, in read_extract_file
    return value[one_node]
TypeError: 'NoneType' object is not subscriptable

During handling of the above exception, another exception occurred:

Traceback (most recent call last):
  File "E:\Project_python\api_cms\common\requests_util.py", line 189, in analysis_yaml
    res = self.send_request(name =name,method=method,
  File "E:\Project_python\api_cms\common\requests_util.py", line 328, in send_request
    error_log("发送请求异常：异常信息: %s" % str(traceback.format_exc()))
  File "E:\Project_python\api_cms\common\logger_util.py", line 66, in error_log
    raise Exception(log_message)
Exception: 发送请求异常：异常信息: Traceback (most recent call last):
  File "E:\Project_python\api_cms\common\requests_util.py", line 309, in send_request
    kwargs[key] = self.replace_load(value)
  File "E:\Project_python\api_cms\common\requests_util.py", line 142, in replace_load
    new_value = getattr(DubugTalk(), func_name)(*args_value.split(','))
  File "E:\Project_python\api_cms\debug_talk.py", line 26, in get_extract_data
    return read_extract_file(node_name)
  File "E:\Project_python\api_cms\common\yaml_util.py", line 19, in read_extract_file
    return value[one_node]
TypeError: 'NoneType' object is not subscriptable


[2023-11-08 14:10:52,304] logger_util.py->write_log line:61 [INFO] 
-------------接口请求开始-----------
[2023-11-08 14:10:52,304] logger_util.py->write_log line:61 [INFO] 接口名称：创建画面节点3
[2023-11-08 14:10:52,304] logger_util.py->write_log line:61 [INFO] 接口方式：post
[2023-11-08 14:10:52,304] logger_util.py->write_log line:61 [INFO] 接口路径：http://127.0.0.1:18000/api/v1/view/node?copyFrom=
[2023-11-08 14:10:52,305] logger_util.py->write_log line:61 [INFO] 请求头：{'Content-Type': 'application/json;charset=UTF-8', 'X-Project': 'cade0634c4a44304911e8cfdb1b8f8b9'}
[2023-11-08 14:10:52,305] logger_util.py->write_log line:61 [INFO] 请求参数：{'name': '子画面364', 'parentId': None, 'type': 1, 'sort': 1}
[2023-11-08 14:10:52,305] logger_util.py->write_log line:61 [INFO] 文件上传：None
[2023-11-08 14:10:52,366] logger_util.py->write_log line:61 [INFO] 预期结果：[{'equals': {'status_code': 200}}]
[2023-11-08 14:10:52,366] logger_util.py->write_log line:61 [INFO] 实际结果：17
[2023-11-08 14:10:52,366] logger_util.py->write_log line:61 [INFO] 接口请求成功！
[2023-11-08 14:10:52,366] logger_util.py->write_log line:61 [INFO] 
-------------接口请求结束-----------

[2023-11-08 14:10:52,373] logger_util.py->error_log line:65 [INFO] 发送请求异常：异常信息: Traceback (most recent call last):
  File "E:\Project_python\api_cms\common\requests_util.py", line 302, in send_request
    self.base_url = self.replace_load(self.base_url) + self.replace_load(url)
  File "E:\Project_python\api_cms\common\requests_util.py", line 142, in replace_load
    new_value = getattr(DubugTalk(), func_name)(*args_value.split(','))
  File "E:\Project_python\api_cms\debug_talk.py", line 26, in get_extract_data
    return read_extract_file(node_name)
  File "E:\Project_python\api_cms\common\yaml_util.py", line 19, in read_extract_file
    return value[one_node]
TypeError: 'NoneType' object is not subscriptable

[2023-11-08 14:10:52,373] logger_util.py->error_log line:65 [INFO] 分析YAML文件异常：异常信息: Traceback (most recent call last):
  File "E:\Project_python\api_cms\common\requests_util.py", line 302, in send_request
    self.base_url = self.replace_load(self.base_url) + self.replace_load(url)
  File "E:\Project_python\api_cms\common\requests_util.py", line 142, in replace_load
    new_value = getattr(DubugTalk(), func_name)(*args_value.split(','))
  File "E:\Project_python\api_cms\debug_talk.py", line 26, in get_extract_data
    return read_extract_file(node_name)
  File "E:\Project_python\api_cms\common\yaml_util.py", line 19, in read_extract_file
    return value[one_node]
TypeError: 'NoneType' object is not subscriptable

During handling of the above exception, another exception occurred:

Traceback (most recent call last):
  File "E:\Project_python\api_cms\common\requests_util.py", line 189, in analysis_yaml
    res = self.send_request(name =name,method=method,
  File "E:\Project_python\api_cms\common\requests_util.py", line 328, in send_request
    error_log("发送请求异常：异常信息: %s" % str(traceback.format_exc()))
  File "E:\Project_python\api_cms\common\logger_util.py", line 66, in error_log
    raise Exception(log_message)
Exception: 发送请求异常：异常信息: Traceback (most recent call last):
  File "E:\Project_python\api_cms\common\requests_util.py", line 302, in send_request
    self.base_url = self.replace_load(self.base_url) + self.replace_load(url)
  File "E:\Project_python\api_cms\common\requests_util.py", line 142, in replace_load
    new_value = getattr(DubugTalk(), func_name)(*args_value.split(','))
  File "E:\Project_python\api_cms\debug_talk.py", line 26, in get_extract_data
    return read_extract_file(node_name)
  File "E:\Project_python\api_cms\common\yaml_util.py", line 19, in read_extract_file
    return value[one_node]
TypeError: 'NoneType' object is not subscriptable


