[2023-11-23 16:31:08,182] logger_util.py->write_log line:61 [INFO] 
-------------接口请求开始-----------
[2023-11-23 16:31:08,182] logger_util.py->write_log line:61 [INFO] 接口名称：创建语言列表
[2023-11-23 16:31:08,182] logger_util.py->write_log line:61 [INFO] 接口方式：post
[2023-11-23 16:31:08,182] logger_util.py->write_log line:61 [INFO] 接口路径：http://127.0.0.1:18000/api/v1/multiplelanguage/languagelist
[2023-11-23 16:31:08,182] logger_util.py->write_log line:61 [INFO] 请求头：{'X-Project': 'd800d1a6d0be4623aaa824c28dc71981'}
[2023-11-23 16:31:08,183] logger_util.py->write_log line:61 [INFO] 请求参数：{'languageType': 'zh-CN'}
[2023-11-23 16:31:08,183] logger_util.py->write_log line:61 [INFO] 文件上传：None
[2023-11-23 16:31:08,195] logger_util.py->write_log line:61 [INFO] 预期结果：[{'equals': {'status_code': 200}}]
[2023-11-23 16:31:08,196] logger_util.py->write_log line:61 [INFO] 实际结果：{'id': 35, 'languageType': 'zh-CN', 'name': '中文（中国）', 'enable': True, 'createDateTime': '2023-11-23T16:31:08.1898473+08:00'}
[2023-11-23 16:31:08,196] logger_util.py->write_log line:61 [INFO] 接口请求成功！
[2023-11-23 16:31:08,196] logger_util.py->write_log line:61 [INFO] 
-------------接口请求结束-----------

[2023-11-23 16:31:08,201] logger_util.py->write_log line:61 [INFO] 
-------------接口请求开始-----------
[2023-11-23 16:31:08,201] logger_util.py->write_log line:61 [INFO] 接口名称：获取语言列表
[2023-11-23 16:31:08,202] logger_util.py->write_log line:61 [INFO] 接口方式：get
[2023-11-23 16:31:08,202] logger_util.py->write_log line:61 [INFO] 接口路径：http://127.0.0.1:18000/api/v1/multiplelanguage/languagelist
[2023-11-23 16:31:08,202] logger_util.py->write_log line:61 [INFO] 请求头：{'X-Project': 'd800d1a6d0be4623aaa824c28dc71981'}
[2023-11-23 16:31:08,202] logger_util.py->write_log line:61 [INFO] 文件上传：None
[2023-11-23 16:31:08,221] logger_util.py->write_log line:61 [INFO] 预期结果：[{'equals': {'status_code': 200}}]
[2023-11-23 16:31:08,221] logger_util.py->write_log line:61 [INFO] 实际结果：[{'id': 34, 'languageType': 'en-US', 'name': 'English (United States)', 'enable': True, 'createDateTime': '2023-11-23T16:20:50.1716806'}, {'id': 35, 'languageType': 'zh-CN', 'name': '中文（中国）', 'enable': True, 'createDateTime': '2023-11-23T16:31:08.1898473'}]
[2023-11-23 16:31:08,221] logger_util.py->write_log line:61 [INFO] 接口请求成功！
[2023-11-23 16:31:08,221] logger_util.py->write_log line:61 [INFO] 
-------------接口请求结束-----------

[2023-11-23 16:31:08,226] logger_util.py->write_log line:61 [INFO] 
-------------接口请求开始-----------
[2023-11-23 16:31:08,226] logger_util.py->write_log line:61 [INFO] 接口名称：获取所有语言列表类型
[2023-11-23 16:31:08,226] logger_util.py->write_log line:61 [INFO] 接口方式：get
[2023-11-23 16:31:08,226] logger_util.py->write_log line:61 [INFO] 接口路径：http://127.0.0.1:18000/api/v1/multiplelanguage/languagelist/languagetype
[2023-11-23 16:31:08,226] logger_util.py->write_log line:61 [INFO] 请求头：{'X-Project': 'd800d1a6d0be4623aaa824c28dc71981'}
[2023-11-23 16:31:08,226] logger_util.py->write_log line:61 [INFO] 文件上传：None
[2023-11-23 16:31:08,244] logger_util.py->write_log line:61 [INFO] 预期结果：[{'equals': {'status_code': 200}}]
[2023-11-23 16:31:08,244] logger_util.py->write_log line:61 [INFO] 实际结果：[{'languageType': 'en-US', 'name': 'English (United States)'}, {'languageType': 'zh-CN', 'name': '中文（中国）'}]
[2023-11-23 16:31:08,244] logger_util.py->write_log line:61 [INFO] 接口请求成功！
[2023-11-23 16:31:08,245] logger_util.py->write_log line:61 [INFO] 
-------------接口请求结束-----------

[2023-11-23 16:31:08,255] logger_util.py->write_log line:61 [INFO] 
-------------接口请求开始-----------
[2023-11-23 16:31:08,255] logger_util.py->write_log line:61 [INFO] 接口名称：关闭语言状态
[2023-11-23 16:31:08,256] logger_util.py->write_log line:61 [INFO] 接口方式：put
[2023-11-23 16:31:08,256] logger_util.py->write_log line:61 [INFO] 接口路径：http://127.0.0.1:18000/api/v1/multiplelanguage/languagelist/35/switch
[2023-11-23 16:31:08,256] logger_util.py->write_log line:61 [INFO] 请求头：{'X-Project': 'd800d1a6d0be4623aaa824c28dc71981'}
[2023-11-23 16:31:08,256] logger_util.py->write_log line:61 [INFO] 请求参数：ddt{{false}}
[2023-11-23 16:31:08,256] logger_util.py->write_log line:61 [INFO] 文件上传：None
[2023-11-23 16:31:08,266] logger_util.py->write_log line:61 [INFO] 预期结果：[{'equals': {'status_code': 200}}]
[2023-11-23 16:31:08,266] logger_util.py->write_log line:61 [INFO] 实际结果：False
[2023-11-23 16:31:08,266] logger_util.py->write_log line:61 [INFO] 接口请求成功！
[2023-11-23 16:31:08,267] logger_util.py->write_log line:61 [INFO] 
-------------接口请求结束-----------

[2023-11-23 16:31:08,273] logger_util.py->write_log line:61 [INFO] 
-------------接口请求开始-----------
[2023-11-23 16:31:08,273] logger_util.py->write_log line:61 [INFO] 接口名称：开启语言状态
[2023-11-23 16:31:08,273] logger_util.py->write_log line:61 [INFO] 接口方式：put
[2023-11-23 16:31:08,273] logger_util.py->write_log line:61 [INFO] 接口路径：http://127.0.0.1:18000/api/v1/multiplelanguage/languagelist/35/switch
[2023-11-23 16:31:08,273] logger_util.py->write_log line:61 [INFO] 请求头：{'X-Project': 'd800d1a6d0be4623aaa824c28dc71981'}
[2023-11-23 16:31:08,273] logger_util.py->write_log line:61 [INFO] 请求参数：ddt{{true}}
[2023-11-23 16:31:08,273] logger_util.py->write_log line:61 [INFO] 文件上传：None
[2023-11-23 16:31:08,283] logger_util.py->write_log line:61 [INFO] 预期结果：[{'equals': {'status_code': 200}}]
[2023-11-23 16:31:08,283] logger_util.py->write_log line:61 [INFO] 实际结果：True
[2023-11-23 16:31:08,283] logger_util.py->write_log line:61 [INFO] 接口请求成功！
[2023-11-23 16:31:08,283] logger_util.py->write_log line:61 [INFO] 
-------------接口请求结束-----------

[2023-11-23 16:31:08,289] logger_util.py->write_log line:61 [INFO] 
-------------接口请求开始-----------
[2023-11-23 16:31:08,289] logger_util.py->write_log line:61 [INFO] 接口名称：编辑语言列表
[2023-11-23 16:31:08,290] logger_util.py->write_log line:61 [INFO] 接口方式：put
[2023-11-23 16:31:08,290] logger_util.py->write_log line:61 [INFO] 接口路径：http://127.0.0.1:18000/api/v1/multiplelanguage/languagelist/35
[2023-11-23 16:31:08,290] logger_util.py->write_log line:61 [INFO] 请求头：{'X-Project': 'd800d1a6d0be4623aaa824c28dc71981'}
[2023-11-23 16:31:08,290] logger_util.py->write_log line:61 [INFO] 请求参数：{'languageType': 'en-US'}
[2023-11-23 16:31:08,290] logger_util.py->write_log line:61 [INFO] 文件上传：None
[2023-11-23 16:31:08,293] logger_util.py->error_log line:65 [INFO] 断言失败:status_code不等于200
[2023-11-23 16:31:08,294] logger_util.py->write_log line:61 [INFO] 实际结果：English (United States)已存在
[2023-11-23 16:31:08,294] logger_util.py->write_log line:61 [INFO] 接口请求失败！
[2023-11-23 16:31:08,294] logger_util.py->write_log line:61 [INFO] -------------接口请求结束-----------

[2023-11-23 16:31:08,295] logger_util.py->error_log line:65 [INFO] 断言异常：异常信息: Traceback (most recent call last):
  File "E:\Project_python\api_cms\common\requests_util.py", line 366, in validate_result
    error_log("断言失败:"+assert_key+"不等于"+str(assert_value))
  File "E:\Project_python\api_cms\common\logger_util.py", line 66, in error_log
    raise Exception(log_message)
Exception: 断言失败:status_code不等于200

[2023-11-23 16:31:08,295] logger_util.py->error_log line:65 [INFO] 分析YAML文件异常：异常信息: Traceback (most recent call last):
  File "E:\Project_python\api_cms\common\requests_util.py", line 366, in validate_result
    error_log("断言失败:"+assert_key+"不等于"+str(assert_value))
  File "E:\Project_python\api_cms\common\logger_util.py", line 66, in error_log
    raise Exception(log_message)
Exception: 断言失败:status_code不等于200

During handling of the above exception, another exception occurred:

Traceback (most recent call last):
  File "E:\Project_python\api_cms\common\requests_util.py", line 263, in analysis_yaml
    self.validate_result(yq_result, return_text, status_code)
  File "E:\Project_python\api_cms\common\requests_util.py", line 446, in validate_result
    error_log("断言异常：异常信息: %s" % str(traceback.format_exc()))
  File "E:\Project_python\api_cms\common\logger_util.py", line 66, in error_log
    raise Exception(log_message)
Exception: 断言异常：异常信息: Traceback (most recent call last):
  File "E:\Project_python\api_cms\common\requests_util.py", line 366, in validate_result
    error_log("断言失败:"+assert_key+"不等于"+str(assert_value))
  File "E:\Project_python\api_cms\common\logger_util.py", line 66, in error_log
    raise Exception(log_message)
Exception: 断言失败:status_code不等于200


[2023-11-23 16:31:08,417] logger_util.py->write_log line:61 [INFO] 
-------------接口请求开始-----------
[2023-11-23 16:31:08,418] logger_util.py->write_log line:61 [INFO] 接口名称：保存翻译文本列表
[2023-11-23 16:31:08,418] logger_util.py->write_log line:61 [INFO] 接口方式：put
[2023-11-23 16:31:08,418] logger_util.py->write_log line:61 [INFO] 接口路径：http://127.0.0.1:18000/api/v1/multiplelanguage/35
[2023-11-23 16:31:08,418] logger_util.py->write_log line:61 [INFO] 请求头：{'X-Project': 'd800d1a6d0be4623aaa824c28dc71981'}
[2023-11-23 16:31:08,418] logger_util.py->write_log line:61 [INFO] 请求参数：[{'originalId': 0, 'originalText': '原始文本1', 'translationText': 'Original Text 1'}]
[2023-11-23 16:31:08,418] logger_util.py->write_log line:61 [INFO] 文件上传：None
[2023-11-23 16:31:08,443] logger_util.py->write_log line:61 [INFO] 预期结果：[{'equals': {'status_code': 200}}]
[2023-11-23 16:31:08,443] logger_util.py->write_log line:61 [INFO] 实际结果：
[2023-11-23 16:31:08,443] logger_util.py->write_log line:61 [INFO] 接口请求成功！
[2023-11-23 16:31:08,443] logger_util.py->write_log line:61 [INFO] 
-------------接口请求结束-----------

[2023-11-23 16:31:08,449] logger_util.py->write_log line:61 [INFO] 
-------------接口请求开始-----------
[2023-11-23 16:31:08,449] logger_util.py->write_log line:61 [INFO] 接口名称：获取翻译文本列表
[2023-11-23 16:31:08,449] logger_util.py->write_log line:61 [INFO] 接口方式：get
[2023-11-23 16:31:08,449] logger_util.py->write_log line:61 [INFO] 接口路径：http://127.0.0.1:18000/api/v1/multiplelanguage/19/0/2/
[2023-11-23 16:31:08,450] logger_util.py->write_log line:61 [INFO] 请求头：{'X-Project': 'd800d1a6d0be4623aaa824c28dc71981'}
[2023-11-23 16:31:08,450] logger_util.py->write_log line:61 [INFO] 文件上传：None
[2023-11-23 16:31:08,472] logger_util.py->write_log line:61 [INFO] 预期结果：[{'equals': {'status_code': 200}}]
[2023-11-23 16:31:08,472] logger_util.py->write_log line:61 [INFO] 实际结果：{'total': 1, 'translated': 0, 'payload': [{'no': 1, 'originalId': 25, 'originalText': '原始文本1', 'translationText': '', 'automatic': False}]}
[2023-11-23 16:31:08,472] logger_util.py->write_log line:61 [INFO] 接口请求成功！
[2023-11-23 16:31:08,473] logger_util.py->write_log line:61 [INFO] 
-------------接口请求结束-----------

[2023-11-23 16:31:08,482] logger_util.py->write_log line:61 [INFO] 
-------------接口请求开始-----------
[2023-11-23 16:31:08,483] logger_util.py->write_log line:61 [INFO] 接口名称：删除翻译文本
[2023-11-23 16:31:08,483] logger_util.py->write_log line:61 [INFO] 接口方式：delete
[2023-11-23 16:31:08,483] logger_util.py->write_log line:61 [INFO] 接口路径：http://127.0.0.1:18000/api/v1/multiplelanguage/
[2023-11-23 16:31:08,483] logger_util.py->write_log line:61 [INFO] 请求头：{'X-Project': 'd800d1a6d0be4623aaa824c28dc71981'}
[2023-11-23 16:31:08,483] logger_util.py->write_log line:61 [INFO] 请求参数：['25']
[2023-11-23 16:31:08,483] logger_util.py->write_log line:61 [INFO] 文件上传：None
[2023-11-23 16:31:08,505] logger_util.py->write_log line:61 [INFO] 预期结果：[{'equals': {'status_code': 200}}]
[2023-11-23 16:31:08,505] logger_util.py->write_log line:61 [INFO] 实际结果：
[2023-11-23 16:31:08,505] logger_util.py->write_log line:61 [INFO] 接口请求成功！
[2023-11-23 16:31:08,505] logger_util.py->write_log line:61 [INFO] 
-------------接口请求结束-----------

