[2023-06-05 17:26:53,743] logger_util.py->write_log line:61 [INFO] -------------接口请求开始-----------
[2023-06-05 17:26:53,744] logger_util.py->write_log line:61 [INFO] 接口名称：创建报警等级
[2023-06-05 17:26:53,744] logger_util.py->write_log line:61 [INFO] 接口方式：post
[2023-06-05 17:26:53,744] logger_util.py->write_log line:61 [INFO] 接口路径：http://127.0.0.1:18000/api/v1/alarmlevel/add
[2023-06-05 17:26:53,744] logger_util.py->write_log line:61 [INFO] 请求头：{'Content-Type': 'application/json;charset=UTF-8', 'X-Project': 'da1746c3d0814e3da3c463b17bf73d6f'}
[2023-06-05 17:26:53,745] logger_util.py->write_log line:61 [INFO] 请求参数：[{'name': '报警等级41'}]
[2023-06-05 17:26:53,745] logger_util.py->write_log line:61 [INFO] 文件上传：None
[2023-06-05 17:26:53,891] logger_util.py->write_log line:61 [INFO] 预期结果：[{'equals': {'status_code': 200}}]
[2023-06-05 17:26:53,891] logger_util.py->write_log line:61 [INFO] 实际结果：[{'id': '3d62d019-9e84-47a2-8b75-db310da38b90', 'name': '报警等级41'}]
[2023-06-05 17:26:53,891] logger_util.py->write_log line:61 [INFO] 接口请求成功！
[2023-06-05 17:26:53,891] logger_util.py->write_log line:61 [INFO] -------------接口请求结束-----------

[2023-06-05 17:26:53,898] logger_util.py->write_log line:61 [INFO] -------------接口请求开始-----------
[2023-06-05 17:26:53,898] logger_util.py->write_log line:61 [INFO] 接口名称：创建报警类别组
[2023-06-05 17:26:53,898] logger_util.py->write_log line:61 [INFO] 接口方式：post
[2023-06-05 17:26:53,898] logger_util.py->write_log line:61 [INFO] 接口路径：http://127.0.0.1:18000/api/v1/alarmtypegroup/add
[2023-06-05 17:26:53,898] logger_util.py->write_log line:61 [INFO] 请求头：{'Content-Type': 'application/json;charset=UTF-8', 'X-Project': 'da1746c3d0814e3da3c463b17bf73d6f'}
[2023-06-05 17:26:53,898] logger_util.py->write_log line:61 [INFO] 请求参数：[{'name': '报警类别组82'}]
[2023-06-05 17:26:53,899] logger_util.py->write_log line:61 [INFO] 文件上传：None
[2023-06-05 17:26:54,828] logger_util.py->write_log line:61 [INFO] 预期结果：[{'equals': {'status_code': 200}}]
[2023-06-05 17:26:54,828] logger_util.py->write_log line:61 [INFO] 实际结果：[{'id': '58e6b984-5071-4648-8ca0-2eed6d707d00', 'name': '报警类别组82', 'sort': 15}]
[2023-06-05 17:26:54,828] logger_util.py->write_log line:61 [INFO] 接口请求成功！
[2023-06-05 17:26:54,828] logger_util.py->write_log line:61 [INFO] -------------接口请求结束-----------

[2023-06-05 17:26:54,838] logger_util.py->write_log line:61 [INFO] -------------接口请求开始-----------
[2023-06-05 17:26:54,838] logger_util.py->write_log line:61 [INFO] 接口名称：更新报警类别组
[2023-06-05 17:26:54,838] logger_util.py->write_log line:61 [INFO] 接口方式：put
[2023-06-05 17:26:54,838] logger_util.py->write_log line:61 [INFO] 接口路径：http://127.0.0.1:18000/api/v1/alarmtypegroup/update
[2023-06-05 17:26:54,838] logger_util.py->write_log line:61 [INFO] 请求头：{'Content-Type': 'application/json;charset=UTF-8', 'X-Project': 'da1746c3d0814e3da3c463b17bf73d6f'}
[2023-06-05 17:26:54,838] logger_util.py->write_log line:61 [INFO] 请求参数：[{'id': '58e6b984-5071-4648-8ca0-2eed6d707d00', 'name': '更新报警类别组81', 'sort': 1}]
[2023-06-05 17:26:54,839] logger_util.py->write_log line:61 [INFO] 文件上传：None
[2023-06-05 17:26:55,642] logger_util.py->write_log line:61 [INFO] 预期结果：[{'equals': {'status_code': 200}}]
[2023-06-05 17:26:55,642] logger_util.py->write_log line:61 [INFO] 实际结果：[{'id': '58e6b984-5071-4648-8ca0-2eed6d707d00', 'name': '更新报警类别组81', 'sort': 15}]
[2023-06-05 17:26:55,642] logger_util.py->write_log line:61 [INFO] 接口请求成功！
[2023-06-05 17:26:55,642] logger_util.py->write_log line:61 [INFO] -------------接口请求结束-----------

[2023-06-05 17:26:55,648] logger_util.py->write_log line:61 [INFO] -------------接口请求开始-----------
[2023-06-05 17:26:55,648] logger_util.py->write_log line:61 [INFO] 接口名称：删除报警类别组
[2023-06-05 17:26:55,648] logger_util.py->write_log line:61 [INFO] 接口方式：delete
[2023-06-05 17:26:55,648] logger_util.py->write_log line:61 [INFO] 接口路径：http://127.0.0.1:18000/api/v1/alarmtypegroup/delete
[2023-06-05 17:26:55,648] logger_util.py->write_log line:61 [INFO] 请求头：{'Content-Type': 'application/json;charset=UTF-8', 'X-Project': 'da1746c3d0814e3da3c463b17bf73d6f'}
[2023-06-05 17:26:55,648] logger_util.py->write_log line:61 [INFO] 请求参数：['58e6b984-5071-4648-8ca0-2eed6d707d00']
[2023-06-05 17:26:55,649] logger_util.py->write_log line:61 [INFO] 文件上传：None
[2023-06-05 17:26:56,580] logger_util.py->write_log line:61 [INFO] 预期结果：[{'equals': {'status_code': 200}}]
[2023-06-05 17:26:56,580] logger_util.py->write_log line:61 [INFO] 实际结果：Delete Success
[2023-06-05 17:26:56,580] logger_util.py->write_log line:61 [INFO] 接口请求成功！
[2023-06-05 17:26:56,580] logger_util.py->write_log line:61 [INFO] -------------接口请求结束-----------

[2023-06-05 17:26:56,586] logger_util.py->write_log line:61 [INFO] -------------接口请求开始-----------
[2023-06-05 17:26:56,586] logger_util.py->write_log line:61 [INFO] 接口名称：创建报警类别组
[2023-06-05 17:26:56,586] logger_util.py->write_log line:61 [INFO] 接口方式：post
[2023-06-05 17:26:56,586] logger_util.py->write_log line:61 [INFO] 接口路径：http://127.0.0.1:18000/api/v1/alarmtypegroup/add
[2023-06-05 17:26:56,586] logger_util.py->write_log line:61 [INFO] 请求头：{'Content-Type': 'application/json;charset=UTF-8', 'X-Project': 'da1746c3d0814e3da3c463b17bf73d6f'}
[2023-06-05 17:26:56,586] logger_util.py->write_log line:61 [INFO] 请求参数：[{'name': '报警类别组94'}]
[2023-06-05 17:26:56,586] logger_util.py->write_log line:61 [INFO] 文件上传：None
[2023-06-05 17:26:58,360] logger_util.py->write_log line:61 [INFO] 预期结果：[{'equals': {'status_code': 200}}]
[2023-06-05 17:26:58,360] logger_util.py->write_log line:61 [INFO] 实际结果：[{'id': '5c85a541-2656-4feb-9778-533a2bf1815d', 'name': '报警类别组94', 'sort': 15}]
[2023-06-05 17:26:58,360] logger_util.py->write_log line:61 [INFO] 接口请求成功！
[2023-06-05 17:26:58,360] logger_util.py->write_log line:61 [INFO] -------------接口请求结束-----------

[2023-06-05 17:26:58,376] logger_util.py->write_log line:61 [INFO] -------------接口请求开始-----------
[2023-06-05 17:26:58,376] logger_util.py->write_log line:61 [INFO] 接口名称：查询报警类别组
[2023-06-05 17:26:58,376] logger_util.py->write_log line:61 [INFO] 接口方式：get
[2023-06-05 17:26:58,376] logger_util.py->write_log line:61 [INFO] 接口路径：http://127.0.0.1:18000/api/v1/alarmtypegroup/query
[2023-06-05 17:26:58,376] logger_util.py->write_log line:61 [INFO] 请求头：{'Content-Type': 'application/json;charset=UTF-8', 'X-Project': 'da1746c3d0814e3da3c463b17bf73d6f'}
[2023-06-05 17:26:58,376] logger_util.py->write_log line:61 [INFO] 文件上传：None
[2023-06-05 17:26:58,380] logger_util.py->write_log line:61 [INFO] 预期结果：[{'equals': {'status_code': 200}}]
[2023-06-05 17:26:58,380] logger_util.py->write_log line:61 [INFO] 实际结果：[{'id': 'f8d1253c-0ee9-4de9-841f-e90c7991f5ad', 'name': '报警类别组309', 'sort': 5}, {'id': 'b43606d9-f064-4261-9bfe-bcb4ea692cfc', 'name': '报警类别组26', 'sort': 10}, {'id': '5c85a541-2656-4feb-9778-533a2bf1815d', 'name': '报警类别组94', 'sort': 15}]
[2023-06-05 17:26:58,380] logger_util.py->write_log line:61 [INFO] 接口请求成功！
[2023-06-05 17:26:58,380] logger_util.py->write_log line:61 [INFO] -------------接口请求结束-----------

[2023-06-05 17:26:58,390] logger_util.py->write_log line:61 [INFO] -------------接口请求开始-----------
[2023-06-05 17:26:58,390] logger_util.py->write_log line:61 [INFO] 接口名称：创建报警类别项
[2023-06-05 17:26:58,391] logger_util.py->write_log line:61 [INFO] 接口方式：post
[2023-06-05 17:26:58,391] logger_util.py->write_log line:61 [INFO] 接口路径：http://127.0.0.1:18000/api/v1/alarmtype/add
[2023-06-05 17:26:58,391] logger_util.py->write_log line:61 [INFO] 请求头：{'Content-Type': 'application/json;charset=UTF-8', 'X-Project': 'da1746c3d0814e3da3c463b17bf73d6f'}
[2023-06-05 17:26:58,391] logger_util.py->write_log line:61 [INFO] 请求参数：[{'name': '类别项32', 'groupID': '5c85a541-2656-4feb-9778-533a2bf1815d'}]
[2023-06-05 17:26:58,391] logger_util.py->write_log line:61 [INFO] 文件上传：None
[2023-06-05 17:26:58,514] logger_util.py->write_log line:61 [INFO] 预期结果：[{'equals': {'status_code': 200}}]
[2023-06-05 17:26:58,514] logger_util.py->write_log line:61 [INFO] 实际结果：[{'id': 'fb2ce5f6-6613-4a31-9727-4976e657e169', 'groupID': '5c85a541-2656-4feb-9778-533a2bf1815d', 'name': '类别项32', 'groupName': None}]
[2023-06-05 17:26:58,514] logger_util.py->write_log line:61 [INFO] 接口请求成功！
[2023-06-05 17:26:58,514] logger_util.py->write_log line:61 [INFO] -------------接口请求结束-----------

