[2022-12-02 13:50:25,352] logger_util.py->write_log line:61 [INFO] -------------接口请求开始-----------
[2022-12-02 13:50:25,353] logger_util.py->write_log line:61 [INFO] 接口名称：新建工程1
[2022-12-02 13:50:25,353] logger_util.py->write_log line:61 [INFO] 接口方式：post
[2022-12-02 13:50:25,353] logger_util.py->write_log line:61 [INFO] 接口路径：http://192.168.5.120:18000/api/v1/project/node
[2022-12-02 13:50:25,353] logger_util.py->write_log line:61 [INFO] 请求头：{'Content-Type': 'application/json;charset=UTF-8'}
[2022-12-02 13:50:25,353] logger_util.py->write_log line:61 [INFO] 请求参数：{'name': '工程1', 'path': 'E:\\APP\\CMS201', 'type': 1, 'parentId': 0}
[2022-12-02 13:50:25,354] logger_util.py->write_log line:61 [INFO] 文件上传：None
[2022-12-02 13:50:27,032] logger_util.py->write_log line:61 [INFO] 预期结果：[{'equals': {'status_code': 200}}]
[2022-12-02 13:50:27,032] logger_util.py->write_log line:61 [INFO] 实际结果：4
[2022-12-02 13:50:27,032] logger_util.py->write_log line:61 [INFO] 接口请求成功！
[2022-12-02 13:50:27,032] logger_util.py->write_log line:61 [INFO] -------------接口请求结束-----------

[2022-12-02 13:50:27,038] logger_util.py->write_log line:61 [INFO] -------------接口请求开始-----------
[2022-12-02 13:50:27,038] logger_util.py->write_log line:61 [INFO] 接口名称：新建工程2
[2022-12-02 13:50:27,038] logger_util.py->write_log line:61 [INFO] 接口方式：post
[2022-12-02 13:50:27,038] logger_util.py->write_log line:61 [INFO] 接口路径：http://192.168.5.120:18000/api/v1/project/node
[2022-12-02 13:50:27,038] logger_util.py->write_log line:61 [INFO] 请求头：{'Content-Type': 'application/json;charset=UTF-8'}
[2022-12-02 13:50:27,038] logger_util.py->write_log line:61 [INFO] 请求参数：{'name': '工程2', 'path': 'E:\\APP\\CMS201', 'type': 1, 'parentId': 0}
[2022-12-02 13:50:27,038] logger_util.py->write_log line:61 [INFO] 文件上传：None
[2022-12-02 13:50:28,049] logger_util.py->write_log line:61 [INFO] 预期结果：[{'equals': {'status_code': 200}}]
[2022-12-02 13:50:28,049] logger_util.py->write_log line:61 [INFO] 实际结果：5
[2022-12-02 13:50:28,050] logger_util.py->write_log line:61 [INFO] 接口请求成功！
[2022-12-02 13:50:28,050] logger_util.py->write_log line:61 [INFO] -------------接口请求结束-----------

[2022-12-02 13:50:28,055] logger_util.py->write_log line:61 [INFO] -------------接口请求开始-----------
[2022-12-02 13:50:28,055] logger_util.py->write_log line:61 [INFO] 接口名称：新建工程3
[2022-12-02 13:50:28,055] logger_util.py->write_log line:61 [INFO] 接口方式：post
[2022-12-02 13:50:28,055] logger_util.py->write_log line:61 [INFO] 接口路径：http://192.168.5.120:18000/api/v1/project/node
[2022-12-02 13:50:28,055] logger_util.py->write_log line:61 [INFO] 请求头：{'Content-Type': 'application/json;charset=UTF-8'}
[2022-12-02 13:50:28,056] logger_util.py->write_log line:61 [INFO] 请求参数：{'name': '工程3', 'path': 'E:\\APP\\CMS201', 'type': 1, 'parentId': 0}
[2022-12-02 13:50:28,056] logger_util.py->write_log line:61 [INFO] 文件上传：None
[2022-12-02 13:50:28,910] logger_util.py->write_log line:61 [INFO] 预期结果：[{'equals': {'status_code': 200}}]
[2022-12-02 13:50:28,911] logger_util.py->write_log line:61 [INFO] 实际结果：6
[2022-12-02 13:50:28,911] logger_util.py->write_log line:61 [INFO] 接口请求成功！
[2022-12-02 13:50:28,911] logger_util.py->write_log line:61 [INFO] -------------接口请求结束-----------

[2022-12-02 13:50:28,918] logger_util.py->write_log line:61 [INFO] -------------接口请求开始-----------
[2022-12-02 13:50:28,918] logger_util.py->write_log line:61 [INFO] 接口名称：新建工程4
[2022-12-02 13:50:28,918] logger_util.py->write_log line:61 [INFO] 接口方式：post
[2022-12-02 13:50:28,918] logger_util.py->write_log line:61 [INFO] 接口路径：http://192.168.5.120:18000/api/v1/project/node
[2022-12-02 13:50:28,918] logger_util.py->write_log line:61 [INFO] 请求头：{'Content-Type': 'application/json;charset=UTF-8'}
[2022-12-02 13:50:28,918] logger_util.py->write_log line:61 [INFO] 请求参数：{'name': '工程4', 'path': 'E:\\APP\\CMS201', 'type': 1, 'parentId': 0}
[2022-12-02 13:50:28,918] logger_util.py->write_log line:61 [INFO] 文件上传：None
[2022-12-02 13:50:29,759] logger_util.py->write_log line:61 [INFO] 预期结果：[{'equals': {'status_code': 200}}]
[2022-12-02 13:50:29,759] logger_util.py->write_log line:61 [INFO] 实际结果：7
[2022-12-02 13:50:29,759] logger_util.py->write_log line:61 [INFO] 接口请求成功！
[2022-12-02 13:50:29,759] logger_util.py->write_log line:61 [INFO] -------------接口请求结束-----------

[2022-12-02 13:50:29,764] logger_util.py->write_log line:61 [INFO] -------------接口请求开始-----------
[2022-12-02 13:50:29,765] logger_util.py->write_log line:61 [INFO] 接口名称：新建工程5
[2022-12-02 13:50:29,765] logger_util.py->write_log line:61 [INFO] 接口方式：post
[2022-12-02 13:50:29,765] logger_util.py->write_log line:61 [INFO] 接口路径：http://192.168.5.120:18000/api/v1/project/node
[2022-12-02 13:50:29,765] logger_util.py->write_log line:61 [INFO] 请求头：{'Content-Type': 'application/json;charset=UTF-8'}
[2022-12-02 13:50:29,765] logger_util.py->write_log line:61 [INFO] 请求参数：{'name': '工程5', 'path': 'E:\\APP\\CMS201', 'type': 1, 'parentId': 0}
[2022-12-02 13:50:29,765] logger_util.py->write_log line:61 [INFO] 文件上传：None
[2022-12-02 13:50:30,606] logger_util.py->write_log line:61 [INFO] 预期结果：[{'equals': {'status_code': 200}}]
[2022-12-02 13:50:30,606] logger_util.py->write_log line:61 [INFO] 实际结果：8
[2022-12-02 13:50:30,606] logger_util.py->write_log line:61 [INFO] 接口请求成功！
[2022-12-02 13:50:30,606] logger_util.py->write_log line:61 [INFO] -------------接口请求结束-----------

[2022-12-02 13:50:30,613] logger_util.py->write_log line:61 [INFO] -------------接口请求开始-----------
[2022-12-02 13:50:30,613] logger_util.py->write_log line:61 [INFO] 接口名称：新建工程6
[2022-12-02 13:50:30,613] logger_util.py->write_log line:61 [INFO] 接口方式：post
[2022-12-02 13:50:30,614] logger_util.py->write_log line:61 [INFO] 接口路径：http://192.168.5.120:18000/api/v1/project/node
[2022-12-02 13:50:30,614] logger_util.py->write_log line:61 [INFO] 请求头：{'Content-Type': 'application/json;charset=UTF-8'}
[2022-12-02 13:50:30,614] logger_util.py->write_log line:61 [INFO] 请求参数：{'name': '工程6', 'path': 'E:\\APP\\CMS201', 'type': 1, 'parentId': 0}
[2022-12-02 13:50:30,614] logger_util.py->write_log line:61 [INFO] 文件上传：None
[2022-12-02 13:50:31,398] logger_util.py->write_log line:61 [INFO] 预期结果：[{'equals': {'status_code': 200}}]
[2022-12-02 13:50:31,398] logger_util.py->write_log line:61 [INFO] 实际结果：9
[2022-12-02 13:50:31,398] logger_util.py->write_log line:61 [INFO] 接口请求成功！
[2022-12-02 13:50:31,398] logger_util.py->write_log line:61 [INFO] -------------接口请求结束-----------

[2022-12-02 13:50:31,403] logger_util.py->write_log line:61 [INFO] -------------接口请求开始-----------
[2022-12-02 13:50:31,403] logger_util.py->write_log line:61 [INFO] 接口名称：新建工程7
[2022-12-02 13:50:31,403] logger_util.py->write_log line:61 [INFO] 接口方式：post
[2022-12-02 13:50:31,403] logger_util.py->write_log line:61 [INFO] 接口路径：http://192.168.5.120:18000/api/v1/project/node
[2022-12-02 13:50:31,403] logger_util.py->write_log line:61 [INFO] 请求头：{'Content-Type': 'application/json;charset=UTF-8'}
[2022-12-02 13:50:31,404] logger_util.py->write_log line:61 [INFO] 请求参数：{'name': '工程7', 'path': 'E:\\APP\\CMS201', 'type': 1, 'parentId': 0}
[2022-12-02 13:50:31,404] logger_util.py->write_log line:61 [INFO] 文件上传：None
[2022-12-02 13:50:32,106] logger_util.py->write_log line:61 [INFO] 预期结果：[{'equals': {'status_code': 200}}]
[2022-12-02 13:50:32,107] logger_util.py->write_log line:61 [INFO] 实际结果：10
[2022-12-02 13:50:32,107] logger_util.py->write_log line:61 [INFO] 接口请求成功！
[2022-12-02 13:50:32,107] logger_util.py->write_log line:61 [INFO] -------------接口请求结束-----------

[2022-12-02 13:50:32,114] logger_util.py->write_log line:61 [INFO] -------------接口请求开始-----------
[2022-12-02 13:50:32,114] logger_util.py->write_log line:61 [INFO] 接口名称：新建工程8
[2022-12-02 13:50:32,115] logger_util.py->write_log line:61 [INFO] 接口方式：post
[2022-12-02 13:50:32,115] logger_util.py->write_log line:61 [INFO] 接口路径：http://192.168.5.120:18000/api/v1/project/node
[2022-12-02 13:50:32,115] logger_util.py->write_log line:61 [INFO] 请求头：{'Content-Type': 'application/json;charset=UTF-8'}
[2022-12-02 13:50:32,115] logger_util.py->write_log line:61 [INFO] 请求参数：{'name': '工程8', 'path': 'E:\\APP\\CMS201', 'type': 1, 'parentId': 0}
[2022-12-02 13:50:32,115] logger_util.py->write_log line:61 [INFO] 文件上传：None
[2022-12-02 13:50:32,858] logger_util.py->write_log line:61 [INFO] 预期结果：[{'equals': {'status_code': 200}}]
[2022-12-02 13:50:32,858] logger_util.py->write_log line:61 [INFO] 实际结果：11
[2022-12-02 13:50:32,859] logger_util.py->write_log line:61 [INFO] 接口请求成功！
[2022-12-02 13:50:32,859] logger_util.py->write_log line:61 [INFO] -------------接口请求结束-----------

[2022-12-02 13:50:32,864] logger_util.py->write_log line:61 [INFO] -------------接口请求开始-----------
[2022-12-02 13:50:32,864] logger_util.py->write_log line:61 [INFO] 接口名称：新建工程9
[2022-12-02 13:50:32,864] logger_util.py->write_log line:61 [INFO] 接口方式：post
[2022-12-02 13:50:32,864] logger_util.py->write_log line:61 [INFO] 接口路径：http://192.168.5.120:18000/api/v1/project/node
[2022-12-02 13:50:32,864] logger_util.py->write_log line:61 [INFO] 请求头：{'Content-Type': 'application/json;charset=UTF-8'}
[2022-12-02 13:50:32,864] logger_util.py->write_log line:61 [INFO] 请求参数：{'name': '工程9', 'path': 'E:\\APP\\CMS201', 'type': 1, 'parentId': 0}
[2022-12-02 13:50:32,864] logger_util.py->write_log line:61 [INFO] 文件上传：None
[2022-12-02 13:50:33,710] logger_util.py->write_log line:61 [INFO] 预期结果：[{'equals': {'status_code': 200}}]
[2022-12-02 13:50:33,711] logger_util.py->write_log line:61 [INFO] 实际结果：12
[2022-12-02 13:50:33,711] logger_util.py->write_log line:61 [INFO] 接口请求成功！
[2022-12-02 13:50:33,712] logger_util.py->write_log line:61 [INFO] -------------接口请求结束-----------

[2022-12-02 13:50:33,717] logger_util.py->write_log line:61 [INFO] -------------接口请求开始-----------
[2022-12-02 13:50:33,717] logger_util.py->write_log line:61 [INFO] 接口名称：新建工程10
[2022-12-02 13:50:33,717] logger_util.py->write_log line:61 [INFO] 接口方式：post
[2022-12-02 13:50:33,717] logger_util.py->write_log line:61 [INFO] 接口路径：http://192.168.5.120:18000/api/v1/project/node
[2022-12-02 13:50:33,717] logger_util.py->write_log line:61 [INFO] 请求头：{'Content-Type': 'application/json;charset=UTF-8'}
[2022-12-02 13:50:33,717] logger_util.py->write_log line:61 [INFO] 请求参数：{'name': '工程10', 'path': 'E:\\APP\\CMS201', 'type': 1, 'parentId': 0}
[2022-12-02 13:50:33,717] logger_util.py->write_log line:61 [INFO] 文件上传：None
[2022-12-02 13:50:34,625] logger_util.py->write_log line:61 [INFO] 预期结果：[{'equals': {'status_code': 200}}]
[2022-12-02 13:50:34,625] logger_util.py->write_log line:61 [INFO] 实际结果：13
[2022-12-02 13:50:34,626] logger_util.py->write_log line:61 [INFO] 接口请求成功！
[2022-12-02 13:50:34,626] logger_util.py->write_log line:61 [INFO] -------------接口请求结束-----------

[2022-12-02 13:50:34,631] logger_util.py->write_log line:61 [INFO] -------------接口请求开始-----------
[2022-12-02 13:50:34,631] logger_util.py->write_log line:61 [INFO] 接口名称：新建工程11
[2022-12-02 13:50:34,631] logger_util.py->write_log line:61 [INFO] 接口方式：post
[2022-12-02 13:50:34,631] logger_util.py->write_log line:61 [INFO] 接口路径：http://192.168.5.120:18000/api/v1/project/node
[2022-12-02 13:50:34,631] logger_util.py->write_log line:61 [INFO] 请求头：{'Content-Type': 'application/json;charset=UTF-8'}
[2022-12-02 13:50:34,631] logger_util.py->write_log line:61 [INFO] 请求参数：{'name': '工程11', 'path': 'E:\\APP\\CMS201', 'type': 1, 'parentId': 0}
[2022-12-02 13:50:34,631] logger_util.py->write_log line:61 [INFO] 文件上传：None
[2022-12-02 13:50:35,399] logger_util.py->write_log line:61 [INFO] 预期结果：[{'equals': {'status_code': 200}}]
[2022-12-02 13:50:35,399] logger_util.py->write_log line:61 [INFO] 实际结果：14
[2022-12-02 13:50:35,399] logger_util.py->write_log line:61 [INFO] 接口请求成功！
[2022-12-02 13:50:35,399] logger_util.py->write_log line:61 [INFO] -------------接口请求结束-----------

[2022-12-02 13:50:35,416] logger_util.py->write_log line:61 [INFO] -------------接口请求开始-----------
[2022-12-02 13:50:35,416] logger_util.py->write_log line:61 [INFO] 接口名称：新建工程12
[2022-12-02 13:50:35,416] logger_util.py->write_log line:61 [INFO] 接口方式：post
[2022-12-02 13:50:35,416] logger_util.py->write_log line:61 [INFO] 接口路径：http://192.168.5.120:18000/api/v1/project/node
[2022-12-02 13:50:35,416] logger_util.py->write_log line:61 [INFO] 请求头：{'Content-Type': 'application/json;charset=UTF-8'}
[2022-12-02 13:50:35,416] logger_util.py->write_log line:61 [INFO] 请求参数：{'name': '工程12', 'path': 'E:\\APP\\CMS201', 'type': 1, 'parentId': 0}
[2022-12-02 13:50:35,416] logger_util.py->write_log line:61 [INFO] 文件上传：None
[2022-12-02 13:50:36,165] logger_util.py->write_log line:61 [INFO] 预期结果：[{'equals': {'status_code': 200}}]
[2022-12-02 13:50:36,165] logger_util.py->write_log line:61 [INFO] 实际结果：15
[2022-12-02 13:50:36,166] logger_util.py->write_log line:61 [INFO] 接口请求成功！
[2022-12-02 13:50:36,166] logger_util.py->write_log line:61 [INFO] -------------接口请求结束-----------

[2022-12-02 13:50:36,179] logger_util.py->write_log line:61 [INFO] -------------接口请求开始-----------
[2022-12-02 13:50:36,179] logger_util.py->write_log line:61 [INFO] 接口名称：新建工程13
[2022-12-02 13:50:36,179] logger_util.py->write_log line:61 [INFO] 接口方式：post
[2022-12-02 13:50:36,179] logger_util.py->write_log line:61 [INFO] 接口路径：http://192.168.5.120:18000/api/v1/project/node
[2022-12-02 13:50:36,180] logger_util.py->write_log line:61 [INFO] 请求头：{'Content-Type': 'application/json;charset=UTF-8'}
[2022-12-02 13:50:36,180] logger_util.py->write_log line:61 [INFO] 请求参数：{'name': '工程13', 'path': 'E:\\APP\\CMS201', 'type': 1, 'parentId': 0}
[2022-12-02 13:50:36,180] logger_util.py->write_log line:61 [INFO] 文件上传：None
[2022-12-02 13:50:36,987] logger_util.py->write_log line:61 [INFO] 预期结果：[{'equals': {'status_code': 200}}]
[2022-12-02 13:50:36,987] logger_util.py->write_log line:61 [INFO] 实际结果：16
[2022-12-02 13:50:36,987] logger_util.py->write_log line:61 [INFO] 接口请求成功！
[2022-12-02 13:50:36,987] logger_util.py->write_log line:61 [INFO] -------------接口请求结束-----------

[2022-12-02 13:50:36,992] logger_util.py->write_log line:61 [INFO] -------------接口请求开始-----------
[2022-12-02 13:50:36,992] logger_util.py->write_log line:61 [INFO] 接口名称：新建工程14
[2022-12-02 13:50:36,992] logger_util.py->write_log line:61 [INFO] 接口方式：post
[2022-12-02 13:50:36,992] logger_util.py->write_log line:61 [INFO] 接口路径：http://192.168.5.120:18000/api/v1/project/node
[2022-12-02 13:50:36,992] logger_util.py->write_log line:61 [INFO] 请求头：{'Content-Type': 'application/json;charset=UTF-8'}
[2022-12-02 13:50:36,993] logger_util.py->write_log line:61 [INFO] 请求参数：{'name': '工程14', 'path': 'E:\\APP\\CMS201', 'type': 1, 'parentId': 0}
[2022-12-02 13:50:36,993] logger_util.py->write_log line:61 [INFO] 文件上传：None
[2022-12-02 13:50:37,745] logger_util.py->write_log line:61 [INFO] 预期结果：[{'equals': {'status_code': 200}}]
[2022-12-02 13:50:37,745] logger_util.py->write_log line:61 [INFO] 实际结果：17
[2022-12-02 13:50:37,746] logger_util.py->write_log line:61 [INFO] 接口请求成功！
[2022-12-02 13:50:37,746] logger_util.py->write_log line:61 [INFO] -------------接口请求结束-----------

[2022-12-02 13:50:37,752] logger_util.py->write_log line:61 [INFO] -------------接口请求开始-----------
[2022-12-02 13:50:37,753] logger_util.py->write_log line:61 [INFO] 接口名称：新建工程15
[2022-12-02 13:50:37,753] logger_util.py->write_log line:61 [INFO] 接口方式：post
[2022-12-02 13:50:37,753] logger_util.py->write_log line:61 [INFO] 接口路径：http://192.168.5.120:18000/api/v1/project/node
[2022-12-02 13:50:37,753] logger_util.py->write_log line:61 [INFO] 请求头：{'Content-Type': 'application/json;charset=UTF-8'}
[2022-12-02 13:50:37,753] logger_util.py->write_log line:61 [INFO] 请求参数：{'name': '工程15', 'path': 'E:\\APP\\CMS201', 'type': 1, 'parentId': 0}
[2022-12-02 13:50:37,753] logger_util.py->write_log line:61 [INFO] 文件上传：None
[2022-12-02 13:50:38,617] logger_util.py->write_log line:61 [INFO] 预期结果：[{'equals': {'status_code': 200}}]
[2022-12-02 13:50:38,618] logger_util.py->write_log line:61 [INFO] 实际结果：18
[2022-12-02 13:50:38,618] logger_util.py->write_log line:61 [INFO] 接口请求成功！
[2022-12-02 13:50:38,618] logger_util.py->write_log line:61 [INFO] -------------接口请求结束-----------

[2022-12-02 13:50:38,625] logger_util.py->write_log line:61 [INFO] -------------接口请求开始-----------
[2022-12-02 13:50:38,625] logger_util.py->write_log line:61 [INFO] 接口名称：新建工程16
[2022-12-02 13:50:38,625] logger_util.py->write_log line:61 [INFO] 接口方式：post
[2022-12-02 13:50:38,625] logger_util.py->write_log line:61 [INFO] 接口路径：http://192.168.5.120:18000/api/v1/project/node
[2022-12-02 13:50:38,625] logger_util.py->write_log line:61 [INFO] 请求头：{'Content-Type': 'application/json;charset=UTF-8'}
[2022-12-02 13:50:38,625] logger_util.py->write_log line:61 [INFO] 请求参数：{'name': '工程16', 'path': 'E:\\APP\\CMS201', 'type': 1, 'parentId': 0}
[2022-12-02 13:50:38,626] logger_util.py->write_log line:61 [INFO] 文件上传：None
[2022-12-02 13:50:39,431] logger_util.py->write_log line:61 [INFO] 预期结果：[{'equals': {'status_code': 200}}]
[2022-12-02 13:50:39,431] logger_util.py->write_log line:61 [INFO] 实际结果：19
[2022-12-02 13:50:39,431] logger_util.py->write_log line:61 [INFO] 接口请求成功！
[2022-12-02 13:50:39,431] logger_util.py->write_log line:61 [INFO] -------------接口请求结束-----------

[2022-12-02 13:50:39,436] logger_util.py->write_log line:61 [INFO] -------------接口请求开始-----------
[2022-12-02 13:50:39,436] logger_util.py->write_log line:61 [INFO] 接口名称：新建工程17
[2022-12-02 13:50:39,437] logger_util.py->write_log line:61 [INFO] 接口方式：post
[2022-12-02 13:50:39,437] logger_util.py->write_log line:61 [INFO] 接口路径：http://192.168.5.120:18000/api/v1/project/node
[2022-12-02 13:50:39,437] logger_util.py->write_log line:61 [INFO] 请求头：{'Content-Type': 'application/json;charset=UTF-8'}
[2022-12-02 13:50:39,437] logger_util.py->write_log line:61 [INFO] 请求参数：{'name': '工程17', 'path': 'E:\\APP\\CMS201', 'type': 1, 'parentId': 0}
[2022-12-02 13:50:39,437] logger_util.py->write_log line:61 [INFO] 文件上传：None
[2022-12-02 13:50:40,214] logger_util.py->write_log line:61 [INFO] 预期结果：[{'equals': {'status_code': 200}}]
[2022-12-02 13:50:40,214] logger_util.py->write_log line:61 [INFO] 实际结果：20
[2022-12-02 13:50:40,214] logger_util.py->write_log line:61 [INFO] 接口请求成功！
[2022-12-02 13:50:40,214] logger_util.py->write_log line:61 [INFO] -------------接口请求结束-----------

[2022-12-02 13:50:40,220] logger_util.py->write_log line:61 [INFO] -------------接口请求开始-----------
[2022-12-02 13:50:40,220] logger_util.py->write_log line:61 [INFO] 接口名称：新建工程18
[2022-12-02 13:50:40,220] logger_util.py->write_log line:61 [INFO] 接口方式：post
[2022-12-02 13:50:40,220] logger_util.py->write_log line:61 [INFO] 接口路径：http://192.168.5.120:18000/api/v1/project/node
[2022-12-02 13:50:40,220] logger_util.py->write_log line:61 [INFO] 请求头：{'Content-Type': 'application/json;charset=UTF-8'}
[2022-12-02 13:50:40,220] logger_util.py->write_log line:61 [INFO] 请求参数：{'name': '工程18', 'path': 'E:\\APP\\CMS201', 'type': 1, 'parentId': 0}
[2022-12-02 13:50:40,221] logger_util.py->write_log line:61 [INFO] 文件上传：None
[2022-12-02 13:50:41,119] logger_util.py->write_log line:61 [INFO] 预期结果：[{'equals': {'status_code': 200}}]
[2022-12-02 13:50:41,120] logger_util.py->write_log line:61 [INFO] 实际结果：21
[2022-12-02 13:50:41,120] logger_util.py->write_log line:61 [INFO] 接口请求成功！
[2022-12-02 13:50:41,120] logger_util.py->write_log line:61 [INFO] -------------接口请求结束-----------

[2022-12-02 13:50:41,125] logger_util.py->write_log line:61 [INFO] -------------接口请求开始-----------
[2022-12-02 13:50:41,125] logger_util.py->write_log line:61 [INFO] 接口名称：新建工程19
[2022-12-02 13:50:41,125] logger_util.py->write_log line:61 [INFO] 接口方式：post
[2022-12-02 13:50:41,125] logger_util.py->write_log line:61 [INFO] 接口路径：http://192.168.5.120:18000/api/v1/project/node
[2022-12-02 13:50:41,125] logger_util.py->write_log line:61 [INFO] 请求头：{'Content-Type': 'application/json;charset=UTF-8'}
[2022-12-02 13:50:41,125] logger_util.py->write_log line:61 [INFO] 请求参数：{'name': '工程19', 'path': 'E:\\APP\\CMS201', 'type': 1, 'parentId': 0}
[2022-12-02 13:50:41,125] logger_util.py->write_log line:61 [INFO] 文件上传：None
[2022-12-02 13:50:41,888] logger_util.py->write_log line:61 [INFO] 预期结果：[{'equals': {'status_code': 200}}]
[2022-12-02 13:50:41,888] logger_util.py->write_log line:61 [INFO] 实际结果：22
[2022-12-02 13:50:41,888] logger_util.py->write_log line:61 [INFO] 接口请求成功！
[2022-12-02 13:50:41,888] logger_util.py->write_log line:61 [INFO] -------------接口请求结束-----------

[2022-12-02 13:50:41,894] logger_util.py->write_log line:61 [INFO] -------------接口请求开始-----------
[2022-12-02 13:50:41,894] logger_util.py->write_log line:61 [INFO] 接口名称：新建工程20
[2022-12-02 13:50:41,894] logger_util.py->write_log line:61 [INFO] 接口方式：post
[2022-12-02 13:50:41,894] logger_util.py->write_log line:61 [INFO] 接口路径：http://192.168.5.120:18000/api/v1/project/node
[2022-12-02 13:50:41,894] logger_util.py->write_log line:61 [INFO] 请求头：{'Content-Type': 'application/json;charset=UTF-8'}
[2022-12-02 13:50:41,894] logger_util.py->write_log line:61 [INFO] 请求参数：{'name': '工程20', 'path': 'E:\\APP\\CMS201', 'type': 1, 'parentId': 0}
[2022-12-02 13:50:41,894] logger_util.py->write_log line:61 [INFO] 文件上传：None
[2022-12-02 13:50:42,865] logger_util.py->write_log line:61 [INFO] 预期结果：[{'equals': {'status_code': 200}}]
[2022-12-02 13:50:42,866] logger_util.py->write_log line:61 [INFO] 实际结果：23
[2022-12-02 13:50:42,867] logger_util.py->write_log line:61 [INFO] 接口请求成功！
[2022-12-02 13:50:42,867] logger_util.py->write_log line:61 [INFO] -------------接口请求结束-----------

[2022-12-02 13:50:42,884] logger_util.py->write_log line:61 [INFO] -------------接口请求开始-----------
[2022-12-02 13:50:42,884] logger_util.py->write_log line:61 [INFO] 接口名称：新建工程21
[2022-12-02 13:50:42,885] logger_util.py->write_log line:61 [INFO] 接口方式：post
[2022-12-02 13:50:42,885] logger_util.py->write_log line:61 [INFO] 接口路径：http://192.168.5.120:18000/api/v1/project/node
[2022-12-02 13:50:42,885] logger_util.py->write_log line:61 [INFO] 请求头：{'Content-Type': 'application/json;charset=UTF-8'}
[2022-12-02 13:50:42,885] logger_util.py->write_log line:61 [INFO] 请求参数：{'name': '工程21', 'path': 'E:\\APP\\CMS201', 'type': 1, 'parentId': 0}
[2022-12-02 13:50:42,885] logger_util.py->write_log line:61 [INFO] 文件上传：None
[2022-12-02 13:50:43,762] logger_util.py->write_log line:61 [INFO] 预期结果：[{'equals': {'status_code': 200}}]
[2022-12-02 13:50:43,763] logger_util.py->write_log line:61 [INFO] 实际结果：24
[2022-12-02 13:50:43,763] logger_util.py->write_log line:61 [INFO] 接口请求成功！
[2022-12-02 13:50:43,764] logger_util.py->write_log line:61 [INFO] -------------接口请求结束-----------

[2022-12-02 13:50:43,770] logger_util.py->write_log line:61 [INFO] -------------接口请求开始-----------
[2022-12-02 13:50:43,770] logger_util.py->write_log line:61 [INFO] 接口名称：新建工程22
[2022-12-02 13:50:43,770] logger_util.py->write_log line:61 [INFO] 接口方式：post
[2022-12-02 13:50:43,770] logger_util.py->write_log line:61 [INFO] 接口路径：http://192.168.5.120:18000/api/v1/project/node
[2022-12-02 13:50:43,771] logger_util.py->write_log line:61 [INFO] 请求头：{'Content-Type': 'application/json;charset=UTF-8'}
[2022-12-02 13:50:43,771] logger_util.py->write_log line:61 [INFO] 请求参数：{'name': '工程22', 'path': 'E:\\APP\\CMS201', 'type': 1, 'parentId': 0}
[2022-12-02 13:50:43,771] logger_util.py->write_log line:61 [INFO] 文件上传：None
[2022-12-02 13:50:44,639] logger_util.py->write_log line:61 [INFO] 预期结果：[{'equals': {'status_code': 200}}]
[2022-12-02 13:50:44,639] logger_util.py->write_log line:61 [INFO] 实际结果：25
[2022-12-02 13:50:44,640] logger_util.py->write_log line:61 [INFO] 接口请求成功！
[2022-12-02 13:50:44,640] logger_util.py->write_log line:61 [INFO] -------------接口请求结束-----------

[2022-12-02 13:50:44,659] logger_util.py->write_log line:61 [INFO] -------------接口请求开始-----------
[2022-12-02 13:50:44,659] logger_util.py->write_log line:61 [INFO] 接口名称：新建工程23
[2022-12-02 13:50:44,659] logger_util.py->write_log line:61 [INFO] 接口方式：post
[2022-12-02 13:50:44,660] logger_util.py->write_log line:61 [INFO] 接口路径：http://192.168.5.120:18000/api/v1/project/node
[2022-12-02 13:50:44,660] logger_util.py->write_log line:61 [INFO] 请求头：{'Content-Type': 'application/json;charset=UTF-8'}
[2022-12-02 13:50:44,660] logger_util.py->write_log line:61 [INFO] 请求参数：{'name': '工程23', 'path': 'E:\\APP\\CMS201', 'type': 1, 'parentId': 0}
[2022-12-02 13:50:44,660] logger_util.py->write_log line:61 [INFO] 文件上传：None
[2022-12-02 13:50:45,567] logger_util.py->write_log line:61 [INFO] 预期结果：[{'equals': {'status_code': 200}}]
[2022-12-02 13:50:45,568] logger_util.py->write_log line:61 [INFO] 实际结果：26
[2022-12-02 13:50:45,568] logger_util.py->write_log line:61 [INFO] 接口请求成功！
[2022-12-02 13:50:45,568] logger_util.py->write_log line:61 [INFO] -------------接口请求结束-----------

[2022-12-02 13:50:45,573] logger_util.py->write_log line:61 [INFO] -------------接口请求开始-----------
[2022-12-02 13:50:45,574] logger_util.py->write_log line:61 [INFO] 接口名称：新建工程24
[2022-12-02 13:50:45,574] logger_util.py->write_log line:61 [INFO] 接口方式：post
[2022-12-02 13:50:45,574] logger_util.py->write_log line:61 [INFO] 接口路径：http://192.168.5.120:18000/api/v1/project/node
[2022-12-02 13:50:45,574] logger_util.py->write_log line:61 [INFO] 请求头：{'Content-Type': 'application/json;charset=UTF-8'}
[2022-12-02 13:50:45,574] logger_util.py->write_log line:61 [INFO] 请求参数：{'name': '工程24', 'path': 'E:\\APP\\CMS201', 'type': 1, 'parentId': 0}
[2022-12-02 13:50:45,574] logger_util.py->write_log line:61 [INFO] 文件上传：None
[2022-12-02 13:50:46,217] logger_util.py->write_log line:61 [INFO] 预期结果：[{'equals': {'status_code': 200}}]
[2022-12-02 13:50:46,218] logger_util.py->write_log line:61 [INFO] 实际结果：27
[2022-12-02 13:50:46,218] logger_util.py->write_log line:61 [INFO] 接口请求成功！
[2022-12-02 13:50:46,218] logger_util.py->write_log line:61 [INFO] -------------接口请求结束-----------

[2022-12-02 13:50:46,223] logger_util.py->write_log line:61 [INFO] -------------接口请求开始-----------
[2022-12-02 13:50:46,223] logger_util.py->write_log line:61 [INFO] 接口名称：新建工程25
[2022-12-02 13:50:46,223] logger_util.py->write_log line:61 [INFO] 接口方式：post
[2022-12-02 13:50:46,223] logger_util.py->write_log line:61 [INFO] 接口路径：http://192.168.5.120:18000/api/v1/project/node
[2022-12-02 13:50:46,223] logger_util.py->write_log line:61 [INFO] 请求头：{'Content-Type': 'application/json;charset=UTF-8'}
[2022-12-02 13:50:46,223] logger_util.py->write_log line:61 [INFO] 请求参数：{'name': '工程25', 'path': 'E:\\APP\\CMS201', 'type': 1, 'parentId': 0}
[2022-12-02 13:50:46,223] logger_util.py->write_log line:61 [INFO] 文件上传：None
[2022-12-02 13:50:47,122] logger_util.py->write_log line:61 [INFO] 预期结果：[{'equals': {'status_code': 200}}]
[2022-12-02 13:50:47,123] logger_util.py->write_log line:61 [INFO] 实际结果：28
[2022-12-02 13:50:47,123] logger_util.py->write_log line:61 [INFO] 接口请求成功！
[2022-12-02 13:50:47,123] logger_util.py->write_log line:61 [INFO] -------------接口请求结束-----------

[2022-12-02 13:50:47,130] logger_util.py->write_log line:61 [INFO] -------------接口请求开始-----------
[2022-12-02 13:50:47,130] logger_util.py->write_log line:61 [INFO] 接口名称：新建工程26
[2022-12-02 13:50:47,130] logger_util.py->write_log line:61 [INFO] 接口方式：post
[2022-12-02 13:50:47,130] logger_util.py->write_log line:61 [INFO] 接口路径：http://192.168.5.120:18000/api/v1/project/node
[2022-12-02 13:50:47,130] logger_util.py->write_log line:61 [INFO] 请求头：{'Content-Type': 'application/json;charset=UTF-8'}
[2022-12-02 13:50:47,130] logger_util.py->write_log line:61 [INFO] 请求参数：{'name': '工程26', 'path': 'E:\\APP\\CMS201', 'type': 1, 'parentId': 0}
[2022-12-02 13:50:47,131] logger_util.py->write_log line:61 [INFO] 文件上传：None
[2022-12-02 13:50:47,915] logger_util.py->write_log line:61 [INFO] 预期结果：[{'equals': {'status_code': 200}}]
[2022-12-02 13:50:47,915] logger_util.py->write_log line:61 [INFO] 实际结果：29
[2022-12-02 13:50:47,916] logger_util.py->write_log line:61 [INFO] 接口请求成功！
[2022-12-02 13:50:47,916] logger_util.py->write_log line:61 [INFO] -------------接口请求结束-----------

[2022-12-02 13:50:47,921] logger_util.py->write_log line:61 [INFO] -------------接口请求开始-----------
[2022-12-02 13:50:47,921] logger_util.py->write_log line:61 [INFO] 接口名称：新建工程27
[2022-12-02 13:50:47,921] logger_util.py->write_log line:61 [INFO] 接口方式：post
[2022-12-02 13:50:47,921] logger_util.py->write_log line:61 [INFO] 接口路径：http://192.168.5.120:18000/api/v1/project/node
[2022-12-02 13:50:47,921] logger_util.py->write_log line:61 [INFO] 请求头：{'Content-Type': 'application/json;charset=UTF-8'}
[2022-12-02 13:50:47,921] logger_util.py->write_log line:61 [INFO] 请求参数：{'name': '工程27', 'path': 'E:\\APP\\CMS201', 'type': 1, 'parentId': 0}
[2022-12-02 13:50:47,921] logger_util.py->write_log line:61 [INFO] 文件上传：None
[2022-12-02 13:50:48,944] logger_util.py->write_log line:61 [INFO] 预期结果：[{'equals': {'status_code': 200}}]
[2022-12-02 13:50:48,944] logger_util.py->write_log line:61 [INFO] 实际结果：30
[2022-12-02 13:50:48,945] logger_util.py->write_log line:61 [INFO] 接口请求成功！
[2022-12-02 13:50:48,945] logger_util.py->write_log line:61 [INFO] -------------接口请求结束-----------

[2022-12-02 13:50:48,950] logger_util.py->write_log line:61 [INFO] -------------接口请求开始-----------
[2022-12-02 13:50:48,950] logger_util.py->write_log line:61 [INFO] 接口名称：新建工程28
[2022-12-02 13:50:48,950] logger_util.py->write_log line:61 [INFO] 接口方式：post
[2022-12-02 13:50:48,950] logger_util.py->write_log line:61 [INFO] 接口路径：http://192.168.5.120:18000/api/v1/project/node
[2022-12-02 13:50:48,950] logger_util.py->write_log line:61 [INFO] 请求头：{'Content-Type': 'application/json;charset=UTF-8'}
[2022-12-02 13:50:48,950] logger_util.py->write_log line:61 [INFO] 请求参数：{'name': '工程28', 'path': 'E:\\APP\\CMS201', 'type': 1, 'parentId': 0}
[2022-12-02 13:50:48,950] logger_util.py->write_log line:61 [INFO] 文件上传：None
[2022-12-02 13:50:49,851] logger_util.py->write_log line:61 [INFO] 预期结果：[{'equals': {'status_code': 200}}]
[2022-12-02 13:50:49,852] logger_util.py->write_log line:61 [INFO] 实际结果：31
[2022-12-02 13:50:49,852] logger_util.py->write_log line:61 [INFO] 接口请求成功！
[2022-12-02 13:50:49,852] logger_util.py->write_log line:61 [INFO] -------------接口请求结束-----------

[2022-12-02 13:50:49,858] logger_util.py->write_log line:61 [INFO] -------------接口请求开始-----------
[2022-12-02 13:50:49,858] logger_util.py->write_log line:61 [INFO] 接口名称：新建工程29
[2022-12-02 13:50:49,858] logger_util.py->write_log line:61 [INFO] 接口方式：post
[2022-12-02 13:50:49,858] logger_util.py->write_log line:61 [INFO] 接口路径：http://192.168.5.120:18000/api/v1/project/node
[2022-12-02 13:50:49,858] logger_util.py->write_log line:61 [INFO] 请求头：{'Content-Type': 'application/json;charset=UTF-8'}
[2022-12-02 13:50:49,858] logger_util.py->write_log line:61 [INFO] 请求参数：{'name': '工程29', 'path': 'E:\\APP\\CMS201', 'type': 1, 'parentId': 0}
[2022-12-02 13:50:49,859] logger_util.py->write_log line:61 [INFO] 文件上传：None
[2022-12-02 13:50:50,669] logger_util.py->write_log line:61 [INFO] 预期结果：[{'equals': {'status_code': 200}}]
[2022-12-02 13:50:50,669] logger_util.py->write_log line:61 [INFO] 实际结果：32
[2022-12-02 13:50:50,670] logger_util.py->write_log line:61 [INFO] 接口请求成功！
[2022-12-02 13:50:50,670] logger_util.py->write_log line:61 [INFO] -------------接口请求结束-----------

[2022-12-02 13:50:50,675] logger_util.py->write_log line:61 [INFO] -------------接口请求开始-----------
[2022-12-02 13:50:50,675] logger_util.py->write_log line:61 [INFO] 接口名称：新建工程30
[2022-12-02 13:50:50,675] logger_util.py->write_log line:61 [INFO] 接口方式：post
[2022-12-02 13:50:50,675] logger_util.py->write_log line:61 [INFO] 接口路径：http://192.168.5.120:18000/api/v1/project/node
[2022-12-02 13:50:50,675] logger_util.py->write_log line:61 [INFO] 请求头：{'Content-Type': 'application/json;charset=UTF-8'}
[2022-12-02 13:50:50,675] logger_util.py->write_log line:61 [INFO] 请求参数：{'name': '工程30', 'path': 'E:\\APP\\CMS201', 'type': 1, 'parentId': 0}
[2022-12-02 13:50:50,675] logger_util.py->write_log line:61 [INFO] 文件上传：None
[2022-12-02 13:50:51,645] logger_util.py->write_log line:61 [INFO] 预期结果：[{'equals': {'status_code': 200}}]
[2022-12-02 13:50:51,645] logger_util.py->write_log line:61 [INFO] 实际结果：33
[2022-12-02 13:50:51,646] logger_util.py->write_log line:61 [INFO] 接口请求成功！
[2022-12-02 13:50:51,646] logger_util.py->write_log line:61 [INFO] -------------接口请求结束-----------

[2022-12-02 13:50:51,653] logger_util.py->write_log line:61 [INFO] -------------接口请求开始-----------
[2022-12-02 13:50:51,653] logger_util.py->write_log line:61 [INFO] 接口名称：新建工程31
[2022-12-02 13:50:51,653] logger_util.py->write_log line:61 [INFO] 接口方式：post
[2022-12-02 13:50:51,653] logger_util.py->write_log line:61 [INFO] 接口路径：http://192.168.5.120:18000/api/v1/project/node
[2022-12-02 13:50:51,654] logger_util.py->write_log line:61 [INFO] 请求头：{'Content-Type': 'application/json;charset=UTF-8'}
[2022-12-02 13:50:51,654] logger_util.py->write_log line:61 [INFO] 请求参数：{'name': '工程31', 'path': 'E:\\APP\\CMS201', 'type': 1, 'parentId': 0}
[2022-12-02 13:50:51,654] logger_util.py->write_log line:61 [INFO] 文件上传：None
[2022-12-02 13:50:52,643] logger_util.py->write_log line:61 [INFO] 预期结果：[{'equals': {'status_code': 200}}]
[2022-12-02 13:50:52,643] logger_util.py->write_log line:61 [INFO] 实际结果：34
[2022-12-02 13:50:52,643] logger_util.py->write_log line:61 [INFO] 接口请求成功！
[2022-12-02 13:50:52,643] logger_util.py->write_log line:61 [INFO] -------------接口请求结束-----------

[2022-12-02 13:50:52,649] logger_util.py->write_log line:61 [INFO] -------------接口请求开始-----------
[2022-12-02 13:50:52,649] logger_util.py->write_log line:61 [INFO] 接口名称：新建工程32
[2022-12-02 13:50:52,649] logger_util.py->write_log line:61 [INFO] 接口方式：post
[2022-12-02 13:50:52,650] logger_util.py->write_log line:61 [INFO] 接口路径：http://192.168.5.120:18000/api/v1/project/node
[2022-12-02 13:50:52,650] logger_util.py->write_log line:61 [INFO] 请求头：{'Content-Type': 'application/json;charset=UTF-8'}
[2022-12-02 13:50:52,650] logger_util.py->write_log line:61 [INFO] 请求参数：{'name': '工程32', 'path': 'E:\\APP\\CMS201', 'type': 1, 'parentId': 0}
[2022-12-02 13:50:52,650] logger_util.py->write_log line:61 [INFO] 文件上传：None
[2022-12-02 13:50:53,459] logger_util.py->write_log line:61 [INFO] 预期结果：[{'equals': {'status_code': 200}}]
[2022-12-02 13:50:53,459] logger_util.py->write_log line:61 [INFO] 实际结果：35
[2022-12-02 13:50:53,459] logger_util.py->write_log line:61 [INFO] 接口请求成功！
[2022-12-02 13:50:53,459] logger_util.py->write_log line:61 [INFO] -------------接口请求结束-----------

[2022-12-02 13:50:53,464] logger_util.py->write_log line:61 [INFO] -------------接口请求开始-----------
[2022-12-02 13:50:53,464] logger_util.py->write_log line:61 [INFO] 接口名称：新建工程33
[2022-12-02 13:50:53,464] logger_util.py->write_log line:61 [INFO] 接口方式：post
[2022-12-02 13:50:53,464] logger_util.py->write_log line:61 [INFO] 接口路径：http://192.168.5.120:18000/api/v1/project/node
[2022-12-02 13:50:53,464] logger_util.py->write_log line:61 [INFO] 请求头：{'Content-Type': 'application/json;charset=UTF-8'}
[2022-12-02 13:50:53,464] logger_util.py->write_log line:61 [INFO] 请求参数：{'name': '工程33', 'path': 'E:\\APP\\CMS201', 'type': 1, 'parentId': 0}
[2022-12-02 13:50:53,464] logger_util.py->write_log line:61 [INFO] 文件上传：None
[2022-12-02 13:50:54,195] logger_util.py->write_log line:61 [INFO] 预期结果：[{'equals': {'status_code': 200}}]
[2022-12-02 13:50:54,195] logger_util.py->write_log line:61 [INFO] 实际结果：36
[2022-12-02 13:50:54,195] logger_util.py->write_log line:61 [INFO] 接口请求成功！
[2022-12-02 13:50:54,195] logger_util.py->write_log line:61 [INFO] -------------接口请求结束-----------

[2022-12-02 13:50:54,201] logger_util.py->write_log line:61 [INFO] -------------接口请求开始-----------
[2022-12-02 13:50:54,201] logger_util.py->write_log line:61 [INFO] 接口名称：新建工程34
[2022-12-02 13:50:54,201] logger_util.py->write_log line:61 [INFO] 接口方式：post
[2022-12-02 13:50:54,201] logger_util.py->write_log line:61 [INFO] 接口路径：http://192.168.5.120:18000/api/v1/project/node
[2022-12-02 13:50:54,202] logger_util.py->write_log line:61 [INFO] 请求头：{'Content-Type': 'application/json;charset=UTF-8'}
[2022-12-02 13:50:54,202] logger_util.py->write_log line:61 [INFO] 请求参数：{'name': '工程34', 'path': 'E:\\APP\\CMS201', 'type': 1, 'parentId': 0}
[2022-12-02 13:50:54,202] logger_util.py->write_log line:61 [INFO] 文件上传：None
[2022-12-02 13:50:54,936] logger_util.py->write_log line:61 [INFO] 预期结果：[{'equals': {'status_code': 200}}]
[2022-12-02 13:50:54,936] logger_util.py->write_log line:61 [INFO] 实际结果：37
[2022-12-02 13:50:54,936] logger_util.py->write_log line:61 [INFO] 接口请求成功！
[2022-12-02 13:50:54,936] logger_util.py->write_log line:61 [INFO] -------------接口请求结束-----------

[2022-12-02 13:50:54,942] logger_util.py->write_log line:61 [INFO] -------------接口请求开始-----------
[2022-12-02 13:50:54,942] logger_util.py->write_log line:61 [INFO] 接口名称：新建工程35
[2022-12-02 13:50:54,942] logger_util.py->write_log line:61 [INFO] 接口方式：post
[2022-12-02 13:50:54,942] logger_util.py->write_log line:61 [INFO] 接口路径：http://192.168.5.120:18000/api/v1/project/node
[2022-12-02 13:50:54,942] logger_util.py->write_log line:61 [INFO] 请求头：{'Content-Type': 'application/json;charset=UTF-8'}
[2022-12-02 13:50:54,942] logger_util.py->write_log line:61 [INFO] 请求参数：{'name': '工程35', 'path': 'E:\\APP\\CMS201', 'type': 1, 'parentId': 0}
[2022-12-02 13:50:54,942] logger_util.py->write_log line:61 [INFO] 文件上传：None
[2022-12-02 13:50:55,724] logger_util.py->write_log line:61 [INFO] 预期结果：[{'equals': {'status_code': 200}}]
[2022-12-02 13:50:55,724] logger_util.py->write_log line:61 [INFO] 实际结果：38
[2022-12-02 13:50:55,724] logger_util.py->write_log line:61 [INFO] 接口请求成功！
[2022-12-02 13:50:55,724] logger_util.py->write_log line:61 [INFO] -------------接口请求结束-----------

[2022-12-02 13:50:55,730] logger_util.py->write_log line:61 [INFO] -------------接口请求开始-----------
[2022-12-02 13:50:55,730] logger_util.py->write_log line:61 [INFO] 接口名称：新建工程36
[2022-12-02 13:50:55,730] logger_util.py->write_log line:61 [INFO] 接口方式：post
[2022-12-02 13:50:55,730] logger_util.py->write_log line:61 [INFO] 接口路径：http://192.168.5.120:18000/api/v1/project/node
[2022-12-02 13:50:55,730] logger_util.py->write_log line:61 [INFO] 请求头：{'Content-Type': 'application/json;charset=UTF-8'}
[2022-12-02 13:50:55,730] logger_util.py->write_log line:61 [INFO] 请求参数：{'name': '工程36', 'path': 'E:\\APP\\CMS201', 'type': 1, 'parentId': 0}
[2022-12-02 13:50:55,730] logger_util.py->write_log line:61 [INFO] 文件上传：None
[2022-12-02 13:50:56,703] logger_util.py->write_log line:61 [INFO] 预期结果：[{'equals': {'status_code': 200}}]
[2022-12-02 13:50:56,703] logger_util.py->write_log line:61 [INFO] 实际结果：39
[2022-12-02 13:50:56,704] logger_util.py->write_log line:61 [INFO] 接口请求成功！
[2022-12-02 13:50:56,704] logger_util.py->write_log line:61 [INFO] -------------接口请求结束-----------

[2022-12-02 13:50:56,720] logger_util.py->write_log line:61 [INFO] -------------接口请求开始-----------
[2022-12-02 13:50:56,721] logger_util.py->write_log line:61 [INFO] 接口名称：新建工程37
[2022-12-02 13:50:56,721] logger_util.py->write_log line:61 [INFO] 接口方式：post
[2022-12-02 13:50:56,721] logger_util.py->write_log line:61 [INFO] 接口路径：http://192.168.5.120:18000/api/v1/project/node
[2022-12-02 13:50:56,721] logger_util.py->write_log line:61 [INFO] 请求头：{'Content-Type': 'application/json;charset=UTF-8'}
[2022-12-02 13:50:56,721] logger_util.py->write_log line:61 [INFO] 请求参数：{'name': '工程37', 'path': 'E:\\APP\\CMS201', 'type': 1, 'parentId': 0}
[2022-12-02 13:50:56,722] logger_util.py->write_log line:61 [INFO] 文件上传：None
[2022-12-02 13:50:57,487] logger_util.py->write_log line:61 [INFO] 预期结果：[{'equals': {'status_code': 200}}]
[2022-12-02 13:50:57,487] logger_util.py->write_log line:61 [INFO] 实际结果：40
[2022-12-02 13:50:57,487] logger_util.py->write_log line:61 [INFO] 接口请求成功！
[2022-12-02 13:50:57,487] logger_util.py->write_log line:61 [INFO] -------------接口请求结束-----------

[2022-12-02 13:50:57,492] logger_util.py->write_log line:61 [INFO] -------------接口请求开始-----------
[2022-12-02 13:50:57,492] logger_util.py->write_log line:61 [INFO] 接口名称：新建工程38
[2022-12-02 13:50:57,492] logger_util.py->write_log line:61 [INFO] 接口方式：post
[2022-12-02 13:50:57,492] logger_util.py->write_log line:61 [INFO] 接口路径：http://192.168.5.120:18000/api/v1/project/node
[2022-12-02 13:50:57,492] logger_util.py->write_log line:61 [INFO] 请求头：{'Content-Type': 'application/json;charset=UTF-8'}
[2022-12-02 13:50:57,493] logger_util.py->write_log line:61 [INFO] 请求参数：{'name': '工程38', 'path': 'E:\\APP\\CMS201', 'type': 1, 'parentId': 0}
[2022-12-02 13:50:57,493] logger_util.py->write_log line:61 [INFO] 文件上传：None
[2022-12-02 13:50:58,122] logger_util.py->write_log line:61 [INFO] 预期结果：[{'equals': {'status_code': 200}}]
[2022-12-02 13:50:58,122] logger_util.py->write_log line:61 [INFO] 实际结果：41
[2022-12-02 13:50:58,122] logger_util.py->write_log line:61 [INFO] 接口请求成功！
[2022-12-02 13:50:58,122] logger_util.py->write_log line:61 [INFO] -------------接口请求结束-----------

[2022-12-02 13:50:58,127] logger_util.py->write_log line:61 [INFO] -------------接口请求开始-----------
[2022-12-02 13:50:58,127] logger_util.py->write_log line:61 [INFO] 接口名称：新建工程39
[2022-12-02 13:50:58,127] logger_util.py->write_log line:61 [INFO] 接口方式：post
[2022-12-02 13:50:58,127] logger_util.py->write_log line:61 [INFO] 接口路径：http://192.168.5.120:18000/api/v1/project/node
[2022-12-02 13:50:58,128] logger_util.py->write_log line:61 [INFO] 请求头：{'Content-Type': 'application/json;charset=UTF-8'}
[2022-12-02 13:50:58,128] logger_util.py->write_log line:61 [INFO] 请求参数：{'name': '工程39', 'path': 'E:\\APP\\CMS201', 'type': 1, 'parentId': 0}
[2022-12-02 13:50:58,128] logger_util.py->write_log line:61 [INFO] 文件上传：None
[2022-12-02 13:50:59,210] logger_util.py->write_log line:61 [INFO] 预期结果：[{'equals': {'status_code': 200}}]
[2022-12-02 13:50:59,210] logger_util.py->write_log line:61 [INFO] 实际结果：42
[2022-12-02 13:50:59,210] logger_util.py->write_log line:61 [INFO] 接口请求成功！
[2022-12-02 13:50:59,210] logger_util.py->write_log line:61 [INFO] -------------接口请求结束-----------

[2022-12-02 13:50:59,216] logger_util.py->write_log line:61 [INFO] -------------接口请求开始-----------
[2022-12-02 13:50:59,216] logger_util.py->write_log line:61 [INFO] 接口名称：新建工程40
[2022-12-02 13:50:59,216] logger_util.py->write_log line:61 [INFO] 接口方式：post
[2022-12-02 13:50:59,216] logger_util.py->write_log line:61 [INFO] 接口路径：http://192.168.5.120:18000/api/v1/project/node
[2022-12-02 13:50:59,216] logger_util.py->write_log line:61 [INFO] 请求头：{'Content-Type': 'application/json;charset=UTF-8'}
[2022-12-02 13:50:59,216] logger_util.py->write_log line:61 [INFO] 请求参数：{'name': '工程40', 'path': 'E:\\APP\\CMS201', 'type': 1, 'parentId': 0}
[2022-12-02 13:50:59,216] logger_util.py->write_log line:61 [INFO] 文件上传：None
[2022-12-02 13:50:59,917] logger_util.py->write_log line:61 [INFO] 预期结果：[{'equals': {'status_code': 200}}]
[2022-12-02 13:50:59,917] logger_util.py->write_log line:61 [INFO] 实际结果：43
[2022-12-02 13:50:59,918] logger_util.py->write_log line:61 [INFO] 接口请求成功！
[2022-12-02 13:50:59,918] logger_util.py->write_log line:61 [INFO] -------------接口请求结束-----------

[2022-12-02 13:50:59,924] logger_util.py->write_log line:61 [INFO] -------------接口请求开始-----------
[2022-12-02 13:50:59,924] logger_util.py->write_log line:61 [INFO] 接口名称：新建工程41
[2022-12-02 13:50:59,924] logger_util.py->write_log line:61 [INFO] 接口方式：post
[2022-12-02 13:50:59,925] logger_util.py->write_log line:61 [INFO] 接口路径：http://192.168.5.120:18000/api/v1/project/node
[2022-12-02 13:50:59,925] logger_util.py->write_log line:61 [INFO] 请求头：{'Content-Type': 'application/json;charset=UTF-8'}
[2022-12-02 13:50:59,925] logger_util.py->write_log line:61 [INFO] 请求参数：{'name': '工程41', 'path': 'E:\\APP\\CMS201', 'type': 1, 'parentId': 0}
[2022-12-02 13:50:59,925] logger_util.py->write_log line:61 [INFO] 文件上传：None
[2022-12-02 13:51:00,815] logger_util.py->write_log line:61 [INFO] 预期结果：[{'equals': {'status_code': 200}}]
[2022-12-02 13:51:00,815] logger_util.py->write_log line:61 [INFO] 实际结果：44
[2022-12-02 13:51:00,815] logger_util.py->write_log line:61 [INFO] 接口请求成功！
[2022-12-02 13:51:00,815] logger_util.py->write_log line:61 [INFO] -------------接口请求结束-----------

[2022-12-02 13:51:00,821] logger_util.py->write_log line:61 [INFO] -------------接口请求开始-----------
[2022-12-02 13:51:00,821] logger_util.py->write_log line:61 [INFO] 接口名称：新建工程42
[2022-12-02 13:51:00,821] logger_util.py->write_log line:61 [INFO] 接口方式：post
[2022-12-02 13:51:00,821] logger_util.py->write_log line:61 [INFO] 接口路径：http://192.168.5.120:18000/api/v1/project/node
[2022-12-02 13:51:00,821] logger_util.py->write_log line:61 [INFO] 请求头：{'Content-Type': 'application/json;charset=UTF-8'}
[2022-12-02 13:51:00,821] logger_util.py->write_log line:61 [INFO] 请求参数：{'name': '工程42', 'path': 'E:\\APP\\CMS201', 'type': 1, 'parentId': 0}
[2022-12-02 13:51:00,821] logger_util.py->write_log line:61 [INFO] 文件上传：None
[2022-12-02 13:51:01,748] logger_util.py->write_log line:61 [INFO] 预期结果：[{'equals': {'status_code': 200}}]
[2022-12-02 13:51:01,749] logger_util.py->write_log line:61 [INFO] 实际结果：45
[2022-12-02 13:51:01,749] logger_util.py->write_log line:61 [INFO] 接口请求成功！
[2022-12-02 13:51:01,750] logger_util.py->write_log line:61 [INFO] -------------接口请求结束-----------

[2022-12-02 13:51:01,755] logger_util.py->write_log line:61 [INFO] -------------接口请求开始-----------
[2022-12-02 13:51:01,755] logger_util.py->write_log line:61 [INFO] 接口名称：新建工程43
[2022-12-02 13:51:01,755] logger_util.py->write_log line:61 [INFO] 接口方式：post
[2022-12-02 13:51:01,755] logger_util.py->write_log line:61 [INFO] 接口路径：http://192.168.5.120:18000/api/v1/project/node
[2022-12-02 13:51:01,755] logger_util.py->write_log line:61 [INFO] 请求头：{'Content-Type': 'application/json;charset=UTF-8'}
[2022-12-02 13:51:01,755] logger_util.py->write_log line:61 [INFO] 请求参数：{'name': '工程43', 'path': 'E:\\APP\\CMS201', 'type': 1, 'parentId': 0}
[2022-12-02 13:51:01,755] logger_util.py->write_log line:61 [INFO] 文件上传：None
[2022-12-02 13:51:02,693] logger_util.py->write_log line:61 [INFO] 预期结果：[{'equals': {'status_code': 200}}]
[2022-12-02 13:51:02,693] logger_util.py->write_log line:61 [INFO] 实际结果：46
[2022-12-02 13:51:02,693] logger_util.py->write_log line:61 [INFO] 接口请求成功！
[2022-12-02 13:51:02,693] logger_util.py->write_log line:61 [INFO] -------------接口请求结束-----------

[2022-12-02 13:51:02,698] logger_util.py->write_log line:61 [INFO] -------------接口请求开始-----------
[2022-12-02 13:51:02,699] logger_util.py->write_log line:61 [INFO] 接口名称：新建工程44
[2022-12-02 13:51:02,699] logger_util.py->write_log line:61 [INFO] 接口方式：post
[2022-12-02 13:51:02,699] logger_util.py->write_log line:61 [INFO] 接口路径：http://192.168.5.120:18000/api/v1/project/node
[2022-12-02 13:51:02,699] logger_util.py->write_log line:61 [INFO] 请求头：{'Content-Type': 'application/json;charset=UTF-8'}
[2022-12-02 13:51:02,699] logger_util.py->write_log line:61 [INFO] 请求参数：{'name': '工程44', 'path': 'E:\\APP\\CMS201', 'type': 1, 'parentId': 0}
[2022-12-02 13:51:02,699] logger_util.py->write_log line:61 [INFO] 文件上传：None
[2022-12-02 13:51:03,311] logger_util.py->write_log line:61 [INFO] 预期结果：[{'equals': {'status_code': 200}}]
[2022-12-02 13:51:03,312] logger_util.py->write_log line:61 [INFO] 实际结果：47
[2022-12-02 13:51:03,312] logger_util.py->write_log line:61 [INFO] 接口请求成功！
[2022-12-02 13:51:03,313] logger_util.py->write_log line:61 [INFO] -------------接口请求结束-----------

[2022-12-02 13:51:03,318] logger_util.py->write_log line:61 [INFO] -------------接口请求开始-----------
[2022-12-02 13:51:03,318] logger_util.py->write_log line:61 [INFO] 接口名称：新建工程45
[2022-12-02 13:51:03,318] logger_util.py->write_log line:61 [INFO] 接口方式：post
[2022-12-02 13:51:03,319] logger_util.py->write_log line:61 [INFO] 接口路径：http://192.168.5.120:18000/api/v1/project/node
[2022-12-02 13:51:03,319] logger_util.py->write_log line:61 [INFO] 请求头：{'Content-Type': 'application/json;charset=UTF-8'}
[2022-12-02 13:51:03,319] logger_util.py->write_log line:61 [INFO] 请求参数：{'name': '工程45', 'path': 'E:\\APP\\CMS201', 'type': 1, 'parentId': 0}
[2022-12-02 13:51:03,319] logger_util.py->write_log line:61 [INFO] 文件上传：None
[2022-12-02 13:51:04,071] logger_util.py->write_log line:61 [INFO] 预期结果：[{'equals': {'status_code': 200}}]
[2022-12-02 13:51:04,071] logger_util.py->write_log line:61 [INFO] 实际结果：48
[2022-12-02 13:51:04,072] logger_util.py->write_log line:61 [INFO] 接口请求成功！
[2022-12-02 13:51:04,072] logger_util.py->write_log line:61 [INFO] -------------接口请求结束-----------

[2022-12-02 13:51:04,089] logger_util.py->write_log line:61 [INFO] -------------接口请求开始-----------
[2022-12-02 13:51:04,089] logger_util.py->write_log line:61 [INFO] 接口名称：新建工程46
[2022-12-02 13:51:04,089] logger_util.py->write_log line:61 [INFO] 接口方式：post
[2022-12-02 13:51:04,089] logger_util.py->write_log line:61 [INFO] 接口路径：http://192.168.5.120:18000/api/v1/project/node
[2022-12-02 13:51:04,090] logger_util.py->write_log line:61 [INFO] 请求头：{'Content-Type': 'application/json;charset=UTF-8'}
[2022-12-02 13:51:04,090] logger_util.py->write_log line:61 [INFO] 请求参数：{'name': '工程46', 'path': 'E:\\APP\\CMS201', 'type': 1, 'parentId': 0}
[2022-12-02 13:51:04,090] logger_util.py->write_log line:61 [INFO] 文件上传：None
[2022-12-02 13:51:04,921] logger_util.py->write_log line:61 [INFO] 预期结果：[{'equals': {'status_code': 200}}]
[2022-12-02 13:51:04,922] logger_util.py->write_log line:61 [INFO] 实际结果：49
[2022-12-02 13:51:04,922] logger_util.py->write_log line:61 [INFO] 接口请求成功！
[2022-12-02 13:51:04,922] logger_util.py->write_log line:61 [INFO] -------------接口请求结束-----------

[2022-12-02 13:51:04,929] logger_util.py->write_log line:61 [INFO] -------------接口请求开始-----------
[2022-12-02 13:51:04,929] logger_util.py->write_log line:61 [INFO] 接口名称：新建工程47
[2022-12-02 13:51:04,929] logger_util.py->write_log line:61 [INFO] 接口方式：post
[2022-12-02 13:51:04,929] logger_util.py->write_log line:61 [INFO] 接口路径：http://192.168.5.120:18000/api/v1/project/node
[2022-12-02 13:51:04,929] logger_util.py->write_log line:61 [INFO] 请求头：{'Content-Type': 'application/json;charset=UTF-8'}
[2022-12-02 13:51:04,929] logger_util.py->write_log line:61 [INFO] 请求参数：{'name': '工程47', 'path': 'E:\\APP\\CMS201', 'type': 1, 'parentId': 0}
[2022-12-02 13:51:04,930] logger_util.py->write_log line:61 [INFO] 文件上传：None
[2022-12-02 13:51:05,917] logger_util.py->write_log line:61 [INFO] 预期结果：[{'equals': {'status_code': 200}}]
[2022-12-02 13:51:05,917] logger_util.py->write_log line:61 [INFO] 实际结果：50
[2022-12-02 13:51:05,917] logger_util.py->write_log line:61 [INFO] 接口请求成功！
[2022-12-02 13:51:05,918] logger_util.py->write_log line:61 [INFO] -------------接口请求结束-----------

[2022-12-02 13:51:05,934] logger_util.py->write_log line:61 [INFO] -------------接口请求开始-----------
[2022-12-02 13:51:05,934] logger_util.py->write_log line:61 [INFO] 接口名称：新建工程48
[2022-12-02 13:51:05,934] logger_util.py->write_log line:61 [INFO] 接口方式：post
[2022-12-02 13:51:05,935] logger_util.py->write_log line:61 [INFO] 接口路径：http://192.168.5.120:18000/api/v1/project/node
[2022-12-02 13:51:05,935] logger_util.py->write_log line:61 [INFO] 请求头：{'Content-Type': 'application/json;charset=UTF-8'}
[2022-12-02 13:51:05,935] logger_util.py->write_log line:61 [INFO] 请求参数：{'name': '工程48', 'path': 'E:\\APP\\CMS201', 'type': 1, 'parentId': 0}
[2022-12-02 13:51:05,935] logger_util.py->write_log line:61 [INFO] 文件上传：None
[2022-12-02 13:51:06,904] logger_util.py->write_log line:61 [INFO] 预期结果：[{'equals': {'status_code': 200}}]
[2022-12-02 13:51:06,904] logger_util.py->write_log line:61 [INFO] 实际结果：51
[2022-12-02 13:51:06,904] logger_util.py->write_log line:61 [INFO] 接口请求成功！
[2022-12-02 13:51:06,904] logger_util.py->write_log line:61 [INFO] -------------接口请求结束-----------

[2022-12-02 13:51:06,909] logger_util.py->write_log line:61 [INFO] -------------接口请求开始-----------
[2022-12-02 13:51:06,909] logger_util.py->write_log line:61 [INFO] 接口名称：新建工程49
[2022-12-02 13:51:06,910] logger_util.py->write_log line:61 [INFO] 接口方式：post
[2022-12-02 13:51:06,910] logger_util.py->write_log line:61 [INFO] 接口路径：http://192.168.5.120:18000/api/v1/project/node
[2022-12-02 13:51:06,910] logger_util.py->write_log line:61 [INFO] 请求头：{'Content-Type': 'application/json;charset=UTF-8'}
[2022-12-02 13:51:06,910] logger_util.py->write_log line:61 [INFO] 请求参数：{'name': '工程49', 'path': 'E:\\APP\\CMS201', 'type': 1, 'parentId': 0}
[2022-12-02 13:51:06,910] logger_util.py->write_log line:61 [INFO] 文件上传：None
[2022-12-02 13:51:07,956] logger_util.py->write_log line:61 [INFO] 预期结果：[{'equals': {'status_code': 200}}]
[2022-12-02 13:51:07,956] logger_util.py->write_log line:61 [INFO] 实际结果：52
[2022-12-02 13:51:07,956] logger_util.py->write_log line:61 [INFO] 接口请求成功！
[2022-12-02 13:51:07,956] logger_util.py->write_log line:61 [INFO] -------------接口请求结束-----------

[2022-12-02 13:51:07,962] logger_util.py->write_log line:61 [INFO] -------------接口请求开始-----------
[2022-12-02 13:51:07,962] logger_util.py->write_log line:61 [INFO] 接口名称：新建工程50
[2022-12-02 13:51:07,962] logger_util.py->write_log line:61 [INFO] 接口方式：post
[2022-12-02 13:51:07,962] logger_util.py->write_log line:61 [INFO] 接口路径：http://192.168.5.120:18000/api/v1/project/node
[2022-12-02 13:51:07,962] logger_util.py->write_log line:61 [INFO] 请求头：{'Content-Type': 'application/json;charset=UTF-8'}
[2022-12-02 13:51:07,963] logger_util.py->write_log line:61 [INFO] 请求参数：{'name': '工程50', 'path': 'E:\\APP\\CMS201', 'type': 1, 'parentId': 0}
[2022-12-02 13:51:07,963] logger_util.py->write_log line:61 [INFO] 文件上传：None
[2022-12-02 13:51:08,881] logger_util.py->write_log line:61 [INFO] 预期结果：[{'equals': {'status_code': 200}}]
[2022-12-02 13:51:08,881] logger_util.py->write_log line:61 [INFO] 实际结果：53
[2022-12-02 13:51:08,881] logger_util.py->write_log line:61 [INFO] 接口请求成功！
[2022-12-02 13:51:08,881] logger_util.py->write_log line:61 [INFO] -------------接口请求结束-----------

