[2023-08-28 10:18:00,562] logger_util.py->write_log line:61 [INFO] 
-------------接口请求开始-----------
[2023-08-28 10:18:00,562] logger_util.py->write_log line:61 [INFO] 接口名称：下发内部变量-aa1-二进制
[2023-08-28 10:18:00,562] logger_util.py->write_log line:61 [INFO] 接口方式：post
[2023-08-28 10:18:00,562] logger_util.py->write_log line:61 [INFO] 接口路径：http://127.0.0.1:18000/api/v1/variable/setvalues
[2023-08-28 10:18:00,562] logger_util.py->write_log line:61 [INFO] 请求头：{'X-Project': 'dae11afb7ebf40b58b134308a82632eb', 'Authorization': 'Bearer eyJhbGciOiJIUzI1NiIsInR5cCI6IkpXVCJ9.eyJodHRwOi8vc2NoZW1hcy54bWxzb2FwLm9yZy93cy8yMDA1LzA1L2lkZW50aXR5L2NsYWltcy9uYW1lIjoiU3VwZXJBZG1pbiIsImh0dHA6Ly9zY2hlbWFzLnhtbHNvYXAub3JnL3dzLzIwMDUvMDUvaWRlbnRpdHkvY2xhaW1zL25hbWVpZGVudGlmaWVyIjoiU3VwZXJBZG1pbiIsImV4cCI6MTY5Mzc5MzQ4OSwiaXNzIjoiQ01TdjIiLCJhdWQiOiJBcGkifQ.JFkUxonTh3as8n8PugYLCwo5A-hIaZSOeUThP59MBMg'}
[2023-08-28 10:18:00,563] logger_util.py->write_log line:61 [INFO] 请求参数：{'aa1': '1'}
[2023-08-28 10:18:00,563] logger_util.py->write_log line:61 [INFO] 文件上传：None
[2023-08-28 10:18:00,577] logger_util.py->write_log line:61 [INFO] 预期结果：[{'equals': {'status_code': 200}}, {'equals': {'allSuccess': True}}]
[2023-08-28 10:18:00,577] logger_util.py->write_log line:61 [INFO] 实际结果：{'allSuccess': True, 'items': {'aa1': {'value': True, 'quality': 0, 'errorMsg': None}}}
[2023-08-28 10:18:00,577] logger_util.py->write_log line:61 [INFO] 接口请求成功！
[2023-08-28 10:18:00,577] logger_util.py->write_log line:61 [INFO] 
-------------接口请求结束-----------

[2023-08-28 10:18:00,582] logger_util.py->write_log line:61 [INFO] 
-------------接口请求开始-----------
[2023-08-28 10:18:00,582] logger_util.py->write_log line:61 [INFO] 接口名称：下发内部变量-aa1-二进制
[2023-08-28 10:18:00,583] logger_util.py->write_log line:61 [INFO] 接口方式：post
[2023-08-28 10:18:00,583] logger_util.py->write_log line:61 [INFO] 接口路径：http://127.0.0.1:18000/api/v1/variable/setvalues
[2023-08-28 10:18:00,583] logger_util.py->write_log line:61 [INFO] 请求头：{'X-Project': 'dae11afb7ebf40b58b134308a82632eb', 'Authorization': 'Bearer eyJhbGciOiJIUzI1NiIsInR5cCI6IkpXVCJ9.eyJodHRwOi8vc2NoZW1hcy54bWxzb2FwLm9yZy93cy8yMDA1LzA1L2lkZW50aXR5L2NsYWltcy9uYW1lIjoiU3VwZXJBZG1pbiIsImh0dHA6Ly9zY2hlbWFzLnhtbHNvYXAub3JnL3dzLzIwMDUvMDUvaWRlbnRpdHkvY2xhaW1zL25hbWVpZGVudGlmaWVyIjoiU3VwZXJBZG1pbiIsImV4cCI6MTY5Mzc5MzQ4OSwiaXNzIjoiQ01TdjIiLCJhdWQiOiJBcGkifQ.JFkUxonTh3as8n8PugYLCwo5A-hIaZSOeUThP59MBMg'}
[2023-08-28 10:18:00,583] logger_util.py->write_log line:61 [INFO] 请求参数：{'aa1': 'true'}
[2023-08-28 10:18:00,583] logger_util.py->write_log line:61 [INFO] 文件上传：None
[2023-08-28 10:18:00,587] logger_util.py->write_log line:61 [INFO] 预期结果：[{'equals': {'status_code': 200}}, {'equals': {'allSuccess': True}}]
[2023-08-28 10:18:00,588] logger_util.py->write_log line:61 [INFO] 实际结果：{'allSuccess': True, 'items': {'aa1': {'value': True, 'quality': 0, 'errorMsg': None}}}
[2023-08-28 10:18:00,588] logger_util.py->write_log line:61 [INFO] 接口请求成功！
[2023-08-28 10:18:00,588] logger_util.py->write_log line:61 [INFO] 
-------------接口请求结束-----------

[2023-08-28 10:18:00,593] logger_util.py->write_log line:61 [INFO] 
-------------接口请求开始-----------
[2023-08-28 10:18:00,594] logger_util.py->write_log line:61 [INFO] 接口名称：下发内部变量-aa1-二进制
[2023-08-28 10:18:00,594] logger_util.py->write_log line:61 [INFO] 接口方式：post
[2023-08-28 10:18:00,594] logger_util.py->write_log line:61 [INFO] 接口路径：http://127.0.0.1:18000/api/v1/variable/setvalues
[2023-08-28 10:18:00,594] logger_util.py->write_log line:61 [INFO] 请求头：{'X-Project': 'dae11afb7ebf40b58b134308a82632eb', 'Authorization': 'Bearer eyJhbGciOiJIUzI1NiIsInR5cCI6IkpXVCJ9.eyJodHRwOi8vc2NoZW1hcy54bWxzb2FwLm9yZy93cy8yMDA1LzA1L2lkZW50aXR5L2NsYWltcy9uYW1lIjoiU3VwZXJBZG1pbiIsImh0dHA6Ly9zY2hlbWFzLnhtbHNvYXAub3JnL3dzLzIwMDUvMDUvaWRlbnRpdHkvY2xhaW1zL25hbWVpZGVudGlmaWVyIjoiU3VwZXJBZG1pbiIsImV4cCI6MTY5Mzc5MzQ4OSwiaXNzIjoiQ01TdjIiLCJhdWQiOiJBcGkifQ.JFkUxonTh3as8n8PugYLCwo5A-hIaZSOeUThP59MBMg'}
[2023-08-28 10:18:00,594] logger_util.py->write_log line:61 [INFO] 请求参数：{'aa1': '0'}
[2023-08-28 10:18:00,594] logger_util.py->write_log line:61 [INFO] 文件上传：None
[2023-08-28 10:18:00,597] logger_util.py->write_log line:61 [INFO] 预期结果：[{'equals': {'status_code': 200}}, {'equals': {'allSuccess': True}}]
[2023-08-28 10:18:00,597] logger_util.py->write_log line:61 [INFO] 实际结果：{'allSuccess': True, 'items': {'aa1': {'value': False, 'quality': 0, 'errorMsg': None}}}
[2023-08-28 10:18:00,597] logger_util.py->write_log line:61 [INFO] 接口请求成功！
[2023-08-28 10:18:00,597] logger_util.py->write_log line:61 [INFO] 
-------------接口请求结束-----------

[2023-08-28 10:18:00,602] logger_util.py->write_log line:61 [INFO] 
-------------接口请求开始-----------
[2023-08-28 10:18:00,602] logger_util.py->write_log line:61 [INFO] 接口名称：下发内部变量-aa1-二进制
[2023-08-28 10:18:00,602] logger_util.py->write_log line:61 [INFO] 接口方式：post
[2023-08-28 10:18:00,602] logger_util.py->write_log line:61 [INFO] 接口路径：http://127.0.0.1:18000/api/v1/variable/setvalues
[2023-08-28 10:18:00,602] logger_util.py->write_log line:61 [INFO] 请求头：{'X-Project': 'dae11afb7ebf40b58b134308a82632eb', 'Authorization': 'Bearer eyJhbGciOiJIUzI1NiIsInR5cCI6IkpXVCJ9.eyJodHRwOi8vc2NoZW1hcy54bWxzb2FwLm9yZy93cy8yMDA1LzA1L2lkZW50aXR5L2NsYWltcy9uYW1lIjoiU3VwZXJBZG1pbiIsImh0dHA6Ly9zY2hlbWFzLnhtbHNvYXAub3JnL3dzLzIwMDUvMDUvaWRlbnRpdHkvY2xhaW1zL25hbWVpZGVudGlmaWVyIjoiU3VwZXJBZG1pbiIsImV4cCI6MTY5Mzc5MzQ4OSwiaXNzIjoiQ01TdjIiLCJhdWQiOiJBcGkifQ.JFkUxonTh3as8n8PugYLCwo5A-hIaZSOeUThP59MBMg'}
[2023-08-28 10:18:00,602] logger_util.py->write_log line:61 [INFO] 请求参数：{'aa1': 'false'}
[2023-08-28 10:18:00,603] logger_util.py->write_log line:61 [INFO] 文件上传：None
[2023-08-28 10:18:00,605] logger_util.py->write_log line:61 [INFO] 预期结果：[{'equals': {'status_code': 200}}, {'equals': {'allSuccess': True}}]
[2023-08-28 10:18:00,605] logger_util.py->write_log line:61 [INFO] 实际结果：{'allSuccess': True, 'items': {'aa1': {'value': False, 'quality': 0, 'errorMsg': None}}}
[2023-08-28 10:18:00,605] logger_util.py->write_log line:61 [INFO] 接口请求成功！
[2023-08-28 10:18:00,605] logger_util.py->write_log line:61 [INFO] 
-------------接口请求结束-----------

[2023-08-28 10:18:00,610] logger_util.py->write_log line:61 [INFO] 
-------------接口请求开始-----------
[2023-08-28 10:18:00,610] logger_util.py->write_log line:61 [INFO] 接口名称：下发内部变量-aa2-有符号8位整型
[2023-08-28 10:18:00,611] logger_util.py->write_log line:61 [INFO] 接口方式：post
[2023-08-28 10:18:00,611] logger_util.py->write_log line:61 [INFO] 接口路径：http://127.0.0.1:18000/api/v1/variable/setvalues
[2023-08-28 10:18:00,611] logger_util.py->write_log line:61 [INFO] 请求头：{'X-Project': 'dae11afb7ebf40b58b134308a82632eb', 'Authorization': 'Bearer eyJhbGciOiJIUzI1NiIsInR5cCI6IkpXVCJ9.eyJodHRwOi8vc2NoZW1hcy54bWxzb2FwLm9yZy93cy8yMDA1LzA1L2lkZW50aXR5L2NsYWltcy9uYW1lIjoiU3VwZXJBZG1pbiIsImh0dHA6Ly9zY2hlbWFzLnhtbHNvYXAub3JnL3dzLzIwMDUvMDUvaWRlbnRpdHkvY2xhaW1zL25hbWVpZGVudGlmaWVyIjoiU3VwZXJBZG1pbiIsImV4cCI6MTY5Mzc5MzQ4OSwiaXNzIjoiQ01TdjIiLCJhdWQiOiJBcGkifQ.JFkUxonTh3as8n8PugYLCwo5A-hIaZSOeUThP59MBMg'}
[2023-08-28 10:18:00,611] logger_util.py->write_log line:61 [INFO] 请求参数：{'aa2': '127'}
[2023-08-28 10:18:00,611] logger_util.py->write_log line:61 [INFO] 文件上传：None
[2023-08-28 10:18:00,614] logger_util.py->write_log line:61 [INFO] 预期结果：[{'equals': {'status_code': 200}}, {'equals': {'allSuccess': True}}]
[2023-08-28 10:18:00,614] logger_util.py->write_log line:61 [INFO] 实际结果：{'allSuccess': True, 'items': {'aa2': {'value': 127, 'quality': 0, 'errorMsg': None}}}
[2023-08-28 10:18:00,614] logger_util.py->write_log line:61 [INFO] 接口请求成功！
[2023-08-28 10:18:00,614] logger_util.py->write_log line:61 [INFO] 
-------------接口请求结束-----------

[2023-08-28 10:18:00,619] logger_util.py->write_log line:61 [INFO] 
-------------接口请求开始-----------
[2023-08-28 10:18:00,620] logger_util.py->write_log line:61 [INFO] 接口名称：下发内部变量-aa2-有符号8位整型
[2023-08-28 10:18:00,620] logger_util.py->write_log line:61 [INFO] 接口方式：post
[2023-08-28 10:18:00,620] logger_util.py->write_log line:61 [INFO] 接口路径：http://127.0.0.1:18000/api/v1/variable/setvalues
[2023-08-28 10:18:00,620] logger_util.py->write_log line:61 [INFO] 请求头：{'X-Project': 'dae11afb7ebf40b58b134308a82632eb', 'Authorization': 'Bearer eyJhbGciOiJIUzI1NiIsInR5cCI6IkpXVCJ9.eyJodHRwOi8vc2NoZW1hcy54bWxzb2FwLm9yZy93cy8yMDA1LzA1L2lkZW50aXR5L2NsYWltcy9uYW1lIjoiU3VwZXJBZG1pbiIsImh0dHA6Ly9zY2hlbWFzLnhtbHNvYXAub3JnL3dzLzIwMDUvMDUvaWRlbnRpdHkvY2xhaW1zL25hbWVpZGVudGlmaWVyIjoiU3VwZXJBZG1pbiIsImV4cCI6MTY5Mzc5MzQ4OSwiaXNzIjoiQ01TdjIiLCJhdWQiOiJBcGkifQ.JFkUxonTh3as8n8PugYLCwo5A-hIaZSOeUThP59MBMg'}
[2023-08-28 10:18:00,620] logger_util.py->write_log line:61 [INFO] 请求参数：{'aa2': '-128'}
[2023-08-28 10:18:00,620] logger_util.py->write_log line:61 [INFO] 文件上传：None
[2023-08-28 10:18:00,622] logger_util.py->write_log line:61 [INFO] 预期结果：[{'equals': {'status_code': 200}}, {'equals': {'allSuccess': True}}]
[2023-08-28 10:18:00,623] logger_util.py->write_log line:61 [INFO] 实际结果：{'allSuccess': True, 'items': {'aa2': {'value': -128, 'quality': 0, 'errorMsg': None}}}
[2023-08-28 10:18:00,623] logger_util.py->write_log line:61 [INFO] 接口请求成功！
[2023-08-28 10:18:00,623] logger_util.py->write_log line:61 [INFO] 
-------------接口请求结束-----------

[2023-08-28 10:18:00,637] logger_util.py->write_log line:61 [INFO] 
-------------接口请求开始-----------
[2023-08-28 10:18:00,637] logger_util.py->write_log line:61 [INFO] 接口名称：下发内部变量-aa3-无符号8位整型
[2023-08-28 10:18:00,637] logger_util.py->write_log line:61 [INFO] 接口方式：post
[2023-08-28 10:18:00,637] logger_util.py->write_log line:61 [INFO] 接口路径：http://127.0.0.1:18000/api/v1/variable/setvalues
[2023-08-28 10:18:00,637] logger_util.py->write_log line:61 [INFO] 请求头：{'X-Project': 'dae11afb7ebf40b58b134308a82632eb', 'Authorization': 'Bearer eyJhbGciOiJIUzI1NiIsInR5cCI6IkpXVCJ9.eyJodHRwOi8vc2NoZW1hcy54bWxzb2FwLm9yZy93cy8yMDA1LzA1L2lkZW50aXR5L2NsYWltcy9uYW1lIjoiU3VwZXJBZG1pbiIsImh0dHA6Ly9zY2hlbWFzLnhtbHNvYXAub3JnL3dzLzIwMDUvMDUvaWRlbnRpdHkvY2xhaW1zL25hbWVpZGVudGlmaWVyIjoiU3VwZXJBZG1pbiIsImV4cCI6MTY5Mzc5MzQ4OSwiaXNzIjoiQ01TdjIiLCJhdWQiOiJBcGkifQ.JFkUxonTh3as8n8PugYLCwo5A-hIaZSOeUThP59MBMg'}
[2023-08-28 10:18:00,637] logger_util.py->write_log line:61 [INFO] 请求参数：{'aa3': '0'}
[2023-08-28 10:18:00,637] logger_util.py->write_log line:61 [INFO] 文件上传：None
[2023-08-28 10:18:00,641] logger_util.py->write_log line:61 [INFO] 预期结果：[{'equals': {'status_code': 200}}, {'equals': {'allSuccess': True}}]
[2023-08-28 10:18:00,642] logger_util.py->write_log line:61 [INFO] 实际结果：{'allSuccess': True, 'items': {'aa3': {'value': 0, 'quality': 0, 'errorMsg': None}}}
[2023-08-28 10:18:00,642] logger_util.py->write_log line:61 [INFO] 接口请求成功！
[2023-08-28 10:18:00,642] logger_util.py->write_log line:61 [INFO] 
-------------接口请求结束-----------

[2023-08-28 10:18:00,647] logger_util.py->write_log line:61 [INFO] 
-------------接口请求开始-----------
[2023-08-28 10:18:00,647] logger_util.py->write_log line:61 [INFO] 接口名称：下发内部变量-aa3-无符号8位整型
[2023-08-28 10:18:00,647] logger_util.py->write_log line:61 [INFO] 接口方式：post
[2023-08-28 10:18:00,647] logger_util.py->write_log line:61 [INFO] 接口路径：http://127.0.0.1:18000/api/v1/variable/setvalues
[2023-08-28 10:18:00,647] logger_util.py->write_log line:61 [INFO] 请求头：{'X-Project': 'dae11afb7ebf40b58b134308a82632eb', 'Authorization': 'Bearer eyJhbGciOiJIUzI1NiIsInR5cCI6IkpXVCJ9.eyJodHRwOi8vc2NoZW1hcy54bWxzb2FwLm9yZy93cy8yMDA1LzA1L2lkZW50aXR5L2NsYWltcy9uYW1lIjoiU3VwZXJBZG1pbiIsImh0dHA6Ly9zY2hlbWFzLnhtbHNvYXAub3JnL3dzLzIwMDUvMDUvaWRlbnRpdHkvY2xhaW1zL25hbWVpZGVudGlmaWVyIjoiU3VwZXJBZG1pbiIsImV4cCI6MTY5Mzc5MzQ4OSwiaXNzIjoiQ01TdjIiLCJhdWQiOiJBcGkifQ.JFkUxonTh3as8n8PugYLCwo5A-hIaZSOeUThP59MBMg'}
[2023-08-28 10:18:00,647] logger_util.py->write_log line:61 [INFO] 请求参数：{'aa3': '255'}
[2023-08-28 10:18:00,647] logger_util.py->write_log line:61 [INFO] 文件上传：None
[2023-08-28 10:18:00,650] logger_util.py->write_log line:61 [INFO] 预期结果：[{'equals': {'status_code': 200}}, {'equals': {'allSuccess': True}}]
[2023-08-28 10:18:00,650] logger_util.py->write_log line:61 [INFO] 实际结果：{'allSuccess': True, 'items': {'aa3': {'value': 255, 'quality': 0, 'errorMsg': None}}}
[2023-08-28 10:18:00,650] logger_util.py->write_log line:61 [INFO] 接口请求成功！
[2023-08-28 10:18:00,650] logger_util.py->write_log line:61 [INFO] 
-------------接口请求结束-----------

[2023-08-28 10:18:00,656] logger_util.py->write_log line:61 [INFO] 
-------------接口请求开始-----------
[2023-08-28 10:18:00,656] logger_util.py->write_log line:61 [INFO] 接口名称：下发内部变量-aa4-有符号16位整型
[2023-08-28 10:18:00,656] logger_util.py->write_log line:61 [INFO] 接口方式：post
[2023-08-28 10:18:00,656] logger_util.py->write_log line:61 [INFO] 接口路径：http://127.0.0.1:18000/api/v1/variable/setvalues
[2023-08-28 10:18:00,656] logger_util.py->write_log line:61 [INFO] 请求头：{'X-Project': 'dae11afb7ebf40b58b134308a82632eb', 'Authorization': 'Bearer eyJhbGciOiJIUzI1NiIsInR5cCI6IkpXVCJ9.eyJodHRwOi8vc2NoZW1hcy54bWxzb2FwLm9yZy93cy8yMDA1LzA1L2lkZW50aXR5L2NsYWltcy9uYW1lIjoiU3VwZXJBZG1pbiIsImh0dHA6Ly9zY2hlbWFzLnhtbHNvYXAub3JnL3dzLzIwMDUvMDUvaWRlbnRpdHkvY2xhaW1zL25hbWVpZGVudGlmaWVyIjoiU3VwZXJBZG1pbiIsImV4cCI6MTY5Mzc5MzQ4OSwiaXNzIjoiQ01TdjIiLCJhdWQiOiJBcGkifQ.JFkUxonTh3as8n8PugYLCwo5A-hIaZSOeUThP59MBMg'}
[2023-08-28 10:18:00,656] logger_util.py->write_log line:61 [INFO] 请求参数：{'aa4': '32767'}
[2023-08-28 10:18:00,656] logger_util.py->write_log line:61 [INFO] 文件上传：None
[2023-08-28 10:18:00,659] logger_util.py->write_log line:61 [INFO] 预期结果：[{'equals': {'status_code': 200}}, {'equals': {'allSuccess': True}}]
[2023-08-28 10:18:00,659] logger_util.py->write_log line:61 [INFO] 实际结果：{'allSuccess': True, 'items': {'aa4': {'value': 32767, 'quality': 0, 'errorMsg': None}}}
[2023-08-28 10:18:00,659] logger_util.py->write_log line:61 [INFO] 接口请求成功！
[2023-08-28 10:18:00,659] logger_util.py->write_log line:61 [INFO] 
-------------接口请求结束-----------

[2023-08-28 10:18:00,664] logger_util.py->write_log line:61 [INFO] 
-------------接口请求开始-----------
[2023-08-28 10:18:00,664] logger_util.py->write_log line:61 [INFO] 接口名称：下发内部变量-aa4-有符号16位整型
[2023-08-28 10:18:00,664] logger_util.py->write_log line:61 [INFO] 接口方式：post
[2023-08-28 10:18:00,664] logger_util.py->write_log line:61 [INFO] 接口路径：http://127.0.0.1:18000/api/v1/variable/setvalues
[2023-08-28 10:18:00,664] logger_util.py->write_log line:61 [INFO] 请求头：{'X-Project': 'dae11afb7ebf40b58b134308a82632eb', 'Authorization': 'Bearer eyJhbGciOiJIUzI1NiIsInR5cCI6IkpXVCJ9.eyJodHRwOi8vc2NoZW1hcy54bWxzb2FwLm9yZy93cy8yMDA1LzA1L2lkZW50aXR5L2NsYWltcy9uYW1lIjoiU3VwZXJBZG1pbiIsImh0dHA6Ly9zY2hlbWFzLnhtbHNvYXAub3JnL3dzLzIwMDUvMDUvaWRlbnRpdHkvY2xhaW1zL25hbWVpZGVudGlmaWVyIjoiU3VwZXJBZG1pbiIsImV4cCI6MTY5Mzc5MzQ4OSwiaXNzIjoiQ01TdjIiLCJhdWQiOiJBcGkifQ.JFkUxonTh3as8n8PugYLCwo5A-hIaZSOeUThP59MBMg'}
[2023-08-28 10:18:00,665] logger_util.py->write_log line:61 [INFO] 请求参数：{'aa4': '-32768'}
[2023-08-28 10:18:00,665] logger_util.py->write_log line:61 [INFO] 文件上传：None
[2023-08-28 10:18:00,668] logger_util.py->write_log line:61 [INFO] 预期结果：[{'equals': {'status_code': 200}}, {'equals': {'allSuccess': True}}]
[2023-08-28 10:18:00,668] logger_util.py->write_log line:61 [INFO] 实际结果：{'allSuccess': True, 'items': {'aa4': {'value': -32768, 'quality': 0, 'errorMsg': None}}}
[2023-08-28 10:18:00,668] logger_util.py->write_log line:61 [INFO] 接口请求成功！
[2023-08-28 10:18:00,668] logger_util.py->write_log line:61 [INFO] 
-------------接口请求结束-----------

[2023-08-28 10:18:00,673] logger_util.py->write_log line:61 [INFO] 
-------------接口请求开始-----------
[2023-08-28 10:18:00,674] logger_util.py->write_log line:61 [INFO] 接口名称：下发内部变量-aa5-无符号16位整型
[2023-08-28 10:18:00,674] logger_util.py->write_log line:61 [INFO] 接口方式：post
[2023-08-28 10:18:00,674] logger_util.py->write_log line:61 [INFO] 接口路径：http://127.0.0.1:18000/api/v1/variable/setvalues
[2023-08-28 10:18:00,674] logger_util.py->write_log line:61 [INFO] 请求头：{'X-Project': 'dae11afb7ebf40b58b134308a82632eb', 'Authorization': 'Bearer eyJhbGciOiJIUzI1NiIsInR5cCI6IkpXVCJ9.eyJodHRwOi8vc2NoZW1hcy54bWxzb2FwLm9yZy93cy8yMDA1LzA1L2lkZW50aXR5L2NsYWltcy9uYW1lIjoiU3VwZXJBZG1pbiIsImh0dHA6Ly9zY2hlbWFzLnhtbHNvYXAub3JnL3dzLzIwMDUvMDUvaWRlbnRpdHkvY2xhaW1zL25hbWVpZGVudGlmaWVyIjoiU3VwZXJBZG1pbiIsImV4cCI6MTY5Mzc5MzQ4OSwiaXNzIjoiQ01TdjIiLCJhdWQiOiJBcGkifQ.JFkUxonTh3as8n8PugYLCwo5A-hIaZSOeUThP59MBMg'}
[2023-08-28 10:18:00,674] logger_util.py->write_log line:61 [INFO] 请求参数：{'aa5': '0'}
[2023-08-28 10:18:00,674] logger_util.py->write_log line:61 [INFO] 文件上传：None
[2023-08-28 10:18:00,677] logger_util.py->write_log line:61 [INFO] 预期结果：[{'equals': {'status_code': 200}}, {'equals': {'allSuccess': True}}]
[2023-08-28 10:18:00,677] logger_util.py->write_log line:61 [INFO] 实际结果：{'allSuccess': True, 'items': {'aa5': {'value': 0, 'quality': 0, 'errorMsg': None}}}
[2023-08-28 10:18:00,677] logger_util.py->write_log line:61 [INFO] 接口请求成功！
[2023-08-28 10:18:00,677] logger_util.py->write_log line:61 [INFO] 
-------------接口请求结束-----------

[2023-08-28 10:18:00,682] logger_util.py->write_log line:61 [INFO] 
-------------接口请求开始-----------
[2023-08-28 10:18:00,682] logger_util.py->write_log line:61 [INFO] 接口名称：下发内部变量-aa5-无符号16位整型
[2023-08-28 10:18:00,682] logger_util.py->write_log line:61 [INFO] 接口方式：post
[2023-08-28 10:18:00,682] logger_util.py->write_log line:61 [INFO] 接口路径：http://127.0.0.1:18000/api/v1/variable/setvalues
[2023-08-28 10:18:00,682] logger_util.py->write_log line:61 [INFO] 请求头：{'X-Project': 'dae11afb7ebf40b58b134308a82632eb', 'Authorization': 'Bearer eyJhbGciOiJIUzI1NiIsInR5cCI6IkpXVCJ9.eyJodHRwOi8vc2NoZW1hcy54bWxzb2FwLm9yZy93cy8yMDA1LzA1L2lkZW50aXR5L2NsYWltcy9uYW1lIjoiU3VwZXJBZG1pbiIsImh0dHA6Ly9zY2hlbWFzLnhtbHNvYXAub3JnL3dzLzIwMDUvMDUvaWRlbnRpdHkvY2xhaW1zL25hbWVpZGVudGlmaWVyIjoiU3VwZXJBZG1pbiIsImV4cCI6MTY5Mzc5MzQ4OSwiaXNzIjoiQ01TdjIiLCJhdWQiOiJBcGkifQ.JFkUxonTh3as8n8PugYLCwo5A-hIaZSOeUThP59MBMg'}
[2023-08-28 10:18:00,682] logger_util.py->write_log line:61 [INFO] 请求参数：{'aa5': '65535'}
[2023-08-28 10:18:00,682] logger_util.py->write_log line:61 [INFO] 文件上传：None
[2023-08-28 10:18:00,685] logger_util.py->write_log line:61 [INFO] 预期结果：[{'equals': {'status_code': 200}}, {'equals': {'allSuccess': True}}]
[2023-08-28 10:18:00,685] logger_util.py->write_log line:61 [INFO] 实际结果：{'allSuccess': True, 'items': {'aa5': {'value': 65535, 'quality': 0, 'errorMsg': None}}}
[2023-08-28 10:18:00,685] logger_util.py->write_log line:61 [INFO] 接口请求成功！
[2023-08-28 10:18:00,685] logger_util.py->write_log line:61 [INFO] 
-------------接口请求结束-----------

[2023-08-28 10:18:00,691] logger_util.py->write_log line:61 [INFO] 
-------------接口请求开始-----------
[2023-08-28 10:18:00,691] logger_util.py->write_log line:61 [INFO] 接口名称：下发内部变量-aa6-有符号32位整型
[2023-08-28 10:18:00,691] logger_util.py->write_log line:61 [INFO] 接口方式：post
[2023-08-28 10:18:00,691] logger_util.py->write_log line:61 [INFO] 接口路径：http://127.0.0.1:18000/api/v1/variable/setvalues
[2023-08-28 10:18:00,691] logger_util.py->write_log line:61 [INFO] 请求头：{'X-Project': 'dae11afb7ebf40b58b134308a82632eb', 'Authorization': 'Bearer eyJhbGciOiJIUzI1NiIsInR5cCI6IkpXVCJ9.eyJodHRwOi8vc2NoZW1hcy54bWxzb2FwLm9yZy93cy8yMDA1LzA1L2lkZW50aXR5L2NsYWltcy9uYW1lIjoiU3VwZXJBZG1pbiIsImh0dHA6Ly9zY2hlbWFzLnhtbHNvYXAub3JnL3dzLzIwMDUvMDUvaWRlbnRpdHkvY2xhaW1zL25hbWVpZGVudGlmaWVyIjoiU3VwZXJBZG1pbiIsImV4cCI6MTY5Mzc5MzQ4OSwiaXNzIjoiQ01TdjIiLCJhdWQiOiJBcGkifQ.JFkUxonTh3as8n8PugYLCwo5A-hIaZSOeUThP59MBMg'}
[2023-08-28 10:18:00,691] logger_util.py->write_log line:61 [INFO] 请求参数：{'aa6': '2147483647'}
[2023-08-28 10:18:00,691] logger_util.py->write_log line:61 [INFO] 文件上传：None
[2023-08-28 10:18:00,694] logger_util.py->write_log line:61 [INFO] 预期结果：[{'equals': {'status_code': 200}}, {'equals': {'allSuccess': True}}]
[2023-08-28 10:18:00,694] logger_util.py->write_log line:61 [INFO] 实际结果：{'allSuccess': True, 'items': {'aa6': {'value': 2147483647, 'quality': 0, 'errorMsg': None}}}
[2023-08-28 10:18:00,694] logger_util.py->write_log line:61 [INFO] 接口请求成功！
[2023-08-28 10:18:00,694] logger_util.py->write_log line:61 [INFO] 
-------------接口请求结束-----------

[2023-08-28 10:18:00,699] logger_util.py->write_log line:61 [INFO] 
-------------接口请求开始-----------
[2023-08-28 10:18:00,699] logger_util.py->write_log line:61 [INFO] 接口名称：下发内部变量-aa6-有符号32位整型
[2023-08-28 10:18:00,699] logger_util.py->write_log line:61 [INFO] 接口方式：post
[2023-08-28 10:18:00,699] logger_util.py->write_log line:61 [INFO] 接口路径：http://127.0.0.1:18000/api/v1/variable/setvalues
[2023-08-28 10:18:00,700] logger_util.py->write_log line:61 [INFO] 请求头：{'X-Project': 'dae11afb7ebf40b58b134308a82632eb', 'Authorization': 'Bearer eyJhbGciOiJIUzI1NiIsInR5cCI6IkpXVCJ9.eyJodHRwOi8vc2NoZW1hcy54bWxzb2FwLm9yZy93cy8yMDA1LzA1L2lkZW50aXR5L2NsYWltcy9uYW1lIjoiU3VwZXJBZG1pbiIsImh0dHA6Ly9zY2hlbWFzLnhtbHNvYXAub3JnL3dzLzIwMDUvMDUvaWRlbnRpdHkvY2xhaW1zL25hbWVpZGVudGlmaWVyIjoiU3VwZXJBZG1pbiIsImV4cCI6MTY5Mzc5MzQ4OSwiaXNzIjoiQ01TdjIiLCJhdWQiOiJBcGkifQ.JFkUxonTh3as8n8PugYLCwo5A-hIaZSOeUThP59MBMg'}
[2023-08-28 10:18:00,700] logger_util.py->write_log line:61 [INFO] 请求参数：{'aa6': '-2147483648'}
[2023-08-28 10:18:00,700] logger_util.py->write_log line:61 [INFO] 文件上传：None
[2023-08-28 10:18:00,703] logger_util.py->write_log line:61 [INFO] 预期结果：[{'equals': {'status_code': 200}}, {'equals': {'allSuccess': True}}]
[2023-08-28 10:18:00,703] logger_util.py->write_log line:61 [INFO] 实际结果：{'allSuccess': True, 'items': {'aa6': {'value': -2147483648, 'quality': 0, 'errorMsg': None}}}
[2023-08-28 10:18:00,703] logger_util.py->write_log line:61 [INFO] 接口请求成功！
[2023-08-28 10:18:00,703] logger_util.py->write_log line:61 [INFO] 
-------------接口请求结束-----------

[2023-08-28 10:18:00,708] logger_util.py->write_log line:61 [INFO] 
-------------接口请求开始-----------
[2023-08-28 10:18:00,709] logger_util.py->write_log line:61 [INFO] 接口名称：下发内部变量-aa7-无符号32位整型
[2023-08-28 10:18:00,709] logger_util.py->write_log line:61 [INFO] 接口方式：post
[2023-08-28 10:18:00,709] logger_util.py->write_log line:61 [INFO] 接口路径：http://127.0.0.1:18000/api/v1/variable/setvalues
[2023-08-28 10:18:00,709] logger_util.py->write_log line:61 [INFO] 请求头：{'X-Project': 'dae11afb7ebf40b58b134308a82632eb', 'Authorization': 'Bearer eyJhbGciOiJIUzI1NiIsInR5cCI6IkpXVCJ9.eyJodHRwOi8vc2NoZW1hcy54bWxzb2FwLm9yZy93cy8yMDA1LzA1L2lkZW50aXR5L2NsYWltcy9uYW1lIjoiU3VwZXJBZG1pbiIsImh0dHA6Ly9zY2hlbWFzLnhtbHNvYXAub3JnL3dzLzIwMDUvMDUvaWRlbnRpdHkvY2xhaW1zL25hbWVpZGVudGlmaWVyIjoiU3VwZXJBZG1pbiIsImV4cCI6MTY5Mzc5MzQ4OSwiaXNzIjoiQ01TdjIiLCJhdWQiOiJBcGkifQ.JFkUxonTh3as8n8PugYLCwo5A-hIaZSOeUThP59MBMg'}
[2023-08-28 10:18:00,709] logger_util.py->write_log line:61 [INFO] 请求参数：{'aa7': '0'}
[2023-08-28 10:18:00,709] logger_util.py->write_log line:61 [INFO] 文件上传：None
[2023-08-28 10:18:00,712] logger_util.py->write_log line:61 [INFO] 预期结果：[{'equals': {'status_code': 200}}, {'equals': {'allSuccess': True}}]
[2023-08-28 10:18:00,712] logger_util.py->write_log line:61 [INFO] 实际结果：{'allSuccess': True, 'items': {'aa7': {'value': 0, 'quality': 0, 'errorMsg': None}}}
[2023-08-28 10:18:00,712] logger_util.py->write_log line:61 [INFO] 接口请求成功！
[2023-08-28 10:18:00,712] logger_util.py->write_log line:61 [INFO] 
-------------接口请求结束-----------

[2023-08-28 10:18:00,717] logger_util.py->write_log line:61 [INFO] 
-------------接口请求开始-----------
[2023-08-28 10:18:00,718] logger_util.py->write_log line:61 [INFO] 接口名称：下发内部变量-aa7-无符号32位整型
[2023-08-28 10:18:00,718] logger_util.py->write_log line:61 [INFO] 接口方式：post
[2023-08-28 10:18:00,718] logger_util.py->write_log line:61 [INFO] 接口路径：http://127.0.0.1:18000/api/v1/variable/setvalues
[2023-08-28 10:18:00,718] logger_util.py->write_log line:61 [INFO] 请求头：{'X-Project': 'dae11afb7ebf40b58b134308a82632eb', 'Authorization': 'Bearer eyJhbGciOiJIUzI1NiIsInR5cCI6IkpXVCJ9.eyJodHRwOi8vc2NoZW1hcy54bWxzb2FwLm9yZy93cy8yMDA1LzA1L2lkZW50aXR5L2NsYWltcy9uYW1lIjoiU3VwZXJBZG1pbiIsImh0dHA6Ly9zY2hlbWFzLnhtbHNvYXAub3JnL3dzLzIwMDUvMDUvaWRlbnRpdHkvY2xhaW1zL25hbWVpZGVudGlmaWVyIjoiU3VwZXJBZG1pbiIsImV4cCI6MTY5Mzc5MzQ4OSwiaXNzIjoiQ01TdjIiLCJhdWQiOiJBcGkifQ.JFkUxonTh3as8n8PugYLCwo5A-hIaZSOeUThP59MBMg'}
[2023-08-28 10:18:00,718] logger_util.py->write_log line:61 [INFO] 请求参数：{'aa7': '4294967295'}
[2023-08-28 10:18:00,718] logger_util.py->write_log line:61 [INFO] 文件上传：None
[2023-08-28 10:18:00,721] logger_util.py->write_log line:61 [INFO] 预期结果：[{'equals': {'status_code': 200}}, {'equals': {'allSuccess': True}}]
[2023-08-28 10:18:00,721] logger_util.py->write_log line:61 [INFO] 实际结果：{'allSuccess': True, 'items': {'aa7': {'value': 4294967295, 'quality': 0, 'errorMsg': None}}}
[2023-08-28 10:18:00,721] logger_util.py->write_log line:61 [INFO] 接口请求成功！
[2023-08-28 10:18:00,721] logger_util.py->write_log line:61 [INFO] 
-------------接口请求结束-----------

[2023-08-28 10:18:00,725] logger_util.py->write_log line:61 [INFO] 
-------------接口请求开始-----------
[2023-08-28 10:18:00,726] logger_util.py->write_log line:61 [INFO] 接口名称：下发内部变量-aa8-有符号64位整型
[2023-08-28 10:18:00,726] logger_util.py->write_log line:61 [INFO] 接口方式：post
[2023-08-28 10:18:00,726] logger_util.py->write_log line:61 [INFO] 接口路径：http://127.0.0.1:18000/api/v1/variable/setvalues
[2023-08-28 10:18:00,726] logger_util.py->write_log line:61 [INFO] 请求头：{'X-Project': 'dae11afb7ebf40b58b134308a82632eb', 'Authorization': 'Bearer eyJhbGciOiJIUzI1NiIsInR5cCI6IkpXVCJ9.eyJodHRwOi8vc2NoZW1hcy54bWxzb2FwLm9yZy93cy8yMDA1LzA1L2lkZW50aXR5L2NsYWltcy9uYW1lIjoiU3VwZXJBZG1pbiIsImh0dHA6Ly9zY2hlbWFzLnhtbHNvYXAub3JnL3dzLzIwMDUvMDUvaWRlbnRpdHkvY2xhaW1zL25hbWVpZGVudGlmaWVyIjoiU3VwZXJBZG1pbiIsImV4cCI6MTY5Mzc5MzQ4OSwiaXNzIjoiQ01TdjIiLCJhdWQiOiJBcGkifQ.JFkUxonTh3as8n8PugYLCwo5A-hIaZSOeUThP59MBMg'}
[2023-08-28 10:18:00,726] logger_util.py->write_log line:61 [INFO] 请求参数：{'aa8': '9223372036854775807'}
[2023-08-28 10:18:00,726] logger_util.py->write_log line:61 [INFO] 文件上传：None
[2023-08-28 10:18:00,728] logger_util.py->write_log line:61 [INFO] 预期结果：[{'equals': {'status_code': 200}}, {'equals': {'allSuccess': True}}]
[2023-08-28 10:18:00,728] logger_util.py->write_log line:61 [INFO] 实际结果：{'allSuccess': True, 'items': {'aa8': {'value': 9223372036854775807, 'quality': 0, 'errorMsg': None}}}
[2023-08-28 10:18:00,728] logger_util.py->write_log line:61 [INFO] 接口请求成功！
[2023-08-28 10:18:00,728] logger_util.py->write_log line:61 [INFO] 
-------------接口请求结束-----------

[2023-08-28 10:18:00,733] logger_util.py->write_log line:61 [INFO] 
-------------接口请求开始-----------
[2023-08-28 10:18:00,733] logger_util.py->write_log line:61 [INFO] 接口名称：下发内部变量-aa8-有符号64位整型
[2023-08-28 10:18:00,733] logger_util.py->write_log line:61 [INFO] 接口方式：post
[2023-08-28 10:18:00,733] logger_util.py->write_log line:61 [INFO] 接口路径：http://127.0.0.1:18000/api/v1/variable/setvalues
[2023-08-28 10:18:00,733] logger_util.py->write_log line:61 [INFO] 请求头：{'X-Project': 'dae11afb7ebf40b58b134308a82632eb', 'Authorization': 'Bearer eyJhbGciOiJIUzI1NiIsInR5cCI6IkpXVCJ9.eyJodHRwOi8vc2NoZW1hcy54bWxzb2FwLm9yZy93cy8yMDA1LzA1L2lkZW50aXR5L2NsYWltcy9uYW1lIjoiU3VwZXJBZG1pbiIsImh0dHA6Ly9zY2hlbWFzLnhtbHNvYXAub3JnL3dzLzIwMDUvMDUvaWRlbnRpdHkvY2xhaW1zL25hbWVpZGVudGlmaWVyIjoiU3VwZXJBZG1pbiIsImV4cCI6MTY5Mzc5MzQ4OSwiaXNzIjoiQ01TdjIiLCJhdWQiOiJBcGkifQ.JFkUxonTh3as8n8PugYLCwo5A-hIaZSOeUThP59MBMg'}
[2023-08-28 10:18:00,733] logger_util.py->write_log line:61 [INFO] 请求参数：{'aa8': '-9223372036854775808'}
[2023-08-28 10:18:00,733] logger_util.py->write_log line:61 [INFO] 文件上传：None
[2023-08-28 10:18:00,736] logger_util.py->write_log line:61 [INFO] 预期结果：[{'equals': {'status_code': 200}}, {'equals': {'allSuccess': True}}]
[2023-08-28 10:18:00,736] logger_util.py->write_log line:61 [INFO] 实际结果：{'allSuccess': True, 'items': {'aa8': {'value': -9223372036854775808, 'quality': 0, 'errorMsg': None}}}
[2023-08-28 10:18:00,736] logger_util.py->write_log line:61 [INFO] 接口请求成功！
[2023-08-28 10:18:00,736] logger_util.py->write_log line:61 [INFO] 
-------------接口请求结束-----------

[2023-08-28 10:18:00,741] logger_util.py->write_log line:61 [INFO] 
-------------接口请求开始-----------
[2023-08-28 10:18:00,741] logger_util.py->write_log line:61 [INFO] 接口名称：下发内部变量-aa9-无符号64位整型
[2023-08-28 10:18:00,741] logger_util.py->write_log line:61 [INFO] 接口方式：post
[2023-08-28 10:18:00,741] logger_util.py->write_log line:61 [INFO] 接口路径：http://127.0.0.1:18000/api/v1/variable/setvalues
[2023-08-28 10:18:00,741] logger_util.py->write_log line:61 [INFO] 请求头：{'X-Project': 'dae11afb7ebf40b58b134308a82632eb', 'Authorization': 'Bearer eyJhbGciOiJIUzI1NiIsInR5cCI6IkpXVCJ9.eyJodHRwOi8vc2NoZW1hcy54bWxzb2FwLm9yZy93cy8yMDA1LzA1L2lkZW50aXR5L2NsYWltcy9uYW1lIjoiU3VwZXJBZG1pbiIsImh0dHA6Ly9zY2hlbWFzLnhtbHNvYXAub3JnL3dzLzIwMDUvMDUvaWRlbnRpdHkvY2xhaW1zL25hbWVpZGVudGlmaWVyIjoiU3VwZXJBZG1pbiIsImV4cCI6MTY5Mzc5MzQ4OSwiaXNzIjoiQ01TdjIiLCJhdWQiOiJBcGkifQ.JFkUxonTh3as8n8PugYLCwo5A-hIaZSOeUThP59MBMg'}
[2023-08-28 10:18:00,741] logger_util.py->write_log line:61 [INFO] 请求参数：{'aa9': '0'}
[2023-08-28 10:18:00,741] logger_util.py->write_log line:61 [INFO] 文件上传：None
[2023-08-28 10:18:00,744] logger_util.py->write_log line:61 [INFO] 预期结果：[{'equals': {'status_code': 200}}, {'equals': {'allSuccess': True}}]
[2023-08-28 10:18:00,744] logger_util.py->write_log line:61 [INFO] 实际结果：{'allSuccess': True, 'items': {'aa9': {'value': 0, 'quality': 0, 'errorMsg': None}}}
[2023-08-28 10:18:00,744] logger_util.py->write_log line:61 [INFO] 接口请求成功！
[2023-08-28 10:18:00,744] logger_util.py->write_log line:61 [INFO] 
-------------接口请求结束-----------

[2023-08-28 10:18:00,748] logger_util.py->write_log line:61 [INFO] 
-------------接口请求开始-----------
[2023-08-28 10:18:00,749] logger_util.py->write_log line:61 [INFO] 接口名称：下发内部变量-aa9-无符号64位整型
[2023-08-28 10:18:00,749] logger_util.py->write_log line:61 [INFO] 接口方式：post
[2023-08-28 10:18:00,749] logger_util.py->write_log line:61 [INFO] 接口路径：http://127.0.0.1:18000/api/v1/variable/setvalues
[2023-08-28 10:18:00,749] logger_util.py->write_log line:61 [INFO] 请求头：{'X-Project': 'dae11afb7ebf40b58b134308a82632eb', 'Authorization': 'Bearer eyJhbGciOiJIUzI1NiIsInR5cCI6IkpXVCJ9.eyJodHRwOi8vc2NoZW1hcy54bWxzb2FwLm9yZy93cy8yMDA1LzA1L2lkZW50aXR5L2NsYWltcy9uYW1lIjoiU3VwZXJBZG1pbiIsImh0dHA6Ly9zY2hlbWFzLnhtbHNvYXAub3JnL3dzLzIwMDUvMDUvaWRlbnRpdHkvY2xhaW1zL25hbWVpZGVudGlmaWVyIjoiU3VwZXJBZG1pbiIsImV4cCI6MTY5Mzc5MzQ4OSwiaXNzIjoiQ01TdjIiLCJhdWQiOiJBcGkifQ.JFkUxonTh3as8n8PugYLCwo5A-hIaZSOeUThP59MBMg'}
[2023-08-28 10:18:00,749] logger_util.py->write_log line:61 [INFO] 请求参数：{'aa9': '18446744073709551615'}
[2023-08-28 10:18:00,749] logger_util.py->write_log line:61 [INFO] 文件上传：None
[2023-08-28 10:18:00,752] logger_util.py->write_log line:61 [INFO] 预期结果：[{'equals': {'status_code': 200}}, {'equals': {'allSuccess': True}}]
[2023-08-28 10:18:00,752] logger_util.py->write_log line:61 [INFO] 实际结果：{'allSuccess': True, 'items': {'aa9': {'value': 18446744073709551615, 'quality': 0, 'errorMsg': None}}}
[2023-08-28 10:18:00,752] logger_util.py->write_log line:61 [INFO] 接口请求成功！
[2023-08-28 10:18:00,752] logger_util.py->write_log line:61 [INFO] 
-------------接口请求结束-----------

[2023-08-28 10:18:00,756] logger_util.py->write_log line:61 [INFO] 
-------------接口请求开始-----------
[2023-08-28 10:18:00,756] logger_util.py->write_log line:61 [INFO] 接口名称：下发内部变量-aa10-F32位浮点数IEEE754
[2023-08-28 10:18:00,757] logger_util.py->write_log line:61 [INFO] 接口方式：post
[2023-08-28 10:18:00,757] logger_util.py->write_log line:61 [INFO] 接口路径：http://127.0.0.1:18000/api/v1/variable/setvalues
[2023-08-28 10:18:00,757] logger_util.py->write_log line:61 [INFO] 请求头：{'X-Project': 'dae11afb7ebf40b58b134308a82632eb', 'Authorization': 'Bearer eyJhbGciOiJIUzI1NiIsInR5cCI6IkpXVCJ9.eyJodHRwOi8vc2NoZW1hcy54bWxzb2FwLm9yZy93cy8yMDA1LzA1L2lkZW50aXR5L2NsYWltcy9uYW1lIjoiU3VwZXJBZG1pbiIsImh0dHA6Ly9zY2hlbWFzLnhtbHNvYXAub3JnL3dzLzIwMDUvMDUvaWRlbnRpdHkvY2xhaW1zL25hbWVpZGVudGlmaWVyIjoiU3VwZXJBZG1pbiIsImV4cCI6MTY5Mzc5MzQ4OSwiaXNzIjoiQ01TdjIiLCJhdWQiOiJBcGkifQ.JFkUxonTh3as8n8PugYLCwo5A-hIaZSOeUThP59MBMg'}
[2023-08-28 10:18:00,757] logger_util.py->write_log line:61 [INFO] 请求参数：{'aa10': '3.40282346638528E+38'}
[2023-08-28 10:18:00,757] logger_util.py->write_log line:61 [INFO] 文件上传：None
[2023-08-28 10:18:00,759] logger_util.py->write_log line:61 [INFO] 预期结果：[{'equals': {'status_code': 200}}, {'equals': {'allSuccess': True}}]
[2023-08-28 10:18:00,760] logger_util.py->write_log line:61 [INFO] 实际结果：{'allSuccess': True, 'items': {'aa10': {'value': 3.4028235e+38, 'quality': 0, 'errorMsg': None}}}
[2023-08-28 10:18:00,760] logger_util.py->write_log line:61 [INFO] 接口请求成功！
[2023-08-28 10:18:00,760] logger_util.py->write_log line:61 [INFO] 
-------------接口请求结束-----------

[2023-08-28 10:18:00,764] logger_util.py->write_log line:61 [INFO] 
-------------接口请求开始-----------
[2023-08-28 10:18:00,765] logger_util.py->write_log line:61 [INFO] 接口名称：下发内部变量-aa10-F32位浮点数IEEE754
[2023-08-28 10:18:00,765] logger_util.py->write_log line:61 [INFO] 接口方式：post
[2023-08-28 10:18:00,765] logger_util.py->write_log line:61 [INFO] 接口路径：http://127.0.0.1:18000/api/v1/variable/setvalues
[2023-08-28 10:18:00,765] logger_util.py->write_log line:61 [INFO] 请求头：{'X-Project': 'dae11afb7ebf40b58b134308a82632eb', 'Authorization': 'Bearer eyJhbGciOiJIUzI1NiIsInR5cCI6IkpXVCJ9.eyJodHRwOi8vc2NoZW1hcy54bWxzb2FwLm9yZy93cy8yMDA1LzA1L2lkZW50aXR5L2NsYWltcy9uYW1lIjoiU3VwZXJBZG1pbiIsImh0dHA6Ly9zY2hlbWFzLnhtbHNvYXAub3JnL3dzLzIwMDUvMDUvaWRlbnRpdHkvY2xhaW1zL25hbWVpZGVudGlmaWVyIjoiU3VwZXJBZG1pbiIsImV4cCI6MTY5Mzc5MzQ4OSwiaXNzIjoiQ01TdjIiLCJhdWQiOiJBcGkifQ.JFkUxonTh3as8n8PugYLCwo5A-hIaZSOeUThP59MBMg'}
[2023-08-28 10:18:00,765] logger_util.py->write_log line:61 [INFO] 请求参数：{'aa10': '-3.40282346638528E+38'}
[2023-08-28 10:18:00,765] logger_util.py->write_log line:61 [INFO] 文件上传：None
[2023-08-28 10:18:00,768] logger_util.py->write_log line:61 [INFO] 预期结果：[{'equals': {'status_code': 200}}, {'equals': {'allSuccess': True}}]
[2023-08-28 10:18:00,768] logger_util.py->write_log line:61 [INFO] 实际结果：{'allSuccess': True, 'items': {'aa10': {'value': -3.4028235e+38, 'quality': 0, 'errorMsg': None}}}
[2023-08-28 10:18:00,768] logger_util.py->write_log line:61 [INFO] 接口请求成功！
[2023-08-28 10:18:00,768] logger_util.py->write_log line:61 [INFO] 
-------------接口请求结束-----------

[2023-08-28 10:18:00,773] logger_util.py->write_log line:61 [INFO] 
-------------接口请求开始-----------
[2023-08-28 10:18:00,773] logger_util.py->write_log line:61 [INFO] 接口名称：下发内部变量-aa11-F64位浮点数IEEE754
[2023-08-28 10:18:00,773] logger_util.py->write_log line:61 [INFO] 接口方式：post
[2023-08-28 10:18:00,773] logger_util.py->write_log line:61 [INFO] 接口路径：http://127.0.0.1:18000/api/v1/variable/setvalues
[2023-08-28 10:18:00,773] logger_util.py->write_log line:61 [INFO] 请求头：{'X-Project': 'dae11afb7ebf40b58b134308a82632eb', 'Authorization': 'Bearer eyJhbGciOiJIUzI1NiIsInR5cCI6IkpXVCJ9.eyJodHRwOi8vc2NoZW1hcy54bWxzb2FwLm9yZy93cy8yMDA1LzA1L2lkZW50aXR5L2NsYWltcy9uYW1lIjoiU3VwZXJBZG1pbiIsImh0dHA6Ly9zY2hlbWFzLnhtbHNvYXAub3JnL3dzLzIwMDUvMDUvaWRlbnRpdHkvY2xhaW1zL25hbWVpZGVudGlmaWVyIjoiU3VwZXJBZG1pbiIsImV4cCI6MTY5Mzc5MzQ4OSwiaXNzIjoiQ01TdjIiLCJhdWQiOiJBcGkifQ.JFkUxonTh3as8n8PugYLCwo5A-hIaZSOeUThP59MBMg'}
[2023-08-28 10:18:00,773] logger_util.py->write_log line:61 [INFO] 请求参数：{'aa11': '1.7976931348623157E+308'}
[2023-08-28 10:18:00,774] logger_util.py->write_log line:61 [INFO] 文件上传：None
[2023-08-28 10:18:00,776] logger_util.py->write_log line:61 [INFO] 预期结果：[{'equals': {'status_code': 200}}, {'equals': {'allSuccess': True}}]
[2023-08-28 10:18:00,776] logger_util.py->write_log line:61 [INFO] 实际结果：{'allSuccess': True, 'items': {'aa11': {'value': 1.7976931348623157e+308, 'quality': 0, 'errorMsg': None}}}
[2023-08-28 10:18:00,776] logger_util.py->write_log line:61 [INFO] 接口请求成功！
[2023-08-28 10:18:00,776] logger_util.py->write_log line:61 [INFO] 
-------------接口请求结束-----------

[2023-08-28 10:18:00,781] logger_util.py->write_log line:61 [INFO] 
-------------接口请求开始-----------
[2023-08-28 10:18:00,781] logger_util.py->write_log line:61 [INFO] 接口名称：下发内部变量-aa11-F64位浮点数IEEE754
[2023-08-28 10:18:00,781] logger_util.py->write_log line:61 [INFO] 接口方式：post
[2023-08-28 10:18:00,781] logger_util.py->write_log line:61 [INFO] 接口路径：http://127.0.0.1:18000/api/v1/variable/setvalues
[2023-08-28 10:18:00,782] logger_util.py->write_log line:61 [INFO] 请求头：{'X-Project': 'dae11afb7ebf40b58b134308a82632eb', 'Authorization': 'Bearer eyJhbGciOiJIUzI1NiIsInR5cCI6IkpXVCJ9.eyJodHRwOi8vc2NoZW1hcy54bWxzb2FwLm9yZy93cy8yMDA1LzA1L2lkZW50aXR5L2NsYWltcy9uYW1lIjoiU3VwZXJBZG1pbiIsImh0dHA6Ly9zY2hlbWFzLnhtbHNvYXAub3JnL3dzLzIwMDUvMDUvaWRlbnRpdHkvY2xhaW1zL25hbWVpZGVudGlmaWVyIjoiU3VwZXJBZG1pbiIsImV4cCI6MTY5Mzc5MzQ4OSwiaXNzIjoiQ01TdjIiLCJhdWQiOiJBcGkifQ.JFkUxonTh3as8n8PugYLCwo5A-hIaZSOeUThP59MBMg'}
[2023-08-28 10:18:00,783] logger_util.py->write_log line:61 [INFO] 请求参数：{'aa11': '-1.7976931348623157E+308'}
[2023-08-28 10:18:00,783] logger_util.py->write_log line:61 [INFO] 文件上传：None
[2023-08-28 10:18:00,787] logger_util.py->write_log line:61 [INFO] 预期结果：[{'equals': {'status_code': 200}}, {'equals': {'allSuccess': True}}]
[2023-08-28 10:18:00,787] logger_util.py->write_log line:61 [INFO] 实际结果：{'allSuccess': True, 'items': {'aa11': {'value': -1.7976931348623157e+308, 'quality': 0, 'errorMsg': None}}}
[2023-08-28 10:18:00,787] logger_util.py->write_log line:61 [INFO] 接口请求成功！
[2023-08-28 10:18:00,787] logger_util.py->write_log line:61 [INFO] 
-------------接口请求结束-----------

[2023-08-28 10:18:00,793] logger_util.py->write_log line:61 [INFO] 
-------------接口请求开始-----------
[2023-08-28 10:18:00,793] logger_util.py->write_log line:61 [INFO] 接口名称：下发内部变量-aa12-字符串
[2023-08-28 10:18:00,793] logger_util.py->write_log line:61 [INFO] 接口方式：post
[2023-08-28 10:18:00,793] logger_util.py->write_log line:61 [INFO] 接口路径：http://127.0.0.1:18000/api/v1/variable/setvalues
[2023-08-28 10:18:00,793] logger_util.py->write_log line:61 [INFO] 请求头：{'X-Project': 'dae11afb7ebf40b58b134308a82632eb', 'Authorization': 'Bearer eyJhbGciOiJIUzI1NiIsInR5cCI6IkpXVCJ9.eyJodHRwOi8vc2NoZW1hcy54bWxzb2FwLm9yZy93cy8yMDA1LzA1L2lkZW50aXR5L2NsYWltcy9uYW1lIjoiU3VwZXJBZG1pbiIsImh0dHA6Ly9zY2hlbWFzLnhtbHNvYXAub3JnL3dzLzIwMDUvMDUvaWRlbnRpdHkvY2xhaW1zL25hbWVpZGVudGlmaWVyIjoiU3VwZXJBZG1pbiIsImV4cCI6MTY5Mzc5MzQ4OSwiaXNzIjoiQ01TdjIiLCJhdWQiOiJBcGkifQ.JFkUxonTh3as8n8PugYLCwo5A-hIaZSOeUThP59MBMg'}
[2023-08-28 10:18:00,793] logger_util.py->write_log line:61 [INFO] 请求参数：{'aa12': '文本1'}
[2023-08-28 10:18:00,793] logger_util.py->write_log line:61 [INFO] 文件上传：None
[2023-08-28 10:18:00,800] logger_util.py->write_log line:61 [INFO] 预期结果：[{'equals': {'status_code': 200}}, {'equals': {'allSuccess': True}}]
[2023-08-28 10:18:00,800] logger_util.py->write_log line:61 [INFO] 实际结果：{'allSuccess': True, 'items': {'aa12': {'value': '文本1', 'quality': 0, 'errorMsg': None}}}
[2023-08-28 10:18:00,800] logger_util.py->write_log line:61 [INFO] 接口请求成功！
[2023-08-28 10:18:00,800] logger_util.py->write_log line:61 [INFO] 
-------------接口请求结束-----------

[2023-08-28 10:18:00,806] logger_util.py->write_log line:61 [INFO] 
-------------接口请求开始-----------
[2023-08-28 10:18:00,806] logger_util.py->write_log line:61 [INFO] 接口名称：下发内部变量-aa12-字符串
[2023-08-28 10:18:00,806] logger_util.py->write_log line:61 [INFO] 接口方式：post
[2023-08-28 10:18:00,806] logger_util.py->write_log line:61 [INFO] 接口路径：http://127.0.0.1:18000/api/v1/variable/setvalues
[2023-08-28 10:18:00,806] logger_util.py->write_log line:61 [INFO] 请求头：{'X-Project': 'dae11afb7ebf40b58b134308a82632eb', 'Authorization': 'Bearer eyJhbGciOiJIUzI1NiIsInR5cCI6IkpXVCJ9.eyJodHRwOi8vc2NoZW1hcy54bWxzb2FwLm9yZy93cy8yMDA1LzA1L2lkZW50aXR5L2NsYWltcy9uYW1lIjoiU3VwZXJBZG1pbiIsImh0dHA6Ly9zY2hlbWFzLnhtbHNvYXAub3JnL3dzLzIwMDUvMDUvaWRlbnRpdHkvY2xhaW1zL25hbWVpZGVudGlmaWVyIjoiU3VwZXJBZG1pbiIsImV4cCI6MTY5Mzc5MzQ4OSwiaXNzIjoiQ01TdjIiLCJhdWQiOiJBcGkifQ.JFkUxonTh3as8n8PugYLCwo5A-hIaZSOeUThP59MBMg'}
[2023-08-28 10:18:00,806] logger_util.py->write_log line:61 [INFO] 请求参数：{'aa12': '#-~（）%'}
[2023-08-28 10:18:00,806] logger_util.py->write_log line:61 [INFO] 文件上传：None
[2023-08-28 10:18:00,809] logger_util.py->write_log line:61 [INFO] 预期结果：[{'equals': {'status_code': 200}}, {'equals': {'allSuccess': True}}]
[2023-08-28 10:18:00,809] logger_util.py->write_log line:61 [INFO] 实际结果：{'allSuccess': True, 'items': {'aa12': {'value': '#-~（）%', 'quality': 0, 'errorMsg': None}}}
[2023-08-28 10:18:00,809] logger_util.py->write_log line:61 [INFO] 接口请求成功！
[2023-08-28 10:18:00,809] logger_util.py->write_log line:61 [INFO] 
-------------接口请求结束-----------

[2023-08-28 10:18:00,814] logger_util.py->write_log line:61 [INFO] 
-------------接口请求开始-----------
[2023-08-28 10:18:00,814] logger_util.py->write_log line:61 [INFO] 接口名称：下发内部变量-aa13-宽字符串
[2023-08-28 10:18:00,814] logger_util.py->write_log line:61 [INFO] 接口方式：post
[2023-08-28 10:18:00,814] logger_util.py->write_log line:61 [INFO] 接口路径：http://127.0.0.1:18000/api/v1/variable/setvalues
[2023-08-28 10:18:00,814] logger_util.py->write_log line:61 [INFO] 请求头：{'X-Project': 'dae11afb7ebf40b58b134308a82632eb', 'Authorization': 'Bearer eyJhbGciOiJIUzI1NiIsInR5cCI6IkpXVCJ9.eyJodHRwOi8vc2NoZW1hcy54bWxzb2FwLm9yZy93cy8yMDA1LzA1L2lkZW50aXR5L2NsYWltcy9uYW1lIjoiU3VwZXJBZG1pbiIsImh0dHA6Ly9zY2hlbWFzLnhtbHNvYXAub3JnL3dzLzIwMDUvMDUvaWRlbnRpdHkvY2xhaW1zL25hbWVpZGVudGlmaWVyIjoiU3VwZXJBZG1pbiIsImV4cCI6MTY5Mzc5MzQ4OSwiaXNzIjoiQ01TdjIiLCJhdWQiOiJBcGkifQ.JFkUxonTh3as8n8PugYLCwo5A-hIaZSOeUThP59MBMg'}
[2023-08-28 10:18:00,815] logger_util.py->write_log line:61 [INFO] 请求参数：{'aa13': '文本2'}
[2023-08-28 10:18:00,815] logger_util.py->write_log line:61 [INFO] 文件上传：None
[2023-08-28 10:18:00,818] logger_util.py->write_log line:61 [INFO] 预期结果：[{'equals': {'status_code': 200}}, {'equals': {'allSuccess': True}}]
[2023-08-28 10:18:00,818] logger_util.py->write_log line:61 [INFO] 实际结果：{'allSuccess': True, 'items': {'aa13': {'value': '文本2', 'quality': 0, 'errorMsg': None}}}
[2023-08-28 10:18:00,818] logger_util.py->write_log line:61 [INFO] 接口请求成功！
[2023-08-28 10:18:00,818] logger_util.py->write_log line:61 [INFO] 
-------------接口请求结束-----------

[2023-08-28 10:18:00,823] logger_util.py->write_log line:61 [INFO] 
-------------接口请求开始-----------
[2023-08-28 10:18:00,823] logger_util.py->write_log line:61 [INFO] 接口名称：下发内部变量-aa13-宽字符串
[2023-08-28 10:18:00,823] logger_util.py->write_log line:61 [INFO] 接口方式：post
[2023-08-28 10:18:00,823] logger_util.py->write_log line:61 [INFO] 接口路径：http://127.0.0.1:18000/api/v1/variable/setvalues
[2023-08-28 10:18:00,823] logger_util.py->write_log line:61 [INFO] 请求头：{'X-Project': 'dae11afb7ebf40b58b134308a82632eb', 'Authorization': 'Bearer eyJhbGciOiJIUzI1NiIsInR5cCI6IkpXVCJ9.eyJodHRwOi8vc2NoZW1hcy54bWxzb2FwLm9yZy93cy8yMDA1LzA1L2lkZW50aXR5L2NsYWltcy9uYW1lIjoiU3VwZXJBZG1pbiIsImh0dHA6Ly9zY2hlbWFzLnhtbHNvYXAub3JnL3dzLzIwMDUvMDUvaWRlbnRpdHkvY2xhaW1zL25hbWVpZGVudGlmaWVyIjoiU3VwZXJBZG1pbiIsImV4cCI6MTY5Mzc5MzQ4OSwiaXNzIjoiQ01TdjIiLCJhdWQiOiJBcGkifQ.JFkUxonTh3as8n8PugYLCwo5A-hIaZSOeUThP59MBMg'}
[2023-08-28 10:18:00,824] logger_util.py->write_log line:61 [INFO] 请求参数：{'aa13': '#-~（）%'}
[2023-08-28 10:18:00,824] logger_util.py->write_log line:61 [INFO] 文件上传：None
[2023-08-28 10:18:00,826] logger_util.py->write_log line:61 [INFO] 预期结果：[{'equals': {'status_code': 200}}, {'equals': {'allSuccess': True}}]
[2023-08-28 10:18:00,826] logger_util.py->write_log line:61 [INFO] 实际结果：{'allSuccess': True, 'items': {'aa13': {'value': '#-~（）%', 'quality': 0, 'errorMsg': None}}}
[2023-08-28 10:18:00,826] logger_util.py->write_log line:61 [INFO] 接口请求成功！
[2023-08-28 10:18:00,827] logger_util.py->write_log line:61 [INFO] 
-------------接口请求结束-----------

[2023-08-28 10:18:00,832] logger_util.py->write_log line:61 [INFO] 
-------------接口请求开始-----------
[2023-08-28 10:18:00,832] logger_util.py->write_log line:61 [INFO] 接口名称：下发内部变量-aa14-日期
[2023-08-28 10:18:00,832] logger_util.py->write_log line:61 [INFO] 接口方式：post
[2023-08-28 10:18:00,832] logger_util.py->write_log line:61 [INFO] 接口路径：http://127.0.0.1:18000/api/v1/variable/setvalues
[2023-08-28 10:18:00,832] logger_util.py->write_log line:61 [INFO] 请求头：{'X-Project': 'dae11afb7ebf40b58b134308a82632eb', 'Authorization': 'Bearer eyJhbGciOiJIUzI1NiIsInR5cCI6IkpXVCJ9.eyJodHRwOi8vc2NoZW1hcy54bWxzb2FwLm9yZy93cy8yMDA1LzA1L2lkZW50aXR5L2NsYWltcy9uYW1lIjoiU3VwZXJBZG1pbiIsImh0dHA6Ly9zY2hlbWFzLnhtbHNvYXAub3JnL3dzLzIwMDUvMDUvaWRlbnRpdHkvY2xhaW1zL25hbWVpZGVudGlmaWVyIjoiU3VwZXJBZG1pbiIsImV4cCI6MTY5Mzc5MzQ4OSwiaXNzIjoiQ01TdjIiLCJhdWQiOiJBcGkifQ.JFkUxonTh3as8n8PugYLCwo5A-hIaZSOeUThP59MBMg'}
[2023-08-28 10:18:00,832] logger_util.py->write_log line:61 [INFO] 请求参数：{'aa14': '2023.10.20'}
[2023-08-28 10:18:00,833] logger_util.py->write_log line:61 [INFO] 文件上传：None
[2023-08-28 10:18:00,836] logger_util.py->write_log line:61 [INFO] 预期结果：[{'equals': {'status_code': 200}}, {'equals': {'allSuccess': True}}]
[2023-08-28 10:18:00,836] logger_util.py->write_log line:61 [INFO] 实际结果：{'allSuccess': True, 'items': {'aa14': {'value': '2023/10/20', 'quality': 0, 'errorMsg': None}}}
[2023-08-28 10:18:00,836] logger_util.py->write_log line:61 [INFO] 接口请求成功！
[2023-08-28 10:18:00,836] logger_util.py->write_log line:61 [INFO] 
-------------接口请求结束-----------

[2023-08-28 10:18:00,841] logger_util.py->write_log line:61 [INFO] 
-------------接口请求开始-----------
[2023-08-28 10:18:00,841] logger_util.py->write_log line:61 [INFO] 接口名称：下发内部变量-aa15-时间
[2023-08-28 10:18:00,841] logger_util.py->write_log line:61 [INFO] 接口方式：post
[2023-08-28 10:18:00,841] logger_util.py->write_log line:61 [INFO] 接口路径：http://127.0.0.1:18000/api/v1/variable/setvalues
[2023-08-28 10:18:00,841] logger_util.py->write_log line:61 [INFO] 请求头：{'X-Project': 'dae11afb7ebf40b58b134308a82632eb', 'Authorization': 'Bearer eyJhbGciOiJIUzI1NiIsInR5cCI6IkpXVCJ9.eyJodHRwOi8vc2NoZW1hcy54bWxzb2FwLm9yZy93cy8yMDA1LzA1L2lkZW50aXR5L2NsYWltcy9uYW1lIjoiU3VwZXJBZG1pbiIsImh0dHA6Ly9zY2hlbWFzLnhtbHNvYXAub3JnL3dzLzIwMDUvMDUvaWRlbnRpdHkvY2xhaW1zL25hbWVpZGVudGlmaWVyIjoiU3VwZXJBZG1pbiIsImV4cCI6MTY5Mzc5MzQ4OSwiaXNzIjoiQ01TdjIiLCJhdWQiOiJBcGkifQ.JFkUxonTh3as8n8PugYLCwo5A-hIaZSOeUThP59MBMg'}
[2023-08-28 10:18:00,841] logger_util.py->write_log line:61 [INFO] 请求参数：{'aa15': '18:40:55'}
[2023-08-28 10:18:00,842] logger_util.py->write_log line:61 [INFO] 文件上传：None
[2023-08-28 10:18:00,844] logger_util.py->write_log line:61 [INFO] 预期结果：[{'equals': {'status_code': 200}}, {'equals': {'allSuccess': True}}]
[2023-08-28 10:18:00,844] logger_util.py->write_log line:61 [INFO] 实际结果：{'allSuccess': True, 'items': {'aa15': {'value': '18:40:55', 'quality': 0, 'errorMsg': None}}}
[2023-08-28 10:18:00,844] logger_util.py->write_log line:61 [INFO] 接口请求成功！
[2023-08-28 10:18:00,845] logger_util.py->write_log line:61 [INFO] 
-------------接口请求结束-----------

[2023-08-28 10:18:00,850] logger_util.py->write_log line:61 [INFO] 
-------------接口请求开始-----------
[2023-08-28 10:18:00,850] logger_util.py->write_log line:61 [INFO] 接口名称：下发内部变量-aa16-日期时间
[2023-08-28 10:18:00,850] logger_util.py->write_log line:61 [INFO] 接口方式：post
[2023-08-28 10:18:00,850] logger_util.py->write_log line:61 [INFO] 接口路径：http://127.0.0.1:18000/api/v1/variable/setvalues
[2023-08-28 10:18:00,850] logger_util.py->write_log line:61 [INFO] 请求头：{'X-Project': 'dae11afb7ebf40b58b134308a82632eb', 'Authorization': 'Bearer eyJhbGciOiJIUzI1NiIsInR5cCI6IkpXVCJ9.eyJodHRwOi8vc2NoZW1hcy54bWxzb2FwLm9yZy93cy8yMDA1LzA1L2lkZW50aXR5L2NsYWltcy9uYW1lIjoiU3VwZXJBZG1pbiIsImh0dHA6Ly9zY2hlbWFzLnhtbHNvYXAub3JnL3dzLzIwMDUvMDUvaWRlbnRpdHkvY2xhaW1zL25hbWVpZGVudGlmaWVyIjoiU3VwZXJBZG1pbiIsImV4cCI6MTY5Mzc5MzQ4OSwiaXNzIjoiQ01TdjIiLCJhdWQiOiJBcGkifQ.JFkUxonTh3as8n8PugYLCwo5A-hIaZSOeUThP59MBMg'}
[2023-08-28 10:18:00,850] logger_util.py->write_log line:61 [INFO] 请求参数：{'aa16': '2023.10.20 18:40:55'}
[2023-08-28 10:18:00,850] logger_util.py->write_log line:61 [INFO] 文件上传：None
[2023-08-28 10:18:00,853] logger_util.py->write_log line:61 [INFO] 预期结果：[{'equals': {'status_code': 200}}, {'equals': {'allSuccess': True}}]
[2023-08-28 10:18:00,853] logger_util.py->write_log line:61 [INFO] 实际结果：{'allSuccess': True, 'items': {'aa16': {'value': '2023/10/20 18:40:55', 'quality': 0, 'errorMsg': None}}}
[2023-08-28 10:18:00,853] logger_util.py->write_log line:61 [INFO] 接口请求成功！
[2023-08-28 10:18:00,853] logger_util.py->write_log line:61 [INFO] 
-------------接口请求结束-----------

