[2023-06-05 15:51:28,190] logger_util.py->write_log line:61 [INFO] -------------接口请求开始-----------
[2023-06-05 15:51:28,190] logger_util.py->write_log line:61 [INFO] 接口名称：创建报警文件夹
[2023-06-05 15:51:28,190] logger_util.py->write_log line:61 [INFO] 接口方式：post
[2023-06-05 15:51:28,190] logger_util.py->write_log line:61 [INFO] 接口路径：http://127.0.0.1:18000/api/v1/alarmfolder/add
[2023-06-05 15:51:28,190] logger_util.py->write_log line:61 [INFO] 请求头：{'Content-Type': 'application/json;charset=UTF-8', 'X-Project': 'da1746c3d0814e3da3c463b17bf73d6f'}
[2023-06-05 15:51:28,191] logger_util.py->write_log line:61 [INFO] 请求参数：{'name': '报警文件夹97', 'nodeType': 0}
[2023-06-05 15:51:28,191] logger_util.py->write_log line:61 [INFO] 文件上传：None
[2023-06-05 15:51:28,316] logger_util.py->write_log line:61 [INFO] 预期结果：[{'equals': {'status_code': 200}}, {'equals': {'nodeType': 0}}, {'contains': 'id'}]
[2023-06-05 15:51:28,316] logger_util.py->write_log line:61 [INFO] 实际结果：{'id': 'f63c6fb4-2eea-4be4-9df7-50cd4cba148b', 'parentId': None, 'name': '报警文件夹97', 'nodeType': 0, 'sort': 1, 'children': None}
[2023-06-05 15:51:28,316] logger_util.py->write_log line:61 [INFO] 接口请求成功！
[2023-06-05 15:51:28,316] logger_util.py->write_log line:61 [INFO] -------------接口请求结束-----------

[2023-06-05 15:51:28,322] logger_util.py->write_log line:61 [INFO] -------------接口请求开始-----------
[2023-06-05 15:51:28,322] logger_util.py->write_log line:61 [INFO] 接口名称：创建报警组
[2023-06-05 15:51:28,322] logger_util.py->write_log line:61 [INFO] 接口方式：post
[2023-06-05 15:51:28,322] logger_util.py->write_log line:61 [INFO] 接口路径：http://127.0.0.1:18000/api/v1/alarmfolder/add
[2023-06-05 15:51:28,322] logger_util.py->write_log line:61 [INFO] 请求头：{'Content-Type': 'application/json;charset=UTF-8', 'X-Project': 'da1746c3d0814e3da3c463b17bf73d6f'}
[2023-06-05 15:51:28,323] logger_util.py->write_log line:61 [INFO] 请求参数：{'name': '报警组55', 'nodeType': 1, 'parentId': None}
[2023-06-05 15:51:28,323] logger_util.py->write_log line:61 [INFO] 文件上传：None
[2023-06-05 15:51:28,425] logger_util.py->write_log line:61 [INFO] 预期结果：[{'equals': {'status_code': 200}}, {'equals': {'nodeType': 1}}, {'contains': 'id'}]
[2023-06-05 15:51:28,425] logger_util.py->write_log line:61 [INFO] 实际结果：{'id': 'c9ce4f08-93bc-4dbf-95d1-581ca2247b69', 'parentId': None, 'name': '报警组55', 'nodeType': 1, 'sort': 2, 'children': None}
[2023-06-05 15:51:28,425] logger_util.py->write_log line:61 [INFO] 接口请求成功！
[2023-06-05 15:51:28,425] logger_util.py->write_log line:61 [INFO] -------------接口请求结束-----------

[2023-06-05 15:51:28,437] logger_util.py->write_log line:61 [INFO] -------------接口请求开始-----------
[2023-06-05 15:51:28,437] logger_util.py->write_log line:61 [INFO] 接口名称：更新报警组
[2023-06-05 15:51:28,437] logger_util.py->write_log line:61 [INFO] 接口方式：put
[2023-06-05 15:51:28,437] logger_util.py->write_log line:61 [INFO] 接口路径：http://127.0.0.1:18000/api/v1/alarmfolder/update
[2023-06-05 15:51:28,437] logger_util.py->write_log line:61 [INFO] 请求头：{'Content-Type': 'application/json;charset=UTF-8', 'X-Project': 'da1746c3d0814e3da3c463b17bf73d6f'}
[2023-06-05 15:51:28,437] logger_util.py->write_log line:61 [INFO] 请求参数：{'id': 'f63c6fb4-2eea-4be4-9df7-50cd4cba148b', 'parentId': None, 'name': '修改报警文件33', 'nodeType': 0, 'sort': 1, 'children': []}
[2023-06-05 15:51:28,437] logger_util.py->write_log line:61 [INFO] 文件上传：None
[2023-06-05 15:51:28,551] logger_util.py->write_log line:61 [INFO] 预期结果：[{'equals': {'status_code': 200}}, {'equals': {'nodeType': 0}}, {'contains': 'id'}]
[2023-06-05 15:51:28,551] logger_util.py->write_log line:61 [INFO] 实际结果：{'id': 'f63c6fb4-2eea-4be4-9df7-50cd4cba148b', 'parentId': None, 'name': '修改报警文件33', 'nodeType': 0, 'sort': 1, 'children': None}
[2023-06-05 15:51:28,551] logger_util.py->write_log line:61 [INFO] 接口请求成功！
[2023-06-05 15:51:28,552] logger_util.py->write_log line:61 [INFO] -------------接口请求结束-----------

[2023-06-05 15:51:28,566] logger_util.py->write_log line:61 [INFO] -------------接口请求开始-----------
[2023-06-05 15:51:28,566] logger_util.py->write_log line:61 [INFO] 接口名称：更新报警组
[2023-06-05 15:51:28,566] logger_util.py->write_log line:61 [INFO] 接口方式：put
[2023-06-05 15:51:28,566] logger_util.py->write_log line:61 [INFO] 接口路径：http://127.0.0.1:18000/api/v1/alarmfolder/update
[2023-06-05 15:51:28,567] logger_util.py->write_log line:61 [INFO] 请求头：{'Content-Type': 'application/json;charset=UTF-8', 'X-Project': 'da1746c3d0814e3da3c463b17bf73d6f'}
[2023-06-05 15:51:28,567] logger_util.py->write_log line:61 [INFO] 请求参数：{'id': 'c9ce4f08-93bc-4dbf-95d1-581ca2247b69', 'parentId': 'f63c6fb4-2eea-4be4-9df7-50cd4cba148b', 'name': '修改报警组23', 'nodeType': 1, 'sort': 1, 'children': []}
[2023-06-05 15:51:28,567] logger_util.py->write_log line:61 [INFO] 文件上传：None
[2023-06-05 15:51:28,665] logger_util.py->write_log line:61 [INFO] 预期结果：[{'equals': {'status_code': 200}}, {'equals': {'nodeType': 1}}, {'contains': 'id'}]
[2023-06-05 15:51:28,665] logger_util.py->write_log line:61 [INFO] 实际结果：{'id': 'c9ce4f08-93bc-4dbf-95d1-581ca2247b69', 'parentId': None, 'name': '修改报警组23', 'nodeType': 1, 'sort': 2, 'children': None}
[2023-06-05 15:51:28,665] logger_util.py->write_log line:61 [INFO] 接口请求成功！
[2023-06-05 15:51:28,665] logger_util.py->write_log line:61 [INFO] -------------接口请求结束-----------

[2023-06-05 15:51:28,671] logger_util.py->write_log line:61 [INFO] -------------接口请求开始-----------
[2023-06-05 15:51:28,671] logger_util.py->write_log line:61 [INFO] 接口名称：查询报警组树
[2023-06-05 15:51:28,671] logger_util.py->write_log line:61 [INFO] 接口方式：get
[2023-06-05 15:51:28,671] logger_util.py->write_log line:61 [INFO] 接口路径：http://127.0.0.1:18000/api/v1/alarmfolder/gettree
[2023-06-05 15:51:28,671] logger_util.py->write_log line:61 [INFO] 请求头：{'Content-Type': 'application/json;charset=UTF-8', 'X-Project': 'da1746c3d0814e3da3c463b17bf73d6f'}
[2023-06-05 15:51:28,671] logger_util.py->write_log line:61 [INFO] 文件上传：None
[2023-06-05 15:51:28,681] logger_util.py->write_log line:61 [INFO] 预期结果：[{'equals': {'status_code': 200}}]
[2023-06-05 15:51:28,681] logger_util.py->write_log line:61 [INFO] 实际结果：[{'id': 'f63c6fb4-2eea-4be4-9df7-50cd4cba148b', 'parentId': None, 'name': '修改报警文件33', 'nodeType': 0, 'sort': 1, 'children': []}, {'id': 'c9ce4f08-93bc-4dbf-95d1-581ca2247b69', 'parentId': None, 'name': '修改报警组23', 'nodeType': 1, 'sort': 2, 'children': None}]
[2023-06-05 15:51:28,682] logger_util.py->write_log line:61 [INFO] 接口请求成功！
[2023-06-05 15:51:28,682] logger_util.py->write_log line:61 [INFO] -------------接口请求结束-----------

[2023-06-05 15:51:28,699] logger_util.py->write_log line:61 [INFO] -------------接口请求开始-----------
[2023-06-05 15:51:28,699] logger_util.py->write_log line:61 [INFO] 接口名称：删除报警文件夹
[2023-06-05 15:51:28,699] logger_util.py->write_log line:61 [INFO] 接口方式：delete
[2023-06-05 15:51:28,699] logger_util.py->write_log line:61 [INFO] 接口路径：http://127.0.0.1:18000/api/v1/alarmfolder/delete
[2023-06-05 15:51:28,700] logger_util.py->write_log line:61 [INFO] 请求头：{'Content-Type': 'application/json;charset=UTF-8', 'X-Project': 'da1746c3d0814e3da3c463b17bf73d6f'}
[2023-06-05 15:51:28,700] logger_util.py->write_log line:61 [INFO] 请求参数：{'type': 0, 'id': 'f63c6fb4-2eea-4be4-9df7-50cd4cba148b'}
[2023-06-05 15:51:28,700] logger_util.py->write_log line:61 [INFO] 文件上传：None
[2023-06-05 15:51:28,809] logger_util.py->write_log line:61 [INFO] 预期结果：[{'equals': {'status_code': 200}}]
[2023-06-05 15:51:28,809] logger_util.py->write_log line:61 [INFO] 实际结果：Delete Success
[2023-06-05 15:51:28,810] logger_util.py->write_log line:61 [INFO] 接口请求成功！
[2023-06-05 15:51:28,810] logger_util.py->write_log line:61 [INFO] -------------接口请求结束-----------

[2023-06-05 15:51:28,816] logger_util.py->write_log line:61 [INFO] -------------接口请求开始-----------
[2023-06-05 15:51:28,816] logger_util.py->write_log line:61 [INFO] 接口名称：删除报警组
[2023-06-05 15:51:28,816] logger_util.py->write_log line:61 [INFO] 接口方式：delete
[2023-06-05 15:51:28,816] logger_util.py->write_log line:61 [INFO] 接口路径：http://127.0.0.1:18000/api/v1/alarmfolder/delete
[2023-06-05 15:51:28,816] logger_util.py->write_log line:61 [INFO] 请求头：{'Content-Type': 'application/json;charset=UTF-8', 'X-Project': 'da1746c3d0814e3da3c463b17bf73d6f'}
[2023-06-05 15:51:28,816] logger_util.py->write_log line:61 [INFO] 请求参数：{'type': 1, 'id': 'c9ce4f08-93bc-4dbf-95d1-581ca2247b69'}
[2023-06-05 15:51:28,816] logger_util.py->write_log line:61 [INFO] 文件上传：None
[2023-06-05 15:51:28,909] logger_util.py->write_log line:61 [INFO] 预期结果：[{'equals': {'status_code': 200}}]
[2023-06-05 15:51:28,909] logger_util.py->write_log line:61 [INFO] 实际结果：Delete Success
[2023-06-05 15:51:28,910] logger_util.py->write_log line:61 [INFO] 接口请求成功！
[2023-06-05 15:51:28,910] logger_util.py->write_log line:61 [INFO] -------------接口请求结束-----------

[2023-06-05 15:51:28,916] logger_util.py->write_log line:61 [INFO] -------------接口请求开始-----------
[2023-06-05 15:51:28,916] logger_util.py->write_log line:61 [INFO] 接口名称：创建报警组
[2023-06-05 15:51:28,916] logger_util.py->write_log line:61 [INFO] 接口方式：post
[2023-06-05 15:51:28,916] logger_util.py->write_log line:61 [INFO] 接口路径：http://127.0.0.1:18000/api/v1/alarmfolder/add
[2023-06-05 15:51:28,916] logger_util.py->write_log line:61 [INFO] 请求头：{'Content-Type': 'application/json;charset=UTF-8', 'X-Project': 'da1746c3d0814e3da3c463b17bf73d6f'}
[2023-06-05 15:51:28,916] logger_util.py->write_log line:61 [INFO] 请求参数：{'name': '报警组74', 'nodeType': 1, 'parentId': None}
[2023-06-05 15:51:28,917] logger_util.py->write_log line:61 [INFO] 文件上传：None
[2023-06-05 15:51:29,016] logger_util.py->write_log line:61 [INFO] 预期结果：[{'equals': {'status_code': 200}}, {'equals': {'nodeType': 1}}, {'contains': 'id'}]
[2023-06-05 15:51:29,016] logger_util.py->write_log line:61 [INFO] 实际结果：{'id': '7d0dc433-bf36-4976-8a02-2a6eafbc01a4', 'parentId': None, 'name': '报警组74', 'nodeType': 1, 'sort': 1, 'children': None}
[2023-06-05 15:51:29,016] logger_util.py->write_log line:61 [INFO] 接口请求成功！
[2023-06-05 15:51:29,016] logger_util.py->write_log line:61 [INFO] -------------接口请求结束-----------

