[2023-08-09 10:21:32,700] logger_util.py->write_log line:61 [INFO] -------------接口请求开始-----------
[2023-08-09 10:21:32,700] logger_util.py->write_log line:61 [INFO] 接口名称：有符号8位整型_变量下发
[2023-08-09 10:21:32,700] logger_util.py->write_log line:61 [INFO] 接口方式：post
[2023-08-09 10:21:32,700] logger_util.py->write_log line:61 [INFO] 接口路径：http://127.0.0.1:18000/api/v1/variable/setvalues
[2023-08-09 10:21:32,701] logger_util.py->write_log line:61 [INFO] 请求头：{}
[2023-08-09 10:21:32,701] logger_util.py->write_log line:61 [INFO] 请求参数：{'A1': '-11'}
[2023-08-09 10:21:32,701] logger_util.py->write_log line:61 [INFO] 文件上传：None
[2023-08-09 10:21:32,702] logger_util.py->error_log line:65 [INFO] 发送请求异常：异常信息: Traceback (most recent call last):
  File "E:\Project_python\api_SIOT\common\requests_util.py", line 343, in send_request
    res = RequestUtil.session.request(method=self.last_method, url=self.base_url, headers=self.last_headers, **kwargs)
TypeError: request() got an unexpected keyword argument 'header'

[2023-08-09 10:21:32,702] logger_util.py->error_log line:65 [INFO] 分析YAML文件异常：异常信息: Traceback (most recent call last):
  File "E:\Project_python\api_SIOT\common\requests_util.py", line 343, in send_request
    res = RequestUtil.session.request(method=self.last_method, url=self.base_url, headers=self.last_headers, **kwargs)
TypeError: request() got an unexpected keyword argument 'header'

During handling of the above exception, another exception occurred:

Traceback (most recent call last):
  File "E:\Project_python\api_SIOT\common\requests_util.py", line 202, in analysis_yaml
    res = self.send_request(name =name,method=method,
  File "E:\Project_python\api_SIOT\common\requests_util.py", line 346, in send_request
    error_log("发送请求异常：异常信息: %s" % str(traceback.format_exc()))
  File "E:\Project_python\api_SIOT\common\logger_util.py", line 66, in error_log
    raise Exception(log_message)
Exception: 发送请求异常：异常信息: Traceback (most recent call last):
  File "E:\Project_python\api_SIOT\common\requests_util.py", line 343, in send_request
    res = RequestUtil.session.request(method=self.last_method, url=self.base_url, headers=self.last_headers, **kwargs)
TypeError: request() got an unexpected keyword argument 'header'


[2023-08-09 10:21:32,823] logger_util.py->write_log line:61 [INFO] -------------接口请求开始-----------
[2023-08-09 10:21:32,824] logger_util.py->write_log line:61 [INFO] 接口名称：无符号8位整型_变量下发
[2023-08-09 10:21:32,824] logger_util.py->write_log line:61 [INFO] 接口方式：post
[2023-08-09 10:21:32,824] logger_util.py->write_log line:61 [INFO] 接口路径：http://127.0.0.1:18000/api/v1/variable/setvalues
[2023-08-09 10:21:32,824] logger_util.py->write_log line:61 [INFO] 请求头：{}
[2023-08-09 10:21:32,824] logger_util.py->write_log line:61 [INFO] 请求参数：{'A2': '22'}
[2023-08-09 10:21:32,824] logger_util.py->write_log line:61 [INFO] 文件上传：None
[2023-08-09 10:21:32,824] logger_util.py->error_log line:65 [INFO] 发送请求异常：异常信息: Traceback (most recent call last):
  File "E:\Project_python\api_SIOT\common\requests_util.py", line 343, in send_request
    res = RequestUtil.session.request(method=self.last_method, url=self.base_url, headers=self.last_headers, **kwargs)
TypeError: request() got an unexpected keyword argument 'header'

[2023-08-09 10:21:32,824] logger_util.py->error_log line:65 [INFO] 分析YAML文件异常：异常信息: Traceback (most recent call last):
  File "E:\Project_python\api_SIOT\common\requests_util.py", line 343, in send_request
    res = RequestUtil.session.request(method=self.last_method, url=self.base_url, headers=self.last_headers, **kwargs)
TypeError: request() got an unexpected keyword argument 'header'

During handling of the above exception, another exception occurred:

Traceback (most recent call last):
  File "E:\Project_python\api_SIOT\common\requests_util.py", line 202, in analysis_yaml
    res = self.send_request(name =name,method=method,
  File "E:\Project_python\api_SIOT\common\requests_util.py", line 346, in send_request
    error_log("发送请求异常：异常信息: %s" % str(traceback.format_exc()))
  File "E:\Project_python\api_SIOT\common\logger_util.py", line 66, in error_log
    raise Exception(log_message)
Exception: 发送请求异常：异常信息: Traceback (most recent call last):
  File "E:\Project_python\api_SIOT\common\requests_util.py", line 343, in send_request
    res = RequestUtil.session.request(method=self.last_method, url=self.base_url, headers=self.last_headers, **kwargs)
TypeError: request() got an unexpected keyword argument 'header'


[2023-08-09 10:21:32,848] logger_util.py->write_log line:61 [INFO] -------------接口请求开始-----------
[2023-08-09 10:21:32,849] logger_util.py->write_log line:61 [INFO] 接口名称：有符号16位整型_变量下发
[2023-08-09 10:21:32,849] logger_util.py->write_log line:61 [INFO] 接口方式：post
[2023-08-09 10:21:32,849] logger_util.py->write_log line:61 [INFO] 接口路径：http://127.0.0.1:18000/api/v1/variable/setvalues
[2023-08-09 10:21:32,849] logger_util.py->write_log line:61 [INFO] 请求头：{}
[2023-08-09 10:21:32,849] logger_util.py->write_log line:61 [INFO] 请求参数：{'A3': '33'}
[2023-08-09 10:21:32,849] logger_util.py->write_log line:61 [INFO] 文件上传：None
[2023-08-09 10:21:32,849] logger_util.py->error_log line:65 [INFO] 发送请求异常：异常信息: Traceback (most recent call last):
  File "E:\Project_python\api_SIOT\common\requests_util.py", line 343, in send_request
    res = RequestUtil.session.request(method=self.last_method, url=self.base_url, headers=self.last_headers, **kwargs)
TypeError: request() got an unexpected keyword argument 'header'

[2023-08-09 10:21:32,849] logger_util.py->error_log line:65 [INFO] 分析YAML文件异常：异常信息: Traceback (most recent call last):
  File "E:\Project_python\api_SIOT\common\requests_util.py", line 343, in send_request
    res = RequestUtil.session.request(method=self.last_method, url=self.base_url, headers=self.last_headers, **kwargs)
TypeError: request() got an unexpected keyword argument 'header'

During handling of the above exception, another exception occurred:

Traceback (most recent call last):
  File "E:\Project_python\api_SIOT\common\requests_util.py", line 202, in analysis_yaml
    res = self.send_request(name =name,method=method,
  File "E:\Project_python\api_SIOT\common\requests_util.py", line 346, in send_request
    error_log("发送请求异常：异常信息: %s" % str(traceback.format_exc()))
  File "E:\Project_python\api_SIOT\common\logger_util.py", line 66, in error_log
    raise Exception(log_message)
Exception: 发送请求异常：异常信息: Traceback (most recent call last):
  File "E:\Project_python\api_SIOT\common\requests_util.py", line 343, in send_request
    res = RequestUtil.session.request(method=self.last_method, url=self.base_url, headers=self.last_headers, **kwargs)
TypeError: request() got an unexpected keyword argument 'header'


[2023-08-09 10:21:32,874] logger_util.py->write_log line:61 [INFO] -------------接口请求开始-----------
[2023-08-09 10:21:32,874] logger_util.py->write_log line:61 [INFO] 接口名称：无符号16位整型_变量下发
[2023-08-09 10:21:32,874] logger_util.py->write_log line:61 [INFO] 接口方式：post
[2023-08-09 10:21:32,875] logger_util.py->write_log line:61 [INFO] 接口路径：http://127.0.0.1:18000/api/v1/variable/setvalues
[2023-08-09 10:21:32,875] logger_util.py->write_log line:61 [INFO] 请求头：{}
[2023-08-09 10:21:32,875] logger_util.py->write_log line:61 [INFO] 请求参数：{'A4': '44'}
[2023-08-09 10:21:32,875] logger_util.py->write_log line:61 [INFO] 文件上传：None
[2023-08-09 10:21:32,875] logger_util.py->error_log line:65 [INFO] 发送请求异常：异常信息: Traceback (most recent call last):
  File "E:\Project_python\api_SIOT\common\requests_util.py", line 343, in send_request
    res = RequestUtil.session.request(method=self.last_method, url=self.base_url, headers=self.last_headers, **kwargs)
TypeError: request() got an unexpected keyword argument 'header'

[2023-08-09 10:21:32,875] logger_util.py->error_log line:65 [INFO] 分析YAML文件异常：异常信息: Traceback (most recent call last):
  File "E:\Project_python\api_SIOT\common\requests_util.py", line 343, in send_request
    res = RequestUtil.session.request(method=self.last_method, url=self.base_url, headers=self.last_headers, **kwargs)
TypeError: request() got an unexpected keyword argument 'header'

During handling of the above exception, another exception occurred:

Traceback (most recent call last):
  File "E:\Project_python\api_SIOT\common\requests_util.py", line 202, in analysis_yaml
    res = self.send_request(name =name,method=method,
  File "E:\Project_python\api_SIOT\common\requests_util.py", line 346, in send_request
    error_log("发送请求异常：异常信息: %s" % str(traceback.format_exc()))
  File "E:\Project_python\api_SIOT\common\logger_util.py", line 66, in error_log
    raise Exception(log_message)
Exception: 发送请求异常：异常信息: Traceback (most recent call last):
  File "E:\Project_python\api_SIOT\common\requests_util.py", line 343, in send_request
    res = RequestUtil.session.request(method=self.last_method, url=self.base_url, headers=self.last_headers, **kwargs)
TypeError: request() got an unexpected keyword argument 'header'


[2023-08-09 10:21:32,901] logger_util.py->write_log line:61 [INFO] -------------接口请求开始-----------
[2023-08-09 10:21:32,901] logger_util.py->write_log line:61 [INFO] 接口名称：32位浮点数_变量下发
[2023-08-09 10:21:32,901] logger_util.py->write_log line:61 [INFO] 接口方式：post
[2023-08-09 10:21:32,902] logger_util.py->write_log line:61 [INFO] 接口路径：http://127.0.0.1:18000/api/v1/variable/setvalues
[2023-08-09 10:21:32,902] logger_util.py->write_log line:61 [INFO] 请求头：{}
[2023-08-09 10:21:32,902] logger_util.py->write_log line:61 [INFO] 请求参数：{'A5': '55.456'}
[2023-08-09 10:21:32,902] logger_util.py->write_log line:61 [INFO] 文件上传：None
[2023-08-09 10:21:32,902] logger_util.py->error_log line:65 [INFO] 发送请求异常：异常信息: Traceback (most recent call last):
  File "E:\Project_python\api_SIOT\common\requests_util.py", line 343, in send_request
    res = RequestUtil.session.request(method=self.last_method, url=self.base_url, headers=self.last_headers, **kwargs)
TypeError: request() got an unexpected keyword argument 'header'

[2023-08-09 10:21:32,902] logger_util.py->error_log line:65 [INFO] 分析YAML文件异常：异常信息: Traceback (most recent call last):
  File "E:\Project_python\api_SIOT\common\requests_util.py", line 343, in send_request
    res = RequestUtil.session.request(method=self.last_method, url=self.base_url, headers=self.last_headers, **kwargs)
TypeError: request() got an unexpected keyword argument 'header'

During handling of the above exception, another exception occurred:

Traceback (most recent call last):
  File "E:\Project_python\api_SIOT\common\requests_util.py", line 202, in analysis_yaml
    res = self.send_request(name =name,method=method,
  File "E:\Project_python\api_SIOT\common\requests_util.py", line 346, in send_request
    error_log("发送请求异常：异常信息: %s" % str(traceback.format_exc()))
  File "E:\Project_python\api_SIOT\common\logger_util.py", line 66, in error_log
    raise Exception(log_message)
Exception: 发送请求异常：异常信息: Traceback (most recent call last):
  File "E:\Project_python\api_SIOT\common\requests_util.py", line 343, in send_request
    res = RequestUtil.session.request(method=self.last_method, url=self.base_url, headers=self.last_headers, **kwargs)
TypeError: request() got an unexpected keyword argument 'header'


[2023-08-09 10:21:32,927] logger_util.py->write_log line:61 [INFO] -------------接口请求开始-----------
[2023-08-09 10:21:32,927] logger_util.py->write_log line:61 [INFO] 接口名称：二进制_变量下发
[2023-08-09 10:21:32,927] logger_util.py->write_log line:61 [INFO] 接口方式：post
[2023-08-09 10:21:32,927] logger_util.py->write_log line:61 [INFO] 接口路径：http://127.0.0.1:18000/api/v1/variable/setvalues
[2023-08-09 10:21:32,927] logger_util.py->write_log line:61 [INFO] 请求头：{}
[2023-08-09 10:21:32,927] logger_util.py->write_log line:61 [INFO] 请求参数：{'A6': '1'}
[2023-08-09 10:21:32,927] logger_util.py->write_log line:61 [INFO] 文件上传：None
[2023-08-09 10:21:32,928] logger_util.py->error_log line:65 [INFO] 发送请求异常：异常信息: Traceback (most recent call last):
  File "E:\Project_python\api_SIOT\common\requests_util.py", line 343, in send_request
    res = RequestUtil.session.request(method=self.last_method, url=self.base_url, headers=self.last_headers, **kwargs)
TypeError: request() got an unexpected keyword argument 'header'

[2023-08-09 10:21:32,928] logger_util.py->error_log line:65 [INFO] 分析YAML文件异常：异常信息: Traceback (most recent call last):
  File "E:\Project_python\api_SIOT\common\requests_util.py", line 343, in send_request
    res = RequestUtil.session.request(method=self.last_method, url=self.base_url, headers=self.last_headers, **kwargs)
TypeError: request() got an unexpected keyword argument 'header'

During handling of the above exception, another exception occurred:

Traceback (most recent call last):
  File "E:\Project_python\api_SIOT\common\requests_util.py", line 202, in analysis_yaml
    res = self.send_request(name =name,method=method,
  File "E:\Project_python\api_SIOT\common\requests_util.py", line 346, in send_request
    error_log("发送请求异常：异常信息: %s" % str(traceback.format_exc()))
  File "E:\Project_python\api_SIOT\common\logger_util.py", line 66, in error_log
    raise Exception(log_message)
Exception: 发送请求异常：异常信息: Traceback (most recent call last):
  File "E:\Project_python\api_SIOT\common\requests_util.py", line 343, in send_request
    res = RequestUtil.session.request(method=self.last_method, url=self.base_url, headers=self.last_headers, **kwargs)
TypeError: request() got an unexpected keyword argument 'header'


[2023-08-09 10:21:32,952] logger_util.py->write_log line:61 [INFO] -------------接口请求开始-----------
[2023-08-09 10:21:32,952] logger_util.py->write_log line:61 [INFO] 接口名称：字符串_变量下发
[2023-08-09 10:21:32,953] logger_util.py->write_log line:61 [INFO] 接口方式：post
[2023-08-09 10:21:32,953] logger_util.py->write_log line:61 [INFO] 接口路径：http://127.0.0.1:18000/api/v1/variable/setvalues
[2023-08-09 10:21:32,953] logger_util.py->write_log line:61 [INFO] 请求头：{}
[2023-08-09 10:21:32,953] logger_util.py->write_log line:61 [INFO] 请求参数：{'A7': '文本1'}
[2023-08-09 10:21:32,953] logger_util.py->write_log line:61 [INFO] 文件上传：None
[2023-08-09 10:21:32,953] logger_util.py->error_log line:65 [INFO] 发送请求异常：异常信息: Traceback (most recent call last):
  File "E:\Project_python\api_SIOT\common\requests_util.py", line 343, in send_request
    res = RequestUtil.session.request(method=self.last_method, url=self.base_url, headers=self.last_headers, **kwargs)
TypeError: request() got an unexpected keyword argument 'header'

[2023-08-09 10:21:32,953] logger_util.py->error_log line:65 [INFO] 分析YAML文件异常：异常信息: Traceback (most recent call last):
  File "E:\Project_python\api_SIOT\common\requests_util.py", line 343, in send_request
    res = RequestUtil.session.request(method=self.last_method, url=self.base_url, headers=self.last_headers, **kwargs)
TypeError: request() got an unexpected keyword argument 'header'

During handling of the above exception, another exception occurred:

Traceback (most recent call last):
  File "E:\Project_python\api_SIOT\common\requests_util.py", line 202, in analysis_yaml
    res = self.send_request(name =name,method=method,
  File "E:\Project_python\api_SIOT\common\requests_util.py", line 346, in send_request
    error_log("发送请求异常：异常信息: %s" % str(traceback.format_exc()))
  File "E:\Project_python\api_SIOT\common\logger_util.py", line 66, in error_log
    raise Exception(log_message)
Exception: 发送请求异常：异常信息: Traceback (most recent call last):
  File "E:\Project_python\api_SIOT\common\requests_util.py", line 343, in send_request
    res = RequestUtil.session.request(method=self.last_method, url=self.base_url, headers=self.last_headers, **kwargs)
TypeError: request() got an unexpected keyword argument 'header'


