[2023-08-23 10:19:24,114] logger_util.py->write_log line:61 [INFO] 
-------------接口请求开始-----------
[2023-08-23 10:19:24,114] logger_util.py->write_log line:61 [INFO] 接口名称：io变量异常校验-校验变量名为空
[2023-08-23 10:19:24,114] logger_util.py->write_log line:61 [INFO] 接口方式：post
[2023-08-23 10:19:24,114] logger_util.py->write_log line:61 [INFO] 接口路径：http://127.0.0.1:18000/api/v1/variable/tunnel/58/tag
[2023-08-23 10:19:24,114] logger_util.py->write_log line:61 [INFO] 请求头：{}
[2023-08-23 10:19:24,114] logger_util.py->write_log line:61 [INFO] 请求参数：[{'archiveSetting': None, 'groupId': 51, 'name': '', 'description': '校验变量名为空', 'typeName': '有符号8进制整型', 'config': {'readWriteMode': 0, 'address': '400001', 'interval': 'ddt{{10000}}'}, 'stringLength': 'null', 'zoom': 1, 'digit': None, 'readWriteRule': 1, 'index': 1}]
[2023-08-23 10:19:24,117] logger_util.py->write_log line:61 [INFO] 文件上传：None
[2023-08-23 10:19:24,136] logger_util.py->write_log line:61 [INFO] 预期结果：[{'equals': {'status_code': 400}}]
[2023-08-23 10:19:24,136] logger_util.py->write_log line:61 [INFO] 实际结果：序号<1>变量配置错误：变量名不可为空，请重新输入
[2023-08-23 10:19:24,136] logger_util.py->write_log line:61 [INFO] 接口请求成功！
[2023-08-23 10:19:24,136] logger_util.py->write_log line:61 [INFO] 
-------------接口请求结束-----------

[2023-08-23 10:19:24,140] logger_util.py->write_log line:61 [INFO] 
-------------接口请求开始-----------
[2023-08-23 10:19:24,141] logger_util.py->write_log line:61 [INFO] 接口名称：io变量异常校验-重复提交同变量名
[2023-08-23 10:19:24,141] logger_util.py->write_log line:61 [INFO] 接口方式：post
[2023-08-23 10:19:24,141] logger_util.py->write_log line:61 [INFO] 接口路径：http://127.0.0.1:18000/api/v1/variable/tunnel/58/tag
[2023-08-23 10:19:24,141] logger_util.py->write_log line:61 [INFO] 请求头：{}
[2023-08-23 10:19:24,141] logger_util.py->write_log line:61 [INFO] 请求参数：[{'archiveSetting': None, 'groupId': 51, 'name': 'E1', 'description': '重复提交同变量名', 'typeName': '有符号8进制整型', 'config': {'readWriteMode': 0, 'address': '400001', 'interval': 'ddt{{10000}}'}, 'stringLength': 'null', 'zoom': 1, 'digit': None, 'readWriteRule': 1, 'index': 1}]
[2023-08-23 10:19:24,141] logger_util.py->write_log line:61 [INFO] 文件上传：None
[2023-08-23 10:19:24,149] logger_util.py->write_log line:61 [INFO] 预期结果：[{'equals': {'status_code': 400}}]
[2023-08-23 10:19:24,149] logger_util.py->write_log line:61 [INFO] 实际结果：序号<1>变量配置错误：变量类型<有符号8进制整型>不存在
[2023-08-23 10:19:24,149] logger_util.py->write_log line:61 [INFO] 接口请求成功！
[2023-08-23 10:19:24,149] logger_util.py->write_log line:61 [INFO] 
-------------接口请求结束-----------

[2023-08-23 10:19:24,154] logger_util.py->write_log line:61 [INFO] 
-------------接口请求开始-----------
[2023-08-23 10:19:24,154] logger_util.py->write_log line:61 [INFO] 接口名称：io变量异常校验-校验变量地址为空
[2023-08-23 10:19:24,154] logger_util.py->write_log line:61 [INFO] 接口方式：post
[2023-08-23 10:19:24,154] logger_util.py->write_log line:61 [INFO] 接口路径：http://127.0.0.1:18000/api/v1/variable/tunnel/58/tag
[2023-08-23 10:19:24,154] logger_util.py->write_log line:61 [INFO] 请求头：{}
[2023-08-23 10:19:24,154] logger_util.py->write_log line:61 [INFO] 请求参数：[{'archiveSetting': None, 'groupId': 51, 'name': 'E1', 'description': '校验变量地址为空', 'typeName': '有符号8进制整型', 'config': {'readWriteMode': 0, 'address': '', 'interval': 'ddt{{10000}}'}, 'stringLength': 'null', 'zoom': 1, 'digit': None, 'readWriteRule': 1, 'index': 1}]
[2023-08-23 10:19:24,155] logger_util.py->write_log line:61 [INFO] 文件上传：None
[2023-08-23 10:19:24,163] logger_util.py->write_log line:61 [INFO] 预期结果：[{'equals': {'status_code': 400}}]
[2023-08-23 10:19:24,163] logger_util.py->write_log line:61 [INFO] 实际结果：序号<1>变量配置错误：变量类型<有符号8进制整型>不存在
[2023-08-23 10:19:24,163] logger_util.py->write_log line:61 [INFO] 接口请求成功！
[2023-08-23 10:19:24,163] logger_util.py->write_log line:61 [INFO] 
-------------接口请求结束-----------

[2023-08-23 10:19:24,168] logger_util.py->write_log line:61 [INFO] 
-------------接口请求开始-----------
[2023-08-23 10:19:24,168] logger_util.py->write_log line:61 [INFO] 接口名称：io变量异常校验-校验采集间隔为空
[2023-08-23 10:19:24,168] logger_util.py->write_log line:61 [INFO] 接口方式：post
[2023-08-23 10:19:24,168] logger_util.py->write_log line:61 [INFO] 接口路径：http://127.0.0.1:18000/api/v1/variable/tunnel/58/tag
[2023-08-23 10:19:24,168] logger_util.py->write_log line:61 [INFO] 请求头：{}
[2023-08-23 10:19:24,168] logger_util.py->write_log line:61 [INFO] 请求参数：[{'archiveSetting': None, 'groupId': 51, 'name': 'E1', 'description': '校验采集间隔为空', 'typeName': '有符号8进制整型', 'config': {'readWriteMode': 0, 'address': '400001', 'interval': 'ddt{{}}'}, 'stringLength': 'null', 'zoom': 1, 'digit': None, 'readWriteRule': 1, 'index': 1}]
[2023-08-23 10:19:24,168] logger_util.py->write_log line:61 [INFO] 文件上传：None
[2023-08-23 10:19:24,176] logger_util.py->write_log line:61 [INFO] 预期结果：[{'equals': {'status_code': 400}}]
[2023-08-23 10:19:24,176] logger_util.py->write_log line:61 [INFO] 实际结果：序号<1>变量配置错误：变量类型<有符号8进制整型>不存在
[2023-08-23 10:19:24,176] logger_util.py->write_log line:61 [INFO] 接口请求成功！
[2023-08-23 10:19:24,177] logger_util.py->write_log line:61 [INFO] 
-------------接口请求结束-----------

[2023-08-23 10:19:24,201] logger_util.py->write_log line:61 [INFO] 
-------------接口请求开始-----------
[2023-08-23 10:19:24,201] logger_util.py->write_log line:61 [INFO] 接口名称：io变量异常校验-采集间隔小于10
[2023-08-23 10:19:24,201] logger_util.py->write_log line:61 [INFO] 接口方式：post
[2023-08-23 10:19:24,201] logger_util.py->write_log line:61 [INFO] 接口路径：http://127.0.0.1:18000/api/v1/variable/tunnel/58/tag
[2023-08-23 10:19:24,201] logger_util.py->write_log line:61 [INFO] 请求头：{}
[2023-08-23 10:19:24,201] logger_util.py->write_log line:61 [INFO] 请求参数：[{'archiveSetting': None, 'groupId': 51, 'name': 'E1', 'description': '采集间隔小于10', 'typeName': '有符号8进制整型', 'config': {'readWriteMode': 0, 'address': '400001', 'interval': 'ddt{{9}}'}, 'stringLength': 'null', 'zoom': 1, 'digit': None, 'readWriteRule': 1, 'index': 1}]
[2023-08-23 10:19:24,201] logger_util.py->write_log line:61 [INFO] 文件上传：None
[2023-08-23 10:19:24,210] logger_util.py->write_log line:61 [INFO] 预期结果：[{'equals': {'status_code': 400}}]
[2023-08-23 10:19:24,210] logger_util.py->write_log line:61 [INFO] 实际结果：序号<1>变量配置错误：变量类型<有符号8进制整型>不存在
[2023-08-23 10:19:24,210] logger_util.py->write_log line:61 [INFO] 接口请求成功！
[2023-08-23 10:19:24,210] logger_util.py->write_log line:61 [INFO] 
-------------接口请求结束-----------

[2023-08-23 10:19:24,215] logger_util.py->write_log line:61 [INFO] 
-------------接口请求开始-----------
[2023-08-23 10:19:24,216] logger_util.py->write_log line:61 [INFO] 接口名称：io变量异常校验-采集间隔大于10000
[2023-08-23 10:19:24,216] logger_util.py->write_log line:61 [INFO] 接口方式：post
[2023-08-23 10:19:24,216] logger_util.py->write_log line:61 [INFO] 接口路径：http://127.0.0.1:18000/api/v1/variable/tunnel/58/tag
[2023-08-23 10:19:24,216] logger_util.py->write_log line:61 [INFO] 请求头：{}
[2023-08-23 10:19:24,216] logger_util.py->write_log line:61 [INFO] 请求参数：[{'archiveSetting': None, 'groupId': 51, 'name': 'E1', 'description': '采集间隔小于10', 'typeName': '有符号8进制整型', 'config': {'readWriteMode': 0, 'address': '400001', 'interval': 'ddt{{10001}}'}, 'stringLength': 'null', 'zoom': 1, 'digit': None, 'readWriteRule': 1, 'index': 1}]
[2023-08-23 10:19:24,216] logger_util.py->write_log line:61 [INFO] 文件上传：None
[2023-08-23 10:19:24,224] logger_util.py->write_log line:61 [INFO] 预期结果：[{'equals': {'status_code': 400}}]
[2023-08-23 10:19:24,225] logger_util.py->write_log line:61 [INFO] 实际结果：序号<1>变量配置错误：变量类型<有符号8进制整型>不存在
[2023-08-23 10:19:24,225] logger_util.py->write_log line:61 [INFO] 接口请求成功！
[2023-08-23 10:19:24,225] logger_util.py->write_log line:61 [INFO] 
-------------接口请求结束-----------

[2023-08-23 10:19:24,230] logger_util.py->write_log line:61 [INFO] 
-------------接口请求开始-----------
[2023-08-23 10:19:24,230] logger_util.py->write_log line:61 [INFO] 接口名称：io变量异常校验-字符串长度为空
[2023-08-23 10:19:24,230] logger_util.py->write_log line:61 [INFO] 接口方式：post
[2023-08-23 10:19:24,230] logger_util.py->write_log line:61 [INFO] 接口路径：http://127.0.0.1:18000/api/v1/variable/tunnel/58/tag
[2023-08-23 10:19:24,230] logger_util.py->write_log line:61 [INFO] 请求头：{}
[2023-08-23 10:19:24,230] logger_util.py->write_log line:61 [INFO] 请求参数：[{'archiveSetting': None, 'groupId': 51, 'name': 'E1', 'description': '字符串长度为空', 'typeName': '字符串', 'config': {'readWriteMode': 0, 'address': '400001', 'interval': 'ddt{{1000}}'}, 'stringLength': '', 'zoom': 1, 'digit': None, 'readWriteRule': 1, 'index': 1}]
[2023-08-23 10:19:24,231] logger_util.py->write_log line:61 [INFO] 文件上传：None
[2023-08-23 10:19:24,239] logger_util.py->write_log line:61 [INFO] 预期结果：[{'equals': {'status_code': 400}}]
[2023-08-23 10:19:24,239] logger_util.py->write_log line:61 [INFO] 实际结果：序号<1>变量配置错误
[2023-08-23 10:19:24,239] logger_util.py->write_log line:61 [INFO] 接口请求成功！
[2023-08-23 10:19:24,239] logger_util.py->write_log line:61 [INFO] 
-------------接口请求结束-----------

