[2023-06-05 16:37:27,533] logger_util.py->write_log line:61 [INFO] -------------接口请求开始-----------
[2023-06-05 16:37:27,533] logger_util.py->write_log line:61 [INFO] 接口名称：创建报警文件夹
[2023-06-05 16:37:27,534] logger_util.py->write_log line:61 [INFO] 接口方式：post
[2023-06-05 16:37:27,534] logger_util.py->write_log line:61 [INFO] 接口路径：http://127.0.0.1:18000/api/v1/alarmfolder/add
[2023-06-05 16:37:27,534] logger_util.py->write_log line:61 [INFO] 请求头：{'Content-Type': 'application/json;charset=UTF-8', 'X-Project': 'da1746c3d0814e3da3c463b17bf73d6f'}
[2023-06-05 16:37:27,535] logger_util.py->write_log line:61 [INFO] 请求参数：{'name': '报警文件夹73', 'nodeType': 0}
[2023-06-05 16:37:27,535] logger_util.py->write_log line:61 [INFO] 文件上传：None
[2023-06-05 16:37:27,653] logger_util.py->write_log line:61 [INFO] 预期结果：[{'equals': {'status_code': 200}}, {'equals': {'nodeType': 0}}, {'contains': 'id'}]
[2023-06-05 16:37:27,653] logger_util.py->write_log line:61 [INFO] 实际结果：{'id': '8e0bdb30-9547-4ae8-8216-b5187082aa86', 'parentId': None, 'name': '报警文件夹73', 'nodeType': 0, 'sort': 4, 'children': None}
[2023-06-05 16:37:27,653] logger_util.py->write_log line:61 [INFO] 接口请求成功！
[2023-06-05 16:37:27,653] logger_util.py->write_log line:61 [INFO] -------------接口请求结束-----------

[2023-06-05 16:37:27,659] logger_util.py->write_log line:61 [INFO] -------------接口请求开始-----------
[2023-06-05 16:37:27,659] logger_util.py->write_log line:61 [INFO] 接口名称：创建报警组
[2023-06-05 16:37:27,659] logger_util.py->write_log line:61 [INFO] 接口方式：post
[2023-06-05 16:37:27,659] logger_util.py->write_log line:61 [INFO] 接口路径：http://127.0.0.1:18000/api/v1/alarmfolder/add
[2023-06-05 16:37:27,659] logger_util.py->write_log line:61 [INFO] 请求头：{'Content-Type': 'application/json;charset=UTF-8', 'X-Project': 'da1746c3d0814e3da3c463b17bf73d6f'}
[2023-06-05 16:37:27,659] logger_util.py->write_log line:61 [INFO] 请求参数：{'name': '报警组59', 'nodeType': 1, 'parentId': None}
[2023-06-05 16:37:27,659] logger_util.py->write_log line:61 [INFO] 文件上传：None
[2023-06-05 16:37:27,761] logger_util.py->write_log line:61 [INFO] 预期结果：[{'equals': {'status_code': 200}}, {'equals': {'nodeType': 1}}, {'contains': 'id'}]
[2023-06-05 16:37:27,761] logger_util.py->write_log line:61 [INFO] 实际结果：{'id': 'c630fb3a-7c24-41e6-8d86-7b9cb645743d', 'parentId': None, 'name': '报警组59', 'nodeType': 1, 'sort': 5, 'children': None}
[2023-06-05 16:37:27,762] logger_util.py->write_log line:61 [INFO] 接口请求成功！
[2023-06-05 16:37:27,762] logger_util.py->write_log line:61 [INFO] -------------接口请求结束-----------

[2023-06-05 16:37:27,772] logger_util.py->write_log line:61 [INFO] -------------接口请求开始-----------
[2023-06-05 16:37:27,772] logger_util.py->write_log line:61 [INFO] 接口名称：更新报警组
[2023-06-05 16:37:27,772] logger_util.py->write_log line:61 [INFO] 接口方式：put
[2023-06-05 16:37:27,772] logger_util.py->write_log line:61 [INFO] 接口路径：http://127.0.0.1:18000/api/v1/alarmfolder/update
[2023-06-05 16:37:27,772] logger_util.py->write_log line:61 [INFO] 请求头：{'Content-Type': 'application/json;charset=UTF-8', 'X-Project': 'da1746c3d0814e3da3c463b17bf73d6f'}
[2023-06-05 16:37:27,772] logger_util.py->write_log line:61 [INFO] 请求参数：{'id': '8e0bdb30-9547-4ae8-8216-b5187082aa86', 'parentId': None, 'name': '修改报警文件41', 'nodeType': 0, 'sort': 1, 'children': []}
[2023-06-05 16:37:27,772] logger_util.py->write_log line:61 [INFO] 文件上传：None
[2023-06-05 16:37:27,885] logger_util.py->write_log line:61 [INFO] 预期结果：[{'equals': {'status_code': 200}}, {'equals': {'nodeType': 0}}, {'contains': 'id'}]
[2023-06-05 16:37:27,886] logger_util.py->write_log line:61 [INFO] 实际结果：{'id': '8e0bdb30-9547-4ae8-8216-b5187082aa86', 'parentId': None, 'name': '修改报警文件41', 'nodeType': 0, 'sort': 4, 'children': None}
[2023-06-05 16:37:27,886] logger_util.py->write_log line:61 [INFO] 接口请求成功！
[2023-06-05 16:37:27,886] logger_util.py->write_log line:61 [INFO] -------------接口请求结束-----------

[2023-06-05 16:37:27,893] logger_util.py->write_log line:61 [INFO] -------------接口请求开始-----------
[2023-06-05 16:37:27,893] logger_util.py->write_log line:61 [INFO] 接口名称：更新报警组
[2023-06-05 16:37:27,893] logger_util.py->write_log line:61 [INFO] 接口方式：put
[2023-06-05 16:37:27,893] logger_util.py->write_log line:61 [INFO] 接口路径：http://127.0.0.1:18000/api/v1/alarmfolder/update
[2023-06-05 16:37:27,894] logger_util.py->write_log line:61 [INFO] 请求头：{'Content-Type': 'application/json;charset=UTF-8', 'X-Project': 'da1746c3d0814e3da3c463b17bf73d6f'}
[2023-06-05 16:37:27,894] logger_util.py->write_log line:61 [INFO] 请求参数：{'id': 'c630fb3a-7c24-41e6-8d86-7b9cb645743d', 'parentId': '8e0bdb30-9547-4ae8-8216-b5187082aa86', 'name': '修改报警组97', 'nodeType': 1, 'sort': 1, 'children': []}
[2023-06-05 16:37:27,894] logger_util.py->write_log line:61 [INFO] 文件上传：None
[2023-06-05 16:37:28,006] logger_util.py->write_log line:61 [INFO] 预期结果：[{'equals': {'status_code': 200}}, {'equals': {'nodeType': 1}}, {'contains': 'id'}]
[2023-06-05 16:37:28,006] logger_util.py->write_log line:61 [INFO] 实际结果：{'id': 'c630fb3a-7c24-41e6-8d86-7b9cb645743d', 'parentId': None, 'name': '修改报警组97', 'nodeType': 1, 'sort': 5, 'children': None}
[2023-06-05 16:37:28,007] logger_util.py->write_log line:61 [INFO] 接口请求成功！
[2023-06-05 16:37:28,007] logger_util.py->write_log line:61 [INFO] -------------接口请求结束-----------

[2023-06-05 16:37:28,018] logger_util.py->write_log line:61 [INFO] -------------接口请求开始-----------
[2023-06-05 16:37:28,018] logger_util.py->write_log line:61 [INFO] 接口名称：查询报警组树
[2023-06-05 16:37:28,018] logger_util.py->write_log line:61 [INFO] 接口方式：get
[2023-06-05 16:37:28,018] logger_util.py->write_log line:61 [INFO] 接口路径：http://127.0.0.1:18000/api/v1/alarmfolder/gettree
[2023-06-05 16:37:28,018] logger_util.py->write_log line:61 [INFO] 请求头：{'Content-Type': 'application/json;charset=UTF-8', 'X-Project': 'da1746c3d0814e3da3c463b17bf73d6f'}
[2023-06-05 16:37:28,019] logger_util.py->write_log line:61 [INFO] 文件上传：None
[2023-06-05 16:37:28,027] logger_util.py->write_log line:61 [INFO] 预期结果：[{'equals': {'status_code': 200}}]
[2023-06-05 16:37:28,027] logger_util.py->write_log line:61 [INFO] 实际结果：[{'id': '8e0bdb30-9547-4ae8-8216-b5187082aa86', 'parentId': None, 'name': '修改报警文件41', 'nodeType': 0, 'sort': 4, 'children': []}, {'id': 'f560b48e-5f4e-4197-b9f3-80e009d3b7ce', 'parentId': None, 'name': '报警组73', 'nodeType': 1, 'sort': 1, 'children': None}, {'id': '3d51328b-ce8b-4f70-ab79-33ea1647acc3', 'parentId': None, 'name': '报警组79', 'nodeType': 1, 'sort': 2, 'children': None}, {'id': 'd761c041-5e61-4cc5-b42d-4323dbdbc07e', 'parentId': None, 'name': '报警组75', 'nodeType': 1, 'sort': 3, 'children': None}, {'id': 'c630fb3a-7c24-41e6-8d86-7b9cb645743d', 'parentId': None, 'name': '修改报警组97', 'nodeType': 1, 'sort': 5, 'children': None}]
[2023-06-05 16:37:28,027] logger_util.py->write_log line:61 [INFO] 接口请求成功！
[2023-06-05 16:37:28,027] logger_util.py->write_log line:61 [INFO] -------------接口请求结束-----------

[2023-06-05 16:37:28,034] logger_util.py->write_log line:61 [INFO] -------------接口请求开始-----------
[2023-06-05 16:37:28,035] logger_util.py->write_log line:61 [INFO] 接口名称：删除报警文件夹
[2023-06-05 16:37:28,035] logger_util.py->write_log line:61 [INFO] 接口方式：delete
[2023-06-05 16:37:28,035] logger_util.py->write_log line:61 [INFO] 接口路径：http://127.0.0.1:18000/api/v1/alarmfolder/delete
[2023-06-05 16:37:28,035] logger_util.py->write_log line:61 [INFO] 请求头：{'Content-Type': 'application/json;charset=UTF-8', 'X-Project': 'da1746c3d0814e3da3c463b17bf73d6f'}
[2023-06-05 16:37:28,035] logger_util.py->write_log line:61 [INFO] 请求参数：{'type': 0, 'id': '8e0bdb30-9547-4ae8-8216-b5187082aa86'}
[2023-06-05 16:37:28,035] logger_util.py->write_log line:61 [INFO] 文件上传：None
[2023-06-05 16:37:28,163] logger_util.py->write_log line:61 [INFO] 预期结果：[{'equals': {'status_code': 200}}]
[2023-06-05 16:37:28,163] logger_util.py->write_log line:61 [INFO] 实际结果：Delete Success
[2023-06-05 16:37:28,163] logger_util.py->write_log line:61 [INFO] 接口请求成功！
[2023-06-05 16:37:28,163] logger_util.py->write_log line:61 [INFO] -------------接口请求结束-----------

[2023-06-05 16:37:28,171] logger_util.py->write_log line:61 [INFO] -------------接口请求开始-----------
[2023-06-05 16:37:28,172] logger_util.py->write_log line:61 [INFO] 接口名称：删除报警组
[2023-06-05 16:37:28,172] logger_util.py->write_log line:61 [INFO] 接口方式：delete
[2023-06-05 16:37:28,172] logger_util.py->write_log line:61 [INFO] 接口路径：http://127.0.0.1:18000/api/v1/alarmfolder/delete
[2023-06-05 16:37:28,172] logger_util.py->write_log line:61 [INFO] 请求头：{'Content-Type': 'application/json;charset=UTF-8', 'X-Project': 'da1746c3d0814e3da3c463b17bf73d6f'}
[2023-06-05 16:37:28,172] logger_util.py->write_log line:61 [INFO] 请求参数：{'type': 1, 'id': 'c630fb3a-7c24-41e6-8d86-7b9cb645743d'}
[2023-06-05 16:37:28,172] logger_util.py->write_log line:61 [INFO] 文件上传：None
[2023-06-05 16:37:28,280] logger_util.py->write_log line:61 [INFO] 预期结果：[{'equals': {'status_code': 200}}]
[2023-06-05 16:37:28,280] logger_util.py->write_log line:61 [INFO] 实际结果：Delete Success
[2023-06-05 16:37:28,280] logger_util.py->write_log line:61 [INFO] 接口请求成功！
[2023-06-05 16:37:28,280] logger_util.py->write_log line:61 [INFO] -------------接口请求结束-----------

[2023-06-05 16:37:28,286] logger_util.py->write_log line:61 [INFO] -------------接口请求开始-----------
[2023-06-05 16:37:28,286] logger_util.py->write_log line:61 [INFO] 接口名称：创建报警组
[2023-06-05 16:37:28,287] logger_util.py->write_log line:61 [INFO] 接口方式：post
[2023-06-05 16:37:28,287] logger_util.py->write_log line:61 [INFO] 接口路径：http://127.0.0.1:18000/api/v1/alarmfolder/add
[2023-06-05 16:37:28,287] logger_util.py->write_log line:61 [INFO] 请求头：{'Content-Type': 'application/json;charset=UTF-8', 'X-Project': 'da1746c3d0814e3da3c463b17bf73d6f'}
[2023-06-05 16:37:28,287] logger_util.py->write_log line:61 [INFO] 请求参数：{'name': '报警组71', 'nodeType': 1, 'parentId': None}
[2023-06-05 16:37:28,287] logger_util.py->write_log line:61 [INFO] 文件上传：None
[2023-06-05 16:37:28,457] logger_util.py->write_log line:61 [INFO] 预期结果：[{'equals': {'status_code': 200}}, {'equals': {'nodeType': 1}}, {'contains': 'id'}]
[2023-06-05 16:37:28,457] logger_util.py->write_log line:61 [INFO] 实际结果：{'id': '2a6f7d9e-792d-4d48-ae3b-dc6e2573142e', 'parentId': None, 'name': '报警组71', 'nodeType': 1, 'sort': 4, 'children': None}
[2023-06-05 16:37:28,458] logger_util.py->write_log line:61 [INFO] 接口请求成功！
[2023-06-05 16:37:28,458] logger_util.py->write_log line:61 [INFO] -------------接口请求结束-----------

[2023-06-05 16:37:28,474] logger_util.py->write_log line:61 [INFO] -------------接口请求开始-----------
[2023-06-05 16:37:28,474] logger_util.py->write_log line:61 [INFO] 接口名称：创建报警等级
[2023-06-05 16:37:28,474] logger_util.py->write_log line:61 [INFO] 接口方式：post
[2023-06-05 16:37:28,474] logger_util.py->write_log line:61 [INFO] 接口路径：http://127.0.0.1:18000/api/v1/alarmlevel/add
[2023-06-05 16:37:28,474] logger_util.py->write_log line:61 [INFO] 请求头：{'Content-Type': 'application/json;charset=UTF-8', 'X-Project': 'da1746c3d0814e3da3c463b17bf73d6f'}
[2023-06-05 16:37:28,475] logger_util.py->write_log line:61 [INFO] 请求参数：[{'name': '报警等级48'}]
[2023-06-05 16:37:28,475] logger_util.py->write_log line:61 [INFO] 文件上传：None
[2023-06-05 16:37:28,571] logger_util.py->write_log line:61 [INFO] 预期结果：[{'equals': {'status_code': 200}}]
[2023-06-05 16:37:28,571] logger_util.py->write_log line:61 [INFO] 实际结果：[{'id': 'f2d81885-f1e2-47ae-ac21-c36d14d58341', 'name': '报警等级48'}]
[2023-06-05 16:37:28,571] logger_util.py->write_log line:61 [INFO] 接口请求成功！
[2023-06-05 16:37:28,571] logger_util.py->write_log line:61 [INFO] -------------接口请求结束-----------

[2023-06-05 16:37:28,581] logger_util.py->write_log line:61 [INFO] -------------接口请求开始-----------
[2023-06-05 16:37:28,581] logger_util.py->write_log line:61 [INFO] 接口名称：更新报警等级
[2023-06-05 16:37:28,581] logger_util.py->write_log line:61 [INFO] 接口方式：put
[2023-06-05 16:37:28,581] logger_util.py->write_log line:61 [INFO] 接口路径：http://127.0.0.1:18000/api/v1/alarmlevel/update
[2023-06-05 16:37:28,581] logger_util.py->write_log line:61 [INFO] 请求头：{'Content-Type': 'application/json;charset=UTF-8', 'X-Project': 'da1746c3d0814e3da3c463b17bf73d6f'}
[2023-06-05 16:37:28,581] logger_util.py->write_log line:61 [INFO] 请求参数：[{'id': 'f2d81885-f1e2-47ae-ac21-c36d14d58341', 'name': '更新报警等级4'}]
[2023-06-05 16:37:28,581] logger_util.py->write_log line:61 [INFO] 文件上传：None
[2023-06-05 16:37:28,688] logger_util.py->write_log line:61 [INFO] 预期结果：[{'equals': {'status_code': 200}}]
[2023-06-05 16:37:28,688] logger_util.py->write_log line:61 [INFO] 实际结果：[{'id': 'f2d81885-f1e2-47ae-ac21-c36d14d58341', 'name': '更新报警等级4'}]
[2023-06-05 16:37:28,688] logger_util.py->write_log line:61 [INFO] 接口请求成功！
[2023-06-05 16:37:28,688] logger_util.py->write_log line:61 [INFO] -------------接口请求结束-----------

[2023-06-05 16:37:28,694] logger_util.py->write_log line:61 [INFO] -------------接口请求开始-----------
[2023-06-05 16:37:28,694] logger_util.py->write_log line:61 [INFO] 接口名称：删除报警等级
[2023-06-05 16:37:28,695] logger_util.py->write_log line:61 [INFO] 接口方式：delete
[2023-06-05 16:37:28,695] logger_util.py->write_log line:61 [INFO] 接口路径：http://127.0.0.1:18000/api/v1/alarmlevel/delete
[2023-06-05 16:37:28,695] logger_util.py->write_log line:61 [INFO] 请求头：{'Content-Type': 'application/json;charset=UTF-8', 'X-Project': 'da1746c3d0814e3da3c463b17bf73d6f'}
[2023-06-05 16:37:28,695] logger_util.py->write_log line:61 [INFO] 请求参数：['f2d81885-f1e2-47ae-ac21-c36d14d58341']
[2023-06-05 16:37:28,695] logger_util.py->write_log line:61 [INFO] 文件上传：None
[2023-06-05 16:37:28,787] logger_util.py->write_log line:61 [INFO] 预期结果：[{'equals': {'status_code': 200}}]
[2023-06-05 16:37:28,787] logger_util.py->write_log line:61 [INFO] 实际结果：Delete Success
[2023-06-05 16:37:28,787] logger_util.py->write_log line:61 [INFO] 接口请求成功！
[2023-06-05 16:37:28,787] logger_util.py->write_log line:61 [INFO] -------------接口请求结束-----------

