[2022-09-19 16:17:51,312] logger_util.py->write_log line:61 [INFO] -------------接口请求开始-----------
[2022-09-19 16:17:51,312] logger_util.py->write_log line:61 [INFO] 接口名称：重命名图库默认组
[2022-09-19 16:17:51,312] logger_util.py->write_log line:61 [INFO] 接口方式：post
[2022-09-19 16:17:51,312] logger_util.py->write_log line:61 [INFO] 接口路径：http://127.0.0.1:18000/api/v1/view/image
[2022-09-19 16:17:51,312] logger_util.py->write_log line:61 [INFO] 请求头：{'Content-Type': 'application/json;charset=UTF-8'}
[2022-09-19 16:17:51,312] logger_util.py->write_log line:61 [INFO] 请求参数：图库725
[2022-09-19 16:17:51,328] logger_util.py->write_log line:61 [INFO] 文件上传：None
[2022-09-19 16:17:51,515] logger_util.py->write_log line:61 [INFO] 预期结果：[{'equals': {'status_code': 200}}]
[2022-09-19 16:17:51,515] logger_util.py->write_log line:61 [INFO] 实际结果：e1d513c21e92419d848057b299844a2f
[2022-09-19 16:17:51,515] logger_util.py->write_log line:61 [INFO] 接口请求成功！
[2022-09-19 16:17:51,515] logger_util.py->write_log line:61 [INFO] -------------接口请求结束-----------

[2022-09-19 16:17:51,531] logger_util.py->write_log line:61 [INFO] -------------接口请求开始-----------
[2022-09-19 16:17:51,531] logger_util.py->write_log line:61 [INFO] 接口名称：上传图片
[2022-09-19 16:17:51,531] logger_util.py->write_log line:61 [INFO] 接口方式：post
[2022-09-19 16:17:51,531] logger_util.py->write_log line:61 [INFO] 接口路径：http://127.0.0.1:18000/api/v1/view/image/00000000000000000000000000000000
[2022-09-19 16:17:51,531] logger_util.py->write_log line:61 [INFO] 请求头：{}
[2022-09-19 16:17:51,531] logger_util.py->write_log line:61 [INFO] 文件上传：None
[2022-09-19 16:17:51,704] logger_util.py->write_log line:61 [INFO] -------------接口请求开始-----------
[2022-09-19 16:17:51,704] logger_util.py->write_log line:61 [INFO] 接口名称：重命名图库默认组
[2022-09-19 16:17:51,704] logger_util.py->write_log line:61 [INFO] 接口方式：post
[2022-09-19 16:17:51,704] logger_util.py->write_log line:61 [INFO] 接口路径：http://127.0.0.1:18000/api/v1/view/image
[2022-09-19 16:17:51,704] logger_util.py->write_log line:61 [INFO] 请求头：{'Content-Type': 'application/json;charset=UTF-8'}
[2022-09-19 16:17:51,704] logger_util.py->write_log line:61 [INFO] 请求参数：图库663
[2022-09-19 16:17:51,704] logger_util.py->write_log line:61 [INFO] 文件上传：None
[2022-09-19 16:17:51,735] logger_util.py->write_log line:61 [INFO] 预期结果：[{'equals': {'status_code': 200}}]
[2022-09-19 16:17:51,735] logger_util.py->write_log line:61 [INFO] 实际结果：['1d78e0d9a9304ad181ef8faaddeb4bc0.jpg']
[2022-09-19 16:17:51,735] logger_util.py->write_log line:61 [INFO] 接口请求成功！
[2022-09-19 16:17:51,735] logger_util.py->write_log line:61 [INFO] -------------接口请求结束-----------

[2022-09-19 16:17:51,782] logger_util.py->write_log line:61 [INFO] -------------接口请求开始-----------
[2022-09-19 16:17:51,782] logger_util.py->write_log line:61 [INFO] 接口名称：重命名图库默认组
[2022-09-19 16:17:51,782] logger_util.py->write_log line:61 [INFO] 接口方式：post
[2022-09-19 16:17:51,782] logger_util.py->write_log line:61 [INFO] 接口路径：http://127.0.0.1:18000/api/v1/view/image
[2022-09-19 16:17:51,782] logger_util.py->write_log line:61 [INFO] 请求头：{'Content-Type': 'application/json;charset=UTF-8'}
[2022-09-19 16:17:51,782] logger_util.py->write_log line:61 [INFO] 请求参数：图库368
[2022-09-19 16:17:51,782] logger_util.py->write_log line:61 [INFO] 文件上传：None
[2022-09-19 16:17:51,829] logger_util.py->write_log line:61 [INFO] 预期结果：[{'equals': {'status_code': 200}}]
[2022-09-19 16:17:51,829] logger_util.py->write_log line:61 [INFO] 实际结果：0542712eed9549a2b9ade7182451389b
[2022-09-19 16:17:51,829] logger_util.py->write_log line:61 [INFO] 接口请求成功！
[2022-09-19 16:17:51,829] logger_util.py->write_log line:61 [INFO] -------------接口请求结束-----------

[2022-09-19 16:17:51,829] logger_util.py->write_log line:61 [INFO] -------------接口请求开始-----------
[2022-09-19 16:17:51,829] logger_util.py->write_log line:61 [INFO] 接口名称：上传图片
[2022-09-19 16:17:51,829] logger_util.py->write_log line:61 [INFO] 接口方式：post
[2022-09-19 16:17:51,829] logger_util.py->write_log line:61 [INFO] 接口路径：http://127.0.0.1:18000/api/v1/view/image/00000000000000000000000000000000
[2022-09-19 16:17:51,829] logger_util.py->write_log line:61 [INFO] 请求头：{}
[2022-09-19 16:17:51,829] logger_util.py->write_log line:61 [INFO] 文件上传：None
[2022-09-19 16:17:51,923] logger_util.py->write_log line:61 [INFO] 预期结果：[{'equals': {'status_code': 200}}]
[2022-09-19 16:17:51,923] logger_util.py->write_log line:61 [INFO] 实际结果：['58741a547726401988266cdeb1a887fc.jpg']
[2022-09-19 16:17:51,923] logger_util.py->write_log line:61 [INFO] 接口请求成功！
[2022-09-19 16:17:51,923] logger_util.py->write_log line:61 [INFO] -------------接口请求结束-----------

[2022-09-19 16:17:51,923] logger_util.py->write_log line:61 [INFO] -------------接口请求开始-----------
[2022-09-19 16:17:51,923] logger_util.py->write_log line:61 [INFO] 接口名称：重命名图库默认组
[2022-09-19 16:17:51,923] logger_util.py->write_log line:61 [INFO] 接口方式：post
[2022-09-19 16:17:51,923] logger_util.py->write_log line:61 [INFO] 接口路径：http://127.0.0.1:18000/api/v1/view/image
[2022-09-19 16:17:51,923] logger_util.py->write_log line:61 [INFO] 请求头：{'Content-Type': 'application/json;charset=UTF-8'}
[2022-09-19 16:17:51,923] logger_util.py->write_log line:61 [INFO] 请求参数：图库366
[2022-09-19 16:17:51,923] logger_util.py->write_log line:61 [INFO] 文件上传：None
[2022-09-19 16:17:51,985] logger_util.py->write_log line:61 [INFO] 预期结果：[{'equals': {'status_code': 200}}]
[2022-09-19 16:17:51,985] logger_util.py->write_log line:61 [INFO] 实际结果：1c816e06a6a74ed486a49b6040d21dd7
[2022-09-19 16:17:51,985] logger_util.py->write_log line:61 [INFO] 接口请求成功！
[2022-09-19 16:17:51,985] logger_util.py->write_log line:61 [INFO] -------------接口请求结束-----------

[2022-09-19 16:17:51,985] logger_util.py->write_log line:61 [INFO] -------------接口请求开始-----------
[2022-09-19 16:17:51,985] logger_util.py->write_log line:61 [INFO] 接口名称：上传图片
[2022-09-19 16:17:51,985] logger_util.py->write_log line:61 [INFO] 接口方式：post
[2022-09-19 16:17:51,985] logger_util.py->write_log line:61 [INFO] 接口路径：http://127.0.0.1:18000/api/v1/view/image/00000000000000000000000000000000
[2022-09-19 16:17:51,985] logger_util.py->write_log line:61 [INFO] 请求头：{}
[2022-09-19 16:17:51,985] logger_util.py->write_log line:61 [INFO] 文件上传：None
[2022-09-19 16:17:52,095] logger_util.py->write_log line:61 [INFO] 预期结果：[{'equals': {'status_code': 200}}]
[2022-09-19 16:17:52,095] logger_util.py->write_log line:61 [INFO] 实际结果：['3f6bbe936bc544ffa60a1e471bcddbcb.jpg']
[2022-09-19 16:17:52,095] logger_util.py->write_log line:61 [INFO] 接口请求成功！
[2022-09-19 16:17:52,095] logger_util.py->write_log line:61 [INFO] -------------接口请求结束-----------

[2022-09-19 16:17:52,251] logger_util.py->write_log line:61 [INFO] 预期结果：[{'equals': {'status_code': 200}}]
[2022-09-19 16:17:52,251] logger_util.py->write_log line:61 [INFO] 实际结果：76fe243e501d4e029ae82fac248184cc
[2022-09-19 16:17:52,251] logger_util.py->write_log line:61 [INFO] 接口请求成功！
[2022-09-19 16:17:52,251] logger_util.py->write_log line:61 [INFO] -------------接口请求结束-----------

[2022-09-19 16:17:52,251] logger_util.py->write_log line:61 [INFO] -------------接口请求开始-----------
[2022-09-19 16:17:52,251] logger_util.py->write_log line:61 [INFO] 接口名称：上传图片
[2022-09-19 16:17:52,251] logger_util.py->write_log line:61 [INFO] 接口方式：post
[2022-09-19 16:17:52,251] logger_util.py->write_log line:61 [INFO] 接口路径：http://127.0.0.1:18000/api/v1/view/image/00000000000000000000000000000000
[2022-09-19 16:17:52,251] logger_util.py->write_log line:61 [INFO] 请求头：{}
[2022-09-19 16:17:52,251] logger_util.py->write_log line:61 [INFO] 文件上传：None
[2022-09-19 16:17:52,485] logger_util.py->write_log line:61 [INFO] 预期结果：[{'equals': {'status_code': 200}}]
[2022-09-19 16:17:52,485] logger_util.py->write_log line:61 [INFO] 实际结果：['7ead02261316459fbe40e2457acb3be8.jpg']
[2022-09-19 16:17:52,485] logger_util.py->write_log line:61 [INFO] 接口请求成功！
[2022-09-19 16:17:52,485] logger_util.py->write_log line:61 [INFO] -------------接口请求结束-----------

