[2022-09-16 09:39:54,243] logger_util.py->write_log line:61 [INFO] -------------接口请求开始-----------
[2022-09-16 09:39:54,243] logger_util.py->write_log line:61 [INFO] 接口名称：新建工程
[2022-09-16 09:39:54,243] logger_util.py->write_log line:61 [INFO] 接口方式：post
[2022-09-16 09:39:54,243] logger_util.py->write_log line:61 [INFO] 接口路径：http://127.0.0.1:18000/api/v1/project/node
[2022-09-16 09:39:54,244] logger_util.py->write_log line:61 [INFO] 请求头：{'Content-Type': 'application/json;charset=UTF-8'}
[2022-09-16 09:39:54,244] logger_util.py->write_log line:61 [INFO] 请求参数：{'name': '工程2371', 'path': 'E:\\APP\\CMS201', 'type': 1, 'parentId': 0}
[2022-09-16 09:39:54,245] logger_util.py->write_log line:61 [INFO] 文件上传：None
[2022-09-16 09:39:56,616] logger_util.py->write_log line:61 [INFO] 预期结果：[{'equals': {'status_code': 200}}]
[2022-09-16 09:39:56,616] logger_util.py->write_log line:61 [INFO] 实际结果：471
[2022-09-16 09:39:56,616] logger_util.py->write_log line:61 [INFO] 接口请求成功！
[2022-09-16 09:39:56,617] logger_util.py->write_log line:61 [INFO] -------------接口请求结束-----------

[2022-09-16 09:39:56,622] logger_util.py->write_log line:61 [INFO] -------------接口请求开始-----------
[2022-09-16 09:39:56,622] logger_util.py->write_log line:61 [INFO] 接口名称：新建文件夹
[2022-09-16 09:39:56,622] logger_util.py->write_log line:61 [INFO] 接口方式：post
[2022-09-16 09:39:56,622] logger_util.py->write_log line:61 [INFO] 接口路径：http://127.0.0.1:18000/api/v1/project/node
[2022-09-16 09:39:56,622] logger_util.py->write_log line:61 [INFO] 请求头：{'Content-Type': 'application/json;charset=UTF-8'}
[2022-09-16 09:39:56,622] logger_util.py->write_log line:61 [INFO] 请求参数：{'name': '文件夹3322', 'path': None, 'type': 0, 'parentId': 0}
[2022-09-16 09:39:56,623] logger_util.py->write_log line:61 [INFO] 文件上传：None
[2022-09-16 09:39:56,644] logger_util.py->write_log line:61 [INFO] 预期结果：[{'equals': {'status_code': 200}}]
[2022-09-16 09:39:56,644] logger_util.py->write_log line:61 [INFO] 实际结果：472
[2022-09-16 09:39:56,644] logger_util.py->write_log line:61 [INFO] 接口请求成功！
[2022-09-16 09:39:56,644] logger_util.py->write_log line:61 [INFO] -------------接口请求结束-----------

[2022-09-16 09:39:56,651] logger_util.py->write_log line:61 [INFO] -------------接口请求开始-----------
[2022-09-16 09:39:56,651] logger_util.py->write_log line:61 [INFO] 接口名称：复制工程
[2022-09-16 09:39:56,651] logger_util.py->write_log line:61 [INFO] 接口方式：post
[2022-09-16 09:39:56,651] logger_util.py->write_log line:61 [INFO] 接口路径：http://127.0.0.1:18000/api/v1/project/node?copyId=471
[2022-09-16 09:39:56,651] logger_util.py->write_log line:61 [INFO] 请求头：{'Content-Type': 'application/json;charset=UTF-8'}
[2022-09-16 09:39:56,651] logger_util.py->write_log line:61 [INFO] 请求参数：{'name': '复制工程5253', 'path': 'E:\\APP\\CMS201', 'type': 1, 'parentId': 0}
[2022-09-16 09:39:56,651] logger_util.py->write_log line:61 [INFO] 文件上传：None
[2022-09-16 09:39:58,369] logger_util.py->write_log line:61 [INFO] 预期结果：[{'equals': {'status_code': 200}}]
[2022-09-16 09:39:58,369] logger_util.py->write_log line:61 [INFO] 实际结果：473
[2022-09-16 09:39:58,369] logger_util.py->write_log line:61 [INFO] 接口请求成功！
[2022-09-16 09:39:58,369] logger_util.py->write_log line:61 [INFO] -------------接口请求结束-----------

[2022-09-16 09:39:58,375] logger_util.py->write_log line:61 [INFO] -------------接口请求开始-----------
[2022-09-16 09:39:58,375] logger_util.py->write_log line:61 [INFO] 接口名称：删除工程
[2022-09-16 09:39:58,375] logger_util.py->write_log line:61 [INFO] 接口方式：delete
[2022-09-16 09:39:58,375] logger_util.py->write_log line:61 [INFO] 接口路径：http://127.0.0.1:18000/api/v1/project/node?isDeleteFile=false
[2022-09-16 09:39:58,375] logger_util.py->write_log line:61 [INFO] 请求头：{}
[2022-09-16 09:39:58,375] logger_util.py->write_log line:61 [INFO] 请求参数：[471]
[2022-09-16 09:39:58,375] logger_util.py->write_log line:61 [INFO] 文件上传：None
[2022-09-16 09:39:58,431] logger_util.py->write_log line:61 [INFO] -------------接口请求开始-----------
[2022-09-16 09:39:58,431] logger_util.py->write_log line:61 [INFO] 接口名称：删除文件
[2022-09-16 09:39:58,431] logger_util.py->write_log line:61 [INFO] 接口方式：delete
[2022-09-16 09:39:58,431] logger_util.py->write_log line:61 [INFO] 接口路径：http://127.0.0.1:18000/api/v1/project/node?isDeleteFile=false
[2022-09-16 09:39:58,431] logger_util.py->write_log line:61 [INFO] 请求头：{}
[2022-09-16 09:39:58,431] logger_util.py->write_log line:61 [INFO] 请求参数：[472]
[2022-09-16 09:39:58,432] logger_util.py->write_log line:61 [INFO] 文件上传：None
[2022-09-16 09:39:58,458] logger_util.py->write_log line:61 [INFO] -------------接口请求开始-----------
[2022-09-16 09:39:58,458] logger_util.py->write_log line:61 [INFO] 接口名称：新建工程
[2022-09-16 09:39:58,458] logger_util.py->write_log line:61 [INFO] 接口方式：post
[2022-09-16 09:39:58,458] logger_util.py->write_log line:61 [INFO] 接口路径：http://127.0.0.1:18000/api/v1/project/node
[2022-09-16 09:39:58,458] logger_util.py->write_log line:61 [INFO] 请求头：{'Content-Type': 'application/json;charset=UTF-8'}
[2022-09-16 09:39:58,459] logger_util.py->write_log line:61 [INFO] 请求参数：{'name': '工程9449', 'path': 'E:\\APP\\CMS201', 'type': 1, 'parentId': 0}
[2022-09-16 09:39:58,459] logger_util.py->write_log line:61 [INFO] 文件上传：None
[2022-09-16 09:40:00,920] logger_util.py->write_log line:61 [INFO] 预期结果：[{'equals': {'status_code': 200}}]
[2022-09-16 09:40:00,920] logger_util.py->write_log line:61 [INFO] 实际结果：474
[2022-09-16 09:40:00,920] logger_util.py->write_log line:61 [INFO] 接口请求成功！
[2022-09-16 09:40:00,921] logger_util.py->write_log line:61 [INFO] -------------接口请求结束-----------

[2022-09-16 09:40:00,926] logger_util.py->write_log line:61 [INFO] -------------接口请求开始-----------
[2022-09-16 09:40:00,926] logger_util.py->write_log line:61 [INFO] 接口名称：新建文件夹
[2022-09-16 09:40:00,926] logger_util.py->write_log line:61 [INFO] 接口方式：post
[2022-09-16 09:40:00,926] logger_util.py->write_log line:61 [INFO] 接口路径：http://127.0.0.1:18000/api/v1/project/node
[2022-09-16 09:40:00,927] logger_util.py->write_log line:61 [INFO] 请求头：{'Content-Type': 'application/json;charset=UTF-8'}
[2022-09-16 09:40:00,927] logger_util.py->write_log line:61 [INFO] 请求参数：{'name': '文件夹5954', 'path': None, 'type': 0, 'parentId': 0}
[2022-09-16 09:40:00,927] logger_util.py->write_log line:61 [INFO] 文件上传：None
[2022-09-16 09:40:00,956] logger_util.py->write_log line:61 [INFO] 预期结果：[{'equals': {'status_code': 200}}]
[2022-09-16 09:40:00,956] logger_util.py->write_log line:61 [INFO] 实际结果：475
[2022-09-16 09:40:00,956] logger_util.py->write_log line:61 [INFO] 接口请求成功！
[2022-09-16 09:40:00,956] logger_util.py->write_log line:61 [INFO] -------------接口请求结束-----------

[2022-09-16 09:40:00,961] logger_util.py->write_log line:61 [INFO] -------------接口请求开始-----------
[2022-09-16 09:40:00,961] logger_util.py->write_log line:61 [INFO] 接口名称：移动文件
[2022-09-16 09:40:00,961] logger_util.py->write_log line:61 [INFO] 接口方式：put
[2022-09-16 09:40:00,961] logger_util.py->write_log line:61 [INFO] 接口路径：http://127.0.0.1:18000/api/v1/project/node/474
[2022-09-16 09:40:00,961] logger_util.py->write_log line:61 [INFO] 请求头：{}
[2022-09-16 09:40:00,962] logger_util.py->write_log line:61 [INFO] 请求参数：{'child': [], 'id': 474, 'parentId': 475, 'name': '移动工程1028', 'path': 'E:\\APP\\CMS201\\移动工程1028', 'type': 1}
[2022-09-16 09:40:00,962] logger_util.py->write_log line:61 [INFO] 文件上传：None
[2022-09-16 09:40:01,000] logger_util.py->write_log line:61 [INFO] -------------接口请求开始-----------
[2022-09-16 09:40:01,000] logger_util.py->write_log line:61 [INFO] 接口名称：获取工程信息
[2022-09-16 09:40:01,000] logger_util.py->write_log line:61 [INFO] 接口方式：get
[2022-09-16 09:40:01,000] logger_util.py->write_log line:61 [INFO] 接口路径：http://127.0.0.1:18000/api/v1/project/474/info
[2022-09-16 09:40:01,000] logger_util.py->write_log line:61 [INFO] 请求头：{'Content-Type': 'application/json;charset=UTF-8'}
[2022-09-16 09:40:01,000] logger_util.py->write_log line:61 [INFO] 文件上传：None
[2022-09-16 09:40:01,259] logger_util.py->write_log line:61 [INFO] 预期结果：[{'equals': {'status_code': 200}}]
[2022-09-16 09:40:01,259] logger_util.py->write_log line:61 [INFO] 实际结果：{'id': 474, 'name': '工程9449', 'identifier': '029d0184791e406ba49faa9f4bd7b6c6', 'path': 'E:\\APP\\CMS201\\工程9449', 'updateTime': '2022-09-16T09:40:00.8884555'}
[2022-09-16 09:40:01,259] logger_util.py->write_log line:61 [INFO] 接口请求成功！
[2022-09-16 09:40:01,259] logger_util.py->write_log line:61 [INFO] -------------接口请求结束-----------

[2022-09-16 09:40:01,263] logger_util.py->write_log line:61 [INFO] -------------接口请求开始-----------
[2022-09-16 09:40:01,264] logger_util.py->write_log line:61 [INFO] 接口名称：新建文件夹/画面
[2022-09-16 09:40:01,264] logger_util.py->write_log line:61 [INFO] 接口方式：post
[2022-09-16 09:40:01,264] logger_util.py->write_log line:61 [INFO] 接口路径：http://127.0.0.1:18000/api/v1/view/node?copyFrom=
[2022-09-16 09:40:01,264] logger_util.py->write_log line:61 [INFO] 请求头：{'Content-Type': 'application/json;charset=UTF-8', 'X-Project': '029d0184791e406ba49faa9f4bd7b6c6'}
[2022-09-16 09:40:01,264] logger_util.py->write_log line:61 [INFO] 请求参数：{'name': '文件夹9364', 'parentId': None, 'type': 0, 'sort': None}
[2022-09-16 09:40:01,264] logger_util.py->write_log line:61 [INFO] 文件上传：None
[2022-09-16 09:40:01,385] logger_util.py->write_log line:61 [INFO] 预期结果：[{'equals': {'status_code': 200}}]
[2022-09-16 09:40:01,385] logger_util.py->write_log line:61 [INFO] 实际结果：1
[2022-09-16 09:40:01,385] logger_util.py->write_log line:61 [INFO] 接口请求成功！
[2022-09-16 09:40:01,385] logger_util.py->write_log line:61 [INFO] -------------接口请求结束-----------

[2022-09-16 09:40:01,390] logger_util.py->write_log line:61 [INFO] -------------接口请求开始-----------
[2022-09-16 09:40:01,390] logger_util.py->write_log line:61 [INFO] 接口名称：新建文件夹/画面
[2022-09-16 09:40:01,390] logger_util.py->write_log line:61 [INFO] 接口方式：post
[2022-09-16 09:40:01,390] logger_util.py->write_log line:61 [INFO] 接口路径：http://127.0.0.1:18000/api/v1/view/node?copyFrom=
[2022-09-16 09:40:01,390] logger_util.py->write_log line:61 [INFO] 请求头：{'Content-Type': 'application/json;charset=UTF-8', 'X-Project': '029d0184791e406ba49faa9f4bd7b6c6'}
[2022-09-16 09:40:01,390] logger_util.py->write_log line:61 [INFO] 请求参数：{'name': '画面3830', 'parentId': None, 'type': 1, 'sort': None}
[2022-09-16 09:40:01,390] logger_util.py->write_log line:61 [INFO] 文件上传：None
[2022-09-16 09:40:01,501] logger_util.py->write_log line:61 [INFO] 预期结果：[{'equals': {'status_code': 200}}]
[2022-09-16 09:40:01,502] logger_util.py->write_log line:61 [INFO] 实际结果：2
[2022-09-16 09:40:01,502] logger_util.py->write_log line:61 [INFO] 接口请求成功！
[2022-09-16 09:40:01,502] logger_util.py->write_log line:61 [INFO] -------------接口请求结束-----------

[2022-09-16 09:40:01,508] logger_util.py->write_log line:61 [INFO] -------------接口请求开始-----------
[2022-09-16 09:40:01,508] logger_util.py->write_log line:61 [INFO] 接口名称：删除工程
[2022-09-16 09:40:01,508] logger_util.py->write_log line:61 [INFO] 接口方式：get
[2022-09-16 09:40:01,508] logger_util.py->write_log line:61 [INFO] 接口路径：http://127.0.0.1:18000/api/v1/view/node/1
[2022-09-16 09:40:01,508] logger_util.py->write_log line:61 [INFO] 请求头：{'Content-Type': 'application/json;charset=UTF-8', 'X-Project': '029d0184791e406ba49faa9f4bd7b6c6'}
[2022-09-16 09:40:01,508] logger_util.py->write_log line:61 [INFO] 文件上传：None
[2022-09-16 09:40:01,513] logger_util.py->write_log line:61 [INFO] 预期结果：[{'equals': {'status_code': 200}}]
[2022-09-16 09:40:01,513] logger_util.py->write_log line:61 [INFO] 实际结果：{'id': 1, 'parentId': None, 'name': '文件夹9364', 'type': 0, 'sort': 1, 'updateTime': '2022-09-16T09:40:01.2693447'}
[2022-09-16 09:40:01,513] logger_util.py->write_log line:61 [INFO] 接口请求成功！
[2022-09-16 09:40:01,513] logger_util.py->write_log line:61 [INFO] -------------接口请求结束-----------

[2022-09-16 09:40:01,519] logger_util.py->write_log line:61 [INFO] -------------接口请求开始-----------
[2022-09-16 09:40:01,519] logger_util.py->write_log line:61 [INFO] 接口名称：删除工程
[2022-09-16 09:40:01,519] logger_util.py->write_log line:61 [INFO] 接口方式：get
[2022-09-16 09:40:01,519] logger_util.py->write_log line:61 [INFO] 接口路径：http://127.0.0.1:18000/api/v1/view/node/2
[2022-09-16 09:40:01,519] logger_util.py->write_log line:61 [INFO] 请求头：{'Content-Type': 'application/json;charset=UTF-8', 'X-Project': '029d0184791e406ba49faa9f4bd7b6c6'}
[2022-09-16 09:40:01,520] logger_util.py->write_log line:61 [INFO] 文件上传：None
[2022-09-16 09:40:01,525] logger_util.py->write_log line:61 [INFO] 预期结果：[{'equals': {'status_code': 200}}]
[2022-09-16 09:40:01,525] logger_util.py->write_log line:61 [INFO] 实际结果：{'id': 2, 'parentId': None, 'name': '画面3830', 'type': 1, 'sort': 2, 'updateTime': '2022-09-16T09:40:01.394498'}
[2022-09-16 09:40:01,525] logger_util.py->write_log line:61 [INFO] 接口请求成功！
[2022-09-16 09:40:01,525] logger_util.py->write_log line:61 [INFO] -------------接口请求结束-----------

[2022-09-16 09:40:01,532] logger_util.py->write_log line:61 [INFO] -------------接口请求开始-----------
[2022-09-16 09:40:01,533] logger_util.py->write_log line:61 [INFO] 接口名称：移动工程
[2022-09-16 09:40:01,533] logger_util.py->write_log line:61 [INFO] 接口方式：post
[2022-09-16 09:40:01,533] logger_util.py->write_log line:61 [INFO] 接口路径：http://127.0.0.1:18000/api/v1/view/node/2/sort
[2022-09-16 09:40:01,533] logger_util.py->write_log line:61 [INFO] 请求头：{'Content-Type': 'application/json;charset=UTF-8', 'X-Project': '029d0184791e406ba49faa9f4bd7b6c6'}
[2022-09-16 09:40:01,533] logger_util.py->write_log line:61 [INFO] 请求参数：{'parentId': '1', 'sort': 1}
[2022-09-16 09:40:01,533] logger_util.py->write_log line:61 [INFO] 文件上传：None
[2022-09-16 09:40:01,647] logger_util.py->write_log line:61 [INFO] 预期结果：[{'equals': {'status_code': 200}}]
[2022-09-16 09:40:01,648] logger_util.py->write_log line:61 [INFO] 实际结果：True
[2022-09-16 09:40:01,648] logger_util.py->write_log line:61 [INFO] 接口请求成功！
[2022-09-16 09:40:01,648] logger_util.py->write_log line:61 [INFO] -------------接口请求结束-----------

[2022-09-16 09:40:01,653] logger_util.py->write_log line:61 [INFO] -------------接口请求开始-----------
[2022-09-16 09:40:01,653] logger_util.py->write_log line:61 [INFO] 接口名称：获取画面树节点
[2022-09-16 09:40:01,654] logger_util.py->write_log line:61 [INFO] 接口方式：get
[2022-09-16 09:40:01,654] logger_util.py->write_log line:61 [INFO] 接口路径：http://127.0.0.1:18000/api/v1/view/node/tree
[2022-09-16 09:40:01,654] logger_util.py->write_log line:61 [INFO] 请求头：{'Content-Type': 'application/json;charset=UTF-8', 'X-Project': '029d0184791e406ba49faa9f4bd7b6c6'}
[2022-09-16 09:40:01,654] logger_util.py->write_log line:61 [INFO] 文件上传：None
[2022-09-16 09:40:01,659] logger_util.py->write_log line:61 [INFO] 预期结果：[{'equals': {'status_code': 200}}]
[2022-09-16 09:40:01,659] logger_util.py->write_log line:61 [INFO] 实际结果：[{'child': [{'child': [], 'id': 2, 'parentId': 1, 'name': '画面3830', 'type': 1, 'sort': 1, 'updateTime': '2022-09-16T09:40:01.5460528'}], 'id': 1, 'parentId': None, 'name': '文件夹9364', 'type': 0, 'sort': 1, 'updateTime': '2022-09-16T09:40:01.2693447'}]
[2022-09-16 09:40:01,660] logger_util.py->write_log line:61 [INFO] 接口请求成功！
[2022-09-16 09:40:01,660] logger_util.py->write_log line:61 [INFO] -------------接口请求结束-----------

[2022-09-16 09:40:01,665] logger_util.py->write_log line:61 [INFO] -------------接口请求开始-----------
[2022-09-16 09:40:01,665] logger_util.py->write_log line:61 [INFO] 接口名称：获取画面树节点
[2022-09-16 09:40:01,665] logger_util.py->write_log line:61 [INFO] 接口方式：get
[2022-09-16 09:40:01,665] logger_util.py->write_log line:61 [INFO] 接口路径：http://127.0.0.1:18000/api/v1/view/node/tree
[2022-09-16 09:40:01,665] logger_util.py->write_log line:61 [INFO] 请求头：{'Content-Type': 'application/json;charset=UTF-8', 'X-Project': '029d0184791e406ba49faa9f4bd7b6c6'}
[2022-09-16 09:40:01,665] logger_util.py->write_log line:61 [INFO] 文件上传：None
[2022-09-16 09:40:01,670] logger_util.py->write_log line:61 [INFO] 预期结果：[{'equals': {'status_code': 200}}]
[2022-09-16 09:40:01,670] logger_util.py->write_log line:61 [INFO] 实际结果：[{'child': [{'child': [], 'id': 2, 'parentId': 1, 'name': '画面3830', 'type': 1, 'sort': 1, 'updateTime': '2022-09-16T09:40:01.5460528'}], 'id': 1, 'parentId': None, 'name': '文件夹9364', 'type': 0, 'sort': 1, 'updateTime': '2022-09-16T09:40:01.2693447'}]
[2022-09-16 09:40:01,670] logger_util.py->write_log line:61 [INFO] 接口请求成功！
[2022-09-16 09:40:01,670] logger_util.py->write_log line:61 [INFO] -------------接口请求结束-----------

[2022-09-16 09:40:01,676] logger_util.py->write_log line:61 [INFO] -------------接口请求开始-----------
[2022-09-16 09:40:01,676] logger_util.py->write_log line:61 [INFO] 接口名称：重命名图库默认组
[2022-09-16 09:40:01,676] logger_util.py->write_log line:61 [INFO] 接口方式：put
[2022-09-16 09:40:01,676] logger_util.py->write_log line:61 [INFO] 接口路径：http://127.0.0.1:18000/api/v1/view/image/00000000000000000000000000000000/rename
[2022-09-16 09:40:01,676] logger_util.py->write_log line:61 [INFO] 请求头：{'Content-Type': 'application/json;charset=UTF-8', 'X-Project': '029d0184791e406ba49faa9f4bd7b6c6'}
[2022-09-16 09:40:01,676] logger_util.py->write_log line:61 [INFO] 请求参数：修改
[2022-09-16 09:40:01,676] logger_util.py->write_log line:61 [INFO] 文件上传：None
[2022-09-16 09:40:01,680] logger_util.py->write_log line:61 [INFO] 预期结果：[{'equals': {'status_code': 200}}]
[2022-09-16 09:40:01,682] logger_util.py->write_log line:61 [INFO] 实际结果：False
[2022-09-16 09:40:01,682] logger_util.py->write_log line:61 [INFO] 接口请求成功！
[2022-09-16 09:40:01,682] logger_util.py->write_log line:61 [INFO] -------------接口请求结束-----------

[2022-09-16 09:40:01,687] logger_util.py->write_log line:61 [INFO] -------------接口请求开始-----------
[2022-09-16 09:40:01,687] logger_util.py->write_log line:61 [INFO] 接口名称：重命名图库默认组
[2022-09-16 09:40:01,687] logger_util.py->write_log line:61 [INFO] 接口方式：post
[2022-09-16 09:40:01,687] logger_util.py->write_log line:61 [INFO] 接口路径：http://127.0.0.1:18000/api/v1/view/image
[2022-09-16 09:40:01,687] logger_util.py->write_log line:61 [INFO] 请求头：{'Content-Type': 'application/json;charset=UTF-8', 'X-Project': '029d0184791e406ba49faa9f4bd7b6c6'}
[2022-09-16 09:40:01,687] logger_util.py->write_log line:61 [INFO] 请求参数：图库1
[2022-09-16 09:40:01,687] logger_util.py->write_log line:61 [INFO] 文件上传：None
[2022-09-16 09:40:01,793] logger_util.py->write_log line:61 [INFO] 预期结果：[{'equals': {'status_code': 200}}]
[2022-09-16 09:40:01,793] logger_util.py->write_log line:61 [INFO] 实际结果：e978927a992747ae83807f6914b96433
[2022-09-16 09:40:01,793] logger_util.py->write_log line:61 [INFO] 接口请求成功！
[2022-09-16 09:40:01,793] logger_util.py->write_log line:61 [INFO] -------------接口请求结束-----------

[2022-09-16 09:40:01,800] logger_util.py->write_log line:61 [INFO] -------------接口请求开始-----------
[2022-09-16 09:40:01,800] logger_util.py->write_log line:61 [INFO] 接口名称：删除图库组
[2022-09-16 09:40:01,800] logger_util.py->write_log line:61 [INFO] 接口方式：delete
[2022-09-16 09:40:01,800] logger_util.py->write_log line:61 [INFO] 接口路径：http://127.0.0.1:18000/api/v1/view/image/e978927a992747ae83807f6914b96433
[2022-09-16 09:40:01,800] logger_util.py->write_log line:61 [INFO] 请求头：{'Content-Type': 'application/json;charset=UTF-8', 'X-Project': '029d0184791e406ba49faa9f4bd7b6c6'}
[2022-09-16 09:40:01,800] logger_util.py->write_log line:61 [INFO] 文件上传：None
[2022-09-16 09:40:01,910] logger_util.py->write_log line:61 [INFO] 预期结果：[{'equals': {'status_code': 200}}]
[2022-09-16 09:40:01,910] logger_util.py->write_log line:61 [INFO] 实际结果：
[2022-09-16 09:40:01,911] logger_util.py->write_log line:61 [INFO] 接口请求成功！
[2022-09-16 09:40:01,911] logger_util.py->write_log line:61 [INFO] -------------接口请求结束-----------

[2022-09-16 09:40:01,915] logger_util.py->write_log line:61 [INFO] -------------接口请求开始-----------
[2022-09-16 09:40:01,916] logger_util.py->write_log line:61 [INFO] 接口名称：上传图片
[2022-09-16 09:40:01,916] logger_util.py->write_log line:61 [INFO] 接口方式：post
[2022-09-16 09:40:01,916] logger_util.py->write_log line:61 [INFO] 接口路径：http://127.0.0.1:18000/api/v1/view/image/00000000000000000000000000000000
[2022-09-16 09:40:01,916] logger_util.py->write_log line:61 [INFO] 请求头：{'X-Project': 'dd4471375d85403682bb5411d904931c'}
[2022-09-16 09:40:01,916] logger_util.py->write_log line:61 [INFO] 文件上传：None
[2022-09-16 09:40:02,030] logger_util.py->error_log line:65 [INFO] 断言失败:status_code不等于200
[2022-09-16 09:40:02,030] logger_util.py->write_log line:61 [INFO] 接口请求失败！
[2022-09-16 09:40:02,030] logger_util.py->write_log line:61 [INFO] -------------接口请求结束-----------

[2022-09-16 09:40:02,032] logger_util.py->error_log line:65 [INFO] 断言异常：异常信息: Traceback (most recent call last):
  File "E:\Project_python\2TestCMS2.0\common\requests_util.py", line 394, in validate_result
    error_log("断言失败:"+assert_key+"不等于"+str(assert_value))
  File "E:\Project_python\2TestCMS2.0\common\logger_util.py", line 66, in error_log
    raise Exception(log_message)
Exception: 断言失败:status_code不等于200

[2022-09-16 09:40:02,033] logger_util.py->error_log line:65 [INFO] 分析YAML文件异常：异常信息: Traceback (most recent call last):
  File "E:\Project_python\2TestCMS2.0\common\requests_util.py", line 394, in validate_result
    error_log("断言失败:"+assert_key+"不等于"+str(assert_value))
  File "E:\Project_python\2TestCMS2.0\common\logger_util.py", line 66, in error_log
    raise Exception(log_message)
Exception: 断言失败:status_code不等于200

During handling of the above exception, another exception occurred:

Traceback (most recent call last):
  File "E:\Project_python\2TestCMS2.0\common\requests_util.py", line 260, in analysis_yaml
    self.validate_result(yq_result, return_data, status_code)
  File "E:\Project_python\2TestCMS2.0\common\requests_util.py", line 429, in validate_result
    error_log("断言异常：异常信息: %s" % str(traceback.format_exc()))
  File "E:\Project_python\2TestCMS2.0\common\logger_util.py", line 66, in error_log
    raise Exception(log_message)
Exception: 断言异常：异常信息: Traceback (most recent call last):
  File "E:\Project_python\2TestCMS2.0\common\requests_util.py", line 394, in validate_result
    error_log("断言失败:"+assert_key+"不等于"+str(assert_value))
  File "E:\Project_python\2TestCMS2.0\common\logger_util.py", line 66, in error_log
    raise Exception(log_message)
Exception: 断言失败:status_code不等于200


