[2022-11-02 17:34:25,785] logger_util.py->write_log line:61 [INFO] -------------接口请求开始-----------
[2022-11-02 17:34:25,785] logger_util.py->write_log line:61 [INFO] 接口名称：新建设备
[2022-11-02 17:34:25,786] logger_util.py->write_log line:61 [INFO] 接口方式：post
[2022-11-02 17:34:25,786] logger_util.py->write_log line:61 [INFO] 接口路径：http://127.0.0.1:18000/api/v1/variable/device
[2022-11-02 17:34:25,786] logger_util.py->write_log line:61 [INFO] 请求头：{'Content-Type': 'application/json;charset=UTF-8', 'X-Project': 'cb7eb2eb0ea844daa9c8fc02e983bbe4'}
[2022-11-02 17:34:25,812] logger_util.py->write_log line:61 [INFO] 请求参数：{'id': None, 'name': '设备1', 'description': '描述1', 'protocolType': 'Modbus_TCP', 'suppiler': '通用', 'model': '通用', 'parameters': {'ServerName': '127.0.0.1', 'DeviceID': '1', 'Port': '502', 'TimeOut': '1000', 'ByteOrder': '2143', 'StrByteOrder': '2143', 'HeadAddress': '1'}}
[2022-11-02 17:34:25,812] logger_util.py->write_log line:61 [INFO] 文件上传：None
[2022-11-02 17:34:25,998] logger_util.py->write_log line:61 [INFO] 预期结果：[{'equals': {'status_code': 200}}]
[2022-11-02 17:34:25,998] logger_util.py->write_log line:61 [INFO] 实际结果：53c14f1e-0afd-469b-a56e-f565f0adbf13
[2022-11-02 17:34:25,998] logger_util.py->write_log line:61 [INFO] 接口请求成功！
[2022-11-02 17:34:25,998] logger_util.py->write_log line:61 [INFO] -------------接口请求结束-----------

[2022-11-02 17:34:26,004] logger_util.py->write_log line:61 [INFO] -------------接口请求开始-----------
[2022-11-02 17:34:26,004] logger_util.py->write_log line:61 [INFO] 接口名称：新建设备
[2022-11-02 17:34:26,005] logger_util.py->write_log line:61 [INFO] 接口方式：post
[2022-11-02 17:34:26,005] logger_util.py->write_log line:61 [INFO] 接口路径：http://127.0.0.1:18000/api/v1/variable/device
[2022-11-02 17:34:26,005] logger_util.py->write_log line:61 [INFO] 请求头：{'Content-Type': 'application/json;charset=UTF-8', 'X-Project': 'cb7eb2eb0ea844daa9c8fc02e983bbe4'}
[2022-11-02 17:34:26,005] logger_util.py->write_log line:61 [INFO] 请求参数：{'id': None, 'name': '设备2', 'description': '描述1', 'protocolType': 'Modbus_TCP', 'suppiler': '通用', 'model': '通用', 'parameters': {'ServerName': '127.0.0.1', 'DeviceID': '2', 'Port': '502', 'TimeOut': '1000', 'ByteOrder': '2143', 'StrByteOrder': '2143', 'HeadAddress': '1'}}
[2022-11-02 17:34:26,005] logger_util.py->write_log line:61 [INFO] 文件上传：None
[2022-11-02 17:34:26,256] logger_util.py->write_log line:61 [INFO] 预期结果：[{'equals': {'status_code': 200}}]
[2022-11-02 17:34:26,256] logger_util.py->write_log line:61 [INFO] 实际结果：86e442c0-f5c1-4737-8a71-9843a9a5b0b2
[2022-11-02 17:34:26,256] logger_util.py->write_log line:61 [INFO] 接口请求成功！
[2022-11-02 17:34:26,256] logger_util.py->write_log line:61 [INFO] -------------接口请求结束-----------

[2022-11-02 17:34:26,264] logger_util.py->write_log line:61 [INFO] -------------接口请求开始-----------
[2022-11-02 17:34:26,264] logger_util.py->write_log line:61 [INFO] 接口名称：新建设备
[2022-11-02 17:34:26,264] logger_util.py->write_log line:61 [INFO] 接口方式：post
[2022-11-02 17:34:26,265] logger_util.py->write_log line:61 [INFO] 接口路径：http://127.0.0.1:18000/api/v1/variable/device
[2022-11-02 17:34:26,265] logger_util.py->write_log line:61 [INFO] 请求头：{'Content-Type': 'application/json;charset=UTF-8', 'X-Project': 'cb7eb2eb0ea844daa9c8fc02e983bbe4'}
[2022-11-02 17:34:26,265] logger_util.py->write_log line:61 [INFO] 请求参数：{'id': None, 'name': '设备3', 'description': '描述1', 'protocolType': 'Modbus_TCP', 'suppiler': '通用', 'model': '通用', 'parameters': {'ServerName': '127.0.0.1', 'DeviceID': '3', 'Port': '502', 'TimeOut': '1000', 'ByteOrder': '2143', 'StrByteOrder': '2143', 'HeadAddress': '1'}}
[2022-11-02 17:34:26,265] logger_util.py->write_log line:61 [INFO] 文件上传：None
[2022-11-02 17:34:26,373] logger_util.py->write_log line:61 [INFO] 预期结果：[{'equals': {'status_code': 200}}]
[2022-11-02 17:34:26,373] logger_util.py->write_log line:61 [INFO] 实际结果：7c5ffc40-cab2-4b49-aadf-3e83baa22a61
[2022-11-02 17:34:26,373] logger_util.py->write_log line:61 [INFO] 接口请求成功！
[2022-11-02 17:34:26,373] logger_util.py->write_log line:61 [INFO] -------------接口请求结束-----------

[2022-11-02 17:34:26,380] logger_util.py->write_log line:61 [INFO] -------------接口请求开始-----------
[2022-11-02 17:34:26,381] logger_util.py->write_log line:61 [INFO] 接口名称：新建设备
[2022-11-02 17:34:26,381] logger_util.py->write_log line:61 [INFO] 接口方式：post
[2022-11-02 17:34:26,381] logger_util.py->write_log line:61 [INFO] 接口路径：http://127.0.0.1:18000/api/v1/variable/device
[2022-11-02 17:34:26,381] logger_util.py->write_log line:61 [INFO] 请求头：{'Content-Type': 'application/json;charset=UTF-8', 'X-Project': 'cb7eb2eb0ea844daa9c8fc02e983bbe4'}
[2022-11-02 17:34:26,381] logger_util.py->write_log line:61 [INFO] 请求参数：{'id': None, 'name': '设备4', 'description': '描述1', 'protocolType': 'Modbus_TCP', 'suppiler': '通用', 'model': '通用', 'parameters': {'ServerName': '127.0.0.1', 'DeviceID': '4', 'Port': '502', 'TimeOut': '1000', 'ByteOrder': '2143', 'StrByteOrder': '2143', 'HeadAddress': '1'}}
[2022-11-02 17:34:26,381] logger_util.py->write_log line:61 [INFO] 文件上传：None
[2022-11-02 17:34:26,489] logger_util.py->write_log line:61 [INFO] 预期结果：[{'equals': {'status_code': 200}}]
[2022-11-02 17:34:26,490] logger_util.py->write_log line:61 [INFO] 实际结果：a776e0bf-83b9-4179-a0b5-859fa11daba2
[2022-11-02 17:34:26,490] logger_util.py->write_log line:61 [INFO] 接口请求成功！
[2022-11-02 17:34:26,490] logger_util.py->write_log line:61 [INFO] -------------接口请求结束-----------

[2022-11-02 17:34:26,497] logger_util.py->write_log line:61 [INFO] -------------接口请求开始-----------
[2022-11-02 17:34:26,497] logger_util.py->write_log line:61 [INFO] 接口名称：新建设备
[2022-11-02 17:34:26,497] logger_util.py->write_log line:61 [INFO] 接口方式：post
[2022-11-02 17:34:26,497] logger_util.py->write_log line:61 [INFO] 接口路径：http://127.0.0.1:18000/api/v1/variable/device
[2022-11-02 17:34:26,497] logger_util.py->write_log line:61 [INFO] 请求头：{'Content-Type': 'application/json;charset=UTF-8', 'X-Project': 'cb7eb2eb0ea844daa9c8fc02e983bbe4'}
[2022-11-02 17:34:26,498] logger_util.py->write_log line:61 [INFO] 请求参数：{'id': None, 'name': '设备5', 'description': '描述1', 'protocolType': 'Modbus_TCP', 'suppiler': '通用', 'model': '通用', 'parameters': {'ServerName': '127.0.0.1', 'DeviceID': '5', 'Port': '502', 'TimeOut': '1000', 'ByteOrder': '2143', 'StrByteOrder': '2143', 'HeadAddress': '1'}}
[2022-11-02 17:34:26,498] logger_util.py->write_log line:61 [INFO] 文件上传：None
[2022-11-02 17:34:26,606] logger_util.py->write_log line:61 [INFO] 预期结果：[{'equals': {'status_code': 200}}]
[2022-11-02 17:34:26,606] logger_util.py->write_log line:61 [INFO] 实际结果：85929b76-9342-47b2-a950-c8b5d4466c26
[2022-11-02 17:34:26,606] logger_util.py->write_log line:61 [INFO] 接口请求成功！
[2022-11-02 17:34:26,606] logger_util.py->write_log line:61 [INFO] -------------接口请求结束-----------

[2022-11-02 17:34:26,614] logger_util.py->write_log line:61 [INFO] -------------接口请求开始-----------
[2022-11-02 17:34:26,614] logger_util.py->write_log line:61 [INFO] 接口名称：新建设备
[2022-11-02 17:34:26,614] logger_util.py->write_log line:61 [INFO] 接口方式：post
[2022-11-02 17:34:26,614] logger_util.py->write_log line:61 [INFO] 接口路径：http://127.0.0.1:18000/api/v1/variable/device
[2022-11-02 17:34:26,614] logger_util.py->write_log line:61 [INFO] 请求头：{'Content-Type': 'application/json;charset=UTF-8', 'X-Project': 'cb7eb2eb0ea844daa9c8fc02e983bbe4'}
[2022-11-02 17:34:26,614] logger_util.py->write_log line:61 [INFO] 请求参数：{'id': None, 'name': '设备6', 'description': '描述1', 'protocolType': 'Modbus_TCP', 'suppiler': '通用', 'model': '通用', 'parameters': {'ServerName': '127.0.0.1', 'DeviceID': '6', 'Port': '502', 'TimeOut': '1000', 'ByteOrder': '2143', 'StrByteOrder': '2143', 'HeadAddress': '1'}}
[2022-11-02 17:34:26,614] logger_util.py->write_log line:61 [INFO] 文件上传：None
[2022-11-02 17:34:26,723] logger_util.py->write_log line:61 [INFO] 预期结果：[{'equals': {'status_code': 200}}]
[2022-11-02 17:34:26,723] logger_util.py->write_log line:61 [INFO] 实际结果：3832ae8f-dd79-4b77-a794-9bbcdd51b676
[2022-11-02 17:34:26,723] logger_util.py->write_log line:61 [INFO] 接口请求成功！
[2022-11-02 17:34:26,723] logger_util.py->write_log line:61 [INFO] -------------接口请求结束-----------

[2022-11-02 17:34:26,731] logger_util.py->write_log line:61 [INFO] -------------接口请求开始-----------
[2022-11-02 17:34:26,732] logger_util.py->write_log line:61 [INFO] 接口名称：新建设备
[2022-11-02 17:34:26,732] logger_util.py->write_log line:61 [INFO] 接口方式：post
[2022-11-02 17:34:26,732] logger_util.py->write_log line:61 [INFO] 接口路径：http://127.0.0.1:18000/api/v1/variable/device
[2022-11-02 17:34:26,732] logger_util.py->write_log line:61 [INFO] 请求头：{'Content-Type': 'application/json;charset=UTF-8', 'X-Project': 'cb7eb2eb0ea844daa9c8fc02e983bbe4'}
[2022-11-02 17:34:26,732] logger_util.py->write_log line:61 [INFO] 请求参数：{'id': None, 'name': '设备7', 'description': '描述1', 'protocolType': 'Modbus_TCP', 'suppiler': '通用', 'model': '通用', 'parameters': {'ServerName': '127.0.0.1', 'DeviceID': '7', 'Port': '502', 'TimeOut': '1000', 'ByteOrder': '2143', 'StrByteOrder': '2143', 'HeadAddress': '1'}}
[2022-11-02 17:34:26,732] logger_util.py->write_log line:61 [INFO] 文件上传：None
[2022-11-02 17:34:26,846] logger_util.py->write_log line:61 [INFO] 预期结果：[{'equals': {'status_code': 200}}]
[2022-11-02 17:34:26,846] logger_util.py->write_log line:61 [INFO] 实际结果：8545894d-5304-45f1-9e99-7eedbca40345
[2022-11-02 17:34:26,846] logger_util.py->write_log line:61 [INFO] 接口请求成功！
[2022-11-02 17:34:26,846] logger_util.py->write_log line:61 [INFO] -------------接口请求结束-----------

[2022-11-02 17:34:26,852] logger_util.py->write_log line:61 [INFO] -------------接口请求开始-----------
[2022-11-02 17:34:26,852] logger_util.py->write_log line:61 [INFO] 接口名称：新建设备
[2022-11-02 17:34:26,853] logger_util.py->write_log line:61 [INFO] 接口方式：post
[2022-11-02 17:34:26,853] logger_util.py->write_log line:61 [INFO] 接口路径：http://127.0.0.1:18000/api/v1/variable/device
[2022-11-02 17:34:26,853] logger_util.py->write_log line:61 [INFO] 请求头：{'Content-Type': 'application/json;charset=UTF-8', 'X-Project': 'cb7eb2eb0ea844daa9c8fc02e983bbe4'}
[2022-11-02 17:34:26,853] logger_util.py->write_log line:61 [INFO] 请求参数：{'id': None, 'name': '设备8', 'description': '描述1', 'protocolType': 'Modbus_TCP', 'suppiler': '通用', 'model': '通用', 'parameters': {'ServerName': '127.0.0.1', 'DeviceID': '8', 'Port': '502', 'TimeOut': '1000', 'ByteOrder': '2143', 'StrByteOrder': '2143', 'HeadAddress': '1'}}
[2022-11-02 17:34:26,853] logger_util.py->write_log line:61 [INFO] 文件上传：None
[2022-11-02 17:34:26,878] logger_util.py->write_log line:61 [INFO] 预期结果：[{'equals': {'status_code': 200}}]
[2022-11-02 17:34:26,878] logger_util.py->write_log line:61 [INFO] 实际结果：767ba545-4676-4bbd-a3b0-c37c1adb433c
[2022-11-02 17:34:26,878] logger_util.py->write_log line:61 [INFO] 接口请求成功！
[2022-11-02 17:34:26,878] logger_util.py->write_log line:61 [INFO] -------------接口请求结束-----------

[2022-11-02 17:34:26,885] logger_util.py->write_log line:61 [INFO] -------------接口请求开始-----------
[2022-11-02 17:34:26,885] logger_util.py->write_log line:61 [INFO] 接口名称：新建设备
[2022-11-02 17:34:26,885] logger_util.py->write_log line:61 [INFO] 接口方式：post
[2022-11-02 17:34:26,885] logger_util.py->write_log line:61 [INFO] 接口路径：http://127.0.0.1:18000/api/v1/variable/device
[2022-11-02 17:34:26,885] logger_util.py->write_log line:61 [INFO] 请求头：{'Content-Type': 'application/json;charset=UTF-8', 'X-Project': 'cb7eb2eb0ea844daa9c8fc02e983bbe4'}
[2022-11-02 17:34:26,886] logger_util.py->write_log line:61 [INFO] 请求参数：{'id': None, 'name': '设备9', 'description': '描述1', 'protocolType': 'Modbus_TCP', 'suppiler': '通用', 'model': '通用', 'parameters': {'ServerName': '127.0.0.1', 'DeviceID': '9', 'Port': '502', 'TimeOut': '1000', 'ByteOrder': '2143', 'StrByteOrder': '2143', 'HeadAddress': '1'}}
[2022-11-02 17:34:26,886] logger_util.py->write_log line:61 [INFO] 文件上传：None
[2022-11-02 17:34:27,014] logger_util.py->write_log line:61 [INFO] 预期结果：[{'equals': {'status_code': 200}}]
[2022-11-02 17:34:27,014] logger_util.py->write_log line:61 [INFO] 实际结果：62d8e116-5d55-4a9f-8feb-1939447e9019
[2022-11-02 17:34:27,014] logger_util.py->write_log line:61 [INFO] 接口请求成功！
[2022-11-02 17:34:27,014] logger_util.py->write_log line:61 [INFO] -------------接口请求结束-----------

[2022-11-02 17:34:27,020] logger_util.py->write_log line:61 [INFO] -------------接口请求开始-----------
[2022-11-02 17:34:27,021] logger_util.py->write_log line:61 [INFO] 接口名称：新建设备
[2022-11-02 17:34:27,021] logger_util.py->write_log line:61 [INFO] 接口方式：post
[2022-11-02 17:34:27,021] logger_util.py->write_log line:61 [INFO] 接口路径：http://127.0.0.1:18000/api/v1/variable/device
[2022-11-02 17:34:27,021] logger_util.py->write_log line:61 [INFO] 请求头：{'Content-Type': 'application/json;charset=UTF-8', 'X-Project': 'cb7eb2eb0ea844daa9c8fc02e983bbe4'}
[2022-11-02 17:34:27,021] logger_util.py->write_log line:61 [INFO] 请求参数：{'id': None, 'name': '设备10', 'description': '描述1', 'protocolType': 'Modbus_TCP', 'suppiler': '通用', 'model': '通用', 'parameters': {'ServerName': '127.0.0.1', 'DeviceID': '10', 'Port': '502', 'TimeOut': '1000', 'ByteOrder': '2143', 'StrByteOrder': '2143', 'HeadAddress': '1'}}
[2022-11-02 17:34:27,021] logger_util.py->write_log line:61 [INFO] 文件上传：None
[2022-11-02 17:34:27,251] logger_util.py->write_log line:61 [INFO] 预期结果：[{'equals': {'status_code': 200}}]
[2022-11-02 17:34:27,251] logger_util.py->write_log line:61 [INFO] 实际结果：e75c5588-9adc-4223-b300-493a056215bf
[2022-11-02 17:34:27,251] logger_util.py->write_log line:61 [INFO] 接口请求成功！
[2022-11-02 17:34:27,251] logger_util.py->write_log line:61 [INFO] -------------接口请求结束-----------

