[2023-02-07 14:53:11,067] logger_util.py->write_log line:61 [INFO] -------------接口请求开始-----------
[2023-02-07 14:53:11,067] logger_util.py->write_log line:61 [INFO] 接口名称：新建设备
[2023-02-07 14:53:11,067] logger_util.py->write_log line:61 [INFO] 接口方式：post
[2023-02-07 14:53:11,067] logger_util.py->write_log line:61 [INFO] 接口路径：http://192.168.4.191:18000/api/v1/variable/device
[2023-02-07 14:53:11,068] logger_util.py->write_log line:61 [INFO] 请求头：{'Content-Type': 'application/json;charset=UTF-8', 'X-Project': 'fdb3a206f007448cbf2a8ea6a35c9af7'}
[2023-02-07 14:53:11,068] logger_util.py->write_log line:61 [INFO] 请求参数：{'id': None, 'name': '设备1', 'description': None, 'protocolType': 'Modbus_TCP', 'suppiler': '通用', 'model': '通用', 'parameters': {'ServerName': '127.0.0.1', 'Port': '502', 'StrByteOrder': '2143', 'ConnectTimeOut': '3', 'ResponseTimeout': '1000', 'EnableIndependentLink': '禁用', 'EnableCollect': '启用', 'EnablePduDiagnosis': '启用', 'DeviceID': '1', 'ByteOrder': '2143', 'HeadAddress': '1'}}
[2023-02-07 14:53:11,068] logger_util.py->write_log line:61 [INFO] 文件上传：None
[2023-02-07 14:53:11,183] logger_util.py->write_log line:61 [INFO] 预期结果：[{'equals': {'status_code': 200}}]
[2023-02-07 14:53:11,183] logger_util.py->write_log line:61 [INFO] 实际结果：3ba4d018-593c-478d-9558-bed7d46944a9
[2023-02-07 14:53:11,183] logger_util.py->write_log line:61 [INFO] 接口请求成功！
[2023-02-07 14:53:11,183] logger_util.py->write_log line:61 [INFO] -------------接口请求结束-----------

[2023-02-07 14:53:11,191] logger_util.py->write_log line:61 [INFO] -------------接口请求开始-----------
[2023-02-07 14:53:11,191] logger_util.py->write_log line:61 [INFO] 接口名称：新建设备
[2023-02-07 14:53:11,191] logger_util.py->write_log line:61 [INFO] 接口方式：post
[2023-02-07 14:53:11,191] logger_util.py->write_log line:61 [INFO] 接口路径：http://192.168.4.191:18000/api/v1/variable/device
[2023-02-07 14:53:11,192] logger_util.py->write_log line:61 [INFO] 请求头：{'Content-Type': 'application/json;charset=UTF-8', 'X-Project': 'fdb3a206f007448cbf2a8ea6a35c9af7'}
[2023-02-07 14:53:11,192] logger_util.py->write_log line:61 [INFO] 请求参数：{'id': None, 'name': '设备2', 'description': None, 'protocolType': 'Modbus_TCP', 'suppiler': '通用', 'model': '通用', 'parameters': {'ServerName': '127.0.0.1', 'Port': '502', 'StrByteOrder': '2143', 'ConnectTimeOut': '3', 'ResponseTimeout': '1000', 'EnableIndependentLink': '禁用', 'EnableCollect': '启用', 'EnablePduDiagnosis': '启用', 'DeviceID': '1', 'ByteOrder': '2143', 'HeadAddress': '1'}}
[2023-02-07 14:53:11,192] logger_util.py->write_log line:61 [INFO] 文件上传：None
[2023-02-07 14:53:11,209] logger_util.py->write_log line:61 [INFO] 预期结果：[{'equals': {'status_code': 200}}]
[2023-02-07 14:53:11,210] logger_util.py->write_log line:61 [INFO] 实际结果：3fef4842-3ce0-445a-8ee4-48e53ca05681
[2023-02-07 14:53:11,210] logger_util.py->write_log line:61 [INFO] 接口请求成功！
[2023-02-07 14:53:11,210] logger_util.py->write_log line:61 [INFO] -------------接口请求结束-----------

[2023-02-07 14:53:11,216] logger_util.py->write_log line:61 [INFO] -------------接口请求开始-----------
[2023-02-07 14:53:11,216] logger_util.py->write_log line:61 [INFO] 接口名称：新建设备
[2023-02-07 14:53:11,216] logger_util.py->write_log line:61 [INFO] 接口方式：post
[2023-02-07 14:53:11,216] logger_util.py->write_log line:61 [INFO] 接口路径：http://192.168.4.191:18000/api/v1/variable/device
[2023-02-07 14:53:11,216] logger_util.py->write_log line:61 [INFO] 请求头：{'Content-Type': 'application/json;charset=UTF-8', 'X-Project': 'fdb3a206f007448cbf2a8ea6a35c9af7'}
[2023-02-07 14:53:11,216] logger_util.py->write_log line:61 [INFO] 请求参数：{'id': None, 'name': '设备3', 'description': None, 'protocolType': 'Modbus_TCP', 'suppiler': '通用', 'model': '通用', 'parameters': {'ServerName': '127.0.0.1', 'Port': '502', 'StrByteOrder': '2143', 'ConnectTimeOut': '3', 'ResponseTimeout': '1000', 'EnableIndependentLink': '禁用', 'EnableCollect': '启用', 'EnablePduDiagnosis': '启用', 'DeviceID': '1', 'ByteOrder': '2143', 'HeadAddress': '1'}}
[2023-02-07 14:53:11,216] logger_util.py->write_log line:61 [INFO] 文件上传：None
[2023-02-07 14:53:11,232] logger_util.py->write_log line:61 [INFO] 预期结果：[{'equals': {'status_code': 200}}]
[2023-02-07 14:53:11,233] logger_util.py->write_log line:61 [INFO] 实际结果：5e7db2dc-83af-4597-a5b7-061e04ebbcf2
[2023-02-07 14:53:11,233] logger_util.py->write_log line:61 [INFO] 接口请求成功！
[2023-02-07 14:53:11,233] logger_util.py->write_log line:61 [INFO] -------------接口请求结束-----------

[2023-02-07 14:53:11,239] logger_util.py->write_log line:61 [INFO] -------------接口请求开始-----------
[2023-02-07 14:53:11,239] logger_util.py->write_log line:61 [INFO] 接口名称：新建设备
[2023-02-07 14:53:11,239] logger_util.py->write_log line:61 [INFO] 接口方式：post
[2023-02-07 14:53:11,239] logger_util.py->write_log line:61 [INFO] 接口路径：http://192.168.4.191:18000/api/v1/variable/device
[2023-02-07 14:53:11,239] logger_util.py->write_log line:61 [INFO] 请求头：{'Content-Type': 'application/json;charset=UTF-8', 'X-Project': 'fdb3a206f007448cbf2a8ea6a35c9af7'}
[2023-02-07 14:53:11,239] logger_util.py->write_log line:61 [INFO] 请求参数：{'id': None, 'name': '设备4', 'description': None, 'protocolType': 'Modbus_TCP', 'suppiler': '通用', 'model': '通用', 'parameters': {'ServerName': '127.0.0.1', 'Port': '502', 'StrByteOrder': '2143', 'ConnectTimeOut': '3', 'ResponseTimeout': '1000', 'EnableIndependentLink': '禁用', 'EnableCollect': '启用', 'EnablePduDiagnosis': '启用', 'DeviceID': '1', 'ByteOrder': '2143', 'HeadAddress': '1'}}
[2023-02-07 14:53:11,239] logger_util.py->write_log line:61 [INFO] 文件上传：None
[2023-02-07 14:53:11,256] logger_util.py->write_log line:61 [INFO] 预期结果：[{'equals': {'status_code': 200}}]
[2023-02-07 14:53:11,256] logger_util.py->write_log line:61 [INFO] 实际结果：433b11c6-e9b0-46d2-ab30-ef820f21a71a
[2023-02-07 14:53:11,256] logger_util.py->write_log line:61 [INFO] 接口请求成功！
[2023-02-07 14:53:11,256] logger_util.py->write_log line:61 [INFO] -------------接口请求结束-----------

[2023-02-07 14:53:11,262] logger_util.py->write_log line:61 [INFO] -------------接口请求开始-----------
[2023-02-07 14:53:11,262] logger_util.py->write_log line:61 [INFO] 接口名称：新建设备
[2023-02-07 14:53:11,262] logger_util.py->write_log line:61 [INFO] 接口方式：post
[2023-02-07 14:53:11,262] logger_util.py->write_log line:61 [INFO] 接口路径：http://192.168.4.191:18000/api/v1/variable/device
[2023-02-07 14:53:11,262] logger_util.py->write_log line:61 [INFO] 请求头：{'Content-Type': 'application/json;charset=UTF-8', 'X-Project': 'fdb3a206f007448cbf2a8ea6a35c9af7'}
[2023-02-07 14:53:11,262] logger_util.py->write_log line:61 [INFO] 请求参数：{'id': None, 'name': '设备5', 'description': None, 'protocolType': 'Modbus_TCP', 'suppiler': '通用', 'model': '通用', 'parameters': {'ServerName': '127.0.0.1', 'Port': '502', 'StrByteOrder': '2143', 'ConnectTimeOut': '3', 'ResponseTimeout': '1000', 'EnableIndependentLink': '禁用', 'EnableCollect': '启用', 'EnablePduDiagnosis': '启用', 'DeviceID': '1', 'ByteOrder': '2143', 'HeadAddress': '1'}}
[2023-02-07 14:53:11,263] logger_util.py->write_log line:61 [INFO] 文件上传：None
[2023-02-07 14:53:11,277] logger_util.py->write_log line:61 [INFO] 预期结果：[{'equals': {'status_code': 200}}]
[2023-02-07 14:53:11,278] logger_util.py->write_log line:61 [INFO] 实际结果：2391afc3-d1e7-4c15-9fa2-6d4126bbf408
[2023-02-07 14:53:11,278] logger_util.py->write_log line:61 [INFO] 接口请求成功！
[2023-02-07 14:53:11,278] logger_util.py->write_log line:61 [INFO] -------------接口请求结束-----------

[2023-02-07 14:53:11,286] logger_util.py->write_log line:61 [INFO] -------------接口请求开始-----------
[2023-02-07 14:53:11,286] logger_util.py->write_log line:61 [INFO] 接口名称：新建设备
[2023-02-07 14:53:11,286] logger_util.py->write_log line:61 [INFO] 接口方式：post
[2023-02-07 14:53:11,286] logger_util.py->write_log line:61 [INFO] 接口路径：http://192.168.4.191:18000/api/v1/variable/device
[2023-02-07 14:53:11,286] logger_util.py->write_log line:61 [INFO] 请求头：{'Content-Type': 'application/json;charset=UTF-8', 'X-Project': 'fdb3a206f007448cbf2a8ea6a35c9af7'}
[2023-02-07 14:53:11,286] logger_util.py->write_log line:61 [INFO] 请求参数：{'id': None, 'name': '设备6', 'description': None, 'protocolType': 'Modbus_TCP', 'suppiler': '通用', 'model': '通用', 'parameters': {'ServerName': '127.0.0.1', 'Port': '502', 'StrByteOrder': '2143', 'ConnectTimeOut': '3', 'ResponseTimeout': '1000', 'EnableIndependentLink': '禁用', 'EnableCollect': '启用', 'EnablePduDiagnosis': '启用', 'DeviceID': '1', 'ByteOrder': '2143', 'HeadAddress': '1'}}
[2023-02-07 14:53:11,286] logger_util.py->write_log line:61 [INFO] 文件上传：None
[2023-02-07 14:53:11,307] logger_util.py->write_log line:61 [INFO] 预期结果：[{'equals': {'status_code': 200}}]
[2023-02-07 14:53:11,307] logger_util.py->write_log line:61 [INFO] 实际结果：b130faa3-6e24-4bb1-834d-bf23d62a9bd8
[2023-02-07 14:53:11,307] logger_util.py->write_log line:61 [INFO] 接口请求成功！
[2023-02-07 14:53:11,307] logger_util.py->write_log line:61 [INFO] -------------接口请求结束-----------

[2023-02-07 14:53:11,313] logger_util.py->write_log line:61 [INFO] -------------接口请求开始-----------
[2023-02-07 14:53:11,313] logger_util.py->write_log line:61 [INFO] 接口名称：新建设备
[2023-02-07 14:53:11,313] logger_util.py->write_log line:61 [INFO] 接口方式：post
[2023-02-07 14:53:11,313] logger_util.py->write_log line:61 [INFO] 接口路径：http://192.168.4.191:18000/api/v1/variable/device
[2023-02-07 14:53:11,313] logger_util.py->write_log line:61 [INFO] 请求头：{'Content-Type': 'application/json;charset=UTF-8', 'X-Project': 'fdb3a206f007448cbf2a8ea6a35c9af7'}
[2023-02-07 14:53:11,314] logger_util.py->write_log line:61 [INFO] 请求参数：{'id': None, 'name': '设备7', 'description': None, 'protocolType': 'Modbus_TCP', 'suppiler': '通用', 'model': '通用', 'parameters': {'ServerName': '127.0.0.1', 'Port': '502', 'StrByteOrder': '2143', 'ConnectTimeOut': '3', 'ResponseTimeout': '1000', 'EnableIndependentLink': '禁用', 'EnableCollect': '启用', 'EnablePduDiagnosis': '启用', 'DeviceID': '1', 'ByteOrder': '2143', 'HeadAddress': '1'}}
[2023-02-07 14:53:11,314] logger_util.py->write_log line:61 [INFO] 文件上传：None
[2023-02-07 14:53:11,339] logger_util.py->write_log line:61 [INFO] 预期结果：[{'equals': {'status_code': 200}}]
[2023-02-07 14:53:11,339] logger_util.py->write_log line:61 [INFO] 实际结果：f27fbbab-22f9-442a-8a99-e7ddd18252ba
[2023-02-07 14:53:11,339] logger_util.py->write_log line:61 [INFO] 接口请求成功！
[2023-02-07 14:53:11,339] logger_util.py->write_log line:61 [INFO] -------------接口请求结束-----------

[2023-02-07 14:53:11,345] logger_util.py->write_log line:61 [INFO] -------------接口请求开始-----------
[2023-02-07 14:53:11,345] logger_util.py->write_log line:61 [INFO] 接口名称：新建设备
[2023-02-07 14:53:11,345] logger_util.py->write_log line:61 [INFO] 接口方式：post
[2023-02-07 14:53:11,345] logger_util.py->write_log line:61 [INFO] 接口路径：http://192.168.4.191:18000/api/v1/variable/device
[2023-02-07 14:53:11,345] logger_util.py->write_log line:61 [INFO] 请求头：{'Content-Type': 'application/json;charset=UTF-8', 'X-Project': 'fdb3a206f007448cbf2a8ea6a35c9af7'}
[2023-02-07 14:53:11,345] logger_util.py->write_log line:61 [INFO] 请求参数：{'id': None, 'name': '设备8', 'description': None, 'protocolType': 'Modbus_TCP', 'suppiler': '通用', 'model': '通用', 'parameters': {'ServerName': '127.0.0.1', 'Port': '502', 'StrByteOrder': '2143', 'ConnectTimeOut': '3', 'ResponseTimeout': '1000', 'EnableIndependentLink': '禁用', 'EnableCollect': '启用', 'EnablePduDiagnosis': '启用', 'DeviceID': '1', 'ByteOrder': '2143', 'HeadAddress': '1'}}
[2023-02-07 14:53:11,346] logger_util.py->write_log line:61 [INFO] 文件上传：None
[2023-02-07 14:53:11,369] logger_util.py->write_log line:61 [INFO] 预期结果：[{'equals': {'status_code': 200}}]
[2023-02-07 14:53:11,370] logger_util.py->write_log line:61 [INFO] 实际结果：0d83059c-67ed-43db-936c-b7af267a35ce
[2023-02-07 14:53:11,370] logger_util.py->write_log line:61 [INFO] 接口请求成功！
[2023-02-07 14:53:11,370] logger_util.py->write_log line:61 [INFO] -------------接口请求结束-----------

[2023-02-07 14:53:11,392] logger_util.py->write_log line:61 [INFO] -------------接口请求开始-----------
[2023-02-07 14:53:11,393] logger_util.py->write_log line:61 [INFO] 接口名称：新建设备
[2023-02-07 14:53:11,393] logger_util.py->write_log line:61 [INFO] 接口方式：post
[2023-02-07 14:53:11,393] logger_util.py->write_log line:61 [INFO] 接口路径：http://192.168.4.191:18000/api/v1/variable/device
[2023-02-07 14:53:11,393] logger_util.py->write_log line:61 [INFO] 请求头：{'Content-Type': 'application/json;charset=UTF-8', 'X-Project': 'fdb3a206f007448cbf2a8ea6a35c9af7'}
[2023-02-07 14:53:11,393] logger_util.py->write_log line:61 [INFO] 请求参数：{'id': None, 'name': '设备9', 'description': None, 'protocolType': 'Modbus_TCP', 'suppiler': '通用', 'model': '通用', 'parameters': {'ServerName': '127.0.0.1', 'Port': '502', 'StrByteOrder': '2143', 'ConnectTimeOut': '3', 'ResponseTimeout': '1000', 'EnableIndependentLink': '禁用', 'EnableCollect': '启用', 'EnablePduDiagnosis': '启用', 'DeviceID': '1', 'ByteOrder': '2143', 'HeadAddress': '1'}}
[2023-02-07 14:53:11,394] logger_util.py->write_log line:61 [INFO] 文件上传：None
[2023-02-07 14:53:11,417] logger_util.py->write_log line:61 [INFO] 预期结果：[{'equals': {'status_code': 200}}]
[2023-02-07 14:53:11,417] logger_util.py->write_log line:61 [INFO] 实际结果：8cc8695a-3940-43d1-9524-20ab1f261cce
[2023-02-07 14:53:11,418] logger_util.py->write_log line:61 [INFO] 接口请求成功！
[2023-02-07 14:53:11,418] logger_util.py->write_log line:61 [INFO] -------------接口请求结束-----------

[2023-02-07 14:53:11,455] logger_util.py->write_log line:61 [INFO] -------------接口请求开始-----------
[2023-02-07 14:53:11,455] logger_util.py->write_log line:61 [INFO] 接口名称：新建设备
[2023-02-07 14:53:11,455] logger_util.py->write_log line:61 [INFO] 接口方式：post
[2023-02-07 14:53:11,455] logger_util.py->write_log line:61 [INFO] 接口路径：http://192.168.4.191:18000/api/v1/variable/device
[2023-02-07 14:53:11,456] logger_util.py->write_log line:61 [INFO] 请求头：{'Content-Type': 'application/json;charset=UTF-8', 'X-Project': 'fdb3a206f007448cbf2a8ea6a35c9af7'}
[2023-02-07 14:53:11,456] logger_util.py->write_log line:61 [INFO] 请求参数：{'id': None, 'name': '设备10', 'description': None, 'protocolType': 'Modbus_TCP', 'suppiler': '通用', 'model': '通用', 'parameters': {'ServerName': '127.0.0.1', 'Port': '502', 'StrByteOrder': '2143', 'ConnectTimeOut': '3', 'ResponseTimeout': '1000', 'EnableIndependentLink': '禁用', 'EnableCollect': '启用', 'EnablePduDiagnosis': '启用', 'DeviceID': '1', 'ByteOrder': '2143', 'HeadAddress': '1'}}
[2023-02-07 14:53:11,456] logger_util.py->write_log line:61 [INFO] 文件上传：None
[2023-02-07 14:53:11,476] logger_util.py->write_log line:61 [INFO] 预期结果：[{'equals': {'status_code': 200}}]
[2023-02-07 14:53:11,477] logger_util.py->write_log line:61 [INFO] 实际结果：ade7fe89-8f8b-4fea-b9f2-934e58c89bcf
[2023-02-07 14:53:11,477] logger_util.py->write_log line:61 [INFO] 接口请求成功！
[2023-02-07 14:53:11,477] logger_util.py->write_log line:61 [INFO] -------------接口请求结束-----------

[2023-02-07 14:53:11,526] logger_util.py->write_log line:61 [INFO] -------------接口请求开始-----------
[2023-02-07 14:53:11,526] logger_util.py->write_log line:61 [INFO] 接口名称：新建设备组
[2023-02-07 14:53:11,526] logger_util.py->write_log line:61 [INFO] 接口方式：post
[2023-02-07 14:53:11,526] logger_util.py->write_log line:61 [INFO] 接口路径：http://192.168.4.191:18000/api/v1/variable/device/3ba4d018-593c-478d-9558-bed7d46944a9/group
[2023-02-07 14:53:11,527] logger_util.py->write_log line:61 [INFO] 请求头：{'Content-Type': 'application/json; =UTF-8', 'X-Project': 'fdb3a206f007448cbf2a8ea6a35c9af7'}
[2023-02-07 14:53:11,527] logger_util.py->write_log line:61 [INFO] 请求参数：{'name': '变量组1'}
[2023-02-07 14:53:11,527] logger_util.py->write_log line:61 [INFO] 文件上传：None
[2023-02-07 14:53:11,554] logger_util.py->write_log line:61 [INFO] 预期结果：[{'equals': {'status_code': 200}}]
[2023-02-07 14:53:11,554] logger_util.py->write_log line:61 [INFO] 实际结果：a27dc5be-7334-48d1-a2a4-c2b12b83f3a0
[2023-02-07 14:53:11,554] logger_util.py->write_log line:61 [INFO] 接口请求成功！
[2023-02-07 14:53:11,554] logger_util.py->write_log line:61 [INFO] -------------接口请求结束-----------

[2023-02-07 14:53:11,561] logger_util.py->write_log line:61 [INFO] -------------接口请求开始-----------
[2023-02-07 14:53:11,561] logger_util.py->write_log line:61 [INFO] 接口名称：新建设备组
[2023-02-07 14:53:11,561] logger_util.py->write_log line:61 [INFO] 接口方式：post
[2023-02-07 14:53:11,561] logger_util.py->write_log line:61 [INFO] 接口路径：http://192.168.4.191:18000/api/v1/variable/device/3ba4d018-593c-478d-9558-bed7d46944a9/group
[2023-02-07 14:53:11,561] logger_util.py->write_log line:61 [INFO] 请求头：{'Content-Type': 'application/json; =UTF-8', 'X-Project': 'fdb3a206f007448cbf2a8ea6a35c9af7'}
[2023-02-07 14:53:11,561] logger_util.py->write_log line:61 [INFO] 请求参数：{'name': '变量组2'}
[2023-02-07 14:53:11,561] logger_util.py->write_log line:61 [INFO] 文件上传：None
[2023-02-07 14:53:11,576] logger_util.py->write_log line:61 [INFO] 预期结果：[{'equals': {'status_code': 200}}]
[2023-02-07 14:53:11,576] logger_util.py->write_log line:61 [INFO] 实际结果：9c43a582-fcee-448c-8225-6a09685186ac
[2023-02-07 14:53:11,576] logger_util.py->write_log line:61 [INFO] 接口请求成功！
[2023-02-07 14:53:11,576] logger_util.py->write_log line:61 [INFO] -------------接口请求结束-----------

[2023-02-07 14:53:11,584] logger_util.py->write_log line:61 [INFO] -------------接口请求开始-----------
[2023-02-07 14:53:11,584] logger_util.py->write_log line:61 [INFO] 接口名称：新建设备组
[2023-02-07 14:53:11,584] logger_util.py->write_log line:61 [INFO] 接口方式：post
[2023-02-07 14:53:11,584] logger_util.py->write_log line:61 [INFO] 接口路径：http://192.168.4.191:18000/api/v1/variable/device/3ba4d018-593c-478d-9558-bed7d46944a9/group
[2023-02-07 14:53:11,584] logger_util.py->write_log line:61 [INFO] 请求头：{'Content-Type': 'application/json; =UTF-8', 'X-Project': 'fdb3a206f007448cbf2a8ea6a35c9af7'}
[2023-02-07 14:53:11,584] logger_util.py->write_log line:61 [INFO] 请求参数：{'name': '变量组3'}
[2023-02-07 14:53:11,584] logger_util.py->write_log line:61 [INFO] 文件上传：None
[2023-02-07 14:53:11,599] logger_util.py->write_log line:61 [INFO] 预期结果：[{'equals': {'status_code': 200}}]
[2023-02-07 14:53:11,599] logger_util.py->write_log line:61 [INFO] 实际结果：3b4c9184-c4ed-4fe5-bcb3-14e7077a9a30
[2023-02-07 14:53:11,599] logger_util.py->write_log line:61 [INFO] 接口请求成功！
[2023-02-07 14:53:11,599] logger_util.py->write_log line:61 [INFO] -------------接口请求结束-----------

[2023-02-07 14:53:11,606] logger_util.py->write_log line:61 [INFO] -------------接口请求开始-----------
[2023-02-07 14:53:11,606] logger_util.py->write_log line:61 [INFO] 接口名称：新建设备组
[2023-02-07 14:53:11,606] logger_util.py->write_log line:61 [INFO] 接口方式：post
[2023-02-07 14:53:11,606] logger_util.py->write_log line:61 [INFO] 接口路径：http://192.168.4.191:18000/api/v1/variable/device/3ba4d018-593c-478d-9558-bed7d46944a9/group
[2023-02-07 14:53:11,606] logger_util.py->write_log line:61 [INFO] 请求头：{'Content-Type': 'application/json; =UTF-8', 'X-Project': 'fdb3a206f007448cbf2a8ea6a35c9af7'}
[2023-02-07 14:53:11,606] logger_util.py->write_log line:61 [INFO] 请求参数：{'name': '变量组4'}
[2023-02-07 14:53:11,606] logger_util.py->write_log line:61 [INFO] 文件上传：None
[2023-02-07 14:53:11,624] logger_util.py->write_log line:61 [INFO] 预期结果：[{'equals': {'status_code': 200}}]
[2023-02-07 14:53:11,624] logger_util.py->write_log line:61 [INFO] 实际结果：3c8d53d6-4017-48c0-9794-a08a5b7acd6d
[2023-02-07 14:53:11,625] logger_util.py->write_log line:61 [INFO] 接口请求成功！
[2023-02-07 14:53:11,625] logger_util.py->write_log line:61 [INFO] -------------接口请求结束-----------

[2023-02-07 14:53:11,632] logger_util.py->write_log line:61 [INFO] -------------接口请求开始-----------
[2023-02-07 14:53:11,633] logger_util.py->write_log line:61 [INFO] 接口名称：新建设备组
[2023-02-07 14:53:11,633] logger_util.py->write_log line:61 [INFO] 接口方式：post
[2023-02-07 14:53:11,633] logger_util.py->write_log line:61 [INFO] 接口路径：http://192.168.4.191:18000/api/v1/variable/device/3ba4d018-593c-478d-9558-bed7d46944a9/group
[2023-02-07 14:53:11,633] logger_util.py->write_log line:61 [INFO] 请求头：{'Content-Type': 'application/json; =UTF-8', 'X-Project': 'fdb3a206f007448cbf2a8ea6a35c9af7'}
[2023-02-07 14:53:11,633] logger_util.py->write_log line:61 [INFO] 请求参数：{'name': '变量组5'}
[2023-02-07 14:53:11,633] logger_util.py->write_log line:61 [INFO] 文件上传：None
[2023-02-07 14:53:11,655] logger_util.py->write_log line:61 [INFO] 预期结果：[{'equals': {'status_code': 200}}]
[2023-02-07 14:53:11,655] logger_util.py->write_log line:61 [INFO] 实际结果：cdbbedf6-5154-4fd1-ab80-141f676ee997
[2023-02-07 14:53:11,655] logger_util.py->write_log line:61 [INFO] 接口请求成功！
[2023-02-07 14:53:11,655] logger_util.py->write_log line:61 [INFO] -------------接口请求结束-----------

[2023-02-07 14:53:11,663] logger_util.py->write_log line:61 [INFO] -------------接口请求开始-----------
[2023-02-07 14:53:11,663] logger_util.py->write_log line:61 [INFO] 接口名称：新建设备组
[2023-02-07 14:53:11,663] logger_util.py->write_log line:61 [INFO] 接口方式：post
[2023-02-07 14:53:11,663] logger_util.py->write_log line:61 [INFO] 接口路径：http://192.168.4.191:18000/api/v1/variable/device/3fef4842-3ce0-445a-8ee4-48e53ca05681/group
[2023-02-07 14:53:11,663] logger_util.py->write_log line:61 [INFO] 请求头：{'Content-Type': 'application/json; =UTF-8', 'X-Project': 'fdb3a206f007448cbf2a8ea6a35c9af7'}
[2023-02-07 14:53:11,663] logger_util.py->write_log line:61 [INFO] 请求参数：{'name': '变量组1'}
[2023-02-07 14:53:11,663] logger_util.py->write_log line:61 [INFO] 文件上传：None
[2023-02-07 14:53:11,685] logger_util.py->write_log line:61 [INFO] 预期结果：[{'equals': {'status_code': 200}}]
[2023-02-07 14:53:11,685] logger_util.py->write_log line:61 [INFO] 实际结果：beac1cac-66d2-4e7a-b29a-7e224400d728
[2023-02-07 14:53:11,686] logger_util.py->write_log line:61 [INFO] 接口请求成功！
[2023-02-07 14:53:11,686] logger_util.py->write_log line:61 [INFO] -------------接口请求结束-----------

[2023-02-07 14:53:11,693] logger_util.py->write_log line:61 [INFO] -------------接口请求开始-----------
[2023-02-07 14:53:11,693] logger_util.py->write_log line:61 [INFO] 接口名称：新建设备组
[2023-02-07 14:53:11,693] logger_util.py->write_log line:61 [INFO] 接口方式：post
[2023-02-07 14:53:11,694] logger_util.py->write_log line:61 [INFO] 接口路径：http://192.168.4.191:18000/api/v1/variable/device/3fef4842-3ce0-445a-8ee4-48e53ca05681/group
[2023-02-07 14:53:11,694] logger_util.py->write_log line:61 [INFO] 请求头：{'Content-Type': 'application/json; =UTF-8', 'X-Project': 'fdb3a206f007448cbf2a8ea6a35c9af7'}
[2023-02-07 14:53:11,694] logger_util.py->write_log line:61 [INFO] 请求参数：{'name': '变量组2'}
[2023-02-07 14:53:11,694] logger_util.py->write_log line:61 [INFO] 文件上传：None
[2023-02-07 14:53:11,716] logger_util.py->write_log line:61 [INFO] 预期结果：[{'equals': {'status_code': 200}}]
[2023-02-07 14:53:11,716] logger_util.py->write_log line:61 [INFO] 实际结果：16c43fcd-a13b-4b5b-92b7-d8a736274280
[2023-02-07 14:53:11,716] logger_util.py->write_log line:61 [INFO] 接口请求成功！
[2023-02-07 14:53:11,716] logger_util.py->write_log line:61 [INFO] -------------接口请求结束-----------

[2023-02-07 14:53:11,724] logger_util.py->write_log line:61 [INFO] -------------接口请求开始-----------
[2023-02-07 14:53:11,724] logger_util.py->write_log line:61 [INFO] 接口名称：新建设备组
[2023-02-07 14:53:11,724] logger_util.py->write_log line:61 [INFO] 接口方式：post
[2023-02-07 14:53:11,724] logger_util.py->write_log line:61 [INFO] 接口路径：http://192.168.4.191:18000/api/v1/variable/device/3fef4842-3ce0-445a-8ee4-48e53ca05681/group
[2023-02-07 14:53:11,724] logger_util.py->write_log line:61 [INFO] 请求头：{'Content-Type': 'application/json; =UTF-8', 'X-Project': 'fdb3a206f007448cbf2a8ea6a35c9af7'}
[2023-02-07 14:53:11,724] logger_util.py->write_log line:61 [INFO] 请求参数：{'name': '变量组3'}
[2023-02-07 14:53:11,724] logger_util.py->write_log line:61 [INFO] 文件上传：None
[2023-02-07 14:53:11,746] logger_util.py->write_log line:61 [INFO] 预期结果：[{'equals': {'status_code': 200}}]
[2023-02-07 14:53:11,746] logger_util.py->write_log line:61 [INFO] 实际结果：7e13a0e9-6b86-4226-9c08-2d42c7276b0a
[2023-02-07 14:53:11,746] logger_util.py->write_log line:61 [INFO] 接口请求成功！
[2023-02-07 14:53:11,746] logger_util.py->write_log line:61 [INFO] -------------接口请求结束-----------

[2023-02-07 14:53:11,755] logger_util.py->write_log line:61 [INFO] -------------接口请求开始-----------
[2023-02-07 14:53:11,755] logger_util.py->write_log line:61 [INFO] 接口名称：新建设备组
[2023-02-07 14:53:11,755] logger_util.py->write_log line:61 [INFO] 接口方式：post
[2023-02-07 14:53:11,756] logger_util.py->write_log line:61 [INFO] 接口路径：http://192.168.4.191:18000/api/v1/variable/device/3fef4842-3ce0-445a-8ee4-48e53ca05681/group
[2023-02-07 14:53:11,756] logger_util.py->write_log line:61 [INFO] 请求头：{'Content-Type': 'application/json; =UTF-8', 'X-Project': 'fdb3a206f007448cbf2a8ea6a35c9af7'}
[2023-02-07 14:53:11,756] logger_util.py->write_log line:61 [INFO] 请求参数：{'name': '变量组4'}
[2023-02-07 14:53:11,756] logger_util.py->write_log line:61 [INFO] 文件上传：None
[2023-02-07 14:53:11,775] logger_util.py->write_log line:61 [INFO] 预期结果：[{'equals': {'status_code': 200}}]
[2023-02-07 14:53:11,776] logger_util.py->write_log line:61 [INFO] 实际结果：b0f03c46-ecd6-4382-aa3c-e1580ec76563
[2023-02-07 14:53:11,776] logger_util.py->write_log line:61 [INFO] 接口请求成功！
[2023-02-07 14:53:11,776] logger_util.py->write_log line:61 [INFO] -------------接口请求结束-----------

[2023-02-07 14:53:11,784] logger_util.py->write_log line:61 [INFO] -------------接口请求开始-----------
[2023-02-07 14:53:11,784] logger_util.py->write_log line:61 [INFO] 接口名称：新建设备组
[2023-02-07 14:53:11,784] logger_util.py->write_log line:61 [INFO] 接口方式：post
[2023-02-07 14:53:11,784] logger_util.py->write_log line:61 [INFO] 接口路径：http://192.168.4.191:18000/api/v1/variable/device/3fef4842-3ce0-445a-8ee4-48e53ca05681/group
[2023-02-07 14:53:11,784] logger_util.py->write_log line:61 [INFO] 请求头：{'Content-Type': 'application/json; =UTF-8', 'X-Project': 'fdb3a206f007448cbf2a8ea6a35c9af7'}
[2023-02-07 14:53:11,784] logger_util.py->write_log line:61 [INFO] 请求参数：{'name': '变量组5'}
[2023-02-07 14:53:11,784] logger_util.py->write_log line:61 [INFO] 文件上传：None
[2023-02-07 14:53:11,798] logger_util.py->write_log line:61 [INFO] 预期结果：[{'equals': {'status_code': 200}}]
[2023-02-07 14:53:11,798] logger_util.py->write_log line:61 [INFO] 实际结果：7391290c-1cc1-4918-ba5d-83ba77de97dc
[2023-02-07 14:53:11,798] logger_util.py->write_log line:61 [INFO] 接口请求成功！
[2023-02-07 14:53:11,798] logger_util.py->write_log line:61 [INFO] -------------接口请求结束-----------

[2023-02-07 14:53:11,806] logger_util.py->write_log line:61 [INFO] -------------接口请求开始-----------
[2023-02-07 14:53:11,806] logger_util.py->write_log line:61 [INFO] 接口名称：新建设备组
[2023-02-07 14:53:11,806] logger_util.py->write_log line:61 [INFO] 接口方式：post
[2023-02-07 14:53:11,806] logger_util.py->write_log line:61 [INFO] 接口路径：http://192.168.4.191:18000/api/v1/variable/device/5e7db2dc-83af-4597-a5b7-061e04ebbcf2/group
[2023-02-07 14:53:11,807] logger_util.py->write_log line:61 [INFO] 请求头：{'Content-Type': 'application/json; =UTF-8', 'X-Project': 'fdb3a206f007448cbf2a8ea6a35c9af7'}
[2023-02-07 14:53:11,807] logger_util.py->write_log line:61 [INFO] 请求参数：{'name': '变量组1'}
[2023-02-07 14:53:11,807] logger_util.py->write_log line:61 [INFO] 文件上传：None
[2023-02-07 14:53:11,826] logger_util.py->write_log line:61 [INFO] 预期结果：[{'equals': {'status_code': 200}}]
[2023-02-07 14:53:11,827] logger_util.py->write_log line:61 [INFO] 实际结果：55fe8012-93fb-4090-b0f0-27c92b5386c2
[2023-02-07 14:53:11,827] logger_util.py->write_log line:61 [INFO] 接口请求成功！
[2023-02-07 14:53:11,828] logger_util.py->write_log line:61 [INFO] -------------接口请求结束-----------

[2023-02-07 14:53:11,852] logger_util.py->write_log line:61 [INFO] -------------接口请求开始-----------
[2023-02-07 14:53:11,852] logger_util.py->write_log line:61 [INFO] 接口名称：新建设备组
[2023-02-07 14:53:11,852] logger_util.py->write_log line:61 [INFO] 接口方式：post
[2023-02-07 14:53:11,852] logger_util.py->write_log line:61 [INFO] 接口路径：http://192.168.4.191:18000/api/v1/variable/device/5e7db2dc-83af-4597-a5b7-061e04ebbcf2/group
[2023-02-07 14:53:11,852] logger_util.py->write_log line:61 [INFO] 请求头：{'Content-Type': 'application/json; =UTF-8', 'X-Project': 'fdb3a206f007448cbf2a8ea6a35c9af7'}
[2023-02-07 14:53:11,852] logger_util.py->write_log line:61 [INFO] 请求参数：{'name': '变量组2'}
[2023-02-07 14:53:11,852] logger_util.py->write_log line:61 [INFO] 文件上传：None
[2023-02-07 14:53:11,868] logger_util.py->write_log line:61 [INFO] 预期结果：[{'equals': {'status_code': 200}}]
[2023-02-07 14:53:11,868] logger_util.py->write_log line:61 [INFO] 实际结果：9d7bce5f-ce72-4e93-b893-dcb5851788dd
[2023-02-07 14:53:11,868] logger_util.py->write_log line:61 [INFO] 接口请求成功！
[2023-02-07 14:53:11,868] logger_util.py->write_log line:61 [INFO] -------------接口请求结束-----------

[2023-02-07 14:53:11,876] logger_util.py->write_log line:61 [INFO] -------------接口请求开始-----------
[2023-02-07 14:53:11,876] logger_util.py->write_log line:61 [INFO] 接口名称：新建设备组
[2023-02-07 14:53:11,876] logger_util.py->write_log line:61 [INFO] 接口方式：post
[2023-02-07 14:53:11,877] logger_util.py->write_log line:61 [INFO] 接口路径：http://192.168.4.191:18000/api/v1/variable/device/5e7db2dc-83af-4597-a5b7-061e04ebbcf2/group
[2023-02-07 14:53:11,877] logger_util.py->write_log line:61 [INFO] 请求头：{'Content-Type': 'application/json; =UTF-8', 'X-Project': 'fdb3a206f007448cbf2a8ea6a35c9af7'}
[2023-02-07 14:53:11,877] logger_util.py->write_log line:61 [INFO] 请求参数：{'name': '变量组3'}
[2023-02-07 14:53:11,877] logger_util.py->write_log line:61 [INFO] 文件上传：None
[2023-02-07 14:53:11,897] logger_util.py->write_log line:61 [INFO] 预期结果：[{'equals': {'status_code': 200}}]
[2023-02-07 14:53:11,897] logger_util.py->write_log line:61 [INFO] 实际结果：2fc24582-1470-464c-82af-9f34067a3bbb
[2023-02-07 14:53:11,897] logger_util.py->write_log line:61 [INFO] 接口请求成功！
[2023-02-07 14:53:11,898] logger_util.py->write_log line:61 [INFO] -------------接口请求结束-----------

[2023-02-07 14:53:11,915] logger_util.py->write_log line:61 [INFO] -------------接口请求开始-----------
[2023-02-07 14:53:11,915] logger_util.py->write_log line:61 [INFO] 接口名称：新建设备组
[2023-02-07 14:53:11,915] logger_util.py->write_log line:61 [INFO] 接口方式：post
[2023-02-07 14:53:11,916] logger_util.py->write_log line:61 [INFO] 接口路径：http://192.168.4.191:18000/api/v1/variable/device/5e7db2dc-83af-4597-a5b7-061e04ebbcf2/group
[2023-02-07 14:53:11,916] logger_util.py->write_log line:61 [INFO] 请求头：{'Content-Type': 'application/json; =UTF-8', 'X-Project': 'fdb3a206f007448cbf2a8ea6a35c9af7'}
[2023-02-07 14:53:11,916] logger_util.py->write_log line:61 [INFO] 请求参数：{'name': '变量组4'}
[2023-02-07 14:53:11,916] logger_util.py->write_log line:61 [INFO] 文件上传：None
[2023-02-07 14:53:11,937] logger_util.py->write_log line:61 [INFO] 预期结果：[{'equals': {'status_code': 200}}]
[2023-02-07 14:53:11,937] logger_util.py->write_log line:61 [INFO] 实际结果：3e8f5123-86af-4196-b00f-0f3d6e2a49d8
[2023-02-07 14:53:11,937] logger_util.py->write_log line:61 [INFO] 接口请求成功！
[2023-02-07 14:53:11,937] logger_util.py->write_log line:61 [INFO] -------------接口请求结束-----------

[2023-02-07 14:53:11,945] logger_util.py->write_log line:61 [INFO] -------------接口请求开始-----------
[2023-02-07 14:53:11,945] logger_util.py->write_log line:61 [INFO] 接口名称：新建设备组
[2023-02-07 14:53:11,945] logger_util.py->write_log line:61 [INFO] 接口方式：post
[2023-02-07 14:53:11,945] logger_util.py->write_log line:61 [INFO] 接口路径：http://192.168.4.191:18000/api/v1/variable/device/5e7db2dc-83af-4597-a5b7-061e04ebbcf2/group
[2023-02-07 14:53:11,945] logger_util.py->write_log line:61 [INFO] 请求头：{'Content-Type': 'application/json; =UTF-8', 'X-Project': 'fdb3a206f007448cbf2a8ea6a35c9af7'}
[2023-02-07 14:53:11,945] logger_util.py->write_log line:61 [INFO] 请求参数：{'name': '变量组5'}
[2023-02-07 14:53:11,945] logger_util.py->write_log line:61 [INFO] 文件上传：None
[2023-02-07 14:53:11,967] logger_util.py->write_log line:61 [INFO] 预期结果：[{'equals': {'status_code': 200}}]
[2023-02-07 14:53:11,967] logger_util.py->write_log line:61 [INFO] 实际结果：2a9773b0-a6d3-4ace-b6d2-c0f108c4283f
[2023-02-07 14:53:11,967] logger_util.py->write_log line:61 [INFO] 接口请求成功！
[2023-02-07 14:53:11,967] logger_util.py->write_log line:61 [INFO] -------------接口请求结束-----------

[2023-02-07 14:53:11,976] logger_util.py->write_log line:61 [INFO] -------------接口请求开始-----------
[2023-02-07 14:53:11,976] logger_util.py->write_log line:61 [INFO] 接口名称：新建设备组
[2023-02-07 14:53:11,976] logger_util.py->write_log line:61 [INFO] 接口方式：post
[2023-02-07 14:53:11,976] logger_util.py->write_log line:61 [INFO] 接口路径：http://192.168.4.191:18000/api/v1/variable/device/433b11c6-e9b0-46d2-ab30-ef820f21a71a/group
[2023-02-07 14:53:11,976] logger_util.py->write_log line:61 [INFO] 请求头：{'Content-Type': 'application/json; =UTF-8', 'X-Project': 'fdb3a206f007448cbf2a8ea6a35c9af7'}
[2023-02-07 14:53:11,976] logger_util.py->write_log line:61 [INFO] 请求参数：{'name': '变量组1'}
[2023-02-07 14:53:11,976] logger_util.py->write_log line:61 [INFO] 文件上传：None
[2023-02-07 14:53:12,000] logger_util.py->write_log line:61 [INFO] 预期结果：[{'equals': {'status_code': 200}}]
[2023-02-07 14:53:12,000] logger_util.py->write_log line:61 [INFO] 实际结果：05ace856-dcc9-4a53-a061-0020c300cdc7
[2023-02-07 14:53:12,000] logger_util.py->write_log line:61 [INFO] 接口请求成功！
[2023-02-07 14:53:12,000] logger_util.py->write_log line:61 [INFO] -------------接口请求结束-----------

[2023-02-07 14:53:12,008] logger_util.py->write_log line:61 [INFO] -------------接口请求开始-----------
[2023-02-07 14:53:12,008] logger_util.py->write_log line:61 [INFO] 接口名称：新建设备组
[2023-02-07 14:53:12,008] logger_util.py->write_log line:61 [INFO] 接口方式：post
[2023-02-07 14:53:12,008] logger_util.py->write_log line:61 [INFO] 接口路径：http://192.168.4.191:18000/api/v1/variable/device/433b11c6-e9b0-46d2-ab30-ef820f21a71a/group
[2023-02-07 14:53:12,008] logger_util.py->write_log line:61 [INFO] 请求头：{'Content-Type': 'application/json; =UTF-8', 'X-Project': 'fdb3a206f007448cbf2a8ea6a35c9af7'}
[2023-02-07 14:53:12,008] logger_util.py->write_log line:61 [INFO] 请求参数：{'name': '变量组2'}
[2023-02-07 14:53:12,009] logger_util.py->write_log line:61 [INFO] 文件上传：None
[2023-02-07 14:53:12,031] logger_util.py->write_log line:61 [INFO] 预期结果：[{'equals': {'status_code': 200}}]
[2023-02-07 14:53:12,031] logger_util.py->write_log line:61 [INFO] 实际结果：656020f0-a525-4ebd-87b4-90c1de073f7f
[2023-02-07 14:53:12,031] logger_util.py->write_log line:61 [INFO] 接口请求成功！
[2023-02-07 14:53:12,031] logger_util.py->write_log line:61 [INFO] -------------接口请求结束-----------

[2023-02-07 14:53:12,039] logger_util.py->write_log line:61 [INFO] -------------接口请求开始-----------
[2023-02-07 14:53:12,040] logger_util.py->write_log line:61 [INFO] 接口名称：新建设备组
[2023-02-07 14:53:12,040] logger_util.py->write_log line:61 [INFO] 接口方式：post
[2023-02-07 14:53:12,040] logger_util.py->write_log line:61 [INFO] 接口路径：http://192.168.4.191:18000/api/v1/variable/device/433b11c6-e9b0-46d2-ab30-ef820f21a71a/group
[2023-02-07 14:53:12,040] logger_util.py->write_log line:61 [INFO] 请求头：{'Content-Type': 'application/json; =UTF-8', 'X-Project': 'fdb3a206f007448cbf2a8ea6a35c9af7'}
[2023-02-07 14:53:12,040] logger_util.py->write_log line:61 [INFO] 请求参数：{'name': '变量组3'}
[2023-02-07 14:53:12,040] logger_util.py->write_log line:61 [INFO] 文件上传：None
[2023-02-07 14:53:12,057] logger_util.py->write_log line:61 [INFO] 预期结果：[{'equals': {'status_code': 200}}]
[2023-02-07 14:53:12,057] logger_util.py->write_log line:61 [INFO] 实际结果：644d244e-00ce-414d-9ae0-8798baf323ba
[2023-02-07 14:53:12,057] logger_util.py->write_log line:61 [INFO] 接口请求成功！
[2023-02-07 14:53:12,057] logger_util.py->write_log line:61 [INFO] -------------接口请求结束-----------

[2023-02-07 14:53:12,066] logger_util.py->write_log line:61 [INFO] -------------接口请求开始-----------
[2023-02-07 14:53:12,066] logger_util.py->write_log line:61 [INFO] 接口名称：新建设备组
[2023-02-07 14:53:12,066] logger_util.py->write_log line:61 [INFO] 接口方式：post
[2023-02-07 14:53:12,066] logger_util.py->write_log line:61 [INFO] 接口路径：http://192.168.4.191:18000/api/v1/variable/device/433b11c6-e9b0-46d2-ab30-ef820f21a71a/group
[2023-02-07 14:53:12,066] logger_util.py->write_log line:61 [INFO] 请求头：{'Content-Type': 'application/json; =UTF-8', 'X-Project': 'fdb3a206f007448cbf2a8ea6a35c9af7'}
[2023-02-07 14:53:12,066] logger_util.py->write_log line:61 [INFO] 请求参数：{'name': '变量组4'}
[2023-02-07 14:53:12,066] logger_util.py->write_log line:61 [INFO] 文件上传：None
[2023-02-07 14:53:12,082] logger_util.py->write_log line:61 [INFO] 预期结果：[{'equals': {'status_code': 200}}]
[2023-02-07 14:53:12,082] logger_util.py->write_log line:61 [INFO] 实际结果：f8803edc-6ba1-4007-89f0-604d407a2983
[2023-02-07 14:53:12,082] logger_util.py->write_log line:61 [INFO] 接口请求成功！
[2023-02-07 14:53:12,082] logger_util.py->write_log line:61 [INFO] -------------接口请求结束-----------

[2023-02-07 14:53:12,091] logger_util.py->write_log line:61 [INFO] -------------接口请求开始-----------
[2023-02-07 14:53:12,091] logger_util.py->write_log line:61 [INFO] 接口名称：新建设备组
[2023-02-07 14:53:12,091] logger_util.py->write_log line:61 [INFO] 接口方式：post
[2023-02-07 14:53:12,091] logger_util.py->write_log line:61 [INFO] 接口路径：http://192.168.4.191:18000/api/v1/variable/device/433b11c6-e9b0-46d2-ab30-ef820f21a71a/group
[2023-02-07 14:53:12,091] logger_util.py->write_log line:61 [INFO] 请求头：{'Content-Type': 'application/json; =UTF-8', 'X-Project': 'fdb3a206f007448cbf2a8ea6a35c9af7'}
[2023-02-07 14:53:12,091] logger_util.py->write_log line:61 [INFO] 请求参数：{'name': '变量组5'}
[2023-02-07 14:53:12,091] logger_util.py->write_log line:61 [INFO] 文件上传：None
[2023-02-07 14:53:12,107] logger_util.py->write_log line:61 [INFO] 预期结果：[{'equals': {'status_code': 200}}]
[2023-02-07 14:53:12,107] logger_util.py->write_log line:61 [INFO] 实际结果：c2f1351e-8d1d-4c9c-a8bd-4872dd944aaf
[2023-02-07 14:53:12,107] logger_util.py->write_log line:61 [INFO] 接口请求成功！
[2023-02-07 14:53:12,108] logger_util.py->write_log line:61 [INFO] -------------接口请求结束-----------

[2023-02-07 14:53:12,116] logger_util.py->write_log line:61 [INFO] -------------接口请求开始-----------
[2023-02-07 14:53:12,116] logger_util.py->write_log line:61 [INFO] 接口名称：新建设备组
[2023-02-07 14:53:12,116] logger_util.py->write_log line:61 [INFO] 接口方式：post
[2023-02-07 14:53:12,116] logger_util.py->write_log line:61 [INFO] 接口路径：http://192.168.4.191:18000/api/v1/variable/device/2391afc3-d1e7-4c15-9fa2-6d4126bbf408/group
[2023-02-07 14:53:12,116] logger_util.py->write_log line:61 [INFO] 请求头：{'Content-Type': 'application/json; =UTF-8', 'X-Project': 'fdb3a206f007448cbf2a8ea6a35c9af7'}
[2023-02-07 14:53:12,117] logger_util.py->write_log line:61 [INFO] 请求参数：{'name': '变量组1'}
[2023-02-07 14:53:12,117] logger_util.py->write_log line:61 [INFO] 文件上传：None
[2023-02-07 14:53:12,132] logger_util.py->write_log line:61 [INFO] 预期结果：[{'equals': {'status_code': 200}}]
[2023-02-07 14:53:12,132] logger_util.py->write_log line:61 [INFO] 实际结果：9a036896-2b85-4932-9d6c-b4ae7f85e416
[2023-02-07 14:53:12,132] logger_util.py->write_log line:61 [INFO] 接口请求成功！
[2023-02-07 14:53:12,132] logger_util.py->write_log line:61 [INFO] -------------接口请求结束-----------

[2023-02-07 14:53:12,142] logger_util.py->write_log line:61 [INFO] -------------接口请求开始-----------
[2023-02-07 14:53:12,142] logger_util.py->write_log line:61 [INFO] 接口名称：新建设备组
[2023-02-07 14:53:12,143] logger_util.py->write_log line:61 [INFO] 接口方式：post
[2023-02-07 14:53:12,143] logger_util.py->write_log line:61 [INFO] 接口路径：http://192.168.4.191:18000/api/v1/variable/device/2391afc3-d1e7-4c15-9fa2-6d4126bbf408/group
[2023-02-07 14:53:12,143] logger_util.py->write_log line:61 [INFO] 请求头：{'Content-Type': 'application/json; =UTF-8', 'X-Project': 'fdb3a206f007448cbf2a8ea6a35c9af7'}
[2023-02-07 14:53:12,143] logger_util.py->write_log line:61 [INFO] 请求参数：{'name': '变量组2'}
[2023-02-07 14:53:12,143] logger_util.py->write_log line:61 [INFO] 文件上传：None
[2023-02-07 14:53:12,161] logger_util.py->write_log line:61 [INFO] 预期结果：[{'equals': {'status_code': 200}}]
[2023-02-07 14:53:12,161] logger_util.py->write_log line:61 [INFO] 实际结果：b38ca75d-1118-4e9e-aa34-88d2bdaf6cc7
[2023-02-07 14:53:12,161] logger_util.py->write_log line:61 [INFO] 接口请求成功！
[2023-02-07 14:53:12,161] logger_util.py->write_log line:61 [INFO] -------------接口请求结束-----------

[2023-02-07 14:53:12,170] logger_util.py->write_log line:61 [INFO] -------------接口请求开始-----------
[2023-02-07 14:53:12,170] logger_util.py->write_log line:61 [INFO] 接口名称：新建设备组
[2023-02-07 14:53:12,171] logger_util.py->write_log line:61 [INFO] 接口方式：post
[2023-02-07 14:53:12,171] logger_util.py->write_log line:61 [INFO] 接口路径：http://192.168.4.191:18000/api/v1/variable/device/2391afc3-d1e7-4c15-9fa2-6d4126bbf408/group
[2023-02-07 14:53:12,171] logger_util.py->write_log line:61 [INFO] 请求头：{'Content-Type': 'application/json; =UTF-8', 'X-Project': 'fdb3a206f007448cbf2a8ea6a35c9af7'}
[2023-02-07 14:53:12,171] logger_util.py->write_log line:61 [INFO] 请求参数：{'name': '变量组3'}
[2023-02-07 14:53:12,171] logger_util.py->write_log line:61 [INFO] 文件上传：None
[2023-02-07 14:53:12,192] logger_util.py->write_log line:61 [INFO] 预期结果：[{'equals': {'status_code': 200}}]
[2023-02-07 14:53:12,193] logger_util.py->write_log line:61 [INFO] 实际结果：290f3293-44c5-48fe-967b-c2f43a4461d1
[2023-02-07 14:53:12,193] logger_util.py->write_log line:61 [INFO] 接口请求成功！
[2023-02-07 14:53:12,193] logger_util.py->write_log line:61 [INFO] -------------接口请求结束-----------

[2023-02-07 14:53:12,201] logger_util.py->write_log line:61 [INFO] -------------接口请求开始-----------
[2023-02-07 14:53:12,202] logger_util.py->write_log line:61 [INFO] 接口名称：新建设备组
[2023-02-07 14:53:12,202] logger_util.py->write_log line:61 [INFO] 接口方式：post
[2023-02-07 14:53:12,202] logger_util.py->write_log line:61 [INFO] 接口路径：http://192.168.4.191:18000/api/v1/variable/device/2391afc3-d1e7-4c15-9fa2-6d4126bbf408/group
[2023-02-07 14:53:12,202] logger_util.py->write_log line:61 [INFO] 请求头：{'Content-Type': 'application/json; =UTF-8', 'X-Project': 'fdb3a206f007448cbf2a8ea6a35c9af7'}
[2023-02-07 14:53:12,202] logger_util.py->write_log line:61 [INFO] 请求参数：{'name': '变量组4'}
[2023-02-07 14:53:12,202] logger_util.py->write_log line:61 [INFO] 文件上传：None
[2023-02-07 14:53:12,225] logger_util.py->write_log line:61 [INFO] 预期结果：[{'equals': {'status_code': 200}}]
[2023-02-07 14:53:12,225] logger_util.py->write_log line:61 [INFO] 实际结果：a9fad61a-5dc6-45e2-bffc-e4cfa7b49b94
[2023-02-07 14:53:12,225] logger_util.py->write_log line:61 [INFO] 接口请求成功！
[2023-02-07 14:53:12,226] logger_util.py->write_log line:61 [INFO] -------------接口请求结束-----------

[2023-02-07 14:53:12,235] logger_util.py->write_log line:61 [INFO] -------------接口请求开始-----------
[2023-02-07 14:53:12,236] logger_util.py->write_log line:61 [INFO] 接口名称：新建设备组
[2023-02-07 14:53:12,236] logger_util.py->write_log line:61 [INFO] 接口方式：post
[2023-02-07 14:53:12,236] logger_util.py->write_log line:61 [INFO] 接口路径：http://192.168.4.191:18000/api/v1/variable/device/2391afc3-d1e7-4c15-9fa2-6d4126bbf408/group
[2023-02-07 14:53:12,236] logger_util.py->write_log line:61 [INFO] 请求头：{'Content-Type': 'application/json; =UTF-8', 'X-Project': 'fdb3a206f007448cbf2a8ea6a35c9af7'}
[2023-02-07 14:53:12,236] logger_util.py->write_log line:61 [INFO] 请求参数：{'name': '变量组5'}
[2023-02-07 14:53:12,236] logger_util.py->write_log line:61 [INFO] 文件上传：None
[2023-02-07 14:53:12,258] logger_util.py->write_log line:61 [INFO] 预期结果：[{'equals': {'status_code': 200}}]
[2023-02-07 14:53:12,258] logger_util.py->write_log line:61 [INFO] 实际结果：d024b622-d909-4df8-bb13-a9ff13e05600
[2023-02-07 14:53:12,258] logger_util.py->write_log line:61 [INFO] 接口请求成功！
[2023-02-07 14:53:12,258] logger_util.py->write_log line:61 [INFO] -------------接口请求结束-----------

[2023-02-07 14:53:12,268] logger_util.py->write_log line:61 [INFO] -------------接口请求开始-----------
[2023-02-07 14:53:12,268] logger_util.py->write_log line:61 [INFO] 接口名称：新建设备组
[2023-02-07 14:53:12,268] logger_util.py->write_log line:61 [INFO] 接口方式：post
[2023-02-07 14:53:12,268] logger_util.py->write_log line:61 [INFO] 接口路径：http://192.168.4.191:18000/api/v1/variable/device/b130faa3-6e24-4bb1-834d-bf23d62a9bd8/group
[2023-02-07 14:53:12,268] logger_util.py->write_log line:61 [INFO] 请求头：{'Content-Type': 'application/json; =UTF-8', 'X-Project': 'fdb3a206f007448cbf2a8ea6a35c9af7'}
[2023-02-07 14:53:12,268] logger_util.py->write_log line:61 [INFO] 请求参数：{'name': '变量组1'}
[2023-02-07 14:53:12,268] logger_util.py->write_log line:61 [INFO] 文件上传：None
[2023-02-07 14:53:12,291] logger_util.py->write_log line:61 [INFO] 预期结果：[{'equals': {'status_code': 200}}]
[2023-02-07 14:53:12,291] logger_util.py->write_log line:61 [INFO] 实际结果：ba921d62-1801-432b-85ed-bda6047f5ba7
[2023-02-07 14:53:12,292] logger_util.py->write_log line:61 [INFO] 接口请求成功！
[2023-02-07 14:53:12,292] logger_util.py->write_log line:61 [INFO] -------------接口请求结束-----------

[2023-02-07 14:53:12,301] logger_util.py->write_log line:61 [INFO] -------------接口请求开始-----------
[2023-02-07 14:53:12,301] logger_util.py->write_log line:61 [INFO] 接口名称：新建设备组
[2023-02-07 14:53:12,301] logger_util.py->write_log line:61 [INFO] 接口方式：post
[2023-02-07 14:53:12,302] logger_util.py->write_log line:61 [INFO] 接口路径：http://192.168.4.191:18000/api/v1/variable/device/b130faa3-6e24-4bb1-834d-bf23d62a9bd8/group
[2023-02-07 14:53:12,302] logger_util.py->write_log line:61 [INFO] 请求头：{'Content-Type': 'application/json; =UTF-8', 'X-Project': 'fdb3a206f007448cbf2a8ea6a35c9af7'}
[2023-02-07 14:53:12,302] logger_util.py->write_log line:61 [INFO] 请求参数：{'name': '变量组2'}
[2023-02-07 14:53:12,302] logger_util.py->write_log line:61 [INFO] 文件上传：None
[2023-02-07 14:53:12,320] logger_util.py->write_log line:61 [INFO] 预期结果：[{'equals': {'status_code': 200}}]
[2023-02-07 14:53:12,320] logger_util.py->write_log line:61 [INFO] 实际结果：cd1cb0d4-a7a7-4fdf-a0e9-71e769f6f123
[2023-02-07 14:53:12,320] logger_util.py->write_log line:61 [INFO] 接口请求成功！
[2023-02-07 14:53:12,320] logger_util.py->write_log line:61 [INFO] -------------接口请求结束-----------

[2023-02-07 14:53:12,329] logger_util.py->write_log line:61 [INFO] -------------接口请求开始-----------
[2023-02-07 14:53:12,330] logger_util.py->write_log line:61 [INFO] 接口名称：新建设备组
[2023-02-07 14:53:12,330] logger_util.py->write_log line:61 [INFO] 接口方式：post
[2023-02-07 14:53:12,330] logger_util.py->write_log line:61 [INFO] 接口路径：http://192.168.4.191:18000/api/v1/variable/device/b130faa3-6e24-4bb1-834d-bf23d62a9bd8/group
[2023-02-07 14:53:12,330] logger_util.py->write_log line:61 [INFO] 请求头：{'Content-Type': 'application/json; =UTF-8', 'X-Project': 'fdb3a206f007448cbf2a8ea6a35c9af7'}
[2023-02-07 14:53:12,330] logger_util.py->write_log line:61 [INFO] 请求参数：{'name': '变量组3'}
[2023-02-07 14:53:12,330] logger_util.py->write_log line:61 [INFO] 文件上传：None
[2023-02-07 14:53:12,347] logger_util.py->write_log line:61 [INFO] 预期结果：[{'equals': {'status_code': 200}}]
[2023-02-07 14:53:12,347] logger_util.py->write_log line:61 [INFO] 实际结果：6e0c7ad1-4e18-4c70-a2a7-44452e84d07c
[2023-02-07 14:53:12,347] logger_util.py->write_log line:61 [INFO] 接口请求成功！
[2023-02-07 14:53:12,347] logger_util.py->write_log line:61 [INFO] -------------接口请求结束-----------

[2023-02-07 14:53:12,356] logger_util.py->write_log line:61 [INFO] -------------接口请求开始-----------
[2023-02-07 14:53:12,356] logger_util.py->write_log line:61 [INFO] 接口名称：新建设备组
[2023-02-07 14:53:12,357] logger_util.py->write_log line:61 [INFO] 接口方式：post
[2023-02-07 14:53:12,357] logger_util.py->write_log line:61 [INFO] 接口路径：http://192.168.4.191:18000/api/v1/variable/device/b130faa3-6e24-4bb1-834d-bf23d62a9bd8/group
[2023-02-07 14:53:12,357] logger_util.py->write_log line:61 [INFO] 请求头：{'Content-Type': 'application/json; =UTF-8', 'X-Project': 'fdb3a206f007448cbf2a8ea6a35c9af7'}
[2023-02-07 14:53:12,357] logger_util.py->write_log line:61 [INFO] 请求参数：{'name': '变量组4'}
[2023-02-07 14:53:12,357] logger_util.py->write_log line:61 [INFO] 文件上传：None
[2023-02-07 14:53:12,373] logger_util.py->write_log line:61 [INFO] 预期结果：[{'equals': {'status_code': 200}}]
[2023-02-07 14:53:12,373] logger_util.py->write_log line:61 [INFO] 实际结果：f6509d71-fb00-4fcd-870a-b75fea59d9bd
[2023-02-07 14:53:12,373] logger_util.py->write_log line:61 [INFO] 接口请求成功！
[2023-02-07 14:53:12,373] logger_util.py->write_log line:61 [INFO] -------------接口请求结束-----------

[2023-02-07 14:53:12,382] logger_util.py->write_log line:61 [INFO] -------------接口请求开始-----------
[2023-02-07 14:53:12,382] logger_util.py->write_log line:61 [INFO] 接口名称：新建设备组
[2023-02-07 14:53:12,383] logger_util.py->write_log line:61 [INFO] 接口方式：post
[2023-02-07 14:53:12,383] logger_util.py->write_log line:61 [INFO] 接口路径：http://192.168.4.191:18000/api/v1/variable/device/b130faa3-6e24-4bb1-834d-bf23d62a9bd8/group
[2023-02-07 14:53:12,383] logger_util.py->write_log line:61 [INFO] 请求头：{'Content-Type': 'application/json; =UTF-8', 'X-Project': 'fdb3a206f007448cbf2a8ea6a35c9af7'}
[2023-02-07 14:53:12,383] logger_util.py->write_log line:61 [INFO] 请求参数：{'name': '变量组5'}
[2023-02-07 14:53:12,383] logger_util.py->write_log line:61 [INFO] 文件上传：None
[2023-02-07 14:53:12,400] logger_util.py->write_log line:61 [INFO] 预期结果：[{'equals': {'status_code': 200}}]
[2023-02-07 14:53:12,400] logger_util.py->write_log line:61 [INFO] 实际结果：446eb210-bdeb-4430-9c7e-f6ed4fd0092e
[2023-02-07 14:53:12,400] logger_util.py->write_log line:61 [INFO] 接口请求成功！
[2023-02-07 14:53:12,400] logger_util.py->write_log line:61 [INFO] -------------接口请求结束-----------

[2023-02-07 14:53:12,409] logger_util.py->write_log line:61 [INFO] -------------接口请求开始-----------
[2023-02-07 14:53:12,410] logger_util.py->write_log line:61 [INFO] 接口名称：新建设备组
[2023-02-07 14:53:12,410] logger_util.py->write_log line:61 [INFO] 接口方式：post
[2023-02-07 14:53:12,410] logger_util.py->write_log line:61 [INFO] 接口路径：http://192.168.4.191:18000/api/v1/variable/device/f27fbbab-22f9-442a-8a99-e7ddd18252ba/group
[2023-02-07 14:53:12,410] logger_util.py->write_log line:61 [INFO] 请求头：{'Content-Type': 'application/json; =UTF-8', 'X-Project': 'fdb3a206f007448cbf2a8ea6a35c9af7'}
[2023-02-07 14:53:12,410] logger_util.py->write_log line:61 [INFO] 请求参数：{'name': '变量组1'}
[2023-02-07 14:53:12,410] logger_util.py->write_log line:61 [INFO] 文件上传：None
[2023-02-07 14:53:12,430] logger_util.py->write_log line:61 [INFO] 预期结果：[{'equals': {'status_code': 200}}]
[2023-02-07 14:53:12,431] logger_util.py->write_log line:61 [INFO] 实际结果：b8c10ea5-a295-4af0-aeec-d397c818616d
[2023-02-07 14:53:12,431] logger_util.py->write_log line:61 [INFO] 接口请求成功！
[2023-02-07 14:53:12,431] logger_util.py->write_log line:61 [INFO] -------------接口请求结束-----------

[2023-02-07 14:53:12,441] logger_util.py->write_log line:61 [INFO] -------------接口请求开始-----------
[2023-02-07 14:53:12,441] logger_util.py->write_log line:61 [INFO] 接口名称：新建设备组
[2023-02-07 14:53:12,441] logger_util.py->write_log line:61 [INFO] 接口方式：post
[2023-02-07 14:53:12,441] logger_util.py->write_log line:61 [INFO] 接口路径：http://192.168.4.191:18000/api/v1/variable/device/f27fbbab-22f9-442a-8a99-e7ddd18252ba/group
[2023-02-07 14:53:12,441] logger_util.py->write_log line:61 [INFO] 请求头：{'Content-Type': 'application/json; =UTF-8', 'X-Project': 'fdb3a206f007448cbf2a8ea6a35c9af7'}
[2023-02-07 14:53:12,441] logger_util.py->write_log line:61 [INFO] 请求参数：{'name': '变量组2'}
[2023-02-07 14:53:12,441] logger_util.py->write_log line:61 [INFO] 文件上传：None
[2023-02-07 14:53:12,465] logger_util.py->write_log line:61 [INFO] 预期结果：[{'equals': {'status_code': 200}}]
[2023-02-07 14:53:12,466] logger_util.py->write_log line:61 [INFO] 实际结果：8afcbbb2-6c03-40f2-b3ee-0a31e6057da9
[2023-02-07 14:53:12,466] logger_util.py->write_log line:61 [INFO] 接口请求成功！
[2023-02-07 14:53:12,466] logger_util.py->write_log line:61 [INFO] -------------接口请求结束-----------

[2023-02-07 14:53:12,475] logger_util.py->write_log line:61 [INFO] -------------接口请求开始-----------
[2023-02-07 14:53:12,476] logger_util.py->write_log line:61 [INFO] 接口名称：新建设备组
[2023-02-07 14:53:12,476] logger_util.py->write_log line:61 [INFO] 接口方式：post
[2023-02-07 14:53:12,476] logger_util.py->write_log line:61 [INFO] 接口路径：http://192.168.4.191:18000/api/v1/variable/device/f27fbbab-22f9-442a-8a99-e7ddd18252ba/group
[2023-02-07 14:53:12,476] logger_util.py->write_log line:61 [INFO] 请求头：{'Content-Type': 'application/json; =UTF-8', 'X-Project': 'fdb3a206f007448cbf2a8ea6a35c9af7'}
[2023-02-07 14:53:12,476] logger_util.py->write_log line:61 [INFO] 请求参数：{'name': '变量组3'}
[2023-02-07 14:53:12,476] logger_util.py->write_log line:61 [INFO] 文件上传：None
[2023-02-07 14:53:12,498] logger_util.py->write_log line:61 [INFO] 预期结果：[{'equals': {'status_code': 200}}]
[2023-02-07 14:53:12,498] logger_util.py->write_log line:61 [INFO] 实际结果：81ff0728-cf97-4afc-88d7-4cbdcb18fb52
[2023-02-07 14:53:12,498] logger_util.py->write_log line:61 [INFO] 接口请求成功！
[2023-02-07 14:53:12,499] logger_util.py->write_log line:61 [INFO] -------------接口请求结束-----------

[2023-02-07 14:53:12,508] logger_util.py->write_log line:61 [INFO] -------------接口请求开始-----------
[2023-02-07 14:53:12,508] logger_util.py->write_log line:61 [INFO] 接口名称：新建设备组
[2023-02-07 14:53:12,508] logger_util.py->write_log line:61 [INFO] 接口方式：post
[2023-02-07 14:53:12,508] logger_util.py->write_log line:61 [INFO] 接口路径：http://192.168.4.191:18000/api/v1/variable/device/f27fbbab-22f9-442a-8a99-e7ddd18252ba/group
[2023-02-07 14:53:12,508] logger_util.py->write_log line:61 [INFO] 请求头：{'Content-Type': 'application/json; =UTF-8', 'X-Project': 'fdb3a206f007448cbf2a8ea6a35c9af7'}
[2023-02-07 14:53:12,508] logger_util.py->write_log line:61 [INFO] 请求参数：{'name': '变量组4'}
[2023-02-07 14:53:12,509] logger_util.py->write_log line:61 [INFO] 文件上传：None
[2023-02-07 14:53:12,531] logger_util.py->write_log line:61 [INFO] 预期结果：[{'equals': {'status_code': 200}}]
[2023-02-07 14:53:12,531] logger_util.py->write_log line:61 [INFO] 实际结果：db9f5157-d576-4d16-b4e1-05a586dedfbb
[2023-02-07 14:53:12,531] logger_util.py->write_log line:61 [INFO] 接口请求成功！
[2023-02-07 14:53:12,531] logger_util.py->write_log line:61 [INFO] -------------接口请求结束-----------

[2023-02-07 14:53:12,541] logger_util.py->write_log line:61 [INFO] -------------接口请求开始-----------
[2023-02-07 14:53:12,541] logger_util.py->write_log line:61 [INFO] 接口名称：新建设备组
[2023-02-07 14:53:12,542] logger_util.py->write_log line:61 [INFO] 接口方式：post
[2023-02-07 14:53:12,542] logger_util.py->write_log line:61 [INFO] 接口路径：http://192.168.4.191:18000/api/v1/variable/device/f27fbbab-22f9-442a-8a99-e7ddd18252ba/group
[2023-02-07 14:53:12,542] logger_util.py->write_log line:61 [INFO] 请求头：{'Content-Type': 'application/json; =UTF-8', 'X-Project': 'fdb3a206f007448cbf2a8ea6a35c9af7'}
[2023-02-07 14:53:12,542] logger_util.py->write_log line:61 [INFO] 请求参数：{'name': '变量组5'}
[2023-02-07 14:53:12,542] logger_util.py->write_log line:61 [INFO] 文件上传：None
[2023-02-07 14:53:12,567] logger_util.py->write_log line:61 [INFO] 预期结果：[{'equals': {'status_code': 200}}]
[2023-02-07 14:53:12,567] logger_util.py->write_log line:61 [INFO] 实际结果：b7324ed9-4a6d-465f-92cf-166c921386c0
[2023-02-07 14:53:12,568] logger_util.py->write_log line:61 [INFO] 接口请求成功！
[2023-02-07 14:53:12,568] logger_util.py->write_log line:61 [INFO] -------------接口请求结束-----------

[2023-02-07 14:53:12,592] logger_util.py->write_log line:61 [INFO] -------------接口请求开始-----------
[2023-02-07 14:53:12,592] logger_util.py->write_log line:61 [INFO] 接口名称：新建设备组
[2023-02-07 14:53:12,592] logger_util.py->write_log line:61 [INFO] 接口方式：post
[2023-02-07 14:53:12,593] logger_util.py->write_log line:61 [INFO] 接口路径：http://192.168.4.191:18000/api/v1/variable/device/0d83059c-67ed-43db-936c-b7af267a35ce/group
[2023-02-07 14:53:12,593] logger_util.py->write_log line:61 [INFO] 请求头：{'Content-Type': 'application/json; =UTF-8', 'X-Project': 'fdb3a206f007448cbf2a8ea6a35c9af7'}
[2023-02-07 14:53:12,593] logger_util.py->write_log line:61 [INFO] 请求参数：{'name': '变量组1'}
[2023-02-07 14:53:12,593] logger_util.py->write_log line:61 [INFO] 文件上传：None
[2023-02-07 14:53:12,609] logger_util.py->write_log line:61 [INFO] 预期结果：[{'equals': {'status_code': 200}}]
[2023-02-07 14:53:12,609] logger_util.py->write_log line:61 [INFO] 实际结果：553c3f1b-23a3-4ee0-bf88-a9e0682dfd6c
[2023-02-07 14:53:12,610] logger_util.py->write_log line:61 [INFO] 接口请求成功！
[2023-02-07 14:53:12,610] logger_util.py->write_log line:61 [INFO] -------------接口请求结束-----------

[2023-02-07 14:53:12,620] logger_util.py->write_log line:61 [INFO] -------------接口请求开始-----------
[2023-02-07 14:53:12,620] logger_util.py->write_log line:61 [INFO] 接口名称：新建设备组
[2023-02-07 14:53:12,620] logger_util.py->write_log line:61 [INFO] 接口方式：post
[2023-02-07 14:53:12,620] logger_util.py->write_log line:61 [INFO] 接口路径：http://192.168.4.191:18000/api/v1/variable/device/0d83059c-67ed-43db-936c-b7af267a35ce/group
[2023-02-07 14:53:12,620] logger_util.py->write_log line:61 [INFO] 请求头：{'Content-Type': 'application/json; =UTF-8', 'X-Project': 'fdb3a206f007448cbf2a8ea6a35c9af7'}
[2023-02-07 14:53:12,620] logger_util.py->write_log line:61 [INFO] 请求参数：{'name': '变量组2'}
[2023-02-07 14:53:12,620] logger_util.py->write_log line:61 [INFO] 文件上传：None
[2023-02-07 14:53:12,636] logger_util.py->write_log line:61 [INFO] 预期结果：[{'equals': {'status_code': 200}}]
[2023-02-07 14:53:12,636] logger_util.py->write_log line:61 [INFO] 实际结果：fb0ce467-be7d-4a43-ac15-16ab3a285ad9
[2023-02-07 14:53:12,636] logger_util.py->write_log line:61 [INFO] 接口请求成功！
[2023-02-07 14:53:12,636] logger_util.py->write_log line:61 [INFO] -------------接口请求结束-----------

[2023-02-07 14:53:12,646] logger_util.py->write_log line:61 [INFO] -------------接口请求开始-----------
[2023-02-07 14:53:12,646] logger_util.py->write_log line:61 [INFO] 接口名称：新建设备组
[2023-02-07 14:53:12,646] logger_util.py->write_log line:61 [INFO] 接口方式：post
[2023-02-07 14:53:12,646] logger_util.py->write_log line:61 [INFO] 接口路径：http://192.168.4.191:18000/api/v1/variable/device/0d83059c-67ed-43db-936c-b7af267a35ce/group
[2023-02-07 14:53:12,646] logger_util.py->write_log line:61 [INFO] 请求头：{'Content-Type': 'application/json; =UTF-8', 'X-Project': 'fdb3a206f007448cbf2a8ea6a35c9af7'}
[2023-02-07 14:53:12,646] logger_util.py->write_log line:61 [INFO] 请求参数：{'name': '变量组3'}
[2023-02-07 14:53:12,647] logger_util.py->write_log line:61 [INFO] 文件上传：None
[2023-02-07 14:53:12,663] logger_util.py->write_log line:61 [INFO] 预期结果：[{'equals': {'status_code': 200}}]
[2023-02-07 14:53:12,663] logger_util.py->write_log line:61 [INFO] 实际结果：0b36301a-95c8-47e0-a58b-7608ddaa1ae5
[2023-02-07 14:53:12,663] logger_util.py->write_log line:61 [INFO] 接口请求成功！
[2023-02-07 14:53:12,663] logger_util.py->write_log line:61 [INFO] -------------接口请求结束-----------

[2023-02-07 14:53:12,674] logger_util.py->write_log line:61 [INFO] -------------接口请求开始-----------
[2023-02-07 14:53:12,674] logger_util.py->write_log line:61 [INFO] 接口名称：新建设备组
[2023-02-07 14:53:12,674] logger_util.py->write_log line:61 [INFO] 接口方式：post
[2023-02-07 14:53:12,674] logger_util.py->write_log line:61 [INFO] 接口路径：http://192.168.4.191:18000/api/v1/variable/device/0d83059c-67ed-43db-936c-b7af267a35ce/group
[2023-02-07 14:53:12,674] logger_util.py->write_log line:61 [INFO] 请求头：{'Content-Type': 'application/json; =UTF-8', 'X-Project': 'fdb3a206f007448cbf2a8ea6a35c9af7'}
[2023-02-07 14:53:12,674] logger_util.py->write_log line:61 [INFO] 请求参数：{'name': '变量组4'}
[2023-02-07 14:53:12,675] logger_util.py->write_log line:61 [INFO] 文件上传：None
[2023-02-07 14:53:12,693] logger_util.py->write_log line:61 [INFO] 预期结果：[{'equals': {'status_code': 200}}]
[2023-02-07 14:53:12,693] logger_util.py->write_log line:61 [INFO] 实际结果：9c20e635-6e40-4ce4-b9f4-c4307ac32913
[2023-02-07 14:53:12,693] logger_util.py->write_log line:61 [INFO] 接口请求成功！
[2023-02-07 14:53:12,693] logger_util.py->write_log line:61 [INFO] -------------接口请求结束-----------

[2023-02-07 14:53:12,704] logger_util.py->write_log line:61 [INFO] -------------接口请求开始-----------
[2023-02-07 14:53:12,704] logger_util.py->write_log line:61 [INFO] 接口名称：新建设备组
[2023-02-07 14:53:12,704] logger_util.py->write_log line:61 [INFO] 接口方式：post
[2023-02-07 14:53:12,704] logger_util.py->write_log line:61 [INFO] 接口路径：http://192.168.4.191:18000/api/v1/variable/device/0d83059c-67ed-43db-936c-b7af267a35ce/group
[2023-02-07 14:53:12,704] logger_util.py->write_log line:61 [INFO] 请求头：{'Content-Type': 'application/json; =UTF-8', 'X-Project': 'fdb3a206f007448cbf2a8ea6a35c9af7'}
[2023-02-07 14:53:12,704] logger_util.py->write_log line:61 [INFO] 请求参数：{'name': '变量组5'}
[2023-02-07 14:53:12,704] logger_util.py->write_log line:61 [INFO] 文件上传：None
[2023-02-07 14:53:12,727] logger_util.py->write_log line:61 [INFO] 预期结果：[{'equals': {'status_code': 200}}]
[2023-02-07 14:53:12,727] logger_util.py->write_log line:61 [INFO] 实际结果：daf43550-5e03-4c39-b35c-52f8cbb38792
[2023-02-07 14:53:12,727] logger_util.py->write_log line:61 [INFO] 接口请求成功！
[2023-02-07 14:53:12,727] logger_util.py->write_log line:61 [INFO] -------------接口请求结束-----------

[2023-02-07 14:53:12,738] logger_util.py->write_log line:61 [INFO] -------------接口请求开始-----------
[2023-02-07 14:53:12,738] logger_util.py->write_log line:61 [INFO] 接口名称：新建设备组
[2023-02-07 14:53:12,738] logger_util.py->write_log line:61 [INFO] 接口方式：post
[2023-02-07 14:53:12,738] logger_util.py->write_log line:61 [INFO] 接口路径：http://192.168.4.191:18000/api/v1/variable/device/8cc8695a-3940-43d1-9524-20ab1f261cce/group
[2023-02-07 14:53:12,738] logger_util.py->write_log line:61 [INFO] 请求头：{'Content-Type': 'application/json; =UTF-8', 'X-Project': 'fdb3a206f007448cbf2a8ea6a35c9af7'}
[2023-02-07 14:53:12,738] logger_util.py->write_log line:61 [INFO] 请求参数：{'name': '变量组1'}
[2023-02-07 14:53:12,738] logger_util.py->write_log line:61 [INFO] 文件上传：None
[2023-02-07 14:53:12,761] logger_util.py->write_log line:61 [INFO] 预期结果：[{'equals': {'status_code': 200}}]
[2023-02-07 14:53:12,761] logger_util.py->write_log line:61 [INFO] 实际结果：97d18a4f-cda1-437d-8269-ec8715586ffc
[2023-02-07 14:53:12,761] logger_util.py->write_log line:61 [INFO] 接口请求成功！
[2023-02-07 14:53:12,761] logger_util.py->write_log line:61 [INFO] -------------接口请求结束-----------

[2023-02-07 14:53:12,772] logger_util.py->write_log line:61 [INFO] -------------接口请求开始-----------
[2023-02-07 14:53:12,772] logger_util.py->write_log line:61 [INFO] 接口名称：新建设备组
[2023-02-07 14:53:12,772] logger_util.py->write_log line:61 [INFO] 接口方式：post
[2023-02-07 14:53:12,772] logger_util.py->write_log line:61 [INFO] 接口路径：http://192.168.4.191:18000/api/v1/variable/device/8cc8695a-3940-43d1-9524-20ab1f261cce/group
[2023-02-07 14:53:12,773] logger_util.py->write_log line:61 [INFO] 请求头：{'Content-Type': 'application/json; =UTF-8', 'X-Project': 'fdb3a206f007448cbf2a8ea6a35c9af7'}
[2023-02-07 14:53:12,773] logger_util.py->write_log line:61 [INFO] 请求参数：{'name': '变量组2'}
[2023-02-07 14:53:12,773] logger_util.py->write_log line:61 [INFO] 文件上传：None
[2023-02-07 14:53:12,799] logger_util.py->write_log line:61 [INFO] 预期结果：[{'equals': {'status_code': 200}}]
[2023-02-07 14:53:12,799] logger_util.py->write_log line:61 [INFO] 实际结果：46958c61-a9a1-462e-8e96-67f10539c53f
[2023-02-07 14:53:12,800] logger_util.py->write_log line:61 [INFO] 接口请求成功！
[2023-02-07 14:53:12,800] logger_util.py->write_log line:61 [INFO] -------------接口请求结束-----------

[2023-02-07 14:53:12,816] logger_util.py->write_log line:61 [INFO] -------------接口请求开始-----------
[2023-02-07 14:53:12,816] logger_util.py->write_log line:61 [INFO] 接口名称：新建设备组
[2023-02-07 14:53:12,816] logger_util.py->write_log line:61 [INFO] 接口方式：post
[2023-02-07 14:53:12,816] logger_util.py->write_log line:61 [INFO] 接口路径：http://192.168.4.191:18000/api/v1/variable/device/8cc8695a-3940-43d1-9524-20ab1f261cce/group
[2023-02-07 14:53:12,816] logger_util.py->write_log line:61 [INFO] 请求头：{'Content-Type': 'application/json; =UTF-8', 'X-Project': 'fdb3a206f007448cbf2a8ea6a35c9af7'}
[2023-02-07 14:53:12,816] logger_util.py->write_log line:61 [INFO] 请求参数：{'name': '变量组3'}
[2023-02-07 14:53:12,817] logger_util.py->write_log line:61 [INFO] 文件上传：None
[2023-02-07 14:53:12,838] logger_util.py->write_log line:61 [INFO] 预期结果：[{'equals': {'status_code': 200}}]
[2023-02-07 14:53:12,838] logger_util.py->write_log line:61 [INFO] 实际结果：c9c6a822-e813-4aa7-850f-fdd6c36b3d0c
[2023-02-07 14:53:12,838] logger_util.py->write_log line:61 [INFO] 接口请求成功！
[2023-02-07 14:53:12,838] logger_util.py->write_log line:61 [INFO] -------------接口请求结束-----------

[2023-02-07 14:53:12,849] logger_util.py->write_log line:61 [INFO] -------------接口请求开始-----------
[2023-02-07 14:53:12,849] logger_util.py->write_log line:61 [INFO] 接口名称：新建设备组
[2023-02-07 14:53:12,849] logger_util.py->write_log line:61 [INFO] 接口方式：post
[2023-02-07 14:53:12,849] logger_util.py->write_log line:61 [INFO] 接口路径：http://192.168.4.191:18000/api/v1/variable/device/8cc8695a-3940-43d1-9524-20ab1f261cce/group
[2023-02-07 14:53:12,849] logger_util.py->write_log line:61 [INFO] 请求头：{'Content-Type': 'application/json; =UTF-8', 'X-Project': 'fdb3a206f007448cbf2a8ea6a35c9af7'}
[2023-02-07 14:53:12,849] logger_util.py->write_log line:61 [INFO] 请求参数：{'name': '变量组4'}
[2023-02-07 14:53:12,849] logger_util.py->write_log line:61 [INFO] 文件上传：None
[2023-02-07 14:53:12,871] logger_util.py->write_log line:61 [INFO] 预期结果：[{'equals': {'status_code': 200}}]
[2023-02-07 14:53:12,871] logger_util.py->write_log line:61 [INFO] 实际结果：acb7a84d-5408-4de0-a5fd-f6e452059bee
[2023-02-07 14:53:12,871] logger_util.py->write_log line:61 [INFO] 接口请求成功！
[2023-02-07 14:53:12,871] logger_util.py->write_log line:61 [INFO] -------------接口请求结束-----------

[2023-02-07 14:53:12,882] logger_util.py->write_log line:61 [INFO] -------------接口请求开始-----------
[2023-02-07 14:53:12,882] logger_util.py->write_log line:61 [INFO] 接口名称：新建设备组
[2023-02-07 14:53:12,882] logger_util.py->write_log line:61 [INFO] 接口方式：post
[2023-02-07 14:53:12,882] logger_util.py->write_log line:61 [INFO] 接口路径：http://192.168.4.191:18000/api/v1/variable/device/8cc8695a-3940-43d1-9524-20ab1f261cce/group
[2023-02-07 14:53:12,882] logger_util.py->write_log line:61 [INFO] 请求头：{'Content-Type': 'application/json; =UTF-8', 'X-Project': 'fdb3a206f007448cbf2a8ea6a35c9af7'}
[2023-02-07 14:53:12,882] logger_util.py->write_log line:61 [INFO] 请求参数：{'name': '变量组5'}
[2023-02-07 14:53:12,882] logger_util.py->write_log line:61 [INFO] 文件上传：None
[2023-02-07 14:53:12,900] logger_util.py->write_log line:61 [INFO] 预期结果：[{'equals': {'status_code': 200}}]
[2023-02-07 14:53:12,900] logger_util.py->write_log line:61 [INFO] 实际结果：3bc4b26e-cdfb-44bc-8b06-f447f5eb4f56
[2023-02-07 14:53:12,900] logger_util.py->write_log line:61 [INFO] 接口请求成功！
[2023-02-07 14:53:12,900] logger_util.py->write_log line:61 [INFO] -------------接口请求结束-----------

[2023-02-07 14:53:12,912] logger_util.py->write_log line:61 [INFO] -------------接口请求开始-----------
[2023-02-07 14:53:12,912] logger_util.py->write_log line:61 [INFO] 接口名称：新建设备组
[2023-02-07 14:53:12,912] logger_util.py->write_log line:61 [INFO] 接口方式：post
[2023-02-07 14:53:12,912] logger_util.py->write_log line:61 [INFO] 接口路径：http://192.168.4.191:18000/api/v1/variable/device/ade7fe89-8f8b-4fea-b9f2-934e58c89bcf/group
[2023-02-07 14:53:12,912] logger_util.py->write_log line:61 [INFO] 请求头：{'Content-Type': 'application/json; =UTF-8', 'X-Project': 'fdb3a206f007448cbf2a8ea6a35c9af7'}
[2023-02-07 14:53:12,912] logger_util.py->write_log line:61 [INFO] 请求参数：{'name': '变量组1'}
[2023-02-07 14:53:12,912] logger_util.py->write_log line:61 [INFO] 文件上传：None
[2023-02-07 14:53:12,929] logger_util.py->write_log line:61 [INFO] 预期结果：[{'equals': {'status_code': 200}}]
[2023-02-07 14:53:12,929] logger_util.py->write_log line:61 [INFO] 实际结果：aa76a59f-e20c-461e-943e-5e13c96fd6fb
[2023-02-07 14:53:12,929] logger_util.py->write_log line:61 [INFO] 接口请求成功！
[2023-02-07 14:53:12,929] logger_util.py->write_log line:61 [INFO] -------------接口请求结束-----------

[2023-02-07 14:53:12,941] logger_util.py->write_log line:61 [INFO] -------------接口请求开始-----------
[2023-02-07 14:53:12,941] logger_util.py->write_log line:61 [INFO] 接口名称：新建设备组
[2023-02-07 14:53:12,941] logger_util.py->write_log line:61 [INFO] 接口方式：post
[2023-02-07 14:53:12,941] logger_util.py->write_log line:61 [INFO] 接口路径：http://192.168.4.191:18000/api/v1/variable/device/ade7fe89-8f8b-4fea-b9f2-934e58c89bcf/group
[2023-02-07 14:53:12,941] logger_util.py->write_log line:61 [INFO] 请求头：{'Content-Type': 'application/json; =UTF-8', 'X-Project': 'fdb3a206f007448cbf2a8ea6a35c9af7'}
[2023-02-07 14:53:12,941] logger_util.py->write_log line:61 [INFO] 请求参数：{'name': '变量组2'}
[2023-02-07 14:53:12,941] logger_util.py->write_log line:61 [INFO] 文件上传：None
[2023-02-07 14:53:12,965] logger_util.py->write_log line:61 [INFO] 预期结果：[{'equals': {'status_code': 200}}]
[2023-02-07 14:53:12,965] logger_util.py->write_log line:61 [INFO] 实际结果：25c067c8-50d9-4020-bbbb-2fc19a15621a
[2023-02-07 14:53:12,965] logger_util.py->write_log line:61 [INFO] 接口请求成功！
[2023-02-07 14:53:12,965] logger_util.py->write_log line:61 [INFO] -------------接口请求结束-----------

[2023-02-07 14:53:12,977] logger_util.py->write_log line:61 [INFO] -------------接口请求开始-----------
[2023-02-07 14:53:12,977] logger_util.py->write_log line:61 [INFO] 接口名称：新建设备组
[2023-02-07 14:53:12,977] logger_util.py->write_log line:61 [INFO] 接口方式：post
[2023-02-07 14:53:12,977] logger_util.py->write_log line:61 [INFO] 接口路径：http://192.168.4.191:18000/api/v1/variable/device/ade7fe89-8f8b-4fea-b9f2-934e58c89bcf/group
[2023-02-07 14:53:12,977] logger_util.py->write_log line:61 [INFO] 请求头：{'Content-Type': 'application/json; =UTF-8', 'X-Project': 'fdb3a206f007448cbf2a8ea6a35c9af7'}
[2023-02-07 14:53:12,977] logger_util.py->write_log line:61 [INFO] 请求参数：{'name': '变量组3'}
[2023-02-07 14:53:12,977] logger_util.py->write_log line:61 [INFO] 文件上传：None
[2023-02-07 14:53:12,993] logger_util.py->write_log line:61 [INFO] 预期结果：[{'equals': {'status_code': 200}}]
[2023-02-07 14:53:12,993] logger_util.py->write_log line:61 [INFO] 实际结果：77f20654-8271-429b-b052-d2caebd4e49a
[2023-02-07 14:53:12,993] logger_util.py->write_log line:61 [INFO] 接口请求成功！
[2023-02-07 14:53:12,993] logger_util.py->write_log line:61 [INFO] -------------接口请求结束-----------

[2023-02-07 14:53:13,005] logger_util.py->write_log line:61 [INFO] -------------接口请求开始-----------
[2023-02-07 14:53:13,005] logger_util.py->write_log line:61 [INFO] 接口名称：新建设备组
[2023-02-07 14:53:13,005] logger_util.py->write_log line:61 [INFO] 接口方式：post
[2023-02-07 14:53:13,005] logger_util.py->write_log line:61 [INFO] 接口路径：http://192.168.4.191:18000/api/v1/variable/device/ade7fe89-8f8b-4fea-b9f2-934e58c89bcf/group
[2023-02-07 14:53:13,005] logger_util.py->write_log line:61 [INFO] 请求头：{'Content-Type': 'application/json; =UTF-8', 'X-Project': 'fdb3a206f007448cbf2a8ea6a35c9af7'}
[2023-02-07 14:53:13,005] logger_util.py->write_log line:61 [INFO] 请求参数：{'name': '变量组4'}
[2023-02-07 14:53:13,006] logger_util.py->write_log line:61 [INFO] 文件上传：None
[2023-02-07 14:53:13,025] logger_util.py->write_log line:61 [INFO] 预期结果：[{'equals': {'status_code': 200}}]
[2023-02-07 14:53:13,025] logger_util.py->write_log line:61 [INFO] 实际结果：585bd446-dc5d-4e0c-b360-4f57aa87f9a6
[2023-02-07 14:53:13,025] logger_util.py->write_log line:61 [INFO] 接口请求成功！
[2023-02-07 14:53:13,025] logger_util.py->write_log line:61 [INFO] -------------接口请求结束-----------

[2023-02-07 14:53:13,036] logger_util.py->write_log line:61 [INFO] -------------接口请求开始-----------
[2023-02-07 14:53:13,036] logger_util.py->write_log line:61 [INFO] 接口名称：新建设备组
[2023-02-07 14:53:13,037] logger_util.py->write_log line:61 [INFO] 接口方式：post
[2023-02-07 14:53:13,037] logger_util.py->write_log line:61 [INFO] 接口路径：http://192.168.4.191:18000/api/v1/variable/device/ade7fe89-8f8b-4fea-b9f2-934e58c89bcf/group
[2023-02-07 14:53:13,037] logger_util.py->write_log line:61 [INFO] 请求头：{'Content-Type': 'application/json; =UTF-8', 'X-Project': 'fdb3a206f007448cbf2a8ea6a35c9af7'}
[2023-02-07 14:53:13,037] logger_util.py->write_log line:61 [INFO] 请求参数：{'name': '变量组5'}
[2023-02-07 14:53:13,037] logger_util.py->write_log line:61 [INFO] 文件上传：None
[2023-02-07 14:53:13,059] logger_util.py->write_log line:61 [INFO] 预期结果：[{'equals': {'status_code': 200}}]
[2023-02-07 14:53:13,059] logger_util.py->write_log line:61 [INFO] 实际结果：32267b99-2c65-447b-b123-97cba230dc1c
[2023-02-07 14:53:13,059] logger_util.py->write_log line:61 [INFO] 接口请求成功！
[2023-02-07 14:53:13,059] logger_util.py->write_log line:61 [INFO] -------------接口请求结束-----------

