[2023-06-08 19:06:57,503] logger_util.py->write_log line:61 [INFO] -------------接口请求开始-----------
[2023-06-08 19:06:57,504] logger_util.py->write_log line:61 [INFO] 接口名称：创建报警文件夹
[2023-06-08 19:06:57,504] logger_util.py->write_log line:61 [INFO] 接口方式：post
[2023-06-08 19:06:57,504] logger_util.py->write_log line:61 [INFO] 接口路径：http://127.0.0.1:18000/api/v1/alarmfolder/add
[2023-06-08 19:06:57,504] logger_util.py->write_log line:61 [INFO] 请求头：{'Content-Type': 'application/json;charset=UTF-8', 'X-Project': 'db9de0e1e7f942b38ff71a16de047b19'}
[2023-06-08 19:06:57,505] logger_util.py->write_log line:61 [INFO] 请求参数：{'name': '报警文件夹13', 'nodeType': 0}
[2023-06-08 19:06:57,505] logger_util.py->write_log line:61 [INFO] 文件上传：None
[2023-06-08 19:06:57,609] logger_util.py->write_log line:61 [INFO] 预期结果：[{'equals': {'status_code': 200}}, {'equals': {'nodeType': 0}}, {'contains': 'id'}]
[2023-06-08 19:06:57,609] logger_util.py->write_log line:61 [INFO] 实际结果：{'id': '0d50f5c0-5164-48db-824a-b7fd4efa5373', 'parentId': None, 'name': '报警文件夹13', 'nodeType': 0, 'sort': 1, 'children': None}
[2023-06-08 19:06:57,609] logger_util.py->write_log line:61 [INFO] 接口请求成功！
[2023-06-08 19:06:57,609] logger_util.py->write_log line:61 [INFO] -------------接口请求结束-----------

[2023-06-08 19:06:57,623] logger_util.py->write_log line:61 [INFO] -------------接口请求开始-----------
[2023-06-08 19:06:57,623] logger_util.py->write_log line:61 [INFO] 接口名称：创建报警组
[2023-06-08 19:06:57,623] logger_util.py->write_log line:61 [INFO] 接口方式：post
[2023-06-08 19:06:57,623] logger_util.py->write_log line:61 [INFO] 接口路径：http://127.0.0.1:18000/api/v1/alarmfolder/add
[2023-06-08 19:06:57,623] logger_util.py->write_log line:61 [INFO] 请求头：{'Content-Type': 'application/json;charset=UTF-8', 'X-Project': 'db9de0e1e7f942b38ff71a16de047b19'}
[2023-06-08 19:06:57,623] logger_util.py->write_log line:61 [INFO] 请求参数：{'name': '报警组21', 'nodeType': 1, 'parentId': None}
[2023-06-08 19:06:57,623] logger_util.py->write_log line:61 [INFO] 文件上传：None
[2023-06-08 19:06:57,722] logger_util.py->write_log line:61 [INFO] 预期结果：[{'equals': {'status_code': 200}}, {'equals': {'nodeType': 1}}, {'contains': 'id'}]
[2023-06-08 19:06:57,722] logger_util.py->write_log line:61 [INFO] 实际结果：{'id': 'df9a0fca-cbbd-4573-addb-ac2ee3dfd117', 'parentId': None, 'name': '报警组21', 'nodeType': 1, 'sort': 2, 'children': None}
[2023-06-08 19:06:57,723] logger_util.py->write_log line:61 [INFO] 接口请求成功！
[2023-06-08 19:06:57,723] logger_util.py->write_log line:61 [INFO] -------------接口请求结束-----------

[2023-06-08 19:06:57,736] logger_util.py->write_log line:61 [INFO] -------------接口请求开始-----------
[2023-06-08 19:06:57,736] logger_util.py->write_log line:61 [INFO] 接口名称：更新报警组
[2023-06-08 19:06:57,736] logger_util.py->write_log line:61 [INFO] 接口方式：put
[2023-06-08 19:06:57,736] logger_util.py->write_log line:61 [INFO] 接口路径：http://127.0.0.1:18000/api/v1/alarmfolder/update
[2023-06-08 19:06:57,736] logger_util.py->write_log line:61 [INFO] 请求头：{'Content-Type': 'application/json;charset=UTF-8', 'X-Project': 'db9de0e1e7f942b38ff71a16de047b19'}
[2023-06-08 19:06:57,737] logger_util.py->write_log line:61 [INFO] 请求参数：{'id': '0d50f5c0-5164-48db-824a-b7fd4efa5373', 'parentId': None, 'name': '修改报警文件44', 'nodeType': 0, 'sort': 1, 'children': []}
[2023-06-08 19:06:57,737] logger_util.py->write_log line:61 [INFO] 文件上传：None
[2023-06-08 19:06:57,832] logger_util.py->write_log line:61 [INFO] 预期结果：[{'equals': {'status_code': 200}}, {'equals': {'nodeType': 0}}, {'contains': 'id'}]
[2023-06-08 19:06:57,832] logger_util.py->write_log line:61 [INFO] 实际结果：{'id': '0d50f5c0-5164-48db-824a-b7fd4efa5373', 'parentId': None, 'name': '修改报警文件44', 'nodeType': 0, 'sort': 1, 'children': None}
[2023-06-08 19:06:57,833] logger_util.py->write_log line:61 [INFO] 接口请求成功！
[2023-06-08 19:06:57,833] logger_util.py->write_log line:61 [INFO] -------------接口请求结束-----------

[2023-06-08 19:06:57,840] logger_util.py->write_log line:61 [INFO] -------------接口请求开始-----------
[2023-06-08 19:06:57,840] logger_util.py->write_log line:61 [INFO] 接口名称：更新报警组
[2023-06-08 19:06:57,840] logger_util.py->write_log line:61 [INFO] 接口方式：put
[2023-06-08 19:06:57,840] logger_util.py->write_log line:61 [INFO] 接口路径：http://127.0.0.1:18000/api/v1/alarmfolder/update
[2023-06-08 19:06:57,840] logger_util.py->write_log line:61 [INFO] 请求头：{'Content-Type': 'application/json;charset=UTF-8', 'X-Project': 'db9de0e1e7f942b38ff71a16de047b19'}
[2023-06-08 19:06:57,840] logger_util.py->write_log line:61 [INFO] 请求参数：{'id': 'df9a0fca-cbbd-4573-addb-ac2ee3dfd117', 'parentId': '0d50f5c0-5164-48db-824a-b7fd4efa5373', 'name': '修改报警组24', 'nodeType': 1, 'sort': 1, 'children': []}
[2023-06-08 19:06:57,840] logger_util.py->write_log line:61 [INFO] 文件上传：None
[2023-06-08 19:06:57,941] logger_util.py->write_log line:61 [INFO] 预期结果：[{'equals': {'status_code': 200}}, {'equals': {'nodeType': 1}}, {'contains': 'id'}]
[2023-06-08 19:06:57,942] logger_util.py->write_log line:61 [INFO] 实际结果：{'id': 'df9a0fca-cbbd-4573-addb-ac2ee3dfd117', 'parentId': None, 'name': '修改报警组24', 'nodeType': 1, 'sort': 2, 'children': None}
[2023-06-08 19:06:57,942] logger_util.py->write_log line:61 [INFO] 接口请求成功！
[2023-06-08 19:06:57,942] logger_util.py->write_log line:61 [INFO] -------------接口请求结束-----------

[2023-06-08 19:06:57,947] logger_util.py->write_log line:61 [INFO] -------------接口请求开始-----------
[2023-06-08 19:06:57,948] logger_util.py->write_log line:61 [INFO] 接口名称：查询报警组树
[2023-06-08 19:06:57,948] logger_util.py->write_log line:61 [INFO] 接口方式：get
[2023-06-08 19:06:57,948] logger_util.py->write_log line:61 [INFO] 接口路径：http://127.0.0.1:18000/api/v1/alarmfolder/gettree
[2023-06-08 19:06:57,948] logger_util.py->write_log line:61 [INFO] 请求头：{'Content-Type': 'application/json;charset=UTF-8', 'X-Project': 'db9de0e1e7f942b38ff71a16de047b19'}
[2023-06-08 19:06:57,948] logger_util.py->write_log line:61 [INFO] 文件上传：None
[2023-06-08 19:06:57,957] logger_util.py->write_log line:61 [INFO] 预期结果：[{'equals': {'status_code': 200}}]
[2023-06-08 19:06:57,957] logger_util.py->write_log line:61 [INFO] 实际结果：[{'id': '0d50f5c0-5164-48db-824a-b7fd4efa5373', 'parentId': None, 'name': '修改报警文件44', 'nodeType': 0, 'sort': 1, 'children': []}, {'id': 'df9a0fca-cbbd-4573-addb-ac2ee3dfd117', 'parentId': None, 'name': '修改报警组24', 'nodeType': 1, 'sort': 2, 'children': None}]
[2023-06-08 19:06:57,957] logger_util.py->write_log line:61 [INFO] 接口请求成功！
[2023-06-08 19:06:57,957] logger_util.py->write_log line:61 [INFO] -------------接口请求结束-----------

[2023-06-08 19:06:57,964] logger_util.py->write_log line:61 [INFO] -------------接口请求开始-----------
[2023-06-08 19:06:57,964] logger_util.py->write_log line:61 [INFO] 接口名称：删除报警文件夹
[2023-06-08 19:06:57,964] logger_util.py->write_log line:61 [INFO] 接口方式：delete
[2023-06-08 19:06:57,964] logger_util.py->write_log line:61 [INFO] 接口路径：http://127.0.0.1:18000/api/v1/alarmfolder/delete
[2023-06-08 19:06:57,964] logger_util.py->write_log line:61 [INFO] 请求头：{'Content-Type': 'application/json;charset=UTF-8', 'X-Project': 'db9de0e1e7f942b38ff71a16de047b19'}
[2023-06-08 19:06:57,964] logger_util.py->write_log line:61 [INFO] 请求参数：{'type': 0, 'id': '0d50f5c0-5164-48db-824a-b7fd4efa5373'}
[2023-06-08 19:06:57,964] logger_util.py->write_log line:61 [INFO] 文件上传：None
[2023-06-08 19:06:58,085] logger_util.py->write_log line:61 [INFO] 预期结果：[{'equals': {'status_code': 200}}]
[2023-06-08 19:06:58,085] logger_util.py->write_log line:61 [INFO] 实际结果：Delete Success
[2023-06-08 19:06:58,085] logger_util.py->write_log line:61 [INFO] 接口请求成功！
[2023-06-08 19:06:58,085] logger_util.py->write_log line:61 [INFO] -------------接口请求结束-----------

[2023-06-08 19:06:58,091] logger_util.py->write_log line:61 [INFO] -------------接口请求开始-----------
[2023-06-08 19:06:58,092] logger_util.py->write_log line:61 [INFO] 接口名称：删除报警组
[2023-06-08 19:06:58,092] logger_util.py->write_log line:61 [INFO] 接口方式：delete
[2023-06-08 19:06:58,092] logger_util.py->write_log line:61 [INFO] 接口路径：http://127.0.0.1:18000/api/v1/alarmfolder/delete
[2023-06-08 19:06:58,092] logger_util.py->write_log line:61 [INFO] 请求头：{'Content-Type': 'application/json;charset=UTF-8', 'X-Project': 'db9de0e1e7f942b38ff71a16de047b19'}
[2023-06-08 19:06:58,092] logger_util.py->write_log line:61 [INFO] 请求参数：{'type': 1, 'id': 'df9a0fca-cbbd-4573-addb-ac2ee3dfd117'}
[2023-06-08 19:06:58,092] logger_util.py->write_log line:61 [INFO] 文件上传：None
[2023-06-08 19:06:58,185] logger_util.py->write_log line:61 [INFO] 预期结果：[{'equals': {'status_code': 200}}]
[2023-06-08 19:06:58,185] logger_util.py->write_log line:61 [INFO] 实际结果：Delete Success
[2023-06-08 19:06:58,185] logger_util.py->write_log line:61 [INFO] 接口请求成功！
[2023-06-08 19:06:58,185] logger_util.py->write_log line:61 [INFO] -------------接口请求结束-----------

[2023-06-08 19:06:58,191] logger_util.py->write_log line:61 [INFO] -------------接口请求开始-----------
[2023-06-08 19:06:58,192] logger_util.py->write_log line:61 [INFO] 接口名称：创建报警组
[2023-06-08 19:06:58,192] logger_util.py->write_log line:61 [INFO] 接口方式：post
[2023-06-08 19:06:58,192] logger_util.py->write_log line:61 [INFO] 接口路径：http://127.0.0.1:18000/api/v1/alarmfolder/add
[2023-06-08 19:06:58,192] logger_util.py->write_log line:61 [INFO] 请求头：{'Content-Type': 'application/json;charset=UTF-8', 'X-Project': 'db9de0e1e7f942b38ff71a16de047b19'}
[2023-06-08 19:06:58,192] logger_util.py->write_log line:61 [INFO] 请求参数：{'name': '报警组62', 'nodeType': 1, 'parentId': None}
[2023-06-08 19:06:58,192] logger_util.py->write_log line:61 [INFO] 文件上传：None
[2023-06-08 19:06:58,300] logger_util.py->write_log line:61 [INFO] 预期结果：[{'equals': {'status_code': 200}}, {'equals': {'nodeType': 1}}, {'contains': 'id'}]
[2023-06-08 19:06:58,300] logger_util.py->write_log line:61 [INFO] 实际结果：{'id': '664fce19-d8ee-4838-b6c8-1f49c5142b0c', 'parentId': None, 'name': '报警组62', 'nodeType': 1, 'sort': 1, 'children': None}
[2023-06-08 19:06:58,301] logger_util.py->write_log line:61 [INFO] 接口请求成功！
[2023-06-08 19:06:58,301] logger_util.py->write_log line:61 [INFO] -------------接口请求结束-----------

[2023-06-08 19:06:58,306] logger_util.py->write_log line:61 [INFO] -------------接口请求开始-----------
[2023-06-08 19:06:58,306] logger_util.py->write_log line:61 [INFO] 接口名称：创建报警等级
[2023-06-08 19:06:58,306] logger_util.py->write_log line:61 [INFO] 接口方式：post
[2023-06-08 19:06:58,307] logger_util.py->write_log line:61 [INFO] 接口路径：http://127.0.0.1:18000/api/v1/alarmlevel/add
[2023-06-08 19:06:58,307] logger_util.py->write_log line:61 [INFO] 请求头：{'Content-Type': 'application/json;charset=UTF-8', 'X-Project': 'db9de0e1e7f942b38ff71a16de047b19'}
[2023-06-08 19:06:58,307] logger_util.py->write_log line:61 [INFO] 请求参数：[{'name': '报警等级45'}]
[2023-06-08 19:06:58,307] logger_util.py->write_log line:61 [INFO] 文件上传：None
[2023-06-08 19:06:58,401] logger_util.py->write_log line:61 [INFO] 预期结果：[{'equals': {'status_code': 200}}]
[2023-06-08 19:06:58,402] logger_util.py->write_log line:61 [INFO] 实际结果：[{'id': '4baffe0d-1ab7-4f0f-843d-315560598710', 'name': '报警等级45'}]
[2023-06-08 19:06:58,402] logger_util.py->write_log line:61 [INFO] 接口请求成功！
[2023-06-08 19:06:58,402] logger_util.py->write_log line:61 [INFO] -------------接口请求结束-----------

[2023-06-08 19:06:58,413] logger_util.py->write_log line:61 [INFO] -------------接口请求开始-----------
[2023-06-08 19:06:58,413] logger_util.py->write_log line:61 [INFO] 接口名称：更新报警等级
[2023-06-08 19:06:58,413] logger_util.py->write_log line:61 [INFO] 接口方式：put
[2023-06-08 19:06:58,414] logger_util.py->write_log line:61 [INFO] 接口路径：http://127.0.0.1:18000/api/v1/alarmlevel/update
[2023-06-08 19:06:58,414] logger_util.py->write_log line:61 [INFO] 请求头：{'Content-Type': 'application/json;charset=UTF-8', 'X-Project': 'db9de0e1e7f942b38ff71a16de047b19'}
[2023-06-08 19:06:58,414] logger_util.py->write_log line:61 [INFO] 请求参数：[{'id': '4baffe0d-1ab7-4f0f-843d-315560598710', 'name': '更新报警等级6'}]
[2023-06-08 19:06:58,414] logger_util.py->write_log line:61 [INFO] 文件上传：None
[2023-06-08 19:06:58,548] logger_util.py->write_log line:61 [INFO] 预期结果：[{'equals': {'status_code': 200}}]
[2023-06-08 19:06:58,549] logger_util.py->write_log line:61 [INFO] 实际结果：[{'id': '4baffe0d-1ab7-4f0f-843d-315560598710', 'name': '更新报警等级6'}]
[2023-06-08 19:06:58,549] logger_util.py->write_log line:61 [INFO] 接口请求成功！
[2023-06-08 19:06:58,549] logger_util.py->write_log line:61 [INFO] -------------接口请求结束-----------

[2023-06-08 19:06:58,556] logger_util.py->write_log line:61 [INFO] -------------接口请求开始-----------
[2023-06-08 19:06:58,556] logger_util.py->write_log line:61 [INFO] 接口名称：查询报警等级
[2023-06-08 19:06:58,556] logger_util.py->write_log line:61 [INFO] 接口方式：get
[2023-06-08 19:06:58,556] logger_util.py->write_log line:61 [INFO] 接口路径：http://127.0.0.1:18000/api/v1/alarmlevel/query
[2023-06-08 19:06:58,556] logger_util.py->write_log line:61 [INFO] 请求头：{'Content-Type': 'application/json;charset=UTF-8', 'X-Project': 'db9de0e1e7f942b38ff71a16de047b19'}
[2023-06-08 19:06:58,556] logger_util.py->write_log line:61 [INFO] 文件上传：None
[2023-06-08 19:06:58,561] logger_util.py->write_log line:61 [INFO] 预期结果：[{'equals': {'status_code': 200}}]
[2023-06-08 19:06:58,561] logger_util.py->write_log line:61 [INFO] 实际结果：[{'id': '4baffe0d-1ab7-4f0f-843d-315560598710', 'name': '更新报警等级6'}]
[2023-06-08 19:06:58,561] logger_util.py->write_log line:61 [INFO] 接口请求成功！
[2023-06-08 19:06:58,561] logger_util.py->write_log line:61 [INFO] -------------接口请求结束-----------

[2023-06-08 19:06:58,567] logger_util.py->write_log line:61 [INFO] -------------接口请求开始-----------
[2023-06-08 19:06:58,567] logger_util.py->write_log line:61 [INFO] 接口名称：删除报警等级
[2023-06-08 19:06:58,568] logger_util.py->write_log line:61 [INFO] 接口方式：delete
[2023-06-08 19:06:58,568] logger_util.py->write_log line:61 [INFO] 接口路径：http://127.0.0.1:18000/api/v1/alarmlevel/delete
[2023-06-08 19:06:58,568] logger_util.py->write_log line:61 [INFO] 请求头：{'Content-Type': 'application/json;charset=UTF-8', 'X-Project': 'db9de0e1e7f942b38ff71a16de047b19'}
[2023-06-08 19:06:58,568] logger_util.py->write_log line:61 [INFO] 请求参数：['4baffe0d-1ab7-4f0f-843d-315560598710']
[2023-06-08 19:06:58,568] logger_util.py->write_log line:61 [INFO] 文件上传：None
[2023-06-08 19:06:58,651] logger_util.py->write_log line:61 [INFO] 预期结果：[{'equals': {'status_code': 200}}]
[2023-06-08 19:06:58,651] logger_util.py->write_log line:61 [INFO] 实际结果：Delete Success
[2023-06-08 19:06:58,651] logger_util.py->write_log line:61 [INFO] 接口请求成功！
[2023-06-08 19:06:58,651] logger_util.py->write_log line:61 [INFO] -------------接口请求结束-----------

[2023-06-08 19:06:58,658] logger_util.py->write_log line:61 [INFO] -------------接口请求开始-----------
[2023-06-08 19:06:58,658] logger_util.py->write_log line:61 [INFO] 接口名称：创建报警等级
[2023-06-08 19:06:58,658] logger_util.py->write_log line:61 [INFO] 接口方式：post
[2023-06-08 19:06:58,658] logger_util.py->write_log line:61 [INFO] 接口路径：http://127.0.0.1:18000/api/v1/alarmlevel/add
[2023-06-08 19:06:58,659] logger_util.py->write_log line:61 [INFO] 请求头：{'Content-Type': 'application/json;charset=UTF-8', 'X-Project': 'db9de0e1e7f942b38ff71a16de047b19'}
[2023-06-08 19:06:58,659] logger_util.py->write_log line:61 [INFO] 请求参数：[{'name': '报警等级29'}]
[2023-06-08 19:06:58,659] logger_util.py->write_log line:61 [INFO] 文件上传：None
[2023-06-08 19:06:58,734] logger_util.py->write_log line:61 [INFO] 预期结果：[{'equals': {'status_code': 200}}]
[2023-06-08 19:06:58,734] logger_util.py->write_log line:61 [INFO] 实际结果：[{'id': '1bdd0db1-4b1a-4016-b375-a78ad720259c', 'name': '报警等级29'}]
[2023-06-08 19:06:58,735] logger_util.py->write_log line:61 [INFO] 接口请求成功！
[2023-06-08 19:06:58,735] logger_util.py->write_log line:61 [INFO] -------------接口请求结束-----------

[2023-06-08 19:06:58,741] logger_util.py->write_log line:61 [INFO] -------------接口请求开始-----------
[2023-06-08 19:06:58,741] logger_util.py->write_log line:61 [INFO] 接口名称：创建报警类别组
[2023-06-08 19:06:58,741] logger_util.py->write_log line:61 [INFO] 接口方式：post
[2023-06-08 19:06:58,741] logger_util.py->write_log line:61 [INFO] 接口路径：http://127.0.0.1:18000/api/v1/alarmtypegroup/add
[2023-06-08 19:06:58,741] logger_util.py->write_log line:61 [INFO] 请求头：{'Content-Type': 'application/json;charset=UTF-8', 'X-Project': 'db9de0e1e7f942b38ff71a16de047b19'}
[2023-06-08 19:06:58,741] logger_util.py->write_log line:61 [INFO] 请求参数：[{'name': '报警类别组7'}]
[2023-06-08 19:06:58,741] logger_util.py->write_log line:61 [INFO] 文件上传：None
[2023-06-08 19:06:59,077] logger_util.py->write_log line:61 [INFO] 预期结果：[{'equals': {'status_code': 200}}]
[2023-06-08 19:06:59,077] logger_util.py->write_log line:61 [INFO] 实际结果：[{'id': '6f95d48b-5c95-4d9a-aea2-29fae695645e', 'name': '报警类别组7', 'sort': 5}]
[2023-06-08 19:06:59,077] logger_util.py->write_log line:61 [INFO] 接口请求成功！
[2023-06-08 19:06:59,077] logger_util.py->write_log line:61 [INFO] -------------接口请求结束-----------

[2023-06-08 19:06:59,087] logger_util.py->write_log line:61 [INFO] -------------接口请求开始-----------
[2023-06-08 19:06:59,087] logger_util.py->write_log line:61 [INFO] 接口名称：更新报警类别组
[2023-06-08 19:06:59,088] logger_util.py->write_log line:61 [INFO] 接口方式：put
[2023-06-08 19:06:59,088] logger_util.py->write_log line:61 [INFO] 接口路径：http://127.0.0.1:18000/api/v1/alarmtypegroup/update
[2023-06-08 19:06:59,088] logger_util.py->write_log line:61 [INFO] 请求头：{'Content-Type': 'application/json;charset=UTF-8', 'X-Project': 'db9de0e1e7f942b38ff71a16de047b19'}
[2023-06-08 19:06:59,088] logger_util.py->write_log line:61 [INFO] 请求参数：[{'id': '6f95d48b-5c95-4d9a-aea2-29fae695645e', 'name': '更新报警类别组20', 'sort': 1}]
[2023-06-08 19:06:59,088] logger_util.py->write_log line:61 [INFO] 文件上传：None
[2023-06-08 19:06:59,628] logger_util.py->write_log line:61 [INFO] 预期结果：[{'equals': {'status_code': 200}}]
[2023-06-08 19:06:59,628] logger_util.py->write_log line:61 [INFO] 实际结果：[{'id': '6f95d48b-5c95-4d9a-aea2-29fae695645e', 'name': '更新报警类别组20', 'sort': 5}]
[2023-06-08 19:06:59,628] logger_util.py->write_log line:61 [INFO] 接口请求成功！
[2023-06-08 19:06:59,628] logger_util.py->write_log line:61 [INFO] -------------接口请求结束-----------

[2023-06-08 19:06:59,634] logger_util.py->write_log line:61 [INFO] -------------接口请求开始-----------
[2023-06-08 19:06:59,635] logger_util.py->write_log line:61 [INFO] 接口名称：删除报警类别组
[2023-06-08 19:06:59,635] logger_util.py->write_log line:61 [INFO] 接口方式：delete
[2023-06-08 19:06:59,635] logger_util.py->write_log line:61 [INFO] 接口路径：http://127.0.0.1:18000/api/v1/alarmtypegroup/delete
[2023-06-08 19:06:59,635] logger_util.py->write_log line:61 [INFO] 请求头：{'Content-Type': 'application/json;charset=UTF-8', 'X-Project': 'db9de0e1e7f942b38ff71a16de047b19'}
[2023-06-08 19:06:59,635] logger_util.py->write_log line:61 [INFO] 请求参数：['6f95d48b-5c95-4d9a-aea2-29fae695645e']
[2023-06-08 19:06:59,635] logger_util.py->write_log line:61 [INFO] 文件上传：None
[2023-06-08 19:07:00,010] logger_util.py->write_log line:61 [INFO] 预期结果：[{'equals': {'status_code': 200}}]
[2023-06-08 19:07:00,010] logger_util.py->write_log line:61 [INFO] 实际结果：Delete Success
[2023-06-08 19:07:00,010] logger_util.py->write_log line:61 [INFO] 接口请求成功！
[2023-06-08 19:07:00,010] logger_util.py->write_log line:61 [INFO] -------------接口请求结束-----------

[2023-06-08 19:07:00,017] logger_util.py->write_log line:61 [INFO] -------------接口请求开始-----------
[2023-06-08 19:07:00,017] logger_util.py->write_log line:61 [INFO] 接口名称：创建报警类别组
[2023-06-08 19:07:00,017] logger_util.py->write_log line:61 [INFO] 接口方式：post
[2023-06-08 19:07:00,017] logger_util.py->write_log line:61 [INFO] 接口路径：http://127.0.0.1:18000/api/v1/alarmtypegroup/add
[2023-06-08 19:07:00,017] logger_util.py->write_log line:61 [INFO] 请求头：{'Content-Type': 'application/json;charset=UTF-8', 'X-Project': 'db9de0e1e7f942b38ff71a16de047b19'}
[2023-06-08 19:07:00,017] logger_util.py->write_log line:61 [INFO] 请求参数：[{'name': '报警类别组94'}]
[2023-06-08 19:07:00,017] logger_util.py->write_log line:61 [INFO] 文件上传：None
[2023-06-08 19:07:00,371] logger_util.py->write_log line:61 [INFO] 预期结果：[{'equals': {'status_code': 200}}]
[2023-06-08 19:07:00,371] logger_util.py->write_log line:61 [INFO] 实际结果：[{'id': '3452ffb1-8fcf-42c9-8da0-f76bcb1ab2b5', 'name': '报警类别组94', 'sort': 5}]
[2023-06-08 19:07:00,371] logger_util.py->write_log line:61 [INFO] 接口请求成功！
[2023-06-08 19:07:00,371] logger_util.py->write_log line:61 [INFO] -------------接口请求结束-----------

[2023-06-08 19:07:00,377] logger_util.py->write_log line:61 [INFO] -------------接口请求开始-----------
[2023-06-08 19:07:00,377] logger_util.py->write_log line:61 [INFO] 接口名称：查询报警类别组
[2023-06-08 19:07:00,377] logger_util.py->write_log line:61 [INFO] 接口方式：get
[2023-06-08 19:07:00,377] logger_util.py->write_log line:61 [INFO] 接口路径：http://127.0.0.1:18000/api/v1/alarmtypegroup/query
[2023-06-08 19:07:00,377] logger_util.py->write_log line:61 [INFO] 请求头：{'Content-Type': 'application/json;charset=UTF-8', 'X-Project': 'db9de0e1e7f942b38ff71a16de047b19'}
[2023-06-08 19:07:00,377] logger_util.py->write_log line:61 [INFO] 文件上传：None
[2023-06-08 19:07:00,381] logger_util.py->write_log line:61 [INFO] 预期结果：[{'equals': {'status_code': 200}}]
[2023-06-08 19:07:00,381] logger_util.py->write_log line:61 [INFO] 实际结果：[{'id': '3452ffb1-8fcf-42c9-8da0-f76bcb1ab2b5', 'name': '报警类别组94', 'sort': 5}]
[2023-06-08 19:07:00,381] logger_util.py->write_log line:61 [INFO] 接口请求成功！
[2023-06-08 19:07:00,381] logger_util.py->write_log line:61 [INFO] -------------接口请求结束-----------

[2023-06-08 19:07:00,392] logger_util.py->write_log line:61 [INFO] -------------接口请求开始-----------
[2023-06-08 19:07:00,392] logger_util.py->write_log line:61 [INFO] 接口名称：创建报警类别项
[2023-06-08 19:07:00,393] logger_util.py->write_log line:61 [INFO] 接口方式：post
[2023-06-08 19:07:00,393] logger_util.py->write_log line:61 [INFO] 接口路径：http://127.0.0.1:18000/api/v1/alarmtype/add
[2023-06-08 19:07:00,393] logger_util.py->write_log line:61 [INFO] 请求头：{'Content-Type': 'application/json;charset=UTF-8', 'X-Project': 'db9de0e1e7f942b38ff71a16de047b19'}
[2023-06-08 19:07:00,393] logger_util.py->write_log line:61 [INFO] 请求参数：[{'name': '类别项92', 'groupID': '3452ffb1-8fcf-42c9-8da0-f76bcb1ab2b5'}]
[2023-06-08 19:07:00,393] logger_util.py->write_log line:61 [INFO] 文件上传：None
[2023-06-08 19:07:00,486] logger_util.py->write_log line:61 [INFO] 预期结果：[{'equals': {'status_code': 200}}]
[2023-06-08 19:07:00,486] logger_util.py->write_log line:61 [INFO] 实际结果：[{'id': 'dcf30b0e-24ec-4f1f-96c1-7716c9c4e2ce', 'groupID': '3452ffb1-8fcf-42c9-8da0-f76bcb1ab2b5', 'name': '类别项92', 'groupName': None}]
[2023-06-08 19:07:00,486] logger_util.py->write_log line:61 [INFO] 接口请求成功！
[2023-06-08 19:07:00,486] logger_util.py->write_log line:61 [INFO] -------------接口请求结束-----------

[2023-06-08 19:07:00,500] logger_util.py->write_log line:61 [INFO] -------------接口请求开始-----------
[2023-06-08 19:07:00,500] logger_util.py->write_log line:61 [INFO] 接口名称：更新报警类别项
[2023-06-08 19:07:00,500] logger_util.py->write_log line:61 [INFO] 接口方式：put
[2023-06-08 19:07:00,500] logger_util.py->write_log line:61 [INFO] 接口路径：http://127.0.0.1:18000/api/v1/alarmtype/update
[2023-06-08 19:07:00,500] logger_util.py->write_log line:61 [INFO] 请求头：{'Content-Type': 'application/json;charset=UTF-8', 'X-Project': 'db9de0e1e7f942b38ff71a16de047b19'}
[2023-06-08 19:07:00,501] logger_util.py->write_log line:61 [INFO] 请求参数：[{'id': 'dcf30b0e-24ec-4f1f-96c1-7716c9c4e2ce', 'groupID': '3452ffb1-8fcf-42c9-8da0-f76bcb1ab2b5', 'name': '更新类别项14', 'groupName': '报警类别组94'}]
[2023-06-08 19:07:00,501] logger_util.py->write_log line:61 [INFO] 文件上传：None
[2023-06-08 19:07:00,605] logger_util.py->write_log line:61 [INFO] 预期结果：[{'equals': {'status_code': 200}}]
[2023-06-08 19:07:00,605] logger_util.py->write_log line:61 [INFO] 实际结果：[{'id': 'dcf30b0e-24ec-4f1f-96c1-7716c9c4e2ce', 'groupID': '3452ffb1-8fcf-42c9-8da0-f76bcb1ab2b5', 'name': '更新类别项14', 'groupName': None}]
[2023-06-08 19:07:00,606] logger_util.py->write_log line:61 [INFO] 接口请求成功！
[2023-06-08 19:07:00,606] logger_util.py->write_log line:61 [INFO] -------------接口请求结束-----------

[2023-06-08 19:07:00,614] logger_util.py->write_log line:61 [INFO] -------------接口请求开始-----------
[2023-06-08 19:07:00,614] logger_util.py->write_log line:61 [INFO] 接口名称：获取报警类别项
[2023-06-08 19:07:00,614] logger_util.py->write_log line:61 [INFO] 接口方式：get
[2023-06-08 19:07:00,614] logger_util.py->write_log line:61 [INFO] 接口路径：http://127.0.0.1:18000/api/v1/alarmtype/query
[2023-06-08 19:07:00,614] logger_util.py->write_log line:61 [INFO] 请求头：{'Content-Type': 'application/json;charset=UTF-8', 'X-Project': 'db9de0e1e7f942b38ff71a16de047b19'}
[2023-06-08 19:07:00,614] logger_util.py->write_log line:61 [INFO] 文件上传：None
[2023-06-08 19:07:00,619] logger_util.py->write_log line:61 [INFO] 预期结果：[{'equals': {'status_code': 200}}]
[2023-06-08 19:07:00,619] logger_util.py->write_log line:61 [INFO] 实际结果：[{'id': '7ce60aa1-0408-409d-bd4f-16316a19e63a', 'groupID': '798fe8fc-4b91-4743-9bb2-c91f62c98327', 'name': '更新类别项33', 'groupName': None}, {'id': '3937caa2-19d0-4ca9-98f7-bfdf6887fa4f', 'groupID': '3be872f8-5ae8-4499-955b-046f8b29b24d', 'name': '更新类别项22', 'groupName': None}, {'id': '33391288-7ec1-4c10-a452-1d452ec83c28', 'groupID': 'df1a27d2-4e75-44d3-92c3-e9bef1703e02', 'name': '更新类别项15', 'groupName': None}, {'id': '400d89c1-8737-4007-82a0-73dba3550535', 'groupID': 'fd5d808a-4290-4b9c-bacc-4a7d7ede7e28', 'name': '更新类别项17', 'groupName': None}, {'id': '71c723af-bffd-4693-86a1-22a44bad035e', 'groupID': '5270e0b1-2e98-4cdd-acab-7080e2533bb2', 'name': '更新类别项50', 'groupName': None}, {'id': 'dcf30b0e-24ec-4f1f-96c1-7716c9c4e2ce', 'groupID': '3452ffb1-8fcf-42c9-8da0-f76bcb1ab2b5', 'name': '更新类别项14', 'groupName': '报警类别组94'}]
[2023-06-08 19:07:00,619] logger_util.py->write_log line:61 [INFO] 接口请求成功！
[2023-06-08 19:07:00,619] logger_util.py->write_log line:61 [INFO] -------------接口请求结束-----------

[2023-06-08 19:07:00,637] logger_util.py->write_log line:61 [INFO] -------------接口请求开始-----------
[2023-06-08 19:07:00,637] logger_util.py->write_log line:61 [INFO] 接口名称：创建报警点
[2023-06-08 19:07:00,637] logger_util.py->write_log line:61 [INFO] 接口方式：post
[2023-06-08 19:07:00,637] logger_util.py->write_log line:61 [INFO] 接口路径：http://127.0.0.1:18000/api/v1/alarmpoint/add
[2023-06-08 19:07:00,637] logger_util.py->write_log line:61 [INFO] 请求头：{'Content-Type': 'application/json;charset=UTF-8', 'X-Project': 'db9de0e1e7f942b38ff71a16de047b19'}
[2023-06-08 19:07:00,637] logger_util.py->write_log line:61 [INFO] 请求参数：[{'groupID': '664fce19-d8ee-4838-b6c8-1f49c5142b0c', 'groupName': '报警组62', 'name': '报警名称90', 'content': '报警信息90', 'expression': 'G1==true', 'levelID': '1bdd0db1-4b1a-4016-b375-a78ad720259c', 'levelName': '报警等级29', 'typeIDs': ['dcf30b0e-24ec-4f1f-96c1-7716c9c4e2ce']}]
[2023-06-08 19:07:00,638] logger_util.py->write_log line:61 [INFO] 文件上传：None
[2023-06-08 19:07:00,832] logger_util.py->write_log line:61 [INFO] 预期结果：[{'equals': {'status_code': 200}}]
[2023-06-08 19:07:00,832] logger_util.py->write_log line:61 [INFO] 实际结果：[{'id': '993a6ebb-fb23-46ed-a7dc-8e93c043f2d7', 'groupID': '664fce19-d8ee-4838-b6c8-1f49c5142b0c', 'groupName': None, 'name': '报警名称90', 'content': '报警信息90', 'expression': 'G1==true', 'levelID': '1bdd0db1-4b1a-4016-b375-a78ad720259c', 'levelName': None, 'typeIDs': [], 'typeNames': [], 'typeNameJoin': ''}]
[2023-06-08 19:07:00,833] logger_util.py->write_log line:61 [INFO] 接口请求成功！
[2023-06-08 19:07:00,833] logger_util.py->write_log line:61 [INFO] -------------接口请求结束-----------

[2023-06-08 19:07:00,854] logger_util.py->write_log line:61 [INFO] -------------接口请求开始-----------
[2023-06-08 19:07:00,854] logger_util.py->write_log line:61 [INFO] 接口名称：更新报警点
[2023-06-08 19:07:00,854] logger_util.py->write_log line:61 [INFO] 接口方式：put
[2023-06-08 19:07:00,854] logger_util.py->write_log line:61 [INFO] 接口路径：http://127.0.0.1:18000/api/v1/alarmpoint/update
[2023-06-08 19:07:00,854] logger_util.py->write_log line:61 [INFO] 请求头：{'Content-Type': 'application/json;charset=UTF-8', 'X-Project': 'db9de0e1e7f942b38ff71a16de047b19'}
[2023-06-08 19:07:00,854] logger_util.py->write_log line:61 [INFO] 请求参数：[{'id': '993a6ebb-fb23-46ed-a7dc-8e93c043f2d7', 'groupID': '664fce19-d8ee-4838-b6c8-1f49c5142b0c', 'groupName': '报警组62', 'name': '更新报警名称28', 'content': '更新报警信息28', 'expression': 'G1==false', 'levelID': '1bdd0db1-4b1a-4016-b375-a78ad720259c', 'levelName': '报警等级29', 'typeIDs': ['dcf30b0e-24ec-4f1f-96c1-7716c9c4e2ce'], 'typeNames': ['更新类别项14'], 'typeNameJoin': '更新类别项14'}]
[2023-06-08 19:07:00,855] logger_util.py->write_log line:61 [INFO] 文件上传：None
[2023-06-08 19:07:01,213] logger_util.py->write_log line:61 [INFO] 预期结果：[{'equals': {'status_code': 200}}]
[2023-06-08 19:07:01,213] logger_util.py->write_log line:61 [INFO] 实际结果：[{'id': '993a6ebb-fb23-46ed-a7dc-8e93c043f2d7', 'groupID': '664fce19-d8ee-4838-b6c8-1f49c5142b0c', 'groupName': None, 'name': '更新报警名称28', 'content': '更新报警信息28', 'expression': 'G1==false', 'levelID': '1bdd0db1-4b1a-4016-b375-a78ad720259c', 'levelName': None, 'typeIDs': [], 'typeNames': [], 'typeNameJoin': ''}]
[2023-06-08 19:07:01,214] logger_util.py->write_log line:61 [INFO] 接口请求成功！
[2023-06-08 19:07:01,214] logger_util.py->write_log line:61 [INFO] -------------接口请求结束-----------

[2023-06-08 19:07:01,232] logger_util.py->write_log line:61 [INFO] -------------接口请求开始-----------
[2023-06-08 19:07:01,232] logger_util.py->write_log line:61 [INFO] 接口名称：查询报警点
[2023-06-08 19:07:01,232] logger_util.py->write_log line:61 [INFO] 接口方式：get
[2023-06-08 19:07:01,232] logger_util.py->write_log line:61 [INFO] 接口路径：http://127.0.0.1:18000/api/v1/alarmpoint/query
[2023-06-08 19:07:01,232] logger_util.py->write_log line:61 [INFO] 请求头：{'Content-Type': 'application/json;charset=UTF-8', 'X-Project': 'db9de0e1e7f942b38ff71a16de047b19'}
[2023-06-08 19:07:01,232] logger_util.py->write_log line:61 [INFO] 文件上传：None
[2023-06-08 19:07:01,239] logger_util.py->write_log line:61 [INFO] 预期结果：[{'equals': {'status_code': 200}}]
[2023-06-08 19:07:01,240] logger_util.py->write_log line:61 [INFO] 实际结果：[{'id': '993a6ebb-fb23-46ed-a7dc-8e93c043f2d7', 'groupID': '664fce19-d8ee-4838-b6c8-1f49c5142b0c', 'groupName': '报警组62', 'name': '更新报警名称28', 'content': '更新报警信息28', 'expression': 'G1==false', 'levelID': '1bdd0db1-4b1a-4016-b375-a78ad720259c', 'levelName': '报警等级29', 'typeIDs': ['dcf30b0e-24ec-4f1f-96c1-7716c9c4e2ce'], 'typeNames': ['更新类别项14'], 'typeNameJoin': '更新类别项14'}]
[2023-06-08 19:07:01,240] logger_util.py->write_log line:61 [INFO] 接口请求成功！
[2023-06-08 19:07:01,240] logger_util.py->write_log line:61 [INFO] -------------接口请求结束-----------

[2023-06-08 19:07:01,248] logger_util.py->write_log line:61 [INFO] -------------接口请求开始-----------
[2023-06-08 19:07:01,248] logger_util.py->write_log line:61 [INFO] 接口名称：删除报警点
[2023-06-08 19:07:01,248] logger_util.py->write_log line:61 [INFO] 接口方式：delete
[2023-06-08 19:07:01,248] logger_util.py->write_log line:61 [INFO] 接口路径：http://127.0.0.1:18000/api/v1/alarmpoint/delete
[2023-06-08 19:07:01,248] logger_util.py->write_log line:61 [INFO] 请求头：{'Content-Type': 'application/json;charset=UTF-8', 'X-Project': 'db9de0e1e7f942b38ff71a16de047b19'}
[2023-06-08 19:07:01,248] logger_util.py->write_log line:61 [INFO] 请求参数：['993a6ebb-fb23-46ed-a7dc-8e93c043f2d7']
[2023-06-08 19:07:01,248] logger_util.py->write_log line:61 [INFO] 文件上传：None
[2023-06-08 19:07:01,351] logger_util.py->write_log line:61 [INFO] 预期结果：[{'equals': {'status_code': 200}}]
[2023-06-08 19:07:01,353] logger_util.py->write_log line:61 [INFO] 实际结果：Delete Success
[2023-06-08 19:07:01,353] logger_util.py->write_log line:61 [INFO] 接口请求成功！
[2023-06-08 19:07:01,353] logger_util.py->write_log line:61 [INFO] -------------接口请求结束-----------

