[2023-08-22 16:23:16,832] logger_util.py->write_log line:61 [INFO] 
-------------接口请求开始-----------
[2023-08-22 16:23:16,833] logger_util.py->write_log line:61 [INFO] 接口名称：创建通道设备IP为空
[2023-08-22 16:23:16,833] logger_util.py->write_log line:61 [INFO] 接口方式：post
[2023-08-22 16:23:16,833] logger_util.py->write_log line:61 [INFO] 接口路径：http://127.0.0.1:18000/api/v1/variable/tunnel
[2023-08-22 16:23:16,833] logger_util.py->write_log line:61 [INFO] 请求头：{}
[2023-08-22 16:23:16,833] logger_util.py->write_log line:61 [INFO] 请求参数：{'parentId': None, 'type': 1, 'name': '通道7817', 'description': '', 'config': {'suppiler': 'ModBus', 'model': 'Modbus_TCP', 'protocol': 'Modbus_TCP', 'parameters': {'ServerName': 'null', 'DeviceID': '1', 'Port': '502', 'HeadAddress': '1', 'ConnectTimeOut': '502', 'ResponseTimeout': '502', 'Int32ByteOrder': '2143', 'Int64ByteOrder': '2143', 'UInt32ByteOrder': '2143', 'UInt64ByteOrder': '2143', 'F32ByteOrder': '3412', 'F64ByteOrder': '2143', 'StrByteOrder': '2143', 'EnableIndependentLink': '禁用', 'EnablePduDiagnosis': '启用', 'PduLength': '502'}}, 'copyConfig': None}
[2023-08-22 16:23:16,834] logger_util.py->write_log line:61 [INFO] 文件上传：None
[2023-08-22 16:23:16,851] logger_util.py->write_log line:61 [INFO] 预期结果：[{'equals': {'status_code': 400}}]
[2023-08-22 16:23:16,851] logger_util.py->write_log line:61 [INFO] 实际结果：通道配置错误：驱动配置中设备IP<null>不正确
[2023-08-22 16:23:16,851] logger_util.py->write_log line:61 [INFO] 接口请求成功！
[2023-08-22 16:23:16,851] logger_util.py->write_log line:61 [INFO] 
-------------接口请求结束-----------

[2023-08-22 16:23:16,856] logger_util.py->write_log line:61 [INFO] 
-------------接口请求开始-----------
[2023-08-22 16:23:16,856] logger_util.py->write_log line:61 [INFO] 接口名称：创建通道设备IP非法
[2023-08-22 16:23:16,856] logger_util.py->write_log line:61 [INFO] 接口方式：post
[2023-08-22 16:23:16,856] logger_util.py->write_log line:61 [INFO] 接口路径：http://127.0.0.1:18000/api/v1/variable/tunnel
[2023-08-22 16:23:16,856] logger_util.py->write_log line:61 [INFO] 请求头：{}
[2023-08-22 16:23:16,856] logger_util.py->write_log line:61 [INFO] 请求参数：{'parentId': None, 'type': 1, 'name': '通道9948', 'description': '', 'config': {'suppiler': 'ModBus', 'model': 'Modbus_TCP', 'protocol': 'Modbus_TCP', 'parameters': {'ServerName': 'abc', 'DeviceID': '1', 'Port': '502', 'HeadAddress': '1', 'ConnectTimeOut': '502', 'ResponseTimeout': '502', 'Int32ByteOrder': '2143', 'Int64ByteOrder': '2143', 'UInt32ByteOrder': '2143', 'UInt64ByteOrder': '2143', 'F32ByteOrder': '3412', 'F64ByteOrder': '2143', 'StrByteOrder': '2143', 'EnableIndependentLink': '禁用', 'EnablePduDiagnosis': '启用', 'PduLength': '502'}}, 'copyConfig': None}
[2023-08-22 16:23:16,856] logger_util.py->write_log line:61 [INFO] 文件上传：None
[2023-08-22 16:23:16,862] logger_util.py->write_log line:61 [INFO] 预期结果：[{'equals': {'status_code': 400}}]
[2023-08-22 16:23:16,862] logger_util.py->write_log line:61 [INFO] 实际结果：通道配置错误：驱动配置中设备IP<abc>不正确
[2023-08-22 16:23:16,863] logger_util.py->write_log line:61 [INFO] 接口请求成功！
[2023-08-22 16:23:16,863] logger_util.py->write_log line:61 [INFO] 
-------------接口请求结束-----------

[2023-08-22 16:23:16,867] logger_util.py->write_log line:61 [INFO] 
-------------接口请求开始-----------
[2023-08-22 16:23:16,867] logger_util.py->write_log line:61 [INFO] 接口名称：创建通道设备ID为空
[2023-08-22 16:23:16,867] logger_util.py->write_log line:61 [INFO] 接口方式：post
[2023-08-22 16:23:16,867] logger_util.py->write_log line:61 [INFO] 接口路径：http://127.0.0.1:18000/api/v1/variable/tunnel
[2023-08-22 16:23:16,867] logger_util.py->write_log line:61 [INFO] 请求头：{}
[2023-08-22 16:23:16,868] logger_util.py->write_log line:61 [INFO] 请求参数：{'parentId': None, 'type': 1, 'name': '通道2394', 'description': '', 'config': {'suppiler': 'ModBus', 'model': 'Modbus_TCP', 'protocol': 'Modbus_TCP', 'parameters': {'ServerName': '127.0.0.1', 'DeviceID': 'null', 'Port': '502', 'HeadAddress': '1', 'ConnectTimeOut': '502', 'ResponseTimeout': '502', 'Int32ByteOrder': '2143', 'Int64ByteOrder': '2143', 'UInt32ByteOrder': '2143', 'UInt64ByteOrder': '2143', 'F32ByteOrder': '3412', 'F64ByteOrder': '2143', 'StrByteOrder': '2143', 'EnableIndependentLink': '禁用', 'EnablePduDiagnosis': '启用', 'PduLength': '502'}}, 'copyConfig': None}
[2023-08-22 16:23:16,868] logger_util.py->write_log line:61 [INFO] 文件上传：None
[2023-08-22 16:23:16,873] logger_util.py->write_log line:61 [INFO] 预期结果：[{'equals': {'status_code': 400}}]
[2023-08-22 16:23:16,873] logger_util.py->write_log line:61 [INFO] 实际结果：通道配置错误：驱动配置中设备ID<null>不正确
[2023-08-22 16:23:16,873] logger_util.py->write_log line:61 [INFO] 接口请求成功！
[2023-08-22 16:23:16,873] logger_util.py->write_log line:61 [INFO] 
-------------接口请求结束-----------

[2023-08-22 16:23:16,878] logger_util.py->write_log line:61 [INFO] 
-------------接口请求开始-----------
[2023-08-22 16:23:16,878] logger_util.py->write_log line:61 [INFO] 接口名称：创建通道设备ID非法
[2023-08-22 16:23:16,878] logger_util.py->write_log line:61 [INFO] 接口方式：post
[2023-08-22 16:23:16,878] logger_util.py->write_log line:61 [INFO] 接口路径：http://127.0.0.1:18000/api/v1/variable/tunnel
[2023-08-22 16:23:16,878] logger_util.py->write_log line:61 [INFO] 请求头：{}
[2023-08-22 16:23:16,879] logger_util.py->write_log line:61 [INFO] 请求参数：{'parentId': None, 'type': 1, 'name': '通道3142', 'description': '', 'config': {'suppiler': 'ModBus', 'model': 'Modbus_TCP', 'protocol': 'Modbus_TCP', 'parameters': {'ServerName': '127.0.0.1', 'DeviceID': 'abc', 'Port': '502', 'HeadAddress': '1', 'ConnectTimeOut': '502', 'ResponseTimeout': '502', 'Int32ByteOrder': '2143', 'Int64ByteOrder': '2143', 'UInt32ByteOrder': '2143', 'UInt64ByteOrder': '2143', 'F32ByteOrder': '3412', 'F64ByteOrder': '2143', 'StrByteOrder': '2143', 'EnableIndependentLink': '禁用', 'EnablePduDiagnosis': '启用', 'PduLength': '502'}}, 'copyConfig': None}
[2023-08-22 16:23:16,879] logger_util.py->write_log line:61 [INFO] 文件上传：None
[2023-08-22 16:23:16,884] logger_util.py->write_log line:61 [INFO] 预期结果：[{'equals': {'status_code': 400}}]
[2023-08-22 16:23:16,884] logger_util.py->write_log line:61 [INFO] 实际结果：通道配置错误：驱动配置中设备ID<abc>不正确
[2023-08-22 16:23:16,884] logger_util.py->write_log line:61 [INFO] 接口请求成功！
[2023-08-22 16:23:16,884] logger_util.py->write_log line:61 [INFO] 
-------------接口请求结束-----------

[2023-08-22 16:23:16,889] logger_util.py->write_log line:61 [INFO] 
-------------接口请求开始-----------
[2023-08-22 16:23:16,889] logger_util.py->write_log line:61 [INFO] 接口名称：创建通道端口号为空
[2023-08-22 16:23:16,889] logger_util.py->write_log line:61 [INFO] 接口方式：post
[2023-08-22 16:23:16,889] logger_util.py->write_log line:61 [INFO] 接口路径：http://127.0.0.1:18000/api/v1/variable/tunnel
[2023-08-22 16:23:16,889] logger_util.py->write_log line:61 [INFO] 请求头：{}
[2023-08-22 16:23:16,889] logger_util.py->write_log line:61 [INFO] 请求参数：{'parentId': None, 'type': 1, 'name': '通道4846', 'description': '', 'config': {'suppiler': 'ModBus', 'model': 'Modbus_TCP', 'protocol': 'Modbus_TCP', 'parameters': {'ServerName': '127.0.0.1', 'DeviceID': '1', 'Port': 'null', 'HeadAddress': '1', 'ConnectTimeOut': 'null', 'ResponseTimeout': 'null', 'Int32ByteOrder': '2143', 'Int64ByteOrder': '2143', 'UInt32ByteOrder': '2143', 'UInt64ByteOrder': '2143', 'F32ByteOrder': '3412', 'F64ByteOrder': '2143', 'StrByteOrder': '2143', 'EnableIndependentLink': '禁用', 'EnablePduDiagnosis': '启用', 'PduLength': 'null'}}, 'copyConfig': None}
[2023-08-22 16:23:16,889] logger_util.py->write_log line:61 [INFO] 文件上传：None
[2023-08-22 16:23:16,895] logger_util.py->write_log line:61 [INFO] 预期结果：[{'equals': {'status_code': 400}}]
[2023-08-22 16:23:16,895] logger_util.py->write_log line:61 [INFO] 实际结果：通道配置错误：驱动配置中端口号<null>不正确
[2023-08-22 16:23:16,895] logger_util.py->write_log line:61 [INFO] 接口请求成功！
[2023-08-22 16:23:16,896] logger_util.py->write_log line:61 [INFO] 
-------------接口请求结束-----------

[2023-08-22 16:23:16,900] logger_util.py->write_log line:61 [INFO] 
-------------接口请求开始-----------
[2023-08-22 16:23:16,900] logger_util.py->write_log line:61 [INFO] 接口名称：创建通道端口号非法
[2023-08-22 16:23:16,900] logger_util.py->write_log line:61 [INFO] 接口方式：post
[2023-08-22 16:23:16,900] logger_util.py->write_log line:61 [INFO] 接口路径：http://127.0.0.1:18000/api/v1/variable/tunnel
[2023-08-22 16:23:16,900] logger_util.py->write_log line:61 [INFO] 请求头：{}
[2023-08-22 16:23:16,900] logger_util.py->write_log line:61 [INFO] 请求参数：{'parentId': None, 'type': 1, 'name': '通道6461', 'description': '', 'config': {'suppiler': 'ModBus', 'model': 'Modbus_TCP', 'protocol': 'Modbus_TCP', 'parameters': {'ServerName': '127.0.0.1', 'DeviceID': '1', 'Port': 'abc', 'HeadAddress': '1', 'ConnectTimeOut': 'abc', 'ResponseTimeout': 'abc', 'Int32ByteOrder': '2143', 'Int64ByteOrder': '2143', 'UInt32ByteOrder': '2143', 'UInt64ByteOrder': '2143', 'F32ByteOrder': '3412', 'F64ByteOrder': '2143', 'StrByteOrder': '2143', 'EnableIndependentLink': '禁用', 'EnablePduDiagnosis': '启用', 'PduLength': 'abc'}}, 'copyConfig': None}
[2023-08-22 16:23:16,901] logger_util.py->write_log line:61 [INFO] 文件上传：None
[2023-08-22 16:23:16,907] logger_util.py->write_log line:61 [INFO] 预期结果：[{'equals': {'status_code': 400}}]
[2023-08-22 16:23:16,907] logger_util.py->write_log line:61 [INFO] 实际结果：通道配置错误：驱动配置中端口号<abc>不正确
[2023-08-22 16:23:16,907] logger_util.py->write_log line:61 [INFO] 接口请求成功！
[2023-08-22 16:23:16,907] logger_util.py->write_log line:61 [INFO] 
-------------接口请求结束-----------

[2023-08-22 16:23:16,912] logger_util.py->write_log line:61 [INFO] 
-------------接口请求开始-----------
[2023-08-22 16:23:16,912] logger_util.py->write_log line:61 [INFO] 接口名称：创建通道连接超时为空
[2023-08-22 16:23:16,912] logger_util.py->write_log line:61 [INFO] 接口方式：post
[2023-08-22 16:23:16,912] logger_util.py->write_log line:61 [INFO] 接口路径：http://127.0.0.1:18000/api/v1/variable/tunnel
[2023-08-22 16:23:16,912] logger_util.py->write_log line:61 [INFO] 请求头：{}
[2023-08-22 16:23:16,912] logger_util.py->write_log line:61 [INFO] 请求参数：{'parentId': None, 'type': 1, 'name': '通道1789', 'description': '', 'config': {'suppiler': 'ModBus', 'model': 'Modbus_TCP', 'protocol': 'Modbus_TCP', 'parameters': {'ServerName': '127.0.0.1', 'DeviceID': '1', 'Port': '502', 'HeadAddress': '1', 'ConnectTimeOut': '502', 'ResponseTimeout': '502', 'Int32ByteOrder': '2143', 'Int64ByteOrder': '2143', 'UInt32ByteOrder': '2143', 'UInt64ByteOrder': '2143', 'F32ByteOrder': '3412', 'F64ByteOrder': '2143', 'StrByteOrder': '2143', 'EnableIndependentLink': '禁用', 'EnablePduDiagnosis': '启用', 'PduLength': '502'}}, 'copyConfig': None}
[2023-08-22 16:23:16,912] logger_util.py->write_log line:61 [INFO] 文件上传：None
[2023-08-22 16:23:16,932] logger_util.py->error_log line:65 [INFO] 断言失败:status_code不等于400
[2023-08-22 16:23:16,933] logger_util.py->write_log line:61 [INFO] 接口请求失败！
[2023-08-22 16:23:16,933] logger_util.py->write_log line:61 [INFO] -------------接口请求结束-----------

[2023-08-22 16:23:16,933] logger_util.py->error_log line:65 [INFO] 断言异常：异常信息: Traceback (most recent call last):
  File "E:\Project_python\api_cms\common\requests_util.py", line 347, in validate_result
    error_log("断言失败:"+assert_key+"不等于"+str(assert_value))
  File "E:\Project_python\api_cms\common\logger_util.py", line 66, in error_log
    raise Exception(log_message)
Exception: 断言失败:status_code不等于400

[2023-08-22 16:23:16,934] logger_util.py->error_log line:65 [INFO] 分析YAML文件异常：异常信息: Traceback (most recent call last):
  File "E:\Project_python\api_cms\common\requests_util.py", line 347, in validate_result
    error_log("断言失败:"+assert_key+"不等于"+str(assert_value))
  File "E:\Project_python\api_cms\common\logger_util.py", line 66, in error_log
    raise Exception(log_message)
Exception: 断言失败:status_code不等于400

During handling of the above exception, another exception occurred:

Traceback (most recent call last):
  File "E:\Project_python\api_cms\common\requests_util.py", line 232, in analysis_yaml
    self.validate_result(yq_result, return_data, status_code)
  File "E:\Project_python\api_cms\common\requests_util.py", line 401, in validate_result
    error_log("断言异常：异常信息: %s" % str(traceback.format_exc()))
  File "E:\Project_python\api_cms\common\logger_util.py", line 66, in error_log
    raise Exception(log_message)
Exception: 断言异常：异常信息: Traceback (most recent call last):
  File "E:\Project_python\api_cms\common\requests_util.py", line 347, in validate_result
    error_log("断言失败:"+assert_key+"不等于"+str(assert_value))
  File "E:\Project_python\api_cms\common\logger_util.py", line 66, in error_log
    raise Exception(log_message)
Exception: 断言失败:status_code不等于400


[2023-08-22 16:23:17,037] logger_util.py->write_log line:61 [INFO] 
-------------接口请求开始-----------
[2023-08-22 16:23:17,037] logger_util.py->write_log line:61 [INFO] 接口名称：创建通道连接超时非法
[2023-08-22 16:23:17,037] logger_util.py->write_log line:61 [INFO] 接口方式：post
[2023-08-22 16:23:17,037] logger_util.py->write_log line:61 [INFO] 接口路径：http://127.0.0.1:18000/api/v1/variable/tunnel
[2023-08-22 16:23:17,037] logger_util.py->write_log line:61 [INFO] 请求头：{}
[2023-08-22 16:23:17,037] logger_util.py->write_log line:61 [INFO] 请求参数：{'parentId': None, 'type': 1, 'name': '通道5294', 'description': '', 'config': {'suppiler': 'ModBus', 'model': 'Modbus_TCP', 'protocol': 'Modbus_TCP', 'parameters': {'ServerName': '127.0.0.1', 'DeviceID': '1', 'Port': '502', 'HeadAddress': '1', 'ConnectTimeOut': '502', 'ResponseTimeout': '502', 'Int32ByteOrder': '2143', 'Int64ByteOrder': '2143', 'UInt32ByteOrder': '2143', 'UInt64ByteOrder': '2143', 'F32ByteOrder': '3412', 'F64ByteOrder': '2143', 'StrByteOrder': '2143', 'EnableIndependentLink': '禁用', 'EnablePduDiagnosis': '启用', 'PduLength': '502'}}, 'copyConfig': None}
[2023-08-22 16:23:17,037] logger_util.py->write_log line:61 [INFO] 文件上传：None
[2023-08-22 16:23:17,056] logger_util.py->error_log line:65 [INFO] 断言失败:status_code不等于400
[2023-08-22 16:23:17,056] logger_util.py->write_log line:61 [INFO] 接口请求失败！
[2023-08-22 16:23:17,056] logger_util.py->write_log line:61 [INFO] -------------接口请求结束-----------

[2023-08-22 16:23:17,056] logger_util.py->error_log line:65 [INFO] 断言异常：异常信息: Traceback (most recent call last):
  File "E:\Project_python\api_cms\common\requests_util.py", line 347, in validate_result
    error_log("断言失败:"+assert_key+"不等于"+str(assert_value))
  File "E:\Project_python\api_cms\common\logger_util.py", line 66, in error_log
    raise Exception(log_message)
Exception: 断言失败:status_code不等于400

[2023-08-22 16:23:17,056] logger_util.py->error_log line:65 [INFO] 分析YAML文件异常：异常信息: Traceback (most recent call last):
  File "E:\Project_python\api_cms\common\requests_util.py", line 347, in validate_result
    error_log("断言失败:"+assert_key+"不等于"+str(assert_value))
  File "E:\Project_python\api_cms\common\logger_util.py", line 66, in error_log
    raise Exception(log_message)
Exception: 断言失败:status_code不等于400

During handling of the above exception, another exception occurred:

Traceback (most recent call last):
  File "E:\Project_python\api_cms\common\requests_util.py", line 232, in analysis_yaml
    self.validate_result(yq_result, return_data, status_code)
  File "E:\Project_python\api_cms\common\requests_util.py", line 401, in validate_result
    error_log("断言异常：异常信息: %s" % str(traceback.format_exc()))
  File "E:\Project_python\api_cms\common\logger_util.py", line 66, in error_log
    raise Exception(log_message)
Exception: 断言异常：异常信息: Traceback (most recent call last):
  File "E:\Project_python\api_cms\common\requests_util.py", line 347, in validate_result
    error_log("断言失败:"+assert_key+"不等于"+str(assert_value))
  File "E:\Project_python\api_cms\common\logger_util.py", line 66, in error_log
    raise Exception(log_message)
Exception: 断言失败:status_code不等于400


[2023-08-22 16:23:17,082] logger_util.py->write_log line:61 [INFO] 
-------------接口请求开始-----------
[2023-08-22 16:23:17,083] logger_util.py->write_log line:61 [INFO] 接口名称：创建通道响应超时为空
[2023-08-22 16:23:17,083] logger_util.py->write_log line:61 [INFO] 接口方式：post
[2023-08-22 16:23:17,083] logger_util.py->write_log line:61 [INFO] 接口路径：http://127.0.0.1:18000/api/v1/variable/tunnel
[2023-08-22 16:23:17,083] logger_util.py->write_log line:61 [INFO] 请求头：{}
[2023-08-22 16:23:17,083] logger_util.py->write_log line:61 [INFO] 请求参数：{'parentId': None, 'type': 1, 'name': '通道7356', 'description': '', 'config': {'suppiler': 'ModBus', 'model': 'Modbus_TCP', 'protocol': 'Modbus_TCP', 'parameters': {'ServerName': '127.0.0.1', 'DeviceID': '1', 'Port': '502', 'HeadAddress': '1', 'ConnectTimeOut': '502', 'ResponseTimeout': '502', 'Int32ByteOrder': '2143', 'Int64ByteOrder': '2143', 'UInt32ByteOrder': '2143', 'UInt64ByteOrder': '2143', 'F32ByteOrder': '3412', 'F64ByteOrder': '2143', 'StrByteOrder': '2143', 'EnableIndependentLink': '禁用', 'EnablePduDiagnosis': '启用', 'PduLength': '502'}}, 'copyConfig': None}
[2023-08-22 16:23:17,083] logger_util.py->write_log line:61 [INFO] 文件上传：None
[2023-08-22 16:23:17,102] logger_util.py->error_log line:65 [INFO] 断言失败:status_code不等于400
[2023-08-22 16:23:17,102] logger_util.py->write_log line:61 [INFO] 接口请求失败！
[2023-08-22 16:23:17,102] logger_util.py->write_log line:61 [INFO] -------------接口请求结束-----------

[2023-08-22 16:23:17,102] logger_util.py->error_log line:65 [INFO] 断言异常：异常信息: Traceback (most recent call last):
  File "E:\Project_python\api_cms\common\requests_util.py", line 347, in validate_result
    error_log("断言失败:"+assert_key+"不等于"+str(assert_value))
  File "E:\Project_python\api_cms\common\logger_util.py", line 66, in error_log
    raise Exception(log_message)
Exception: 断言失败:status_code不等于400

[2023-08-22 16:23:17,103] logger_util.py->error_log line:65 [INFO] 分析YAML文件异常：异常信息: Traceback (most recent call last):
  File "E:\Project_python\api_cms\common\requests_util.py", line 347, in validate_result
    error_log("断言失败:"+assert_key+"不等于"+str(assert_value))
  File "E:\Project_python\api_cms\common\logger_util.py", line 66, in error_log
    raise Exception(log_message)
Exception: 断言失败:status_code不等于400

During handling of the above exception, another exception occurred:

Traceback (most recent call last):
  File "E:\Project_python\api_cms\common\requests_util.py", line 232, in analysis_yaml
    self.validate_result(yq_result, return_data, status_code)
  File "E:\Project_python\api_cms\common\requests_util.py", line 401, in validate_result
    error_log("断言异常：异常信息: %s" % str(traceback.format_exc()))
  File "E:\Project_python\api_cms\common\logger_util.py", line 66, in error_log
    raise Exception(log_message)
Exception: 断言异常：异常信息: Traceback (most recent call last):
  File "E:\Project_python\api_cms\common\requests_util.py", line 347, in validate_result
    error_log("断言失败:"+assert_key+"不等于"+str(assert_value))
  File "E:\Project_python\api_cms\common\logger_util.py", line 66, in error_log
    raise Exception(log_message)
Exception: 断言失败:status_code不等于400


[2023-08-22 16:23:17,128] logger_util.py->write_log line:61 [INFO] 
-------------接口请求开始-----------
[2023-08-22 16:23:17,128] logger_util.py->write_log line:61 [INFO] 接口名称：创建通道响应超时非法
[2023-08-22 16:23:17,128] logger_util.py->write_log line:61 [INFO] 接口方式：post
[2023-08-22 16:23:17,128] logger_util.py->write_log line:61 [INFO] 接口路径：http://127.0.0.1:18000/api/v1/variable/tunnel
[2023-08-22 16:23:17,128] logger_util.py->write_log line:61 [INFO] 请求头：{}
[2023-08-22 16:23:17,128] logger_util.py->write_log line:61 [INFO] 请求参数：{'parentId': None, 'type': 1, 'name': '通道7999', 'description': '', 'config': {'suppiler': 'ModBus', 'model': 'Modbus_TCP', 'protocol': 'Modbus_TCP', 'parameters': {'ServerName': '127.0.0.1', 'DeviceID': '1', 'Port': '502', 'HeadAddress': '1', 'ConnectTimeOut': '502', 'ResponseTimeout': '502', 'Int32ByteOrder': '2143', 'Int64ByteOrder': '2143', 'UInt32ByteOrder': '2143', 'UInt64ByteOrder': '2143', 'F32ByteOrder': '3412', 'F64ByteOrder': '2143', 'StrByteOrder': '2143', 'EnableIndependentLink': '禁用', 'EnablePduDiagnosis': '启用', 'PduLength': '502'}}, 'copyConfig': None}
[2023-08-22 16:23:17,128] logger_util.py->write_log line:61 [INFO] 文件上传：None
[2023-08-22 16:23:17,149] logger_util.py->error_log line:65 [INFO] 断言失败:status_code不等于400
[2023-08-22 16:23:17,149] logger_util.py->write_log line:61 [INFO] 接口请求失败！
[2023-08-22 16:23:17,149] logger_util.py->write_log line:61 [INFO] -------------接口请求结束-----------

[2023-08-22 16:23:17,150] logger_util.py->error_log line:65 [INFO] 断言异常：异常信息: Traceback (most recent call last):
  File "E:\Project_python\api_cms\common\requests_util.py", line 347, in validate_result
    error_log("断言失败:"+assert_key+"不等于"+str(assert_value))
  File "E:\Project_python\api_cms\common\logger_util.py", line 66, in error_log
    raise Exception(log_message)
Exception: 断言失败:status_code不等于400

[2023-08-22 16:23:17,150] logger_util.py->error_log line:65 [INFO] 分析YAML文件异常：异常信息: Traceback (most recent call last):
  File "E:\Project_python\api_cms\common\requests_util.py", line 347, in validate_result
    error_log("断言失败:"+assert_key+"不等于"+str(assert_value))
  File "E:\Project_python\api_cms\common\logger_util.py", line 66, in error_log
    raise Exception(log_message)
Exception: 断言失败:status_code不等于400

During handling of the above exception, another exception occurred:

Traceback (most recent call last):
  File "E:\Project_python\api_cms\common\requests_util.py", line 232, in analysis_yaml
    self.validate_result(yq_result, return_data, status_code)
  File "E:\Project_python\api_cms\common\requests_util.py", line 401, in validate_result
    error_log("断言异常：异常信息: %s" % str(traceback.format_exc()))
  File "E:\Project_python\api_cms\common\logger_util.py", line 66, in error_log
    raise Exception(log_message)
Exception: 断言异常：异常信息: Traceback (most recent call last):
  File "E:\Project_python\api_cms\common\requests_util.py", line 347, in validate_result
    error_log("断言失败:"+assert_key+"不等于"+str(assert_value))
  File "E:\Project_python\api_cms\common\logger_util.py", line 66, in error_log
    raise Exception(log_message)
Exception: 断言失败:status_code不等于400


[2023-08-22 16:23:17,176] logger_util.py->write_log line:61 [INFO] 
-------------接口请求开始-----------
[2023-08-22 16:23:17,176] logger_util.py->write_log line:61 [INFO] 接口名称：创建通道PDU长度为空
[2023-08-22 16:23:17,176] logger_util.py->write_log line:61 [INFO] 接口方式：post
[2023-08-22 16:23:17,176] logger_util.py->write_log line:61 [INFO] 接口路径：http://127.0.0.1:18000/api/v1/variable/tunnel
[2023-08-22 16:23:17,176] logger_util.py->write_log line:61 [INFO] 请求头：{}
[2023-08-22 16:23:17,176] logger_util.py->write_log line:61 [INFO] 请求参数：{'parentId': None, 'type': 1, 'name': '通道3254', 'description': '', 'config': {'suppiler': 'ModBus', 'model': 'Modbus_TCP', 'protocol': 'Modbus_TCP', 'parameters': {'ServerName': '127.0.0.1', 'DeviceID': '1', 'Port': '502', 'HeadAddress': '1', 'ConnectTimeOut': '502', 'ResponseTimeout': '502', 'Int32ByteOrder': '2143', 'Int64ByteOrder': '2143', 'UInt32ByteOrder': '2143', 'UInt64ByteOrder': '2143', 'F32ByteOrder': '3412', 'F64ByteOrder': '2143', 'StrByteOrder': '2143', 'EnableIndependentLink': '禁用', 'EnablePduDiagnosis': '启用', 'PduLength': '502'}}, 'copyConfig': None}
[2023-08-22 16:23:17,176] logger_util.py->write_log line:61 [INFO] 文件上传：None
[2023-08-22 16:23:17,195] logger_util.py->error_log line:65 [INFO] 断言失败:status_code不等于400
[2023-08-22 16:23:17,195] logger_util.py->write_log line:61 [INFO] 接口请求失败！
[2023-08-22 16:23:17,195] logger_util.py->write_log line:61 [INFO] -------------接口请求结束-----------

[2023-08-22 16:23:17,196] logger_util.py->error_log line:65 [INFO] 断言异常：异常信息: Traceback (most recent call last):
  File "E:\Project_python\api_cms\common\requests_util.py", line 347, in validate_result
    error_log("断言失败:"+assert_key+"不等于"+str(assert_value))
  File "E:\Project_python\api_cms\common\logger_util.py", line 66, in error_log
    raise Exception(log_message)
Exception: 断言失败:status_code不等于400

[2023-08-22 16:23:17,196] logger_util.py->error_log line:65 [INFO] 分析YAML文件异常：异常信息: Traceback (most recent call last):
  File "E:\Project_python\api_cms\common\requests_util.py", line 347, in validate_result
    error_log("断言失败:"+assert_key+"不等于"+str(assert_value))
  File "E:\Project_python\api_cms\common\logger_util.py", line 66, in error_log
    raise Exception(log_message)
Exception: 断言失败:status_code不等于400

During handling of the above exception, another exception occurred:

Traceback (most recent call last):
  File "E:\Project_python\api_cms\common\requests_util.py", line 232, in analysis_yaml
    self.validate_result(yq_result, return_data, status_code)
  File "E:\Project_python\api_cms\common\requests_util.py", line 401, in validate_result
    error_log("断言异常：异常信息: %s" % str(traceback.format_exc()))
  File "E:\Project_python\api_cms\common\logger_util.py", line 66, in error_log
    raise Exception(log_message)
Exception: 断言异常：异常信息: Traceback (most recent call last):
  File "E:\Project_python\api_cms\common\requests_util.py", line 347, in validate_result
    error_log("断言失败:"+assert_key+"不等于"+str(assert_value))
  File "E:\Project_python\api_cms\common\logger_util.py", line 66, in error_log
    raise Exception(log_message)
Exception: 断言失败:status_code不等于400


[2023-08-22 16:23:17,221] logger_util.py->write_log line:61 [INFO] 
-------------接口请求开始-----------
[2023-08-22 16:23:17,222] logger_util.py->write_log line:61 [INFO] 接口名称：创建通道PDU长度非法
[2023-08-22 16:23:17,222] logger_util.py->write_log line:61 [INFO] 接口方式：post
[2023-08-22 16:23:17,222] logger_util.py->write_log line:61 [INFO] 接口路径：http://127.0.0.1:18000/api/v1/variable/tunnel
[2023-08-22 16:23:17,222] logger_util.py->write_log line:61 [INFO] 请求头：{}
[2023-08-22 16:23:17,222] logger_util.py->write_log line:61 [INFO] 请求参数：{'parentId': None, 'type': 1, 'name': '通道8124', 'description': '', 'config': {'suppiler': 'ModBus', 'model': 'Modbus_TCP', 'protocol': 'Modbus_TCP', 'parameters': {'ServerName': '127.0.0.1', 'DeviceID': '1', 'Port': '502', 'HeadAddress': '1', 'ConnectTimeOut': '502', 'ResponseTimeout': '502', 'Int32ByteOrder': '2143', 'Int64ByteOrder': '2143', 'UInt32ByteOrder': '2143', 'UInt64ByteOrder': '2143', 'F32ByteOrder': '3412', 'F64ByteOrder': '2143', 'StrByteOrder': '2143', 'EnableIndependentLink': '禁用', 'EnablePduDiagnosis': '启用', 'PduLength': '502'}}, 'copyConfig': None}
[2023-08-22 16:23:17,222] logger_util.py->write_log line:61 [INFO] 文件上传：None
[2023-08-22 16:23:17,243] logger_util.py->error_log line:65 [INFO] 断言失败:status_code不等于400
[2023-08-22 16:23:17,243] logger_util.py->write_log line:61 [INFO] 接口请求失败！
[2023-08-22 16:23:17,244] logger_util.py->write_log line:61 [INFO] -------------接口请求结束-----------

[2023-08-22 16:23:17,244] logger_util.py->error_log line:65 [INFO] 断言异常：异常信息: Traceback (most recent call last):
  File "E:\Project_python\api_cms\common\requests_util.py", line 347, in validate_result
    error_log("断言失败:"+assert_key+"不等于"+str(assert_value))
  File "E:\Project_python\api_cms\common\logger_util.py", line 66, in error_log
    raise Exception(log_message)
Exception: 断言失败:status_code不等于400

[2023-08-22 16:23:17,244] logger_util.py->error_log line:65 [INFO] 分析YAML文件异常：异常信息: Traceback (most recent call last):
  File "E:\Project_python\api_cms\common\requests_util.py", line 347, in validate_result
    error_log("断言失败:"+assert_key+"不等于"+str(assert_value))
  File "E:\Project_python\api_cms\common\logger_util.py", line 66, in error_log
    raise Exception(log_message)
Exception: 断言失败:status_code不等于400

During handling of the above exception, another exception occurred:

Traceback (most recent call last):
  File "E:\Project_python\api_cms\common\requests_util.py", line 232, in analysis_yaml
    self.validate_result(yq_result, return_data, status_code)
  File "E:\Project_python\api_cms\common\requests_util.py", line 401, in validate_result
    error_log("断言异常：异常信息: %s" % str(traceback.format_exc()))
  File "E:\Project_python\api_cms\common\logger_util.py", line 66, in error_log
    raise Exception(log_message)
Exception: 断言异常：异常信息: Traceback (most recent call last):
  File "E:\Project_python\api_cms\common\requests_util.py", line 347, in validate_result
    error_log("断言失败:"+assert_key+"不等于"+str(assert_value))
  File "E:\Project_python\api_cms\common\logger_util.py", line 66, in error_log
    raise Exception(log_message)
Exception: 断言失败:status_code不等于400


