[2023-08-24 14:39:02,971] logger_util.py->write_log line:61 [INFO] 
-------------接口请求开始-----------
[2023-08-24 14:39:02,971] logger_util.py->write_log line:61 [INFO] 接口名称：读取io变量-B1-int8缩放比：10
[2023-08-24 14:39:02,971] logger_util.py->write_log line:61 [INFO] 接口方式：post
[2023-08-24 14:39:02,971] logger_util.py->write_log line:61 [INFO] 接口路径：http://127.0.0.1:18000/api/v1/variable/getvalues
[2023-08-24 14:39:02,971] logger_util.py->write_log line:61 [INFO] 请求头：{'X-Project': 'a68f8739e9094911b0f74421369649cb', 'Authorization': 'Bearer eyJhbGciOiJIUzI1NiIsInR5cCI6IkpXVCJ9.eyJodHRwOi8vc2NoZW1hcy54bWxzb2FwLm9yZy93cy8yMDA1LzA1L2lkZW50aXR5L2NsYWltcy9uYW1lIjoiU3VwZXJBZG1pbiIsImh0dHA6Ly9zY2hlbWFzLnhtbHNvYXAub3JnL3dzLzIwMDUvMDUvaWRlbnRpdHkvY2xhaW1zL25hbWVpZGVudGlmaWVyIjoiU3VwZXJBZG1pbiIsImV4cCI6MTY5MzQ1MTIxNSwiaXNzIjoiQ01TdjIiLCJhdWQiOiJBcGkifQ.gj3Q5rVSuyTzguP8vMuwVhc3w3UHSBpckDQcczgjy6s'}
[2023-08-24 14:39:02,972] logger_util.py->write_log line:61 [INFO] 请求参数：['B1']
[2023-08-24 14:39:02,972] logger_util.py->write_log line:61 [INFO] 文件上传：None
[2023-08-24 14:39:02,985] logger_util.py->write_log line:61 [INFO] 预期结果：[{'equals': {'status_code': 200}}]
[2023-08-24 14:39:02,985] logger_util.py->write_log line:61 [INFO] 实际结果：{'B1': '-120'}
[2023-08-24 14:39:02,985] logger_util.py->write_log line:61 [INFO] 接口请求成功！
[2023-08-24 14:39:02,986] logger_util.py->write_log line:61 [INFO] 
-------------接口请求结束-----------

[2023-08-24 14:39:03,195] logger_util.py->write_log line:61 [INFO] 
-------------接口请求开始-----------
[2023-08-24 14:39:03,195] logger_util.py->write_log line:61 [INFO] 接口名称：读取io变量-B2-int8缩放比：0.1
[2023-08-24 14:39:03,195] logger_util.py->write_log line:61 [INFO] 接口方式：post
[2023-08-24 14:39:03,195] logger_util.py->write_log line:61 [INFO] 接口路径：http://127.0.0.1:18000/api/v1/variable/getvalues
[2023-08-24 14:39:03,195] logger_util.py->write_log line:61 [INFO] 请求头：{'X-Project': 'a68f8739e9094911b0f74421369649cb', 'Authorization': 'Bearer eyJhbGciOiJIUzI1NiIsInR5cCI6IkpXVCJ9.eyJodHRwOi8vc2NoZW1hcy54bWxzb2FwLm9yZy93cy8yMDA1LzA1L2lkZW50aXR5L2NsYWltcy9uYW1lIjoiU3VwZXJBZG1pbiIsImh0dHA6Ly9zY2hlbWFzLnhtbHNvYXAub3JnL3dzLzIwMDUvMDUvaWRlbnRpdHkvY2xhaW1zL25hbWVpZGVudGlmaWVyIjoiU3VwZXJBZG1pbiIsImV4cCI6MTY5MzQ1MTIxNSwiaXNzIjoiQ01TdjIiLCJhdWQiOiJBcGkifQ.gj3Q5rVSuyTzguP8vMuwVhc3w3UHSBpckDQcczgjy6s'}
[2023-08-24 14:39:03,195] logger_util.py->write_log line:61 [INFO] 请求参数：['B2']
[2023-08-24 14:39:03,195] logger_util.py->write_log line:61 [INFO] 文件上传：None
[2023-08-24 14:39:03,198] logger_util.py->write_log line:61 [INFO] 预期结果：[{'equals': {'status_code': 200}}]
[2023-08-24 14:39:03,198] logger_util.py->write_log line:61 [INFO] 实际结果：{'B2': '-12'}
[2023-08-24 14:39:03,198] logger_util.py->write_log line:61 [INFO] 接口请求成功！
[2023-08-24 14:39:03,198] logger_util.py->write_log line:61 [INFO] 
-------------接口请求结束-----------

[2023-08-24 14:39:03,414] logger_util.py->write_log line:61 [INFO] 
-------------接口请求开始-----------
[2023-08-24 14:39:03,414] logger_util.py->write_log line:61 [INFO] 接口名称：读取io变量-B3-int16缩放比：0.01，小数位：1，舍位
[2023-08-24 14:39:03,414] logger_util.py->write_log line:61 [INFO] 接口方式：post
[2023-08-24 14:39:03,414] logger_util.py->write_log line:61 [INFO] 接口路径：http://127.0.0.1:18000/api/v1/variable/getvalues
[2023-08-24 14:39:03,414] logger_util.py->write_log line:61 [INFO] 请求头：{'X-Project': 'a68f8739e9094911b0f74421369649cb', 'Authorization': 'Bearer eyJhbGciOiJIUzI1NiIsInR5cCI6IkpXVCJ9.eyJodHRwOi8vc2NoZW1hcy54bWxzb2FwLm9yZy93cy8yMDA1LzA1L2lkZW50aXR5L2NsYWltcy9uYW1lIjoiU3VwZXJBZG1pbiIsImh0dHA6Ly9zY2hlbWFzLnhtbHNvYXAub3JnL3dzLzIwMDUvMDUvaWRlbnRpdHkvY2xhaW1zL25hbWVpZGVudGlmaWVyIjoiU3VwZXJBZG1pbiIsImV4cCI6MTY5MzQ1MTIxNSwiaXNzIjoiQ01TdjIiLCJhdWQiOiJBcGkifQ.gj3Q5rVSuyTzguP8vMuwVhc3w3UHSBpckDQcczgjy6s'}
[2023-08-24 14:39:03,415] logger_util.py->write_log line:61 [INFO] 请求参数：['B3']
[2023-08-24 14:39:03,415] logger_util.py->write_log line:61 [INFO] 文件上传：None
[2023-08-24 14:39:03,417] logger_util.py->write_log line:61 [INFO] 预期结果：[{'equals': {'status_code': 200}}]
[2023-08-24 14:39:03,417] logger_util.py->write_log line:61 [INFO] 实际结果：{'B3': '-327.6'}
[2023-08-24 14:39:03,417] logger_util.py->write_log line:61 [INFO] 接口请求成功！
[2023-08-24 14:39:03,418] logger_util.py->write_log line:61 [INFO] 
-------------接口请求结束-----------

[2023-08-24 14:39:03,633] logger_util.py->write_log line:61 [INFO] 
-------------接口请求开始-----------
[2023-08-24 14:39:03,633] logger_util.py->write_log line:61 [INFO] 接口名称：读取io变量-B4-int16缩放比：0.01，小数位：1，四舍
[2023-08-24 14:39:03,633] logger_util.py->write_log line:61 [INFO] 接口方式：post
[2023-08-24 14:39:03,633] logger_util.py->write_log line:61 [INFO] 接口路径：http://127.0.0.1:18000/api/v1/variable/getvalues
[2023-08-24 14:39:03,633] logger_util.py->write_log line:61 [INFO] 请求头：{'X-Project': 'a68f8739e9094911b0f74421369649cb', 'Authorization': 'Bearer eyJhbGciOiJIUzI1NiIsInR5cCI6IkpXVCJ9.eyJodHRwOi8vc2NoZW1hcy54bWxzb2FwLm9yZy93cy8yMDA1LzA1L2lkZW50aXR5L2NsYWltcy9uYW1lIjoiU3VwZXJBZG1pbiIsImh0dHA6Ly9zY2hlbWFzLnhtbHNvYXAub3JnL3dzLzIwMDUvMDUvaWRlbnRpdHkvY2xhaW1zL25hbWVpZGVudGlmaWVyIjoiU3VwZXJBZG1pbiIsImV4cCI6MTY5MzQ1MTIxNSwiaXNzIjoiQ01TdjIiLCJhdWQiOiJBcGkifQ.gj3Q5rVSuyTzguP8vMuwVhc3w3UHSBpckDQcczgjy6s'}
[2023-08-24 14:39:03,633] logger_util.py->write_log line:61 [INFO] 请求参数：['B4']
[2023-08-24 14:39:03,633] logger_util.py->write_log line:61 [INFO] 文件上传：None
[2023-08-24 14:39:03,636] logger_util.py->write_log line:61 [INFO] 预期结果：[{'equals': {'status_code': 200}}]
[2023-08-24 14:39:03,636] logger_util.py->write_log line:61 [INFO] 实际结果：{'B4': '-327.6'}
[2023-08-24 14:39:03,637] logger_util.py->write_log line:61 [INFO] 接口请求成功！
[2023-08-24 14:39:03,637] logger_util.py->write_log line:61 [INFO] 
-------------接口请求结束-----------

[2023-08-24 14:39:03,849] logger_util.py->write_log line:61 [INFO] 
-------------接口请求开始-----------
[2023-08-24 14:39:03,850] logger_util.py->write_log line:61 [INFO] 接口名称：读取io变量-B5-int16缩放比：0.01，小数位：1，进位
[2023-08-24 14:39:03,850] logger_util.py->write_log line:61 [INFO] 接口方式：post
[2023-08-24 14:39:03,850] logger_util.py->write_log line:61 [INFO] 接口路径：http://127.0.0.1:18000/api/v1/variable/getvalues
[2023-08-24 14:39:03,850] logger_util.py->write_log line:61 [INFO] 请求头：{'X-Project': 'a68f8739e9094911b0f74421369649cb', 'Authorization': 'Bearer eyJhbGciOiJIUzI1NiIsInR5cCI6IkpXVCJ9.eyJodHRwOi8vc2NoZW1hcy54bWxzb2FwLm9yZy93cy8yMDA1LzA1L2lkZW50aXR5L2NsYWltcy9uYW1lIjoiU3VwZXJBZG1pbiIsImh0dHA6Ly9zY2hlbWFzLnhtbHNvYXAub3JnL3dzLzIwMDUvMDUvaWRlbnRpdHkvY2xhaW1zL25hbWVpZGVudGlmaWVyIjoiU3VwZXJBZG1pbiIsImV4cCI6MTY5MzQ1MTIxNSwiaXNzIjoiQ01TdjIiLCJhdWQiOiJBcGkifQ.gj3Q5rVSuyTzguP8vMuwVhc3w3UHSBpckDQcczgjy6s'}
[2023-08-24 14:39:03,850] logger_util.py->write_log line:61 [INFO] 请求参数：['B5']
[2023-08-24 14:39:03,850] logger_util.py->write_log line:61 [INFO] 文件上传：None
[2023-08-24 14:39:03,853] logger_util.py->write_log line:61 [INFO] 预期结果：[{'equals': {'status_code': 200}}]
[2023-08-24 14:39:03,853] logger_util.py->write_log line:61 [INFO] 实际结果：{'B5': '-327.6'}
[2023-08-24 14:39:03,853] logger_util.py->write_log line:61 [INFO] 接口请求成功！
[2023-08-24 14:39:03,853] logger_util.py->write_log line:61 [INFO] 
-------------接口请求结束-----------

[2023-08-24 14:39:04,082] logger_util.py->write_log line:61 [INFO] 
-------------接口请求开始-----------
[2023-08-24 14:39:04,082] logger_util.py->write_log line:61 [INFO] 接口名称：读取io变量-B6-float32小数位：2，舍位
[2023-08-24 14:39:04,082] logger_util.py->write_log line:61 [INFO] 接口方式：post
[2023-08-24 14:39:04,083] logger_util.py->write_log line:61 [INFO] 接口路径：http://127.0.0.1:18000/api/v1/variable/getvalues
[2023-08-24 14:39:04,083] logger_util.py->write_log line:61 [INFO] 请求头：{'X-Project': 'a68f8739e9094911b0f74421369649cb', 'Authorization': 'Bearer eyJhbGciOiJIUzI1NiIsInR5cCI6IkpXVCJ9.eyJodHRwOi8vc2NoZW1hcy54bWxzb2FwLm9yZy93cy8yMDA1LzA1L2lkZW50aXR5L2NsYWltcy9uYW1lIjoiU3VwZXJBZG1pbiIsImh0dHA6Ly9zY2hlbWFzLnhtbHNvYXAub3JnL3dzLzIwMDUvMDUvaWRlbnRpdHkvY2xhaW1zL25hbWVpZGVudGlmaWVyIjoiU3VwZXJBZG1pbiIsImV4cCI6MTY5MzQ1MTIxNSwiaXNzIjoiQ01TdjIiLCJhdWQiOiJBcGkifQ.gj3Q5rVSuyTzguP8vMuwVhc3w3UHSBpckDQcczgjy6s'}
[2023-08-24 14:39:04,083] logger_util.py->write_log line:61 [INFO] 请求参数：['B6']
[2023-08-24 14:39:04,083] logger_util.py->write_log line:61 [INFO] 文件上传：None
[2023-08-24 14:39:04,087] logger_util.py->write_log line:61 [INFO] 预期结果：[{'equals': {'status_code': 200}}]
[2023-08-24 14:39:04,087] logger_util.py->write_log line:61 [INFO] 实际结果：{'B6': '-10.45'}
[2023-08-24 14:39:04,087] logger_util.py->write_log line:61 [INFO] 接口请求成功！
[2023-08-24 14:39:04,088] logger_util.py->write_log line:61 [INFO] 
-------------接口请求结束-----------

[2023-08-24 14:39:04,307] logger_util.py->write_log line:61 [INFO] 
-------------接口请求开始-----------
[2023-08-24 14:39:04,307] logger_util.py->write_log line:61 [INFO] 接口名称：读取io变量-B7-float32小数位：2，四舍
[2023-08-24 14:39:04,307] logger_util.py->write_log line:61 [INFO] 接口方式：post
[2023-08-24 14:39:04,307] logger_util.py->write_log line:61 [INFO] 接口路径：http://127.0.0.1:18000/api/v1/variable/getvalues
[2023-08-24 14:39:04,308] logger_util.py->write_log line:61 [INFO] 请求头：{'X-Project': 'a68f8739e9094911b0f74421369649cb', 'Authorization': 'Bearer eyJhbGciOiJIUzI1NiIsInR5cCI6IkpXVCJ9.eyJodHRwOi8vc2NoZW1hcy54bWxzb2FwLm9yZy93cy8yMDA1LzA1L2lkZW50aXR5L2NsYWltcy9uYW1lIjoiU3VwZXJBZG1pbiIsImh0dHA6Ly9zY2hlbWFzLnhtbHNvYXAub3JnL3dzLzIwMDUvMDUvaWRlbnRpdHkvY2xhaW1zL25hbWVpZGVudGlmaWVyIjoiU3VwZXJBZG1pbiIsImV4cCI6MTY5MzQ1MTIxNSwiaXNzIjoiQ01TdjIiLCJhdWQiOiJBcGkifQ.gj3Q5rVSuyTzguP8vMuwVhc3w3UHSBpckDQcczgjy6s'}
[2023-08-24 14:39:04,308] logger_util.py->write_log line:61 [INFO] 请求参数：['B7']
[2023-08-24 14:39:04,308] logger_util.py->write_log line:61 [INFO] 文件上传：None
[2023-08-24 14:39:04,312] logger_util.py->write_log line:61 [INFO] 预期结果：[{'equals': {'status_code': 200}}]
[2023-08-24 14:39:04,312] logger_util.py->write_log line:61 [INFO] 实际结果：{'B7': '-10.46'}
[2023-08-24 14:39:04,313] logger_util.py->write_log line:61 [INFO] 接口请求成功！
[2023-08-24 14:39:04,313] logger_util.py->write_log line:61 [INFO] 
-------------接口请求结束-----------

[2023-08-24 14:39:04,541] logger_util.py->write_log line:61 [INFO] 
-------------接口请求开始-----------
[2023-08-24 14:39:04,541] logger_util.py->write_log line:61 [INFO] 接口名称：读取io变量-B8-float32小数位：2，进位
[2023-08-24 14:39:04,542] logger_util.py->write_log line:61 [INFO] 接口方式：post
[2023-08-24 14:39:04,542] logger_util.py->write_log line:61 [INFO] 接口路径：http://127.0.0.1:18000/api/v1/variable/getvalues
[2023-08-24 14:39:04,542] logger_util.py->write_log line:61 [INFO] 请求头：{'X-Project': 'a68f8739e9094911b0f74421369649cb', 'Authorization': 'Bearer eyJhbGciOiJIUzI1NiIsInR5cCI6IkpXVCJ9.eyJodHRwOi8vc2NoZW1hcy54bWxzb2FwLm9yZy93cy8yMDA1LzA1L2lkZW50aXR5L2NsYWltcy9uYW1lIjoiU3VwZXJBZG1pbiIsImh0dHA6Ly9zY2hlbWFzLnhtbHNvYXAub3JnL3dzLzIwMDUvMDUvaWRlbnRpdHkvY2xhaW1zL25hbWVpZGVudGlmaWVyIjoiU3VwZXJBZG1pbiIsImV4cCI6MTY5MzQ1MTIxNSwiaXNzIjoiQ01TdjIiLCJhdWQiOiJBcGkifQ.gj3Q5rVSuyTzguP8vMuwVhc3w3UHSBpckDQcczgjy6s'}
[2023-08-24 14:39:04,542] logger_util.py->write_log line:61 [INFO] 请求参数：['B8']
[2023-08-24 14:39:04,542] logger_util.py->write_log line:61 [INFO] 文件上传：None
[2023-08-24 14:39:04,546] logger_util.py->write_log line:61 [INFO] 预期结果：[{'equals': {'status_code': 200}}]
[2023-08-24 14:39:04,546] logger_util.py->write_log line:61 [INFO] 实际结果：{'B8': '-10.46'}
[2023-08-24 14:39:04,546] logger_util.py->write_log line:61 [INFO] 接口请求成功！
[2023-08-24 14:39:04,546] logger_util.py->write_log line:61 [INFO] 
-------------接口请求结束-----------

[2023-08-24 14:39:04,770] logger_util.py->write_log line:61 [INFO] 
-------------接口请求开始-----------
[2023-08-24 14:39:04,770] logger_util.py->write_log line:61 [INFO] 接口名称：读取io变量-A1-二进制
[2023-08-24 14:39:04,771] logger_util.py->write_log line:61 [INFO] 接口方式：post
[2023-08-24 14:39:04,771] logger_util.py->write_log line:61 [INFO] 接口路径：http://127.0.0.1:18000/api/v1/variable/getvalues
[2023-08-24 14:39:04,771] logger_util.py->write_log line:61 [INFO] 请求头：{'X-Project': 'a68f8739e9094911b0f74421369649cb', 'Authorization': 'Bearer eyJhbGciOiJIUzI1NiIsInR5cCI6IkpXVCJ9.eyJodHRwOi8vc2NoZW1hcy54bWxzb2FwLm9yZy93cy8yMDA1LzA1L2lkZW50aXR5L2NsYWltcy9uYW1lIjoiU3VwZXJBZG1pbiIsImh0dHA6Ly9zY2hlbWFzLnhtbHNvYXAub3JnL3dzLzIwMDUvMDUvaWRlbnRpdHkvY2xhaW1zL25hbWVpZGVudGlmaWVyIjoiU3VwZXJBZG1pbiIsImV4cCI6MTY5MzQ1MTIxNSwiaXNzIjoiQ01TdjIiLCJhdWQiOiJBcGkifQ.gj3Q5rVSuyTzguP8vMuwVhc3w3UHSBpckDQcczgjy6s'}
[2023-08-24 14:39:04,771] logger_util.py->write_log line:61 [INFO] 请求参数：['A1']
[2023-08-24 14:39:04,771] logger_util.py->write_log line:61 [INFO] 文件上传：None
[2023-08-24 14:39:04,773] logger_util.py->write_log line:61 [INFO] 预期结果：[{'equals': {'status_code': 200}}]
[2023-08-24 14:39:04,774] logger_util.py->write_log line:61 [INFO] 实际结果：{'A1': 'False'}
[2023-08-24 14:39:04,774] logger_util.py->write_log line:61 [INFO] 接口请求成功！
[2023-08-24 14:39:04,774] logger_util.py->write_log line:61 [INFO] 
-------------接口请求结束-----------

[2023-08-24 14:39:05,002] logger_util.py->write_log line:61 [INFO] 
-------------接口请求开始-----------
[2023-08-24 14:39:05,002] logger_util.py->write_log line:61 [INFO] 接口名称：读取io变量-A2-有符号8位整型
[2023-08-24 14:39:05,002] logger_util.py->write_log line:61 [INFO] 接口方式：post
[2023-08-24 14:39:05,002] logger_util.py->write_log line:61 [INFO] 接口路径：http://127.0.0.1:18000/api/v1/variable/getvalues
[2023-08-24 14:39:05,002] logger_util.py->write_log line:61 [INFO] 请求头：{'X-Project': 'a68f8739e9094911b0f74421369649cb', 'Authorization': 'Bearer eyJhbGciOiJIUzI1NiIsInR5cCI6IkpXVCJ9.eyJodHRwOi8vc2NoZW1hcy54bWxzb2FwLm9yZy93cy8yMDA1LzA1L2lkZW50aXR5L2NsYWltcy9uYW1lIjoiU3VwZXJBZG1pbiIsImh0dHA6Ly9zY2hlbWFzLnhtbHNvYXAub3JnL3dzLzIwMDUvMDUvaWRlbnRpdHkvY2xhaW1zL25hbWVpZGVudGlmaWVyIjoiU3VwZXJBZG1pbiIsImV4cCI6MTY5MzQ1MTIxNSwiaXNzIjoiQ01TdjIiLCJhdWQiOiJBcGkifQ.gj3Q5rVSuyTzguP8vMuwVhc3w3UHSBpckDQcczgjy6s'}
[2023-08-24 14:39:05,002] logger_util.py->write_log line:61 [INFO] 请求参数：['A2']
[2023-08-24 14:39:05,002] logger_util.py->write_log line:61 [INFO] 文件上传：None
[2023-08-24 14:39:05,005] logger_util.py->write_log line:61 [INFO] 预期结果：[{'equals': {'status_code': 200}}]
[2023-08-24 14:39:05,005] logger_util.py->write_log line:61 [INFO] 实际结果：{'A2': '-128'}
[2023-08-24 14:39:05,005] logger_util.py->write_log line:61 [INFO] 接口请求成功！
[2023-08-24 14:39:05,005] logger_util.py->write_log line:61 [INFO] 
-------------接口请求结束-----------

[2023-08-24 14:39:05,227] logger_util.py->write_log line:61 [INFO] 
-------------接口请求开始-----------
[2023-08-24 14:39:05,227] logger_util.py->write_log line:61 [INFO] 接口名称：读取io变量-A3-无符号8位整型
[2023-08-24 14:39:05,227] logger_util.py->write_log line:61 [INFO] 接口方式：post
[2023-08-24 14:39:05,227] logger_util.py->write_log line:61 [INFO] 接口路径：http://127.0.0.1:18000/api/v1/variable/getvalues
[2023-08-24 14:39:05,227] logger_util.py->write_log line:61 [INFO] 请求头：{'X-Project': 'a68f8739e9094911b0f74421369649cb', 'Authorization': 'Bearer eyJhbGciOiJIUzI1NiIsInR5cCI6IkpXVCJ9.eyJodHRwOi8vc2NoZW1hcy54bWxzb2FwLm9yZy93cy8yMDA1LzA1L2lkZW50aXR5L2NsYWltcy9uYW1lIjoiU3VwZXJBZG1pbiIsImh0dHA6Ly9zY2hlbWFzLnhtbHNvYXAub3JnL3dzLzIwMDUvMDUvaWRlbnRpdHkvY2xhaW1zL25hbWVpZGVudGlmaWVyIjoiU3VwZXJBZG1pbiIsImV4cCI6MTY5MzQ1MTIxNSwiaXNzIjoiQ01TdjIiLCJhdWQiOiJBcGkifQ.gj3Q5rVSuyTzguP8vMuwVhc3w3UHSBpckDQcczgjy6s'}
[2023-08-24 14:39:05,228] logger_util.py->write_log line:61 [INFO] 请求参数：['A3']
[2023-08-24 14:39:05,228] logger_util.py->write_log line:61 [INFO] 文件上传：None
[2023-08-24 14:39:05,230] logger_util.py->write_log line:61 [INFO] 预期结果：[{'equals': {'status_code': 200}}]
[2023-08-24 14:39:05,231] logger_util.py->write_log line:61 [INFO] 实际结果：{'A3': '255'}
[2023-08-24 14:39:05,231] logger_util.py->write_log line:61 [INFO] 接口请求成功！
[2023-08-24 14:39:05,231] logger_util.py->write_log line:61 [INFO] 
-------------接口请求结束-----------

[2023-08-24 14:39:05,446] logger_util.py->write_log line:61 [INFO] 
-------------接口请求开始-----------
[2023-08-24 14:39:05,447] logger_util.py->write_log line:61 [INFO] 接口名称：读取io变量-A4-有符号16位整型
[2023-08-24 14:39:05,447] logger_util.py->write_log line:61 [INFO] 接口方式：post
[2023-08-24 14:39:05,447] logger_util.py->write_log line:61 [INFO] 接口路径：http://127.0.0.1:18000/api/v1/variable/getvalues
[2023-08-24 14:39:05,447] logger_util.py->write_log line:61 [INFO] 请求头：{'X-Project': 'a68f8739e9094911b0f74421369649cb', 'Authorization': 'Bearer eyJhbGciOiJIUzI1NiIsInR5cCI6IkpXVCJ9.eyJodHRwOi8vc2NoZW1hcy54bWxzb2FwLm9yZy93cy8yMDA1LzA1L2lkZW50aXR5L2NsYWltcy9uYW1lIjoiU3VwZXJBZG1pbiIsImh0dHA6Ly9zY2hlbWFzLnhtbHNvYXAub3JnL3dzLzIwMDUvMDUvaWRlbnRpdHkvY2xhaW1zL25hbWVpZGVudGlmaWVyIjoiU3VwZXJBZG1pbiIsImV4cCI6MTY5MzQ1MTIxNSwiaXNzIjoiQ01TdjIiLCJhdWQiOiJBcGkifQ.gj3Q5rVSuyTzguP8vMuwVhc3w3UHSBpckDQcczgjy6s'}
[2023-08-24 14:39:05,447] logger_util.py->write_log line:61 [INFO] 请求参数：['A4']
[2023-08-24 14:39:05,447] logger_util.py->write_log line:61 [INFO] 文件上传：None
[2023-08-24 14:39:05,450] logger_util.py->write_log line:61 [INFO] 预期结果：[{'equals': {'status_code': 200}}]
[2023-08-24 14:39:05,450] logger_util.py->write_log line:61 [INFO] 实际结果：{'A4': '-32768'}
[2023-08-24 14:39:05,450] logger_util.py->write_log line:61 [INFO] 接口请求成功！
[2023-08-24 14:39:05,450] logger_util.py->write_log line:61 [INFO] 
-------------接口请求结束-----------

[2023-08-24 14:39:05,664] logger_util.py->write_log line:61 [INFO] 
-------------接口请求开始-----------
[2023-08-24 14:39:05,664] logger_util.py->write_log line:61 [INFO] 接口名称：读取io变量-A5-无符号16位整型
[2023-08-24 14:39:05,664] logger_util.py->write_log line:61 [INFO] 接口方式：post
[2023-08-24 14:39:05,664] logger_util.py->write_log line:61 [INFO] 接口路径：http://127.0.0.1:18000/api/v1/variable/getvalues
[2023-08-24 14:39:05,665] logger_util.py->write_log line:61 [INFO] 请求头：{'X-Project': 'a68f8739e9094911b0f74421369649cb', 'Authorization': 'Bearer eyJhbGciOiJIUzI1NiIsInR5cCI6IkpXVCJ9.eyJodHRwOi8vc2NoZW1hcy54bWxzb2FwLm9yZy93cy8yMDA1LzA1L2lkZW50aXR5L2NsYWltcy9uYW1lIjoiU3VwZXJBZG1pbiIsImh0dHA6Ly9zY2hlbWFzLnhtbHNvYXAub3JnL3dzLzIwMDUvMDUvaWRlbnRpdHkvY2xhaW1zL25hbWVpZGVudGlmaWVyIjoiU3VwZXJBZG1pbiIsImV4cCI6MTY5MzQ1MTIxNSwiaXNzIjoiQ01TdjIiLCJhdWQiOiJBcGkifQ.gj3Q5rVSuyTzguP8vMuwVhc3w3UHSBpckDQcczgjy6s'}
[2023-08-24 14:39:05,665] logger_util.py->write_log line:61 [INFO] 请求参数：['A5']
[2023-08-24 14:39:05,665] logger_util.py->write_log line:61 [INFO] 文件上传：None
[2023-08-24 14:39:05,667] logger_util.py->write_log line:61 [INFO] 预期结果：[{'equals': {'status_code': 200}}]
[2023-08-24 14:39:05,667] logger_util.py->write_log line:61 [INFO] 实际结果：{'A5': '65535'}
[2023-08-24 14:39:05,668] logger_util.py->write_log line:61 [INFO] 接口请求成功！
[2023-08-24 14:39:05,668] logger_util.py->write_log line:61 [INFO] 
-------------接口请求结束-----------

[2023-08-24 14:39:05,883] logger_util.py->write_log line:61 [INFO] 
-------------接口请求开始-----------
[2023-08-24 14:39:05,883] logger_util.py->write_log line:61 [INFO] 接口名称：读取io变量-A6-有符号32位整型
[2023-08-24 14:39:05,883] logger_util.py->write_log line:61 [INFO] 接口方式：post
[2023-08-24 14:39:05,883] logger_util.py->write_log line:61 [INFO] 接口路径：http://127.0.0.1:18000/api/v1/variable/getvalues
[2023-08-24 14:39:05,883] logger_util.py->write_log line:61 [INFO] 请求头：{'X-Project': 'a68f8739e9094911b0f74421369649cb', 'Authorization': 'Bearer eyJhbGciOiJIUzI1NiIsInR5cCI6IkpXVCJ9.eyJodHRwOi8vc2NoZW1hcy54bWxzb2FwLm9yZy93cy8yMDA1LzA1L2lkZW50aXR5L2NsYWltcy9uYW1lIjoiU3VwZXJBZG1pbiIsImh0dHA6Ly9zY2hlbWFzLnhtbHNvYXAub3JnL3dzLzIwMDUvMDUvaWRlbnRpdHkvY2xhaW1zL25hbWVpZGVudGlmaWVyIjoiU3VwZXJBZG1pbiIsImV4cCI6MTY5MzQ1MTIxNSwiaXNzIjoiQ01TdjIiLCJhdWQiOiJBcGkifQ.gj3Q5rVSuyTzguP8vMuwVhc3w3UHSBpckDQcczgjy6s'}
[2023-08-24 14:39:05,883] logger_util.py->write_log line:61 [INFO] 请求参数：['A6']
[2023-08-24 14:39:05,883] logger_util.py->write_log line:61 [INFO] 文件上传：None
[2023-08-24 14:39:05,886] logger_util.py->write_log line:61 [INFO] 预期结果：[{'equals': {'status_code': 200}}]
[2023-08-24 14:39:05,886] logger_util.py->write_log line:61 [INFO] 实际结果：{'A6': '-2147483648'}
[2023-08-24 14:39:05,886] logger_util.py->write_log line:61 [INFO] 接口请求成功！
[2023-08-24 14:39:05,886] logger_util.py->write_log line:61 [INFO] 
-------------接口请求结束-----------

[2023-08-24 14:39:06,102] logger_util.py->write_log line:61 [INFO] 
-------------接口请求开始-----------
[2023-08-24 14:39:06,102] logger_util.py->write_log line:61 [INFO] 接口名称：读取io变量-A7-无符号32位整型
[2023-08-24 14:39:06,102] logger_util.py->write_log line:61 [INFO] 接口方式：post
[2023-08-24 14:39:06,102] logger_util.py->write_log line:61 [INFO] 接口路径：http://127.0.0.1:18000/api/v1/variable/getvalues
[2023-08-24 14:39:06,102] logger_util.py->write_log line:61 [INFO] 请求头：{'X-Project': 'a68f8739e9094911b0f74421369649cb', 'Authorization': 'Bearer eyJhbGciOiJIUzI1NiIsInR5cCI6IkpXVCJ9.eyJodHRwOi8vc2NoZW1hcy54bWxzb2FwLm9yZy93cy8yMDA1LzA1L2lkZW50aXR5L2NsYWltcy9uYW1lIjoiU3VwZXJBZG1pbiIsImh0dHA6Ly9zY2hlbWFzLnhtbHNvYXAub3JnL3dzLzIwMDUvMDUvaWRlbnRpdHkvY2xhaW1zL25hbWVpZGVudGlmaWVyIjoiU3VwZXJBZG1pbiIsImV4cCI6MTY5MzQ1MTIxNSwiaXNzIjoiQ01TdjIiLCJhdWQiOiJBcGkifQ.gj3Q5rVSuyTzguP8vMuwVhc3w3UHSBpckDQcczgjy6s'}
[2023-08-24 14:39:06,102] logger_util.py->write_log line:61 [INFO] 请求参数：['A7']
[2023-08-24 14:39:06,102] logger_util.py->write_log line:61 [INFO] 文件上传：None
[2023-08-24 14:39:06,105] logger_util.py->write_log line:61 [INFO] 预期结果：[{'equals': {'status_code': 200}}]
[2023-08-24 14:39:06,105] logger_util.py->write_log line:61 [INFO] 实际结果：{'A7': '429496725'}
[2023-08-24 14:39:06,105] logger_util.py->write_log line:61 [INFO] 接口请求成功！
[2023-08-24 14:39:06,105] logger_util.py->write_log line:61 [INFO] 
-------------接口请求结束-----------

[2023-08-24 14:39:06,319] logger_util.py->write_log line:61 [INFO] 
-------------接口请求开始-----------
[2023-08-24 14:39:06,320] logger_util.py->write_log line:61 [INFO] 接口名称：读取io变量-A8-有符号64位整型
[2023-08-24 14:39:06,320] logger_util.py->write_log line:61 [INFO] 接口方式：post
[2023-08-24 14:39:06,320] logger_util.py->write_log line:61 [INFO] 接口路径：http://127.0.0.1:18000/api/v1/variable/getvalues
[2023-08-24 14:39:06,320] logger_util.py->write_log line:61 [INFO] 请求头：{'X-Project': 'a68f8739e9094911b0f74421369649cb', 'Authorization': 'Bearer eyJhbGciOiJIUzI1NiIsInR5cCI6IkpXVCJ9.eyJodHRwOi8vc2NoZW1hcy54bWxzb2FwLm9yZy93cy8yMDA1LzA1L2lkZW50aXR5L2NsYWltcy9uYW1lIjoiU3VwZXJBZG1pbiIsImh0dHA6Ly9zY2hlbWFzLnhtbHNvYXAub3JnL3dzLzIwMDUvMDUvaWRlbnRpdHkvY2xhaW1zL25hbWVpZGVudGlmaWVyIjoiU3VwZXJBZG1pbiIsImV4cCI6MTY5MzQ1MTIxNSwiaXNzIjoiQ01TdjIiLCJhdWQiOiJBcGkifQ.gj3Q5rVSuyTzguP8vMuwVhc3w3UHSBpckDQcczgjy6s'}
[2023-08-24 14:39:06,320] logger_util.py->write_log line:61 [INFO] 请求参数：['A8']
[2023-08-24 14:39:06,320] logger_util.py->write_log line:61 [INFO] 文件上传：None
[2023-08-24 14:39:06,322] logger_util.py->write_log line:61 [INFO] 预期结果：[{'equals': {'status_code': 200}}]
[2023-08-24 14:39:06,323] logger_util.py->write_log line:61 [INFO] 实际结果：{'A8': '-9223372036854775808'}
[2023-08-24 14:39:06,323] logger_util.py->write_log line:61 [INFO] 接口请求成功！
[2023-08-24 14:39:06,323] logger_util.py->write_log line:61 [INFO] 
-------------接口请求结束-----------

[2023-08-24 14:39:06,539] logger_util.py->write_log line:61 [INFO] 
-------------接口请求开始-----------
[2023-08-24 14:39:06,539] logger_util.py->write_log line:61 [INFO] 接口名称：读取io变量-A9-无符号64位整型
[2023-08-24 14:39:06,539] logger_util.py->write_log line:61 [INFO] 接口方式：post
[2023-08-24 14:39:06,539] logger_util.py->write_log line:61 [INFO] 接口路径：http://127.0.0.1:18000/api/v1/variable/getvalues
[2023-08-24 14:39:06,539] logger_util.py->write_log line:61 [INFO] 请求头：{'X-Project': 'a68f8739e9094911b0f74421369649cb', 'Authorization': 'Bearer eyJhbGciOiJIUzI1NiIsInR5cCI6IkpXVCJ9.eyJodHRwOi8vc2NoZW1hcy54bWxzb2FwLm9yZy93cy8yMDA1LzA1L2lkZW50aXR5L2NsYWltcy9uYW1lIjoiU3VwZXJBZG1pbiIsImh0dHA6Ly9zY2hlbWFzLnhtbHNvYXAub3JnL3dzLzIwMDUvMDUvaWRlbnRpdHkvY2xhaW1zL25hbWVpZGVudGlmaWVyIjoiU3VwZXJBZG1pbiIsImV4cCI6MTY5MzQ1MTIxNSwiaXNzIjoiQ01TdjIiLCJhdWQiOiJBcGkifQ.gj3Q5rVSuyTzguP8vMuwVhc3w3UHSBpckDQcczgjy6s'}
[2023-08-24 14:39:06,539] logger_util.py->write_log line:61 [INFO] 请求参数：['A9']
[2023-08-24 14:39:06,539] logger_util.py->write_log line:61 [INFO] 文件上传：None
[2023-08-24 14:39:06,542] logger_util.py->write_log line:61 [INFO] 预期结果：[{'equals': {'status_code': 200}}]
[2023-08-24 14:39:06,542] logger_util.py->write_log line:61 [INFO] 实际结果：{'A9': '18446744073709551615'}
[2023-08-24 14:39:06,542] logger_util.py->write_log line:61 [INFO] 接口请求成功！
[2023-08-24 14:39:06,543] logger_util.py->write_log line:61 [INFO] 
-------------接口请求结束-----------

[2023-08-24 14:39:06,758] logger_util.py->write_log line:61 [INFO] 
-------------接口请求开始-----------
[2023-08-24 14:39:06,758] logger_util.py->write_log line:61 [INFO] 接口名称：读取io变量-A10-F32位浮点数IEEE754
[2023-08-24 14:39:06,758] logger_util.py->write_log line:61 [INFO] 接口方式：post
[2023-08-24 14:39:06,758] logger_util.py->write_log line:61 [INFO] 接口路径：http://127.0.0.1:18000/api/v1/variable/getvalues
[2023-08-24 14:39:06,758] logger_util.py->write_log line:61 [INFO] 请求头：{'X-Project': 'a68f8739e9094911b0f74421369649cb', 'Authorization': 'Bearer eyJhbGciOiJIUzI1NiIsInR5cCI6IkpXVCJ9.eyJodHRwOi8vc2NoZW1hcy54bWxzb2FwLm9yZy93cy8yMDA1LzA1L2lkZW50aXR5L2NsYWltcy9uYW1lIjoiU3VwZXJBZG1pbiIsImh0dHA6Ly9zY2hlbWFzLnhtbHNvYXAub3JnL3dzLzIwMDUvMDUvaWRlbnRpdHkvY2xhaW1zL25hbWVpZGVudGlmaWVyIjoiU3VwZXJBZG1pbiIsImV4cCI6MTY5MzQ1MTIxNSwiaXNzIjoiQ01TdjIiLCJhdWQiOiJBcGkifQ.gj3Q5rVSuyTzguP8vMuwVhc3w3UHSBpckDQcczgjy6s'}
[2023-08-24 14:39:06,759] logger_util.py->write_log line:61 [INFO] 请求参数：['A10']
[2023-08-24 14:39:06,759] logger_util.py->write_log line:61 [INFO] 文件上传：None
[2023-08-24 14:39:06,762] logger_util.py->write_log line:61 [INFO] 预期结果：[{'equals': {'status_code': 200}}]
[2023-08-24 14:39:06,762] logger_util.py->write_log line:61 [INFO] 实际结果：{'A10': '-3.402823E+38'}
[2023-08-24 14:39:06,762] logger_util.py->write_log line:61 [INFO] 接口请求成功！
[2023-08-24 14:39:06,762] logger_util.py->write_log line:61 [INFO] 
-------------接口请求结束-----------

[2023-08-24 14:39:06,975] logger_util.py->write_log line:61 [INFO] 
-------------接口请求开始-----------
[2023-08-24 14:39:06,975] logger_util.py->write_log line:61 [INFO] 接口名称：读取io变量-A11-F64位浮点数IEEE754
[2023-08-24 14:39:06,975] logger_util.py->write_log line:61 [INFO] 接口方式：post
[2023-08-24 14:39:06,975] logger_util.py->write_log line:61 [INFO] 接口路径：http://127.0.0.1:18000/api/v1/variable/getvalues
[2023-08-24 14:39:06,975] logger_util.py->write_log line:61 [INFO] 请求头：{'X-Project': 'a68f8739e9094911b0f74421369649cb', 'Authorization': 'Bearer eyJhbGciOiJIUzI1NiIsInR5cCI6IkpXVCJ9.eyJodHRwOi8vc2NoZW1hcy54bWxzb2FwLm9yZy93cy8yMDA1LzA1L2lkZW50aXR5L2NsYWltcy9uYW1lIjoiU3VwZXJBZG1pbiIsImh0dHA6Ly9zY2hlbWFzLnhtbHNvYXAub3JnL3dzLzIwMDUvMDUvaWRlbnRpdHkvY2xhaW1zL25hbWVpZGVudGlmaWVyIjoiU3VwZXJBZG1pbiIsImV4cCI6MTY5MzQ1MTIxNSwiaXNzIjoiQ01TdjIiLCJhdWQiOiJBcGkifQ.gj3Q5rVSuyTzguP8vMuwVhc3w3UHSBpckDQcczgjy6s'}
[2023-08-24 14:39:06,976] logger_util.py->write_log line:61 [INFO] 请求参数：['A11']
[2023-08-24 14:39:06,976] logger_util.py->write_log line:61 [INFO] 文件上传：None
[2023-08-24 14:39:06,978] logger_util.py->write_log line:61 [INFO] 预期结果：[{'equals': {'status_code': 200}}]
[2023-08-24 14:39:06,978] logger_util.py->write_log line:61 [INFO] 实际结果：{'A11': '0'}
[2023-08-24 14:39:06,978] logger_util.py->write_log line:61 [INFO] 接口请求成功！
[2023-08-24 14:39:06,979] logger_util.py->write_log line:61 [INFO] 
-------------接口请求结束-----------

[2023-08-24 14:39:07,196] logger_util.py->write_log line:61 [INFO] 
-------------接口请求开始-----------
[2023-08-24 14:39:07,196] logger_util.py->write_log line:61 [INFO] 接口名称：读取io变量-A12-字符串
[2023-08-24 14:39:07,196] logger_util.py->write_log line:61 [INFO] 接口方式：post
[2023-08-24 14:39:07,196] logger_util.py->write_log line:61 [INFO] 接口路径：http://127.0.0.1:18000/api/v1/variable/getvalues
[2023-08-24 14:39:07,196] logger_util.py->write_log line:61 [INFO] 请求头：{'X-Project': 'a68f8739e9094911b0f74421369649cb', 'Authorization': 'Bearer eyJhbGciOiJIUzI1NiIsInR5cCI6IkpXVCJ9.eyJodHRwOi8vc2NoZW1hcy54bWxzb2FwLm9yZy93cy8yMDA1LzA1L2lkZW50aXR5L2NsYWltcy9uYW1lIjoiU3VwZXJBZG1pbiIsImh0dHA6Ly9zY2hlbWFzLnhtbHNvYXAub3JnL3dzLzIwMDUvMDUvaWRlbnRpdHkvY2xhaW1zL25hbWVpZGVudGlmaWVyIjoiU3VwZXJBZG1pbiIsImV4cCI6MTY5MzQ1MTIxNSwiaXNzIjoiQ01TdjIiLCJhdWQiOiJBcGkifQ.gj3Q5rVSuyTzguP8vMuwVhc3w3UHSBpckDQcczgjy6s'}
[2023-08-24 14:39:07,196] logger_util.py->write_log line:61 [INFO] 请求参数：['A12']
[2023-08-24 14:39:07,196] logger_util.py->write_log line:61 [INFO] 文件上传：None
[2023-08-24 14:39:07,199] logger_util.py->write_log line:61 [INFO] 预期结果：[{'equals': {'status_code': 200}}]
[2023-08-24 14:39:07,199] logger_util.py->write_log line:61 [INFO] 实际结果：{'A12': ' #-~（）%'}
[2023-08-24 14:39:07,199] logger_util.py->write_log line:61 [INFO] 接口请求成功！
[2023-08-24 14:39:07,199] logger_util.py->write_log line:61 [INFO] 
-------------接口请求结束-----------

