[2023-05-24 14:01:37,079] logger_util.py->write_log line:61 [INFO] -------------接口请求开始-----------
[2023-05-24 14:01:37,079] logger_util.py->write_log line:61 [INFO] 接口名称：获取数据管理配置树
[2023-05-24 14:01:37,079] logger_util.py->write_log line:61 [INFO] 接口方式：get
[2023-05-24 14:01:37,079] logger_util.py->write_log line:61 [INFO] 接口路径：http://192.168.4.12:18000/api/v1/dataconfig/tree
[2023-05-24 14:01:37,080] logger_util.py->write_log line:61 [INFO] 请求头：{'Content-Type': 'application/json;charset=UTF-8', 'X-Project': 'b32d81056e124620b809e92f49cdf3d4'}
[2023-05-24 14:01:37,080] logger_util.py->write_log line:61 [INFO] 文件上传：None
[2023-05-24 14:01:37,160] logger_util.py->write_log line:61 [INFO] 预期结果：[{'equals': {'status_code': 200}}, {'equals': {'name': '报警管理'}}]
[2023-05-24 14:01:37,161] logger_util.py->write_log line:61 [INFO] 实际结果：[{'id': '477de29f-9ada-4340-bb5c-55a243228065', 'parentId': '00000000-0000-0000-0000-000000000000', 'name': '聚合表-0001', 'nodeType': 3, 'children': [], 'sort': 1, 'operations': [1, 2, 3, 4], 'functions': [2, 3, 4]}, {'id': '302b336a-7ea8-45c6-9b23-702170378645', 'parentId': '00000000-0000-0000-0000-000000000000', 'name': '新增文件夹88', 'nodeType': 1, 'children': [], 'sort': 2, 'operations': [1, 4], 'functions': None}, {'id': 'e5d26468-e2ac-41b3-b6c8-c3ea16ddeeac', 'parentId': '00000000-0000-0000-0000-000000000000', 'name': '新增文件夹67', 'nodeType': 1, 'children': [], 'sort': 3, 'operations': [1, 4], 'functions': None}, {'id': '8aece95b-263f-4651-8e35-84a74df64b77', 'parentId': '00000000-0000-0000-0000-000000000000', 'name': '新增文件夹47', 'nodeType': 1, 'children': [], 'sort': 4, 'operations': [1, 4], 'functions': None}, {'id': 'f620b182-7169-4563-98af-9d076c186163', 'parentId': '00000000-0000-0000-0000-000000000000', 'name': '报警管理', 'nodeType': 1, 'children': [{'id': 'a9b66e92-6f83-44e3-ba02-ccbdb0f149c1', 'parentId': 'f620b182-7169-4563-98af-9d076c186163', 'name': '报警管理-实时表', 'nodeType': 2, 'children': [], 'sort': 1, 'operations': [], 'functions': []}, {'id': 'e342f0fa-977d-459a-97b2-f4fc4b36c7e4', 'parentId': 'f620b182-7169-4563-98af-9d076c186163', 'name': '报警管理-历史表', 'nodeType': 2, 'children': [], 'sort': 2, 'operations': [], 'functions': [2]}], 'sort': 5, 'operations': [], 'functions': None}, {'id': '5882c397-d83b-4bde-8b39-ce9a7950ce73', 'parentId': '00000000-0000-0000-0000-000000000000', 'name': '归档表', 'nodeType': 2, 'children': [], 'sort': 6, 'operations': [1, 2, 3, 4], 'functions': [1, 2, 3, 4]}, {'id': '8ed90e55-96f5-4e3e-90bd-869bce176d78', 'parentId': '00000000-0000-0000-0000-000000000000', 'name': '聚合表', 'nodeType': 3, 'children': [], 'sort': 7, 'operations': [1, 2, 3, 4], 'functions': [2, 3, 4]}, {'id': 'a5499325-809c-49a0-8dce-743e0b815785', 'parentId': '00000000-0000-0000-0000-000000000000', 'name': '聚合表-0003', 'nodeType': 3, 'children': [], 'sort': 8, 'operations': [1, 2, 3, 4], 'functions': [2, 3, 4]}, {'id': '181a03d5-16c1-48ad-aaf7-0b8d2f32257d', 'parentId': '00000000-0000-0000-0000-000000000000', 'name': '新建文件夹-8423', 'nodeType': 1, 'children': [{'id': 'a56831c1-468b-4856-9309-dae966e38eb2', 'parentId': '181a03d5-16c1-48ad-aaf7-0b8d2f32257d', 'name': '新建文件夹-8274', 'nodeType': 1, 'children': [{'id': '4d0ed61c-f910-4222-86ed-ea2a7c4646fd', 'parentId': 'a56831c1-468b-4856-9309-dae966e38eb2', 'name': '新建文件夹-6097', 'nodeType': 1, 'children': [{'id': 'c3862fc6-151d-4cda-8e68-d06699d99161', 'parentId': '4d0ed61c-f910-4222-86ed-ea2a7c4646fd', 'name': '新建文件夹-1086', 'nodeType': 1, 'children': [], 'sort': 1, 'operations': [1, 4], 'functions': None}], 'sort': 2, 'operations': [1, 4], 'functions': None}], 'sort': 1, 'operations': [1, 4], 'functions': None}], 'sort': 9, 'operations': [1, 4], 'functions': None}, {'id': '63567382-48bf-404f-a91d-a69c6568e354', 'parentId': '00000000-0000-0000-0000-000000000000', 'name': '聚合表-0002', 'nodeType': 3, 'children': [], 'sort': 10, 'operations': [1, 2, 3, 4], 'functions': [2, 3, 4]}, {'id': '21764470-0e91-4981-9340-f202c072d937', 'parentId': '00000000-0000-0000-0000-000000000000', 'name': '聚合表', 'nodeType': 1, 'children': [], 'sort': 11, 'operations': [1, 4], 'functions': None}]
[2023-05-24 14:01:37,162] logger_util.py->write_log line:61 [INFO] 接口请求成功！
[2023-05-24 14:01:37,162] logger_util.py->write_log line:61 [INFO] -------------接口请求结束-----------

[2023-05-24 14:01:37,169] logger_util.py->write_log line:61 [INFO] -------------接口请求开始-----------
[2023-05-24 14:01:37,169] logger_util.py->write_log line:61 [INFO] 接口名称：创建文件夹
[2023-05-24 14:01:37,169] logger_util.py->write_log line:61 [INFO] 接口方式：post
[2023-05-24 14:01:37,173] logger_util.py->write_log line:61 [INFO] 接口路径：http://192.168.4.12:18000/api/v1/dataconfig/folder
[2023-05-24 14:01:37,173] logger_util.py->write_log line:61 [INFO] 请求头：{'Content-Type': 'application/json;charset=UTF-8', 'X-Project': 'b32d81056e124620b809e92f49cdf3d4'}
[2023-05-24 14:01:37,174] logger_util.py->write_log line:61 [INFO] 请求参数：{'parentId': '00000000-0000-0000-0000-000000000000', 'name': '新增文件夹92', 'sort': 2}
[2023-05-24 14:01:37,174] logger_util.py->write_log line:61 [INFO] 文件上传：None
[2023-05-24 14:01:37,214] logger_util.py->write_log line:61 [INFO] 预期结果：[{'equals': {'status_code': 200}}, {'equals': {'sort': 2}}, {'contains': 'id'}]
[2023-05-24 14:01:37,214] logger_util.py->write_log line:61 [INFO] 实际结果：{'id': '3f220c90-5887-49da-bbea-5b9205cf6aa4', 'name': '新增文件夹92', 'parentId': '00000000-0000-0000-0000-000000000000', 'level': 0, 'sort': 2, 'createDateTime': '2023-05-24T14:01:37.3258561+08:00', 'operationTypes': [1, 4]}
[2023-05-24 14:01:37,214] logger_util.py->write_log line:61 [INFO] 接口请求成功！
[2023-05-24 14:01:37,214] logger_util.py->write_log line:61 [INFO] -------------接口请求结束-----------

[2023-05-24 14:01:37,220] logger_util.py->write_log line:61 [INFO] -------------接口请求开始-----------
[2023-05-24 14:01:37,220] logger_util.py->write_log line:61 [INFO] 接口名称：获取所有文件夹
[2023-05-24 14:01:37,220] logger_util.py->write_log line:61 [INFO] 接口方式：get
[2023-05-24 14:01:37,220] logger_util.py->write_log line:61 [INFO] 接口路径：http://192.168.4.12:18000/api/v1/dataconfig/folder
[2023-05-24 14:01:37,220] logger_util.py->write_log line:61 [INFO] 请求头：{'X-Project': 'b32d81056e124620b809e92f49cdf3d4'}
[2023-05-24 14:01:37,220] logger_util.py->write_log line:61 [INFO] 文件上传：None
[2023-05-24 14:01:37,228] logger_util.py->error_log line:65 [INFO] 断言失败：返回结果不包含字符串：id
[2023-05-24 14:01:37,228] logger_util.py->write_log line:61 [INFO] 接口请求失败！
[2023-05-24 14:01:37,228] logger_util.py->write_log line:61 [INFO] -------------接口请求结束-----------

[2023-05-24 14:01:37,229] logger_util.py->error_log line:65 [INFO] 断言异常：异常信息: Traceback (most recent call last):
  File "E:\Project_python\2TestCMS2.0\common\requests_util.py", line 360, in validate_result
    error_log("断言失败：返回结果不包含字符串：" + value)
  File "E:\Project_python\2TestCMS2.0\common\logger_util.py", line 66, in error_log
    raise Exception(log_message)
Exception: 断言失败：返回结果不包含字符串：id

[2023-05-24 14:01:37,229] logger_util.py->error_log line:65 [INFO] 分析YAML文件异常：异常信息: Traceback (most recent call last):
  File "E:\Project_python\2TestCMS2.0\common\requests_util.py", line 360, in validate_result
    error_log("断言失败：返回结果不包含字符串：" + value)
  File "E:\Project_python\2TestCMS2.0\common\logger_util.py", line 66, in error_log
    raise Exception(log_message)
Exception: 断言失败：返回结果不包含字符串：id

During handling of the above exception, another exception occurred:

Traceback (most recent call last):
  File "E:\Project_python\2TestCMS2.0\common\requests_util.py", line 228, in analysis_yaml
    self.validate_result(yq_result, return_data, status_code)
  File "E:\Project_python\2TestCMS2.0\common\requests_util.py", line 395, in validate_result
    error_log("断言异常：异常信息: %s" % str(traceback.format_exc()))
  File "E:\Project_python\2TestCMS2.0\common\logger_util.py", line 66, in error_log
    raise Exception(log_message)
Exception: 断言异常：异常信息: Traceback (most recent call last):
  File "E:\Project_python\2TestCMS2.0\common\requests_util.py", line 360, in validate_result
    error_log("断言失败：返回结果不包含字符串：" + value)
  File "E:\Project_python\2TestCMS2.0\common\logger_util.py", line 66, in error_log
    raise Exception(log_message)
Exception: 断言失败：返回结果不包含字符串：id


