[2022-09-19 16:18:50,139] logger_util.py->write_log line:61 [INFO] -------------接口请求开始-----------
[2022-09-19 16:18:50,139] logger_util.py->write_log line:61 [INFO] 接口名称：重命名图库默认组
[2022-09-19 16:18:50,139] logger_util.py->write_log line:61 [INFO] 接口方式：post
[2022-09-19 16:18:50,139] logger_util.py->write_log line:61 [INFO] 接口路径：http://127.0.0.1:18000/api/v1/view/image
[2022-09-19 16:18:50,139] logger_util.py->write_log line:61 [INFO] 请求头：{'Content-Type': 'application/json;charset=UTF-8'}
[2022-09-19 16:18:50,139] logger_util.py->write_log line:61 [INFO] 请求参数：图库711
[2022-09-19 16:18:50,139] logger_util.py->write_log line:61 [INFO] 文件上传：None
[2022-09-19 16:18:50,295] logger_util.py->write_log line:61 [INFO] 预期结果：[{'equals': {'status_code': 200}}]
[2022-09-19 16:18:50,295] logger_util.py->write_log line:61 [INFO] 实际结果：4a495a055b954d8dbfcdc41990734cb5
[2022-09-19 16:18:50,295] logger_util.py->write_log line:61 [INFO] 接口请求成功！
[2022-09-19 16:18:50,295] logger_util.py->write_log line:61 [INFO] -------------接口请求结束-----------

[2022-09-19 16:18:50,311] logger_util.py->write_log line:61 [INFO] -------------接口请求开始-----------
[2022-09-19 16:18:50,311] logger_util.py->write_log line:61 [INFO] 接口名称：上传图片
[2022-09-19 16:18:50,311] logger_util.py->write_log line:61 [INFO] 接口方式：post
[2022-09-19 16:18:50,311] logger_util.py->write_log line:61 [INFO] 接口路径：http://127.0.0.1:18000/api/v1/view/image/00000000000000000000000000000000
[2022-09-19 16:18:50,311] logger_util.py->write_log line:61 [INFO] 请求头：{}
[2022-09-19 16:18:50,311] logger_util.py->write_log line:61 [INFO] 文件上传：None
[2022-09-19 16:18:50,436] logger_util.py->write_log line:61 [INFO] 预期结果：[{'equals': {'status_code': 200}}]
[2022-09-19 16:18:50,436] logger_util.py->write_log line:61 [INFO] 实际结果：['0fe5fe0811144441829aa9615c71da70.jpg']
[2022-09-19 16:18:50,436] logger_util.py->write_log line:61 [INFO] 接口请求成功！
[2022-09-19 16:18:50,436] logger_util.py->write_log line:61 [INFO] -------------接口请求结束-----------

