[2023-08-23 10:52:02,930] logger_util.py->write_log line:61 [INFO] 
-------------接口请求开始-----------
[2023-08-23 10:52:02,930] logger_util.py->write_log line:61 [INFO] 接口名称：io变量异常校验-校验变量名为空
[2023-08-23 10:52:02,930] logger_util.py->write_log line:61 [INFO] 接口方式：post
[2023-08-23 10:52:02,930] logger_util.py->write_log line:61 [INFO] 接口路径：http://127.0.0.1:18000/api/v1/variable/tunnel/58/tag
[2023-08-23 10:52:02,931] logger_util.py->write_log line:61 [INFO] 请求头：{}
[2023-08-23 10:52:02,931] logger_util.py->write_log line:61 [INFO] 请求参数：[{'archiveSetting': None, 'groupId': 51, 'name': '', 'description': '校验变量名为空', 'typeName': '有符号8位整型', 'config': {'readWriteMode': 0, 'address': '400001', 'interval': 10000}, 'stringLength': 'null', 'zoom': 1, 'digit': None, 'readWriteRule': 1, 'index': 1}]
[2023-08-23 10:52:02,931] logger_util.py->write_log line:61 [INFO] 文件上传：None
[2023-08-23 10:52:02,950] logger_util.py->write_log line:61 [INFO] 预期结果：[{'equals': {'status_code': 400}}]
[2023-08-23 10:52:02,950] logger_util.py->write_log line:61 [INFO] 实际结果：序号<1>变量配置错误：变量名不可为空，请重新输入
[2023-08-23 10:52:02,950] logger_util.py->write_log line:61 [INFO] 接口请求成功！
[2023-08-23 10:52:02,950] logger_util.py->write_log line:61 [INFO] 
-------------接口请求结束-----------

[2023-08-23 10:52:02,955] logger_util.py->write_log line:61 [INFO] 
-------------接口请求开始-----------
[2023-08-23 10:52:02,955] logger_util.py->write_log line:61 [INFO] 接口名称：io变量异常校验-重复提交同变量名
[2023-08-23 10:52:02,955] logger_util.py->write_log line:61 [INFO] 接口方式：post
[2023-08-23 10:52:02,955] logger_util.py->write_log line:61 [INFO] 接口路径：http://127.0.0.1:18000/api/v1/variable/tunnel/58/tag
[2023-08-23 10:52:02,955] logger_util.py->write_log line:61 [INFO] 请求头：{}
[2023-08-23 10:52:02,955] logger_util.py->write_log line:61 [INFO] 请求参数：[{'archiveSetting': None, 'groupId': 51, 'name': 'E1', 'description': '重复提交同变量名', 'typeName': '有符号8位整型', 'config': {'readWriteMode': 0, 'address': '400001', 'interval': 10000}, 'stringLength': 'null', 'zoom': 1, 'digit': None, 'readWriteRule': 1, 'index': 1}]
[2023-08-23 10:52:02,955] logger_util.py->write_log line:61 [INFO] 文件上传：None
[2023-08-23 10:52:02,964] logger_util.py->write_log line:61 [INFO] 预期结果：[{'equals': {'status_code': 400}}]
[2023-08-23 10:52:02,964] logger_util.py->write_log line:61 [INFO] 实际结果：序号<1>变量配置错误：缩放比不能为空
[2023-08-23 10:52:02,964] logger_util.py->write_log line:61 [INFO] 接口请求成功！
[2023-08-23 10:52:02,964] logger_util.py->write_log line:61 [INFO] 
-------------接口请求结束-----------

[2023-08-23 10:52:02,969] logger_util.py->write_log line:61 [INFO] 
-------------接口请求开始-----------
[2023-08-23 10:52:02,969] logger_util.py->write_log line:61 [INFO] 接口名称：io变量异常校验-校验变量地址为空
[2023-08-23 10:52:02,970] logger_util.py->write_log line:61 [INFO] 接口方式：post
[2023-08-23 10:52:02,970] logger_util.py->write_log line:61 [INFO] 接口路径：http://127.0.0.1:18000/api/v1/variable/tunnel/58/tag
[2023-08-23 10:52:02,970] logger_util.py->write_log line:61 [INFO] 请求头：{}
[2023-08-23 10:52:02,970] logger_util.py->write_log line:61 [INFO] 请求参数：[{'archiveSetting': None, 'groupId': 51, 'name': 'E2', 'description': '校验变量地址为空', 'typeName': '有符号8位整型', 'config': {'readWriteMode': 0, 'address': '', 'interval': 10000}, 'stringLength': 'null', 'zoom': 1, 'digit': None, 'readWriteRule': 1, 'index': 1}]
[2023-08-23 10:52:02,970] logger_util.py->write_log line:61 [INFO] 文件上传：None
[2023-08-23 10:52:02,980] logger_util.py->write_log line:61 [INFO] 预期结果：[{'equals': {'status_code': 400}}]
[2023-08-23 10:52:02,980] logger_util.py->write_log line:61 [INFO] 实际结果：序号<1>变量配置错误：变量地址不能为空
[2023-08-23 10:52:02,980] logger_util.py->write_log line:61 [INFO] 接口请求成功！
[2023-08-23 10:52:02,980] logger_util.py->write_log line:61 [INFO] 
-------------接口请求结束-----------

[2023-08-23 10:52:02,985] logger_util.py->write_log line:61 [INFO] 
-------------接口请求开始-----------
[2023-08-23 10:52:02,985] logger_util.py->write_log line:61 [INFO] 接口名称：io变量异常校验-校验采集间隔为空
[2023-08-23 10:52:02,985] logger_util.py->write_log line:61 [INFO] 接口方式：post
[2023-08-23 10:52:02,985] logger_util.py->write_log line:61 [INFO] 接口路径：http://127.0.0.1:18000/api/v1/variable/tunnel/58/tag
[2023-08-23 10:52:02,985] logger_util.py->write_log line:61 [INFO] 请求头：{}
[2023-08-23 10:52:02,985] logger_util.py->write_log line:61 [INFO] 请求参数：[{'archiveSetting': None, 'groupId': 51, 'name': 'E2', 'description': '校验采集间隔为空', 'typeName': '有符号8位整型', 'config': {'readWriteMode': 0, 'address': '400001', 'interval': None}, 'stringLength': 'null', 'zoom': 1, 'digit': None, 'readWriteRule': 1, 'index': 1}]
[2023-08-23 10:52:02,985] logger_util.py->write_log line:61 [INFO] 文件上传：None
[2023-08-23 10:52:02,993] logger_util.py->write_log line:61 [INFO] 预期结果：[{'equals': {'status_code': 400}}]
[2023-08-23 10:52:02,993] logger_util.py->write_log line:61 [INFO] 实际结果：序号<1>变量配置错误
[2023-08-23 10:52:02,993] logger_util.py->write_log line:61 [INFO] 接口请求成功！
[2023-08-23 10:52:02,994] logger_util.py->write_log line:61 [INFO] 
-------------接口请求结束-----------

[2023-08-23 10:52:02,998] logger_util.py->write_log line:61 [INFO] 
-------------接口请求开始-----------
[2023-08-23 10:52:02,998] logger_util.py->write_log line:61 [INFO] 接口名称：io变量异常校验-采集间隔小于10
[2023-08-23 10:52:02,998] logger_util.py->write_log line:61 [INFO] 接口方式：post
[2023-08-23 10:52:02,998] logger_util.py->write_log line:61 [INFO] 接口路径：http://127.0.0.1:18000/api/v1/variable/tunnel/58/tag
[2023-08-23 10:52:02,998] logger_util.py->write_log line:61 [INFO] 请求头：{}
[2023-08-23 10:52:02,999] logger_util.py->write_log line:61 [INFO] 请求参数：[{'archiveSetting': None, 'groupId': 51, 'name': 'E2', 'description': '采集间隔小于10', 'typeName': '有符号8位整型', 'config': {'readWriteMode': 0, 'address': '400001', 'interval': 9}, 'stringLength': 'null', 'zoom': 1, 'digit': None, 'readWriteRule': 1, 'index': 1}]
[2023-08-23 10:52:02,999] logger_util.py->write_log line:61 [INFO] 文件上传：None
[2023-08-23 10:52:03,007] logger_util.py->write_log line:61 [INFO] 预期结果：[{'equals': {'status_code': 400}}]
[2023-08-23 10:52:03,007] logger_util.py->write_log line:61 [INFO] 实际结果：序号<1>变量配置错误：采集间隔<9>超出范围10-10000
[2023-08-23 10:52:03,007] logger_util.py->write_log line:61 [INFO] 接口请求成功！
[2023-08-23 10:52:03,008] logger_util.py->write_log line:61 [INFO] 
-------------接口请求结束-----------

[2023-08-23 10:52:03,012] logger_util.py->write_log line:61 [INFO] 
-------------接口请求开始-----------
[2023-08-23 10:52:03,012] logger_util.py->write_log line:61 [INFO] 接口名称：io变量异常校验-采集间隔大于10000
[2023-08-23 10:52:03,012] logger_util.py->write_log line:61 [INFO] 接口方式：post
[2023-08-23 10:52:03,013] logger_util.py->write_log line:61 [INFO] 接口路径：http://127.0.0.1:18000/api/v1/variable/tunnel/58/tag
[2023-08-23 10:52:03,013] logger_util.py->write_log line:61 [INFO] 请求头：{}
[2023-08-23 10:52:03,013] logger_util.py->write_log line:61 [INFO] 请求参数：[{'archiveSetting': None, 'groupId': 51, 'name': 'E2', 'description': '采集间隔小于10', 'typeName': '有符号8位整型', 'config': {'readWriteMode': 0, 'address': '400001', 'interval': 10001}, 'stringLength': 'null', 'zoom': 1, 'digit': None, 'readWriteRule': 1, 'index': 1}]
[2023-08-23 10:52:03,013] logger_util.py->write_log line:61 [INFO] 文件上传：None
[2023-08-23 10:52:03,038] logger_util.py->write_log line:61 [INFO] 预期结果：[{'equals': {'status_code': 400}}]
[2023-08-23 10:52:03,038] logger_util.py->write_log line:61 [INFO] 实际结果：序号<1>变量配置错误：采集间隔<10001>超出范围10-10000
[2023-08-23 10:52:03,038] logger_util.py->write_log line:61 [INFO] 接口请求成功！
[2023-08-23 10:52:03,038] logger_util.py->write_log line:61 [INFO] 
-------------接口请求结束-----------

[2023-08-23 10:52:03,044] logger_util.py->write_log line:61 [INFO] 
-------------接口请求开始-----------
[2023-08-23 10:52:03,044] logger_util.py->write_log line:61 [INFO] 接口名称：io变量异常校验-字符串长度为空
[2023-08-23 10:52:03,044] logger_util.py->write_log line:61 [INFO] 接口方式：post
[2023-08-23 10:52:03,044] logger_util.py->write_log line:61 [INFO] 接口路径：http://127.0.0.1:18000/api/v1/variable/tunnel/58/tag
[2023-08-23 10:52:03,044] logger_util.py->write_log line:61 [INFO] 请求头：{}
[2023-08-23 10:52:03,044] logger_util.py->write_log line:61 [INFO] 请求参数：[{'archiveSetting': None, 'groupId': 51, 'name': 'E2', 'description': '字符串长度为空', 'typeName': '字符串', 'config': {'readWriteMode': 0, 'address': '400001', 'interval': 1000}, 'stringLength': '', 'zoom': 1, 'digit': None, 'readWriteRule': 1, 'index': 1}]
[2023-08-23 10:52:03,045] logger_util.py->write_log line:61 [INFO] 文件上传：None
[2023-08-23 10:52:03,057] logger_util.py->write_log line:61 [INFO] 预期结果：[{'equals': {'status_code': 400}}]
[2023-08-23 10:52:03,057] logger_util.py->write_log line:61 [INFO] 实际结果：序号<1>变量配置错误：字符长度不能为空
[2023-08-23 10:52:03,057] logger_util.py->write_log line:61 [INFO] 接口请求成功！
[2023-08-23 10:52:03,057] logger_util.py->write_log line:61 [INFO] 
-------------接口请求结束-----------

