[2023-08-08 10:59:12,064] logger_util.py->write_log line:61 [INFO] -------------接口请求开始-----------
[2023-08-08 10:59:12,064] logger_util.py->write_log line:61 [INFO] 接口名称：modbus协议下发-保存寄存器有符号8位整型
[2023-08-08 10:59:12,065] logger_util.py->write_log line:61 [INFO] 接口方式：post
[2023-08-08 10:59:12,065] logger_util.py->write_log line:61 [INFO] 接口路径：http://127.0.0.1:6700/v1/cms/io/write
[2023-08-08 10:59:12,065] logger_util.py->write_log line:61 [INFO] 请求头：{'Content-Type': 'application/json'}
[2023-08-08 10:59:12,065] logger_util.py->write_log line:61 [INFO] 请求参数：{'tagDatas': {'MOD_SINT1': '-11'}}
[2023-08-08 10:59:12,065] logger_util.py->write_log line:61 [INFO] 文件上传：None
[2023-08-08 10:59:12,124] logger_util.py->write_log line:61 [INFO] 预期结果：[{'equals': {'status_code': 200}}, {'equals': {'msg': 'All write successfully'}}]
[2023-08-08 10:59:12,125] logger_util.py->write_log line:61 [INFO] 实际结果：{'body': {'code': 0, 'msg': 'All write successfully', 'tagResults': {'MOD_SINT1': 0}, 'traceId': '838FB3B9-ECEA-40D5-9725-3193C8456D0B'}, 'header': {'code': 0, 'cur_module': 'siot', 'msg': 'All write successfully', 'timespend': 56, 'tracelist': [{'code': 0, 'module': 'siot', 'msg': 'All write successfully', 'submodule_timespend': {'api': 56, 'control': 56, 'driver': 16}, 'timespend': 56}]}}
[2023-08-08 10:59:12,125] logger_util.py->write_log line:61 [INFO] 接口请求成功！
[2023-08-08 10:59:12,125] logger_util.py->write_log line:61 [INFO] -------------接口请求结束-----------

[2023-08-08 10:59:12,129] logger_util.py->write_log line:61 [INFO] -------------接口请求开始-----------
[2023-08-08 10:59:12,130] logger_util.py->write_log line:61 [INFO] 接口名称：modbus协议下发-保存寄存器有符号16位整型
[2023-08-08 10:59:12,130] logger_util.py->write_log line:61 [INFO] 接口方式：post
[2023-08-08 10:59:12,130] logger_util.py->write_log line:61 [INFO] 接口路径：http://127.0.0.1:6700/v1/cms/io/write
[2023-08-08 10:59:12,130] logger_util.py->write_log line:61 [INFO] 请求头：{'Content-Type': 'application/json'}
[2023-08-08 10:59:12,130] logger_util.py->write_log line:61 [INFO] 请求参数：{'tagDatas': {'MOD_INT1': '22'}}
[2023-08-08 10:59:12,130] logger_util.py->write_log line:61 [INFO] 文件上传：None
[2023-08-08 10:59:12,189] logger_util.py->write_log line:61 [INFO] 预期结果：[{'equals': {'status_code': 200}}, {'equals': {'msg': 'All write successfully'}}]
[2023-08-08 10:59:12,189] logger_util.py->write_log line:61 [INFO] 实际结果：{'body': {'code': 0, 'msg': 'All write successfully', 'tagResults': {'MOD_INT1': 0}, 'traceId': '63FE99AC-EF1E-4F27-94A7-E5492EC1B9AA'}, 'header': {'code': 0, 'cur_module': 'siot', 'msg': 'All write successfully', 'timespend': 56, 'tracelist': [{'code': 0, 'module': 'siot', 'msg': 'All write successfully', 'submodule_timespend': {'api': 56, 'control': 56, 'driver': 16}, 'timespend': 56}]}}
[2023-08-08 10:59:12,189] logger_util.py->write_log line:61 [INFO] 接口请求成功！
[2023-08-08 10:59:12,189] logger_util.py->write_log line:61 [INFO] -------------接口请求结束-----------

[2023-08-08 10:59:12,194] logger_util.py->write_log line:61 [INFO] -------------接口请求开始-----------
[2023-08-08 10:59:12,195] logger_util.py->write_log line:61 [INFO] 接口名称：modbus协议下发-保存寄存器有符号32位整型
[2023-08-08 10:59:12,195] logger_util.py->write_log line:61 [INFO] 接口方式：post
[2023-08-08 10:59:12,195] logger_util.py->write_log line:61 [INFO] 接口路径：http://127.0.0.1:6700/v1/cms/io/write
[2023-08-08 10:59:12,195] logger_util.py->write_log line:61 [INFO] 请求头：{'Content-Type': 'application/json'}
[2023-08-08 10:59:12,195] logger_util.py->write_log line:61 [INFO] 请求参数：{'tagDatas': {'MOD_DINT1': '33'}}
[2023-08-08 10:59:12,195] logger_util.py->write_log line:61 [INFO] 文件上传：None
[2023-08-08 10:59:12,236] logger_util.py->write_log line:61 [INFO] 预期结果：[{'equals': {'status_code': 200}}, {'equals': {'msg': 'All write successfully'}}]
[2023-08-08 10:59:12,237] logger_util.py->write_log line:61 [INFO] 实际结果：{'body': {'code': 0, 'msg': 'All write successfully', 'tagResults': {'MOD_DINT1': 0}, 'traceId': '3BE3BC68-4CB8-4444-80BC-76B1A62B4C50'}, 'header': {'code': 0, 'cur_module': 'siot', 'msg': 'All write successfully', 'timespend': 39, 'tracelist': [{'code': 0, 'module': 'siot', 'msg': 'All write successfully', 'submodule_timespend': {'api': 39, 'control': 39, 'driver': 7}, 'timespend': 39}]}}
[2023-08-08 10:59:12,237] logger_util.py->write_log line:61 [INFO] 接口请求成功！
[2023-08-08 10:59:12,237] logger_util.py->write_log line:61 [INFO] -------------接口请求结束-----------

[2023-08-08 10:59:12,241] logger_util.py->write_log line:61 [INFO] -------------接口请求开始-----------
[2023-08-08 10:59:12,241] logger_util.py->write_log line:61 [INFO] 接口名称：modbus协议下发-保存寄存器无符号8位整型
[2023-08-08 10:59:12,242] logger_util.py->write_log line:61 [INFO] 接口方式：post
[2023-08-08 10:59:12,242] logger_util.py->write_log line:61 [INFO] 接口路径：http://127.0.0.1:6700/v1/cms/io/write
[2023-08-08 10:59:12,242] logger_util.py->write_log line:61 [INFO] 请求头：{'Content-Type': 'application/json'}
[2023-08-08 10:59:12,242] logger_util.py->write_log line:61 [INFO] 请求参数：{'tagDatas': {'MOD_USINT1': '44'}}
[2023-08-08 10:59:12,242] logger_util.py->write_log line:61 [INFO] 文件上传：None
[2023-08-08 10:59:12,299] logger_util.py->write_log line:61 [INFO] 预期结果：[{'equals': {'status_code': 200}}, {'equals': {'msg': 'All write successfully'}}]
[2023-08-08 10:59:12,300] logger_util.py->write_log line:61 [INFO] 实际结果：{'body': {'code': 0, 'msg': 'All write successfully', 'tagResults': {'MOD_USINT1': 0}, 'traceId': '1E5D14D5-4CEB-4F49-9AD9-10E0B75A883D'}, 'header': {'code': 0, 'cur_module': 'siot', 'msg': 'All write successfully', 'timespend': 56, 'tracelist': [{'code': 0, 'module': 'siot', 'msg': 'All write successfully', 'submodule_timespend': {'api': 56, 'control': 56, 'driver': 16}, 'timespend': 56}]}}
[2023-08-08 10:59:12,300] logger_util.py->write_log line:61 [INFO] 接口请求成功！
[2023-08-08 10:59:12,300] logger_util.py->write_log line:61 [INFO] -------------接口请求结束-----------

[2023-08-08 10:59:12,305] logger_util.py->write_log line:61 [INFO] -------------接口请求开始-----------
[2023-08-08 10:59:12,305] logger_util.py->write_log line:61 [INFO] 接口名称：modbus协议下发-保存寄存器无符号16位整型
[2023-08-08 10:59:12,305] logger_util.py->write_log line:61 [INFO] 接口方式：post
[2023-08-08 10:59:12,305] logger_util.py->write_log line:61 [INFO] 接口路径：http://127.0.0.1:6700/v1/cms/io/write
[2023-08-08 10:59:12,305] logger_util.py->write_log line:61 [INFO] 请求头：{'Content-Type': 'application/json'}
[2023-08-08 10:59:12,305] logger_util.py->write_log line:61 [INFO] 请求参数：{'tagDatas': {'MOD_UINT1': '55'}}
[2023-08-08 10:59:12,305] logger_util.py->write_log line:61 [INFO] 文件上传：None
[2023-08-08 10:59:12,362] logger_util.py->write_log line:61 [INFO] 预期结果：[{'equals': {'status_code': 200}}, {'equals': {'msg': 'All write successfully'}}]
[2023-08-08 10:59:12,362] logger_util.py->write_log line:61 [INFO] 实际结果：{'body': {'code': 0, 'msg': 'All write successfully', 'tagResults': {'MOD_UINT1': 0}, 'traceId': 'FC883578-4C1C-46B4-AFBA-5C3ACD40DE8B'}, 'header': {'code': 0, 'cur_module': 'siot', 'msg': 'All write successfully', 'timespend': 56, 'tracelist': [{'code': 0, 'module': 'siot', 'msg': 'All write successfully', 'submodule_timespend': {'api': 56, 'control': 56, 'driver': 15}, 'timespend': 56}]}}
[2023-08-08 10:59:12,362] logger_util.py->write_log line:61 [INFO] 接口请求成功！
[2023-08-08 10:59:12,362] logger_util.py->write_log line:61 [INFO] -------------接口请求结束-----------

[2023-08-08 10:59:12,366] logger_util.py->write_log line:61 [INFO] -------------接口请求开始-----------
[2023-08-08 10:59:12,367] logger_util.py->write_log line:61 [INFO] 接口名称：modbus协议下发-保存寄存器无符号32位整型
[2023-08-08 10:59:12,367] logger_util.py->write_log line:61 [INFO] 接口方式：post
[2023-08-08 10:59:12,367] logger_util.py->write_log line:61 [INFO] 接口路径：http://127.0.0.1:6700/v1/cms/io/write
[2023-08-08 10:59:12,367] logger_util.py->write_log line:61 [INFO] 请求头：{'Content-Type': 'application/json'}
[2023-08-08 10:59:12,367] logger_util.py->write_log line:61 [INFO] 请求参数：{'tagDatas': {'MOD_UDINT1': '66'}}
[2023-08-08 10:59:12,367] logger_util.py->write_log line:61 [INFO] 文件上传：None
[2023-08-08 10:59:12,410] logger_util.py->write_log line:61 [INFO] 预期结果：[{'equals': {'status_code': 200}}, {'equals': {'msg': 'All write successfully'}}]
[2023-08-08 10:59:12,410] logger_util.py->write_log line:61 [INFO] 实际结果：{'body': {'code': 0, 'msg': 'All write successfully', 'tagResults': {'MOD_UDINT1': 0}, 'traceId': '73A3024C-CD87-4FC1-BFFF-3243E6DA224A'}, 'header': {'code': 0, 'cur_module': 'siot', 'msg': 'All write successfully', 'timespend': 40, 'tracelist': [{'code': 0, 'module': 'siot', 'msg': 'All write successfully', 'submodule_timespend': {'api': 40, 'control': 40, 'driver': 8}, 'timespend': 40}]}}
[2023-08-08 10:59:12,410] logger_util.py->write_log line:61 [INFO] 接口请求成功！
[2023-08-08 10:59:12,410] logger_util.py->write_log line:61 [INFO] -------------接口请求结束-----------

[2023-08-08 10:59:12,415] logger_util.py->write_log line:61 [INFO] -------------接口请求开始-----------
[2023-08-08 10:59:12,415] logger_util.py->write_log line:61 [INFO] 接口名称：modbus协议下发-保存寄存器F32位浮点数IEEE754
[2023-08-08 10:59:12,415] logger_util.py->write_log line:61 [INFO] 接口方式：post
[2023-08-08 10:59:12,415] logger_util.py->write_log line:61 [INFO] 接口路径：http://127.0.0.1:6700/v1/cms/io/write
[2023-08-08 10:59:12,415] logger_util.py->write_log line:61 [INFO] 请求头：{'Content-Type': 'application/json'}
[2023-08-08 10:59:12,415] logger_util.py->write_log line:61 [INFO] 请求参数：{'tagDatas': {'MOD_REAL1': '77.456'}}
[2023-08-08 10:59:12,415] logger_util.py->write_log line:61 [INFO] 文件上传：None
[2023-08-08 10:59:12,458] logger_util.py->write_log line:61 [INFO] 预期结果：[{'equals': {'status_code': 200}}, {'equals': {'msg': 'All write successfully'}}]
[2023-08-08 10:59:12,458] logger_util.py->write_log line:61 [INFO] 实际结果：{'body': {'code': 0, 'msg': 'All write successfully', 'tagResults': {'MOD_REAL1': 0}, 'traceId': '65CA0A24-030C-4611-BCB4-4B51F62C460E'}, 'header': {'code': 0, 'cur_module': 'siot', 'msg': 'All write successfully', 'timespend': 40, 'tracelist': [{'code': 0, 'module': 'siot', 'msg': 'All write successfully', 'submodule_timespend': {'api': 40, 'control': 40, 'driver': 8}, 'timespend': 40}]}}
[2023-08-08 10:59:12,458] logger_util.py->write_log line:61 [INFO] 接口请求成功！
[2023-08-08 10:59:12,458] logger_util.py->write_log line:61 [INFO] -------------接口请求结束-----------

[2023-08-08 10:59:12,463] logger_util.py->write_log line:61 [INFO] -------------接口请求开始-----------
[2023-08-08 10:59:12,463] logger_util.py->write_log line:61 [INFO] 接口名称：modbus协议下发-保存寄存器二进制变量1
[2023-08-08 10:59:12,463] logger_util.py->write_log line:61 [INFO] 接口方式：post
[2023-08-08 10:59:12,463] logger_util.py->write_log line:61 [INFO] 接口路径：http://127.0.0.1:6700/v1/cms/io/write
[2023-08-08 10:59:12,463] logger_util.py->write_log line:61 [INFO] 请求头：{'Content-Type': 'application/json'}
[2023-08-08 10:59:12,464] logger_util.py->write_log line:61 [INFO] 请求参数：{'tagDatas': {'MOD_BOOL1': '1'}}
[2023-08-08 10:59:12,464] logger_util.py->write_log line:61 [INFO] 文件上传：None
[2023-08-08 10:59:12,583] logger_util.py->write_log line:61 [INFO] 预期结果：[{'equals': {'status_code': 200}}, {'equals': {'msg': 'All write successfully'}}]
[2023-08-08 10:59:12,583] logger_util.py->write_log line:61 [INFO] 实际结果：{'body': {'code': 0, 'msg': 'All write successfully', 'tagResults': {'MOD_BOOL1': 0}, 'traceId': '14CEAF57-9764-4D7C-890A-AA78B3F73629'}, 'header': {'code': 0, 'cur_module': 'siot', 'msg': 'All write successfully', 'timespend': 94, 'tracelist': [{'code': 0, 'module': 'siot', 'msg': 'All write successfully', 'submodule_timespend': {'api': 94, 'control': 94, 'driver': 16}, 'timespend': 94}]}}
[2023-08-08 10:59:12,584] logger_util.py->write_log line:61 [INFO] 接口请求成功！
[2023-08-08 10:59:12,584] logger_util.py->write_log line:61 [INFO] -------------接口请求结束-----------

[2023-08-08 10:59:12,588] logger_util.py->write_log line:61 [INFO] -------------接口请求开始-----------
[2023-08-08 10:59:12,588] logger_util.py->write_log line:61 [INFO] 接口名称：modbus协议下发-保存寄存器二进制变量2
[2023-08-08 10:59:12,588] logger_util.py->write_log line:61 [INFO] 接口方式：post
[2023-08-08 10:59:12,588] logger_util.py->write_log line:61 [INFO] 接口路径：http://127.0.0.1:6700/v1/cms/io/write
[2023-08-08 10:59:12,588] logger_util.py->write_log line:61 [INFO] 请求头：{'Content-Type': 'application/json'}
[2023-08-08 10:59:12,588] logger_util.py->write_log line:61 [INFO] 请求参数：{'tagDatas': {'MOD_BOOL2': '0'}}
[2023-08-08 10:59:12,588] logger_util.py->write_log line:61 [INFO] 文件上传：None
[2023-08-08 10:59:12,680] logger_util.py->write_log line:61 [INFO] 预期结果：[{'equals': {'status_code': 200}}, {'equals': {'msg': 'All write successfully'}}]
[2023-08-08 10:59:12,680] logger_util.py->write_log line:61 [INFO] 实际结果：{'body': {'code': 0, 'msg': 'All write successfully', 'tagResults': {'MOD_BOOL2': 0}, 'traceId': '41D2DEA1-6366-4FE8-9C34-A0C2AE6983A0'}, 'header': {'code': 0, 'cur_module': 'siot', 'msg': 'All write successfully', 'timespend': 64, 'tracelist': [{'code': 0, 'module': 'siot', 'msg': 'All write successfully', 'submodule_timespend': {'api': 64, 'control': 64, 'driver': 16}, 'timespend': 64}]}}
[2023-08-08 10:59:12,680] logger_util.py->write_log line:61 [INFO] 接口请求成功！
[2023-08-08 10:59:12,680] logger_util.py->write_log line:61 [INFO] -------------接口请求结束-----------

[2023-08-08 10:59:12,685] logger_util.py->write_log line:61 [INFO] -------------接口请求开始-----------
[2023-08-08 10:59:12,685] logger_util.py->write_log line:61 [INFO] 接口名称：modbus协议下发-保存寄存器字符串
[2023-08-08 10:59:12,685] logger_util.py->write_log line:61 [INFO] 接口方式：post
[2023-08-08 10:59:12,685] logger_util.py->write_log line:61 [INFO] 接口路径：http://127.0.0.1:6700/v1/cms/io/write
[2023-08-08 10:59:12,686] logger_util.py->write_log line:61 [INFO] 请求头：{'Content-Type': 'application/json'}
[2023-08-08 10:59:12,686] logger_util.py->write_log line:61 [INFO] 请求参数：{'tagDatas': {'MOD_STRING1': '文本1'}}
[2023-08-08 10:59:12,686] logger_util.py->write_log line:61 [INFO] 文件上传：None
[2023-08-08 10:59:12,757] logger_util.py->write_log line:61 [INFO] 预期结果：[{'equals': {'status_code': 200}}, {'equals': {'msg': 'All write successfully'}}]
[2023-08-08 10:59:12,757] logger_util.py->write_log line:61 [INFO] 实际结果：{'body': {'code': 0, 'msg': 'All write successfully', 'tagResults': {'MOD_STRING1': 0}, 'traceId': 'D00D8E36-7FF6-4612-9DD0-6AB11C14D04B'}, 'header': {'code': 0, 'cur_module': 'siot', 'msg': 'All write successfully', 'timespend': 47, 'tracelist': [{'code': 0, 'module': 'siot', 'msg': 'All write successfully', 'submodule_timespend': {'api': 47, 'control': 47, 'driver': 16}, 'timespend': 47}]}}
[2023-08-08 10:59:12,758] logger_util.py->write_log line:61 [INFO] 接口请求成功！
[2023-08-08 10:59:12,758] logger_util.py->write_log line:61 [INFO] -------------接口请求结束-----------

[2023-08-08 10:59:12,762] logger_util.py->write_log line:61 [INFO] -------------接口请求开始-----------
[2023-08-08 10:59:12,762] logger_util.py->write_log line:61 [INFO] 接口名称：modbus协议下发-二进制变量
[2023-08-08 10:59:12,762] logger_util.py->write_log line:61 [INFO] 接口方式：post
[2023-08-08 10:59:12,762] logger_util.py->write_log line:61 [INFO] 接口路径：http://127.0.0.1:6700/v1/cms/io/write
[2023-08-08 10:59:12,763] logger_util.py->write_log line:61 [INFO] 请求头：{'Content-Type': 'application/json'}
[2023-08-08 10:59:12,763] logger_util.py->write_log line:61 [INFO] 请求参数：{'tagDatas': {'MOD_Q0': '1'}}
[2023-08-08 10:59:12,763] logger_util.py->write_log line:61 [INFO] 文件上传：None
[2023-08-08 10:59:12,836] logger_util.py->write_log line:61 [INFO] 预期结果：[{'equals': {'status_code': 200}}, {'equals': {'msg': 'All write successfully'}}]
[2023-08-08 10:59:12,836] logger_util.py->write_log line:61 [INFO] 实际结果：{'body': {'code': 0, 'msg': 'All write successfully', 'tagResults': {'MOD_Q0': 0}, 'traceId': 'F7DAA689-0C33-4D1E-B60A-F275A6050AD3'}, 'header': {'code': 0, 'cur_module': 'siot', 'msg': 'All write successfully', 'timespend': 47, 'tracelist': [{'code': 0, 'module': 'siot', 'msg': 'All write successfully', 'submodule_timespend': {'api': 47, 'control': 47, 'driver': 15}, 'timespend': 47}]}}
[2023-08-08 10:59:12,837] logger_util.py->write_log line:61 [INFO] 接口请求成功！
[2023-08-08 10:59:12,837] logger_util.py->write_log line:61 [INFO] -------------接口请求结束-----------

[2023-08-08 10:59:12,851] logger_util.py->write_log line:61 [INFO] -------------接口请求开始-----------
[2023-08-08 10:59:12,851] logger_util.py->write_log line:61 [INFO] 接口名称：modbus协议下发-二进制变量
[2023-08-08 10:59:12,851] logger_util.py->write_log line:61 [INFO] 接口方式：post
[2023-08-08 10:59:12,851] logger_util.py->write_log line:61 [INFO] 接口路径：http://127.0.0.1:6700/v1/cms/io/write
[2023-08-08 10:59:12,851] logger_util.py->write_log line:61 [INFO] 请求头：{'Content-Type': 'application/json'}
[2023-08-08 10:59:12,851] logger_util.py->write_log line:61 [INFO] 请求参数：{'tagDatas': {'MOD_Q1': '0'}}
[2023-08-08 10:59:12,851] logger_util.py->write_log line:61 [INFO] 文件上传：None
[2023-08-08 10:59:12,932] logger_util.py->write_log line:61 [INFO] 预期结果：[{'equals': {'status_code': 200}}, {'equals': {'msg': 'All write successfully'}}]
[2023-08-08 10:59:12,933] logger_util.py->write_log line:61 [INFO] 实际结果：{'body': {'code': 0, 'msg': 'All write successfully', 'tagResults': {'MOD_Q1': 0}, 'traceId': 'CA596293-204B-42D0-A5E6-16B8185DF422'}, 'header': {'code': 0, 'cur_module': 'siot', 'msg': 'All write successfully', 'timespend': 48, 'tracelist': [{'code': 0, 'module': 'siot', 'msg': 'All write successfully', 'submodule_timespend': {'api': 48, 'control': 48, 'driver': 16}, 'timespend': 48}]}}
[2023-08-08 10:59:12,933] logger_util.py->write_log line:61 [INFO] 接口请求成功！
[2023-08-08 10:59:12,933] logger_util.py->write_log line:61 [INFO] -------------接口请求结束-----------

[2023-08-08 10:59:12,938] logger_util.py->write_log line:61 [INFO] -------------接口请求开始-----------
[2023-08-08 10:59:12,938] logger_util.py->write_log line:61 [INFO] 接口名称：modbus协议读取-保存寄存器有符号8位整型
[2023-08-08 10:59:12,938] logger_util.py->write_log line:61 [INFO] 接口方式：post
[2023-08-08 10:59:12,938] logger_util.py->write_log line:61 [INFO] 接口路径：http://127.0.0.1:6700/v1/cms/io/read
[2023-08-08 10:59:12,938] logger_util.py->write_log line:61 [INFO] 请求头：{'Content-Type': 'application/json'}
[2023-08-08 10:59:12,938] logger_util.py->write_log line:61 [INFO] 请求参数：{'tagNames': ['MOD_SINT1']}
[2023-08-08 10:59:12,938] logger_util.py->write_log line:61 [INFO] 文件上传：None
[2023-08-08 10:59:12,965] logger_util.py->write_log line:61 [INFO] 预期结果：[{'equals': {'status_code': 200}}, {'equals': {'msg': 'All read successfully'}}, {'equals': {'data': '-11'}}]
[2023-08-08 10:59:12,965] logger_util.py->write_log line:61 [INFO] 实际结果：{'body': {'code': 0, 'msg': 'All read successfully', 'tagDatas': {'MOD_SINT1': {'data': '-11', 'quality': 0}}, 'traceId': 'AF4926A3-4260-4389-A8F7-71BBAB8C57A6'}, 'header': {'code': 0, 'cur_module': 'siot', 'msg': 'All read successfully', 'timespend': 0, 'tracelist': [{'code': 0, 'module': 'siot', 'msg': 'All read successfully', 'submodule_timespend': {'api': 0, 'control': 0, 'driver': 0}, 'timespend': 0}]}}
[2023-08-08 10:59:12,965] logger_util.py->write_log line:61 [INFO] 接口请求成功！
[2023-08-08 10:59:12,965] logger_util.py->write_log line:61 [INFO] -------------接口请求结束-----------

[2023-08-08 10:59:12,970] logger_util.py->write_log line:61 [INFO] -------------接口请求开始-----------
[2023-08-08 10:59:12,970] logger_util.py->write_log line:61 [INFO] 接口名称：modbus协议读取-保存寄存器有符号16位整型
[2023-08-08 10:59:12,970] logger_util.py->write_log line:61 [INFO] 接口方式：post
[2023-08-08 10:59:12,970] logger_util.py->write_log line:61 [INFO] 接口路径：http://127.0.0.1:6700/v1/cms/io/read
[2023-08-08 10:59:12,971] logger_util.py->write_log line:61 [INFO] 请求头：{'Content-Type': 'application/json'}
[2023-08-08 10:59:12,971] logger_util.py->write_log line:61 [INFO] 请求参数：{'tagNames': ['MOD_INT1']}
[2023-08-08 10:59:12,971] logger_util.py->write_log line:61 [INFO] 文件上传：None
[2023-08-08 10:59:12,997] logger_util.py->write_log line:61 [INFO] 预期结果：[{'equals': {'status_code': 200}}, {'equals': {'msg': 'All read successfully'}}, {'equals': {'data': '22'}}]
[2023-08-08 10:59:12,997] logger_util.py->write_log line:61 [INFO] 实际结果：{'body': {'code': 0, 'msg': 'All read successfully', 'tagDatas': {'MOD_INT1': {'data': '22', 'quality': 0}}, 'traceId': '274C295A-9C5E-4AAF-8AA7-90CB349DA2AD'}, 'header': {'code': 0, 'cur_module': 'siot', 'msg': 'All read successfully', 'timespend': 0, 'tracelist': [{'code': 0, 'module': 'siot', 'msg': 'All read successfully', 'submodule_timespend': {'api': 0, 'control': 0, 'driver': 0}, 'timespend': 0}]}}
[2023-08-08 10:59:12,997] logger_util.py->write_log line:61 [INFO] 接口请求成功！
[2023-08-08 10:59:12,997] logger_util.py->write_log line:61 [INFO] -------------接口请求结束-----------

[2023-08-08 10:59:13,002] logger_util.py->write_log line:61 [INFO] -------------接口请求开始-----------
[2023-08-08 10:59:13,002] logger_util.py->write_log line:61 [INFO] 接口名称：modbus协议读取-保存寄存器有符号32位整型
[2023-08-08 10:59:13,002] logger_util.py->write_log line:61 [INFO] 接口方式：post
[2023-08-08 10:59:13,002] logger_util.py->write_log line:61 [INFO] 接口路径：http://127.0.0.1:6700/v1/cms/io/read
[2023-08-08 10:59:13,002] logger_util.py->write_log line:61 [INFO] 请求头：{'Content-Type': 'application/json'}
[2023-08-08 10:59:13,002] logger_util.py->write_log line:61 [INFO] 请求参数：{'tagNames': ['MOD_DINT1']}
[2023-08-08 10:59:13,002] logger_util.py->write_log line:61 [INFO] 文件上传：None
[2023-08-08 10:59:13,028] logger_util.py->write_log line:61 [INFO] 预期结果：[{'equals': {'status_code': 200}}, {'equals': {'msg': 'All read successfully'}}, {'equals': {'data': '33'}}]
[2023-08-08 10:59:13,029] logger_util.py->write_log line:61 [INFO] 实际结果：{'body': {'code': 0, 'msg': 'All read successfully', 'tagDatas': {'MOD_DINT1': {'data': '33', 'quality': 0}}, 'traceId': '3A1B4EF2-3C62-4DE6-88B3-0945AD218443'}, 'header': {'code': 0, 'cur_module': 'siot', 'msg': 'All read successfully', 'timespend': 0, 'tracelist': [{'code': 0, 'module': 'siot', 'msg': 'All read successfully', 'submodule_timespend': {'api': 0, 'control': 0, 'driver': 0}, 'timespend': 0}]}}
[2023-08-08 10:59:13,029] logger_util.py->write_log line:61 [INFO] 接口请求成功！
[2023-08-08 10:59:13,029] logger_util.py->write_log line:61 [INFO] -------------接口请求结束-----------

[2023-08-08 10:59:13,034] logger_util.py->write_log line:61 [INFO] -------------接口请求开始-----------
[2023-08-08 10:59:13,034] logger_util.py->write_log line:61 [INFO] 接口名称：modbus协议读取-保存寄存器无符号8位整型
[2023-08-08 10:59:13,034] logger_util.py->write_log line:61 [INFO] 接口方式：post
[2023-08-08 10:59:13,034] logger_util.py->write_log line:61 [INFO] 接口路径：http://127.0.0.1:6700/v1/cms/io/read
[2023-08-08 10:59:13,034] logger_util.py->write_log line:61 [INFO] 请求头：{'Content-Type': 'application/json'}
[2023-08-08 10:59:13,034] logger_util.py->write_log line:61 [INFO] 请求参数：{'tagNames': ['MOD_USINT1']}
[2023-08-08 10:59:13,034] logger_util.py->write_log line:61 [INFO] 文件上传：None
[2023-08-08 10:59:13,059] logger_util.py->write_log line:61 [INFO] 预期结果：[{'equals': {'status_code': 200}}, {'equals': {'msg': 'All read successfully'}}, {'equals': {'data': '44'}}]
[2023-08-08 10:59:13,060] logger_util.py->write_log line:61 [INFO] 实际结果：{'body': {'code': 0, 'msg': 'All read successfully', 'tagDatas': {'MOD_USINT1': {'data': '44', 'quality': 0}}, 'traceId': '296D0347-08B8-437A-A479-3FB49F6E50EC'}, 'header': {'code': 0, 'cur_module': 'siot', 'msg': 'All read successfully', 'timespend': 0, 'tracelist': [{'code': 0, 'module': 'siot', 'msg': 'All read successfully', 'submodule_timespend': {'api': 0, 'control': 0, 'driver': 0}, 'timespend': 0}]}}
[2023-08-08 10:59:13,060] logger_util.py->write_log line:61 [INFO] 接口请求成功！
[2023-08-08 10:59:13,060] logger_util.py->write_log line:61 [INFO] -------------接口请求结束-----------

[2023-08-08 10:59:13,064] logger_util.py->write_log line:61 [INFO] -------------接口请求开始-----------
[2023-08-08 10:59:13,064] logger_util.py->write_log line:61 [INFO] 接口名称：modbus协议读取-保存寄存器无符号16位整型
[2023-08-08 10:59:13,064] logger_util.py->write_log line:61 [INFO] 接口方式：post
[2023-08-08 10:59:13,064] logger_util.py->write_log line:61 [INFO] 接口路径：http://127.0.0.1:6700/v1/cms/io/read
[2023-08-08 10:59:13,064] logger_util.py->write_log line:61 [INFO] 请求头：{'Content-Type': 'application/json'}
[2023-08-08 10:59:13,064] logger_util.py->write_log line:61 [INFO] 请求参数：{'tagNames': ['MOD_UINT1']}
[2023-08-08 10:59:13,065] logger_util.py->write_log line:61 [INFO] 文件上传：None
[2023-08-08 10:59:13,091] logger_util.py->write_log line:61 [INFO] 预期结果：[{'equals': {'status_code': 200}}, {'equals': {'msg': 'All read successfully'}}, {'equals': {'data': '55'}}]
[2023-08-08 10:59:13,092] logger_util.py->write_log line:61 [INFO] 实际结果：{'body': {'code': 0, 'msg': 'All read successfully', 'tagDatas': {'MOD_UINT1': {'data': '55', 'quality': 0}}, 'traceId': '762E7CFC-646C-4F06-9C68-103761CC30BB'}, 'header': {'code': 0, 'cur_module': 'siot', 'msg': 'All read successfully', 'timespend': 0, 'tracelist': [{'code': 0, 'module': 'siot', 'msg': 'All read successfully', 'submodule_timespend': {'api': 0, 'control': 0, 'driver': 0}, 'timespend': 0}]}}
[2023-08-08 10:59:13,092] logger_util.py->write_log line:61 [INFO] 接口请求成功！
[2023-08-08 10:59:13,092] logger_util.py->write_log line:61 [INFO] -------------接口请求结束-----------

[2023-08-08 10:59:13,096] logger_util.py->write_log line:61 [INFO] -------------接口请求开始-----------
[2023-08-08 10:59:13,096] logger_util.py->write_log line:61 [INFO] 接口名称：modbus协议读取-保存寄存器无符号32位整型
[2023-08-08 10:59:13,096] logger_util.py->write_log line:61 [INFO] 接口方式：post
[2023-08-08 10:59:13,096] logger_util.py->write_log line:61 [INFO] 接口路径：http://127.0.0.1:6700/v1/cms/io/read
[2023-08-08 10:59:13,096] logger_util.py->write_log line:61 [INFO] 请求头：{'Content-Type': 'application/json'}
[2023-08-08 10:59:13,096] logger_util.py->write_log line:61 [INFO] 请求参数：{'tagNames': ['MOD_UDINT1']}
[2023-08-08 10:59:13,097] logger_util.py->write_log line:61 [INFO] 文件上传：None
[2023-08-08 10:59:13,122] logger_util.py->write_log line:61 [INFO] 预期结果：[{'equals': {'status_code': 200}}, {'equals': {'msg': 'All read successfully'}}, {'equals': {'data': '66'}}]
[2023-08-08 10:59:13,123] logger_util.py->write_log line:61 [INFO] 实际结果：{'body': {'code': 0, 'msg': 'All read successfully', 'tagDatas': {'MOD_UDINT1': {'data': '66', 'quality': 0}}, 'traceId': '4CE0F51A-594F-4118-BA8D-1D832277EC2A'}, 'header': {'code': 0, 'cur_module': 'siot', 'msg': 'All read successfully', 'timespend': 0, 'tracelist': [{'code': 0, 'module': 'siot', 'msg': 'All read successfully', 'submodule_timespend': {'api': 0, 'control': 0, 'driver': 0}, 'timespend': 0}]}}
[2023-08-08 10:59:13,123] logger_util.py->write_log line:61 [INFO] 接口请求成功！
[2023-08-08 10:59:13,123] logger_util.py->write_log line:61 [INFO] -------------接口请求结束-----------

[2023-08-08 10:59:13,128] logger_util.py->write_log line:61 [INFO] -------------接口请求开始-----------
[2023-08-08 10:59:13,128] logger_util.py->write_log line:61 [INFO] 接口名称：modbus协议读取-保存寄存器F32位浮点数IEEE754
[2023-08-08 10:59:13,129] logger_util.py->write_log line:61 [INFO] 接口方式：post
[2023-08-08 10:59:13,129] logger_util.py->write_log line:61 [INFO] 接口路径：http://127.0.0.1:6700/v1/cms/io/read
[2023-08-08 10:59:13,129] logger_util.py->write_log line:61 [INFO] 请求头：{'Content-Type': 'application/json'}
[2023-08-08 10:59:13,129] logger_util.py->write_log line:61 [INFO] 请求参数：{'tagNames': ['MOD_REAL1']}
[2023-08-08 10:59:13,129] logger_util.py->write_log line:61 [INFO] 文件上传：None
[2023-08-08 10:59:13,154] logger_util.py->write_log line:61 [INFO] 预期结果：[{'equals': {'status_code': 200}}, {'equals': {'msg': 'All read successfully'}}, {'equals': {'data': '77.456'}}]
[2023-08-08 10:59:13,155] logger_util.py->write_log line:61 [INFO] 实际结果：{'body': {'code': 0, 'msg': 'All read successfully', 'tagDatas': {'MOD_REAL1': {'data': '77.456', 'quality': 0}}, 'traceId': 'D9285C70-A553-455F-87C9-0A8C064FD55F'}, 'header': {'code': 0, 'cur_module': 'siot', 'msg': 'All read successfully', 'timespend': 0, 'tracelist': [{'code': 0, 'module': 'siot', 'msg': 'All read successfully', 'submodule_timespend': {'api': 0, 'control': 0, 'driver': 0}, 'timespend': 0}]}}
[2023-08-08 10:59:13,155] logger_util.py->write_log line:61 [INFO] 接口请求成功！
[2023-08-08 10:59:13,155] logger_util.py->write_log line:61 [INFO] -------------接口请求结束-----------

[2023-08-08 10:59:13,160] logger_util.py->write_log line:61 [INFO] -------------接口请求开始-----------
[2023-08-08 10:59:13,160] logger_util.py->write_log line:61 [INFO] 接口名称：modbus协议读取-保存寄存器二进制变量1
[2023-08-08 10:59:13,160] logger_util.py->write_log line:61 [INFO] 接口方式：post
[2023-08-08 10:59:13,160] logger_util.py->write_log line:61 [INFO] 接口路径：http://127.0.0.1:6700/v1/cms/io/read
[2023-08-08 10:59:13,160] logger_util.py->write_log line:61 [INFO] 请求头：{'Content-Type': 'application/json'}
[2023-08-08 10:59:13,160] logger_util.py->write_log line:61 [INFO] 请求参数：{'tagNames': ['MOD_BOOL1']}
[2023-08-08 10:59:13,160] logger_util.py->write_log line:61 [INFO] 文件上传：None
[2023-08-08 10:59:13,186] logger_util.py->write_log line:61 [INFO] 预期结果：[{'equals': {'status_code': 200}}, {'equals': {'msg': 'All read successfully'}}, {'equals': {'data': '1'}}]
[2023-08-08 10:59:13,186] logger_util.py->write_log line:61 [INFO] 实际结果：{'body': {'code': 0, 'msg': 'All read successfully', 'tagDatas': {'MOD_BOOL1': {'data': '1', 'quality': 0}}, 'traceId': 'EA2AB810-BBEC-4F4D-A0A6-80847FC59AB1'}, 'header': {'code': 0, 'cur_module': 'siot', 'msg': 'All read successfully', 'timespend': 1, 'tracelist': [{'code': 0, 'module': 'siot', 'msg': 'All read successfully', 'submodule_timespend': {'api': 1, 'control': 0, 'driver': 0}, 'timespend': 1}]}}
[2023-08-08 10:59:13,186] logger_util.py->write_log line:61 [INFO] 接口请求成功！
[2023-08-08 10:59:13,186] logger_util.py->write_log line:61 [INFO] -------------接口请求结束-----------

[2023-08-08 10:59:13,191] logger_util.py->write_log line:61 [INFO] -------------接口请求开始-----------
[2023-08-08 10:59:13,191] logger_util.py->write_log line:61 [INFO] 接口名称：modbus协议读取-保存寄存器二进制变量2
[2023-08-08 10:59:13,191] logger_util.py->write_log line:61 [INFO] 接口方式：post
[2023-08-08 10:59:13,191] logger_util.py->write_log line:61 [INFO] 接口路径：http://127.0.0.1:6700/v1/cms/io/read
[2023-08-08 10:59:13,191] logger_util.py->write_log line:61 [INFO] 请求头：{'Content-Type': 'application/json'}
[2023-08-08 10:59:13,191] logger_util.py->write_log line:61 [INFO] 请求参数：{'tagNames': ['MOD_BOOL2']}
[2023-08-08 10:59:13,191] logger_util.py->write_log line:61 [INFO] 文件上传：None
[2023-08-08 10:59:13,217] logger_util.py->write_log line:61 [INFO] 预期结果：[{'equals': {'status_code': 200}}, {'equals': {'msg': 'All read successfully'}}, {'equals': {'data': '0'}}]
[2023-08-08 10:59:13,218] logger_util.py->write_log line:61 [INFO] 实际结果：{'body': {'code': 0, 'msg': 'All read successfully', 'tagDatas': {'MOD_BOOL2': {'data': '0', 'quality': 0}}, 'traceId': '97E60AE6-AF28-4374-9ACD-D9D0E166FC6E'}, 'header': {'code': 0, 'cur_module': 'siot', 'msg': 'All read successfully', 'timespend': 1, 'tracelist': [{'code': 0, 'module': 'siot', 'msg': 'All read successfully', 'submodule_timespend': {'api': 1, 'control': 1, 'driver': 0}, 'timespend': 1}]}}
[2023-08-08 10:59:13,218] logger_util.py->write_log line:61 [INFO] 接口请求成功！
[2023-08-08 10:59:13,218] logger_util.py->write_log line:61 [INFO] -------------接口请求结束-----------

[2023-08-08 10:59:13,222] logger_util.py->write_log line:61 [INFO] -------------接口请求开始-----------
[2023-08-08 10:59:13,222] logger_util.py->write_log line:61 [INFO] 接口名称：modbus协议读取-保存寄存器字符串
[2023-08-08 10:59:13,223] logger_util.py->write_log line:61 [INFO] 接口方式：post
[2023-08-08 10:59:13,223] logger_util.py->write_log line:61 [INFO] 接口路径：http://127.0.0.1:6700/v1/cms/io/read
[2023-08-08 10:59:13,223] logger_util.py->write_log line:61 [INFO] 请求头：{'Content-Type': 'application/json'}
[2023-08-08 10:59:13,223] logger_util.py->write_log line:61 [INFO] 请求参数：{'tagNames': ['MOD_STRING1']}
[2023-08-08 10:59:13,223] logger_util.py->write_log line:61 [INFO] 文件上传：None
[2023-08-08 10:59:13,249] logger_util.py->write_log line:61 [INFO] 预期结果：[{'equals': {'status_code': 200}}, {'equals': {'msg': 'All read successfully'}}, {'equals': {'data': '文本1'}}]
[2023-08-08 10:59:13,250] logger_util.py->write_log line:61 [INFO] 实际结果：{'body': {'code': 0, 'msg': 'All read successfully', 'tagDatas': {'MOD_STRING1': {'data': '文本1', 'quality': 0}}, 'traceId': 'CEBDCEF5-1C6C-4B1D-8F06-60211EAB3383'}, 'header': {'code': 0, 'cur_module': 'siot', 'msg': 'All read successfully', 'timespend': 0, 'tracelist': [{'code': 0, 'module': 'siot', 'msg': 'All read successfully', 'submodule_timespend': {'api': 0, 'control': 0, 'driver': 0}, 'timespend': 0}]}}
[2023-08-08 10:59:13,250] logger_util.py->write_log line:61 [INFO] 接口请求成功！
[2023-08-08 10:59:13,250] logger_util.py->write_log line:61 [INFO] -------------接口请求结束-----------

[2023-08-08 10:59:13,254] logger_util.py->write_log line:61 [INFO] -------------接口请求开始-----------
[2023-08-08 10:59:13,255] logger_util.py->write_log line:61 [INFO] 接口名称：modbus协议读取-二进制变量
[2023-08-08 10:59:13,255] logger_util.py->write_log line:61 [INFO] 接口方式：post
[2023-08-08 10:59:13,255] logger_util.py->write_log line:61 [INFO] 接口路径：http://127.0.0.1:6700/v1/cms/io/read
[2023-08-08 10:59:13,255] logger_util.py->write_log line:61 [INFO] 请求头：{'Content-Type': 'application/json'}
[2023-08-08 10:59:13,255] logger_util.py->write_log line:61 [INFO] 请求参数：{'tagNames': ['MOD_Q0']}
[2023-08-08 10:59:13,255] logger_util.py->write_log line:61 [INFO] 文件上传：None
[2023-08-08 10:59:13,282] logger_util.py->write_log line:61 [INFO] 预期结果：[{'equals': {'status_code': 200}}, {'equals': {'msg': 'All read successfully'}}, {'equals': {'data': '1'}}]
[2023-08-08 10:59:13,282] logger_util.py->write_log line:61 [INFO] 实际结果：{'body': {'code': 0, 'msg': 'All read successfully', 'tagDatas': {'MOD_Q0': {'data': '1', 'quality': 0}}, 'traceId': 'CA2DB5B5-C487-4359-A32D-D98333BFFAAC'}, 'header': {'code': 0, 'cur_module': 'siot', 'msg': 'All read successfully', 'timespend': 0, 'tracelist': [{'code': 0, 'module': 'siot', 'msg': 'All read successfully', 'submodule_timespend': {'api': 0, 'control': 0, 'driver': 0}, 'timespend': 0}]}}
[2023-08-08 10:59:13,282] logger_util.py->write_log line:61 [INFO] 接口请求成功！
[2023-08-08 10:59:13,282] logger_util.py->write_log line:61 [INFO] -------------接口请求结束-----------

[2023-08-08 10:59:13,287] logger_util.py->write_log line:61 [INFO] -------------接口请求开始-----------
[2023-08-08 10:59:13,287] logger_util.py->write_log line:61 [INFO] 接口名称：modbus协议读取-二进制变量
[2023-08-08 10:59:13,287] logger_util.py->write_log line:61 [INFO] 接口方式：post
[2023-08-08 10:59:13,287] logger_util.py->write_log line:61 [INFO] 接口路径：http://127.0.0.1:6700/v1/cms/io/read
[2023-08-08 10:59:13,287] logger_util.py->write_log line:61 [INFO] 请求头：{'Content-Type': 'application/json'}
[2023-08-08 10:59:13,287] logger_util.py->write_log line:61 [INFO] 请求参数：{'tagNames': ['MOD_Q1']}
[2023-08-08 10:59:13,287] logger_util.py->write_log line:61 [INFO] 文件上传：None
[2023-08-08 10:59:13,314] logger_util.py->write_log line:61 [INFO] 预期结果：[{'equals': {'status_code': 200}}, {'equals': {'msg': 'All read successfully'}}, {'equals': {'data': '0'}}]
[2023-08-08 10:59:13,314] logger_util.py->write_log line:61 [INFO] 实际结果：{'body': {'code': 0, 'msg': 'All read successfully', 'tagDatas': {'MOD_Q1': {'data': '0', 'quality': 0}}, 'traceId': 'C8BF79D6-FA79-420C-9D5F-1B28C7D12C09'}, 'header': {'code': 0, 'cur_module': 'siot', 'msg': 'All read successfully', 'timespend': 0, 'tracelist': [{'code': 0, 'module': 'siot', 'msg': 'All read successfully', 'submodule_timespend': {'api': 0, 'control': 0, 'driver': 0}, 'timespend': 0}]}}
[2023-08-08 10:59:13,314] logger_util.py->write_log line:61 [INFO] 接口请求成功！
[2023-08-08 10:59:13,314] logger_util.py->write_log line:61 [INFO] -------------接口请求结束-----------

