[2023-10-08 11:39:18,833] logger_util.py->write_log line:61 [INFO] 
-------------接口请求开始-----------
[2023-10-08 11:39:18,833] logger_util.py->write_log line:61 [INFO] 接口名称：查询数据
[2023-10-08 11:39:18,834] logger_util.py->write_log line:61 [INFO] 接口方式：post
[2023-10-08 11:39:18,834] logger_util.py->write_log line:61 [INFO] 接口路径：http://127.0.0.1:18000/api/v1/data/original
[2023-10-08 11:39:18,834] logger_util.py->write_log line:61 [INFO] 请求头：{'Content-Type': 'application/json;charset=UTF-8', 'X-Project': '7644d55e1eb9404299f9ca4bffac4b4d'}
[2023-10-08 11:39:18,834] logger_util.py->write_log line:61 [INFO] 请求参数：{'dataSetId': 'adf96542-9204-4f85-8e76-6ec56d9c0be7', 'tableName': '归档表_定时触发', 'limit': 500}
[2023-10-08 11:39:18,834] logger_util.py->write_log line:61 [INFO] 文件上传：None
[2023-10-08 11:39:18,842] logger_util.py->error_log line:65 [INFO] 断言失败:status_code不等于200
[2023-10-08 11:39:18,842] logger_util.py->write_log line:61 [INFO] 实际结果：{'code': 409, 'msg': 'Projcet Conflict'}
[2023-10-08 11:39:18,842] logger_util.py->write_log line:61 [INFO] 接口请求失败！
[2023-10-08 11:39:18,842] logger_util.py->write_log line:61 [INFO] -------------接口请求结束-----------

[2023-10-08 11:39:18,843] logger_util.py->error_log line:65 [INFO] 断言异常：异常信息: Traceback (most recent call last):
  File "E:\Project_python\api_cms\common\requests_util.py", line 358, in validate_result
    error_log("断言失败:"+assert_key+"不等于"+str(assert_value))
  File "E:\Project_python\api_cms\common\logger_util.py", line 66, in error_log
    raise Exception(log_message)
Exception: 断言失败:status_code不等于200

[2023-10-08 11:39:18,843] logger_util.py->error_log line:65 [INFO] 分析YAML文件异常：异常信息: Traceback (most recent call last):
  File "E:\Project_python\api_cms\common\requests_util.py", line 358, in validate_result
    error_log("断言失败:"+assert_key+"不等于"+str(assert_value))
  File "E:\Project_python\api_cms\common\logger_util.py", line 66, in error_log
    raise Exception(log_message)
Exception: 断言失败:status_code不等于200

During handling of the above exception, another exception occurred:

Traceback (most recent call last):
  File "E:\Project_python\api_cms\common\requests_util.py", line 240, in analysis_yaml
    self.validate_result(yq_result, return_data, status_code)
  File "E:\Project_python\api_cms\common\requests_util.py", line 415, in validate_result
    error_log("断言异常：异常信息: %s" % str(traceback.format_exc()))
  File "E:\Project_python\api_cms\common\logger_util.py", line 66, in error_log
    raise Exception(log_message)
Exception: 断言异常：异常信息: Traceback (most recent call last):
  File "E:\Project_python\api_cms\common\requests_util.py", line 358, in validate_result
    error_log("断言失败:"+assert_key+"不等于"+str(assert_value))
  File "E:\Project_python\api_cms\common\logger_util.py", line 66, in error_log
    raise Exception(log_message)
Exception: 断言失败:status_code不等于200


