[2023-11-27 17:50:59,338] logger_util.py->write_log line:61 [INFO] 
-------------接口请求开始-----------
[2023-11-27 17:50:59,338] logger_util.py->write_log line:61 [INFO] 接口名称：测试连接互联项
[2023-11-27 17:50:59,338] logger_util.py->write_log line:61 [INFO] 接口方式：post
[2023-11-27 17:50:59,338] logger_util.py->write_log line:61 [INFO] 接口路径：http://127.0.0.1:18000/api/v1/connection/test
[2023-11-27 17:50:59,338] logger_util.py->write_log line:61 [INFO] 请求头：{'X-Project': 'd800d1a6d0be4623aaa824c28dc71981'}
[2023-11-27 17:50:59,338] logger_util.py->write_log line:61 [INFO] 请求参数：{'id': None, 'name': 'mysql8964', 'connectionType': 1, 'databaseType': 1, 'authenticationType': None, 'server': '127.0.0.1', 'port': '3306', 'database': 'TestDB', 'databasePath': '', 'userName': 'root', 'password': 'syc123', 'changedPassword': True, 'mqttType': None, 'pushType': None, 'timingPeriod': None, 'changingPeriod': None, 'cloudDeviceId': '', 'originalSecret': ''}
[2023-11-27 17:50:59,339] logger_util.py->write_log line:61 [INFO] 文件上传：None
[2023-11-27 17:50:59,344] logger_util.py->write_log line:61 [INFO] 预期结果：[{'equals': {'status_code': 200}}]
[2023-11-27 17:50:59,344] logger_util.py->write_log line:61 [INFO] 实际结果：测试连接成功
[2023-11-27 17:50:59,344] logger_util.py->write_log line:61 [INFO] 接口请求成功！
[2023-11-27 17:50:59,344] logger_util.py->write_log line:61 [INFO] 
-------------接口请求结束-----------

[2023-11-27 17:50:59,361] logger_util.py->write_log line:61 [INFO] 
-------------接口请求开始-----------
[2023-11-27 17:50:59,361] logger_util.py->write_log line:61 [INFO] 接口名称：测试连接互联项
[2023-11-27 17:50:59,361] logger_util.py->write_log line:61 [INFO] 接口方式：post
[2023-11-27 17:50:59,361] logger_util.py->write_log line:61 [INFO] 接口路径：http://127.0.0.1:18000/api/v1/connection
[2023-11-27 17:50:59,362] logger_util.py->write_log line:61 [INFO] 请求头：{'X-Project': 'd800d1a6d0be4623aaa824c28dc71981'}
[2023-11-27 17:50:59,362] logger_util.py->write_log line:61 [INFO] 请求参数：{'id': None, 'name': 'mysql2935', 'connectionType': 1, 'databaseType': 1, 'authenticationType': None, 'server': '127.0.0.1', 'port': '3306', 'database': 'TestDB', 'databasePath': '', 'userName': 'root', 'password': 'syc123', 'changedPassword': True, 'mqttType': None, 'pushType': None, 'timingPeriod': None, 'changingPeriod': None, 'cloudDeviceId': '', 'originalSecret': ''}
[2023-11-27 17:50:59,362] logger_util.py->write_log line:61 [INFO] 文件上传：None
[2023-11-27 17:50:59,384] logger_util.py->write_log line:61 [INFO] 预期结果：[{'equals': {'status_code': 200}}]
[2023-11-27 17:50:59,384] logger_util.py->write_log line:61 [INFO] 实际结果：{'data': {'id': 26, 'name': 'mysql2935', 'connectionType': 1, 'databaseType': 1, 'authenticationType': 0, 'server': '127.0.0.1', 'port': 3306, 'database': 'TestDB', 'databasePath': '', 'userName': 'root'}, 'message': ''}
[2023-11-27 17:50:59,385] logger_util.py->write_log line:61 [INFO] 接口请求成功！
[2023-11-27 17:50:59,385] logger_util.py->write_log line:61 [INFO] 
-------------接口请求结束-----------

[2023-11-27 17:50:59,393] logger_util.py->write_log line:61 [INFO] 
-------------接口请求开始-----------
[2023-11-27 17:50:59,393] logger_util.py->write_log line:61 [INFO] 接口名称：关闭互联项
[2023-11-27 17:50:59,393] logger_util.py->write_log line:61 [INFO] 接口方式：put
[2023-11-27 17:50:59,393] logger_util.py->write_log line:61 [INFO] 接口路径：http://127.0.0.1:18000/api/v1/connection/switch/1/26/off
[2023-11-27 17:50:59,393] logger_util.py->write_log line:61 [INFO] 请求头：{'X-Project': 'd800d1a6d0be4623aaa824c28dc71981'}
[2023-11-27 17:50:59,394] logger_util.py->write_log line:61 [INFO] 文件上传：None
[2023-11-27 17:50:59,402] logger_util.py->write_log line:61 [INFO] 预期结果：[{'equals': {'status_code': 200}}]
[2023-11-27 17:50:59,402] logger_util.py->write_log line:61 [INFO] 实际结果：[{'nodeGuid': 'bcca9e20-13f4-4dad-b033-abe5c4158492', 'id': 26, 'type': 1, 'name': 'mysql2935', 'status': 0, 'errorMsg': None, 'children': []}]
[2023-11-27 17:50:59,402] logger_util.py->write_log line:61 [INFO] 接口请求成功！
[2023-11-27 17:50:59,402] logger_util.py->write_log line:61 [INFO] 
-------------接口请求结束-----------

[2023-11-27 17:50:59,408] logger_util.py->write_log line:61 [INFO] 
-------------接口请求开始-----------
[2023-11-27 17:50:59,408] logger_util.py->write_log line:61 [INFO] 接口名称：开启互联项
[2023-11-27 17:50:59,408] logger_util.py->write_log line:61 [INFO] 接口方式：put
[2023-11-27 17:50:59,408] logger_util.py->write_log line:61 [INFO] 接口路径：http://127.0.0.1:18000/api/v1/connection/switch/1/26/on
[2023-11-27 17:50:59,408] logger_util.py->write_log line:61 [INFO] 请求头：{'X-Project': 'd800d1a6d0be4623aaa824c28dc71981'}
[2023-11-27 17:50:59,408] logger_util.py->write_log line:61 [INFO] 文件上传：None
[2023-11-27 17:50:59,417] logger_util.py->write_log line:61 [INFO] 预期结果：[{'equals': {'status_code': 200}}]
[2023-11-27 17:50:59,417] logger_util.py->write_log line:61 [INFO] 实际结果：[{'nodeGuid': 'cbdfd2f8-92fc-4ac9-a84d-6bad2379c2b2', 'id': 26, 'type': 1, 'name': 'mysql2935', 'status': 0, 'errorMsg': None, 'children': []}]
[2023-11-27 17:50:59,417] logger_util.py->write_log line:61 [INFO] 接口请求成功！
[2023-11-27 17:50:59,417] logger_util.py->write_log line:61 [INFO] 
-------------接口请求结束-----------

[2023-11-27 17:50:59,422] logger_util.py->write_log line:61 [INFO] 
-------------接口请求开始-----------
[2023-11-27 17:50:59,423] logger_util.py->write_log line:61 [INFO] 接口名称：重命名互联项
[2023-11-27 17:50:59,423] logger_util.py->write_log line:61 [INFO] 接口方式：put
[2023-11-27 17:50:59,423] logger_util.py->write_log line:61 [INFO] 接口路径：http://127.0.0.1:18000/api/v1/connection/rename/1/26/重命名_mysql965
[2023-11-27 17:50:59,423] logger_util.py->write_log line:61 [INFO] 请求头：{'X-Project': 'd800d1a6d0be4623aaa824c28dc71981'}
[2023-11-27 17:50:59,423] logger_util.py->write_log line:61 [INFO] 文件上传：None
[2023-11-27 17:50:59,443] logger_util.py->write_log line:61 [INFO] 预期结果：[{'equals': {'status_code': 200}}]
[2023-11-27 17:50:59,443] logger_util.py->write_log line:61 [INFO] 实际结果：
[2023-11-27 17:50:59,443] logger_util.py->write_log line:61 [INFO] 接口请求成功！
[2023-11-27 17:50:59,443] logger_util.py->write_log line:61 [INFO] 
-------------接口请求结束-----------

[2023-11-27 17:50:59,459] logger_util.py->write_log line:61 [INFO] 
-------------接口请求开始-----------
[2023-11-27 17:50:59,459] logger_util.py->write_log line:61 [INFO] 接口名称：修改互联配置
[2023-11-27 17:50:59,459] logger_util.py->write_log line:61 [INFO] 接口方式：put
[2023-11-27 17:50:59,459] logger_util.py->write_log line:61 [INFO] 接口路径：http://127.0.0.1:18000/api/v1/connection/26/config
[2023-11-27 17:50:59,459] logger_util.py->write_log line:61 [INFO] 请求头：{'X-Project': 'd800d1a6d0be4623aaa824c28dc71981'}
[2023-11-27 17:50:59,460] logger_util.py->write_log line:61 [INFO] 请求参数：{'id': 26, 'name': '改配_mysql53', 'connectionType': 1, 'databaseType': 1, 'authenticationType': 0, 'server': '127.0.0.1', 'port': '3306', 'database': 'TestDB', 'databasePath': '', 'userName': 'root', 'password': 'syc123'}
[2023-11-27 17:50:59,460] logger_util.py->write_log line:61 [INFO] 文件上传：None
[2023-11-27 17:50:59,483] logger_util.py->write_log line:61 [INFO] 预期结果：[{'equals': {'status_code': 200}}]
[2023-11-27 17:50:59,483] logger_util.py->write_log line:61 [INFO] 实际结果：{'data': {'id': 26, 'name': '改配_mysql53', 'connectionType': 1, 'databaseType': 1, 'authenticationType': 0, 'server': '127.0.0.1', 'port': 3306, 'database': 'TestDB', 'databasePath': '', 'userName': 'root'}, 'message': ''}
[2023-11-27 17:50:59,483] logger_util.py->write_log line:61 [INFO] 接口请求成功！
[2023-11-27 17:50:59,483] logger_util.py->write_log line:61 [INFO] 
-------------接口请求结束-----------

[2023-11-27 17:50:59,488] logger_util.py->write_log line:61 [INFO] 
-------------接口请求开始-----------
[2023-11-27 17:50:59,488] logger_util.py->write_log line:61 [INFO] 接口名称：删除互联项
[2023-11-27 17:50:59,488] logger_util.py->write_log line:61 [INFO] 接口方式：delete
[2023-11-27 17:50:59,488] logger_util.py->write_log line:61 [INFO] 接口路径：http://127.0.0.1:18000/api/v1/connection/1/26
[2023-11-27 17:50:59,489] logger_util.py->write_log line:61 [INFO] 请求头：{'X-Project': 'd800d1a6d0be4623aaa824c28dc71981'}
[2023-11-27 17:50:59,489] logger_util.py->write_log line:61 [INFO] 文件上传：None
[2023-11-27 17:50:59,510] logger_util.py->write_log line:61 [INFO] 预期结果：[{'equals': {'status_code': 200}}]
[2023-11-27 17:50:59,511] logger_util.py->write_log line:61 [INFO] 实际结果：
[2023-11-27 17:50:59,511] logger_util.py->write_log line:61 [INFO] 接口请求成功！
[2023-11-27 17:50:59,511] logger_util.py->write_log line:61 [INFO] 
-------------接口请求结束-----------

[2023-11-27 17:50:59,526] logger_util.py->write_log line:61 [INFO] 
-------------接口请求开始-----------
[2023-11-27 17:50:59,526] logger_util.py->write_log line:61 [INFO] 接口名称：测试连接互联项
[2023-11-27 17:50:59,526] logger_util.py->write_log line:61 [INFO] 接口方式：post
[2023-11-27 17:50:59,526] logger_util.py->write_log line:61 [INFO] 接口路径：http://127.0.0.1:18000/api/v1/connection
[2023-11-27 17:50:59,526] logger_util.py->write_log line:61 [INFO] 请求头：{'X-Project': 'd800d1a6d0be4623aaa824c28dc71981'}
[2023-11-27 17:50:59,526] logger_util.py->write_log line:61 [INFO] 请求参数：{'id': None, 'name': 'mysql9820', 'connectionType': 1, 'databaseType': 1, 'authenticationType': None, 'server': '127.0.0.1', 'port': '3306', 'database': 'TestDB', 'databasePath': '', 'userName': 'root', 'password': 'syc123', 'changedPassword': True, 'mqttType': None, 'pushType': None, 'timingPeriod': None, 'changingPeriod': None, 'cloudDeviceId': '', 'originalSecret': ''}
[2023-11-27 17:50:59,527] logger_util.py->write_log line:61 [INFO] 文件上传：None
[2023-11-27 17:50:59,548] logger_util.py->write_log line:61 [INFO] 预期结果：[{'equals': {'status_code': 200}}]
[2023-11-27 17:50:59,548] logger_util.py->write_log line:61 [INFO] 实际结果：{'data': {'id': 27, 'name': 'mysql9820', 'connectionType': 1, 'databaseType': 1, 'authenticationType': 0, 'server': '127.0.0.1', 'port': 3306, 'database': 'TestDB', 'databasePath': '', 'userName': 'root'}, 'message': ''}
[2023-11-27 17:50:59,548] logger_util.py->write_log line:61 [INFO] 接口请求成功！
[2023-11-27 17:50:59,548] logger_util.py->write_log line:61 [INFO] 
-------------接口请求结束-----------

