[2023-11-23 16:31:22,893] logger_util.py->write_log line:61 [INFO] 
-------------接口请求开始-----------
[2023-11-23 16:31:22,894] logger_util.py->write_log line:61 [INFO] 接口名称：创建语言列表
[2023-11-23 16:31:22,894] logger_util.py->write_log line:61 [INFO] 接口方式：post
[2023-11-23 16:31:22,894] logger_util.py->write_log line:61 [INFO] 接口路径：http://127.0.0.1:18000/api/v1/multiplelanguage/languagelist
[2023-11-23 16:31:22,894] logger_util.py->write_log line:61 [INFO] 请求头：{'X-Project': 'd800d1a6d0be4623aaa824c28dc71981'}
[2023-11-23 16:31:22,894] logger_util.py->write_log line:61 [INFO] 请求参数：{'languageType': 'zh-CN'}
[2023-11-23 16:31:22,895] logger_util.py->write_log line:61 [INFO] 文件上传：None
[2023-11-23 16:31:22,909] logger_util.py->write_log line:61 [INFO] 预期结果：[{'equals': {'status_code': 200}}]
[2023-11-23 16:31:22,909] logger_util.py->write_log line:61 [INFO] 实际结果：{'id': 36, 'languageType': 'zh-CN', 'name': '中文（中国）', 'enable': True, 'createDateTime': '2023-11-23T16:31:22.8995067+08:00'}
[2023-11-23 16:31:22,909] logger_util.py->write_log line:61 [INFO] 接口请求成功！
[2023-11-23 16:31:22,910] logger_util.py->write_log line:61 [INFO] 
-------------接口请求结束-----------

[2023-11-23 16:31:22,915] logger_util.py->write_log line:61 [INFO] 
-------------接口请求开始-----------
[2023-11-23 16:31:22,915] logger_util.py->write_log line:61 [INFO] 接口名称：获取语言列表
[2023-11-23 16:31:22,915] logger_util.py->write_log line:61 [INFO] 接口方式：get
[2023-11-23 16:31:22,916] logger_util.py->write_log line:61 [INFO] 接口路径：http://127.0.0.1:18000/api/v1/multiplelanguage/languagelist
[2023-11-23 16:31:22,916] logger_util.py->write_log line:61 [INFO] 请求头：{'X-Project': 'd800d1a6d0be4623aaa824c28dc71981'}
[2023-11-23 16:31:22,916] logger_util.py->write_log line:61 [INFO] 文件上传：None
[2023-11-23 16:31:22,932] logger_util.py->write_log line:61 [INFO] 预期结果：[{'equals': {'status_code': 200}}]
[2023-11-23 16:31:22,932] logger_util.py->write_log line:61 [INFO] 实际结果：[{'id': 36, 'languageType': 'zh-CN', 'name': '中文（中国）', 'enable': True, 'createDateTime': '2023-11-23T16:31:22.8995067'}]
[2023-11-23 16:31:22,932] logger_util.py->write_log line:61 [INFO] 接口请求成功！
[2023-11-23 16:31:22,932] logger_util.py->write_log line:61 [INFO] 
-------------接口请求结束-----------

[2023-11-23 16:31:22,937] logger_util.py->write_log line:61 [INFO] 
-------------接口请求开始-----------
[2023-11-23 16:31:22,937] logger_util.py->write_log line:61 [INFO] 接口名称：获取所有语言列表类型
[2023-11-23 16:31:22,937] logger_util.py->write_log line:61 [INFO] 接口方式：get
[2023-11-23 16:31:22,938] logger_util.py->write_log line:61 [INFO] 接口路径：http://127.0.0.1:18000/api/v1/multiplelanguage/languagelist/languagetype
[2023-11-23 16:31:22,938] logger_util.py->write_log line:61 [INFO] 请求头：{'X-Project': 'd800d1a6d0be4623aaa824c28dc71981'}
[2023-11-23 16:31:22,938] logger_util.py->write_log line:61 [INFO] 文件上传：None
[2023-11-23 16:31:22,955] logger_util.py->write_log line:61 [INFO] 预期结果：[{'equals': {'status_code': 200}}]
[2023-11-23 16:31:22,955] logger_util.py->write_log line:61 [INFO] 实际结果：[{'languageType': 'en-US', 'name': 'English (United States)'}, {'languageType': 'zh-CN', 'name': '中文（中国）'}]
[2023-11-23 16:31:22,956] logger_util.py->write_log line:61 [INFO] 接口请求成功！
[2023-11-23 16:31:22,956] logger_util.py->write_log line:61 [INFO] 
-------------接口请求结束-----------

[2023-11-23 16:31:22,964] logger_util.py->write_log line:61 [INFO] 
-------------接口请求开始-----------
[2023-11-23 16:31:22,965] logger_util.py->write_log line:61 [INFO] 接口名称：关闭语言状态
[2023-11-23 16:31:22,965] logger_util.py->write_log line:61 [INFO] 接口方式：put
[2023-11-23 16:31:22,965] logger_util.py->write_log line:61 [INFO] 接口路径：http://127.0.0.1:18000/api/v1/multiplelanguage/languagelist/36/switch
[2023-11-23 16:31:22,965] logger_util.py->write_log line:61 [INFO] 请求头：{'X-Project': 'd800d1a6d0be4623aaa824c28dc71981'}
[2023-11-23 16:31:22,965] logger_util.py->write_log line:61 [INFO] 请求参数：ddt{{false}}
[2023-11-23 16:31:22,965] logger_util.py->write_log line:61 [INFO] 文件上传：None
[2023-11-23 16:31:22,973] logger_util.py->write_log line:61 [INFO] 预期结果：[{'equals': {'status_code': 200}}]
[2023-11-23 16:31:22,973] logger_util.py->write_log line:61 [INFO] 实际结果：False
[2023-11-23 16:31:22,974] logger_util.py->write_log line:61 [INFO] 接口请求成功！
[2023-11-23 16:31:22,974] logger_util.py->write_log line:61 [INFO] 
-------------接口请求结束-----------

[2023-11-23 16:31:22,979] logger_util.py->write_log line:61 [INFO] 
-------------接口请求开始-----------
[2023-11-23 16:31:22,979] logger_util.py->write_log line:61 [INFO] 接口名称：开启语言状态
[2023-11-23 16:31:22,979] logger_util.py->write_log line:61 [INFO] 接口方式：put
[2023-11-23 16:31:22,979] logger_util.py->write_log line:61 [INFO] 接口路径：http://127.0.0.1:18000/api/v1/multiplelanguage/languagelist/36/switch
[2023-11-23 16:31:22,979] logger_util.py->write_log line:61 [INFO] 请求头：{'X-Project': 'd800d1a6d0be4623aaa824c28dc71981'}
[2023-11-23 16:31:22,979] logger_util.py->write_log line:61 [INFO] 请求参数：ddt{{true}}
[2023-11-23 16:31:22,979] logger_util.py->write_log line:61 [INFO] 文件上传：None
[2023-11-23 16:31:22,988] logger_util.py->write_log line:61 [INFO] 预期结果：[{'equals': {'status_code': 200}}]
[2023-11-23 16:31:22,988] logger_util.py->write_log line:61 [INFO] 实际结果：True
[2023-11-23 16:31:22,988] logger_util.py->write_log line:61 [INFO] 接口请求成功！
[2023-11-23 16:31:22,988] logger_util.py->write_log line:61 [INFO] 
-------------接口请求结束-----------

[2023-11-23 16:31:22,994] logger_util.py->write_log line:61 [INFO] 
-------------接口请求开始-----------
[2023-11-23 16:31:22,994] logger_util.py->write_log line:61 [INFO] 接口名称：编辑语言列表
[2023-11-23 16:31:22,994] logger_util.py->write_log line:61 [INFO] 接口方式：put
[2023-11-23 16:31:22,994] logger_util.py->write_log line:61 [INFO] 接口路径：http://127.0.0.1:18000/api/v1/multiplelanguage/languagelist/36
[2023-11-23 16:31:22,995] logger_util.py->write_log line:61 [INFO] 请求头：{'X-Project': 'd800d1a6d0be4623aaa824c28dc71981'}
[2023-11-23 16:31:22,995] logger_util.py->write_log line:61 [INFO] 请求参数：{'languageType': 'en-US'}
[2023-11-23 16:31:22,995] logger_util.py->write_log line:61 [INFO] 文件上传：None
[2023-11-23 16:31:23,004] logger_util.py->write_log line:61 [INFO] 预期结果：[{'equals': {'status_code': 200}}]
[2023-11-23 16:31:23,004] logger_util.py->write_log line:61 [INFO] 实际结果：
[2023-11-23 16:31:23,004] logger_util.py->write_log line:61 [INFO] 接口请求成功！
[2023-11-23 16:31:23,005] logger_util.py->write_log line:61 [INFO] 
-------------接口请求结束-----------

[2023-11-23 16:31:23,010] logger_util.py->write_log line:61 [INFO] 
-------------接口请求开始-----------
[2023-11-23 16:31:23,010] logger_util.py->write_log line:61 [INFO] 接口名称：保存翻译文本列表
[2023-11-23 16:31:23,010] logger_util.py->write_log line:61 [INFO] 接口方式：put
[2023-11-23 16:31:23,010] logger_util.py->write_log line:61 [INFO] 接口路径：http://127.0.0.1:18000/api/v1/multiplelanguage/36
[2023-11-23 16:31:23,010] logger_util.py->write_log line:61 [INFO] 请求头：{'X-Project': 'd800d1a6d0be4623aaa824c28dc71981'}
[2023-11-23 16:31:23,010] logger_util.py->write_log line:61 [INFO] 请求参数：[{'originalId': 0, 'originalText': '原始文本1', 'translationText': 'Original Text 1'}]
[2023-11-23 16:31:23,010] logger_util.py->write_log line:61 [INFO] 文件上传：None
[2023-11-23 16:31:23,032] logger_util.py->write_log line:61 [INFO] 预期结果：[{'equals': {'status_code': 200}}]
[2023-11-23 16:31:23,032] logger_util.py->write_log line:61 [INFO] 实际结果：
[2023-11-23 16:31:23,032] logger_util.py->write_log line:61 [INFO] 接口请求成功！
[2023-11-23 16:31:23,032] logger_util.py->write_log line:61 [INFO] 
-------------接口请求结束-----------

[2023-11-23 16:31:23,039] logger_util.py->write_log line:61 [INFO] 
-------------接口请求开始-----------
[2023-11-23 16:31:23,039] logger_util.py->write_log line:61 [INFO] 接口名称：获取翻译文本列表
[2023-11-23 16:31:23,039] logger_util.py->write_log line:61 [INFO] 接口方式：get
[2023-11-23 16:31:23,039] logger_util.py->write_log line:61 [INFO] 接口路径：http://127.0.0.1:18000/api/v1/multiplelanguage/19/0/2/
[2023-11-23 16:31:23,039] logger_util.py->write_log line:61 [INFO] 请求头：{'X-Project': 'd800d1a6d0be4623aaa824c28dc71981'}
[2023-11-23 16:31:23,039] logger_util.py->write_log line:61 [INFO] 文件上传：None
[2023-11-23 16:31:23,060] logger_util.py->write_log line:61 [INFO] 预期结果：[{'equals': {'status_code': 200}}]
[2023-11-23 16:31:23,060] logger_util.py->write_log line:61 [INFO] 实际结果：{'total': 1, 'translated': 0, 'payload': [{'no': 1, 'originalId': 26, 'originalText': '原始文本1', 'translationText': '', 'automatic': False}]}
[2023-11-23 16:31:23,060] logger_util.py->write_log line:61 [INFO] 接口请求成功！
[2023-11-23 16:31:23,060] logger_util.py->write_log line:61 [INFO] 
-------------接口请求结束-----------

[2023-11-23 16:31:23,071] logger_util.py->write_log line:61 [INFO] 
-------------接口请求开始-----------
[2023-11-23 16:31:23,071] logger_util.py->write_log line:61 [INFO] 接口名称：删除翻译文本
[2023-11-23 16:31:23,071] logger_util.py->write_log line:61 [INFO] 接口方式：delete
[2023-11-23 16:31:23,071] logger_util.py->write_log line:61 [INFO] 接口路径：http://127.0.0.1:18000/api/v1/multiplelanguage/
[2023-11-23 16:31:23,071] logger_util.py->write_log line:61 [INFO] 请求头：{'X-Project': 'd800d1a6d0be4623aaa824c28dc71981'}
[2023-11-23 16:31:23,071] logger_util.py->write_log line:61 [INFO] 请求参数：['26']
[2023-11-23 16:31:23,071] logger_util.py->write_log line:61 [INFO] 文件上传：None
[2023-11-23 16:31:23,091] logger_util.py->write_log line:61 [INFO] 预期结果：[{'equals': {'status_code': 200}}]
[2023-11-23 16:31:23,091] logger_util.py->write_log line:61 [INFO] 实际结果：
[2023-11-23 16:31:23,091] logger_util.py->write_log line:61 [INFO] 接口请求成功！
[2023-11-23 16:31:23,091] logger_util.py->write_log line:61 [INFO] 
-------------接口请求结束-----------

