[2023-08-08 19:43:16,351] logger_util.py->write_log line:61 [INFO] -------------接口请求开始-----------
[2023-08-08 19:43:16,351] logger_util.py->write_log line:61 [INFO] 接口名称：创建工程
[2023-08-08 19:43:16,351] logger_util.py->write_log line:61 [INFO] 接口方式：post
[2023-08-08 19:43:16,351] logger_util.py->write_log line:61 [INFO] 接口路径：http://127.0.0.1:18000/api/v1/project/node
[2023-08-08 19:43:16,351] logger_util.py->write_log line:61 [INFO] 请求头：{}
[2023-08-08 19:43:16,352] logger_util.py->write_log line:61 [INFO] 请求参数：{'name': '工程834', 'path': 'C:\\Users\\Administrator\\Downloads', 'type': 1}
[2023-08-08 19:43:16,352] logger_util.py->write_log line:61 [INFO] 文件上传：None
[2023-08-08 19:43:16,706] logger_util.py->write_log line:61 [INFO] 预期结果：[{'equals': {'status_code': 200}}]
[2023-08-08 19:43:16,707] logger_util.py->write_log line:61 [INFO] 实际结果：15
[2023-08-08 19:43:16,707] logger_util.py->write_log line:61 [INFO] 接口请求成功！
[2023-08-08 19:43:16,707] logger_util.py->write_log line:61 [INFO] -------------接口请求结束-----------

[2023-08-08 19:43:16,711] logger_util.py->write_log line:61 [INFO] -------------接口请求开始-----------
[2023-08-08 19:43:16,711] logger_util.py->write_log line:61 [INFO] 接口名称：工程信息
[2023-08-08 19:43:16,712] logger_util.py->write_log line:61 [INFO] 接口方式：get
[2023-08-08 19:43:16,712] logger_util.py->write_log line:61 [INFO] 接口路径：http://127.0.0.1:18000/api/v1/project/node
[2023-08-08 19:43:16,712] logger_util.py->write_log line:61 [INFO] 请求头：{}
[2023-08-08 19:43:16,712] logger_util.py->write_log line:61 [INFO] 文件上传：None
[2023-08-08 19:43:16,733] logger_util.py->write_log line:61 [INFO] 预期结果：[{'equals': {'status_code': 200}}]
[2023-08-08 19:43:16,733] logger_util.py->write_log line:61 [INFO] 实际结果：<!DOCTYPE html>
<html lang="zh-CN" theme="industrialBlack">
  <head>
    <meta charset="UTF-8" />
    <link rel="icon" href="./favicon.ico" />
    <meta name="viewport" content="width=device-width, initial-scale=1.0" />
    <!-- <link rel="stylesheet" href="http://at.alicdn.com/t/font_3273823_ids2nmnjyss.css"> -->
    <title>CMS 2.0</title>
    <script type="module" crossorigin src="./index_2.0.3-rc.9_release_2.0.3-rc_88d2b3f_20230803_004942.js"></script>
    <link rel="stylesheet" href="./assets/index.722e08b9.css">
  </head>

  <body>
    <div id="app"></div>
    <!-- <script type="module" src="http://at.alicdn.com/t/font_3273823_ids2nmnjyss.js"></script> -->
    
    
  </body>
</html>

[2023-08-08 19:43:16,734] logger_util.py->write_log line:61 [INFO] 接口请求成功！
[2023-08-08 19:43:16,734] logger_util.py->write_log line:61 [INFO] -------------接口请求结束-----------

