[2023-11-27 16:29:46,887] logger_util.py->write_log line:61 [INFO] 
-------------接口请求开始-----------
[2023-11-27 16:29:46,888] logger_util.py->write_log line:61 [INFO] 接口名称：测试连接互联项
[2023-11-27 16:29:46,888] logger_util.py->write_log line:61 [INFO] 接口方式：post
[2023-11-27 16:29:46,888] logger_util.py->write_log line:61 [INFO] 接口路径：http://127.0.0.1:18000/api/v1/connection/test
[2023-11-27 16:29:46,888] logger_util.py->write_log line:61 [INFO] 请求头：{'X-Project': 'd800d1a6d0be4623aaa824c28dc71981'}
[2023-11-27 16:29:46,888] logger_util.py->write_log line:61 [INFO] 请求参数：{'id': None, 'name': 'mysql8708', 'connectionType': 1, 'databaseType': 1, 'authenticationType': None, 'server': '127.0.0.1', 'port': '3306', 'database': 'TestDB', 'databasePath': '', 'userName': 'root', 'password': 'syc123', 'changedPassword': True, 'mqttType': None, 'pushType': None, 'timingPeriod': None, 'changingPeriod': None, 'cloudDeviceId': '', 'originalSecret': ''}
[2023-11-27 16:29:46,889] logger_util.py->write_log line:61 [INFO] 文件上传：None
[2023-11-27 16:29:46,894] logger_util.py->write_log line:61 [INFO] 预期结果：[{'equals': {'status_code': 200}}]
[2023-11-27 16:29:46,894] logger_util.py->write_log line:61 [INFO] 实际结果：测试连接成功
[2023-11-27 16:29:46,894] logger_util.py->write_log line:61 [INFO] 接口请求成功！
[2023-11-27 16:29:46,894] logger_util.py->write_log line:61 [INFO] 
-------------接口请求结束-----------

[2023-11-27 16:29:46,913] logger_util.py->write_log line:61 [INFO] 
-------------接口请求开始-----------
[2023-11-27 16:29:46,913] logger_util.py->write_log line:61 [INFO] 接口名称：测试连接互联项
[2023-11-27 16:29:46,913] logger_util.py->write_log line:61 [INFO] 接口方式：post
[2023-11-27 16:29:46,914] logger_util.py->write_log line:61 [INFO] 接口路径：http://127.0.0.1:18000/api/v1/connection
[2023-11-27 16:29:46,914] logger_util.py->write_log line:61 [INFO] 请求头：{'X-Project': 'd800d1a6d0be4623aaa824c28dc71981'}
[2023-11-27 16:29:46,914] logger_util.py->write_log line:61 [INFO] 请求参数：{'id': None, 'name': 'mysql5865', 'connectionType': 1, 'databaseType': 1, 'authenticationType': None, 'server': '127.0.0.1', 'port': '3306', 'database': 'TestDB', 'databasePath': '', 'userName': 'root', 'password': 'syc123', 'changedPassword': True, 'mqttType': None, 'pushType': None, 'timingPeriod': None, 'changingPeriod': None, 'cloudDeviceId': '', 'originalSecret': ''}
[2023-11-27 16:29:46,914] logger_util.py->write_log line:61 [INFO] 文件上传：None
[2023-11-27 16:29:46,937] logger_util.py->write_log line:61 [INFO] 预期结果：[{'equals': {'status_code': 200}}]
[2023-11-27 16:29:46,937] logger_util.py->write_log line:61 [INFO] 实际结果：{'data': {'id': 12, 'name': 'mysql5865', 'connectionType': 1, 'databaseType': 1, 'authenticationType': 0, 'server': '127.0.0.1', 'port': 3306, 'database': 'TestDB', 'databasePath': '', 'userName': 'root'}, 'message': ''}
[2023-11-27 16:29:46,937] logger_util.py->write_log line:61 [INFO] 接口请求成功！
[2023-11-27 16:29:46,937] logger_util.py->write_log line:61 [INFO] 
-------------接口请求结束-----------

[2023-11-27 16:29:46,946] logger_util.py->write_log line:61 [INFO] 
-------------接口请求开始-----------
[2023-11-27 16:29:46,947] logger_util.py->write_log line:61 [INFO] 接口名称：关闭互联项
[2023-11-27 16:29:46,947] logger_util.py->write_log line:61 [INFO] 接口方式：put
[2023-11-27 16:29:46,947] logger_util.py->write_log line:61 [INFO] 接口路径：http://127.0.0.1:18000/api/v1/connection/switch/1/12/off
[2023-11-27 16:29:46,947] logger_util.py->write_log line:61 [INFO] 请求头：{'X-Project': 'd800d1a6d0be4623aaa824c28dc71981'}
[2023-11-27 16:29:46,947] logger_util.py->write_log line:61 [INFO] 文件上传：None
[2023-11-27 16:29:46,955] logger_util.py->write_log line:61 [INFO] 预期结果：[{'equals': {'status_code': 200}}]
[2023-11-27 16:29:46,955] logger_util.py->write_log line:61 [INFO] 实际结果：[{'nodeGuid': '7fd248c1-53f4-4947-a507-3ceab36cb2dd', 'id': 12, 'type': 1, 'name': 'mysql5865', 'status': 0, 'errorMsg': None, 'children': []}]
[2023-11-27 16:29:46,955] logger_util.py->write_log line:61 [INFO] 接口请求成功！
[2023-11-27 16:29:46,955] logger_util.py->write_log line:61 [INFO] 
-------------接口请求结束-----------

[2023-11-27 16:29:46,960] logger_util.py->write_log line:61 [INFO] 
-------------接口请求开始-----------
[2023-11-27 16:29:46,960] logger_util.py->write_log line:61 [INFO] 接口名称：开启互联项
[2023-11-27 16:29:46,960] logger_util.py->write_log line:61 [INFO] 接口方式：put
[2023-11-27 16:29:46,961] logger_util.py->write_log line:61 [INFO] 接口路径：http://127.0.0.1:18000/api/v1/connection/switch/1/12/on
[2023-11-27 16:29:46,961] logger_util.py->write_log line:61 [INFO] 请求头：{'X-Project': 'd800d1a6d0be4623aaa824c28dc71981'}
[2023-11-27 16:29:46,961] logger_util.py->write_log line:61 [INFO] 文件上传：None
[2023-11-27 16:29:46,969] logger_util.py->write_log line:61 [INFO] 预期结果：[{'equals': {'status_code': 200}}]
[2023-11-27 16:29:46,969] logger_util.py->write_log line:61 [INFO] 实际结果：[{'nodeGuid': 'd453567d-e792-4c0e-b88f-4a58a735aaae', 'id': 12, 'type': 1, 'name': 'mysql5865', 'status': 0, 'errorMsg': None, 'children': []}]
[2023-11-27 16:29:46,969] logger_util.py->write_log line:61 [INFO] 接口请求成功！
[2023-11-27 16:29:46,969] logger_util.py->write_log line:61 [INFO] 
-------------接口请求结束-----------

