[2023-06-02 14:29:01,463] logger_util.py->error_log line:65 [INFO] 发送请求异常：异常信息: Traceback (most recent call last):
  File "E:\Project_python\2TestCMS2.0\common\requests_util.py", line 316, in send_request
    kwargs[key] = self.replace_load(value)
  File "E:\Project_python\2TestCMS2.0\common\requests_util.py", line 156, in replace_load
    data = self.int_load(data)
  File "E:\Project_python\2TestCMS2.0\common\requests_util.py", line 121, in int_load
    int_value = int(new_value)
ValueError: invalid literal for int() with base 10: '$csv{realTime}'

[2023-06-02 14:29:01,463] logger_util.py->error_log line:65 [INFO] 分析YAML文件异常：异常信息: Traceback (most recent call last):
  File "E:\Project_python\2TestCMS2.0\common\requests_util.py", line 316, in send_request
    kwargs[key] = self.replace_load(value)
  File "E:\Project_python\2TestCMS2.0\common\requests_util.py", line 156, in replace_load
    data = self.int_load(data)
  File "E:\Project_python\2TestCMS2.0\common\requests_util.py", line 121, in int_load
    int_value = int(new_value)
ValueError: invalid literal for int() with base 10: '$csv{realTime}'

During handling of the above exception, another exception occurred:

Traceback (most recent call last):
  File "E:\Project_python\2TestCMS2.0\common\requests_util.py", line 195, in analysis_yaml
    res = self.send_request(name =name,method=method,
  File "E:\Project_python\2TestCMS2.0\common\requests_util.py", line 336, in send_request
    error_log("发送请求异常：异常信息: %s" % str(traceback.format_exc()))
  File "E:\Project_python\2TestCMS2.0\common\logger_util.py", line 66, in error_log
    raise Exception(log_message)
Exception: 发送请求异常：异常信息: Traceback (most recent call last):
  File "E:\Project_python\2TestCMS2.0\common\requests_util.py", line 316, in send_request
    kwargs[key] = self.replace_load(value)
  File "E:\Project_python\2TestCMS2.0\common\requests_util.py", line 156, in replace_load
    data = self.int_load(data)
  File "E:\Project_python\2TestCMS2.0\common\requests_util.py", line 121, in int_load
    int_value = int(new_value)
ValueError: invalid literal for int() with base 10: '$csv{realTime}'


