[2023-11-24 16:32:19,294] logger_util.py->write_log line:61 [INFO] 
-------------接口请求开始-----------
[2023-11-24 16:32:19,294] logger_util.py->write_log line:61 [INFO] 接口名称：创建工程
[2023-11-24 16:32:19,294] logger_util.py->write_log line:61 [INFO] 接口方式：post
[2023-11-24 16:32:19,294] logger_util.py->write_log line:61 [INFO] 接口路径：http://127.0.0.1:18000/api/v1/project/node
[2023-11-24 16:32:19,295] logger_util.py->write_log line:61 [INFO] 请求头：{}
[2023-11-24 16:32:19,295] logger_util.py->write_log line:61 [INFO] 请求参数：{'name': '工程3149', 'path': 'C:\\自动化工程', 'type': 1}
[2023-11-24 16:32:19,296] logger_util.py->write_log line:61 [INFO] 文件上传：None
[2023-11-24 16:32:19,981] logger_util.py->write_log line:61 [INFO] 预期结果：[{'equals': {'status_code': 200}}]
[2023-11-24 16:32:19,981] logger_util.py->write_log line:61 [INFO] 实际结果：114
[2023-11-24 16:32:19,981] logger_util.py->write_log line:61 [INFO] 接口请求成功！
[2023-11-24 16:32:19,981] logger_util.py->write_log line:61 [INFO] 
-------------接口请求结束-----------

[2023-11-24 16:32:19,990] logger_util.py->write_log line:61 [INFO] 
-------------接口请求开始-----------
[2023-11-24 16:32:19,990] logger_util.py->write_log line:61 [INFO] 接口名称：获取工程信息
[2023-11-24 16:32:19,990] logger_util.py->write_log line:61 [INFO] 接口方式：get
[2023-11-24 16:32:19,991] logger_util.py->write_log line:61 [INFO] 接口路径：http://127.0.0.1:18000/api/v1/project/114/info
[2023-11-24 16:32:19,991] logger_util.py->write_log line:61 [INFO] 请求头：{}
[2023-11-24 16:32:19,991] logger_util.py->write_log line:61 [INFO] 文件上传：None
[2023-11-24 16:32:49,066] logger_util.py->write_log line:61 [INFO] 预期结果：[{'equals': {'status_code': 200}}, {'contains': 'id'}]
[2023-11-24 16:32:49,066] logger_util.py->write_log line:61 [INFO] 实际结果：{'id': 114, 'name': '工程3149', 'identifier': '91ab14018a8b41f4a57c64c69a191648', 'path': 'C:\\自动化工程\\工程3149.cmsproj', 'createTime': '2023-11-24T16:32:19.9606549', 'updateTime': '2023-11-24T16:32:19.9606549'}
[2023-11-24 16:32:49,066] logger_util.py->write_log line:61 [INFO] 接口请求成功！
[2023-11-24 16:32:49,066] logger_util.py->write_log line:61 [INFO] 
-------------接口请求结束-----------

