[2023-08-24 14:52:11,571] logger_util.py->write_log line:61 [INFO] 
-------------接口请求开始-----------
[2023-08-24 14:52:11,572] logger_util.py->write_log line:61 [INFO] 接口名称：读取io变量-B1-int8缩放比：10
[2023-08-24 14:52:11,572] logger_util.py->write_log line:61 [INFO] 接口方式：post
[2023-08-24 14:52:11,572] logger_util.py->write_log line:61 [INFO] 接口路径：http://127.0.0.1:18000/api/v1/variable/getvalues
[2023-08-24 14:52:11,572] logger_util.py->write_log line:61 [INFO] 请求头：{'X-Project': 'a68f8739e9094911b0f74421369649cb', 'Authorization': 'Bearer eyJhbGciOiJIUzI1NiIsInR5cCI6IkpXVCJ9.eyJodHRwOi8vc2NoZW1hcy54bWxzb2FwLm9yZy93cy8yMDA1LzA1L2lkZW50aXR5L2NsYWltcy9uYW1lIjoiU3VwZXJBZG1pbiIsImh0dHA6Ly9zY2hlbWFzLnhtbHNvYXAub3JnL3dzLzIwMDUvMDUvaWRlbnRpdHkvY2xhaW1zL25hbWVpZGVudGlmaWVyIjoiU3VwZXJBZG1pbiIsImV4cCI6MTY5MzQ1MTIxNSwiaXNzIjoiQ01TdjIiLCJhdWQiOiJBcGkifQ.gj3Q5rVSuyTzguP8vMuwVhc3w3UHSBpckDQcczgjy6s'}
[2023-08-24 14:52:11,573] logger_util.py->write_log line:61 [INFO] 请求参数：['B1']
[2023-08-24 14:52:11,573] logger_util.py->write_log line:61 [INFO] 文件上传：None
[2023-08-24 14:52:11,587] logger_util.py->write_log line:61 [INFO] 预期结果：[{'equals': {'status_code': 200}}, {'equals': {'B1': '-120'}}]
[2023-08-24 14:52:11,587] logger_util.py->write_log line:61 [INFO] 实际结果：{'B1': '-120'}
[2023-08-24 14:52:11,587] logger_util.py->write_log line:61 [INFO] 接口请求成功！
[2023-08-24 14:52:11,587] logger_util.py->write_log line:61 [INFO] 
-------------接口请求结束-----------

[2023-08-24 14:52:11,796] logger_util.py->write_log line:61 [INFO] 
-------------接口请求开始-----------
[2023-08-24 14:52:11,796] logger_util.py->write_log line:61 [INFO] 接口名称：读取io变量-B2-int8缩放比：0.1
[2023-08-24 14:52:11,796] logger_util.py->write_log line:61 [INFO] 接口方式：post
[2023-08-24 14:52:11,797] logger_util.py->write_log line:61 [INFO] 接口路径：http://127.0.0.1:18000/api/v1/variable/getvalues
[2023-08-24 14:52:11,797] logger_util.py->write_log line:61 [INFO] 请求头：{'X-Project': 'a68f8739e9094911b0f74421369649cb', 'Authorization': 'Bearer eyJhbGciOiJIUzI1NiIsInR5cCI6IkpXVCJ9.eyJodHRwOi8vc2NoZW1hcy54bWxzb2FwLm9yZy93cy8yMDA1LzA1L2lkZW50aXR5L2NsYWltcy9uYW1lIjoiU3VwZXJBZG1pbiIsImh0dHA6Ly9zY2hlbWFzLnhtbHNvYXAub3JnL3dzLzIwMDUvMDUvaWRlbnRpdHkvY2xhaW1zL25hbWVpZGVudGlmaWVyIjoiU3VwZXJBZG1pbiIsImV4cCI6MTY5MzQ1MTIxNSwiaXNzIjoiQ01TdjIiLCJhdWQiOiJBcGkifQ.gj3Q5rVSuyTzguP8vMuwVhc3w3UHSBpckDQcczgjy6s'}
[2023-08-24 14:52:11,797] logger_util.py->write_log line:61 [INFO] 请求参数：['B2']
[2023-08-24 14:52:11,797] logger_util.py->write_log line:61 [INFO] 文件上传：None
[2023-08-24 14:52:11,799] logger_util.py->write_log line:61 [INFO] 预期结果：[{'equals': {'status_code': 200}}, {'equals': {'B2': '-12'}}]
[2023-08-24 14:52:11,800] logger_util.py->write_log line:61 [INFO] 实际结果：{'B2': '-12'}
[2023-08-24 14:52:11,800] logger_util.py->write_log line:61 [INFO] 接口请求成功！
[2023-08-24 14:52:11,800] logger_util.py->write_log line:61 [INFO] 
-------------接口请求结束-----------

[2023-08-24 14:52:12,030] logger_util.py->write_log line:61 [INFO] 
-------------接口请求开始-----------
[2023-08-24 14:52:12,030] logger_util.py->write_log line:61 [INFO] 接口名称：读取io变量-B3-int16缩放比：0.01，小数位：1，舍位
[2023-08-24 14:52:12,030] logger_util.py->write_log line:61 [INFO] 接口方式：post
[2023-08-24 14:52:12,030] logger_util.py->write_log line:61 [INFO] 接口路径：http://127.0.0.1:18000/api/v1/variable/getvalues
[2023-08-24 14:52:12,030] logger_util.py->write_log line:61 [INFO] 请求头：{'X-Project': 'a68f8739e9094911b0f74421369649cb', 'Authorization': 'Bearer eyJhbGciOiJIUzI1NiIsInR5cCI6IkpXVCJ9.eyJodHRwOi8vc2NoZW1hcy54bWxzb2FwLm9yZy93cy8yMDA1LzA1L2lkZW50aXR5L2NsYWltcy9uYW1lIjoiU3VwZXJBZG1pbiIsImh0dHA6Ly9zY2hlbWFzLnhtbHNvYXAub3JnL3dzLzIwMDUvMDUvaWRlbnRpdHkvY2xhaW1zL25hbWVpZGVudGlmaWVyIjoiU3VwZXJBZG1pbiIsImV4cCI6MTY5MzQ1MTIxNSwiaXNzIjoiQ01TdjIiLCJhdWQiOiJBcGkifQ.gj3Q5rVSuyTzguP8vMuwVhc3w3UHSBpckDQcczgjy6s'}
[2023-08-24 14:52:12,030] logger_util.py->write_log line:61 [INFO] 请求参数：['B3']
[2023-08-24 14:52:12,031] logger_util.py->write_log line:61 [INFO] 文件上传：None
[2023-08-24 14:52:12,033] logger_util.py->write_log line:61 [INFO] 预期结果：[{'equals': {'status_code': 200}}, {'equals': {'B3': '-327.6'}}]
[2023-08-24 14:52:12,033] logger_util.py->write_log line:61 [INFO] 实际结果：{'B3': '-327.6'}
[2023-08-24 14:52:12,033] logger_util.py->write_log line:61 [INFO] 接口请求成功！
[2023-08-24 14:52:12,033] logger_util.py->write_log line:61 [INFO] 
-------------接口请求结束-----------

[2023-08-24 14:52:12,250] logger_util.py->write_log line:61 [INFO] 
-------------接口请求开始-----------
[2023-08-24 14:52:12,250] logger_util.py->write_log line:61 [INFO] 接口名称：读取io变量-B4-int16缩放比：0.01，小数位：1，四舍
[2023-08-24 14:52:12,251] logger_util.py->write_log line:61 [INFO] 接口方式：post
[2023-08-24 14:52:12,251] logger_util.py->write_log line:61 [INFO] 接口路径：http://127.0.0.1:18000/api/v1/variable/getvalues
[2023-08-24 14:52:12,251] logger_util.py->write_log line:61 [INFO] 请求头：{'X-Project': 'a68f8739e9094911b0f74421369649cb', 'Authorization': 'Bearer eyJhbGciOiJIUzI1NiIsInR5cCI6IkpXVCJ9.eyJodHRwOi8vc2NoZW1hcy54bWxzb2FwLm9yZy93cy8yMDA1LzA1L2lkZW50aXR5L2NsYWltcy9uYW1lIjoiU3VwZXJBZG1pbiIsImh0dHA6Ly9zY2hlbWFzLnhtbHNvYXAub3JnL3dzLzIwMDUvMDUvaWRlbnRpdHkvY2xhaW1zL25hbWVpZGVudGlmaWVyIjoiU3VwZXJBZG1pbiIsImV4cCI6MTY5MzQ1MTIxNSwiaXNzIjoiQ01TdjIiLCJhdWQiOiJBcGkifQ.gj3Q5rVSuyTzguP8vMuwVhc3w3UHSBpckDQcczgjy6s'}
[2023-08-24 14:52:12,251] logger_util.py->write_log line:61 [INFO] 请求参数：['B4']
[2023-08-24 14:52:12,251] logger_util.py->write_log line:61 [INFO] 文件上传：None
[2023-08-24 14:52:12,254] logger_util.py->write_log line:61 [INFO] 预期结果：[{'equals': {'status_code': 200}}, {'equals': {'B4': '-327.6'}}]
[2023-08-24 14:52:12,255] logger_util.py->write_log line:61 [INFO] 实际结果：{'B4': '-327.6'}
[2023-08-24 14:52:12,255] logger_util.py->write_log line:61 [INFO] 接口请求成功！
[2023-08-24 14:52:12,255] logger_util.py->write_log line:61 [INFO] 
-------------接口请求结束-----------

[2023-08-24 14:52:12,469] logger_util.py->write_log line:61 [INFO] 
-------------接口请求开始-----------
[2023-08-24 14:52:12,470] logger_util.py->write_log line:61 [INFO] 接口名称：读取io变量-B5-int16缩放比：0.01，小数位：1，进位
[2023-08-24 14:52:12,470] logger_util.py->write_log line:61 [INFO] 接口方式：post
[2023-08-24 14:52:12,470] logger_util.py->write_log line:61 [INFO] 接口路径：http://127.0.0.1:18000/api/v1/variable/getvalues
[2023-08-24 14:52:12,470] logger_util.py->write_log line:61 [INFO] 请求头：{'X-Project': 'a68f8739e9094911b0f74421369649cb', 'Authorization': 'Bearer eyJhbGciOiJIUzI1NiIsInR5cCI6IkpXVCJ9.eyJodHRwOi8vc2NoZW1hcy54bWxzb2FwLm9yZy93cy8yMDA1LzA1L2lkZW50aXR5L2NsYWltcy9uYW1lIjoiU3VwZXJBZG1pbiIsImh0dHA6Ly9zY2hlbWFzLnhtbHNvYXAub3JnL3dzLzIwMDUvMDUvaWRlbnRpdHkvY2xhaW1zL25hbWVpZGVudGlmaWVyIjoiU3VwZXJBZG1pbiIsImV4cCI6MTY5MzQ1MTIxNSwiaXNzIjoiQ01TdjIiLCJhdWQiOiJBcGkifQ.gj3Q5rVSuyTzguP8vMuwVhc3w3UHSBpckDQcczgjy6s'}
[2023-08-24 14:52:12,470] logger_util.py->write_log line:61 [INFO] 请求参数：['B5']
[2023-08-24 14:52:12,470] logger_util.py->write_log line:61 [INFO] 文件上传：None
[2023-08-24 14:52:12,473] logger_util.py->write_log line:61 [INFO] 预期结果：[{'equals': {'status_code': 200}}, {'equals': {'B5': '-327.6'}}]
[2023-08-24 14:52:12,474] logger_util.py->write_log line:61 [INFO] 实际结果：{'B5': '-327.6'}
[2023-08-24 14:52:12,474] logger_util.py->write_log line:61 [INFO] 接口请求成功！
[2023-08-24 14:52:12,474] logger_util.py->write_log line:61 [INFO] 
-------------接口请求结束-----------

[2023-08-24 14:52:12,687] logger_util.py->write_log line:61 [INFO] 
-------------接口请求开始-----------
[2023-08-24 14:52:12,687] logger_util.py->write_log line:61 [INFO] 接口名称：读取io变量-B6-float32小数位：2，舍位
[2023-08-24 14:52:12,688] logger_util.py->write_log line:61 [INFO] 接口方式：post
[2023-08-24 14:52:12,688] logger_util.py->write_log line:61 [INFO] 接口路径：http://127.0.0.1:18000/api/v1/variable/getvalues
[2023-08-24 14:52:12,688] logger_util.py->write_log line:61 [INFO] 请求头：{'X-Project': 'a68f8739e9094911b0f74421369649cb', 'Authorization': 'Bearer eyJhbGciOiJIUzI1NiIsInR5cCI6IkpXVCJ9.eyJodHRwOi8vc2NoZW1hcy54bWxzb2FwLm9yZy93cy8yMDA1LzA1L2lkZW50aXR5L2NsYWltcy9uYW1lIjoiU3VwZXJBZG1pbiIsImh0dHA6Ly9zY2hlbWFzLnhtbHNvYXAub3JnL3dzLzIwMDUvMDUvaWRlbnRpdHkvY2xhaW1zL25hbWVpZGVudGlmaWVyIjoiU3VwZXJBZG1pbiIsImV4cCI6MTY5MzQ1MTIxNSwiaXNzIjoiQ01TdjIiLCJhdWQiOiJBcGkifQ.gj3Q5rVSuyTzguP8vMuwVhc3w3UHSBpckDQcczgjy6s'}
[2023-08-24 14:52:12,688] logger_util.py->write_log line:61 [INFO] 请求参数：['B6']
[2023-08-24 14:52:12,688] logger_util.py->write_log line:61 [INFO] 文件上传：None
[2023-08-24 14:52:12,691] logger_util.py->write_log line:61 [INFO] 预期结果：[{'equals': {'status_code': 200}}, {'equals': {'B6': '-10.45'}}]
[2023-08-24 14:52:12,691] logger_util.py->write_log line:61 [INFO] 实际结果：{'B6': '-10.45'}
[2023-08-24 14:52:12,691] logger_util.py->write_log line:61 [INFO] 接口请求成功！
[2023-08-24 14:52:12,691] logger_util.py->write_log line:61 [INFO] 
-------------接口请求结束-----------

[2023-08-24 14:52:12,906] logger_util.py->write_log line:61 [INFO] 
-------------接口请求开始-----------
[2023-08-24 14:52:12,906] logger_util.py->write_log line:61 [INFO] 接口名称：读取io变量-B7-float32小数位：2，四舍
[2023-08-24 14:52:12,906] logger_util.py->write_log line:61 [INFO] 接口方式：post
[2023-08-24 14:52:12,906] logger_util.py->write_log line:61 [INFO] 接口路径：http://127.0.0.1:18000/api/v1/variable/getvalues
[2023-08-24 14:52:12,906] logger_util.py->write_log line:61 [INFO] 请求头：{'X-Project': 'a68f8739e9094911b0f74421369649cb', 'Authorization': 'Bearer eyJhbGciOiJIUzI1NiIsInR5cCI6IkpXVCJ9.eyJodHRwOi8vc2NoZW1hcy54bWxzb2FwLm9yZy93cy8yMDA1LzA1L2lkZW50aXR5L2NsYWltcy9uYW1lIjoiU3VwZXJBZG1pbiIsImh0dHA6Ly9zY2hlbWFzLnhtbHNvYXAub3JnL3dzLzIwMDUvMDUvaWRlbnRpdHkvY2xhaW1zL25hbWVpZGVudGlmaWVyIjoiU3VwZXJBZG1pbiIsImV4cCI6MTY5MzQ1MTIxNSwiaXNzIjoiQ01TdjIiLCJhdWQiOiJBcGkifQ.gj3Q5rVSuyTzguP8vMuwVhc3w3UHSBpckDQcczgjy6s'}
[2023-08-24 14:52:12,907] logger_util.py->write_log line:61 [INFO] 请求参数：['B7']
[2023-08-24 14:52:12,907] logger_util.py->write_log line:61 [INFO] 文件上传：None
[2023-08-24 14:52:12,910] logger_util.py->write_log line:61 [INFO] 预期结果：[{'equals': {'status_code': 200}}, {'equals': {'B7': '-10.46'}}]
[2023-08-24 14:52:12,910] logger_util.py->write_log line:61 [INFO] 实际结果：{'B7': '-10.46'}
[2023-08-24 14:52:12,910] logger_util.py->write_log line:61 [INFO] 接口请求成功！
[2023-08-24 14:52:12,911] logger_util.py->write_log line:61 [INFO] 
-------------接口请求结束-----------

[2023-08-24 14:52:13,124] logger_util.py->write_log line:61 [INFO] 
-------------接口请求开始-----------
[2023-08-24 14:52:13,124] logger_util.py->write_log line:61 [INFO] 接口名称：读取io变量-B8-float32小数位：2，进位
[2023-08-24 14:52:13,124] logger_util.py->write_log line:61 [INFO] 接口方式：post
[2023-08-24 14:52:13,124] logger_util.py->write_log line:61 [INFO] 接口路径：http://127.0.0.1:18000/api/v1/variable/getvalues
[2023-08-24 14:52:13,125] logger_util.py->write_log line:61 [INFO] 请求头：{'X-Project': 'a68f8739e9094911b0f74421369649cb', 'Authorization': 'Bearer eyJhbGciOiJIUzI1NiIsInR5cCI6IkpXVCJ9.eyJodHRwOi8vc2NoZW1hcy54bWxzb2FwLm9yZy93cy8yMDA1LzA1L2lkZW50aXR5L2NsYWltcy9uYW1lIjoiU3VwZXJBZG1pbiIsImh0dHA6Ly9zY2hlbWFzLnhtbHNvYXAub3JnL3dzLzIwMDUvMDUvaWRlbnRpdHkvY2xhaW1zL25hbWVpZGVudGlmaWVyIjoiU3VwZXJBZG1pbiIsImV4cCI6MTY5MzQ1MTIxNSwiaXNzIjoiQ01TdjIiLCJhdWQiOiJBcGkifQ.gj3Q5rVSuyTzguP8vMuwVhc3w3UHSBpckDQcczgjy6s'}
[2023-08-24 14:52:13,125] logger_util.py->write_log line:61 [INFO] 请求参数：['B8']
[2023-08-24 14:52:13,125] logger_util.py->write_log line:61 [INFO] 文件上传：None
[2023-08-24 14:52:13,128] logger_util.py->error_log line:65 [INFO] 断言失败:B8不等于-10.46
[2023-08-24 14:52:13,129] logger_util.py->write_log line:61 [INFO] 实际结果：{'B8': '-0.00'}
[2023-08-24 14:52:13,129] logger_util.py->write_log line:61 [INFO] 接口请求失败！
[2023-08-24 14:52:13,129] logger_util.py->write_log line:61 [INFO] -------------接口请求结束-----------

[2023-08-24 14:52:13,130] logger_util.py->error_log line:65 [INFO] 断言异常：异常信息: Traceback (most recent call last):
  File "E:\Project_python\api_cms\common\requests_util.py", line 368, in validate_result
    error_log("断言失败:" + assert_key + "不等于" + str(assert_value))
  File "E:\Project_python\api_cms\common\logger_util.py", line 66, in error_log
    raise Exception(log_message)
Exception: 断言失败:B8不等于-10.46

[2023-08-24 14:52:13,130] logger_util.py->error_log line:65 [INFO] 分析YAML文件异常：异常信息: Traceback (most recent call last):
  File "E:\Project_python\api_cms\common\requests_util.py", line 368, in validate_result
    error_log("断言失败:" + assert_key + "不等于" + str(assert_value))
  File "E:\Project_python\api_cms\common\logger_util.py", line 66, in error_log
    raise Exception(log_message)
Exception: 断言失败:B8不等于-10.46

During handling of the above exception, another exception occurred:

Traceback (most recent call last):
  File "E:\Project_python\api_cms\common\requests_util.py", line 238, in analysis_yaml
    self.validate_result(yq_result, return_data, status_code)
  File "E:\Project_python\api_cms\common\requests_util.py", line 413, in validate_result
    error_log("断言异常：异常信息: %s" % str(traceback.format_exc()))
  File "E:\Project_python\api_cms\common\logger_util.py", line 66, in error_log
    raise Exception(log_message)
Exception: 断言异常：异常信息: Traceback (most recent call last):
  File "E:\Project_python\api_cms\common\requests_util.py", line 368, in validate_result
    error_log("断言失败:" + assert_key + "不等于" + str(assert_value))
  File "E:\Project_python\api_cms\common\logger_util.py", line 66, in error_log
    raise Exception(log_message)
Exception: 断言失败:B8不等于-10.46


[2023-08-24 14:52:13,449] logger_util.py->write_log line:61 [INFO] 
-------------接口请求开始-----------
[2023-08-24 14:52:13,449] logger_util.py->write_log line:61 [INFO] 接口名称：读取io变量-A1-二进制
[2023-08-24 14:52:13,449] logger_util.py->write_log line:61 [INFO] 接口方式：post
[2023-08-24 14:52:13,449] logger_util.py->write_log line:61 [INFO] 接口路径：http://127.0.0.1:18000/api/v1/variable/getvalues
[2023-08-24 14:52:13,449] logger_util.py->write_log line:61 [INFO] 请求头：{'X-Project': 'a68f8739e9094911b0f74421369649cb', 'Authorization': 'Bearer eyJhbGciOiJIUzI1NiIsInR5cCI6IkpXVCJ9.eyJodHRwOi8vc2NoZW1hcy54bWxzb2FwLm9yZy93cy8yMDA1LzA1L2lkZW50aXR5L2NsYWltcy9uYW1lIjoiU3VwZXJBZG1pbiIsImh0dHA6Ly9zY2hlbWFzLnhtbHNvYXAub3JnL3dzLzIwMDUvMDUvaWRlbnRpdHkvY2xhaW1zL25hbWVpZGVudGlmaWVyIjoiU3VwZXJBZG1pbiIsImV4cCI6MTY5MzQ1MTIxNSwiaXNzIjoiQ01TdjIiLCJhdWQiOiJBcGkifQ.gj3Q5rVSuyTzguP8vMuwVhc3w3UHSBpckDQcczgjy6s'}
[2023-08-24 14:52:13,449] logger_util.py->write_log line:61 [INFO] 请求参数：['A1']
[2023-08-24 14:52:13,449] logger_util.py->write_log line:61 [INFO] 文件上传：None
[2023-08-24 14:52:13,452] logger_util.py->write_log line:61 [INFO] 预期结果：[{'equals': {'status_code': 200}}, {'equals': {'A1': 'False'}}]
[2023-08-24 14:52:13,452] logger_util.py->write_log line:61 [INFO] 实际结果：{'A1': 'False'}
[2023-08-24 14:52:13,452] logger_util.py->write_log line:61 [INFO] 接口请求成功！
[2023-08-24 14:52:13,452] logger_util.py->write_log line:61 [INFO] 
-------------接口请求结束-----------

[2023-08-24 14:52:13,681] logger_util.py->write_log line:61 [INFO] 
-------------接口请求开始-----------
[2023-08-24 14:52:13,681] logger_util.py->write_log line:61 [INFO] 接口名称：读取io变量-A2-有符号8位整型
[2023-08-24 14:52:13,681] logger_util.py->write_log line:61 [INFO] 接口方式：post
[2023-08-24 14:52:13,681] logger_util.py->write_log line:61 [INFO] 接口路径：http://127.0.0.1:18000/api/v1/variable/getvalues
[2023-08-24 14:52:13,681] logger_util.py->write_log line:61 [INFO] 请求头：{'X-Project': 'a68f8739e9094911b0f74421369649cb', 'Authorization': 'Bearer eyJhbGciOiJIUzI1NiIsInR5cCI6IkpXVCJ9.eyJodHRwOi8vc2NoZW1hcy54bWxzb2FwLm9yZy93cy8yMDA1LzA1L2lkZW50aXR5L2NsYWltcy9uYW1lIjoiU3VwZXJBZG1pbiIsImh0dHA6Ly9zY2hlbWFzLnhtbHNvYXAub3JnL3dzLzIwMDUvMDUvaWRlbnRpdHkvY2xhaW1zL25hbWVpZGVudGlmaWVyIjoiU3VwZXJBZG1pbiIsImV4cCI6MTY5MzQ1MTIxNSwiaXNzIjoiQ01TdjIiLCJhdWQiOiJBcGkifQ.gj3Q5rVSuyTzguP8vMuwVhc3w3UHSBpckDQcczgjy6s'}
[2023-08-24 14:52:13,681] logger_util.py->write_log line:61 [INFO] 请求参数：['A2']
[2023-08-24 14:52:13,681] logger_util.py->write_log line:61 [INFO] 文件上传：None
[2023-08-24 14:52:13,684] logger_util.py->write_log line:61 [INFO] 预期结果：[{'equals': {'status_code': 200}}, {'equals': {'A2': '-128'}}]
[2023-08-24 14:52:13,685] logger_util.py->write_log line:61 [INFO] 实际结果：{'A2': '-128'}
[2023-08-24 14:52:13,685] logger_util.py->write_log line:61 [INFO] 接口请求成功！
[2023-08-24 14:52:13,685] logger_util.py->write_log line:61 [INFO] 
-------------接口请求结束-----------

[2023-08-24 14:52:13,904] logger_util.py->write_log line:61 [INFO] 
-------------接口请求开始-----------
[2023-08-24 14:52:13,904] logger_util.py->write_log line:61 [INFO] 接口名称：读取io变量-A3-无符号8位整型
[2023-08-24 14:52:13,904] logger_util.py->write_log line:61 [INFO] 接口方式：post
[2023-08-24 14:52:13,904] logger_util.py->write_log line:61 [INFO] 接口路径：http://127.0.0.1:18000/api/v1/variable/getvalues
[2023-08-24 14:52:13,904] logger_util.py->write_log line:61 [INFO] 请求头：{'X-Project': 'a68f8739e9094911b0f74421369649cb', 'Authorization': 'Bearer eyJhbGciOiJIUzI1NiIsInR5cCI6IkpXVCJ9.eyJodHRwOi8vc2NoZW1hcy54bWxzb2FwLm9yZy93cy8yMDA1LzA1L2lkZW50aXR5L2NsYWltcy9uYW1lIjoiU3VwZXJBZG1pbiIsImh0dHA6Ly9zY2hlbWFzLnhtbHNvYXAub3JnL3dzLzIwMDUvMDUvaWRlbnRpdHkvY2xhaW1zL25hbWVpZGVudGlmaWVyIjoiU3VwZXJBZG1pbiIsImV4cCI6MTY5MzQ1MTIxNSwiaXNzIjoiQ01TdjIiLCJhdWQiOiJBcGkifQ.gj3Q5rVSuyTzguP8vMuwVhc3w3UHSBpckDQcczgjy6s'}
[2023-08-24 14:52:13,904] logger_util.py->write_log line:61 [INFO] 请求参数：['A3']
[2023-08-24 14:52:13,904] logger_util.py->write_log line:61 [INFO] 文件上传：None
[2023-08-24 14:52:13,908] logger_util.py->error_log line:65 [INFO] 断言失败:A3不等于255F
[2023-08-24 14:52:13,908] logger_util.py->write_log line:61 [INFO] 实际结果：{'A3': '255'}
[2023-08-24 14:52:13,908] logger_util.py->write_log line:61 [INFO] 接口请求失败！
[2023-08-24 14:52:13,909] logger_util.py->write_log line:61 [INFO] -------------接口请求结束-----------

[2023-08-24 14:52:13,909] logger_util.py->error_log line:65 [INFO] 断言异常：异常信息: Traceback (most recent call last):
  File "E:\Project_python\api_cms\common\requests_util.py", line 368, in validate_result
    error_log("断言失败:" + assert_key + "不等于" + str(assert_value))
  File "E:\Project_python\api_cms\common\logger_util.py", line 66, in error_log
    raise Exception(log_message)
Exception: 断言失败:A3不等于255F

[2023-08-24 14:52:13,909] logger_util.py->error_log line:65 [INFO] 分析YAML文件异常：异常信息: Traceback (most recent call last):
  File "E:\Project_python\api_cms\common\requests_util.py", line 368, in validate_result
    error_log("断言失败:" + assert_key + "不等于" + str(assert_value))
  File "E:\Project_python\api_cms\common\logger_util.py", line 66, in error_log
    raise Exception(log_message)
Exception: 断言失败:A3不等于255F

During handling of the above exception, another exception occurred:

Traceback (most recent call last):
  File "E:\Project_python\api_cms\common\requests_util.py", line 238, in analysis_yaml
    self.validate_result(yq_result, return_data, status_code)
  File "E:\Project_python\api_cms\common\requests_util.py", line 413, in validate_result
    error_log("断言异常：异常信息: %s" % str(traceback.format_exc()))
  File "E:\Project_python\api_cms\common\logger_util.py", line 66, in error_log
    raise Exception(log_message)
Exception: 断言异常：异常信息: Traceback (most recent call last):
  File "E:\Project_python\api_cms\common\requests_util.py", line 368, in validate_result
    error_log("断言失败:" + assert_key + "不等于" + str(assert_value))
  File "E:\Project_python\api_cms\common\logger_util.py", line 66, in error_log
    raise Exception(log_message)
Exception: 断言失败:A3不等于255F


[2023-08-24 14:52:14,151] logger_util.py->write_log line:61 [INFO] 
-------------接口请求开始-----------
[2023-08-24 14:52:14,152] logger_util.py->write_log line:61 [INFO] 接口名称：读取io变量-A4-有符号16位整型
[2023-08-24 14:52:14,152] logger_util.py->write_log line:61 [INFO] 接口方式：post
[2023-08-24 14:52:14,152] logger_util.py->write_log line:61 [INFO] 接口路径：http://127.0.0.1:18000/api/v1/variable/getvalues
[2023-08-24 14:52:14,152] logger_util.py->write_log line:61 [INFO] 请求头：{'X-Project': 'a68f8739e9094911b0f74421369649cb', 'Authorization': 'Bearer eyJhbGciOiJIUzI1NiIsInR5cCI6IkpXVCJ9.eyJodHRwOi8vc2NoZW1hcy54bWxzb2FwLm9yZy93cy8yMDA1LzA1L2lkZW50aXR5L2NsYWltcy9uYW1lIjoiU3VwZXJBZG1pbiIsImh0dHA6Ly9zY2hlbWFzLnhtbHNvYXAub3JnL3dzLzIwMDUvMDUvaWRlbnRpdHkvY2xhaW1zL25hbWVpZGVudGlmaWVyIjoiU3VwZXJBZG1pbiIsImV4cCI6MTY5MzQ1MTIxNSwiaXNzIjoiQ01TdjIiLCJhdWQiOiJBcGkifQ.gj3Q5rVSuyTzguP8vMuwVhc3w3UHSBpckDQcczgjy6s'}
[2023-08-24 14:52:14,152] logger_util.py->write_log line:61 [INFO] 请求参数：['A4']
[2023-08-24 14:52:14,152] logger_util.py->write_log line:61 [INFO] 文件上传：None
[2023-08-24 14:52:14,154] logger_util.py->write_log line:61 [INFO] 预期结果：[{'equals': {'status_code': 200}}, {'equals': {'A4': '-32768'}}]
[2023-08-24 14:52:14,155] logger_util.py->write_log line:61 [INFO] 实际结果：{'A4': '-32768'}
[2023-08-24 14:52:14,155] logger_util.py->write_log line:61 [INFO] 接口请求成功！
[2023-08-24 14:52:14,155] logger_util.py->write_log line:61 [INFO] 
-------------接口请求结束-----------

[2023-08-24 14:52:14,378] logger_util.py->write_log line:61 [INFO] 
-------------接口请求开始-----------
[2023-08-24 14:52:14,379] logger_util.py->write_log line:61 [INFO] 接口名称：读取io变量-A5-无符号16位整型
[2023-08-24 14:52:14,379] logger_util.py->write_log line:61 [INFO] 接口方式：post
[2023-08-24 14:52:14,379] logger_util.py->write_log line:61 [INFO] 接口路径：http://127.0.0.1:18000/api/v1/variable/getvalues
[2023-08-24 14:52:14,379] logger_util.py->write_log line:61 [INFO] 请求头：{'X-Project': 'a68f8739e9094911b0f74421369649cb', 'Authorization': 'Bearer eyJhbGciOiJIUzI1NiIsInR5cCI6IkpXVCJ9.eyJodHRwOi8vc2NoZW1hcy54bWxzb2FwLm9yZy93cy8yMDA1LzA1L2lkZW50aXR5L2NsYWltcy9uYW1lIjoiU3VwZXJBZG1pbiIsImh0dHA6Ly9zY2hlbWFzLnhtbHNvYXAub3JnL3dzLzIwMDUvMDUvaWRlbnRpdHkvY2xhaW1zL25hbWVpZGVudGlmaWVyIjoiU3VwZXJBZG1pbiIsImV4cCI6MTY5MzQ1MTIxNSwiaXNzIjoiQ01TdjIiLCJhdWQiOiJBcGkifQ.gj3Q5rVSuyTzguP8vMuwVhc3w3UHSBpckDQcczgjy6s'}
[2023-08-24 14:52:14,379] logger_util.py->write_log line:61 [INFO] 请求参数：['A5']
[2023-08-24 14:52:14,380] logger_util.py->write_log line:61 [INFO] 文件上传：None
[2023-08-24 14:52:14,384] logger_util.py->write_log line:61 [INFO] 预期结果：[{'equals': {'status_code': 200}}, {'equals': {'A5': '65535'}}]
[2023-08-24 14:52:14,384] logger_util.py->write_log line:61 [INFO] 实际结果：{'A5': '65535'}
[2023-08-24 14:52:14,384] logger_util.py->write_log line:61 [INFO] 接口请求成功！
[2023-08-24 14:52:14,384] logger_util.py->write_log line:61 [INFO] 
-------------接口请求结束-----------

[2023-08-24 14:52:14,602] logger_util.py->write_log line:61 [INFO] 
-------------接口请求开始-----------
[2023-08-24 14:52:14,603] logger_util.py->write_log line:61 [INFO] 接口名称：读取io变量-A6-有符号32位整型
[2023-08-24 14:52:14,603] logger_util.py->write_log line:61 [INFO] 接口方式：post
[2023-08-24 14:52:14,603] logger_util.py->write_log line:61 [INFO] 接口路径：http://127.0.0.1:18000/api/v1/variable/getvalues
[2023-08-24 14:52:14,603] logger_util.py->write_log line:61 [INFO] 请求头：{'X-Project': 'a68f8739e9094911b0f74421369649cb', 'Authorization': 'Bearer eyJhbGciOiJIUzI1NiIsInR5cCI6IkpXVCJ9.eyJodHRwOi8vc2NoZW1hcy54bWxzb2FwLm9yZy93cy8yMDA1LzA1L2lkZW50aXR5L2NsYWltcy9uYW1lIjoiU3VwZXJBZG1pbiIsImh0dHA6Ly9zY2hlbWFzLnhtbHNvYXAub3JnL3dzLzIwMDUvMDUvaWRlbnRpdHkvY2xhaW1zL25hbWVpZGVudGlmaWVyIjoiU3VwZXJBZG1pbiIsImV4cCI6MTY5MzQ1MTIxNSwiaXNzIjoiQ01TdjIiLCJhdWQiOiJBcGkifQ.gj3Q5rVSuyTzguP8vMuwVhc3w3UHSBpckDQcczgjy6s'}
[2023-08-24 14:52:14,603] logger_util.py->write_log line:61 [INFO] 请求参数：['A6']
[2023-08-24 14:52:14,603] logger_util.py->write_log line:61 [INFO] 文件上传：None
[2023-08-24 14:52:14,606] logger_util.py->write_log line:61 [INFO] 预期结果：[{'equals': {'status_code': 200}}, {'equals': {'A6': '-2147483648'}}]
[2023-08-24 14:52:14,606] logger_util.py->write_log line:61 [INFO] 实际结果：{'A6': '-2147483648'}
[2023-08-24 14:52:14,606] logger_util.py->write_log line:61 [INFO] 接口请求成功！
[2023-08-24 14:52:14,606] logger_util.py->write_log line:61 [INFO] 
-------------接口请求结束-----------

[2023-08-24 14:52:14,822] logger_util.py->write_log line:61 [INFO] 
-------------接口请求开始-----------
[2023-08-24 14:52:14,822] logger_util.py->write_log line:61 [INFO] 接口名称：读取io变量-A7-无符号32位整型
[2023-08-24 14:52:14,822] logger_util.py->write_log line:61 [INFO] 接口方式：post
[2023-08-24 14:52:14,822] logger_util.py->write_log line:61 [INFO] 接口路径：http://127.0.0.1:18000/api/v1/variable/getvalues
[2023-08-24 14:52:14,823] logger_util.py->write_log line:61 [INFO] 请求头：{'X-Project': 'a68f8739e9094911b0f74421369649cb', 'Authorization': 'Bearer eyJhbGciOiJIUzI1NiIsInR5cCI6IkpXVCJ9.eyJodHRwOi8vc2NoZW1hcy54bWxzb2FwLm9yZy93cy8yMDA1LzA1L2lkZW50aXR5L2NsYWltcy9uYW1lIjoiU3VwZXJBZG1pbiIsImh0dHA6Ly9zY2hlbWFzLnhtbHNvYXAub3JnL3dzLzIwMDUvMDUvaWRlbnRpdHkvY2xhaW1zL25hbWVpZGVudGlmaWVyIjoiU3VwZXJBZG1pbiIsImV4cCI6MTY5MzQ1MTIxNSwiaXNzIjoiQ01TdjIiLCJhdWQiOiJBcGkifQ.gj3Q5rVSuyTzguP8vMuwVhc3w3UHSBpckDQcczgjy6s'}
[2023-08-24 14:52:14,823] logger_util.py->write_log line:61 [INFO] 请求参数：['A7']
[2023-08-24 14:52:14,823] logger_util.py->write_log line:61 [INFO] 文件上传：None
[2023-08-24 14:52:14,826] logger_util.py->write_log line:61 [INFO] 预期结果：[{'equals': {'status_code': 200}}, {'equals': {'A7': '429496725'}}]
[2023-08-24 14:52:14,826] logger_util.py->write_log line:61 [INFO] 实际结果：{'A7': '429496725'}
[2023-08-24 14:52:14,826] logger_util.py->write_log line:61 [INFO] 接口请求成功！
[2023-08-24 14:52:14,826] logger_util.py->write_log line:61 [INFO] 
-------------接口请求结束-----------

[2023-08-24 14:52:15,042] logger_util.py->write_log line:61 [INFO] 
-------------接口请求开始-----------
[2023-08-24 14:52:15,042] logger_util.py->write_log line:61 [INFO] 接口名称：读取io变量-A8-有符号64位整型
[2023-08-24 14:52:15,042] logger_util.py->write_log line:61 [INFO] 接口方式：post
[2023-08-24 14:52:15,043] logger_util.py->write_log line:61 [INFO] 接口路径：http://127.0.0.1:18000/api/v1/variable/getvalues
[2023-08-24 14:52:15,043] logger_util.py->write_log line:61 [INFO] 请求头：{'X-Project': 'a68f8739e9094911b0f74421369649cb', 'Authorization': 'Bearer eyJhbGciOiJIUzI1NiIsInR5cCI6IkpXVCJ9.eyJodHRwOi8vc2NoZW1hcy54bWxzb2FwLm9yZy93cy8yMDA1LzA1L2lkZW50aXR5L2NsYWltcy9uYW1lIjoiU3VwZXJBZG1pbiIsImh0dHA6Ly9zY2hlbWFzLnhtbHNvYXAub3JnL3dzLzIwMDUvMDUvaWRlbnRpdHkvY2xhaW1zL25hbWVpZGVudGlmaWVyIjoiU3VwZXJBZG1pbiIsImV4cCI6MTY5MzQ1MTIxNSwiaXNzIjoiQ01TdjIiLCJhdWQiOiJBcGkifQ.gj3Q5rVSuyTzguP8vMuwVhc3w3UHSBpckDQcczgjy6s'}
[2023-08-24 14:52:15,043] logger_util.py->write_log line:61 [INFO] 请求参数：['A8']
[2023-08-24 14:52:15,043] logger_util.py->write_log line:61 [INFO] 文件上传：None
[2023-08-24 14:52:15,046] logger_util.py->write_log line:61 [INFO] 预期结果：[{'equals': {'status_code': 200}}, {'equals': {'A8': '-9223372036854775808'}}]
[2023-08-24 14:52:15,047] logger_util.py->write_log line:61 [INFO] 实际结果：{'A8': '-9223372036854775808'}
[2023-08-24 14:52:15,047] logger_util.py->write_log line:61 [INFO] 接口请求成功！
[2023-08-24 14:52:15,047] logger_util.py->write_log line:61 [INFO] 
-------------接口请求结束-----------

[2023-08-24 14:52:15,260] logger_util.py->write_log line:61 [INFO] 
-------------接口请求开始-----------
[2023-08-24 14:52:15,260] logger_util.py->write_log line:61 [INFO] 接口名称：读取io变量-A9-无符号64位整型
[2023-08-24 14:52:15,260] logger_util.py->write_log line:61 [INFO] 接口方式：post
[2023-08-24 14:52:15,260] logger_util.py->write_log line:61 [INFO] 接口路径：http://127.0.0.1:18000/api/v1/variable/getvalues
[2023-08-24 14:52:15,261] logger_util.py->write_log line:61 [INFO] 请求头：{'X-Project': 'a68f8739e9094911b0f74421369649cb', 'Authorization': 'Bearer eyJhbGciOiJIUzI1NiIsInR5cCI6IkpXVCJ9.eyJodHRwOi8vc2NoZW1hcy54bWxzb2FwLm9yZy93cy8yMDA1LzA1L2lkZW50aXR5L2NsYWltcy9uYW1lIjoiU3VwZXJBZG1pbiIsImh0dHA6Ly9zY2hlbWFzLnhtbHNvYXAub3JnL3dzLzIwMDUvMDUvaWRlbnRpdHkvY2xhaW1zL25hbWVpZGVudGlmaWVyIjoiU3VwZXJBZG1pbiIsImV4cCI6MTY5MzQ1MTIxNSwiaXNzIjoiQ01TdjIiLCJhdWQiOiJBcGkifQ.gj3Q5rVSuyTzguP8vMuwVhc3w3UHSBpckDQcczgjy6s'}
[2023-08-24 14:52:15,261] logger_util.py->write_log line:61 [INFO] 请求参数：['A9']
[2023-08-24 14:52:15,261] logger_util.py->write_log line:61 [INFO] 文件上传：None
[2023-08-24 14:52:15,264] logger_util.py->write_log line:61 [INFO] 预期结果：[{'equals': {'status_code': 200}}, {'equals': {'A9': '18446744073709551615'}}]
[2023-08-24 14:52:15,264] logger_util.py->write_log line:61 [INFO] 实际结果：{'A9': '18446744073709551615'}
[2023-08-24 14:52:15,264] logger_util.py->write_log line:61 [INFO] 接口请求成功！
[2023-08-24 14:52:15,264] logger_util.py->write_log line:61 [INFO] 
-------------接口请求结束-----------

[2023-08-24 14:52:15,479] logger_util.py->write_log line:61 [INFO] 
-------------接口请求开始-----------
[2023-08-24 14:52:15,479] logger_util.py->write_log line:61 [INFO] 接口名称：读取io变量-A10-F32位浮点数IEEE754
[2023-08-24 14:52:15,479] logger_util.py->write_log line:61 [INFO] 接口方式：post
[2023-08-24 14:52:15,479] logger_util.py->write_log line:61 [INFO] 接口路径：http://127.0.0.1:18000/api/v1/variable/getvalues
[2023-08-24 14:52:15,480] logger_util.py->write_log line:61 [INFO] 请求头：{'X-Project': 'a68f8739e9094911b0f74421369649cb', 'Authorization': 'Bearer eyJhbGciOiJIUzI1NiIsInR5cCI6IkpXVCJ9.eyJodHRwOi8vc2NoZW1hcy54bWxzb2FwLm9yZy93cy8yMDA1LzA1L2lkZW50aXR5L2NsYWltcy9uYW1lIjoiU3VwZXJBZG1pbiIsImh0dHA6Ly9zY2hlbWFzLnhtbHNvYXAub3JnL3dzLzIwMDUvMDUvaWRlbnRpdHkvY2xhaW1zL25hbWVpZGVudGlmaWVyIjoiU3VwZXJBZG1pbiIsImV4cCI6MTY5MzQ1MTIxNSwiaXNzIjoiQ01TdjIiLCJhdWQiOiJBcGkifQ.gj3Q5rVSuyTzguP8vMuwVhc3w3UHSBpckDQcczgjy6s'}
[2023-08-24 14:52:15,480] logger_util.py->write_log line:61 [INFO] 请求参数：['A10']
[2023-08-24 14:52:15,480] logger_util.py->write_log line:61 [INFO] 文件上传：None
[2023-08-24 14:52:15,483] logger_util.py->write_log line:61 [INFO] 预期结果：[{'equals': {'status_code': 200}}, {'equals': {'A10': '-3.402823E+38'}}]
[2023-08-24 14:52:15,483] logger_util.py->write_log line:61 [INFO] 实际结果：{'A10': '-3.402823E+38'}
[2023-08-24 14:52:15,483] logger_util.py->write_log line:61 [INFO] 接口请求成功！
[2023-08-24 14:52:15,483] logger_util.py->write_log line:61 [INFO] 
-------------接口请求结束-----------

[2023-08-24 14:52:15,696] logger_util.py->write_log line:61 [INFO] 
-------------接口请求开始-----------
[2023-08-24 14:52:15,696] logger_util.py->write_log line:61 [INFO] 接口名称：读取io变量-A11-F64位浮点数IEEE754
[2023-08-24 14:52:15,696] logger_util.py->write_log line:61 [INFO] 接口方式：post
[2023-08-24 14:52:15,696] logger_util.py->write_log line:61 [INFO] 接口路径：http://127.0.0.1:18000/api/v1/variable/getvalues
[2023-08-24 14:52:15,696] logger_util.py->write_log line:61 [INFO] 请求头：{'X-Project': 'a68f8739e9094911b0f74421369649cb', 'Authorization': 'Bearer eyJhbGciOiJIUzI1NiIsInR5cCI6IkpXVCJ9.eyJodHRwOi8vc2NoZW1hcy54bWxzb2FwLm9yZy93cy8yMDA1LzA1L2lkZW50aXR5L2NsYWltcy9uYW1lIjoiU3VwZXJBZG1pbiIsImh0dHA6Ly9zY2hlbWFzLnhtbHNvYXAub3JnL3dzLzIwMDUvMDUvaWRlbnRpdHkvY2xhaW1zL25hbWVpZGVudGlmaWVyIjoiU3VwZXJBZG1pbiIsImV4cCI6MTY5MzQ1MTIxNSwiaXNzIjoiQ01TdjIiLCJhdWQiOiJBcGkifQ.gj3Q5rVSuyTzguP8vMuwVhc3w3UHSBpckDQcczgjy6s'}
[2023-08-24 14:52:15,697] logger_util.py->write_log line:61 [INFO] 请求参数：['A11']
[2023-08-24 14:52:15,697] logger_util.py->write_log line:61 [INFO] 文件上传：None
[2023-08-24 14:52:15,699] logger_util.py->write_log line:61 [INFO] 预期结果：[{'equals': {'status_code': 200}}, {'equals': {'A11': '0'}}]
[2023-08-24 14:52:15,700] logger_util.py->write_log line:61 [INFO] 实际结果：{'A11': '0'}
[2023-08-24 14:52:15,700] logger_util.py->write_log line:61 [INFO] 接口请求成功！
[2023-08-24 14:52:15,700] logger_util.py->write_log line:61 [INFO] 
-------------接口请求结束-----------

[2023-08-24 14:52:15,912] logger_util.py->write_log line:61 [INFO] 
-------------接口请求开始-----------
[2023-08-24 14:52:15,912] logger_util.py->write_log line:61 [INFO] 接口名称：读取io变量-A12-字符串
[2023-08-24 14:52:15,912] logger_util.py->write_log line:61 [INFO] 接口方式：post
[2023-08-24 14:52:15,913] logger_util.py->write_log line:61 [INFO] 接口路径：http://127.0.0.1:18000/api/v1/variable/getvalues
[2023-08-24 14:52:15,913] logger_util.py->write_log line:61 [INFO] 请求头：{'X-Project': 'a68f8739e9094911b0f74421369649cb', 'Authorization': 'Bearer eyJhbGciOiJIUzI1NiIsInR5cCI6IkpXVCJ9.eyJodHRwOi8vc2NoZW1hcy54bWxzb2FwLm9yZy93cy8yMDA1LzA1L2lkZW50aXR5L2NsYWltcy9uYW1lIjoiU3VwZXJBZG1pbiIsImh0dHA6Ly9zY2hlbWFzLnhtbHNvYXAub3JnL3dzLzIwMDUvMDUvaWRlbnRpdHkvY2xhaW1zL25hbWVpZGVudGlmaWVyIjoiU3VwZXJBZG1pbiIsImV4cCI6MTY5MzQ1MTIxNSwiaXNzIjoiQ01TdjIiLCJhdWQiOiJBcGkifQ.gj3Q5rVSuyTzguP8vMuwVhc3w3UHSBpckDQcczgjy6s'}
[2023-08-24 14:52:15,913] logger_util.py->write_log line:61 [INFO] 请求参数：['A12']
[2023-08-24 14:52:15,913] logger_util.py->write_log line:61 [INFO] 文件上传：None
[2023-08-24 14:52:15,916] logger_util.py->write_log line:61 [INFO] 预期结果：[{'equals': {'status_code': 200}}, {'equals': {'A12': ' #-~（）%'}}]
[2023-08-24 14:52:15,916] logger_util.py->write_log line:61 [INFO] 实际结果：{'A12': ' #-~（）%'}
[2023-08-24 14:52:15,916] logger_util.py->write_log line:61 [INFO] 接口请求成功！
[2023-08-24 14:52:15,916] logger_util.py->write_log line:61 [INFO] 
-------------接口请求结束-----------

