[2023-08-17 10:24:37,821] logger_util.py->write_log line:61 [INFO] -------------接口请求开始-----------
[2023-08-17 10:24:37,821] logger_util.py->write_log line:61 [INFO] 接口名称：创建工程
[2023-08-17 10:24:37,821] logger_util.py->write_log line:61 [INFO] 接口方式：post
[2023-08-17 10:24:37,821] logger_util.py->write_log line:61 [INFO] 接口路径：http://127.0.0.1:18000/api/v1/project/node
[2023-08-17 10:24:37,822] logger_util.py->write_log line:61 [INFO] 请求头：{}
[2023-08-17 10:24:37,822] logger_util.py->write_log line:61 [INFO] 请求参数：{'name': '工程6193', 'path': 'C:\\自动化工程', 'type': 1}
[2023-08-17 10:24:37,822] logger_util.py->write_log line:61 [INFO] 文件上传：None
[2023-08-17 10:24:38,302] logger_util.py->write_log line:61 [INFO] 预期结果：[{'equals': {'status_code': 200}}]
[2023-08-17 10:24:38,302] logger_util.py->write_log line:61 [INFO] 实际结果：191
[2023-08-17 10:24:38,302] logger_util.py->write_log line:61 [INFO] 接口请求成功！
[2023-08-17 10:24:38,302] logger_util.py->write_log line:61 [INFO] -------------接口请求结束-----------

[2023-08-17 10:24:38,307] logger_util.py->write_log line:61 [INFO] -------------接口请求开始-----------
[2023-08-17 10:24:38,307] logger_util.py->write_log line:61 [INFO] 接口名称：创建文件夹
[2023-08-17 10:24:38,307] logger_util.py->write_log line:61 [INFO] 接口方式：post
[2023-08-17 10:24:38,307] logger_util.py->write_log line:61 [INFO] 接口路径：http://127.0.0.1:18000/api/v1/project/node
[2023-08-17 10:24:38,307] logger_util.py->write_log line:61 [INFO] 请求头：{}
[2023-08-17 10:24:38,307] logger_util.py->write_log line:61 [INFO] 请求参数：{'name': '文件夹2559', 'type': 0}
[2023-08-17 10:24:38,307] logger_util.py->write_log line:61 [INFO] 文件上传：None
[2023-08-17 10:24:38,329] logger_util.py->write_log line:61 [INFO] 预期结果：[{'equals': {'status_code': 200}}]
[2023-08-17 10:24:38,329] logger_util.py->write_log line:61 [INFO] 实际结果：192
[2023-08-17 10:24:38,329] logger_util.py->write_log line:61 [INFO] 接口请求成功！
[2023-08-17 10:24:38,329] logger_util.py->write_log line:61 [INFO] -------------接口请求结束-----------

[2023-08-17 10:24:38,337] logger_util.py->write_log line:61 [INFO] -------------接口请求开始-----------
[2023-08-17 10:24:38,337] logger_util.py->write_log line:61 [INFO] 接口名称：获取工程信息
[2023-08-17 10:24:38,337] logger_util.py->write_log line:61 [INFO] 接口方式：get
[2023-08-17 10:24:38,337] logger_util.py->write_log line:61 [INFO] 接口路径：http://127.0.0.1:18000/api/v1/project/191/info
[2023-08-17 10:24:38,337] logger_util.py->write_log line:61 [INFO] 请求头：{}
[2023-08-17 10:24:38,337] logger_util.py->write_log line:61 [INFO] 文件上传：None
[2023-08-17 10:24:39,740] logger_util.py->write_log line:61 [INFO] 预期结果：[{'equals': {'status_code': 200}}]
[2023-08-17 10:24:39,740] logger_util.py->write_log line:61 [INFO] 实际结果：{'id': 191, 'name': '工程6193', 'identifier': 'b8d229db09c74b1fbcbe808476279076', 'path': 'C:\\自动化工程\\工程6193.cmsproj', 'createTime': '2023-08-17T10:24:38.2708182', 'updateTime': '2023-08-17T10:24:38.2708183'}
[2023-08-17 10:24:39,740] logger_util.py->write_log line:61 [INFO] 接口请求成功！
[2023-08-17 10:24:39,740] logger_util.py->write_log line:61 [INFO] -------------接口请求结束-----------

[2023-08-17 10:24:39,745] logger_util.py->write_log line:61 [INFO] -------------接口请求开始-----------
[2023-08-17 10:24:39,745] logger_util.py->write_log line:61 [INFO] 接口名称：获取工程树节点
[2023-08-17 10:24:39,745] logger_util.py->write_log line:61 [INFO] 接口方式：get
[2023-08-17 10:24:39,746] logger_util.py->write_log line:61 [INFO] 接口路径：http://127.0.0.1:18000/api/v1/project/node/tree
[2023-08-17 10:24:39,746] logger_util.py->write_log line:61 [INFO] 请求头：{}
[2023-08-17 10:24:39,746] logger_util.py->write_log line:61 [INFO] 文件上传：None
[2023-08-17 10:24:39,752] logger_util.py->write_log line:61 [INFO] 预期结果：[{'equals': {'status_code': 200}}]
[2023-08-17 10:24:39,752] logger_util.py->write_log line:61 [INFO] 实际结果：[{'child': [], 'fileAvailableState': False, 'version': None, 'id': 192, 'parentId': None, 'name': '文件夹2559', 'path': None, 'type': 0, 'createTime': '0001-01-01T00:00:00', 'updateTime': '2023-08-17T10:24:38.3101468'}, {'child': [], 'fileAvailableState': True, 'version': '2.0.3', 'id': 191, 'parentId': None, 'name': '工程6193', 'path': 'C:\\自动化工程\\工程6193.cmsproj', 'type': 1, 'createTime': '0001-01-01T00:00:00', 'updateTime': '2023-08-17T10:24:38.2436643'}]
[2023-08-17 10:24:39,752] logger_util.py->write_log line:61 [INFO] 接口请求成功！
[2023-08-17 10:24:39,752] logger_util.py->write_log line:61 [INFO] -------------接口请求结束-----------

[2023-08-17 10:24:39,763] logger_util.py->write_log line:61 [INFO] -------------接口请求开始-----------
[2023-08-17 10:24:39,763] logger_util.py->write_log line:61 [INFO] 接口名称：移动工程节点
[2023-08-17 10:24:39,763] logger_util.py->write_log line:61 [INFO] 接口方式：put
[2023-08-17 10:24:39,763] logger_util.py->write_log line:61 [INFO] 接口路径：http://127.0.0.1:18000/api/v1/project/node/moveprojectnodes
[2023-08-17 10:24:39,763] logger_util.py->write_log line:61 [INFO] 请求头：{}
[2023-08-17 10:24:39,763] logger_util.py->write_log line:61 [INFO] 请求参数：{'destNodeID': '192', 'selectNodeIDs': '191'}
[2023-08-17 10:24:39,763] logger_util.py->write_log line:61 [INFO] 文件上传：None
[2023-08-17 10:24:39,803] logger_util.py->write_log line:61 [INFO] 预期结果：[{'equals': {'status_code': 200}}]
[2023-08-17 10:24:39,803] logger_util.py->write_log line:61 [INFO] 实际结果：[{'id': 191, 'parentId': 192, 'name': '工程6193', 'path': 'C:\\自动化工程\\工程6193.cmsproj', 'type': 1, 'createTime': '2023-08-17T10:24:38.2436637', 'updateTime': '2023-08-17T10:24:39.7668757+08:00'}]
[2023-08-17 10:24:39,804] logger_util.py->write_log line:61 [INFO] 接口请求成功！
[2023-08-17 10:24:39,804] logger_util.py->write_log line:61 [INFO] -------------接口请求结束-----------

[2023-08-17 10:24:39,819] logger_util.py->write_log line:61 [INFO] -------------接口请求开始-----------
[2023-08-17 10:24:39,819] logger_util.py->write_log line:61 [INFO] 接口名称：创建工程
[2023-08-17 10:24:39,819] logger_util.py->write_log line:61 [INFO] 接口方式：post
[2023-08-17 10:24:39,820] logger_util.py->write_log line:61 [INFO] 接口路径：http://127.0.0.1:18000/api/v1/project/node
[2023-08-17 10:24:39,820] logger_util.py->write_log line:61 [INFO] 请求头：{}
[2023-08-17 10:24:39,820] logger_util.py->write_log line:61 [INFO] 请求参数：{'name': '删除工程保留路径下的文件3407', 'path': 'C:\\自动化工程', 'type': 1}
[2023-08-17 10:24:39,820] logger_util.py->write_log line:61 [INFO] 文件上传：None
[2023-08-17 10:24:40,126] logger_util.py->write_log line:61 [INFO] 预期结果：[{'equals': {'status_code': 200}}]
[2023-08-17 10:24:40,126] logger_util.py->write_log line:61 [INFO] 实际结果：193
[2023-08-17 10:24:40,126] logger_util.py->write_log line:61 [INFO] 接口请求成功！
[2023-08-17 10:24:40,126] logger_util.py->write_log line:61 [INFO] -------------接口请求结束-----------

[2023-08-17 10:24:40,135] logger_util.py->write_log line:61 [INFO] -------------接口请求开始-----------
[2023-08-17 10:24:40,135] logger_util.py->write_log line:61 [INFO] 接口名称：删除工程
[2023-08-17 10:24:40,135] logger_util.py->write_log line:61 [INFO] 接口方式：put
[2023-08-17 10:24:40,136] logger_util.py->write_log line:61 [INFO] 接口路径：http://127.0.0.1:18000/api/v1/project/node/deletenodes
[2023-08-17 10:24:40,136] logger_util.py->write_log line:61 [INFO] 请求头：{}
[2023-08-17 10:24:40,136] logger_util.py->write_log line:61 [INFO] 请求参数：{'ids': '193', 'isDeleteFile': False}
[2023-08-17 10:24:40,136] logger_util.py->write_log line:61 [INFO] 文件上传：None
[2023-08-17 10:24:40,185] logger_util.py->write_log line:61 [INFO] 预期结果：[{'equals': {'status_code': 200}}]
[2023-08-17 10:24:40,185] logger_util.py->write_log line:61 [INFO] 实际结果：
[2023-08-17 10:24:40,185] logger_util.py->write_log line:61 [INFO] 接口请求成功！
[2023-08-17 10:24:40,185] logger_util.py->write_log line:61 [INFO] -------------接口请求结束-----------

[2023-08-17 10:24:40,189] logger_util.py->write_log line:61 [INFO] -------------接口请求开始-----------
[2023-08-17 10:24:40,189] logger_util.py->write_log line:61 [INFO] 接口名称：创建工程
[2023-08-17 10:24:40,189] logger_util.py->write_log line:61 [INFO] 接口方式：post
[2023-08-17 10:24:40,190] logger_util.py->write_log line:61 [INFO] 接口路径：http://127.0.0.1:18000/api/v1/project/node
[2023-08-17 10:24:40,190] logger_util.py->write_log line:61 [INFO] 请求头：{}
[2023-08-17 10:24:40,190] logger_util.py->write_log line:61 [INFO] 请求参数：{'name': '工程1097', 'path': 'C:\\自动化工程', 'type': 1}
[2023-08-17 10:24:40,190] logger_util.py->write_log line:61 [INFO] 文件上传：None
[2023-08-17 10:24:40,521] logger_util.py->write_log line:61 [INFO] 预期结果：[{'equals': {'status_code': 200}}]
[2023-08-17 10:24:40,522] logger_util.py->write_log line:61 [INFO] 实际结果：194
[2023-08-17 10:24:40,522] logger_util.py->write_log line:61 [INFO] 接口请求成功！
[2023-08-17 10:24:40,522] logger_util.py->write_log line:61 [INFO] -------------接口请求结束-----------

[2023-08-17 10:24:40,554] logger_util.py->write_log line:61 [INFO] -------------接口请求开始-----------
[2023-08-17 10:24:40,555] logger_util.py->write_log line:61 [INFO] 接口名称：删除工程
[2023-08-17 10:24:40,555] logger_util.py->write_log line:61 [INFO] 接口方式：put
[2023-08-17 10:24:40,555] logger_util.py->write_log line:61 [INFO] 接口路径：http://127.0.0.1:18000/api/v1/project/node/deletenodes
[2023-08-17 10:24:40,555] logger_util.py->write_log line:61 [INFO] 请求头：{}
[2023-08-17 10:24:40,555] logger_util.py->write_log line:61 [INFO] 请求参数：{'ids': '194', 'isDeleteFile': True}
[2023-08-17 10:24:40,555] logger_util.py->write_log line:61 [INFO] 文件上传：None
[2023-08-17 10:24:40,601] logger_util.py->write_log line:61 [INFO] 预期结果：[{'equals': {'status_code': 200}}]
[2023-08-17 10:24:40,601] logger_util.py->write_log line:61 [INFO] 实际结果：
[2023-08-17 10:24:40,601] logger_util.py->write_log line:61 [INFO] 接口请求成功！
[2023-08-17 10:24:40,602] logger_util.py->write_log line:61 [INFO] -------------接口请求结束-----------

[2023-08-17 10:24:40,606] logger_util.py->write_log line:61 [INFO] -------------接口请求开始-----------
[2023-08-17 10:24:40,606] logger_util.py->write_log line:61 [INFO] 接口名称：创建文件夹
[2023-08-17 10:24:40,606] logger_util.py->write_log line:61 [INFO] 接口方式：post
[2023-08-17 10:24:40,606] logger_util.py->write_log line:61 [INFO] 接口路径：http://127.0.0.1:18000/api/v1/project/node
[2023-08-17 10:24:40,606] logger_util.py->write_log line:61 [INFO] 请求头：{}
[2023-08-17 10:24:40,606] logger_util.py->write_log line:61 [INFO] 请求参数：{'name': '文件夹4103', 'type': 0}
[2023-08-17 10:24:40,606] logger_util.py->write_log line:61 [INFO] 文件上传：None
[2023-08-17 10:24:40,637] logger_util.py->write_log line:61 [INFO] 预期结果：[{'equals': {'status_code': 200}}]
[2023-08-17 10:24:40,638] logger_util.py->write_log line:61 [INFO] 实际结果：195
[2023-08-17 10:24:40,638] logger_util.py->write_log line:61 [INFO] 接口请求成功！
[2023-08-17 10:24:40,638] logger_util.py->write_log line:61 [INFO] -------------接口请求结束-----------

[2023-08-17 10:24:40,646] logger_util.py->write_log line:61 [INFO] -------------接口请求开始-----------
[2023-08-17 10:24:40,647] logger_util.py->write_log line:61 [INFO] 接口名称：删除文件夹
[2023-08-17 10:24:40,647] logger_util.py->write_log line:61 [INFO] 接口方式：put
[2023-08-17 10:24:40,647] logger_util.py->write_log line:61 [INFO] 接口路径：http://127.0.0.1:18000/api/v1/project/node/deletenodes
[2023-08-17 10:24:40,647] logger_util.py->write_log line:61 [INFO] 请求头：{}
[2023-08-17 10:24:40,647] logger_util.py->write_log line:61 [INFO] 请求参数：{'ids': '195', 'isDeleteFile': True}
[2023-08-17 10:24:40,647] logger_util.py->write_log line:61 [INFO] 文件上传：None
[2023-08-17 10:24:40,669] logger_util.py->write_log line:61 [INFO] 预期结果：[{'equals': {'status_code': 200}}]
[2023-08-17 10:24:40,669] logger_util.py->write_log line:61 [INFO] 实际结果：
[2023-08-17 10:24:40,669] logger_util.py->write_log line:61 [INFO] 接口请求成功！
[2023-08-17 10:24:40,669] logger_util.py->write_log line:61 [INFO] -------------接口请求结束-----------

[2023-08-17 10:24:40,675] logger_util.py->write_log line:61 [INFO] -------------接口请求开始-----------
[2023-08-17 10:24:40,675] logger_util.py->write_log line:61 [INFO] 接口名称：创建工程副本
[2023-08-17 10:24:40,675] logger_util.py->write_log line:61 [INFO] 接口方式：post
[2023-08-17 10:24:40,675] logger_util.py->write_log line:61 [INFO] 接口路径：http://127.0.0.1:18000/api/v1/project/node/copyprojectnode
[2023-08-17 10:24:40,675] logger_util.py->write_log line:61 [INFO] 请求头：{}
[2023-08-17 10:24:40,675] logger_util.py->write_log line:61 [INFO] 请求参数：{'parentId': '192', 'path': 'C:\\自动化工程', 'name': '工程副本9626', 'type': 1, 'rawProjectNodeID': '191', 'copyType': 0}
[2023-08-17 10:24:40,675] logger_util.py->write_log line:61 [INFO] 文件上传：None
[2023-08-17 10:24:40,727] logger_util.py->write_log line:61 [INFO] 预期结果：[{'equals': {'status_code': 200}}]
[2023-08-17 10:24:40,728] logger_util.py->write_log line:61 [INFO] 实际结果：196
[2023-08-17 10:24:40,728] logger_util.py->write_log line:61 [INFO] 接口请求成功！
[2023-08-17 10:24:40,728] logger_util.py->write_log line:61 [INFO] -------------接口请求结束-----------

[2023-08-17 10:24:40,732] logger_util.py->write_log line:61 [INFO] -------------接口请求开始-----------
[2023-08-17 10:24:40,732] logger_util.py->write_log line:61 [INFO] 接口名称：查询
[2023-08-17 10:24:40,732] logger_util.py->write_log line:61 [INFO] 接口方式：get
[2023-08-17 10:24:40,732] logger_util.py->write_log line:61 [INFO] 接口路径：http://127.0.0.1:18000/api/v1/project/node/tree?rootId=&isOrderByDesc=false&orderFieldName=name&keyWord=副本
[2023-08-17 10:24:40,732] logger_util.py->write_log line:61 [INFO] 请求头：{}
[2023-08-17 10:24:40,732] logger_util.py->write_log line:61 [INFO] 文件上传：None
[2023-08-17 10:24:40,740] logger_util.py->write_log line:61 [INFO] 预期结果：[{'equals': {'status_code': 200}}]
[2023-08-17 10:24:40,740] logger_util.py->write_log line:61 [INFO] 实际结果：[{'child': [{'child': [], 'fileAvailableState': True, 'version': '2.0.3', 'id': 196, 'parentId': 192, 'name': '工程副本9626', 'path': 'C:\\自动化工程\\工程副本9626.cmsproj', 'type': 1, 'createTime': '0001-01-01T00:00:00', 'updateTime': '2023-08-17T10:24:40.688546'}], 'fileAvailableState': False, 'version': None, 'id': 192, 'parentId': None, 'name': '文件夹2559', 'path': None, 'type': 0, 'createTime': '0001-01-01T00:00:00', 'updateTime': '2023-08-17T10:24:38.3101468'}]
[2023-08-17 10:24:40,740] logger_util.py->write_log line:61 [INFO] 接口请求成功！
[2023-08-17 10:24:40,740] logger_util.py->write_log line:61 [INFO] -------------接口请求结束-----------

[2023-08-17 10:24:40,745] logger_util.py->write_log line:61 [INFO] -------------接口请求开始-----------
[2023-08-17 10:24:40,745] logger_util.py->write_log line:61 [INFO] 接口名称：刷新列表
[2023-08-17 10:24:40,745] logger_util.py->write_log line:61 [INFO] 接口方式：get
[2023-08-17 10:24:40,745] logger_util.py->write_log line:61 [INFO] 接口路径：http://127.0.0.1:18000/api/v1/project/node/tree?rootId=&isOrderByDesc=false&orderFieldName=name&keyWord=
[2023-08-17 10:24:40,745] logger_util.py->write_log line:61 [INFO] 请求头：{}
[2023-08-17 10:24:40,745] logger_util.py->write_log line:61 [INFO] 文件上传：None
[2023-08-17 10:24:40,751] logger_util.py->write_log line:61 [INFO] 预期结果：[{'equals': {'status_code': 200}}]
[2023-08-17 10:24:40,751] logger_util.py->write_log line:61 [INFO] 实际结果：[{'child': [{'child': [], 'fileAvailableState': True, 'version': '2.0.3', 'id': 191, 'parentId': 192, 'name': '工程6193', 'path': 'C:\\自动化工程\\工程6193.cmsproj', 'type': 1, 'createTime': '0001-01-01T00:00:00', 'updateTime': '2023-08-17T10:24:39.7668757'}, {'child': [], 'fileAvailableState': True, 'version': '2.0.3', 'id': 196, 'parentId': 192, 'name': '工程副本9626', 'path': 'C:\\自动化工程\\工程副本9626.cmsproj', 'type': 1, 'createTime': '0001-01-01T00:00:00', 'updateTime': '2023-08-17T10:24:40.688546'}], 'fileAvailableState': False, 'version': None, 'id': 192, 'parentId': None, 'name': '文件夹2559', 'path': None, 'type': 0, 'createTime': '0001-01-01T00:00:00', 'updateTime': '2023-08-17T10:24:38.3101468'}]
[2023-08-17 10:24:40,752] logger_util.py->write_log line:61 [INFO] 接口请求成功！
[2023-08-17 10:24:40,752] logger_util.py->write_log line:61 [INFO] -------------接口请求结束-----------

