[2023-05-24 14:35:23,196] logger_util.py->write_log line:61 [INFO] -------------接口请求开始-----------
[2023-05-24 14:35:23,196] logger_util.py->write_log line:61 [INFO] 接口名称：获取数据管理配置树
[2023-05-24 14:35:23,196] logger_util.py->write_log line:61 [INFO] 接口方式：get
[2023-05-24 14:35:23,196] logger_util.py->write_log line:61 [INFO] 接口路径：http://192.168.4.12:18000/api/v1/dataconfig/tree
[2023-05-24 14:35:23,196] logger_util.py->write_log line:61 [INFO] 请求头：{'Content-Type': 'application/json;charset=UTF-8', 'X-Project': 'b32d81056e124620b809e92f49cdf3d4'}
[2023-05-24 14:35:23,220] logger_util.py->write_log line:61 [INFO] 文件上传：None
[2023-05-24 14:35:23,271] logger_util.py->write_log line:61 [INFO] 预期结果：[{'equals': {'status_code': 200}}, {'equals': {'name': '报警管理'}}]
[2023-05-24 14:35:23,271] logger_util.py->write_log line:61 [INFO] 实际结果：[{'id': 'f620b182-7169-4563-98af-9d076c186163', 'parentId': '00000000-0000-0000-0000-000000000000', 'name': '报警管理', 'nodeType': 1, 'children': [{'id': 'a9b66e92-6f83-44e3-ba02-ccbdb0f149c1', 'parentId': 'f620b182-7169-4563-98af-9d076c186163', 'name': '报警管理-实时表', 'nodeType': 2, 'children': [], 'sort': 1, 'operations': [], 'functions': []}, {'id': 'e342f0fa-977d-459a-97b2-f4fc4b36c7e4', 'parentId': 'f620b182-7169-4563-98af-9d076c186163', 'name': '报警管理-历史表', 'nodeType': 2, 'children': [], 'sort': 2, 'operations': [], 'functions': [2]}], 'sort': 1, 'operations': [], 'functions': None}, {'id': '8f09eac6-89bc-4606-8818-29ba0ea7b3d4', 'parentId': '00000000-0000-0000-0000-000000000000', 'name': '归档表41', 'nodeType': 2, 'children': [], 'sort': 2, 'operations': [1, 2, 3, 4], 'functions': [1, 2, 3, 4]}, {'id': 'a29d2877-d385-47af-b6e8-5ecb427f202d', 'parentId': '00000000-0000-0000-0000-000000000000', 'name': '归档表95', 'nodeType': 2, 'children': [], 'sort': 3, 'operations': [1, 2, 3, 4], 'functions': [1, 2, 3, 4]}, {'id': '5882c397-d83b-4bde-8b39-ce9a7950ce73', 'parentId': '00000000-0000-0000-0000-000000000000', 'name': '归档表', 'nodeType': 2, 'children': [], 'sort': 4, 'operations': [1, 2, 3, 4], 'functions': [1, 2, 3, 4]}, {'id': '8ed90e55-96f5-4e3e-90bd-869bce176d78', 'parentId': '00000000-0000-0000-0000-000000000000', 'name': '聚合表', 'nodeType': 3, 'children': [], 'sort': 5, 'operations': [1, 2, 3, 4], 'functions': [2, 3, 4]}, {'id': 'a5499325-809c-49a0-8dce-743e0b815785', 'parentId': '00000000-0000-0000-0000-000000000000', 'name': '聚合表-0003', 'nodeType': 3, 'children': [], 'sort': 6, 'operations': [1, 2, 3, 4], 'functions': [2, 3, 4]}, {'id': '181a03d5-16c1-48ad-aaf7-0b8d2f32257d', 'parentId': '00000000-0000-0000-0000-000000000000', 'name': '新建文件夹-8423', 'nodeType': 1, 'children': [{'id': 'a56831c1-468b-4856-9309-dae966e38eb2', 'parentId': '181a03d5-16c1-48ad-aaf7-0b8d2f32257d', 'name': '新建文件夹-8274', 'nodeType': 1, 'children': [{'id': '4d0ed61c-f910-4222-86ed-ea2a7c4646fd', 'parentId': 'a56831c1-468b-4856-9309-dae966e38eb2', 'name': '新建文件夹-6097', 'nodeType': 1, 'children': [{'id': 'c3862fc6-151d-4cda-8e68-d06699d99161', 'parentId': '4d0ed61c-f910-4222-86ed-ea2a7c4646fd', 'name': '新建文件夹-1086', 'nodeType': 1, 'children': [], 'sort': 1, 'operations': [1, 4], 'functions': None}], 'sort': 2, 'operations': [1, 4], 'functions': None}], 'sort': 1, 'operations': [1, 4], 'functions': None}], 'sort': 7, 'operations': [1, 4], 'functions': None}, {'id': '63567382-48bf-404f-a91d-a69c6568e354', 'parentId': '00000000-0000-0000-0000-000000000000', 'name': '聚合表-0002', 'nodeType': 3, 'children': [], 'sort': 8, 'operations': [1, 2, 3, 4], 'functions': [2, 3, 4]}, {'id': '21764470-0e91-4981-9340-f202c072d937', 'parentId': '00000000-0000-0000-0000-000000000000', 'name': '聚合表', 'nodeType': 1, 'children': [], 'sort': 9, 'operations': [1, 4], 'functions': None}]
[2023-05-24 14:35:23,271] logger_util.py->write_log line:61 [INFO] 接口请求成功！
[2023-05-24 14:35:23,271] logger_util.py->write_log line:61 [INFO] -------------接口请求结束-----------

[2023-05-24 14:35:23,277] logger_util.py->write_log line:61 [INFO] -------------接口请求开始-----------
[2023-05-24 14:35:23,277] logger_util.py->write_log line:61 [INFO] 接口名称：创建文件夹
[2023-05-24 14:35:23,277] logger_util.py->write_log line:61 [INFO] 接口方式：post
[2023-05-24 14:35:23,277] logger_util.py->write_log line:61 [INFO] 接口路径：http://192.168.4.12:18000/api/v1/dataconfig/folder
[2023-05-24 14:35:23,277] logger_util.py->write_log line:61 [INFO] 请求头：{'Content-Type': 'application/json;charset=UTF-8', 'X-Project': 'b32d81056e124620b809e92f49cdf3d4'}
[2023-05-24 14:35:23,278] logger_util.py->write_log line:61 [INFO] 请求参数：{'parentId': '00000000-0000-0000-0000-000000000000', 'name': '文件夹16', 'sort': 2}
[2023-05-24 14:35:23,286] logger_util.py->write_log line:61 [INFO] 文件上传：None
[2023-05-24 14:35:23,348] logger_util.py->write_log line:61 [INFO] 预期结果：[{'equals': {'status_code': 200}}, {'equals': {'sort': 2}}, {'contains': 'id'}]
[2023-05-24 14:35:23,348] logger_util.py->write_log line:61 [INFO] 实际结果：{'id': '7c2632cc-d75e-4bc7-b488-7561df853e18', 'name': '文件夹16', 'parentId': '00000000-0000-0000-0000-000000000000', 'level': 0, 'sort': 2, 'createDateTime': '2023-05-24T14:35:23.464962+08:00', 'operationTypes': [1, 4]}
[2023-05-24 14:35:23,348] logger_util.py->write_log line:61 [INFO] 接口请求成功！
[2023-05-24 14:35:23,348] logger_util.py->write_log line:61 [INFO] -------------接口请求结束-----------

[2023-05-24 14:35:23,354] logger_util.py->write_log line:61 [INFO] -------------接口请求开始-----------
[2023-05-24 14:35:23,354] logger_util.py->write_log line:61 [INFO] 接口名称：获取所有文件夹
[2023-05-24 14:35:23,354] logger_util.py->write_log line:61 [INFO] 接口方式：get
[2023-05-24 14:35:23,354] logger_util.py->write_log line:61 [INFO] 接口路径：http://192.168.4.12:18000/api/v1/dataconfig/folder
[2023-05-24 14:35:23,354] logger_util.py->write_log line:61 [INFO] 请求头：{'Content-Type': 'application/json;charset=UTF-8', 'X-Project': 'b32d81056e124620b809e92f49cdf3d4'}
[2023-05-24 14:35:23,354] logger_util.py->write_log line:61 [INFO] 文件上传：None
[2023-05-24 14:35:23,361] logger_util.py->write_log line:61 [INFO] 预期结果：[{'equals': {'status_code': 200}}, {'equals': {'name': '报警管理'}}]
[2023-05-24 14:35:23,362] logger_util.py->write_log line:61 [INFO] 实际结果：[{'id': 'f620b182-7169-4563-98af-9d076c186163', 'name': '报警管理', 'parentId': '00000000-0000-0000-0000-000000000000', 'level': 0, 'sort': 1, 'createDateTime': '0001-01-01T00:00:00', 'operationTypes': []}, {'id': '21764470-0e91-4981-9340-f202c072d937', 'name': '聚合表', 'parentId': '00000000-0000-0000-0000-000000000000', 'level': 0, 'sort': 10, 'createDateTime': '2023-05-24T10:10:35.2153244', 'operationTypes': [1, 4]}, {'id': '181a03d5-16c1-48ad-aaf7-0b8d2f32257d', 'name': '新建文件夹-8423', 'parentId': '00000000-0000-0000-0000-000000000000', 'level': 0, 'sort': 8, 'createDateTime': '2023-05-24T11:15:47.5956316', 'operationTypes': [1, 4]}, {'id': 'a56831c1-468b-4856-9309-dae966e38eb2', 'name': '新建文件夹-8274', 'parentId': '181a03d5-16c1-48ad-aaf7-0b8d2f32257d', 'level': 0, 'sort': 1, 'createDateTime': '2023-05-24T11:15:48.8237529', 'operationTypes': [1, 4]}, {'id': '4d0ed61c-f910-4222-86ed-ea2a7c4646fd', 'name': '新建文件夹-6097', 'parentId': 'a56831c1-468b-4856-9309-dae966e38eb2', 'level': 0, 'sort': 2, 'createDateTime': '2023-05-24T11:15:49.9818172', 'operationTypes': [1, 4]}, {'id': 'c3862fc6-151d-4cda-8e68-d06699d99161', 'name': '新建文件夹-1086', 'parentId': '4d0ed61c-f910-4222-86ed-ea2a7c4646fd', 'level': 0, 'sort': 1, 'createDateTime': '2023-05-24T11:15:51.8019456', 'operationTypes': [1, 4]}, {'id': '7c2632cc-d75e-4bc7-b488-7561df853e18', 'name': '文件夹16', 'parentId': '00000000-0000-0000-0000-000000000000', 'level': 0, 'sort': 2, 'createDateTime': '2023-05-24T14:35:23.464962', 'operationTypes': [1, 4]}]
[2023-05-24 14:35:23,362] logger_util.py->write_log line:61 [INFO] 接口请求成功！
[2023-05-24 14:35:23,362] logger_util.py->write_log line:61 [INFO] -------------接口请求结束-----------

[2023-05-24 14:35:23,371] logger_util.py->write_log line:61 [INFO] -------------接口请求开始-----------
[2023-05-24 14:35:23,372] logger_util.py->write_log line:61 [INFO] 接口名称：重命名文件夹
[2023-05-24 14:35:23,372] logger_util.py->write_log line:61 [INFO] 接口方式：put
[2023-05-24 14:35:23,372] logger_util.py->write_log line:61 [INFO] 接口路径：http://192.168.4.12:18000/api/v1/dataconfig/folder/7c2632cc-d75e-4bc7-b488-7561df853e18/name
[2023-05-24 14:35:23,372] logger_util.py->write_log line:61 [INFO] 请求头：{'Content-Type': 'application/json;charset=UTF-8', 'X-Project': 'b32d81056e124620b809e92f49cdf3d4'}
[2023-05-24 14:35:23,372] logger_util.py->write_log line:61 [INFO] 请求参数：{'name': '重命名文件夹56'}
[2023-05-24 14:35:23,372] logger_util.py->write_log line:61 [INFO] 文件上传：None
[2023-05-24 14:35:23,396] logger_util.py->write_log line:61 [INFO] 预期结果：[{'equals': {'status_code': 200}}, {'contains': 'id'}, {'contains': 'name'}]
[2023-05-24 14:35:23,396] logger_util.py->write_log line:61 [INFO] 实际结果：{'id': '7c2632cc-d75e-4bc7-b488-7561df853e18', 'name': '重命名文件夹56', 'parentId': '00000000-0000-0000-0000-000000000000', 'level': 0, 'sort': 2, 'createDateTime': '2023-05-24T14:35:23.464962', 'operationTypes': [1, 4]}
[2023-05-24 14:35:23,396] logger_util.py->write_log line:61 [INFO] 接口请求成功！
[2023-05-24 14:35:23,396] logger_util.py->write_log line:61 [INFO] -------------接口请求结束-----------

[2023-05-24 14:35:23,402] logger_util.py->write_log line:61 [INFO] -------------接口请求开始-----------
[2023-05-24 14:35:23,402] logger_util.py->write_log line:61 [INFO] 接口名称：删除文件夹
[2023-05-24 14:35:23,402] logger_util.py->write_log line:61 [INFO] 接口方式：delete
[2023-05-24 14:35:23,402] logger_util.py->write_log line:61 [INFO] 接口路径：http://192.168.4.12:18000/api/v1/dataconfig/folder/7c2632cc-d75e-4bc7-b488-7561df853e18
[2023-05-24 14:35:23,402] logger_util.py->write_log line:61 [INFO] 请求头：{'Content-Type': 'application/json;charset=UTF-8', 'X-Project': 'b32d81056e124620b809e92f49cdf3d4'}
[2023-05-24 14:35:23,402] logger_util.py->write_log line:61 [INFO] 文件上传：None
[2023-05-24 14:35:24,139] logger_util.py->write_log line:61 [INFO] 预期结果：[{'equals': {'status_code': 200}}]
[2023-05-24 14:35:24,139] logger_util.py->write_log line:61 [INFO] 实际结果：['7c2632cc-d75e-4bc7-b488-7561df853e18']
[2023-05-24 14:35:24,139] logger_util.py->write_log line:61 [INFO] 接口请求成功！
[2023-05-24 14:35:24,139] logger_util.py->write_log line:61 [INFO] -------------接口请求结束-----------

[2023-05-24 14:35:24,146] logger_util.py->write_log line:61 [INFO] -------------接口请求开始-----------
[2023-05-24 14:35:24,146] logger_util.py->write_log line:61 [INFO] 接口名称：创建归档表
[2023-05-24 14:35:24,146] logger_util.py->write_log line:61 [INFO] 接口方式：post
[2023-05-24 14:35:24,146] logger_util.py->write_log line:61 [INFO] 接口路径：http://192.168.4.12:18000/api/v1/dataconfig/filingtable
[2023-05-24 14:35:24,146] logger_util.py->write_log line:61 [INFO] 请求头：{'Content-Type': 'application/json;charset=UTF-8', 'X-Project': 'b32d81056e124620b809e92f49cdf3d4'}
[2023-05-24 14:35:24,146] logger_util.py->write_log line:61 [INFO] 请求参数：{'folderId': '00000000-0000-0000-0000-000000000000', 'name': '归档表75', 'sort': 2}
[2023-05-24 14:35:24,146] logger_util.py->write_log line:61 [INFO] 文件上传：None
[2023-05-24 14:35:24,243] logger_util.py->write_log line:61 [INFO] 预期结果：[{'equals': {'status_code': 200}}, {'equals': {'sort': 2}}, {'contains': 'id'}]
[2023-05-24 14:35:24,244] logger_util.py->write_log line:61 [INFO] 实际结果：{'id': 'a8ffc58d-65a2-476a-9d3f-a7849c3c053b', 'folderId': '00000000-0000-0000-0000-000000000000', 'name': '归档表75', 'sort': 2, 'createDateTime': '2023-05-24T14:35:24.2952688+08:00', 'operationTypes': [1, 2, 3, 4], 'functionTypes': [1, 2, 3, 4], 'extendedHeaders': ['记录时间'], 'cacheConfig_EnableCache': False, 'cacheConfig_QuantityLimit': 0, 'cacheConfig_TimeSpanLimit': 0, 'cacheConfig_TimeSpanLimitUnit': 0, 'cacheConfig_ClearCache': '', 'storageConfig_ScheduledClear': False, 'storageConfig_ClearTriggerTime': None, 'storageConfig_ClearFrequency': 0, 'storageConfig_ClearFrequencyUnit': 0, 'storageConfig_ClearRetain': 0, 'storageConfig_ClearRetainUnit': 0, 'storageConfig_ScheduledBackup': False, 'storageConfig_BackupTriggerTime': None, 'storageConfig_BackupFrequency': 0, 'storageConfig_BackupFrequencyUnit': 0, 'storageConfig_BackupPath': ''}
[2023-05-24 14:35:24,244] logger_util.py->write_log line:61 [INFO] 接口请求成功！
[2023-05-24 14:35:24,244] logger_util.py->write_log line:61 [INFO] -------------接口请求结束-----------

[2023-05-24 14:35:24,251] logger_util.py->write_log line:61 [INFO] -------------接口请求开始-----------
[2023-05-24 14:35:24,251] logger_util.py->write_log line:61 [INFO] 接口名称：获取归档表
[2023-05-24 14:35:24,251] logger_util.py->write_log line:61 [INFO] 接口方式：get
[2023-05-24 14:35:24,251] logger_util.py->write_log line:61 [INFO] 接口路径：http://192.168.4.12:18000/api/v1/dataconfig/filingtable
[2023-05-24 14:35:24,251] logger_util.py->write_log line:61 [INFO] 请求头：{'Content-Type': 'application/json;charset=UTF-8', 'X-Project': 'b32d81056e124620b809e92f49cdf3d4'}
[2023-05-24 14:35:24,251] logger_util.py->write_log line:61 [INFO] 文件上传：None
[2023-05-24 14:35:24,259] logger_util.py->write_log line:61 [INFO] 预期结果：[{'equals': {'status_code': 200}}, {'equals': {'sort': 2}}]
[2023-05-24 14:35:24,259] logger_util.py->write_log line:61 [INFO] 实际结果：[{'id': 'a9b66e92-6f83-44e3-ba02-ccbdb0f149c1', 'folderId': 'f620b182-7169-4563-98af-9d076c186163', 'name': '报警管理-实时表', 'sort': 1, 'createDateTime': '0001-01-01T00:00:00', 'operationTypes': [], 'functionTypes': [], 'extendedHeaders': [], 'cacheConfig_EnableCache': False, 'cacheConfig_QuantityLimit': 0, 'cacheConfig_TimeSpanLimit': 0, 'cacheConfig_TimeSpanLimitUnit': 0, 'cacheConfig_ClearCache': '', 'storageConfig_ScheduledClear': False, 'storageConfig_ClearTriggerTime': None, 'storageConfig_ClearFrequency': 0, 'storageConfig_ClearFrequencyUnit': 0, 'storageConfig_ClearRetain': 0, 'storageConfig_ClearRetainUnit': 0, 'storageConfig_ScheduledBackup': False, 'storageConfig_BackupTriggerTime': None, 'storageConfig_BackupFrequency': 0, 'storageConfig_BackupFrequencyUnit': 0, 'storageConfig_BackupPath': ''}, {'id': 'e342f0fa-977d-459a-97b2-f4fc4b36c7e4', 'folderId': 'f620b182-7169-4563-98af-9d076c186163', 'name': '报警管理-历史表', 'sort': 2, 'createDateTime': '0001-01-01T00:00:00', 'operationTypes': [], 'functionTypes': [2], 'extendedHeaders': [], 'cacheConfig_EnableCache': False, 'cacheConfig_QuantityLimit': 0, 'cacheConfig_TimeSpanLimit': 0, 'cacheConfig_TimeSpanLimitUnit': 0, 'cacheConfig_ClearCache': '', 'storageConfig_ScheduledClear': False, 'storageConfig_ClearTriggerTime': None, 'storageConfig_ClearFrequency': 0, 'storageConfig_ClearFrequencyUnit': 0, 'storageConfig_ClearRetain': 0, 'storageConfig_ClearRetainUnit': 0, 'storageConfig_ScheduledBackup': False, 'storageConfig_BackupTriggerTime': None, 'storageConfig_BackupFrequency': 0, 'storageConfig_BackupFrequencyUnit': 0, 'storageConfig_BackupPath': ''}, {'id': '5882c397-d83b-4bde-8b39-ce9a7950ce73', 'folderId': '00000000-0000-0000-0000-000000000000', 'name': '归档表', 'sort': 5, 'createDateTime': '2023-05-23T11:23:54.1306619', 'operationTypes': [1, 2, 3, 4], 'functionTypes': [1, 2, 3, 4], 'extendedHeaders': ['记录时间'], 'cacheConfig_EnableCache': True, 'cacheConfig_QuantityLimit': 1000, 'cacheConfig_TimeSpanLimit': 0, 'cacheConfig_TimeSpanLimitUnit': 1, 'cacheConfig_ClearCache': 'H1', 'storageConfig_ScheduledClear': True, 'storageConfig_ClearTriggerTime': '2023-05-24T10:22:59', 'storageConfig_ClearFrequency': 1, 'storageConfig_ClearFrequencyUnit': 3, 'storageConfig_ClearRetain': 1, 'storageConfig_ClearRetainUnit': 4, 'storageConfig_ScheduledBackup': True, 'storageConfig_BackupTriggerTime': '2023-05-24T10:32:47', 'storageConfig_BackupFrequency': 1, 'storageConfig_BackupFrequencyUnit': 3, 'storageConfig_BackupPath': 'E:\\'}, {'id': 'a29d2877-d385-47af-b6e8-5ecb427f202d', 'folderId': '00000000-0000-0000-0000-000000000000', 'name': '归档表95', 'sort': 4, 'createDateTime': '2023-05-24T14:30:10.6266883', 'operationTypes': [1, 2, 3, 4], 'functionTypes': [1, 2, 3, 4], 'extendedHeaders': ['记录时间'], 'cacheConfig_EnableCache': False, 'cacheConfig_QuantityLimit': 0, 'cacheConfig_TimeSpanLimit': 0, 'cacheConfig_TimeSpanLimitUnit': 0, 'cacheConfig_ClearCache': '', 'storageConfig_ScheduledClear': False, 'storageConfig_ClearTriggerTime': None, 'storageConfig_ClearFrequency': 0, 'storageConfig_ClearFrequencyUnit': 0, 'storageConfig_ClearRetain': 0, 'storageConfig_ClearRetainUnit': 0, 'storageConfig_ScheduledBackup': False, 'storageConfig_BackupTriggerTime': None, 'storageConfig_BackupFrequency': 0, 'storageConfig_BackupFrequencyUnit': 0, 'storageConfig_BackupPath': ''}, {'id': '8f09eac6-89bc-4606-8818-29ba0ea7b3d4', 'folderId': '00000000-0000-0000-0000-000000000000', 'name': '归档表41', 'sort': 3, 'createDateTime': '2023-05-24T14:31:16.2182237', 'operationTypes': [1, 2, 3, 4], 'functionTypes': [1, 2, 3, 4], 'extendedHeaders': ['记录时间'], 'cacheConfig_EnableCache': False, 'cacheConfig_QuantityLimit': 0, 'cacheConfig_TimeSpanLimit': 0, 'cacheConfig_TimeSpanLimitUnit': 0, 'cacheConfig_ClearCache': '', 'storageConfig_ScheduledClear': False, 'storageConfig_ClearTriggerTime': None, 'storageConfig_ClearFrequency': 0, 'storageConfig_ClearFrequencyUnit': 0, 'storageConfig_ClearRetain': 0, 'storageConfig_ClearRetainUnit': 0, 'storageConfig_ScheduledBackup': False, 'storageConfig_BackupTriggerTime': None, 'storageConfig_BackupFrequency': 0, 'storageConfig_BackupFrequencyUnit': 0, 'storageConfig_BackupPath': ''}, {'id': 'a8ffc58d-65a2-476a-9d3f-a7849c3c053b', 'folderId': '00000000-0000-0000-0000-000000000000', 'name': '归档表75', 'sort': 2, 'createDateTime': '2023-05-24T14:35:24.2952688', 'operationTypes': [1, 2, 3, 4], 'functionTypes': [1, 2, 3, 4], 'extendedHeaders': ['记录时间'], 'cacheConfig_EnableCache': False, 'cacheConfig_QuantityLimit': 0, 'cacheConfig_TimeSpanLimit': 0, 'cacheConfig_TimeSpanLimitUnit': 0, 'cacheConfig_ClearCache': '', 'storageConfig_ScheduledClear': False, 'storageConfig_ClearTriggerTime': None, 'storageConfig_ClearFrequency': 0, 'storageConfig_ClearFrequencyUnit': 0, 'storageConfig_ClearRetain': 0, 'storageConfig_ClearRetainUnit': 0, 'storageConfig_ScheduledBackup': False, 'storageConfig_BackupTriggerTime': None, 'storageConfig_BackupFrequency': 0, 'storageConfig_BackupFrequencyUnit': 0, 'storageConfig_BackupPath': ''}]
[2023-05-24 14:35:24,265] logger_util.py->write_log line:61 [INFO] 接口请求成功！
[2023-05-24 14:35:24,265] logger_util.py->write_log line:61 [INFO] -------------接口请求结束-----------

[2023-05-24 14:35:24,275] logger_util.py->write_log line:61 [INFO] -------------接口请求开始-----------
[2023-05-24 14:35:24,275] logger_util.py->write_log line:61 [INFO] 接口名称：重命名文件夹
[2023-05-24 14:35:24,275] logger_util.py->write_log line:61 [INFO] 接口方式：put
[2023-05-24 14:35:24,275] logger_util.py->write_log line:61 [INFO] 接口路径：http://192.168.4.12:18000/api/v1/dataconfig/folder/7c2632cc-d75e-4bc7-b488-7561df853e18/name
[2023-05-24 14:35:24,276] logger_util.py->write_log line:61 [INFO] 请求头：{'Content-Type': 'application/json;charset=UTF-8', 'X-Project': 'b32d81056e124620b809e92f49cdf3d4'}
[2023-05-24 14:35:24,276] logger_util.py->write_log line:61 [INFO] 请求参数：{'name': '重命名文件夹43'}
[2023-05-24 14:35:24,276] logger_util.py->write_log line:61 [INFO] 文件上传：None
[2023-05-24 14:35:24,283] logger_util.py->error_log line:65 [INFO] 断言失败:status_code不等于200
[2023-05-24 14:35:24,283] logger_util.py->write_log line:61 [INFO] 接口请求失败！
[2023-05-24 14:35:24,283] logger_util.py->write_log line:61 [INFO] -------------接口请求结束-----------

[2023-05-24 14:35:24,284] logger_util.py->error_log line:65 [INFO] 断言异常：异常信息: Traceback (most recent call last):
  File "E:\Project_python\2TestCMS2.0\common\requests_util.py", line 345, in validate_result
    error_log("断言失败:"+assert_key+"不等于"+str(assert_value))
  File "E:\Project_python\2TestCMS2.0\common\logger_util.py", line 66, in error_log
    raise Exception(log_message)
Exception: 断言失败:status_code不等于200

[2023-05-24 14:35:24,284] logger_util.py->error_log line:65 [INFO] 分析YAML文件异常：异常信息: Traceback (most recent call last):
  File "E:\Project_python\2TestCMS2.0\common\requests_util.py", line 345, in validate_result
    error_log("断言失败:"+assert_key+"不等于"+str(assert_value))
  File "E:\Project_python\2TestCMS2.0\common\logger_util.py", line 66, in error_log
    raise Exception(log_message)
Exception: 断言失败:status_code不等于200

During handling of the above exception, another exception occurred:

Traceback (most recent call last):
  File "E:\Project_python\2TestCMS2.0\common\requests_util.py", line 245, in analysis_yaml
    self.validate_result(yq_result, return_text, status_code)
  File "E:\Project_python\2TestCMS2.0\common\requests_util.py", line 395, in validate_result
    error_log("断言异常：异常信息: %s" % str(traceback.format_exc()))
  File "E:\Project_python\2TestCMS2.0\common\logger_util.py", line 66, in error_log
    raise Exception(log_message)
Exception: 断言异常：异常信息: Traceback (most recent call last):
  File "E:\Project_python\2TestCMS2.0\common\requests_util.py", line 345, in validate_result
    error_log("断言失败:"+assert_key+"不等于"+str(assert_value))
  File "E:\Project_python\2TestCMS2.0\common\logger_util.py", line 66, in error_log
    raise Exception(log_message)
Exception: 断言失败:status_code不等于200


