[2023-08-10 14:53:00,973] logger_util.py->write_log line:61 [INFO] -------------接口请求开始-----------
[2023-08-10 14:53:00,973] logger_util.py->write_log line:61 [INFO] 接口名称：获取鉴权码
[2023-08-10 14:53:00,974] logger_util.py->write_log line:61 [INFO] 接口方式：post
[2023-08-10 14:53:00,974] logger_util.py->write_log line:61 [INFO] 接口路径：http://127.0.0.1:18000/api/v1/auth/requesttoken
[2023-08-10 14:53:00,974] logger_util.py->write_log line:61 [INFO] 请求头：{}
[2023-08-10 14:53:00,974] logger_util.py->write_log line:61 [INFO] 请求参数：
[2023-08-10 14:53:00,974] logger_util.py->write_log line:61 [INFO] 文件上传：None
[2023-08-10 14:53:00,979] logger_util.py->write_log line:61 [INFO] 预期结果：[{'equals': {'status_code': 200}}]
[2023-08-10 14:53:00,980] logger_util.py->write_log line:61 [INFO] 实际结果：eyJhbGciOiJIUzI1NiIsInR5cCI6IkpXVCJ9.eyJodHRwOi8vc2NoZW1hcy54bWxzb2FwLm9yZy93cy8yMDA1LzA1L2lkZW50aXR5L2NsYWltcy9uYW1lIjoiU3VwZXJBZG1pbiIsImh0dHA6Ly9zY2hlbWFzLnhtbHNvYXAub3JnL3dzLzIwMDUvMDUvaWRlbnRpdHkvY2xhaW1zL25hbWVpZGVudGlmaWVyIjoiU3VwZXJBZG1pbiIsImV4cCI6MTY5MjI1NTE4MCwiaXNzIjoiQ01TdjIiLCJhdWQiOiJBcGkifQ.807fG4jeEOfU0tyz8cYYKhOSJV8SqqxrhnoqQ2Ektok
[2023-08-10 14:53:00,980] logger_util.py->write_log line:61 [INFO] 接口请求成功！
[2023-08-10 14:53:00,980] logger_util.py->write_log line:61 [INFO] -------------接口请求结束-----------

[2023-08-10 14:53:00,985] logger_util.py->write_log line:61 [INFO] -------------接口请求开始-----------
[2023-08-10 14:53:00,986] logger_util.py->write_log line:61 [INFO] 接口名称：创建工程
[2023-08-10 14:53:00,986] logger_util.py->write_log line:61 [INFO] 接口方式：post
[2023-08-10 14:53:00,986] logger_util.py->write_log line:61 [INFO] 接口路径：http://127.0.0.1:18000/api/v1/project/node
[2023-08-10 14:53:00,986] logger_util.py->write_log line:61 [INFO] 请求头：{}
[2023-08-10 14:53:00,986] logger_util.py->write_log line:61 [INFO] 请求参数：{'name': '工程834', 'path': 'C:\\Users\\Administrator\\Downloads', 'type': 1}
[2023-08-10 14:53:00,986] logger_util.py->write_log line:61 [INFO] 文件上传：None
[2023-08-10 14:53:01,427] logger_util.py->write_log line:61 [INFO] 预期结果：[{'equals': {'status_code': 200}}]
[2023-08-10 14:53:01,427] logger_util.py->write_log line:61 [INFO] 实际结果：57
[2023-08-10 14:53:01,428] logger_util.py->write_log line:61 [INFO] 接口请求成功！
[2023-08-10 14:53:01,428] logger_util.py->write_log line:61 [INFO] -------------接口请求结束-----------

[2023-08-10 14:53:01,448] logger_util.py->write_log line:61 [INFO] -------------接口请求开始-----------
[2023-08-10 14:53:01,448] logger_util.py->write_log line:61 [INFO] 接口名称：工程信息
[2023-08-10 14:53:01,449] logger_util.py->write_log line:61 [INFO] 接口方式：get
[2023-08-10 14:53:01,449] logger_util.py->write_log line:61 [INFO] 接口路径：http://127.0.0.1:18000/api/v1/project/57/info
[2023-08-10 14:53:01,449] logger_util.py->write_log line:61 [INFO] 请求头：{}
[2023-08-10 14:53:01,449] logger_util.py->write_log line:61 [INFO] 文件上传：None
[2023-08-10 14:53:04,327] logger_util.py->write_log line:61 [INFO] 预期结果：[{'equals': {'status_code': 200}}, {'contains': 'id'}]
[2023-08-10 14:53:04,327] logger_util.py->write_log line:61 [INFO] 实际结果：{'id': 57, 'name': '工程834', 'identifier': '4f33c1c4e2b14b37b4ea13b07a8b8e75', 'path': 'C:\\Users\\Administrator\\Downloads\\工程834.cmsproj', 'createTime': '2023-08-10T14:53:01.4028944', 'updateTime': '2023-08-10T14:53:01.402895'}
[2023-08-10 14:53:04,327] logger_util.py->write_log line:61 [INFO] 接口请求成功！
[2023-08-10 14:53:04,327] logger_util.py->write_log line:61 [INFO] -------------接口请求结束-----------

[2023-08-10 14:53:04,338] logger_util.py->write_log line:61 [INFO] -------------接口请求开始-----------
[2023-08-10 14:53:04,338] logger_util.py->write_log line:61 [INFO] 接口名称：上传jpg图片
[2023-08-10 14:53:04,338] logger_util.py->write_log line:61 [INFO] 接口方式：post
[2023-08-10 14:53:04,338] logger_util.py->write_log line:61 [INFO] 接口路径：http://127.0.0.1:18000/api/v1/view/image/gallery?group=%E6%88%91%E7%9A%84\Default
[2023-08-10 14:53:04,338] logger_util.py->write_log line:61 [INFO] 请求头：{'X-Project': '4f33c1c4e2b14b37b4ea13b07a8b8e75'}
[2023-08-10 14:53:04,338] logger_util.py->write_log line:61 [INFO] 文件上传：None
[2023-08-10 14:53:04,478] logger_util.py->write_log line:61 [INFO] 预期结果：[{'equals': {'status_code': 200}}]
[2023-08-10 14:53:04,479] logger_util.py->write_log line:61 [INFO] 实际结果：[{'groupKey': '我的\\Default', 'groupName': 'Default', 'imageKey': '11 (5).png', 'imageName': '11 (5).png'}]
[2023-08-10 14:53:04,479] logger_util.py->write_log line:61 [INFO] 接口请求成功！
[2023-08-10 14:53:04,479] logger_util.py->write_log line:61 [INFO] -------------接口请求结束-----------

[2023-08-10 14:53:04,487] logger_util.py->write_log line:61 [INFO] -------------接口请求开始-----------
[2023-08-10 14:53:04,487] logger_util.py->write_log line:61 [INFO] 接口名称：有符号8位整型_变量下发
[2023-08-10 14:53:04,487] logger_util.py->write_log line:61 [INFO] 接口方式：post
[2023-08-10 14:53:04,487] logger_util.py->write_log line:61 [INFO] 接口路径：http://127.0.0.1:18000/api/v1/variable/setvalues
[2023-08-10 14:53:04,488] logger_util.py->write_log line:61 [INFO] 请求头：{'X-Project': 'e786e771376446668698f5250ecb11ed', 'Authorization': 'Bearer eyJhbGciOiJIUzI1NiIsInR5cCI6IkpXVCJ9.eyJodHRwOi8vc2NoZW1hcy54bWxzb2FwLm9yZy93cy8yMDA1LzA1L2lkZW50aXR5L2NsYWltcy9uYW1lIjoiU3VwZXJBZG1pbiIsImh0dHA6Ly9zY2hlbWFzLnhtbHNvYXAub3JnL3dzLzIwMDUvMDUvaWRlbnRpdHkvY2xhaW1zL25hbWVpZGVudGlmaWVyIjoiU3VwZXJBZG1pbiIsImV4cCI6MTY5MjI1NTE4MCwiaXNzIjoiQ01TdjIiLCJhdWQiOiJBcGkifQ.807fG4jeEOfU0tyz8cYYKhOSJV8SqqxrhnoqQ2Ektok'}
[2023-08-10 14:53:04,488] logger_util.py->write_log line:61 [INFO] 请求参数：{'A1': '-11'}
[2023-08-10 14:53:04,488] logger_util.py->write_log line:61 [INFO] 文件上传：None
[2023-08-10 14:53:04,491] logger_util.py->write_log line:61 [INFO] 预期结果：[{'equals': {'status_code': 200}}]
[2023-08-10 14:53:04,491] logger_util.py->write_log line:61 [INFO] 实际结果：{'allSuccess': False, 'items': {'A1': {'value': None, 'quality': 1, 'errorMsg': '写值失败'}}}
[2023-08-10 14:53:04,491] logger_util.py->write_log line:61 [INFO] 接口请求成功！
[2023-08-10 14:53:04,491] logger_util.py->write_log line:61 [INFO] -------------接口请求结束-----------

[2023-08-10 14:53:04,498] logger_util.py->write_log line:61 [INFO] -------------接口请求开始-----------
[2023-08-10 14:53:04,499] logger_util.py->write_log line:61 [INFO] 接口名称：无符号8位整型_变量下发
[2023-08-10 14:53:04,499] logger_util.py->write_log line:61 [INFO] 接口方式：post
[2023-08-10 14:53:04,499] logger_util.py->write_log line:61 [INFO] 接口路径：http://127.0.0.1:18000/api/v1/variable/setvalues
[2023-08-10 14:53:04,499] logger_util.py->write_log line:61 [INFO] 请求头：{'X-Project': 'e786e771376446668698f5250ecb11ed', 'Authorization': 'Bearer eyJhbGciOiJIUzI1NiIsInR5cCI6IkpXVCJ9.eyJodHRwOi8vc2NoZW1hcy54bWxzb2FwLm9yZy93cy8yMDA1LzA1L2lkZW50aXR5L2NsYWltcy9uYW1lIjoiU3VwZXJBZG1pbiIsImh0dHA6Ly9zY2hlbWFzLnhtbHNvYXAub3JnL3dzLzIwMDUvMDUvaWRlbnRpdHkvY2xhaW1zL25hbWVpZGVudGlmaWVyIjoiU3VwZXJBZG1pbiIsImV4cCI6MTY5MjI1NTE4MCwiaXNzIjoiQ01TdjIiLCJhdWQiOiJBcGkifQ.807fG4jeEOfU0tyz8cYYKhOSJV8SqqxrhnoqQ2Ektok'}
[2023-08-10 14:53:04,499] logger_util.py->write_log line:61 [INFO] 请求参数：{'A2': '22'}
[2023-08-10 14:53:04,499] logger_util.py->write_log line:61 [INFO] 文件上传：None
[2023-08-10 14:53:04,501] logger_util.py->write_log line:61 [INFO] 预期结果：[{'equals': {'status_code': 200}}]
[2023-08-10 14:53:04,501] logger_util.py->write_log line:61 [INFO] 实际结果：{'allSuccess': False, 'items': {'A2': {'value': None, 'quality': 1, 'errorMsg': '写值失败'}}}
[2023-08-10 14:53:04,501] logger_util.py->write_log line:61 [INFO] 接口请求成功！
[2023-08-10 14:53:04,502] logger_util.py->write_log line:61 [INFO] -------------接口请求结束-----------

[2023-08-10 14:53:04,508] logger_util.py->write_log line:61 [INFO] -------------接口请求开始-----------
[2023-08-10 14:53:04,509] logger_util.py->write_log line:61 [INFO] 接口名称：有符号16位整型_变量下发
[2023-08-10 14:53:04,509] logger_util.py->write_log line:61 [INFO] 接口方式：post
[2023-08-10 14:53:04,509] logger_util.py->write_log line:61 [INFO] 接口路径：http://127.0.0.1:18000/api/v1/variable/setvalues
[2023-08-10 14:53:04,509] logger_util.py->write_log line:61 [INFO] 请求头：{'X-Project': 'e786e771376446668698f5250ecb11ed', 'Authorization': 'Bearer eyJhbGciOiJIUzI1NiIsInR5cCI6IkpXVCJ9.eyJodHRwOi8vc2NoZW1hcy54bWxzb2FwLm9yZy93cy8yMDA1LzA1L2lkZW50aXR5L2NsYWltcy9uYW1lIjoiU3VwZXJBZG1pbiIsImh0dHA6Ly9zY2hlbWFzLnhtbHNvYXAub3JnL3dzLzIwMDUvMDUvaWRlbnRpdHkvY2xhaW1zL25hbWVpZGVudGlmaWVyIjoiU3VwZXJBZG1pbiIsImV4cCI6MTY5MjI1NTE4MCwiaXNzIjoiQ01TdjIiLCJhdWQiOiJBcGkifQ.807fG4jeEOfU0tyz8cYYKhOSJV8SqqxrhnoqQ2Ektok'}
[2023-08-10 14:53:04,509] logger_util.py->write_log line:61 [INFO] 请求参数：{'A3': '33'}
[2023-08-10 14:53:04,509] logger_util.py->write_log line:61 [INFO] 文件上传：None
[2023-08-10 14:53:04,511] logger_util.py->write_log line:61 [INFO] 预期结果：[{'equals': {'status_code': 200}}]
[2023-08-10 14:53:04,511] logger_util.py->write_log line:61 [INFO] 实际结果：{'allSuccess': False, 'items': {'A3': {'value': None, 'quality': 1, 'errorMsg': '写值失败'}}}
[2023-08-10 14:53:04,511] logger_util.py->write_log line:61 [INFO] 接口请求成功！
[2023-08-10 14:53:04,511] logger_util.py->write_log line:61 [INFO] -------------接口请求结束-----------

[2023-08-10 14:53:04,534] logger_util.py->write_log line:61 [INFO] -------------接口请求开始-----------
[2023-08-10 14:53:04,534] logger_util.py->write_log line:61 [INFO] 接口名称：无符号16位整型_变量下发
[2023-08-10 14:53:04,534] logger_util.py->write_log line:61 [INFO] 接口方式：post
[2023-08-10 14:53:04,535] logger_util.py->write_log line:61 [INFO] 接口路径：http://127.0.0.1:18000/api/v1/variable/setvalues
[2023-08-10 14:53:04,535] logger_util.py->write_log line:61 [INFO] 请求头：{'X-Project': 'e786e771376446668698f5250ecb11ed', 'Authorization': 'Bearer eyJhbGciOiJIUzI1NiIsInR5cCI6IkpXVCJ9.eyJodHRwOi8vc2NoZW1hcy54bWxzb2FwLm9yZy93cy8yMDA1LzA1L2lkZW50aXR5L2NsYWltcy9uYW1lIjoiU3VwZXJBZG1pbiIsImh0dHA6Ly9zY2hlbWFzLnhtbHNvYXAub3JnL3dzLzIwMDUvMDUvaWRlbnRpdHkvY2xhaW1zL25hbWVpZGVudGlmaWVyIjoiU3VwZXJBZG1pbiIsImV4cCI6MTY5MjI1NTE4MCwiaXNzIjoiQ01TdjIiLCJhdWQiOiJBcGkifQ.807fG4jeEOfU0tyz8cYYKhOSJV8SqqxrhnoqQ2Ektok'}
[2023-08-10 14:53:04,535] logger_util.py->write_log line:61 [INFO] 请求参数：{'A4': '44'}
[2023-08-10 14:53:04,535] logger_util.py->write_log line:61 [INFO] 文件上传：None
[2023-08-10 14:53:04,554] logger_util.py->write_log line:61 [INFO] 预期结果：[{'equals': {'status_code': 200}}]
[2023-08-10 14:53:04,554] logger_util.py->write_log line:61 [INFO] 实际结果：{'allSuccess': False, 'items': {'A4': {'value': None, 'quality': 1, 'errorMsg': '写值失败'}}}
[2023-08-10 14:53:04,554] logger_util.py->write_log line:61 [INFO] 接口请求成功！
[2023-08-10 14:53:04,554] logger_util.py->write_log line:61 [INFO] -------------接口请求结束-----------

[2023-08-10 14:53:04,561] logger_util.py->write_log line:61 [INFO] -------------接口请求开始-----------
[2023-08-10 14:53:04,561] logger_util.py->write_log line:61 [INFO] 接口名称：32位浮点数_变量下发
[2023-08-10 14:53:04,562] logger_util.py->write_log line:61 [INFO] 接口方式：post
[2023-08-10 14:53:04,562] logger_util.py->write_log line:61 [INFO] 接口路径：http://127.0.0.1:18000/api/v1/variable/setvalues
[2023-08-10 14:53:04,562] logger_util.py->write_log line:61 [INFO] 请求头：{'X-Project': 'e786e771376446668698f5250ecb11ed', 'Authorization': 'Bearer eyJhbGciOiJIUzI1NiIsInR5cCI6IkpXVCJ9.eyJodHRwOi8vc2NoZW1hcy54bWxzb2FwLm9yZy93cy8yMDA1LzA1L2lkZW50aXR5L2NsYWltcy9uYW1lIjoiU3VwZXJBZG1pbiIsImh0dHA6Ly9zY2hlbWFzLnhtbHNvYXAub3JnL3dzLzIwMDUvMDUvaWRlbnRpdHkvY2xhaW1zL25hbWVpZGVudGlmaWVyIjoiU3VwZXJBZG1pbiIsImV4cCI6MTY5MjI1NTE4MCwiaXNzIjoiQ01TdjIiLCJhdWQiOiJBcGkifQ.807fG4jeEOfU0tyz8cYYKhOSJV8SqqxrhnoqQ2Ektok'}
[2023-08-10 14:53:04,562] logger_util.py->write_log line:61 [INFO] 请求参数：{'A5': '55.456'}
[2023-08-10 14:53:04,562] logger_util.py->write_log line:61 [INFO] 文件上传：None
[2023-08-10 14:53:04,567] logger_util.py->write_log line:61 [INFO] 预期结果：[{'equals': {'status_code': 200}}]
[2023-08-10 14:53:04,567] logger_util.py->write_log line:61 [INFO] 实际结果：{'allSuccess': False, 'items': {'A5': {'value': None, 'quality': 1, 'errorMsg': '写值失败'}}}
[2023-08-10 14:53:04,567] logger_util.py->write_log line:61 [INFO] 接口请求成功！
[2023-08-10 14:53:04,567] logger_util.py->write_log line:61 [INFO] -------------接口请求结束-----------

[2023-08-10 14:53:04,574] logger_util.py->write_log line:61 [INFO] -------------接口请求开始-----------
[2023-08-10 14:53:04,575] logger_util.py->write_log line:61 [INFO] 接口名称：二进制_变量下发
[2023-08-10 14:53:04,575] logger_util.py->write_log line:61 [INFO] 接口方式：post
[2023-08-10 14:53:04,575] logger_util.py->write_log line:61 [INFO] 接口路径：http://127.0.0.1:18000/api/v1/variable/setvalues
[2023-08-10 14:53:04,575] logger_util.py->write_log line:61 [INFO] 请求头：{'X-Project': 'e786e771376446668698f5250ecb11ed', 'Authorization': 'Bearer eyJhbGciOiJIUzI1NiIsInR5cCI6IkpXVCJ9.eyJodHRwOi8vc2NoZW1hcy54bWxzb2FwLm9yZy93cy8yMDA1LzA1L2lkZW50aXR5L2NsYWltcy9uYW1lIjoiU3VwZXJBZG1pbiIsImh0dHA6Ly9zY2hlbWFzLnhtbHNvYXAub3JnL3dzLzIwMDUvMDUvaWRlbnRpdHkvY2xhaW1zL25hbWVpZGVudGlmaWVyIjoiU3VwZXJBZG1pbiIsImV4cCI6MTY5MjI1NTE4MCwiaXNzIjoiQ01TdjIiLCJhdWQiOiJBcGkifQ.807fG4jeEOfU0tyz8cYYKhOSJV8SqqxrhnoqQ2Ektok'}
[2023-08-10 14:53:04,575] logger_util.py->write_log line:61 [INFO] 请求参数：{'A6': '1'}
[2023-08-10 14:53:04,575] logger_util.py->write_log line:61 [INFO] 文件上传：None
[2023-08-10 14:53:04,583] logger_util.py->write_log line:61 [INFO] 预期结果：[{'equals': {'status_code': 200}}]
[2023-08-10 14:53:04,583] logger_util.py->write_log line:61 [INFO] 实际结果：{'allSuccess': False, 'items': {'A6': {'value': None, 'quality': 1, 'errorMsg': '写值失败'}}}
[2023-08-10 14:53:04,584] logger_util.py->write_log line:61 [INFO] 接口请求成功！
[2023-08-10 14:53:04,584] logger_util.py->write_log line:61 [INFO] -------------接口请求结束-----------

[2023-08-10 14:53:04,600] logger_util.py->write_log line:61 [INFO] -------------接口请求开始-----------
[2023-08-10 14:53:04,600] logger_util.py->write_log line:61 [INFO] 接口名称：字符串_变量下发
[2023-08-10 14:53:04,601] logger_util.py->write_log line:61 [INFO] 接口方式：post
[2023-08-10 14:53:04,601] logger_util.py->write_log line:61 [INFO] 接口路径：http://127.0.0.1:18000/api/v1/variable/setvalues
[2023-08-10 14:53:04,601] logger_util.py->write_log line:61 [INFO] 请求头：{'X-Project': 'e786e771376446668698f5250ecb11ed', 'Authorization': 'Bearer eyJhbGciOiJIUzI1NiIsInR5cCI6IkpXVCJ9.eyJodHRwOi8vc2NoZW1hcy54bWxzb2FwLm9yZy93cy8yMDA1LzA1L2lkZW50aXR5L2NsYWltcy9uYW1lIjoiU3VwZXJBZG1pbiIsImh0dHA6Ly9zY2hlbWFzLnhtbHNvYXAub3JnL3dzLzIwMDUvMDUvaWRlbnRpdHkvY2xhaW1zL25hbWVpZGVudGlmaWVyIjoiU3VwZXJBZG1pbiIsImV4cCI6MTY5MjI1NTE4MCwiaXNzIjoiQ01TdjIiLCJhdWQiOiJBcGkifQ.807fG4jeEOfU0tyz8cYYKhOSJV8SqqxrhnoqQ2Ektok'}
[2023-08-10 14:53:04,601] logger_util.py->write_log line:61 [INFO] 请求参数：{'A7': '文本1'}
[2023-08-10 14:53:04,601] logger_util.py->write_log line:61 [INFO] 文件上传：None
[2023-08-10 14:53:04,603] logger_util.py->write_log line:61 [INFO] 预期结果：[{'equals': {'status_code': 200}}]
[2023-08-10 14:53:04,603] logger_util.py->write_log line:61 [INFO] 实际结果：{'allSuccess': False, 'items': {'A7': {'value': None, 'quality': 1, 'errorMsg': '写值失败'}}}
[2023-08-10 14:53:04,603] logger_util.py->write_log line:61 [INFO] 接口请求成功！
[2023-08-10 14:53:04,604] logger_util.py->write_log line:61 [INFO] -------------接口请求结束-----------

