[2023-11-28 11:21:08,412] logger_util.py->write_log line:61 [INFO] 
-------------接口请求开始-----------
[2023-11-28 11:21:08,412] logger_util.py->write_log line:61 [INFO] 接口名称：测试连接互联项
[2023-11-28 11:21:08,412] logger_util.py->write_log line:61 [INFO] 接口方式：post
[2023-11-28 11:21:08,412] logger_util.py->write_log line:61 [INFO] 接口路径：http://127.0.0.1:18000/api/v1/connection/test
[2023-11-28 11:21:08,412] logger_util.py->write_log line:61 [INFO] 请求头：{'X-Project': 'd800d1a6d0be4623aaa824c28dc71981'}
[2023-11-28 11:21:08,412] logger_util.py->write_log line:61 [INFO] 请求参数：{'id': None, 'name': 'mysql7052', 'connectionType': 1, 'databaseType': 1, 'authenticationType': None, 'server': '127.0.0.1', 'port': '3306', 'database': 'TestDB', 'databasePath': '', 'userName': 'root', 'password': 'syc123', 'changedPassword': True, 'mqttType': None, 'pushType': None, 'timingPeriod': None, 'changingPeriod': None, 'cloudDeviceId': '', 'originalSecret': ''}
[2023-11-28 11:21:08,413] logger_util.py->write_log line:61 [INFO] 文件上传：None
[2023-11-28 11:21:08,417] logger_util.py->write_log line:61 [INFO] 预期结果：[{'equals': {'status_code': 200}}]
[2023-11-28 11:21:08,417] logger_util.py->write_log line:61 [INFO] 实际结果：测试连接成功
[2023-11-28 11:21:08,417] logger_util.py->write_log line:61 [INFO] 接口请求成功！
[2023-11-28 11:21:08,417] logger_util.py->write_log line:61 [INFO] 
-------------接口请求结束-----------

[2023-11-28 11:21:08,433] logger_util.py->write_log line:61 [INFO] 
-------------接口请求开始-----------
[2023-11-28 11:21:08,433] logger_util.py->write_log line:61 [INFO] 接口名称：测试连接互联项
[2023-11-28 11:21:08,433] logger_util.py->write_log line:61 [INFO] 接口方式：post
[2023-11-28 11:21:08,434] logger_util.py->write_log line:61 [INFO] 接口路径：http://127.0.0.1:18000/api/v1/connection
[2023-11-28 11:21:08,434] logger_util.py->write_log line:61 [INFO] 请求头：{'X-Project': 'd800d1a6d0be4623aaa824c28dc71981'}
[2023-11-28 11:21:08,434] logger_util.py->write_log line:61 [INFO] 请求参数：{'id': None, 'name': 'mysql6960', 'connectionType': 1, 'databaseType': 1, 'authenticationType': None, 'server': '127.0.0.1', 'port': '3306', 'database': 'TestDB', 'databasePath': '', 'userName': 'root', 'password': 'syc123', 'changedPassword': True, 'mqttType': None, 'pushType': None, 'timingPeriod': None, 'changingPeriod': None, 'cloudDeviceId': '', 'originalSecret': ''}
[2023-11-28 11:21:08,434] logger_util.py->write_log line:61 [INFO] 文件上传：None
[2023-11-28 11:21:08,457] logger_util.py->write_log line:61 [INFO] 预期结果：[{'equals': {'status_code': 200}}]
[2023-11-28 11:21:08,457] logger_util.py->write_log line:61 [INFO] 实际结果：{'data': {'id': 46, 'name': 'mysql6960', 'connectionType': 1, 'databaseType': 1, 'authenticationType': 0, 'server': '127.0.0.1', 'port': 3306, 'database': 'TestDB', 'databasePath': '', 'userName': 'root'}, 'message': ''}
[2023-11-28 11:21:08,457] logger_util.py->write_log line:61 [INFO] 接口请求成功！
[2023-11-28 11:21:08,457] logger_util.py->write_log line:61 [INFO] 
-------------接口请求结束-----------

[2023-11-28 11:21:08,466] logger_util.py->write_log line:61 [INFO] 
-------------接口请求开始-----------
[2023-11-28 11:21:08,466] logger_util.py->write_log line:61 [INFO] 接口名称：关闭互联项
[2023-11-28 11:21:08,467] logger_util.py->write_log line:61 [INFO] 接口方式：put
[2023-11-28 11:21:08,467] logger_util.py->write_log line:61 [INFO] 接口路径：http://127.0.0.1:18000/api/v1/connection/switch/1/46/off
[2023-11-28 11:21:08,467] logger_util.py->write_log line:61 [INFO] 请求头：{'X-Project': 'd800d1a6d0be4623aaa824c28dc71981'}
[2023-11-28 11:21:08,467] logger_util.py->write_log line:61 [INFO] 文件上传：None
[2023-11-28 11:21:08,481] logger_util.py->write_log line:61 [INFO] 预期结果：[{'equals': {'status_code': 200}}]
[2023-11-28 11:21:08,481] logger_util.py->write_log line:61 [INFO] 实际结果：[{'nodeGuid': '66af95b9-02de-4f78-91fc-3059ac68c883', 'id': 46, 'type': 1, 'name': 'mysql6960', 'status': 0, 'errorMsg': None, 'children': []}]
[2023-11-28 11:21:08,481] logger_util.py->write_log line:61 [INFO] 接口请求成功！
[2023-11-28 11:21:08,481] logger_util.py->write_log line:61 [INFO] 
-------------接口请求结束-----------

[2023-11-28 11:21:08,486] logger_util.py->write_log line:61 [INFO] 
-------------接口请求开始-----------
[2023-11-28 11:21:08,487] logger_util.py->write_log line:61 [INFO] 接口名称：开启互联项
[2023-11-28 11:21:08,487] logger_util.py->write_log line:61 [INFO] 接口方式：put
[2023-11-28 11:21:08,487] logger_util.py->write_log line:61 [INFO] 接口路径：http://127.0.0.1:18000/api/v1/connection/switch/1/46/on
[2023-11-28 11:21:08,487] logger_util.py->write_log line:61 [INFO] 请求头：{'X-Project': 'd800d1a6d0be4623aaa824c28dc71981'}
[2023-11-28 11:21:08,487] logger_util.py->write_log line:61 [INFO] 文件上传：None
[2023-11-28 11:21:08,501] logger_util.py->write_log line:61 [INFO] 预期结果：[{'equals': {'status_code': 200}}]
[2023-11-28 11:21:08,501] logger_util.py->write_log line:61 [INFO] 实际结果：[{'nodeGuid': '223a82ea-4120-4581-be31-bf86f3b28a33', 'id': 46, 'type': 1, 'name': 'mysql6960', 'status': 0, 'errorMsg': None, 'children': []}]
[2023-11-28 11:21:08,502] logger_util.py->write_log line:61 [INFO] 接口请求成功！
[2023-11-28 11:21:08,502] logger_util.py->write_log line:61 [INFO] 
-------------接口请求结束-----------

[2023-11-28 11:21:08,508] logger_util.py->write_log line:61 [INFO] 
-------------接口请求开始-----------
[2023-11-28 11:21:08,508] logger_util.py->write_log line:61 [INFO] 接口名称：重命名互联项
[2023-11-28 11:21:08,508] logger_util.py->write_log line:61 [INFO] 接口方式：put
[2023-11-28 11:21:08,508] logger_util.py->write_log line:61 [INFO] 接口路径：http://127.0.0.1:18000/api/v1/connection/rename/1/46/重命名_mysql430
[2023-11-28 11:21:08,508] logger_util.py->write_log line:61 [INFO] 请求头：{'X-Project': 'd800d1a6d0be4623aaa824c28dc71981'}
[2023-11-28 11:21:08,508] logger_util.py->write_log line:61 [INFO] 文件上传：None
[2023-11-28 11:21:08,528] logger_util.py->write_log line:61 [INFO] 预期结果：[{'equals': {'status_code': 200}}]
[2023-11-28 11:21:08,529] logger_util.py->write_log line:61 [INFO] 实际结果：
[2023-11-28 11:21:08,529] logger_util.py->write_log line:61 [INFO] 接口请求成功！
[2023-11-28 11:21:08,529] logger_util.py->write_log line:61 [INFO] 
-------------接口请求结束-----------

[2023-11-28 11:21:08,545] logger_util.py->write_log line:61 [INFO] 
-------------接口请求开始-----------
[2023-11-28 11:21:08,545] logger_util.py->write_log line:61 [INFO] 接口名称：修改互联配置
[2023-11-28 11:21:08,545] logger_util.py->write_log line:61 [INFO] 接口方式：put
[2023-11-28 11:21:08,545] logger_util.py->write_log line:61 [INFO] 接口路径：http://127.0.0.1:18000/api/v1/connection/46/config
[2023-11-28 11:21:08,545] logger_util.py->write_log line:61 [INFO] 请求头：{'X-Project': 'd800d1a6d0be4623aaa824c28dc71981'}
[2023-11-28 11:21:08,545] logger_util.py->write_log line:61 [INFO] 请求参数：{'id': 46, 'name': '改配_mysql496', 'connectionType': 1, 'databaseType': 1, 'authenticationType': 0, 'server': '127.0.0.1', 'port': '3306', 'database': 'TestDB', 'databasePath': '', 'userName': 'root', 'password': 'syc123'}
[2023-11-28 11:21:08,545] logger_util.py->write_log line:61 [INFO] 文件上传：None
[2023-11-28 11:21:08,568] logger_util.py->write_log line:61 [INFO] 预期结果：[{'equals': {'status_code': 200}}]
[2023-11-28 11:21:08,568] logger_util.py->write_log line:61 [INFO] 实际结果：{'data': {'id': 46, 'name': '改配_mysql496', 'connectionType': 1, 'databaseType': 1, 'authenticationType': 0, 'server': '127.0.0.1', 'port': 3306, 'database': 'TestDB', 'databasePath': '', 'userName': 'root'}, 'message': ''}
[2023-11-28 11:21:08,568] logger_util.py->write_log line:61 [INFO] 接口请求成功！
[2023-11-28 11:21:08,568] logger_util.py->write_log line:61 [INFO] 
-------------接口请求结束-----------

[2023-11-28 11:21:08,574] logger_util.py->write_log line:61 [INFO] 
-------------接口请求开始-----------
[2023-11-28 11:21:08,574] logger_util.py->write_log line:61 [INFO] 接口名称：删除互联项
[2023-11-28 11:21:08,574] logger_util.py->write_log line:61 [INFO] 接口方式：delete
[2023-11-28 11:21:08,574] logger_util.py->write_log line:61 [INFO] 接口路径：http://127.0.0.1:18000/api/v1/connection/1/46
[2023-11-28 11:21:08,574] logger_util.py->write_log line:61 [INFO] 请求头：{'X-Project': 'd800d1a6d0be4623aaa824c28dc71981'}
[2023-11-28 11:21:08,575] logger_util.py->write_log line:61 [INFO] 文件上传：None
[2023-11-28 11:21:08,603] logger_util.py->write_log line:61 [INFO] 预期结果：[{'equals': {'status_code': 200}}]
[2023-11-28 11:21:08,603] logger_util.py->write_log line:61 [INFO] 实际结果：
[2023-11-28 11:21:08,603] logger_util.py->write_log line:61 [INFO] 接口请求成功！
[2023-11-28 11:21:08,604] logger_util.py->write_log line:61 [INFO] 
-------------接口请求结束-----------

[2023-11-28 11:21:08,619] logger_util.py->write_log line:61 [INFO] 
-------------接口请求开始-----------
[2023-11-28 11:21:08,619] logger_util.py->write_log line:61 [INFO] 接口名称：测试连接互联项
[2023-11-28 11:21:08,619] logger_util.py->write_log line:61 [INFO] 接口方式：post
[2023-11-28 11:21:08,619] logger_util.py->write_log line:61 [INFO] 接口路径：http://127.0.0.1:18000/api/v1/connection
[2023-11-28 11:21:08,620] logger_util.py->write_log line:61 [INFO] 请求头：{'X-Project': 'd800d1a6d0be4623aaa824c28dc71981'}
[2023-11-28 11:21:08,620] logger_util.py->write_log line:61 [INFO] 请求参数：{'id': None, 'name': 'mysql3896', 'connectionType': 1, 'databaseType': 1, 'authenticationType': None, 'server': '127.0.0.1', 'port': '3306', 'database': 'TestDB', 'databasePath': '', 'userName': 'root', 'password': 'syc123', 'changedPassword': True, 'mqttType': None, 'pushType': None, 'timingPeriod': None, 'changingPeriod': None, 'cloudDeviceId': '', 'originalSecret': ''}
[2023-11-28 11:21:08,620] logger_util.py->write_log line:61 [INFO] 文件上传：None
[2023-11-28 11:21:08,643] logger_util.py->write_log line:61 [INFO] 预期结果：[{'equals': {'status_code': 200}}]
[2023-11-28 11:21:08,643] logger_util.py->write_log line:61 [INFO] 实际结果：{'data': {'id': 47, 'name': 'mysql3896', 'connectionType': 1, 'databaseType': 1, 'authenticationType': 0, 'server': '127.0.0.1', 'port': 3306, 'database': 'TestDB', 'databasePath': '', 'userName': 'root'}, 'message': ''}
[2023-11-28 11:21:08,643] logger_util.py->write_log line:61 [INFO] 接口请求成功！
[2023-11-28 11:21:08,643] logger_util.py->write_log line:61 [INFO] 
-------------接口请求结束-----------

[2023-11-28 11:21:08,654] logger_util.py->write_log line:61 [INFO] 
-------------接口请求开始-----------
[2023-11-28 11:21:08,654] logger_util.py->write_log line:61 [INFO] 接口名称：创建映射表表
[2023-11-28 11:21:08,654] logger_util.py->write_log line:61 [INFO] 接口方式：post
[2023-11-28 11:21:08,654] logger_util.py->write_log line:61 [INFO] 接口路径：http://127.0.0.1:18000/api/v1/connection/47/table
[2023-11-28 11:21:08,654] logger_util.py->write_log line:61 [INFO] 请求头：{'X-Project': 'd800d1a6d0be4623aaa824c28dc71981'}
[2023-11-28 11:21:08,654] logger_util.py->write_log line:61 [INFO] 请求参数：{'isBasic': True, 'databaseTableName': 'student', 'querySql': '', 'name': '插入3804'}
[2023-11-28 11:21:08,654] logger_util.py->write_log line:61 [INFO] 文件上传：None
[2023-11-28 11:21:08,681] logger_util.py->write_log line:61 [INFO] 预期结果：[{'equals': {'status_code': 200}}]
[2023-11-28 11:21:08,682] logger_util.py->write_log line:61 [INFO] 实际结果：{'id': 21, 'name': '插入3804', 'connectionItemId': 47, 'fields': [{'tableName': 'student', 'tableAlias': '', 'columnName': 'id', 'displayName': 'id', 'dataTypeName': 'Int32', 'databaseTypeName': 'Int32', 'isValueType': True, 'isAsterisk': True}, {'tableName': 'student', 'tableAlias': '', 'columnName': 'time', 'displayName': 'time', 'dataTypeName': 'DateTime', 'databaseTypeName': 'DateTime', 'isValueType': False, 'isAsterisk': True}, {'tableName': 'student', 'tableAlias': '', 'columnName': 'name', 'displayName': 'name', 'dataTypeName': 'String', 'databaseTypeName': 'VarChar', 'isValueType': False, 'isAsterisk': True}, {'tableName': 'student', 'tableAlias': '', 'columnName': 'age', 'displayName': 'age', 'dataTypeName': 'Int32', 'databaseTypeName': 'Int32', 'isValueType': True, 'isAsterisk': True}, {'tableName': 'student', 'tableAlias': '', 'columnName': 'money', 'displayName': 'money', 'dataTypeName': 'Single', 'databaseTypeName': 'Float', 'isValueType': True, 'isAsterisk': True}], 'isBasic': True, 'basicDatabaseTableName': 'student', 'querySql': 'select * from `student`', 'detail': None, 'action': None, 'status': 1, 'prevStatus': 0, 'lastErrorMsg': None, 'lastErrorDateTime': None}
[2023-11-28 11:21:08,682] logger_util.py->write_log line:61 [INFO] 接口请求成功！
[2023-11-28 11:21:08,682] logger_util.py->write_log line:61 [INFO] 
-------------接口请求结束-----------

[2023-11-28 11:21:08,693] logger_util.py->write_log line:61 [INFO] 
-------------接口请求开始-----------
[2023-11-28 11:21:08,693] logger_util.py->write_log line:61 [INFO] 接口名称：关闭映射表
[2023-11-28 11:21:08,693] logger_util.py->write_log line:61 [INFO] 接口方式：put
[2023-11-28 11:21:08,694] logger_util.py->write_log line:61 [INFO] 接口路径：http://127.0.0.1:18000/api/v1/connection/switch/2/21/off
[2023-11-28 11:21:08,694] logger_util.py->write_log line:61 [INFO] 请求头：{'X-Project': 'd800d1a6d0be4623aaa824c28dc71981'}
[2023-11-28 11:21:08,694] logger_util.py->write_log line:61 [INFO] 文件上传：None
[2023-11-28 11:21:08,726] logger_util.py->write_log line:61 [INFO] 预期结果：[{'equals': {'status_code': 200}}]
[2023-11-28 11:21:08,727] logger_util.py->write_log line:61 [INFO] 实际结果：[{'nodeGuid': '059a20db-61b0-407c-809a-d378a612a36a', 'id': 21, 'type': 2, 'name': '插入3804', 'status': 2, 'errorMsg': None, 'children': []}]
[2023-11-28 11:21:08,727] logger_util.py->write_log line:61 [INFO] 接口请求成功！
[2023-11-28 11:21:08,727] logger_util.py->write_log line:61 [INFO] 
-------------接口请求结束-----------

[2023-11-28 11:21:08,733] logger_util.py->write_log line:61 [INFO] 
-------------接口请求开始-----------
[2023-11-28 11:21:08,734] logger_util.py->write_log line:61 [INFO] 接口名称：开启映射表
[2023-11-28 11:21:08,734] logger_util.py->write_log line:61 [INFO] 接口方式：put
[2023-11-28 11:21:08,734] logger_util.py->write_log line:61 [INFO] 接口路径：http://127.0.0.1:18000/api/v1/connection/switch/2/21/on
[2023-11-28 11:21:08,734] logger_util.py->write_log line:61 [INFO] 请求头：{'X-Project': 'd800d1a6d0be4623aaa824c28dc71981'}
[2023-11-28 11:21:08,734] logger_util.py->write_log line:61 [INFO] 文件上传：None
[2023-11-28 11:21:08,766] logger_util.py->write_log line:61 [INFO] 预期结果：[{'equals': {'status_code': 200}}]
[2023-11-28 11:21:08,766] logger_util.py->write_log line:61 [INFO] 实际结果：[{'nodeGuid': '2c90abab-ca1d-40c8-8b79-87e5377d8ce0', 'id': 21, 'type': 2, 'name': '插入3804', 'status': 1, 'errorMsg': None, 'children': []}]
[2023-11-28 11:21:08,766] logger_util.py->write_log line:61 [INFO] 接口请求成功！
[2023-11-28 11:21:08,766] logger_util.py->write_log line:61 [INFO] 
-------------接口请求结束-----------

[2023-11-28 11:21:08,771] logger_util.py->write_log line:61 [INFO] 
-------------接口请求开始-----------
[2023-11-28 11:21:08,772] logger_util.py->write_log line:61 [INFO] 接口名称：重命名映射表
[2023-11-28 11:21:08,772] logger_util.py->write_log line:61 [INFO] 接口方式：put
[2023-11-28 11:21:08,772] logger_util.py->write_log line:61 [INFO] 接口路径：http://127.0.0.1:18000/api/v1/connection/rename/2/21/重命名1
[2023-11-28 11:21:08,772] logger_util.py->write_log line:61 [INFO] 请求头：{'X-Project': 'd800d1a6d0be4623aaa824c28dc71981'}
[2023-11-28 11:21:08,772] logger_util.py->write_log line:61 [INFO] 文件上传：None
[2023-11-28 11:21:08,793] logger_util.py->write_log line:61 [INFO] 预期结果：[{'equals': {'status_code': 200}}]
[2023-11-28 11:21:08,793] logger_util.py->write_log line:61 [INFO] 实际结果：
[2023-11-28 11:21:08,793] logger_util.py->write_log line:61 [INFO] 接口请求成功！
[2023-11-28 11:21:08,793] logger_util.py->write_log line:61 [INFO] 
-------------接口请求结束-----------

[2023-11-28 11:21:08,809] logger_util.py->write_log line:61 [INFO] 
-------------接口请求开始-----------
[2023-11-28 11:21:08,809] logger_util.py->write_log line:61 [INFO] 接口名称：获取映射表配置
[2023-11-28 11:21:08,809] logger_util.py->write_log line:61 [INFO] 接口方式：get
[2023-11-28 11:21:08,809] logger_util.py->write_log line:61 [INFO] 接口路径：http://127.0.0.1:18000/api/v1/connection/table/21/config
[2023-11-28 11:21:08,809] logger_util.py->write_log line:61 [INFO] 请求头：{'X-Project': 'd800d1a6d0be4623aaa824c28dc71981'}
[2023-11-28 11:21:08,809] logger_util.py->write_log line:61 [INFO] 文件上传：None
[2023-11-28 11:21:08,836] logger_util.py->write_log line:61 [INFO] 预期结果：[{'equals': {'status_code': 200}}]
[2023-11-28 11:21:08,836] logger_util.py->write_log line:61 [INFO] 实际结果：{'isBasic': True, 'databaseTableNames': ['student'], 'databaseTableFieldNames': ['id', 'time', 'name', 'age', 'money'], 'querySql': 'select * from `student`'}
[2023-11-28 11:21:08,836] logger_util.py->write_log line:61 [INFO] 接口请求成功！
[2023-11-28 11:21:08,836] logger_util.py->write_log line:61 [INFO] 
-------------接口请求结束-----------

[2023-11-28 11:21:08,844] logger_util.py->write_log line:61 [INFO] 
-------------接口请求开始-----------
[2023-11-28 11:21:08,845] logger_util.py->write_log line:61 [INFO] 接口名称：映射表创建副本
[2023-11-28 11:21:08,845] logger_util.py->write_log line:61 [INFO] 接口方式：post
[2023-11-28 11:21:08,845] logger_util.py->write_log line:61 [INFO] 接口路径：http://127.0.0.1:18000/api/v1/connection/table/21/copy
[2023-11-28 11:21:08,845] logger_util.py->write_log line:61 [INFO] 请求头：{'X-Project': 'd800d1a6d0be4623aaa824c28dc71981'}
[2023-11-28 11:21:08,845] logger_util.py->write_log line:61 [INFO] 请求参数：{'name': '副本613'}
[2023-11-28 11:21:08,845] logger_util.py->write_log line:61 [INFO] 文件上传：None
[2023-11-28 11:21:08,873] logger_util.py->write_log line:61 [INFO] 预期结果：[{'equals': {'status_code': 200}}]
[2023-11-28 11:21:08,873] logger_util.py->write_log line:61 [INFO] 实际结果：{'id': 22, 'name': '副本613', 'connectionItemId': 47, 'fields': [{'tableName': 'student', 'tableAlias': '', 'columnName': 'id', 'displayName': 'id', 'dataTypeName': 'Int32', 'databaseTypeName': 'Int32', 'isValueType': True, 'isAsterisk': True}, {'tableName': 'student', 'tableAlias': '', 'columnName': 'time', 'displayName': 'time', 'dataTypeName': 'DateTime', 'databaseTypeName': 'DateTime', 'isValueType': False, 'isAsterisk': True}, {'tableName': 'student', 'tableAlias': '', 'columnName': 'name', 'displayName': 'name', 'dataTypeName': 'String', 'databaseTypeName': 'VarChar', 'isValueType': False, 'isAsterisk': True}, {'tableName': 'student', 'tableAlias': '', 'columnName': 'age', 'displayName': 'age', 'dataTypeName': 'Int32', 'databaseTypeName': 'Int32', 'isValueType': True, 'isAsterisk': True}, {'tableName': 'student', 'tableAlias': '', 'columnName': 'money', 'displayName': 'money', 'dataTypeName': 'Single', 'databaseTypeName': 'Float', 'isValueType': True, 'isAsterisk': True}], 'isBasic': True, 'basicDatabaseTableName': 'student', 'querySql': 'select * from `student`', 'detail': None, 'action': None, 'status': 1, 'prevStatus': 0, 'lastErrorMsg': None, 'lastErrorDateTime': None}
[2023-11-28 11:21:08,873] logger_util.py->write_log line:61 [INFO] 接口请求成功！
[2023-11-28 11:21:08,873] logger_util.py->write_log line:61 [INFO] 
-------------接口请求结束-----------

[2023-11-28 11:21:08,886] logger_util.py->write_log line:61 [INFO] 
-------------接口请求开始-----------
[2023-11-28 11:21:08,886] logger_util.py->write_log line:61 [INFO] 接口名称：删除映射表
[2023-11-28 11:21:08,886] logger_util.py->write_log line:61 [INFO] 接口方式：delete
[2023-11-28 11:21:08,886] logger_util.py->write_log line:61 [INFO] 接口路径：http://127.0.0.1:18000/api/v1/connection/2/22
[2023-11-28 11:21:08,886] logger_util.py->write_log line:61 [INFO] 请求头：{'X-Project': 'd800d1a6d0be4623aaa824c28dc71981'}
[2023-11-28 11:21:08,886] logger_util.py->write_log line:61 [INFO] 文件上传：None
[2023-11-28 11:21:08,918] logger_util.py->write_log line:61 [INFO] 预期结果：[{'equals': {'status_code': 200}}]
[2023-11-28 11:21:08,918] logger_util.py->write_log line:61 [INFO] 实际结果：
[2023-11-28 11:21:08,918] logger_util.py->write_log line:61 [INFO] 接口请求成功！
[2023-11-28 11:21:08,918] logger_util.py->write_log line:61 [INFO] 
-------------接口请求结束-----------

[2023-11-28 11:21:08,924] logger_util.py->write_log line:61 [INFO] 
-------------接口请求开始-----------
[2023-11-28 11:21:08,925] logger_util.py->write_log line:61 [INFO] 接口名称：预览数据表
[2023-11-28 11:21:08,925] logger_util.py->write_log line:61 [INFO] 接口方式：post
[2023-11-28 11:21:08,925] logger_util.py->write_log line:61 [INFO] 接口路径：http://127.0.0.1:18000/api/v1/connection/47/preview
[2023-11-28 11:21:08,925] logger_util.py->write_log line:61 [INFO] 请求头：{'X-Project': 'd800d1a6d0be4623aaa824c28dc71981'}
[2023-11-28 11:21:08,925] logger_util.py->write_log line:61 [INFO] 请求参数：{'isBasic': True, 'databaseTableName': 'student', 'querySql': '', 'limited': 10}
[2023-11-28 11:21:08,925] logger_util.py->write_log line:61 [INFO] 文件上传：None
[2023-11-28 11:21:08,943] logger_util.py->write_log line:61 [INFO] 预期结果：[{'equals': {'status_code': 200}}]
[2023-11-28 11:21:08,943] logger_util.py->write_log line:61 [INFO] 实际结果：{'headers': ['id', 'time', 'name', 'age', 'money'], 'data': []}
[2023-11-28 11:21:08,943] logger_util.py->write_log line:61 [INFO] 接口请求成功！
[2023-11-28 11:21:08,943] logger_util.py->write_log line:61 [INFO] 
-------------接口请求结束-----------

