[2023-06-02 16:36:42,444] logger_util.py->write_log line:61 [INFO] -------------接口请求开始-----------
[2023-06-02 16:36:42,444] logger_util.py->write_log line:61 [INFO] 接口名称：触发类型异常用例--变量触发
[2023-06-02 16:36:42,444] logger_util.py->write_log line:61 [INFO] 接口方式：put
[2023-06-02 16:36:42,444] logger_util.py->write_log line:61 [INFO] 接口路径：http://127.0.0.1:18000/api/v1/dataconfig/aggregatetable/39beb9fa-a60d-4379-8376-9b13863b9442/triggers
[2023-06-02 16:36:42,444] logger_util.py->write_log line:61 [INFO] 请求头：{'Content-Type': 'application/json;charset=UTF-8', 'X-Project': '83d42c5d5ad141bba528b7690b19996e'}
[2023-06-02 16:36:42,445] logger_util.py->write_log line:61 [INFO] 请求参数：{'realTime': False, 'triggers': [{'effectiveDateTime': '', 'frequencyValue': 1, 'frequencyUnit': 1, 'matchAll': False, 'condition': '', 'conditionDetail': 1, 'frequencyCheck': False, 'triggerType': 2}]}
[2023-06-02 16:36:42,445] logger_util.py->write_log line:61 [INFO] 文件上传：None
[2023-06-02 16:36:42,452] logger_util.py->write_log line:61 [INFO] 预期结果：[{'equals': {'status_code': 400}}, {'contains': '触发动作不能为空'}]
[2023-06-02 16:36:42,452] logger_util.py->write_log line:61 [INFO] 实际结果：触发动作不能为空
[2023-06-02 16:36:42,452] logger_util.py->write_log line:61 [INFO] 接口请求成功！
[2023-06-02 16:36:42,453] logger_util.py->write_log line:61 [INFO] -------------接口请求结束-----------

[2023-06-02 16:36:42,459] logger_util.py->write_log line:61 [INFO] -------------接口请求开始-----------
[2023-06-02 16:36:42,459] logger_util.py->write_log line:61 [INFO] 接口名称：触发类型异常用例--定时触发
[2023-06-02 16:36:42,459] logger_util.py->write_log line:61 [INFO] 接口方式：put
[2023-06-02 16:36:42,460] logger_util.py->write_log line:61 [INFO] 接口路径：http://127.0.0.1:18000/api/v1/dataconfig/aggregatetable/39beb9fa-a60d-4379-8376-9b13863b9442/triggers
[2023-06-02 16:36:42,460] logger_util.py->write_log line:61 [INFO] 请求头：{'Content-Type': 'application/json;charset=UTF-8', 'X-Project': '83d42c5d5ad141bba528b7690b19996e'}
[2023-06-02 16:36:42,460] logger_util.py->write_log line:61 [INFO] 请求参数：{'realTime': False, 'triggers': [{'effectiveDateTime': '', 'frequencyValue': 1, 'frequencyUnit': 1, 'matchAll': False, 'condition': '', 'conditionDetail': 1, 'frequencyCheck': False, 'triggerType': 1}]}
[2023-06-02 16:36:42,460] logger_util.py->write_log line:61 [INFO] 文件上传：None
[2023-06-02 16:36:42,465] logger_util.py->write_log line:61 [INFO] 预期结果：[{'equals': {'status_code': 400}}, {'contains': '请填写触发时间'}]
[2023-06-02 16:36:42,465] logger_util.py->write_log line:61 [INFO] 实际结果：请填写触发时间
[2023-06-02 16:36:42,465] logger_util.py->write_log line:61 [INFO] 接口请求成功！
[2023-06-02 16:36:42,465] logger_util.py->write_log line:61 [INFO] -------------接口请求结束-----------

[2023-06-02 16:36:42,471] logger_util.py->write_log line:61 [INFO] -------------接口请求开始-----------
[2023-06-02 16:36:42,471] logger_util.py->write_log line:61 [INFO] 接口名称：触发类型异常用例--定时触发
[2023-06-02 16:36:42,471] logger_util.py->write_log line:61 [INFO] 接口方式：put
[2023-06-02 16:36:42,471] logger_util.py->write_log line:61 [INFO] 接口路径：http://127.0.0.1:18000/api/v1/dataconfig/aggregatetable/39beb9fa-a60d-4379-8376-9b13863b9442/triggers
[2023-06-02 16:36:42,472] logger_util.py->write_log line:61 [INFO] 请求头：{'Content-Type': 'application/json;charset=UTF-8', 'X-Project': '83d42c5d5ad141bba528b7690b19996e'}
[2023-06-02 16:36:42,472] logger_util.py->write_log line:61 [INFO] 请求参数：{'realTime': False, 'triggers': [{'effectiveDateTime': '2023-05-22T06:15:31.000Z', 'frequencyValue': 1, 'frequencyUnit': 1, 'matchAll': True, 'condition': '', 'conditionDetail': 1, 'frequencyCheck': False, 'triggerType': 1}]}
[2023-06-02 16:36:42,472] logger_util.py->write_log line:61 [INFO] 文件上传：None
[2023-06-02 16:36:42,478] logger_util.py->write_log line:61 [INFO] 预期结果：[{'equals': {'status_code': 400}}, {'contains': '触发动作不能为空'}]
[2023-06-02 16:36:42,478] logger_util.py->write_log line:61 [INFO] 实际结果：触发动作不能为空
[2023-06-02 16:36:42,478] logger_util.py->write_log line:61 [INFO] 接口请求成功！
[2023-06-02 16:36:42,478] logger_util.py->write_log line:61 [INFO] -------------接口请求结束-----------

