[2023-08-08 10:41:45,975] logger_util.py->write_log line:61 [INFO] -------------接口请求开始-----------
[2023-08-08 10:41:45,975] logger_util.py->write_log line:61 [INFO] 接口名称：modbus协议下发-保存寄存器有符号8位整型
[2023-08-08 10:41:45,975] logger_util.py->write_log line:61 [INFO] 接口方式：post
[2023-08-08 10:41:45,975] logger_util.py->write_log line:61 [INFO] 接口路径：http://127.0.0.1:6700/v1/cms/io/write
[2023-08-08 10:41:45,975] logger_util.py->write_log line:61 [INFO] 请求头：{'Content-Type': 'application/json'}
[2023-08-08 10:41:45,975] logger_util.py->write_log line:61 [INFO] 请求参数：{'tagDatas': {'MOD_SINT1': '-11'}}
[2023-08-08 10:41:45,976] logger_util.py->write_log line:61 [INFO] 文件上传：None
[2023-08-08 10:41:46,032] logger_util.py->write_log line:61 [INFO] 预期结果：[{'equals': {'status_code': 200}}, {'equals': {'msg': 'All write successfully'}}]
[2023-08-08 10:41:46,033] logger_util.py->write_log line:61 [INFO] 实际结果：{'body': {'code': 0, 'msg': 'All write successfully', 'tagResults': {'MOD_SINT1': 0}, 'traceId': '065B28E2-B7C4-4943-AA91-3CFEB522B568'}, 'header': {'code': 0, 'cur_module': 'siot', 'msg': 'All write successfully', 'timespend': 54, 'tracelist': [{'code': 0, 'module': 'siot', 'msg': 'All write successfully', 'submodule_timespend': {'api': 54, 'control': 54, 'driver': 15}, 'timespend': 54}]}}
[2023-08-08 10:41:46,033] logger_util.py->write_log line:61 [INFO] 接口请求成功！
[2023-08-08 10:41:46,033] logger_util.py->write_log line:61 [INFO] -------------接口请求结束-----------

[2023-08-08 10:41:46,037] logger_util.py->write_log line:61 [INFO] -------------接口请求开始-----------
[2023-08-08 10:41:46,037] logger_util.py->write_log line:61 [INFO] 接口名称：modbus协议下发-保存寄存器有符号16位整型
[2023-08-08 10:41:46,037] logger_util.py->write_log line:61 [INFO] 接口方式：post
[2023-08-08 10:41:46,037] logger_util.py->write_log line:61 [INFO] 接口路径：http://127.0.0.1:6700/v1/cms/io/write
[2023-08-08 10:41:46,037] logger_util.py->write_log line:61 [INFO] 请求头：{'Content-Type': 'application/json'}
[2023-08-08 10:41:46,038] logger_util.py->write_log line:61 [INFO] 请求参数：{'tagDatas': {'MOD_INT1': '22'}}
[2023-08-08 10:41:46,038] logger_util.py->write_log line:61 [INFO] 文件上传：None
[2023-08-08 10:41:46,095] logger_util.py->write_log line:61 [INFO] 预期结果：[{'equals': {'status_code': 200}}, {'equals': {'msg': 'All write successfully'}}]
[2023-08-08 10:41:46,095] logger_util.py->write_log line:61 [INFO] 实际结果：{'body': {'code': 0, 'msg': 'All write successfully', 'tagResults': {'MOD_INT1': 0}, 'traceId': 'AF04B2B8-C27B-4072-979B-241867FCB04A'}, 'header': {'code': 0, 'cur_module': 'siot', 'msg': 'All write successfully', 'timespend': 56, 'tracelist': [{'code': 0, 'module': 'siot', 'msg': 'All write successfully', 'submodule_timespend': {'api': 56, 'control': 56, 'driver': 16}, 'timespend': 56}]}}
[2023-08-08 10:41:46,096] logger_util.py->write_log line:61 [INFO] 接口请求成功！
[2023-08-08 10:41:46,096] logger_util.py->write_log line:61 [INFO] -------------接口请求结束-----------

[2023-08-08 10:41:46,100] logger_util.py->write_log line:61 [INFO] -------------接口请求开始-----------
[2023-08-08 10:41:46,100] logger_util.py->write_log line:61 [INFO] 接口名称：modbus协议下发-保存寄存器有符号32位整型
[2023-08-08 10:41:46,100] logger_util.py->write_log line:61 [INFO] 接口方式：post
[2023-08-08 10:41:46,100] logger_util.py->write_log line:61 [INFO] 接口路径：http://127.0.0.1:6700/v1/cms/io/write
[2023-08-08 10:41:46,101] logger_util.py->write_log line:61 [INFO] 请求头：{'Content-Type': 'application/json'}
[2023-08-08 10:41:46,101] logger_util.py->write_log line:61 [INFO] 请求参数：{'tagDatas': {'MOD_DINT1': '33'}}
[2023-08-08 10:41:46,101] logger_util.py->write_log line:61 [INFO] 文件上传：None
[2023-08-08 10:41:46,142] logger_util.py->write_log line:61 [INFO] 预期结果：[{'equals': {'status_code': 200}}, {'equals': {'msg': 'All write successfully'}}]
[2023-08-08 10:41:46,143] logger_util.py->write_log line:61 [INFO] 实际结果：{'body': {'code': 0, 'msg': 'All write successfully', 'tagResults': {'MOD_DINT1': 0}, 'traceId': '73EB1152-5D56-45C1-88C9-B44834EFBE8C'}, 'header': {'code': 0, 'cur_module': 'siot', 'msg': 'All write successfully', 'timespend': 40, 'tracelist': [{'code': 0, 'module': 'siot', 'msg': 'All write successfully', 'submodule_timespend': {'api': 40, 'control': 40, 'driver': 9}, 'timespend': 40}]}}
[2023-08-08 10:41:46,143] logger_util.py->write_log line:61 [INFO] 接口请求成功！
[2023-08-08 10:41:46,143] logger_util.py->write_log line:61 [INFO] -------------接口请求结束-----------

[2023-08-08 10:41:46,147] logger_util.py->write_log line:61 [INFO] -------------接口请求开始-----------
[2023-08-08 10:41:46,147] logger_util.py->write_log line:61 [INFO] 接口名称：modbus协议下发-保存寄存器无符号8位整型
[2023-08-08 10:41:46,147] logger_util.py->write_log line:61 [INFO] 接口方式：post
[2023-08-08 10:41:46,147] logger_util.py->write_log line:61 [INFO] 接口路径：http://127.0.0.1:6700/v1/cms/io/write
[2023-08-08 10:41:46,147] logger_util.py->write_log line:61 [INFO] 请求头：{'Content-Type': 'application/json'}
[2023-08-08 10:41:46,147] logger_util.py->write_log line:61 [INFO] 请求参数：{'tagDatas': {'MOD_USINT1': '44'}}
[2023-08-08 10:41:46,147] logger_util.py->write_log line:61 [INFO] 文件上传：None
[2023-08-08 10:41:46,206] logger_util.py->write_log line:61 [INFO] 预期结果：[{'equals': {'status_code': 200}}, {'equals': {'msg': 'All write successfully'}}]
[2023-08-08 10:41:46,207] logger_util.py->write_log line:61 [INFO] 实际结果：{'body': {'code': 0, 'msg': 'All write successfully', 'tagResults': {'MOD_USINT1': 0}, 'traceId': '1404BFF8-5AEC-4F3C-81AF-B5DD24083B10'}, 'header': {'code': 0, 'cur_module': 'siot', 'msg': 'All write successfully', 'timespend': 57, 'tracelist': [{'code': 0, 'module': 'siot', 'msg': 'All write successfully', 'submodule_timespend': {'api': 57, 'control': 57, 'driver': 16}, 'timespend': 57}]}}
[2023-08-08 10:41:46,207] logger_util.py->write_log line:61 [INFO] 接口请求成功！
[2023-08-08 10:41:46,207] logger_util.py->write_log line:61 [INFO] -------------接口请求结束-----------

[2023-08-08 10:41:46,211] logger_util.py->write_log line:61 [INFO] -------------接口请求开始-----------
[2023-08-08 10:41:46,212] logger_util.py->write_log line:61 [INFO] 接口名称：modbus协议下发-保存寄存器无符号16位整型
[2023-08-08 10:41:46,212] logger_util.py->write_log line:61 [INFO] 接口方式：post
[2023-08-08 10:41:46,212] logger_util.py->write_log line:61 [INFO] 接口路径：http://127.0.0.1:6700/v1/cms/io/write
[2023-08-08 10:41:46,212] logger_util.py->write_log line:61 [INFO] 请求头：{'Content-Type': 'application/json'}
[2023-08-08 10:41:46,212] logger_util.py->write_log line:61 [INFO] 请求参数：{'tagDatas': {'MOD_UINT1': '55'}}
[2023-08-08 10:41:46,212] logger_util.py->write_log line:61 [INFO] 文件上传：None
[2023-08-08 10:41:46,271] logger_util.py->write_log line:61 [INFO] 预期结果：[{'equals': {'status_code': 200}}, {'equals': {'msg': 'All write successfully'}}]
[2023-08-08 10:41:46,271] logger_util.py->write_log line:61 [INFO] 实际结果：{'body': {'code': 0, 'msg': 'All write successfully', 'tagResults': {'MOD_UINT1': 0}, 'traceId': '1B62077B-E244-4C3E-A6B7-C8040FF3D3A4'}, 'header': {'code': 0, 'cur_module': 'siot', 'msg': 'All write successfully', 'timespend': 56, 'tracelist': [{'code': 0, 'module': 'siot', 'msg': 'All write successfully', 'submodule_timespend': {'api': 56, 'control': 56, 'driver': 16}, 'timespend': 56}]}}
[2023-08-08 10:41:46,271] logger_util.py->write_log line:61 [INFO] 接口请求成功！
[2023-08-08 10:41:46,271] logger_util.py->write_log line:61 [INFO] -------------接口请求结束-----------

[2023-08-08 10:41:46,276] logger_util.py->write_log line:61 [INFO] -------------接口请求开始-----------
[2023-08-08 10:41:46,276] logger_util.py->write_log line:61 [INFO] 接口名称：modbus协议下发-保存寄存器无符号32位整型
[2023-08-08 10:41:46,276] logger_util.py->write_log line:61 [INFO] 接口方式：post
[2023-08-08 10:41:46,276] logger_util.py->write_log line:61 [INFO] 接口路径：http://127.0.0.1:6700/v1/cms/io/write
[2023-08-08 10:41:46,276] logger_util.py->write_log line:61 [INFO] 请求头：{'Content-Type': 'application/json'}
[2023-08-08 10:41:46,276] logger_util.py->write_log line:61 [INFO] 请求参数：{'tagDatas': {'MOD_UDINT1': '66'}}
[2023-08-08 10:41:46,276] logger_util.py->write_log line:61 [INFO] 文件上传：None
[2023-08-08 10:41:46,317] logger_util.py->write_log line:61 [INFO] 预期结果：[{'equals': {'status_code': 200}}, {'equals': {'msg': 'All write successfully'}}]
[2023-08-08 10:41:46,318] logger_util.py->write_log line:61 [INFO] 实际结果：{'body': {'code': 0, 'msg': 'All write successfully', 'tagResults': {'MOD_UDINT1': 0}, 'traceId': 'D96C2AC1-F6D2-4244-9FA3-1B583B6206D6'}, 'header': {'code': 0, 'cur_module': 'siot', 'msg': 'All write successfully', 'timespend': 39, 'tracelist': [{'code': 0, 'module': 'siot', 'msg': 'All write successfully', 'submodule_timespend': {'api': 39, 'control': 39, 'driver': 8}, 'timespend': 39}]}}
[2023-08-08 10:41:46,318] logger_util.py->write_log line:61 [INFO] 接口请求成功！
[2023-08-08 10:41:46,318] logger_util.py->write_log line:61 [INFO] -------------接口请求结束-----------

[2023-08-08 10:41:46,323] logger_util.py->write_log line:61 [INFO] -------------接口请求开始-----------
[2023-08-08 10:41:46,323] logger_util.py->write_log line:61 [INFO] 接口名称：modbus协议下发-保存寄存器F32位浮点数IEEE754
[2023-08-08 10:41:46,323] logger_util.py->write_log line:61 [INFO] 接口方式：post
[2023-08-08 10:41:46,323] logger_util.py->write_log line:61 [INFO] 接口路径：http://127.0.0.1:6700/v1/cms/io/write
[2023-08-08 10:41:46,323] logger_util.py->write_log line:61 [INFO] 请求头：{'Content-Type': 'application/json'}
[2023-08-08 10:41:46,323] logger_util.py->write_log line:61 [INFO] 请求参数：{'tagDatas': {'MOD_REAL1': '77.456'}}
[2023-08-08 10:41:46,323] logger_util.py->write_log line:61 [INFO] 文件上传：None
[2023-08-08 10:41:46,397] logger_util.py->write_log line:61 [INFO] 预期结果：[{'equals': {'status_code': 200}}, {'equals': {'msg': 'All write successfully'}}]
[2023-08-08 10:41:46,398] logger_util.py->write_log line:61 [INFO] 实际结果：{'body': {'code': 0, 'msg': 'All write successfully', 'tagResults': {'MOD_REAL1': 0}, 'traceId': '580E4C3B-85FE-448A-98EA-384AF3544BD4'}, 'header': {'code': 0, 'cur_module': 'siot', 'msg': 'All write successfully', 'timespend': 48, 'tracelist': [{'code': 0, 'module': 'siot', 'msg': 'All write successfully', 'submodule_timespend': {'api': 48, 'control': 48, 'driver': 16}, 'timespend': 48}]}}
[2023-08-08 10:41:46,398] logger_util.py->write_log line:61 [INFO] 接口请求成功！
[2023-08-08 10:41:46,398] logger_util.py->write_log line:61 [INFO] -------------接口请求结束-----------

[2023-08-08 10:41:46,403] logger_util.py->write_log line:61 [INFO] -------------接口请求开始-----------
[2023-08-08 10:41:46,403] logger_util.py->write_log line:61 [INFO] 接口名称：modbus协议下发-保存寄存器二进制变量1
[2023-08-08 10:41:46,403] logger_util.py->write_log line:61 [INFO] 接口方式：post
[2023-08-08 10:41:46,403] logger_util.py->write_log line:61 [INFO] 接口路径：http://127.0.0.1:6700/v1/cms/io/write
[2023-08-08 10:41:46,403] logger_util.py->write_log line:61 [INFO] 请求头：{'Content-Type': 'application/json'}
[2023-08-08 10:41:46,403] logger_util.py->write_log line:61 [INFO] 请求参数：{'tagDatas': {'MOD_BOOL1': '1'}}
[2023-08-08 10:41:46,403] logger_util.py->write_log line:61 [INFO] 文件上传：None
[2023-08-08 10:41:46,508] logger_util.py->write_log line:61 [INFO] 预期结果：[{'equals': {'status_code': 200}}, {'equals': {'msg': 'All write successfully'}}]
[2023-08-08 10:41:46,509] logger_util.py->write_log line:61 [INFO] 实际结果：{'body': {'code': 0, 'msg': 'All write successfully', 'tagResults': {'MOD_BOOL1': 0}, 'traceId': 'C8FBDC96-28E6-48A3-8102-31680AD90927'}, 'header': {'code': 0, 'cur_module': 'siot', 'msg': 'All write successfully', 'timespend': 79, 'tracelist': [{'code': 0, 'module': 'siot', 'msg': 'All write successfully', 'submodule_timespend': {'api': 79, 'control': 79, 'driver': 16}, 'timespend': 79}]}}
[2023-08-08 10:41:46,509] logger_util.py->write_log line:61 [INFO] 接口请求成功！
[2023-08-08 10:41:46,509] logger_util.py->write_log line:61 [INFO] -------------接口请求结束-----------

[2023-08-08 10:41:46,513] logger_util.py->write_log line:61 [INFO] -------------接口请求开始-----------
[2023-08-08 10:41:46,513] logger_util.py->write_log line:61 [INFO] 接口名称：modbus协议下发-保存寄存器二进制变量2
[2023-08-08 10:41:46,513] logger_util.py->write_log line:61 [INFO] 接口方式：post
[2023-08-08 10:41:46,513] logger_util.py->write_log line:61 [INFO] 接口路径：http://127.0.0.1:6700/v1/cms/io/write
[2023-08-08 10:41:46,513] logger_util.py->write_log line:61 [INFO] 请求头：{'Content-Type': 'application/json'}
[2023-08-08 10:41:46,514] logger_util.py->write_log line:61 [INFO] 请求参数：{'tagDatas': {'MOD_BOOL2': '0'}}
[2023-08-08 10:41:46,514] logger_util.py->write_log line:61 [INFO] 文件上传：None
[2023-08-08 10:41:46,605] logger_util.py->write_log line:61 [INFO] 预期结果：[{'equals': {'status_code': 200}}, {'equals': {'msg': 'All write successfully'}}]
[2023-08-08 10:41:46,605] logger_util.py->write_log line:61 [INFO] 实际结果：{'body': {'code': 0, 'msg': 'All write successfully', 'tagResults': {'MOD_BOOL2': 0}, 'traceId': '419C7AE1-F0D5-4BF6-88FC-B1F623CAF4D0'}, 'header': {'code': 0, 'cur_module': 'siot', 'msg': 'All write successfully', 'timespend': 64, 'tracelist': [{'code': 0, 'module': 'siot', 'msg': 'All write successfully', 'submodule_timespend': {'api': 64, 'control': 63, 'driver': 16}, 'timespend': 64}]}}
[2023-08-08 10:41:46,605] logger_util.py->write_log line:61 [INFO] 接口请求成功！
[2023-08-08 10:41:46,605] logger_util.py->write_log line:61 [INFO] -------------接口请求结束-----------

[2023-08-08 10:41:46,609] logger_util.py->write_log line:61 [INFO] -------------接口请求开始-----------
[2023-08-08 10:41:46,610] logger_util.py->write_log line:61 [INFO] 接口名称：modbus协议下发-保存寄存器字符串
[2023-08-08 10:41:46,610] logger_util.py->write_log line:61 [INFO] 接口方式：post
[2023-08-08 10:41:46,610] logger_util.py->write_log line:61 [INFO] 接口路径：http://127.0.0.1:6700/v1/cms/io/write
[2023-08-08 10:41:46,610] logger_util.py->write_log line:61 [INFO] 请求头：{'Content-Type': 'application/json'}
[2023-08-08 10:41:46,610] logger_util.py->write_log line:61 [INFO] 请求参数：{'tagDatas': {'MOD_STRING1': '文本1'}}
[2023-08-08 10:41:46,610] logger_util.py->write_log line:61 [INFO] 文件上传：None
[2023-08-08 10:41:46,683] logger_util.py->write_log line:61 [INFO] 预期结果：[{'equals': {'status_code': 200}}, {'equals': {'msg': 'All write successfully'}}]
[2023-08-08 10:41:46,684] logger_util.py->write_log line:61 [INFO] 实际结果：{'body': {'code': 0, 'msg': 'All write successfully', 'tagResults': {'MOD_STRING1': 0}, 'traceId': '148624F0-E857-4311-9702-C6940444A806'}, 'header': {'code': 0, 'cur_module': 'siot', 'msg': 'All write successfully', 'timespend': 47, 'tracelist': [{'code': 0, 'module': 'siot', 'msg': 'All write successfully', 'submodule_timespend': {'api': 47, 'control': 47, 'driver': 16}, 'timespend': 47}]}}
[2023-08-08 10:41:46,684] logger_util.py->write_log line:61 [INFO] 接口请求成功！
[2023-08-08 10:41:46,684] logger_util.py->write_log line:61 [INFO] -------------接口请求结束-----------

[2023-08-08 10:41:46,689] logger_util.py->write_log line:61 [INFO] -------------接口请求开始-----------
[2023-08-08 10:41:46,689] logger_util.py->write_log line:61 [INFO] 接口名称：modbus协议下发-二进制变量
[2023-08-08 10:41:46,689] logger_util.py->write_log line:61 [INFO] 接口方式：post
[2023-08-08 10:41:46,689] logger_util.py->write_log line:61 [INFO] 接口路径：http://127.0.0.1:6700/v1/cms/io/write
[2023-08-08 10:41:46,689] logger_util.py->write_log line:61 [INFO] 请求头：{'Content-Type': 'application/json'}
[2023-08-08 10:41:46,689] logger_util.py->write_log line:61 [INFO] 请求参数：{'tagDatas': {'MOD_Q0': '1'}}
[2023-08-08 10:41:46,689] logger_util.py->write_log line:61 [INFO] 文件上传：None
[2023-08-08 10:41:46,761] logger_util.py->write_log line:61 [INFO] 预期结果：[{'equals': {'status_code': 200}}, {'equals': {'msg': 'All write successfully'}}]
[2023-08-08 10:41:46,762] logger_util.py->write_log line:61 [INFO] 实际结果：{'body': {'code': 0, 'msg': 'All write successfully', 'tagResults': {'MOD_Q0': 0}, 'traceId': 'EA19E70A-D99D-4FE5-992F-8F99242B1447'}, 'header': {'code': 0, 'cur_module': 'siot', 'msg': 'All write successfully', 'timespend': 48, 'tracelist': [{'code': 0, 'module': 'siot', 'msg': 'All write successfully', 'submodule_timespend': {'api': 48, 'control': 48, 'driver': 16}, 'timespend': 48}]}}
[2023-08-08 10:41:46,762] logger_util.py->write_log line:61 [INFO] 接口请求成功！
[2023-08-08 10:41:46,762] logger_util.py->write_log line:61 [INFO] -------------接口请求结束-----------

[2023-08-08 10:41:46,766] logger_util.py->write_log line:61 [INFO] -------------接口请求开始-----------
[2023-08-08 10:41:46,767] logger_util.py->write_log line:61 [INFO] 接口名称：modbus协议下发-二进制变量
[2023-08-08 10:41:46,767] logger_util.py->write_log line:61 [INFO] 接口方式：post
[2023-08-08 10:41:46,767] logger_util.py->write_log line:61 [INFO] 接口路径：http://127.0.0.1:6700/v1/cms/io/write
[2023-08-08 10:41:46,767] logger_util.py->write_log line:61 [INFO] 请求头：{'Content-Type': 'application/json'}
[2023-08-08 10:41:46,767] logger_util.py->write_log line:61 [INFO] 请求参数：{'tagDatas': {'MOD_Q1': '0'}}
[2023-08-08 10:41:46,767] logger_util.py->write_log line:61 [INFO] 文件上传：None
[2023-08-08 10:41:46,840] logger_util.py->write_log line:61 [INFO] 预期结果：[{'equals': {'status_code': 200}}, {'equals': {'msg': 'All write successfully'}}]
[2023-08-08 10:41:46,841] logger_util.py->write_log line:61 [INFO] 实际结果：{'body': {'code': 0, 'msg': 'All write successfully', 'tagResults': {'MOD_Q1': 0}, 'traceId': '5FFC401C-CDE6-4A9E-AB9A-736F97518B84'}, 'header': {'code': 0, 'cur_module': 'siot', 'msg': 'All write successfully', 'timespend': 48, 'tracelist': [{'code': 0, 'module': 'siot', 'msg': 'All write successfully', 'submodule_timespend': {'api': 48, 'control': 48, 'driver': 16}, 'timespend': 48}]}}
[2023-08-08 10:41:46,841] logger_util.py->write_log line:61 [INFO] 接口请求成功！
[2023-08-08 10:41:46,841] logger_util.py->write_log line:61 [INFO] -------------接口请求结束-----------

