[2022-09-25 15:55:47,556] logger_util.py->write_log line:61 [INFO] -------------接口请求开始-----------
[2022-09-25 15:55:47,556] logger_util.py->write_log line:61 [INFO] 接口名称：新建工程
[2022-09-25 15:55:47,556] logger_util.py->write_log line:61 [INFO] 接口方式：post
[2022-09-25 15:55:47,556] logger_util.py->write_log line:61 [INFO] 接口路径：http://127.0.0.1:18000/api/v1/project/node
[2022-09-25 15:55:47,556] logger_util.py->write_log line:61 [INFO] 请求头：{'Content-Type': 'application/json;charset=UTF-8'}
[2022-09-25 15:55:47,557] logger_util.py->write_log line:61 [INFO] 请求参数：{'name': '工程6726', 'path': 'E:\\APP\\CMS201', 'type': 1, 'parentId': 0}
[2022-09-25 15:55:47,557] logger_util.py->write_log line:61 [INFO] 文件上传：None
[2022-09-25 15:55:48,717] logger_util.py->write_log line:61 [INFO] 预期结果：[{'equals': {'status_code': 200}}]
[2022-09-25 15:55:48,717] logger_util.py->write_log line:61 [INFO] 实际结果：908
[2022-09-25 15:55:48,717] logger_util.py->write_log line:61 [INFO] 接口请求成功！
[2022-09-25 15:55:48,717] logger_util.py->write_log line:61 [INFO] -------------接口请求结束-----------

[2022-09-25 15:55:48,722] logger_util.py->write_log line:61 [INFO] -------------接口请求开始-----------
[2022-09-25 15:55:48,722] logger_util.py->write_log line:61 [INFO] 接口名称：新建文件夹
[2022-09-25 15:55:48,722] logger_util.py->write_log line:61 [INFO] 接口方式：post
[2022-09-25 15:55:48,722] logger_util.py->write_log line:61 [INFO] 接口路径：http://127.0.0.1:18000/api/v1/project/node
[2022-09-25 15:55:48,722] logger_util.py->write_log line:61 [INFO] 请求头：{'Content-Type': 'application/json;charset=UTF-8'}
[2022-09-25 15:55:48,723] logger_util.py->write_log line:61 [INFO] 请求参数：{'name': '文件夹3751', 'path': None, 'type': 0, 'parentId': 0}
[2022-09-25 15:55:48,723] logger_util.py->write_log line:61 [INFO] 文件上传：None
[2022-09-25 15:55:48,767] logger_util.py->write_log line:61 [INFO] 预期结果：[{'equals': {'status_code': 200}}]
[2022-09-25 15:55:48,767] logger_util.py->write_log line:61 [INFO] 实际结果：909
[2022-09-25 15:55:48,767] logger_util.py->write_log line:61 [INFO] 接口请求成功！
[2022-09-25 15:55:48,768] logger_util.py->write_log line:61 [INFO] -------------接口请求结束-----------

[2022-09-25 15:55:48,773] logger_util.py->write_log line:61 [INFO] -------------接口请求开始-----------
[2022-09-25 15:55:48,773] logger_util.py->write_log line:61 [INFO] 接口名称：复制工程
[2022-09-25 15:55:48,773] logger_util.py->write_log line:61 [INFO] 接口方式：post
[2022-09-25 15:55:48,773] logger_util.py->write_log line:61 [INFO] 接口路径：http://127.0.0.1:18000/api/v1/project/node?copyId=908
[2022-09-25 15:55:48,773] logger_util.py->write_log line:61 [INFO] 请求头：{'Content-Type': 'application/json;charset=UTF-8'}
[2022-09-25 15:55:48,773] logger_util.py->write_log line:61 [INFO] 请求参数：{'name': '复制工程6557', 'path': 'E:\\APP\\CMS201', 'type': 1, 'parentId': 0}
[2022-09-25 15:55:48,774] logger_util.py->write_log line:61 [INFO] 文件上传：None
[2022-09-25 15:55:49,521] logger_util.py->write_log line:61 [INFO] 预期结果：[{'equals': {'status_code': 200}}]
[2022-09-25 15:55:49,521] logger_util.py->write_log line:61 [INFO] 实际结果：910
[2022-09-25 15:55:49,521] logger_util.py->write_log line:61 [INFO] 接口请求成功！
[2022-09-25 15:55:49,522] logger_util.py->write_log line:61 [INFO] -------------接口请求结束-----------

[2022-09-25 15:55:49,526] logger_util.py->write_log line:61 [INFO] -------------接口请求开始-----------
[2022-09-25 15:55:49,526] logger_util.py->write_log line:61 [INFO] 接口名称：删除工程
[2022-09-25 15:55:49,526] logger_util.py->write_log line:61 [INFO] 接口方式：delete
[2022-09-25 15:55:49,526] logger_util.py->write_log line:61 [INFO] 接口路径：http://127.0.0.1:18000/api/v1/project/node?isDeleteFile=false
[2022-09-25 15:55:49,526] logger_util.py->write_log line:61 [INFO] 请求头：{}
[2022-09-25 15:55:49,527] logger_util.py->write_log line:61 [INFO] 请求参数：[908]
[2022-09-25 15:55:49,527] logger_util.py->write_log line:61 [INFO] 文件上传：None
[2022-09-25 15:55:49,574] logger_util.py->write_log line:61 [INFO] -------------接口请求开始-----------
[2022-09-25 15:55:49,574] logger_util.py->write_log line:61 [INFO] 接口名称：删除文件
[2022-09-25 15:55:49,574] logger_util.py->write_log line:61 [INFO] 接口方式：delete
[2022-09-25 15:55:49,574] logger_util.py->write_log line:61 [INFO] 接口路径：http://127.0.0.1:18000/api/v1/project/node?isDeleteFile=false
[2022-09-25 15:55:49,574] logger_util.py->write_log line:61 [INFO] 请求头：{}
[2022-09-25 15:55:49,574] logger_util.py->write_log line:61 [INFO] 请求参数：[909]
[2022-09-25 15:55:49,575] logger_util.py->write_log line:61 [INFO] 文件上传：None
[2022-09-25 15:55:49,604] logger_util.py->write_log line:61 [INFO] -------------接口请求开始-----------
[2022-09-25 15:55:49,604] logger_util.py->write_log line:61 [INFO] 接口名称：新建工程
[2022-09-25 15:55:49,604] logger_util.py->write_log line:61 [INFO] 接口方式：post
[2022-09-25 15:55:49,604] logger_util.py->write_log line:61 [INFO] 接口路径：http://127.0.0.1:18000/api/v1/project/node
[2022-09-25 15:55:49,604] logger_util.py->write_log line:61 [INFO] 请求头：{'Content-Type': 'application/json;charset=UTF-8'}
[2022-09-25 15:55:49,604] logger_util.py->write_log line:61 [INFO] 请求参数：{'name': '工程8658', 'path': 'E:\\APP\\CMS201', 'type': 1, 'parentId': 0}
[2022-09-25 15:55:49,604] logger_util.py->write_log line:61 [INFO] 文件上传：None
[2022-09-25 15:55:50,888] logger_util.py->write_log line:61 [INFO] 预期结果：[{'equals': {'status_code': 200}}]
[2022-09-25 15:55:50,888] logger_util.py->write_log line:61 [INFO] 实际结果：911
[2022-09-25 15:55:50,888] logger_util.py->write_log line:61 [INFO] 接口请求成功！
[2022-09-25 15:55:50,889] logger_util.py->write_log line:61 [INFO] -------------接口请求结束-----------

[2022-09-25 15:55:50,894] logger_util.py->write_log line:61 [INFO] -------------接口请求开始-----------
[2022-09-25 15:55:50,894] logger_util.py->write_log line:61 [INFO] 接口名称：新建文件夹
[2022-09-25 15:55:50,894] logger_util.py->write_log line:61 [INFO] 接口方式：post
[2022-09-25 15:55:50,894] logger_util.py->write_log line:61 [INFO] 接口路径：http://127.0.0.1:18000/api/v1/project/node
[2022-09-25 15:55:50,894] logger_util.py->write_log line:61 [INFO] 请求头：{'Content-Type': 'application/json;charset=UTF-8'}
[2022-09-25 15:55:50,894] logger_util.py->write_log line:61 [INFO] 请求参数：{'name': '文件夹7215', 'path': None, 'type': 0, 'parentId': 0}
[2022-09-25 15:55:50,894] logger_util.py->write_log line:61 [INFO] 文件上传：None
[2022-09-25 15:55:50,930] logger_util.py->write_log line:61 [INFO] 预期结果：[{'equals': {'status_code': 200}}]
[2022-09-25 15:55:50,930] logger_util.py->write_log line:61 [INFO] 实际结果：912
[2022-09-25 15:55:50,930] logger_util.py->write_log line:61 [INFO] 接口请求成功！
[2022-09-25 15:55:50,930] logger_util.py->write_log line:61 [INFO] -------------接口请求结束-----------

[2022-09-25 15:55:50,936] logger_util.py->write_log line:61 [INFO] -------------接口请求开始-----------
[2022-09-25 15:55:50,936] logger_util.py->write_log line:61 [INFO] 接口名称：移动文件
[2022-09-25 15:55:50,936] logger_util.py->write_log line:61 [INFO] 接口方式：put
[2022-09-25 15:55:50,936] logger_util.py->write_log line:61 [INFO] 接口路径：http://127.0.0.1:18000/api/v1/project/node/911
[2022-09-25 15:55:50,936] logger_util.py->write_log line:61 [INFO] 请求头：{}
[2022-09-25 15:55:50,937] logger_util.py->write_log line:61 [INFO] 请求参数：{'child': [], 'id': 911, 'parentId': 912, 'name': '移动工程1653', 'path': 'E:\\APP\\CMS201\\移动工程1653', 'type': 1}
[2022-09-25 15:55:50,937] logger_util.py->write_log line:61 [INFO] 文件上传：None
[2022-09-25 15:55:50,964] logger_util.py->write_log line:61 [INFO] -------------接口请求开始-----------
[2022-09-25 15:55:50,964] logger_util.py->write_log line:61 [INFO] 接口名称：获取工程信息
[2022-09-25 15:55:50,964] logger_util.py->write_log line:61 [INFO] 接口方式：get
[2022-09-25 15:55:50,964] logger_util.py->write_log line:61 [INFO] 接口路径：http://127.0.0.1:18000/api/v1/project/911/info
[2022-09-25 15:55:50,965] logger_util.py->write_log line:61 [INFO] 请求头：{'Content-Type': 'application/json;charset=UTF-8'}
[2022-09-25 15:55:50,965] logger_util.py->write_log line:61 [INFO] 文件上传：None
[2022-09-25 15:55:51,206] logger_util.py->write_log line:61 [INFO] 预期结果：[{'equals': {'status_code': 200}}]
[2022-09-25 15:55:51,206] logger_util.py->write_log line:61 [INFO] 实际结果：{'id': 911, 'name': '工程8658', 'identifier': '01c17a77e4b2482ebba50a070e86624b', 'path': 'E:\\APP\\CMS201\\工程8658', 'updateTime': '2022-09-25T15:55:50.8671662'}
[2022-09-25 15:55:51,206] logger_util.py->write_log line:61 [INFO] 接口请求成功！
[2022-09-25 15:55:51,206] logger_util.py->write_log line:61 [INFO] -------------接口请求结束-----------

[2022-09-25 15:55:51,212] logger_util.py->write_log line:61 [INFO] -------------接口请求开始-----------
[2022-09-25 15:55:51,212] logger_util.py->write_log line:61 [INFO] 接口名称：新建文件夹/画面
[2022-09-25 15:55:51,212] logger_util.py->write_log line:61 [INFO] 接口方式：post
[2022-09-25 15:55:51,212] logger_util.py->write_log line:61 [INFO] 接口路径：http://127.0.0.1:18000/api/v1/view/node?copyFrom=
[2022-09-25 15:55:51,212] logger_util.py->write_log line:61 [INFO] 请求头：{'Content-Type': 'application/json;charset=UTF-8', 'X-Project': '01c17a77e4b2482ebba50a070e86624b'}
[2022-09-25 15:55:51,212] logger_util.py->write_log line:61 [INFO] 请求参数：{'name': '文件夹3003', 'parentId': None, 'type': 0, 'sort': None}
[2022-09-25 15:55:51,213] logger_util.py->write_log line:61 [INFO] 文件上传：None
[2022-09-25 15:55:51,314] logger_util.py->write_log line:61 [INFO] 预期结果：[{'equals': {'status_code': 200}}]
[2022-09-25 15:55:51,314] logger_util.py->write_log line:61 [INFO] 实际结果：1
[2022-09-25 15:55:51,314] logger_util.py->write_log line:61 [INFO] 接口请求成功！
[2022-09-25 15:55:51,314] logger_util.py->write_log line:61 [INFO] -------------接口请求结束-----------

[2022-09-25 15:55:51,319] logger_util.py->write_log line:61 [INFO] -------------接口请求开始-----------
[2022-09-25 15:55:51,319] logger_util.py->write_log line:61 [INFO] 接口名称：新建文件夹/画面
[2022-09-25 15:55:51,319] logger_util.py->write_log line:61 [INFO] 接口方式：post
[2022-09-25 15:55:51,319] logger_util.py->write_log line:61 [INFO] 接口路径：http://127.0.0.1:18000/api/v1/view/node?copyFrom=
[2022-09-25 15:55:51,320] logger_util.py->write_log line:61 [INFO] 请求头：{'Content-Type': 'application/json;charset=UTF-8', 'X-Project': '01c17a77e4b2482ebba50a070e86624b'}
[2022-09-25 15:55:51,320] logger_util.py->write_log line:61 [INFO] 请求参数：{'name': '画面5523', 'parentId': None, 'type': 1, 'sort': None}
[2022-09-25 15:55:51,320] logger_util.py->write_log line:61 [INFO] 文件上传：None
[2022-09-25 15:55:51,406] logger_util.py->write_log line:61 [INFO] 预期结果：[{'equals': {'status_code': 200}}]
[2022-09-25 15:55:51,406] logger_util.py->write_log line:61 [INFO] 实际结果：2
[2022-09-25 15:55:51,406] logger_util.py->write_log line:61 [INFO] 接口请求成功！
[2022-09-25 15:55:51,406] logger_util.py->write_log line:61 [INFO] -------------接口请求结束-----------

[2022-09-25 15:55:51,412] logger_util.py->write_log line:61 [INFO] -------------接口请求开始-----------
[2022-09-25 15:55:51,412] logger_util.py->write_log line:61 [INFO] 接口名称：删除工程
[2022-09-25 15:55:51,412] logger_util.py->write_log line:61 [INFO] 接口方式：get
[2022-09-25 15:55:51,412] logger_util.py->write_log line:61 [INFO] 接口路径：http://127.0.0.1:18000/api/v1/view/node/1
[2022-09-25 15:55:51,412] logger_util.py->write_log line:61 [INFO] 请求头：{'Content-Type': 'application/json;charset=UTF-8', 'X-Project': '01c17a77e4b2482ebba50a070e86624b'}
[2022-09-25 15:55:51,412] logger_util.py->write_log line:61 [INFO] 文件上传：None
[2022-09-25 15:55:51,422] logger_util.py->write_log line:61 [INFO] 预期结果：[{'equals': {'status_code': 200}}]
[2022-09-25 15:55:51,422] logger_util.py->write_log line:61 [INFO] 实际结果：{'id': 1, 'parentId': None, 'name': '文件夹3003', 'type': 0, 'sort': 1, 'updateTime': '2022-09-25T15:55:51.2187296'}
[2022-09-25 15:55:51,422] logger_util.py->write_log line:61 [INFO] 接口请求成功！
[2022-09-25 15:55:51,422] logger_util.py->write_log line:61 [INFO] -------------接口请求结束-----------

[2022-09-25 15:55:51,428] logger_util.py->write_log line:61 [INFO] -------------接口请求开始-----------
[2022-09-25 15:55:51,428] logger_util.py->write_log line:61 [INFO] 接口名称：删除工程
[2022-09-25 15:55:51,428] logger_util.py->write_log line:61 [INFO] 接口方式：get
[2022-09-25 15:55:51,428] logger_util.py->write_log line:61 [INFO] 接口路径：http://127.0.0.1:18000/api/v1/view/node/2
[2022-09-25 15:55:51,428] logger_util.py->write_log line:61 [INFO] 请求头：{'Content-Type': 'application/json;charset=UTF-8', 'X-Project': '01c17a77e4b2482ebba50a070e86624b'}
[2022-09-25 15:55:51,428] logger_util.py->write_log line:61 [INFO] 文件上传：None
[2022-09-25 15:55:51,435] logger_util.py->write_log line:61 [INFO] 预期结果：[{'equals': {'status_code': 200}}]
[2022-09-25 15:55:51,435] logger_util.py->write_log line:61 [INFO] 实际结果：{'id': 2, 'parentId': None, 'name': '画面5523', 'type': 1, 'sort': 2, 'updateTime': '2022-09-25T15:55:51.324372'}
[2022-09-25 15:55:51,435] logger_util.py->write_log line:61 [INFO] 接口请求成功！
[2022-09-25 15:55:51,435] logger_util.py->write_log line:61 [INFO] -------------接口请求结束-----------

[2022-09-25 15:55:51,441] logger_util.py->write_log line:61 [INFO] -------------接口请求开始-----------
[2022-09-25 15:55:51,441] logger_util.py->write_log line:61 [INFO] 接口名称：移动工程
[2022-09-25 15:55:51,442] logger_util.py->write_log line:61 [INFO] 接口方式：post
[2022-09-25 15:55:51,442] logger_util.py->write_log line:61 [INFO] 接口路径：http://127.0.0.1:18000/api/v1/view/node/2/sort
[2022-09-25 15:55:51,442] logger_util.py->write_log line:61 [INFO] 请求头：{'Content-Type': 'application/json;charset=UTF-8', 'X-Project': '01c17a77e4b2482ebba50a070e86624b'}
[2022-09-25 15:55:51,442] logger_util.py->write_log line:61 [INFO] 请求参数：{'parentId': '1', 'sort': 1}
[2022-09-25 15:55:51,442] logger_util.py->write_log line:61 [INFO] 文件上传：None
[2022-09-25 15:55:51,549] logger_util.py->write_log line:61 [INFO] 预期结果：[{'equals': {'status_code': 200}}]
[2022-09-25 15:55:51,549] logger_util.py->write_log line:61 [INFO] 实际结果：True
[2022-09-25 15:55:51,550] logger_util.py->write_log line:61 [INFO] 接口请求成功！
[2022-09-25 15:55:51,550] logger_util.py->write_log line:61 [INFO] -------------接口请求结束-----------

[2022-09-25 15:55:51,555] logger_util.py->write_log line:61 [INFO] -------------接口请求开始-----------
[2022-09-25 15:55:51,555] logger_util.py->write_log line:61 [INFO] 接口名称：获取画面树节点
[2022-09-25 15:55:51,555] logger_util.py->write_log line:61 [INFO] 接口方式：get
[2022-09-25 15:55:51,555] logger_util.py->write_log line:61 [INFO] 接口路径：http://127.0.0.1:18000/api/v1/view/node/tree
[2022-09-25 15:55:51,555] logger_util.py->write_log line:61 [INFO] 请求头：{'Content-Type': 'application/json;charset=UTF-8', 'X-Project': '01c17a77e4b2482ebba50a070e86624b'}
[2022-09-25 15:55:51,555] logger_util.py->write_log line:61 [INFO] 文件上传：None
[2022-09-25 15:55:51,561] logger_util.py->write_log line:61 [INFO] 预期结果：[{'equals': {'status_code': 200}}]
[2022-09-25 15:55:51,561] logger_util.py->write_log line:61 [INFO] 实际结果：[{'child': [{'child': [], 'id': 2, 'parentId': 1, 'name': '画面5523', 'type': 1, 'sort': 1, 'updateTime': '2022-09-25T15:55:51.4565983'}], 'id': 1, 'parentId': None, 'name': '文件夹3003', 'type': 0, 'sort': 1, 'updateTime': '2022-09-25T15:55:51.2187296'}]
[2022-09-25 15:55:51,561] logger_util.py->write_log line:61 [INFO] 接口请求成功！
[2022-09-25 15:55:51,561] logger_util.py->write_log line:61 [INFO] -------------接口请求结束-----------

[2022-09-25 15:55:51,568] logger_util.py->write_log line:61 [INFO] -------------接口请求开始-----------
[2022-09-25 15:55:51,568] logger_util.py->write_log line:61 [INFO] 接口名称：获取画面树节点
[2022-09-25 15:55:51,568] logger_util.py->write_log line:61 [INFO] 接口方式：get
[2022-09-25 15:55:51,568] logger_util.py->write_log line:61 [INFO] 接口路径：http://127.0.0.1:18000/api/v1/view/node/tree
[2022-09-25 15:55:51,568] logger_util.py->write_log line:61 [INFO] 请求头：{'Content-Type': 'application/json;charset=UTF-8', 'X-Project': '01c17a77e4b2482ebba50a070e86624b'}
[2022-09-25 15:55:51,569] logger_util.py->write_log line:61 [INFO] 文件上传：None
[2022-09-25 15:55:51,573] logger_util.py->write_log line:61 [INFO] 预期结果：[{'equals': {'status_code': 200}}]
[2022-09-25 15:55:51,573] logger_util.py->write_log line:61 [INFO] 实际结果：[{'child': [{'child': [], 'id': 2, 'parentId': 1, 'name': '画面5523', 'type': 1, 'sort': 1, 'updateTime': '2022-09-25T15:55:51.4565983'}], 'id': 1, 'parentId': None, 'name': '文件夹3003', 'type': 0, 'sort': 1, 'updateTime': '2022-09-25T15:55:51.2187296'}]
[2022-09-25 15:55:51,573] logger_util.py->write_log line:61 [INFO] 接口请求成功！
[2022-09-25 15:55:51,573] logger_util.py->write_log line:61 [INFO] -------------接口请求结束-----------

[2022-09-25 15:55:51,578] logger_util.py->write_log line:61 [INFO] -------------接口请求开始-----------
[2022-09-25 15:55:51,578] logger_util.py->write_log line:61 [INFO] 接口名称：重命名图库默认组
[2022-09-25 15:55:51,578] logger_util.py->write_log line:61 [INFO] 接口方式：put
[2022-09-25 15:55:51,578] logger_util.py->write_log line:61 [INFO] 接口路径：http://127.0.0.1:18000/api/v1/view/image/00000000000000000000000000000000/rename
[2022-09-25 15:55:51,578] logger_util.py->write_log line:61 [INFO] 请求头：{'Content-Type': 'application/json;charset=UTF-8', 'X-Project': '01c17a77e4b2482ebba50a070e86624b'}
[2022-09-25 15:55:51,578] logger_util.py->write_log line:61 [INFO] 请求参数：修改
[2022-09-25 15:55:51,578] logger_util.py->write_log line:61 [INFO] 文件上传：None
[2022-09-25 15:55:51,583] logger_util.py->write_log line:61 [INFO] 预期结果：[{'equals': {'status_code': 200}}]
[2022-09-25 15:55:51,583] logger_util.py->write_log line:61 [INFO] 实际结果：False
[2022-09-25 15:55:51,583] logger_util.py->write_log line:61 [INFO] 接口请求成功！
[2022-09-25 15:55:51,583] logger_util.py->write_log line:61 [INFO] -------------接口请求结束-----------

[2022-09-25 15:55:51,587] logger_util.py->write_log line:61 [INFO] -------------接口请求开始-----------
[2022-09-25 15:55:51,587] logger_util.py->write_log line:61 [INFO] 接口名称：重命名图库默认组
[2022-09-25 15:55:51,587] logger_util.py->write_log line:61 [INFO] 接口方式：post
[2022-09-25 15:55:51,587] logger_util.py->write_log line:61 [INFO] 接口路径：http://127.0.0.1:18000/api/v1/view/image
[2022-09-25 15:55:51,587] logger_util.py->write_log line:61 [INFO] 请求头：{'Content-Type': 'application/json;charset=UTF-8', 'X-Project': '01c17a77e4b2482ebba50a070e86624b'}
[2022-09-25 15:55:51,587] logger_util.py->write_log line:61 [INFO] 请求参数：图库1
[2022-09-25 15:55:51,587] logger_util.py->write_log line:61 [INFO] 文件上传：None
[2022-09-25 15:55:51,683] logger_util.py->write_log line:61 [INFO] 预期结果：[{'equals': {'status_code': 200}}]
[2022-09-25 15:55:51,683] logger_util.py->write_log line:61 [INFO] 实际结果：eaf69ce3a12b498c90d4ba6e91e6351a
[2022-09-25 15:55:51,683] logger_util.py->write_log line:61 [INFO] 接口请求成功！
[2022-09-25 15:55:51,684] logger_util.py->write_log line:61 [INFO] -------------接口请求结束-----------

[2022-09-25 15:55:51,690] logger_util.py->write_log line:61 [INFO] -------------接口请求开始-----------
[2022-09-25 15:55:51,690] logger_util.py->write_log line:61 [INFO] 接口名称：删除图库组
[2022-09-25 15:55:51,690] logger_util.py->write_log line:61 [INFO] 接口方式：delete
[2022-09-25 15:55:51,690] logger_util.py->write_log line:61 [INFO] 接口路径：http://127.0.0.1:18000/api/v1/view/image/eaf69ce3a12b498c90d4ba6e91e6351a
[2022-09-25 15:55:51,690] logger_util.py->write_log line:61 [INFO] 请求头：{'Content-Type': 'application/json;charset=UTF-8', 'X-Project': '01c17a77e4b2482ebba50a070e86624b'}
[2022-09-25 15:55:51,690] logger_util.py->write_log line:61 [INFO] 文件上传：None
[2022-09-25 15:55:51,786] logger_util.py->write_log line:61 [INFO] 预期结果：[{'equals': {'status_code': 200}}]
[2022-09-25 15:55:51,786] logger_util.py->write_log line:61 [INFO] 实际结果：
[2022-09-25 15:55:51,786] logger_util.py->write_log line:61 [INFO] 接口请求成功！
[2022-09-25 15:55:51,787] logger_util.py->write_log line:61 [INFO] -------------接口请求结束-----------

[2022-09-25 15:55:51,809] logger_util.py->write_log line:61 [INFO] -------------接口请求开始-----------
[2022-09-25 15:55:51,809] logger_util.py->write_log line:61 [INFO] 接口名称：上传jpg图片
[2022-09-25 15:55:51,809] logger_util.py->write_log line:61 [INFO] 接口方式：post
[2022-09-25 15:55:51,809] logger_util.py->write_log line:61 [INFO] 接口路径：http://127.0.0.1:18000/api/v1/view/image/00000000000000000000000000000000
[2022-09-25 15:55:51,809] logger_util.py->write_log line:61 [INFO] 请求头：{'X-Project': '01c17a77e4b2482ebba50a070e86624b'}
[2022-09-25 15:55:51,809] logger_util.py->write_log line:61 [INFO] 文件上传：None
[2022-09-25 15:55:51,825] logger_util.py->error_log line:65 [INFO] 断言失败:status_code不等于200
[2022-09-25 15:55:51,826] logger_util.py->write_log line:61 [INFO] 接口请求失败！
[2022-09-25 15:55:51,826] logger_util.py->write_log line:61 [INFO] -------------接口请求结束-----------

[2022-09-25 15:55:51,826] logger_util.py->error_log line:65 [INFO] 断言异常：异常信息: Traceback (most recent call last):
  File "E:\Project_python\2TestCMS2.0\common\requests_util.py", line 394, in validate_result
    error_log("断言失败:"+assert_key+"不等于"+str(assert_value))
  File "E:\Project_python\2TestCMS2.0\common\logger_util.py", line 66, in error_log
    raise Exception(log_message)
Exception: 断言失败:status_code不等于200

[2022-09-25 15:55:51,827] logger_util.py->error_log line:65 [INFO] 分析YAML文件异常：异常信息: Traceback (most recent call last):
  File "E:\Project_python\2TestCMS2.0\common\requests_util.py", line 394, in validate_result
    error_log("断言失败:"+assert_key+"不等于"+str(assert_value))
  File "E:\Project_python\2TestCMS2.0\common\logger_util.py", line 66, in error_log
    raise Exception(log_message)
Exception: 断言失败:status_code不等于200

During handling of the above exception, another exception occurred:

Traceback (most recent call last):
  File "E:\Project_python\2TestCMS2.0\common\requests_util.py", line 260, in analysis_yaml
    self.validate_result(yq_result, return_data, status_code)
  File "E:\Project_python\2TestCMS2.0\common\requests_util.py", line 429, in validate_result
    error_log("断言异常：异常信息: %s" % str(traceback.format_exc()))
  File "E:\Project_python\2TestCMS2.0\common\logger_util.py", line 66, in error_log
    raise Exception(log_message)
Exception: 断言异常：异常信息: Traceback (most recent call last):
  File "E:\Project_python\2TestCMS2.0\common\requests_util.py", line 394, in validate_result
    error_log("断言失败:"+assert_key+"不等于"+str(assert_value))
  File "E:\Project_python\2TestCMS2.0\common\logger_util.py", line 66, in error_log
    raise Exception(log_message)
Exception: 断言失败:status_code不等于200


[2022-09-25 15:55:51,922] logger_util.py->write_log line:61 [INFO] -------------接口请求开始-----------
[2022-09-25 15:55:51,923] logger_util.py->write_log line:61 [INFO] 接口名称：上传png图片
[2022-09-25 15:55:51,923] logger_util.py->write_log line:61 [INFO] 接口方式：post
[2022-09-25 15:55:51,923] logger_util.py->write_log line:61 [INFO] 接口路径：http://127.0.0.1:18000/api/v1/view/image/00000000000000000000000000000000
[2022-09-25 15:55:51,923] logger_util.py->write_log line:61 [INFO] 请求头：{'X-Project': '01c17a77e4b2482ebba50a070e86624b', 'Content-Type': 'multipart/form-data; boundary=----WebKitFormBoundaryAksFLqAAKYj1FMdk'}
[2022-09-25 15:55:51,923] logger_util.py->write_log line:61 [INFO] 文件上传：None
[2022-09-25 15:55:51,932] logger_util.py->error_log line:65 [INFO] 断言失败:status_code不等于200
[2022-09-25 15:55:51,932] logger_util.py->write_log line:61 [INFO] 接口请求失败！
[2022-09-25 15:55:51,932] logger_util.py->write_log line:61 [INFO] -------------接口请求结束-----------

[2022-09-25 15:55:51,932] logger_util.py->error_log line:65 [INFO] 断言异常：异常信息: Traceback (most recent call last):
  File "E:\Project_python\2TestCMS2.0\common\requests_util.py", line 394, in validate_result
    error_log("断言失败:"+assert_key+"不等于"+str(assert_value))
  File "E:\Project_python\2TestCMS2.0\common\logger_util.py", line 66, in error_log
    raise Exception(log_message)
Exception: 断言失败:status_code不等于200

[2022-09-25 15:55:51,933] logger_util.py->error_log line:65 [INFO] 分析YAML文件异常：异常信息: Traceback (most recent call last):
  File "E:\Project_python\2TestCMS2.0\common\requests_util.py", line 394, in validate_result
    error_log("断言失败:"+assert_key+"不等于"+str(assert_value))
  File "E:\Project_python\2TestCMS2.0\common\logger_util.py", line 66, in error_log
    raise Exception(log_message)
Exception: 断言失败:status_code不等于200

During handling of the above exception, another exception occurred:

Traceback (most recent call last):
  File "E:\Project_python\2TestCMS2.0\common\requests_util.py", line 260, in analysis_yaml
    self.validate_result(yq_result, return_data, status_code)
  File "E:\Project_python\2TestCMS2.0\common\requests_util.py", line 429, in validate_result
    error_log("断言异常：异常信息: %s" % str(traceback.format_exc()))
  File "E:\Project_python\2TestCMS2.0\common\logger_util.py", line 66, in error_log
    raise Exception(log_message)
Exception: 断言异常：异常信息: Traceback (most recent call last):
  File "E:\Project_python\2TestCMS2.0\common\requests_util.py", line 394, in validate_result
    error_log("断言失败:"+assert_key+"不等于"+str(assert_value))
  File "E:\Project_python\2TestCMS2.0\common\logger_util.py", line 66, in error_log
    raise Exception(log_message)
Exception: 断言失败:status_code不等于200


[2022-09-25 15:55:51,965] logger_util.py->write_log line:61 [INFO] -------------接口请求开始-----------
[2022-09-25 15:55:51,965] logger_util.py->write_log line:61 [INFO] 接口名称：上传gif图片
[2022-09-25 15:55:51,965] logger_util.py->write_log line:61 [INFO] 接口方式：post
[2022-09-25 15:55:51,965] logger_util.py->write_log line:61 [INFO] 接口路径：http://127.0.0.1:18000/api/v1/view/image/00000000000000000000000000000000
[2022-09-25 15:55:51,966] logger_util.py->write_log line:61 [INFO] 请求头：{'X-Project': '01c17a77e4b2482ebba50a070e86624b'}
[2022-09-25 15:55:51,966] logger_util.py->write_log line:61 [INFO] 文件上传：None
[2022-09-25 15:55:51,985] logger_util.py->error_log line:65 [INFO] 断言失败:status_code不等于200
[2022-09-25 15:55:51,985] logger_util.py->write_log line:61 [INFO] 接口请求失败！
[2022-09-25 15:55:51,985] logger_util.py->write_log line:61 [INFO] -------------接口请求结束-----------

[2022-09-25 15:55:51,985] logger_util.py->error_log line:65 [INFO] 断言异常：异常信息: Traceback (most recent call last):
  File "E:\Project_python\2TestCMS2.0\common\requests_util.py", line 394, in validate_result
    error_log("断言失败:"+assert_key+"不等于"+str(assert_value))
  File "E:\Project_python\2TestCMS2.0\common\logger_util.py", line 66, in error_log
    raise Exception(log_message)
Exception: 断言失败:status_code不等于200

[2022-09-25 15:55:51,986] logger_util.py->error_log line:65 [INFO] 分析YAML文件异常：异常信息: Traceback (most recent call last):
  File "E:\Project_python\2TestCMS2.0\common\requests_util.py", line 394, in validate_result
    error_log("断言失败:"+assert_key+"不等于"+str(assert_value))
  File "E:\Project_python\2TestCMS2.0\common\logger_util.py", line 66, in error_log
    raise Exception(log_message)
Exception: 断言失败:status_code不等于200

During handling of the above exception, another exception occurred:

Traceback (most recent call last):
  File "E:\Project_python\2TestCMS2.0\common\requests_util.py", line 260, in analysis_yaml
    self.validate_result(yq_result, return_data, status_code)
  File "E:\Project_python\2TestCMS2.0\common\requests_util.py", line 429, in validate_result
    error_log("断言异常：异常信息: %s" % str(traceback.format_exc()))
  File "E:\Project_python\2TestCMS2.0\common\logger_util.py", line 66, in error_log
    raise Exception(log_message)
Exception: 断言异常：异常信息: Traceback (most recent call last):
  File "E:\Project_python\2TestCMS2.0\common\requests_util.py", line 394, in validate_result
    error_log("断言失败:"+assert_key+"不等于"+str(assert_value))
  File "E:\Project_python\2TestCMS2.0\common\logger_util.py", line 66, in error_log
    raise Exception(log_message)
Exception: 断言失败:status_code不等于200


