[2023-05-28 16:03:03,227] logger_util.py->write_log line:61 [INFO] -------------接口请求开始-----------
[2023-05-28 16:03:03,227] logger_util.py->write_log line:61 [INFO] 接口名称：获取数据管理配置树
[2023-05-28 16:03:03,227] logger_util.py->write_log line:61 [INFO] 接口方式：get
[2023-05-28 16:03:03,227] logger_util.py->write_log line:61 [INFO] 接口路径：http://192.168.4.12:18000/api/v1/dataconfig/tree
[2023-05-28 16:03:03,227] logger_util.py->write_log line:61 [INFO] 请求头：{'Content-Type': 'application/json;charset=UTF-8', 'X-Project': 'b32d81056e124620b809e92f49cdf3d4'}
[2023-05-28 16:03:03,228] logger_util.py->write_log line:61 [INFO] 文件上传：None
[2023-05-28 16:03:03,304] logger_util.py->write_log line:61 [INFO] 预期结果：[{'equals': {'status_code': 200}}, {'equals': {'name': '报警管理'}}]
[2023-05-28 16:03:03,304] logger_util.py->write_log line:61 [INFO] 实际结果：[{'id': '97986c3b-2d70-40d2-8ad3-93b3196ee02a', 'parentId': '00000000-0000-0000-0000-000000000000', 'name': '3', 'nodeType': 3, 'children': [], 'sort': 1, 'operations': [1, 2, 3, 4], 'functions': [2, 3, 4]}, {'id': '4193658b-52a3-4cd7-8665-f30ab712c5a3', 'parentId': '00000000-0000-0000-0000-000000000000', 'name': '归档表90', 'nodeType': 2, 'children': [], 'sort': 2, 'operations': [1, 2, 3, 4], 'functions': [1, 2, 3, 4]}, {'id': 'f620b182-7169-4563-98af-9d076c186163', 'parentId': '00000000-0000-0000-0000-000000000000', 'name': '报警管理', 'nodeType': 1, 'children': [{'id': 'a9b66e92-6f83-44e3-ba02-ccbdb0f149c1', 'parentId': 'f620b182-7169-4563-98af-9d076c186163', 'name': '报警管理-实时表', 'nodeType': 2, 'children': [], 'sort': 1, 'operations': [], 'functions': []}, {'id': 'e342f0fa-977d-459a-97b2-f4fc4b36c7e4', 'parentId': 'f620b182-7169-4563-98af-9d076c186163', 'name': '报警管理-历史表', 'nodeType': 2, 'children': [], 'sort': 2, 'operations': [], 'functions': [2]}], 'sort': 3, 'operations': [], 'functions': None}, {'id': '62a14f1f-3645-4ad8-b510-690e45e23d6d', 'parentId': '00000000-0000-0000-0000-000000000000', 'name': '归档表30', 'nodeType': 2, 'children': [], 'sort': 4, 'operations': [1, 2, 3, 4], 'functions': [1, 2, 3, 4]}, {'id': '066cbe52-50eb-47e4-b1fd-010706260ee8', 'parentId': '00000000-0000-0000-0000-000000000000', 'name': '归档表51', 'nodeType': 2, 'children': [], 'sort': 5, 'operations': [1, 2, 3, 4], 'functions': [1, 2, 3, 4]}, {'id': 'd97b6c0b-fe14-4669-825a-b3ba3c2faabf', 'parentId': '00000000-0000-0000-0000-000000000000', 'name': '聚合表88', 'nodeType': 3, 'children': [], 'sort': 6, 'operations': [1, 2, 3, 4], 'functions': [2, 3, 4]}, {'id': '5882c397-d83b-4bde-8b39-ce9a7950ce73', 'parentId': '00000000-0000-0000-0000-000000000000', 'name': '归档表', 'nodeType': 2, 'children': [], 'sort': 7, 'operations': [1, 2, 3, 4], 'functions': [1, 2, 3, 4]}, {'id': '8ed90e55-96f5-4e3e-90bd-869bce176d78', 'parentId': '00000000-0000-0000-0000-000000000000', 'name': '聚合表', 'nodeType': 3, 'children': [], 'sort': 8, 'operations': [1, 2, 3, 4], 'functions': [2, 3, 4]}, {'id': 'a5499325-809c-49a0-8dce-743e0b815785', 'parentId': '00000000-0000-0000-0000-000000000000', 'name': '聚合表-0003', 'nodeType': 3, 'children': [], 'sort': 9, 'operations': [1, 2, 3, 4], 'functions': [2, 3, 4]}, {'id': '181a03d5-16c1-48ad-aaf7-0b8d2f32257d', 'parentId': '00000000-0000-0000-0000-000000000000', 'name': '新建文件夹-8423', 'nodeType': 1, 'children': [{'id': 'a56831c1-468b-4856-9309-dae966e38eb2', 'parentId': '181a03d5-16c1-48ad-aaf7-0b8d2f32257d', 'name': '新建文件夹-8274', 'nodeType': 1, 'children': [{'id': '4d0ed61c-f910-4222-86ed-ea2a7c4646fd', 'parentId': 'a56831c1-468b-4856-9309-dae966e38eb2', 'name': '新建文件夹-6097', 'nodeType': 1, 'children': [{'id': 'c3862fc6-151d-4cda-8e68-d06699d99161', 'parentId': '4d0ed61c-f910-4222-86ed-ea2a7c4646fd', 'name': '新建文件夹-1086', 'nodeType': 1, 'children': [], 'sort': 1, 'operations': [1, 4], 'functions': None}], 'sort': 2, 'operations': [1, 4], 'functions': None}], 'sort': 1, 'operations': [1, 4], 'functions': None}], 'sort': 10, 'operations': [1, 4], 'functions': None}, {'id': '63567382-48bf-404f-a91d-a69c6568e354', 'parentId': '00000000-0000-0000-0000-000000000000', 'name': '聚合表-0002', 'nodeType': 3, 'children': [], 'sort': 11, 'operations': [1, 2, 3, 4], 'functions': [2, 3, 4]}, {'id': '21764470-0e91-4981-9340-f202c072d937', 'parentId': '00000000-0000-0000-0000-000000000000', 'name': '聚合表', 'nodeType': 1, 'children': [], 'sort': 12, 'operations': [1, 4], 'functions': None}]
[2023-05-28 16:03:03,305] logger_util.py->write_log line:61 [INFO] 接口请求成功！
[2023-05-28 16:03:03,305] logger_util.py->write_log line:61 [INFO] -------------接口请求结束-----------

[2023-05-28 16:03:03,310] logger_util.py->write_log line:61 [INFO] -------------接口请求开始-----------
[2023-05-28 16:03:03,317] logger_util.py->write_log line:61 [INFO] 接口名称：创建文件夹
[2023-05-28 16:03:03,317] logger_util.py->write_log line:61 [INFO] 接口方式：post
[2023-05-28 16:03:03,317] logger_util.py->write_log line:61 [INFO] 接口路径：http://192.168.4.12:18000/api/v1/dataconfig/folder
[2023-05-28 16:03:03,317] logger_util.py->write_log line:61 [INFO] 请求头：{'Content-Type': 'application/json;charset=UTF-8', 'X-Project': 'b32d81056e124620b809e92f49cdf3d4'}
[2023-05-28 16:03:03,317] logger_util.py->write_log line:61 [INFO] 请求参数：{'parentId': '00000000-0000-0000-0000-000000000000', 'name': '文件夹86', 'sort': 2}
[2023-05-28 16:03:03,317] logger_util.py->write_log line:61 [INFO] 文件上传：None
[2023-05-28 16:03:03,356] logger_util.py->write_log line:61 [INFO] 预期结果：[{'equals': {'status_code': 200}}, {'equals': {'sort': 2}}, {'contains': 'id'}]
[2023-05-28 16:03:03,356] logger_util.py->write_log line:61 [INFO] 实际结果：{'id': '8c042ae4-2a6c-4f88-aa86-ecb6a0930bdc', 'name': '文件夹86', 'parentId': '00000000-0000-0000-0000-000000000000', 'level': 0, 'sort': 2, 'createDateTime': '2023-05-28T16:03:03.4231183+08:00', 'operationTypes': [1, 4]}
[2023-05-28 16:03:03,356] logger_util.py->write_log line:61 [INFO] 接口请求成功！
[2023-05-28 16:03:03,356] logger_util.py->write_log line:61 [INFO] -------------接口请求结束-----------

[2023-05-28 16:03:03,362] logger_util.py->write_log line:61 [INFO] -------------接口请求开始-----------
[2023-05-28 16:03:03,363] logger_util.py->write_log line:61 [INFO] 接口名称：获取所有文件夹
[2023-05-28 16:03:03,363] logger_util.py->write_log line:61 [INFO] 接口方式：get
[2023-05-28 16:03:03,363] logger_util.py->write_log line:61 [INFO] 接口路径：http://192.168.4.12:18000/api/v1/dataconfig/folder
[2023-05-28 16:03:03,363] logger_util.py->write_log line:61 [INFO] 请求头：{'Content-Type': 'application/json;charset=UTF-8', 'X-Project': 'b32d81056e124620b809e92f49cdf3d4'}
[2023-05-28 16:03:03,363] logger_util.py->write_log line:61 [INFO] 文件上传：None
[2023-05-28 16:03:03,370] logger_util.py->write_log line:61 [INFO] 预期结果：[{'equals': {'status_code': 200}}, {'equals': {'name': '报警管理'}}]
[2023-05-28 16:03:03,370] logger_util.py->write_log line:61 [INFO] 实际结果：[{'id': 'f620b182-7169-4563-98af-9d076c186163', 'name': '报警管理', 'parentId': '00000000-0000-0000-0000-000000000000', 'level': 0, 'sort': 4, 'createDateTime': '0001-01-01T00:00:00', 'operationTypes': []}, {'id': '21764470-0e91-4981-9340-f202c072d937', 'name': '聚合表', 'parentId': '00000000-0000-0000-0000-000000000000', 'level': 0, 'sort': 13, 'createDateTime': '2023-05-24T10:10:35.2153244', 'operationTypes': [1, 4]}, {'id': '181a03d5-16c1-48ad-aaf7-0b8d2f32257d', 'name': '新建文件夹-8423', 'parentId': '00000000-0000-0000-0000-000000000000', 'level': 0, 'sort': 11, 'createDateTime': '2023-05-24T11:15:47.5956316', 'operationTypes': [1, 4]}, {'id': 'a56831c1-468b-4856-9309-dae966e38eb2', 'name': '新建文件夹-8274', 'parentId': '181a03d5-16c1-48ad-aaf7-0b8d2f32257d', 'level': 0, 'sort': 1, 'createDateTime': '2023-05-24T11:15:48.8237529', 'operationTypes': [1, 4]}, {'id': '4d0ed61c-f910-4222-86ed-ea2a7c4646fd', 'name': '新建文件夹-6097', 'parentId': 'a56831c1-468b-4856-9309-dae966e38eb2', 'level': 0, 'sort': 2, 'createDateTime': '2023-05-24T11:15:49.9818172', 'operationTypes': [1, 4]}, {'id': 'c3862fc6-151d-4cda-8e68-d06699d99161', 'name': '新建文件夹-1086', 'parentId': '4d0ed61c-f910-4222-86ed-ea2a7c4646fd', 'level': 0, 'sort': 1, 'createDateTime': '2023-05-24T11:15:51.8019456', 'operationTypes': [1, 4]}, {'id': '8c042ae4-2a6c-4f88-aa86-ecb6a0930bdc', 'name': '文件夹86', 'parentId': '00000000-0000-0000-0000-000000000000', 'level': 0, 'sort': 2, 'createDateTime': '2023-05-28T16:03:03.4231183', 'operationTypes': [1, 4]}]
[2023-05-28 16:03:03,370] logger_util.py->write_log line:61 [INFO] 接口请求成功！
[2023-05-28 16:03:03,371] logger_util.py->write_log line:61 [INFO] -------------接口请求结束-----------

[2023-05-28 16:03:03,381] logger_util.py->write_log line:61 [INFO] -------------接口请求开始-----------
[2023-05-28 16:03:03,381] logger_util.py->write_log line:61 [INFO] 接口名称：重命名文件夹
[2023-05-28 16:03:03,381] logger_util.py->write_log line:61 [INFO] 接口方式：put
[2023-05-28 16:03:03,381] logger_util.py->write_log line:61 [INFO] 接口路径：http://192.168.4.12:18000/api/v1/dataconfig/folder/8c042ae4-2a6c-4f88-aa86-ecb6a0930bdc/name
[2023-05-28 16:03:03,381] logger_util.py->write_log line:61 [INFO] 请求头：{'Content-Type': 'application/json;charset=UTF-8', 'X-Project': 'b32d81056e124620b809e92f49cdf3d4'}
[2023-05-28 16:03:03,381] logger_util.py->write_log line:61 [INFO] 请求参数：{'name': '重命名文件夹91'}
[2023-05-28 16:03:03,381] logger_util.py->write_log line:61 [INFO] 文件上传：None
[2023-05-28 16:03:03,403] logger_util.py->write_log line:61 [INFO] 预期结果：[{'equals': {'status_code': 200}}, {'contains': 'id'}, {'contains': 'name'}]
[2023-05-28 16:03:03,404] logger_util.py->write_log line:61 [INFO] 实际结果：{'id': '8c042ae4-2a6c-4f88-aa86-ecb6a0930bdc', 'name': '重命名文件夹91', 'parentId': '00000000-0000-0000-0000-000000000000', 'level': 0, 'sort': 2, 'createDateTime': '2023-05-28T16:03:03.4231183', 'operationTypes': [1, 4]}
[2023-05-28 16:03:03,404] logger_util.py->write_log line:61 [INFO] 接口请求成功！
[2023-05-28 16:03:03,404] logger_util.py->write_log line:61 [INFO] -------------接口请求结束-----------

[2023-05-28 16:03:03,410] logger_util.py->write_log line:61 [INFO] -------------接口请求开始-----------
[2023-05-28 16:03:03,410] logger_util.py->write_log line:61 [INFO] 接口名称：删除文件夹
[2023-05-28 16:03:03,410] logger_util.py->write_log line:61 [INFO] 接口方式：delete
[2023-05-28 16:03:03,410] logger_util.py->write_log line:61 [INFO] 接口路径：http://192.168.4.12:18000/api/v1/dataconfig/folder/8c042ae4-2a6c-4f88-aa86-ecb6a0930bdc
[2023-05-28 16:03:03,410] logger_util.py->write_log line:61 [INFO] 请求头：{'Content-Type': 'application/json;charset=UTF-8', 'X-Project': 'b32d81056e124620b809e92f49cdf3d4'}
[2023-05-28 16:03:03,410] logger_util.py->write_log line:61 [INFO] 文件上传：None
[2023-05-28 16:03:03,437] logger_util.py->write_log line:61 [INFO] 预期结果：[{'equals': {'status_code': 200}}]
[2023-05-28 16:03:03,437] logger_util.py->write_log line:61 [INFO] 实际结果：['8c042ae4-2a6c-4f88-aa86-ecb6a0930bdc']
[2023-05-28 16:03:03,437] logger_util.py->write_log line:61 [INFO] 接口请求成功！
[2023-05-28 16:03:03,437] logger_util.py->write_log line:61 [INFO] -------------接口请求结束-----------

[2023-05-28 16:03:03,444] logger_util.py->write_log line:61 [INFO] -------------接口请求开始-----------
[2023-05-28 16:03:03,444] logger_util.py->write_log line:61 [INFO] 接口名称：创建归档表
[2023-05-28 16:03:03,444] logger_util.py->write_log line:61 [INFO] 接口方式：post
[2023-05-28 16:03:03,444] logger_util.py->write_log line:61 [INFO] 接口路径：http://192.168.4.12:18000/api/v1/dataconfig/filingtable
[2023-05-28 16:03:03,444] logger_util.py->write_log line:61 [INFO] 请求头：{'Content-Type': 'application/json;charset=UTF-8', 'X-Project': 'b32d81056e124620b809e92f49cdf3d4'}
[2023-05-28 16:03:03,444] logger_util.py->write_log line:61 [INFO] 请求参数：{'folderId': '00000000-0000-0000-0000-000000000000', 'name': '归档表48', 'sort': 2}
[2023-05-28 16:03:03,444] logger_util.py->write_log line:61 [INFO] 文件上传：None
[2023-05-28 16:03:03,577] logger_util.py->write_log line:61 [INFO] 预期结果：[{'equals': {'status_code': 200}}, {'equals': {'sort': 2}}, {'contains': 'id'}]
[2023-05-28 16:03:03,577] logger_util.py->write_log line:61 [INFO] 实际结果：{'id': '23379f0a-0924-46ae-a25b-7672096102a6', 'folderId': '00000000-0000-0000-0000-000000000000', 'name': '归档表48', 'sort': 2, 'createDateTime': '2023-05-28T16:03:03.5404452+08:00', 'operationTypes': [1, 2, 3, 4], 'functionTypes': [1, 2, 3, 4], 'extendedHeaders': ['记录时间'], 'cacheConfig_EnableCache': False, 'cacheConfig_QuantityLimit': 0, 'cacheConfig_TimeSpanLimit': 0, 'cacheConfig_TimeSpanLimitUnit': 0, 'cacheConfig_ClearCache': '', 'storageConfig_ScheduledClear': False, 'storageConfig_ClearTriggerTime': None, 'storageConfig_ClearFrequency': 0, 'storageConfig_ClearFrequencyUnit': 0, 'storageConfig_ClearRetain': 0, 'storageConfig_ClearRetainUnit': 0, 'storageConfig_ScheduledBackup': False, 'storageConfig_BackupTriggerTime': None, 'storageConfig_BackupFrequency': 0, 'storageConfig_BackupFrequencyUnit': 0, 'storageConfig_BackupPath': ''}
[2023-05-28 16:03:03,577] logger_util.py->write_log line:61 [INFO] 接口请求成功！
[2023-05-28 16:03:03,577] logger_util.py->write_log line:61 [INFO] -------------接口请求结束-----------

[2023-05-28 16:03:03,583] logger_util.py->write_log line:61 [INFO] -------------接口请求开始-----------
[2023-05-28 16:03:03,583] logger_util.py->write_log line:61 [INFO] 接口名称：获取归档表
[2023-05-28 16:03:03,583] logger_util.py->write_log line:61 [INFO] 接口方式：get
[2023-05-28 16:03:03,583] logger_util.py->write_log line:61 [INFO] 接口路径：http://192.168.4.12:18000/api/v1/dataconfig/filingtable
[2023-05-28 16:03:03,583] logger_util.py->write_log line:61 [INFO] 请求头：{'Content-Type': 'application/json;charset=UTF-8', 'X-Project': 'b32d81056e124620b809e92f49cdf3d4'}
[2023-05-28 16:03:03,583] logger_util.py->write_log line:61 [INFO] 文件上传：None
[2023-05-28 16:03:03,592] logger_util.py->write_log line:61 [INFO] 预期结果：[{'equals': {'status_code': 200}}, {'equals': {'sort': 2}}]
[2023-05-28 16:03:03,592] logger_util.py->write_log line:61 [INFO] 实际结果：[{'id': 'a9b66e92-6f83-44e3-ba02-ccbdb0f149c1', 'folderId': 'f620b182-7169-4563-98af-9d076c186163', 'name': '报警管理-实时表', 'sort': 1, 'createDateTime': '0001-01-01T00:00:00', 'operationTypes': [], 'functionTypes': [], 'extendedHeaders': [], 'cacheConfig_EnableCache': False, 'cacheConfig_QuantityLimit': 0, 'cacheConfig_TimeSpanLimit': 0, 'cacheConfig_TimeSpanLimitUnit': 0, 'cacheConfig_ClearCache': '', 'storageConfig_ScheduledClear': False, 'storageConfig_ClearTriggerTime': None, 'storageConfig_ClearFrequency': 0, 'storageConfig_ClearFrequencyUnit': 0, 'storageConfig_ClearRetain': 0, 'storageConfig_ClearRetainUnit': 0, 'storageConfig_ScheduledBackup': False, 'storageConfig_BackupTriggerTime': None, 'storageConfig_BackupFrequency': 0, 'storageConfig_BackupFrequencyUnit': 0, 'storageConfig_BackupPath': ''}, {'id': 'e342f0fa-977d-459a-97b2-f4fc4b36c7e4', 'folderId': 'f620b182-7169-4563-98af-9d076c186163', 'name': '报警管理-历史表', 'sort': 2, 'createDateTime': '0001-01-01T00:00:00', 'operationTypes': [], 'functionTypes': [2], 'extendedHeaders': [], 'cacheConfig_EnableCache': False, 'cacheConfig_QuantityLimit': 0, 'cacheConfig_TimeSpanLimit': 0, 'cacheConfig_TimeSpanLimitUnit': 0, 'cacheConfig_ClearCache': '', 'storageConfig_ScheduledClear': False, 'storageConfig_ClearTriggerTime': None, 'storageConfig_ClearFrequency': 0, 'storageConfig_ClearFrequencyUnit': 0, 'storageConfig_ClearRetain': 0, 'storageConfig_ClearRetainUnit': 0, 'storageConfig_ScheduledBackup': False, 'storageConfig_BackupTriggerTime': None, 'storageConfig_BackupFrequency': 0, 'storageConfig_BackupFrequencyUnit': 0, 'storageConfig_BackupPath': ''}, {'id': '5882c397-d83b-4bde-8b39-ce9a7950ce73', 'folderId': '00000000-0000-0000-0000-000000000000', 'name': '归档表', 'sort': 8, 'createDateTime': '2023-05-23T11:23:54.1306619', 'operationTypes': [1, 2, 3, 4], 'functionTypes': [1, 2, 3, 4], 'extendedHeaders': ['记录时间'], 'cacheConfig_EnableCache': True, 'cacheConfig_QuantityLimit': 1000, 'cacheConfig_TimeSpanLimit': 0, 'cacheConfig_TimeSpanLimitUnit': 1, 'cacheConfig_ClearCache': 'H1', 'storageConfig_ScheduledClear': True, 'storageConfig_ClearTriggerTime': '2023-05-24T10:22:59', 'storageConfig_ClearFrequency': 1, 'storageConfig_ClearFrequencyUnit': 3, 'storageConfig_ClearRetain': 1, 'storageConfig_ClearRetainUnit': 4, 'storageConfig_ScheduledBackup': True, 'storageConfig_BackupTriggerTime': '2023-05-24T10:32:47', 'storageConfig_BackupFrequency': 1, 'storageConfig_BackupFrequencyUnit': 3, 'storageConfig_BackupPath': 'E:\\'}, {'id': '066cbe52-50eb-47e4-b1fd-010706260ee8', 'folderId': '00000000-0000-0000-0000-000000000000', 'name': '归档表51', 'sort': 6, 'createDateTime': '2023-05-28T15:32:51.9848918', 'operationTypes': [1, 2, 3, 4], 'functionTypes': [1, 2, 3, 4], 'extendedHeaders': ['记录时间'], 'cacheConfig_EnableCache': False, 'cacheConfig_QuantityLimit': 0, 'cacheConfig_TimeSpanLimit': 0, 'cacheConfig_TimeSpanLimitUnit': 0, 'cacheConfig_ClearCache': '', 'storageConfig_ScheduledClear': False, 'storageConfig_ClearTriggerTime': None, 'storageConfig_ClearFrequency': 0, 'storageConfig_ClearFrequencyUnit': 0, 'storageConfig_ClearRetain': 0, 'storageConfig_ClearRetainUnit': 0, 'storageConfig_ScheduledBackup': False, 'storageConfig_BackupTriggerTime': None, 'storageConfig_BackupFrequency': 0, 'storageConfig_BackupFrequencyUnit': 0, 'storageConfig_BackupPath': ''}, {'id': '62a14f1f-3645-4ad8-b510-690e45e23d6d', 'folderId': '00000000-0000-0000-0000-000000000000', 'name': '归档表30', 'sort': 5, 'createDateTime': '2023-05-28T15:34:46.9689727', 'operationTypes': [1, 2, 3, 4], 'functionTypes': [1, 2, 3, 4], 'extendedHeaders': ['记录时间'], 'cacheConfig_EnableCache': False, 'cacheConfig_QuantityLimit': 0, 'cacheConfig_TimeSpanLimit': 0, 'cacheConfig_TimeSpanLimitUnit': 0, 'cacheConfig_ClearCache': '', 'storageConfig_ScheduledClear': False, 'storageConfig_ClearTriggerTime': None, 'storageConfig_ClearFrequency': 0, 'storageConfig_ClearFrequencyUnit': 0, 'storageConfig_ClearRetain': 0, 'storageConfig_ClearRetainUnit': 0, 'storageConfig_ScheduledBackup': False, 'storageConfig_BackupTriggerTime': None, 'storageConfig_BackupFrequency': 0, 'storageConfig_BackupFrequencyUnit': 0, 'storageConfig_BackupPath': ''}, {'id': '4193658b-52a3-4cd7-8665-f30ab712c5a3', 'folderId': '00000000-0000-0000-0000-000000000000', 'name': '归档表90', 'sort': 3, 'createDateTime': '2023-05-28T16:02:08.5852435', 'operationTypes': [1, 2, 3, 4], 'functionTypes': [1, 2, 3, 4], 'extendedHeaders': ['记录时间'], 'cacheConfig_EnableCache': False, 'cacheConfig_QuantityLimit': 0, 'cacheConfig_TimeSpanLimit': 0, 'cacheConfig_TimeSpanLimitUnit': 0, 'cacheConfig_ClearCache': '', 'storageConfig_ScheduledClear': False, 'storageConfig_ClearTriggerTime': None, 'storageConfig_ClearFrequency': 0, 'storageConfig_ClearFrequencyUnit': 0, 'storageConfig_ClearRetain': 0, 'storageConfig_ClearRetainUnit': 0, 'storageConfig_ScheduledBackup': False, 'storageConfig_BackupTriggerTime': None, 'storageConfig_BackupFrequency': 0, 'storageConfig_BackupFrequencyUnit': 0, 'storageConfig_BackupPath': ''}, {'id': '23379f0a-0924-46ae-a25b-7672096102a6', 'folderId': '00000000-0000-0000-0000-000000000000', 'name': '归档表48', 'sort': 2, 'createDateTime': '2023-05-28T16:03:03.5404452', 'operationTypes': [1, 2, 3, 4], 'functionTypes': [1, 2, 3, 4], 'extendedHeaders': ['记录时间'], 'cacheConfig_EnableCache': False, 'cacheConfig_QuantityLimit': 0, 'cacheConfig_TimeSpanLimit': 0, 'cacheConfig_TimeSpanLimitUnit': 0, 'cacheConfig_ClearCache': '', 'storageConfig_ScheduledClear': False, 'storageConfig_ClearTriggerTime': None, 'storageConfig_ClearFrequency': 0, 'storageConfig_ClearFrequencyUnit': 0, 'storageConfig_ClearRetain': 0, 'storageConfig_ClearRetainUnit': 0, 'storageConfig_ScheduledBackup': False, 'storageConfig_BackupTriggerTime': None, 'storageConfig_BackupFrequency': 0, 'storageConfig_BackupFrequencyUnit': 0, 'storageConfig_BackupPath': ''}]
[2023-05-28 16:03:03,600] logger_util.py->write_log line:61 [INFO] 接口请求成功！
[2023-05-28 16:03:03,600] logger_util.py->write_log line:61 [INFO] -------------接口请求结束-----------

[2023-05-28 16:03:03,610] logger_util.py->write_log line:61 [INFO] -------------接口请求开始-----------
[2023-05-28 16:03:03,610] logger_util.py->write_log line:61 [INFO] 接口名称：重命名归档表
[2023-05-28 16:03:03,610] logger_util.py->write_log line:61 [INFO] 接口方式：put
[2023-05-28 16:03:03,610] logger_util.py->write_log line:61 [INFO] 接口路径：http://192.168.4.12:18000/api/v1/dataconfig/filingtable/23379f0a-0924-46ae-a25b-7672096102a6/name
[2023-05-28 16:03:03,610] logger_util.py->write_log line:61 [INFO] 请求头：{'Content-Type': 'application/json;charset=UTF-8', 'X-Project': 'b32d81056e124620b809e92f49cdf3d4'}
[2023-05-28 16:03:03,611] logger_util.py->write_log line:61 [INFO] 请求参数：{'name': '归档表78'}
[2023-05-28 16:03:03,611] logger_util.py->write_log line:61 [INFO] 文件上传：None
[2023-05-28 16:03:03,633] logger_util.py->write_log line:61 [INFO] 预期结果：[{'equals': {'status_code': 200}}, {'contains': 'id'}, {'contains': 'name'}]
[2023-05-28 16:03:03,633] logger_util.py->write_log line:61 [INFO] 实际结果：{'id': '23379f0a-0924-46ae-a25b-7672096102a6', 'folderId': '00000000-0000-0000-0000-000000000000', 'name': '归档表78', 'sort': 2, 'createDateTime': '2023-05-28T16:03:03.5404452', 'operationTypes': [1, 2, 3, 4], 'functionTypes': [1, 2, 3, 4], 'extendedHeaders': ['记录时间'], 'cacheConfig_EnableCache': False, 'cacheConfig_QuantityLimit': 0, 'cacheConfig_TimeSpanLimit': 0, 'cacheConfig_TimeSpanLimitUnit': 0, 'cacheConfig_ClearCache': '', 'storageConfig_ScheduledClear': False, 'storageConfig_ClearTriggerTime': None, 'storageConfig_ClearFrequency': 0, 'storageConfig_ClearFrequencyUnit': 0, 'storageConfig_ClearRetain': 0, 'storageConfig_ClearRetainUnit': 0, 'storageConfig_ScheduledBackup': False, 'storageConfig_BackupTriggerTime': None, 'storageConfig_BackupFrequency': 0, 'storageConfig_BackupFrequencyUnit': 0, 'storageConfig_BackupPath': ''}
[2023-05-28 16:03:03,633] logger_util.py->write_log line:61 [INFO] 接口请求成功！
[2023-05-28 16:03:03,634] logger_util.py->write_log line:61 [INFO] -------------接口请求结束-----------

[2023-05-28 16:03:03,641] logger_util.py->write_log line:61 [INFO] -------------接口请求开始-----------
[2023-05-28 16:03:03,641] logger_util.py->write_log line:61 [INFO] 接口名称：删除归档表
[2023-05-28 16:03:03,641] logger_util.py->write_log line:61 [INFO] 接口方式：delete
[2023-05-28 16:03:03,641] logger_util.py->write_log line:61 [INFO] 接口路径：http://192.168.4.12:18000/api/v1/dataconfig/filingtable/23379f0a-0924-46ae-a25b-7672096102a6
[2023-05-28 16:03:03,641] logger_util.py->write_log line:61 [INFO] 请求头：{'Content-Type': 'application/json;charset=UTF-8', 'X-Project': 'b32d81056e124620b809e92f49cdf3d4'}
[2023-05-28 16:03:03,641] logger_util.py->write_log line:61 [INFO] 文件上传：None
[2023-05-28 16:03:03,694] logger_util.py->write_log line:61 [INFO] 预期结果：[{'equals': {'status_code': 200}}]
[2023-05-28 16:03:03,694] logger_util.py->write_log line:61 [INFO] 实际结果：['23379f0a-0924-46ae-a25b-7672096102a6']
[2023-05-28 16:03:03,694] logger_util.py->write_log line:61 [INFO] 接口请求成功！
[2023-05-28 16:03:03,694] logger_util.py->write_log line:61 [INFO] -------------接口请求结束-----------

[2023-05-28 16:03:03,701] logger_util.py->write_log line:61 [INFO] -------------接口请求开始-----------
[2023-05-28 16:03:03,701] logger_util.py->write_log line:61 [INFO] 接口名称：创建归档表
[2023-05-28 16:03:03,702] logger_util.py->write_log line:61 [INFO] 接口方式：post
[2023-05-28 16:03:03,702] logger_util.py->write_log line:61 [INFO] 接口路径：http://192.168.4.12:18000/api/v1/dataconfig/filingtable
[2023-05-28 16:03:03,702] logger_util.py->write_log line:61 [INFO] 请求头：{'Content-Type': 'application/json;charset=UTF-8', 'X-Project': 'b32d81056e124620b809e92f49cdf3d4'}
[2023-05-28 16:03:03,702] logger_util.py->write_log line:61 [INFO] 请求参数：{'folderId': '00000000-0000-0000-0000-000000000000', 'name': '归档表4', 'sort': 2}
[2023-05-28 16:03:03,702] logger_util.py->write_log line:61 [INFO] 文件上传：None
[2023-05-28 16:03:03,802] logger_util.py->write_log line:61 [INFO] 预期结果：[{'equals': {'status_code': 200}}, {'equals': {'sort': 2}}, {'contains': 'id'}]
[2023-05-28 16:03:03,802] logger_util.py->write_log line:61 [INFO] 实际结果：{'id': 'c1f41826-c5ad-4592-bd98-9e153c82e6b1', 'folderId': '00000000-0000-0000-0000-000000000000', 'name': '归档表4', 'sort': 2, 'createDateTime': '2023-05-28T16:03:03.7990226+08:00', 'operationTypes': [1, 2, 3, 4], 'functionTypes': [1, 2, 3, 4], 'extendedHeaders': ['记录时间'], 'cacheConfig_EnableCache': False, 'cacheConfig_QuantityLimit': 0, 'cacheConfig_TimeSpanLimit': 0, 'cacheConfig_TimeSpanLimitUnit': 0, 'cacheConfig_ClearCache': '', 'storageConfig_ScheduledClear': False, 'storageConfig_ClearTriggerTime': None, 'storageConfig_ClearFrequency': 0, 'storageConfig_ClearFrequencyUnit': 0, 'storageConfig_ClearRetain': 0, 'storageConfig_ClearRetainUnit': 0, 'storageConfig_ScheduledBackup': False, 'storageConfig_BackupTriggerTime': None, 'storageConfig_BackupFrequency': 0, 'storageConfig_BackupFrequencyUnit': 0, 'storageConfig_BackupPath': ''}
[2023-05-28 16:03:03,802] logger_util.py->write_log line:61 [INFO] 接口请求成功！
[2023-05-28 16:03:03,802] logger_util.py->write_log line:61 [INFO] -------------接口请求结束-----------

[2023-05-28 16:03:03,813] logger_util.py->write_log line:61 [INFO] -------------接口请求开始-----------
[2023-05-28 16:03:03,813] logger_util.py->write_log line:61 [INFO] 接口名称：设置归档表字段配置
[2023-05-28 16:03:03,814] logger_util.py->write_log line:61 [INFO] 接口方式：put
[2023-05-28 16:03:03,814] logger_util.py->write_log line:61 [INFO] 接口路径：http://192.168.4.12:18000/api/v1/dataconfig/filingtable/c1f41826-c5ad-4592-bd98-9e153c82e6b1/fields
[2023-05-28 16:03:03,814] logger_util.py->write_log line:61 [INFO] 请求头：{'Content-Type': 'application/json; =UTF-8', 'X-Project': 'b32d81056e124620b809e92f49cdf3d4'}
[2023-05-28 16:03:03,814] logger_util.py->write_log line:61 [INFO] 请求参数：[{'fieldName': 'A1', 'fieldType': 1, 'associatedVariable': 'A1', 'formula': None, 'id': 'FTF086088ab1505490f8ed852c5e4e273cd'}, {'fieldName': 'B1', 'fieldType': 1, 'associatedVariable': 'B1', 'formula': None, 'id': 'FTF7282c9f1992840e08bb49350154c2820'}, {'fieldName': 'G1', 'fieldType': 1, 'associatedVariable': 'G1', 'formula': None, 'id': 'FTF3be4a9790f994d468b5ed055296f8848'}, {'fieldName': 'H1', 'fieldType': 2, 'associatedVariable': 'H1', 'formula': None, 'id': 'FTFa09b784d7b7d46cabeba669a99e545e8'}, {'fieldName': '系统时间', 'fieldType': 3, 'associatedVariable': 'DateTime', 'formula': None, 'id': 'FTF74b96b6994e246d49490e276e65746fd'}, {'fieldName': '函数时间', 'fieldType': 3, 'associatedVariable': None, 'formula': 'NOW(  )', 'id': 'FTFe605870885b64920a59ced0aa5a78442'}]
[2023-05-28 16:03:03,814] logger_util.py->write_log line:61 [INFO] 文件上传：None
[2023-05-28 16:03:04,687] logger_util.py->write_log line:61 [INFO] 预期结果：[{'equals': {'status_code': 200}}]
[2023-05-28 16:03:04,687] logger_util.py->write_log line:61 [INFO] 实际结果：
[2023-05-28 16:03:04,687] logger_util.py->write_log line:61 [INFO] 接口请求成功！
[2023-05-28 16:03:04,687] logger_util.py->write_log line:61 [INFO] -------------接口请求结束-----------

[2023-05-28 16:03:04,693] logger_util.py->write_log line:61 [INFO] -------------接口请求开始-----------
[2023-05-28 16:03:04,693] logger_util.py->write_log line:61 [INFO] 接口名称：获取归档表字段配置
[2023-05-28 16:03:04,693] logger_util.py->write_log line:61 [INFO] 接口方式：get
[2023-05-28 16:03:04,693] logger_util.py->write_log line:61 [INFO] 接口路径：http://192.168.4.12:18000/api/v1/dataconfig/filingtable/c1f41826-c5ad-4592-bd98-9e153c82e6b1/fields
[2023-05-28 16:03:04,693] logger_util.py->write_log line:61 [INFO] 请求头：{'Content-Type': 'application/json; =UTF-8', 'X-Project': 'b32d81056e124620b809e92f49cdf3d4'}
[2023-05-28 16:03:04,693] logger_util.py->write_log line:61 [INFO] 文件上传：None
[2023-05-28 16:03:04,700] logger_util.py->write_log line:61 [INFO] 预期结果：[{'equals': {'status_code': 200}}]
[2023-05-28 16:03:04,700] logger_util.py->write_log line:61 [INFO] 实际结果：[{'id': 'FTF99116cd559e54ccebe3a1c1f2feeed3c', 'filingTableId': 'c1f41826-c5ad-4592-bd98-9e153c82e6b1', 'fieldName': 'A1', 'fieldType': 1, 'associatedVariable': 'A1', 'formula': '', 'sort': 1}, {'id': 'FTF76da3a6e797541c89fa0c6c961be36ea', 'filingTableId': 'c1f41826-c5ad-4592-bd98-9e153c82e6b1', 'fieldName': 'B1', 'fieldType': 1, 'associatedVariable': 'B1', 'formula': '', 'sort': 2}, {'id': 'FTF29c8139d9138479d9ee8fa5a940e6b49', 'filingTableId': 'c1f41826-c5ad-4592-bd98-9e153c82e6b1', 'fieldName': 'G1', 'fieldType': 1, 'associatedVariable': 'G1', 'formula': '', 'sort': 3}, {'id': 'FTFfb94fa948e3246ed87f03414a5b315db', 'filingTableId': 'c1f41826-c5ad-4592-bd98-9e153c82e6b1', 'fieldName': 'H1', 'fieldType': 2, 'associatedVariable': 'H1', 'formula': '', 'sort': 4}, {'id': 'FTFd5ae6903257a44b1b5f32d95651ba5e3', 'filingTableId': 'c1f41826-c5ad-4592-bd98-9e153c82e6b1', 'fieldName': '系统时间', 'fieldType': 3, 'associatedVariable': 'DateTime', 'formula': '', 'sort': 5}, {'id': 'FTF694c6a8871374c778ae25da43f934473', 'filingTableId': 'c1f41826-c5ad-4592-bd98-9e153c82e6b1', 'fieldName': '函数时间', 'fieldType': 3, 'associatedVariable': '', 'formula': 'NOW(  )', 'sort': 6}]
[2023-05-28 16:03:04,700] logger_util.py->write_log line:61 [INFO] 接口请求成功！
[2023-05-28 16:03:04,700] logger_util.py->write_log line:61 [INFO] -------------接口请求结束-----------

[2023-05-28 16:03:04,706] logger_util.py->write_log line:61 [INFO] -------------接口请求开始-----------
[2023-05-28 16:03:04,706] logger_util.py->write_log line:61 [INFO] 接口名称：设置归档表触发配置-变量触发
[2023-05-28 16:03:04,706] logger_util.py->write_log line:61 [INFO] 接口方式：put
[2023-05-28 16:03:04,706] logger_util.py->write_log line:61 [INFO] 接口路径：http://192.168.4.12:18000/api/v1/dataconfig/filingtable/c1f41826-c5ad-4592-bd98-9e153c82e6b1/triggers
[2023-05-28 16:03:04,706] logger_util.py->write_log line:61 [INFO] 请求头：{'Content-Type': 'application/json; =UTF-8', 'X-Project': 'b32d81056e124620b809e92f49cdf3d4'}
[2023-05-28 16:03:04,706] logger_util.py->write_log line:61 [INFO] 请求参数：[{'effectiveDateTime': None, 'frequencyValue': 1, 'frequencyUnit': 1, 'matchAll': False, 'condition': 'G1 ==  true', 'conditionDetail': 1, 'frequencyCheck': False, 'alarmPointIds': None, 'triggerType': 2}]
[2023-05-28 16:03:04,706] logger_util.py->write_log line:61 [INFO] 文件上传：None
[2023-05-28 16:03:04,724] logger_util.py->write_log line:61 [INFO] 预期结果：[{'equals': {'status_code': 200}}]
[2023-05-28 16:03:04,724] logger_util.py->write_log line:61 [INFO] 实际结果：
[2023-05-28 16:03:04,724] logger_util.py->write_log line:61 [INFO] 接口请求成功！
[2023-05-28 16:03:04,724] logger_util.py->write_log line:61 [INFO] -------------接口请求结束-----------

[2023-05-28 16:03:04,730] logger_util.py->write_log line:61 [INFO] -------------接口请求开始-----------
[2023-05-28 16:03:04,731] logger_util.py->write_log line:61 [INFO] 接口名称：设置归档表触发配置-变量触发
[2023-05-28 16:03:04,731] logger_util.py->write_log line:61 [INFO] 接口方式：put
[2023-05-28 16:03:04,731] logger_util.py->write_log line:61 [INFO] 接口路径：http://192.168.4.12:18000/api/v1/dataconfig/filingtable/c1f41826-c5ad-4592-bd98-9e153c82e6b1/triggers
[2023-05-28 16:03:04,731] logger_util.py->write_log line:61 [INFO] 请求头：{'Content-Type': 'application/json; =UTF-8', 'X-Project': 'b32d81056e124620b809e92f49cdf3d4'}
[2023-05-28 16:03:04,731] logger_util.py->write_log line:61 [INFO] 请求参数：[{'effectiveDateTime': None, 'frequencyValue': 1, 'frequencyUnit': 1, 'matchAll': False, 'condition': 'G1 ==  true', 'conditionDetail': 2, 'frequencyCheck': False, 'alarmPointIds': None, 'triggerType': 2}]
[2023-05-28 16:03:04,731] logger_util.py->write_log line:61 [INFO] 文件上传：None
[2023-05-28 16:03:04,756] logger_util.py->write_log line:61 [INFO] 预期结果：[{'equals': {'status_code': 200}}]
[2023-05-28 16:03:04,756] logger_util.py->write_log line:61 [INFO] 实际结果：
[2023-05-28 16:03:04,756] logger_util.py->write_log line:61 [INFO] 接口请求成功！
[2023-05-28 16:03:04,756] logger_util.py->write_log line:61 [INFO] -------------接口请求结束-----------

[2023-05-28 16:03:04,762] logger_util.py->write_log line:61 [INFO] -------------接口请求开始-----------
[2023-05-28 16:03:04,762] logger_util.py->write_log line:61 [INFO] 接口名称：设置归档表触发配置-变量触发
[2023-05-28 16:03:04,762] logger_util.py->write_log line:61 [INFO] 接口方式：put
[2023-05-28 16:03:04,762] logger_util.py->write_log line:61 [INFO] 接口路径：http://192.168.4.12:18000/api/v1/dataconfig/filingtable/c1f41826-c5ad-4592-bd98-9e153c82e6b1/triggers
[2023-05-28 16:03:04,762] logger_util.py->write_log line:61 [INFO] 请求头：{'Content-Type': 'application/json; =UTF-8', 'X-Project': 'b32d81056e124620b809e92f49cdf3d4'}
[2023-05-28 16:03:04,762] logger_util.py->write_log line:61 [INFO] 请求参数：[{'effectiveDateTime': None, 'frequencyValue': 1, 'frequencyUnit': 1, 'matchAll': False, 'condition': 'G1 ==  true', 'conditionDetail': 3, 'frequencyCheck': False, 'alarmPointIds': None, 'triggerType': 2}]
[2023-05-28 16:03:04,762] logger_util.py->write_log line:61 [INFO] 文件上传：None
[2023-05-28 16:03:04,797] logger_util.py->write_log line:61 [INFO] 预期结果：[{'equals': {'status_code': 200}}]
[2023-05-28 16:03:04,797] logger_util.py->write_log line:61 [INFO] 实际结果：
[2023-05-28 16:03:04,798] logger_util.py->write_log line:61 [INFO] 接口请求成功！
[2023-05-28 16:03:04,798] logger_util.py->write_log line:61 [INFO] -------------接口请求结束-----------

[2023-05-28 16:03:04,804] logger_util.py->write_log line:61 [INFO] -------------接口请求开始-----------
[2023-05-28 16:03:04,805] logger_util.py->write_log line:61 [INFO] 接口名称：设置归档表触发配置-变量触发
[2023-05-28 16:03:04,805] logger_util.py->write_log line:61 [INFO] 接口方式：put
[2023-05-28 16:03:04,805] logger_util.py->write_log line:61 [INFO] 接口路径：http://192.168.4.12:18000/api/v1/dataconfig/filingtable/c1f41826-c5ad-4592-bd98-9e153c82e6b1/triggers
[2023-05-28 16:03:04,805] logger_util.py->write_log line:61 [INFO] 请求头：{'Content-Type': 'application/json; =UTF-8', 'X-Project': 'b32d81056e124620b809e92f49cdf3d4'}
[2023-05-28 16:03:04,805] logger_util.py->write_log line:61 [INFO] 请求参数：[{'effectiveDateTime': None, 'frequencyValue': 1, 'frequencyUnit': 1, 'matchAll': False, 'condition': 'G1 ==  true', 'conditionDetail': 1, 'frequencyCheck': True, 'alarmPointIds': None, 'triggerType': 2}]
[2023-05-28 16:03:04,805] logger_util.py->write_log line:61 [INFO] 文件上传：None
[2023-05-28 16:03:04,842] logger_util.py->write_log line:61 [INFO] 预期结果：[{'equals': {'status_code': 200}}]
[2023-05-28 16:03:04,843] logger_util.py->write_log line:61 [INFO] 实际结果：
[2023-05-28 16:03:04,843] logger_util.py->write_log line:61 [INFO] 接口请求成功！
[2023-05-28 16:03:04,843] logger_util.py->write_log line:61 [INFO] -------------接口请求结束-----------

[2023-05-28 16:03:04,850] logger_util.py->write_log line:61 [INFO] -------------接口请求开始-----------
[2023-05-28 16:03:04,850] logger_util.py->write_log line:61 [INFO] 接口名称：设置归档表触发配置-变量触发
[2023-05-28 16:03:04,850] logger_util.py->write_log line:61 [INFO] 接口方式：put
[2023-05-28 16:03:04,850] logger_util.py->write_log line:61 [INFO] 接口路径：http://192.168.4.12:18000/api/v1/dataconfig/filingtable/c1f41826-c5ad-4592-bd98-9e153c82e6b1/triggers
[2023-05-28 16:03:04,850] logger_util.py->write_log line:61 [INFO] 请求头：{'Content-Type': 'application/json; =UTF-8', 'X-Project': 'b32d81056e124620b809e92f49cdf3d4'}
[2023-05-28 16:03:04,850] logger_util.py->write_log line:61 [INFO] 请求参数：[{'effectiveDateTime': None, 'frequencyValue': 5, 'frequencyUnit': 2, 'matchAll': False, 'condition': 'G1 ==  true', 'conditionDetail': 1, 'frequencyCheck': True, 'alarmPointIds': None, 'triggerType': 2}]
[2023-05-28 16:03:04,850] logger_util.py->write_log line:61 [INFO] 文件上传：None
[2023-05-28 16:03:04,882] logger_util.py->write_log line:61 [INFO] 预期结果：[{'equals': {'status_code': 200}}]
[2023-05-28 16:03:04,882] logger_util.py->write_log line:61 [INFO] 实际结果：
[2023-05-28 16:03:04,882] logger_util.py->write_log line:61 [INFO] 接口请求成功！
[2023-05-28 16:03:04,882] logger_util.py->write_log line:61 [INFO] -------------接口请求结束-----------

[2023-05-28 16:03:04,888] logger_util.py->write_log line:61 [INFO] -------------接口请求开始-----------
[2023-05-28 16:03:04,888] logger_util.py->write_log line:61 [INFO] 接口名称：设置归档表触发配置-变量触发
[2023-05-28 16:03:04,889] logger_util.py->write_log line:61 [INFO] 接口方式：put
[2023-05-28 16:03:04,889] logger_util.py->write_log line:61 [INFO] 接口路径：http://192.168.4.12:18000/api/v1/dataconfig/filingtable/c1f41826-c5ad-4592-bd98-9e153c82e6b1/triggers
[2023-05-28 16:03:04,889] logger_util.py->write_log line:61 [INFO] 请求头：{'Content-Type': 'application/json; =UTF-8', 'X-Project': 'b32d81056e124620b809e92f49cdf3d4'}
[2023-05-28 16:03:04,889] logger_util.py->write_log line:61 [INFO] 请求参数：[{'effectiveDateTime': None, 'frequencyValue': 1, 'frequencyUnit': 3, 'matchAll': False, 'condition': 'G1 ==  true', 'conditionDetail': 1, 'frequencyCheck': True, 'alarmPointIds': None, 'triggerType': 2}]
[2023-05-28 16:03:04,889] logger_util.py->write_log line:61 [INFO] 文件上传：None
[2023-05-28 16:03:04,913] logger_util.py->write_log line:61 [INFO] 预期结果：[{'equals': {'status_code': 200}}]
[2023-05-28 16:03:04,913] logger_util.py->write_log line:61 [INFO] 实际结果：
[2023-05-28 16:03:04,913] logger_util.py->write_log line:61 [INFO] 接口请求成功！
[2023-05-28 16:03:04,913] logger_util.py->write_log line:61 [INFO] -------------接口请求结束-----------

[2023-05-28 16:03:04,919] logger_util.py->write_log line:61 [INFO] -------------接口请求开始-----------
[2023-05-28 16:03:04,920] logger_util.py->write_log line:61 [INFO] 接口名称：设置归档表触发配置-变量触发
[2023-05-28 16:03:04,920] logger_util.py->write_log line:61 [INFO] 接口方式：put
[2023-05-28 16:03:04,920] logger_util.py->write_log line:61 [INFO] 接口路径：http://192.168.4.12:18000/api/v1/dataconfig/filingtable/c1f41826-c5ad-4592-bd98-9e153c82e6b1/triggers
[2023-05-28 16:03:04,920] logger_util.py->write_log line:61 [INFO] 请求头：{'Content-Type': 'application/json; =UTF-8', 'X-Project': 'b32d81056e124620b809e92f49cdf3d4'}
[2023-05-28 16:03:04,920] logger_util.py->write_log line:61 [INFO] 请求参数：[{'effectiveDateTime': None, 'frequencyValue': 1, 'frequencyUnit': 4, 'matchAll': False, 'condition': 'G1 ==  true', 'conditionDetail': 1, 'frequencyCheck': True, 'alarmPointIds': None, 'triggerType': 2}]
[2023-05-28 16:03:04,920] logger_util.py->write_log line:61 [INFO] 文件上传：None
[2023-05-28 16:03:04,947] logger_util.py->write_log line:61 [INFO] 预期结果：[{'equals': {'status_code': 200}}]
[2023-05-28 16:03:04,948] logger_util.py->write_log line:61 [INFO] 实际结果：
[2023-05-28 16:03:04,948] logger_util.py->write_log line:61 [INFO] 接口请求成功！
[2023-05-28 16:03:04,948] logger_util.py->write_log line:61 [INFO] -------------接口请求结束-----------

[2023-05-28 16:03:04,954] logger_util.py->write_log line:61 [INFO] -------------接口请求开始-----------
[2023-05-28 16:03:04,954] logger_util.py->write_log line:61 [INFO] 接口名称：设置归档表触发配置-变量触发
[2023-05-28 16:03:04,954] logger_util.py->write_log line:61 [INFO] 接口方式：put
[2023-05-28 16:03:04,954] logger_util.py->write_log line:61 [INFO] 接口路径：http://192.168.4.12:18000/api/v1/dataconfig/filingtable/c1f41826-c5ad-4592-bd98-9e153c82e6b1/triggers
[2023-05-28 16:03:04,954] logger_util.py->write_log line:61 [INFO] 请求头：{'Content-Type': 'application/json; =UTF-8', 'X-Project': 'b32d81056e124620b809e92f49cdf3d4'}
[2023-05-28 16:03:04,955] logger_util.py->write_log line:61 [INFO] 请求参数：[{'effectiveDateTime': None, 'frequencyValue': 36, 'frequencyUnit': 5, 'matchAll': False, 'condition': 'G1 ==  true', 'conditionDetail': 1, 'frequencyCheck': True, 'alarmPointIds': None, 'triggerType': 2}]
[2023-05-28 16:03:04,955] logger_util.py->write_log line:61 [INFO] 文件上传：None
[2023-05-28 16:03:04,993] logger_util.py->write_log line:61 [INFO] 预期结果：[{'equals': {'status_code': 200}}]
[2023-05-28 16:03:04,993] logger_util.py->write_log line:61 [INFO] 实际结果：
[2023-05-28 16:03:04,993] logger_util.py->write_log line:61 [INFO] 接口请求成功！
[2023-05-28 16:03:04,993] logger_util.py->write_log line:61 [INFO] -------------接口请求结束-----------

[2023-05-28 16:03:05,000] logger_util.py->write_log line:61 [INFO] -------------接口请求开始-----------
[2023-05-28 16:03:05,000] logger_util.py->write_log line:61 [INFO] 接口名称：设置归档表触发配置-变量触发
[2023-05-28 16:03:05,000] logger_util.py->write_log line:61 [INFO] 接口方式：put
[2023-05-28 16:03:05,000] logger_util.py->write_log line:61 [INFO] 接口路径：http://192.168.4.12:18000/api/v1/dataconfig/filingtable/c1f41826-c5ad-4592-bd98-9e153c82e6b1/triggers
[2023-05-28 16:03:05,001] logger_util.py->write_log line:61 [INFO] 请求头：{'Content-Type': 'application/json; =UTF-8', 'X-Project': 'b32d81056e124620b809e92f49cdf3d4'}
[2023-05-28 16:03:05,001] logger_util.py->write_log line:61 [INFO] 请求参数：[{'effectiveDateTime': None, 'frequencyValue': 1, 'frequencyUnit': 1, 'matchAll': False, 'condition': "G1 ==  true ||  H1 != '中文'", 'conditionDetail': 1, 'frequencyCheck': False, 'alarmPointIds': None, 'triggerType': 2}]
[2023-05-28 16:03:05,001] logger_util.py->write_log line:61 [INFO] 文件上传：None
[2023-05-28 16:03:05,039] logger_util.py->write_log line:61 [INFO] 预期结果：[{'equals': {'status_code': 200}}]
[2023-05-28 16:03:05,039] logger_util.py->write_log line:61 [INFO] 实际结果：
[2023-05-28 16:03:05,039] logger_util.py->write_log line:61 [INFO] 接口请求成功！
[2023-05-28 16:03:05,039] logger_util.py->write_log line:61 [INFO] -------------接口请求结束-----------

[2023-05-28 16:03:05,045] logger_util.py->write_log line:61 [INFO] -------------接口请求开始-----------
[2023-05-28 16:03:05,046] logger_util.py->write_log line:61 [INFO] 接口名称：设置归档表触发配置-变量触发
[2023-05-28 16:03:05,046] logger_util.py->write_log line:61 [INFO] 接口方式：put
[2023-05-28 16:03:05,046] logger_util.py->write_log line:61 [INFO] 接口路径：http://192.168.4.12:18000/api/v1/dataconfig/filingtable/c1f41826-c5ad-4592-bd98-9e153c82e6b1/triggers
[2023-05-28 16:03:05,046] logger_util.py->write_log line:61 [INFO] 请求头：{'Content-Type': 'application/json; =UTF-8', 'X-Project': 'b32d81056e124620b809e92f49cdf3d4'}
[2023-05-28 16:03:05,046] logger_util.py->write_log line:61 [INFO] 请求参数：[{'effectiveDateTime': None, 'frequencyValue': 1, 'frequencyUnit': 1, 'matchAll': False, 'condition': 'A1 + B1)  <=  0 ||  (A1 - B1) <= 0', 'conditionDetail': 1, 'frequencyCheck': False, 'alarmPointIds': None, 'triggerType': 2}]
[2023-05-28 16:03:05,046] logger_util.py->write_log line:61 [INFO] 文件上传：None
[2023-05-28 16:03:05,101] logger_util.py->write_log line:61 [INFO] 预期结果：[{'equals': {'status_code': 200}}]
[2023-05-28 16:03:05,102] logger_util.py->write_log line:61 [INFO] 实际结果：
[2023-05-28 16:03:05,102] logger_util.py->write_log line:61 [INFO] 接口请求成功！
[2023-05-28 16:03:05,102] logger_util.py->write_log line:61 [INFO] -------------接口请求结束-----------

[2023-05-28 16:03:05,134] logger_util.py->write_log line:61 [INFO] -------------接口请求开始-----------
[2023-05-28 16:03:05,135] logger_util.py->write_log line:61 [INFO] 接口名称：设置归档表触发配置-变量触发
[2023-05-28 16:03:05,135] logger_util.py->write_log line:61 [INFO] 接口方式：put
[2023-05-28 16:03:05,135] logger_util.py->write_log line:61 [INFO] 接口路径：http://192.168.4.12:18000/api/v1/dataconfig/filingtable/c1f41826-c5ad-4592-bd98-9e153c82e6b1/triggers
[2023-05-28 16:03:05,135] logger_util.py->write_log line:61 [INFO] 请求头：{'Content-Type': 'application/json; =UTF-8', 'X-Project': 'b32d81056e124620b809e92f49cdf3d4'}
[2023-05-28 16:03:05,135] logger_util.py->write_log line:61 [INFO] 请求参数：[{'effectiveDateTime': None, 'frequencyValue': 1, 'frequencyUnit': 1, 'matchAll': False, 'condition': '(A1 * B1) > 0 &&  (A1 / B1)>0', 'conditionDetail': 1, 'frequencyCheck': False, 'alarmPointIds': None, 'triggerType': 2}]
[2023-05-28 16:03:05,135] logger_util.py->write_log line:61 [INFO] 文件上传：None
[2023-05-28 16:03:05,174] logger_util.py->write_log line:61 [INFO] 预期结果：[{'equals': {'status_code': 200}}]
[2023-05-28 16:03:05,174] logger_util.py->write_log line:61 [INFO] 实际结果：
[2023-05-28 16:03:05,174] logger_util.py->write_log line:61 [INFO] 接口请求成功！
[2023-05-28 16:03:05,174] logger_util.py->write_log line:61 [INFO] -------------接口请求结束-----------

[2023-05-28 16:03:05,181] logger_util.py->write_log line:61 [INFO] -------------接口请求开始-----------
[2023-05-28 16:03:05,181] logger_util.py->write_log line:61 [INFO] 接口名称：设置归档表触发配置-定时触发
[2023-05-28 16:03:05,181] logger_util.py->write_log line:61 [INFO] 接口方式：put
[2023-05-28 16:03:05,181] logger_util.py->write_log line:61 [INFO] 接口路径：http://192.168.4.12:18000/api/v1/dataconfig/filingtable/c1f41826-c5ad-4592-bd98-9e153c82e6b1/triggers
[2023-05-28 16:03:05,181] logger_util.py->write_log line:61 [INFO] 请求头：{'Content-Type': 'application/json; =UTF-8', 'X-Project': 'b32d81056e124620b809e92f49cdf3d4'}
[2023-05-28 16:03:05,181] logger_util.py->write_log line:61 [INFO] 请求参数：[{'effectiveDateTime': '2023-05-22T06:15:31.000Z', 'frequencyValue': 1, 'frequencyUnit': 1, 'matchAll': False, 'condition': None, 'conditionDetail': 1, 'frequencyCheck': False, 'alarmPointIds': None, 'triggerType': 1}]
[2023-05-28 16:03:05,181] logger_util.py->write_log line:61 [INFO] 文件上传：None
[2023-05-28 16:03:05,341] logger_util.py->write_log line:61 [INFO] 预期结果：[{'equals': {'status_code': 200}}]
[2023-05-28 16:03:05,341] logger_util.py->write_log line:61 [INFO] 实际结果：
[2023-05-28 16:03:05,341] logger_util.py->write_log line:61 [INFO] 接口请求成功！
[2023-05-28 16:03:05,341] logger_util.py->write_log line:61 [INFO] -------------接口请求结束-----------

[2023-05-28 16:03:05,347] logger_util.py->write_log line:61 [INFO] -------------接口请求开始-----------
[2023-05-28 16:03:05,347] logger_util.py->write_log line:61 [INFO] 接口名称：设置归档表触发配置-定时触发
[2023-05-28 16:03:05,348] logger_util.py->write_log line:61 [INFO] 接口方式：put
[2023-05-28 16:03:05,348] logger_util.py->write_log line:61 [INFO] 接口路径：http://192.168.4.12:18000/api/v1/dataconfig/filingtable/c1f41826-c5ad-4592-bd98-9e153c82e6b1/triggers
[2023-05-28 16:03:05,348] logger_util.py->write_log line:61 [INFO] 请求头：{'Content-Type': 'application/json; =UTF-8', 'X-Project': 'b32d81056e124620b809e92f49cdf3d4'}
[2023-05-28 16:03:05,348] logger_util.py->write_log line:61 [INFO] 请求参数：[{'effectiveDateTime': '2023-05-22T06:15:31.000Z', 'frequencyValue': 5, 'frequencyUnit': 2, 'matchAll': False, 'condition': None, 'conditionDetail': 1, 'frequencyCheck': False, 'alarmPointIds': None, 'triggerType': 1}]
[2023-05-28 16:03:05,348] logger_util.py->write_log line:61 [INFO] 文件上传：None
[2023-05-28 16:03:05,372] logger_util.py->write_log line:61 [INFO] 预期结果：[{'equals': {'status_code': 200}}]
[2023-05-28 16:03:05,372] logger_util.py->write_log line:61 [INFO] 实际结果：
[2023-05-28 16:03:05,372] logger_util.py->write_log line:61 [INFO] 接口请求成功！
[2023-05-28 16:03:05,372] logger_util.py->write_log line:61 [INFO] -------------接口请求结束-----------

[2023-05-28 16:03:05,379] logger_util.py->write_log line:61 [INFO] -------------接口请求开始-----------
[2023-05-28 16:03:05,379] logger_util.py->write_log line:61 [INFO] 接口名称：设置归档表触发配置-定时触发
[2023-05-28 16:03:05,379] logger_util.py->write_log line:61 [INFO] 接口方式：put
[2023-05-28 16:03:05,379] logger_util.py->write_log line:61 [INFO] 接口路径：http://192.168.4.12:18000/api/v1/dataconfig/filingtable/c1f41826-c5ad-4592-bd98-9e153c82e6b1/triggers
[2023-05-28 16:03:05,379] logger_util.py->write_log line:61 [INFO] 请求头：{'Content-Type': 'application/json; =UTF-8', 'X-Project': 'b32d81056e124620b809e92f49cdf3d4'}
[2023-05-28 16:03:05,379] logger_util.py->write_log line:61 [INFO] 请求参数：[{'effectiveDateTime': '2023-05-22T06:15:31.000Z', 'frequencyValue': 1, 'frequencyUnit': 3, 'matchAll': False, 'condition': None, 'conditionDetail': 1, 'frequencyCheck': False, 'alarmPointIds': None, 'triggerType': 1}]
[2023-05-28 16:03:05,379] logger_util.py->write_log line:61 [INFO] 文件上传：None
[2023-05-28 16:03:05,405] logger_util.py->write_log line:61 [INFO] 预期结果：[{'equals': {'status_code': 200}}]
[2023-05-28 16:03:05,406] logger_util.py->write_log line:61 [INFO] 实际结果：
[2023-05-28 16:03:05,406] logger_util.py->write_log line:61 [INFO] 接口请求成功！
[2023-05-28 16:03:05,406] logger_util.py->write_log line:61 [INFO] -------------接口请求结束-----------

[2023-05-28 16:03:05,413] logger_util.py->write_log line:61 [INFO] -------------接口请求开始-----------
[2023-05-28 16:03:05,413] logger_util.py->write_log line:61 [INFO] 接口名称：设置归档表触发配置-定时触发
[2023-05-28 16:03:05,414] logger_util.py->write_log line:61 [INFO] 接口方式：put
[2023-05-28 16:03:05,414] logger_util.py->write_log line:61 [INFO] 接口路径：http://192.168.4.12:18000/api/v1/dataconfig/filingtable/c1f41826-c5ad-4592-bd98-9e153c82e6b1/triggers
[2023-05-28 16:03:05,414] logger_util.py->write_log line:61 [INFO] 请求头：{'Content-Type': 'application/json; =UTF-8', 'X-Project': 'b32d81056e124620b809e92f49cdf3d4'}
[2023-05-28 16:03:05,414] logger_util.py->write_log line:61 [INFO] 请求参数：[{'effectiveDateTime': '2023-05-22T06:15:31.000Z', 'frequencyValue': 1, 'frequencyUnit': 4, 'matchAll': False, 'condition': None, 'conditionDetail': 1, 'frequencyCheck': False, 'alarmPointIds': None, 'triggerType': 1}]
[2023-05-28 16:03:05,414] logger_util.py->write_log line:61 [INFO] 文件上传：None
[2023-05-28 16:03:05,438] logger_util.py->write_log line:61 [INFO] 预期结果：[{'equals': {'status_code': 200}}]
[2023-05-28 16:03:05,438] logger_util.py->write_log line:61 [INFO] 实际结果：
[2023-05-28 16:03:05,438] logger_util.py->write_log line:61 [INFO] 接口请求成功！
[2023-05-28 16:03:05,438] logger_util.py->write_log line:61 [INFO] -------------接口请求结束-----------

[2023-05-28 16:03:05,445] logger_util.py->write_log line:61 [INFO] -------------接口请求开始-----------
[2023-05-28 16:03:05,445] logger_util.py->write_log line:61 [INFO] 接口名称：设置归档表触发配置-定时触发
[2023-05-28 16:03:05,445] logger_util.py->write_log line:61 [INFO] 接口方式：put
[2023-05-28 16:03:05,445] logger_util.py->write_log line:61 [INFO] 接口路径：http://192.168.4.12:18000/api/v1/dataconfig/filingtable/c1f41826-c5ad-4592-bd98-9e153c82e6b1/triggers
[2023-05-28 16:03:05,445] logger_util.py->write_log line:61 [INFO] 请求头：{'Content-Type': 'application/json; =UTF-8', 'X-Project': 'b32d81056e124620b809e92f49cdf3d4'}
[2023-05-28 16:03:05,445] logger_util.py->write_log line:61 [INFO] 请求参数：[{'effectiveDateTime': '2023-05-22T06:15:31.000Z', 'frequencyValue': 36, 'frequencyUnit': 5, 'matchAll': False, 'condition': None, 'conditionDetail': 1, 'frequencyCheck': False, 'alarmPointIds': None, 'triggerType': 1}]
[2023-05-28 16:03:05,445] logger_util.py->write_log line:61 [INFO] 文件上传：None
[2023-05-28 16:03:05,482] logger_util.py->write_log line:61 [INFO] 预期结果：[{'equals': {'status_code': 200}}]
[2023-05-28 16:03:05,482] logger_util.py->write_log line:61 [INFO] 实际结果：
[2023-05-28 16:03:05,482] logger_util.py->write_log line:61 [INFO] 接口请求成功！
[2023-05-28 16:03:05,482] logger_util.py->write_log line:61 [INFO] -------------接口请求结束-----------

[2023-05-28 16:03:05,488] logger_util.py->write_log line:61 [INFO] -------------接口请求开始-----------
[2023-05-28 16:03:05,488] logger_util.py->write_log line:61 [INFO] 接口名称：设置归档表触发配置-定时触发
[2023-05-28 16:03:05,489] logger_util.py->write_log line:61 [INFO] 接口方式：put
[2023-05-28 16:03:05,489] logger_util.py->write_log line:61 [INFO] 接口路径：http://192.168.4.12:18000/api/v1/dataconfig/filingtable/c1f41826-c5ad-4592-bd98-9e153c82e6b1/triggers
[2023-05-28 16:03:05,489] logger_util.py->write_log line:61 [INFO] 请求头：{'Content-Type': 'application/json; =UTF-8', 'X-Project': 'b32d81056e124620b809e92f49cdf3d4'}
[2023-05-28 16:03:05,489] logger_util.py->write_log line:61 [INFO] 请求参数：[{'effectiveDateTime': '2023-05-22T06:15:31.000Z', 'frequencyValue': 1, 'frequencyUnit': 1, 'matchAll': True, 'condition': "G1 ==  true ||  H1 != '中文'", 'conditionDetail': 1, 'frequencyCheck': False, 'alarmPointIds': None, 'triggerType': 1}]
[2023-05-28 16:03:05,489] logger_util.py->write_log line:61 [INFO] 文件上传：None
[2023-05-28 16:03:05,527] logger_util.py->write_log line:61 [INFO] 预期结果：[{'equals': {'status_code': 200}}]
[2023-05-28 16:03:05,527] logger_util.py->write_log line:61 [INFO] 实际结果：
[2023-05-28 16:03:05,527] logger_util.py->write_log line:61 [INFO] 接口请求成功！
[2023-05-28 16:03:05,527] logger_util.py->write_log line:61 [INFO] -------------接口请求结束-----------

[2023-05-28 16:03:05,534] logger_util.py->write_log line:61 [INFO] -------------接口请求开始-----------
[2023-05-28 16:03:05,534] logger_util.py->write_log line:61 [INFO] 接口名称：设置归档表触发配置-定时触发
[2023-05-28 16:03:05,534] logger_util.py->write_log line:61 [INFO] 接口方式：put
[2023-05-28 16:03:05,534] logger_util.py->write_log line:61 [INFO] 接口路径：http://192.168.4.12:18000/api/v1/dataconfig/filingtable/c1f41826-c5ad-4592-bd98-9e153c82e6b1/triggers
[2023-05-28 16:03:05,534] logger_util.py->write_log line:61 [INFO] 请求头：{'Content-Type': 'application/json; =UTF-8', 'X-Project': 'b32d81056e124620b809e92f49cdf3d4'}
[2023-05-28 16:03:05,534] logger_util.py->write_log line:61 [INFO] 请求参数：[{'effectiveDateTime': '2023-05-22T06:15:31.000Z', 'frequencyValue': 1, 'frequencyUnit': 1, 'matchAll': True, 'condition': 'A1 + B1)  <=  0 ||  (A1 - B1) <= 0', 'conditionDetail': 1, 'frequencyCheck': False, 'alarmPointIds': None, 'triggerType': 1}]
[2023-05-28 16:03:05,534] logger_util.py->write_log line:61 [INFO] 文件上传：None
[2023-05-28 16:03:05,561] logger_util.py->write_log line:61 [INFO] 预期结果：[{'equals': {'status_code': 200}}]
[2023-05-28 16:03:05,561] logger_util.py->write_log line:61 [INFO] 实际结果：
[2023-05-28 16:03:05,561] logger_util.py->write_log line:61 [INFO] 接口请求成功！
[2023-05-28 16:03:05,561] logger_util.py->write_log line:61 [INFO] -------------接口请求结束-----------

[2023-05-28 16:03:05,569] logger_util.py->write_log line:61 [INFO] -------------接口请求开始-----------
[2023-05-28 16:03:05,569] logger_util.py->write_log line:61 [INFO] 接口名称：设置归档表触发配置-定时触发
[2023-05-28 16:03:05,569] logger_util.py->write_log line:61 [INFO] 接口方式：put
[2023-05-28 16:03:05,569] logger_util.py->write_log line:61 [INFO] 接口路径：http://192.168.4.12:18000/api/v1/dataconfig/filingtable/c1f41826-c5ad-4592-bd98-9e153c82e6b1/triggers
[2023-05-28 16:03:05,569] logger_util.py->write_log line:61 [INFO] 请求头：{'Content-Type': 'application/json; =UTF-8', 'X-Project': 'b32d81056e124620b809e92f49cdf3d4'}
[2023-05-28 16:03:05,569] logger_util.py->write_log line:61 [INFO] 请求参数：[{'effectiveDateTime': '2023-05-22T06:15:31.000Z', 'frequencyValue': 1, 'frequencyUnit': 1, 'matchAll': True, 'condition': '(A1 * B1) > 0 &&  (A1 / B1)>0', 'conditionDetail': 1, 'frequencyCheck': False, 'alarmPointIds': None, 'triggerType': 1}]
[2023-05-28 16:03:05,569] logger_util.py->write_log line:61 [INFO] 文件上传：None
[2023-05-28 16:03:05,594] logger_util.py->write_log line:61 [INFO] 预期结果：[{'equals': {'status_code': 200}}]
[2023-05-28 16:03:05,594] logger_util.py->write_log line:61 [INFO] 实际结果：
[2023-05-28 16:03:05,594] logger_util.py->write_log line:61 [INFO] 接口请求成功！
[2023-05-28 16:03:05,594] logger_util.py->write_log line:61 [INFO] -------------接口请求结束-----------

[2023-05-28 16:03:05,602] logger_util.py->write_log line:61 [INFO] -------------接口请求开始-----------
[2023-05-28 16:03:05,602] logger_util.py->write_log line:61 [INFO] 接口名称：设置归档表触发配置-字段触发
[2023-05-28 16:03:05,602] logger_util.py->write_log line:61 [INFO] 接口方式：put
[2023-05-28 16:03:05,602] logger_util.py->write_log line:61 [INFO] 接口路径：http://192.168.4.12:18000/api/v1/dataconfig/filingtable/c1f41826-c5ad-4592-bd98-9e153c82e6b1/triggers
[2023-05-28 16:03:05,602] logger_util.py->write_log line:61 [INFO] 请求头：{'Content-Type': 'application/json; =UTF-8', 'X-Project': 'b32d81056e124620b809e92f49cdf3d4'}
[2023-05-28 16:03:05,602] logger_util.py->write_log line:61 [INFO] 请求参数：[{'effectiveDateTime': None, 'frequencyValue': 1, 'frequencyUnit': 1, 'matchAll': False, 'condition': None, 'conditionDetail': 1, 'frequencyCheck': False, 'alarmPointIds': None, 'triggerType': 3}]
[2023-05-28 16:03:05,602] logger_util.py->write_log line:61 [INFO] 文件上传：None
[2023-05-28 16:03:05,635] logger_util.py->write_log line:61 [INFO] 预期结果：[{'equals': {'status_code': 200}}]
[2023-05-28 16:03:05,635] logger_util.py->write_log line:61 [INFO] 实际结果：
[2023-05-28 16:03:05,636] logger_util.py->write_log line:61 [INFO] 接口请求成功！
[2023-05-28 16:03:05,636] logger_util.py->write_log line:61 [INFO] -------------接口请求结束-----------

[2023-05-28 16:03:05,642] logger_util.py->write_log line:61 [INFO] -------------接口请求开始-----------
[2023-05-28 16:03:05,642] logger_util.py->write_log line:61 [INFO] 接口名称：设置归档表触发配置-字段触发
[2023-05-28 16:03:05,642] logger_util.py->write_log line:61 [INFO] 接口方式：put
[2023-05-28 16:03:05,642] logger_util.py->write_log line:61 [INFO] 接口路径：http://192.168.4.12:18000/api/v1/dataconfig/filingtable/c1f41826-c5ad-4592-bd98-9e153c82e6b1/triggers
[2023-05-28 16:03:05,642] logger_util.py->write_log line:61 [INFO] 请求头：{'Content-Type': 'application/json; =UTF-8', 'X-Project': 'b32d81056e124620b809e92f49cdf3d4'}
[2023-05-28 16:03:05,642] logger_util.py->write_log line:61 [INFO] 请求参数：[{'effectiveDateTime': None, 'frequencyValue': 1, 'frequencyUnit': 1, 'matchAll': True, 'condition': "G1 ==  true ||  H1 != '中文'", 'conditionDetail': 1, 'frequencyCheck': False, 'alarmPointIds': None, 'triggerType': 3}]
[2023-05-28 16:03:05,642] logger_util.py->write_log line:61 [INFO] 文件上传：None
[2023-05-28 16:03:05,680] logger_util.py->write_log line:61 [INFO] 预期结果：[{'equals': {'status_code': 200}}]
[2023-05-28 16:03:05,680] logger_util.py->write_log line:61 [INFO] 实际结果：
[2023-05-28 16:03:05,680] logger_util.py->write_log line:61 [INFO] 接口请求成功！
[2023-05-28 16:03:05,680] logger_util.py->write_log line:61 [INFO] -------------接口请求结束-----------

[2023-05-28 16:03:05,687] logger_util.py->write_log line:61 [INFO] -------------接口请求开始-----------
[2023-05-28 16:03:05,687] logger_util.py->write_log line:61 [INFO] 接口名称：设置归档表触发配置-字段触发
[2023-05-28 16:03:05,687] logger_util.py->write_log line:61 [INFO] 接口方式：put
[2023-05-28 16:03:05,687] logger_util.py->write_log line:61 [INFO] 接口路径：http://192.168.4.12:18000/api/v1/dataconfig/filingtable/c1f41826-c5ad-4592-bd98-9e153c82e6b1/triggers
[2023-05-28 16:03:05,687] logger_util.py->write_log line:61 [INFO] 请求头：{'Content-Type': 'application/json; =UTF-8', 'X-Project': 'b32d81056e124620b809e92f49cdf3d4'}
[2023-05-28 16:03:05,687] logger_util.py->write_log line:61 [INFO] 请求参数：[{'effectiveDateTime': None, 'frequencyValue': 1, 'frequencyUnit': 1, 'matchAll': True, 'condition': 'A1 + B1)  <=  0 ||  (A1 - B1) <= 0', 'conditionDetail': 1, 'frequencyCheck': False, 'alarmPointIds': None, 'triggerType': 3}]
[2023-05-28 16:03:05,687] logger_util.py->write_log line:61 [INFO] 文件上传：None
[2023-05-28 16:03:05,721] logger_util.py->write_log line:61 [INFO] 预期结果：[{'equals': {'status_code': 200}}]
[2023-05-28 16:03:05,721] logger_util.py->write_log line:61 [INFO] 实际结果：
[2023-05-28 16:03:05,722] logger_util.py->write_log line:61 [INFO] 接口请求成功！
[2023-05-28 16:03:05,722] logger_util.py->write_log line:61 [INFO] -------------接口请求结束-----------

[2023-05-28 16:03:05,728] logger_util.py->write_log line:61 [INFO] -------------接口请求开始-----------
[2023-05-28 16:03:05,728] logger_util.py->write_log line:61 [INFO] 接口名称：设置归档表触发配置-字段触发
[2023-05-28 16:03:05,728] logger_util.py->write_log line:61 [INFO] 接口方式：put
[2023-05-28 16:03:05,728] logger_util.py->write_log line:61 [INFO] 接口路径：http://192.168.4.12:18000/api/v1/dataconfig/filingtable/c1f41826-c5ad-4592-bd98-9e153c82e6b1/triggers
[2023-05-28 16:03:05,728] logger_util.py->write_log line:61 [INFO] 请求头：{'Content-Type': 'application/json; =UTF-8', 'X-Project': 'b32d81056e124620b809e92f49cdf3d4'}
[2023-05-28 16:03:05,728] logger_util.py->write_log line:61 [INFO] 请求参数：[{'effectiveDateTime': None, 'frequencyValue': 1, 'frequencyUnit': 1, 'matchAll': True, 'condition': '(A1 * B1) > 0 &&  (A1 / B1)>0', 'conditionDetail': 1, 'frequencyCheck': False, 'alarmPointIds': None, 'triggerType': 3}]
[2023-05-28 16:03:05,728] logger_util.py->write_log line:61 [INFO] 文件上传：None
[2023-05-28 16:03:05,753] logger_util.py->write_log line:61 [INFO] 预期结果：[{'equals': {'status_code': 200}}]
[2023-05-28 16:03:05,754] logger_util.py->write_log line:61 [INFO] 实际结果：
[2023-05-28 16:03:05,754] logger_util.py->write_log line:61 [INFO] 接口请求成功！
[2023-05-28 16:03:05,754] logger_util.py->write_log line:61 [INFO] -------------接口请求结束-----------

[2023-05-28 16:03:05,760] logger_util.py->write_log line:61 [INFO] -------------接口请求开始-----------
[2023-05-28 16:03:05,760] logger_util.py->write_log line:61 [INFO] 接口名称：异常用例-变量触发
[2023-05-28 16:03:05,760] logger_util.py->write_log line:61 [INFO] 接口方式：put
[2023-05-28 16:03:05,760] logger_util.py->write_log line:61 [INFO] 接口路径：http://192.168.4.12:18000/api/v1/dataconfig/filingtable/c1f41826-c5ad-4592-bd98-9e153c82e6b1/triggers
[2023-05-28 16:03:05,760] logger_util.py->write_log line:61 [INFO] 请求头：{'Content-Type': 'application/json; =UTF-8', 'X-Project': 'b32d81056e124620b809e92f49cdf3d4'}
[2023-05-28 16:03:05,760] logger_util.py->write_log line:61 [INFO] 请求参数：[{'effectiveDateTime': None, 'frequencyValue': 1, 'frequencyUnit': 1, 'matchAll': False, 'condition': None, 'conditionDetail': 1, 'frequencyCheck': False, 'alarmPointIds': None, 'triggerType': 2}]
[2023-05-28 16:03:05,760] logger_util.py->write_log line:61 [INFO] 文件上传：None
[2023-05-28 16:03:05,765] logger_util.py->write_log line:61 [INFO] 预期结果：[{'equals': {'status_code': 400}}, {'contains': '触发动作不能为空'}]
[2023-05-28 16:03:05,765] logger_util.py->write_log line:61 [INFO] 实际结果：触发动作不能为空
[2023-05-28 16:03:05,765] logger_util.py->write_log line:61 [INFO] 接口请求成功！
[2023-05-28 16:03:05,766] logger_util.py->write_log line:61 [INFO] -------------接口请求结束-----------

[2023-05-28 16:03:05,772] logger_util.py->write_log line:61 [INFO] -------------接口请求开始-----------
[2023-05-28 16:03:05,772] logger_util.py->write_log line:61 [INFO] 接口名称：异常用例-定时触发
[2023-05-28 16:03:05,773] logger_util.py->write_log line:61 [INFO] 接口方式：put
[2023-05-28 16:03:05,773] logger_util.py->write_log line:61 [INFO] 接口路径：http://192.168.4.12:18000/api/v1/dataconfig/filingtable/c1f41826-c5ad-4592-bd98-9e153c82e6b1/triggers
[2023-05-28 16:03:05,773] logger_util.py->write_log line:61 [INFO] 请求头：{'Content-Type': 'application/json; =UTF-8', 'X-Project': 'b32d81056e124620b809e92f49cdf3d4'}
[2023-05-28 16:03:05,773] logger_util.py->write_log line:61 [INFO] 请求参数：[{'effectiveDateTime': None, 'frequencyValue': 1, 'frequencyUnit': 1, 'matchAll': False, 'condition': None, 'conditionDetail': 1, 'frequencyCheck': False, 'alarmPointIds': None, 'triggerType': 1}]
[2023-05-28 16:03:05,773] logger_util.py->write_log line:61 [INFO] 文件上传：None
[2023-05-28 16:03:05,779] logger_util.py->write_log line:61 [INFO] 预期结果：[{'equals': {'status_code': 400}}, {'contains': '请填写触发时间'}]
[2023-05-28 16:03:05,779] logger_util.py->write_log line:61 [INFO] 实际结果：请填写触发时间
[2023-05-28 16:03:05,779] logger_util.py->write_log line:61 [INFO] 接口请求成功！
[2023-05-28 16:03:05,779] logger_util.py->write_log line:61 [INFO] -------------接口请求结束-----------

[2023-05-28 16:03:05,786] logger_util.py->write_log line:61 [INFO] -------------接口请求开始-----------
[2023-05-28 16:03:05,786] logger_util.py->write_log line:61 [INFO] 接口名称：异常用例-定时触发
[2023-05-28 16:03:05,786] logger_util.py->write_log line:61 [INFO] 接口方式：put
[2023-05-28 16:03:05,787] logger_util.py->write_log line:61 [INFO] 接口路径：http://192.168.4.12:18000/api/v1/dataconfig/filingtable/c1f41826-c5ad-4592-bd98-9e153c82e6b1/triggers
[2023-05-28 16:03:05,787] logger_util.py->write_log line:61 [INFO] 请求头：{'Content-Type': 'application/json; =UTF-8', 'X-Project': 'b32d81056e124620b809e92f49cdf3d4'}
[2023-05-28 16:03:05,787] logger_util.py->write_log line:61 [INFO] 请求参数：[{'effectiveDateTime': '2023-05-22T06:15:31.000Z', 'frequencyValue': 1, 'frequencyUnit': 1, 'matchAll': True, 'condition': None, 'conditionDetail': 1, 'frequencyCheck': False, 'alarmPointIds': None, 'triggerType': 1}]
[2023-05-28 16:03:05,787] logger_util.py->write_log line:61 [INFO] 文件上传：None
[2023-05-28 16:03:05,794] logger_util.py->write_log line:61 [INFO] 预期结果：[{'equals': {'status_code': 400}}, {'contains': '触发动作不能为空'}]
[2023-05-28 16:03:05,794] logger_util.py->write_log line:61 [INFO] 实际结果：触发动作不能为空
[2023-05-28 16:03:05,794] logger_util.py->write_log line:61 [INFO] 接口请求成功！
[2023-05-28 16:03:05,794] logger_util.py->write_log line:61 [INFO] -------------接口请求结束-----------

[2023-05-28 16:03:05,801] logger_util.py->write_log line:61 [INFO] -------------接口请求开始-----------
[2023-05-28 16:03:05,801] logger_util.py->write_log line:61 [INFO] 接口名称：异常用例-字段触发
[2023-05-28 16:03:05,801] logger_util.py->write_log line:61 [INFO] 接口方式：put
[2023-05-28 16:03:05,801] logger_util.py->write_log line:61 [INFO] 接口路径：http://192.168.4.12:18000/api/v1/dataconfig/filingtable/c1f41826-c5ad-4592-bd98-9e153c82e6b1/triggers
[2023-05-28 16:03:05,801] logger_util.py->write_log line:61 [INFO] 请求头：{'Content-Type': 'application/json; =UTF-8', 'X-Project': 'b32d81056e124620b809e92f49cdf3d4'}
[2023-05-28 16:03:05,802] logger_util.py->write_log line:61 [INFO] 请求参数：[{'effectiveDateTime': None, 'frequencyValue': 1, 'frequencyUnit': 1, 'matchAll': True, 'condition': None, 'conditionDetail': 1, 'frequencyCheck': False, 'alarmPointIds': None, 'triggerType': 3}]
[2023-05-28 16:03:05,802] logger_util.py->write_log line:61 [INFO] 文件上传：None
[2023-05-28 16:03:05,807] logger_util.py->write_log line:61 [INFO] 预期结果：[{'equals': {'status_code': 400}}, {'contains': '触发动作不能为空'}]
[2023-05-28 16:03:05,807] logger_util.py->write_log line:61 [INFO] 实际结果：触发动作不能为空
[2023-05-28 16:03:05,807] logger_util.py->write_log line:61 [INFO] 接口请求成功！
[2023-05-28 16:03:05,808] logger_util.py->write_log line:61 [INFO] -------------接口请求结束-----------

[2023-05-28 16:03:05,814] logger_util.py->write_log line:61 [INFO] -------------接口请求开始-----------
[2023-05-28 16:03:05,814] logger_util.py->write_log line:61 [INFO] 接口名称：获取归档表触发配置-$csv{name}
[2023-05-28 16:03:05,814] logger_util.py->write_log line:61 [INFO] 接口方式：get
[2023-05-28 16:03:05,814] logger_util.py->write_log line:61 [INFO] 接口路径：http://192.168.4.12:18000/api/v1/dataconfig/filingtable/c1f41826-c5ad-4592-bd98-9e153c82e6b1/triggers
[2023-05-28 16:03:05,814] logger_util.py->write_log line:61 [INFO] 请求头：{'Content-Type': 'application/json; =UTF-8', 'X-Project': 'b32d81056e124620b809e92f49cdf3d4'}
[2023-05-28 16:03:05,814] logger_util.py->write_log line:61 [INFO] 文件上传：None
[2023-05-28 16:03:05,826] logger_util.py->write_log line:61 [INFO] 预期结果：[{'equals': {'status_code': 200}}]
[2023-05-28 16:03:05,826] logger_util.py->write_log line:61 [INFO] 实际结果：[{'id': 133, 'isEnable': True, 'filingTableId': 'c1f41826-c5ad-4592-bd98-9e153c82e6b1', 'triggerType': 3, 'effectiveDateTime': '0001-01-01T00:00:00', 'frequencyValue': 0, 'frequencyUnit': 0, 'matchAll': True, 'condition': '(A1 * B1) > 0 &&  (A1 / B1)>0', 'conditionDetail': 0, 'frequencyCheck': False, 'alarmPointIds': None}]
[2023-05-28 16:03:05,826] logger_util.py->write_log line:61 [INFO] 接口请求成功！
[2023-05-28 16:03:05,826] logger_util.py->write_log line:61 [INFO] -------------接口请求结束-----------

[2023-05-28 16:03:05,833] logger_util.py->write_log line:61 [INFO] -------------接口请求开始-----------
[2023-05-28 16:03:05,833] logger_util.py->write_log line:61 [INFO] 接口名称：获取归档表表头字段设置
[2023-05-28 16:03:05,833] logger_util.py->write_log line:61 [INFO] 接口方式：get
[2023-05-28 16:03:05,833] logger_util.py->write_log line:61 [INFO] 接口路径：http://192.168.4.12:18000/api/v1/dataconfig/filingtable/c1f41826-c5ad-4592-bd98-9e153c82e6b1/headers
[2023-05-28 16:03:05,833] logger_util.py->write_log line:61 [INFO] 请求头：{'Content-Type': 'application/json; =UTF-8', 'X-Project': 'b32d81056e124620b809e92f49cdf3d4'}
[2023-05-28 16:03:05,833] logger_util.py->write_log line:61 [INFO] 文件上传：None
[2023-05-28 16:03:05,842] logger_util.py->write_log line:61 [INFO] 预期结果：[{'equals': {'status_code': 200}}, {'gt': {'content': 0}}]
[2023-05-28 16:03:05,843] logger_util.py->write_log line:61 [INFO] 实际结果：[{'id': '记录时间', 'filingTableId': '00000000-0000-0000-0000-000000000000', 'fieldName': '记录时间', 'fieldType': 3, 'associatedVariable': None, 'formula': None, 'sort': 0}, {'id': 'FTF99116cd559e54ccebe3a1c1f2feeed3c', 'filingTableId': 'c1f41826-c5ad-4592-bd98-9e153c82e6b1', 'fieldName': 'A1', 'fieldType': 1, 'associatedVariable': 'A1', 'formula': '', 'sort': 1}, {'id': 'FTF76da3a6e797541c89fa0c6c961be36ea', 'filingTableId': 'c1f41826-c5ad-4592-bd98-9e153c82e6b1', 'fieldName': 'B1', 'fieldType': 1, 'associatedVariable': 'B1', 'formula': '', 'sort': 2}, {'id': 'FTF29c8139d9138479d9ee8fa5a940e6b49', 'filingTableId': 'c1f41826-c5ad-4592-bd98-9e153c82e6b1', 'fieldName': 'G1', 'fieldType': 1, 'associatedVariable': 'G1', 'formula': '', 'sort': 3}, {'id': 'FTFfb94fa948e3246ed87f03414a5b315db', 'filingTableId': 'c1f41826-c5ad-4592-bd98-9e153c82e6b1', 'fieldName': 'H1', 'fieldType': 2, 'associatedVariable': 'H1', 'formula': '', 'sort': 4}, {'id': 'FTFd5ae6903257a44b1b5f32d95651ba5e3', 'filingTableId': 'c1f41826-c5ad-4592-bd98-9e153c82e6b1', 'fieldName': '系统时间', 'fieldType': 3, 'associatedVariable': 'DateTime', 'formula': '', 'sort': 5}, {'id': 'FTF694c6a8871374c778ae25da43f934473', 'filingTableId': 'c1f41826-c5ad-4592-bd98-9e153c82e6b1', 'fieldName': '函数时间', 'fieldType': 3, 'associatedVariable': '', 'formula': 'NOW(  )', 'sort': 6}]
[2023-05-28 16:03:05,843] logger_util.py->write_log line:61 [INFO] 接口请求成功！
[2023-05-28 16:03:05,843] logger_util.py->write_log line:61 [INFO] -------------接口请求结束-----------

[2023-05-28 16:03:05,850] logger_util.py->write_log line:61 [INFO] -------------接口请求开始-----------
[2023-05-28 16:03:05,850] logger_util.py->write_log line:61 [INFO] 接口名称：创建聚合表
[2023-05-28 16:03:05,850] logger_util.py->write_log line:61 [INFO] 接口方式：post
[2023-05-28 16:03:05,850] logger_util.py->write_log line:61 [INFO] 接口路径：http://192.168.4.12:18000/api/v1/dataconfig/aggregatetable
[2023-05-28 16:03:05,850] logger_util.py->write_log line:61 [INFO] 请求头：{'Content-Type': 'application/json;charset=UTF-8', 'X-Project': 'b32d81056e124620b809e92f49cdf3d4'}
[2023-05-28 16:03:05,850] logger_util.py->write_log line:61 [INFO] 请求参数：{'folderId': '00000000-0000-0000-0000-000000000000', 'name': '聚合表100', 'sort': 3, 'tableId': 'c1f41826-c5ad-4592-bd98-9e153c82e6b1', 'nodeType': 3}
[2023-05-28 16:03:05,850] logger_util.py->write_log line:61 [INFO] 文件上传：None
[2023-05-28 16:03:05,992] logger_util.py->write_log line:61 [INFO] 预期结果：[{'equals': {'status_code': 200}}, {'equals': {'sort': 3}}, {'contains': 'id'}]
[2023-05-28 16:03:05,992] logger_util.py->write_log line:61 [INFO] 实际结果：{'id': 'cdffd177-3aca-4859-ba02-359ce7a0d42f', 'folderId': '00000000-0000-0000-0000-000000000000', 'relativeTableId': 'c1f41826-c5ad-4592-bd98-9e153c82e6b1', 'relativeType': 3, 'name': '聚合表100', 'sort': 3, 'createDateTime': '2023-05-28T16:03:05.9589692+08:00', 'preConditionType': 0, 'operationTypes': [1, 2, 3, 4], 'functionTypes': [2, 3, 4], 'extendedHeaders': ['记录时间'], 'storageConfig_ScheduledClear': False, 'storageConfig_ClearTriggerTime': None, 'storageConfig_ClearFrequency': 0, 'storageConfig_ClearFrequencyUnit': 0, 'storageConfig_ClearRetain': 0, 'storageConfig_ClearRetainUnit': 0, 'storageConfig_ScheduledBackup': False, 'storageConfig_BackupTriggerTime': None, 'storageConfig_BackupFrequency': 0, 'storageConfig_BackupFrequencyUnit': 0, 'storageConfig_BackupPath': ''}
[2023-05-28 16:03:05,992] logger_util.py->write_log line:61 [INFO] 接口请求成功！
[2023-05-28 16:03:05,993] logger_util.py->write_log line:61 [INFO] -------------接口请求结束-----------

[2023-05-28 16:03:06,003] logger_util.py->write_log line:61 [INFO] -------------接口请求开始-----------
[2023-05-28 16:03:06,003] logger_util.py->write_log line:61 [INFO] 接口名称：获取聚合表
[2023-05-28 16:03:06,003] logger_util.py->write_log line:61 [INFO] 接口方式：get
[2023-05-28 16:03:06,004] logger_util.py->write_log line:61 [INFO] 接口路径：http://192.168.4.12:18000/api/v1/dataconfig/aggregatetable/cdffd177-3aca-4859-ba02-359ce7a0d42f
[2023-05-28 16:03:06,004] logger_util.py->write_log line:61 [INFO] 请求头：{'Content-Type': 'application/json;charset=UTF-8', 'X-Project': 'b32d81056e124620b809e92f49cdf3d4'}
[2023-05-28 16:03:06,004] logger_util.py->write_log line:61 [INFO] 文件上传：None
[2023-05-28 16:03:06,016] logger_util.py->write_log line:61 [INFO] 预期结果：[{'equals': {'status_code': 200}}, {'contains': 'id'}]
[2023-05-28 16:03:06,016] logger_util.py->write_log line:61 [INFO] 实际结果：{'id': 'cdffd177-3aca-4859-ba02-359ce7a0d42f', 'folderId': '00000000-0000-0000-0000-000000000000', 'relativeTableId': 'c1f41826-c5ad-4592-bd98-9e153c82e6b1', 'relativeType': 3, 'name': '聚合表100', 'createDateTime': '2023-05-28T16:03:05.9589692', 'preConditionType': 0, 'relativeTableName': None}
[2023-05-28 16:03:06,016] logger_util.py->write_log line:61 [INFO] 接口请求成功！
[2023-05-28 16:03:06,016] logger_util.py->write_log line:61 [INFO] -------------接口请求结束-----------

[2023-05-28 16:03:06,022] logger_util.py->write_log line:61 [INFO] -------------接口请求开始-----------
[2023-05-28 16:03:06,022] logger_util.py->write_log line:61 [INFO] 接口名称：获取所有聚合表
[2023-05-28 16:03:06,022] logger_util.py->write_log line:61 [INFO] 接口方式：get
[2023-05-28 16:03:06,022] logger_util.py->write_log line:61 [INFO] 接口路径：http://192.168.4.12:18000/api/v1/dataconfig/aggregatetable
[2023-05-28 16:03:06,022] logger_util.py->write_log line:61 [INFO] 请求头：{'Content-Type': 'application/json;charset=UTF-8', 'X-Project': 'b32d81056e124620b809e92f49cdf3d4'}
[2023-05-28 16:03:06,022] logger_util.py->write_log line:61 [INFO] 文件上传：None
[2023-05-28 16:03:06,030] logger_util.py->write_log line:61 [INFO] 预期结果：[{'equals': {'status_code': 200}}]
[2023-05-28 16:03:06,030] logger_util.py->write_log line:61 [INFO] 实际结果：[{'id': '8ed90e55-96f5-4e3e-90bd-869bce176d78', 'folderId': '00000000-0000-0000-0000-000000000000', 'relativeTableId': '5882c397-d83b-4bde-8b39-ce9a7950ce73', 'relativeType': 2, 'name': '聚合表', 'sort': 10, 'createDateTime': '2023-05-23T11:24:19.7537387', 'preConditionType': 0, 'operationTypes': [1, 2, 3, 4], 'functionTypes': [2, 3, 4], 'extendedHeaders': ['记录时间'], 'storageConfig_ScheduledClear': False, 'storageConfig_ClearTriggerTime': None, 'storageConfig_ClearFrequency': 0, 'storageConfig_ClearFrequencyUnit': 0, 'storageConfig_ClearRetain': 0, 'storageConfig_ClearRetainUnit': 0, 'storageConfig_ScheduledBackup': False, 'storageConfig_BackupTriggerTime': None, 'storageConfig_BackupFrequency': 0, 'storageConfig_BackupFrequencyUnit': 0, 'storageConfig_BackupPath': ''}, {'id': '63567382-48bf-404f-a91d-a69c6568e354', 'folderId': '00000000-0000-0000-0000-000000000000', 'relativeTableId': '5882c397-d83b-4bde-8b39-ce9a7950ce73', 'relativeType': 2, 'name': '聚合表-0002', 'sort': 13, 'createDateTime': '2023-05-23T17:40:22.6874412', 'preConditionType': 0, 'operationTypes': [1, 2, 3, 4], 'functionTypes': [2, 3, 4], 'extendedHeaders': ['记录时间'], 'storageConfig_ScheduledClear': False, 'storageConfig_ClearTriggerTime': None, 'storageConfig_ClearFrequency': 0, 'storageConfig_ClearFrequencyUnit': 0, 'storageConfig_ClearRetain': 0, 'storageConfig_ClearRetainUnit': 0, 'storageConfig_ScheduledBackup': False, 'storageConfig_BackupTriggerTime': None, 'storageConfig_BackupFrequency': 0, 'storageConfig_BackupFrequencyUnit': 0, 'storageConfig_BackupPath': ''}, {'id': 'a5499325-809c-49a0-8dce-743e0b815785', 'folderId': '00000000-0000-0000-0000-000000000000', 'relativeTableId': '5882c397-d83b-4bde-8b39-ce9a7950ce73', 'relativeType': 2, 'name': '聚合表-0003', 'sort': 11, 'createDateTime': '2023-05-24T11:41:24.9523912', 'preConditionType': 0, 'operationTypes': [1, 2, 3, 4], 'functionTypes': [2, 3, 4], 'extendedHeaders': ['记录时间'], 'storageConfig_ScheduledClear': False, 'storageConfig_ClearTriggerTime': None, 'storageConfig_ClearFrequency': 0, 'storageConfig_ClearFrequencyUnit': 0, 'storageConfig_ClearRetain': 0, 'storageConfig_ClearRetainUnit': 0, 'storageConfig_ScheduledBackup': False, 'storageConfig_BackupTriggerTime': None, 'storageConfig_BackupFrequency': 0, 'storageConfig_BackupFrequencyUnit': 0, 'storageConfig_BackupPath': ''}, {'id': 'd97b6c0b-fe14-4669-825a-b3ba3c2faabf', 'folderId': '00000000-0000-0000-0000-000000000000', 'relativeTableId': '066cbe52-50eb-47e4-b1fd-010706260ee8', 'relativeType': 3, 'name': '聚合表88', 'sort': 8, 'createDateTime': '2023-05-28T15:32:54.6815281', 'preConditionType': 0, 'operationTypes': [1, 2, 3, 4], 'functionTypes': [2, 3, 4], 'extendedHeaders': ['记录时间'], 'storageConfig_ScheduledClear': False, 'storageConfig_ClearTriggerTime': None, 'storageConfig_ClearFrequency': 0, 'storageConfig_ClearFrequencyUnit': 0, 'storageConfig_ClearRetain': 0, 'storageConfig_ClearRetainUnit': 0, 'storageConfig_ScheduledBackup': False, 'storageConfig_BackupTriggerTime': None, 'storageConfig_BackupFrequency': 0, 'storageConfig_BackupFrequencyUnit': 0, 'storageConfig_BackupPath': ''}, {'id': '97986c3b-2d70-40d2-8ad3-93b3196ee02a', 'folderId': '00000000-0000-0000-0000-000000000000', 'relativeTableId': '62a14f1f-3645-4ad8-b510-690e45e23d6d', 'relativeType': 2, 'name': '3', 'sort': 1, 'createDateTime': '2023-05-28T16:00:50.1588859', 'preConditionType': 0, 'operationTypes': [1, 2, 3, 4], 'functionTypes': [2, 3, 4], 'extendedHeaders': ['记录时间'], 'storageConfig_ScheduledClear': False, 'storageConfig_ClearTriggerTime': None, 'storageConfig_ClearFrequency': 0, 'storageConfig_ClearFrequencyUnit': 0, 'storageConfig_ClearRetain': 0, 'storageConfig_ClearRetainUnit': 0, 'storageConfig_ScheduledBackup': False, 'storageConfig_BackupTriggerTime': None, 'storageConfig_BackupFrequency': 0, 'storageConfig_BackupFrequencyUnit': 0, 'storageConfig_BackupPath': ''}, {'id': 'cdffd177-3aca-4859-ba02-359ce7a0d42f', 'folderId': '00000000-0000-0000-0000-000000000000', 'relativeTableId': 'c1f41826-c5ad-4592-bd98-9e153c82e6b1', 'relativeType': 3, 'name': '聚合表100', 'sort': 3, 'createDateTime': '2023-05-28T16:03:05.9589692', 'preConditionType': 0, 'operationTypes': [1, 2, 3, 4], 'functionTypes': [2, 3, 4], 'extendedHeaders': ['记录时间'], 'storageConfig_ScheduledClear': False, 'storageConfig_ClearTriggerTime': None, 'storageConfig_ClearFrequency': 0, 'storageConfig_ClearFrequencyUnit': 0, 'storageConfig_ClearRetain': 0, 'storageConfig_ClearRetainUnit': 0, 'storageConfig_ScheduledBackup': False, 'storageConfig_BackupTriggerTime': None, 'storageConfig_BackupFrequency': 0, 'storageConfig_BackupFrequencyUnit': 0, 'storageConfig_BackupPath': ''}]
[2023-05-28 16:03:06,035] logger_util.py->write_log line:61 [INFO] 接口请求成功！
[2023-05-28 16:03:06,035] logger_util.py->write_log line:61 [INFO] -------------接口请求结束-----------

[2023-05-28 16:03:06,042] logger_util.py->write_log line:61 [INFO] -------------接口请求开始-----------
[2023-05-28 16:03:06,042] logger_util.py->write_log line:61 [INFO] 接口名称：编辑聚合表
[2023-05-28 16:03:06,042] logger_util.py->write_log line:61 [INFO] 接口方式：put
[2023-05-28 16:03:06,042] logger_util.py->write_log line:61 [INFO] 接口路径：http://192.168.4.12:18000/api/v1/dataconfig/aggregatetable/cdffd177-3aca-4859-ba02-359ce7a0d42f/name
[2023-05-28 16:03:06,042] logger_util.py->write_log line:61 [INFO] 请求头：{'Content-Type': 'application/json;charset=UTF-8', 'X-Project': 'b32d81056e124620b809e92f49cdf3d4'}
[2023-05-28 16:03:06,042] logger_util.py->write_log line:61 [INFO] 请求参数：{'name': '编辑聚合表36'}
[2023-05-28 16:03:06,042] logger_util.py->write_log line:61 [INFO] 文件上传：None
[2023-05-28 16:03:06,068] logger_util.py->write_log line:61 [INFO] 预期结果：[{'equals': {'status_code': 200}}, {'contains': 'id'}]
[2023-05-28 16:03:06,068] logger_util.py->write_log line:61 [INFO] 实际结果：{'id': 'cdffd177-3aca-4859-ba02-359ce7a0d42f', 'folderId': '00000000-0000-0000-0000-000000000000', 'relativeTableId': 'c1f41826-c5ad-4592-bd98-9e153c82e6b1', 'relativeType': 3, 'name': '编辑聚合表36', 'sort': 3, 'createDateTime': '2023-05-28T16:03:05.9589692', 'preConditionType': 0, 'operationTypes': [1, 2, 3, 4], 'functionTypes': [2, 3, 4], 'extendedHeaders': ['记录时间'], 'storageConfig_ScheduledClear': False, 'storageConfig_ClearTriggerTime': None, 'storageConfig_ClearFrequency': 0, 'storageConfig_ClearFrequencyUnit': 0, 'storageConfig_ClearRetain': 0, 'storageConfig_ClearRetainUnit': 0, 'storageConfig_ScheduledBackup': False, 'storageConfig_BackupTriggerTime': None, 'storageConfig_BackupFrequency': 0, 'storageConfig_BackupFrequencyUnit': 0, 'storageConfig_BackupPath': ''}
[2023-05-28 16:03:06,068] logger_util.py->write_log line:61 [INFO] 接口请求成功！
[2023-05-28 16:03:06,068] logger_util.py->write_log line:61 [INFO] -------------接口请求结束-----------

[2023-05-28 16:03:06,074] logger_util.py->write_log line:61 [INFO] -------------接口请求开始-----------
[2023-05-28 16:03:06,074] logger_util.py->write_log line:61 [INFO] 接口名称：重命名聚合表
[2023-05-28 16:03:06,075] logger_util.py->write_log line:61 [INFO] 接口方式：put
[2023-05-28 16:03:06,075] logger_util.py->write_log line:61 [INFO] 接口路径：http://192.168.4.12:18000/api/v1/dataconfig/aggregatetable/cdffd177-3aca-4859-ba02-359ce7a0d42f/name
[2023-05-28 16:03:06,075] logger_util.py->write_log line:61 [INFO] 请求头：{'Content-Type': 'application/json;charset=UTF-8', 'X-Project': 'b32d81056e124620b809e92f49cdf3d4'}
[2023-05-28 16:03:06,075] logger_util.py->write_log line:61 [INFO] 请求参数：{'name': '重命名聚合表76'}
[2023-05-28 16:03:06,075] logger_util.py->write_log line:61 [INFO] 文件上传：None
[2023-05-28 16:03:06,095] logger_util.py->write_log line:61 [INFO] 预期结果：[{'equals': {'status_code': 200}}, {'contains': 'id'}]
[2023-05-28 16:03:06,095] logger_util.py->write_log line:61 [INFO] 实际结果：{'id': 'cdffd177-3aca-4859-ba02-359ce7a0d42f', 'folderId': '00000000-0000-0000-0000-000000000000', 'relativeTableId': 'c1f41826-c5ad-4592-bd98-9e153c82e6b1', 'relativeType': 3, 'name': '重命名聚合表76', 'sort': 3, 'createDateTime': '2023-05-28T16:03:05.9589692', 'preConditionType': 0, 'operationTypes': [1, 2, 3, 4], 'functionTypes': [2, 3, 4], 'extendedHeaders': ['记录时间'], 'storageConfig_ScheduledClear': False, 'storageConfig_ClearTriggerTime': None, 'storageConfig_ClearFrequency': 0, 'storageConfig_ClearFrequencyUnit': 0, 'storageConfig_ClearRetain': 0, 'storageConfig_ClearRetainUnit': 0, 'storageConfig_ScheduledBackup': False, 'storageConfig_BackupTriggerTime': None, 'storageConfig_BackupFrequency': 0, 'storageConfig_BackupFrequencyUnit': 0, 'storageConfig_BackupPath': ''}
[2023-05-28 16:03:06,095] logger_util.py->write_log line:61 [INFO] 接口请求成功！
[2023-05-28 16:03:06,096] logger_util.py->write_log line:61 [INFO] -------------接口请求结束-----------

[2023-05-28 16:03:06,103] logger_util.py->write_log line:61 [INFO] -------------接口请求开始-----------
[2023-05-28 16:03:06,103] logger_util.py->write_log line:61 [INFO] 接口名称：删除聚合表
[2023-05-28 16:03:06,103] logger_util.py->write_log line:61 [INFO] 接口方式：delete
[2023-05-28 16:03:06,103] logger_util.py->write_log line:61 [INFO] 接口路径：http://192.168.4.12:18000/api/v1/dataconfig/aggregatetable/cdffd177-3aca-4859-ba02-359ce7a0d42f
[2023-05-28 16:03:06,103] logger_util.py->write_log line:61 [INFO] 请求头：{'Content-Type': 'application/json;charset=UTF-8', 'X-Project': 'b32d81056e124620b809e92f49cdf3d4'}
[2023-05-28 16:03:06,103] logger_util.py->write_log line:61 [INFO] 文件上传：None
[2023-05-28 16:03:06,165] logger_util.py->write_log line:61 [INFO] 预期结果：[{'equals': {'status_code': 200}}]
[2023-05-28 16:03:06,165] logger_util.py->write_log line:61 [INFO] 实际结果：['cdffd177-3aca-4859-ba02-359ce7a0d42f']
[2023-05-28 16:03:06,166] logger_util.py->write_log line:61 [INFO] 接口请求成功！
[2023-05-28 16:03:06,166] logger_util.py->write_log line:61 [INFO] -------------接口请求结束-----------

[2023-05-28 16:03:06,172] logger_util.py->write_log line:61 [INFO] -------------接口请求开始-----------
[2023-05-28 16:03:06,172] logger_util.py->write_log line:61 [INFO] 接口名称：创建聚合表
[2023-05-28 16:03:06,172] logger_util.py->write_log line:61 [INFO] 接口方式：post
[2023-05-28 16:03:06,172] logger_util.py->write_log line:61 [INFO] 接口路径：http://192.168.4.12:18000/api/v1/dataconfig/aggregatetable
[2023-05-28 16:03:06,172] logger_util.py->write_log line:61 [INFO] 请求头：{'Content-Type': 'application/json;charset=UTF-8', 'X-Project': 'b32d81056e124620b809e92f49cdf3d4'}
[2023-05-28 16:03:06,172] logger_util.py->write_log line:61 [INFO] 请求参数：{'folderId': '00000000-0000-0000-0000-000000000000', 'name': '聚合表24', 'sort': 3, 'tableId': 'c1f41826-c5ad-4592-bd98-9e153c82e6b1', 'nodeType': 3}
[2023-05-28 16:03:06,172] logger_util.py->write_log line:61 [INFO] 文件上传：None
[2023-05-28 16:03:06,265] logger_util.py->write_log line:61 [INFO] 预期结果：[{'equals': {'status_code': 200}}, {'equals': {'sort': 3}}, {'contains': 'id'}]
[2023-05-28 16:03:06,265] logger_util.py->write_log line:61 [INFO] 实际结果：{'id': '8eb95938-f5ee-4133-b2ab-8cdecda72658', 'folderId': '00000000-0000-0000-0000-000000000000', 'relativeTableId': 'c1f41826-c5ad-4592-bd98-9e153c82e6b1', 'relativeType': 3, 'name': '聚合表24', 'sort': 3, 'createDateTime': '2023-05-28T16:03:06.2708244+08:00', 'preConditionType': 0, 'operationTypes': [1, 2, 3, 4], 'functionTypes': [2, 3, 4], 'extendedHeaders': ['记录时间'], 'storageConfig_ScheduledClear': False, 'storageConfig_ClearTriggerTime': None, 'storageConfig_ClearFrequency': 0, 'storageConfig_ClearFrequencyUnit': 0, 'storageConfig_ClearRetain': 0, 'storageConfig_ClearRetainUnit': 0, 'storageConfig_ScheduledBackup': False, 'storageConfig_BackupTriggerTime': None, 'storageConfig_BackupFrequency': 0, 'storageConfig_BackupFrequencyUnit': 0, 'storageConfig_BackupPath': ''}
[2023-05-28 16:03:06,265] logger_util.py->write_log line:61 [INFO] 接口请求成功！
[2023-05-28 16:03:06,265] logger_util.py->write_log line:61 [INFO] -------------接口请求结束-----------

