[2023-08-16 17:23:19,172] logger_util.py->write_log line:61 [INFO] -------------接口请求开始-----------
[2023-08-16 17:23:19,173] logger_util.py->write_log line:61 [INFO] 接口名称：创建工程
[2023-08-16 17:23:19,173] logger_util.py->write_log line:61 [INFO] 接口方式：post
[2023-08-16 17:23:19,173] logger_util.py->write_log line:61 [INFO] 接口路径：http://127.0.0.1:18000/api/v1/project/node
[2023-08-16 17:23:19,173] logger_util.py->write_log line:61 [INFO] 请求头：{}
[2023-08-16 17:23:19,173] logger_util.py->write_log line:61 [INFO] 请求参数：{'name': '工程2192', 'path': 'C:\\自动化工程', 'type': 1}
[2023-08-16 17:23:19,174] logger_util.py->write_log line:61 [INFO] 文件上传：None
[2023-08-16 17:23:19,476] logger_util.py->write_log line:61 [INFO] 预期结果：[{'equals': {'status_code': 200}}]
[2023-08-16 17:23:19,476] logger_util.py->write_log line:61 [INFO] 实际结果：110
[2023-08-16 17:23:19,477] logger_util.py->write_log line:61 [INFO] 接口请求成功！
[2023-08-16 17:23:19,477] logger_util.py->write_log line:61 [INFO] -------------接口请求结束-----------

[2023-08-16 17:23:19,490] logger_util.py->write_log line:61 [INFO] -------------接口请求开始-----------
[2023-08-16 17:23:19,490] logger_util.py->write_log line:61 [INFO] 接口名称：创建文件夹
[2023-08-16 17:23:19,491] logger_util.py->write_log line:61 [INFO] 接口方式：post
[2023-08-16 17:23:19,491] logger_util.py->write_log line:61 [INFO] 接口路径：http://127.0.0.1:18000/api/v1/project/node
[2023-08-16 17:23:19,491] logger_util.py->write_log line:61 [INFO] 请求头：{}
[2023-08-16 17:23:19,491] logger_util.py->write_log line:61 [INFO] 请求参数：{'name': '文件夹3625', 'type': 0}
[2023-08-16 17:23:19,491] logger_util.py->write_log line:61 [INFO] 文件上传：None
[2023-08-16 17:23:19,516] logger_util.py->write_log line:61 [INFO] 预期结果：[{'equals': {'status_code': 200}}]
[2023-08-16 17:23:19,517] logger_util.py->write_log line:61 [INFO] 实际结果：111
[2023-08-16 17:23:19,517] logger_util.py->write_log line:61 [INFO] 接口请求成功！
[2023-08-16 17:23:19,517] logger_util.py->write_log line:61 [INFO] -------------接口请求结束-----------

[2023-08-16 17:23:19,525] logger_util.py->write_log line:61 [INFO] -------------接口请求开始-----------
[2023-08-16 17:23:19,525] logger_util.py->write_log line:61 [INFO] 接口名称：获取工程信息
[2023-08-16 17:23:19,525] logger_util.py->write_log line:61 [INFO] 接口方式：get
[2023-08-16 17:23:19,525] logger_util.py->write_log line:61 [INFO] 接口路径：http://127.0.0.1:18000/api/v1/project/node/110
[2023-08-16 17:23:19,525] logger_util.py->write_log line:61 [INFO] 请求头：{}
[2023-08-16 17:23:19,525] logger_util.py->write_log line:61 [INFO] 文件上传：None
[2023-08-16 17:23:19,543] logger_util.py->error_log line:65 [INFO] 分析YAML文件异常：异常信息: Traceback (most recent call last):
  File "E:\Project_python\api_cms\common\requests_util.py", line 225, in analysis_yaml
    extract_data = {key: return_data[value]}
KeyError: 'identifier'

