[2023-08-16 17:13:54,191] logger_util.py->write_log line:61 [INFO] -------------接口请求开始-----------
[2023-08-16 17:13:54,191] logger_util.py->write_log line:61 [INFO] 接口名称：创建工程
[2023-08-16 17:13:54,191] logger_util.py->write_log line:61 [INFO] 接口方式：post
[2023-08-16 17:13:54,191] logger_util.py->write_log line:61 [INFO] 接口路径：http://127.0.0.1:18000/api/v1/project/node
[2023-08-16 17:13:54,191] logger_util.py->write_log line:61 [INFO] 请求头：{}
[2023-08-16 17:13:54,192] logger_util.py->write_log line:61 [INFO] 请求参数：{'name': '工程9183', 'path': 'C:\\自动化工程', 'type': 1}
[2023-08-16 17:13:54,192] logger_util.py->write_log line:61 [INFO] 文件上传：None
[2023-08-16 17:13:54,678] logger_util.py->write_log line:61 [INFO] 预期结果：[{'equals': {'status_code': 200}}]
[2023-08-16 17:13:54,679] logger_util.py->write_log line:61 [INFO] 实际结果：104
[2023-08-16 17:13:54,679] logger_util.py->write_log line:61 [INFO] 接口请求成功！
[2023-08-16 17:13:54,679] logger_util.py->write_log line:61 [INFO] -------------接口请求结束-----------

[2023-08-16 17:13:54,683] logger_util.py->write_log line:61 [INFO] -------------接口请求开始-----------
[2023-08-16 17:13:54,684] logger_util.py->write_log line:61 [INFO] 接口名称：创建文件夹
[2023-08-16 17:13:54,684] logger_util.py->write_log line:61 [INFO] 接口方式：post
[2023-08-16 17:13:54,684] logger_util.py->write_log line:61 [INFO] 接口路径：http://127.0.0.1:18000/api/v1/project/node
[2023-08-16 17:13:54,684] logger_util.py->write_log line:61 [INFO] 请求头：{}
[2023-08-16 17:13:54,684] logger_util.py->write_log line:61 [INFO] 请求参数：{'name': '文件夹1887', 'type': 0}
[2023-08-16 17:13:54,684] logger_util.py->write_log line:61 [INFO] 文件上传：None
[2023-08-16 17:13:54,703] logger_util.py->write_log line:61 [INFO] 预期结果：[{'equals': {'status_code': 200}}]
[2023-08-16 17:13:54,704] logger_util.py->write_log line:61 [INFO] 实际结果：105
[2023-08-16 17:13:54,704] logger_util.py->write_log line:61 [INFO] 接口请求成功！
[2023-08-16 17:13:54,704] logger_util.py->write_log line:61 [INFO] -------------接口请求结束-----------

