[2023-11-17 15:24:52,902] logger_util.py->write_log line:61 [INFO] 
-------------接口请求开始-----------
[2023-11-17 15:24:52,902] logger_util.py->write_log line:61 [INFO] 接口名称：创建语言列表
[2023-11-17 15:24:52,902] logger_util.py->write_log line:61 [INFO] 接口方式：post
[2023-11-17 15:24:52,902] logger_util.py->write_log line:61 [INFO] 接口路径：http://127.0.0.1:18000/api/v1/multiplelanguage/languagelist
[2023-11-17 15:24:52,902] logger_util.py->write_log line:61 [INFO] 请求头：{'X-Project': 'd800d1a6d0be4623aaa824c28dc71981'}
[2023-11-17 15:24:52,902] logger_util.py->write_log line:61 [INFO] 请求参数：{'languageType': 'zh-CN'}
[2023-11-17 15:24:52,903] logger_util.py->write_log line:61 [INFO] 文件上传：None
[2023-11-17 15:24:52,925] logger_util.py->write_log line:61 [INFO] 预期结果：[{'equals': {'status_code': 200}}]
[2023-11-17 15:24:52,925] logger_util.py->write_log line:61 [INFO] 实际结果：{'id': 18, 'languageType': 'zh-CN', 'name': '中文（中国）', 'enable': True, 'createDateTime': '2023-11-17T15:24:52.9090195+08:00'}
[2023-11-17 15:24:52,925] logger_util.py->write_log line:61 [INFO] 接口请求成功！
[2023-11-17 15:24:52,925] logger_util.py->write_log line:61 [INFO] 
-------------接口请求结束-----------

[2023-11-17 15:24:52,930] logger_util.py->write_log line:61 [INFO] 
-------------接口请求开始-----------
[2023-11-17 15:24:52,931] logger_util.py->write_log line:61 [INFO] 接口名称：获取语言列表
[2023-11-17 15:24:52,931] logger_util.py->write_log line:61 [INFO] 接口方式：get
[2023-11-17 15:24:52,931] logger_util.py->write_log line:61 [INFO] 接口路径：http://127.0.0.1:18000/api/v1/multiplelanguage/languagelist
[2023-11-17 15:24:52,931] logger_util.py->write_log line:61 [INFO] 请求头：{'X-Project': 'd800d1a6d0be4623aaa824c28dc71981'}
[2023-11-17 15:24:52,931] logger_util.py->write_log line:61 [INFO] 文件上传：None
[2023-11-17 15:24:52,951] logger_util.py->write_log line:61 [INFO] 预期结果：[{'equals': {'status_code': 200}}]
[2023-11-17 15:24:52,951] logger_util.py->write_log line:61 [INFO] 实际结果：[{'id': 18, 'languageType': 'zh-CN', 'name': '中文（中国）', 'enable': True, 'createDateTime': '2023-11-17T15:24:52.9090195'}]
[2023-11-17 15:24:52,951] logger_util.py->write_log line:61 [INFO] 接口请求成功！
[2023-11-17 15:24:52,951] logger_util.py->write_log line:61 [INFO] 
-------------接口请求结束-----------

[2023-11-17 15:24:52,956] logger_util.py->write_log line:61 [INFO] 
-------------接口请求开始-----------
[2023-11-17 15:24:52,956] logger_util.py->write_log line:61 [INFO] 接口名称：获取所有语言列表类型
[2023-11-17 15:24:52,956] logger_util.py->write_log line:61 [INFO] 接口方式：get
[2023-11-17 15:24:52,956] logger_util.py->write_log line:61 [INFO] 接口路径：http://127.0.0.1:18000/api/v1/multiplelanguage/languagelist/languagetype
[2023-11-17 15:24:52,956] logger_util.py->write_log line:61 [INFO] 请求头：{'X-Project': 'd800d1a6d0be4623aaa824c28dc71981'}
[2023-11-17 15:24:52,956] logger_util.py->write_log line:61 [INFO] 文件上传：None
[2023-11-17 15:24:52,977] logger_util.py->write_log line:61 [INFO] 预期结果：[{'equals': {'status_code': 200}}]
[2023-11-17 15:24:52,977] logger_util.py->write_log line:61 [INFO] 实际结果：[{'languageType': 'en-US', 'name': 'English (United States)'}, {'languageType': 'zh-CN', 'name': '中文（中国）'}]
[2023-11-17 15:24:52,977] logger_util.py->write_log line:61 [INFO] 接口请求成功！
[2023-11-17 15:24:52,977] logger_util.py->write_log line:61 [INFO] 
-------------接口请求结束-----------

[2023-11-17 15:24:52,987] logger_util.py->write_log line:61 [INFO] 
-------------接口请求开始-----------
[2023-11-17 15:24:52,987] logger_util.py->write_log line:61 [INFO] 接口名称：关闭语言状态
[2023-11-17 15:24:52,987] logger_util.py->write_log line:61 [INFO] 接口方式：put
[2023-11-17 15:24:52,987] logger_util.py->write_log line:61 [INFO] 接口路径：http://127.0.0.1:18000/api/v1/multiplelanguage/languagelist/18/switch
[2023-11-17 15:24:52,987] logger_util.py->write_log line:61 [INFO] 请求头：{'X-Project': 'd800d1a6d0be4623aaa824c28dc71981'}
[2023-11-17 15:24:52,987] logger_util.py->write_log line:61 [INFO] 请求参数：ddt{{false}}
[2023-11-17 15:24:52,988] logger_util.py->write_log line:61 [INFO] 文件上传：None
[2023-11-17 15:24:53,007] logger_util.py->write_log line:61 [INFO] 预期结果：[{'equals': {'status_code': 200}}]
[2023-11-17 15:24:53,007] logger_util.py->write_log line:61 [INFO] 实际结果：False
[2023-11-17 15:24:53,007] logger_util.py->write_log line:61 [INFO] 接口请求成功！
[2023-11-17 15:24:53,007] logger_util.py->write_log line:61 [INFO] 
-------------接口请求结束-----------

[2023-11-17 15:24:53,012] logger_util.py->write_log line:61 [INFO] 
-------------接口请求开始-----------
[2023-11-17 15:24:53,012] logger_util.py->write_log line:61 [INFO] 接口名称：开启语言状态
[2023-11-17 15:24:53,012] logger_util.py->write_log line:61 [INFO] 接口方式：put
[2023-11-17 15:24:53,012] logger_util.py->write_log line:61 [INFO] 接口路径：http://127.0.0.1:18000/api/v1/multiplelanguage/languagelist/18/switch
[2023-11-17 15:24:53,012] logger_util.py->write_log line:61 [INFO] 请求头：{'X-Project': 'd800d1a6d0be4623aaa824c28dc71981'}
[2023-11-17 15:24:53,013] logger_util.py->write_log line:61 [INFO] 请求参数：ddt{{true}}
[2023-11-17 15:24:53,013] logger_util.py->write_log line:61 [INFO] 文件上传：None
[2023-11-17 15:24:53,032] logger_util.py->write_log line:61 [INFO] 预期结果：[{'equals': {'status_code': 200}}]
[2023-11-17 15:24:53,032] logger_util.py->write_log line:61 [INFO] 实际结果：True
[2023-11-17 15:24:53,032] logger_util.py->write_log line:61 [INFO] 接口请求成功！
[2023-11-17 15:24:53,032] logger_util.py->write_log line:61 [INFO] 
-------------接口请求结束-----------

[2023-11-17 15:24:53,038] logger_util.py->write_log line:61 [INFO] 
-------------接口请求开始-----------
[2023-11-17 15:24:53,038] logger_util.py->write_log line:61 [INFO] 接口名称：编辑语言列表
[2023-11-17 15:24:53,038] logger_util.py->write_log line:61 [INFO] 接口方式：put
[2023-11-17 15:24:53,039] logger_util.py->write_log line:61 [INFO] 接口路径：http://127.0.0.1:18000/api/v1/multiplelanguage/languagelist/18
[2023-11-17 15:24:53,039] logger_util.py->write_log line:61 [INFO] 请求头：{'X-Project': 'd800d1a6d0be4623aaa824c28dc71981'}
[2023-11-17 15:24:53,039] logger_util.py->write_log line:61 [INFO] 请求参数：{'languageType': 'en-US'}
[2023-11-17 15:24:53,039] logger_util.py->write_log line:61 [INFO] 文件上传：None
[2023-11-17 15:24:53,059] logger_util.py->write_log line:61 [INFO] 预期结果：[{'equals': {'status_code': 200}}]
[2023-11-17 15:24:53,059] logger_util.py->write_log line:61 [INFO] 实际结果：
[2023-11-17 15:24:53,059] logger_util.py->write_log line:61 [INFO] 接口请求成功！
[2023-11-17 15:24:53,059] logger_util.py->write_log line:61 [INFO] 
-------------接口请求结束-----------

[2023-11-17 15:24:53,065] logger_util.py->write_log line:61 [INFO] 
-------------接口请求开始-----------
[2023-11-17 15:24:53,066] logger_util.py->write_log line:61 [INFO] 接口名称：保存翻译文本列表
[2023-11-17 15:24:53,066] logger_util.py->write_log line:61 [INFO] 接口方式：put
[2023-11-17 15:24:53,066] logger_util.py->write_log line:61 [INFO] 接口路径：http://127.0.0.1:18000/api/v1/multiplelanguage/18
[2023-11-17 15:24:53,066] logger_util.py->write_log line:61 [INFO] 请求头：{'X-Project': 'd800d1a6d0be4623aaa824c28dc71981'}
[2023-11-17 15:24:53,066] logger_util.py->write_log line:61 [INFO] 请求参数：[{'originalId': 0, 'originalText': '原始文本1', 'translationText': 'Original Text 1'}]
[2023-11-17 15:24:53,066] logger_util.py->write_log line:61 [INFO] 文件上传：None
[2023-11-17 15:24:53,074] logger_util.py->error_log line:65 [INFO] 断言失败:status_code不等于200
[2023-11-17 15:24:53,074] logger_util.py->write_log line:61 [INFO] 实际结果：原始文本不能重复：原始文本1
[2023-11-17 15:24:53,075] logger_util.py->write_log line:61 [INFO] 接口请求失败！
[2023-11-17 15:24:53,075] logger_util.py->write_log line:61 [INFO] -------------接口请求结束-----------

[2023-11-17 15:24:53,075] logger_util.py->error_log line:65 [INFO] 断言异常：异常信息: Traceback (most recent call last):
  File "E:\Project_python\api_cms\common\requests_util.py", line 358, in validate_result
    error_log("断言失败:"+assert_key+"不等于"+str(assert_value))
  File "E:\Project_python\api_cms\common\logger_util.py", line 66, in error_log
    raise Exception(log_message)
Exception: 断言失败:status_code不等于200

[2023-11-17 15:24:53,076] logger_util.py->error_log line:65 [INFO] 分析YAML文件异常：异常信息: Traceback (most recent call last):
  File "E:\Project_python\api_cms\common\requests_util.py", line 358, in validate_result
    error_log("断言失败:"+assert_key+"不等于"+str(assert_value))
  File "E:\Project_python\api_cms\common\logger_util.py", line 66, in error_log
    raise Exception(log_message)
Exception: 断言失败:status_code不等于200

During handling of the above exception, another exception occurred:

Traceback (most recent call last):
  File "E:\Project_python\api_cms\common\requests_util.py", line 255, in analysis_yaml
    self.validate_result(yq_result, return_text, status_code)
  File "E:\Project_python\api_cms\common\requests_util.py", line 438, in validate_result
    error_log("断言异常：异常信息: %s" % str(traceback.format_exc()))
  File "E:\Project_python\api_cms\common\logger_util.py", line 66, in error_log
    raise Exception(log_message)
Exception: 断言异常：异常信息: Traceback (most recent call last):
  File "E:\Project_python\api_cms\common\requests_util.py", line 358, in validate_result
    error_log("断言失败:"+assert_key+"不等于"+str(assert_value))
  File "E:\Project_python\api_cms\common\logger_util.py", line 66, in error_log
    raise Exception(log_message)
Exception: 断言失败:status_code不等于200


[2023-11-17 15:24:53,202] logger_util.py->write_log line:61 [INFO] 
-------------接口请求开始-----------
[2023-11-17 15:24:53,203] logger_util.py->write_log line:61 [INFO] 接口名称：获取翻译文本列表
[2023-11-17 15:24:53,203] logger_util.py->write_log line:61 [INFO] 接口方式：get
[2023-11-17 15:24:53,203] logger_util.py->write_log line:61 [INFO] 接口路径：http://127.0.0.1:18000/api/v1/multiplelanguage/18/0/0/
[2023-11-17 15:24:53,203] logger_util.py->write_log line:61 [INFO] 请求头：{'X-Project': 'd800d1a6d0be4623aaa824c28dc71981'}
[2023-11-17 15:24:53,203] logger_util.py->write_log line:61 [INFO] 文件上传：None
[2023-11-17 15:24:53,245] logger_util.py->error_log line:65 [INFO] 分析YAML文件异常：异常信息: Traceback (most recent call last):
  File "E:\Project_python\api_cms\common\requests_util.py", line 231, in analysis_yaml
    extract_data = {key: return_data[value]}
KeyError: 'originalText.1'

