[2023-05-26 17:56:56,126] logger_util.py->write_log line:61 [INFO] -------------接口请求开始-----------
[2023-05-26 17:56:56,127] logger_util.py->write_log line:61 [INFO] 接口名称：设置归档表触发配置-变量触发
[2023-05-26 17:56:56,127] logger_util.py->write_log line:61 [INFO] 接口方式：put
[2023-05-26 17:56:56,127] logger_util.py->write_log line:61 [INFO] 接口路径：http://192.168.4.12:18000/api/v1/dataconfig/filingtable/c9da8004-af75-4056-aa84-40301ba9c6ad/triggers
[2023-05-26 17:56:56,127] logger_util.py->write_log line:61 [INFO] 请求头：{'Content-Type': 'application/json; =UTF-8', 'X-Project': 'b32d81056e124620b809e92f49cdf3d4'}
[2023-05-26 17:56:56,135] logger_util.py->write_log line:61 [INFO] 请求参数：[{'effectiveDateTime': None, 'frequencyValue': 1, 'frequencyUnit': 1, 'matchAll': False, 'condition': 'G1 ==  true', 'conditionDetail': 1, 'frequencyCheck': False, 'alarmPointIds': None, 'triggerType': 2}]
[2023-05-26 17:56:56,135] logger_util.py->write_log line:61 [INFO] 文件上传：None
[2023-05-26 17:56:56,208] logger_util.py->write_log line:61 [INFO] 预期结果：[{'equals': {'status_code': 200}}]
[2023-05-26 17:56:56,208] logger_util.py->write_log line:61 [INFO] 实际结果：
[2023-05-26 17:56:56,208] logger_util.py->write_log line:61 [INFO] 接口请求成功！
[2023-05-26 17:56:56,209] logger_util.py->write_log line:61 [INFO] -------------接口请求结束-----------

[2023-05-26 17:56:56,214] logger_util.py->write_log line:61 [INFO] -------------接口请求开始-----------
[2023-05-26 17:56:56,215] logger_util.py->write_log line:61 [INFO] 接口名称：设置归档表触发配置-变量触发
[2023-05-26 17:56:56,215] logger_util.py->write_log line:61 [INFO] 接口方式：put
[2023-05-26 17:56:56,215] logger_util.py->write_log line:61 [INFO] 接口路径：http://192.168.4.12:18000/api/v1/dataconfig/filingtable/c9da8004-af75-4056-aa84-40301ba9c6ad/triggers
[2023-05-26 17:56:56,215] logger_util.py->write_log line:61 [INFO] 请求头：{'Content-Type': 'application/json; =UTF-8', 'X-Project': 'b32d81056e124620b809e92f49cdf3d4'}
[2023-05-26 17:56:56,215] logger_util.py->write_log line:61 [INFO] 请求参数：[{'effectiveDateTime': None, 'frequencyValue': 1, 'frequencyUnit': 1, 'matchAll': False, 'condition': 'G1 ==  true', 'conditionDetail': 2, 'frequencyCheck': False, 'alarmPointIds': None, 'triggerType': 2}]
[2023-05-26 17:56:56,215] logger_util.py->write_log line:61 [INFO] 文件上传：None
[2023-05-26 17:56:56,253] logger_util.py->write_log line:61 [INFO] 预期结果：[{'equals': {'status_code': 200}}]
[2023-05-26 17:56:56,253] logger_util.py->write_log line:61 [INFO] 实际结果：
[2023-05-26 17:56:56,253] logger_util.py->write_log line:61 [INFO] 接口请求成功！
[2023-05-26 17:56:56,253] logger_util.py->write_log line:61 [INFO] -------------接口请求结束-----------

[2023-05-26 17:56:56,259] logger_util.py->write_log line:61 [INFO] -------------接口请求开始-----------
[2023-05-26 17:56:56,259] logger_util.py->write_log line:61 [INFO] 接口名称：设置归档表触发配置-变量触发
[2023-05-26 17:56:56,259] logger_util.py->write_log line:61 [INFO] 接口方式：put
[2023-05-26 17:56:56,259] logger_util.py->write_log line:61 [INFO] 接口路径：http://192.168.4.12:18000/api/v1/dataconfig/filingtable/c9da8004-af75-4056-aa84-40301ba9c6ad/triggers
[2023-05-26 17:56:56,259] logger_util.py->write_log line:61 [INFO] 请求头：{'Content-Type': 'application/json; =UTF-8', 'X-Project': 'b32d81056e124620b809e92f49cdf3d4'}
[2023-05-26 17:56:56,259] logger_util.py->write_log line:61 [INFO] 请求参数：[{'effectiveDateTime': None, 'frequencyValue': 1, 'frequencyUnit': 1, 'matchAll': False, 'condition': 'G1 ==  true', 'conditionDetail': 3, 'frequencyCheck': False, 'alarmPointIds': None, 'triggerType': 2}]
[2023-05-26 17:56:56,259] logger_util.py->write_log line:61 [INFO] 文件上传：None
[2023-05-26 17:56:56,291] logger_util.py->write_log line:61 [INFO] 预期结果：[{'equals': {'status_code': 200}}]
[2023-05-26 17:56:56,291] logger_util.py->write_log line:61 [INFO] 实际结果：
[2023-05-26 17:56:56,291] logger_util.py->write_log line:61 [INFO] 接口请求成功！
[2023-05-26 17:56:56,291] logger_util.py->write_log line:61 [INFO] -------------接口请求结束-----------

[2023-05-26 17:56:56,296] logger_util.py->write_log line:61 [INFO] -------------接口请求开始-----------
[2023-05-26 17:56:56,297] logger_util.py->write_log line:61 [INFO] 接口名称：设置归档表触发配置-变量触发
[2023-05-26 17:56:56,297] logger_util.py->write_log line:61 [INFO] 接口方式：put
[2023-05-26 17:56:56,297] logger_util.py->write_log line:61 [INFO] 接口路径：http://192.168.4.12:18000/api/v1/dataconfig/filingtable/c9da8004-af75-4056-aa84-40301ba9c6ad/triggers
[2023-05-26 17:56:56,297] logger_util.py->write_log line:61 [INFO] 请求头：{'Content-Type': 'application/json; =UTF-8', 'X-Project': 'b32d81056e124620b809e92f49cdf3d4'}
[2023-05-26 17:56:56,297] logger_util.py->write_log line:61 [INFO] 请求参数：[{'effectiveDateTime': None, 'frequencyValue': 1, 'frequencyUnit': 1, 'matchAll': False, 'condition': 'G1 ==  true', 'conditionDetail': 1, 'frequencyCheck': True, 'alarmPointIds': None, 'triggerType': 2}]
[2023-05-26 17:56:56,297] logger_util.py->write_log line:61 [INFO] 文件上传：None
[2023-05-26 17:56:56,324] logger_util.py->write_log line:61 [INFO] 预期结果：[{'equals': {'status_code': 200}}]
[2023-05-26 17:56:56,324] logger_util.py->write_log line:61 [INFO] 实际结果：
[2023-05-26 17:56:56,324] logger_util.py->write_log line:61 [INFO] 接口请求成功！
[2023-05-26 17:56:56,324] logger_util.py->write_log line:61 [INFO] -------------接口请求结束-----------

[2023-05-26 17:56:56,330] logger_util.py->write_log line:61 [INFO] -------------接口请求开始-----------
[2023-05-26 17:56:56,330] logger_util.py->write_log line:61 [INFO] 接口名称：设置归档表触发配置-变量触发
[2023-05-26 17:56:56,330] logger_util.py->write_log line:61 [INFO] 接口方式：put
[2023-05-26 17:56:56,330] logger_util.py->write_log line:61 [INFO] 接口路径：http://192.168.4.12:18000/api/v1/dataconfig/filingtable/c9da8004-af75-4056-aa84-40301ba9c6ad/triggers
[2023-05-26 17:56:56,330] logger_util.py->write_log line:61 [INFO] 请求头：{'Content-Type': 'application/json; =UTF-8', 'X-Project': 'b32d81056e124620b809e92f49cdf3d4'}
[2023-05-26 17:56:56,331] logger_util.py->write_log line:61 [INFO] 请求参数：[{'effectiveDateTime': None, 'frequencyValue': 5, 'frequencyUnit': 2, 'matchAll': False, 'condition': 'G1 ==  true', 'conditionDetail': 1, 'frequencyCheck': True, 'alarmPointIds': None, 'triggerType': 2}]
[2023-05-26 17:56:56,331] logger_util.py->write_log line:61 [INFO] 文件上传：None
[2023-05-26 17:56:56,371] logger_util.py->write_log line:61 [INFO] 预期结果：[{'equals': {'status_code': 200}}]
[2023-05-26 17:56:56,371] logger_util.py->write_log line:61 [INFO] 实际结果：
[2023-05-26 17:56:56,371] logger_util.py->write_log line:61 [INFO] 接口请求成功！
[2023-05-26 17:56:56,371] logger_util.py->write_log line:61 [INFO] -------------接口请求结束-----------

[2023-05-26 17:56:56,378] logger_util.py->write_log line:61 [INFO] -------------接口请求开始-----------
[2023-05-26 17:56:56,379] logger_util.py->write_log line:61 [INFO] 接口名称：设置归档表触发配置-变量触发
[2023-05-26 17:56:56,379] logger_util.py->write_log line:61 [INFO] 接口方式：put
[2023-05-26 17:56:56,379] logger_util.py->write_log line:61 [INFO] 接口路径：http://192.168.4.12:18000/api/v1/dataconfig/filingtable/c9da8004-af75-4056-aa84-40301ba9c6ad/triggers
[2023-05-26 17:56:56,379] logger_util.py->write_log line:61 [INFO] 请求头：{'Content-Type': 'application/json; =UTF-8', 'X-Project': 'b32d81056e124620b809e92f49cdf3d4'}
[2023-05-26 17:56:56,379] logger_util.py->write_log line:61 [INFO] 请求参数：[{'effectiveDateTime': None, 'frequencyValue': 1, 'frequencyUnit': 3, 'matchAll': False, 'condition': 'G1 ==  true', 'conditionDetail': 1, 'frequencyCheck': True, 'alarmPointIds': None, 'triggerType': 2}]
[2023-05-26 17:56:56,379] logger_util.py->write_log line:61 [INFO] 文件上传：None
[2023-05-26 17:56:56,415] logger_util.py->write_log line:61 [INFO] 预期结果：[{'equals': {'status_code': 200}}]
[2023-05-26 17:56:56,415] logger_util.py->write_log line:61 [INFO] 实际结果：
[2023-05-26 17:56:56,415] logger_util.py->write_log line:61 [INFO] 接口请求成功！
[2023-05-26 17:56:56,415] logger_util.py->write_log line:61 [INFO] -------------接口请求结束-----------

[2023-05-26 17:56:56,421] logger_util.py->write_log line:61 [INFO] -------------接口请求开始-----------
[2023-05-26 17:56:56,421] logger_util.py->write_log line:61 [INFO] 接口名称：设置归档表触发配置-变量触发
[2023-05-26 17:56:56,421] logger_util.py->write_log line:61 [INFO] 接口方式：put
[2023-05-26 17:56:56,421] logger_util.py->write_log line:61 [INFO] 接口路径：http://192.168.4.12:18000/api/v1/dataconfig/filingtable/c9da8004-af75-4056-aa84-40301ba9c6ad/triggers
[2023-05-26 17:56:56,421] logger_util.py->write_log line:61 [INFO] 请求头：{'Content-Type': 'application/json; =UTF-8', 'X-Project': 'b32d81056e124620b809e92f49cdf3d4'}
[2023-05-26 17:56:56,421] logger_util.py->write_log line:61 [INFO] 请求参数：[{'effectiveDateTime': None, 'frequencyValue': 1, 'frequencyUnit': 4, 'matchAll': False, 'condition': 'G1 ==  true', 'conditionDetail': 1, 'frequencyCheck': True, 'alarmPointIds': None, 'triggerType': 2}]
[2023-05-26 17:56:56,421] logger_util.py->write_log line:61 [INFO] 文件上传：None
[2023-05-26 17:56:56,452] logger_util.py->write_log line:61 [INFO] 预期结果：[{'equals': {'status_code': 200}}]
[2023-05-26 17:56:56,452] logger_util.py->write_log line:61 [INFO] 实际结果：
[2023-05-26 17:56:56,452] logger_util.py->write_log line:61 [INFO] 接口请求成功！
[2023-05-26 17:56:56,453] logger_util.py->write_log line:61 [INFO] -------------接口请求结束-----------

[2023-05-26 17:56:56,459] logger_util.py->write_log line:61 [INFO] -------------接口请求开始-----------
[2023-05-26 17:56:56,459] logger_util.py->write_log line:61 [INFO] 接口名称：设置归档表触发配置-变量触发
[2023-05-26 17:56:56,459] logger_util.py->write_log line:61 [INFO] 接口方式：put
[2023-05-26 17:56:56,459] logger_util.py->write_log line:61 [INFO] 接口路径：http://192.168.4.12:18000/api/v1/dataconfig/filingtable/c9da8004-af75-4056-aa84-40301ba9c6ad/triggers
[2023-05-26 17:56:56,460] logger_util.py->write_log line:61 [INFO] 请求头：{'Content-Type': 'application/json; =UTF-8', 'X-Project': 'b32d81056e124620b809e92f49cdf3d4'}
[2023-05-26 17:56:56,460] logger_util.py->write_log line:61 [INFO] 请求参数：[{'effectiveDateTime': None, 'frequencyValue': 36, 'frequencyUnit': 5, 'matchAll': False, 'condition': 'G1 ==  true', 'conditionDetail': 1, 'frequencyCheck': True, 'alarmPointIds': None, 'triggerType': 2}]
[2023-05-26 17:56:56,460] logger_util.py->write_log line:61 [INFO] 文件上传：None
[2023-05-26 17:56:56,493] logger_util.py->write_log line:61 [INFO] 预期结果：[{'equals': {'status_code': 200}}]
[2023-05-26 17:56:56,493] logger_util.py->write_log line:61 [INFO] 实际结果：
[2023-05-26 17:56:56,493] logger_util.py->write_log line:61 [INFO] 接口请求成功！
[2023-05-26 17:56:56,493] logger_util.py->write_log line:61 [INFO] -------------接口请求结束-----------

[2023-05-26 17:56:56,500] logger_util.py->write_log line:61 [INFO] -------------接口请求开始-----------
[2023-05-26 17:56:56,500] logger_util.py->write_log line:61 [INFO] 接口名称：设置归档表触发配置-变量触发
[2023-05-26 17:56:56,500] logger_util.py->write_log line:61 [INFO] 接口方式：put
[2023-05-26 17:56:56,500] logger_util.py->write_log line:61 [INFO] 接口路径：http://192.168.4.12:18000/api/v1/dataconfig/filingtable/c9da8004-af75-4056-aa84-40301ba9c6ad/triggers
[2023-05-26 17:56:56,500] logger_util.py->write_log line:61 [INFO] 请求头：{'Content-Type': 'application/json; =UTF-8', 'X-Project': 'b32d81056e124620b809e92f49cdf3d4'}
[2023-05-26 17:56:56,500] logger_util.py->write_log line:61 [INFO] 请求参数：[{'effectiveDateTime': None, 'frequencyValue': 1, 'frequencyUnit': 1, 'matchAll': False, 'condition': "G1 ==  true ||  H1 != '中文'", 'conditionDetail': 1, 'frequencyCheck': False, 'alarmPointIds': None, 'triggerType': 2}]
[2023-05-26 17:56:56,500] logger_util.py->write_log line:61 [INFO] 文件上传：None
[2023-05-26 17:56:56,539] logger_util.py->write_log line:61 [INFO] 预期结果：[{'equals': {'status_code': 200}}]
[2023-05-26 17:56:56,539] logger_util.py->write_log line:61 [INFO] 实际结果：
[2023-05-26 17:56:56,539] logger_util.py->write_log line:61 [INFO] 接口请求成功！
[2023-05-26 17:56:56,539] logger_util.py->write_log line:61 [INFO] -------------接口请求结束-----------

[2023-05-26 17:56:56,555] logger_util.py->write_log line:61 [INFO] -------------接口请求开始-----------
[2023-05-26 17:56:56,556] logger_util.py->write_log line:61 [INFO] 接口名称：设置归档表触发配置-变量触发
[2023-05-26 17:56:56,556] logger_util.py->write_log line:61 [INFO] 接口方式：put
[2023-05-26 17:56:56,556] logger_util.py->write_log line:61 [INFO] 接口路径：http://192.168.4.12:18000/api/v1/dataconfig/filingtable/c9da8004-af75-4056-aa84-40301ba9c6ad/triggers
[2023-05-26 17:56:56,556] logger_util.py->write_log line:61 [INFO] 请求头：{'Content-Type': 'application/json; =UTF-8', 'X-Project': 'b32d81056e124620b809e92f49cdf3d4'}
[2023-05-26 17:56:56,556] logger_util.py->write_log line:61 [INFO] 请求参数：[{'effectiveDateTime': None, 'frequencyValue': 1, 'frequencyUnit': 1, 'matchAll': False, 'condition': 'A1 + B1)  <=  0 ||  (A1 - B1) <= 0', 'conditionDetail': 1, 'frequencyCheck': False, 'alarmPointIds': None, 'triggerType': 2}]
[2023-05-26 17:56:56,556] logger_util.py->write_log line:61 [INFO] 文件上传：None
[2023-05-26 17:56:56,587] logger_util.py->write_log line:61 [INFO] 预期结果：[{'equals': {'status_code': 200}}]
[2023-05-26 17:56:56,587] logger_util.py->write_log line:61 [INFO] 实际结果：
[2023-05-26 17:56:56,587] logger_util.py->write_log line:61 [INFO] 接口请求成功！
[2023-05-26 17:56:56,587] logger_util.py->write_log line:61 [INFO] -------------接口请求结束-----------

[2023-05-26 17:56:56,593] logger_util.py->write_log line:61 [INFO] -------------接口请求开始-----------
[2023-05-26 17:56:56,593] logger_util.py->write_log line:61 [INFO] 接口名称：设置归档表触发配置-变量触发
[2023-05-26 17:56:56,593] logger_util.py->write_log line:61 [INFO] 接口方式：put
[2023-05-26 17:56:56,593] logger_util.py->write_log line:61 [INFO] 接口路径：http://192.168.4.12:18000/api/v1/dataconfig/filingtable/c9da8004-af75-4056-aa84-40301ba9c6ad/triggers
[2023-05-26 17:56:56,593] logger_util.py->write_log line:61 [INFO] 请求头：{'Content-Type': 'application/json; =UTF-8', 'X-Project': 'b32d81056e124620b809e92f49cdf3d4'}
[2023-05-26 17:56:56,593] logger_util.py->write_log line:61 [INFO] 请求参数：[{'effectiveDateTime': None, 'frequencyValue': 1, 'frequencyUnit': 1, 'matchAll': False, 'condition': '(A1 * B1) > 0 &&  (A1 / B1)>0', 'conditionDetail': 1, 'frequencyCheck': False, 'alarmPointIds': None, 'triggerType': 2}]
[2023-05-26 17:56:56,593] logger_util.py->write_log line:61 [INFO] 文件上传：None
[2023-05-26 17:56:56,617] logger_util.py->write_log line:61 [INFO] 预期结果：[{'equals': {'status_code': 200}}]
[2023-05-26 17:56:56,617] logger_util.py->write_log line:61 [INFO] 实际结果：
[2023-05-26 17:56:56,617] logger_util.py->write_log line:61 [INFO] 接口请求成功！
[2023-05-26 17:56:56,617] logger_util.py->write_log line:61 [INFO] -------------接口请求结束-----------

[2023-05-26 17:56:56,623] logger_util.py->write_log line:61 [INFO] -------------接口请求开始-----------
[2023-05-26 17:56:56,623] logger_util.py->write_log line:61 [INFO] 接口名称：设置归档表触发配置-定时触发
[2023-05-26 17:56:56,624] logger_util.py->write_log line:61 [INFO] 接口方式：put
[2023-05-26 17:56:56,624] logger_util.py->write_log line:61 [INFO] 接口路径：http://192.168.4.12:18000/api/v1/dataconfig/filingtable/c9da8004-af75-4056-aa84-40301ba9c6ad/triggers
[2023-05-26 17:56:56,624] logger_util.py->write_log line:61 [INFO] 请求头：{'Content-Type': 'application/json; =UTF-8', 'X-Project': 'b32d81056e124620b809e92f49cdf3d4'}
[2023-05-26 17:56:56,624] logger_util.py->write_log line:61 [INFO] 请求参数：[{'effectiveDateTime': '2023-05-22T06:15:31.000Z', 'frequencyValue': 1, 'frequencyUnit': 1, 'matchAll': False, 'condition': None, 'conditionDetail': 1, 'frequencyCheck': False, 'alarmPointIds': None, 'triggerType': 1}]
[2023-05-26 17:56:56,624] logger_util.py->write_log line:61 [INFO] 文件上传：None
[2023-05-26 17:56:56,656] logger_util.py->write_log line:61 [INFO] 预期结果：[{'equals': {'status_code': 200}}]
[2023-05-26 17:56:56,656] logger_util.py->write_log line:61 [INFO] 实际结果：
[2023-05-26 17:56:56,656] logger_util.py->write_log line:61 [INFO] 接口请求成功！
[2023-05-26 17:56:56,656] logger_util.py->write_log line:61 [INFO] -------------接口请求结束-----------

[2023-05-26 17:56:56,662] logger_util.py->write_log line:61 [INFO] -------------接口请求开始-----------
[2023-05-26 17:56:56,662] logger_util.py->write_log line:61 [INFO] 接口名称：设置归档表触发配置-定时触发
[2023-05-26 17:56:56,663] logger_util.py->write_log line:61 [INFO] 接口方式：put
[2023-05-26 17:56:56,663] logger_util.py->write_log line:61 [INFO] 接口路径：http://192.168.4.12:18000/api/v1/dataconfig/filingtable/c9da8004-af75-4056-aa84-40301ba9c6ad/triggers
[2023-05-26 17:56:56,663] logger_util.py->write_log line:61 [INFO] 请求头：{'Content-Type': 'application/json; =UTF-8', 'X-Project': 'b32d81056e124620b809e92f49cdf3d4'}
[2023-05-26 17:56:56,663] logger_util.py->write_log line:61 [INFO] 请求参数：[{'effectiveDateTime': '2023-05-22T06:15:31.000Z', 'frequencyValue': 5, 'frequencyUnit': 2, 'matchAll': False, 'condition': None, 'conditionDetail': 1, 'frequencyCheck': False, 'alarmPointIds': None, 'triggerType': 1}]
[2023-05-26 17:56:56,663] logger_util.py->write_log line:61 [INFO] 文件上传：None
[2023-05-26 17:56:56,702] logger_util.py->write_log line:61 [INFO] 预期结果：[{'equals': {'status_code': 200}}]
[2023-05-26 17:56:56,702] logger_util.py->write_log line:61 [INFO] 实际结果：
[2023-05-26 17:56:56,702] logger_util.py->write_log line:61 [INFO] 接口请求成功！
[2023-05-26 17:56:56,702] logger_util.py->write_log line:61 [INFO] -------------接口请求结束-----------

[2023-05-26 17:56:56,709] logger_util.py->write_log line:61 [INFO] -------------接口请求开始-----------
[2023-05-26 17:56:56,709] logger_util.py->write_log line:61 [INFO] 接口名称：设置归档表触发配置-定时触发
[2023-05-26 17:56:56,709] logger_util.py->write_log line:61 [INFO] 接口方式：put
[2023-05-26 17:56:56,709] logger_util.py->write_log line:61 [INFO] 接口路径：http://192.168.4.12:18000/api/v1/dataconfig/filingtable/c9da8004-af75-4056-aa84-40301ba9c6ad/triggers
[2023-05-26 17:56:56,709] logger_util.py->write_log line:61 [INFO] 请求头：{'Content-Type': 'application/json; =UTF-8', 'X-Project': 'b32d81056e124620b809e92f49cdf3d4'}
[2023-05-26 17:56:56,709] logger_util.py->write_log line:61 [INFO] 请求参数：[{'effectiveDateTime': '2023-05-22T06:15:31.000Z', 'frequencyValue': 1, 'frequencyUnit': 3, 'matchAll': False, 'condition': None, 'conditionDetail': 1, 'frequencyCheck': False, 'alarmPointIds': None, 'triggerType': 1}]
[2023-05-26 17:56:56,709] logger_util.py->write_log line:61 [INFO] 文件上传：None
[2023-05-26 17:56:56,746] logger_util.py->write_log line:61 [INFO] 预期结果：[{'equals': {'status_code': 200}}]
[2023-05-26 17:56:56,746] logger_util.py->write_log line:61 [INFO] 实际结果：
[2023-05-26 17:56:56,746] logger_util.py->write_log line:61 [INFO] 接口请求成功！
[2023-05-26 17:56:56,746] logger_util.py->write_log line:61 [INFO] -------------接口请求结束-----------

[2023-05-26 17:56:56,754] logger_util.py->write_log line:61 [INFO] -------------接口请求开始-----------
[2023-05-26 17:56:56,754] logger_util.py->write_log line:61 [INFO] 接口名称：设置归档表触发配置-定时触发
[2023-05-26 17:56:56,754] logger_util.py->write_log line:61 [INFO] 接口方式：put
[2023-05-26 17:56:56,754] logger_util.py->write_log line:61 [INFO] 接口路径：http://192.168.4.12:18000/api/v1/dataconfig/filingtable/c9da8004-af75-4056-aa84-40301ba9c6ad/triggers
[2023-05-26 17:56:56,754] logger_util.py->write_log line:61 [INFO] 请求头：{'Content-Type': 'application/json; =UTF-8', 'X-Project': 'b32d81056e124620b809e92f49cdf3d4'}
[2023-05-26 17:56:56,754] logger_util.py->write_log line:61 [INFO] 请求参数：[{'effectiveDateTime': '2023-05-22T06:15:31.000Z', 'frequencyValue': 1, 'frequencyUnit': 4, 'matchAll': False, 'condition': None, 'conditionDetail': 1, 'frequencyCheck': False, 'alarmPointIds': None, 'triggerType': 1}]
[2023-05-26 17:56:56,754] logger_util.py->write_log line:61 [INFO] 文件上传：None
[2023-05-26 17:56:56,780] logger_util.py->write_log line:61 [INFO] 预期结果：[{'equals': {'status_code': 200}}]
[2023-05-26 17:56:56,780] logger_util.py->write_log line:61 [INFO] 实际结果：
[2023-05-26 17:56:56,780] logger_util.py->write_log line:61 [INFO] 接口请求成功！
[2023-05-26 17:56:56,780] logger_util.py->write_log line:61 [INFO] -------------接口请求结束-----------

[2023-05-26 17:56:56,787] logger_util.py->write_log line:61 [INFO] -------------接口请求开始-----------
[2023-05-26 17:56:56,787] logger_util.py->write_log line:61 [INFO] 接口名称：设置归档表触发配置-定时触发
[2023-05-26 17:56:56,787] logger_util.py->write_log line:61 [INFO] 接口方式：put
[2023-05-26 17:56:56,787] logger_util.py->write_log line:61 [INFO] 接口路径：http://192.168.4.12:18000/api/v1/dataconfig/filingtable/c9da8004-af75-4056-aa84-40301ba9c6ad/triggers
[2023-05-26 17:56:56,787] logger_util.py->write_log line:61 [INFO] 请求头：{'Content-Type': 'application/json; =UTF-8', 'X-Project': 'b32d81056e124620b809e92f49cdf3d4'}
[2023-05-26 17:56:56,787] logger_util.py->write_log line:61 [INFO] 请求参数：[{'effectiveDateTime': '2023-05-22T06:15:31.000Z', 'frequencyValue': 36, 'frequencyUnit': 5, 'matchAll': False, 'condition': None, 'conditionDetail': 1, 'frequencyCheck': False, 'alarmPointIds': None, 'triggerType': 1}]
[2023-05-26 17:56:56,787] logger_util.py->write_log line:61 [INFO] 文件上传：None
[2023-05-26 17:56:56,813] logger_util.py->write_log line:61 [INFO] 预期结果：[{'equals': {'status_code': 200}}]
[2023-05-26 17:56:56,814] logger_util.py->write_log line:61 [INFO] 实际结果：
[2023-05-26 17:56:56,814] logger_util.py->write_log line:61 [INFO] 接口请求成功！
[2023-05-26 17:56:56,814] logger_util.py->write_log line:61 [INFO] -------------接口请求结束-----------

[2023-05-26 17:56:56,820] logger_util.py->write_log line:61 [INFO] -------------接口请求开始-----------
[2023-05-26 17:56:56,820] logger_util.py->write_log line:61 [INFO] 接口名称：设置归档表触发配置-定时触发
[2023-05-26 17:56:56,820] logger_util.py->write_log line:61 [INFO] 接口方式：put
[2023-05-26 17:56:56,820] logger_util.py->write_log line:61 [INFO] 接口路径：http://192.168.4.12:18000/api/v1/dataconfig/filingtable/c9da8004-af75-4056-aa84-40301ba9c6ad/triggers
[2023-05-26 17:56:56,820] logger_util.py->write_log line:61 [INFO] 请求头：{'Content-Type': 'application/json; =UTF-8', 'X-Project': 'b32d81056e124620b809e92f49cdf3d4'}
[2023-05-26 17:56:56,820] logger_util.py->write_log line:61 [INFO] 请求参数：[{'effectiveDateTime': '2023-05-22T06:15:31.000Z', 'frequencyValue': 1, 'frequencyUnit': 1, 'matchAll': True, 'condition': "G1 ==  true ||  H1 != '中文'", 'conditionDetail': 1, 'frequencyCheck': False, 'alarmPointIds': None, 'triggerType': 1}]
[2023-05-26 17:56:56,820] logger_util.py->write_log line:61 [INFO] 文件上传：None
[2023-05-26 17:56:56,858] logger_util.py->write_log line:61 [INFO] 预期结果：[{'equals': {'status_code': 200}}]
[2023-05-26 17:56:56,858] logger_util.py->write_log line:61 [INFO] 实际结果：
[2023-05-26 17:56:56,858] logger_util.py->write_log line:61 [INFO] 接口请求成功！
[2023-05-26 17:56:56,859] logger_util.py->write_log line:61 [INFO] -------------接口请求结束-----------

[2023-05-26 17:56:56,864] logger_util.py->write_log line:61 [INFO] -------------接口请求开始-----------
[2023-05-26 17:56:56,864] logger_util.py->write_log line:61 [INFO] 接口名称：设置归档表触发配置-定时触发
[2023-05-26 17:56:56,864] logger_util.py->write_log line:61 [INFO] 接口方式：put
[2023-05-26 17:56:56,864] logger_util.py->write_log line:61 [INFO] 接口路径：http://192.168.4.12:18000/api/v1/dataconfig/filingtable/c9da8004-af75-4056-aa84-40301ba9c6ad/triggers
[2023-05-26 17:56:56,864] logger_util.py->write_log line:61 [INFO] 请求头：{'Content-Type': 'application/json; =UTF-8', 'X-Project': 'b32d81056e124620b809e92f49cdf3d4'}
[2023-05-26 17:56:56,865] logger_util.py->write_log line:61 [INFO] 请求参数：[{'effectiveDateTime': '2023-05-22T06:15:31.000Z', 'frequencyValue': 1, 'frequencyUnit': 1, 'matchAll': True, 'condition': 'A1 + B1)  <=  0 ||  (A1 - B1) <= 0', 'conditionDetail': 1, 'frequencyCheck': False, 'alarmPointIds': None, 'triggerType': 1}]
[2023-05-26 17:56:56,865] logger_util.py->write_log line:61 [INFO] 文件上传：None
[2023-05-26 17:56:56,908] logger_util.py->write_log line:61 [INFO] 预期结果：[{'equals': {'status_code': 200}}]
[2023-05-26 17:56:56,908] logger_util.py->write_log line:61 [INFO] 实际结果：
[2023-05-26 17:56:56,908] logger_util.py->write_log line:61 [INFO] 接口请求成功！
[2023-05-26 17:56:56,908] logger_util.py->write_log line:61 [INFO] -------------接口请求结束-----------

[2023-05-26 17:56:56,914] logger_util.py->write_log line:61 [INFO] -------------接口请求开始-----------
[2023-05-26 17:56:56,914] logger_util.py->write_log line:61 [INFO] 接口名称：设置归档表触发配置-定时触发
[2023-05-26 17:56:56,914] logger_util.py->write_log line:61 [INFO] 接口方式：put
[2023-05-26 17:56:56,914] logger_util.py->write_log line:61 [INFO] 接口路径：http://192.168.4.12:18000/api/v1/dataconfig/filingtable/c9da8004-af75-4056-aa84-40301ba9c6ad/triggers
[2023-05-26 17:56:56,914] logger_util.py->write_log line:61 [INFO] 请求头：{'Content-Type': 'application/json; =UTF-8', 'X-Project': 'b32d81056e124620b809e92f49cdf3d4'}
[2023-05-26 17:56:56,914] logger_util.py->write_log line:61 [INFO] 请求参数：[{'effectiveDateTime': '2023-05-22T06:15:31.000Z', 'frequencyValue': 1, 'frequencyUnit': 1, 'matchAll': True, 'condition': '(A1 * B1) > 0 &&  (A1 / B1)>0', 'conditionDetail': 1, 'frequencyCheck': False, 'alarmPointIds': None, 'triggerType': 1}]
[2023-05-26 17:56:56,914] logger_util.py->write_log line:61 [INFO] 文件上传：None
[2023-05-26 17:56:56,944] logger_util.py->write_log line:61 [INFO] 预期结果：[{'equals': {'status_code': 200}}]
[2023-05-26 17:56:56,944] logger_util.py->write_log line:61 [INFO] 实际结果：
[2023-05-26 17:56:56,944] logger_util.py->write_log line:61 [INFO] 接口请求成功！
[2023-05-26 17:56:56,944] logger_util.py->write_log line:61 [INFO] -------------接口请求结束-----------

[2023-05-26 17:56:56,950] logger_util.py->write_log line:61 [INFO] -------------接口请求开始-----------
[2023-05-26 17:56:56,951] logger_util.py->write_log line:61 [INFO] 接口名称：设置归档表触发配置-字段触发
[2023-05-26 17:56:56,951] logger_util.py->write_log line:61 [INFO] 接口方式：put
[2023-05-26 17:56:56,951] logger_util.py->write_log line:61 [INFO] 接口路径：http://192.168.4.12:18000/api/v1/dataconfig/filingtable/c9da8004-af75-4056-aa84-40301ba9c6ad/triggers
[2023-05-26 17:56:56,951] logger_util.py->write_log line:61 [INFO] 请求头：{'Content-Type': 'application/json; =UTF-8', 'X-Project': 'b32d81056e124620b809e92f49cdf3d4'}
[2023-05-26 17:56:56,951] logger_util.py->write_log line:61 [INFO] 请求参数：[{'effectiveDateTime': None, 'frequencyValue': 1, 'frequencyUnit': 1, 'matchAll': False, 'condition': None, 'conditionDetail': 1, 'frequencyCheck': False, 'alarmPointIds': None, 'triggerType': 3}]
[2023-05-26 17:56:56,951] logger_util.py->write_log line:61 [INFO] 文件上传：None
[2023-05-26 17:56:56,980] logger_util.py->write_log line:61 [INFO] 预期结果：[{'equals': {'status_code': 200}}]
[2023-05-26 17:56:56,980] logger_util.py->write_log line:61 [INFO] 实际结果：
[2023-05-26 17:56:56,980] logger_util.py->write_log line:61 [INFO] 接口请求成功！
[2023-05-26 17:56:56,980] logger_util.py->write_log line:61 [INFO] -------------接口请求结束-----------

[2023-05-26 17:56:56,986] logger_util.py->write_log line:61 [INFO] -------------接口请求开始-----------
[2023-05-26 17:56:56,987] logger_util.py->write_log line:61 [INFO] 接口名称：设置归档表触发配置-字段触发
[2023-05-26 17:56:56,987] logger_util.py->write_log line:61 [INFO] 接口方式：put
[2023-05-26 17:56:56,987] logger_util.py->write_log line:61 [INFO] 接口路径：http://192.168.4.12:18000/api/v1/dataconfig/filingtable/c9da8004-af75-4056-aa84-40301ba9c6ad/triggers
[2023-05-26 17:56:56,987] logger_util.py->write_log line:61 [INFO] 请求头：{'Content-Type': 'application/json; =UTF-8', 'X-Project': 'b32d81056e124620b809e92f49cdf3d4'}
[2023-05-26 17:56:56,987] logger_util.py->write_log line:61 [INFO] 请求参数：[{'effectiveDateTime': None, 'frequencyValue': 1, 'frequencyUnit': 1, 'matchAll': True, 'condition': "G1 ==  true ||  H1 != '中文'", 'conditionDetail': 1, 'frequencyCheck': False, 'alarmPointIds': None, 'triggerType': 3}]
[2023-05-26 17:56:56,987] logger_util.py->write_log line:61 [INFO] 文件上传：None
[2023-05-26 17:56:57,024] logger_util.py->write_log line:61 [INFO] 预期结果：[{'equals': {'status_code': 200}}]
[2023-05-26 17:56:57,025] logger_util.py->write_log line:61 [INFO] 实际结果：
[2023-05-26 17:56:57,025] logger_util.py->write_log line:61 [INFO] 接口请求成功！
[2023-05-26 17:56:57,025] logger_util.py->write_log line:61 [INFO] -------------接口请求结束-----------

[2023-05-26 17:56:57,031] logger_util.py->write_log line:61 [INFO] -------------接口请求开始-----------
[2023-05-26 17:56:57,031] logger_util.py->write_log line:61 [INFO] 接口名称：设置归档表触发配置-字段触发
[2023-05-26 17:56:57,031] logger_util.py->write_log line:61 [INFO] 接口方式：put
[2023-05-26 17:56:57,031] logger_util.py->write_log line:61 [INFO] 接口路径：http://192.168.4.12:18000/api/v1/dataconfig/filingtable/c9da8004-af75-4056-aa84-40301ba9c6ad/triggers
[2023-05-26 17:56:57,031] logger_util.py->write_log line:61 [INFO] 请求头：{'Content-Type': 'application/json; =UTF-8', 'X-Project': 'b32d81056e124620b809e92f49cdf3d4'}
[2023-05-26 17:56:57,031] logger_util.py->write_log line:61 [INFO] 请求参数：[{'effectiveDateTime': None, 'frequencyValue': 1, 'frequencyUnit': 1, 'matchAll': True, 'condition': 'A1 + B1)  <=  0 ||  (A1 - B1) <= 0', 'conditionDetail': 1, 'frequencyCheck': False, 'alarmPointIds': None, 'triggerType': 3}]
[2023-05-26 17:56:57,031] logger_util.py->write_log line:61 [INFO] 文件上传：None
[2023-05-26 17:56:57,070] logger_util.py->write_log line:61 [INFO] 预期结果：[{'equals': {'status_code': 200}}]
[2023-05-26 17:56:57,070] logger_util.py->write_log line:61 [INFO] 实际结果：
[2023-05-26 17:56:57,071] logger_util.py->write_log line:61 [INFO] 接口请求成功！
[2023-05-26 17:56:57,071] logger_util.py->write_log line:61 [INFO] -------------接口请求结束-----------

[2023-05-26 17:56:57,077] logger_util.py->write_log line:61 [INFO] -------------接口请求开始-----------
[2023-05-26 17:56:57,077] logger_util.py->write_log line:61 [INFO] 接口名称：设置归档表触发配置-字段触发
[2023-05-26 17:56:57,077] logger_util.py->write_log line:61 [INFO] 接口方式：put
[2023-05-26 17:56:57,077] logger_util.py->write_log line:61 [INFO] 接口路径：http://192.168.4.12:18000/api/v1/dataconfig/filingtable/c9da8004-af75-4056-aa84-40301ba9c6ad/triggers
[2023-05-26 17:56:57,077] logger_util.py->write_log line:61 [INFO] 请求头：{'Content-Type': 'application/json; =UTF-8', 'X-Project': 'b32d81056e124620b809e92f49cdf3d4'}
[2023-05-26 17:56:57,077] logger_util.py->write_log line:61 [INFO] 请求参数：[{'effectiveDateTime': None, 'frequencyValue': 1, 'frequencyUnit': 1, 'matchAll': True, 'condition': '(A1 * B1) > 0 &&  (A1 / B1)>0', 'conditionDetail': 1, 'frequencyCheck': False, 'alarmPointIds': None, 'triggerType': 3}]
[2023-05-26 17:56:57,077] logger_util.py->write_log line:61 [INFO] 文件上传：None
[2023-05-26 17:56:57,115] logger_util.py->write_log line:61 [INFO] 预期结果：[{'equals': {'status_code': 200}}]
[2023-05-26 17:56:57,115] logger_util.py->write_log line:61 [INFO] 实际结果：
[2023-05-26 17:56:57,115] logger_util.py->write_log line:61 [INFO] 接口请求成功！
[2023-05-26 17:56:57,115] logger_util.py->write_log line:61 [INFO] -------------接口请求结束-----------

