[2023-06-05 14:42:39,778] logger_util.py->write_log line:61 [INFO] -------------接口请求开始-----------
[2023-06-05 14:42:39,778] logger_util.py->write_log line:61 [INFO] 接口名称：创建报警报警文件夹
[2023-06-05 14:42:39,779] logger_util.py->write_log line:61 [INFO] 接口方式：post
[2023-06-05 14:42:39,779] logger_util.py->write_log line:61 [INFO] 接口路径：http://127.0.0.1:18000/api/v1/alarmfolder/add
[2023-06-05 14:42:39,779] logger_util.py->write_log line:61 [INFO] 请求头：{'Content-Type': 'application/json;charset=UTF-8', 'X-Project': 'da1746c3d0814e3da3c463b17bf73d6f'}
[2023-06-05 14:42:39,779] logger_util.py->write_log line:61 [INFO] 请求参数：{'name': '报警报警文件夹81', 'nodeType': 0, 'parentId': '}'}
[2023-06-05 14:42:39,779] logger_util.py->write_log line:61 [INFO] 文件上传：None
[2023-06-05 14:42:39,791] logger_util.py->error_log line:65 [INFO] 分析YAML文件异常：异常信息: Traceback (most recent call last):
  File "E:\Project_python\2TestCMS2.0\common\requests_util.py", line 242, in analysis_yaml
    extract_data = {key: return_data[value]}
KeyError: 'id'

[2023-06-05 14:42:39,935] logger_util.py->write_log line:61 [INFO] -------------接口请求开始-----------
[2023-06-05 14:42:39,935] logger_util.py->write_log line:61 [INFO] 接口名称：创建报警报警组
[2023-06-05 14:42:39,935] logger_util.py->write_log line:61 [INFO] 接口方式：post
[2023-06-05 14:42:39,935] logger_util.py->write_log line:61 [INFO] 接口路径：http://127.0.0.1:18000/api/v1/alarmfolder/add
[2023-06-05 14:42:39,936] logger_util.py->write_log line:61 [INFO] 请求头：{'Content-Type': 'application/json;charset=UTF-8', 'X-Project': 'da1746c3d0814e3da3c463b17bf73d6f'}
[2023-06-05 14:42:39,936] logger_util.py->write_log line:61 [INFO] 请求参数：{'name': '报警报警组41', 'nodeType': 1, 'parentId': 'Alarm_Folder_ID}'}
[2023-06-05 14:42:39,936] logger_util.py->write_log line:61 [INFO] 文件上传：None
[2023-06-05 14:42:39,938] logger_util.py->error_log line:65 [INFO] 分析YAML文件异常：异常信息: Traceback (most recent call last):
  File "E:\Project_python\2TestCMS2.0\common\requests_util.py", line 242, in analysis_yaml
    extract_data = {key: return_data[value]}
KeyError: 'id'

