[2023-11-23 15:33:10,892] logger_util.py->write_log line:61 [INFO] 
-------------接口请求开始-----------
[2023-11-23 15:33:10,892] logger_util.py->write_log line:61 [INFO] 接口名称：同步
[2023-11-23 15:33:10,892] logger_util.py->write_log line:61 [INFO] 接口方式：put
[2023-11-23 15:33:10,892] logger_util.py->write_log line:61 [INFO] 接口路径：http://127.0.0.1:18000/api/v1/multiplelanguage/sync
[2023-11-23 15:33:10,892] logger_util.py->write_log line:61 [INFO] 请求头：{'X-Project': 'd800d1a6d0be4623aaa824c28dc71981'}
[2023-11-23 15:33:10,892] logger_util.py->write_log line:61 [INFO] 请求参数：{'mappingType': 0, 'pageId': '', 'originalTexts': ['静态文本99']}
[2023-11-23 15:33:10,901] logger_util.py->write_log line:61 [INFO] 文件上传：None
[2023-11-23 15:33:10,906] logger_util.py->error_log line:65 [INFO] 断言失败:status_code不等于200
[2023-11-23 15:33:10,906] logger_util.py->write_log line:61 [INFO] 实际结果：Page id is empty.
[2023-11-23 15:33:10,906] logger_util.py->write_log line:61 [INFO] 接口请求失败！
[2023-11-23 15:33:10,906] logger_util.py->write_log line:61 [INFO] -------------接口请求结束-----------

[2023-11-23 15:33:10,907] logger_util.py->error_log line:65 [INFO] 断言异常：异常信息: Traceback (most recent call last):
  File "E:\Project_python\api_cms\common\requests_util.py", line 366, in validate_result
    error_log("断言失败:"+assert_key+"不等于"+str(assert_value))
  File "E:\Project_python\api_cms\common\logger_util.py", line 66, in error_log
    raise Exception(log_message)
Exception: 断言失败:status_code不等于200

[2023-11-23 15:33:10,907] logger_util.py->error_log line:65 [INFO] 分析YAML文件异常：异常信息: Traceback (most recent call last):
  File "E:\Project_python\api_cms\common\requests_util.py", line 366, in validate_result
    error_log("断言失败:"+assert_key+"不等于"+str(assert_value))
  File "E:\Project_python\api_cms\common\logger_util.py", line 66, in error_log
    raise Exception(log_message)
Exception: 断言失败:status_code不等于200

During handling of the above exception, another exception occurred:

Traceback (most recent call last):
  File "E:\Project_python\api_cms\common\requests_util.py", line 263, in analysis_yaml
    self.validate_result(yq_result, return_text, status_code)
  File "E:\Project_python\api_cms\common\requests_util.py", line 446, in validate_result
    error_log("断言异常：异常信息: %s" % str(traceback.format_exc()))
  File "E:\Project_python\api_cms\common\logger_util.py", line 66, in error_log
    raise Exception(log_message)
Exception: 断言异常：异常信息: Traceback (most recent call last):
  File "E:\Project_python\api_cms\common\requests_util.py", line 366, in validate_result
    error_log("断言失败:"+assert_key+"不等于"+str(assert_value))
  File "E:\Project_python\api_cms\common\logger_util.py", line 66, in error_log
    raise Exception(log_message)
Exception: 断言失败:status_code不等于200


