[2022-09-16 18:05:46,990] logger_util.py->write_log line:61 [INFO] -------------接口请求开始-----------
[2022-09-16 18:05:46,991] logger_util.py->write_log line:61 [INFO] 接口名称：新建工程
[2022-09-16 18:05:46,991] logger_util.py->write_log line:61 [INFO] 接口方式：post
[2022-09-16 18:05:46,991] logger_util.py->write_log line:61 [INFO] 接口路径：http://127.0.0.1:18000/api/v1/project/node
[2022-09-16 18:05:46,991] logger_util.py->write_log line:61 [INFO] 请求头：{'Content-Type': 'application/json;charset=UTF-8'}
[2022-09-16 18:05:46,991] logger_util.py->write_log line:61 [INFO] 请求参数：{'name': '工程8557', 'path': 'E:\\APP\\CMS201', 'type': 1, 'parentId': 0}
[2022-09-16 18:05:47,015] logger_util.py->write_log line:61 [INFO] 文件上传：None
[2022-09-16 18:05:50,683] logger_util.py->write_log line:61 [INFO] 预期结果：[{'equals': {'status_code': 200}}]
[2022-09-16 18:05:50,684] logger_util.py->write_log line:61 [INFO] 实际结果：525
[2022-09-16 18:05:50,684] logger_util.py->write_log line:61 [INFO] 接口请求成功！
[2022-09-16 18:05:50,684] logger_util.py->write_log line:61 [INFO] -------------接口请求结束-----------

[2022-09-16 18:05:50,689] logger_util.py->write_log line:61 [INFO] -------------接口请求开始-----------
[2022-09-16 18:05:50,690] logger_util.py->write_log line:61 [INFO] 接口名称：新建文件夹
[2022-09-16 18:05:50,690] logger_util.py->write_log line:61 [INFO] 接口方式：post
[2022-09-16 18:05:50,690] logger_util.py->write_log line:61 [INFO] 接口路径：http://127.0.0.1:18000/api/v1/project/node
[2022-09-16 18:05:50,690] logger_util.py->write_log line:61 [INFO] 请求头：{'Content-Type': 'application/json;charset=UTF-8'}
[2022-09-16 18:05:50,690] logger_util.py->write_log line:61 [INFO] 请求参数：{'name': '文件夹1512', 'path': None, 'type': 0, 'parentId': 0}
[2022-09-16 18:05:50,690] logger_util.py->write_log line:61 [INFO] 文件上传：None
[2022-09-16 18:05:50,795] logger_util.py->write_log line:61 [INFO] 预期结果：[{'equals': {'status_code': 200}}]
[2022-09-16 18:05:50,795] logger_util.py->write_log line:61 [INFO] 实际结果：526
[2022-09-16 18:05:50,796] logger_util.py->write_log line:61 [INFO] 接口请求成功！
[2022-09-16 18:05:50,796] logger_util.py->write_log line:61 [INFO] -------------接口请求结束-----------

