[2023-08-08 19:40:49,443] logger_util.py->error_log line:65 [INFO] 发送请求异常：异常信息: Traceback (most recent call last):
  File "E:\Project_python\api_SIOT\common\requests_util.py", line 319, in send_request
    kwargs[key] = self.replace_load(value)
  File "E:\Project_python\api_SIOT\common\requests_util.py", line 148, in replace_load
    func_name = old_value[2:old_value.index('(')]
ValueError: substring not found

[2023-08-08 19:40:49,449] logger_util.py->error_log line:65 [INFO] 分析YAML文件异常：异常信息: Traceback (most recent call last):
  File "E:\Project_python\api_SIOT\common\requests_util.py", line 319, in send_request
    kwargs[key] = self.replace_load(value)
  File "E:\Project_python\api_SIOT\common\requests_util.py", line 148, in replace_load
    func_name = old_value[2:old_value.index('(')]
ValueError: substring not found

During handling of the above exception, another exception occurred:

Traceback (most recent call last):
  File "E:\Project_python\api_SIOT\common\requests_util.py", line 198, in analysis_yaml
    res = self.send_request(name =name,method=method,
  File "E:\Project_python\api_SIOT\common\requests_util.py", line 339, in send_request
    error_log("发送请求异常：异常信息: %s" % str(traceback.format_exc()))
  File "E:\Project_python\api_SIOT\common\logger_util.py", line 66, in error_log
    raise Exception(log_message)
Exception: 发送请求异常：异常信息: Traceback (most recent call last):
  File "E:\Project_python\api_SIOT\common\requests_util.py", line 319, in send_request
    kwargs[key] = self.replace_load(value)
  File "E:\Project_python\api_SIOT\common\requests_util.py", line 148, in replace_load
    func_name = old_value[2:old_value.index('(')]
ValueError: substring not found


