[2023-08-22 16:19:35,498] logger_util.py->write_log line:61 [INFO] 
-------------接口请求开始-----------
[2023-08-22 16:19:35,498] logger_util.py->write_log line:61 [INFO] 接口名称：创建通道新建通道
[2023-08-22 16:19:35,498] logger_util.py->write_log line:61 [INFO] 接口方式：post
[2023-08-22 16:19:35,498] logger_util.py->write_log line:61 [INFO] 接口路径：http://127.0.0.1:18000/api/v1/variable/tunnel
[2023-08-22 16:19:35,498] logger_util.py->write_log line:61 [INFO] 请求头：{}
[2023-08-22 16:19:35,498] logger_util.py->write_log line:61 [INFO] 请求参数：{'parentId': None, 'type': 1, 'name': '通道8469', 'description': '', 'config': {'suppiler': 'ModBus', 'model': 'Modbus_TCP', 'protocol': 'Modbus_TCP', 'parameters': {'ServerName': '127.0.0.1', 'DeviceID': '1', 'Port': '502', 'HeadAddress': '1', 'ConnectTimeOut': '502', 'ResponseTimeout': '502', 'Int32ByteOrder': '2143', 'Int64ByteOrder': '2143', 'UInt32ByteOrder': '2143', 'UInt64ByteOrder': '2143', 'F32ByteOrder': '3412', 'F64ByteOrder': '2143', 'StrByteOrder': '2143', 'EnableIndependentLink': '禁用', 'EnablePduDiagnosis': '启用', 'PduLength': '502'}}, 'copyConfig': None}
[2023-08-22 16:19:35,499] logger_util.py->write_log line:61 [INFO] 文件上传：None
[2023-08-22 16:19:35,532] logger_util.py->write_log line:61 [INFO] 预期结果：[{'equals': {'status_code': 200}}]
[2023-08-22 16:19:35,532] logger_util.py->write_log line:61 [INFO] 实际结果：{'id': 52, 'parentId': None, 'sort': 29, 'name': '通道8469', 'description': '', 'type': 1, 'typeTag': 'TCP', 'config': {'suppiler': 'ModBus', 'model': 'Modbus_TCP', 'protocol': 'Modbus_TCP', 'parameters': {'ServerName': '127.0.0.1', 'DeviceID': '1', 'Port': '502', 'HeadAddress': '1', 'ConnectTimeOut': '502', 'ResponseTimeout': '502', 'Int32ByteOrder': '2143', 'Int64ByteOrder': '2143', 'UInt32ByteOrder': '2143', 'UInt64ByteOrder': '2143', 'F32ByteOrder': '3412', 'F64ByteOrder': '2143', 'StrByteOrder': '2143', 'EnableIndependentLink': '禁用', 'EnablePduDiagnosis': '启用', 'PduLength': '502'}}, 'enable': True, 'createTime': '2023-08-22T16:19:35.5259622+08:00', 'updateTime': '2023-08-22T16:19:35.525963+08:00'}
[2023-08-22 16:19:35,532] logger_util.py->write_log line:61 [INFO] 接口请求成功！
[2023-08-22 16:19:35,532] logger_util.py->write_log line:61 [INFO] 
-------------接口请求结束-----------

[2023-08-22 16:19:35,537] logger_util.py->write_log line:61 [INFO] 
-------------接口请求开始-----------
[2023-08-22 16:19:35,537] logger_util.py->write_log line:61 [INFO] 接口名称：创建通道通道名称为空
[2023-08-22 16:19:35,537] logger_util.py->write_log line:61 [INFO] 接口方式：post
[2023-08-22 16:19:35,537] logger_util.py->write_log line:61 [INFO] 接口路径：http://127.0.0.1:18000/api/v1/variable/tunnel
[2023-08-22 16:19:35,537] logger_util.py->write_log line:61 [INFO] 请求头：{}
[2023-08-22 16:19:35,538] logger_util.py->write_log line:61 [INFO] 请求参数：{'parentId': None, 'type': 1, 'name': '通道9484', 'description': '', 'config': {'suppiler': 'ModBus', 'model': 'Modbus_TCP', 'protocol': 'Modbus_TCP', 'parameters': {'ServerName': '127.0.0.1', 'DeviceID': '1', 'Port': '502', 'HeadAddress': '1', 'ConnectTimeOut': '502', 'ResponseTimeout': '502', 'Int32ByteOrder': '2143', 'Int64ByteOrder': '2143', 'UInt32ByteOrder': '2143', 'UInt64ByteOrder': '2143', 'F32ByteOrder': '3412', 'F64ByteOrder': '2143', 'StrByteOrder': '2143', 'EnableIndependentLink': '禁用', 'EnablePduDiagnosis': '启用', 'PduLength': '502'}}, 'copyConfig': None}
[2023-08-22 16:19:35,538] logger_util.py->write_log line:61 [INFO] 文件上传：None
[2023-08-22 16:19:35,557] logger_util.py->write_log line:61 [INFO] 预期结果：[{'equals': {'status_code': 200}}]
[2023-08-22 16:19:35,557] logger_util.py->write_log line:61 [INFO] 实际结果：{'id': 53, 'parentId': None, 'sort': 30, 'name': '通道9484', 'description': '', 'type': 1, 'typeTag': 'TCP', 'config': {'suppiler': 'ModBus', 'model': 'Modbus_TCP', 'protocol': 'Modbus_TCP', 'parameters': {'ServerName': '127.0.0.1', 'DeviceID': '1', 'Port': '502', 'HeadAddress': '1', 'ConnectTimeOut': '502', 'ResponseTimeout': '502', 'Int32ByteOrder': '2143', 'Int64ByteOrder': '2143', 'UInt32ByteOrder': '2143', 'UInt64ByteOrder': '2143', 'F32ByteOrder': '3412', 'F64ByteOrder': '2143', 'StrByteOrder': '2143', 'EnableIndependentLink': '禁用', 'EnablePduDiagnosis': '启用', 'PduLength': '502'}}, 'enable': True, 'createTime': '2023-08-22T16:19:35.5509297+08:00', 'updateTime': '2023-08-22T16:19:35.5509302+08:00'}
[2023-08-22 16:19:35,557] logger_util.py->write_log line:61 [INFO] 接口请求成功！
[2023-08-22 16:19:35,557] logger_util.py->write_log line:61 [INFO] 
-------------接口请求结束-----------

[2023-08-22 16:19:35,562] logger_util.py->write_log line:61 [INFO] 
-------------接口请求开始-----------
[2023-08-22 16:19:35,562] logger_util.py->write_log line:61 [INFO] 接口名称：创建通道设备IP为空
[2023-08-22 16:19:35,562] logger_util.py->write_log line:61 [INFO] 接口方式：post
[2023-08-22 16:19:35,562] logger_util.py->write_log line:61 [INFO] 接口路径：http://127.0.0.1:18000/api/v1/variable/tunnel
[2023-08-22 16:19:35,562] logger_util.py->write_log line:61 [INFO] 请求头：{}
[2023-08-22 16:19:35,563] logger_util.py->write_log line:61 [INFO] 请求参数：{'parentId': None, 'type': 1, 'name': '通道8188', 'description': '', 'config': {'suppiler': 'ModBus', 'model': 'Modbus_TCP', 'protocol': 'Modbus_TCP', 'parameters': {'ServerName': 'null', 'DeviceID': '1', 'Port': '502', 'HeadAddress': '1', 'ConnectTimeOut': '502', 'ResponseTimeout': '502', 'Int32ByteOrder': '2143', 'Int64ByteOrder': '2143', 'UInt32ByteOrder': '2143', 'UInt64ByteOrder': '2143', 'F32ByteOrder': '3412', 'F64ByteOrder': '2143', 'StrByteOrder': '2143', 'EnableIndependentLink': '禁用', 'EnablePduDiagnosis': '启用', 'PduLength': '502'}}, 'copyConfig': None}
[2023-08-22 16:19:35,563] logger_util.py->write_log line:61 [INFO] 文件上传：None
[2023-08-22 16:19:35,568] logger_util.py->error_log line:65 [INFO] 断言失败:status_code不等于200
[2023-08-22 16:19:35,568] logger_util.py->write_log line:61 [INFO] 接口请求失败！
[2023-08-22 16:19:35,568] logger_util.py->write_log line:61 [INFO] -------------接口请求结束-----------

[2023-08-22 16:19:35,569] logger_util.py->error_log line:65 [INFO] 断言异常：异常信息: Traceback (most recent call last):
  File "E:\Project_python\api_cms\common\requests_util.py", line 347, in validate_result
    error_log("断言失败:"+assert_key+"不等于"+str(assert_value))
  File "E:\Project_python\api_cms\common\logger_util.py", line 66, in error_log
    raise Exception(log_message)
Exception: 断言失败:status_code不等于200

[2023-08-22 16:19:35,569] logger_util.py->error_log line:65 [INFO] 分析YAML文件异常：异常信息: Traceback (most recent call last):
  File "E:\Project_python\api_cms\common\requests_util.py", line 347, in validate_result
    error_log("断言失败:"+assert_key+"不等于"+str(assert_value))
  File "E:\Project_python\api_cms\common\logger_util.py", line 66, in error_log
    raise Exception(log_message)
Exception: 断言失败:status_code不等于200

During handling of the above exception, another exception occurred:

Traceback (most recent call last):
  File "E:\Project_python\api_cms\common\requests_util.py", line 249, in analysis_yaml
    self.validate_result(yq_result, return_text, status_code)
  File "E:\Project_python\api_cms\common\requests_util.py", line 401, in validate_result
    error_log("断言异常：异常信息: %s" % str(traceback.format_exc()))
  File "E:\Project_python\api_cms\common\logger_util.py", line 66, in error_log
    raise Exception(log_message)
Exception: 断言异常：异常信息: Traceback (most recent call last):
  File "E:\Project_python\api_cms\common\requests_util.py", line 347, in validate_result
    error_log("断言失败:"+assert_key+"不等于"+str(assert_value))
  File "E:\Project_python\api_cms\common\logger_util.py", line 66, in error_log
    raise Exception(log_message)
Exception: 断言失败:status_code不等于200


[2023-08-22 16:19:35,671] logger_util.py->write_log line:61 [INFO] 
-------------接口请求开始-----------
[2023-08-22 16:19:35,672] logger_util.py->write_log line:61 [INFO] 接口名称：创建通道设备IP非法
[2023-08-22 16:19:35,672] logger_util.py->write_log line:61 [INFO] 接口方式：post
[2023-08-22 16:19:35,672] logger_util.py->write_log line:61 [INFO] 接口路径：http://127.0.0.1:18000/api/v1/variable/tunnel
[2023-08-22 16:19:35,672] logger_util.py->write_log line:61 [INFO] 请求头：{}
[2023-08-22 16:19:35,672] logger_util.py->write_log line:61 [INFO] 请求参数：{'parentId': None, 'type': 1, 'name': '通道5660', 'description': '', 'config': {'suppiler': 'ModBus', 'model': 'Modbus_TCP', 'protocol': 'Modbus_TCP', 'parameters': {'ServerName': 'abc', 'DeviceID': '1', 'Port': '502', 'HeadAddress': '1', 'ConnectTimeOut': '502', 'ResponseTimeout': '502', 'Int32ByteOrder': '2143', 'Int64ByteOrder': '2143', 'UInt32ByteOrder': '2143', 'UInt64ByteOrder': '2143', 'F32ByteOrder': '3412', 'F64ByteOrder': '2143', 'StrByteOrder': '2143', 'EnableIndependentLink': '禁用', 'EnablePduDiagnosis': '启用', 'PduLength': '502'}}, 'copyConfig': None}
[2023-08-22 16:19:35,672] logger_util.py->write_log line:61 [INFO] 文件上传：None
[2023-08-22 16:19:35,677] logger_util.py->error_log line:65 [INFO] 断言失败:status_code不等于200
[2023-08-22 16:19:35,678] logger_util.py->write_log line:61 [INFO] 接口请求失败！
[2023-08-22 16:19:35,678] logger_util.py->write_log line:61 [INFO] -------------接口请求结束-----------

[2023-08-22 16:19:35,678] logger_util.py->error_log line:65 [INFO] 断言异常：异常信息: Traceback (most recent call last):
  File "E:\Project_python\api_cms\common\requests_util.py", line 347, in validate_result
    error_log("断言失败:"+assert_key+"不等于"+str(assert_value))
  File "E:\Project_python\api_cms\common\logger_util.py", line 66, in error_log
    raise Exception(log_message)
Exception: 断言失败:status_code不等于200

[2023-08-22 16:19:35,678] logger_util.py->error_log line:65 [INFO] 分析YAML文件异常：异常信息: Traceback (most recent call last):
  File "E:\Project_python\api_cms\common\requests_util.py", line 347, in validate_result
    error_log("断言失败:"+assert_key+"不等于"+str(assert_value))
  File "E:\Project_python\api_cms\common\logger_util.py", line 66, in error_log
    raise Exception(log_message)
Exception: 断言失败:status_code不等于200

During handling of the above exception, another exception occurred:

Traceback (most recent call last):
  File "E:\Project_python\api_cms\common\requests_util.py", line 249, in analysis_yaml
    self.validate_result(yq_result, return_text, status_code)
  File "E:\Project_python\api_cms\common\requests_util.py", line 401, in validate_result
    error_log("断言异常：异常信息: %s" % str(traceback.format_exc()))
  File "E:\Project_python\api_cms\common\logger_util.py", line 66, in error_log
    raise Exception(log_message)
Exception: 断言异常：异常信息: Traceback (most recent call last):
  File "E:\Project_python\api_cms\common\requests_util.py", line 347, in validate_result
    error_log("断言失败:"+assert_key+"不等于"+str(assert_value))
  File "E:\Project_python\api_cms\common\logger_util.py", line 66, in error_log
    raise Exception(log_message)
Exception: 断言失败:status_code不等于200


[2023-08-22 16:19:35,705] logger_util.py->write_log line:61 [INFO] 
-------------接口请求开始-----------
[2023-08-22 16:19:35,705] logger_util.py->write_log line:61 [INFO] 接口名称：创建通道设备ID为空
[2023-08-22 16:19:35,705] logger_util.py->write_log line:61 [INFO] 接口方式：post
[2023-08-22 16:19:35,705] logger_util.py->write_log line:61 [INFO] 接口路径：http://127.0.0.1:18000/api/v1/variable/tunnel
[2023-08-22 16:19:35,705] logger_util.py->write_log line:61 [INFO] 请求头：{}
[2023-08-22 16:19:35,705] logger_util.py->write_log line:61 [INFO] 请求参数：{'parentId': None, 'type': 1, 'name': '通道2446', 'description': '', 'config': {'suppiler': 'ModBus', 'model': 'Modbus_TCP', 'protocol': 'Modbus_TCP', 'parameters': {'ServerName': '127.0.0.1', 'DeviceID': 'null', 'Port': '502', 'HeadAddress': '1', 'ConnectTimeOut': '502', 'ResponseTimeout': '502', 'Int32ByteOrder': '2143', 'Int64ByteOrder': '2143', 'UInt32ByteOrder': '2143', 'UInt64ByteOrder': '2143', 'F32ByteOrder': '3412', 'F64ByteOrder': '2143', 'StrByteOrder': '2143', 'EnableIndependentLink': '禁用', 'EnablePduDiagnosis': '启用', 'PduLength': '502'}}, 'copyConfig': None}
[2023-08-22 16:19:35,706] logger_util.py->write_log line:61 [INFO] 文件上传：None
[2023-08-22 16:19:35,711] logger_util.py->error_log line:65 [INFO] 断言失败:status_code不等于200
[2023-08-22 16:19:35,712] logger_util.py->write_log line:61 [INFO] 接口请求失败！
[2023-08-22 16:19:35,712] logger_util.py->write_log line:61 [INFO] -------------接口请求结束-----------

[2023-08-22 16:19:35,712] logger_util.py->error_log line:65 [INFO] 断言异常：异常信息: Traceback (most recent call last):
  File "E:\Project_python\api_cms\common\requests_util.py", line 347, in validate_result
    error_log("断言失败:"+assert_key+"不等于"+str(assert_value))
  File "E:\Project_python\api_cms\common\logger_util.py", line 66, in error_log
    raise Exception(log_message)
Exception: 断言失败:status_code不等于200

[2023-08-22 16:19:35,712] logger_util.py->error_log line:65 [INFO] 分析YAML文件异常：异常信息: Traceback (most recent call last):
  File "E:\Project_python\api_cms\common\requests_util.py", line 347, in validate_result
    error_log("断言失败:"+assert_key+"不等于"+str(assert_value))
  File "E:\Project_python\api_cms\common\logger_util.py", line 66, in error_log
    raise Exception(log_message)
Exception: 断言失败:status_code不等于200

During handling of the above exception, another exception occurred:

Traceback (most recent call last):
  File "E:\Project_python\api_cms\common\requests_util.py", line 249, in analysis_yaml
    self.validate_result(yq_result, return_text, status_code)
  File "E:\Project_python\api_cms\common\requests_util.py", line 401, in validate_result
    error_log("断言异常：异常信息: %s" % str(traceback.format_exc()))
  File "E:\Project_python\api_cms\common\logger_util.py", line 66, in error_log
    raise Exception(log_message)
Exception: 断言异常：异常信息: Traceback (most recent call last):
  File "E:\Project_python\api_cms\common\requests_util.py", line 347, in validate_result
    error_log("断言失败:"+assert_key+"不等于"+str(assert_value))
  File "E:\Project_python\api_cms\common\logger_util.py", line 66, in error_log
    raise Exception(log_message)
Exception: 断言失败:status_code不等于200


[2023-08-22 16:19:35,745] logger_util.py->write_log line:61 [INFO] 
-------------接口请求开始-----------
[2023-08-22 16:19:35,745] logger_util.py->write_log line:61 [INFO] 接口名称：创建通道设备ID非法
[2023-08-22 16:19:35,745] logger_util.py->write_log line:61 [INFO] 接口方式：post
[2023-08-22 16:19:35,745] logger_util.py->write_log line:61 [INFO] 接口路径：http://127.0.0.1:18000/api/v1/variable/tunnel
[2023-08-22 16:19:35,745] logger_util.py->write_log line:61 [INFO] 请求头：{}
[2023-08-22 16:19:35,745] logger_util.py->write_log line:61 [INFO] 请求参数：{'parentId': None, 'type': 1, 'name': '通道6968', 'description': '', 'config': {'suppiler': 'ModBus', 'model': 'Modbus_TCP', 'protocol': 'Modbus_TCP', 'parameters': {'ServerName': '127.0.0.1', 'DeviceID': 'abc', 'Port': '502', 'HeadAddress': '1', 'ConnectTimeOut': '502', 'ResponseTimeout': '502', 'Int32ByteOrder': '2143', 'Int64ByteOrder': '2143', 'UInt32ByteOrder': '2143', 'UInt64ByteOrder': '2143', 'F32ByteOrder': '3412', 'F64ByteOrder': '2143', 'StrByteOrder': '2143', 'EnableIndependentLink': '禁用', 'EnablePduDiagnosis': '启用', 'PduLength': '502'}}, 'copyConfig': None}
[2023-08-22 16:19:35,745] logger_util.py->write_log line:61 [INFO] 文件上传：None
[2023-08-22 16:19:35,754] logger_util.py->error_log line:65 [INFO] 断言失败:status_code不等于200
[2023-08-22 16:19:35,754] logger_util.py->write_log line:61 [INFO] 接口请求失败！
[2023-08-22 16:19:35,755] logger_util.py->write_log line:61 [INFO] -------------接口请求结束-----------

[2023-08-22 16:19:35,755] logger_util.py->error_log line:65 [INFO] 断言异常：异常信息: Traceback (most recent call last):
  File "E:\Project_python\api_cms\common\requests_util.py", line 347, in validate_result
    error_log("断言失败:"+assert_key+"不等于"+str(assert_value))
  File "E:\Project_python\api_cms\common\logger_util.py", line 66, in error_log
    raise Exception(log_message)
Exception: 断言失败:status_code不等于200

[2023-08-22 16:19:35,755] logger_util.py->error_log line:65 [INFO] 分析YAML文件异常：异常信息: Traceback (most recent call last):
  File "E:\Project_python\api_cms\common\requests_util.py", line 347, in validate_result
    error_log("断言失败:"+assert_key+"不等于"+str(assert_value))
  File "E:\Project_python\api_cms\common\logger_util.py", line 66, in error_log
    raise Exception(log_message)
Exception: 断言失败:status_code不等于200

During handling of the above exception, another exception occurred:

Traceback (most recent call last):
  File "E:\Project_python\api_cms\common\requests_util.py", line 249, in analysis_yaml
    self.validate_result(yq_result, return_text, status_code)
  File "E:\Project_python\api_cms\common\requests_util.py", line 401, in validate_result
    error_log("断言异常：异常信息: %s" % str(traceback.format_exc()))
  File "E:\Project_python\api_cms\common\logger_util.py", line 66, in error_log
    raise Exception(log_message)
Exception: 断言异常：异常信息: Traceback (most recent call last):
  File "E:\Project_python\api_cms\common\requests_util.py", line 347, in validate_result
    error_log("断言失败:"+assert_key+"不等于"+str(assert_value))
  File "E:\Project_python\api_cms\common\logger_util.py", line 66, in error_log
    raise Exception(log_message)
Exception: 断言失败:status_code不等于200


[2023-08-22 16:19:35,789] logger_util.py->write_log line:61 [INFO] 
-------------接口请求开始-----------
[2023-08-22 16:19:35,790] logger_util.py->write_log line:61 [INFO] 接口名称：创建通道端口号为空
[2023-08-22 16:19:35,790] logger_util.py->write_log line:61 [INFO] 接口方式：post
[2023-08-22 16:19:35,790] logger_util.py->write_log line:61 [INFO] 接口路径：http://127.0.0.1:18000/api/v1/variable/tunnel
[2023-08-22 16:19:35,790] logger_util.py->write_log line:61 [INFO] 请求头：{}
[2023-08-22 16:19:35,790] logger_util.py->write_log line:61 [INFO] 请求参数：{'parentId': None, 'type': 1, 'name': '通道8721', 'description': '', 'config': {'suppiler': 'ModBus', 'model': 'Modbus_TCP', 'protocol': 'Modbus_TCP', 'parameters': {'ServerName': '127.0.0.1', 'DeviceID': '1', 'Port': 'null', 'HeadAddress': '1', 'ConnectTimeOut': 'null', 'ResponseTimeout': 'null', 'Int32ByteOrder': '2143', 'Int64ByteOrder': '2143', 'UInt32ByteOrder': '2143', 'UInt64ByteOrder': '2143', 'F32ByteOrder': '3412', 'F64ByteOrder': '2143', 'StrByteOrder': '2143', 'EnableIndependentLink': '禁用', 'EnablePduDiagnosis': '启用', 'PduLength': 'null'}}, 'copyConfig': None}
[2023-08-22 16:19:35,790] logger_util.py->write_log line:61 [INFO] 文件上传：None
[2023-08-22 16:19:35,797] logger_util.py->error_log line:65 [INFO] 断言失败:status_code不等于200
[2023-08-22 16:19:35,798] logger_util.py->write_log line:61 [INFO] 接口请求失败！
[2023-08-22 16:19:35,798] logger_util.py->write_log line:61 [INFO] -------------接口请求结束-----------

[2023-08-22 16:19:35,798] logger_util.py->error_log line:65 [INFO] 断言异常：异常信息: Traceback (most recent call last):
  File "E:\Project_python\api_cms\common\requests_util.py", line 347, in validate_result
    error_log("断言失败:"+assert_key+"不等于"+str(assert_value))
  File "E:\Project_python\api_cms\common\logger_util.py", line 66, in error_log
    raise Exception(log_message)
Exception: 断言失败:status_code不等于200

[2023-08-22 16:19:35,798] logger_util.py->error_log line:65 [INFO] 分析YAML文件异常：异常信息: Traceback (most recent call last):
  File "E:\Project_python\api_cms\common\requests_util.py", line 347, in validate_result
    error_log("断言失败:"+assert_key+"不等于"+str(assert_value))
  File "E:\Project_python\api_cms\common\logger_util.py", line 66, in error_log
    raise Exception(log_message)
Exception: 断言失败:status_code不等于200

During handling of the above exception, another exception occurred:

Traceback (most recent call last):
  File "E:\Project_python\api_cms\common\requests_util.py", line 249, in analysis_yaml
    self.validate_result(yq_result, return_text, status_code)
  File "E:\Project_python\api_cms\common\requests_util.py", line 401, in validate_result
    error_log("断言异常：异常信息: %s" % str(traceback.format_exc()))
  File "E:\Project_python\api_cms\common\logger_util.py", line 66, in error_log
    raise Exception(log_message)
Exception: 断言异常：异常信息: Traceback (most recent call last):
  File "E:\Project_python\api_cms\common\requests_util.py", line 347, in validate_result
    error_log("断言失败:"+assert_key+"不等于"+str(assert_value))
  File "E:\Project_python\api_cms\common\logger_util.py", line 66, in error_log
    raise Exception(log_message)
Exception: 断言失败:status_code不等于200


[2023-08-22 16:19:35,825] logger_util.py->write_log line:61 [INFO] 
-------------接口请求开始-----------
[2023-08-22 16:19:35,825] logger_util.py->write_log line:61 [INFO] 接口名称：创建通道端口号非法
[2023-08-22 16:19:35,825] logger_util.py->write_log line:61 [INFO] 接口方式：post
[2023-08-22 16:19:35,825] logger_util.py->write_log line:61 [INFO] 接口路径：http://127.0.0.1:18000/api/v1/variable/tunnel
[2023-08-22 16:19:35,825] logger_util.py->write_log line:61 [INFO] 请求头：{}
[2023-08-22 16:19:35,825] logger_util.py->write_log line:61 [INFO] 请求参数：{'parentId': None, 'type': 1, 'name': '通道9210', 'description': '', 'config': {'suppiler': 'ModBus', 'model': 'Modbus_TCP', 'protocol': 'Modbus_TCP', 'parameters': {'ServerName': '127.0.0.1', 'DeviceID': '1', 'Port': 'abc', 'HeadAddress': '1', 'ConnectTimeOut': 'abc', 'ResponseTimeout': 'abc', 'Int32ByteOrder': '2143', 'Int64ByteOrder': '2143', 'UInt32ByteOrder': '2143', 'UInt64ByteOrder': '2143', 'F32ByteOrder': '3412', 'F64ByteOrder': '2143', 'StrByteOrder': '2143', 'EnableIndependentLink': '禁用', 'EnablePduDiagnosis': '启用', 'PduLength': 'abc'}}, 'copyConfig': None}
[2023-08-22 16:19:35,825] logger_util.py->write_log line:61 [INFO] 文件上传：None
[2023-08-22 16:19:35,831] logger_util.py->error_log line:65 [INFO] 断言失败:status_code不等于200
[2023-08-22 16:19:35,831] logger_util.py->write_log line:61 [INFO] 接口请求失败！
[2023-08-22 16:19:35,832] logger_util.py->write_log line:61 [INFO] -------------接口请求结束-----------

[2023-08-22 16:19:35,832] logger_util.py->error_log line:65 [INFO] 断言异常：异常信息: Traceback (most recent call last):
  File "E:\Project_python\api_cms\common\requests_util.py", line 347, in validate_result
    error_log("断言失败:"+assert_key+"不等于"+str(assert_value))
  File "E:\Project_python\api_cms\common\logger_util.py", line 66, in error_log
    raise Exception(log_message)
Exception: 断言失败:status_code不等于200

[2023-08-22 16:19:35,832] logger_util.py->error_log line:65 [INFO] 分析YAML文件异常：异常信息: Traceback (most recent call last):
  File "E:\Project_python\api_cms\common\requests_util.py", line 347, in validate_result
    error_log("断言失败:"+assert_key+"不等于"+str(assert_value))
  File "E:\Project_python\api_cms\common\logger_util.py", line 66, in error_log
    raise Exception(log_message)
Exception: 断言失败:status_code不等于200

During handling of the above exception, another exception occurred:

Traceback (most recent call last):
  File "E:\Project_python\api_cms\common\requests_util.py", line 249, in analysis_yaml
    self.validate_result(yq_result, return_text, status_code)
  File "E:\Project_python\api_cms\common\requests_util.py", line 401, in validate_result
    error_log("断言异常：异常信息: %s" % str(traceback.format_exc()))
  File "E:\Project_python\api_cms\common\logger_util.py", line 66, in error_log
    raise Exception(log_message)
Exception: 断言异常：异常信息: Traceback (most recent call last):
  File "E:\Project_python\api_cms\common\requests_util.py", line 347, in validate_result
    error_log("断言失败:"+assert_key+"不等于"+str(assert_value))
  File "E:\Project_python\api_cms\common\logger_util.py", line 66, in error_log
    raise Exception(log_message)
Exception: 断言失败:status_code不等于200


[2023-08-22 16:19:35,860] logger_util.py->write_log line:61 [INFO] 
-------------接口请求开始-----------
[2023-08-22 16:19:35,860] logger_util.py->write_log line:61 [INFO] 接口名称：创建通道连接超时为空
[2023-08-22 16:19:35,860] logger_util.py->write_log line:61 [INFO] 接口方式：post
[2023-08-22 16:19:35,860] logger_util.py->write_log line:61 [INFO] 接口路径：http://127.0.0.1:18000/api/v1/variable/tunnel
[2023-08-22 16:19:35,861] logger_util.py->write_log line:61 [INFO] 请求头：{}
[2023-08-22 16:19:35,861] logger_util.py->write_log line:61 [INFO] 请求参数：{'parentId': None, 'type': 1, 'name': '通道5259', 'description': '', 'config': {'suppiler': 'ModBus', 'model': 'Modbus_TCP', 'protocol': 'Modbus_TCP', 'parameters': {'ServerName': '127.0.0.1', 'DeviceID': '1', 'Port': '502', 'HeadAddress': '1', 'ConnectTimeOut': '502', 'ResponseTimeout': '502', 'Int32ByteOrder': '2143', 'Int64ByteOrder': '2143', 'UInt32ByteOrder': '2143', 'UInt64ByteOrder': '2143', 'F32ByteOrder': '3412', 'F64ByteOrder': '2143', 'StrByteOrder': '2143', 'EnableIndependentLink': '禁用', 'EnablePduDiagnosis': '启用', 'PduLength': '502'}}, 'copyConfig': None}
[2023-08-22 16:19:35,861] logger_util.py->write_log line:61 [INFO] 文件上传：None
[2023-08-22 16:19:35,882] logger_util.py->write_log line:61 [INFO] 预期结果：[{'equals': {'status_code': 200}}]
[2023-08-22 16:19:35,882] logger_util.py->write_log line:61 [INFO] 实际结果：{'id': 54, 'parentId': None, 'sort': 31, 'name': '通道5259', 'description': '', 'type': 1, 'typeTag': 'TCP', 'config': {'suppiler': 'ModBus', 'model': 'Modbus_TCP', 'protocol': 'Modbus_TCP', 'parameters': {'ServerName': '127.0.0.1', 'DeviceID': '1', 'Port': '502', 'HeadAddress': '1', 'ConnectTimeOut': '502', 'ResponseTimeout': '502', 'Int32ByteOrder': '2143', 'Int64ByteOrder': '2143', 'UInt32ByteOrder': '2143', 'UInt64ByteOrder': '2143', 'F32ByteOrder': '3412', 'F64ByteOrder': '2143', 'StrByteOrder': '2143', 'EnableIndependentLink': '禁用', 'EnablePduDiagnosis': '启用', 'PduLength': '502'}}, 'enable': True, 'createTime': '2023-08-22T16:19:35.8758957+08:00', 'updateTime': '2023-08-22T16:19:35.8758964+08:00'}
[2023-08-22 16:19:35,882] logger_util.py->write_log line:61 [INFO] 接口请求成功！
[2023-08-22 16:19:35,882] logger_util.py->write_log line:61 [INFO] 
-------------接口请求结束-----------

[2023-08-22 16:19:35,887] logger_util.py->write_log line:61 [INFO] 
-------------接口请求开始-----------
[2023-08-22 16:19:35,887] logger_util.py->write_log line:61 [INFO] 接口名称：创建通道连接超时非法
[2023-08-22 16:19:35,887] logger_util.py->write_log line:61 [INFO] 接口方式：post
[2023-08-22 16:19:35,887] logger_util.py->write_log line:61 [INFO] 接口路径：http://127.0.0.1:18000/api/v1/variable/tunnel
[2023-08-22 16:19:35,888] logger_util.py->write_log line:61 [INFO] 请求头：{}
[2023-08-22 16:19:35,888] logger_util.py->write_log line:61 [INFO] 请求参数：{'parentId': None, 'type': 1, 'name': '通道7240', 'description': '', 'config': {'suppiler': 'ModBus', 'model': 'Modbus_TCP', 'protocol': 'Modbus_TCP', 'parameters': {'ServerName': '127.0.0.1', 'DeviceID': '1', 'Port': '502', 'HeadAddress': '1', 'ConnectTimeOut': '502', 'ResponseTimeout': '502', 'Int32ByteOrder': '2143', 'Int64ByteOrder': '2143', 'UInt32ByteOrder': '2143', 'UInt64ByteOrder': '2143', 'F32ByteOrder': '3412', 'F64ByteOrder': '2143', 'StrByteOrder': '2143', 'EnableIndependentLink': '禁用', 'EnablePduDiagnosis': '启用', 'PduLength': '502'}}, 'copyConfig': None}
[2023-08-22 16:19:35,888] logger_util.py->write_log line:61 [INFO] 文件上传：None
[2023-08-22 16:19:35,908] logger_util.py->write_log line:61 [INFO] 预期结果：[{'equals': {'status_code': 200}}]
[2023-08-22 16:19:35,909] logger_util.py->write_log line:61 [INFO] 实际结果：{'id': 55, 'parentId': None, 'sort': 32, 'name': '通道7240', 'description': '', 'type': 1, 'typeTag': 'TCP', 'config': {'suppiler': 'ModBus', 'model': 'Modbus_TCP', 'protocol': 'Modbus_TCP', 'parameters': {'ServerName': '127.0.0.1', 'DeviceID': '1', 'Port': '502', 'HeadAddress': '1', 'ConnectTimeOut': '502', 'ResponseTimeout': '502', 'Int32ByteOrder': '2143', 'Int64ByteOrder': '2143', 'UInt32ByteOrder': '2143', 'UInt64ByteOrder': '2143', 'F32ByteOrder': '3412', 'F64ByteOrder': '2143', 'StrByteOrder': '2143', 'EnableIndependentLink': '禁用', 'EnablePduDiagnosis': '启用', 'PduLength': '502'}}, 'enable': True, 'createTime': '2023-08-22T16:19:35.9027915+08:00', 'updateTime': '2023-08-22T16:19:35.9027929+08:00'}
[2023-08-22 16:19:35,909] logger_util.py->write_log line:61 [INFO] 接口请求成功！
[2023-08-22 16:19:35,909] logger_util.py->write_log line:61 [INFO] 
-------------接口请求结束-----------

[2023-08-22 16:19:35,913] logger_util.py->write_log line:61 [INFO] 
-------------接口请求开始-----------
[2023-08-22 16:19:35,913] logger_util.py->write_log line:61 [INFO] 接口名称：创建通道响应超时为空
[2023-08-22 16:19:35,913] logger_util.py->write_log line:61 [INFO] 接口方式：post
[2023-08-22 16:19:35,914] logger_util.py->write_log line:61 [INFO] 接口路径：http://127.0.0.1:18000/api/v1/variable/tunnel
[2023-08-22 16:19:35,914] logger_util.py->write_log line:61 [INFO] 请求头：{}
[2023-08-22 16:19:35,914] logger_util.py->write_log line:61 [INFO] 请求参数：{'parentId': None, 'type': 1, 'name': '通道5885', 'description': '', 'config': {'suppiler': 'ModBus', 'model': 'Modbus_TCP', 'protocol': 'Modbus_TCP', 'parameters': {'ServerName': '127.0.0.1', 'DeviceID': '1', 'Port': '502', 'HeadAddress': '1', 'ConnectTimeOut': '502', 'ResponseTimeout': '502', 'Int32ByteOrder': '2143', 'Int64ByteOrder': '2143', 'UInt32ByteOrder': '2143', 'UInt64ByteOrder': '2143', 'F32ByteOrder': '3412', 'F64ByteOrder': '2143', 'StrByteOrder': '2143', 'EnableIndependentLink': '禁用', 'EnablePduDiagnosis': '启用', 'PduLength': '502'}}, 'copyConfig': None}
[2023-08-22 16:19:35,914] logger_util.py->write_log line:61 [INFO] 文件上传：None
[2023-08-22 16:19:35,934] logger_util.py->write_log line:61 [INFO] 预期结果：[{'equals': {'status_code': 200}}]
[2023-08-22 16:19:35,935] logger_util.py->write_log line:61 [INFO] 实际结果：{'id': 56, 'parentId': None, 'sort': 33, 'name': '通道5885', 'description': '', 'type': 1, 'typeTag': 'TCP', 'config': {'suppiler': 'ModBus', 'model': 'Modbus_TCP', 'protocol': 'Modbus_TCP', 'parameters': {'ServerName': '127.0.0.1', 'DeviceID': '1', 'Port': '502', 'HeadAddress': '1', 'ConnectTimeOut': '502', 'ResponseTimeout': '502', 'Int32ByteOrder': '2143', 'Int64ByteOrder': '2143', 'UInt32ByteOrder': '2143', 'UInt64ByteOrder': '2143', 'F32ByteOrder': '3412', 'F64ByteOrder': '2143', 'StrByteOrder': '2143', 'EnableIndependentLink': '禁用', 'EnablePduDiagnosis': '启用', 'PduLength': '502'}}, 'enable': True, 'createTime': '2023-08-22T16:19:35.9285361+08:00', 'updateTime': '2023-08-22T16:19:35.9285368+08:00'}
[2023-08-22 16:19:35,935] logger_util.py->write_log line:61 [INFO] 接口请求成功！
[2023-08-22 16:19:35,935] logger_util.py->write_log line:61 [INFO] 
-------------接口请求结束-----------

[2023-08-22 16:19:35,940] logger_util.py->write_log line:61 [INFO] 
-------------接口请求开始-----------
[2023-08-22 16:19:35,940] logger_util.py->write_log line:61 [INFO] 接口名称：创建通道响应超时非法
[2023-08-22 16:19:35,940] logger_util.py->write_log line:61 [INFO] 接口方式：post
[2023-08-22 16:19:35,940] logger_util.py->write_log line:61 [INFO] 接口路径：http://127.0.0.1:18000/api/v1/variable/tunnel
[2023-08-22 16:19:35,940] logger_util.py->write_log line:61 [INFO] 请求头：{}
[2023-08-22 16:19:35,940] logger_util.py->write_log line:61 [INFO] 请求参数：{'parentId': None, 'type': 1, 'name': '通道1329', 'description': '', 'config': {'suppiler': 'ModBus', 'model': 'Modbus_TCP', 'protocol': 'Modbus_TCP', 'parameters': {'ServerName': '127.0.0.1', 'DeviceID': '1', 'Port': '502', 'HeadAddress': '1', 'ConnectTimeOut': '502', 'ResponseTimeout': '502', 'Int32ByteOrder': '2143', 'Int64ByteOrder': '2143', 'UInt32ByteOrder': '2143', 'UInt64ByteOrder': '2143', 'F32ByteOrder': '3412', 'F64ByteOrder': '2143', 'StrByteOrder': '2143', 'EnableIndependentLink': '禁用', 'EnablePduDiagnosis': '启用', 'PduLength': '502'}}, 'copyConfig': None}
[2023-08-22 16:19:35,940] logger_util.py->write_log line:61 [INFO] 文件上传：None
[2023-08-22 16:19:35,960] logger_util.py->write_log line:61 [INFO] 预期结果：[{'equals': {'status_code': 200}}]
[2023-08-22 16:19:35,960] logger_util.py->write_log line:61 [INFO] 实际结果：{'id': 57, 'parentId': None, 'sort': 34, 'name': '通道1329', 'description': '', 'type': 1, 'typeTag': 'TCP', 'config': {'suppiler': 'ModBus', 'model': 'Modbus_TCP', 'protocol': 'Modbus_TCP', 'parameters': {'ServerName': '127.0.0.1', 'DeviceID': '1', 'Port': '502', 'HeadAddress': '1', 'ConnectTimeOut': '502', 'ResponseTimeout': '502', 'Int32ByteOrder': '2143', 'Int64ByteOrder': '2143', 'UInt32ByteOrder': '2143', 'UInt64ByteOrder': '2143', 'F32ByteOrder': '3412', 'F64ByteOrder': '2143', 'StrByteOrder': '2143', 'EnableIndependentLink': '禁用', 'EnablePduDiagnosis': '启用', 'PduLength': '502'}}, 'enable': True, 'createTime': '2023-08-22T16:19:35.9542731+08:00', 'updateTime': '2023-08-22T16:19:35.9542735+08:00'}
[2023-08-22 16:19:35,960] logger_util.py->write_log line:61 [INFO] 接口请求成功！
[2023-08-22 16:19:35,960] logger_util.py->write_log line:61 [INFO] 
-------------接口请求结束-----------

[2023-08-22 16:19:35,965] logger_util.py->write_log line:61 [INFO] 
-------------接口请求开始-----------
[2023-08-22 16:19:35,965] logger_util.py->write_log line:61 [INFO] 接口名称：创建通道PDU长度为空
[2023-08-22 16:19:35,965] logger_util.py->write_log line:61 [INFO] 接口方式：post
[2023-08-22 16:19:35,965] logger_util.py->write_log line:61 [INFO] 接口路径：http://127.0.0.1:18000/api/v1/variable/tunnel
[2023-08-22 16:19:35,965] logger_util.py->write_log line:61 [INFO] 请求头：{}
[2023-08-22 16:19:35,965] logger_util.py->write_log line:61 [INFO] 请求参数：{'parentId': None, 'type': 1, 'name': '通道1537', 'description': '', 'config': {'suppiler': 'ModBus', 'model': 'Modbus_TCP', 'protocol': 'Modbus_TCP', 'parameters': {'ServerName': '127.0.0.1', 'DeviceID': '1', 'Port': '502', 'HeadAddress': '1', 'ConnectTimeOut': '502', 'ResponseTimeout': '502', 'Int32ByteOrder': '2143', 'Int64ByteOrder': '2143', 'UInt32ByteOrder': '2143', 'UInt64ByteOrder': '2143', 'F32ByteOrder': '3412', 'F64ByteOrder': '2143', 'StrByteOrder': '2143', 'EnableIndependentLink': '禁用', 'EnablePduDiagnosis': '启用', 'PduLength': '502'}}, 'copyConfig': None}
[2023-08-22 16:19:35,965] logger_util.py->write_log line:61 [INFO] 文件上传：None
[2023-08-22 16:19:35,985] logger_util.py->write_log line:61 [INFO] 预期结果：[{'equals': {'status_code': 200}}]
[2023-08-22 16:19:35,985] logger_util.py->write_log line:61 [INFO] 实际结果：{'id': 58, 'parentId': None, 'sort': 35, 'name': '通道1537', 'description': '', 'type': 1, 'typeTag': 'TCP', 'config': {'suppiler': 'ModBus', 'model': 'Modbus_TCP', 'protocol': 'Modbus_TCP', 'parameters': {'ServerName': '127.0.0.1', 'DeviceID': '1', 'Port': '502', 'HeadAddress': '1', 'ConnectTimeOut': '502', 'ResponseTimeout': '502', 'Int32ByteOrder': '2143', 'Int64ByteOrder': '2143', 'UInt32ByteOrder': '2143', 'UInt64ByteOrder': '2143', 'F32ByteOrder': '3412', 'F64ByteOrder': '2143', 'StrByteOrder': '2143', 'EnableIndependentLink': '禁用', 'EnablePduDiagnosis': '启用', 'PduLength': '502'}}, 'enable': True, 'createTime': '2023-08-22T16:19:35.9785439+08:00', 'updateTime': '2023-08-22T16:19:35.9785443+08:00'}
[2023-08-22 16:19:35,985] logger_util.py->write_log line:61 [INFO] 接口请求成功！
[2023-08-22 16:19:35,985] logger_util.py->write_log line:61 [INFO] 
-------------接口请求结束-----------

[2023-08-22 16:19:35,990] logger_util.py->write_log line:61 [INFO] 
-------------接口请求开始-----------
[2023-08-22 16:19:35,990] logger_util.py->write_log line:61 [INFO] 接口名称：创建通道PDU长度非法
[2023-08-22 16:19:35,990] logger_util.py->write_log line:61 [INFO] 接口方式：post
[2023-08-22 16:19:35,990] logger_util.py->write_log line:61 [INFO] 接口路径：http://127.0.0.1:18000/api/v1/variable/tunnel
[2023-08-22 16:19:35,990] logger_util.py->write_log line:61 [INFO] 请求头：{}
[2023-08-22 16:19:35,990] logger_util.py->write_log line:61 [INFO] 请求参数：{'parentId': None, 'type': 1, 'name': '通道7830', 'description': '', 'config': {'suppiler': 'ModBus', 'model': 'Modbus_TCP', 'protocol': 'Modbus_TCP', 'parameters': {'ServerName': '127.0.0.1', 'DeviceID': '1', 'Port': '502', 'HeadAddress': '1', 'ConnectTimeOut': '502', 'ResponseTimeout': '502', 'Int32ByteOrder': '2143', 'Int64ByteOrder': '2143', 'UInt32ByteOrder': '2143', 'UInt64ByteOrder': '2143', 'F32ByteOrder': '3412', 'F64ByteOrder': '2143', 'StrByteOrder': '2143', 'EnableIndependentLink': '禁用', 'EnablePduDiagnosis': '启用', 'PduLength': '502'}}, 'copyConfig': None}
[2023-08-22 16:19:35,990] logger_util.py->write_log line:61 [INFO] 文件上传：None
[2023-08-22 16:19:36,010] logger_util.py->write_log line:61 [INFO] 预期结果：[{'equals': {'status_code': 200}}]
[2023-08-22 16:19:36,010] logger_util.py->write_log line:61 [INFO] 实际结果：{'id': 59, 'parentId': None, 'sort': 36, 'name': '通道7830', 'description': '', 'type': 1, 'typeTag': 'TCP', 'config': {'suppiler': 'ModBus', 'model': 'Modbus_TCP', 'protocol': 'Modbus_TCP', 'parameters': {'ServerName': '127.0.0.1', 'DeviceID': '1', 'Port': '502', 'HeadAddress': '1', 'ConnectTimeOut': '502', 'ResponseTimeout': '502', 'Int32ByteOrder': '2143', 'Int64ByteOrder': '2143', 'UInt32ByteOrder': '2143', 'UInt64ByteOrder': '2143', 'F32ByteOrder': '3412', 'F64ByteOrder': '2143', 'StrByteOrder': '2143', 'EnableIndependentLink': '禁用', 'EnablePduDiagnosis': '启用', 'PduLength': '502'}}, 'enable': True, 'createTime': '2023-08-22T16:19:36.0034531+08:00', 'updateTime': '2023-08-22T16:19:36.0034539+08:00'}
[2023-08-22 16:19:36,010] logger_util.py->write_log line:61 [INFO] 接口请求成功！
[2023-08-22 16:19:36,010] logger_util.py->write_log line:61 [INFO] 
-------------接口请求结束-----------

