[2022-09-19 16:17:11,629] logger_util.py->write_log line:61 [INFO] -------------接口请求开始-----------
[2022-09-19 16:17:11,629] logger_util.py->write_log line:61 [INFO] 接口名称：重命名图库默认组
[2022-09-19 16:17:11,629] logger_util.py->write_log line:61 [INFO] 接口方式：post
[2022-09-19 16:17:11,629] logger_util.py->write_log line:61 [INFO] 接口路径：http://127.0.0.1:18000/api/v1/view/image
[2022-09-19 16:17:11,629] logger_util.py->write_log line:61 [INFO] 请求头：{'Content-Type': 'application/json;charset=UTF-8'}
[2022-09-19 16:17:11,629] logger_util.py->write_log line:61 [INFO] 请求参数：图库184
[2022-09-19 16:17:11,629] logger_util.py->write_log line:61 [INFO] 文件上传：None
[2022-09-19 16:17:11,774] logger_util.py->write_log line:61 [INFO] 预期结果：[{'equals': {'status_code': 200}}]
[2022-09-19 16:17:11,774] logger_util.py->write_log line:61 [INFO] 实际结果：01977f9e8e4544bca042452706434a4c
[2022-09-19 16:17:11,774] logger_util.py->write_log line:61 [INFO] 接口请求成功！
[2022-09-19 16:17:11,774] logger_util.py->write_log line:61 [INFO] -------------接口请求结束-----------

[2022-09-19 16:17:11,774] logger_util.py->write_log line:61 [INFO] -------------接口请求开始-----------
[2022-09-19 16:17:11,774] logger_util.py->write_log line:61 [INFO] 接口名称：上传图片
[2022-09-19 16:17:11,774] logger_util.py->write_log line:61 [INFO] 接口方式：post
[2022-09-19 16:17:11,774] logger_util.py->write_log line:61 [INFO] 接口路径：http://127.0.0.1:18000/api/v1/view/image/00000000000000000000000000000000
[2022-09-19 16:17:11,774] logger_util.py->write_log line:61 [INFO] 请求头：{}
[2022-09-19 16:17:11,774] logger_util.py->write_log line:61 [INFO] 文件上传：None
[2022-09-19 16:17:11,946] logger_util.py->write_log line:61 [INFO] 预期结果：[{'equals': {'status_code': 200}}]
[2022-09-19 16:17:11,946] logger_util.py->write_log line:61 [INFO] 实际结果：['c27ca58148e2451e85ab2fd5833474fe.jpg']
[2022-09-19 16:17:11,946] logger_util.py->write_log line:61 [INFO] 接口请求成功！
[2022-09-19 16:17:11,946] logger_util.py->write_log line:61 [INFO] -------------接口请求结束-----------

