[2023-08-09 11:22:49,687] logger_util.py->write_log line:61 [INFO] -------------接口请求开始-----------
[2023-08-09 11:22:49,687] logger_util.py->write_log line:61 [INFO] 接口名称：获取鉴权码
[2023-08-09 11:22:49,688] logger_util.py->write_log line:61 [INFO] 接口方式：post
[2023-08-09 11:22:49,688] logger_util.py->write_log line:61 [INFO] 接口路径：http://127.0.0.1:18000/api/v1/auth/requesttoken
[2023-08-09 11:22:49,688] logger_util.py->write_log line:61 [INFO] 请求头：{}
[2023-08-09 11:22:49,688] logger_util.py->write_log line:61 [INFO] 请求参数：
[2023-08-09 11:22:49,689] logger_util.py->write_log line:61 [INFO] 文件上传：None
[2023-08-09 11:22:49,707] logger_util.py->write_log line:61 [INFO] 预期结果：[{'equals': {'status_code': 200}}]
[2023-08-09 11:22:49,707] logger_util.py->write_log line:61 [INFO] 实际结果：eyJhbGciOiJIUzI1NiIsInR5cCI6IkpXVCJ9.eyJodHRwOi8vc2NoZW1hcy54bWxzb2FwLm9yZy93cy8yMDA1LzA1L2lkZW50aXR5L2NsYWltcy9uYW1lIjoiU3VwZXJBZG1pbiIsImh0dHA6Ly9zY2hlbWFzLnhtbHNvYXAub3JnL3dzLzIwMDUvMDUvaWRlbnRpdHkvY2xhaW1zL25hbWVpZGVudGlmaWVyIjoiU3VwZXJBZG1pbiIsImV4cCI6MTY5MjE1NjE2OSwiaXNzIjoiQ01TdjIiLCJhdWQiOiJBcGkifQ.Ymza54fzNotDw9gP4woHLvcZGuB_L5zDVQaJ5G1fa2s
[2023-08-09 11:22:49,708] logger_util.py->write_log line:61 [INFO] 接口请求成功！
[2023-08-09 11:22:49,708] logger_util.py->write_log line:61 [INFO] -------------接口请求结束-----------

[2023-08-09 11:22:49,719] logger_util.py->write_log line:61 [INFO] -------------接口请求开始-----------
[2023-08-09 11:22:49,719] logger_util.py->write_log line:61 [INFO] 接口名称：有符号8位整型_变量下发
[2023-08-09 11:22:49,719] logger_util.py->write_log line:61 [INFO] 接口方式：post
[2023-08-09 11:22:49,719] logger_util.py->write_log line:61 [INFO] 接口路径：http://127.0.0.1:18000/api/v1/variable/setvalues
[2023-08-09 11:22:49,720] logger_util.py->write_log line:61 [INFO] 请求头：{'X-Project': 'e786e771376446668698f5250ecb11ed', 'Authorization': 'Bearer eyJhbGciOiJIUzI1NiIsInR5cCI6IkpXVCJ9.eyJodHRwOi8vc2NoZW1hcy54bWxzb2FwLm9yZy93cy8yMDA1LzA1L2lkZW50aXR5L2NsYWltcy9uYW1lIjoiU3VwZXJBZG1pbiIsImh0dHA6Ly9zY2hlbWFzLnhtbHNvYXAub3JnL3dzLzIwMDUvMDUvaWRlbnRpdHkvY2xhaW1zL25hbWVpZGVudGlmaWVyIjoiU3VwZXJBZG1pbiIsImV4cCI6MTY5MjE1NjE2OSwiaXNzIjoiQ01TdjIiLCJhdWQiOiJBcGkifQ.Ymza54fzNotDw9gP4woHLvcZGuB_L5zDVQaJ5G1fa2s'}
[2023-08-09 11:22:49,720] logger_util.py->write_log line:61 [INFO] 请求参数：{'A1': '-11'}
[2023-08-09 11:22:49,720] logger_util.py->write_log line:61 [INFO] 文件上传：None
[2023-08-09 11:22:49,748] logger_util.py->write_log line:61 [INFO] 预期结果：[{'equals': {'status_code': 200}}]
[2023-08-09 11:22:49,748] logger_util.py->write_log line:61 [INFO] 实际结果：{'allSuccess': True, 'items': {'A1': {'value': -11, 'quality': 0, 'errorMsg': None}}}
[2023-08-09 11:22:49,749] logger_util.py->write_log line:61 [INFO] 接口请求成功！
[2023-08-09 11:22:49,749] logger_util.py->write_log line:61 [INFO] -------------接口请求结束-----------

[2023-08-09 11:22:49,755] logger_util.py->write_log line:61 [INFO] -------------接口请求开始-----------
[2023-08-09 11:22:49,755] logger_util.py->write_log line:61 [INFO] 接口名称：无符号8位整型_变量下发
[2023-08-09 11:22:49,755] logger_util.py->write_log line:61 [INFO] 接口方式：post
[2023-08-09 11:22:49,755] logger_util.py->write_log line:61 [INFO] 接口路径：http://127.0.0.1:18000/api/v1/variable/setvalues
[2023-08-09 11:22:49,755] logger_util.py->write_log line:61 [INFO] 请求头：{'X-Project': 'e786e771376446668698f5250ecb11ed', 'Authorization': 'Bearer eyJhbGciOiJIUzI1NiIsInR5cCI6IkpXVCJ9.eyJodHRwOi8vc2NoZW1hcy54bWxzb2FwLm9yZy93cy8yMDA1LzA1L2lkZW50aXR5L2NsYWltcy9uYW1lIjoiU3VwZXJBZG1pbiIsImh0dHA6Ly9zY2hlbWFzLnhtbHNvYXAub3JnL3dzLzIwMDUvMDUvaWRlbnRpdHkvY2xhaW1zL25hbWVpZGVudGlmaWVyIjoiU3VwZXJBZG1pbiIsImV4cCI6MTY5MjE1NjE2OSwiaXNzIjoiQ01TdjIiLCJhdWQiOiJBcGkifQ.Ymza54fzNotDw9gP4woHLvcZGuB_L5zDVQaJ5G1fa2s'}
[2023-08-09 11:22:49,755] logger_util.py->write_log line:61 [INFO] 请求参数：{'A2': '22'}
[2023-08-09 11:22:49,755] logger_util.py->write_log line:61 [INFO] 文件上传：None
[2023-08-09 11:22:49,767] logger_util.py->write_log line:61 [INFO] 预期结果：[{'equals': {'status_code': 200}}]
[2023-08-09 11:22:49,767] logger_util.py->write_log line:61 [INFO] 实际结果：{'allSuccess': True, 'items': {'A2': {'value': 22, 'quality': 0, 'errorMsg': None}}}
[2023-08-09 11:22:49,767] logger_util.py->write_log line:61 [INFO] 接口请求成功！
[2023-08-09 11:22:49,767] logger_util.py->write_log line:61 [INFO] -------------接口请求结束-----------

[2023-08-09 11:22:49,774] logger_util.py->write_log line:61 [INFO] -------------接口请求开始-----------
[2023-08-09 11:22:49,774] logger_util.py->write_log line:61 [INFO] 接口名称：有符号16位整型_变量下发
[2023-08-09 11:22:49,774] logger_util.py->write_log line:61 [INFO] 接口方式：post
[2023-08-09 11:22:49,774] logger_util.py->write_log line:61 [INFO] 接口路径：http://127.0.0.1:18000/api/v1/variable/setvalues
[2023-08-09 11:22:49,774] logger_util.py->write_log line:61 [INFO] 请求头：{'X-Project': 'e786e771376446668698f5250ecb11ed', 'Authorization': 'Bearer eyJhbGciOiJIUzI1NiIsInR5cCI6IkpXVCJ9.eyJodHRwOi8vc2NoZW1hcy54bWxzb2FwLm9yZy93cy8yMDA1LzA1L2lkZW50aXR5L2NsYWltcy9uYW1lIjoiU3VwZXJBZG1pbiIsImh0dHA6Ly9zY2hlbWFzLnhtbHNvYXAub3JnL3dzLzIwMDUvMDUvaWRlbnRpdHkvY2xhaW1zL25hbWVpZGVudGlmaWVyIjoiU3VwZXJBZG1pbiIsImV4cCI6MTY5MjE1NjE2OSwiaXNzIjoiQ01TdjIiLCJhdWQiOiJBcGkifQ.Ymza54fzNotDw9gP4woHLvcZGuB_L5zDVQaJ5G1fa2s'}
[2023-08-09 11:22:49,774] logger_util.py->write_log line:61 [INFO] 请求参数：{'A3': '33'}
[2023-08-09 11:22:49,774] logger_util.py->write_log line:61 [INFO] 文件上传：None
[2023-08-09 11:22:49,787] logger_util.py->write_log line:61 [INFO] 预期结果：[{'equals': {'status_code': 200}}]
[2023-08-09 11:22:49,787] logger_util.py->write_log line:61 [INFO] 实际结果：{'allSuccess': True, 'items': {'A3': {'value': 33, 'quality': 0, 'errorMsg': None}}}
[2023-08-09 11:22:49,787] logger_util.py->write_log line:61 [INFO] 接口请求成功！
[2023-08-09 11:22:49,787] logger_util.py->write_log line:61 [INFO] -------------接口请求结束-----------

[2023-08-09 11:22:49,794] logger_util.py->write_log line:61 [INFO] -------------接口请求开始-----------
[2023-08-09 11:22:49,794] logger_util.py->write_log line:61 [INFO] 接口名称：无符号16位整型_变量下发
[2023-08-09 11:22:49,794] logger_util.py->write_log line:61 [INFO] 接口方式：post
[2023-08-09 11:22:49,794] logger_util.py->write_log line:61 [INFO] 接口路径：http://127.0.0.1:18000/api/v1/variable/setvalues
[2023-08-09 11:22:49,794] logger_util.py->write_log line:61 [INFO] 请求头：{'X-Project': 'e786e771376446668698f5250ecb11ed', 'Authorization': 'Bearer eyJhbGciOiJIUzI1NiIsInR5cCI6IkpXVCJ9.eyJodHRwOi8vc2NoZW1hcy54bWxzb2FwLm9yZy93cy8yMDA1LzA1L2lkZW50aXR5L2NsYWltcy9uYW1lIjoiU3VwZXJBZG1pbiIsImh0dHA6Ly9zY2hlbWFzLnhtbHNvYXAub3JnL3dzLzIwMDUvMDUvaWRlbnRpdHkvY2xhaW1zL25hbWVpZGVudGlmaWVyIjoiU3VwZXJBZG1pbiIsImV4cCI6MTY5MjE1NjE2OSwiaXNzIjoiQ01TdjIiLCJhdWQiOiJBcGkifQ.Ymza54fzNotDw9gP4woHLvcZGuB_L5zDVQaJ5G1fa2s'}
[2023-08-09 11:22:49,794] logger_util.py->write_log line:61 [INFO] 请求参数：{'A4': '44'}
[2023-08-09 11:22:49,794] logger_util.py->write_log line:61 [INFO] 文件上传：None
[2023-08-09 11:22:49,804] logger_util.py->write_log line:61 [INFO] 预期结果：[{'equals': {'status_code': 200}}]
[2023-08-09 11:22:49,804] logger_util.py->write_log line:61 [INFO] 实际结果：{'allSuccess': True, 'items': {'A4': {'value': 44, 'quality': 0, 'errorMsg': None}}}
[2023-08-09 11:22:49,804] logger_util.py->write_log line:61 [INFO] 接口请求成功！
[2023-08-09 11:22:49,804] logger_util.py->write_log line:61 [INFO] -------------接口请求结束-----------

[2023-08-09 11:22:49,812] logger_util.py->write_log line:61 [INFO] -------------接口请求开始-----------
[2023-08-09 11:22:49,812] logger_util.py->write_log line:61 [INFO] 接口名称：32位浮点数_变量下发
[2023-08-09 11:22:49,812] logger_util.py->write_log line:61 [INFO] 接口方式：post
[2023-08-09 11:22:49,812] logger_util.py->write_log line:61 [INFO] 接口路径：http://127.0.0.1:18000/api/v1/variable/setvalues
[2023-08-09 11:22:49,812] logger_util.py->write_log line:61 [INFO] 请求头：{'X-Project': 'e786e771376446668698f5250ecb11ed', 'Authorization': 'Bearer eyJhbGciOiJIUzI1NiIsInR5cCI6IkpXVCJ9.eyJodHRwOi8vc2NoZW1hcy54bWxzb2FwLm9yZy93cy8yMDA1LzA1L2lkZW50aXR5L2NsYWltcy9uYW1lIjoiU3VwZXJBZG1pbiIsImh0dHA6Ly9zY2hlbWFzLnhtbHNvYXAub3JnL3dzLzIwMDUvMDUvaWRlbnRpdHkvY2xhaW1zL25hbWVpZGVudGlmaWVyIjoiU3VwZXJBZG1pbiIsImV4cCI6MTY5MjE1NjE2OSwiaXNzIjoiQ01TdjIiLCJhdWQiOiJBcGkifQ.Ymza54fzNotDw9gP4woHLvcZGuB_L5zDVQaJ5G1fa2s'}
[2023-08-09 11:22:49,812] logger_util.py->write_log line:61 [INFO] 请求参数：{'A5': '55.456'}
[2023-08-09 11:22:49,813] logger_util.py->write_log line:61 [INFO] 文件上传：None
[2023-08-09 11:22:49,825] logger_util.py->write_log line:61 [INFO] 预期结果：[{'equals': {'status_code': 200}}]
[2023-08-09 11:22:49,825] logger_util.py->write_log line:61 [INFO] 实际结果：{'allSuccess': True, 'items': {'A5': {'value': 55.456, 'quality': 0, 'errorMsg': None}}}
[2023-08-09 11:22:49,825] logger_util.py->write_log line:61 [INFO] 接口请求成功！
[2023-08-09 11:22:49,825] logger_util.py->write_log line:61 [INFO] -------------接口请求结束-----------

[2023-08-09 11:22:49,832] logger_util.py->write_log line:61 [INFO] -------------接口请求开始-----------
[2023-08-09 11:22:49,832] logger_util.py->write_log line:61 [INFO] 接口名称：二进制_变量下发
[2023-08-09 11:22:49,832] logger_util.py->write_log line:61 [INFO] 接口方式：post
[2023-08-09 11:22:49,832] logger_util.py->write_log line:61 [INFO] 接口路径：http://127.0.0.1:18000/api/v1/variable/setvalues
[2023-08-09 11:22:49,832] logger_util.py->write_log line:61 [INFO] 请求头：{'X-Project': 'e786e771376446668698f5250ecb11ed', 'Authorization': 'Bearer eyJhbGciOiJIUzI1NiIsInR5cCI6IkpXVCJ9.eyJodHRwOi8vc2NoZW1hcy54bWxzb2FwLm9yZy93cy8yMDA1LzA1L2lkZW50aXR5L2NsYWltcy9uYW1lIjoiU3VwZXJBZG1pbiIsImh0dHA6Ly9zY2hlbWFzLnhtbHNvYXAub3JnL3dzLzIwMDUvMDUvaWRlbnRpdHkvY2xhaW1zL25hbWVpZGVudGlmaWVyIjoiU3VwZXJBZG1pbiIsImV4cCI6MTY5MjE1NjE2OSwiaXNzIjoiQ01TdjIiLCJhdWQiOiJBcGkifQ.Ymza54fzNotDw9gP4woHLvcZGuB_L5zDVQaJ5G1fa2s'}
[2023-08-09 11:22:49,832] logger_util.py->write_log line:61 [INFO] 请求参数：{'A6': '1'}
[2023-08-09 11:22:49,832] logger_util.py->write_log line:61 [INFO] 文件上传：None
[2023-08-09 11:22:49,845] logger_util.py->write_log line:61 [INFO] 预期结果：[{'equals': {'status_code': 200}}]
[2023-08-09 11:22:49,845] logger_util.py->write_log line:61 [INFO] 实际结果：{'allSuccess': True, 'items': {'A6': {'value': True, 'quality': 0, 'errorMsg': None}}}
[2023-08-09 11:22:49,846] logger_util.py->write_log line:61 [INFO] 接口请求成功！
[2023-08-09 11:22:49,846] logger_util.py->write_log line:61 [INFO] -------------接口请求结束-----------

[2023-08-09 11:22:49,853] logger_util.py->write_log line:61 [INFO] -------------接口请求开始-----------
[2023-08-09 11:22:49,853] logger_util.py->write_log line:61 [INFO] 接口名称：字符串_变量下发
[2023-08-09 11:22:49,853] logger_util.py->write_log line:61 [INFO] 接口方式：post
[2023-08-09 11:22:49,853] logger_util.py->write_log line:61 [INFO] 接口路径：http://127.0.0.1:18000/api/v1/variable/setvalues
[2023-08-09 11:22:49,853] logger_util.py->write_log line:61 [INFO] 请求头：{'X-Project': 'e786e771376446668698f5250ecb11ed', 'Authorization': 'Bearer eyJhbGciOiJIUzI1NiIsInR5cCI6IkpXVCJ9.eyJodHRwOi8vc2NoZW1hcy54bWxzb2FwLm9yZy93cy8yMDA1LzA1L2lkZW50aXR5L2NsYWltcy9uYW1lIjoiU3VwZXJBZG1pbiIsImh0dHA6Ly9zY2hlbWFzLnhtbHNvYXAub3JnL3dzLzIwMDUvMDUvaWRlbnRpdHkvY2xhaW1zL25hbWVpZGVudGlmaWVyIjoiU3VwZXJBZG1pbiIsImV4cCI6MTY5MjE1NjE2OSwiaXNzIjoiQ01TdjIiLCJhdWQiOiJBcGkifQ.Ymza54fzNotDw9gP4woHLvcZGuB_L5zDVQaJ5G1fa2s'}
[2023-08-09 11:22:49,853] logger_util.py->write_log line:61 [INFO] 请求参数：{'A7': '文本1'}
[2023-08-09 11:22:49,853] logger_util.py->write_log line:61 [INFO] 文件上传：None
[2023-08-09 11:22:49,863] logger_util.py->write_log line:61 [INFO] 预期结果：[{'equals': {'status_code': 200}}]
[2023-08-09 11:22:49,863] logger_util.py->write_log line:61 [INFO] 实际结果：{'allSuccess': True, 'items': {'A7': {'value': '文本1', 'quality': 0, 'errorMsg': None}}}
[2023-08-09 11:22:49,863] logger_util.py->write_log line:61 [INFO] 接口请求成功！
[2023-08-09 11:22:49,863] logger_util.py->write_log line:61 [INFO] -------------接口请求结束-----------

