[2023-05-25 14:18:10,595] logger_util.py->write_log line:61 [INFO] -------------接口请求开始-----------
[2023-05-25 14:18:10,595] logger_util.py->write_log line:61 [INFO] 接口名称：创建归档表
[2023-05-25 14:18:10,595] logger_util.py->write_log line:61 [INFO] 接口方式：post
[2023-05-25 14:18:10,595] logger_util.py->write_log line:61 [INFO] 接口路径：http://192.168.4.12:18000/api/v1/dataconfig/filingtable
[2023-05-25 14:18:10,595] logger_util.py->write_log line:61 [INFO] 请求头：{'Content-Type': 'application/json;charset=UTF-8', 'X-Project': 'b32d81056e124620b809e92f49cdf3d4'}
[2023-05-25 14:18:10,596] logger_util.py->write_log line:61 [INFO] 请求参数：{'folderId': '00000000-0000-0000-0000-000000000000', 'name': '归档表5', 'sort': 2}
[2023-05-25 14:18:10,596] logger_util.py->write_log line:61 [INFO] 文件上传：None
[2023-05-25 14:18:10,796] logger_util.py->write_log line:61 [INFO] 预期结果：[{'equals': {'status_code': 200}}, {'equals': {'sort': 2}}, {'contains': 'id'}]
[2023-05-25 14:18:10,796] logger_util.py->write_log line:61 [INFO] 实际结果：{'id': '6021787c-abd6-4deb-8ddf-baff32d33b9d', 'folderId': '00000000-0000-0000-0000-000000000000', 'name': '归档表5', 'sort': 2, 'createDateTime': '2023-05-25T14:18:10.7553486+08:00', 'operationTypes': [1, 2, 3, 4], 'functionTypes': [1, 2, 3, 4], 'extendedHeaders': ['记录时间'], 'cacheConfig_EnableCache': False, 'cacheConfig_QuantityLimit': 0, 'cacheConfig_TimeSpanLimit': 0, 'cacheConfig_TimeSpanLimitUnit': 0, 'cacheConfig_ClearCache': '', 'storageConfig_ScheduledClear': False, 'storageConfig_ClearTriggerTime': None, 'storageConfig_ClearFrequency': 0, 'storageConfig_ClearFrequencyUnit': 0, 'storageConfig_ClearRetain': 0, 'storageConfig_ClearRetainUnit': 0, 'storageConfig_ScheduledBackup': False, 'storageConfig_BackupTriggerTime': None, 'storageConfig_BackupFrequency': 0, 'storageConfig_BackupFrequencyUnit': 0, 'storageConfig_BackupPath': ''}
[2023-05-25 14:18:10,797] logger_util.py->write_log line:61 [INFO] 接口请求成功！
[2023-05-25 14:18:10,797] logger_util.py->write_log line:61 [INFO] -------------接口请求结束-----------

[2023-05-25 14:18:10,826] logger_util.py->write_log line:61 [INFO] -------------接口请求开始-----------
[2023-05-25 14:18:10,826] logger_util.py->write_log line:61 [INFO] 接口名称：设置归档表字段配置
[2023-05-25 14:18:10,826] logger_util.py->write_log line:61 [INFO] 接口方式：put
[2023-05-25 14:18:10,826] logger_util.py->write_log line:61 [INFO] 接口路径：http://192.168.4.12:18000/api/v1/dataconfig/filingtable/6021787c-abd6-4deb-8ddf-baff32d33b9d/fields
[2023-05-25 14:18:10,827] logger_util.py->write_log line:61 [INFO] 请求头：{'Content-Type': 'application/json; =UTF-8', 'X-Project': 'b32d81056e124620b809e92f49cdf3d4'}
[2023-05-25 14:18:10,827] logger_util.py->write_log line:61 [INFO] 请求参数：[{'fieldName': 'A1', 'fieldType': 1, 'associatedVariable': 'A1', 'formula': ' ', 'id': 'FTF086088ab1505490f8ed852c5e4e273cd'}, {'fieldName': 'B1', 'fieldType': 1, 'associatedVariable': 'B1', 'formula': ' ', 'id': 'FTF7282c9f1992840e08bb49350154c2820'}, {'fieldName': 'G1', 'fieldType': 1, 'associatedVariable': 'G1', 'formula': ' ', 'id': 'FTF3be4a9790f994d468b5ed055296f8848'}, {'fieldName': 'H1', 'fieldType': 2, 'associatedVariable': 'H1', 'formula': ' ', 'id': 'FTFa09b784d7b7d46cabeba669a99e545e8'}, {'fieldName': '系统时间', 'fieldType': 3, 'associatedVariable': 'DateTime', 'formula': ' ', 'id': 'FTF74b96b6994e246d49490e276e65746fd'}, {'fieldName': '函数时间', 'fieldType': 3, 'associatedVariable': ' ', 'formula': 'NOW(  )', 'id': 'FTFe605870885b64920a59ced0aa5a78442'}]
[2023-05-25 14:18:10,827] logger_util.py->write_log line:61 [INFO] 文件上传：None
[2023-05-25 14:18:12,672] logger_util.py->write_log line:61 [INFO] 预期结果：[{'equals': {'status_code': 200}}]
[2023-05-25 14:18:12,673] logger_util.py->write_log line:61 [INFO] 实际结果：
[2023-05-25 14:18:12,673] logger_util.py->write_log line:61 [INFO] 接口请求成功！
[2023-05-25 14:18:12,673] logger_util.py->write_log line:61 [INFO] -------------接口请求结束-----------

[2023-05-25 14:18:12,679] logger_util.py->write_log line:61 [INFO] -------------接口请求开始-----------
[2023-05-25 14:18:12,680] logger_util.py->write_log line:61 [INFO] 接口名称：获取归档表字段配置
[2023-05-25 14:18:12,680] logger_util.py->write_log line:61 [INFO] 接口方式：get
[2023-05-25 14:18:12,680] logger_util.py->write_log line:61 [INFO] 接口路径：http://192.168.4.12:18000/api/v1/dataconfig/filingtable/6021787c-abd6-4deb-8ddf-baff32d33b9d/fields
[2023-05-25 14:18:12,680] logger_util.py->write_log line:61 [INFO] 请求头：{'Content-Type': 'application/json; =UTF-8', 'X-Project': 'b32d81056e124620b809e92f49cdf3d4'}
[2023-05-25 14:18:12,680] logger_util.py->write_log line:61 [INFO] 文件上传：None
[2023-05-25 14:18:12,689] logger_util.py->write_log line:61 [INFO] 预期结果：[{'equals': {'status_code': 200}}]
[2023-05-25 14:18:12,690] logger_util.py->write_log line:61 [INFO] 实际结果：[{'id': 'FTFe950601389fe4bfcb1715cc7eed95461', 'filingTableId': '6021787c-abd6-4deb-8ddf-baff32d33b9d', 'fieldName': 'A1', 'fieldType': 1, 'associatedVariable': 'A1', 'formula': ' ', 'sort': 1}, {'id': 'FTF507f9c8fd552423694272693fa7b7ffd', 'filingTableId': '6021787c-abd6-4deb-8ddf-baff32d33b9d', 'fieldName': 'B1', 'fieldType': 1, 'associatedVariable': 'B1', 'formula': ' ', 'sort': 2}, {'id': 'FTF3bb2d69114d94fc9a7e8898d29141ee0', 'filingTableId': '6021787c-abd6-4deb-8ddf-baff32d33b9d', 'fieldName': 'G1', 'fieldType': 1, 'associatedVariable': 'G1', 'formula': ' ', 'sort': 3}, {'id': 'FTF8cc6b49c581b4581995476a9f3a7cc5e', 'filingTableId': '6021787c-abd6-4deb-8ddf-baff32d33b9d', 'fieldName': 'H1', 'fieldType': 2, 'associatedVariable': 'H1', 'formula': ' ', 'sort': 4}, {'id': 'FTF57ffb48886a0463ea6b63722990b675f', 'filingTableId': '6021787c-abd6-4deb-8ddf-baff32d33b9d', 'fieldName': '系统时间', 'fieldType': 3, 'associatedVariable': 'DateTime', 'formula': ' ', 'sort': 5}, {'id': 'FTFa9ccba7ef51146deb678698aa1b3ad53', 'filingTableId': '6021787c-abd6-4deb-8ddf-baff32d33b9d', 'fieldName': '函数时间', 'fieldType': 3, 'associatedVariable': ' ', 'formula': 'NOW(  )', 'sort': 6}]
[2023-05-25 14:18:12,690] logger_util.py->write_log line:61 [INFO] 接口请求成功！
[2023-05-25 14:18:12,690] logger_util.py->write_log line:61 [INFO] -------------接口请求结束-----------

[2023-05-25 14:18:12,697] logger_util.py->write_log line:61 [INFO] -------------接口请求开始-----------
[2023-05-25 14:18:12,697] logger_util.py->write_log line:61 [INFO] 接口名称：设置归档表触发配置
[2023-05-25 14:18:12,697] logger_util.py->write_log line:61 [INFO] 接口方式：put
[2023-05-25 14:18:12,697] logger_util.py->write_log line:61 [INFO] 接口路径：http://192.168.4.12:18000/api/v1/dataconfig/filingtable/6021787c-abd6-4deb-8ddf-baff32d33b9d/triggers
[2023-05-25 14:18:12,698] logger_util.py->write_log line:61 [INFO] 请求头：{'Content-Type': 'application/json; =UTF-8', 'X-Project': 'b32d81056e124620b809e92f49cdf3d4'}
[2023-05-25 14:18:12,698] logger_util.py->write_log line:61 [INFO] 请求参数：[{'effectiveDateTime': None, 'frequencyValue': 1, 'frequencyUnit': 1, 'matchAll': False, 'condition': 'A1==77', 'conditionDetail': 1, 'frequencyCheck': True, 'alarmPointIds': [], 'triggerType': 2}]
[2023-05-25 14:18:12,698] logger_util.py->write_log line:61 [INFO] 文件上传：None
[2023-05-25 14:18:13,916] logger_util.py->write_log line:61 [INFO] 预期结果：[{'equals': {'status_code': 200}}]
[2023-05-25 14:18:13,916] logger_util.py->write_log line:61 [INFO] 实际结果：
[2023-05-25 14:18:13,916] logger_util.py->write_log line:61 [INFO] 接口请求成功！
[2023-05-25 14:18:13,916] logger_util.py->write_log line:61 [INFO] -------------接口请求结束-----------

