[2023-08-23 10:25:25,117] logger_util.py->write_log line:61 [INFO] 
-------------接口请求开始-----------
[2023-08-23 10:25:25,117] logger_util.py->write_log line:61 [INFO] 接口名称：新增io变量
[2023-08-23 10:25:25,117] logger_util.py->write_log line:61 [INFO] 接口方式：post
[2023-08-23 10:25:25,118] logger_util.py->write_log line:61 [INFO] 接口路径：http://127.0.0.1:18000/api/v1/variable/tunnel/58/tag
[2023-08-23 10:25:25,118] logger_util.py->write_log line:61 [INFO] 请求头：{}
[2023-08-23 10:25:25,118] logger_util.py->write_log line:61 [INFO] 请求参数：[{'archiveSetting': None, 'groupId': '51', 'name': 'E1', 'description': '', 'typeName': '有符号8位整型', 'config': {'readWriteMode': 0, 'address': '400001', 'interval': 1000, 'stringLength': None, 'zoom': 1, 'digit': None, 'readWriteRule': 1}, 'index': 1}]
[2023-08-23 10:25:25,118] logger_util.py->write_log line:61 [INFO] 文件上传：None
[2023-08-23 10:25:25,148] logger_util.py->write_log line:61 [INFO] 预期结果：[{'equals': {'status_code': 200}}]
[2023-08-23 10:25:25,149] logger_util.py->write_log line:61 [INFO] 实际结果：[{'id': 102, 'tunnelId': 58, 'groupId': 51, 'sort': 0, 'name': 'E1', 'description': '', 'tunnelType': 1, 'config': {'address': '400001', 'readWriteMode': 0, 'interval': 1000, 'stringLength': None, 'zoom': 1, 'digit': None, 'readWriteRule': 1}, 'type': 1, 'typeName': '有符号8位整型', 'historicGroupId': '00000000-0000-0000-0000-000000000000', 'historicGroupName': None, 'archiveSetting': None, 'historicBriefMsg': None, 'createTime': '2023-08-23T10:25:25.1385189+08:00', 'updateTime': '2023-08-23T10:25:25.1385195+08:00'}]
[2023-08-23 10:25:25,149] logger_util.py->write_log line:61 [INFO] 接口请求成功！
[2023-08-23 10:25:25,149] logger_util.py->write_log line:61 [INFO] 
-------------接口请求结束-----------

[2023-08-23 10:25:25,153] logger_util.py->write_log line:61 [INFO] 
-------------接口请求开始-----------
[2023-08-23 10:25:25,153] logger_util.py->write_log line:61 [INFO] 接口名称：io变量异常校验-校验变量名为空
[2023-08-23 10:25:25,153] logger_util.py->write_log line:61 [INFO] 接口方式：post
[2023-08-23 10:25:25,153] logger_util.py->write_log line:61 [INFO] 接口路径：http://127.0.0.1:18000/api/v1/variable/tunnel/58/tag
[2023-08-23 10:25:25,153] logger_util.py->write_log line:61 [INFO] 请求头：{}
[2023-08-23 10:25:25,154] logger_util.py->write_log line:61 [INFO] 请求参数：[{'archiveSetting': None, 'groupId': 51, 'name': '', 'description': '校验变量名为空', 'typeName': '有符号8进制整型', 'config': {'readWriteMode': 0, 'address': '400001', 'interval': 'ddt{{10000}}'}, 'stringLength': 'null', 'zoom': 1, 'digit': None, 'readWriteRule': 1, 'index': 1}]
[2023-08-23 10:25:25,154] logger_util.py->write_log line:61 [INFO] 文件上传：None
[2023-08-23 10:25:25,161] logger_util.py->write_log line:61 [INFO] 预期结果：[{'equals': {'status_code': 400}}]
[2023-08-23 10:25:25,162] logger_util.py->write_log line:61 [INFO] 实际结果：序号<1>变量配置错误：变量名不可为空，请重新输入
[2023-08-23 10:25:25,162] logger_util.py->write_log line:61 [INFO] 接口请求成功！
[2023-08-23 10:25:25,162] logger_util.py->write_log line:61 [INFO] 
-------------接口请求结束-----------

[2023-08-23 10:25:25,166] logger_util.py->write_log line:61 [INFO] 
-------------接口请求开始-----------
[2023-08-23 10:25:25,166] logger_util.py->write_log line:61 [INFO] 接口名称：io变量异常校验-重复提交同变量名
[2023-08-23 10:25:25,166] logger_util.py->write_log line:61 [INFO] 接口方式：post
[2023-08-23 10:25:25,167] logger_util.py->write_log line:61 [INFO] 接口路径：http://127.0.0.1:18000/api/v1/variable/tunnel/58/tag
[2023-08-23 10:25:25,167] logger_util.py->write_log line:61 [INFO] 请求头：{}
[2023-08-23 10:25:25,167] logger_util.py->write_log line:61 [INFO] 请求参数：[{'archiveSetting': None, 'groupId': 51, 'name': 'E1', 'description': '重复提交同变量名', 'typeName': '有符号8进制整型', 'config': {'readWriteMode': 0, 'address': '400001', 'interval': 'ddt{{10000}}'}, 'stringLength': 'null', 'zoom': 1, 'digit': None, 'readWriteRule': 1, 'index': 1}]
[2023-08-23 10:25:25,167] logger_util.py->write_log line:61 [INFO] 文件上传：None
[2023-08-23 10:25:25,175] logger_util.py->write_log line:61 [INFO] 预期结果：[{'equals': {'status_code': 400}}]
[2023-08-23 10:25:25,176] logger_util.py->write_log line:61 [INFO] 实际结果：序号<1>变量配置错误：变量名<E1>已存在，请重新输入
[2023-08-23 10:25:25,176] logger_util.py->write_log line:61 [INFO] 接口请求成功！
[2023-08-23 10:25:25,176] logger_util.py->write_log line:61 [INFO] 
-------------接口请求结束-----------

[2023-08-23 10:25:25,180] logger_util.py->write_log line:61 [INFO] 
-------------接口请求开始-----------
[2023-08-23 10:25:25,181] logger_util.py->write_log line:61 [INFO] 接口名称：io变量异常校验-校验变量地址为空
[2023-08-23 10:25:25,181] logger_util.py->write_log line:61 [INFO] 接口方式：post
[2023-08-23 10:25:25,181] logger_util.py->write_log line:61 [INFO] 接口路径：http://127.0.0.1:18000/api/v1/variable/tunnel/58/tag
[2023-08-23 10:25:25,181] logger_util.py->write_log line:61 [INFO] 请求头：{}
[2023-08-23 10:25:25,181] logger_util.py->write_log line:61 [INFO] 请求参数：[{'archiveSetting': None, 'groupId': 51, 'name': 'E2', 'description': '校验变量地址为空', 'typeName': '有符号8进制整型', 'config': {'readWriteMode': 0, 'address': '', 'interval': 'ddt{{10000}}'}, 'stringLength': 'null', 'zoom': 1, 'digit': None, 'readWriteRule': 1, 'index': 1}]
[2023-08-23 10:25:25,181] logger_util.py->write_log line:61 [INFO] 文件上传：None
[2023-08-23 10:25:25,189] logger_util.py->write_log line:61 [INFO] 预期结果：[{'equals': {'status_code': 400}}]
[2023-08-23 10:25:25,189] logger_util.py->write_log line:61 [INFO] 实际结果：序号<1>变量配置错误：变量类型<有符号8进制整型>不存在
[2023-08-23 10:25:25,189] logger_util.py->write_log line:61 [INFO] 接口请求成功！
[2023-08-23 10:25:25,189] logger_util.py->write_log line:61 [INFO] 
-------------接口请求结束-----------

[2023-08-23 10:25:25,194] logger_util.py->write_log line:61 [INFO] 
-------------接口请求开始-----------
[2023-08-23 10:25:25,194] logger_util.py->write_log line:61 [INFO] 接口名称：io变量异常校验-校验采集间隔为空
[2023-08-23 10:25:25,195] logger_util.py->write_log line:61 [INFO] 接口方式：post
[2023-08-23 10:25:25,195] logger_util.py->write_log line:61 [INFO] 接口路径：http://127.0.0.1:18000/api/v1/variable/tunnel/58/tag
[2023-08-23 10:25:25,195] logger_util.py->write_log line:61 [INFO] 请求头：{}
[2023-08-23 10:25:25,195] logger_util.py->write_log line:61 [INFO] 请求参数：[{'archiveSetting': None, 'groupId': 51, 'name': 'E2', 'description': '校验采集间隔为空', 'typeName': '有符号8进制整型', 'config': {'readWriteMode': 0, 'address': '400001', 'interval': 'ddt{{}}'}, 'stringLength': 'null', 'zoom': 1, 'digit': None, 'readWriteRule': 1, 'index': 1}]
[2023-08-23 10:25:25,195] logger_util.py->write_log line:61 [INFO] 文件上传：None
[2023-08-23 10:25:25,204] logger_util.py->write_log line:61 [INFO] 预期结果：[{'equals': {'status_code': 400}}]
[2023-08-23 10:25:25,204] logger_util.py->write_log line:61 [INFO] 实际结果：序号<1>变量配置错误：变量类型<有符号8进制整型>不存在
[2023-08-23 10:25:25,204] logger_util.py->write_log line:61 [INFO] 接口请求成功！
[2023-08-23 10:25:25,204] logger_util.py->write_log line:61 [INFO] 
-------------接口请求结束-----------

[2023-08-23 10:25:25,209] logger_util.py->write_log line:61 [INFO] 
-------------接口请求开始-----------
[2023-08-23 10:25:25,209] logger_util.py->write_log line:61 [INFO] 接口名称：io变量异常校验-采集间隔小于10
[2023-08-23 10:25:25,209] logger_util.py->write_log line:61 [INFO] 接口方式：post
[2023-08-23 10:25:25,209] logger_util.py->write_log line:61 [INFO] 接口路径：http://127.0.0.1:18000/api/v1/variable/tunnel/58/tag
[2023-08-23 10:25:25,209] logger_util.py->write_log line:61 [INFO] 请求头：{}
[2023-08-23 10:25:25,209] logger_util.py->write_log line:61 [INFO] 请求参数：[{'archiveSetting': None, 'groupId': 51, 'name': 'E2', 'description': '采集间隔小于10', 'typeName': '有符号8进制整型', 'config': {'readWriteMode': 0, 'address': '400001', 'interval': 'ddt{{9}}'}, 'stringLength': 'null', 'zoom': 1, 'digit': None, 'readWriteRule': 1, 'index': 1}]
[2023-08-23 10:25:25,210] logger_util.py->write_log line:61 [INFO] 文件上传：None
[2023-08-23 10:25:25,218] logger_util.py->write_log line:61 [INFO] 预期结果：[{'equals': {'status_code': 400}}]
[2023-08-23 10:25:25,218] logger_util.py->write_log line:61 [INFO] 实际结果：序号<1>变量配置错误：变量类型<有符号8进制整型>不存在
[2023-08-23 10:25:25,218] logger_util.py->write_log line:61 [INFO] 接口请求成功！
[2023-08-23 10:25:25,219] logger_util.py->write_log line:61 [INFO] 
-------------接口请求结束-----------

[2023-08-23 10:25:25,224] logger_util.py->write_log line:61 [INFO] 
-------------接口请求开始-----------
[2023-08-23 10:25:25,224] logger_util.py->write_log line:61 [INFO] 接口名称：io变量异常校验-采集间隔大于10000
[2023-08-23 10:25:25,224] logger_util.py->write_log line:61 [INFO] 接口方式：post
[2023-08-23 10:25:25,224] logger_util.py->write_log line:61 [INFO] 接口路径：http://127.0.0.1:18000/api/v1/variable/tunnel/58/tag
[2023-08-23 10:25:25,224] logger_util.py->write_log line:61 [INFO] 请求头：{}
[2023-08-23 10:25:25,224] logger_util.py->write_log line:61 [INFO] 请求参数：[{'archiveSetting': None, 'groupId': 51, 'name': 'E2', 'description': '采集间隔小于10', 'typeName': '有符号8进制整型', 'config': {'readWriteMode': 0, 'address': '400001', 'interval': 'ddt{{10001}}'}, 'stringLength': 'null', 'zoom': 1, 'digit': None, 'readWriteRule': 1, 'index': 1}]
[2023-08-23 10:25:25,224] logger_util.py->write_log line:61 [INFO] 文件上传：None
[2023-08-23 10:25:25,233] logger_util.py->write_log line:61 [INFO] 预期结果：[{'equals': {'status_code': 400}}]
[2023-08-23 10:25:25,233] logger_util.py->write_log line:61 [INFO] 实际结果：序号<1>变量配置错误：变量类型<有符号8进制整型>不存在
[2023-08-23 10:25:25,233] logger_util.py->write_log line:61 [INFO] 接口请求成功！
[2023-08-23 10:25:25,233] logger_util.py->write_log line:61 [INFO] 
-------------接口请求结束-----------

[2023-08-23 10:25:25,238] logger_util.py->write_log line:61 [INFO] 
-------------接口请求开始-----------
[2023-08-23 10:25:25,238] logger_util.py->write_log line:61 [INFO] 接口名称：io变量异常校验-字符串长度为空
[2023-08-23 10:25:25,238] logger_util.py->write_log line:61 [INFO] 接口方式：post
[2023-08-23 10:25:25,238] logger_util.py->write_log line:61 [INFO] 接口路径：http://127.0.0.1:18000/api/v1/variable/tunnel/58/tag
[2023-08-23 10:25:25,238] logger_util.py->write_log line:61 [INFO] 请求头：{}
[2023-08-23 10:25:25,238] logger_util.py->write_log line:61 [INFO] 请求参数：[{'archiveSetting': None, 'groupId': 51, 'name': 'E2', 'description': '字符串长度为空', 'typeName': '字符串', 'config': {'readWriteMode': 0, 'address': '400001', 'interval': 'ddt{{1000}}'}, 'stringLength': '', 'zoom': 1, 'digit': None, 'readWriteRule': 1, 'index': 1}]
[2023-08-23 10:25:25,238] logger_util.py->write_log line:61 [INFO] 文件上传：None
[2023-08-23 10:25:25,247] logger_util.py->write_log line:61 [INFO] 预期结果：[{'equals': {'status_code': 400}}]
[2023-08-23 10:25:25,247] logger_util.py->write_log line:61 [INFO] 实际结果：序号<1>变量配置错误
[2023-08-23 10:25:25,247] logger_util.py->write_log line:61 [INFO] 接口请求成功！
[2023-08-23 10:25:25,247] logger_util.py->write_log line:61 [INFO] 
-------------接口请求结束-----------

[2023-08-23 10:25:25,257] logger_util.py->write_log line:61 [INFO] 
-------------接口请求开始-----------
[2023-08-23 10:25:25,257] logger_util.py->write_log line:61 [INFO] 接口名称：删除io变量
[2023-08-23 10:25:25,257] logger_util.py->write_log line:61 [INFO] 接口方式：delete
[2023-08-23 10:25:25,257] logger_util.py->write_log line:61 [INFO] 接口路径：http://127.0.0.1:18000/api/v1/variable/tunnel/58/tag/102
[2023-08-23 10:25:25,257] logger_util.py->write_log line:61 [INFO] 请求头：{}
[2023-08-23 10:25:25,257] logger_util.py->write_log line:61 [INFO] 文件上传：None
[2023-08-23 10:25:25,272] logger_util.py->write_log line:61 [INFO] 预期结果：[{'equals': {'status_code': 200}}]
[2023-08-23 10:25:25,272] logger_util.py->write_log line:61 [INFO] 实际结果：
[2023-08-23 10:25:25,272] logger_util.py->write_log line:61 [INFO] 接口请求成功！
[2023-08-23 10:25:25,272] logger_util.py->write_log line:61 [INFO] 
-------------接口请求结束-----------

