[2023-08-08 10:52:58,111] logger_util.py->write_log line:61 [INFO] -------------接口请求开始-----------
[2023-08-08 10:52:58,111] logger_util.py->write_log line:61 [INFO] 接口名称：modbus协议下发-保存寄存器有符号8位整型
[2023-08-08 10:52:58,112] logger_util.py->write_log line:61 [INFO] 接口方式：post
[2023-08-08 10:52:58,112] logger_util.py->write_log line:61 [INFO] 接口路径：http://127.0.0.1:6700/v1/cms/io/write
[2023-08-08 10:52:58,112] logger_util.py->write_log line:61 [INFO] 请求头：{'Content-Type': 'application/json'}
[2023-08-08 10:52:58,112] logger_util.py->write_log line:61 [INFO] 请求参数：{'tagDatas': {'MOD_SINT1': '$cvs{tagvalue}'}}
[2023-08-08 10:52:58,112] logger_util.py->write_log line:61 [INFO] 文件上传：None
[2023-08-08 10:52:58,179] logger_util.py->write_log line:61 [INFO] 预期结果：[{'equals': {'status_code': 200}}, {'equals': {'msg': 'All write successfully'}}]
[2023-08-08 10:52:58,179] logger_util.py->write_log line:61 [INFO] 实际结果：{'body': {'code': 0, 'msg': 'All write successfully', 'tagResults': {'MOD_SINT1': 0}, 'traceId': '8C71F210-F7C7-4752-95CE-B6E57722400F'}, 'header': {'code': 0, 'cur_module': 'siot', 'msg': 'All write successfully', 'timespend': 62, 'tracelist': [{'code': 0, 'module': 'siot', 'msg': 'All write successfully', 'submodule_timespend': {'api': 62, 'control': 62, 'driver': 15}, 'timespend': 62}]}}
[2023-08-08 10:52:58,179] logger_util.py->write_log line:61 [INFO] 接口请求成功！
[2023-08-08 10:52:58,179] logger_util.py->write_log line:61 [INFO] -------------接口请求结束-----------

[2023-08-08 10:52:58,184] logger_util.py->write_log line:61 [INFO] -------------接口请求开始-----------
[2023-08-08 10:52:58,184] logger_util.py->write_log line:61 [INFO] 接口名称：modbus协议下发-保存寄存器有符号16位整型
[2023-08-08 10:52:58,184] logger_util.py->write_log line:61 [INFO] 接口方式：post
[2023-08-08 10:52:58,184] logger_util.py->write_log line:61 [INFO] 接口路径：http://127.0.0.1:6700/v1/cms/io/write
[2023-08-08 10:52:58,184] logger_util.py->write_log line:61 [INFO] 请求头：{'Content-Type': 'application/json'}
[2023-08-08 10:52:58,184] logger_util.py->write_log line:61 [INFO] 请求参数：{'tagDatas': {'MOD_INT1': '$cvs{tagvalue}'}}
[2023-08-08 10:52:58,185] logger_util.py->write_log line:61 [INFO] 文件上传：None
[2023-08-08 10:52:58,242] logger_util.py->write_log line:61 [INFO] 预期结果：[{'equals': {'status_code': 200}}, {'equals': {'msg': 'All write successfully'}}]
[2023-08-08 10:52:58,242] logger_util.py->write_log line:61 [INFO] 实际结果：{'body': {'code': 0, 'msg': 'All write successfully', 'tagResults': {'MOD_INT1': 0}, 'traceId': 'BDA8E77B-2F03-4C78-BED2-A302C9E63437'}, 'header': {'code': 0, 'cur_module': 'siot', 'msg': 'All write successfully', 'timespend': 55, 'tracelist': [{'code': 0, 'module': 'siot', 'msg': 'All write successfully', 'submodule_timespend': {'api': 55, 'control': 55, 'driver': 16}, 'timespend': 55}]}}
[2023-08-08 10:52:58,242] logger_util.py->write_log line:61 [INFO] 接口请求成功！
[2023-08-08 10:52:58,242] logger_util.py->write_log line:61 [INFO] -------------接口请求结束-----------

[2023-08-08 10:52:58,247] logger_util.py->write_log line:61 [INFO] -------------接口请求开始-----------
[2023-08-08 10:52:58,247] logger_util.py->write_log line:61 [INFO] 接口名称：modbus协议下发-保存寄存器有符号32位整型
[2023-08-08 10:52:58,247] logger_util.py->write_log line:61 [INFO] 接口方式：post
[2023-08-08 10:52:58,247] logger_util.py->write_log line:61 [INFO] 接口路径：http://127.0.0.1:6700/v1/cms/io/write
[2023-08-08 10:52:58,247] logger_util.py->write_log line:61 [INFO] 请求头：{'Content-Type': 'application/json'}
[2023-08-08 10:52:58,247] logger_util.py->write_log line:61 [INFO] 请求参数：{'tagDatas': {'MOD_DINT1': '$cvs{tagvalue}'}}
[2023-08-08 10:52:58,247] logger_util.py->write_log line:61 [INFO] 文件上传：None
[2023-08-08 10:52:58,289] logger_util.py->write_log line:61 [INFO] 预期结果：[{'equals': {'status_code': 200}}, {'equals': {'msg': 'All write successfully'}}]
[2023-08-08 10:52:58,290] logger_util.py->write_log line:61 [INFO] 实际结果：{'body': {'code': 0, 'msg': 'All write successfully', 'tagResults': {'MOD_DINT1': 0}, 'traceId': '300D6586-0908-4955-887C-DE9239045B4C'}, 'header': {'code': 0, 'cur_module': 'siot', 'msg': 'All write successfully', 'timespend': 40, 'tracelist': [{'code': 0, 'module': 'siot', 'msg': 'All write successfully', 'submodule_timespend': {'api': 40, 'control': 40, 'driver': 8}, 'timespend': 40}]}}
[2023-08-08 10:52:58,290] logger_util.py->write_log line:61 [INFO] 接口请求成功！
[2023-08-08 10:52:58,290] logger_util.py->write_log line:61 [INFO] -------------接口请求结束-----------

[2023-08-08 10:52:58,295] logger_util.py->write_log line:61 [INFO] -------------接口请求开始-----------
[2023-08-08 10:52:58,295] logger_util.py->write_log line:61 [INFO] 接口名称：modbus协议下发-保存寄存器无符号8位整型
[2023-08-08 10:52:58,295] logger_util.py->write_log line:61 [INFO] 接口方式：post
[2023-08-08 10:52:58,295] logger_util.py->write_log line:61 [INFO] 接口路径：http://127.0.0.1:6700/v1/cms/io/write
[2023-08-08 10:52:58,295] logger_util.py->write_log line:61 [INFO] 请求头：{'Content-Type': 'application/json'}
[2023-08-08 10:52:58,295] logger_util.py->write_log line:61 [INFO] 请求参数：{'tagDatas': {'MOD_USINT1': '$cvs{tagvalue}'}}
[2023-08-08 10:52:58,296] logger_util.py->write_log line:61 [INFO] 文件上传：None
[2023-08-08 10:52:58,352] logger_util.py->write_log line:61 [INFO] 预期结果：[{'equals': {'status_code': 200}}, {'equals': {'msg': 'All write successfully'}}]
[2023-08-08 10:52:58,353] logger_util.py->write_log line:61 [INFO] 实际结果：{'body': {'code': 0, 'msg': 'All write successfully', 'tagResults': {'MOD_USINT1': 0}, 'traceId': '14F667AC-E31D-4939-B136-120BE5E6E07B'}, 'header': {'code': 0, 'cur_module': 'siot', 'msg': 'All write successfully', 'timespend': 55, 'tracelist': [{'code': 0, 'module': 'siot', 'msg': 'All write successfully', 'submodule_timespend': {'api': 55, 'control': 55, 'driver': 15}, 'timespend': 55}]}}
[2023-08-08 10:52:58,353] logger_util.py->write_log line:61 [INFO] 接口请求成功！
[2023-08-08 10:52:58,353] logger_util.py->write_log line:61 [INFO] -------------接口请求结束-----------

[2023-08-08 10:52:58,357] logger_util.py->write_log line:61 [INFO] -------------接口请求开始-----------
[2023-08-08 10:52:58,358] logger_util.py->write_log line:61 [INFO] 接口名称：modbus协议下发-保存寄存器无符号16位整型
[2023-08-08 10:52:58,358] logger_util.py->write_log line:61 [INFO] 接口方式：post
[2023-08-08 10:52:58,358] logger_util.py->write_log line:61 [INFO] 接口路径：http://127.0.0.1:6700/v1/cms/io/write
[2023-08-08 10:52:58,358] logger_util.py->write_log line:61 [INFO] 请求头：{'Content-Type': 'application/json'}
[2023-08-08 10:52:58,358] logger_util.py->write_log line:61 [INFO] 请求参数：{'tagDatas': {'MOD_UINT1': '$cvs{tagvalue}'}}
[2023-08-08 10:52:58,358] logger_util.py->write_log line:61 [INFO] 文件上传：None
[2023-08-08 10:52:58,416] logger_util.py->write_log line:61 [INFO] 预期结果：[{'equals': {'status_code': 200}}, {'equals': {'msg': 'All write successfully'}}]
[2023-08-08 10:52:58,417] logger_util.py->write_log line:61 [INFO] 实际结果：{'body': {'code': 0, 'msg': 'All write successfully', 'tagResults': {'MOD_UINT1': 0}, 'traceId': '03F62662-0983-47E6-9AE2-1B0553A57376'}, 'header': {'code': 0, 'cur_module': 'siot', 'msg': 'All write successfully', 'timespend': 56, 'tracelist': [{'code': 0, 'module': 'siot', 'msg': 'All write successfully', 'submodule_timespend': {'api': 56, 'control': 56, 'driver': 16}, 'timespend': 56}]}}
[2023-08-08 10:52:58,417] logger_util.py->write_log line:61 [INFO] 接口请求成功！
[2023-08-08 10:52:58,417] logger_util.py->write_log line:61 [INFO] -------------接口请求结束-----------

[2023-08-08 10:52:58,422] logger_util.py->write_log line:61 [INFO] -------------接口请求开始-----------
[2023-08-08 10:52:58,422] logger_util.py->write_log line:61 [INFO] 接口名称：modbus协议下发-保存寄存器无符号32位整型
[2023-08-08 10:52:58,422] logger_util.py->write_log line:61 [INFO] 接口方式：post
[2023-08-08 10:52:58,422] logger_util.py->write_log line:61 [INFO] 接口路径：http://127.0.0.1:6700/v1/cms/io/write
[2023-08-08 10:52:58,422] logger_util.py->write_log line:61 [INFO] 请求头：{'Content-Type': 'application/json'}
[2023-08-08 10:52:58,423] logger_util.py->write_log line:61 [INFO] 请求参数：{'tagDatas': {'MOD_UDINT1': '$cvs{tagvalue}'}}
[2023-08-08 10:52:58,423] logger_util.py->write_log line:61 [INFO] 文件上传：None
[2023-08-08 10:52:58,464] logger_util.py->write_log line:61 [INFO] 预期结果：[{'equals': {'status_code': 200}}, {'equals': {'msg': 'All write successfully'}}]
[2023-08-08 10:52:58,464] logger_util.py->write_log line:61 [INFO] 实际结果：{'body': {'code': 0, 'msg': 'All write successfully', 'tagResults': {'MOD_UDINT1': 0}, 'traceId': 'CA59CD47-9EEF-46CE-A6E5-66378FF0EFFB'}, 'header': {'code': 0, 'cur_module': 'siot', 'msg': 'All write successfully', 'timespend': 39, 'tracelist': [{'code': 0, 'module': 'siot', 'msg': 'All write successfully', 'submodule_timespend': {'api': 39, 'control': 39, 'driver': 8}, 'timespend': 39}]}}
[2023-08-08 10:52:58,464] logger_util.py->write_log line:61 [INFO] 接口请求成功！
[2023-08-08 10:52:58,464] logger_util.py->write_log line:61 [INFO] -------------接口请求结束-----------

[2023-08-08 10:52:58,469] logger_util.py->write_log line:61 [INFO] -------------接口请求开始-----------
[2023-08-08 10:52:58,469] logger_util.py->write_log line:61 [INFO] 接口名称：modbus协议下发-保存寄存器F32位浮点数IEEE754
[2023-08-08 10:52:58,469] logger_util.py->write_log line:61 [INFO] 接口方式：post
[2023-08-08 10:52:58,469] logger_util.py->write_log line:61 [INFO] 接口路径：http://127.0.0.1:6700/v1/cms/io/write
[2023-08-08 10:52:58,469] logger_util.py->write_log line:61 [INFO] 请求头：{'Content-Type': 'application/json'}
[2023-08-08 10:52:58,469] logger_util.py->write_log line:61 [INFO] 请求参数：{'tagDatas': {'MOD_REAL1': '$cvs{tagvalue}'}}
[2023-08-08 10:52:58,469] logger_util.py->write_log line:61 [INFO] 文件上传：None
[2023-08-08 10:52:58,511] logger_util.py->write_log line:61 [INFO] 预期结果：[{'equals': {'status_code': 200}}, {'equals': {'msg': 'All write successfully'}}]
[2023-08-08 10:52:58,512] logger_util.py->write_log line:61 [INFO] 实际结果：{'body': {'code': 0, 'msg': 'All write successfully', 'tagResults': {'MOD_REAL1': 0}, 'traceId': '23FC933B-105B-4C74-98CF-E7FE8DC7B45F'}, 'header': {'code': 0, 'cur_module': 'siot', 'msg': 'All write successfully', 'timespend': 40, 'tracelist': [{'code': 0, 'module': 'siot', 'msg': 'All write successfully', 'submodule_timespend': {'api': 40, 'control': 40, 'driver': 8}, 'timespend': 40}]}}
[2023-08-08 10:52:58,512] logger_util.py->write_log line:61 [INFO] 接口请求成功！
[2023-08-08 10:52:58,512] logger_util.py->write_log line:61 [INFO] -------------接口请求结束-----------

[2023-08-08 10:52:58,517] logger_util.py->write_log line:61 [INFO] -------------接口请求开始-----------
[2023-08-08 10:52:58,517] logger_util.py->write_log line:61 [INFO] 接口名称：modbus协议下发-保存寄存器二进制变量1
[2023-08-08 10:52:58,517] logger_util.py->write_log line:61 [INFO] 接口方式：post
[2023-08-08 10:52:58,517] logger_util.py->write_log line:61 [INFO] 接口路径：http://127.0.0.1:6700/v1/cms/io/write
[2023-08-08 10:52:58,517] logger_util.py->write_log line:61 [INFO] 请求头：{'Content-Type': 'application/json'}
[2023-08-08 10:52:58,517] logger_util.py->write_log line:61 [INFO] 请求参数：{'tagDatas': {'MOD_BOOL1': '$cvs{tagvalue}'}}
[2023-08-08 10:52:58,517] logger_util.py->write_log line:61 [INFO] 文件上传：None
[2023-08-08 10:52:58,591] logger_util.py->write_log line:61 [INFO] 预期结果：[{'equals': {'status_code': 200}}, {'equals': {'msg': 'All write successfully'}}]
[2023-08-08 10:52:58,592] logger_util.py->write_log line:61 [INFO] 实际结果：{'body': {'code': 0, 'msg': 'All write successfully', 'tagResults': {'MOD_BOOL1': 0}, 'traceId': 'B2D1020E-DBC5-4EB3-95AB-CCEF486E7458'}, 'header': {'code': 0, 'cur_module': 'siot', 'msg': 'All write successfully', 'timespend': 73, 'tracelist': [{'code': 0, 'module': 'siot', 'msg': 'All write successfully', 'submodule_timespend': {'api': 73, 'control': 73, 'driver': 16}, 'timespend': 73}]}}
[2023-08-08 10:52:58,592] logger_util.py->write_log line:61 [INFO] 接口请求成功！
[2023-08-08 10:52:58,592] logger_util.py->write_log line:61 [INFO] -------------接口请求结束-----------

[2023-08-08 10:52:58,597] logger_util.py->write_log line:61 [INFO] -------------接口请求开始-----------
[2023-08-08 10:52:58,597] logger_util.py->write_log line:61 [INFO] 接口名称：modbus协议下发-保存寄存器二进制变量2
[2023-08-08 10:52:58,597] logger_util.py->write_log line:61 [INFO] 接口方式：post
[2023-08-08 10:52:58,597] logger_util.py->write_log line:61 [INFO] 接口路径：http://127.0.0.1:6700/v1/cms/io/write
[2023-08-08 10:52:58,597] logger_util.py->write_log line:61 [INFO] 请求头：{'Content-Type': 'application/json'}
[2023-08-08 10:52:58,597] logger_util.py->write_log line:61 [INFO] 请求参数：{'tagDatas': {'MOD_BOOL2': '$cvs{tagvalue}'}}
[2023-08-08 10:52:58,597] logger_util.py->write_log line:61 [INFO] 文件上传：None
[2023-08-08 10:52:58,654] logger_util.py->write_log line:61 [INFO] 预期结果：[{'equals': {'status_code': 200}}, {'equals': {'msg': 'All write successfully'}}]
[2023-08-08 10:52:58,654] logger_util.py->write_log line:61 [INFO] 实际结果：{'body': {'code': 0, 'msg': 'All write successfully', 'tagResults': {'MOD_BOOL2': 0}, 'traceId': '7CA835AC-9348-431F-8451-74E602AEC309'}, 'header': {'code': 0, 'cur_module': 'siot', 'msg': 'All write successfully', 'timespend': 54, 'tracelist': [{'code': 0, 'module': 'siot', 'msg': 'All write successfully', 'submodule_timespend': {'api': 54, 'control': 54, 'driver': 16}, 'timespend': 54}]}}
[2023-08-08 10:52:58,654] logger_util.py->write_log line:61 [INFO] 接口请求成功！
[2023-08-08 10:52:58,654] logger_util.py->write_log line:61 [INFO] -------------接口请求结束-----------

[2023-08-08 10:52:58,659] logger_util.py->write_log line:61 [INFO] -------------接口请求开始-----------
[2023-08-08 10:52:58,659] logger_util.py->write_log line:61 [INFO] 接口名称：modbus协议下发-保存寄存器字符串
[2023-08-08 10:52:58,659] logger_util.py->write_log line:61 [INFO] 接口方式：post
[2023-08-08 10:52:58,659] logger_util.py->write_log line:61 [INFO] 接口路径：http://127.0.0.1:6700/v1/cms/io/write
[2023-08-08 10:52:58,659] logger_util.py->write_log line:61 [INFO] 请求头：{'Content-Type': 'application/json'}
[2023-08-08 10:52:58,660] logger_util.py->write_log line:61 [INFO] 请求参数：{'tagDatas': {'MOD_STRING1': '$cvs{tagvalue}'}}
[2023-08-08 10:52:58,660] logger_util.py->write_log line:61 [INFO] 文件上传：None
[2023-08-08 10:52:58,733] logger_util.py->write_log line:61 [INFO] 预期结果：[{'equals': {'status_code': 200}}, {'equals': {'msg': 'All write successfully'}}]
[2023-08-08 10:52:58,734] logger_util.py->write_log line:61 [INFO] 实际结果：{'body': {'code': 0, 'msg': 'All write successfully', 'tagResults': {'MOD_STRING1': 0}, 'traceId': '03DFCB5F-DCF0-416F-AC39-0A59171234A9'}, 'header': {'code': 0, 'cur_module': 'siot', 'msg': 'All write successfully', 'timespend': 47, 'tracelist': [{'code': 0, 'module': 'siot', 'msg': 'All write successfully', 'submodule_timespend': {'api': 47, 'control': 47, 'driver': 15}, 'timespend': 47}]}}
[2023-08-08 10:52:58,734] logger_util.py->write_log line:61 [INFO] 接口请求成功！
[2023-08-08 10:52:58,734] logger_util.py->write_log line:61 [INFO] -------------接口请求结束-----------

[2023-08-08 10:52:58,739] logger_util.py->write_log line:61 [INFO] -------------接口请求开始-----------
[2023-08-08 10:52:58,739] logger_util.py->write_log line:61 [INFO] 接口名称：modbus协议下发-二进制变量
[2023-08-08 10:52:58,739] logger_util.py->write_log line:61 [INFO] 接口方式：post
[2023-08-08 10:52:58,739] logger_util.py->write_log line:61 [INFO] 接口路径：http://127.0.0.1:6700/v1/cms/io/write
[2023-08-08 10:52:58,739] logger_util.py->write_log line:61 [INFO] 请求头：{'Content-Type': 'application/json'}
[2023-08-08 10:52:58,739] logger_util.py->write_log line:61 [INFO] 请求参数：{'tagDatas': {'MOD_Q0': '$cvs{tagvalue}'}}
[2023-08-08 10:52:58,739] logger_util.py->write_log line:61 [INFO] 文件上传：None
[2023-08-08 10:52:58,812] logger_util.py->write_log line:61 [INFO] 预期结果：[{'equals': {'status_code': 200}}, {'equals': {'msg': 'All write successfully'}}]
[2023-08-08 10:52:58,812] logger_util.py->write_log line:61 [INFO] 实际结果：{'body': {'code': 0, 'msg': 'All write successfully', 'tagResults': {'MOD_Q0': 0}, 'traceId': '6682A3C3-2F81-49C9-BB31-446F6EF86CEA'}, 'header': {'code': 0, 'cur_module': 'siot', 'msg': 'All write successfully', 'timespend': 47, 'tracelist': [{'code': 0, 'module': 'siot', 'msg': 'All write successfully', 'submodule_timespend': {'api': 47, 'control': 47, 'driver': 16}, 'timespend': 47}]}}
[2023-08-08 10:52:58,813] logger_util.py->write_log line:61 [INFO] 接口请求成功！
[2023-08-08 10:52:58,813] logger_util.py->write_log line:61 [INFO] -------------接口请求结束-----------

[2023-08-08 10:52:58,827] logger_util.py->write_log line:61 [INFO] -------------接口请求开始-----------
[2023-08-08 10:52:58,827] logger_util.py->write_log line:61 [INFO] 接口名称：modbus协议下发-二进制变量
[2023-08-08 10:52:58,827] logger_util.py->write_log line:61 [INFO] 接口方式：post
[2023-08-08 10:52:58,827] logger_util.py->write_log line:61 [INFO] 接口路径：http://127.0.0.1:6700/v1/cms/io/write
[2023-08-08 10:52:58,827] logger_util.py->write_log line:61 [INFO] 请求头：{'Content-Type': 'application/json'}
[2023-08-08 10:52:58,827] logger_util.py->write_log line:61 [INFO] 请求参数：{'tagDatas': {'MOD_Q1': '$cvs{tagvalue}'}}
[2023-08-08 10:52:58,827] logger_util.py->write_log line:61 [INFO] 文件上传：None
[2023-08-08 10:52:58,909] logger_util.py->write_log line:61 [INFO] 预期结果：[{'equals': {'status_code': 200}}, {'equals': {'msg': 'All write successfully'}}]
[2023-08-08 10:52:58,909] logger_util.py->write_log line:61 [INFO] 实际结果：{'body': {'code': 0, 'msg': 'All write successfully', 'tagResults': {'MOD_Q1': 0}, 'traceId': 'C8342D98-B05E-4688-9A58-439CEB74A415'}, 'header': {'code': 0, 'cur_module': 'siot', 'msg': 'All write successfully', 'timespend': 48, 'tracelist': [{'code': 0, 'module': 'siot', 'msg': 'All write successfully', 'submodule_timespend': {'api': 48, 'control': 48, 'driver': 16}, 'timespend': 48}]}}
[2023-08-08 10:52:58,909] logger_util.py->write_log line:61 [INFO] 接口请求成功！
[2023-08-08 10:52:58,909] logger_util.py->write_log line:61 [INFO] -------------接口请求结束-----------

[2023-08-08 10:52:58,914] logger_util.py->write_log line:61 [INFO] -------------接口请求开始-----------
[2023-08-08 10:52:58,914] logger_util.py->write_log line:61 [INFO] 接口名称：modbus协议读取-保存寄存器有符号8位整型
[2023-08-08 10:52:58,914] logger_util.py->write_log line:61 [INFO] 接口方式：post
[2023-08-08 10:52:58,914] logger_util.py->write_log line:61 [INFO] 接口路径：http://127.0.0.1:6700/v1/cms/io/read
[2023-08-08 10:52:58,914] logger_util.py->write_log line:61 [INFO] 请求头：{'Content-Type': 'application/json'}
[2023-08-08 10:52:58,915] logger_util.py->write_log line:61 [INFO] 请求参数：{'tagNames': ['MOD_SINT1']}
[2023-08-08 10:52:58,915] logger_util.py->write_log line:61 [INFO] 文件上传：None
[2023-08-08 10:52:58,941] logger_util.py->error_log line:65 [INFO] 断言失败:data不等于0
[2023-08-08 10:52:58,941] logger_util.py->write_log line:61 [INFO] 接口请求失败！
[2023-08-08 10:52:58,941] logger_util.py->write_log line:61 [INFO] -------------接口请求结束-----------

[2023-08-08 10:52:58,942] logger_util.py->error_log line:65 [INFO] 断言异常：异常信息: Traceback (most recent call last):
  File "E:\Project_python\api_SIOT\common\requests_util.py", line 372, in validate_result
    error_log("断言失败:" + assert_key + "不等于" + str(assert_value))
  File "E:\Project_python\api_SIOT\common\logger_util.py", line 66, in error_log
    raise Exception(log_message)
Exception: 断言失败:data不等于0

[2023-08-08 10:52:58,942] logger_util.py->error_log line:65 [INFO] 分析YAML文件异常：异常信息: Traceback (most recent call last):
  File "E:\Project_python\api_SIOT\common\requests_util.py", line 372, in validate_result
    error_log("断言失败:" + assert_key + "不等于" + str(assert_value))
  File "E:\Project_python\api_SIOT\common\logger_util.py", line 66, in error_log
    raise Exception(log_message)
Exception: 断言失败:data不等于0

During handling of the above exception, another exception occurred:

Traceback (most recent call last):
  File "E:\Project_python\api_SIOT\common\requests_util.py", line 248, in analysis_yaml
    self.validate_result(yq_result, return_data, status_code)
  File "E:\Project_python\api_SIOT\common\requests_util.py", line 416, in validate_result
    error_log("断言异常：异常信息: %s" % str(traceback.format_exc()))
  File "E:\Project_python\api_SIOT\common\logger_util.py", line 66, in error_log
    raise Exception(log_message)
Exception: 断言异常：异常信息: Traceback (most recent call last):
  File "E:\Project_python\api_SIOT\common\requests_util.py", line 372, in validate_result
    error_log("断言失败:" + assert_key + "不等于" + str(assert_value))
  File "E:\Project_python\api_SIOT\common\logger_util.py", line 66, in error_log
    raise Exception(log_message)
Exception: 断言失败:data不等于0


[2023-08-08 10:52:59,031] logger_util.py->write_log line:61 [INFO] -------------接口请求开始-----------
[2023-08-08 10:52:59,032] logger_util.py->write_log line:61 [INFO] 接口名称：modbus协议读取-保存寄存器有符号16位整型
[2023-08-08 10:52:59,032] logger_util.py->write_log line:61 [INFO] 接口方式：post
[2023-08-08 10:52:59,032] logger_util.py->write_log line:61 [INFO] 接口路径：http://127.0.0.1:6700/v1/cms/io/read
[2023-08-08 10:52:59,032] logger_util.py->write_log line:61 [INFO] 请求头：{'Content-Type': 'application/json'}
[2023-08-08 10:52:59,032] logger_util.py->write_log line:61 [INFO] 请求参数：{'tagNames': ['MOD_INT1']}
[2023-08-08 10:52:59,032] logger_util.py->write_log line:61 [INFO] 文件上传：None
[2023-08-08 10:52:59,050] logger_util.py->error_log line:65 [INFO] 断言失败:data不等于0
[2023-08-08 10:52:59,051] logger_util.py->write_log line:61 [INFO] 接口请求失败！
[2023-08-08 10:52:59,051] logger_util.py->write_log line:61 [INFO] -------------接口请求结束-----------

[2023-08-08 10:52:59,051] logger_util.py->error_log line:65 [INFO] 断言异常：异常信息: Traceback (most recent call last):
  File "E:\Project_python\api_SIOT\common\requests_util.py", line 372, in validate_result
    error_log("断言失败:" + assert_key + "不等于" + str(assert_value))
  File "E:\Project_python\api_SIOT\common\logger_util.py", line 66, in error_log
    raise Exception(log_message)
Exception: 断言失败:data不等于0

[2023-08-08 10:52:59,051] logger_util.py->error_log line:65 [INFO] 分析YAML文件异常：异常信息: Traceback (most recent call last):
  File "E:\Project_python\api_SIOT\common\requests_util.py", line 372, in validate_result
    error_log("断言失败:" + assert_key + "不等于" + str(assert_value))
  File "E:\Project_python\api_SIOT\common\logger_util.py", line 66, in error_log
    raise Exception(log_message)
Exception: 断言失败:data不等于0

During handling of the above exception, another exception occurred:

Traceback (most recent call last):
  File "E:\Project_python\api_SIOT\common\requests_util.py", line 248, in analysis_yaml
    self.validate_result(yq_result, return_data, status_code)
  File "E:\Project_python\api_SIOT\common\requests_util.py", line 416, in validate_result
    error_log("断言异常：异常信息: %s" % str(traceback.format_exc()))
  File "E:\Project_python\api_SIOT\common\logger_util.py", line 66, in error_log
    raise Exception(log_message)
Exception: 断言异常：异常信息: Traceback (most recent call last):
  File "E:\Project_python\api_SIOT\common\requests_util.py", line 372, in validate_result
    error_log("断言失败:" + assert_key + "不等于" + str(assert_value))
  File "E:\Project_python\api_SIOT\common\logger_util.py", line 66, in error_log
    raise Exception(log_message)
Exception: 断言失败:data不等于0


[2023-08-08 10:52:59,077] logger_util.py->write_log line:61 [INFO] -------------接口请求开始-----------
[2023-08-08 10:52:59,077] logger_util.py->write_log line:61 [INFO] 接口名称：modbus协议读取-保存寄存器有符号32位整型
[2023-08-08 10:52:59,077] logger_util.py->write_log line:61 [INFO] 接口方式：post
[2023-08-08 10:52:59,077] logger_util.py->write_log line:61 [INFO] 接口路径：http://127.0.0.1:6700/v1/cms/io/read
[2023-08-08 10:52:59,077] logger_util.py->write_log line:61 [INFO] 请求头：{'Content-Type': 'application/json'}
[2023-08-08 10:52:59,077] logger_util.py->write_log line:61 [INFO] 请求参数：{'tagNames': ['MOD_DINT1']}
[2023-08-08 10:52:59,077] logger_util.py->write_log line:61 [INFO] 文件上传：None
[2023-08-08 10:52:59,098] logger_util.py->error_log line:65 [INFO] 断言失败:data不等于0
[2023-08-08 10:52:59,098] logger_util.py->write_log line:61 [INFO] 接口请求失败！
[2023-08-08 10:52:59,099] logger_util.py->write_log line:61 [INFO] -------------接口请求结束-----------

[2023-08-08 10:52:59,099] logger_util.py->error_log line:65 [INFO] 断言异常：异常信息: Traceback (most recent call last):
  File "E:\Project_python\api_SIOT\common\requests_util.py", line 372, in validate_result
    error_log("断言失败:" + assert_key + "不等于" + str(assert_value))
  File "E:\Project_python\api_SIOT\common\logger_util.py", line 66, in error_log
    raise Exception(log_message)
Exception: 断言失败:data不等于0

[2023-08-08 10:52:59,099] logger_util.py->error_log line:65 [INFO] 分析YAML文件异常：异常信息: Traceback (most recent call last):
  File "E:\Project_python\api_SIOT\common\requests_util.py", line 372, in validate_result
    error_log("断言失败:" + assert_key + "不等于" + str(assert_value))
  File "E:\Project_python\api_SIOT\common\logger_util.py", line 66, in error_log
    raise Exception(log_message)
Exception: 断言失败:data不等于0

During handling of the above exception, another exception occurred:

Traceback (most recent call last):
  File "E:\Project_python\api_SIOT\common\requests_util.py", line 248, in analysis_yaml
    self.validate_result(yq_result, return_data, status_code)
  File "E:\Project_python\api_SIOT\common\requests_util.py", line 416, in validate_result
    error_log("断言异常：异常信息: %s" % str(traceback.format_exc()))
  File "E:\Project_python\api_SIOT\common\logger_util.py", line 66, in error_log
    raise Exception(log_message)
Exception: 断言异常：异常信息: Traceback (most recent call last):
  File "E:\Project_python\api_SIOT\common\requests_util.py", line 372, in validate_result
    error_log("断言失败:" + assert_key + "不等于" + str(assert_value))
  File "E:\Project_python\api_SIOT\common\logger_util.py", line 66, in error_log
    raise Exception(log_message)
Exception: 断言失败:data不等于0


[2023-08-08 10:52:59,125] logger_util.py->write_log line:61 [INFO] -------------接口请求开始-----------
[2023-08-08 10:52:59,125] logger_util.py->write_log line:61 [INFO] 接口名称：modbus协议读取-保存寄存器无符号8位整型
[2023-08-08 10:52:59,125] logger_util.py->write_log line:61 [INFO] 接口方式：post
[2023-08-08 10:52:59,125] logger_util.py->write_log line:61 [INFO] 接口路径：http://127.0.0.1:6700/v1/cms/io/read
[2023-08-08 10:52:59,125] logger_util.py->write_log line:61 [INFO] 请求头：{'Content-Type': 'application/json'}
[2023-08-08 10:52:59,126] logger_util.py->write_log line:61 [INFO] 请求参数：{'tagNames': ['MOD_USINT1']}
[2023-08-08 10:52:59,126] logger_util.py->write_log line:61 [INFO] 文件上传：None
[2023-08-08 10:52:59,146] logger_util.py->error_log line:65 [INFO] 断言失败:data不等于0
[2023-08-08 10:52:59,147] logger_util.py->write_log line:61 [INFO] 接口请求失败！
[2023-08-08 10:52:59,147] logger_util.py->write_log line:61 [INFO] -------------接口请求结束-----------

[2023-08-08 10:52:59,147] logger_util.py->error_log line:65 [INFO] 断言异常：异常信息: Traceback (most recent call last):
  File "E:\Project_python\api_SIOT\common\requests_util.py", line 372, in validate_result
    error_log("断言失败:" + assert_key + "不等于" + str(assert_value))
  File "E:\Project_python\api_SIOT\common\logger_util.py", line 66, in error_log
    raise Exception(log_message)
Exception: 断言失败:data不等于0

[2023-08-08 10:52:59,147] logger_util.py->error_log line:65 [INFO] 分析YAML文件异常：异常信息: Traceback (most recent call last):
  File "E:\Project_python\api_SIOT\common\requests_util.py", line 372, in validate_result
    error_log("断言失败:" + assert_key + "不等于" + str(assert_value))
  File "E:\Project_python\api_SIOT\common\logger_util.py", line 66, in error_log
    raise Exception(log_message)
Exception: 断言失败:data不等于0

During handling of the above exception, another exception occurred:

Traceback (most recent call last):
  File "E:\Project_python\api_SIOT\common\requests_util.py", line 248, in analysis_yaml
    self.validate_result(yq_result, return_data, status_code)
  File "E:\Project_python\api_SIOT\common\requests_util.py", line 416, in validate_result
    error_log("断言异常：异常信息: %s" % str(traceback.format_exc()))
  File "E:\Project_python\api_SIOT\common\logger_util.py", line 66, in error_log
    raise Exception(log_message)
Exception: 断言异常：异常信息: Traceback (most recent call last):
  File "E:\Project_python\api_SIOT\common\requests_util.py", line 372, in validate_result
    error_log("断言失败:" + assert_key + "不等于" + str(assert_value))
  File "E:\Project_python\api_SIOT\common\logger_util.py", line 66, in error_log
    raise Exception(log_message)
Exception: 断言失败:data不等于0


[2023-08-08 10:52:59,175] logger_util.py->write_log line:61 [INFO] -------------接口请求开始-----------
[2023-08-08 10:52:59,175] logger_util.py->write_log line:61 [INFO] 接口名称：modbus协议读取-保存寄存器无符号16位整型
[2023-08-08 10:52:59,175] logger_util.py->write_log line:61 [INFO] 接口方式：post
[2023-08-08 10:52:59,175] logger_util.py->write_log line:61 [INFO] 接口路径：http://127.0.0.1:6700/v1/cms/io/read
[2023-08-08 10:52:59,175] logger_util.py->write_log line:61 [INFO] 请求头：{'Content-Type': 'application/json'}
[2023-08-08 10:52:59,175] logger_util.py->write_log line:61 [INFO] 请求参数：{'tagNames': ['MOD_UINT1']}
[2023-08-08 10:52:59,175] logger_util.py->write_log line:61 [INFO] 文件上传：None
[2023-08-08 10:52:59,209] logger_util.py->error_log line:65 [INFO] 断言失败:data不等于0
[2023-08-08 10:52:59,209] logger_util.py->write_log line:61 [INFO] 接口请求失败！
[2023-08-08 10:52:59,209] logger_util.py->write_log line:61 [INFO] -------------接口请求结束-----------

[2023-08-08 10:52:59,209] logger_util.py->error_log line:65 [INFO] 断言异常：异常信息: Traceback (most recent call last):
  File "E:\Project_python\api_SIOT\common\requests_util.py", line 372, in validate_result
    error_log("断言失败:" + assert_key + "不等于" + str(assert_value))
  File "E:\Project_python\api_SIOT\common\logger_util.py", line 66, in error_log
    raise Exception(log_message)
Exception: 断言失败:data不等于0

[2023-08-08 10:52:59,210] logger_util.py->error_log line:65 [INFO] 分析YAML文件异常：异常信息: Traceback (most recent call last):
  File "E:\Project_python\api_SIOT\common\requests_util.py", line 372, in validate_result
    error_log("断言失败:" + assert_key + "不等于" + str(assert_value))
  File "E:\Project_python\api_SIOT\common\logger_util.py", line 66, in error_log
    raise Exception(log_message)
Exception: 断言失败:data不等于0

During handling of the above exception, another exception occurred:

Traceback (most recent call last):
  File "E:\Project_python\api_SIOT\common\requests_util.py", line 248, in analysis_yaml
    self.validate_result(yq_result, return_data, status_code)
  File "E:\Project_python\api_SIOT\common\requests_util.py", line 416, in validate_result
    error_log("断言异常：异常信息: %s" % str(traceback.format_exc()))
  File "E:\Project_python\api_SIOT\common\logger_util.py", line 66, in error_log
    raise Exception(log_message)
Exception: 断言异常：异常信息: Traceback (most recent call last):
  File "E:\Project_python\api_SIOT\common\requests_util.py", line 372, in validate_result
    error_log("断言失败:" + assert_key + "不等于" + str(assert_value))
  File "E:\Project_python\api_SIOT\common\logger_util.py", line 66, in error_log
    raise Exception(log_message)
Exception: 断言失败:data不等于0


[2023-08-08 10:52:59,237] logger_util.py->write_log line:61 [INFO] -------------接口请求开始-----------
[2023-08-08 10:52:59,237] logger_util.py->write_log line:61 [INFO] 接口名称：modbus协议读取-保存寄存器无符号32位整型
[2023-08-08 10:52:59,237] logger_util.py->write_log line:61 [INFO] 接口方式：post
[2023-08-08 10:52:59,237] logger_util.py->write_log line:61 [INFO] 接口路径：http://127.0.0.1:6700/v1/cms/io/read
[2023-08-08 10:52:59,237] logger_util.py->write_log line:61 [INFO] 请求头：{'Content-Type': 'application/json'}
[2023-08-08 10:52:59,237] logger_util.py->write_log line:61 [INFO] 请求参数：{'tagNames': ['MOD_UDINT1']}
[2023-08-08 10:52:59,237] logger_util.py->write_log line:61 [INFO] 文件上传：None
[2023-08-08 10:52:59,256] logger_util.py->error_log line:65 [INFO] 断言失败:data不等于0
[2023-08-08 10:52:59,257] logger_util.py->write_log line:61 [INFO] 接口请求失败！
[2023-08-08 10:52:59,257] logger_util.py->write_log line:61 [INFO] -------------接口请求结束-----------

[2023-08-08 10:52:59,257] logger_util.py->error_log line:65 [INFO] 断言异常：异常信息: Traceback (most recent call last):
  File "E:\Project_python\api_SIOT\common\requests_util.py", line 372, in validate_result
    error_log("断言失败:" + assert_key + "不等于" + str(assert_value))
  File "E:\Project_python\api_SIOT\common\logger_util.py", line 66, in error_log
    raise Exception(log_message)
Exception: 断言失败:data不等于0

[2023-08-08 10:52:59,257] logger_util.py->error_log line:65 [INFO] 分析YAML文件异常：异常信息: Traceback (most recent call last):
  File "E:\Project_python\api_SIOT\common\requests_util.py", line 372, in validate_result
    error_log("断言失败:" + assert_key + "不等于" + str(assert_value))
  File "E:\Project_python\api_SIOT\common\logger_util.py", line 66, in error_log
    raise Exception(log_message)
Exception: 断言失败:data不等于0

During handling of the above exception, another exception occurred:

Traceback (most recent call last):
  File "E:\Project_python\api_SIOT\common\requests_util.py", line 248, in analysis_yaml
    self.validate_result(yq_result, return_data, status_code)
  File "E:\Project_python\api_SIOT\common\requests_util.py", line 416, in validate_result
    error_log("断言异常：异常信息: %s" % str(traceback.format_exc()))
  File "E:\Project_python\api_SIOT\common\logger_util.py", line 66, in error_log
    raise Exception(log_message)
Exception: 断言异常：异常信息: Traceback (most recent call last):
  File "E:\Project_python\api_SIOT\common\requests_util.py", line 372, in validate_result
    error_log("断言失败:" + assert_key + "不等于" + str(assert_value))
  File "E:\Project_python\api_SIOT\common\logger_util.py", line 66, in error_log
    raise Exception(log_message)
Exception: 断言失败:data不等于0


[2023-08-08 10:52:59,284] logger_util.py->write_log line:61 [INFO] -------------接口请求开始-----------
[2023-08-08 10:52:59,284] logger_util.py->write_log line:61 [INFO] 接口名称：modbus协议读取-保存寄存器F32位浮点数IEEE754
[2023-08-08 10:52:59,284] logger_util.py->write_log line:61 [INFO] 接口方式：post
[2023-08-08 10:52:59,284] logger_util.py->write_log line:61 [INFO] 接口路径：http://127.0.0.1:6700/v1/cms/io/read
[2023-08-08 10:52:59,284] logger_util.py->write_log line:61 [INFO] 请求头：{'Content-Type': 'application/json'}
[2023-08-08 10:52:59,284] logger_util.py->write_log line:61 [INFO] 请求参数：{'tagNames': ['MOD_REAL1']}
[2023-08-08 10:52:59,284] logger_util.py->write_log line:61 [INFO] 文件上传：None
[2023-08-08 10:52:59,303] logger_util.py->error_log line:65 [INFO] 断言失败:data不等于0
[2023-08-08 10:52:59,304] logger_util.py->write_log line:61 [INFO] 接口请求失败！
[2023-08-08 10:52:59,304] logger_util.py->write_log line:61 [INFO] -------------接口请求结束-----------

[2023-08-08 10:52:59,304] logger_util.py->error_log line:65 [INFO] 断言异常：异常信息: Traceback (most recent call last):
  File "E:\Project_python\api_SIOT\common\requests_util.py", line 372, in validate_result
    error_log("断言失败:" + assert_key + "不等于" + str(assert_value))
  File "E:\Project_python\api_SIOT\common\logger_util.py", line 66, in error_log
    raise Exception(log_message)
Exception: 断言失败:data不等于0

[2023-08-08 10:52:59,304] logger_util.py->error_log line:65 [INFO] 分析YAML文件异常：异常信息: Traceback (most recent call last):
  File "E:\Project_python\api_SIOT\common\requests_util.py", line 372, in validate_result
    error_log("断言失败:" + assert_key + "不等于" + str(assert_value))
  File "E:\Project_python\api_SIOT\common\logger_util.py", line 66, in error_log
    raise Exception(log_message)
Exception: 断言失败:data不等于0

During handling of the above exception, another exception occurred:

Traceback (most recent call last):
  File "E:\Project_python\api_SIOT\common\requests_util.py", line 248, in analysis_yaml
    self.validate_result(yq_result, return_data, status_code)
  File "E:\Project_python\api_SIOT\common\requests_util.py", line 416, in validate_result
    error_log("断言异常：异常信息: %s" % str(traceback.format_exc()))
  File "E:\Project_python\api_SIOT\common\logger_util.py", line 66, in error_log
    raise Exception(log_message)
Exception: 断言异常：异常信息: Traceback (most recent call last):
  File "E:\Project_python\api_SIOT\common\requests_util.py", line 372, in validate_result
    error_log("断言失败:" + assert_key + "不等于" + str(assert_value))
  File "E:\Project_python\api_SIOT\common\logger_util.py", line 66, in error_log
    raise Exception(log_message)
Exception: 断言失败:data不等于0


[2023-08-08 10:52:59,330] logger_util.py->write_log line:61 [INFO] -------------接口请求开始-----------
[2023-08-08 10:52:59,330] logger_util.py->write_log line:61 [INFO] 接口名称：modbus协议读取-保存寄存器二进制变量1
[2023-08-08 10:52:59,330] logger_util.py->write_log line:61 [INFO] 接口方式：post
[2023-08-08 10:52:59,331] logger_util.py->write_log line:61 [INFO] 接口路径：http://127.0.0.1:6700/v1/cms/io/read
[2023-08-08 10:52:59,331] logger_util.py->write_log line:61 [INFO] 请求头：{'Content-Type': 'application/json'}
[2023-08-08 10:52:59,331] logger_util.py->write_log line:61 [INFO] 请求参数：{'tagNames': ['MOD_BOOL1']}
[2023-08-08 10:52:59,331] logger_util.py->write_log line:61 [INFO] 文件上传：None
[2023-08-08 10:52:59,352] logger_util.py->error_log line:65 [INFO] 断言失败:data不等于0
[2023-08-08 10:52:59,352] logger_util.py->write_log line:61 [INFO] 接口请求失败！
[2023-08-08 10:52:59,352] logger_util.py->write_log line:61 [INFO] -------------接口请求结束-----------

[2023-08-08 10:52:59,353] logger_util.py->error_log line:65 [INFO] 断言异常：异常信息: Traceback (most recent call last):
  File "E:\Project_python\api_SIOT\common\requests_util.py", line 372, in validate_result
    error_log("断言失败:" + assert_key + "不等于" + str(assert_value))
  File "E:\Project_python\api_SIOT\common\logger_util.py", line 66, in error_log
    raise Exception(log_message)
Exception: 断言失败:data不等于0

[2023-08-08 10:52:59,353] logger_util.py->error_log line:65 [INFO] 分析YAML文件异常：异常信息: Traceback (most recent call last):
  File "E:\Project_python\api_SIOT\common\requests_util.py", line 372, in validate_result
    error_log("断言失败:" + assert_key + "不等于" + str(assert_value))
  File "E:\Project_python\api_SIOT\common\logger_util.py", line 66, in error_log
    raise Exception(log_message)
Exception: 断言失败:data不等于0

During handling of the above exception, another exception occurred:

Traceback (most recent call last):
  File "E:\Project_python\api_SIOT\common\requests_util.py", line 248, in analysis_yaml
    self.validate_result(yq_result, return_data, status_code)
  File "E:\Project_python\api_SIOT\common\requests_util.py", line 416, in validate_result
    error_log("断言异常：异常信息: %s" % str(traceback.format_exc()))
  File "E:\Project_python\api_SIOT\common\logger_util.py", line 66, in error_log
    raise Exception(log_message)
Exception: 断言异常：异常信息: Traceback (most recent call last):
  File "E:\Project_python\api_SIOT\common\requests_util.py", line 372, in validate_result
    error_log("断言失败:" + assert_key + "不等于" + str(assert_value))
  File "E:\Project_python\api_SIOT\common\logger_util.py", line 66, in error_log
    raise Exception(log_message)
Exception: 断言失败:data不等于0


[2023-08-08 10:52:59,380] logger_util.py->write_log line:61 [INFO] -------------接口请求开始-----------
[2023-08-08 10:52:59,380] logger_util.py->write_log line:61 [INFO] 接口名称：modbus协议读取-保存寄存器二进制变量2
[2023-08-08 10:52:59,380] logger_util.py->write_log line:61 [INFO] 接口方式：post
[2023-08-08 10:52:59,380] logger_util.py->write_log line:61 [INFO] 接口路径：http://127.0.0.1:6700/v1/cms/io/read
[2023-08-08 10:52:59,380] logger_util.py->write_log line:61 [INFO] 请求头：{'Content-Type': 'application/json'}
[2023-08-08 10:52:59,380] logger_util.py->write_log line:61 [INFO] 请求参数：{'tagNames': ['MOD_BOOL2']}
[2023-08-08 10:52:59,380] logger_util.py->write_log line:61 [INFO] 文件上传：None
[2023-08-08 10:52:59,399] logger_util.py->error_log line:65 [INFO] 断言失败:data不等于0
[2023-08-08 10:52:59,399] logger_util.py->write_log line:61 [INFO] 接口请求失败！
[2023-08-08 10:52:59,399] logger_util.py->write_log line:61 [INFO] -------------接口请求结束-----------

[2023-08-08 10:52:59,399] logger_util.py->error_log line:65 [INFO] 断言异常：异常信息: Traceback (most recent call last):
  File "E:\Project_python\api_SIOT\common\requests_util.py", line 372, in validate_result
    error_log("断言失败:" + assert_key + "不等于" + str(assert_value))
  File "E:\Project_python\api_SIOT\common\logger_util.py", line 66, in error_log
    raise Exception(log_message)
Exception: 断言失败:data不等于0

[2023-08-08 10:52:59,399] logger_util.py->error_log line:65 [INFO] 分析YAML文件异常：异常信息: Traceback (most recent call last):
  File "E:\Project_python\api_SIOT\common\requests_util.py", line 372, in validate_result
    error_log("断言失败:" + assert_key + "不等于" + str(assert_value))
  File "E:\Project_python\api_SIOT\common\logger_util.py", line 66, in error_log
    raise Exception(log_message)
Exception: 断言失败:data不等于0

During handling of the above exception, another exception occurred:

Traceback (most recent call last):
  File "E:\Project_python\api_SIOT\common\requests_util.py", line 248, in analysis_yaml
    self.validate_result(yq_result, return_data, status_code)
  File "E:\Project_python\api_SIOT\common\requests_util.py", line 416, in validate_result
    error_log("断言异常：异常信息: %s" % str(traceback.format_exc()))
  File "E:\Project_python\api_SIOT\common\logger_util.py", line 66, in error_log
    raise Exception(log_message)
Exception: 断言异常：异常信息: Traceback (most recent call last):
  File "E:\Project_python\api_SIOT\common\requests_util.py", line 372, in validate_result
    error_log("断言失败:" + assert_key + "不等于" + str(assert_value))
  File "E:\Project_python\api_SIOT\common\logger_util.py", line 66, in error_log
    raise Exception(log_message)
Exception: 断言失败:data不等于0


[2023-08-08 10:52:59,429] logger_util.py->write_log line:61 [INFO] -------------接口请求开始-----------
[2023-08-08 10:52:59,429] logger_util.py->write_log line:61 [INFO] 接口名称：modbus协议读取-保存寄存器字符串
[2023-08-08 10:52:59,430] logger_util.py->write_log line:61 [INFO] 接口方式：post
[2023-08-08 10:52:59,430] logger_util.py->write_log line:61 [INFO] 接口路径：http://127.0.0.1:6700/v1/cms/io/read
[2023-08-08 10:52:59,430] logger_util.py->write_log line:61 [INFO] 请求头：{'Content-Type': 'application/json'}
[2023-08-08 10:52:59,430] logger_util.py->write_log line:61 [INFO] 请求参数：{'tagNames': ['MOD_STRING1']}
[2023-08-08 10:52:59,430] logger_util.py->write_log line:61 [INFO] 文件上传：None
[2023-08-08 10:52:59,459] logger_util.py->error_log line:65 [INFO] 断言失败:data不等于0
[2023-08-08 10:52:59,460] logger_util.py->write_log line:61 [INFO] 接口请求失败！
[2023-08-08 10:52:59,460] logger_util.py->write_log line:61 [INFO] -------------接口请求结束-----------

[2023-08-08 10:52:59,460] logger_util.py->error_log line:65 [INFO] 断言异常：异常信息: Traceback (most recent call last):
  File "E:\Project_python\api_SIOT\common\requests_util.py", line 372, in validate_result
    error_log("断言失败:" + assert_key + "不等于" + str(assert_value))
  File "E:\Project_python\api_SIOT\common\logger_util.py", line 66, in error_log
    raise Exception(log_message)
Exception: 断言失败:data不等于0

[2023-08-08 10:52:59,460] logger_util.py->error_log line:65 [INFO] 分析YAML文件异常：异常信息: Traceback (most recent call last):
  File "E:\Project_python\api_SIOT\common\requests_util.py", line 372, in validate_result
    error_log("断言失败:" + assert_key + "不等于" + str(assert_value))
  File "E:\Project_python\api_SIOT\common\logger_util.py", line 66, in error_log
    raise Exception(log_message)
Exception: 断言失败:data不等于0

During handling of the above exception, another exception occurred:

Traceback (most recent call last):
  File "E:\Project_python\api_SIOT\common\requests_util.py", line 248, in analysis_yaml
    self.validate_result(yq_result, return_data, status_code)
  File "E:\Project_python\api_SIOT\common\requests_util.py", line 416, in validate_result
    error_log("断言异常：异常信息: %s" % str(traceback.format_exc()))
  File "E:\Project_python\api_SIOT\common\logger_util.py", line 66, in error_log
    raise Exception(log_message)
Exception: 断言异常：异常信息: Traceback (most recent call last):
  File "E:\Project_python\api_SIOT\common\requests_util.py", line 372, in validate_result
    error_log("断言失败:" + assert_key + "不等于" + str(assert_value))
  File "E:\Project_python\api_SIOT\common\logger_util.py", line 66, in error_log
    raise Exception(log_message)
Exception: 断言失败:data不等于0


[2023-08-08 10:52:59,486] logger_util.py->write_log line:61 [INFO] -------------接口请求开始-----------
[2023-08-08 10:52:59,486] logger_util.py->write_log line:61 [INFO] 接口名称：modbus协议读取-二进制变量
[2023-08-08 10:52:59,486] logger_util.py->write_log line:61 [INFO] 接口方式：post
[2023-08-08 10:52:59,486] logger_util.py->write_log line:61 [INFO] 接口路径：http://127.0.0.1:6700/v1/cms/io/read
[2023-08-08 10:52:59,486] logger_util.py->write_log line:61 [INFO] 请求头：{'Content-Type': 'application/json'}
[2023-08-08 10:52:59,486] logger_util.py->write_log line:61 [INFO] 请求参数：{'tagNames': ['MOD_Q0']}
[2023-08-08 10:52:59,486] logger_util.py->write_log line:61 [INFO] 文件上传：None
[2023-08-08 10:52:59,507] logger_util.py->error_log line:65 [INFO] 断言失败:data不等于0
[2023-08-08 10:52:59,508] logger_util.py->write_log line:61 [INFO] 接口请求失败！
[2023-08-08 10:52:59,508] logger_util.py->write_log line:61 [INFO] -------------接口请求结束-----------

[2023-08-08 10:52:59,508] logger_util.py->error_log line:65 [INFO] 断言异常：异常信息: Traceback (most recent call last):
  File "E:\Project_python\api_SIOT\common\requests_util.py", line 372, in validate_result
    error_log("断言失败:" + assert_key + "不等于" + str(assert_value))
  File "E:\Project_python\api_SIOT\common\logger_util.py", line 66, in error_log
    raise Exception(log_message)
Exception: 断言失败:data不等于0

[2023-08-08 10:52:59,508] logger_util.py->error_log line:65 [INFO] 分析YAML文件异常：异常信息: Traceback (most recent call last):
  File "E:\Project_python\api_SIOT\common\requests_util.py", line 372, in validate_result
    error_log("断言失败:" + assert_key + "不等于" + str(assert_value))
  File "E:\Project_python\api_SIOT\common\logger_util.py", line 66, in error_log
    raise Exception(log_message)
Exception: 断言失败:data不等于0

During handling of the above exception, another exception occurred:

Traceback (most recent call last):
  File "E:\Project_python\api_SIOT\common\requests_util.py", line 248, in analysis_yaml
    self.validate_result(yq_result, return_data, status_code)
  File "E:\Project_python\api_SIOT\common\requests_util.py", line 416, in validate_result
    error_log("断言异常：异常信息: %s" % str(traceback.format_exc()))
  File "E:\Project_python\api_SIOT\common\logger_util.py", line 66, in error_log
    raise Exception(log_message)
Exception: 断言异常：异常信息: Traceback (most recent call last):
  File "E:\Project_python\api_SIOT\common\requests_util.py", line 372, in validate_result
    error_log("断言失败:" + assert_key + "不等于" + str(assert_value))
  File "E:\Project_python\api_SIOT\common\logger_util.py", line 66, in error_log
    raise Exception(log_message)
Exception: 断言失败:data不等于0


[2023-08-08 10:52:59,535] logger_util.py->write_log line:61 [INFO] -------------接口请求开始-----------
[2023-08-08 10:52:59,535] logger_util.py->write_log line:61 [INFO] 接口名称：modbus协议读取-二进制变量
[2023-08-08 10:52:59,535] logger_util.py->write_log line:61 [INFO] 接口方式：post
[2023-08-08 10:52:59,535] logger_util.py->write_log line:61 [INFO] 接口路径：http://127.0.0.1:6700/v1/cms/io/read
[2023-08-08 10:52:59,535] logger_util.py->write_log line:61 [INFO] 请求头：{'Content-Type': 'application/json'}
[2023-08-08 10:52:59,535] logger_util.py->write_log line:61 [INFO] 请求参数：{'tagNames': ['MOD_Q1']}
[2023-08-08 10:52:59,535] logger_util.py->write_log line:61 [INFO] 文件上传：None
[2023-08-08 10:52:59,555] logger_util.py->error_log line:65 [INFO] 断言失败:data不等于0
[2023-08-08 10:52:59,556] logger_util.py->write_log line:61 [INFO] 接口请求失败！
[2023-08-08 10:52:59,556] logger_util.py->write_log line:61 [INFO] -------------接口请求结束-----------

[2023-08-08 10:52:59,556] logger_util.py->error_log line:65 [INFO] 断言异常：异常信息: Traceback (most recent call last):
  File "E:\Project_python\api_SIOT\common\requests_util.py", line 372, in validate_result
    error_log("断言失败:" + assert_key + "不等于" + str(assert_value))
  File "E:\Project_python\api_SIOT\common\logger_util.py", line 66, in error_log
    raise Exception(log_message)
Exception: 断言失败:data不等于0

[2023-08-08 10:52:59,556] logger_util.py->error_log line:65 [INFO] 分析YAML文件异常：异常信息: Traceback (most recent call last):
  File "E:\Project_python\api_SIOT\common\requests_util.py", line 372, in validate_result
    error_log("断言失败:" + assert_key + "不等于" + str(assert_value))
  File "E:\Project_python\api_SIOT\common\logger_util.py", line 66, in error_log
    raise Exception(log_message)
Exception: 断言失败:data不等于0

During handling of the above exception, another exception occurred:

Traceback (most recent call last):
  File "E:\Project_python\api_SIOT\common\requests_util.py", line 248, in analysis_yaml
    self.validate_result(yq_result, return_data, status_code)
  File "E:\Project_python\api_SIOT\common\requests_util.py", line 416, in validate_result
    error_log("断言异常：异常信息: %s" % str(traceback.format_exc()))
  File "E:\Project_python\api_SIOT\common\logger_util.py", line 66, in error_log
    raise Exception(log_message)
Exception: 断言异常：异常信息: Traceback (most recent call last):
  File "E:\Project_python\api_SIOT\common\requests_util.py", line 372, in validate_result
    error_log("断言失败:" + assert_key + "不等于" + str(assert_value))
  File "E:\Project_python\api_SIOT\common\logger_util.py", line 66, in error_log
    raise Exception(log_message)
Exception: 断言失败:data不等于0


