[2023-08-08 10:36:19,519] logger_util.py->error_log line:65 [INFO] 读取用例文件异常：异常信息: Traceback (most recent call last):
  File "E:\Project_python\api_SIOT\common\parameters_util.py", line 23, in read_testcase_file
    caseinfo = yaml.load(stream=f, Loader=yaml.FullLoader)
  File "D:\Pyhton\Pyton39\lib\site-packages\yaml\__init__.py", line 114, in load
    return loader.get_single_data()
  File "D:\Pyhton\Pyton39\lib\site-packages\yaml\constructor.py", line 49, in get_single_data
    node = self.get_single_node()
  File "D:\Pyhton\Pyton39\lib\site-packages\yaml\composer.py", line 36, in get_single_node
    document = self.compose_document()
  File "D:\Pyhton\Pyton39\lib\site-packages\yaml\composer.py", line 55, in compose_document
    node = self.compose_node(None, None)
  File "D:\Pyhton\Pyton39\lib\site-packages\yaml\composer.py", line 82, in compose_node
    node = self.compose_sequence_node(anchor)
  File "D:\Pyhton\Pyton39\lib\site-packages\yaml\composer.py", line 111, in compose_sequence_node
    node.value.append(self.compose_node(node, index))
  File "D:\Pyhton\Pyton39\lib\site-packages\yaml\composer.py", line 84, in compose_node
    node = self.compose_mapping_node(anchor)
  File "D:\Pyhton\Pyton39\lib\site-packages\yaml\composer.py", line 133, in compose_mapping_node
    item_value = self.compose_node(node, item_key)
  File "D:\Pyhton\Pyton39\lib\site-packages\yaml\composer.py", line 84, in compose_node
    node = self.compose_mapping_node(anchor)
  File "D:\Pyhton\Pyton39\lib\site-packages\yaml\composer.py", line 133, in compose_mapping_node
    item_value = self.compose_node(node, item_key)
  File "D:\Pyhton\Pyton39\lib\site-packages\yaml\composer.py", line 84, in compose_node
    node = self.compose_mapping_node(anchor)
  File "D:\Pyhton\Pyton39\lib\site-packages\yaml\composer.py", line 133, in compose_mapping_node
    item_value = self.compose_node(node, item_key)
  File "D:\Pyhton\Pyton39\lib\site-packages\yaml\composer.py", line 82, in compose_node
    node = self.compose_sequence_node(anchor)
  File "D:\Pyhton\Pyton39\lib\site-packages\yaml\composer.py", line 110, in compose_sequence_node
    while not self.check_event(SequenceEndEvent):
  File "D:\Pyhton\Pyton39\lib\site-packages\yaml\parser.py", line 98, in check_event
    self.current_event = self.state()
  File "D:\Pyhton\Pyton39\lib\site-packages\yaml\parser.py", line 483, in parse_flow_sequence_entry
    raise ParserError("while parsing a flow sequence", self.marks[-1],
yaml.parser.ParserError: while parsing a flow sequence
  in "E:\Project_python\api_SIOT/testcase/ModBus/modbus_read.yml", line 9, column 20
expected ',' or ']', but got '{'
  in "E:\Project_python\api_SIOT/testcase/ModBus/modbus_read.yml", line 9, column 25

