[2023-11-27 17:46:13,800] logger_util.py->write_log line:61 [INFO] 
-------------接口请求开始-----------
[2023-11-27 17:46:13,800] logger_util.py->write_log line:61 [INFO] 接口名称：测试连接互联项
[2023-11-27 17:46:13,801] logger_util.py->write_log line:61 [INFO] 接口方式：post
[2023-11-27 17:46:13,801] logger_util.py->write_log line:61 [INFO] 接口路径：http://127.0.0.1:18000/api/v1/connection/test
[2023-11-27 17:46:13,801] logger_util.py->write_log line:61 [INFO] 请求头：{'X-Project': 'd800d1a6d0be4623aaa824c28dc71981'}
[2023-11-27 17:46:13,801] logger_util.py->write_log line:61 [INFO] 请求参数：{'id': None, 'name': 'mysql2726', 'connectionType': 1, 'databaseType': 1, 'authenticationType': None, 'server': '127.0.0.1', 'port': '3306', 'database': 'TestDB', 'databasePath': '', 'userName': 'root', 'password': 'syc123', 'changedPassword': True, 'mqttType': None, 'pushType': None, 'timingPeriod': None, 'changingPeriod': None, 'cloudDeviceId': '', 'originalSecret': ''}
[2023-11-27 17:46:13,801] logger_util.py->write_log line:61 [INFO] 文件上传：None
[2023-11-27 17:46:13,806] logger_util.py->write_log line:61 [INFO] 预期结果：[{'equals': {'status_code': 200}}]
[2023-11-27 17:46:13,806] logger_util.py->write_log line:61 [INFO] 实际结果：测试连接成功
[2023-11-27 17:46:13,806] logger_util.py->write_log line:61 [INFO] 接口请求成功！
[2023-11-27 17:46:13,806] logger_util.py->write_log line:61 [INFO] 
-------------接口请求结束-----------

[2023-11-27 17:46:13,823] logger_util.py->write_log line:61 [INFO] 
-------------接口请求开始-----------
[2023-11-27 17:46:13,823] logger_util.py->write_log line:61 [INFO] 接口名称：测试连接互联项
[2023-11-27 17:46:13,823] logger_util.py->write_log line:61 [INFO] 接口方式：post
[2023-11-27 17:46:13,823] logger_util.py->write_log line:61 [INFO] 接口路径：http://127.0.0.1:18000/api/v1/connection
[2023-11-27 17:46:13,823] logger_util.py->write_log line:61 [INFO] 请求头：{'X-Project': 'd800d1a6d0be4623aaa824c28dc71981'}
[2023-11-27 17:46:13,823] logger_util.py->write_log line:61 [INFO] 请求参数：{'id': None, 'name': 'mysql8145', 'connectionType': 1, 'databaseType': 1, 'authenticationType': None, 'server': '127.0.0.1', 'port': '3306', 'database': 'TestDB', 'databasePath': '', 'userName': 'root', 'password': 'syc123', 'changedPassword': True, 'mqttType': None, 'pushType': None, 'timingPeriod': None, 'changingPeriod': None, 'cloudDeviceId': '', 'originalSecret': ''}
[2023-11-27 17:46:13,823] logger_util.py->write_log line:61 [INFO] 文件上传：None
[2023-11-27 17:46:13,846] logger_util.py->write_log line:61 [INFO] 预期结果：[{'equals': {'status_code': 200}}]
[2023-11-27 17:46:13,846] logger_util.py->write_log line:61 [INFO] 实际结果：{'data': {'id': 24, 'name': 'mysql8145', 'connectionType': 1, 'databaseType': 1, 'authenticationType': 0, 'server': '127.0.0.1', 'port': 3306, 'database': 'TestDB', 'databasePath': '', 'userName': 'root'}, 'message': ''}
[2023-11-27 17:46:13,846] logger_util.py->write_log line:61 [INFO] 接口请求成功！
[2023-11-27 17:46:13,846] logger_util.py->write_log line:61 [INFO] 
-------------接口请求结束-----------

[2023-11-27 17:46:13,855] logger_util.py->write_log line:61 [INFO] 
-------------接口请求开始-----------
[2023-11-27 17:46:13,855] logger_util.py->write_log line:61 [INFO] 接口名称：关闭互联项
[2023-11-27 17:46:13,855] logger_util.py->write_log line:61 [INFO] 接口方式：put
[2023-11-27 17:46:13,855] logger_util.py->write_log line:61 [INFO] 接口路径：http://127.0.0.1:18000/api/v1/connection/switch/1/24/off
[2023-11-27 17:46:13,855] logger_util.py->write_log line:61 [INFO] 请求头：{'X-Project': 'd800d1a6d0be4623aaa824c28dc71981'}
[2023-11-27 17:46:13,856] logger_util.py->write_log line:61 [INFO] 文件上传：None
[2023-11-27 17:46:13,864] logger_util.py->write_log line:61 [INFO] 预期结果：[{'equals': {'status_code': 200}}]
[2023-11-27 17:46:13,864] logger_util.py->write_log line:61 [INFO] 实际结果：[{'nodeGuid': '9fa86d5c-ebc5-402d-b50f-8bb6ceeacbc0', 'id': 24, 'type': 1, 'name': 'mysql8145', 'status': 0, 'errorMsg': None, 'children': []}]
[2023-11-27 17:46:13,865] logger_util.py->write_log line:61 [INFO] 接口请求成功！
[2023-11-27 17:46:13,865] logger_util.py->write_log line:61 [INFO] 
-------------接口请求结束-----------

[2023-11-27 17:46:13,870] logger_util.py->write_log line:61 [INFO] 
-------------接口请求开始-----------
[2023-11-27 17:46:13,870] logger_util.py->write_log line:61 [INFO] 接口名称：开启互联项
[2023-11-27 17:46:13,870] logger_util.py->write_log line:61 [INFO] 接口方式：put
[2023-11-27 17:46:13,870] logger_util.py->write_log line:61 [INFO] 接口路径：http://127.0.0.1:18000/api/v1/connection/switch/1/24/on
[2023-11-27 17:46:13,870] logger_util.py->write_log line:61 [INFO] 请求头：{'X-Project': 'd800d1a6d0be4623aaa824c28dc71981'}
[2023-11-27 17:46:13,870] logger_util.py->write_log line:61 [INFO] 文件上传：None
[2023-11-27 17:46:13,879] logger_util.py->write_log line:61 [INFO] 预期结果：[{'equals': {'status_code': 200}}]
[2023-11-27 17:46:13,879] logger_util.py->write_log line:61 [INFO] 实际结果：[{'nodeGuid': '88389bf2-5358-4509-a1e1-5efb3c9ce8f1', 'id': 24, 'type': 1, 'name': 'mysql8145', 'status': 0, 'errorMsg': None, 'children': []}]
[2023-11-27 17:46:13,879] logger_util.py->write_log line:61 [INFO] 接口请求成功！
[2023-11-27 17:46:13,880] logger_util.py->write_log line:61 [INFO] 
-------------接口请求结束-----------

[2023-11-27 17:46:13,885] logger_util.py->write_log line:61 [INFO] 
-------------接口请求开始-----------
[2023-11-27 17:46:13,885] logger_util.py->write_log line:61 [INFO] 接口名称：重命名互联项
[2023-11-27 17:46:13,885] logger_util.py->write_log line:61 [INFO] 接口方式：put
[2023-11-27 17:46:13,885] logger_util.py->write_log line:61 [INFO] 接口路径：http://127.0.0.1:18000/api/v1/connection/rename/1/24/重命名_mysql815
[2023-11-27 17:46:13,885] logger_util.py->write_log line:61 [INFO] 请求头：{'X-Project': 'd800d1a6d0be4623aaa824c28dc71981'}
[2023-11-27 17:46:13,885] logger_util.py->write_log line:61 [INFO] 文件上传：None
[2023-11-27 17:46:13,907] logger_util.py->write_log line:61 [INFO] 预期结果：[{'equals': {'status_code': 200}}]
[2023-11-27 17:46:13,907] logger_util.py->write_log line:61 [INFO] 实际结果：
[2023-11-27 17:46:13,908] logger_util.py->write_log line:61 [INFO] 接口请求成功！
[2023-11-27 17:46:13,908] logger_util.py->write_log line:61 [INFO] 
-------------接口请求结束-----------

[2023-11-27 17:46:13,925] logger_util.py->write_log line:61 [INFO] 
-------------接口请求开始-----------
[2023-11-27 17:46:13,925] logger_util.py->write_log line:61 [INFO] 接口名称：修改互联配置
[2023-11-27 17:46:13,925] logger_util.py->write_log line:61 [INFO] 接口方式：put
[2023-11-27 17:46:13,925] logger_util.py->write_log line:61 [INFO] 接口路径：http://127.0.0.1:18000/api/v1/connection/24/config
[2023-11-27 17:46:13,925] logger_util.py->write_log line:61 [INFO] 请求头：{'X-Project': 'd800d1a6d0be4623aaa824c28dc71981'}
[2023-11-27 17:46:13,925] logger_util.py->write_log line:61 [INFO] 请求参数：{'id': 24, 'name': '改配_mysql670', 'connectionType': 1, 'databaseType': 1, 'authenticationType': 0, 'server': '127.0.0.1', 'port': '3306', 'database': 'TestDB', 'databasePath': '', 'userName': 'root', 'password': 'syc123'}
[2023-11-27 17:46:13,925] logger_util.py->write_log line:61 [INFO] 文件上传：None
[2023-11-27 17:46:13,946] logger_util.py->write_log line:61 [INFO] 预期结果：[{'equals': {'status_code': 200}}]
[2023-11-27 17:46:13,946] logger_util.py->write_log line:61 [INFO] 实际结果：{'data': {'id': 24, 'name': '改配_mysql670', 'connectionType': 1, 'databaseType': 1, 'authenticationType': 0, 'server': '127.0.0.1', 'port': 3306, 'database': 'TestDB', 'databasePath': '', 'userName': 'root'}, 'message': ''}
[2023-11-27 17:46:13,946] logger_util.py->write_log line:61 [INFO] 接口请求成功！
[2023-11-27 17:46:13,946] logger_util.py->write_log line:61 [INFO] 
-------------接口请求结束-----------

[2023-11-27 17:46:13,951] logger_util.py->write_log line:61 [INFO] 
-------------接口请求开始-----------
[2023-11-27 17:46:13,951] logger_util.py->write_log line:61 [INFO] 接口名称：删除互联项
[2023-11-27 17:46:13,951] logger_util.py->write_log line:61 [INFO] 接口方式：delete
[2023-11-27 17:46:13,952] logger_util.py->write_log line:61 [INFO] 接口路径：http://127.0.0.1:18000/api/v1/connection/1/24
[2023-11-27 17:46:13,952] logger_util.py->write_log line:61 [INFO] 请求头：{'X-Project': 'd800d1a6d0be4623aaa824c28dc71981'}
[2023-11-27 17:46:13,952] logger_util.py->write_log line:61 [INFO] 文件上传：None
[2023-11-27 17:46:13,975] logger_util.py->write_log line:61 [INFO] 预期结果：[{'equals': {'status_code': 200}}]
[2023-11-27 17:46:13,975] logger_util.py->write_log line:61 [INFO] 实际结果：
[2023-11-27 17:46:13,975] logger_util.py->write_log line:61 [INFO] 接口请求成功！
[2023-11-27 17:46:13,975] logger_util.py->write_log line:61 [INFO] 
-------------接口请求结束-----------

[2023-11-27 17:46:13,990] logger_util.py->write_log line:61 [INFO] 
-------------接口请求开始-----------
[2023-11-27 17:46:13,990] logger_util.py->write_log line:61 [INFO] 接口名称：测试连接互联项
[2023-11-27 17:46:13,991] logger_util.py->write_log line:61 [INFO] 接口方式：post
[2023-11-27 17:46:13,991] logger_util.py->write_log line:61 [INFO] 接口路径：http://127.0.0.1:18000/api/v1/connection
[2023-11-27 17:46:13,992] logger_util.py->write_log line:61 [INFO] 请求头：{'X-Project': 'd800d1a6d0be4623aaa824c28dc71981'}
[2023-11-27 17:46:13,992] logger_util.py->write_log line:61 [INFO] 请求参数：{'id': None, 'name': 'mysql5078', 'connectionType': 1, 'databaseType': 1, 'authenticationType': None, 'server': '127.0.0.1', 'port': '3306', 'database': 'TestDB', 'databasePath': '', 'userName': 'root', 'password': 'syc123', 'changedPassword': True, 'mqttType': None, 'pushType': None, 'timingPeriod': None, 'changingPeriod': None, 'cloudDeviceId': '', 'originalSecret': ''}
[2023-11-27 17:46:13,992] logger_util.py->write_log line:61 [INFO] 文件上传：None
[2023-11-27 17:46:14,014] logger_util.py->write_log line:61 [INFO] 预期结果：[{'equals': {'status_code': 200}}]
[2023-11-27 17:46:14,014] logger_util.py->write_log line:61 [INFO] 实际结果：{'data': {'id': 25, 'name': 'mysql5078', 'connectionType': 1, 'databaseType': 1, 'authenticationType': 0, 'server': '127.0.0.1', 'port': 3306, 'database': 'TestDB', 'databasePath': '', 'userName': 'root'}, 'message': ''}
[2023-11-27 17:46:14,014] logger_util.py->write_log line:61 [INFO] 接口请求成功！
[2023-11-27 17:46:14,014] logger_util.py->write_log line:61 [INFO] 
-------------接口请求结束-----------

