[2023-08-08 11:19:02,268] logger_util.py->write_log line:61 [INFO] -------------接口请求开始-----------
[2023-08-08 11:19:02,268] logger_util.py->write_log line:61 [INFO] 接口名称：modbus协议下发-保存寄存器有符号8位整型
[2023-08-08 11:19:02,268] logger_util.py->write_log line:61 [INFO] 接口方式：post
[2023-08-08 11:19:02,268] logger_util.py->write_log line:61 [INFO] 接口路径：http://127.0.0.1:6700/v1/cms/io/write
[2023-08-08 11:19:02,268] logger_util.py->write_log line:61 [INFO] 请求头：{'Content-Type': 'application/json'}
[2023-08-08 11:19:02,268] logger_util.py->write_log line:61 [INFO] 请求参数：{'tagDatas': {'MOD_SINT1': '-11'}}
[2023-08-08 11:19:02,269] logger_util.py->write_log line:61 [INFO] 文件上传：None
[2023-08-08 11:19:02,338] logger_util.py->write_log line:61 [INFO] 预期结果：[{'equals': {'status_code': 200}}, {'equals': {'msg': 'All write successfully'}}]
[2023-08-08 11:19:02,338] logger_util.py->write_log line:61 [INFO] 实际结果：{'body': {'code': 0, 'msg': 'All write successfully', 'tagResults': {'MOD_SINT1': 0}, 'traceId': '84BED2B1-BAA9-4F86-ABE2-525B68C58923'}, 'header': {'code': 0, 'cur_module': 'siot', 'msg': 'All write successfully', 'timespend': 65, 'tracelist': [{'code': 0, 'module': 'siot', 'msg': 'All write successfully', 'submodule_timespend': {'api': 65, 'control': 65, 'driver': 16}, 'timespend': 65}]}}
[2023-08-08 11:19:02,338] logger_util.py->write_log line:61 [INFO] 接口请求成功！
[2023-08-08 11:19:02,338] logger_util.py->write_log line:61 [INFO] -------------接口请求结束-----------

[2023-08-08 11:19:02,343] logger_util.py->write_log line:61 [INFO] -------------接口请求开始-----------
[2023-08-08 11:19:02,343] logger_util.py->write_log line:61 [INFO] 接口名称：modbus协议下发-保存寄存器有符号16位整型
[2023-08-08 11:19:02,343] logger_util.py->write_log line:61 [INFO] 接口方式：post
[2023-08-08 11:19:02,343] logger_util.py->write_log line:61 [INFO] 接口路径：http://127.0.0.1:6700/v1/cms/io/write
[2023-08-08 11:19:02,343] logger_util.py->write_log line:61 [INFO] 请求头：{'Content-Type': 'application/json'}
[2023-08-08 11:19:02,343] logger_util.py->write_log line:61 [INFO] 请求参数：{'tagDatas': {'MOD_INT1': '22'}}
[2023-08-08 11:19:02,343] logger_util.py->write_log line:61 [INFO] 文件上传：None
[2023-08-08 11:19:02,383] logger_util.py->write_log line:61 [INFO] 预期结果：[{'equals': {'status_code': 200}}, {'equals': {'msg': 'All write successfully'}}]
[2023-08-08 11:19:02,384] logger_util.py->write_log line:61 [INFO] 实际结果：{'body': {'code': 0, 'msg': 'All write successfully', 'tagResults': {'MOD_INT1': 0}, 'traceId': '7B49DD31-5819-4FD4-AC8D-388E6F28DF4C'}, 'header': {'code': 0, 'cur_module': 'siot', 'msg': 'All write successfully', 'timespend': 39, 'tracelist': [{'code': 0, 'module': 'siot', 'msg': 'All write successfully', 'submodule_timespend': {'api': 39, 'control': 39, 'driver': 9}, 'timespend': 39}]}}
[2023-08-08 11:19:02,384] logger_util.py->write_log line:61 [INFO] 接口请求成功！
[2023-08-08 11:19:02,384] logger_util.py->write_log line:61 [INFO] -------------接口请求结束-----------

[2023-08-08 11:19:02,388] logger_util.py->write_log line:61 [INFO] -------------接口请求开始-----------
[2023-08-08 11:19:02,389] logger_util.py->write_log line:61 [INFO] 接口名称：modbus协议下发-保存寄存器有符号32位整型
[2023-08-08 11:19:02,389] logger_util.py->write_log line:61 [INFO] 接口方式：post
[2023-08-08 11:19:02,389] logger_util.py->write_log line:61 [INFO] 接口路径：http://127.0.0.1:6700/v1/cms/io/write
[2023-08-08 11:19:02,389] logger_util.py->write_log line:61 [INFO] 请求头：{'Content-Type': 'application/json'}
[2023-08-08 11:19:02,389] logger_util.py->write_log line:61 [INFO] 请求参数：{'tagDatas': {'MOD_DINT1': '33'}}
[2023-08-08 11:19:02,389] logger_util.py->write_log line:61 [INFO] 文件上传：None
[2023-08-08 11:19:02,447] logger_util.py->write_log line:61 [INFO] 预期结果：[{'equals': {'status_code': 200}}, {'equals': {'msg': 'All write successfully'}}]
[2023-08-08 11:19:02,448] logger_util.py->write_log line:61 [INFO] 实际结果：{'body': {'code': 0, 'msg': 'All write successfully', 'tagResults': {'MOD_DINT1': 0}, 'traceId': 'E6C6C19D-395F-4E54-99FA-3E098BBEA218'}, 'header': {'code': 0, 'cur_module': 'siot', 'msg': 'All write successfully', 'timespend': 56, 'tracelist': [{'code': 0, 'module': 'siot', 'msg': 'All write successfully', 'submodule_timespend': {'api': 56, 'control': 56, 'driver': 16}, 'timespend': 56}]}}
[2023-08-08 11:19:02,448] logger_util.py->write_log line:61 [INFO] 接口请求成功！
[2023-08-08 11:19:02,448] logger_util.py->write_log line:61 [INFO] -------------接口请求结束-----------

[2023-08-08 11:19:02,452] logger_util.py->write_log line:61 [INFO] -------------接口请求开始-----------
[2023-08-08 11:19:02,452] logger_util.py->write_log line:61 [INFO] 接口名称：modbus协议下发-保存寄存器无符号8位整型
[2023-08-08 11:19:02,453] logger_util.py->write_log line:61 [INFO] 接口方式：post
[2023-08-08 11:19:02,453] logger_util.py->write_log line:61 [INFO] 接口路径：http://127.0.0.1:6700/v1/cms/io/write
[2023-08-08 11:19:02,453] logger_util.py->write_log line:61 [INFO] 请求头：{'Content-Type': 'application/json'}
[2023-08-08 11:19:02,453] logger_util.py->write_log line:61 [INFO] 请求参数：{'tagDatas': {'MOD_USINT1': '44'}}
[2023-08-08 11:19:02,453] logger_util.py->write_log line:61 [INFO] 文件上传：None
[2023-08-08 11:19:02,511] logger_util.py->write_log line:61 [INFO] 预期结果：[{'equals': {'status_code': 200}}, {'equals': {'msg': 'All write successfully'}}]
[2023-08-08 11:19:02,512] logger_util.py->write_log line:61 [INFO] 实际结果：{'body': {'code': 0, 'msg': 'All write successfully', 'tagResults': {'MOD_USINT1': 0}, 'traceId': '46C3C160-8852-45F9-909B-9098FC49BD30'}, 'header': {'code': 0, 'cur_module': 'siot', 'msg': 'All write successfully', 'timespend': 56, 'tracelist': [{'code': 0, 'module': 'siot', 'msg': 'All write successfully', 'submodule_timespend': {'api': 56, 'control': 56, 'driver': 16}, 'timespend': 56}]}}
[2023-08-08 11:19:02,512] logger_util.py->write_log line:61 [INFO] 接口请求成功！
[2023-08-08 11:19:02,512] logger_util.py->write_log line:61 [INFO] -------------接口请求结束-----------

[2023-08-08 11:19:02,516] logger_util.py->write_log line:61 [INFO] -------------接口请求开始-----------
[2023-08-08 11:19:02,516] logger_util.py->write_log line:61 [INFO] 接口名称：modbus协议下发-保存寄存器无符号16位整型
[2023-08-08 11:19:02,516] logger_util.py->write_log line:61 [INFO] 接口方式：post
[2023-08-08 11:19:02,517] logger_util.py->write_log line:61 [INFO] 接口路径：http://127.0.0.1:6700/v1/cms/io/write
[2023-08-08 11:19:02,517] logger_util.py->write_log line:61 [INFO] 请求头：{'Content-Type': 'application/json'}
[2023-08-08 11:19:02,517] logger_util.py->write_log line:61 [INFO] 请求参数：{'tagDatas': {'MOD_UINT1': '55'}}
[2023-08-08 11:19:02,517] logger_util.py->write_log line:61 [INFO] 文件上传：None
[2023-08-08 11:19:02,559] logger_util.py->write_log line:61 [INFO] 预期结果：[{'equals': {'status_code': 200}}, {'equals': {'msg': 'All write successfully'}}]
[2023-08-08 11:19:02,559] logger_util.py->write_log line:61 [INFO] 实际结果：{'body': {'code': 0, 'msg': 'All write successfully', 'tagResults': {'MOD_UINT1': 0}, 'traceId': 'A24DC05F-8715-47E0-806E-D6BF406C9643'}, 'header': {'code': 0, 'cur_module': 'siot', 'msg': 'All write successfully', 'timespend': 40, 'tracelist': [{'code': 0, 'module': 'siot', 'msg': 'All write successfully', 'submodule_timespend': {'api': 40, 'control': 40, 'driver': 8}, 'timespend': 40}]}}
[2023-08-08 11:19:02,559] logger_util.py->write_log line:61 [INFO] 接口请求成功！
[2023-08-08 11:19:02,559] logger_util.py->write_log line:61 [INFO] -------------接口请求结束-----------

[2023-08-08 11:19:02,571] logger_util.py->write_log line:61 [INFO] -------------接口请求开始-----------
[2023-08-08 11:19:02,572] logger_util.py->write_log line:61 [INFO] 接口名称：modbus协议下发-保存寄存器无符号32位整型
[2023-08-08 11:19:02,572] logger_util.py->write_log line:61 [INFO] 接口方式：post
[2023-08-08 11:19:02,572] logger_util.py->write_log line:61 [INFO] 接口路径：http://127.0.0.1:6700/v1/cms/io/write
[2023-08-08 11:19:02,572] logger_util.py->write_log line:61 [INFO] 请求头：{'Content-Type': 'application/json'}
[2023-08-08 11:19:02,572] logger_util.py->write_log line:61 [INFO] 请求参数：{'tagDatas': {'MOD_UDINT1': '66'}}
[2023-08-08 11:19:02,572] logger_util.py->write_log line:61 [INFO] 文件上传：None
[2023-08-08 11:19:02,622] logger_util.py->write_log line:61 [INFO] 预期结果：[{'equals': {'status_code': 200}}, {'equals': {'msg': 'All write successfully'}}]
[2023-08-08 11:19:02,623] logger_util.py->write_log line:61 [INFO] 实际结果：{'body': {'code': 0, 'msg': 'All write successfully', 'tagResults': {'MOD_UDINT1': 0}, 'traceId': 'F88D067E-2B02-4EE5-9A6C-8BC70D067A09'}, 'header': {'code': 0, 'cur_module': 'siot', 'msg': 'All write successfully', 'timespend': 48, 'tracelist': [{'code': 0, 'module': 'siot', 'msg': 'All write successfully', 'submodule_timespend': {'api': 48, 'control': 48, 'driver': 16}, 'timespend': 48}]}}
[2023-08-08 11:19:02,623] logger_util.py->write_log line:61 [INFO] 接口请求成功！
[2023-08-08 11:19:02,623] logger_util.py->write_log line:61 [INFO] -------------接口请求结束-----------

[2023-08-08 11:19:02,628] logger_util.py->write_log line:61 [INFO] -------------接口请求开始-----------
[2023-08-08 11:19:02,628] logger_util.py->write_log line:61 [INFO] 接口名称：modbus协议下发-保存寄存器F32位浮点数IEEE754
[2023-08-08 11:19:02,628] logger_util.py->write_log line:61 [INFO] 接口方式：post
[2023-08-08 11:19:02,628] logger_util.py->write_log line:61 [INFO] 接口路径：http://127.0.0.1:6700/v1/cms/io/write
[2023-08-08 11:19:02,628] logger_util.py->write_log line:61 [INFO] 请求头：{'Content-Type': 'application/json'}
[2023-08-08 11:19:02,628] logger_util.py->write_log line:61 [INFO] 请求参数：{'tagDatas': {'MOD_REAL1': '77.456'}}
[2023-08-08 11:19:02,628] logger_util.py->write_log line:61 [INFO] 文件上传：None
[2023-08-08 11:19:02,671] logger_util.py->write_log line:61 [INFO] 预期结果：[{'equals': {'status_code': 200}}, {'equals': {'msg': 'All write successfully'}}]
[2023-08-08 11:19:02,671] logger_util.py->write_log line:61 [INFO] 实际结果：{'body': {'code': 0, 'msg': 'All write successfully', 'tagResults': {'MOD_REAL1': 0}, 'traceId': '1B24F3EB-679E-44AB-80F0-366A21B82CB9'}, 'header': {'code': 0, 'cur_module': 'siot', 'msg': 'All write successfully', 'timespend': 41, 'tracelist': [{'code': 0, 'module': 'siot', 'msg': 'All write successfully', 'submodule_timespend': {'api': 41, 'control': 40, 'driver': 8}, 'timespend': 41}]}}
[2023-08-08 11:19:02,671] logger_util.py->write_log line:61 [INFO] 接口请求成功！
[2023-08-08 11:19:02,671] logger_util.py->write_log line:61 [INFO] -------------接口请求结束-----------

[2023-08-08 11:19:02,676] logger_util.py->write_log line:61 [INFO] -------------接口请求开始-----------
[2023-08-08 11:19:02,676] logger_util.py->write_log line:61 [INFO] 接口名称：modbus协议下发-保存寄存器二进制变量1
[2023-08-08 11:19:02,676] logger_util.py->write_log line:61 [INFO] 接口方式：post
[2023-08-08 11:19:02,676] logger_util.py->write_log line:61 [INFO] 接口路径：http://127.0.0.1:6700/v1/cms/io/write
[2023-08-08 11:19:02,676] logger_util.py->write_log line:61 [INFO] 请求头：{'Content-Type': 'application/json'}
[2023-08-08 11:19:02,676] logger_util.py->write_log line:61 [INFO] 请求参数：{'tagDatas': {'MOD_BOOL1': '1'}}
[2023-08-08 11:19:02,677] logger_util.py->write_log line:61 [INFO] 文件上传：None
[2023-08-08 11:19:02,733] logger_util.py->write_log line:61 [INFO] 预期结果：[{'equals': {'status_code': 200}}, {'equals': {'msg': 'All write successfully'}}]
[2023-08-08 11:19:02,733] logger_util.py->write_log line:61 [INFO] 实际结果：{'body': {'code': 0, 'msg': 'All write successfully', 'tagResults': {'MOD_BOOL1': 0}, 'traceId': 'BB3EFD85-1684-41C6-8361-60549BDB3F08'}, 'header': {'code': 0, 'cur_module': 'siot', 'msg': 'All write successfully', 'timespend': 55, 'tracelist': [{'code': 0, 'module': 'siot', 'msg': 'All write successfully', 'submodule_timespend': {'api': 55, 'control': 55, 'driver': 16}, 'timespend': 55}]}}
[2023-08-08 11:19:02,733] logger_util.py->write_log line:61 [INFO] 接口请求成功！
[2023-08-08 11:19:02,733] logger_util.py->write_log line:61 [INFO] -------------接口请求结束-----------

[2023-08-08 11:19:02,746] logger_util.py->write_log line:61 [INFO] -------------接口请求开始-----------
[2023-08-08 11:19:02,746] logger_util.py->write_log line:61 [INFO] 接口名称：modbus协议下发-保存寄存器二进制变量2
[2023-08-08 11:19:02,746] logger_util.py->write_log line:61 [INFO] 接口方式：post
[2023-08-08 11:19:02,746] logger_util.py->write_log line:61 [INFO] 接口路径：http://127.0.0.1:6700/v1/cms/io/write
[2023-08-08 11:19:02,746] logger_util.py->write_log line:61 [INFO] 请求头：{'Content-Type': 'application/json'}
[2023-08-08 11:19:02,746] logger_util.py->write_log line:61 [INFO] 请求参数：{'tagDatas': {'MOD_BOOL2': '0'}}
[2023-08-08 11:19:02,746] logger_util.py->write_log line:61 [INFO] 文件上传：None
[2023-08-08 11:19:02,828] logger_util.py->write_log line:61 [INFO] 预期结果：[{'equals': {'status_code': 200}}, {'equals': {'msg': 'All write successfully'}}]
[2023-08-08 11:19:02,829] logger_util.py->write_log line:61 [INFO] 实际结果：{'body': {'code': 0, 'msg': 'All write successfully', 'tagResults': {'MOD_BOOL2': 0}, 'traceId': 'EFE7198D-47F4-46AB-9CFD-842DC015D30F'}, 'header': {'code': 0, 'cur_module': 'siot', 'msg': 'All write successfully', 'timespend': 80, 'tracelist': [{'code': 0, 'module': 'siot', 'msg': 'All write successfully', 'submodule_timespend': {'api': 80, 'control': 80, 'driver': 16}, 'timespend': 80}]}}
[2023-08-08 11:19:02,829] logger_util.py->write_log line:61 [INFO] 接口请求成功！
[2023-08-08 11:19:02,829] logger_util.py->write_log line:61 [INFO] -------------接口请求结束-----------

[2023-08-08 11:19:02,833] logger_util.py->write_log line:61 [INFO] -------------接口请求开始-----------
[2023-08-08 11:19:02,834] logger_util.py->write_log line:61 [INFO] 接口名称：modbus协议下发-保存寄存器字符串
[2023-08-08 11:19:02,834] logger_util.py->write_log line:61 [INFO] 接口方式：post
[2023-08-08 11:19:02,834] logger_util.py->write_log line:61 [INFO] 接口路径：http://127.0.0.1:6700/v1/cms/io/write
[2023-08-08 11:19:02,834] logger_util.py->write_log line:61 [INFO] 请求头：{'Content-Type': 'application/json'}
[2023-08-08 11:19:02,834] logger_util.py->write_log line:61 [INFO] 请求参数：{'tagDatas': {'MOD_STRING1': '文本1'}}
[2023-08-08 11:19:02,834] logger_util.py->write_log line:61 [INFO] 文件上传：None
[2023-08-08 11:19:02,877] logger_util.py->write_log line:61 [INFO] 预期结果：[{'equals': {'status_code': 200}}, {'equals': {'msg': 'All write successfully'}}]
[2023-08-08 11:19:02,877] logger_util.py->write_log line:61 [INFO] 实际结果：{'body': {'code': 0, 'msg': 'All write successfully', 'tagResults': {'MOD_STRING1': 0}, 'traceId': '72520799-0631-43B9-9A48-9F8AD864E6D8'}, 'header': {'code': 0, 'cur_module': 'siot', 'msg': 'All write successfully', 'timespend': 40, 'tracelist': [{'code': 0, 'module': 'siot', 'msg': 'All write successfully', 'submodule_timespend': {'api': 40, 'control': 40, 'driver': 8}, 'timespend': 40}]}}
[2023-08-08 11:19:02,877] logger_util.py->write_log line:61 [INFO] 接口请求成功！
[2023-08-08 11:19:02,877] logger_util.py->write_log line:61 [INFO] -------------接口请求结束-----------

[2023-08-08 11:19:02,882] logger_util.py->write_log line:61 [INFO] -------------接口请求开始-----------
[2023-08-08 11:19:02,882] logger_util.py->write_log line:61 [INFO] 接口名称：modbus协议下发-二进制变量
[2023-08-08 11:19:02,882] logger_util.py->write_log line:61 [INFO] 接口方式：post
[2023-08-08 11:19:02,882] logger_util.py->write_log line:61 [INFO] 接口路径：http://127.0.0.1:6700/v1/cms/io/write
[2023-08-08 11:19:02,882] logger_util.py->write_log line:61 [INFO] 请求头：{'Content-Type': 'application/json'}
[2023-08-08 11:19:02,882] logger_util.py->write_log line:61 [INFO] 请求参数：{'tagDatas': {'MOD_Q0': '1'}}
[2023-08-08 11:19:02,882] logger_util.py->write_log line:61 [INFO] 文件上传：None
[2023-08-08 11:19:02,924] logger_util.py->write_log line:61 [INFO] 预期结果：[{'equals': {'status_code': 200}}, {'equals': {'msg': 'All write successfully'}}]
[2023-08-08 11:19:02,925] logger_util.py->write_log line:61 [INFO] 实际结果：{'body': {'code': 0, 'msg': 'All write successfully', 'tagResults': {'MOD_Q0': 0}, 'traceId': 'DFAD3C45-5B92-4B41-AC79-303B31A4AE38'}, 'header': {'code': 0, 'cur_module': 'siot', 'msg': 'All write successfully', 'timespend': 40, 'tracelist': [{'code': 0, 'module': 'siot', 'msg': 'All write successfully', 'submodule_timespend': {'api': 40, 'control': 40, 'driver': 8}, 'timespend': 40}]}}
[2023-08-08 11:19:02,925] logger_util.py->write_log line:61 [INFO] 接口请求成功！
[2023-08-08 11:19:02,925] logger_util.py->write_log line:61 [INFO] -------------接口请求结束-----------

[2023-08-08 11:19:02,938] logger_util.py->write_log line:61 [INFO] -------------接口请求开始-----------
[2023-08-08 11:19:02,938] logger_util.py->write_log line:61 [INFO] 接口名称：modbus协议下发-二进制变量
[2023-08-08 11:19:02,938] logger_util.py->write_log line:61 [INFO] 接口方式：post
[2023-08-08 11:19:02,938] logger_util.py->write_log line:61 [INFO] 接口路径：http://127.0.0.1:6700/v1/cms/io/write
[2023-08-08 11:19:02,938] logger_util.py->write_log line:61 [INFO] 请求头：{'Content-Type': 'application/json'}
[2023-08-08 11:19:02,938] logger_util.py->write_log line:61 [INFO] 请求参数：{'tagDatas': {'MOD_Q1': '0'}}
[2023-08-08 11:19:02,939] logger_util.py->write_log line:61 [INFO] 文件上传：None
[2023-08-08 11:19:03,004] logger_util.py->write_log line:61 [INFO] 预期结果：[{'equals': {'status_code': 200}}, {'equals': {'msg': 'All write successfully'}}]
[2023-08-08 11:19:03,005] logger_util.py->write_log line:61 [INFO] 实际结果：{'body': {'code': 0, 'msg': 'All write successfully', 'tagResults': {'MOD_Q1': 0}, 'traceId': 'C5B22F8D-1F47-4DEE-8A3D-40AF9A30873D'}, 'header': {'code': 0, 'cur_module': 'siot', 'msg': 'All write successfully', 'timespend': 64, 'tracelist': [{'code': 0, 'module': 'siot', 'msg': 'All write successfully', 'submodule_timespend': {'api': 64, 'control': 64, 'driver': 16}, 'timespend': 64}]}}
[2023-08-08 11:19:03,005] logger_util.py->write_log line:61 [INFO] 接口请求成功！
[2023-08-08 11:19:03,005] logger_util.py->write_log line:61 [INFO] -------------接口请求结束-----------

[2023-08-08 11:19:03,013] logger_util.py->write_log line:61 [INFO] -------------接口请求开始-----------
[2023-08-08 11:19:03,013] logger_util.py->write_log line:61 [INFO] 接口名称：modbus协议读取-保存寄存器有符号8位整型
[2023-08-08 11:19:03,013] logger_util.py->write_log line:61 [INFO] 接口方式：post
[2023-08-08 11:19:03,013] logger_util.py->write_log line:61 [INFO] 接口路径：http://127.0.0.1:6700/v1/cms/io/read
[2023-08-08 11:19:03,013] logger_util.py->write_log line:61 [INFO] 请求头：{'Content-Type': 'application/json'}
[2023-08-08 11:19:03,013] logger_util.py->write_log line:61 [INFO] 请求参数：{'tagNames': ['MOD_SINT1']}
[2023-08-08 11:19:03,013] logger_util.py->write_log line:61 [INFO] 文件上传：None
[2023-08-08 11:19:03,036] logger_util.py->write_log line:61 [INFO] 预期结果：[{'equals': {'status_code': 200}}, {'equals': {'msg': 'All read successfully'}}, {'equals': {'data': '-11'}}]
[2023-08-08 11:19:03,036] logger_util.py->write_log line:61 [INFO] 实际结果：{'body': {'code': 0, 'msg': 'All read successfully', 'tagDatas': {'MOD_SINT1': {'data': '-11', 'quality': 0}}, 'traceId': 'EF181DD0-8F58-4983-9C11-37782567749C'}, 'header': {'code': 0, 'cur_module': 'siot', 'msg': 'All read successfully', 'timespend': 0, 'tracelist': [{'code': 0, 'module': 'siot', 'msg': 'All read successfully', 'submodule_timespend': {'api': 0, 'control': 0, 'driver': 0}, 'timespend': 0}]}}
[2023-08-08 11:19:03,037] logger_util.py->write_log line:61 [INFO] 接口请求成功！
[2023-08-08 11:19:03,037] logger_util.py->write_log line:61 [INFO] -------------接口请求结束-----------

[2023-08-08 11:19:03,042] logger_util.py->write_log line:61 [INFO] -------------接口请求开始-----------
[2023-08-08 11:19:03,042] logger_util.py->write_log line:61 [INFO] 接口名称：modbus协议读取-保存寄存器有符号16位整型
[2023-08-08 11:19:03,042] logger_util.py->write_log line:61 [INFO] 接口方式：post
[2023-08-08 11:19:03,042] logger_util.py->write_log line:61 [INFO] 接口路径：http://127.0.0.1:6700/v1/cms/io/read
[2023-08-08 11:19:03,042] logger_util.py->write_log line:61 [INFO] 请求头：{'Content-Type': 'application/json'}
[2023-08-08 11:19:03,042] logger_util.py->write_log line:61 [INFO] 请求参数：{'tagNames': ['MOD_INT1']}
[2023-08-08 11:19:03,042] logger_util.py->write_log line:61 [INFO] 文件上传：None
[2023-08-08 11:19:03,069] logger_util.py->write_log line:61 [INFO] 预期结果：[{'equals': {'status_code': 200}}, {'equals': {'msg': 'All read successfully'}}, {'equals': {'data': '22'}}]
[2023-08-08 11:19:03,069] logger_util.py->write_log line:61 [INFO] 实际结果：{'body': {'code': 0, 'msg': 'All read successfully', 'tagDatas': {'MOD_INT1': {'data': '22', 'quality': 0}}, 'traceId': '7B48FD1F-54BE-42D6-8768-29081840647B'}, 'header': {'code': 0, 'cur_module': 'siot', 'msg': 'All read successfully', 'timespend': 0, 'tracelist': [{'code': 0, 'module': 'siot', 'msg': 'All read successfully', 'submodule_timespend': {'api': 0, 'control': 0, 'driver': 0}, 'timespend': 0}]}}
[2023-08-08 11:19:03,069] logger_util.py->write_log line:61 [INFO] 接口请求成功！
[2023-08-08 11:19:03,069] logger_util.py->write_log line:61 [INFO] -------------接口请求结束-----------

[2023-08-08 11:19:03,075] logger_util.py->write_log line:61 [INFO] -------------接口请求开始-----------
[2023-08-08 11:19:03,075] logger_util.py->write_log line:61 [INFO] 接口名称：modbus协议读取-保存寄存器有符号32位整型
[2023-08-08 11:19:03,075] logger_util.py->write_log line:61 [INFO] 接口方式：post
[2023-08-08 11:19:03,075] logger_util.py->write_log line:61 [INFO] 接口路径：http://127.0.0.1:6700/v1/cms/io/read
[2023-08-08 11:19:03,075] logger_util.py->write_log line:61 [INFO] 请求头：{'Content-Type': 'application/json'}
[2023-08-08 11:19:03,075] logger_util.py->write_log line:61 [INFO] 请求参数：{'tagNames': ['MOD_DINT1']}
[2023-08-08 11:19:03,075] logger_util.py->write_log line:61 [INFO] 文件上传：None
[2023-08-08 11:19:03,099] logger_util.py->write_log line:61 [INFO] 预期结果：[{'equals': {'status_code': 200}}, {'equals': {'msg': 'All read successfully'}}, {'equals': {'data': '33'}}]
[2023-08-08 11:19:03,100] logger_util.py->write_log line:61 [INFO] 实际结果：{'body': {'code': 0, 'msg': 'All read successfully', 'tagDatas': {'MOD_DINT1': {'data': '33', 'quality': 0}}, 'traceId': 'C6899442-BE3B-4D0F-83C7-E62046538069'}, 'header': {'code': 0, 'cur_module': 'siot', 'msg': 'All read successfully', 'timespend': 0, 'tracelist': [{'code': 0, 'module': 'siot', 'msg': 'All read successfully', 'submodule_timespend': {'api': 0, 'control': 0, 'driver': 0}, 'timespend': 0}]}}
[2023-08-08 11:19:03,100] logger_util.py->write_log line:61 [INFO] 接口请求成功！
[2023-08-08 11:19:03,100] logger_util.py->write_log line:61 [INFO] -------------接口请求结束-----------

[2023-08-08 11:19:03,105] logger_util.py->write_log line:61 [INFO] -------------接口请求开始-----------
[2023-08-08 11:19:03,105] logger_util.py->write_log line:61 [INFO] 接口名称：modbus协议读取-保存寄存器无符号8位整型
[2023-08-08 11:19:03,105] logger_util.py->write_log line:61 [INFO] 接口方式：post
[2023-08-08 11:19:03,105] logger_util.py->write_log line:61 [INFO] 接口路径：http://127.0.0.1:6700/v1/cms/io/read
[2023-08-08 11:19:03,105] logger_util.py->write_log line:61 [INFO] 请求头：{'Content-Type': 'application/json'}
[2023-08-08 11:19:03,105] logger_util.py->write_log line:61 [INFO] 请求参数：{'tagNames': ['MOD_USINT1']}
[2023-08-08 11:19:03,105] logger_util.py->write_log line:61 [INFO] 文件上传：None
[2023-08-08 11:19:03,130] logger_util.py->write_log line:61 [INFO] 预期结果：[{'equals': {'status_code': 200}}, {'equals': {'msg': 'All read successfully'}}, {'equals': {'data': '44'}}]
[2023-08-08 11:19:03,130] logger_util.py->write_log line:61 [INFO] 实际结果：{'body': {'code': 0, 'msg': 'All read successfully', 'tagDatas': {'MOD_USINT1': {'data': '44', 'quality': 0}}, 'traceId': 'C4C4A02B-2A41-469D-9BA1-431CE27AE7B1'}, 'header': {'code': 0, 'cur_module': 'siot', 'msg': 'All read successfully', 'timespend': 0, 'tracelist': [{'code': 0, 'module': 'siot', 'msg': 'All read successfully', 'submodule_timespend': {'api': 0, 'control': 0, 'driver': 0}, 'timespend': 0}]}}
[2023-08-08 11:19:03,130] logger_util.py->write_log line:61 [INFO] 接口请求成功！
[2023-08-08 11:19:03,130] logger_util.py->write_log line:61 [INFO] -------------接口请求结束-----------

[2023-08-08 11:19:03,135] logger_util.py->write_log line:61 [INFO] -------------接口请求开始-----------
[2023-08-08 11:19:03,135] logger_util.py->write_log line:61 [INFO] 接口名称：modbus协议读取-保存寄存器无符号16位整型
[2023-08-08 11:19:03,135] logger_util.py->write_log line:61 [INFO] 接口方式：post
[2023-08-08 11:19:03,135] logger_util.py->write_log line:61 [INFO] 接口路径：http://127.0.0.1:6700/v1/cms/io/read
[2023-08-08 11:19:03,135] logger_util.py->write_log line:61 [INFO] 请求头：{'Content-Type': 'application/json'}
[2023-08-08 11:19:03,135] logger_util.py->write_log line:61 [INFO] 请求参数：{'tagNames': ['MOD_UINT1']}
[2023-08-08 11:19:03,135] logger_util.py->write_log line:61 [INFO] 文件上传：None
[2023-08-08 11:19:03,161] logger_util.py->write_log line:61 [INFO] 预期结果：[{'equals': {'status_code': 200}}, {'equals': {'msg': 'All read successfully'}}, {'equals': {'data': '55'}}]
[2023-08-08 11:19:03,162] logger_util.py->write_log line:61 [INFO] 实际结果：{'body': {'code': 0, 'msg': 'All read successfully', 'tagDatas': {'MOD_UINT1': {'data': '55', 'quality': 0}}, 'traceId': 'CD4AD307-E5D7-4FEA-A728-87A863A322CD'}, 'header': {'code': 0, 'cur_module': 'siot', 'msg': 'All read successfully', 'timespend': 0, 'tracelist': [{'code': 0, 'module': 'siot', 'msg': 'All read successfully', 'submodule_timespend': {'api': 0, 'control': 0, 'driver': 0}, 'timespend': 0}]}}
[2023-08-08 11:19:03,162] logger_util.py->write_log line:61 [INFO] 接口请求成功！
[2023-08-08 11:19:03,162] logger_util.py->write_log line:61 [INFO] -------------接口请求结束-----------

[2023-08-08 11:19:03,167] logger_util.py->write_log line:61 [INFO] -------------接口请求开始-----------
[2023-08-08 11:19:03,167] logger_util.py->write_log line:61 [INFO] 接口名称：modbus协议读取-保存寄存器无符号32位整型
[2023-08-08 11:19:03,167] logger_util.py->write_log line:61 [INFO] 接口方式：post
[2023-08-08 11:19:03,167] logger_util.py->write_log line:61 [INFO] 接口路径：http://127.0.0.1:6700/v1/cms/io/read
[2023-08-08 11:19:03,167] logger_util.py->write_log line:61 [INFO] 请求头：{'Content-Type': 'application/json'}
[2023-08-08 11:19:03,167] logger_util.py->write_log line:61 [INFO] 请求参数：{'tagNames': ['MOD_UDINT1']}
[2023-08-08 11:19:03,167] logger_util.py->write_log line:61 [INFO] 文件上传：None
[2023-08-08 11:19:03,193] logger_util.py->write_log line:61 [INFO] 预期结果：[{'equals': {'status_code': 200}}, {'equals': {'msg': 'All read successfully'}}, {'equals': {'data': '66'}}]
[2023-08-08 11:19:03,194] logger_util.py->write_log line:61 [INFO] 实际结果：{'body': {'code': 0, 'msg': 'All read successfully', 'tagDatas': {'MOD_UDINT1': {'data': '66', 'quality': 0}}, 'traceId': '6A8EF34F-9DF1-495D-820A-A1E79B472D6D'}, 'header': {'code': 0, 'cur_module': 'siot', 'msg': 'All read successfully', 'timespend': 1, 'tracelist': [{'code': 0, 'module': 'siot', 'msg': 'All read successfully', 'submodule_timespend': {'api': 1, 'control': 1, 'driver': 0}, 'timespend': 1}]}}
[2023-08-08 11:19:03,194] logger_util.py->write_log line:61 [INFO] 接口请求成功！
[2023-08-08 11:19:03,194] logger_util.py->write_log line:61 [INFO] -------------接口请求结束-----------

[2023-08-08 11:19:03,198] logger_util.py->write_log line:61 [INFO] -------------接口请求开始-----------
[2023-08-08 11:19:03,198] logger_util.py->write_log line:61 [INFO] 接口名称：modbus协议读取-保存寄存器F32位浮点数IEEE754
[2023-08-08 11:19:03,198] logger_util.py->write_log line:61 [INFO] 接口方式：post
[2023-08-08 11:19:03,198] logger_util.py->write_log line:61 [INFO] 接口路径：http://127.0.0.1:6700/v1/cms/io/read
[2023-08-08 11:19:03,198] logger_util.py->write_log line:61 [INFO] 请求头：{'Content-Type': 'application/json'}
[2023-08-08 11:19:03,198] logger_util.py->write_log line:61 [INFO] 请求参数：{'tagNames': ['MOD_REAL1']}
[2023-08-08 11:19:03,199] logger_util.py->write_log line:61 [INFO] 文件上传：None
[2023-08-08 11:19:03,225] logger_util.py->write_log line:61 [INFO] 预期结果：[{'equals': {'status_code': 200}}, {'equals': {'msg': 'All read successfully'}}, {'equals': {'data': '77.456'}}]
[2023-08-08 11:19:03,225] logger_util.py->write_log line:61 [INFO] 实际结果：{'body': {'code': 0, 'msg': 'All read successfully', 'tagDatas': {'MOD_REAL1': {'data': '77.456', 'quality': 0}}, 'traceId': '544946E1-2775-438D-9A88-4579A1F71D50'}, 'header': {'code': 0, 'cur_module': 'siot', 'msg': 'All read successfully', 'timespend': 1, 'tracelist': [{'code': 0, 'module': 'siot', 'msg': 'All read successfully', 'submodule_timespend': {'api': 1, 'control': 1, 'driver': 0}, 'timespend': 1}]}}
[2023-08-08 11:19:03,226] logger_util.py->write_log line:61 [INFO] 接口请求成功！
[2023-08-08 11:19:03,226] logger_util.py->write_log line:61 [INFO] -------------接口请求结束-----------

[2023-08-08 11:19:03,230] logger_util.py->write_log line:61 [INFO] -------------接口请求开始-----------
[2023-08-08 11:19:03,230] logger_util.py->write_log line:61 [INFO] 接口名称：modbus协议读取-保存寄存器二进制变量1
[2023-08-08 11:19:03,230] logger_util.py->write_log line:61 [INFO] 接口方式：post
[2023-08-08 11:19:03,230] logger_util.py->write_log line:61 [INFO] 接口路径：http://127.0.0.1:6700/v1/cms/io/read
[2023-08-08 11:19:03,230] logger_util.py->write_log line:61 [INFO] 请求头：{'Content-Type': 'application/json'}
[2023-08-08 11:19:03,230] logger_util.py->write_log line:61 [INFO] 请求参数：{'tagNames': ['MOD_BOOL1']}
[2023-08-08 11:19:03,230] logger_util.py->write_log line:61 [INFO] 文件上传：None
[2023-08-08 11:19:03,257] logger_util.py->write_log line:61 [INFO] 预期结果：[{'equals': {'status_code': 200}}, {'equals': {'msg': 'All read successfully'}}, {'equals': {'data': '1'}}]
[2023-08-08 11:19:03,258] logger_util.py->write_log line:61 [INFO] 实际结果：{'body': {'code': 0, 'msg': 'All read successfully', 'tagDatas': {'MOD_BOOL1': {'data': '1', 'quality': 0}}, 'traceId': 'F9B4298B-B6A9-4010-B1C3-A6DD6A6B95A6'}, 'header': {'code': 0, 'cur_module': 'siot', 'msg': 'All read successfully', 'timespend': 0, 'tracelist': [{'code': 0, 'module': 'siot', 'msg': 'All read successfully', 'submodule_timespend': {'api': 0, 'control': 0, 'driver': 0}, 'timespend': 0}]}}
[2023-08-08 11:19:03,258] logger_util.py->write_log line:61 [INFO] 接口请求成功！
[2023-08-08 11:19:03,258] logger_util.py->write_log line:61 [INFO] -------------接口请求结束-----------

[2023-08-08 11:19:03,263] logger_util.py->write_log line:61 [INFO] -------------接口请求开始-----------
[2023-08-08 11:19:03,263] logger_util.py->write_log line:61 [INFO] 接口名称：modbus协议读取-保存寄存器二进制变量2
[2023-08-08 11:19:03,263] logger_util.py->write_log line:61 [INFO] 接口方式：post
[2023-08-08 11:19:03,263] logger_util.py->write_log line:61 [INFO] 接口路径：http://127.0.0.1:6700/v1/cms/io/read
[2023-08-08 11:19:03,263] logger_util.py->write_log line:61 [INFO] 请求头：{'Content-Type': 'application/json'}
[2023-08-08 11:19:03,263] logger_util.py->write_log line:61 [INFO] 请求参数：{'tagNames': ['MOD_BOOL2']}
[2023-08-08 11:19:03,263] logger_util.py->write_log line:61 [INFO] 文件上传：None
[2023-08-08 11:19:03,290] logger_util.py->write_log line:61 [INFO] 预期结果：[{'equals': {'status_code': 200}}, {'equals': {'msg': 'All read successfully'}}, {'equals': {'data': '0'}}]
[2023-08-08 11:19:03,290] logger_util.py->write_log line:61 [INFO] 实际结果：{'body': {'code': 0, 'msg': 'All read successfully', 'tagDatas': {'MOD_BOOL2': {'data': '0', 'quality': 0}}, 'traceId': '1CAEF59F-5D08-4321-815A-0640EDD465F0'}, 'header': {'code': 0, 'cur_module': 'siot', 'msg': 'All read successfully', 'timespend': 1, 'tracelist': [{'code': 0, 'module': 'siot', 'msg': 'All read successfully', 'submodule_timespend': {'api': 1, 'control': 1, 'driver': 0}, 'timespend': 1}]}}
[2023-08-08 11:19:03,290] logger_util.py->write_log line:61 [INFO] 接口请求成功！
[2023-08-08 11:19:03,290] logger_util.py->write_log line:61 [INFO] -------------接口请求结束-----------

[2023-08-08 11:19:03,294] logger_util.py->write_log line:61 [INFO] -------------接口请求开始-----------
[2023-08-08 11:19:03,295] logger_util.py->write_log line:61 [INFO] 接口名称：modbus协议读取-保存寄存器字符串
[2023-08-08 11:19:03,295] logger_util.py->write_log line:61 [INFO] 接口方式：post
[2023-08-08 11:19:03,295] logger_util.py->write_log line:61 [INFO] 接口路径：http://127.0.0.1:6700/v1/cms/io/read
[2023-08-08 11:19:03,295] logger_util.py->write_log line:61 [INFO] 请求头：{'Content-Type': 'application/json'}
[2023-08-08 11:19:03,295] logger_util.py->write_log line:61 [INFO] 请求参数：{'tagNames': ['MOD_STRING1']}
[2023-08-08 11:19:03,295] logger_util.py->write_log line:61 [INFO] 文件上传：None
[2023-08-08 11:19:03,320] logger_util.py->write_log line:61 [INFO] 预期结果：[{'equals': {'status_code': 200}}, {'equals': {'msg': 'All read successfully'}}, {'equals': {'data': '文本1'}}]
[2023-08-08 11:19:03,320] logger_util.py->write_log line:61 [INFO] 实际结果：{'body': {'code': 0, 'msg': 'All read successfully', 'tagDatas': {'MOD_STRING1': {'data': '文本1', 'quality': 0}}, 'traceId': '27176455-317D-4366-860D-48A9B32EF72B'}, 'header': {'code': 0, 'cur_module': 'siot', 'msg': 'All read successfully', 'timespend': 0, 'tracelist': [{'code': 0, 'module': 'siot', 'msg': 'All read successfully', 'submodule_timespend': {'api': 0, 'control': 0, 'driver': 0}, 'timespend': 0}]}}
[2023-08-08 11:19:03,320] logger_util.py->write_log line:61 [INFO] 接口请求成功！
[2023-08-08 11:19:03,320] logger_util.py->write_log line:61 [INFO] -------------接口请求结束-----------

[2023-08-08 11:19:03,325] logger_util.py->write_log line:61 [INFO] -------------接口请求开始-----------
[2023-08-08 11:19:03,325] logger_util.py->write_log line:61 [INFO] 接口名称：modbus协议读取-二进制变量
[2023-08-08 11:19:03,325] logger_util.py->write_log line:61 [INFO] 接口方式：post
[2023-08-08 11:19:03,325] logger_util.py->write_log line:61 [INFO] 接口路径：http://127.0.0.1:6700/v1/cms/io/read
[2023-08-08 11:19:03,325] logger_util.py->write_log line:61 [INFO] 请求头：{'Content-Type': 'application/json'}
[2023-08-08 11:19:03,325] logger_util.py->write_log line:61 [INFO] 请求参数：{'tagNames': ['MOD_Q0']}
[2023-08-08 11:19:03,325] logger_util.py->write_log line:61 [INFO] 文件上传：None
[2023-08-08 11:19:03,351] logger_util.py->write_log line:61 [INFO] 预期结果：[{'equals': {'status_code': 200}}, {'equals': {'msg': 'All read successfully'}}, {'equals': {'data': '1'}}]
[2023-08-08 11:19:03,352] logger_util.py->write_log line:61 [INFO] 实际结果：{'body': {'code': 0, 'msg': 'All read successfully', 'tagDatas': {'MOD_Q0': {'data': '1', 'quality': 0}}, 'traceId': '01099566-750C-40C0-9E5F-2FBD7A4C0871'}, 'header': {'code': 0, 'cur_module': 'siot', 'msg': 'All read successfully', 'timespend': 0, 'tracelist': [{'code': 0, 'module': 'siot', 'msg': 'All read successfully', 'submodule_timespend': {'api': 0, 'control': 0, 'driver': 0}, 'timespend': 0}]}}
[2023-08-08 11:19:03,352] logger_util.py->write_log line:61 [INFO] 接口请求成功！
[2023-08-08 11:19:03,352] logger_util.py->write_log line:61 [INFO] -------------接口请求结束-----------

[2023-08-08 11:19:03,357] logger_util.py->write_log line:61 [INFO] -------------接口请求开始-----------
[2023-08-08 11:19:03,357] logger_util.py->write_log line:61 [INFO] 接口名称：modbus协议读取-二进制变量
[2023-08-08 11:19:03,357] logger_util.py->write_log line:61 [INFO] 接口方式：post
[2023-08-08 11:19:03,357] logger_util.py->write_log line:61 [INFO] 接口路径：http://127.0.0.1:6700/v1/cms/io/read
[2023-08-08 11:19:03,357] logger_util.py->write_log line:61 [INFO] 请求头：{'Content-Type': 'application/json'}
[2023-08-08 11:19:03,358] logger_util.py->write_log line:61 [INFO] 请求参数：{'tagNames': ['MOD_Q1']}
[2023-08-08 11:19:03,358] logger_util.py->write_log line:61 [INFO] 文件上传：None
[2023-08-08 11:19:03,383] logger_util.py->write_log line:61 [INFO] 预期结果：[{'equals': {'status_code': 200}}, {'equals': {'msg': 'All read successfully'}}, {'equals': {'data': '0'}}]
[2023-08-08 11:19:03,384] logger_util.py->write_log line:61 [INFO] 实际结果：{'body': {'code': 0, 'msg': 'All read successfully', 'tagDatas': {'MOD_Q1': {'data': '0', 'quality': 0}}, 'traceId': '0D1D1AC5-D5D9-4FBD-9690-61DC0F82A4C0'}, 'header': {'code': 0, 'cur_module': 'siot', 'msg': 'All read successfully', 'timespend': 0, 'tracelist': [{'code': 0, 'module': 'siot', 'msg': 'All read successfully', 'submodule_timespend': {'api': 0, 'control': 0, 'driver': 0}, 'timespend': 0}]}}
[2023-08-08 11:19:03,384] logger_util.py->write_log line:61 [INFO] 接口请求成功！
[2023-08-08 11:19:03,384] logger_util.py->write_log line:61 [INFO] -------------接口请求结束-----------

