[2023-11-28 11:51:04,254] logger_util.py->write_log line:61 [INFO] 
-------------接口请求开始-----------
[2023-11-28 11:51:04,255] logger_util.py->write_log line:61 [INFO] 接口名称：测试连接互联项
[2023-11-28 11:51:04,255] logger_util.py->write_log line:61 [INFO] 接口方式：post
[2023-11-28 11:51:04,255] logger_util.py->write_log line:61 [INFO] 接口路径：http://127.0.0.1:18000/api/v1/connection/test
[2023-11-28 11:51:04,255] logger_util.py->write_log line:61 [INFO] 请求头：{'X-Project': 'd800d1a6d0be4623aaa824c28dc71981'}
[2023-11-28 11:51:04,255] logger_util.py->write_log line:61 [INFO] 请求参数：{'id': None, 'name': 'mysql1328', 'connectionType': 1, 'databaseType': 1, 'authenticationType': None, 'server': '127.0.0.1', 'port': '3306', 'database': 'TestDB', 'databasePath': '', 'userName': 'root', 'password': 'syc123', 'changedPassword': True, 'mqttType': None, 'pushType': None, 'timingPeriod': None, 'changingPeriod': None, 'cloudDeviceId': '', 'originalSecret': ''}
[2023-11-28 11:51:04,256] logger_util.py->write_log line:61 [INFO] 文件上传：None
[2023-11-28 11:51:04,272] logger_util.py->write_log line:61 [INFO] 预期结果：[{'equals': {'status_code': 200}}]
[2023-11-28 11:51:04,272] logger_util.py->write_log line:61 [INFO] 实际结果：测试连接成功
[2023-11-28 11:51:04,272] logger_util.py->write_log line:61 [INFO] 接口请求成功！
[2023-11-28 11:51:04,272] logger_util.py->write_log line:61 [INFO] 
-------------接口请求结束-----------

[2023-11-28 11:51:04,288] logger_util.py->write_log line:61 [INFO] 
-------------接口请求开始-----------
[2023-11-28 11:51:04,288] logger_util.py->write_log line:61 [INFO] 接口名称：测试连接互联项
[2023-11-28 11:51:04,288] logger_util.py->write_log line:61 [INFO] 接口方式：post
[2023-11-28 11:51:04,288] logger_util.py->write_log line:61 [INFO] 接口路径：http://127.0.0.1:18000/api/v1/connection
[2023-11-28 11:51:04,288] logger_util.py->write_log line:61 [INFO] 请求头：{'X-Project': 'd800d1a6d0be4623aaa824c28dc71981'}
[2023-11-28 11:51:04,289] logger_util.py->write_log line:61 [INFO] 请求参数：{'id': None, 'name': 'mysql7226', 'connectionType': 1, 'databaseType': 1, 'authenticationType': None, 'server': '127.0.0.1', 'port': '3306', 'database': 'TestDB', 'databasePath': '', 'userName': 'root', 'password': 'syc123', 'changedPassword': True, 'mqttType': None, 'pushType': None, 'timingPeriod': None, 'changingPeriod': None, 'cloudDeviceId': '', 'originalSecret': ''}
[2023-11-28 11:51:04,289] logger_util.py->write_log line:61 [INFO] 文件上传：None
[2023-11-28 11:51:04,310] logger_util.py->write_log line:61 [INFO] 预期结果：[{'equals': {'status_code': 200}}]
[2023-11-28 11:51:04,310] logger_util.py->write_log line:61 [INFO] 实际结果：{'data': {'id': 50, 'name': 'mysql7226', 'connectionType': 1, 'databaseType': 1, 'authenticationType': 0, 'server': '127.0.0.1', 'port': 3306, 'database': 'TestDB', 'databasePath': '', 'userName': 'root'}, 'message': ''}
[2023-11-28 11:51:04,310] logger_util.py->write_log line:61 [INFO] 接口请求成功！
[2023-11-28 11:51:04,310] logger_util.py->write_log line:61 [INFO] 
-------------接口请求结束-----------

[2023-11-28 11:51:04,328] logger_util.py->write_log line:61 [INFO] 
-------------接口请求开始-----------
[2023-11-28 11:51:04,328] logger_util.py->write_log line:61 [INFO] 接口名称：关闭互联项
[2023-11-28 11:51:04,328] logger_util.py->write_log line:61 [INFO] 接口方式：put
[2023-11-28 11:51:04,329] logger_util.py->write_log line:61 [INFO] 接口路径：http://127.0.0.1:18000/api/v1/connection/switch/1/50/off
[2023-11-28 11:51:04,329] logger_util.py->write_log line:61 [INFO] 请求头：{'X-Project': 'd800d1a6d0be4623aaa824c28dc71981'}
[2023-11-28 11:51:04,329] logger_util.py->write_log line:61 [INFO] 文件上传：None
[2023-11-28 11:51:04,336] logger_util.py->write_log line:61 [INFO] 预期结果：[{'equals': {'status_code': 200}}]
[2023-11-28 11:51:04,337] logger_util.py->write_log line:61 [INFO] 实际结果：[{'nodeGuid': 'b6f6fe21-7924-4a07-b96b-6e1631d8c213', 'id': 50, 'type': 1, 'name': 'mysql7226', 'status': 0, 'errorMsg': None, 'children': []}]
[2023-11-28 11:51:04,337] logger_util.py->write_log line:61 [INFO] 接口请求成功！
[2023-11-28 11:51:04,337] logger_util.py->write_log line:61 [INFO] 
-------------接口请求结束-----------

[2023-11-28 11:51:04,342] logger_util.py->write_log line:61 [INFO] 
-------------接口请求开始-----------
[2023-11-28 11:51:04,343] logger_util.py->write_log line:61 [INFO] 接口名称：开启互联项
[2023-11-28 11:51:04,343] logger_util.py->write_log line:61 [INFO] 接口方式：put
[2023-11-28 11:51:04,343] logger_util.py->write_log line:61 [INFO] 接口路径：http://127.0.0.1:18000/api/v1/connection/switch/1/50/on
[2023-11-28 11:51:04,343] logger_util.py->write_log line:61 [INFO] 请求头：{'X-Project': 'd800d1a6d0be4623aaa824c28dc71981'}
[2023-11-28 11:51:04,343] logger_util.py->write_log line:61 [INFO] 文件上传：None
[2023-11-28 11:51:04,350] logger_util.py->write_log line:61 [INFO] 预期结果：[{'equals': {'status_code': 200}}]
[2023-11-28 11:51:04,351] logger_util.py->write_log line:61 [INFO] 实际结果：[{'nodeGuid': '6d36ec0f-1f2b-43b9-9aef-32c3d31a0f86', 'id': 50, 'type': 1, 'name': 'mysql7226', 'status': 0, 'errorMsg': None, 'children': []}]
[2023-11-28 11:51:04,351] logger_util.py->write_log line:61 [INFO] 接口请求成功！
[2023-11-28 11:51:04,351] logger_util.py->write_log line:61 [INFO] 
-------------接口请求结束-----------

[2023-11-28 11:51:04,356] logger_util.py->write_log line:61 [INFO] 
-------------接口请求开始-----------
[2023-11-28 11:51:04,356] logger_util.py->write_log line:61 [INFO] 接口名称：重命名互联项
[2023-11-28 11:51:04,356] logger_util.py->write_log line:61 [INFO] 接口方式：put
[2023-11-28 11:51:04,356] logger_util.py->write_log line:61 [INFO] 接口路径：http://127.0.0.1:18000/api/v1/connection/rename/1/50/重命名_mysql718
[2023-11-28 11:51:04,356] logger_util.py->write_log line:61 [INFO] 请求头：{'X-Project': 'd800d1a6d0be4623aaa824c28dc71981'}
[2023-11-28 11:51:04,356] logger_util.py->write_log line:61 [INFO] 文件上传：None
[2023-11-28 11:51:04,377] logger_util.py->write_log line:61 [INFO] 预期结果：[{'equals': {'status_code': 200}}]
[2023-11-28 11:51:04,377] logger_util.py->write_log line:61 [INFO] 实际结果：
[2023-11-28 11:51:04,377] logger_util.py->write_log line:61 [INFO] 接口请求成功！
[2023-11-28 11:51:04,377] logger_util.py->write_log line:61 [INFO] 
-------------接口请求结束-----------

[2023-11-28 11:51:04,394] logger_util.py->write_log line:61 [INFO] 
-------------接口请求开始-----------
[2023-11-28 11:51:04,394] logger_util.py->write_log line:61 [INFO] 接口名称：修改互联配置
[2023-11-28 11:51:04,394] logger_util.py->write_log line:61 [INFO] 接口方式：put
[2023-11-28 11:51:04,394] logger_util.py->write_log line:61 [INFO] 接口路径：http://127.0.0.1:18000/api/v1/connection/50/config
[2023-11-28 11:51:04,394] logger_util.py->write_log line:61 [INFO] 请求头：{'X-Project': 'd800d1a6d0be4623aaa824c28dc71981'}
[2023-11-28 11:51:04,394] logger_util.py->write_log line:61 [INFO] 请求参数：{'id': 50, 'name': '改配_mysql728', 'connectionType': 1, 'databaseType': 1, 'authenticationType': 0, 'server': '127.0.0.1', 'port': '3306', 'database': 'TestDB', 'databasePath': '', 'userName': 'root', 'password': 'syc123'}
[2023-11-28 11:51:04,394] logger_util.py->write_log line:61 [INFO] 文件上传：None
[2023-11-28 11:51:04,414] logger_util.py->write_log line:61 [INFO] 预期结果：[{'equals': {'status_code': 200}}]
[2023-11-28 11:51:04,414] logger_util.py->write_log line:61 [INFO] 实际结果：{'data': {'id': 50, 'name': '改配_mysql728', 'connectionType': 1, 'databaseType': 1, 'authenticationType': 0, 'server': '127.0.0.1', 'port': 3306, 'database': 'TestDB', 'databasePath': '', 'userName': 'root'}, 'message': ''}
[2023-11-28 11:51:04,415] logger_util.py->write_log line:61 [INFO] 接口请求成功！
[2023-11-28 11:51:04,415] logger_util.py->write_log line:61 [INFO] 
-------------接口请求结束-----------

[2023-11-28 11:51:04,420] logger_util.py->write_log line:61 [INFO] 
-------------接口请求开始-----------
[2023-11-28 11:51:04,420] logger_util.py->write_log line:61 [INFO] 接口名称：删除互联项
[2023-11-28 11:51:04,420] logger_util.py->write_log line:61 [INFO] 接口方式：delete
[2023-11-28 11:51:04,420] logger_util.py->write_log line:61 [INFO] 接口路径：http://127.0.0.1:18000/api/v1/connection/1/50
[2023-11-28 11:51:04,420] logger_util.py->write_log line:61 [INFO] 请求头：{'X-Project': 'd800d1a6d0be4623aaa824c28dc71981'}
[2023-11-28 11:51:04,420] logger_util.py->write_log line:61 [INFO] 文件上传：None
[2023-11-28 11:51:04,445] logger_util.py->write_log line:61 [INFO] 预期结果：[{'equals': {'status_code': 200}}]
[2023-11-28 11:51:04,445] logger_util.py->write_log line:61 [INFO] 实际结果：
[2023-11-28 11:51:04,445] logger_util.py->write_log line:61 [INFO] 接口请求成功！
[2023-11-28 11:51:04,445] logger_util.py->write_log line:61 [INFO] 
-------------接口请求结束-----------

[2023-11-28 11:51:04,461] logger_util.py->write_log line:61 [INFO] 
-------------接口请求开始-----------
[2023-11-28 11:51:04,461] logger_util.py->write_log line:61 [INFO] 接口名称：测试连接互联项
[2023-11-28 11:51:04,461] logger_util.py->write_log line:61 [INFO] 接口方式：post
[2023-11-28 11:51:04,461] logger_util.py->write_log line:61 [INFO] 接口路径：http://127.0.0.1:18000/api/v1/connection
[2023-11-28 11:51:04,461] logger_util.py->write_log line:61 [INFO] 请求头：{'X-Project': 'd800d1a6d0be4623aaa824c28dc71981'}
[2023-11-28 11:51:04,461] logger_util.py->write_log line:61 [INFO] 请求参数：{'id': None, 'name': 'mysql7712', 'connectionType': 1, 'databaseType': 1, 'authenticationType': None, 'server': '127.0.0.1', 'port': '3306', 'database': 'TestDB', 'databasePath': '', 'userName': 'root', 'password': 'syc123', 'changedPassword': True, 'mqttType': None, 'pushType': None, 'timingPeriod': None, 'changingPeriod': None, 'cloudDeviceId': '', 'originalSecret': ''}
[2023-11-28 11:51:04,461] logger_util.py->write_log line:61 [INFO] 文件上传：None
[2023-11-28 11:51:04,481] logger_util.py->write_log line:61 [INFO] 预期结果：[{'equals': {'status_code': 200}}]
[2023-11-28 11:51:04,481] logger_util.py->write_log line:61 [INFO] 实际结果：{'data': {'id': 51, 'name': 'mysql7712', 'connectionType': 1, 'databaseType': 1, 'authenticationType': 0, 'server': '127.0.0.1', 'port': 3306, 'database': 'TestDB', 'databasePath': '', 'userName': 'root'}, 'message': ''}
[2023-11-28 11:51:04,482] logger_util.py->write_log line:61 [INFO] 接口请求成功！
[2023-11-28 11:51:04,482] logger_util.py->write_log line:61 [INFO] 
-------------接口请求结束-----------

[2023-11-28 11:51:04,493] logger_util.py->write_log line:61 [INFO] 
-------------接口请求开始-----------
[2023-11-28 11:51:04,493] logger_util.py->write_log line:61 [INFO] 接口名称：创建映射表表
[2023-11-28 11:51:04,493] logger_util.py->write_log line:61 [INFO] 接口方式：post
[2023-11-28 11:51:04,493] logger_util.py->write_log line:61 [INFO] 接口路径：http://127.0.0.1:18000/api/v1/connection/51/table
[2023-11-28 11:51:04,493] logger_util.py->write_log line:61 [INFO] 请求头：{'X-Project': 'd800d1a6d0be4623aaa824c28dc71981'}
[2023-11-28 11:51:04,493] logger_util.py->write_log line:61 [INFO] 请求参数：{'isBasic': True, 'databaseTableName': 'student', 'querySql': '', 'name': '插入9356'}
[2023-11-28 11:51:04,493] logger_util.py->write_log line:61 [INFO] 文件上传：None
[2023-11-28 11:51:04,521] logger_util.py->write_log line:61 [INFO] 预期结果：[{'equals': {'status_code': 200}}]
[2023-11-28 11:51:04,521] logger_util.py->write_log line:61 [INFO] 实际结果：{'id': 25, 'name': '插入9356', 'connectionItemId': 51, 'fields': [{'tableName': 'student', 'tableAlias': '', 'columnName': 'id', 'displayName': 'id', 'dataTypeName': 'Int32', 'databaseTypeName': 'Int32', 'isValueType': True, 'isAsterisk': True}, {'tableName': 'student', 'tableAlias': '', 'columnName': 'time', 'displayName': 'time', 'dataTypeName': 'DateTime', 'databaseTypeName': 'DateTime', 'isValueType': False, 'isAsterisk': True}, {'tableName': 'student', 'tableAlias': '', 'columnName': 'name', 'displayName': 'name', 'dataTypeName': 'String', 'databaseTypeName': 'VarChar', 'isValueType': False, 'isAsterisk': True}, {'tableName': 'student', 'tableAlias': '', 'columnName': 'age', 'displayName': 'age', 'dataTypeName': 'Int32', 'databaseTypeName': 'Int32', 'isValueType': True, 'isAsterisk': True}, {'tableName': 'student', 'tableAlias': '', 'columnName': 'money', 'displayName': 'money', 'dataTypeName': 'Single', 'databaseTypeName': 'Float', 'isValueType': True, 'isAsterisk': True}], 'isBasic': True, 'basicDatabaseTableName': 'student', 'querySql': 'select * from `student`', 'detail': None, 'action': None, 'status': 1, 'prevStatus': 0, 'lastErrorMsg': None, 'lastErrorDateTime': None}
[2023-11-28 11:51:04,521] logger_util.py->write_log line:61 [INFO] 接口请求成功！
[2023-11-28 11:51:04,521] logger_util.py->write_log line:61 [INFO] 
-------------接口请求结束-----------

[2023-11-28 11:51:04,532] logger_util.py->write_log line:61 [INFO] 
-------------接口请求开始-----------
[2023-11-28 11:51:04,533] logger_util.py->write_log line:61 [INFO] 接口名称：关闭映射表
[2023-11-28 11:51:04,533] logger_util.py->write_log line:61 [INFO] 接口方式：put
[2023-11-28 11:51:04,533] logger_util.py->write_log line:61 [INFO] 接口路径：http://127.0.0.1:18000/api/v1/connection/switch/2/25/off
[2023-11-28 11:51:04,533] logger_util.py->write_log line:61 [INFO] 请求头：{'X-Project': 'd800d1a6d0be4623aaa824c28dc71981'}
[2023-11-28 11:51:04,533] logger_util.py->write_log line:61 [INFO] 文件上传：None
[2023-11-28 11:51:04,551] logger_util.py->write_log line:61 [INFO] 预期结果：[{'equals': {'status_code': 200}}]
[2023-11-28 11:51:04,551] logger_util.py->write_log line:61 [INFO] 实际结果：[{'nodeGuid': 'ec8e7886-5e82-4b87-b363-a11bf73e1239', 'id': 25, 'type': 2, 'name': '插入9356', 'status': 2, 'errorMsg': None, 'children': []}]
[2023-11-28 11:51:04,552] logger_util.py->write_log line:61 [INFO] 接口请求成功！
[2023-11-28 11:51:04,552] logger_util.py->write_log line:61 [INFO] 
-------------接口请求结束-----------

[2023-11-28 11:51:04,559] logger_util.py->write_log line:61 [INFO] 
-------------接口请求开始-----------
[2023-11-28 11:51:04,559] logger_util.py->write_log line:61 [INFO] 接口名称：开启映射表
[2023-11-28 11:51:04,559] logger_util.py->write_log line:61 [INFO] 接口方式：put
[2023-11-28 11:51:04,559] logger_util.py->write_log line:61 [INFO] 接口路径：http://127.0.0.1:18000/api/v1/connection/switch/2/25/on
[2023-11-28 11:51:04,559] logger_util.py->write_log line:61 [INFO] 请求头：{'X-Project': 'd800d1a6d0be4623aaa824c28dc71981'}
[2023-11-28 11:51:04,559] logger_util.py->write_log line:61 [INFO] 文件上传：None
[2023-11-28 11:51:04,580] logger_util.py->write_log line:61 [INFO] 预期结果：[{'equals': {'status_code': 200}}]
[2023-11-28 11:51:04,581] logger_util.py->write_log line:61 [INFO] 实际结果：[{'nodeGuid': 'a161ae51-cf0c-4027-b2d3-1c99d241c868', 'id': 25, 'type': 2, 'name': '插入9356', 'status': 1, 'errorMsg': None, 'children': []}]
[2023-11-28 11:51:04,581] logger_util.py->write_log line:61 [INFO] 接口请求成功！
[2023-11-28 11:51:04,581] logger_util.py->write_log line:61 [INFO] 
-------------接口请求结束-----------

[2023-11-28 11:51:04,587] logger_util.py->write_log line:61 [INFO] 
-------------接口请求开始-----------
[2023-11-28 11:51:04,587] logger_util.py->write_log line:61 [INFO] 接口名称：重命名映射表
[2023-11-28 11:51:04,587] logger_util.py->write_log line:61 [INFO] 接口方式：put
[2023-11-28 11:51:04,588] logger_util.py->write_log line:61 [INFO] 接口路径：http://127.0.0.1:18000/api/v1/connection/rename/2/25/student_插入315
[2023-11-28 11:51:04,588] logger_util.py->write_log line:61 [INFO] 请求头：{'X-Project': 'd800d1a6d0be4623aaa824c28dc71981'}
[2023-11-28 11:51:04,588] logger_util.py->write_log line:61 [INFO] 文件上传：None
[2023-11-28 11:51:04,611] logger_util.py->write_log line:61 [INFO] 预期结果：[{'equals': {'status_code': 200}}]
[2023-11-28 11:51:04,611] logger_util.py->write_log line:61 [INFO] 实际结果：
[2023-11-28 11:51:04,611] logger_util.py->write_log line:61 [INFO] 接口请求成功！
[2023-11-28 11:51:04,611] logger_util.py->write_log line:61 [INFO] 
-------------接口请求结束-----------

[2023-11-28 11:51:04,616] logger_util.py->write_log line:61 [INFO] 
-------------接口请求开始-----------
[2023-11-28 11:51:04,616] logger_util.py->write_log line:61 [INFO] 接口名称：获取映射表配置
[2023-11-28 11:51:04,616] logger_util.py->write_log line:61 [INFO] 接口方式：get
[2023-11-28 11:51:04,616] logger_util.py->write_log line:61 [INFO] 接口路径：http://127.0.0.1:18000/api/v1/connection/table/25/config
[2023-11-28 11:51:04,617] logger_util.py->write_log line:61 [INFO] 请求头：{'X-Project': 'd800d1a6d0be4623aaa824c28dc71981'}
[2023-11-28 11:51:04,617] logger_util.py->write_log line:61 [INFO] 文件上传：None
[2023-11-28 11:51:04,645] logger_util.py->write_log line:61 [INFO] 预期结果：[{'equals': {'status_code': 200}}]
[2023-11-28 11:51:04,645] logger_util.py->write_log line:61 [INFO] 实际结果：{'isBasic': True, 'databaseTableNames': ['student'], 'databaseTableFieldNames': ['id', 'time', 'name', 'age', 'money'], 'querySql': 'select * from `student`'}
[2023-11-28 11:51:04,645] logger_util.py->write_log line:61 [INFO] 接口请求成功！
[2023-11-28 11:51:04,645] logger_util.py->write_log line:61 [INFO] 
-------------接口请求结束-----------

[2023-11-28 11:51:04,652] logger_util.py->write_log line:61 [INFO] 
-------------接口请求开始-----------
[2023-11-28 11:51:04,652] logger_util.py->write_log line:61 [INFO] 接口名称：映射表创建副本
[2023-11-28 11:51:04,652] logger_util.py->write_log line:61 [INFO] 接口方式：post
[2023-11-28 11:51:04,652] logger_util.py->write_log line:61 [INFO] 接口路径：http://127.0.0.1:18000/api/v1/connection/table/25/copy
[2023-11-28 11:51:04,652] logger_util.py->write_log line:61 [INFO] 请求头：{'X-Project': 'd800d1a6d0be4623aaa824c28dc71981'}
[2023-11-28 11:51:04,652] logger_util.py->write_log line:61 [INFO] 请求参数：{'name': '副本389'}
[2023-11-28 11:51:04,652] logger_util.py->write_log line:61 [INFO] 文件上传：None
[2023-11-28 11:51:04,677] logger_util.py->write_log line:61 [INFO] 预期结果：[{'equals': {'status_code': 200}}]
[2023-11-28 11:51:04,677] logger_util.py->write_log line:61 [INFO] 实际结果：{'id': 26, 'name': '副本389', 'connectionItemId': 51, 'fields': [{'tableName': 'student', 'tableAlias': '', 'columnName': 'id', 'displayName': 'id', 'dataTypeName': 'Int32', 'databaseTypeName': 'Int32', 'isValueType': True, 'isAsterisk': True}, {'tableName': 'student', 'tableAlias': '', 'columnName': 'time', 'displayName': 'time', 'dataTypeName': 'DateTime', 'databaseTypeName': 'DateTime', 'isValueType': False, 'isAsterisk': True}, {'tableName': 'student', 'tableAlias': '', 'columnName': 'name', 'displayName': 'name', 'dataTypeName': 'String', 'databaseTypeName': 'VarChar', 'isValueType': False, 'isAsterisk': True}, {'tableName': 'student', 'tableAlias': '', 'columnName': 'age', 'displayName': 'age', 'dataTypeName': 'Int32', 'databaseTypeName': 'Int32', 'isValueType': True, 'isAsterisk': True}, {'tableName': 'student', 'tableAlias': '', 'columnName': 'money', 'displayName': 'money', 'dataTypeName': 'Single', 'databaseTypeName': 'Float', 'isValueType': True, 'isAsterisk': True}], 'isBasic': True, 'basicDatabaseTableName': 'student', 'querySql': 'select * from `student`', 'detail': None, 'action': None, 'status': 1, 'prevStatus': 0, 'lastErrorMsg': None, 'lastErrorDateTime': None}
[2023-11-28 11:51:04,677] logger_util.py->write_log line:61 [INFO] 接口请求成功！
[2023-11-28 11:51:04,677] logger_util.py->write_log line:61 [INFO] 
-------------接口请求结束-----------

[2023-11-28 11:51:04,688] logger_util.py->write_log line:61 [INFO] 
-------------接口请求开始-----------
[2023-11-28 11:51:04,688] logger_util.py->write_log line:61 [INFO] 接口名称：删除映射表
[2023-11-28 11:51:04,689] logger_util.py->write_log line:61 [INFO] 接口方式：delete
[2023-11-28 11:51:04,689] logger_util.py->write_log line:61 [INFO] 接口路径：http://127.0.0.1:18000/api/v1/connection/2/26
[2023-11-28 11:51:04,689] logger_util.py->write_log line:61 [INFO] 请求头：{'X-Project': 'd800d1a6d0be4623aaa824c28dc71981'}
[2023-11-28 11:51:04,689] logger_util.py->write_log line:61 [INFO] 文件上传：None
[2023-11-28 11:51:04,714] logger_util.py->write_log line:61 [INFO] 预期结果：[{'equals': {'status_code': 200}}]
[2023-11-28 11:51:04,714] logger_util.py->write_log line:61 [INFO] 实际结果：
[2023-11-28 11:51:04,714] logger_util.py->write_log line:61 [INFO] 接口请求成功！
[2023-11-28 11:51:04,714] logger_util.py->write_log line:61 [INFO] 
-------------接口请求结束-----------

[2023-11-28 11:51:04,721] logger_util.py->write_log line:61 [INFO] 
-------------接口请求开始-----------
[2023-11-28 11:51:04,721] logger_util.py->write_log line:61 [INFO] 接口名称：预览数据表
[2023-11-28 11:51:04,721] logger_util.py->write_log line:61 [INFO] 接口方式：post
[2023-11-28 11:51:04,721] logger_util.py->write_log line:61 [INFO] 接口路径：http://127.0.0.1:18000/api/v1/connection/51/preview
[2023-11-28 11:51:04,721] logger_util.py->write_log line:61 [INFO] 请求头：{'X-Project': 'd800d1a6d0be4623aaa824c28dc71981'}
[2023-11-28 11:51:04,721] logger_util.py->write_log line:61 [INFO] 请求参数：{'isBasic': True, 'databaseTableName': 'student', 'querySql': '', 'limited': 10}
[2023-11-28 11:51:04,721] logger_util.py->write_log line:61 [INFO] 文件上传：None
[2023-11-28 11:51:04,736] logger_util.py->write_log line:61 [INFO] 预期结果：[{'equals': {'status_code': 200}}]
[2023-11-28 11:51:04,737] logger_util.py->write_log line:61 [INFO] 实际结果：{'headers': ['id', 'time', 'name', 'age', 'money'], 'data': []}
[2023-11-28 11:51:04,737] logger_util.py->write_log line:61 [INFO] 接口请求成功！
[2023-11-28 11:51:04,737] logger_util.py->write_log line:61 [INFO] 
-------------接口请求结束-----------

[2023-11-28 11:51:04,743] logger_util.py->write_log line:61 [INFO] 
-------------接口请求开始-----------
[2023-11-28 11:51:04,743] logger_util.py->write_log line:61 [INFO] 接口名称：保存配置-插入
[2023-11-28 11:51:04,743] logger_util.py->write_log line:61 [INFO] 接口方式：put
[2023-11-28 11:51:04,744] logger_util.py->write_log line:61 [INFO] 接口路径：http://127.0.0.1:18000/api/v1/connection/table/25/save
[2023-11-28 11:51:04,744] logger_util.py->write_log line:61 [INFO] 请求头：{'X-Project': 'd800d1a6d0be4623aaa824c28dc71981'}
[2023-11-28 11:51:04,744] logger_util.py->write_log line:61 [INFO] 请求参数：{'actionType': 2, 'filters': [], 'sorts': [], 'mappings': [{'field': 'time', 'relativeVariable': 'aa16', 'dataType': '日期时间'}, {'field': 'name', 'relativeVariable': 'A12', 'dataType': '字符串'}, {'field': 'age', 'relativeVariable': 'A2', 'dataType': '有符号8位整型'}, {'field': 'money', 'relativeVariable': 'A10', 'dataType': 'F32位浮点数IEEE754'}]}
[2023-11-28 11:51:04,744] logger_util.py->write_log line:61 [INFO] 文件上传：None
[2023-11-28 11:51:04,771] logger_util.py->write_log line:61 [INFO] 预期结果：[{'equals': {'status_code': 200}}]
[2023-11-28 11:51:04,771] logger_util.py->write_log line:61 [INFO] 实际结果：{'id': 25, 'name': 'student_插入315', 'connectionItemId': 51, 'fields': [{'tableName': 'student', 'tableAlias': '', 'columnName': 'id', 'displayName': 'id', 'dataTypeName': 'Int32', 'databaseTypeName': 'Int32', 'isValueType': True, 'isAsterisk': True}, {'tableName': 'student', 'tableAlias': '', 'columnName': 'time', 'displayName': 'time', 'dataTypeName': 'DateTime', 'databaseTypeName': 'DateTime', 'isValueType': False, 'isAsterisk': True}, {'tableName': 'student', 'tableAlias': '', 'columnName': 'name', 'displayName': 'name', 'dataTypeName': 'String', 'databaseTypeName': 'VarChar', 'isValueType': False, 'isAsterisk': True}, {'tableName': 'student', 'tableAlias': '', 'columnName': 'age', 'displayName': 'age', 'dataTypeName': 'Int32', 'databaseTypeName': 'Int32', 'isValueType': True, 'isAsterisk': True}, {'tableName': 'student', 'tableAlias': '', 'columnName': 'money', 'displayName': 'money', 'dataTypeName': 'Single', 'databaseTypeName': 'Float', 'isValueType': True, 'isAsterisk': True}], 'isBasic': True, 'basicDatabaseTableName': 'student', 'querySql': 'select * from `student`', 'detail': {'actionType': 2, 'filters': [], 'sorts': [], 'mapping': {'pendingDisplayNameRelativeVariable': None, 'ioMappings': [{'displayName': 'name', 'relativeVariable': 'A12', 'dataType': 16384, 'order': 2}, {'displayName': 'age', 'relativeVariable': 'A2', 'dataType': 2, 'order': 3}, {'displayName': 'money', 'relativeVariable': 'A10', 'dataType': 512, 'order': 4}], 'innerMappings': [{'displayName': 'time', 'relativeVariable': 'aa16', 'dataType': 8192, 'order': 1}], 'systemMappings': []}}, 'action': {'actionType': 2, 'mainSql': 'insert into `student` (`name`,`age`,`money`,`time`) values ({0},{1},{2},{3})', 'sortSql': '', 'filterSql': '', 'mainSqlParams': [{'key': 'A12', 'value': False}, {'key': 'A2', 'value': True}, {'key': 'A10', 'value': True}, {'key': 'aa16', 'value': False}], 'filterSqlParams': [], 'assignment': None}, 'status': 1, 'prevStatus': 2, 'lastErrorMsg': None, 'lastErrorDateTime': None}
[2023-11-28 11:51:04,771] logger_util.py->write_log line:61 [INFO] 接口请求成功！
[2023-11-28 11:51:04,771] logger_util.py->write_log line:61 [INFO] 
-------------接口请求结束-----------

