[2023-11-17 14:39:06,691] logger_util.py->write_log line:61 [INFO] 
-------------接口请求开始-----------
[2023-11-17 14:39:06,692] logger_util.py->write_log line:61 [INFO] 接口名称：创建语言列表
[2023-11-17 14:39:06,692] logger_util.py->write_log line:61 [INFO] 接口方式：post
[2023-11-17 14:39:06,692] logger_util.py->write_log line:61 [INFO] 接口路径：http://127.0.0.1:18000/api/v1/multiplelanguage/languagelist
[2023-11-17 14:39:06,692] logger_util.py->write_log line:61 [INFO] 请求头：{'X-Project': 'd800d1a6d0be4623aaa824c28dc71981'}
[2023-11-17 14:39:06,692] logger_util.py->write_log line:61 [INFO] 请求参数：{'languageType': 'zh-CN'}
[2023-11-17 14:39:06,693] logger_util.py->write_log line:61 [INFO] 文件上传：None
[2023-11-17 14:39:06,714] logger_util.py->write_log line:61 [INFO] 预期结果：[{'equals': {'status_code': 200}}]
[2023-11-17 14:39:06,715] logger_util.py->write_log line:61 [INFO] 实际结果：{'id': 8, 'languageType': 'zh-CN', 'name': '中文（中国）', 'enable': True, 'createDateTime': '2023-11-17T14:39:06.697936+08:00'}
[2023-11-17 14:39:06,715] logger_util.py->write_log line:61 [INFO] 接口请求成功！
[2023-11-17 14:39:06,715] logger_util.py->write_log line:61 [INFO] 
-------------接口请求结束-----------

[2023-11-17 14:39:06,721] logger_util.py->write_log line:61 [INFO] 
-------------接口请求开始-----------
[2023-11-17 14:39:06,722] logger_util.py->write_log line:61 [INFO] 接口名称：获取语言列表
[2023-11-17 14:39:06,722] logger_util.py->write_log line:61 [INFO] 接口方式：get
[2023-11-17 14:39:06,722] logger_util.py->write_log line:61 [INFO] 接口路径：http://127.0.0.1:18000/api/v1/multiplelanguage/languagelist
[2023-11-17 14:39:06,722] logger_util.py->write_log line:61 [INFO] 请求头：{'X-Project': 'd800d1a6d0be4623aaa824c28dc71981'}
[2023-11-17 14:39:06,722] logger_util.py->write_log line:61 [INFO] 文件上传：None
[2023-11-17 14:39:06,740] logger_util.py->write_log line:61 [INFO] 预期结果：[{'equals': {'status_code': 200}}]
[2023-11-17 14:39:06,740] logger_util.py->write_log line:61 [INFO] 实际结果：[{'id': 8, 'languageType': 'zh-CN', 'name': '中文（中国）', 'enable': True, 'createDateTime': '2023-11-17T14:39:06.697936'}]
[2023-11-17 14:39:06,740] logger_util.py->write_log line:61 [INFO] 接口请求成功！
[2023-11-17 14:39:06,740] logger_util.py->write_log line:61 [INFO] 
-------------接口请求结束-----------

[2023-11-17 14:39:06,745] logger_util.py->write_log line:61 [INFO] 
-------------接口请求开始-----------
[2023-11-17 14:39:06,745] logger_util.py->write_log line:61 [INFO] 接口名称：获取所有语言列表类型
[2023-11-17 14:39:06,745] logger_util.py->write_log line:61 [INFO] 接口方式：get
[2023-11-17 14:39:06,745] logger_util.py->write_log line:61 [INFO] 接口路径：http://127.0.0.1:18000/api/v1/multiplelanguage/languagelist/languagetype
[2023-11-17 14:39:06,745] logger_util.py->write_log line:61 [INFO] 请求头：{'X-Project': 'd800d1a6d0be4623aaa824c28dc71981'}
[2023-11-17 14:39:06,745] logger_util.py->write_log line:61 [INFO] 文件上传：None
[2023-11-17 14:39:06,763] logger_util.py->write_log line:61 [INFO] 预期结果：[{'equals': {'status_code': 200}}]
[2023-11-17 14:39:06,764] logger_util.py->write_log line:61 [INFO] 实际结果：[{'languageType': 'en-US', 'name': 'English (United States)'}, {'languageType': 'zh-CN', 'name': '中文（中国）'}]
[2023-11-17 14:39:06,764] logger_util.py->write_log line:61 [INFO] 接口请求成功！
[2023-11-17 14:39:06,764] logger_util.py->write_log line:61 [INFO] 
-------------接口请求结束-----------

