[2023-11-24 16:27:45,102] logger_util.py->write_log line:61 [INFO] 
-------------接口请求开始-----------
[2023-11-24 16:27:45,102] logger_util.py->write_log line:61 [INFO] 接口名称：创建工程
[2023-11-24 16:27:45,102] logger_util.py->write_log line:61 [INFO] 接口方式：post
[2023-11-24 16:27:45,102] logger_util.py->write_log line:61 [INFO] 接口路径：http://127.0.0.1:18000/api/v1/project/node
[2023-11-24 16:27:45,102] logger_util.py->write_log line:61 [INFO] 请求头：{}
[2023-11-24 16:27:45,103] logger_util.py->write_log line:61 [INFO] 请求参数：{'name': '工程1966', 'path': 'C:\\自动化工程', 'type': 1}
[2023-11-24 16:27:45,103] logger_util.py->write_log line:61 [INFO] 文件上传：None
[2023-11-24 16:27:45,827] logger_util.py->write_log line:61 [INFO] 预期结果：[{'equals': {'status_code': 200}}]
[2023-11-24 16:27:45,827] logger_util.py->write_log line:61 [INFO] 实际结果：112
[2023-11-24 16:27:45,827] logger_util.py->write_log line:61 [INFO] 接口请求成功！
[2023-11-24 16:27:45,827] logger_util.py->write_log line:61 [INFO] 
-------------接口请求结束-----------

[2023-11-24 16:27:45,836] logger_util.py->write_log line:61 [INFO] 
-------------接口请求开始-----------
[2023-11-24 16:27:45,836] logger_util.py->write_log line:61 [INFO] 接口名称：获取工程信息
[2023-11-24 16:27:45,836] logger_util.py->write_log line:61 [INFO] 接口方式：get
[2023-11-24 16:27:45,836] logger_util.py->write_log line:61 [INFO] 接口路径：http://127.0.0.1:18000/api/v1/project/112/info
[2023-11-24 16:27:45,837] logger_util.py->write_log line:61 [INFO] 请求头：{}
[2023-11-24 16:27:45,837] logger_util.py->write_log line:61 [INFO] 文件上传：None
[2023-11-24 16:28:14,449] logger_util.py->write_log line:61 [INFO] 预期结果：[{'equals': {'status_code': 200}}, {'contains': 'id'}]
[2023-11-24 16:28:14,449] logger_util.py->write_log line:61 [INFO] 实际结果：{'id': 112, 'name': '工程1966', 'identifier': '533f23f17d534cf78d8d90dbf63dc755', 'path': 'C:\\自动化工程\\工程1966.cmsproj', 'createTime': '2023-11-24T16:27:45.7997208', 'updateTime': '2023-11-24T16:27:45.7997208'}
[2023-11-24 16:28:14,449] logger_util.py->write_log line:61 [INFO] 接口请求成功！
[2023-11-24 16:28:14,449] logger_util.py->write_log line:61 [INFO] 
-------------接口请求结束-----------

