[2023-08-17 10:19:25,720] logger_util.py->write_log line:61 [INFO] -------------接口请求开始-----------
[2023-08-17 10:19:25,720] logger_util.py->write_log line:61 [INFO] 接口名称：创建工程
[2023-08-17 10:19:25,720] logger_util.py->write_log line:61 [INFO] 接口方式：post
[2023-08-17 10:19:25,721] logger_util.py->write_log line:61 [INFO] 接口路径：http://127.0.0.1:18000/api/v1/project/node
[2023-08-17 10:19:25,721] logger_util.py->write_log line:61 [INFO] 请求头：{}
[2023-08-17 10:19:25,721] logger_util.py->write_log line:61 [INFO] 请求参数：{'name': '工程7198', 'path': 'C:\\自动化工程', 'type': 1}
[2023-08-17 10:19:25,721] logger_util.py->write_log line:61 [INFO] 文件上传：None
[2023-08-17 10:19:26,026] logger_util.py->write_log line:61 [INFO] 预期结果：[{'equals': {'status_code': 200}}]
[2023-08-17 10:19:26,026] logger_util.py->write_log line:61 [INFO] 实际结果：179
[2023-08-17 10:19:26,026] logger_util.py->write_log line:61 [INFO] 接口请求成功！
[2023-08-17 10:19:26,026] logger_util.py->write_log line:61 [INFO] -------------接口请求结束-----------

[2023-08-17 10:19:26,031] logger_util.py->write_log line:61 [INFO] -------------接口请求开始-----------
[2023-08-17 10:19:26,032] logger_util.py->write_log line:61 [INFO] 接口名称：创建文件夹
[2023-08-17 10:19:26,032] logger_util.py->write_log line:61 [INFO] 接口方式：post
[2023-08-17 10:19:26,032] logger_util.py->write_log line:61 [INFO] 接口路径：http://127.0.0.1:18000/api/v1/project/node
[2023-08-17 10:19:26,032] logger_util.py->write_log line:61 [INFO] 请求头：{}
[2023-08-17 10:19:26,032] logger_util.py->write_log line:61 [INFO] 请求参数：{'name': '文件夹9386', 'type': 0}
[2023-08-17 10:19:26,032] logger_util.py->write_log line:61 [INFO] 文件上传：None
[2023-08-17 10:19:26,077] logger_util.py->write_log line:61 [INFO] 预期结果：[{'equals': {'status_code': 200}}]
[2023-08-17 10:19:26,078] logger_util.py->write_log line:61 [INFO] 实际结果：180
[2023-08-17 10:19:26,078] logger_util.py->write_log line:61 [INFO] 接口请求成功！
[2023-08-17 10:19:26,078] logger_util.py->write_log line:61 [INFO] -------------接口请求结束-----------

[2023-08-17 10:19:26,088] logger_util.py->write_log line:61 [INFO] -------------接口请求开始-----------
[2023-08-17 10:19:26,088] logger_util.py->write_log line:61 [INFO] 接口名称：获取工程信息
[2023-08-17 10:19:26,088] logger_util.py->write_log line:61 [INFO] 接口方式：get
[2023-08-17 10:19:26,088] logger_util.py->write_log line:61 [INFO] 接口路径：http://127.0.0.1:18000/api/v1/project/179/info
[2023-08-17 10:19:26,088] logger_util.py->write_log line:61 [INFO] 请求头：{}
[2023-08-17 10:19:26,088] logger_util.py->write_log line:61 [INFO] 文件上传：None
[2023-08-17 10:19:27,480] logger_util.py->write_log line:61 [INFO] 预期结果：[{'equals': {'status_code': 200}}]
[2023-08-17 10:19:27,480] logger_util.py->write_log line:61 [INFO] 实际结果：{'id': 179, 'name': '工程7198', 'identifier': 'b1ed638e2e8445c2857f8b067bad295d', 'path': 'C:\\自动化工程\\工程7198.cmsproj', 'createTime': '2023-08-17T10:19:26.0042318', 'updateTime': '2023-08-17T10:19:26.0042319'}
[2023-08-17 10:19:27,480] logger_util.py->write_log line:61 [INFO] 接口请求成功！
[2023-08-17 10:19:27,480] logger_util.py->write_log line:61 [INFO] -------------接口请求结束-----------

[2023-08-17 10:19:27,485] logger_util.py->write_log line:61 [INFO] -------------接口请求开始-----------
[2023-08-17 10:19:27,485] logger_util.py->write_log line:61 [INFO] 接口名称：获取工程树节点
[2023-08-17 10:19:27,485] logger_util.py->write_log line:61 [INFO] 接口方式：get
[2023-08-17 10:19:27,485] logger_util.py->write_log line:61 [INFO] 接口路径：http://127.0.0.1:18000/api/v1/project/node/tree
[2023-08-17 10:19:27,486] logger_util.py->write_log line:61 [INFO] 请求头：{}
[2023-08-17 10:19:27,486] logger_util.py->write_log line:61 [INFO] 文件上传：None
[2023-08-17 10:19:27,658] logger_util.py->write_log line:61 [INFO] 预期结果：[{'equals': {'status_code': 200}}]
[2023-08-17 10:19:27,658] logger_util.py->write_log line:61 [INFO] 实际结果：[{'child': [{'child': [], 'fileAvailableState': True, 'version': '2.0.3', 'id': 173, 'parentId': 174, 'name': '工程5672', 'path': 'C:\\自动化工程\\工程5672.cmsproj', 'type': 1, 'createTime': '0001-01-01T00:00:00', 'updateTime': '2023-08-17T10:18:13.509789'}, {'child': [], 'fileAvailableState': True, 'version': '2.0.3', 'id': 178, 'parentId': 174, 'name': '工程副本9007', 'path': 'C:\\自动化工程\\工程副本9007.cmsproj', 'type': 1, 'createTime': '0001-01-01T00:00:00', 'updateTime': '2023-08-17T10:18:14.5511534'}], 'fileAvailableState': False, 'version': None, 'id': 174, 'parentId': None, 'name': '文件夹1419', 'path': None, 'type': 0, 'createTime': '0001-01-01T00:00:00', 'updateTime': '2023-08-17T10:18:12.0786784'}, {'child': [], 'fileAvailableState': False, 'version': None, 'id': 180, 'parentId': None, 'name': '文件夹9386', 'path': None, 'type': 0, 'createTime': '0001-01-01T00:00:00', 'updateTime': '2023-08-17T10:19:26.035163'}, {'child': [], 'fileAvailableState': True, 'version': '2.0.3', 'id': 179, 'parentId': None, 'name': '工程7198', 'path': 'C:\\自动化工程\\工程7198.cmsproj', 'type': 1, 'createTime': '0001-01-01T00:00:00', 'updateTime': '2023-08-17T10:19:25.9804772'}]
[2023-08-17 10:19:27,658] logger_util.py->write_log line:61 [INFO] 接口请求成功！
[2023-08-17 10:19:27,658] logger_util.py->write_log line:61 [INFO] -------------接口请求结束-----------

[2023-08-17 10:19:27,667] logger_util.py->write_log line:61 [INFO] -------------接口请求开始-----------
[2023-08-17 10:19:27,667] logger_util.py->write_log line:61 [INFO] 接口名称：移动工程节点
[2023-08-17 10:19:27,667] logger_util.py->write_log line:61 [INFO] 接口方式：put
[2023-08-17 10:19:27,668] logger_util.py->write_log line:61 [INFO] 接口路径：http://127.0.0.1:18000/api/v1/project/node/moveprojectnodes
[2023-08-17 10:19:27,668] logger_util.py->write_log line:61 [INFO] 请求头：{}
[2023-08-17 10:19:27,668] logger_util.py->write_log line:61 [INFO] 请求参数：{'destNodeID': '180', 'selectNodeIDs': '179'}
[2023-08-17 10:19:27,668] logger_util.py->write_log line:61 [INFO] 文件上传：None
[2023-08-17 10:19:27,710] logger_util.py->write_log line:61 [INFO] 预期结果：[{'equals': {'status_code': 200}}]
[2023-08-17 10:19:27,711] logger_util.py->write_log line:61 [INFO] 实际结果：[{'id': 179, 'parentId': 180, 'name': '工程7198', 'path': 'C:\\自动化工程\\工程7198.cmsproj', 'type': 1, 'createTime': '2023-08-17T10:19:25.9804763', 'updateTime': '2023-08-17T10:19:27.6716654+08:00'}]
[2023-08-17 10:19:27,711] logger_util.py->write_log line:61 [INFO] 接口请求成功！
[2023-08-17 10:19:27,711] logger_util.py->write_log line:61 [INFO] -------------接口请求结束-----------

[2023-08-17 10:19:27,726] logger_util.py->write_log line:61 [INFO] -------------接口请求开始-----------
[2023-08-17 10:19:27,726] logger_util.py->write_log line:61 [INFO] 接口名称：创建工程
[2023-08-17 10:19:27,726] logger_util.py->write_log line:61 [INFO] 接口方式：post
[2023-08-17 10:19:27,726] logger_util.py->write_log line:61 [INFO] 接口路径：http://127.0.0.1:18000/api/v1/project/node
[2023-08-17 10:19:27,726] logger_util.py->write_log line:61 [INFO] 请求头：{}
[2023-08-17 10:19:27,726] logger_util.py->write_log line:61 [INFO] 请求参数：{'name': '删除工程保留路径下的文件6552', 'path': 'C:\\自动化工程', 'type': 1}
[2023-08-17 10:19:27,726] logger_util.py->write_log line:61 [INFO] 文件上传：None
[2023-08-17 10:19:28,035] logger_util.py->write_log line:61 [INFO] 预期结果：[{'equals': {'status_code': 200}}]
[2023-08-17 10:19:28,035] logger_util.py->write_log line:61 [INFO] 实际结果：181
[2023-08-17 10:19:28,035] logger_util.py->write_log line:61 [INFO] 接口请求成功！
[2023-08-17 10:19:28,035] logger_util.py->write_log line:61 [INFO] -------------接口请求结束-----------

[2023-08-17 10:19:28,044] logger_util.py->write_log line:61 [INFO] -------------接口请求开始-----------
[2023-08-17 10:19:28,044] logger_util.py->write_log line:61 [INFO] 接口名称：删除工程
[2023-08-17 10:19:28,044] logger_util.py->write_log line:61 [INFO] 接口方式：put
[2023-08-17 10:19:28,044] logger_util.py->write_log line:61 [INFO] 接口路径：http://127.0.0.1:18000/api/v1/project/node/deletenodes
[2023-08-17 10:19:28,045] logger_util.py->write_log line:61 [INFO] 请求头：{}
[2023-08-17 10:19:28,045] logger_util.py->write_log line:61 [INFO] 请求参数：{'ids': '181', 'isDeleteFile': False}
[2023-08-17 10:19:28,045] logger_util.py->write_log line:61 [INFO] 文件上传：None
[2023-08-17 10:19:28,085] logger_util.py->write_log line:61 [INFO] 预期结果：[{'equals': {'status_code': 200}}]
[2023-08-17 10:19:28,085] logger_util.py->write_log line:61 [INFO] 实际结果：
[2023-08-17 10:19:28,085] logger_util.py->write_log line:61 [INFO] 接口请求成功！
[2023-08-17 10:19:28,085] logger_util.py->write_log line:61 [INFO] -------------接口请求结束-----------

[2023-08-17 10:19:28,089] logger_util.py->write_log line:61 [INFO] -------------接口请求开始-----------
[2023-08-17 10:19:28,090] logger_util.py->write_log line:61 [INFO] 接口名称：创建工程
[2023-08-17 10:19:28,090] logger_util.py->write_log line:61 [INFO] 接口方式：post
[2023-08-17 10:19:28,090] logger_util.py->write_log line:61 [INFO] 接口路径：http://127.0.0.1:18000/api/v1/project/node
[2023-08-17 10:19:28,090] logger_util.py->write_log line:61 [INFO] 请求头：{}
[2023-08-17 10:19:28,090] logger_util.py->write_log line:61 [INFO] 请求参数：{'name': '工程1657', 'path': 'C:\\自动化工程', 'type': 1}
[2023-08-17 10:19:28,090] logger_util.py->write_log line:61 [INFO] 文件上传：None
[2023-08-17 10:19:28,436] logger_util.py->write_log line:61 [INFO] 预期结果：[{'equals': {'status_code': 200}}]
[2023-08-17 10:19:28,436] logger_util.py->write_log line:61 [INFO] 实际结果：182
[2023-08-17 10:19:28,436] logger_util.py->write_log line:61 [INFO] 接口请求成功！
[2023-08-17 10:19:28,436] logger_util.py->write_log line:61 [INFO] -------------接口请求结束-----------

[2023-08-17 10:19:28,446] logger_util.py->write_log line:61 [INFO] -------------接口请求开始-----------
[2023-08-17 10:19:28,446] logger_util.py->write_log line:61 [INFO] 接口名称：删除工程
[2023-08-17 10:19:28,446] logger_util.py->write_log line:61 [INFO] 接口方式：put
[2023-08-17 10:19:28,446] logger_util.py->write_log line:61 [INFO] 接口路径：http://127.0.0.1:18000/api/v1/project/node/deletenodes
[2023-08-17 10:19:28,446] logger_util.py->write_log line:61 [INFO] 请求头：{}
[2023-08-17 10:19:28,446] logger_util.py->write_log line:61 [INFO] 请求参数：{'ids': '182', 'isDeleteFile': True}
[2023-08-17 10:19:28,446] logger_util.py->write_log line:61 [INFO] 文件上传：None
[2023-08-17 10:19:28,508] logger_util.py->write_log line:61 [INFO] 预期结果：[{'equals': {'status_code': 200}}]
[2023-08-17 10:19:28,508] logger_util.py->write_log line:61 [INFO] 实际结果：
[2023-08-17 10:19:28,508] logger_util.py->write_log line:61 [INFO] 接口请求成功！
[2023-08-17 10:19:28,508] logger_util.py->write_log line:61 [INFO] -------------接口请求结束-----------

[2023-08-17 10:19:28,512] logger_util.py->write_log line:61 [INFO] -------------接口请求开始-----------
[2023-08-17 10:19:28,512] logger_util.py->write_log line:61 [INFO] 接口名称：创建文件夹
[2023-08-17 10:19:28,513] logger_util.py->write_log line:61 [INFO] 接口方式：post
[2023-08-17 10:19:28,513] logger_util.py->write_log line:61 [INFO] 接口路径：http://127.0.0.1:18000/api/v1/project/node
[2023-08-17 10:19:28,513] logger_util.py->write_log line:61 [INFO] 请求头：{}
[2023-08-17 10:19:28,513] logger_util.py->write_log line:61 [INFO] 请求参数：{'name': '文件夹8281', 'type': 0}
[2023-08-17 10:19:28,513] logger_util.py->write_log line:61 [INFO] 文件上传：None
[2023-08-17 10:19:28,536] logger_util.py->write_log line:61 [INFO] 预期结果：[{'equals': {'status_code': 200}}]
[2023-08-17 10:19:28,536] logger_util.py->write_log line:61 [INFO] 实际结果：183
[2023-08-17 10:19:28,536] logger_util.py->write_log line:61 [INFO] 接口请求成功！
[2023-08-17 10:19:28,536] logger_util.py->write_log line:61 [INFO] -------------接口请求结束-----------

[2023-08-17 10:19:28,544] logger_util.py->write_log line:61 [INFO] -------------接口请求开始-----------
[2023-08-17 10:19:28,545] logger_util.py->write_log line:61 [INFO] 接口名称：删除文件夹
[2023-08-17 10:19:28,545] logger_util.py->write_log line:61 [INFO] 接口方式：put
[2023-08-17 10:19:28,545] logger_util.py->write_log line:61 [INFO] 接口路径：http://127.0.0.1:18000/api/v1/project/node/deletenodes
[2023-08-17 10:19:28,545] logger_util.py->write_log line:61 [INFO] 请求头：{}
[2023-08-17 10:19:28,545] logger_util.py->write_log line:61 [INFO] 请求参数：{'ids': '183', 'isDeleteFile': True}
[2023-08-17 10:19:28,545] logger_util.py->write_log line:61 [INFO] 文件上传：None
[2023-08-17 10:19:28,568] logger_util.py->write_log line:61 [INFO] 预期结果：[{'equals': {'status_code': 200}}]
[2023-08-17 10:19:28,568] logger_util.py->write_log line:61 [INFO] 实际结果：
[2023-08-17 10:19:28,568] logger_util.py->write_log line:61 [INFO] 接口请求成功！
[2023-08-17 10:19:28,568] logger_util.py->write_log line:61 [INFO] -------------接口请求结束-----------

[2023-08-17 10:19:28,573] logger_util.py->write_log line:61 [INFO] -------------接口请求开始-----------
[2023-08-17 10:19:28,574] logger_util.py->write_log line:61 [INFO] 接口名称：创建工程副本
[2023-08-17 10:19:28,574] logger_util.py->write_log line:61 [INFO] 接口方式：post
[2023-08-17 10:19:28,574] logger_util.py->write_log line:61 [INFO] 接口路径：http://127.0.0.1:18000/api/v1/project/node/copyprojectnode
[2023-08-17 10:19:28,574] logger_util.py->write_log line:61 [INFO] 请求头：{}
[2023-08-17 10:19:28,574] logger_util.py->write_log line:61 [INFO] 请求参数：{'parentId': '180', 'path': 'C:\\自动化工程', 'name': '工程副本4507', 'type': 1, 'rawProjectNodeID': '179', 'copyType': 0}
[2023-08-17 10:19:28,574] logger_util.py->write_log line:61 [INFO] 文件上传：None
[2023-08-17 10:19:28,667] logger_util.py->write_log line:61 [INFO] 预期结果：[{'equals': {'status_code': 200}}]
[2023-08-17 10:19:28,667] logger_util.py->write_log line:61 [INFO] 实际结果：184
[2023-08-17 10:19:28,667] logger_util.py->write_log line:61 [INFO] 接口请求成功！
[2023-08-17 10:19:28,667] logger_util.py->write_log line:61 [INFO] -------------接口请求结束-----------

[2023-08-17 10:19:28,681] logger_util.py->write_log line:61 [INFO] -------------接口请求开始-----------
[2023-08-17 10:19:28,681] logger_util.py->write_log line:61 [INFO] 接口名称：查询
[2023-08-17 10:19:28,681] logger_util.py->write_log line:61 [INFO] 接口方式：get
[2023-08-17 10:19:28,681] logger_util.py->write_log line:61 [INFO] 接口路径：http://127.0.0.1:18000/api/v1/project/node/tree?rootId=&isOrderByDesc=false&orderFieldName=name&keyWord=副本
[2023-08-17 10:19:28,681] logger_util.py->write_log line:61 [INFO] 请求头：{}
[2023-08-17 10:19:28,681] logger_util.py->write_log line:61 [INFO] 文件上传：None
[2023-08-17 10:19:28,693] logger_util.py->error_log line:65 [INFO] 断言失败：返回结果不包含字符串：name
[2023-08-17 10:19:28,694] logger_util.py->write_log line:61 [INFO] 接口请求失败！
[2023-08-17 10:19:28,694] logger_util.py->write_log line:61 [INFO] -------------接口请求结束-----------

[2023-08-17 10:19:28,694] logger_util.py->error_log line:65 [INFO] 断言异常：异常信息: Traceback (most recent call last):
  File "E:\Project_python\api_cms\common\requests_util.py", line 361, in validate_result
    error_log("断言失败：返回结果不包含字符串：" + value)
  File "E:\Project_python\api_cms\common\logger_util.py", line 66, in error_log
    raise Exception(log_message)
Exception: 断言失败：返回结果不包含字符串：name

[2023-08-17 10:19:28,695] logger_util.py->error_log line:65 [INFO] 分析YAML文件异常：异常信息: Traceback (most recent call last):
  File "E:\Project_python\api_cms\common\requests_util.py", line 361, in validate_result
    error_log("断言失败：返回结果不包含字符串：" + value)
  File "E:\Project_python\api_cms\common\logger_util.py", line 66, in error_log
    raise Exception(log_message)
Exception: 断言失败：返回结果不包含字符串：name

During handling of the above exception, another exception occurred:

Traceback (most recent call last):
  File "E:\Project_python\api_cms\common\requests_util.py", line 231, in analysis_yaml
    self.validate_result(yq_result, return_data, status_code)
  File "E:\Project_python\api_cms\common\requests_util.py", line 396, in validate_result
    error_log("断言异常：异常信息: %s" % str(traceback.format_exc()))
  File "E:\Project_python\api_cms\common\logger_util.py", line 66, in error_log
    raise Exception(log_message)
Exception: 断言异常：异常信息: Traceback (most recent call last):
  File "E:\Project_python\api_cms\common\requests_util.py", line 361, in validate_result
    error_log("断言失败：返回结果不包含字符串：" + value)
  File "E:\Project_python\api_cms\common\logger_util.py", line 66, in error_log
    raise Exception(log_message)
Exception: 断言失败：返回结果不包含字符串：name


