[2023-06-02 18:03:07,709] logger_util.py->write_log line:61 [INFO] -------------接口请求开始-----------
[2023-06-02 18:03:07,709] logger_util.py->write_log line:61 [INFO] 接口名称：创建文件夹
[2023-06-02 18:03:07,709] logger_util.py->write_log line:61 [INFO] 接口方式：post
[2023-06-02 18:03:07,709] logger_util.py->write_log line:61 [INFO] 接口路径：http://127.0.0.1:18000/api/v1/dataconfig/folder
[2023-06-02 18:03:07,709] logger_util.py->write_log line:61 [INFO] 请求头：{'Content-Type': 'application/json;charset=UTF-8', 'X-Project': '83d42c5d5ad141bba528b7690b19996e'}
[2023-06-02 18:03:07,710] logger_util.py->write_log line:61 [INFO] 请求参数：{'parentId': '00000000-0000-0000-0000-000000000000', 'name': '文件夹40', 'sort': 2}
[2023-06-02 18:03:07,710] logger_util.py->write_log line:61 [INFO] 文件上传：None
[2023-06-02 18:03:07,967] logger_util.py->write_log line:61 [INFO] 预期结果：[{'equals': {'status_code': 200}}, {'equals': {'sort': 2}}, {'contains': 'id'}]
[2023-06-02 18:03:07,967] logger_util.py->write_log line:61 [INFO] 实际结果：{'id': '8864d61c-4d3a-4d69-b353-4dc1b1f9d496', 'name': '文件夹40', 'parentId': '00000000-0000-0000-0000-000000000000', 'level': 0, 'sort': 2, 'createDateTime': '2023-06-02T18:03:07.8578908+08:00', 'operationTypes': [1, 4]}
[2023-06-02 18:03:07,967] logger_util.py->write_log line:61 [INFO] 接口请求成功！
[2023-06-02 18:03:07,968] logger_util.py->write_log line:61 [INFO] -------------接口请求结束-----------

[2023-06-02 18:03:07,987] logger_util.py->write_log line:61 [INFO] -------------接口请求开始-----------
[2023-06-02 18:03:07,987] logger_util.py->write_log line:61 [INFO] 接口名称：创建归档表
[2023-06-02 18:03:07,987] logger_util.py->write_log line:61 [INFO] 接口方式：post
[2023-06-02 18:03:07,987] logger_util.py->write_log line:61 [INFO] 接口路径：http://127.0.0.1:18000/api/v1/dataconfig/filingtable
[2023-06-02 18:03:07,987] logger_util.py->write_log line:61 [INFO] 请求头：{'Content-Type': 'application/json;charset=UTF-8', 'X-Project': '83d42c5d5ad141bba528b7690b19996e'}
[2023-06-02 18:03:07,987] logger_util.py->write_log line:61 [INFO] 请求参数：{'folderId': '00000000-0000-0000-0000-000000000000', 'name': '归档表91', 'sort': 2}
[2023-06-02 18:03:07,987] logger_util.py->write_log line:61 [INFO] 文件上传：None
[2023-06-02 18:03:08,653] logger_util.py->write_log line:61 [INFO] 预期结果：[{'equals': {'status_code': 200}}, {'equals': {'sort': 2}}, {'contains': 'id'}]
[2023-06-02 18:03:08,653] logger_util.py->write_log line:61 [INFO] 实际结果：{'id': '465e09c9-e826-4261-8cc1-434a502220ac', 'folderId': '00000000-0000-0000-0000-000000000000', 'name': '归档表91', 'sort': 2, 'createDateTime': '2023-06-02T18:03:08.1052974+08:00', 'operationTypes': [1, 2, 3, 4], 'functionTypes': [1, 2, 3, 4], 'extendedHeaders': ['记录时间'], 'cacheConfig_EnableCache': False, 'cacheConfig_QuantityLimit': 0, 'cacheConfig_TimeSpanLimit': 0, 'cacheConfig_TimeSpanLimitUnit': 0, 'cacheConfig_ClearCache': '', 'storageConfig_ScheduledClear': False, 'storageConfig_ClearTriggerTime': None, 'storageConfig_ClearFrequency': 0, 'storageConfig_ClearFrequencyUnit': 0, 'storageConfig_ClearRetain': 0, 'storageConfig_ClearRetainUnit': 0, 'storageConfig_ScheduledBackup': False, 'storageConfig_BackupTriggerTime': None, 'storageConfig_BackupFrequency': 0, 'storageConfig_BackupFrequencyUnit': 0, 'storageConfig_BackupPath': ''}
[2023-06-02 18:03:08,653] logger_util.py->write_log line:61 [INFO] 接口请求成功！
[2023-06-02 18:03:08,653] logger_util.py->write_log line:61 [INFO] -------------接口请求结束-----------

[2023-06-02 18:03:08,665] logger_util.py->write_log line:61 [INFO] -------------接口请求开始-----------
[2023-06-02 18:03:08,665] logger_util.py->write_log line:61 [INFO] 接口名称：设置归档表字段配置
[2023-06-02 18:03:08,665] logger_util.py->write_log line:61 [INFO] 接口方式：put
[2023-06-02 18:03:08,665] logger_util.py->write_log line:61 [INFO] 接口路径：http://127.0.0.1:18000/api/v1/dataconfig/filingtable/465e09c9-e826-4261-8cc1-434a502220ac/fields
[2023-06-02 18:03:08,666] logger_util.py->write_log line:61 [INFO] 请求头：{'Content-Type': 'application/json; =UTF-8', 'X-Project': '83d42c5d5ad141bba528b7690b19996e'}
[2023-06-02 18:03:08,666] logger_util.py->write_log line:61 [INFO] 请求参数：[{'fieldName': '系统时间', 'fieldType': 3, 'associatedVariable': 'DateTime', 'formula': '', 'id': ''}, {'fieldName': '函数时间', 'fieldType': 3, 'associatedVariable': '', 'formula': 'NOW(  )', 'id': ''}, {'fieldName': 'A1', 'fieldType': 1, 'associatedVariable': 'A1', 'formula': '', 'id': ''}, {'fieldName': 'B1', 'fieldType': 1, 'associatedVariable': 'B1', 'formula': '', 'id': ''}, {'fieldName': 'G1', 'fieldType': 1, 'associatedVariable': 'G1', 'formula': '', 'id': ''}, {'fieldName': 'H1', 'fieldType': 2, 'associatedVariable': 'H1', 'formula': '', 'id': ''}]
[2023-06-02 18:03:08,666] logger_util.py->write_log line:61 [INFO] 文件上传：None
[2023-06-02 18:03:09,545] logger_util.py->write_log line:61 [INFO] 预期结果：[{'equals': {'status_code': 200}}]
[2023-06-02 18:03:09,546] logger_util.py->write_log line:61 [INFO] 实际结果：
[2023-06-02 18:03:09,546] logger_util.py->write_log line:61 [INFO] 接口请求成功！
[2023-06-02 18:03:09,546] logger_util.py->write_log line:61 [INFO] -------------接口请求结束-----------

[2023-06-02 18:03:09,552] logger_util.py->write_log line:61 [INFO] -------------接口请求开始-----------
[2023-06-02 18:03:09,552] logger_util.py->write_log line:61 [INFO] 接口名称：创建聚合表
[2023-06-02 18:03:09,553] logger_util.py->write_log line:61 [INFO] 接口方式：post
[2023-06-02 18:03:09,553] logger_util.py->write_log line:61 [INFO] 接口路径：http://127.0.0.1:18000/api/v1/dataconfig/aggregatetable
[2023-06-02 18:03:09,553] logger_util.py->write_log line:61 [INFO] 请求头：{'Content-Type': 'application/json;charset=UTF-8', 'X-Project': '83d42c5d5ad141bba528b7690b19996e'}
[2023-06-02 18:03:09,553] logger_util.py->write_log line:61 [INFO] 请求参数：{'folderId': '00000000-0000-0000-0000-000000000000', 'name': '聚合表61', 'sort': 3, 'tableId': '465e09c9-e826-4261-8cc1-434a502220ac', 'nodeType': 2}
[2023-06-02 18:03:09,553] logger_util.py->write_log line:61 [INFO] 文件上传：None
[2023-06-02 18:03:09,877] logger_util.py->write_log line:61 [INFO] 预期结果：[{'equals': {'status_code': 200}}, {'equals': {'sort': 3}}, {'contains': 'id'}]
[2023-06-02 18:03:09,877] logger_util.py->write_log line:61 [INFO] 实际结果：{'id': '5e56a732-add5-4fe7-b60c-10fc824854bc', 'folderId': '00000000-0000-0000-0000-000000000000', 'relativeTableId': '465e09c9-e826-4261-8cc1-434a502220ac', 'relativeType': 2, 'name': '聚合表61', 'sort': 3, 'createDateTime': '2023-06-02T18:03:09.7129722+08:00', 'preConditionType': 0, 'operationTypes': [1, 2, 3, 4], 'functionTypes': [2, 3, 4], 'extendedHeaders': ['记录时间'], 'storageConfig_ScheduledClear': False, 'storageConfig_ClearTriggerTime': None, 'storageConfig_ClearFrequency': 0, 'storageConfig_ClearFrequencyUnit': 0, 'storageConfig_ClearRetain': 0, 'storageConfig_ClearRetainUnit': 0, 'storageConfig_ScheduledBackup': False, 'storageConfig_BackupTriggerTime': None, 'storageConfig_BackupFrequency': 0, 'storageConfig_BackupFrequencyUnit': 0, 'storageConfig_BackupPath': ''}
[2023-06-02 18:03:09,877] logger_util.py->write_log line:61 [INFO] 接口请求成功！
[2023-06-02 18:03:09,877] logger_util.py->write_log line:61 [INFO] -------------接口请求结束-----------

[2023-06-02 18:03:09,888] logger_util.py->write_log line:61 [INFO] -------------接口请求开始-----------
[2023-06-02 18:03:09,888] logger_util.py->write_log line:61 [INFO] 接口名称：通过聚合表获取归档表字段
[2023-06-02 18:03:09,888] logger_util.py->write_log line:61 [INFO] 接口方式：get
[2023-06-02 18:03:09,888] logger_util.py->write_log line:61 [INFO] 接口路径：http://127.0.0.1:18000/api/v1/dataconfig/filingtable/fields/5e56a732-add5-4fe7-b60c-10fc824854bc
[2023-06-02 18:03:09,888] logger_util.py->write_log line:61 [INFO] 请求头：{'Content-Type': 'application/json; =UTF-8', 'X-Project': '83d42c5d5ad141bba528b7690b19996e'}
[2023-06-02 18:03:09,888] logger_util.py->write_log line:61 [INFO] 文件上传：None
[2023-06-02 18:03:09,896] logger_util.py->write_log line:61 [INFO] 预期结果：[{'equals': {'status_code': 200}}]
[2023-06-02 18:03:09,896] logger_util.py->write_log line:61 [INFO] 实际结果：[{'id': 'FTFe06593d882fd44da9e75a436b1ca8d29', 'filingTableId': '465e09c9-e826-4261-8cc1-434a502220ac', 'fieldName': '系统时间', 'fieldType': 3, 'associatedVariable': 'DateTime', 'formula': '', 'sort': 1}, {'id': 'FTFb2fc8817f7fe4657bd21fc6e28895d3c', 'filingTableId': '465e09c9-e826-4261-8cc1-434a502220ac', 'fieldName': '函数时间', 'fieldType': 3, 'associatedVariable': '', 'formula': 'NOW(  )', 'sort': 2}, {'id': 'FTF6b1cebb870e34acebdd3de608a6f31eb', 'filingTableId': '465e09c9-e826-4261-8cc1-434a502220ac', 'fieldName': 'A1', 'fieldType': 1, 'associatedVariable': 'A1', 'formula': '', 'sort': 3}, {'id': 'FTF74340b0abe8544af8f1989c9d592bfe4', 'filingTableId': '465e09c9-e826-4261-8cc1-434a502220ac', 'fieldName': 'B1', 'fieldType': 1, 'associatedVariable': 'B1', 'formula': '', 'sort': 4}, {'id': 'FTFcb17ffd3431b46a9b6a2d0453871d2e1', 'filingTableId': '465e09c9-e826-4261-8cc1-434a502220ac', 'fieldName': 'G1', 'fieldType': 1, 'associatedVariable': 'G1', 'formula': '', 'sort': 5}, {'id': 'FTF37e899f0d6cc46efbe1249b2cc83b385', 'filingTableId': '465e09c9-e826-4261-8cc1-434a502220ac', 'fieldName': 'H1', 'fieldType': 2, 'associatedVariable': 'H1', 'formula': '', 'sort': 6}]
[2023-06-02 18:03:09,896] logger_util.py->write_log line:61 [INFO] 接口请求成功！
[2023-06-02 18:03:09,896] logger_util.py->write_log line:61 [INFO] -------------接口请求结束-----------

[2023-06-02 18:03:09,916] logger_util.py->write_log line:61 [INFO] -------------接口请求开始-----------
[2023-06-02 18:03:09,916] logger_util.py->write_log line:61 [INFO] 接口名称：设置聚合表字段配置
[2023-06-02 18:03:09,916] logger_util.py->write_log line:61 [INFO] 接口方式：put
[2023-06-02 18:03:09,916] logger_util.py->write_log line:61 [INFO] 接口路径：http://127.0.0.1:18000/api/v1/dataconfig/aggregatetable/5e56a732-add5-4fe7-b60c-10fc824854bc/fields
[2023-06-02 18:03:09,916] logger_util.py->write_log line:61 [INFO] 请求头：{'Content-Type': 'application/json;charset=UTF-8', 'X-Project': '83d42c5d5ad141bba528b7690b19996e'}
[2023-06-02 18:03:09,916] logger_util.py->write_log line:61 [INFO] 请求参数：[{'id': 'RandomId_2023-05-28T08:14:21.542Z|r5lcis8', 'fieldName': '系统时间', 'fieldType': 3, 'filingTableFieldId': 'FTFe06593d882fd44da9e75a436b1ca8d29', 'filingTableFieldName': '系统时间', 'formula': '', 'groupType': 1, 'handleType': 1, '_X_ROW_KEY': 'row_1573'}, {'id': 'RandomId_2023-05-28T08:14:21.543Z|rjudvi8', 'fieldName': '函数时间', 'fieldType': 3, 'filingTableFieldId': 'FTFb2fc8817f7fe4657bd21fc6e28895d3c', 'filingTableFieldName': '函数时间', 'formula': '', 'groupType': 1, 'handleType': 1, '_X_ROW_KEY': 'row_1574'}, {'id': 'RandomId_2023-05-28T08:14:21.543Z|ptduqqg', 'fieldName': 'A1', 'fieldType': 1, 'filingTableFieldId': 'FTF6b1cebb870e34acebdd3de608a6f31eb', 'filingTableFieldName': 'A1', 'formula': '', 'groupType': 2, 'handleType': 18, '_X_ROW_KEY': 'row_1575'}, {'id': 'RandomId_2023-05-28T08:14:21.543Z|rbvrmlo', 'fieldName': 'B1', 'fieldType': 1, 'filingTableFieldId': 'FTF74340b0abe8544af8f1989c9d592bfe4', 'filingTableFieldName': 'B1', 'formula': '', 'groupType': 2, 'handleType': 18, '_X_ROW_KEY': 'row_1576'}, {'id': 'RandomId_2023-05-28T08:14:21.543Z|477rd1g', 'fieldName': 'G1', 'fieldType': 1, 'filingTableFieldId': 'FTFcb17ffd3431b46a9b6a2d0453871d2e1', 'filingTableFieldName': 'G1', 'formula': '', 'groupType': 2, 'handleType': 18, '_X_ROW_KEY': 'row_1577'}, {'id': 'RandomId_2023-05-28T08:14:21.543Z|d4oll5o', 'fieldName': 'H1', 'fieldType': 2, 'filingTableFieldId': 'FTF37e899f0d6cc46efbe1249b2cc83b385', 'filingTableFieldName': 'H1', 'formula': '', 'groupType': 1, 'handleType': 9, '_X_ROW_KEY': 'row_1578'}]
[2023-06-02 18:03:09,916] logger_util.py->write_log line:61 [INFO] 文件上传：None
[2023-06-02 18:03:10,765] logger_util.py->write_log line:61 [INFO] 预期结果：[{'equals': {'status_code': 200}}]
[2023-06-02 18:03:10,765] logger_util.py->write_log line:61 [INFO] 实际结果：
[2023-06-02 18:03:10,765] logger_util.py->write_log line:61 [INFO] 接口请求成功！
[2023-06-02 18:03:10,765] logger_util.py->write_log line:61 [INFO] -------------接口请求结束-----------

[2023-06-02 18:03:10,773] logger_util.py->write_log line:61 [INFO] -------------接口请求开始-----------
[2023-06-02 18:03:10,773] logger_util.py->write_log line:61 [INFO] 接口名称：字段配置删除警告
[2023-06-02 18:03:10,773] logger_util.py->write_log line:61 [INFO] 接口方式：post
[2023-06-02 18:03:10,773] logger_util.py->write_log line:61 [INFO] 接口路径：http://127.0.0.1:18000/api/v1/dataconfig/node/field/delewarning
[2023-06-02 18:03:10,773] logger_util.py->write_log line:61 [INFO] 请求头：{'Content-Type': 'application/json;charset=UTF-8', 'X-Project': '83d42c5d5ad141bba528b7690b19996e'}
[2023-06-02 18:03:10,774] logger_util.py->write_log line:61 [INFO] 请求参数：{'fieldIds': ['FTF6b1cebb870e34acebdd3de608a6f31eb']}
[2023-06-02 18:03:10,774] logger_util.py->write_log line:61 [INFO] 文件上传：None
[2023-06-02 18:03:10,778] logger_util.py->write_log line:61 [INFO] 预期结果：[{'equals': {'status_code': 200}}, {'equals': {'limited': True}}, {'equals': {'msg': '该字段已被关联的聚合表使用，不允许删除'}}]
[2023-06-02 18:03:10,779] logger_util.py->write_log line:61 [INFO] 实际结果：{'limited': True, 'msg': '该字段已被关联的聚合表使用，不允许删除'}
[2023-06-02 18:03:10,779] logger_util.py->write_log line:61 [INFO] 接口请求成功！
[2023-06-02 18:03:10,779] logger_util.py->write_log line:61 [INFO] -------------接口请求结束-----------

[2023-06-02 18:03:10,785] logger_util.py->write_log line:61 [INFO] -------------接口请求开始-----------
[2023-06-02 18:03:10,785] logger_util.py->write_log line:61 [INFO] 接口名称：查询删除警告-文件夹
[2023-06-02 18:03:10,786] logger_util.py->write_log line:61 [INFO] 接口方式：get
[2023-06-02 18:03:10,786] logger_util.py->write_log line:61 [INFO] 接口路径：http://127.0.0.1:18000/api/v1/dataconfig/node/deletewarning/1/465e09c9-e826-4261-8cc1-434a502220ac
[2023-06-02 18:03:10,786] logger_util.py->write_log line:61 [INFO] 请求头：{'Content-Type': 'application/json;charset=UTF-8', 'X-Project': '83d42c5d5ad141bba528b7690b19996e'}
[2023-06-02 18:03:10,786] logger_util.py->write_log line:61 [INFO] 文件上传：None
[2023-06-02 18:03:10,792] logger_util.py->write_log line:61 [INFO] 预期结果：[{'equals': {'status_code': 200}}, {'equals': {'popUp': True}}, {'equals': {'msg': '确认后，从列表中删除节点'}}]
[2023-06-02 18:03:10,792] logger_util.py->write_log line:61 [INFO] 实际结果：{'popUp': True, 'msg': '确认后，从列表中删除节点'}
[2023-06-02 18:03:10,793] logger_util.py->write_log line:61 [INFO] 接口请求成功！
[2023-06-02 18:03:10,793] logger_util.py->write_log line:61 [INFO] -------------接口请求结束-----------

[2023-06-02 18:03:10,800] logger_util.py->write_log line:61 [INFO] -------------接口请求开始-----------
[2023-06-02 18:03:10,800] logger_util.py->write_log line:61 [INFO] 接口名称：查询删除警告-归档表
[2023-06-02 18:03:10,800] logger_util.py->write_log line:61 [INFO] 接口方式：get
[2023-06-02 18:03:10,800] logger_util.py->write_log line:61 [INFO] 接口路径：http://127.0.0.1:18000/api/v1/dataconfig/node/deletewarning/2/5e56a732-add5-4fe7-b60c-10fc824854bc
[2023-06-02 18:03:10,800] logger_util.py->write_log line:61 [INFO] 请求头：{'Content-Type': 'application/json;charset=UTF-8', 'X-Project': '83d42c5d5ad141bba528b7690b19996e'}
[2023-06-02 18:03:10,800] logger_util.py->write_log line:61 [INFO] 文件上传：None
[2023-06-02 18:03:10,806] logger_util.py->write_log line:61 [INFO] 预期结果：[{'equals': {'status_code': 200}}, {'equals': {'popUp': True}}, {'equals': {'msg': '确认后，从列表中删除节点'}}]
[2023-06-02 18:03:10,806] logger_util.py->write_log line:61 [INFO] 实际结果：{'popUp': True, 'msg': '确认后，从列表中删除节点'}
[2023-06-02 18:03:10,806] logger_util.py->write_log line:61 [INFO] 接口请求成功！
[2023-06-02 18:03:10,806] logger_util.py->write_log line:61 [INFO] -------------接口请求结束-----------

[2023-06-02 18:03:10,813] logger_util.py->write_log line:61 [INFO] -------------接口请求开始-----------
[2023-06-02 18:03:10,813] logger_util.py->write_log line:61 [INFO] 接口名称：查询删除警告-聚合表
[2023-06-02 18:03:10,813] logger_util.py->write_log line:61 [INFO] 接口方式：get
[2023-06-02 18:03:10,813] logger_util.py->write_log line:61 [INFO] 接口路径：http://127.0.0.1:18000/api/v1/dataconfig/node/deletewarning/3/8864d61c-4d3a-4d69-b353-4dc1b1f9d496
[2023-06-02 18:03:10,813] logger_util.py->write_log line:61 [INFO] 请求头：{'Content-Type': 'application/json;charset=UTF-8', 'X-Project': '83d42c5d5ad141bba528b7690b19996e'}
[2023-06-02 18:03:10,813] logger_util.py->write_log line:61 [INFO] 文件上传：None
[2023-06-02 18:03:10,817] logger_util.py->write_log line:61 [INFO] 预期结果：[{'equals': {'status_code': 200}}, {'equals': {'popUp': True}}, {'equals': {'msg': '确认后，从列表中删除节点'}}]
[2023-06-02 18:03:10,817] logger_util.py->write_log line:61 [INFO] 实际结果：{'popUp': True, 'msg': '确认后，从列表中删除节点'}
[2023-06-02 18:03:10,817] logger_util.py->write_log line:61 [INFO] 接口请求成功！
[2023-06-02 18:03:10,817] logger_util.py->write_log line:61 [INFO] -------------接口请求结束-----------

[2023-06-02 18:03:10,826] logger_util.py->write_log line:61 [INFO] -------------接口请求开始-----------
[2023-06-02 18:03:10,826] logger_util.py->write_log line:61 [INFO] 接口名称：归档表创建副本
[2023-06-02 18:03:10,826] logger_util.py->write_log line:61 [INFO] 接口方式：post
[2023-06-02 18:03:10,826] logger_util.py->write_log line:61 [INFO] 接口路径：http://127.0.0.1:18000/api/v1/dataconfig/createreplicas
[2023-06-02 18:03:10,826] logger_util.py->write_log line:61 [INFO] 请求头：{'Content-Type': 'application/json;charset=UTF-8', 'X-Project': '83d42c5d5ad141bba528b7690b19996e'}
[2023-06-02 18:03:10,826] logger_util.py->write_log line:61 [INFO] 请求参数：{'copyFromId': '465e09c9-e826-4261-8cc1-434a502220ac', 'nodeType': '2'}
[2023-06-02 18:03:10,826] logger_util.py->write_log line:61 [INFO] 文件上传：None
[2023-06-02 18:03:10,830] logger_util.py->error_log line:65 [INFO] 断言失败:status_code不等于200
[2023-06-02 18:03:10,830] logger_util.py->write_log line:61 [INFO] 接口请求失败！
[2023-06-02 18:03:10,830] logger_util.py->write_log line:61 [INFO] -------------接口请求结束-----------

[2023-06-02 18:03:10,831] logger_util.py->error_log line:65 [INFO] 断言异常：异常信息: Traceback (most recent call last):
  File "E:\Project_python\2TestCMS2.0\common\requests_util.py", line 366, in validate_result
    error_log("断言失败:"+assert_key+"不等于"+str(assert_value))
  File "E:\Project_python\2TestCMS2.0\common\logger_util.py", line 66, in error_log
    raise Exception(log_message)
Exception: 断言失败:status_code不等于200

[2023-06-02 18:03:10,831] logger_util.py->error_log line:65 [INFO] 分析YAML文件异常：异常信息: Traceback (most recent call last):
  File "E:\Project_python\2TestCMS2.0\common\requests_util.py", line 366, in validate_result
    error_log("断言失败:"+assert_key+"不等于"+str(assert_value))
  File "E:\Project_python\2TestCMS2.0\common\logger_util.py", line 66, in error_log
    raise Exception(log_message)
Exception: 断言失败:status_code不等于200

During handling of the above exception, another exception occurred:

Traceback (most recent call last):
  File "E:\Project_python\2TestCMS2.0\common\requests_util.py", line 248, in analysis_yaml
    self.validate_result(yq_result, return_data, status_code)
  File "E:\Project_python\2TestCMS2.0\common\requests_util.py", line 416, in validate_result
    error_log("断言异常：异常信息: %s" % str(traceback.format_exc()))
  File "E:\Project_python\2TestCMS2.0\common\logger_util.py", line 66, in error_log
    raise Exception(log_message)
Exception: 断言异常：异常信息: Traceback (most recent call last):
  File "E:\Project_python\2TestCMS2.0\common\requests_util.py", line 366, in validate_result
    error_log("断言失败:"+assert_key+"不等于"+str(assert_value))
  File "E:\Project_python\2TestCMS2.0\common\logger_util.py", line 66, in error_log
    raise Exception(log_message)
Exception: 断言失败:status_code不等于200


[2023-06-02 18:03:10,932] logger_util.py->write_log line:61 [INFO] -------------接口请求开始-----------
[2023-06-02 18:03:10,932] logger_util.py->write_log line:61 [INFO] 接口名称：聚合表创建副本
[2023-06-02 18:03:10,932] logger_util.py->write_log line:61 [INFO] 接口方式：post
[2023-06-02 18:03:10,932] logger_util.py->write_log line:61 [INFO] 接口路径：http://127.0.0.1:18000/api/v1/dataconfig/createreplicas
[2023-06-02 18:03:10,932] logger_util.py->write_log line:61 [INFO] 请求头：{'Content-Type': 'application/json;charset=UTF-8', 'X-Project': '83d42c5d5ad141bba528b7690b19996e'}
[2023-06-02 18:03:10,933] logger_util.py->write_log line:61 [INFO] 请求参数：{'copyFromId': '5e56a732-add5-4fe7-b60c-10fc824854bc', 'nodeType': '3'}
[2023-06-02 18:03:10,933] logger_util.py->write_log line:61 [INFO] 文件上传：None
[2023-06-02 18:03:10,937] logger_util.py->error_log line:65 [INFO] 断言失败:status_code不等于200
[2023-06-02 18:03:10,937] logger_util.py->write_log line:61 [INFO] 接口请求失败！
[2023-06-02 18:03:10,937] logger_util.py->write_log line:61 [INFO] -------------接口请求结束-----------

[2023-06-02 18:03:10,938] logger_util.py->error_log line:65 [INFO] 断言异常：异常信息: Traceback (most recent call last):
  File "E:\Project_python\2TestCMS2.0\common\requests_util.py", line 366, in validate_result
    error_log("断言失败:"+assert_key+"不等于"+str(assert_value))
  File "E:\Project_python\2TestCMS2.0\common\logger_util.py", line 66, in error_log
    raise Exception(log_message)
Exception: 断言失败:status_code不等于200

[2023-06-02 18:03:10,938] logger_util.py->error_log line:65 [INFO] 分析YAML文件异常：异常信息: Traceback (most recent call last):
  File "E:\Project_python\2TestCMS2.0\common\requests_util.py", line 366, in validate_result
    error_log("断言失败:"+assert_key+"不等于"+str(assert_value))
  File "E:\Project_python\2TestCMS2.0\common\logger_util.py", line 66, in error_log
    raise Exception(log_message)
Exception: 断言失败:status_code不等于200

During handling of the above exception, another exception occurred:

Traceback (most recent call last):
  File "E:\Project_python\2TestCMS2.0\common\requests_util.py", line 248, in analysis_yaml
    self.validate_result(yq_result, return_data, status_code)
  File "E:\Project_python\2TestCMS2.0\common\requests_util.py", line 416, in validate_result
    error_log("断言异常：异常信息: %s" % str(traceback.format_exc()))
  File "E:\Project_python\2TestCMS2.0\common\logger_util.py", line 66, in error_log
    raise Exception(log_message)
Exception: 断言异常：异常信息: Traceback (most recent call last):
  File "E:\Project_python\2TestCMS2.0\common\requests_util.py", line 366, in validate_result
    error_log("断言失败:"+assert_key+"不等于"+str(assert_value))
  File "E:\Project_python\2TestCMS2.0\common\logger_util.py", line 66, in error_log
    raise Exception(log_message)
Exception: 断言失败:status_code不等于200


