[2023-11-09 16:31:28,638] logger_util.py->write_log line:61 [INFO] 
-------------接口请求开始-----------
[2023-11-09 16:31:28,638] logger_util.py->write_log line:61 [INFO] 接口名称：创建历史文件夹
[2023-11-09 16:31:28,638] logger_util.py->write_log line:61 [INFO] 接口方式：post
[2023-11-09 16:31:28,639] logger_util.py->write_log line:61 [INFO] 接口路径：http://127.0.0.1:18000/api/v1/historicarchive/folder
[2023-11-09 16:31:28,639] logger_util.py->write_log line:61 [INFO] 请求头：{'Content-Type': 'application/json;charset=UTF-8', 'X-Project': 'cade0634c4a44304911e8cfdb1b8f8b9'}
[2023-11-09 16:31:28,680] logger_util.py->write_log line:61 [INFO] 请求参数：{'name': '新建文件夹288'}
[2023-11-09 16:31:28,681] logger_util.py->write_log line:61 [INFO] 文件上传：None
[2023-11-09 16:31:28,708] logger_util.py->write_log line:61 [INFO] 预期结果：[{'equals': {'status_code': 200}}]
[2023-11-09 16:31:28,708] logger_util.py->write_log line:61 [INFO] 实际结果：{'id': '4139eda1-8d6c-401a-a648-ca571083fb60', 'name': '新建文件夹288', 'createDateTime': '2023-11-09T16:31:28.686985+08:00'}
[2023-11-09 16:31:28,708] logger_util.py->write_log line:61 [INFO] 接口请求成功！
[2023-11-09 16:31:28,708] logger_util.py->write_log line:61 [INFO] 
-------------接口请求结束-----------

[2023-11-09 16:31:28,718] logger_util.py->write_log line:61 [INFO] 
-------------接口请求开始-----------
[2023-11-09 16:31:28,718] logger_util.py->write_log line:61 [INFO] 接口名称：编辑历史文件夹
[2023-11-09 16:31:28,718] logger_util.py->write_log line:61 [INFO] 接口方式：put
[2023-11-09 16:31:28,718] logger_util.py->write_log line:61 [INFO] 接口路径：http://127.0.0.1:18000/api/v1/historicarchive/folder/4139eda1-8d6c-401a-a648-ca571083fb60
[2023-11-09 16:31:28,718] logger_util.py->write_log line:61 [INFO] 请求头：{'Content-Type': 'application/json;charset=UTF-8', 'X-Project': 'cade0634c4a44304911e8cfdb1b8f8b9'}
[2023-11-09 16:31:28,718] logger_util.py->write_log line:61 [INFO] 请求参数：{'name': '编辑历史文件夹832'}
[2023-11-09 16:31:28,718] logger_util.py->write_log line:61 [INFO] 文件上传：None
[2023-11-09 16:31:28,741] logger_util.py->write_log line:61 [INFO] 预期结果：[{'equals': {'status_code': 200}}]
[2023-11-09 16:31:28,742] logger_util.py->write_log line:61 [INFO] 实际结果：{'id': '4139eda1-8d6c-401a-a648-ca571083fb60', 'name': '编辑历史文件夹832', 'createDateTime': '2023-11-09T16:31:28.686985'}
[2023-11-09 16:31:28,742] logger_util.py->write_log line:61 [INFO] 接口请求成功！
[2023-11-09 16:31:28,742] logger_util.py->write_log line:61 [INFO] 
-------------接口请求结束-----------

[2023-11-09 16:31:28,747] logger_util.py->write_log line:61 [INFO] 
-------------接口请求开始-----------
[2023-11-09 16:31:28,747] logger_util.py->write_log line:61 [INFO] 接口名称：创建历史文件夹
[2023-11-09 16:31:28,747] logger_util.py->write_log line:61 [INFO] 接口方式：post
[2023-11-09 16:31:28,747] logger_util.py->write_log line:61 [INFO] 接口路径：http://127.0.0.1:18000/api/v1/historicarchive/folder
[2023-11-09 16:31:28,747] logger_util.py->write_log line:61 [INFO] 请求头：{'Content-Type': 'application/json;charset=UTF-8', 'X-Project': 'cade0634c4a44304911e8cfdb1b8f8b9'}
[2023-11-09 16:31:28,747] logger_util.py->write_log line:61 [INFO] 请求参数：{'name': '新建文件夹62'}
[2023-11-09 16:31:28,747] logger_util.py->write_log line:61 [INFO] 文件上传：None
[2023-11-09 16:31:28,765] logger_util.py->write_log line:61 [INFO] 预期结果：[{'equals': {'status_code': 200}}]
[2023-11-09 16:31:28,765] logger_util.py->write_log line:61 [INFO] 实际结果：{'id': '480d6727-21f5-4d89-ba7f-ea97e93b679b', 'name': '新建文件夹62', 'createDateTime': '2023-11-09T16:31:28.7516233+08:00'}
[2023-11-09 16:31:28,765] logger_util.py->write_log line:61 [INFO] 接口请求成功！
[2023-11-09 16:31:28,765] logger_util.py->write_log line:61 [INFO] 
-------------接口请求结束-----------

[2023-11-09 16:31:28,775] logger_util.py->write_log line:61 [INFO] 
-------------接口请求开始-----------
[2023-11-09 16:31:28,775] logger_util.py->write_log line:61 [INFO] 接口名称：删除历史文件夹
[2023-11-09 16:31:28,775] logger_util.py->write_log line:61 [INFO] 接口方式：delete
[2023-11-09 16:31:28,775] logger_util.py->write_log line:61 [INFO] 接口路径：http://127.0.0.1:18000/api/v1/historicarchive/folder/480d6727-21f5-4d89-ba7f-ea97e93b679b
[2023-11-09 16:31:28,775] logger_util.py->write_log line:61 [INFO] 请求头：{'Content-Type': 'application/json;charset=UTF-8', 'X-Project': 'cade0634c4a44304911e8cfdb1b8f8b9'}
[2023-11-09 16:31:28,775] logger_util.py->write_log line:61 [INFO] 文件上传：None
[2023-11-09 16:31:28,796] logger_util.py->write_log line:61 [INFO] 预期结果：[{'equals': {'status_code': 200}}]
[2023-11-09 16:31:28,796] logger_util.py->write_log line:61 [INFO] 实际结果：
[2023-11-09 16:31:28,797] logger_util.py->write_log line:61 [INFO] 接口请求成功！
[2023-11-09 16:31:28,797] logger_util.py->write_log line:61 [INFO] 
-------------接口请求结束-----------

[2023-11-09 16:31:28,801] logger_util.py->write_log line:61 [INFO] 
-------------接口请求开始-----------
[2023-11-09 16:31:28,802] logger_util.py->write_log line:61 [INFO] 接口名称：创建历史组
[2023-11-09 16:31:28,802] logger_util.py->write_log line:61 [INFO] 接口方式：post
[2023-11-09 16:31:28,802] logger_util.py->write_log line:61 [INFO] 接口路径：http://127.0.0.1:18000/api/v1/historicarchive/group
[2023-11-09 16:31:28,802] logger_util.py->write_log line:61 [INFO] 请求头：{'Content-Type': 'application/json;charset=UTF-8', 'X-Project': 'cade0634c4a44304911e8cfdb1b8f8b9'}
[2023-11-09 16:31:28,802] logger_util.py->write_log line:61 [INFO] 请求参数：{'folderId': None, 'name': '历史组532'}
[2023-11-09 16:31:28,802] logger_util.py->write_log line:61 [INFO] 文件上传：None
[2023-11-09 16:31:28,824] logger_util.py->write_log line:61 [INFO] 预期结果：[{'equals': {'status_code': 200}}]
[2023-11-09 16:31:28,824] logger_util.py->write_log line:61 [INFO] 实际结果：{'id': '0bb5184c-854a-45aa-a06b-4f58a738d8dd', 'folderId': '00000000-0000-0000-0000-000000000000', 'name': '历史组532', 'archiveSetting': None, 'storageSetting': None, 'createDateTime': '2023-11-09T16:31:28.8079353+08:00'}
[2023-11-09 16:31:28,824] logger_util.py->write_log line:61 [INFO] 接口请求成功！
[2023-11-09 16:31:28,824] logger_util.py->write_log line:61 [INFO] 
-------------接口请求结束-----------

[2023-11-09 16:31:28,834] logger_util.py->write_log line:61 [INFO] 
-------------接口请求开始-----------
[2023-11-09 16:31:28,834] logger_util.py->write_log line:61 [INFO] 接口名称：编辑历史组
[2023-11-09 16:31:28,834] logger_util.py->write_log line:61 [INFO] 接口方式：put
[2023-11-09 16:31:28,834] logger_util.py->write_log line:61 [INFO] 接口路径：http://127.0.0.1:18000/api/v1/historicarchive/group/0bb5184c-854a-45aa-a06b-4f58a738d8dd
[2023-11-09 16:31:28,834] logger_util.py->write_log line:61 [INFO] 请求头：{'Content-Type': 'application/json;charset=UTF-8', 'X-Project': 'cade0634c4a44304911e8cfdb1b8f8b9'}
[2023-11-09 16:31:28,834] logger_util.py->write_log line:61 [INFO] 请求参数：{'name': '编辑历史组776'}
[2023-11-09 16:31:28,834] logger_util.py->write_log line:61 [INFO] 文件上传：None
[2023-11-09 16:31:28,857] logger_util.py->write_log line:61 [INFO] 预期结果：[{'equals': {'status_code': 200}}]
[2023-11-09 16:31:28,857] logger_util.py->write_log line:61 [INFO] 实际结果：{'id': '0bb5184c-854a-45aa-a06b-4f58a738d8dd', 'folderId': '00000000-0000-0000-0000-000000000000', 'name': '编辑历史组776', 'archiveSetting': None, 'storageSetting': None, 'createDateTime': '2023-11-09T16:31:28.8079353'}
[2023-11-09 16:31:28,858] logger_util.py->write_log line:61 [INFO] 接口请求成功！
[2023-11-09 16:31:28,858] logger_util.py->write_log line:61 [INFO] 
-------------接口请求结束-----------

[2023-11-09 16:31:28,863] logger_util.py->write_log line:61 [INFO] 
-------------接口请求开始-----------
[2023-11-09 16:31:28,863] logger_util.py->write_log line:61 [INFO] 接口名称：创建历史组
[2023-11-09 16:31:28,863] logger_util.py->write_log line:61 [INFO] 接口方式：post
[2023-11-09 16:31:28,863] logger_util.py->write_log line:61 [INFO] 接口路径：http://127.0.0.1:18000/api/v1/historicarchive/group
[2023-11-09 16:31:28,863] logger_util.py->write_log line:61 [INFO] 请求头：{'Content-Type': 'application/json;charset=UTF-8', 'X-Project': 'cade0634c4a44304911e8cfdb1b8f8b9'}
[2023-11-09 16:31:28,863] logger_util.py->write_log line:61 [INFO] 请求参数：{'folderId': None, 'name': '历史组884'}
[2023-11-09 16:31:28,863] logger_util.py->write_log line:61 [INFO] 文件上传：None
[2023-11-09 16:31:28,884] logger_util.py->write_log line:61 [INFO] 预期结果：[{'equals': {'status_code': 200}}]
[2023-11-09 16:31:28,884] logger_util.py->write_log line:61 [INFO] 实际结果：{'id': '02c53e02-9bfe-4ee1-8a5e-2d47fa49d629', 'folderId': '00000000-0000-0000-0000-000000000000', 'name': '历史组884', 'archiveSetting': None, 'storageSetting': None, 'createDateTime': '2023-11-09T16:31:28.8687644+08:00'}
[2023-11-09 16:31:28,884] logger_util.py->write_log line:61 [INFO] 接口请求成功！
[2023-11-09 16:31:28,884] logger_util.py->write_log line:61 [INFO] 
-------------接口请求结束-----------

[2023-11-09 16:31:28,896] logger_util.py->error_log line:65 [INFO] 发送请求异常：异常信息: Traceback (most recent call last):
  File "E:\Project_python\api_cms\common\requests_util.py", line 309, in send_request
    kwargs[key] = self.replace_load(value)
  File "E:\Project_python\api_cms\common\requests_util.py", line 132, in replace_load
    for i in range(1, str_data.count('${') + 1):
AttributeError: 'NoneType' object has no attribute 'count'

[2023-11-09 16:31:28,896] logger_util.py->error_log line:65 [INFO] 分析YAML文件异常：异常信息: Traceback (most recent call last):
  File "E:\Project_python\api_cms\common\requests_util.py", line 309, in send_request
    kwargs[key] = self.replace_load(value)
  File "E:\Project_python\api_cms\common\requests_util.py", line 132, in replace_load
    for i in range(1, str_data.count('${') + 1):
AttributeError: 'NoneType' object has no attribute 'count'

During handling of the above exception, another exception occurred:

Traceback (most recent call last):
  File "E:\Project_python\api_cms\common\requests_util.py", line 189, in analysis_yaml
    res = self.send_request(name =name,method=method,
  File "E:\Project_python\api_cms\common\requests_util.py", line 328, in send_request
    error_log("发送请求异常：异常信息: %s" % str(traceback.format_exc()))
  File "E:\Project_python\api_cms\common\logger_util.py", line 66, in error_log
    raise Exception(log_message)
Exception: 发送请求异常：异常信息: Traceback (most recent call last):
  File "E:\Project_python\api_cms\common\requests_util.py", line 309, in send_request
    kwargs[key] = self.replace_load(value)
  File "E:\Project_python\api_cms\common\requests_util.py", line 132, in replace_load
    for i in range(1, str_data.count('${') + 1):
AttributeError: 'NoneType' object has no attribute 'count'


