[2022-11-06 18:58:18,078] logger_util.py->error_log line:65 [INFO] 1.必须有的四个一级关键字：name,base_url,request,validate
[2022-11-06 18:58:18,078] logger_util.py->error_log line:65 [INFO] 分析YAML文件异常：异常信息: Traceback (most recent call last):
  File "E:\Project_python\2TestCMS2.0\common\requests_util.py", line 294, in analysis_yaml
    error_log("1.必须有的四个一级关键字：name,base_url,request,validate")
  File "E:\Project_python\2TestCMS2.0\common\logger_util.py", line 66, in error_log
    raise Exception(log_message)
Exception: 1.必须有的四个一级关键字：name,base_url,request,validate

[2022-11-06 18:58:18,360] logger_util.py->error_log line:65 [INFO] 1.必须有的四个一级关键字：name,base_url,request,validate
[2022-11-06 18:58:18,361] logger_util.py->error_log line:65 [INFO] 分析YAML文件异常：异常信息: Traceback (most recent call last):
  File "E:\Project_python\2TestCMS2.0\common\requests_util.py", line 294, in analysis_yaml
    error_log("1.必须有的四个一级关键字：name,base_url,request,validate")
  File "E:\Project_python\2TestCMS2.0\common\logger_util.py", line 66, in error_log
    raise Exception(log_message)
Exception: 1.必须有的四个一级关键字：name,base_url,request,validate

[2022-11-06 18:58:18,377] logger_util.py->error_log line:65 [INFO] 1.必须有的四个一级关键字：name,base_url,request,validate
[2022-11-06 18:58:18,378] logger_util.py->error_log line:65 [INFO] 分析YAML文件异常：异常信息: Traceback (most recent call last):
  File "E:\Project_python\2TestCMS2.0\common\requests_util.py", line 294, in analysis_yaml
    error_log("1.必须有的四个一级关键字：name,base_url,request,validate")
  File "E:\Project_python\2TestCMS2.0\common\logger_util.py", line 66, in error_log
    raise Exception(log_message)
Exception: 1.必须有的四个一级关键字：name,base_url,request,validate

[2022-11-06 18:58:18,395] logger_util.py->error_log line:65 [INFO] 1.必须有的四个一级关键字：name,base_url,request,validate
[2022-11-06 18:58:18,395] logger_util.py->error_log line:65 [INFO] 分析YAML文件异常：异常信息: Traceback (most recent call last):
  File "E:\Project_python\2TestCMS2.0\common\requests_util.py", line 294, in analysis_yaml
    error_log("1.必须有的四个一级关键字：name,base_url,request,validate")
  File "E:\Project_python\2TestCMS2.0\common\logger_util.py", line 66, in error_log
    raise Exception(log_message)
Exception: 1.必须有的四个一级关键字：name,base_url,request,validate

[2022-11-06 18:58:18,411] logger_util.py->error_log line:65 [INFO] 1.必须有的四个一级关键字：name,base_url,request,validate
[2022-11-06 18:58:18,412] logger_util.py->error_log line:65 [INFO] 分析YAML文件异常：异常信息: Traceback (most recent call last):
  File "E:\Project_python\2TestCMS2.0\common\requests_util.py", line 294, in analysis_yaml
    error_log("1.必须有的四个一级关键字：name,base_url,request,validate")
  File "E:\Project_python\2TestCMS2.0\common\logger_util.py", line 66, in error_log
    raise Exception(log_message)
Exception: 1.必须有的四个一级关键字：name,base_url,request,validate

[2022-11-06 18:58:18,429] logger_util.py->error_log line:65 [INFO] 1.必须有的四个一级关键字：name,base_url,request,validate
[2022-11-06 18:58:18,429] logger_util.py->error_log line:65 [INFO] 分析YAML文件异常：异常信息: Traceback (most recent call last):
  File "E:\Project_python\2TestCMS2.0\common\requests_util.py", line 294, in analysis_yaml
    error_log("1.必须有的四个一级关键字：name,base_url,request,validate")
  File "E:\Project_python\2TestCMS2.0\common\logger_util.py", line 66, in error_log
    raise Exception(log_message)
Exception: 1.必须有的四个一级关键字：name,base_url,request,validate

[2022-11-06 18:58:18,446] logger_util.py->error_log line:65 [INFO] 1.必须有的四个一级关键字：name,base_url,request,validate
[2022-11-06 18:58:18,446] logger_util.py->error_log line:65 [INFO] 分析YAML文件异常：异常信息: Traceback (most recent call last):
  File "E:\Project_python\2TestCMS2.0\common\requests_util.py", line 294, in analysis_yaml
    error_log("1.必须有的四个一级关键字：name,base_url,request,validate")
  File "E:\Project_python\2TestCMS2.0\common\logger_util.py", line 66, in error_log
    raise Exception(log_message)
Exception: 1.必须有的四个一级关键字：name,base_url,request,validate

[2022-11-06 18:58:18,463] logger_util.py->error_log line:65 [INFO] 1.必须有的四个一级关键字：name,base_url,request,validate
[2022-11-06 18:58:18,464] logger_util.py->error_log line:65 [INFO] 分析YAML文件异常：异常信息: Traceback (most recent call last):
  File "E:\Project_python\2TestCMS2.0\common\requests_util.py", line 294, in analysis_yaml
    error_log("1.必须有的四个一级关键字：name,base_url,request,validate")
  File "E:\Project_python\2TestCMS2.0\common\logger_util.py", line 66, in error_log
    raise Exception(log_message)
Exception: 1.必须有的四个一级关键字：name,base_url,request,validate

[2022-11-06 18:58:18,480] logger_util.py->error_log line:65 [INFO] 1.必须有的四个一级关键字：name,base_url,request,validate
[2022-11-06 18:58:18,480] logger_util.py->error_log line:65 [INFO] 分析YAML文件异常：异常信息: Traceback (most recent call last):
  File "E:\Project_python\2TestCMS2.0\common\requests_util.py", line 294, in analysis_yaml
    error_log("1.必须有的四个一级关键字：name,base_url,request,validate")
  File "E:\Project_python\2TestCMS2.0\common\logger_util.py", line 66, in error_log
    raise Exception(log_message)
Exception: 1.必须有的四个一级关键字：name,base_url,request,validate

[2022-11-06 18:58:18,498] logger_util.py->error_log line:65 [INFO] 1.必须有的四个一级关键字：name,base_url,request,validate
[2022-11-06 18:58:18,498] logger_util.py->error_log line:65 [INFO] 分析YAML文件异常：异常信息: Traceback (most recent call last):
  File "E:\Project_python\2TestCMS2.0\common\requests_util.py", line 294, in analysis_yaml
    error_log("1.必须有的四个一级关键字：name,base_url,request,validate")
  File "E:\Project_python\2TestCMS2.0\common\logger_util.py", line 66, in error_log
    raise Exception(log_message)
Exception: 1.必须有的四个一级关键字：name,base_url,request,validate

[2022-11-06 18:58:18,516] logger_util.py->error_log line:65 [INFO] 1.必须有的四个一级关键字：name,base_url,request,validate
[2022-11-06 18:58:18,516] logger_util.py->error_log line:65 [INFO] 分析YAML文件异常：异常信息: Traceback (most recent call last):
  File "E:\Project_python\2TestCMS2.0\common\requests_util.py", line 294, in analysis_yaml
    error_log("1.必须有的四个一级关键字：name,base_url,request,validate")
  File "E:\Project_python\2TestCMS2.0\common\logger_util.py", line 66, in error_log
    raise Exception(log_message)
Exception: 1.必须有的四个一级关键字：name,base_url,request,validate

[2022-11-06 18:58:18,533] logger_util.py->error_log line:65 [INFO] 1.必须有的四个一级关键字：name,base_url,request,validate
[2022-11-06 18:58:18,533] logger_util.py->error_log line:65 [INFO] 分析YAML文件异常：异常信息: Traceback (most recent call last):
  File "E:\Project_python\2TestCMS2.0\common\requests_util.py", line 294, in analysis_yaml
    error_log("1.必须有的四个一级关键字：name,base_url,request,validate")
  File "E:\Project_python\2TestCMS2.0\common\logger_util.py", line 66, in error_log
    raise Exception(log_message)
Exception: 1.必须有的四个一级关键字：name,base_url,request,validate

[2022-11-06 18:58:18,550] logger_util.py->error_log line:65 [INFO] 1.必须有的四个一级关键字：name,base_url,request,validate
[2022-11-06 18:58:18,551] logger_util.py->error_log line:65 [INFO] 分析YAML文件异常：异常信息: Traceback (most recent call last):
  File "E:\Project_python\2TestCMS2.0\common\requests_util.py", line 294, in analysis_yaml
    error_log("1.必须有的四个一级关键字：name,base_url,request,validate")
  File "E:\Project_python\2TestCMS2.0\common\logger_util.py", line 66, in error_log
    raise Exception(log_message)
Exception: 1.必须有的四个一级关键字：name,base_url,request,validate

[2022-11-06 18:58:18,568] logger_util.py->error_log line:65 [INFO] 1.必须有的四个一级关键字：name,base_url,request,validate
[2022-11-06 18:58:18,568] logger_util.py->error_log line:65 [INFO] 分析YAML文件异常：异常信息: Traceback (most recent call last):
  File "E:\Project_python\2TestCMS2.0\common\requests_util.py", line 294, in analysis_yaml
    error_log("1.必须有的四个一级关键字：name,base_url,request,validate")
  File "E:\Project_python\2TestCMS2.0\common\logger_util.py", line 66, in error_log
    raise Exception(log_message)
Exception: 1.必须有的四个一级关键字：name,base_url,request,validate

[2022-11-06 18:58:18,589] logger_util.py->error_log line:65 [INFO] 1.必须有的四个一级关键字：name,base_url,request,validate
[2022-11-06 18:58:18,589] logger_util.py->error_log line:65 [INFO] 分析YAML文件异常：异常信息: Traceback (most recent call last):
  File "E:\Project_python\2TestCMS2.0\common\requests_util.py", line 294, in analysis_yaml
    error_log("1.必须有的四个一级关键字：name,base_url,request,validate")
  File "E:\Project_python\2TestCMS2.0\common\logger_util.py", line 66, in error_log
    raise Exception(log_message)
Exception: 1.必须有的四个一级关键字：name,base_url,request,validate

[2022-11-06 18:58:18,611] logger_util.py->error_log line:65 [INFO] 1.必须有的四个一级关键字：name,base_url,request,validate
[2022-11-06 18:58:18,612] logger_util.py->error_log line:65 [INFO] 分析YAML文件异常：异常信息: Traceback (most recent call last):
  File "E:\Project_python\2TestCMS2.0\common\requests_util.py", line 294, in analysis_yaml
    error_log("1.必须有的四个一级关键字：name,base_url,request,validate")
  File "E:\Project_python\2TestCMS2.0\common\logger_util.py", line 66, in error_log
    raise Exception(log_message)
Exception: 1.必须有的四个一级关键字：name,base_url,request,validate

[2022-11-06 18:58:18,638] logger_util.py->error_log line:65 [INFO] 1.必须有的四个一级关键字：name,base_url,request,validate
[2022-11-06 18:58:18,638] logger_util.py->error_log line:65 [INFO] 分析YAML文件异常：异常信息: Traceback (most recent call last):
  File "E:\Project_python\2TestCMS2.0\common\requests_util.py", line 294, in analysis_yaml
    error_log("1.必须有的四个一级关键字：name,base_url,request,validate")
  File "E:\Project_python\2TestCMS2.0\common\logger_util.py", line 66, in error_log
    raise Exception(log_message)
Exception: 1.必须有的四个一级关键字：name,base_url,request,validate

[2022-11-06 18:58:18,659] logger_util.py->error_log line:65 [INFO] 1.必须有的四个一级关键字：name,base_url,request,validate
[2022-11-06 18:58:18,659] logger_util.py->error_log line:65 [INFO] 分析YAML文件异常：异常信息: Traceback (most recent call last):
  File "E:\Project_python\2TestCMS2.0\common\requests_util.py", line 294, in analysis_yaml
    error_log("1.必须有的四个一级关键字：name,base_url,request,validate")
  File "E:\Project_python\2TestCMS2.0\common\logger_util.py", line 66, in error_log
    raise Exception(log_message)
Exception: 1.必须有的四个一级关键字：name,base_url,request,validate

[2022-11-06 18:58:18,681] logger_util.py->error_log line:65 [INFO] 1.必须有的四个一级关键字：name,base_url,request,validate
[2022-11-06 18:58:18,681] logger_util.py->error_log line:65 [INFO] 分析YAML文件异常：异常信息: Traceback (most recent call last):
  File "E:\Project_python\2TestCMS2.0\common\requests_util.py", line 294, in analysis_yaml
    error_log("1.必须有的四个一级关键字：name,base_url,request,validate")
  File "E:\Project_python\2TestCMS2.0\common\logger_util.py", line 66, in error_log
    raise Exception(log_message)
Exception: 1.必须有的四个一级关键字：name,base_url,request,validate

[2022-11-06 18:58:18,701] logger_util.py->error_log line:65 [INFO] 1.必须有的四个一级关键字：name,base_url,request,validate
[2022-11-06 18:58:18,702] logger_util.py->error_log line:65 [INFO] 分析YAML文件异常：异常信息: Traceback (most recent call last):
  File "E:\Project_python\2TestCMS2.0\common\requests_util.py", line 294, in analysis_yaml
    error_log("1.必须有的四个一级关键字：name,base_url,request,validate")
  File "E:\Project_python\2TestCMS2.0\common\logger_util.py", line 66, in error_log
    raise Exception(log_message)
Exception: 1.必须有的四个一级关键字：name,base_url,request,validate

[2022-11-06 18:58:18,721] logger_util.py->error_log line:65 [INFO] 1.必须有的四个一级关键字：name,base_url,request,validate
[2022-11-06 18:58:18,722] logger_util.py->error_log line:65 [INFO] 分析YAML文件异常：异常信息: Traceback (most recent call last):
  File "E:\Project_python\2TestCMS2.0\common\requests_util.py", line 294, in analysis_yaml
    error_log("1.必须有的四个一级关键字：name,base_url,request,validate")
  File "E:\Project_python\2TestCMS2.0\common\logger_util.py", line 66, in error_log
    raise Exception(log_message)
Exception: 1.必须有的四个一级关键字：name,base_url,request,validate

[2022-11-06 18:58:18,741] logger_util.py->error_log line:65 [INFO] 1.必须有的四个一级关键字：name,base_url,request,validate
[2022-11-06 18:58:18,741] logger_util.py->error_log line:65 [INFO] 分析YAML文件异常：异常信息: Traceback (most recent call last):
  File "E:\Project_python\2TestCMS2.0\common\requests_util.py", line 294, in analysis_yaml
    error_log("1.必须有的四个一级关键字：name,base_url,request,validate")
  File "E:\Project_python\2TestCMS2.0\common\logger_util.py", line 66, in error_log
    raise Exception(log_message)
Exception: 1.必须有的四个一级关键字：name,base_url,request,validate

[2022-11-06 18:58:18,758] logger_util.py->error_log line:65 [INFO] 1.必须有的四个一级关键字：name,base_url,request,validate
[2022-11-06 18:58:18,758] logger_util.py->error_log line:65 [INFO] 分析YAML文件异常：异常信息: Traceback (most recent call last):
  File "E:\Project_python\2TestCMS2.0\common\requests_util.py", line 294, in analysis_yaml
    error_log("1.必须有的四个一级关键字：name,base_url,request,validate")
  File "E:\Project_python\2TestCMS2.0\common\logger_util.py", line 66, in error_log
    raise Exception(log_message)
Exception: 1.必须有的四个一级关键字：name,base_url,request,validate

[2022-11-06 18:58:18,775] logger_util.py->error_log line:65 [INFO] 1.必须有的四个一级关键字：name,base_url,request,validate
[2022-11-06 18:58:18,776] logger_util.py->error_log line:65 [INFO] 分析YAML文件异常：异常信息: Traceback (most recent call last):
  File "E:\Project_python\2TestCMS2.0\common\requests_util.py", line 294, in analysis_yaml
    error_log("1.必须有的四个一级关键字：name,base_url,request,validate")
  File "E:\Project_python\2TestCMS2.0\common\logger_util.py", line 66, in error_log
    raise Exception(log_message)
Exception: 1.必须有的四个一级关键字：name,base_url,request,validate

[2022-11-06 18:58:18,792] logger_util.py->error_log line:65 [INFO] 1.必须有的四个一级关键字：name,base_url,request,validate
[2022-11-06 18:58:18,793] logger_util.py->error_log line:65 [INFO] 分析YAML文件异常：异常信息: Traceback (most recent call last):
  File "E:\Project_python\2TestCMS2.0\common\requests_util.py", line 294, in analysis_yaml
    error_log("1.必须有的四个一级关键字：name,base_url,request,validate")
  File "E:\Project_python\2TestCMS2.0\common\logger_util.py", line 66, in error_log
    raise Exception(log_message)
Exception: 1.必须有的四个一级关键字：name,base_url,request,validate

[2022-11-06 18:58:18,812] logger_util.py->error_log line:65 [INFO] 1.必须有的四个一级关键字：name,base_url,request,validate
[2022-11-06 18:58:18,812] logger_util.py->error_log line:65 [INFO] 分析YAML文件异常：异常信息: Traceback (most recent call last):
  File "E:\Project_python\2TestCMS2.0\common\requests_util.py", line 294, in analysis_yaml
    error_log("1.必须有的四个一级关键字：name,base_url,request,validate")
  File "E:\Project_python\2TestCMS2.0\common\logger_util.py", line 66, in error_log
    raise Exception(log_message)
Exception: 1.必须有的四个一级关键字：name,base_url,request,validate

[2022-11-06 18:58:18,829] logger_util.py->error_log line:65 [INFO] 1.必须有的四个一级关键字：name,base_url,request,validate
[2022-11-06 18:58:18,830] logger_util.py->error_log line:65 [INFO] 分析YAML文件异常：异常信息: Traceback (most recent call last):
  File "E:\Project_python\2TestCMS2.0\common\requests_util.py", line 294, in analysis_yaml
    error_log("1.必须有的四个一级关键字：name,base_url,request,validate")
  File "E:\Project_python\2TestCMS2.0\common\logger_util.py", line 66, in error_log
    raise Exception(log_message)
Exception: 1.必须有的四个一级关键字：name,base_url,request,validate

[2022-11-06 18:58:18,848] logger_util.py->error_log line:65 [INFO] 1.必须有的四个一级关键字：name,base_url,request,validate
[2022-11-06 18:58:18,848] logger_util.py->error_log line:65 [INFO] 分析YAML文件异常：异常信息: Traceback (most recent call last):
  File "E:\Project_python\2TestCMS2.0\common\requests_util.py", line 294, in analysis_yaml
    error_log("1.必须有的四个一级关键字：name,base_url,request,validate")
  File "E:\Project_python\2TestCMS2.0\common\logger_util.py", line 66, in error_log
    raise Exception(log_message)
Exception: 1.必须有的四个一级关键字：name,base_url,request,validate

[2022-11-06 18:58:18,867] logger_util.py->error_log line:65 [INFO] 1.必须有的四个一级关键字：name,base_url,request,validate
[2022-11-06 18:58:18,868] logger_util.py->error_log line:65 [INFO] 分析YAML文件异常：异常信息: Traceback (most recent call last):
  File "E:\Project_python\2TestCMS2.0\common\requests_util.py", line 294, in analysis_yaml
    error_log("1.必须有的四个一级关键字：name,base_url,request,validate")
  File "E:\Project_python\2TestCMS2.0\common\logger_util.py", line 66, in error_log
    raise Exception(log_message)
Exception: 1.必须有的四个一级关键字：name,base_url,request,validate

[2022-11-06 18:58:18,886] logger_util.py->error_log line:65 [INFO] 1.必须有的四个一级关键字：name,base_url,request,validate
[2022-11-06 18:58:18,886] logger_util.py->error_log line:65 [INFO] 分析YAML文件异常：异常信息: Traceback (most recent call last):
  File "E:\Project_python\2TestCMS2.0\common\requests_util.py", line 294, in analysis_yaml
    error_log("1.必须有的四个一级关键字：name,base_url,request,validate")
  File "E:\Project_python\2TestCMS2.0\common\logger_util.py", line 66, in error_log
    raise Exception(log_message)
Exception: 1.必须有的四个一级关键字：name,base_url,request,validate

[2022-11-06 18:58:18,904] logger_util.py->error_log line:65 [INFO] 1.必须有的四个一级关键字：name,base_url,request,validate
[2022-11-06 18:58:18,905] logger_util.py->error_log line:65 [INFO] 分析YAML文件异常：异常信息: Traceback (most recent call last):
  File "E:\Project_python\2TestCMS2.0\common\requests_util.py", line 294, in analysis_yaml
    error_log("1.必须有的四个一级关键字：name,base_url,request,validate")
  File "E:\Project_python\2TestCMS2.0\common\logger_util.py", line 66, in error_log
    raise Exception(log_message)
Exception: 1.必须有的四个一级关键字：name,base_url,request,validate

[2022-11-06 18:58:18,922] logger_util.py->error_log line:65 [INFO] 1.必须有的四个一级关键字：name,base_url,request,validate
[2022-11-06 18:58:18,922] logger_util.py->error_log line:65 [INFO] 分析YAML文件异常：异常信息: Traceback (most recent call last):
  File "E:\Project_python\2TestCMS2.0\common\requests_util.py", line 294, in analysis_yaml
    error_log("1.必须有的四个一级关键字：name,base_url,request,validate")
  File "E:\Project_python\2TestCMS2.0\common\logger_util.py", line 66, in error_log
    raise Exception(log_message)
Exception: 1.必须有的四个一级关键字：name,base_url,request,validate

[2022-11-06 18:58:18,939] logger_util.py->error_log line:65 [INFO] 1.必须有的四个一级关键字：name,base_url,request,validate
[2022-11-06 18:58:18,939] logger_util.py->error_log line:65 [INFO] 分析YAML文件异常：异常信息: Traceback (most recent call last):
  File "E:\Project_python\2TestCMS2.0\common\requests_util.py", line 294, in analysis_yaml
    error_log("1.必须有的四个一级关键字：name,base_url,request,validate")
  File "E:\Project_python\2TestCMS2.0\common\logger_util.py", line 66, in error_log
    raise Exception(log_message)
Exception: 1.必须有的四个一级关键字：name,base_url,request,validate

[2022-11-06 18:58:18,957] logger_util.py->error_log line:65 [INFO] 1.必须有的四个一级关键字：name,base_url,request,validate
[2022-11-06 18:58:18,957] logger_util.py->error_log line:65 [INFO] 分析YAML文件异常：异常信息: Traceback (most recent call last):
  File "E:\Project_python\2TestCMS2.0\common\requests_util.py", line 294, in analysis_yaml
    error_log("1.必须有的四个一级关键字：name,base_url,request,validate")
  File "E:\Project_python\2TestCMS2.0\common\logger_util.py", line 66, in error_log
    raise Exception(log_message)
Exception: 1.必须有的四个一级关键字：name,base_url,request,validate

[2022-11-06 18:58:18,974] logger_util.py->error_log line:65 [INFO] 1.必须有的四个一级关键字：name,base_url,request,validate
[2022-11-06 18:58:18,975] logger_util.py->error_log line:65 [INFO] 分析YAML文件异常：异常信息: Traceback (most recent call last):
  File "E:\Project_python\2TestCMS2.0\common\requests_util.py", line 294, in analysis_yaml
    error_log("1.必须有的四个一级关键字：name,base_url,request,validate")
  File "E:\Project_python\2TestCMS2.0\common\logger_util.py", line 66, in error_log
    raise Exception(log_message)
Exception: 1.必须有的四个一级关键字：name,base_url,request,validate

[2022-11-06 18:58:18,992] logger_util.py->error_log line:65 [INFO] 1.必须有的四个一级关键字：name,base_url,request,validate
[2022-11-06 18:58:18,992] logger_util.py->error_log line:65 [INFO] 分析YAML文件异常：异常信息: Traceback (most recent call last):
  File "E:\Project_python\2TestCMS2.0\common\requests_util.py", line 294, in analysis_yaml
    error_log("1.必须有的四个一级关键字：name,base_url,request,validate")
  File "E:\Project_python\2TestCMS2.0\common\logger_util.py", line 66, in error_log
    raise Exception(log_message)
Exception: 1.必须有的四个一级关键字：name,base_url,request,validate

[2022-11-06 18:58:19,010] logger_util.py->error_log line:65 [INFO] 1.必须有的四个一级关键字：name,base_url,request,validate
[2022-11-06 18:58:19,010] logger_util.py->error_log line:65 [INFO] 分析YAML文件异常：异常信息: Traceback (most recent call last):
  File "E:\Project_python\2TestCMS2.0\common\requests_util.py", line 294, in analysis_yaml
    error_log("1.必须有的四个一级关键字：name,base_url,request,validate")
  File "E:\Project_python\2TestCMS2.0\common\logger_util.py", line 66, in error_log
    raise Exception(log_message)
Exception: 1.必须有的四个一级关键字：name,base_url,request,validate

[2022-11-06 18:58:19,030] logger_util.py->error_log line:65 [INFO] 1.必须有的四个一级关键字：name,base_url,request,validate
[2022-11-06 18:58:19,030] logger_util.py->error_log line:65 [INFO] 分析YAML文件异常：异常信息: Traceback (most recent call last):
  File "E:\Project_python\2TestCMS2.0\common\requests_util.py", line 294, in analysis_yaml
    error_log("1.必须有的四个一级关键字：name,base_url,request,validate")
  File "E:\Project_python\2TestCMS2.0\common\logger_util.py", line 66, in error_log
    raise Exception(log_message)
Exception: 1.必须有的四个一级关键字：name,base_url,request,validate

[2022-11-06 18:58:19,047] logger_util.py->error_log line:65 [INFO] 1.必须有的四个一级关键字：name,base_url,request,validate
[2022-11-06 18:58:19,048] logger_util.py->error_log line:65 [INFO] 分析YAML文件异常：异常信息: Traceback (most recent call last):
  File "E:\Project_python\2TestCMS2.0\common\requests_util.py", line 294, in analysis_yaml
    error_log("1.必须有的四个一级关键字：name,base_url,request,validate")
  File "E:\Project_python\2TestCMS2.0\common\logger_util.py", line 66, in error_log
    raise Exception(log_message)
Exception: 1.必须有的四个一级关键字：name,base_url,request,validate

[2022-11-06 18:58:19,066] logger_util.py->error_log line:65 [INFO] 1.必须有的四个一级关键字：name,base_url,request,validate
[2022-11-06 18:58:19,066] logger_util.py->error_log line:65 [INFO] 分析YAML文件异常：异常信息: Traceback (most recent call last):
  File "E:\Project_python\2TestCMS2.0\common\requests_util.py", line 294, in analysis_yaml
    error_log("1.必须有的四个一级关键字：name,base_url,request,validate")
  File "E:\Project_python\2TestCMS2.0\common\logger_util.py", line 66, in error_log
    raise Exception(log_message)
Exception: 1.必须有的四个一级关键字：name,base_url,request,validate

[2022-11-06 18:58:19,084] logger_util.py->error_log line:65 [INFO] 1.必须有的四个一级关键字：name,base_url,request,validate
[2022-11-06 18:58:19,085] logger_util.py->error_log line:65 [INFO] 分析YAML文件异常：异常信息: Traceback (most recent call last):
  File "E:\Project_python\2TestCMS2.0\common\requests_util.py", line 294, in analysis_yaml
    error_log("1.必须有的四个一级关键字：name,base_url,request,validate")
  File "E:\Project_python\2TestCMS2.0\common\logger_util.py", line 66, in error_log
    raise Exception(log_message)
Exception: 1.必须有的四个一级关键字：name,base_url,request,validate

[2022-11-06 18:58:19,103] logger_util.py->error_log line:65 [INFO] 1.必须有的四个一级关键字：name,base_url,request,validate
[2022-11-06 18:58:19,103] logger_util.py->error_log line:65 [INFO] 分析YAML文件异常：异常信息: Traceback (most recent call last):
  File "E:\Project_python\2TestCMS2.0\common\requests_util.py", line 294, in analysis_yaml
    error_log("1.必须有的四个一级关键字：name,base_url,request,validate")
  File "E:\Project_python\2TestCMS2.0\common\logger_util.py", line 66, in error_log
    raise Exception(log_message)
Exception: 1.必须有的四个一级关键字：name,base_url,request,validate

[2022-11-06 18:58:19,121] logger_util.py->error_log line:65 [INFO] 1.必须有的四个一级关键字：name,base_url,request,validate
[2022-11-06 18:58:19,121] logger_util.py->error_log line:65 [INFO] 分析YAML文件异常：异常信息: Traceback (most recent call last):
  File "E:\Project_python\2TestCMS2.0\common\requests_util.py", line 294, in analysis_yaml
    error_log("1.必须有的四个一级关键字：name,base_url,request,validate")
  File "E:\Project_python\2TestCMS2.0\common\logger_util.py", line 66, in error_log
    raise Exception(log_message)
Exception: 1.必须有的四个一级关键字：name,base_url,request,validate

[2022-11-06 18:58:19,137] logger_util.py->error_log line:65 [INFO] 1.必须有的四个一级关键字：name,base_url,request,validate
[2022-11-06 18:58:19,138] logger_util.py->error_log line:65 [INFO] 分析YAML文件异常：异常信息: Traceback (most recent call last):
  File "E:\Project_python\2TestCMS2.0\common\requests_util.py", line 294, in analysis_yaml
    error_log("1.必须有的四个一级关键字：name,base_url,request,validate")
  File "E:\Project_python\2TestCMS2.0\common\logger_util.py", line 66, in error_log
    raise Exception(log_message)
Exception: 1.必须有的四个一级关键字：name,base_url,request,validate

[2022-11-06 18:58:19,155] logger_util.py->error_log line:65 [INFO] 1.必须有的四个一级关键字：name,base_url,request,validate
[2022-11-06 18:58:19,155] logger_util.py->error_log line:65 [INFO] 分析YAML文件异常：异常信息: Traceback (most recent call last):
  File "E:\Project_python\2TestCMS2.0\common\requests_util.py", line 294, in analysis_yaml
    error_log("1.必须有的四个一级关键字：name,base_url,request,validate")
  File "E:\Project_python\2TestCMS2.0\common\logger_util.py", line 66, in error_log
    raise Exception(log_message)
Exception: 1.必须有的四个一级关键字：name,base_url,request,validate

[2022-11-06 18:58:19,172] logger_util.py->error_log line:65 [INFO] 1.必须有的四个一级关键字：name,base_url,request,validate
[2022-11-06 18:58:19,172] logger_util.py->error_log line:65 [INFO] 分析YAML文件异常：异常信息: Traceback (most recent call last):
  File "E:\Project_python\2TestCMS2.0\common\requests_util.py", line 294, in analysis_yaml
    error_log("1.必须有的四个一级关键字：name,base_url,request,validate")
  File "E:\Project_python\2TestCMS2.0\common\logger_util.py", line 66, in error_log
    raise Exception(log_message)
Exception: 1.必须有的四个一级关键字：name,base_url,request,validate

[2022-11-06 18:58:19,189] logger_util.py->error_log line:65 [INFO] 1.必须有的四个一级关键字：name,base_url,request,validate
[2022-11-06 18:58:19,189] logger_util.py->error_log line:65 [INFO] 分析YAML文件异常：异常信息: Traceback (most recent call last):
  File "E:\Project_python\2TestCMS2.0\common\requests_util.py", line 294, in analysis_yaml
    error_log("1.必须有的四个一级关键字：name,base_url,request,validate")
  File "E:\Project_python\2TestCMS2.0\common\logger_util.py", line 66, in error_log
    raise Exception(log_message)
Exception: 1.必须有的四个一级关键字：name,base_url,request,validate

[2022-11-06 18:58:19,206] logger_util.py->error_log line:65 [INFO] 1.必须有的四个一级关键字：name,base_url,request,validate
[2022-11-06 18:58:19,206] logger_util.py->error_log line:65 [INFO] 分析YAML文件异常：异常信息: Traceback (most recent call last):
  File "E:\Project_python\2TestCMS2.0\common\requests_util.py", line 294, in analysis_yaml
    error_log("1.必须有的四个一级关键字：name,base_url,request,validate")
  File "E:\Project_python\2TestCMS2.0\common\logger_util.py", line 66, in error_log
    raise Exception(log_message)
Exception: 1.必须有的四个一级关键字：name,base_url,request,validate

[2022-11-06 18:58:19,223] logger_util.py->error_log line:65 [INFO] 1.必须有的四个一级关键字：name,base_url,request,validate
[2022-11-06 18:58:19,223] logger_util.py->error_log line:65 [INFO] 分析YAML文件异常：异常信息: Traceback (most recent call last):
  File "E:\Project_python\2TestCMS2.0\common\requests_util.py", line 294, in analysis_yaml
    error_log("1.必须有的四个一级关键字：name,base_url,request,validate")
  File "E:\Project_python\2TestCMS2.0\common\logger_util.py", line 66, in error_log
    raise Exception(log_message)
Exception: 1.必须有的四个一级关键字：name,base_url,request,validate

[2022-11-06 18:58:19,242] logger_util.py->error_log line:65 [INFO] 1.必须有的四个一级关键字：name,base_url,request,validate
[2022-11-06 18:58:19,243] logger_util.py->error_log line:65 [INFO] 分析YAML文件异常：异常信息: Traceback (most recent call last):
  File "E:\Project_python\2TestCMS2.0\common\requests_util.py", line 294, in analysis_yaml
    error_log("1.必须有的四个一级关键字：name,base_url,request,validate")
  File "E:\Project_python\2TestCMS2.0\common\logger_util.py", line 66, in error_log
    raise Exception(log_message)
Exception: 1.必须有的四个一级关键字：name,base_url,request,validate

[2022-11-06 18:58:19,260] logger_util.py->error_log line:65 [INFO] 1.必须有的四个一级关键字：name,base_url,request,validate
[2022-11-06 18:58:19,260] logger_util.py->error_log line:65 [INFO] 分析YAML文件异常：异常信息: Traceback (most recent call last):
  File "E:\Project_python\2TestCMS2.0\common\requests_util.py", line 294, in analysis_yaml
    error_log("1.必须有的四个一级关键字：name,base_url,request,validate")
  File "E:\Project_python\2TestCMS2.0\common\logger_util.py", line 66, in error_log
    raise Exception(log_message)
Exception: 1.必须有的四个一级关键字：name,base_url,request,validate

[2022-11-06 18:58:19,278] logger_util.py->error_log line:65 [INFO] 1.必须有的四个一级关键字：name,base_url,request,validate
[2022-11-06 18:58:19,278] logger_util.py->error_log line:65 [INFO] 分析YAML文件异常：异常信息: Traceback (most recent call last):
  File "E:\Project_python\2TestCMS2.0\common\requests_util.py", line 294, in analysis_yaml
    error_log("1.必须有的四个一级关键字：name,base_url,request,validate")
  File "E:\Project_python\2TestCMS2.0\common\logger_util.py", line 66, in error_log
    raise Exception(log_message)
Exception: 1.必须有的四个一级关键字：name,base_url,request,validate

[2022-11-06 18:58:19,296] logger_util.py->error_log line:65 [INFO] 1.必须有的四个一级关键字：name,base_url,request,validate
[2022-11-06 18:58:19,296] logger_util.py->error_log line:65 [INFO] 分析YAML文件异常：异常信息: Traceback (most recent call last):
  File "E:\Project_python\2TestCMS2.0\common\requests_util.py", line 294, in analysis_yaml
    error_log("1.必须有的四个一级关键字：name,base_url,request,validate")
  File "E:\Project_python\2TestCMS2.0\common\logger_util.py", line 66, in error_log
    raise Exception(log_message)
Exception: 1.必须有的四个一级关键字：name,base_url,request,validate

[2022-11-06 18:58:19,315] logger_util.py->error_log line:65 [INFO] 1.必须有的四个一级关键字：name,base_url,request,validate
[2022-11-06 18:58:19,315] logger_util.py->error_log line:65 [INFO] 分析YAML文件异常：异常信息: Traceback (most recent call last):
  File "E:\Project_python\2TestCMS2.0\common\requests_util.py", line 294, in analysis_yaml
    error_log("1.必须有的四个一级关键字：name,base_url,request,validate")
  File "E:\Project_python\2TestCMS2.0\common\logger_util.py", line 66, in error_log
    raise Exception(log_message)
Exception: 1.必须有的四个一级关键字：name,base_url,request,validate

[2022-11-06 18:58:19,333] logger_util.py->error_log line:65 [INFO] 1.必须有的四个一级关键字：name,base_url,request,validate
[2022-11-06 18:58:19,333] logger_util.py->error_log line:65 [INFO] 分析YAML文件异常：异常信息: Traceback (most recent call last):
  File "E:\Project_python\2TestCMS2.0\common\requests_util.py", line 294, in analysis_yaml
    error_log("1.必须有的四个一级关键字：name,base_url,request,validate")
  File "E:\Project_python\2TestCMS2.0\common\logger_util.py", line 66, in error_log
    raise Exception(log_message)
Exception: 1.必须有的四个一级关键字：name,base_url,request,validate

[2022-11-06 18:58:19,353] logger_util.py->error_log line:65 [INFO] 1.必须有的四个一级关键字：name,base_url,request,validate
[2022-11-06 18:58:19,353] logger_util.py->error_log line:65 [INFO] 分析YAML文件异常：异常信息: Traceback (most recent call last):
  File "E:\Project_python\2TestCMS2.0\common\requests_util.py", line 294, in analysis_yaml
    error_log("1.必须有的四个一级关键字：name,base_url,request,validate")
  File "E:\Project_python\2TestCMS2.0\common\logger_util.py", line 66, in error_log
    raise Exception(log_message)
Exception: 1.必须有的四个一级关键字：name,base_url,request,validate

[2022-11-06 18:58:19,370] logger_util.py->error_log line:65 [INFO] 1.必须有的四个一级关键字：name,base_url,request,validate
[2022-11-06 18:58:19,371] logger_util.py->error_log line:65 [INFO] 分析YAML文件异常：异常信息: Traceback (most recent call last):
  File "E:\Project_python\2TestCMS2.0\common\requests_util.py", line 294, in analysis_yaml
    error_log("1.必须有的四个一级关键字：name,base_url,request,validate")
  File "E:\Project_python\2TestCMS2.0\common\logger_util.py", line 66, in error_log
    raise Exception(log_message)
Exception: 1.必须有的四个一级关键字：name,base_url,request,validate

[2022-11-06 18:58:19,388] logger_util.py->error_log line:65 [INFO] 1.必须有的四个一级关键字：name,base_url,request,validate
[2022-11-06 18:58:19,388] logger_util.py->error_log line:65 [INFO] 分析YAML文件异常：异常信息: Traceback (most recent call last):
  File "E:\Project_python\2TestCMS2.0\common\requests_util.py", line 294, in analysis_yaml
    error_log("1.必须有的四个一级关键字：name,base_url,request,validate")
  File "E:\Project_python\2TestCMS2.0\common\logger_util.py", line 66, in error_log
    raise Exception(log_message)
Exception: 1.必须有的四个一级关键字：name,base_url,request,validate

[2022-11-06 18:58:19,405] logger_util.py->error_log line:65 [INFO] 1.必须有的四个一级关键字：name,base_url,request,validate
[2022-11-06 18:58:19,405] logger_util.py->error_log line:65 [INFO] 分析YAML文件异常：异常信息: Traceback (most recent call last):
  File "E:\Project_python\2TestCMS2.0\common\requests_util.py", line 294, in analysis_yaml
    error_log("1.必须有的四个一级关键字：name,base_url,request,validate")
  File "E:\Project_python\2TestCMS2.0\common\logger_util.py", line 66, in error_log
    raise Exception(log_message)
Exception: 1.必须有的四个一级关键字：name,base_url,request,validate

[2022-11-06 18:58:19,422] logger_util.py->error_log line:65 [INFO] 1.必须有的四个一级关键字：name,base_url,request,validate
[2022-11-06 18:58:19,422] logger_util.py->error_log line:65 [INFO] 分析YAML文件异常：异常信息: Traceback (most recent call last):
  File "E:\Project_python\2TestCMS2.0\common\requests_util.py", line 294, in analysis_yaml
    error_log("1.必须有的四个一级关键字：name,base_url,request,validate")
  File "E:\Project_python\2TestCMS2.0\common\logger_util.py", line 66, in error_log
    raise Exception(log_message)
Exception: 1.必须有的四个一级关键字：name,base_url,request,validate

[2022-11-06 18:58:19,440] logger_util.py->error_log line:65 [INFO] 1.必须有的四个一级关键字：name,base_url,request,validate
[2022-11-06 18:58:19,440] logger_util.py->error_log line:65 [INFO] 分析YAML文件异常：异常信息: Traceback (most recent call last):
  File "E:\Project_python\2TestCMS2.0\common\requests_util.py", line 294, in analysis_yaml
    error_log("1.必须有的四个一级关键字：name,base_url,request,validate")
  File "E:\Project_python\2TestCMS2.0\common\logger_util.py", line 66, in error_log
    raise Exception(log_message)
Exception: 1.必须有的四个一级关键字：name,base_url,request,validate

[2022-11-06 18:58:19,459] logger_util.py->error_log line:65 [INFO] 1.必须有的四个一级关键字：name,base_url,request,validate
[2022-11-06 18:58:19,460] logger_util.py->error_log line:65 [INFO] 分析YAML文件异常：异常信息: Traceback (most recent call last):
  File "E:\Project_python\2TestCMS2.0\common\requests_util.py", line 294, in analysis_yaml
    error_log("1.必须有的四个一级关键字：name,base_url,request,validate")
  File "E:\Project_python\2TestCMS2.0\common\logger_util.py", line 66, in error_log
    raise Exception(log_message)
Exception: 1.必须有的四个一级关键字：name,base_url,request,validate

[2022-11-06 18:58:19,477] logger_util.py->error_log line:65 [INFO] 1.必须有的四个一级关键字：name,base_url,request,validate
[2022-11-06 18:58:19,477] logger_util.py->error_log line:65 [INFO] 分析YAML文件异常：异常信息: Traceback (most recent call last):
  File "E:\Project_python\2TestCMS2.0\common\requests_util.py", line 294, in analysis_yaml
    error_log("1.必须有的四个一级关键字：name,base_url,request,validate")
  File "E:\Project_python\2TestCMS2.0\common\logger_util.py", line 66, in error_log
    raise Exception(log_message)
Exception: 1.必须有的四个一级关键字：name,base_url,request,validate

[2022-11-06 18:58:19,495] logger_util.py->error_log line:65 [INFO] 1.必须有的四个一级关键字：name,base_url,request,validate
[2022-11-06 18:58:19,495] logger_util.py->error_log line:65 [INFO] 分析YAML文件异常：异常信息: Traceback (most recent call last):
  File "E:\Project_python\2TestCMS2.0\common\requests_util.py", line 294, in analysis_yaml
    error_log("1.必须有的四个一级关键字：name,base_url,request,validate")
  File "E:\Project_python\2TestCMS2.0\common\logger_util.py", line 66, in error_log
    raise Exception(log_message)
Exception: 1.必须有的四个一级关键字：name,base_url,request,validate

[2022-11-06 18:58:19,514] logger_util.py->error_log line:65 [INFO] 1.必须有的四个一级关键字：name,base_url,request,validate
[2022-11-06 18:58:19,514] logger_util.py->error_log line:65 [INFO] 分析YAML文件异常：异常信息: Traceback (most recent call last):
  File "E:\Project_python\2TestCMS2.0\common\requests_util.py", line 294, in analysis_yaml
    error_log("1.必须有的四个一级关键字：name,base_url,request,validate")
  File "E:\Project_python\2TestCMS2.0\common\logger_util.py", line 66, in error_log
    raise Exception(log_message)
Exception: 1.必须有的四个一级关键字：name,base_url,request,validate

[2022-11-06 18:58:19,533] logger_util.py->error_log line:65 [INFO] 1.必须有的四个一级关键字：name,base_url,request,validate
[2022-11-06 18:58:19,533] logger_util.py->error_log line:65 [INFO] 分析YAML文件异常：异常信息: Traceback (most recent call last):
  File "E:\Project_python\2TestCMS2.0\common\requests_util.py", line 294, in analysis_yaml
    error_log("1.必须有的四个一级关键字：name,base_url,request,validate")
  File "E:\Project_python\2TestCMS2.0\common\logger_util.py", line 66, in error_log
    raise Exception(log_message)
Exception: 1.必须有的四个一级关键字：name,base_url,request,validate

[2022-11-06 18:58:19,551] logger_util.py->error_log line:65 [INFO] 1.必须有的四个一级关键字：name,base_url,request,validate
[2022-11-06 18:58:19,551] logger_util.py->error_log line:65 [INFO] 分析YAML文件异常：异常信息: Traceback (most recent call last):
  File "E:\Project_python\2TestCMS2.0\common\requests_util.py", line 294, in analysis_yaml
    error_log("1.必须有的四个一级关键字：name,base_url,request,validate")
  File "E:\Project_python\2TestCMS2.0\common\logger_util.py", line 66, in error_log
    raise Exception(log_message)
Exception: 1.必须有的四个一级关键字：name,base_url,request,validate

[2022-11-06 18:58:19,569] logger_util.py->error_log line:65 [INFO] 1.必须有的四个一级关键字：name,base_url,request,validate
[2022-11-06 18:58:19,569] logger_util.py->error_log line:65 [INFO] 分析YAML文件异常：异常信息: Traceback (most recent call last):
  File "E:\Project_python\2TestCMS2.0\common\requests_util.py", line 294, in analysis_yaml
    error_log("1.必须有的四个一级关键字：name,base_url,request,validate")
  File "E:\Project_python\2TestCMS2.0\common\logger_util.py", line 66, in error_log
    raise Exception(log_message)
Exception: 1.必须有的四个一级关键字：name,base_url,request,validate

[2022-11-06 18:58:19,586] logger_util.py->error_log line:65 [INFO] 1.必须有的四个一级关键字：name,base_url,request,validate
[2022-11-06 18:58:19,587] logger_util.py->error_log line:65 [INFO] 分析YAML文件异常：异常信息: Traceback (most recent call last):
  File "E:\Project_python\2TestCMS2.0\common\requests_util.py", line 294, in analysis_yaml
    error_log("1.必须有的四个一级关键字：name,base_url,request,validate")
  File "E:\Project_python\2TestCMS2.0\common\logger_util.py", line 66, in error_log
    raise Exception(log_message)
Exception: 1.必须有的四个一级关键字：name,base_url,request,validate

[2022-11-06 18:58:19,604] logger_util.py->error_log line:65 [INFO] 1.必须有的四个一级关键字：name,base_url,request,validate
[2022-11-06 18:58:19,604] logger_util.py->error_log line:65 [INFO] 分析YAML文件异常：异常信息: Traceback (most recent call last):
  File "E:\Project_python\2TestCMS2.0\common\requests_util.py", line 294, in analysis_yaml
    error_log("1.必须有的四个一级关键字：name,base_url,request,validate")
  File "E:\Project_python\2TestCMS2.0\common\logger_util.py", line 66, in error_log
    raise Exception(log_message)
Exception: 1.必须有的四个一级关键字：name,base_url,request,validate

[2022-11-06 18:58:19,621] logger_util.py->error_log line:65 [INFO] 1.必须有的四个一级关键字：name,base_url,request,validate
[2022-11-06 18:58:19,622] logger_util.py->error_log line:65 [INFO] 分析YAML文件异常：异常信息: Traceback (most recent call last):
  File "E:\Project_python\2TestCMS2.0\common\requests_util.py", line 294, in analysis_yaml
    error_log("1.必须有的四个一级关键字：name,base_url,request,validate")
  File "E:\Project_python\2TestCMS2.0\common\logger_util.py", line 66, in error_log
    raise Exception(log_message)
Exception: 1.必须有的四个一级关键字：name,base_url,request,validate

[2022-11-06 18:58:19,639] logger_util.py->error_log line:65 [INFO] 1.必须有的四个一级关键字：name,base_url,request,validate
[2022-11-06 18:58:19,639] logger_util.py->error_log line:65 [INFO] 分析YAML文件异常：异常信息: Traceback (most recent call last):
  File "E:\Project_python\2TestCMS2.0\common\requests_util.py", line 294, in analysis_yaml
    error_log("1.必须有的四个一级关键字：name,base_url,request,validate")
  File "E:\Project_python\2TestCMS2.0\common\logger_util.py", line 66, in error_log
    raise Exception(log_message)
Exception: 1.必须有的四个一级关键字：name,base_url,request,validate

[2022-11-06 18:58:19,656] logger_util.py->error_log line:65 [INFO] 1.必须有的四个一级关键字：name,base_url,request,validate
[2022-11-06 18:58:19,657] logger_util.py->error_log line:65 [INFO] 分析YAML文件异常：异常信息: Traceback (most recent call last):
  File "E:\Project_python\2TestCMS2.0\common\requests_util.py", line 294, in analysis_yaml
    error_log("1.必须有的四个一级关键字：name,base_url,request,validate")
  File "E:\Project_python\2TestCMS2.0\common\logger_util.py", line 66, in error_log
    raise Exception(log_message)
Exception: 1.必须有的四个一级关键字：name,base_url,request,validate

[2022-11-06 18:58:19,675] logger_util.py->error_log line:65 [INFO] 1.必须有的四个一级关键字：name,base_url,request,validate
[2022-11-06 18:58:19,676] logger_util.py->error_log line:65 [INFO] 分析YAML文件异常：异常信息: Traceback (most recent call last):
  File "E:\Project_python\2TestCMS2.0\common\requests_util.py", line 294, in analysis_yaml
    error_log("1.必须有的四个一级关键字：name,base_url,request,validate")
  File "E:\Project_python\2TestCMS2.0\common\logger_util.py", line 66, in error_log
    raise Exception(log_message)
Exception: 1.必须有的四个一级关键字：name,base_url,request,validate

[2022-11-06 18:58:19,694] logger_util.py->error_log line:65 [INFO] 1.必须有的四个一级关键字：name,base_url,request,validate
[2022-11-06 18:58:19,694] logger_util.py->error_log line:65 [INFO] 分析YAML文件异常：异常信息: Traceback (most recent call last):
  File "E:\Project_python\2TestCMS2.0\common\requests_util.py", line 294, in analysis_yaml
    error_log("1.必须有的四个一级关键字：name,base_url,request,validate")
  File "E:\Project_python\2TestCMS2.0\common\logger_util.py", line 66, in error_log
    raise Exception(log_message)
Exception: 1.必须有的四个一级关键字：name,base_url,request,validate

[2022-11-06 18:58:19,713] logger_util.py->error_log line:65 [INFO] 1.必须有的四个一级关键字：name,base_url,request,validate
[2022-11-06 18:58:19,713] logger_util.py->error_log line:65 [INFO] 分析YAML文件异常：异常信息: Traceback (most recent call last):
  File "E:\Project_python\2TestCMS2.0\common\requests_util.py", line 294, in analysis_yaml
    error_log("1.必须有的四个一级关键字：name,base_url,request,validate")
  File "E:\Project_python\2TestCMS2.0\common\logger_util.py", line 66, in error_log
    raise Exception(log_message)
Exception: 1.必须有的四个一级关键字：name,base_url,request,validate

[2022-11-06 18:58:19,731] logger_util.py->error_log line:65 [INFO] 1.必须有的四个一级关键字：name,base_url,request,validate
[2022-11-06 18:58:19,731] logger_util.py->error_log line:65 [INFO] 分析YAML文件异常：异常信息: Traceback (most recent call last):
  File "E:\Project_python\2TestCMS2.0\common\requests_util.py", line 294, in analysis_yaml
    error_log("1.必须有的四个一级关键字：name,base_url,request,validate")
  File "E:\Project_python\2TestCMS2.0\common\logger_util.py", line 66, in error_log
    raise Exception(log_message)
Exception: 1.必须有的四个一级关键字：name,base_url,request,validate

[2022-11-06 18:58:19,749] logger_util.py->error_log line:65 [INFO] 1.必须有的四个一级关键字：name,base_url,request,validate
[2022-11-06 18:58:19,749] logger_util.py->error_log line:65 [INFO] 分析YAML文件异常：异常信息: Traceback (most recent call last):
  File "E:\Project_python\2TestCMS2.0\common\requests_util.py", line 294, in analysis_yaml
    error_log("1.必须有的四个一级关键字：name,base_url,request,validate")
  File "E:\Project_python\2TestCMS2.0\common\logger_util.py", line 66, in error_log
    raise Exception(log_message)
Exception: 1.必须有的四个一级关键字：name,base_url,request,validate

[2022-11-06 18:58:19,767] logger_util.py->error_log line:65 [INFO] 1.必须有的四个一级关键字：name,base_url,request,validate
[2022-11-06 18:58:19,768] logger_util.py->error_log line:65 [INFO] 分析YAML文件异常：异常信息: Traceback (most recent call last):
  File "E:\Project_python\2TestCMS2.0\common\requests_util.py", line 294, in analysis_yaml
    error_log("1.必须有的四个一级关键字：name,base_url,request,validate")
  File "E:\Project_python\2TestCMS2.0\common\logger_util.py", line 66, in error_log
    raise Exception(log_message)
Exception: 1.必须有的四个一级关键字：name,base_url,request,validate

[2022-11-06 18:58:19,947] logger_util.py->error_log line:65 [INFO] 1.必须有的四个一级关键字：name,base_url,request,validate
[2022-11-06 18:58:19,947] logger_util.py->error_log line:65 [INFO] 分析YAML文件异常：异常信息: Traceback (most recent call last):
  File "E:\Project_python\2TestCMS2.0\common\requests_util.py", line 294, in analysis_yaml
    error_log("1.必须有的四个一级关键字：name,base_url,request,validate")
  File "E:\Project_python\2TestCMS2.0\common\logger_util.py", line 66, in error_log
    raise Exception(log_message)
Exception: 1.必须有的四个一级关键字：name,base_url,request,validate

[2022-11-06 18:58:19,967] logger_util.py->error_log line:65 [INFO] 1.必须有的四个一级关键字：name,base_url,request,validate
[2022-11-06 18:58:19,967] logger_util.py->error_log line:65 [INFO] 分析YAML文件异常：异常信息: Traceback (most recent call last):
  File "E:\Project_python\2TestCMS2.0\common\requests_util.py", line 294, in analysis_yaml
    error_log("1.必须有的四个一级关键字：name,base_url,request,validate")
  File "E:\Project_python\2TestCMS2.0\common\logger_util.py", line 66, in error_log
    raise Exception(log_message)
Exception: 1.必须有的四个一级关键字：name,base_url,request,validate

[2022-11-06 18:58:19,986] logger_util.py->error_log line:65 [INFO] 1.必须有的四个一级关键字：name,base_url,request,validate
[2022-11-06 18:58:19,986] logger_util.py->error_log line:65 [INFO] 分析YAML文件异常：异常信息: Traceback (most recent call last):
  File "E:\Project_python\2TestCMS2.0\common\requests_util.py", line 294, in analysis_yaml
    error_log("1.必须有的四个一级关键字：name,base_url,request,validate")
  File "E:\Project_python\2TestCMS2.0\common\logger_util.py", line 66, in error_log
    raise Exception(log_message)
Exception: 1.必须有的四个一级关键字：name,base_url,request,validate

[2022-11-06 18:58:20,007] logger_util.py->error_log line:65 [INFO] 1.必须有的四个一级关键字：name,base_url,request,validate
[2022-11-06 18:58:20,007] logger_util.py->error_log line:65 [INFO] 分析YAML文件异常：异常信息: Traceback (most recent call last):
  File "E:\Project_python\2TestCMS2.0\common\requests_util.py", line 294, in analysis_yaml
    error_log("1.必须有的四个一级关键字：name,base_url,request,validate")
  File "E:\Project_python\2TestCMS2.0\common\logger_util.py", line 66, in error_log
    raise Exception(log_message)
Exception: 1.必须有的四个一级关键字：name,base_url,request,validate

[2022-11-06 18:58:20,026] logger_util.py->error_log line:65 [INFO] 1.必须有的四个一级关键字：name,base_url,request,validate
[2022-11-06 18:58:20,027] logger_util.py->error_log line:65 [INFO] 分析YAML文件异常：异常信息: Traceback (most recent call last):
  File "E:\Project_python\2TestCMS2.0\common\requests_util.py", line 294, in analysis_yaml
    error_log("1.必须有的四个一级关键字：name,base_url,request,validate")
  File "E:\Project_python\2TestCMS2.0\common\logger_util.py", line 66, in error_log
    raise Exception(log_message)
Exception: 1.必须有的四个一级关键字：name,base_url,request,validate

[2022-11-06 18:58:20,045] logger_util.py->error_log line:65 [INFO] 1.必须有的四个一级关键字：name,base_url,request,validate
[2022-11-06 18:58:20,045] logger_util.py->error_log line:65 [INFO] 分析YAML文件异常：异常信息: Traceback (most recent call last):
  File "E:\Project_python\2TestCMS2.0\common\requests_util.py", line 294, in analysis_yaml
    error_log("1.必须有的四个一级关键字：name,base_url,request,validate")
  File "E:\Project_python\2TestCMS2.0\common\logger_util.py", line 66, in error_log
    raise Exception(log_message)
Exception: 1.必须有的四个一级关键字：name,base_url,request,validate

[2022-11-06 18:58:20,065] logger_util.py->error_log line:65 [INFO] 1.必须有的四个一级关键字：name,base_url,request,validate
[2022-11-06 18:58:20,065] logger_util.py->error_log line:65 [INFO] 分析YAML文件异常：异常信息: Traceback (most recent call last):
  File "E:\Project_python\2TestCMS2.0\common\requests_util.py", line 294, in analysis_yaml
    error_log("1.必须有的四个一级关键字：name,base_url,request,validate")
  File "E:\Project_python\2TestCMS2.0\common\logger_util.py", line 66, in error_log
    raise Exception(log_message)
Exception: 1.必须有的四个一级关键字：name,base_url,request,validate

[2022-11-06 18:58:20,084] logger_util.py->error_log line:65 [INFO] 1.必须有的四个一级关键字：name,base_url,request,validate
[2022-11-06 18:58:20,085] logger_util.py->error_log line:65 [INFO] 分析YAML文件异常：异常信息: Traceback (most recent call last):
  File "E:\Project_python\2TestCMS2.0\common\requests_util.py", line 294, in analysis_yaml
    error_log("1.必须有的四个一级关键字：name,base_url,request,validate")
  File "E:\Project_python\2TestCMS2.0\common\logger_util.py", line 66, in error_log
    raise Exception(log_message)
Exception: 1.必须有的四个一级关键字：name,base_url,request,validate

[2022-11-06 18:58:20,104] logger_util.py->error_log line:65 [INFO] 1.必须有的四个一级关键字：name,base_url,request,validate
[2022-11-06 18:58:20,105] logger_util.py->error_log line:65 [INFO] 分析YAML文件异常：异常信息: Traceback (most recent call last):
  File "E:\Project_python\2TestCMS2.0\common\requests_util.py", line 294, in analysis_yaml
    error_log("1.必须有的四个一级关键字：name,base_url,request,validate")
  File "E:\Project_python\2TestCMS2.0\common\logger_util.py", line 66, in error_log
    raise Exception(log_message)
Exception: 1.必须有的四个一级关键字：name,base_url,request,validate

[2022-11-06 18:58:20,123] logger_util.py->error_log line:65 [INFO] 1.必须有的四个一级关键字：name,base_url,request,validate
[2022-11-06 18:58:20,124] logger_util.py->error_log line:65 [INFO] 分析YAML文件异常：异常信息: Traceback (most recent call last):
  File "E:\Project_python\2TestCMS2.0\common\requests_util.py", line 294, in analysis_yaml
    error_log("1.必须有的四个一级关键字：name,base_url,request,validate")
  File "E:\Project_python\2TestCMS2.0\common\logger_util.py", line 66, in error_log
    raise Exception(log_message)
Exception: 1.必须有的四个一级关键字：name,base_url,request,validate

[2022-11-06 18:58:20,145] logger_util.py->error_log line:65 [INFO] 1.必须有的四个一级关键字：name,base_url,request,validate
[2022-11-06 18:58:20,145] logger_util.py->error_log line:65 [INFO] 分析YAML文件异常：异常信息: Traceback (most recent call last):
  File "E:\Project_python\2TestCMS2.0\common\requests_util.py", line 294, in analysis_yaml
    error_log("1.必须有的四个一级关键字：name,base_url,request,validate")
  File "E:\Project_python\2TestCMS2.0\common\logger_util.py", line 66, in error_log
    raise Exception(log_message)
Exception: 1.必须有的四个一级关键字：name,base_url,request,validate

[2022-11-06 18:58:20,172] logger_util.py->error_log line:65 [INFO] 1.必须有的四个一级关键字：name,base_url,request,validate
[2022-11-06 18:58:20,173] logger_util.py->error_log line:65 [INFO] 分析YAML文件异常：异常信息: Traceback (most recent call last):
  File "E:\Project_python\2TestCMS2.0\common\requests_util.py", line 294, in analysis_yaml
    error_log("1.必须有的四个一级关键字：name,base_url,request,validate")
  File "E:\Project_python\2TestCMS2.0\common\logger_util.py", line 66, in error_log
    raise Exception(log_message)
Exception: 1.必须有的四个一级关键字：name,base_url,request,validate

[2022-11-06 18:58:20,194] logger_util.py->error_log line:65 [INFO] 1.必须有的四个一级关键字：name,base_url,request,validate
[2022-11-06 18:58:20,195] logger_util.py->error_log line:65 [INFO] 分析YAML文件异常：异常信息: Traceback (most recent call last):
  File "E:\Project_python\2TestCMS2.0\common\requests_util.py", line 294, in analysis_yaml
    error_log("1.必须有的四个一级关键字：name,base_url,request,validate")
  File "E:\Project_python\2TestCMS2.0\common\logger_util.py", line 66, in error_log
    raise Exception(log_message)
Exception: 1.必须有的四个一级关键字：name,base_url,request,validate

[2022-11-06 18:58:20,219] logger_util.py->error_log line:65 [INFO] 1.必须有的四个一级关键字：name,base_url,request,validate
[2022-11-06 18:58:20,219] logger_util.py->error_log line:65 [INFO] 分析YAML文件异常：异常信息: Traceback (most recent call last):
  File "E:\Project_python\2TestCMS2.0\common\requests_util.py", line 294, in analysis_yaml
    error_log("1.必须有的四个一级关键字：name,base_url,request,validate")
  File "E:\Project_python\2TestCMS2.0\common\logger_util.py", line 66, in error_log
    raise Exception(log_message)
Exception: 1.必须有的四个一级关键字：name,base_url,request,validate

[2022-11-06 18:58:20,244] logger_util.py->error_log line:65 [INFO] 1.必须有的四个一级关键字：name,base_url,request,validate
[2022-11-06 18:58:20,244] logger_util.py->error_log line:65 [INFO] 分析YAML文件异常：异常信息: Traceback (most recent call last):
  File "E:\Project_python\2TestCMS2.0\common\requests_util.py", line 294, in analysis_yaml
    error_log("1.必须有的四个一级关键字：name,base_url,request,validate")
  File "E:\Project_python\2TestCMS2.0\common\logger_util.py", line 66, in error_log
    raise Exception(log_message)
Exception: 1.必须有的四个一级关键字：name,base_url,request,validate

[2022-11-06 18:58:20,274] logger_util.py->error_log line:65 [INFO] 1.必须有的四个一级关键字：name,base_url,request,validate
[2022-11-06 18:58:20,274] logger_util.py->error_log line:65 [INFO] 分析YAML文件异常：异常信息: Traceback (most recent call last):
  File "E:\Project_python\2TestCMS2.0\common\requests_util.py", line 294, in analysis_yaml
    error_log("1.必须有的四个一级关键字：name,base_url,request,validate")
  File "E:\Project_python\2TestCMS2.0\common\logger_util.py", line 66, in error_log
    raise Exception(log_message)
Exception: 1.必须有的四个一级关键字：name,base_url,request,validate

[2022-11-06 18:58:20,293] logger_util.py->error_log line:65 [INFO] 1.必须有的四个一级关键字：name,base_url,request,validate
[2022-11-06 18:58:20,293] logger_util.py->error_log line:65 [INFO] 分析YAML文件异常：异常信息: Traceback (most recent call last):
  File "E:\Project_python\2TestCMS2.0\common\requests_util.py", line 294, in analysis_yaml
    error_log("1.必须有的四个一级关键字：name,base_url,request,validate")
  File "E:\Project_python\2TestCMS2.0\common\logger_util.py", line 66, in error_log
    raise Exception(log_message)
Exception: 1.必须有的四个一级关键字：name,base_url,request,validate

[2022-11-06 18:58:20,312] logger_util.py->error_log line:65 [INFO] 1.必须有的四个一级关键字：name,base_url,request,validate
[2022-11-06 18:58:20,312] logger_util.py->error_log line:65 [INFO] 分析YAML文件异常：异常信息: Traceback (most recent call last):
  File "E:\Project_python\2TestCMS2.0\common\requests_util.py", line 294, in analysis_yaml
    error_log("1.必须有的四个一级关键字：name,base_url,request,validate")
  File "E:\Project_python\2TestCMS2.0\common\logger_util.py", line 66, in error_log
    raise Exception(log_message)
Exception: 1.必须有的四个一级关键字：name,base_url,request,validate

[2022-11-06 18:58:20,334] logger_util.py->error_log line:65 [INFO] 1.必须有的四个一级关键字：name,base_url,request,validate
[2022-11-06 18:58:20,335] logger_util.py->error_log line:65 [INFO] 分析YAML文件异常：异常信息: Traceback (most recent call last):
  File "E:\Project_python\2TestCMS2.0\common\requests_util.py", line 294, in analysis_yaml
    error_log("1.必须有的四个一级关键字：name,base_url,request,validate")
  File "E:\Project_python\2TestCMS2.0\common\logger_util.py", line 66, in error_log
    raise Exception(log_message)
Exception: 1.必须有的四个一级关键字：name,base_url,request,validate

[2022-11-06 18:58:20,354] logger_util.py->error_log line:65 [INFO] 1.必须有的四个一级关键字：name,base_url,request,validate
[2022-11-06 18:58:20,354] logger_util.py->error_log line:65 [INFO] 分析YAML文件异常：异常信息: Traceback (most recent call last):
  File "E:\Project_python\2TestCMS2.0\common\requests_util.py", line 294, in analysis_yaml
    error_log("1.必须有的四个一级关键字：name,base_url,request,validate")
  File "E:\Project_python\2TestCMS2.0\common\logger_util.py", line 66, in error_log
    raise Exception(log_message)
Exception: 1.必须有的四个一级关键字：name,base_url,request,validate

[2022-11-06 18:58:20,372] logger_util.py->error_log line:65 [INFO] 1.必须有的四个一级关键字：name,base_url,request,validate
[2022-11-06 18:58:20,373] logger_util.py->error_log line:65 [INFO] 分析YAML文件异常：异常信息: Traceback (most recent call last):
  File "E:\Project_python\2TestCMS2.0\common\requests_util.py", line 294, in analysis_yaml
    error_log("1.必须有的四个一级关键字：name,base_url,request,validate")
  File "E:\Project_python\2TestCMS2.0\common\logger_util.py", line 66, in error_log
    raise Exception(log_message)
Exception: 1.必须有的四个一级关键字：name,base_url,request,validate

[2022-11-06 18:58:20,392] logger_util.py->error_log line:65 [INFO] 1.必须有的四个一级关键字：name,base_url,request,validate
[2022-11-06 18:58:20,393] logger_util.py->error_log line:65 [INFO] 分析YAML文件异常：异常信息: Traceback (most recent call last):
  File "E:\Project_python\2TestCMS2.0\common\requests_util.py", line 294, in analysis_yaml
    error_log("1.必须有的四个一级关键字：name,base_url,request,validate")
  File "E:\Project_python\2TestCMS2.0\common\logger_util.py", line 66, in error_log
    raise Exception(log_message)
Exception: 1.必须有的四个一级关键字：name,base_url,request,validate

[2022-11-06 18:58:20,411] logger_util.py->error_log line:65 [INFO] 1.必须有的四个一级关键字：name,base_url,request,validate
[2022-11-06 18:58:20,411] logger_util.py->error_log line:65 [INFO] 分析YAML文件异常：异常信息: Traceback (most recent call last):
  File "E:\Project_python\2TestCMS2.0\common\requests_util.py", line 294, in analysis_yaml
    error_log("1.必须有的四个一级关键字：name,base_url,request,validate")
  File "E:\Project_python\2TestCMS2.0\common\logger_util.py", line 66, in error_log
    raise Exception(log_message)
Exception: 1.必须有的四个一级关键字：name,base_url,request,validate

[2022-11-06 18:58:20,429] logger_util.py->error_log line:65 [INFO] 1.必须有的四个一级关键字：name,base_url,request,validate
[2022-11-06 18:58:20,430] logger_util.py->error_log line:65 [INFO] 分析YAML文件异常：异常信息: Traceback (most recent call last):
  File "E:\Project_python\2TestCMS2.0\common\requests_util.py", line 294, in analysis_yaml
    error_log("1.必须有的四个一级关键字：name,base_url,request,validate")
  File "E:\Project_python\2TestCMS2.0\common\logger_util.py", line 66, in error_log
    raise Exception(log_message)
Exception: 1.必须有的四个一级关键字：name,base_url,request,validate

[2022-11-06 18:58:20,449] logger_util.py->error_log line:65 [INFO] 1.必须有的四个一级关键字：name,base_url,request,validate
[2022-11-06 18:58:20,449] logger_util.py->error_log line:65 [INFO] 分析YAML文件异常：异常信息: Traceback (most recent call last):
  File "E:\Project_python\2TestCMS2.0\common\requests_util.py", line 294, in analysis_yaml
    error_log("1.必须有的四个一级关键字：name,base_url,request,validate")
  File "E:\Project_python\2TestCMS2.0\common\logger_util.py", line 66, in error_log
    raise Exception(log_message)
Exception: 1.必须有的四个一级关键字：name,base_url,request,validate

[2022-11-06 18:58:20,470] logger_util.py->error_log line:65 [INFO] 1.必须有的四个一级关键字：name,base_url,request,validate
[2022-11-06 18:58:20,470] logger_util.py->error_log line:65 [INFO] 分析YAML文件异常：异常信息: Traceback (most recent call last):
  File "E:\Project_python\2TestCMS2.0\common\requests_util.py", line 294, in analysis_yaml
    error_log("1.必须有的四个一级关键字：name,base_url,request,validate")
  File "E:\Project_python\2TestCMS2.0\common\logger_util.py", line 66, in error_log
    raise Exception(log_message)
Exception: 1.必须有的四个一级关键字：name,base_url,request,validate

[2022-11-06 18:58:20,489] logger_util.py->error_log line:65 [INFO] 1.必须有的四个一级关键字：name,base_url,request,validate
[2022-11-06 18:58:20,490] logger_util.py->error_log line:65 [INFO] 分析YAML文件异常：异常信息: Traceback (most recent call last):
  File "E:\Project_python\2TestCMS2.0\common\requests_util.py", line 294, in analysis_yaml
    error_log("1.必须有的四个一级关键字：name,base_url,request,validate")
  File "E:\Project_python\2TestCMS2.0\common\logger_util.py", line 66, in error_log
    raise Exception(log_message)
Exception: 1.必须有的四个一级关键字：name,base_url,request,validate

[2022-11-06 18:58:20,508] logger_util.py->error_log line:65 [INFO] 1.必须有的四个一级关键字：name,base_url,request,validate
[2022-11-06 18:58:20,509] logger_util.py->error_log line:65 [INFO] 分析YAML文件异常：异常信息: Traceback (most recent call last):
  File "E:\Project_python\2TestCMS2.0\common\requests_util.py", line 294, in analysis_yaml
    error_log("1.必须有的四个一级关键字：name,base_url,request,validate")
  File "E:\Project_python\2TestCMS2.0\common\logger_util.py", line 66, in error_log
    raise Exception(log_message)
Exception: 1.必须有的四个一级关键字：name,base_url,request,validate

[2022-11-06 18:58:20,526] logger_util.py->error_log line:65 [INFO] 1.必须有的四个一级关键字：name,base_url,request,validate
[2022-11-06 18:58:20,527] logger_util.py->error_log line:65 [INFO] 分析YAML文件异常：异常信息: Traceback (most recent call last):
  File "E:\Project_python\2TestCMS2.0\common\requests_util.py", line 294, in analysis_yaml
    error_log("1.必须有的四个一级关键字：name,base_url,request,validate")
  File "E:\Project_python\2TestCMS2.0\common\logger_util.py", line 66, in error_log
    raise Exception(log_message)
Exception: 1.必须有的四个一级关键字：name,base_url,request,validate

[2022-11-06 18:58:20,543] logger_util.py->error_log line:65 [INFO] 1.必须有的四个一级关键字：name,base_url,request,validate
[2022-11-06 18:58:20,543] logger_util.py->error_log line:65 [INFO] 分析YAML文件异常：异常信息: Traceback (most recent call last):
  File "E:\Project_python\2TestCMS2.0\common\requests_util.py", line 294, in analysis_yaml
    error_log("1.必须有的四个一级关键字：name,base_url,request,validate")
  File "E:\Project_python\2TestCMS2.0\common\logger_util.py", line 66, in error_log
    raise Exception(log_message)
Exception: 1.必须有的四个一级关键字：name,base_url,request,validate

[2022-11-06 18:58:20,560] logger_util.py->error_log line:65 [INFO] 1.必须有的四个一级关键字：name,base_url,request,validate
[2022-11-06 18:58:20,561] logger_util.py->error_log line:65 [INFO] 分析YAML文件异常：异常信息: Traceback (most recent call last):
  File "E:\Project_python\2TestCMS2.0\common\requests_util.py", line 294, in analysis_yaml
    error_log("1.必须有的四个一级关键字：name,base_url,request,validate")
  File "E:\Project_python\2TestCMS2.0\common\logger_util.py", line 66, in error_log
    raise Exception(log_message)
Exception: 1.必须有的四个一级关键字：name,base_url,request,validate

[2022-11-06 18:58:20,578] logger_util.py->error_log line:65 [INFO] 1.必须有的四个一级关键字：name,base_url,request,validate
[2022-11-06 18:58:20,578] logger_util.py->error_log line:65 [INFO] 分析YAML文件异常：异常信息: Traceback (most recent call last):
  File "E:\Project_python\2TestCMS2.0\common\requests_util.py", line 294, in analysis_yaml
    error_log("1.必须有的四个一级关键字：name,base_url,request,validate")
  File "E:\Project_python\2TestCMS2.0\common\logger_util.py", line 66, in error_log
    raise Exception(log_message)
Exception: 1.必须有的四个一级关键字：name,base_url,request,validate

[2022-11-06 18:58:20,597] logger_util.py->error_log line:65 [INFO] 1.必须有的四个一级关键字：name,base_url,request,validate
[2022-11-06 18:58:20,597] logger_util.py->error_log line:65 [INFO] 分析YAML文件异常：异常信息: Traceback (most recent call last):
  File "E:\Project_python\2TestCMS2.0\common\requests_util.py", line 294, in analysis_yaml
    error_log("1.必须有的四个一级关键字：name,base_url,request,validate")
  File "E:\Project_python\2TestCMS2.0\common\logger_util.py", line 66, in error_log
    raise Exception(log_message)
Exception: 1.必须有的四个一级关键字：name,base_url,request,validate

[2022-11-06 18:58:20,616] logger_util.py->error_log line:65 [INFO] 1.必须有的四个一级关键字：name,base_url,request,validate
[2022-11-06 18:58:20,616] logger_util.py->error_log line:65 [INFO] 分析YAML文件异常：异常信息: Traceback (most recent call last):
  File "E:\Project_python\2TestCMS2.0\common\requests_util.py", line 294, in analysis_yaml
    error_log("1.必须有的四个一级关键字：name,base_url,request,validate")
  File "E:\Project_python\2TestCMS2.0\common\logger_util.py", line 66, in error_log
    raise Exception(log_message)
Exception: 1.必须有的四个一级关键字：name,base_url,request,validate

[2022-11-06 18:58:20,634] logger_util.py->error_log line:65 [INFO] 1.必须有的四个一级关键字：name,base_url,request,validate
[2022-11-06 18:58:20,634] logger_util.py->error_log line:65 [INFO] 分析YAML文件异常：异常信息: Traceback (most recent call last):
  File "E:\Project_python\2TestCMS2.0\common\requests_util.py", line 294, in analysis_yaml
    error_log("1.必须有的四个一级关键字：name,base_url,request,validate")
  File "E:\Project_python\2TestCMS2.0\common\logger_util.py", line 66, in error_log
    raise Exception(log_message)
Exception: 1.必须有的四个一级关键字：name,base_url,request,validate

[2022-11-06 18:58:20,653] logger_util.py->error_log line:65 [INFO] 1.必须有的四个一级关键字：name,base_url,request,validate
[2022-11-06 18:58:20,653] logger_util.py->error_log line:65 [INFO] 分析YAML文件异常：异常信息: Traceback (most recent call last):
  File "E:\Project_python\2TestCMS2.0\common\requests_util.py", line 294, in analysis_yaml
    error_log("1.必须有的四个一级关键字：name,base_url,request,validate")
  File "E:\Project_python\2TestCMS2.0\common\logger_util.py", line 66, in error_log
    raise Exception(log_message)
Exception: 1.必须有的四个一级关键字：name,base_url,request,validate

[2022-11-06 18:58:20,671] logger_util.py->error_log line:65 [INFO] 1.必须有的四个一级关键字：name,base_url,request,validate
[2022-11-06 18:58:20,672] logger_util.py->error_log line:65 [INFO] 分析YAML文件异常：异常信息: Traceback (most recent call last):
  File "E:\Project_python\2TestCMS2.0\common\requests_util.py", line 294, in analysis_yaml
    error_log("1.必须有的四个一级关键字：name,base_url,request,validate")
  File "E:\Project_python\2TestCMS2.0\common\logger_util.py", line 66, in error_log
    raise Exception(log_message)
Exception: 1.必须有的四个一级关键字：name,base_url,request,validate

[2022-11-06 18:58:20,690] logger_util.py->error_log line:65 [INFO] 1.必须有的四个一级关键字：name,base_url,request,validate
[2022-11-06 18:58:20,691] logger_util.py->error_log line:65 [INFO] 分析YAML文件异常：异常信息: Traceback (most recent call last):
  File "E:\Project_python\2TestCMS2.0\common\requests_util.py", line 294, in analysis_yaml
    error_log("1.必须有的四个一级关键字：name,base_url,request,validate")
  File "E:\Project_python\2TestCMS2.0\common\logger_util.py", line 66, in error_log
    raise Exception(log_message)
Exception: 1.必须有的四个一级关键字：name,base_url,request,validate

[2022-11-06 18:58:20,710] logger_util.py->error_log line:65 [INFO] 1.必须有的四个一级关键字：name,base_url,request,validate
[2022-11-06 18:58:20,710] logger_util.py->error_log line:65 [INFO] 分析YAML文件异常：异常信息: Traceback (most recent call last):
  File "E:\Project_python\2TestCMS2.0\common\requests_util.py", line 294, in analysis_yaml
    error_log("1.必须有的四个一级关键字：name,base_url,request,validate")
  File "E:\Project_python\2TestCMS2.0\common\logger_util.py", line 66, in error_log
    raise Exception(log_message)
Exception: 1.必须有的四个一级关键字：name,base_url,request,validate

[2022-11-06 18:58:20,728] logger_util.py->error_log line:65 [INFO] 1.必须有的四个一级关键字：name,base_url,request,validate
[2022-11-06 18:58:20,728] logger_util.py->error_log line:65 [INFO] 分析YAML文件异常：异常信息: Traceback (most recent call last):
  File "E:\Project_python\2TestCMS2.0\common\requests_util.py", line 294, in analysis_yaml
    error_log("1.必须有的四个一级关键字：name,base_url,request,validate")
  File "E:\Project_python\2TestCMS2.0\common\logger_util.py", line 66, in error_log
    raise Exception(log_message)
Exception: 1.必须有的四个一级关键字：name,base_url,request,validate

[2022-11-06 18:58:20,746] logger_util.py->error_log line:65 [INFO] 1.必须有的四个一级关键字：name,base_url,request,validate
[2022-11-06 18:58:20,746] logger_util.py->error_log line:65 [INFO] 分析YAML文件异常：异常信息: Traceback (most recent call last):
  File "E:\Project_python\2TestCMS2.0\common\requests_util.py", line 294, in analysis_yaml
    error_log("1.必须有的四个一级关键字：name,base_url,request,validate")
  File "E:\Project_python\2TestCMS2.0\common\logger_util.py", line 66, in error_log
    raise Exception(log_message)
Exception: 1.必须有的四个一级关键字：name,base_url,request,validate

[2022-11-06 18:58:20,765] logger_util.py->error_log line:65 [INFO] 1.必须有的四个一级关键字：name,base_url,request,validate
[2022-11-06 18:58:20,765] logger_util.py->error_log line:65 [INFO] 分析YAML文件异常：异常信息: Traceback (most recent call last):
  File "E:\Project_python\2TestCMS2.0\common\requests_util.py", line 294, in analysis_yaml
    error_log("1.必须有的四个一级关键字：name,base_url,request,validate")
  File "E:\Project_python\2TestCMS2.0\common\logger_util.py", line 66, in error_log
    raise Exception(log_message)
Exception: 1.必须有的四个一级关键字：name,base_url,request,validate

[2022-11-06 18:58:20,782] logger_util.py->error_log line:65 [INFO] 1.必须有的四个一级关键字：name,base_url,request,validate
[2022-11-06 18:58:20,783] logger_util.py->error_log line:65 [INFO] 分析YAML文件异常：异常信息: Traceback (most recent call last):
  File "E:\Project_python\2TestCMS2.0\common\requests_util.py", line 294, in analysis_yaml
    error_log("1.必须有的四个一级关键字：name,base_url,request,validate")
  File "E:\Project_python\2TestCMS2.0\common\logger_util.py", line 66, in error_log
    raise Exception(log_message)
Exception: 1.必须有的四个一级关键字：name,base_url,request,validate

[2022-11-06 18:58:20,800] logger_util.py->error_log line:65 [INFO] 1.必须有的四个一级关键字：name,base_url,request,validate
[2022-11-06 18:58:20,800] logger_util.py->error_log line:65 [INFO] 分析YAML文件异常：异常信息: Traceback (most recent call last):
  File "E:\Project_python\2TestCMS2.0\common\requests_util.py", line 294, in analysis_yaml
    error_log("1.必须有的四个一级关键字：name,base_url,request,validate")
  File "E:\Project_python\2TestCMS2.0\common\logger_util.py", line 66, in error_log
    raise Exception(log_message)
Exception: 1.必须有的四个一级关键字：name,base_url,request,validate

[2022-11-06 18:58:20,820] logger_util.py->error_log line:65 [INFO] 1.必须有的四个一级关键字：name,base_url,request,validate
[2022-11-06 18:58:20,820] logger_util.py->error_log line:65 [INFO] 分析YAML文件异常：异常信息: Traceback (most recent call last):
  File "E:\Project_python\2TestCMS2.0\common\requests_util.py", line 294, in analysis_yaml
    error_log("1.必须有的四个一级关键字：name,base_url,request,validate")
  File "E:\Project_python\2TestCMS2.0\common\logger_util.py", line 66, in error_log
    raise Exception(log_message)
Exception: 1.必须有的四个一级关键字：name,base_url,request,validate

[2022-11-06 18:58:20,839] logger_util.py->error_log line:65 [INFO] 1.必须有的四个一级关键字：name,base_url,request,validate
[2022-11-06 18:58:20,839] logger_util.py->error_log line:65 [INFO] 分析YAML文件异常：异常信息: Traceback (most recent call last):
  File "E:\Project_python\2TestCMS2.0\common\requests_util.py", line 294, in analysis_yaml
    error_log("1.必须有的四个一级关键字：name,base_url,request,validate")
  File "E:\Project_python\2TestCMS2.0\common\logger_util.py", line 66, in error_log
    raise Exception(log_message)
Exception: 1.必须有的四个一级关键字：name,base_url,request,validate

[2022-11-06 18:58:20,857] logger_util.py->error_log line:65 [INFO] 1.必须有的四个一级关键字：name,base_url,request,validate
[2022-11-06 18:58:20,858] logger_util.py->error_log line:65 [INFO] 分析YAML文件异常：异常信息: Traceback (most recent call last):
  File "E:\Project_python\2TestCMS2.0\common\requests_util.py", line 294, in analysis_yaml
    error_log("1.必须有的四个一级关键字：name,base_url,request,validate")
  File "E:\Project_python\2TestCMS2.0\common\logger_util.py", line 66, in error_log
    raise Exception(log_message)
Exception: 1.必须有的四个一级关键字：name,base_url,request,validate

[2022-11-06 18:58:20,876] logger_util.py->error_log line:65 [INFO] 1.必须有的四个一级关键字：name,base_url,request,validate
[2022-11-06 18:58:20,876] logger_util.py->error_log line:65 [INFO] 分析YAML文件异常：异常信息: Traceback (most recent call last):
  File "E:\Project_python\2TestCMS2.0\common\requests_util.py", line 294, in analysis_yaml
    error_log("1.必须有的四个一级关键字：name,base_url,request,validate")
  File "E:\Project_python\2TestCMS2.0\common\logger_util.py", line 66, in error_log
    raise Exception(log_message)
Exception: 1.必须有的四个一级关键字：name,base_url,request,validate

[2022-11-06 18:58:20,895] logger_util.py->error_log line:65 [INFO] 1.必须有的四个一级关键字：name,base_url,request,validate
[2022-11-06 18:58:20,895] logger_util.py->error_log line:65 [INFO] 分析YAML文件异常：异常信息: Traceback (most recent call last):
  File "E:\Project_python\2TestCMS2.0\common\requests_util.py", line 294, in analysis_yaml
    error_log("1.必须有的四个一级关键字：name,base_url,request,validate")
  File "E:\Project_python\2TestCMS2.0\common\logger_util.py", line 66, in error_log
    raise Exception(log_message)
Exception: 1.必须有的四个一级关键字：name,base_url,request,validate

[2022-11-06 18:58:20,917] logger_util.py->error_log line:65 [INFO] 1.必须有的四个一级关键字：name,base_url,request,validate
[2022-11-06 18:58:20,917] logger_util.py->error_log line:65 [INFO] 分析YAML文件异常：异常信息: Traceback (most recent call last):
  File "E:\Project_python\2TestCMS2.0\common\requests_util.py", line 294, in analysis_yaml
    error_log("1.必须有的四个一级关键字：name,base_url,request,validate")
  File "E:\Project_python\2TestCMS2.0\common\logger_util.py", line 66, in error_log
    raise Exception(log_message)
Exception: 1.必须有的四个一级关键字：name,base_url,request,validate

[2022-11-06 18:58:20,936] logger_util.py->error_log line:65 [INFO] 1.必须有的四个一级关键字：name,base_url,request,validate
[2022-11-06 18:58:20,936] logger_util.py->error_log line:65 [INFO] 分析YAML文件异常：异常信息: Traceback (most recent call last):
  File "E:\Project_python\2TestCMS2.0\common\requests_util.py", line 294, in analysis_yaml
    error_log("1.必须有的四个一级关键字：name,base_url,request,validate")
  File "E:\Project_python\2TestCMS2.0\common\logger_util.py", line 66, in error_log
    raise Exception(log_message)
Exception: 1.必须有的四个一级关键字：name,base_url,request,validate

[2022-11-06 18:58:20,954] logger_util.py->error_log line:65 [INFO] 1.必须有的四个一级关键字：name,base_url,request,validate
[2022-11-06 18:58:20,954] logger_util.py->error_log line:65 [INFO] 分析YAML文件异常：异常信息: Traceback (most recent call last):
  File "E:\Project_python\2TestCMS2.0\common\requests_util.py", line 294, in analysis_yaml
    error_log("1.必须有的四个一级关键字：name,base_url,request,validate")
  File "E:\Project_python\2TestCMS2.0\common\logger_util.py", line 66, in error_log
    raise Exception(log_message)
Exception: 1.必须有的四个一级关键字：name,base_url,request,validate

[2022-11-06 18:58:20,972] logger_util.py->error_log line:65 [INFO] 1.必须有的四个一级关键字：name,base_url,request,validate
[2022-11-06 18:58:20,973] logger_util.py->error_log line:65 [INFO] 分析YAML文件异常：异常信息: Traceback (most recent call last):
  File "E:\Project_python\2TestCMS2.0\common\requests_util.py", line 294, in analysis_yaml
    error_log("1.必须有的四个一级关键字：name,base_url,request,validate")
  File "E:\Project_python\2TestCMS2.0\common\logger_util.py", line 66, in error_log
    raise Exception(log_message)
Exception: 1.必须有的四个一级关键字：name,base_url,request,validate

[2022-11-06 18:58:20,990] logger_util.py->error_log line:65 [INFO] 1.必须有的四个一级关键字：name,base_url,request,validate
[2022-11-06 18:58:20,990] logger_util.py->error_log line:65 [INFO] 分析YAML文件异常：异常信息: Traceback (most recent call last):
  File "E:\Project_python\2TestCMS2.0\common\requests_util.py", line 294, in analysis_yaml
    error_log("1.必须有的四个一级关键字：name,base_url,request,validate")
  File "E:\Project_python\2TestCMS2.0\common\logger_util.py", line 66, in error_log
    raise Exception(log_message)
Exception: 1.必须有的四个一级关键字：name,base_url,request,validate

[2022-11-06 18:58:21,008] logger_util.py->error_log line:65 [INFO] 1.必须有的四个一级关键字：name,base_url,request,validate
[2022-11-06 18:58:21,008] logger_util.py->error_log line:65 [INFO] 分析YAML文件异常：异常信息: Traceback (most recent call last):
  File "E:\Project_python\2TestCMS2.0\common\requests_util.py", line 294, in analysis_yaml
    error_log("1.必须有的四个一级关键字：name,base_url,request,validate")
  File "E:\Project_python\2TestCMS2.0\common\logger_util.py", line 66, in error_log
    raise Exception(log_message)
Exception: 1.必须有的四个一级关键字：name,base_url,request,validate

[2022-11-06 18:58:21,026] logger_util.py->error_log line:65 [INFO] 1.必须有的四个一级关键字：name,base_url,request,validate
[2022-11-06 18:58:21,027] logger_util.py->error_log line:65 [INFO] 分析YAML文件异常：异常信息: Traceback (most recent call last):
  File "E:\Project_python\2TestCMS2.0\common\requests_util.py", line 294, in analysis_yaml
    error_log("1.必须有的四个一级关键字：name,base_url,request,validate")
  File "E:\Project_python\2TestCMS2.0\common\logger_util.py", line 66, in error_log
    raise Exception(log_message)
Exception: 1.必须有的四个一级关键字：name,base_url,request,validate

[2022-11-06 18:58:21,051] logger_util.py->error_log line:65 [INFO] 1.必须有的四个一级关键字：name,base_url,request,validate
[2022-11-06 18:58:21,051] logger_util.py->error_log line:65 [INFO] 分析YAML文件异常：异常信息: Traceback (most recent call last):
  File "E:\Project_python\2TestCMS2.0\common\requests_util.py", line 294, in analysis_yaml
    error_log("1.必须有的四个一级关键字：name,base_url,request,validate")
  File "E:\Project_python\2TestCMS2.0\common\logger_util.py", line 66, in error_log
    raise Exception(log_message)
Exception: 1.必须有的四个一级关键字：name,base_url,request,validate

[2022-11-06 18:58:21,074] logger_util.py->error_log line:65 [INFO] 1.必须有的四个一级关键字：name,base_url,request,validate
[2022-11-06 18:58:21,074] logger_util.py->error_log line:65 [INFO] 分析YAML文件异常：异常信息: Traceback (most recent call last):
  File "E:\Project_python\2TestCMS2.0\common\requests_util.py", line 294, in analysis_yaml
    error_log("1.必须有的四个一级关键字：name,base_url,request,validate")
  File "E:\Project_python\2TestCMS2.0\common\logger_util.py", line 66, in error_log
    raise Exception(log_message)
Exception: 1.必须有的四个一级关键字：name,base_url,request,validate

[2022-11-06 18:58:21,097] logger_util.py->error_log line:65 [INFO] 1.必须有的四个一级关键字：name,base_url,request,validate
[2022-11-06 18:58:21,098] logger_util.py->error_log line:65 [INFO] 分析YAML文件异常：异常信息: Traceback (most recent call last):
  File "E:\Project_python\2TestCMS2.0\common\requests_util.py", line 294, in analysis_yaml
    error_log("1.必须有的四个一级关键字：name,base_url,request,validate")
  File "E:\Project_python\2TestCMS2.0\common\logger_util.py", line 66, in error_log
    raise Exception(log_message)
Exception: 1.必须有的四个一级关键字：name,base_url,request,validate

[2022-11-06 18:58:21,123] logger_util.py->error_log line:65 [INFO] 1.必须有的四个一级关键字：name,base_url,request,validate
[2022-11-06 18:58:21,124] logger_util.py->error_log line:65 [INFO] 分析YAML文件异常：异常信息: Traceback (most recent call last):
  File "E:\Project_python\2TestCMS2.0\common\requests_util.py", line 294, in analysis_yaml
    error_log("1.必须有的四个一级关键字：name,base_url,request,validate")
  File "E:\Project_python\2TestCMS2.0\common\logger_util.py", line 66, in error_log
    raise Exception(log_message)
Exception: 1.必须有的四个一级关键字：name,base_url,request,validate

[2022-11-06 18:58:21,144] logger_util.py->error_log line:65 [INFO] 1.必须有的四个一级关键字：name,base_url,request,validate
[2022-11-06 18:58:21,145] logger_util.py->error_log line:65 [INFO] 分析YAML文件异常：异常信息: Traceback (most recent call last):
  File "E:\Project_python\2TestCMS2.0\common\requests_util.py", line 294, in analysis_yaml
    error_log("1.必须有的四个一级关键字：name,base_url,request,validate")
  File "E:\Project_python\2TestCMS2.0\common\logger_util.py", line 66, in error_log
    raise Exception(log_message)
Exception: 1.必须有的四个一级关键字：name,base_url,request,validate

[2022-11-06 18:58:21,168] logger_util.py->error_log line:65 [INFO] 1.必须有的四个一级关键字：name,base_url,request,validate
[2022-11-06 18:58:21,168] logger_util.py->error_log line:65 [INFO] 分析YAML文件异常：异常信息: Traceback (most recent call last):
  File "E:\Project_python\2TestCMS2.0\common\requests_util.py", line 294, in analysis_yaml
    error_log("1.必须有的四个一级关键字：name,base_url,request,validate")
  File "E:\Project_python\2TestCMS2.0\common\logger_util.py", line 66, in error_log
    raise Exception(log_message)
Exception: 1.必须有的四个一级关键字：name,base_url,request,validate

[2022-11-06 18:58:21,187] logger_util.py->error_log line:65 [INFO] 1.必须有的四个一级关键字：name,base_url,request,validate
[2022-11-06 18:58:21,187] logger_util.py->error_log line:65 [INFO] 分析YAML文件异常：异常信息: Traceback (most recent call last):
  File "E:\Project_python\2TestCMS2.0\common\requests_util.py", line 294, in analysis_yaml
    error_log("1.必须有的四个一级关键字：name,base_url,request,validate")
  File "E:\Project_python\2TestCMS2.0\common\logger_util.py", line 66, in error_log
    raise Exception(log_message)
Exception: 1.必须有的四个一级关键字：name,base_url,request,validate

[2022-11-06 18:58:21,204] logger_util.py->error_log line:65 [INFO] 1.必须有的四个一级关键字：name,base_url,request,validate
[2022-11-06 18:58:21,205] logger_util.py->error_log line:65 [INFO] 分析YAML文件异常：异常信息: Traceback (most recent call last):
  File "E:\Project_python\2TestCMS2.0\common\requests_util.py", line 294, in analysis_yaml
    error_log("1.必须有的四个一级关键字：name,base_url,request,validate")
  File "E:\Project_python\2TestCMS2.0\common\logger_util.py", line 66, in error_log
    raise Exception(log_message)
Exception: 1.必须有的四个一级关键字：name,base_url,request,validate

[2022-11-06 18:58:21,224] logger_util.py->error_log line:65 [INFO] 1.必须有的四个一级关键字：name,base_url,request,validate
[2022-11-06 18:58:21,224] logger_util.py->error_log line:65 [INFO] 分析YAML文件异常：异常信息: Traceback (most recent call last):
  File "E:\Project_python\2TestCMS2.0\common\requests_util.py", line 294, in analysis_yaml
    error_log("1.必须有的四个一级关键字：name,base_url,request,validate")
  File "E:\Project_python\2TestCMS2.0\common\logger_util.py", line 66, in error_log
    raise Exception(log_message)
Exception: 1.必须有的四个一级关键字：name,base_url,request,validate

[2022-11-06 18:58:21,242] logger_util.py->error_log line:65 [INFO] 1.必须有的四个一级关键字：name,base_url,request,validate
[2022-11-06 18:58:21,242] logger_util.py->error_log line:65 [INFO] 分析YAML文件异常：异常信息: Traceback (most recent call last):
  File "E:\Project_python\2TestCMS2.0\common\requests_util.py", line 294, in analysis_yaml
    error_log("1.必须有的四个一级关键字：name,base_url,request,validate")
  File "E:\Project_python\2TestCMS2.0\common\logger_util.py", line 66, in error_log
    raise Exception(log_message)
Exception: 1.必须有的四个一级关键字：name,base_url,request,validate

[2022-11-06 18:58:21,266] logger_util.py->error_log line:65 [INFO] 1.必须有的四个一级关键字：name,base_url,request,validate
[2022-11-06 18:58:21,266] logger_util.py->error_log line:65 [INFO] 分析YAML文件异常：异常信息: Traceback (most recent call last):
  File "E:\Project_python\2TestCMS2.0\common\requests_util.py", line 294, in analysis_yaml
    error_log("1.必须有的四个一级关键字：name,base_url,request,validate")
  File "E:\Project_python\2TestCMS2.0\common\logger_util.py", line 66, in error_log
    raise Exception(log_message)
Exception: 1.必须有的四个一级关键字：name,base_url,request,validate

[2022-11-06 18:58:21,286] logger_util.py->error_log line:65 [INFO] 1.必须有的四个一级关键字：name,base_url,request,validate
[2022-11-06 18:58:21,286] logger_util.py->error_log line:65 [INFO] 分析YAML文件异常：异常信息: Traceback (most recent call last):
  File "E:\Project_python\2TestCMS2.0\common\requests_util.py", line 294, in analysis_yaml
    error_log("1.必须有的四个一级关键字：name,base_url,request,validate")
  File "E:\Project_python\2TestCMS2.0\common\logger_util.py", line 66, in error_log
    raise Exception(log_message)
Exception: 1.必须有的四个一级关键字：name,base_url,request,validate

[2022-11-06 18:58:21,306] logger_util.py->error_log line:65 [INFO] 1.必须有的四个一级关键字：name,base_url,request,validate
[2022-11-06 18:58:21,306] logger_util.py->error_log line:65 [INFO] 分析YAML文件异常：异常信息: Traceback (most recent call last):
  File "E:\Project_python\2TestCMS2.0\common\requests_util.py", line 294, in analysis_yaml
    error_log("1.必须有的四个一级关键字：name,base_url,request,validate")
  File "E:\Project_python\2TestCMS2.0\common\logger_util.py", line 66, in error_log
    raise Exception(log_message)
Exception: 1.必须有的四个一级关键字：name,base_url,request,validate

[2022-11-06 18:58:21,487] logger_util.py->error_log line:65 [INFO] 1.必须有的四个一级关键字：name,base_url,request,validate
[2022-11-06 18:58:21,488] logger_util.py->error_log line:65 [INFO] 分析YAML文件异常：异常信息: Traceback (most recent call last):
  File "E:\Project_python\2TestCMS2.0\common\requests_util.py", line 294, in analysis_yaml
    error_log("1.必须有的四个一级关键字：name,base_url,request,validate")
  File "E:\Project_python\2TestCMS2.0\common\logger_util.py", line 66, in error_log
    raise Exception(log_message)
Exception: 1.必须有的四个一级关键字：name,base_url,request,validate

[2022-11-06 18:58:21,505] logger_util.py->error_log line:65 [INFO] 1.必须有的四个一级关键字：name,base_url,request,validate
[2022-11-06 18:58:21,505] logger_util.py->error_log line:65 [INFO] 分析YAML文件异常：异常信息: Traceback (most recent call last):
  File "E:\Project_python\2TestCMS2.0\common\requests_util.py", line 294, in analysis_yaml
    error_log("1.必须有的四个一级关键字：name,base_url,request,validate")
  File "E:\Project_python\2TestCMS2.0\common\logger_util.py", line 66, in error_log
    raise Exception(log_message)
Exception: 1.必须有的四个一级关键字：name,base_url,request,validate

[2022-11-06 18:58:21,524] logger_util.py->error_log line:65 [INFO] 1.必须有的四个一级关键字：name,base_url,request,validate
[2022-11-06 18:58:21,525] logger_util.py->error_log line:65 [INFO] 分析YAML文件异常：异常信息: Traceback (most recent call last):
  File "E:\Project_python\2TestCMS2.0\common\requests_util.py", line 294, in analysis_yaml
    error_log("1.必须有的四个一级关键字：name,base_url,request,validate")
  File "E:\Project_python\2TestCMS2.0\common\logger_util.py", line 66, in error_log
    raise Exception(log_message)
Exception: 1.必须有的四个一级关键字：name,base_url,request,validate

[2022-11-06 18:58:21,544] logger_util.py->error_log line:65 [INFO] 1.必须有的四个一级关键字：name,base_url,request,validate
[2022-11-06 18:58:21,544] logger_util.py->error_log line:65 [INFO] 分析YAML文件异常：异常信息: Traceback (most recent call last):
  File "E:\Project_python\2TestCMS2.0\common\requests_util.py", line 294, in analysis_yaml
    error_log("1.必须有的四个一级关键字：name,base_url,request,validate")
  File "E:\Project_python\2TestCMS2.0\common\logger_util.py", line 66, in error_log
    raise Exception(log_message)
Exception: 1.必须有的四个一级关键字：name,base_url,request,validate

[2022-11-06 18:58:21,566] logger_util.py->error_log line:65 [INFO] 1.必须有的四个一级关键字：name,base_url,request,validate
[2022-11-06 18:58:21,566] logger_util.py->error_log line:65 [INFO] 分析YAML文件异常：异常信息: Traceback (most recent call last):
  File "E:\Project_python\2TestCMS2.0\common\requests_util.py", line 294, in analysis_yaml
    error_log("1.必须有的四个一级关键字：name,base_url,request,validate")
  File "E:\Project_python\2TestCMS2.0\common\logger_util.py", line 66, in error_log
    raise Exception(log_message)
Exception: 1.必须有的四个一级关键字：name,base_url,request,validate

