[2023-06-02 18:48:58,534] logger_util.py->write_log line:61 [INFO] -------------接口请求开始-----------
[2023-06-02 18:48:58,535] logger_util.py->write_log line:61 [INFO] 接口名称：创建文件夹
[2023-06-02 18:48:58,535] logger_util.py->write_log line:61 [INFO] 接口方式：post
[2023-06-02 18:48:58,535] logger_util.py->write_log line:61 [INFO] 接口路径：http://127.0.0.1:18000/api/v1/dataconfig/folder
[2023-06-02 18:48:58,535] logger_util.py->write_log line:61 [INFO] 请求头：{'Content-Type': 'application/json;charset=UTF-8', 'X-Project': '83d42c5d5ad141bba528b7690b19996e'}
[2023-06-02 18:48:58,536] logger_util.py->write_log line:61 [INFO] 请求参数：{'parentId': '00000000-0000-0000-0000-000000000000', 'name': '文件夹49', 'sort': 2}
[2023-06-02 18:48:58,536] logger_util.py->write_log line:61 [INFO] 文件上传：None
[2023-06-02 18:48:58,938] logger_util.py->write_log line:61 [INFO] 预期结果：[{'equals': {'status_code': 200}}, {'equals': {'sort': 2}}, {'contains': 'id'}]
[2023-06-02 18:48:58,938] logger_util.py->write_log line:61 [INFO] 实际结果：{'id': '9588d992-beba-420d-a843-b157d1e95aab', 'name': '文件夹49', 'parentId': '00000000-0000-0000-0000-000000000000', 'level': 0, 'sort': 2, 'createDateTime': '2023-06-02T18:48:58.7552587+08:00', 'operationTypes': [1, 4]}
[2023-06-02 18:48:58,938] logger_util.py->write_log line:61 [INFO] 接口请求成功！
[2023-06-02 18:48:58,938] logger_util.py->write_log line:61 [INFO] -------------接口请求结束-----------

[2023-06-02 18:48:58,945] logger_util.py->write_log line:61 [INFO] -------------接口请求开始-----------
[2023-06-02 18:48:58,945] logger_util.py->write_log line:61 [INFO] 接口名称：创建归档表
[2023-06-02 18:48:58,945] logger_util.py->write_log line:61 [INFO] 接口方式：post
[2023-06-02 18:48:58,945] logger_util.py->write_log line:61 [INFO] 接口路径：http://127.0.0.1:18000/api/v1/dataconfig/filingtable
[2023-06-02 18:48:58,945] logger_util.py->write_log line:61 [INFO] 请求头：{'Content-Type': 'application/json;charset=UTF-8', 'X-Project': '83d42c5d5ad141bba528b7690b19996e'}
[2023-06-02 18:48:58,945] logger_util.py->write_log line:61 [INFO] 请求参数：{'folderId': '00000000-0000-0000-0000-000000000000', 'name': '归档表12', 'sort': 2}
[2023-06-02 18:48:58,945] logger_util.py->write_log line:61 [INFO] 文件上传：None
[2023-06-02 18:48:59,301] logger_util.py->write_log line:61 [INFO] 预期结果：[{'equals': {'status_code': 200}}, {'equals': {'sort': 2}}, {'contains': 'id'}]
[2023-06-02 18:48:59,301] logger_util.py->write_log line:61 [INFO] 实际结果：{'id': '5edc5583-21ab-446c-a08a-8cc4df7ab3e3', 'folderId': '00000000-0000-0000-0000-000000000000', 'name': '归档表12', 'sort': 2, 'createDateTime': '2023-06-02T18:48:59.0800298+08:00', 'operationTypes': [1, 2, 3, 4], 'functionTypes': [1, 2, 3, 4], 'extendedHeaders': ['记录时间'], 'cacheConfig_EnableCache': False, 'cacheConfig_QuantityLimit': 0, 'cacheConfig_TimeSpanLimit': 0, 'cacheConfig_TimeSpanLimitUnit': 0, 'cacheConfig_ClearCache': '', 'storageConfig_ScheduledClear': False, 'storageConfig_ClearTriggerTime': None, 'storageConfig_ClearFrequency': 0, 'storageConfig_ClearFrequencyUnit': 0, 'storageConfig_ClearRetain': 0, 'storageConfig_ClearRetainUnit': 0, 'storageConfig_ScheduledBackup': False, 'storageConfig_BackupTriggerTime': None, 'storageConfig_BackupFrequency': 0, 'storageConfig_BackupFrequencyUnit': 0, 'storageConfig_BackupPath': ''}
[2023-06-02 18:48:59,301] logger_util.py->write_log line:61 [INFO] 接口请求成功！
[2023-06-02 18:48:59,301] logger_util.py->write_log line:61 [INFO] -------------接口请求结束-----------

[2023-06-02 18:48:59,312] logger_util.py->write_log line:61 [INFO] -------------接口请求开始-----------
[2023-06-02 18:48:59,312] logger_util.py->write_log line:61 [INFO] 接口名称：设置归档表字段配置
[2023-06-02 18:48:59,312] logger_util.py->write_log line:61 [INFO] 接口方式：put
[2023-06-02 18:48:59,312] logger_util.py->write_log line:61 [INFO] 接口路径：http://127.0.0.1:18000/api/v1/dataconfig/filingtable/5edc5583-21ab-446c-a08a-8cc4df7ab3e3/fields
[2023-06-02 18:48:59,312] logger_util.py->write_log line:61 [INFO] 请求头：{'Content-Type': 'application/json; =UTF-8', 'X-Project': '83d42c5d5ad141bba528b7690b19996e'}
[2023-06-02 18:48:59,312] logger_util.py->write_log line:61 [INFO] 请求参数：[{'fieldName': '系统时间', 'fieldType': 3, 'associatedVariable': 'DateTime', 'formula': '', 'id': ''}, {'fieldName': '函数时间', 'fieldType': 3, 'associatedVariable': '', 'formula': 'NOW(  )', 'id': ''}, {'fieldName': 'A1', 'fieldType': 1, 'associatedVariable': 'A1', 'formula': '', 'id': ''}, {'fieldName': 'B1', 'fieldType': 1, 'associatedVariable': 'B1', 'formula': '', 'id': ''}, {'fieldName': 'G1', 'fieldType': 1, 'associatedVariable': 'G1', 'formula': '', 'id': ''}, {'fieldName': 'H1', 'fieldType': 2, 'associatedVariable': 'H1', 'formula': '', 'id': ''}]
[2023-06-02 18:48:59,312] logger_util.py->write_log line:61 [INFO] 文件上传：None
[2023-06-02 18:48:59,837] logger_util.py->write_log line:61 [INFO] 预期结果：[{'equals': {'status_code': 200}}]
[2023-06-02 18:48:59,837] logger_util.py->write_log line:61 [INFO] 实际结果：
[2023-06-02 18:48:59,837] logger_util.py->write_log line:61 [INFO] 接口请求成功！
[2023-06-02 18:48:59,837] logger_util.py->write_log line:61 [INFO] -------------接口请求结束-----------

[2023-06-02 18:48:59,843] logger_util.py->write_log line:61 [INFO] -------------接口请求开始-----------
[2023-06-02 18:48:59,844] logger_util.py->write_log line:61 [INFO] 接口名称：创建聚合表
[2023-06-02 18:48:59,844] logger_util.py->write_log line:61 [INFO] 接口方式：post
[2023-06-02 18:48:59,844] logger_util.py->write_log line:61 [INFO] 接口路径：http://127.0.0.1:18000/api/v1/dataconfig/aggregatetable
[2023-06-02 18:48:59,844] logger_util.py->write_log line:61 [INFO] 请求头：{'Content-Type': 'application/json;charset=UTF-8', 'X-Project': '83d42c5d5ad141bba528b7690b19996e'}
[2023-06-02 18:48:59,844] logger_util.py->write_log line:61 [INFO] 请求参数：{'folderId': '00000000-0000-0000-0000-000000000000', 'name': '聚合表83', 'sort': 3, 'tableId': '5edc5583-21ab-446c-a08a-8cc4df7ab3e3', 'nodeType': 2}
[2023-06-02 18:48:59,844] logger_util.py->write_log line:61 [INFO] 文件上传：None
[2023-06-02 18:49:00,404] logger_util.py->write_log line:61 [INFO] 预期结果：[{'equals': {'status_code': 200}}, {'equals': {'sort': 3}}, {'contains': 'id'}]
[2023-06-02 18:49:00,404] logger_util.py->write_log line:61 [INFO] 实际结果：{'id': '48122a25-32df-4f35-acc2-a33cb0335dfa', 'folderId': '00000000-0000-0000-0000-000000000000', 'relativeTableId': '5edc5583-21ab-446c-a08a-8cc4df7ab3e3', 'relativeType': 2, 'name': '聚合表83', 'sort': 3, 'createDateTime': '2023-06-02T18:48:59.9907556+08:00', 'preConditionType': 0, 'operationTypes': [1, 2, 3, 4], 'functionTypes': [2, 3, 4], 'extendedHeaders': ['记录时间'], 'storageConfig_ScheduledClear': False, 'storageConfig_ClearTriggerTime': None, 'storageConfig_ClearFrequency': 0, 'storageConfig_ClearFrequencyUnit': 0, 'storageConfig_ClearRetain': 0, 'storageConfig_ClearRetainUnit': 0, 'storageConfig_ScheduledBackup': False, 'storageConfig_BackupTriggerTime': None, 'storageConfig_BackupFrequency': 0, 'storageConfig_BackupFrequencyUnit': 0, 'storageConfig_BackupPath': ''}
[2023-06-02 18:49:00,404] logger_util.py->write_log line:61 [INFO] 接口请求成功！
[2023-06-02 18:49:00,404] logger_util.py->write_log line:61 [INFO] -------------接口请求结束-----------

[2023-06-02 18:49:00,414] logger_util.py->write_log line:61 [INFO] -------------接口请求开始-----------
[2023-06-02 18:49:00,414] logger_util.py->write_log line:61 [INFO] 接口名称：通过聚合表获取归档表字段
[2023-06-02 18:49:00,414] logger_util.py->write_log line:61 [INFO] 接口方式：get
[2023-06-02 18:49:00,414] logger_util.py->write_log line:61 [INFO] 接口路径：http://127.0.0.1:18000/api/v1/dataconfig/filingtable/fields/48122a25-32df-4f35-acc2-a33cb0335dfa
[2023-06-02 18:49:00,414] logger_util.py->write_log line:61 [INFO] 请求头：{'Content-Type': 'application/json; =UTF-8', 'X-Project': '83d42c5d5ad141bba528b7690b19996e'}
[2023-06-02 18:49:00,414] logger_util.py->write_log line:61 [INFO] 文件上传：None
[2023-06-02 18:49:00,422] logger_util.py->write_log line:61 [INFO] 预期结果：[{'equals': {'status_code': 200}}]
[2023-06-02 18:49:00,422] logger_util.py->write_log line:61 [INFO] 实际结果：[{'id': 'FTF6d3c1fb9e46c4e849f802ac7db4ad937', 'filingTableId': '5edc5583-21ab-446c-a08a-8cc4df7ab3e3', 'fieldName': '系统时间', 'fieldType': 3, 'associatedVariable': 'DateTime', 'formula': '', 'sort': 1}, {'id': 'FTFcdc779ceffab4a7782fac5af327e2907', 'filingTableId': '5edc5583-21ab-446c-a08a-8cc4df7ab3e3', 'fieldName': '函数时间', 'fieldType': 3, 'associatedVariable': '', 'formula': 'NOW(  )', 'sort': 2}, {'id': 'FTFc859d9b25bb842518b04708dca2dfc85', 'filingTableId': '5edc5583-21ab-446c-a08a-8cc4df7ab3e3', 'fieldName': 'A1', 'fieldType': 1, 'associatedVariable': 'A1', 'formula': '', 'sort': 3}, {'id': 'FTF318f3764534544e8a2b21fba1d2db329', 'filingTableId': '5edc5583-21ab-446c-a08a-8cc4df7ab3e3', 'fieldName': 'B1', 'fieldType': 1, 'associatedVariable': 'B1', 'formula': '', 'sort': 4}, {'id': 'FTF9b6fa6f7a77347ac83b4dfd4fd724ad0', 'filingTableId': '5edc5583-21ab-446c-a08a-8cc4df7ab3e3', 'fieldName': 'G1', 'fieldType': 1, 'associatedVariable': 'G1', 'formula': '', 'sort': 5}, {'id': 'FTFe7e6d20c44fd4be68338c292eaa365e8', 'filingTableId': '5edc5583-21ab-446c-a08a-8cc4df7ab3e3', 'fieldName': 'H1', 'fieldType': 2, 'associatedVariable': 'H1', 'formula': '', 'sort': 6}]
[2023-06-02 18:49:00,422] logger_util.py->write_log line:61 [INFO] 接口请求成功！
[2023-06-02 18:49:00,422] logger_util.py->write_log line:61 [INFO] -------------接口请求结束-----------

[2023-06-02 18:49:00,442] logger_util.py->write_log line:61 [INFO] -------------接口请求开始-----------
[2023-06-02 18:49:00,442] logger_util.py->write_log line:61 [INFO] 接口名称：设置聚合表字段配置
[2023-06-02 18:49:00,442] logger_util.py->write_log line:61 [INFO] 接口方式：put
[2023-06-02 18:49:00,442] logger_util.py->write_log line:61 [INFO] 接口路径：http://127.0.0.1:18000/api/v1/dataconfig/aggregatetable/48122a25-32df-4f35-acc2-a33cb0335dfa/fields
[2023-06-02 18:49:00,442] logger_util.py->write_log line:61 [INFO] 请求头：{'Content-Type': 'application/json;charset=UTF-8', 'X-Project': '83d42c5d5ad141bba528b7690b19996e'}
[2023-06-02 18:49:00,442] logger_util.py->write_log line:61 [INFO] 请求参数：[{'id': 'RandomId_2023-05-28T08:14:21.542Z|r5lcis8', 'fieldName': '系统时间', 'fieldType': 3, 'filingTableFieldId': 'FTF6d3c1fb9e46c4e849f802ac7db4ad937', 'filingTableFieldName': '系统时间', 'formula': '', 'groupType': 1, 'handleType': 1, '_X_ROW_KEY': 'row_1573'}, {'id': 'RandomId_2023-05-28T08:14:21.543Z|rjudvi8', 'fieldName': '函数时间', 'fieldType': 3, 'filingTableFieldId': 'FTFcdc779ceffab4a7782fac5af327e2907', 'filingTableFieldName': '函数时间', 'formula': '', 'groupType': 1, 'handleType': 1, '_X_ROW_KEY': 'row_1574'}, {'id': 'RandomId_2023-05-28T08:14:21.543Z|ptduqqg', 'fieldName': 'A1', 'fieldType': 1, 'filingTableFieldId': 'FTFc859d9b25bb842518b04708dca2dfc85', 'filingTableFieldName': 'A1', 'formula': '', 'groupType': 2, 'handleType': 18, '_X_ROW_KEY': 'row_1575'}, {'id': 'RandomId_2023-05-28T08:14:21.543Z|rbvrmlo', 'fieldName': 'B1', 'fieldType': 1, 'filingTableFieldId': 'FTF318f3764534544e8a2b21fba1d2db329', 'filingTableFieldName': 'B1', 'formula': '', 'groupType': 2, 'handleType': 18, '_X_ROW_KEY': 'row_1576'}, {'id': 'RandomId_2023-05-28T08:14:21.543Z|477rd1g', 'fieldName': 'G1', 'fieldType': 1, 'filingTableFieldId': 'FTF9b6fa6f7a77347ac83b4dfd4fd724ad0', 'filingTableFieldName': 'G1', 'formula': '', 'groupType': 2, 'handleType': 18, '_X_ROW_KEY': 'row_1577'}, {'id': 'RandomId_2023-05-28T08:14:21.543Z|d4oll5o', 'fieldName': 'H1', 'fieldType': 2, 'filingTableFieldId': 'FTFe7e6d20c44fd4be68338c292eaa365e8', 'filingTableFieldName': 'H1', 'formula': '', 'groupType': 1, 'handleType': 9, '_X_ROW_KEY': 'row_1578'}]
[2023-06-02 18:49:00,442] logger_util.py->write_log line:61 [INFO] 文件上传：None
[2023-06-02 18:49:02,219] logger_util.py->write_log line:61 [INFO] 预期结果：[{'equals': {'status_code': 200}}]
[2023-06-02 18:49:02,220] logger_util.py->write_log line:61 [INFO] 实际结果：
[2023-06-02 18:49:02,220] logger_util.py->write_log line:61 [INFO] 接口请求成功！
[2023-06-02 18:49:02,220] logger_util.py->write_log line:61 [INFO] -------------接口请求结束-----------

[2023-06-02 18:49:02,227] logger_util.py->write_log line:61 [INFO] -------------接口请求开始-----------
[2023-06-02 18:49:02,227] logger_util.py->write_log line:61 [INFO] 接口名称：字段配置删除警告
[2023-06-02 18:49:02,227] logger_util.py->write_log line:61 [INFO] 接口方式：post
[2023-06-02 18:49:02,227] logger_util.py->write_log line:61 [INFO] 接口路径：http://127.0.0.1:18000/api/v1/dataconfig/node/field/delewarning
[2023-06-02 18:49:02,227] logger_util.py->write_log line:61 [INFO] 请求头：{'Content-Type': 'application/json;charset=UTF-8', 'X-Project': '83d42c5d5ad141bba528b7690b19996e'}
[2023-06-02 18:49:02,227] logger_util.py->write_log line:61 [INFO] 请求参数：{'fieldIds': ['FTFc859d9b25bb842518b04708dca2dfc85']}
[2023-06-02 18:49:02,227] logger_util.py->write_log line:61 [INFO] 文件上传：None
[2023-06-02 18:49:02,231] logger_util.py->write_log line:61 [INFO] 预期结果：[{'equals': {'status_code': 200}}, {'equals': {'limited': True}}, {'equals': {'msg': '该字段已被关联的聚合表使用，不允许删除'}}]
[2023-06-02 18:49:02,232] logger_util.py->write_log line:61 [INFO] 实际结果：{'limited': True, 'msg': '该字段已被关联的聚合表使用，不允许删除'}
[2023-06-02 18:49:02,232] logger_util.py->write_log line:61 [INFO] 接口请求成功！
[2023-06-02 18:49:02,232] logger_util.py->write_log line:61 [INFO] -------------接口请求结束-----------

[2023-06-02 18:49:02,239] logger_util.py->write_log line:61 [INFO] -------------接口请求开始-----------
[2023-06-02 18:49:02,239] logger_util.py->write_log line:61 [INFO] 接口名称：查询删除警告-文件夹
[2023-06-02 18:49:02,239] logger_util.py->write_log line:61 [INFO] 接口方式：get
[2023-06-02 18:49:02,239] logger_util.py->write_log line:61 [INFO] 接口路径：http://127.0.0.1:18000/api/v1/dataconfig/node/deletewarning/1/9588d992-beba-420d-a843-b157d1e95aab
[2023-06-02 18:49:02,239] logger_util.py->write_log line:61 [INFO] 请求头：{'Content-Type': 'application/json;charset=UTF-8', 'X-Project': '83d42c5d5ad141bba528b7690b19996e'}
[2023-06-02 18:49:02,239] logger_util.py->write_log line:61 [INFO] 文件上传：None
[2023-06-02 18:49:02,245] logger_util.py->write_log line:61 [INFO] 预期结果：[{'equals': {'status_code': 200}}, {'equals': {'popUp': True}}, {'equals': {'msg': '确认后，从列表中删除节点'}}]
[2023-06-02 18:49:02,245] logger_util.py->write_log line:61 [INFO] 实际结果：{'popUp': True, 'msg': '确认后，从列表中删除节点'}
[2023-06-02 18:49:02,245] logger_util.py->write_log line:61 [INFO] 接口请求成功！
[2023-06-02 18:49:02,245] logger_util.py->write_log line:61 [INFO] -------------接口请求结束-----------

[2023-06-02 18:49:02,253] logger_util.py->write_log line:61 [INFO] -------------接口请求开始-----------
[2023-06-02 18:49:02,253] logger_util.py->write_log line:61 [INFO] 接口名称：查询删除警告-归档表
[2023-06-02 18:49:02,253] logger_util.py->write_log line:61 [INFO] 接口方式：get
[2023-06-02 18:49:02,253] logger_util.py->write_log line:61 [INFO] 接口路径：http://127.0.0.1:18000/api/v1/dataconfig/node/deletewarning/2/5edc5583-21ab-446c-a08a-8cc4df7ab3e3
[2023-06-02 18:49:02,253] logger_util.py->write_log line:61 [INFO] 请求头：{'Content-Type': 'application/json;charset=UTF-8', 'X-Project': '83d42c5d5ad141bba528b7690b19996e'}
[2023-06-02 18:49:02,253] logger_util.py->write_log line:61 [INFO] 文件上传：None
[2023-06-02 18:49:02,257] logger_util.py->write_log line:61 [INFO] 预期结果：[{'equals': {'status_code': 200}}, {'equals': {'popUp': True}}, {'equals': {'msg': '删除该节点，将会同步删除有关联关系的数据表，是否确认删除？'}}]
[2023-06-02 18:49:02,258] logger_util.py->write_log line:61 [INFO] 实际结果：{'popUp': True, 'msg': '删除该节点，将会同步删除有关联关系的数据表，是否确认删除？'}
[2023-06-02 18:49:02,258] logger_util.py->write_log line:61 [INFO] 接口请求成功！
[2023-06-02 18:49:02,258] logger_util.py->write_log line:61 [INFO] -------------接口请求结束-----------

[2023-06-02 18:49:02,264] logger_util.py->write_log line:61 [INFO] -------------接口请求开始-----------
[2023-06-02 18:49:02,265] logger_util.py->write_log line:61 [INFO] 接口名称：查询删除警告-聚合表
[2023-06-02 18:49:02,265] logger_util.py->write_log line:61 [INFO] 接口方式：get
[2023-06-02 18:49:02,265] logger_util.py->write_log line:61 [INFO] 接口路径：http://127.0.0.1:18000/api/v1/dataconfig/node/deletewarning/3/48122a25-32df-4f35-acc2-a33cb0335dfa
[2023-06-02 18:49:02,265] logger_util.py->write_log line:61 [INFO] 请求头：{'Content-Type': 'application/json;charset=UTF-8', 'X-Project': '83d42c5d5ad141bba528b7690b19996e'}
[2023-06-02 18:49:02,265] logger_util.py->write_log line:61 [INFO] 文件上传：None
[2023-06-02 18:49:02,269] logger_util.py->write_log line:61 [INFO] 预期结果：[{'equals': {'status_code': 200}}, {'equals': {'popUp': True}}, {'equals': {'msg': '确认后，从列表中删除节点'}}]
[2023-06-02 18:49:02,269] logger_util.py->write_log line:61 [INFO] 实际结果：{'popUp': True, 'msg': '确认后，从列表中删除节点'}
[2023-06-02 18:49:02,269] logger_util.py->write_log line:61 [INFO] 接口请求成功！
[2023-06-02 18:49:02,270] logger_util.py->write_log line:61 [INFO] -------------接口请求结束-----------

[2023-06-02 18:49:02,276] logger_util.py->write_log line:61 [INFO] -------------接口请求开始-----------
[2023-06-02 18:49:02,277] logger_util.py->write_log line:61 [INFO] 接口名称：归档表创建副本
[2023-06-02 18:49:02,277] logger_util.py->write_log line:61 [INFO] 接口方式：post
[2023-06-02 18:49:02,277] logger_util.py->write_log line:61 [INFO] 接口路径：http://127.0.0.1:18000/api/v1/dataconfig/createreplicas
[2023-06-02 18:49:02,277] logger_util.py->write_log line:61 [INFO] 请求头：{'Content-Type': 'application/json;charset=UTF-8', 'X-Project': '83d42c5d5ad141bba528b7690b19996e'}
[2023-06-02 18:49:02,277] logger_util.py->write_log line:61 [INFO] 请求参数：{'copyFromId': '5edc5583-21ab-446c-a08a-8cc4df7ab3e3', 'nodeType': 2}
[2023-06-02 18:49:02,277] logger_util.py->write_log line:61 [INFO] 文件上传：None
[2023-06-02 18:49:03,315] logger_util.py->write_log line:61 [INFO] 预期结果：[{'equals': {'status_code': 200}}]
[2023-06-02 18:49:03,315] logger_util.py->write_log line:61 [INFO] 实际结果：{'id': 'badd1fb9-0a5f-4aa9-86b7-a0945664a487', 'parentId': '00000000-0000-0000-0000-000000000000', 'name': '归档表12-0001', 'nodeType': 2, 'children': [], 'sort': 3, 'operations': [1, 2, 3, 4], 'functions': [1, 2, 3, 4]}
[2023-06-02 18:49:03,315] logger_util.py->write_log line:61 [INFO] 接口请求成功！
[2023-06-02 18:49:03,315] logger_util.py->write_log line:61 [INFO] -------------接口请求结束-----------

[2023-06-02 18:49:03,322] logger_util.py->write_log line:61 [INFO] -------------接口请求开始-----------
[2023-06-02 18:49:03,322] logger_util.py->write_log line:61 [INFO] 接口名称：聚合表创建副本
[2023-06-02 18:49:03,322] logger_util.py->write_log line:61 [INFO] 接口方式：post
[2023-06-02 18:49:03,322] logger_util.py->write_log line:61 [INFO] 接口路径：http://127.0.0.1:18000/api/v1/dataconfig/createreplicas
[2023-06-02 18:49:03,322] logger_util.py->write_log line:61 [INFO] 请求头：{'Content-Type': 'application/json;charset=UTF-8', 'X-Project': '83d42c5d5ad141bba528b7690b19996e'}
[2023-06-02 18:49:03,322] logger_util.py->write_log line:61 [INFO] 请求参数：{'copyFromId': '48122a25-32df-4f35-acc2-a33cb0335dfa', 'nodeType': 3}
[2023-06-02 18:49:03,323] logger_util.py->write_log line:61 [INFO] 文件上传：None
[2023-06-02 18:49:04,492] logger_util.py->write_log line:61 [INFO] 预期结果：[{'equals': {'status_code': 200}}]
[2023-06-02 18:49:04,492] logger_util.py->write_log line:61 [INFO] 实际结果：{'id': 'fbeac6e0-84d3-44d2-a25e-4b4f41487c69', 'parentId': '00000000-0000-0000-0000-000000000000', 'name': '聚合表83-0001', 'nodeType': 3, 'children': [], 'sort': 5, 'operations': [1, 2, 3, 4], 'functions': [2, 3, 4]}
[2023-06-02 18:49:04,492] logger_util.py->write_log line:61 [INFO] 接口请求成功！
[2023-06-02 18:49:04,492] logger_util.py->write_log line:61 [INFO] -------------接口请求结束-----------

[2023-06-02 18:49:04,500] logger_util.py->write_log line:61 [INFO] -------------接口请求开始-----------
[2023-06-02 18:49:04,500] logger_util.py->write_log line:61 [INFO] 接口名称：归档表获取节点信息
[2023-06-02 18:49:04,500] logger_util.py->write_log line:61 [INFO] 接口方式：get
[2023-06-02 18:49:04,500] logger_util.py->write_log line:61 [INFO] 接口路径：http://127.0.0.1:18000/api/v1/dataconfig/node/2/5edc5583-21ab-446c-a08a-8cc4df7ab3e3
[2023-06-02 18:49:04,500] logger_util.py->write_log line:61 [INFO] 请求头：{'Content-Type': 'application/json;charset=UTF-8', 'X-Project': '83d42c5d5ad141bba528b7690b19996e'}
[2023-06-02 18:49:04,500] logger_util.py->write_log line:61 [INFO] 文件上传：None
[2023-06-02 18:49:04,505] logger_util.py->write_log line:61 [INFO] 预期结果：[{'equals': {'status_code': 200}}]
[2023-06-02 18:49:04,505] logger_util.py->write_log line:61 [INFO] 实际结果：{'id': '5edc5583-21ab-446c-a08a-8cc4df7ab3e3', 'folderId': '00000000-0000-0000-0000-000000000000', 'name': '归档表12', 'sort': 2, 'createDateTime': '2023-06-02T18:48:59.0800298', 'cacheConfig_EnableCache': False, 'cacheConfig_QuantityLimit': 0, 'cacheConfig_TimeSpanLimit': 0, 'cacheConfig_TimeSpanLimitUnit': 0, 'cacheConfig_ClearCache': '', 'storageConfig_ScheduledClear': False, 'storageConfig_ClearTriggerTime': '', 'storageConfig_ClearFrequency': 0, 'storageConfig_ClearFrequencyUnit': 0, 'storageConfig_ClearRetain': 0, 'storageConfig_ClearRetainUnit': 0, 'storageConfig_ScheduledBackup': False, 'storageConfig_BackupTriggerTime': '', 'storageConfig_BackupFrequency': 0, 'storageConfig_BackupFrequencyUnit': 0, 'storageConfig_BackupPath': '', 'operationTypes': [1, 2, 3, 4], 'functionTypes': [1, 2, 3, 4]}
[2023-06-02 18:49:04,505] logger_util.py->write_log line:61 [INFO] 接口请求成功！
[2023-06-02 18:49:04,506] logger_util.py->write_log line:61 [INFO] -------------接口请求结束-----------

[2023-06-02 18:49:04,513] logger_util.py->write_log line:61 [INFO] -------------接口请求开始-----------
[2023-06-02 18:49:04,513] logger_util.py->write_log line:61 [INFO] 接口名称：聚合表获取节点信息
[2023-06-02 18:49:04,513] logger_util.py->write_log line:61 [INFO] 接口方式：get
[2023-06-02 18:49:04,513] logger_util.py->write_log line:61 [INFO] 接口路径：http://127.0.0.1:18000/api/v1/dataconfig/node/3/48122a25-32df-4f35-acc2-a33cb0335dfa
[2023-06-02 18:49:04,513] logger_util.py->write_log line:61 [INFO] 请求头：{'Content-Type': 'application/json;charset=UTF-8', 'X-Project': '83d42c5d5ad141bba528b7690b19996e'}
[2023-06-02 18:49:04,513] logger_util.py->write_log line:61 [INFO] 文件上传：None
[2023-06-02 18:49:04,518] logger_util.py->write_log line:61 [INFO] 预期结果：[{'equals': {'status_code': 200}}]
[2023-06-02 18:49:04,518] logger_util.py->write_log line:61 [INFO] 实际结果：{'id': '48122a25-32df-4f35-acc2-a33cb0335dfa', 'folderId': '00000000-0000-0000-0000-000000000000', 'name': '聚合表83', 'sort': 4, 'createDateTime': '2023-06-02T18:48:59.9907556', 'storageConfig_ScheduledClear': False, 'storageConfig_ClearTriggerTime': '', 'storageConfig_ClearFrequency': 0, 'storageConfig_ClearFrequencyUnit': 0, 'storageConfig_ClearRetain': 0, 'storageConfig_ClearRetainUnit': 0, 'storageConfig_ScheduledBackup': False, 'storageConfig_BackupTriggerTime': '', 'storageConfig_BackupFrequency': 0, 'storageConfig_BackupFrequencyUnit': 0, 'storageConfig_BackupPath': '', 'operationTypes': [1, 2, 3, 4], 'functionTypes': [2, 3, 4]}
[2023-06-02 18:49:04,518] logger_util.py->write_log line:61 [INFO] 接口请求成功！
[2023-06-02 18:49:04,518] logger_util.py->write_log line:61 [INFO] -------------接口请求结束-----------

[2023-06-02 18:49:04,526] logger_util.py->write_log line:61 [INFO] -------------接口请求开始-----------
[2023-06-02 18:49:04,526] logger_util.py->write_log line:61 [INFO] 接口名称：系统时间获取字段信息
[2023-06-02 18:49:04,527] logger_util.py->write_log line:61 [INFO] 接口方式：get
[2023-06-02 18:49:04,527] logger_util.py->write_log line:61 [INFO] 接口路径：http://127.0.0.1:18000/api/v1/dataconfig/node/field/FTF6d3c1fb9e46c4e849f802ac7db4ad937
[2023-06-02 18:49:04,527] logger_util.py->write_log line:61 [INFO] 请求头：{'Content-Type': 'application/json;charset=UTF-8', 'X-Project': '83d42c5d5ad141bba528b7690b19996e'}
[2023-06-02 18:49:04,527] logger_util.py->write_log line:61 [INFO] 文件上传：None
[2023-06-02 18:49:04,532] logger_util.py->write_log line:61 [INFO] 预期结果：[{'equals': {'status_code': 200}}]
[2023-06-02 18:49:04,532] logger_util.py->write_log line:61 [INFO] 实际结果：{'id': 'FTF6d3c1fb9e46c4e849f802ac7db4ad937', 'filingTableId': '5edc5583-21ab-446c-a08a-8cc4df7ab3e3', 'fieldName': '系统时间', 'fieldType': 3, 'associatedVariable': 'DateTime', 'formula': '', 'sort': 1}
[2023-06-02 18:49:04,532] logger_util.py->write_log line:61 [INFO] 接口请求成功！
[2023-06-02 18:49:04,532] logger_util.py->write_log line:61 [INFO] -------------接口请求结束-----------

[2023-06-02 18:49:04,539] logger_util.py->write_log line:61 [INFO] -------------接口请求开始-----------
[2023-06-02 18:49:04,539] logger_util.py->write_log line:61 [INFO] 接口名称：函数时间获取字段信息
[2023-06-02 18:49:04,539] logger_util.py->write_log line:61 [INFO] 接口方式：get
[2023-06-02 18:49:04,539] logger_util.py->write_log line:61 [INFO] 接口路径：http://127.0.0.1:18000/api/v1/dataconfig/node/field/FTFcdc779ceffab4a7782fac5af327e2907
[2023-06-02 18:49:04,539] logger_util.py->write_log line:61 [INFO] 请求头：{'Content-Type': 'application/json;charset=UTF-8', 'X-Project': '83d42c5d5ad141bba528b7690b19996e'}
[2023-06-02 18:49:04,539] logger_util.py->write_log line:61 [INFO] 文件上传：None
[2023-06-02 18:49:04,544] logger_util.py->write_log line:61 [INFO] 预期结果：[{'equals': {'status_code': 200}}]
[2023-06-02 18:49:04,544] logger_util.py->write_log line:61 [INFO] 实际结果：{'id': 'FTFcdc779ceffab4a7782fac5af327e2907', 'filingTableId': '5edc5583-21ab-446c-a08a-8cc4df7ab3e3', 'fieldName': '函数时间', 'fieldType': 3, 'associatedVariable': '', 'formula': 'NOW(  )', 'sort': 2}
[2023-06-02 18:49:04,544] logger_util.py->write_log line:61 [INFO] 接口请求成功！
[2023-06-02 18:49:04,544] logger_util.py->write_log line:61 [INFO] -------------接口请求结束-----------

[2023-06-02 18:49:04,551] logger_util.py->write_log line:61 [INFO] -------------接口请求开始-----------
[2023-06-02 18:49:04,551] logger_util.py->write_log line:61 [INFO] 接口名称：整型A1获取字段信息
[2023-06-02 18:49:04,551] logger_util.py->write_log line:61 [INFO] 接口方式：get
[2023-06-02 18:49:04,551] logger_util.py->write_log line:61 [INFO] 接口路径：http://127.0.0.1:18000/api/v1/dataconfig/node/field/FTFc859d9b25bb842518b04708dca2dfc85
[2023-06-02 18:49:04,551] logger_util.py->write_log line:61 [INFO] 请求头：{'Content-Type': 'application/json;charset=UTF-8', 'X-Project': '83d42c5d5ad141bba528b7690b19996e'}
[2023-06-02 18:49:04,551] logger_util.py->write_log line:61 [INFO] 文件上传：None
[2023-06-02 18:49:04,556] logger_util.py->write_log line:61 [INFO] 预期结果：[{'equals': {'status_code': 200}}]
[2023-06-02 18:49:04,556] logger_util.py->write_log line:61 [INFO] 实际结果：{'id': 'FTFc859d9b25bb842518b04708dca2dfc85', 'filingTableId': '5edc5583-21ab-446c-a08a-8cc4df7ab3e3', 'fieldName': 'A1', 'fieldType': 1, 'associatedVariable': 'A1', 'formula': '', 'sort': 3}
[2023-06-02 18:49:04,556] logger_util.py->write_log line:61 [INFO] 接口请求成功！
[2023-06-02 18:49:04,556] logger_util.py->write_log line:61 [INFO] -------------接口请求结束-----------

[2023-06-02 18:49:04,564] logger_util.py->write_log line:61 [INFO] -------------接口请求开始-----------
[2023-06-02 18:49:04,564] logger_util.py->write_log line:61 [INFO] 接口名称：浮点型B1获取字段信息
[2023-06-02 18:49:04,564] logger_util.py->write_log line:61 [INFO] 接口方式：get
[2023-06-02 18:49:04,564] logger_util.py->write_log line:61 [INFO] 接口路径：http://127.0.0.1:18000/api/v1/dataconfig/node/field/FTF318f3764534544e8a2b21fba1d2db329
[2023-06-02 18:49:04,564] logger_util.py->write_log line:61 [INFO] 请求头：{'Content-Type': 'application/json;charset=UTF-8', 'X-Project': '83d42c5d5ad141bba528b7690b19996e'}
[2023-06-02 18:49:04,564] logger_util.py->write_log line:61 [INFO] 文件上传：None
[2023-06-02 18:49:04,568] logger_util.py->write_log line:61 [INFO] 预期结果：[{'equals': {'status_code': 200}}]
[2023-06-02 18:49:04,568] logger_util.py->write_log line:61 [INFO] 实际结果：{'id': 'FTF318f3764534544e8a2b21fba1d2db329', 'filingTableId': '5edc5583-21ab-446c-a08a-8cc4df7ab3e3', 'fieldName': 'B1', 'fieldType': 1, 'associatedVariable': 'B1', 'formula': '', 'sort': 4}
[2023-06-02 18:49:04,568] logger_util.py->write_log line:61 [INFO] 接口请求成功！
[2023-06-02 18:49:04,568] logger_util.py->write_log line:61 [INFO] -------------接口请求结束-----------

[2023-06-02 18:49:04,575] logger_util.py->write_log line:61 [INFO] -------------接口请求开始-----------
[2023-06-02 18:49:04,576] logger_util.py->write_log line:61 [INFO] 接口名称：二进制G1获取字段信息
[2023-06-02 18:49:04,576] logger_util.py->write_log line:61 [INFO] 接口方式：get
[2023-06-02 18:49:04,576] logger_util.py->write_log line:61 [INFO] 接口路径：http://127.0.0.1:18000/api/v1/dataconfig/node/field/FTF9b6fa6f7a77347ac83b4dfd4fd724ad0
[2023-06-02 18:49:04,576] logger_util.py->write_log line:61 [INFO] 请求头：{'Content-Type': 'application/json;charset=UTF-8', 'X-Project': '83d42c5d5ad141bba528b7690b19996e'}
[2023-06-02 18:49:04,576] logger_util.py->write_log line:61 [INFO] 文件上传：None
[2023-06-02 18:49:04,580] logger_util.py->write_log line:61 [INFO] 预期结果：[{'equals': {'status_code': 200}}]
[2023-06-02 18:49:04,580] logger_util.py->write_log line:61 [INFO] 实际结果：{'id': 'FTF9b6fa6f7a77347ac83b4dfd4fd724ad0', 'filingTableId': '5edc5583-21ab-446c-a08a-8cc4df7ab3e3', 'fieldName': 'G1', 'fieldType': 1, 'associatedVariable': 'G1', 'formula': '', 'sort': 5}
[2023-06-02 18:49:04,580] logger_util.py->write_log line:61 [INFO] 接口请求成功！
[2023-06-02 18:49:04,580] logger_util.py->write_log line:61 [INFO] -------------接口请求结束-----------

[2023-06-02 18:49:04,587] logger_util.py->write_log line:61 [INFO] -------------接口请求开始-----------
[2023-06-02 18:49:04,587] logger_util.py->write_log line:61 [INFO] 接口名称：字符串H1获取字段信息
[2023-06-02 18:49:04,587] logger_util.py->write_log line:61 [INFO] 接口方式：get
[2023-06-02 18:49:04,587] logger_util.py->write_log line:61 [INFO] 接口路径：http://127.0.0.1:18000/api/v1/dataconfig/node/field/FTFe7e6d20c44fd4be68338c292eaa365e8
[2023-06-02 18:49:04,587] logger_util.py->write_log line:61 [INFO] 请求头：{'Content-Type': 'application/json;charset=UTF-8', 'X-Project': '83d42c5d5ad141bba528b7690b19996e'}
[2023-06-02 18:49:04,587] logger_util.py->write_log line:61 [INFO] 文件上传：None
[2023-06-02 18:49:04,592] logger_util.py->write_log line:61 [INFO] 预期结果：[{'equals': {'status_code': 200}}]
[2023-06-02 18:49:04,592] logger_util.py->write_log line:61 [INFO] 实际结果：{'id': 'FTFe7e6d20c44fd4be68338c292eaa365e8', 'filingTableId': '5edc5583-21ab-446c-a08a-8cc4df7ab3e3', 'fieldName': 'H1', 'fieldType': 2, 'associatedVariable': 'H1', 'formula': '', 'sort': 6}
[2023-06-02 18:49:04,592] logger_util.py->write_log line:61 [INFO] 接口请求成功！
[2023-06-02 18:49:04,593] logger_util.py->write_log line:61 [INFO] -------------接口请求结束-----------

[2023-06-02 18:49:04,600] logger_util.py->write_log line:61 [INFO] -------------接口请求开始-----------
[2023-06-02 18:49:04,600] logger_util.py->write_log line:61 [INFO] 接口名称：归档表排序到1
[2023-06-02 18:49:04,600] logger_util.py->write_log line:61 [INFO] 接口方式：put
[2023-06-02 18:49:04,600] logger_util.py->write_log line:61 [INFO] 接口路径：http://127.0.0.1:18000/api/v1/dataconfig/node/sort/2/5edc5583-21ab-446c-a08a-8cc4df7ab3e3/1
[2023-06-02 18:49:04,600] logger_util.py->write_log line:61 [INFO] 请求头：{'Content-Type': 'application/json;charset=UTF-8', 'X-Project': '83d42c5d5ad141bba528b7690b19996e'}
[2023-06-02 18:49:04,601] logger_util.py->write_log line:61 [INFO] 文件上传：None
[2023-06-02 18:49:04,808] logger_util.py->write_log line:61 [INFO] 预期结果：[{'equals': {'status_code': 200}}]
[2023-06-02 18:49:04,808] logger_util.py->write_log line:61 [INFO] 实际结果：
[2023-06-02 18:49:04,808] logger_util.py->write_log line:61 [INFO] 接口请求成功！
[2023-06-02 18:49:04,808] logger_util.py->write_log line:61 [INFO] -------------接口请求结束-----------

[2023-06-02 18:49:04,815] logger_util.py->write_log line:61 [INFO] -------------接口请求开始-----------
[2023-06-02 18:49:04,815] logger_util.py->write_log line:61 [INFO] 接口名称：聚合表排序到2
[2023-06-02 18:49:04,815] logger_util.py->write_log line:61 [INFO] 接口方式：put
[2023-06-02 18:49:04,815] logger_util.py->write_log line:61 [INFO] 接口路径：http://127.0.0.1:18000/api/v1/dataconfig/node/sort/3/48122a25-32df-4f35-acc2-a33cb0335dfa/2
[2023-06-02 18:49:04,815] logger_util.py->write_log line:61 [INFO] 请求头：{'Content-Type': 'application/json;charset=UTF-8', 'X-Project': '83d42c5d5ad141bba528b7690b19996e'}
[2023-06-02 18:49:04,815] logger_util.py->write_log line:61 [INFO] 文件上传：None
[2023-06-02 18:49:05,154] logger_util.py->write_log line:61 [INFO] 预期结果：[{'equals': {'status_code': 200}}]
[2023-06-02 18:49:05,154] logger_util.py->write_log line:61 [INFO] 实际结果：
[2023-06-02 18:49:05,154] logger_util.py->write_log line:61 [INFO] 接口请求成功！
[2023-06-02 18:49:05,154] logger_util.py->write_log line:61 [INFO] -------------接口请求结束-----------

[2023-06-02 18:49:05,160] logger_util.py->write_log line:61 [INFO] -------------接口请求开始-----------
[2023-06-02 18:49:05,161] logger_util.py->write_log line:61 [INFO] 接口名称：文件夹排序到3
[2023-06-02 18:49:05,161] logger_util.py->write_log line:61 [INFO] 接口方式：put
[2023-06-02 18:49:05,161] logger_util.py->write_log line:61 [INFO] 接口路径：http://127.0.0.1:18000/api/v1/dataconfig/node/sort/1/9588d992-beba-420d-a843-b157d1e95aab/3
[2023-06-02 18:49:05,161] logger_util.py->write_log line:61 [INFO] 请求头：{'Content-Type': 'application/json;charset=UTF-8', 'X-Project': '83d42c5d5ad141bba528b7690b19996e'}
[2023-06-02 18:49:05,161] logger_util.py->write_log line:61 [INFO] 文件上传：None
[2023-06-02 18:49:05,373] logger_util.py->write_log line:61 [INFO] 预期结果：[{'equals': {'status_code': 200}}]
[2023-06-02 18:49:05,373] logger_util.py->write_log line:61 [INFO] 实际结果：
[2023-06-02 18:49:05,373] logger_util.py->write_log line:61 [INFO] 接口请求成功！
[2023-06-02 18:49:05,373] logger_util.py->write_log line:61 [INFO] -------------接口请求结束-----------

[2023-06-02 18:49:05,380] logger_util.py->error_log line:65 [INFO] 发送请求异常：异常信息: Traceback (most recent call last):
  File "E:\Project_python\2TestCMS2.0\common\requests_util.py", line 309, in send_request
    self.base_url = self.replace_load(self.base_url) + self.replace_load(url)
  File "E:\Project_python\2TestCMS2.0\common\requests_util.py", line 149, in replace_load
    args_value = old_value[old_value.index('(') + 1:old_value.index(')')]
ValueError: substring not found

[2023-06-02 18:49:05,381] logger_util.py->error_log line:65 [INFO] 分析YAML文件异常：异常信息: Traceback (most recent call last):
  File "E:\Project_python\2TestCMS2.0\common\requests_util.py", line 309, in send_request
    self.base_url = self.replace_load(self.base_url) + self.replace_load(url)
  File "E:\Project_python\2TestCMS2.0\common\requests_util.py", line 149, in replace_load
    args_value = old_value[old_value.index('(') + 1:old_value.index(')')]
ValueError: substring not found

During handling of the above exception, another exception occurred:

Traceback (most recent call last):
  File "E:\Project_python\2TestCMS2.0\common\requests_util.py", line 197, in analysis_yaml
    res = self.send_request(name =name,method=method,
  File "E:\Project_python\2TestCMS2.0\common\requests_util.py", line 338, in send_request
    error_log("发送请求异常：异常信息: %s" % str(traceback.format_exc()))
  File "E:\Project_python\2TestCMS2.0\common\logger_util.py", line 66, in error_log
    raise Exception(log_message)
Exception: 发送请求异常：异常信息: Traceback (most recent call last):
  File "E:\Project_python\2TestCMS2.0\common\requests_util.py", line 309, in send_request
    self.base_url = self.replace_load(self.base_url) + self.replace_load(url)
  File "E:\Project_python\2TestCMS2.0\common\requests_util.py", line 149, in replace_load
    args_value = old_value[old_value.index('(') + 1:old_value.index(')')]
ValueError: substring not found


[2023-06-02 18:49:05,480] logger_util.py->error_log line:65 [INFO] 发送请求异常：异常信息: Traceback (most recent call last):
  File "E:\Project_python\2TestCMS2.0\common\requests_util.py", line 309, in send_request
    self.base_url = self.replace_load(self.base_url) + self.replace_load(url)
  File "E:\Project_python\2TestCMS2.0\common\requests_util.py", line 149, in replace_load
    args_value = old_value[old_value.index('(') + 1:old_value.index(')')]
ValueError: substring not found

[2023-06-02 18:49:05,481] logger_util.py->error_log line:65 [INFO] 分析YAML文件异常：异常信息: Traceback (most recent call last):
  File "E:\Project_python\2TestCMS2.0\common\requests_util.py", line 309, in send_request
    self.base_url = self.replace_load(self.base_url) + self.replace_load(url)
  File "E:\Project_python\2TestCMS2.0\common\requests_util.py", line 149, in replace_load
    args_value = old_value[old_value.index('(') + 1:old_value.index(')')]
ValueError: substring not found

During handling of the above exception, another exception occurred:

Traceback (most recent call last):
  File "E:\Project_python\2TestCMS2.0\common\requests_util.py", line 197, in analysis_yaml
    res = self.send_request(name =name,method=method,
  File "E:\Project_python\2TestCMS2.0\common\requests_util.py", line 338, in send_request
    error_log("发送请求异常：异常信息: %s" % str(traceback.format_exc()))
  File "E:\Project_python\2TestCMS2.0\common\logger_util.py", line 66, in error_log
    raise Exception(log_message)
Exception: 发送请求异常：异常信息: Traceback (most recent call last):
  File "E:\Project_python\2TestCMS2.0\common\requests_util.py", line 309, in send_request
    self.base_url = self.replace_load(self.base_url) + self.replace_load(url)
  File "E:\Project_python\2TestCMS2.0\common\requests_util.py", line 149, in replace_load
    args_value = old_value[old_value.index('(') + 1:old_value.index(')')]
ValueError: substring not found


[2023-06-02 18:49:05,525] logger_util.py->error_log line:65 [INFO] 发送请求异常：异常信息: Traceback (most recent call last):
  File "E:\Project_python\2TestCMS2.0\common\requests_util.py", line 309, in send_request
    self.base_url = self.replace_load(self.base_url) + self.replace_load(url)
  File "E:\Project_python\2TestCMS2.0\common\requests_util.py", line 149, in replace_load
    args_value = old_value[old_value.index('(') + 1:old_value.index(')')]
ValueError: substring not found

[2023-06-02 18:49:05,525] logger_util.py->error_log line:65 [INFO] 分析YAML文件异常：异常信息: Traceback (most recent call last):
  File "E:\Project_python\2TestCMS2.0\common\requests_util.py", line 309, in send_request
    self.base_url = self.replace_load(self.base_url) + self.replace_load(url)
  File "E:\Project_python\2TestCMS2.0\common\requests_util.py", line 149, in replace_load
    args_value = old_value[old_value.index('(') + 1:old_value.index(')')]
ValueError: substring not found

During handling of the above exception, another exception occurred:

Traceback (most recent call last):
  File "E:\Project_python\2TestCMS2.0\common\requests_util.py", line 197, in analysis_yaml
    res = self.send_request(name =name,method=method,
  File "E:\Project_python\2TestCMS2.0\common\requests_util.py", line 338, in send_request
    error_log("发送请求异常：异常信息: %s" % str(traceback.format_exc()))
  File "E:\Project_python\2TestCMS2.0\common\logger_util.py", line 66, in error_log
    raise Exception(log_message)
Exception: 发送请求异常：异常信息: Traceback (most recent call last):
  File "E:\Project_python\2TestCMS2.0\common\requests_util.py", line 309, in send_request
    self.base_url = self.replace_load(self.base_url) + self.replace_load(url)
  File "E:\Project_python\2TestCMS2.0\common\requests_util.py", line 149, in replace_load
    args_value = old_value[old_value.index('(') + 1:old_value.index(')')]
ValueError: substring not found


