[2023-08-08 14:57:20,190] logger_util.py->write_log line:61 [INFO] -------------接口请求开始-----------
[2023-08-08 14:57:20,190] logger_util.py->write_log line:61 [INFO] 接口名称：modbus协议下发-保存寄存器有符号8位整型
[2023-08-08 14:57:20,190] logger_util.py->write_log line:61 [INFO] 接口方式：post
[2023-08-08 14:57:20,190] logger_util.py->write_log line:61 [INFO] 接口路径：http://127.0.0.1:6700/v1/cms/io/write
[2023-08-08 14:57:20,190] logger_util.py->write_log line:61 [INFO] 请求头：{'Content-Type': 'application/json'}
[2023-08-08 14:57:20,190] logger_util.py->write_log line:61 [INFO] 请求参数：{'tagDatas': {'MOD_SINT1': '-11'}}
[2023-08-08 14:57:20,191] logger_util.py->write_log line:61 [INFO] 文件上传：None
[2023-08-08 14:57:20,280] logger_util.py->write_log line:61 [INFO] 预期结果：[{'equals': {'status_code': 200}}, {'equals': {'msg': 'All write successfully'}}]
[2023-08-08 14:57:20,281] logger_util.py->write_log line:61 [INFO] 实际结果：{'body': {'code': 0, 'msg': 'All write successfully', 'tagResults': {'MOD_SINT1': 0}, 'traceId': 'A9733A0E-E2EA-44B7-8F76-60256AE7EBF3'}, 'header': {'code': 0, 'cur_module': 'siot', 'msg': 'All write successfully', 'timespend': 86, 'tracelist': [{'code': 0, 'module': 'siot', 'msg': 'All write successfully', 'submodule_timespend': {'api': 86, 'control': 86, 'driver': 16}, 'timespend': 86}]}}
[2023-08-08 14:57:20,281] logger_util.py->write_log line:61 [INFO] 接口请求成功！
[2023-08-08 14:57:20,281] logger_util.py->write_log line:61 [INFO] -------------接口请求结束-----------

[2023-08-08 14:57:20,286] logger_util.py->write_log line:61 [INFO] -------------接口请求开始-----------
[2023-08-08 14:57:20,286] logger_util.py->write_log line:61 [INFO] 接口名称：modbus协议下发-保存寄存器有符号16位整型
[2023-08-08 14:57:20,286] logger_util.py->write_log line:61 [INFO] 接口方式：post
[2023-08-08 14:57:20,286] logger_util.py->write_log line:61 [INFO] 接口路径：http://127.0.0.1:6700/v1/cms/io/write
[2023-08-08 14:57:20,286] logger_util.py->write_log line:61 [INFO] 请求头：{'Content-Type': 'application/json'}
[2023-08-08 14:57:20,287] logger_util.py->write_log line:61 [INFO] 请求参数：{'tagDatas': {'MOD_INT1': '22'}}
[2023-08-08 14:57:20,287] logger_util.py->write_log line:61 [INFO] 文件上传：None
[2023-08-08 14:57:20,327] logger_util.py->write_log line:61 [INFO] 预期结果：[{'equals': {'status_code': 200}}, {'equals': {'msg': 'All write successfully'}}]
[2023-08-08 14:57:20,328] logger_util.py->write_log line:61 [INFO] 实际结果：{'body': {'code': 0, 'msg': 'All write successfully', 'tagResults': {'MOD_INT1': 0}, 'traceId': '91232E20-28EE-484F-84A2-1B41DEE6F4C3'}, 'header': {'code': 0, 'cur_module': 'siot', 'msg': 'All write successfully', 'timespend': 39, 'tracelist': [{'code': 0, 'module': 'siot', 'msg': 'All write successfully', 'submodule_timespend': {'api': 39, 'control': 39, 'driver': 8}, 'timespend': 39}]}}
[2023-08-08 14:57:20,328] logger_util.py->write_log line:61 [INFO] 接口请求成功！
[2023-08-08 14:57:20,328] logger_util.py->write_log line:61 [INFO] -------------接口请求结束-----------

[2023-08-08 14:57:20,332] logger_util.py->write_log line:61 [INFO] -------------接口请求开始-----------
[2023-08-08 14:57:20,332] logger_util.py->write_log line:61 [INFO] 接口名称：modbus协议下发-保存寄存器有符号32位整型
[2023-08-08 14:57:20,332] logger_util.py->write_log line:61 [INFO] 接口方式：post
[2023-08-08 14:57:20,332] logger_util.py->write_log line:61 [INFO] 接口路径：http://127.0.0.1:6700/v1/cms/io/write
[2023-08-08 14:57:20,332] logger_util.py->write_log line:61 [INFO] 请求头：{'Content-Type': 'application/json'}
[2023-08-08 14:57:20,332] logger_util.py->write_log line:61 [INFO] 请求参数：{'tagDatas': {'MOD_DINT1': '33'}}
[2023-08-08 14:57:20,333] logger_util.py->write_log line:61 [INFO] 文件上传：None
[2023-08-08 14:57:20,375] logger_util.py->write_log line:61 [INFO] 预期结果：[{'equals': {'status_code': 200}}, {'equals': {'msg': 'All write successfully'}}]
[2023-08-08 14:57:20,376] logger_util.py->write_log line:61 [INFO] 实际结果：{'body': {'code': 0, 'msg': 'All write successfully', 'tagResults': {'MOD_DINT1': 0}, 'traceId': '1643FB50-18EB-4DAB-96E5-6A85E685BEF2'}, 'header': {'code': 0, 'cur_module': 'siot', 'msg': 'All write successfully', 'timespend': 41, 'tracelist': [{'code': 0, 'module': 'siot', 'msg': 'All write successfully', 'submodule_timespend': {'api': 41, 'control': 41, 'driver': 9}, 'timespend': 41}]}}
[2023-08-08 14:57:20,376] logger_util.py->write_log line:61 [INFO] 接口请求成功！
[2023-08-08 14:57:20,376] logger_util.py->write_log line:61 [INFO] -------------接口请求结束-----------

[2023-08-08 14:57:20,380] logger_util.py->write_log line:61 [INFO] -------------接口请求开始-----------
[2023-08-08 14:57:20,380] logger_util.py->write_log line:61 [INFO] 接口名称：modbus协议下发-保存寄存器无符号8位整型
[2023-08-08 14:57:20,380] logger_util.py->write_log line:61 [INFO] 接口方式：post
[2023-08-08 14:57:20,380] logger_util.py->write_log line:61 [INFO] 接口路径：http://127.0.0.1:6700/v1/cms/io/write
[2023-08-08 14:57:20,380] logger_util.py->write_log line:61 [INFO] 请求头：{'Content-Type': 'application/json'}
[2023-08-08 14:57:20,380] logger_util.py->write_log line:61 [INFO] 请求参数：{'tagDatas': {'MOD_USINT1': '44'}}
[2023-08-08 14:57:20,380] logger_util.py->write_log line:61 [INFO] 文件上传：None
[2023-08-08 14:57:20,454] logger_util.py->write_log line:61 [INFO] 预期结果：[{'equals': {'status_code': 200}}, {'equals': {'msg': 'All write successfully'}}]
[2023-08-08 14:57:20,455] logger_util.py->write_log line:61 [INFO] 实际结果：{'body': {'code': 0, 'msg': 'All write successfully', 'tagResults': {'MOD_USINT1': 0}, 'traceId': '2981FE58-BBB8-4B68-BA39-F227AC721210'}, 'header': {'code': 0, 'cur_module': 'siot', 'msg': 'All write successfully', 'timespend': 72, 'tracelist': [{'code': 0, 'module': 'siot', 'msg': 'All write successfully', 'submodule_timespend': {'api': 72, 'control': 72, 'driver': 15}, 'timespend': 72}]}}
[2023-08-08 14:57:20,455] logger_util.py->write_log line:61 [INFO] 接口请求成功！
[2023-08-08 14:57:20,455] logger_util.py->write_log line:61 [INFO] -------------接口请求结束-----------

[2023-08-08 14:57:20,459] logger_util.py->write_log line:61 [INFO] -------------接口请求开始-----------
[2023-08-08 14:57:20,459] logger_util.py->write_log line:61 [INFO] 接口名称：modbus协议下发-保存寄存器无符号16位整型
[2023-08-08 14:57:20,459] logger_util.py->write_log line:61 [INFO] 接口方式：post
[2023-08-08 14:57:20,459] logger_util.py->write_log line:61 [INFO] 接口路径：http://127.0.0.1:6700/v1/cms/io/write
[2023-08-08 14:57:20,459] logger_util.py->write_log line:61 [INFO] 请求头：{'Content-Type': 'application/json'}
[2023-08-08 14:57:20,459] logger_util.py->write_log line:61 [INFO] 请求参数：{'tagDatas': {'MOD_UINT1': '55'}}
[2023-08-08 14:57:20,459] logger_util.py->write_log line:61 [INFO] 文件上传：None
[2023-08-08 14:57:20,502] logger_util.py->write_log line:61 [INFO] 预期结果：[{'equals': {'status_code': 200}}, {'equals': {'msg': 'All write successfully'}}]
[2023-08-08 14:57:20,503] logger_util.py->write_log line:61 [INFO] 实际结果：{'body': {'code': 0, 'msg': 'All write successfully', 'tagResults': {'MOD_UINT1': 0}, 'traceId': '39B2F993-165E-45F5-86AE-F29A4F6BCE89'}, 'header': {'code': 0, 'cur_module': 'siot', 'msg': 'All write successfully', 'timespend': 41, 'tracelist': [{'code': 0, 'module': 'siot', 'msg': 'All write successfully', 'submodule_timespend': {'api': 41, 'control': 41, 'driver': 9}, 'timespend': 41}]}}
[2023-08-08 14:57:20,503] logger_util.py->write_log line:61 [INFO] 接口请求成功！
[2023-08-08 14:57:20,503] logger_util.py->write_log line:61 [INFO] -------------接口请求结束-----------

[2023-08-08 14:57:20,509] logger_util.py->write_log line:61 [INFO] -------------接口请求开始-----------
[2023-08-08 14:57:20,509] logger_util.py->write_log line:61 [INFO] 接口名称：modbus协议下发-保存寄存器无符号32位整型
[2023-08-08 14:57:20,509] logger_util.py->write_log line:61 [INFO] 接口方式：post
[2023-08-08 14:57:20,510] logger_util.py->write_log line:61 [INFO] 接口路径：http://127.0.0.1:6700/v1/cms/io/write
[2023-08-08 14:57:20,510] logger_util.py->write_log line:61 [INFO] 请求头：{'Content-Type': 'application/json'}
[2023-08-08 14:57:20,510] logger_util.py->write_log line:61 [INFO] 请求参数：{'tagDatas': {'MOD_UDINT1': '66'}}
[2023-08-08 14:57:20,510] logger_util.py->write_log line:61 [INFO] 文件上传：None
[2023-08-08 14:57:20,565] logger_util.py->write_log line:61 [INFO] 预期结果：[{'equals': {'status_code': 200}}, {'equals': {'msg': 'All write successfully'}}]
[2023-08-08 14:57:20,566] logger_util.py->write_log line:61 [INFO] 实际结果：{'body': {'code': 0, 'msg': 'All write successfully', 'tagResults': {'MOD_UDINT1': 0}, 'traceId': '4FE0B1C3-7C3A-4001-86DF-347CE9A03AF0'}, 'header': {'code': 0, 'cur_module': 'siot', 'msg': 'All write successfully', 'timespend': 53, 'tracelist': [{'code': 0, 'module': 'siot', 'msg': 'All write successfully', 'submodule_timespend': {'api': 53, 'control': 53, 'driver': 16}, 'timespend': 53}]}}
[2023-08-08 14:57:20,566] logger_util.py->write_log line:61 [INFO] 接口请求成功！
[2023-08-08 14:57:20,566] logger_util.py->write_log line:61 [INFO] -------------接口请求结束-----------

[2023-08-08 14:57:20,571] logger_util.py->write_log line:61 [INFO] -------------接口请求开始-----------
[2023-08-08 14:57:20,571] logger_util.py->write_log line:61 [INFO] 接口名称：modbus协议下发-保存寄存器F32位浮点数IEEE754
[2023-08-08 14:57:20,571] logger_util.py->write_log line:61 [INFO] 接口方式：post
[2023-08-08 14:57:20,571] logger_util.py->write_log line:61 [INFO] 接口路径：http://127.0.0.1:6700/v1/cms/io/write
[2023-08-08 14:57:20,571] logger_util.py->write_log line:61 [INFO] 请求头：{'Content-Type': 'application/json'}
[2023-08-08 14:57:20,571] logger_util.py->write_log line:61 [INFO] 请求参数：{'tagDatas': {'MOD_REAL1': '77.456'}}
[2023-08-08 14:57:20,571] logger_util.py->write_log line:61 [INFO] 文件上传：None
[2023-08-08 14:57:20,613] logger_util.py->write_log line:61 [INFO] 预期结果：[{'equals': {'status_code': 200}}, {'equals': {'msg': 'All write successfully'}}]
[2023-08-08 14:57:20,614] logger_util.py->write_log line:61 [INFO] 实际结果：{'body': {'code': 0, 'msg': 'All write successfully', 'tagResults': {'MOD_REAL1': 0}, 'traceId': 'C4D6C2D9-A1E2-4407-B7B2-241C018F564D'}, 'header': {'code': 0, 'cur_module': 'siot', 'msg': 'All write successfully', 'timespend': 40, 'tracelist': [{'code': 0, 'module': 'siot', 'msg': 'All write successfully', 'submodule_timespend': {'api': 40, 'control': 40, 'driver': 8}, 'timespend': 40}]}}
[2023-08-08 14:57:20,614] logger_util.py->write_log line:61 [INFO] 接口请求成功！
[2023-08-08 14:57:20,614] logger_util.py->write_log line:61 [INFO] -------------接口请求结束-----------

[2023-08-08 14:57:20,618] logger_util.py->write_log line:61 [INFO] -------------接口请求开始-----------
[2023-08-08 14:57:20,618] logger_util.py->write_log line:61 [INFO] 接口名称：modbus协议下发-保存寄存器二进制变量1
[2023-08-08 14:57:20,619] logger_util.py->write_log line:61 [INFO] 接口方式：post
[2023-08-08 14:57:20,619] logger_util.py->write_log line:61 [INFO] 接口路径：http://127.0.0.1:6700/v1/cms/io/write
[2023-08-08 14:57:20,619] logger_util.py->write_log line:61 [INFO] 请求头：{'Content-Type': 'application/json'}
[2023-08-08 14:57:20,619] logger_util.py->write_log line:61 [INFO] 请求参数：{'tagDatas': {'MOD_BOOL1': '1'}}
[2023-08-08 14:57:20,619] logger_util.py->write_log line:61 [INFO] 文件上传：None
[2023-08-08 14:57:20,677] logger_util.py->write_log line:61 [INFO] 预期结果：[{'equals': {'status_code': 200}}, {'equals': {'msg': 'All write successfully'}}]
[2023-08-08 14:57:20,678] logger_util.py->write_log line:61 [INFO] 实际结果：{'body': {'code': 0, 'msg': 'All write successfully', 'tagResults': {'MOD_BOOL1': 0}, 'traceId': '4B2177E6-4214-4EC6-8DDB-C66544120A5D'}, 'header': {'code': 0, 'cur_module': 'siot', 'msg': 'All write successfully', 'timespend': 57, 'tracelist': [{'code': 0, 'module': 'siot', 'msg': 'All write successfully', 'submodule_timespend': {'api': 57, 'control': 57, 'driver': 16}, 'timespend': 57}]}}
[2023-08-08 14:57:20,678] logger_util.py->write_log line:61 [INFO] 接口请求成功！
[2023-08-08 14:57:20,678] logger_util.py->write_log line:61 [INFO] -------------接口请求结束-----------

[2023-08-08 14:57:20,682] logger_util.py->write_log line:61 [INFO] -------------接口请求开始-----------
[2023-08-08 14:57:20,682] logger_util.py->write_log line:61 [INFO] 接口名称：modbus协议下发-保存寄存器二进制变量2
[2023-08-08 14:57:20,682] logger_util.py->write_log line:61 [INFO] 接口方式：post
[2023-08-08 14:57:20,682] logger_util.py->write_log line:61 [INFO] 接口路径：http://127.0.0.1:6700/v1/cms/io/write
[2023-08-08 14:57:20,682] logger_util.py->write_log line:61 [INFO] 请求头：{'Content-Type': 'application/json'}
[2023-08-08 14:57:20,683] logger_util.py->write_log line:61 [INFO] 请求参数：{'tagDatas': {'MOD_BOOL2': '0'}}
[2023-08-08 14:57:20,683] logger_util.py->write_log line:61 [INFO] 文件上传：None
[2023-08-08 14:57:20,771] logger_util.py->write_log line:61 [INFO] 预期结果：[{'equals': {'status_code': 200}}, {'equals': {'msg': 'All write successfully'}}]
[2023-08-08 14:57:20,772] logger_util.py->write_log line:61 [INFO] 实际结果：{'body': {'code': 0, 'msg': 'All write successfully', 'tagResults': {'MOD_BOOL2': 0}, 'traceId': 'D29FC745-F27B-4A8D-AE61-7791CC232A18'}, 'header': {'code': 0, 'cur_module': 'siot', 'msg': 'All write successfully', 'timespend': 87, 'tracelist': [{'code': 0, 'module': 'siot', 'msg': 'All write successfully', 'submodule_timespend': {'api': 87, 'control': 87, 'driver': 16}, 'timespend': 87}]}}
[2023-08-08 14:57:20,772] logger_util.py->write_log line:61 [INFO] 接口请求成功！
[2023-08-08 14:57:20,772] logger_util.py->write_log line:61 [INFO] -------------接口请求结束-----------

[2023-08-08 14:57:20,786] logger_util.py->write_log line:61 [INFO] -------------接口请求开始-----------
[2023-08-08 14:57:20,786] logger_util.py->write_log line:61 [INFO] 接口名称：modbus协议下发-保存寄存器字符串
[2023-08-08 14:57:20,786] logger_util.py->write_log line:61 [INFO] 接口方式：post
[2023-08-08 14:57:20,786] logger_util.py->write_log line:61 [INFO] 接口路径：http://127.0.0.1:6700/v1/cms/io/write
[2023-08-08 14:57:20,786] logger_util.py->write_log line:61 [INFO] 请求头：{'Content-Type': 'application/json'}
[2023-08-08 14:57:20,786] logger_util.py->write_log line:61 [INFO] 请求参数：{'tagDatas': {'MOD_STRING1': '文本1'}}
[2023-08-08 14:57:20,786] logger_util.py->write_log line:61 [INFO] 文件上传：None
[2023-08-08 14:57:20,835] logger_util.py->write_log line:61 [INFO] 预期结果：[{'equals': {'status_code': 200}}, {'equals': {'msg': 'All write successfully'}}]
[2023-08-08 14:57:20,836] logger_util.py->write_log line:61 [INFO] 实际结果：{'body': {'code': 0, 'msg': 'All write successfully', 'tagResults': {'MOD_STRING1': 0}, 'traceId': 'B9DDC30C-C180-49A8-85CC-6D3E2B61F6D6'}, 'header': {'code': 0, 'cur_module': 'siot', 'msg': 'All write successfully', 'timespend': 47, 'tracelist': [{'code': 0, 'module': 'siot', 'msg': 'All write successfully', 'submodule_timespend': {'api': 47, 'control': 47, 'driver': 15}, 'timespend': 47}]}}
[2023-08-08 14:57:20,836] logger_util.py->write_log line:61 [INFO] 接口请求成功！
[2023-08-08 14:57:20,836] logger_util.py->write_log line:61 [INFO] -------------接口请求结束-----------

[2023-08-08 14:57:20,840] logger_util.py->write_log line:61 [INFO] -------------接口请求开始-----------
[2023-08-08 14:57:20,841] logger_util.py->write_log line:61 [INFO] 接口名称：modbus协议下发-二进制变量
[2023-08-08 14:57:20,841] logger_util.py->write_log line:61 [INFO] 接口方式：post
[2023-08-08 14:57:20,841] logger_util.py->write_log line:61 [INFO] 接口路径：http://127.0.0.1:6700/v1/cms/io/write
[2023-08-08 14:57:20,841] logger_util.py->write_log line:61 [INFO] 请求头：{'Content-Type': 'application/json'}
[2023-08-08 14:57:20,841] logger_util.py->write_log line:61 [INFO] 请求参数：{'tagDatas': {'MOD_Q0': '1'}}
[2023-08-08 14:57:20,841] logger_util.py->write_log line:61 [INFO] 文件上传：None
[2023-08-08 14:57:20,881] logger_util.py->write_log line:61 [INFO] 预期结果：[{'equals': {'status_code': 200}}, {'equals': {'msg': 'All write successfully'}}]
[2023-08-08 14:57:20,881] logger_util.py->write_log line:61 [INFO] 实际结果：{'body': {'code': 0, 'msg': 'All write successfully', 'tagResults': {'MOD_Q0': 0}, 'traceId': '2CEC914C-C437-4820-B2C2-E34423B16DC7'}, 'header': {'code': 0, 'cur_module': 'siot', 'msg': 'All write successfully', 'timespend': 39, 'tracelist': [{'code': 0, 'module': 'siot', 'msg': 'All write successfully', 'submodule_timespend': {'api': 39, 'control': 38, 'driver': 8}, 'timespend': 39}]}}
[2023-08-08 14:57:20,882] logger_util.py->write_log line:61 [INFO] 接口请求成功！
[2023-08-08 14:57:20,882] logger_util.py->write_log line:61 [INFO] -------------接口请求结束-----------

[2023-08-08 14:57:20,886] logger_util.py->write_log line:61 [INFO] -------------接口请求开始-----------
[2023-08-08 14:57:20,886] logger_util.py->write_log line:61 [INFO] 接口名称：modbus协议下发-二进制变量
[2023-08-08 14:57:20,886] logger_util.py->write_log line:61 [INFO] 接口方式：post
[2023-08-08 14:57:20,886] logger_util.py->write_log line:61 [INFO] 接口路径：http://127.0.0.1:6700/v1/cms/io/write
[2023-08-08 14:57:20,886] logger_util.py->write_log line:61 [INFO] 请求头：{'Content-Type': 'application/json'}
[2023-08-08 14:57:20,886] logger_util.py->write_log line:61 [INFO] 请求参数：{'tagDatas': {'MOD_Q1': '0'}}
[2023-08-08 14:57:20,886] logger_util.py->write_log line:61 [INFO] 文件上传：None
[2023-08-08 14:57:20,944] logger_util.py->write_log line:61 [INFO] 预期结果：[{'equals': {'status_code': 200}}, {'equals': {'msg': 'All write successfully'}}]
[2023-08-08 14:57:20,945] logger_util.py->write_log line:61 [INFO] 实际结果：{'body': {'code': 0, 'msg': 'All write successfully', 'tagResults': {'MOD_Q1': 0}, 'traceId': 'D4158E17-245A-4FB7-B4F4-7F08775FCB85'}, 'header': {'code': 0, 'cur_module': 'siot', 'msg': 'All write successfully', 'timespend': 56, 'tracelist': [{'code': 0, 'module': 'siot', 'msg': 'All write successfully', 'submodule_timespend': {'api': 56, 'control': 56, 'driver': 16}, 'timespend': 56}]}}
[2023-08-08 14:57:20,945] logger_util.py->write_log line:61 [INFO] 接口请求成功！
[2023-08-08 14:57:20,945] logger_util.py->write_log line:61 [INFO] -------------接口请求结束-----------

[2023-08-08 14:57:20,949] logger_util.py->write_log line:61 [INFO] -------------接口请求开始-----------
[2023-08-08 14:57:20,949] logger_util.py->write_log line:61 [INFO] 接口名称：modbus协议读取-保存寄存器有符号8位整型
[2023-08-08 14:57:20,949] logger_util.py->write_log line:61 [INFO] 接口方式：post
[2023-08-08 14:57:20,949] logger_util.py->write_log line:61 [INFO] 接口路径：http://127.0.0.1:6700/v1/cms/io/read
[2023-08-08 14:57:20,949] logger_util.py->write_log line:61 [INFO] 请求头：{'Content-Type': 'application/json'}
[2023-08-08 14:57:20,950] logger_util.py->write_log line:61 [INFO] 请求参数：{'tagNames': ['MOD_SINT1']}
[2023-08-08 14:57:20,950] logger_util.py->write_log line:61 [INFO] 文件上传：None
[2023-08-08 14:57:20,976] logger_util.py->write_log line:61 [INFO] 预期结果：[{'equals': {'status_code': 200}}, {'equals': {'msg': 'All read successfully'}}, {'equals': {'data': '-11'}}]
[2023-08-08 14:57:20,977] logger_util.py->write_log line:61 [INFO] 实际结果：{'body': {'code': 0, 'msg': 'All read successfully', 'tagDatas': {'MOD_SINT1': {'data': '-11', 'quality': 0}}, 'traceId': '8FC8117C-6C40-47F1-BD4D-DDEB5FB6C641'}, 'header': {'code': 0, 'cur_module': 'siot', 'msg': 'All read successfully', 'timespend': 0, 'tracelist': [{'code': 0, 'module': 'siot', 'msg': 'All read successfully', 'submodule_timespend': {'api': 0, 'control': 0, 'driver': 0}, 'timespend': 0}]}}
[2023-08-08 14:57:20,977] logger_util.py->write_log line:61 [INFO] 接口请求成功！
[2023-08-08 14:57:20,977] logger_util.py->write_log line:61 [INFO] -------------接口请求结束-----------

[2023-08-08 14:57:20,982] logger_util.py->write_log line:61 [INFO] -------------接口请求开始-----------
[2023-08-08 14:57:20,982] logger_util.py->write_log line:61 [INFO] 接口名称：modbus协议读取-保存寄存器有符号16位整型
[2023-08-08 14:57:20,982] logger_util.py->write_log line:61 [INFO] 接口方式：post
[2023-08-08 14:57:20,982] logger_util.py->write_log line:61 [INFO] 接口路径：http://127.0.0.1:6700/v1/cms/io/read
[2023-08-08 14:57:20,982] logger_util.py->write_log line:61 [INFO] 请求头：{'Content-Type': 'application/json'}
[2023-08-08 14:57:20,982] logger_util.py->write_log line:61 [INFO] 请求参数：{'tagNames': ['MOD_INT1']}
[2023-08-08 14:57:20,982] logger_util.py->write_log line:61 [INFO] 文件上传：None
[2023-08-08 14:57:21,007] logger_util.py->write_log line:61 [INFO] 预期结果：[{'equals': {'status_code': 200}}, {'equals': {'msg': 'All read successfully'}}, {'equals': {'data': '22'}}]
[2023-08-08 14:57:21,008] logger_util.py->write_log line:61 [INFO] 实际结果：{'body': {'code': 0, 'msg': 'All read successfully', 'tagDatas': {'MOD_INT1': {'data': '22', 'quality': 0}}, 'traceId': '3F127F5F-D6A2-42F2-BECF-87AC40F61BE0'}, 'header': {'code': 0, 'cur_module': 'siot', 'msg': 'All read successfully', 'timespend': 0, 'tracelist': [{'code': 0, 'module': 'siot', 'msg': 'All read successfully', 'submodule_timespend': {'api': 0, 'control': 0, 'driver': 0}, 'timespend': 0}]}}
[2023-08-08 14:57:21,008] logger_util.py->write_log line:61 [INFO] 接口请求成功！
[2023-08-08 14:57:21,008] logger_util.py->write_log line:61 [INFO] -------------接口请求结束-----------

[2023-08-08 14:57:21,012] logger_util.py->write_log line:61 [INFO] -------------接口请求开始-----------
[2023-08-08 14:57:21,012] logger_util.py->write_log line:61 [INFO] 接口名称：modbus协议读取-保存寄存器有符号32位整型
[2023-08-08 14:57:21,012] logger_util.py->write_log line:61 [INFO] 接口方式：post
[2023-08-08 14:57:21,012] logger_util.py->write_log line:61 [INFO] 接口路径：http://127.0.0.1:6700/v1/cms/io/read
[2023-08-08 14:57:21,012] logger_util.py->write_log line:61 [INFO] 请求头：{'Content-Type': 'application/json'}
[2023-08-08 14:57:21,012] logger_util.py->write_log line:61 [INFO] 请求参数：{'tagNames': ['MOD_DINT1']}
[2023-08-08 14:57:21,012] logger_util.py->write_log line:61 [INFO] 文件上传：None
[2023-08-08 14:57:21,039] logger_util.py->write_log line:61 [INFO] 预期结果：[{'equals': {'status_code': 200}}, {'equals': {'msg': 'All read successfully'}}, {'equals': {'data': '33'}}]
[2023-08-08 14:57:21,039] logger_util.py->write_log line:61 [INFO] 实际结果：{'body': {'code': 0, 'msg': 'All read successfully', 'tagDatas': {'MOD_DINT1': {'data': '33', 'quality': 0}}, 'traceId': '243CBDD8-4347-451F-A5D0-CA4218AF47CC'}, 'header': {'code': 0, 'cur_module': 'siot', 'msg': 'All read successfully', 'timespend': 0, 'tracelist': [{'code': 0, 'module': 'siot', 'msg': 'All read successfully', 'submodule_timespend': {'api': 0, 'control': 0, 'driver': 0}, 'timespend': 0}]}}
[2023-08-08 14:57:21,039] logger_util.py->write_log line:61 [INFO] 接口请求成功！
[2023-08-08 14:57:21,039] logger_util.py->write_log line:61 [INFO] -------------接口请求结束-----------

[2023-08-08 14:57:21,044] logger_util.py->write_log line:61 [INFO] -------------接口请求开始-----------
[2023-08-08 14:57:21,044] logger_util.py->write_log line:61 [INFO] 接口名称：modbus协议读取-保存寄存器无符号8位整型
[2023-08-08 14:57:21,044] logger_util.py->write_log line:61 [INFO] 接口方式：post
[2023-08-08 14:57:21,044] logger_util.py->write_log line:61 [INFO] 接口路径：http://127.0.0.1:6700/v1/cms/io/read
[2023-08-08 14:57:21,044] logger_util.py->write_log line:61 [INFO] 请求头：{'Content-Type': 'application/json'}
[2023-08-08 14:57:21,044] logger_util.py->write_log line:61 [INFO] 请求参数：{'tagNames': ['MOD_USINT1']}
[2023-08-08 14:57:21,044] logger_util.py->write_log line:61 [INFO] 文件上传：None
[2023-08-08 14:57:21,070] logger_util.py->write_log line:61 [INFO] 预期结果：[{'equals': {'status_code': 200}}, {'equals': {'msg': 'All read successfully'}}, {'equals': {'data': '44'}}]
[2023-08-08 14:57:21,070] logger_util.py->write_log line:61 [INFO] 实际结果：{'body': {'code': 0, 'msg': 'All read successfully', 'tagDatas': {'MOD_USINT1': {'data': '44', 'quality': 0}}, 'traceId': 'BA89212D-A7A0-4BD1-9E47-FAF6924256D6'}, 'header': {'code': 0, 'cur_module': 'siot', 'msg': 'All read successfully', 'timespend': 1, 'tracelist': [{'code': 0, 'module': 'siot', 'msg': 'All read successfully', 'submodule_timespend': {'api': 1, 'control': 0, 'driver': 0}, 'timespend': 1}]}}
[2023-08-08 14:57:21,070] logger_util.py->write_log line:61 [INFO] 接口请求成功！
[2023-08-08 14:57:21,070] logger_util.py->write_log line:61 [INFO] -------------接口请求结束-----------

[2023-08-08 14:57:21,075] logger_util.py->write_log line:61 [INFO] -------------接口请求开始-----------
[2023-08-08 14:57:21,076] logger_util.py->write_log line:61 [INFO] 接口名称：modbus协议读取-保存寄存器无符号16位整型
[2023-08-08 14:57:21,076] logger_util.py->write_log line:61 [INFO] 接口方式：post
[2023-08-08 14:57:21,076] logger_util.py->write_log line:61 [INFO] 接口路径：http://127.0.0.1:6700/v1/cms/io/read
[2023-08-08 14:57:21,076] logger_util.py->write_log line:61 [INFO] 请求头：{'Content-Type': 'application/json'}
[2023-08-08 14:57:21,076] logger_util.py->write_log line:61 [INFO] 请求参数：{'tagNames': ['MOD_UINT1']}
[2023-08-08 14:57:21,076] logger_util.py->write_log line:61 [INFO] 文件上传：None
[2023-08-08 14:57:21,101] logger_util.py->write_log line:61 [INFO] 预期结果：[{'equals': {'status_code': 200}}, {'equals': {'msg': 'All read successfully'}}, {'equals': {'data': '55'}}]
[2023-08-08 14:57:21,102] logger_util.py->write_log line:61 [INFO] 实际结果：{'body': {'code': 0, 'msg': 'All read successfully', 'tagDatas': {'MOD_UINT1': {'data': '55', 'quality': 0}}, 'traceId': 'A435BC54-E8DD-42DC-AF7F-0F62C23A8607'}, 'header': {'code': 0, 'cur_module': 'siot', 'msg': 'All read successfully', 'timespend': 1, 'tracelist': [{'code': 0, 'module': 'siot', 'msg': 'All read successfully', 'submodule_timespend': {'api': 1, 'control': 1, 'driver': 0}, 'timespend': 1}]}}
[2023-08-08 14:57:21,102] logger_util.py->write_log line:61 [INFO] 接口请求成功！
[2023-08-08 14:57:21,102] logger_util.py->write_log line:61 [INFO] -------------接口请求结束-----------

[2023-08-08 14:57:21,107] logger_util.py->write_log line:61 [INFO] -------------接口请求开始-----------
[2023-08-08 14:57:21,107] logger_util.py->write_log line:61 [INFO] 接口名称：modbus协议读取-保存寄存器无符号32位整型
[2023-08-08 14:57:21,107] logger_util.py->write_log line:61 [INFO] 接口方式：post
[2023-08-08 14:57:21,107] logger_util.py->write_log line:61 [INFO] 接口路径：http://127.0.0.1:6700/v1/cms/io/read
[2023-08-08 14:57:21,107] logger_util.py->write_log line:61 [INFO] 请求头：{'Content-Type': 'application/json'}
[2023-08-08 14:57:21,108] logger_util.py->write_log line:61 [INFO] 请求参数：{'tagNames': ['MOD_UDINT1']}
[2023-08-08 14:57:21,108] logger_util.py->write_log line:61 [INFO] 文件上传：None
[2023-08-08 14:57:21,133] logger_util.py->write_log line:61 [INFO] 预期结果：[{'equals': {'status_code': 200}}, {'equals': {'msg': 'All read successfully'}}, {'equals': {'data': '66'}}]
[2023-08-08 14:57:21,134] logger_util.py->write_log line:61 [INFO] 实际结果：{'body': {'code': 0, 'msg': 'All read successfully', 'tagDatas': {'MOD_UDINT1': {'data': '66', 'quality': 0}}, 'traceId': '1ED4E32B-1DDB-464F-A718-ED5A94AD3D92'}, 'header': {'code': 0, 'cur_module': 'siot', 'msg': 'All read successfully', 'timespend': 1, 'tracelist': [{'code': 0, 'module': 'siot', 'msg': 'All read successfully', 'submodule_timespend': {'api': 1, 'control': 1, 'driver': 0}, 'timespend': 1}]}}
[2023-08-08 14:57:21,134] logger_util.py->write_log line:61 [INFO] 接口请求成功！
[2023-08-08 14:57:21,134] logger_util.py->write_log line:61 [INFO] -------------接口请求结束-----------

[2023-08-08 14:57:21,138] logger_util.py->write_log line:61 [INFO] -------------接口请求开始-----------
[2023-08-08 14:57:21,138] logger_util.py->write_log line:61 [INFO] 接口名称：modbus协议读取-保存寄存器F32位浮点数IEEE754
[2023-08-08 14:57:21,138] logger_util.py->write_log line:61 [INFO] 接口方式：post
[2023-08-08 14:57:21,138] logger_util.py->write_log line:61 [INFO] 接口路径：http://127.0.0.1:6700/v1/cms/io/read
[2023-08-08 14:57:21,138] logger_util.py->write_log line:61 [INFO] 请求头：{'Content-Type': 'application/json'}
[2023-08-08 14:57:21,138] logger_util.py->write_log line:61 [INFO] 请求参数：{'tagNames': ['MOD_REAL1']}
[2023-08-08 14:57:21,139] logger_util.py->write_log line:61 [INFO] 文件上传：None
[2023-08-08 14:57:21,165] logger_util.py->write_log line:61 [INFO] 预期结果：[{'equals': {'status_code': 200}}, {'equals': {'msg': 'All read successfully'}}, {'equals': {'data': '77.456'}}]
[2023-08-08 14:57:21,166] logger_util.py->write_log line:61 [INFO] 实际结果：{'body': {'code': 0, 'msg': 'All read successfully', 'tagDatas': {'MOD_REAL1': {'data': '77.456', 'quality': 0}}, 'traceId': '7F1495F9-351B-4963-BE1F-03F204DC8B94'}, 'header': {'code': 0, 'cur_module': 'siot', 'msg': 'All read successfully', 'timespend': 0, 'tracelist': [{'code': 0, 'module': 'siot', 'msg': 'All read successfully', 'submodule_timespend': {'api': 0, 'control': 0, 'driver': 0}, 'timespend': 0}]}}
[2023-08-08 14:57:21,166] logger_util.py->write_log line:61 [INFO] 接口请求成功！
[2023-08-08 14:57:21,166] logger_util.py->write_log line:61 [INFO] -------------接口请求结束-----------

[2023-08-08 14:57:21,170] logger_util.py->write_log line:61 [INFO] -------------接口请求开始-----------
[2023-08-08 14:57:21,170] logger_util.py->write_log line:61 [INFO] 接口名称：modbus协议读取-保存寄存器二进制变量1
[2023-08-08 14:57:21,171] logger_util.py->write_log line:61 [INFO] 接口方式：post
[2023-08-08 14:57:21,171] logger_util.py->write_log line:61 [INFO] 接口路径：http://127.0.0.1:6700/v1/cms/io/read
[2023-08-08 14:57:21,171] logger_util.py->write_log line:61 [INFO] 请求头：{'Content-Type': 'application/json'}
[2023-08-08 14:57:21,171] logger_util.py->write_log line:61 [INFO] 请求参数：{'tagNames': ['MOD_BOOL1']}
[2023-08-08 14:57:21,171] logger_util.py->write_log line:61 [INFO] 文件上传：None
[2023-08-08 14:57:21,198] logger_util.py->write_log line:61 [INFO] 预期结果：[{'equals': {'status_code': 200}}, {'equals': {'msg': 'All read successfully'}}, {'equals': {'data': '1'}}]
[2023-08-08 14:57:21,198] logger_util.py->write_log line:61 [INFO] 实际结果：{'body': {'code': 0, 'msg': 'All read successfully', 'tagDatas': {'MOD_BOOL1': {'data': '1', 'quality': 0}}, 'traceId': '9FFCD95E-1DEC-4B33-AA3A-0D21C3BC92DB'}, 'header': {'code': 0, 'cur_module': 'siot', 'msg': 'All read successfully', 'timespend': 0, 'tracelist': [{'code': 0, 'module': 'siot', 'msg': 'All read successfully', 'submodule_timespend': {'api': 0, 'control': 0, 'driver': 0}, 'timespend': 0}]}}
[2023-08-08 14:57:21,198] logger_util.py->write_log line:61 [INFO] 接口请求成功！
[2023-08-08 14:57:21,198] logger_util.py->write_log line:61 [INFO] -------------接口请求结束-----------

[2023-08-08 14:57:21,203] logger_util.py->write_log line:61 [INFO] -------------接口请求开始-----------
[2023-08-08 14:57:21,204] logger_util.py->write_log line:61 [INFO] 接口名称：modbus协议读取-保存寄存器二进制变量2
[2023-08-08 14:57:21,204] logger_util.py->write_log line:61 [INFO] 接口方式：post
[2023-08-08 14:57:21,204] logger_util.py->write_log line:61 [INFO] 接口路径：http://127.0.0.1:6700/v1/cms/io/read
[2023-08-08 14:57:21,204] logger_util.py->write_log line:61 [INFO] 请求头：{'Content-Type': 'application/json'}
[2023-08-08 14:57:21,204] logger_util.py->write_log line:61 [INFO] 请求参数：{'tagNames': ['MOD_BOOL2']}
[2023-08-08 14:57:21,204] logger_util.py->write_log line:61 [INFO] 文件上传：None
[2023-08-08 14:57:21,230] logger_util.py->write_log line:61 [INFO] 预期结果：[{'equals': {'status_code': 200}}, {'equals': {'msg': 'All read successfully'}}, {'equals': {'data': '0'}}]
[2023-08-08 14:57:21,230] logger_util.py->write_log line:61 [INFO] 实际结果：{'body': {'code': 0, 'msg': 'All read successfully', 'tagDatas': {'MOD_BOOL2': {'data': '0', 'quality': 0}}, 'traceId': '85F400D4-AF9B-418E-B05E-8CD047524ED0'}, 'header': {'code': 0, 'cur_module': 'siot', 'msg': 'All read successfully', 'timespend': 0, 'tracelist': [{'code': 0, 'module': 'siot', 'msg': 'All read successfully', 'submodule_timespend': {'api': 0, 'control': 0, 'driver': 0}, 'timespend': 0}]}}
[2023-08-08 14:57:21,230] logger_util.py->write_log line:61 [INFO] 接口请求成功！
[2023-08-08 14:57:21,230] logger_util.py->write_log line:61 [INFO] -------------接口请求结束-----------

[2023-08-08 14:57:21,235] logger_util.py->write_log line:61 [INFO] -------------接口请求开始-----------
[2023-08-08 14:57:21,235] logger_util.py->write_log line:61 [INFO] 接口名称：modbus协议读取-保存寄存器字符串
[2023-08-08 14:57:21,235] logger_util.py->write_log line:61 [INFO] 接口方式：post
[2023-08-08 14:57:21,235] logger_util.py->write_log line:61 [INFO] 接口路径：http://127.0.0.1:6700/v1/cms/io/read
[2023-08-08 14:57:21,235] logger_util.py->write_log line:61 [INFO] 请求头：{'Content-Type': 'application/json'}
[2023-08-08 14:57:21,235] logger_util.py->write_log line:61 [INFO] 请求参数：{'tagNames': ['MOD_STRING1']}
[2023-08-08 14:57:21,235] logger_util.py->write_log line:61 [INFO] 文件上传：None
[2023-08-08 14:57:21,261] logger_util.py->write_log line:61 [INFO] 预期结果：[{'equals': {'status_code': 200}}, {'equals': {'msg': 'All read successfully'}}, {'equals': {'data': '文本1'}}]
[2023-08-08 14:57:21,261] logger_util.py->write_log line:61 [INFO] 实际结果：{'body': {'code': 0, 'msg': 'All read successfully', 'tagDatas': {'MOD_STRING1': {'data': '文本1', 'quality': 0}}, 'traceId': '0EA12CE6-B3A2-4780-9613-47352B8DE9EB'}, 'header': {'code': 0, 'cur_module': 'siot', 'msg': 'All read successfully', 'timespend': 0, 'tracelist': [{'code': 0, 'module': 'siot', 'msg': 'All read successfully', 'submodule_timespend': {'api': 0, 'control': 0, 'driver': 0}, 'timespend': 0}]}}
[2023-08-08 14:57:21,261] logger_util.py->write_log line:61 [INFO] 接口请求成功！
[2023-08-08 14:57:21,261] logger_util.py->write_log line:61 [INFO] -------------接口请求结束-----------

[2023-08-08 14:57:21,266] logger_util.py->write_log line:61 [INFO] -------------接口请求开始-----------
[2023-08-08 14:57:21,266] logger_util.py->write_log line:61 [INFO] 接口名称：modbus协议读取-二进制变量
[2023-08-08 14:57:21,266] logger_util.py->write_log line:61 [INFO] 接口方式：post
[2023-08-08 14:57:21,266] logger_util.py->write_log line:61 [INFO] 接口路径：http://127.0.0.1:6700/v1/cms/io/read
[2023-08-08 14:57:21,267] logger_util.py->write_log line:61 [INFO] 请求头：{'Content-Type': 'application/json'}
[2023-08-08 14:57:21,267] logger_util.py->write_log line:61 [INFO] 请求参数：{'tagNames': ['MOD_Q0']}
[2023-08-08 14:57:21,267] logger_util.py->write_log line:61 [INFO] 文件上传：None
[2023-08-08 14:57:21,292] logger_util.py->write_log line:61 [INFO] 预期结果：[{'equals': {'status_code': 200}}, {'equals': {'msg': 'All read successfully'}}, {'equals': {'data': '1'}}]
[2023-08-08 14:57:21,293] logger_util.py->write_log line:61 [INFO] 实际结果：{'body': {'code': 0, 'msg': 'All read successfully', 'tagDatas': {'MOD_Q0': {'data': '1', 'quality': 0}}, 'traceId': 'EEC10DA1-4201-4781-9334-3D1712E168AC'}, 'header': {'code': 0, 'cur_module': 'siot', 'msg': 'All read successfully', 'timespend': 0, 'tracelist': [{'code': 0, 'module': 'siot', 'msg': 'All read successfully', 'submodule_timespend': {'api': 0, 'control': 0, 'driver': 0}, 'timespend': 0}]}}
[2023-08-08 14:57:21,293] logger_util.py->write_log line:61 [INFO] 接口请求成功！
[2023-08-08 14:57:21,293] logger_util.py->write_log line:61 [INFO] -------------接口请求结束-----------

[2023-08-08 14:57:21,298] logger_util.py->write_log line:61 [INFO] -------------接口请求开始-----------
[2023-08-08 14:57:21,298] logger_util.py->write_log line:61 [INFO] 接口名称：modbus协议读取-二进制变量
[2023-08-08 14:57:21,298] logger_util.py->write_log line:61 [INFO] 接口方式：post
[2023-08-08 14:57:21,298] logger_util.py->write_log line:61 [INFO] 接口路径：http://127.0.0.1:6700/v1/cms/io/read
[2023-08-08 14:57:21,298] logger_util.py->write_log line:61 [INFO] 请求头：{'Content-Type': 'application/json'}
[2023-08-08 14:57:21,298] logger_util.py->write_log line:61 [INFO] 请求参数：{'tagNames': ['MOD_Q1']}
[2023-08-08 14:57:21,298] logger_util.py->write_log line:61 [INFO] 文件上传：None
[2023-08-08 14:57:21,325] logger_util.py->write_log line:61 [INFO] 预期结果：[{'equals': {'status_code': 200}}, {'equals': {'msg': 'All read successfully'}}, {'equals': {'data': '0'}}]
[2023-08-08 14:57:21,325] logger_util.py->write_log line:61 [INFO] 实际结果：{'body': {'code': 0, 'msg': 'All read successfully', 'tagDatas': {'MOD_Q1': {'data': '0', 'quality': 0}}, 'traceId': 'A7923DE8-EFBB-4C04-AF08-4AF0CECA28AB'}, 'header': {'code': 0, 'cur_module': 'siot', 'msg': 'All read successfully', 'timespend': 0, 'tracelist': [{'code': 0, 'module': 'siot', 'msg': 'All read successfully', 'submodule_timespend': {'api': 0, 'control': 0, 'driver': 0}, 'timespend': 0}]}}
[2023-08-08 14:57:21,325] logger_util.py->write_log line:61 [INFO] 接口请求成功！
[2023-08-08 14:57:21,325] logger_util.py->write_log line:61 [INFO] -------------接口请求结束-----------

[2023-08-08 14:57:21,329] logger_util.py->error_log line:65 [INFO] 分析YAML文件异常：异常信息: Traceback (most recent call last):
  File "E:\Project_python\api_SIOT\common\requests_util.py", line 194, in analysis_yaml
    files[key] = open(value,'rb')
FileNotFoundError: [Errno 2] No such file or directory: 'E:\\Project_python\\api_SIOT\\data\u2029icture\\11.png'

