[2023-11-27 16:41:34,251] logger_util.py->write_log line:61 [INFO] 
-------------接口请求开始-----------
[2023-11-27 16:41:34,251] logger_util.py->write_log line:61 [INFO] 接口名称：测试连接互联项
[2023-11-27 16:41:34,251] logger_util.py->write_log line:61 [INFO] 接口方式：post
[2023-11-27 16:41:34,251] logger_util.py->write_log line:61 [INFO] 接口路径：http://127.0.0.1:18000/api/v1/connection/test
[2023-11-27 16:41:34,251] logger_util.py->write_log line:61 [INFO] 请求头：{'X-Project': 'd800d1a6d0be4623aaa824c28dc71981'}
[2023-11-27 16:41:34,252] logger_util.py->write_log line:61 [INFO] 请求参数：{'id': None, 'name': 'mysql9282', 'connectionType': 1, 'databaseType': 1, 'authenticationType': None, 'server': '127.0.0.1', 'port': '3306', 'database': 'TestDB', 'databasePath': '', 'userName': 'root', 'password': 'syc123', 'changedPassword': True, 'mqttType': None, 'pushType': None, 'timingPeriod': None, 'changingPeriod': None, 'cloudDeviceId': '', 'originalSecret': ''}
[2023-11-27 16:41:34,253] logger_util.py->write_log line:61 [INFO] 文件上传：None
[2023-11-27 16:41:34,258] logger_util.py->write_log line:61 [INFO] 预期结果：[{'equals': {'status_code': 200}}]
[2023-11-27 16:41:34,259] logger_util.py->write_log line:61 [INFO] 实际结果：测试连接成功
[2023-11-27 16:41:34,259] logger_util.py->write_log line:61 [INFO] 接口请求成功！
[2023-11-27 16:41:34,259] logger_util.py->write_log line:61 [INFO] 
-------------接口请求结束-----------

[2023-11-27 16:41:34,275] logger_util.py->write_log line:61 [INFO] 
-------------接口请求开始-----------
[2023-11-27 16:41:34,275] logger_util.py->write_log line:61 [INFO] 接口名称：测试连接互联项
[2023-11-27 16:41:34,276] logger_util.py->write_log line:61 [INFO] 接口方式：post
[2023-11-27 16:41:34,276] logger_util.py->write_log line:61 [INFO] 接口路径：http://127.0.0.1:18000/api/v1/connection
[2023-11-27 16:41:34,276] logger_util.py->write_log line:61 [INFO] 请求头：{'X-Project': 'd800d1a6d0be4623aaa824c28dc71981'}
[2023-11-27 16:41:34,276] logger_util.py->write_log line:61 [INFO] 请求参数：{'id': None, 'name': 'mysql4876', 'connectionType': 1, 'databaseType': 1, 'authenticationType': None, 'server': '127.0.0.1', 'port': '3306', 'database': 'TestDB', 'databasePath': '', 'userName': 'root', 'password': 'syc123', 'changedPassword': True, 'mqttType': None, 'pushType': None, 'timingPeriod': None, 'changingPeriod': None, 'cloudDeviceId': '', 'originalSecret': ''}
[2023-11-27 16:41:34,276] logger_util.py->write_log line:61 [INFO] 文件上传：None
[2023-11-27 16:41:34,299] logger_util.py->write_log line:61 [INFO] 预期结果：[{'equals': {'status_code': 200}}]
[2023-11-27 16:41:34,299] logger_util.py->write_log line:61 [INFO] 实际结果：{'data': {'id': 16, 'name': 'mysql4876', 'connectionType': 1, 'databaseType': 1, 'authenticationType': 0, 'server': '127.0.0.1', 'port': 3306, 'database': 'TestDB', 'databasePath': '', 'userName': 'root'}, 'message': ''}
[2023-11-27 16:41:34,299] logger_util.py->write_log line:61 [INFO] 接口请求成功！
[2023-11-27 16:41:34,299] logger_util.py->write_log line:61 [INFO] 
-------------接口请求结束-----------

[2023-11-27 16:41:34,308] logger_util.py->write_log line:61 [INFO] 
-------------接口请求开始-----------
[2023-11-27 16:41:34,308] logger_util.py->write_log line:61 [INFO] 接口名称：关闭互联项
[2023-11-27 16:41:34,308] logger_util.py->write_log line:61 [INFO] 接口方式：put
[2023-11-27 16:41:34,308] logger_util.py->write_log line:61 [INFO] 接口路径：http://127.0.0.1:18000/api/v1/connection/switch/1/16/off
[2023-11-27 16:41:34,308] logger_util.py->write_log line:61 [INFO] 请求头：{'X-Project': 'd800d1a6d0be4623aaa824c28dc71981'}
[2023-11-27 16:41:34,308] logger_util.py->write_log line:61 [INFO] 文件上传：None
[2023-11-27 16:41:34,316] logger_util.py->write_log line:61 [INFO] 预期结果：[{'equals': {'status_code': 200}}]
[2023-11-27 16:41:34,316] logger_util.py->write_log line:61 [INFO] 实际结果：[{'nodeGuid': 'd1a3733e-3879-438e-89b6-65baae83f402', 'id': 16, 'type': 1, 'name': 'mysql4876', 'status': 0, 'errorMsg': None, 'children': []}]
[2023-11-27 16:41:34,316] logger_util.py->write_log line:61 [INFO] 接口请求成功！
[2023-11-27 16:41:34,317] logger_util.py->write_log line:61 [INFO] 
-------------接口请求结束-----------

[2023-11-27 16:41:34,323] logger_util.py->write_log line:61 [INFO] 
-------------接口请求开始-----------
[2023-11-27 16:41:34,323] logger_util.py->write_log line:61 [INFO] 接口名称：开启互联项
[2023-11-27 16:41:34,323] logger_util.py->write_log line:61 [INFO] 接口方式：put
[2023-11-27 16:41:34,323] logger_util.py->write_log line:61 [INFO] 接口路径：http://127.0.0.1:18000/api/v1/connection/switch/1/16/on
[2023-11-27 16:41:34,323] logger_util.py->write_log line:61 [INFO] 请求头：{'X-Project': 'd800d1a6d0be4623aaa824c28dc71981'}
[2023-11-27 16:41:34,323] logger_util.py->write_log line:61 [INFO] 文件上传：None
[2023-11-27 16:41:34,331] logger_util.py->write_log line:61 [INFO] 预期结果：[{'equals': {'status_code': 200}}]
[2023-11-27 16:41:34,331] logger_util.py->write_log line:61 [INFO] 实际结果：[{'nodeGuid': 'a6140fd7-d072-4446-b9d4-76cfa13649e1', 'id': 16, 'type': 1, 'name': 'mysql4876', 'status': 0, 'errorMsg': None, 'children': []}]
[2023-11-27 16:41:34,331] logger_util.py->write_log line:61 [INFO] 接口请求成功！
[2023-11-27 16:41:34,331] logger_util.py->write_log line:61 [INFO] 
-------------接口请求结束-----------

[2023-11-27 16:41:34,337] logger_util.py->write_log line:61 [INFO] 
-------------接口请求开始-----------
[2023-11-27 16:41:34,337] logger_util.py->write_log line:61 [INFO] 接口名称：重命名互联项
[2023-11-27 16:41:34,337] logger_util.py->write_log line:61 [INFO] 接口方式：put
[2023-11-27 16:41:34,337] logger_util.py->write_log line:61 [INFO] 接口路径：http://127.0.0.1:18000/api/v1/connection/rename/1/16/重命名_mysql600
[2023-11-27 16:41:34,337] logger_util.py->write_log line:61 [INFO] 请求头：{'X-Project': 'd800d1a6d0be4623aaa824c28dc71981'}
[2023-11-27 16:41:34,337] logger_util.py->write_log line:61 [INFO] 文件上传：None
[2023-11-27 16:41:34,360] logger_util.py->write_log line:61 [INFO] 预期结果：[{'equals': {'status_code': 200}}]
[2023-11-27 16:41:34,360] logger_util.py->write_log line:61 [INFO] 实际结果：
[2023-11-27 16:41:34,360] logger_util.py->write_log line:61 [INFO] 接口请求成功！
[2023-11-27 16:41:34,360] logger_util.py->write_log line:61 [INFO] 
-------------接口请求结束-----------

[2023-11-27 16:41:34,376] logger_util.py->write_log line:61 [INFO] 
-------------接口请求开始-----------
[2023-11-27 16:41:34,376] logger_util.py->write_log line:61 [INFO] 接口名称：修改互联配置
[2023-11-27 16:41:34,376] logger_util.py->write_log line:61 [INFO] 接口方式：put
[2023-11-27 16:41:34,376] logger_util.py->write_log line:61 [INFO] 接口路径：http://127.0.0.1:18000/api/v1/connection/16/config
[2023-11-27 16:41:34,376] logger_util.py->write_log line:61 [INFO] 请求头：{'X-Project': 'd800d1a6d0be4623aaa824c28dc71981'}
[2023-11-27 16:41:34,376] logger_util.py->write_log line:61 [INFO] 请求参数：[{'id': 16, 'name': '改配_mysql', 'connectionType': 1, 'databaseType': 1, 'authenticationType': 0, 'server': '127.0.0.1', 'port': '3306', 'database': 'TestDB', 'databasePath': '', 'userName': 'root', 'password': 'syc123'}]
[2023-11-27 16:41:34,377] logger_util.py->write_log line:61 [INFO] 文件上传：None
[2023-11-27 16:41:34,380] logger_util.py->error_log line:65 [INFO] 断言失败:status_code不等于200
[2023-11-27 16:41:34,380] logger_util.py->write_log line:61 [INFO] 实际结果：{'type': 'https://tools.ietf.org/html/rfc7231#section-6.5.1', 'title': 'One or more validation errors occurred.', 'status': 400, 'traceId': '00-348fc2e76a166e2a262357dc9a2cb921-b42deb071a050454-00', 'errors': {'$': ['The JSON value could not be converted to CMS.Plugin.Connection.Models.ConnectionItemConfigurationDTO. Path: $ | LineNumber: 0 | BytePositionInLine: 1.'], 'connectionItemConfigurationDTO': ['The connectionItemConfigurationDTO field is required.']}}
[2023-11-27 16:41:34,380] logger_util.py->write_log line:61 [INFO] 接口请求失败！
[2023-11-27 16:41:34,380] logger_util.py->write_log line:61 [INFO] -------------接口请求结束-----------

[2023-11-27 16:41:34,381] logger_util.py->error_log line:65 [INFO] 断言异常：异常信息: Traceback (most recent call last):
  File "E:\Project_python\api_cms\common\requests_util.py", line 368, in validate_result
    error_log("断言失败:"+assert_key+"不等于"+str(assert_value))
  File "E:\Project_python\api_cms\common\logger_util.py", line 66, in error_log
    raise Exception(log_message)
Exception: 断言失败:status_code不等于200

[2023-11-27 16:41:34,381] logger_util.py->error_log line:65 [INFO] 分析YAML文件异常：异常信息: Traceback (most recent call last):
  File "E:\Project_python\api_cms\common\requests_util.py", line 368, in validate_result
    error_log("断言失败:"+assert_key+"不等于"+str(assert_value))
  File "E:\Project_python\api_cms\common\logger_util.py", line 66, in error_log
    raise Exception(log_message)
Exception: 断言失败:status_code不等于200

During handling of the above exception, another exception occurred:

Traceback (most recent call last):
  File "E:\Project_python\api_cms\common\requests_util.py", line 248, in analysis_yaml
    self.validate_result(yq_result, return_data, status_code)
  File "E:\Project_python\api_cms\common\requests_util.py", line 448, in validate_result
    error_log("断言异常：异常信息: %s" % str(traceback.format_exc()))
  File "E:\Project_python\api_cms\common\logger_util.py", line 66, in error_log
    raise Exception(log_message)
Exception: 断言异常：异常信息: Traceback (most recent call last):
  File "E:\Project_python\api_cms\common\requests_util.py", line 368, in validate_result
    error_log("断言失败:"+assert_key+"不等于"+str(assert_value))
  File "E:\Project_python\api_cms\common\logger_util.py", line 66, in error_log
    raise Exception(log_message)
Exception: 断言失败:status_code不等于200


