[2023-05-25 20:05:06,190] logger_util.py->write_log line:61 [INFO] -------------接口请求开始-----------
[2023-05-25 20:05:06,191] logger_util.py->write_log line:61 [INFO] 接口名称：设置归档表触发配置
[2023-05-25 20:05:06,191] logger_util.py->write_log line:61 [INFO] 接口方式：put
[2023-05-25 20:05:06,191] logger_util.py->write_log line:61 [INFO] 接口路径：http://127.0.0.1:18000/api/v1/dataconfig/filingtable/8cd7d30c-dd00-4708-9bd5-67edf283ca3a/triggers
[2023-05-25 20:05:06,191] logger_util.py->write_log line:61 [INFO] 请求头：{'Content-Type': 'application/json; =UTF-8', 'X-Project': '83d42c5d5ad141bba528b7690b19996e'}
[2023-05-25 20:05:06,191] logger_util.py->write_log line:61 [INFO] 请求参数：[{'effectiveDateTime': None, 'frequencyValue': 1, 'frequencyUnit': 1, 'matchAll': False, 'condition': 'A1==77', 'conditionDetail': 1, 'frequencyCheck': True, 'alarmPointIds': None, 'triggerType': 2}]
[2023-05-25 20:05:06,192] logger_util.py->write_log line:61 [INFO] 文件上传：None
[2023-05-25 20:05:06,421] logger_util.py->write_log line:61 [INFO] 预期结果：[{'equals': {'status_code': 200}}]
[2023-05-25 20:05:06,421] logger_util.py->write_log line:61 [INFO] 实际结果：
[2023-05-25 20:05:06,421] logger_util.py->write_log line:61 [INFO] 接口请求成功！
[2023-05-25 20:05:06,421] logger_util.py->write_log line:61 [INFO] -------------接口请求结束-----------

[2023-05-25 20:05:06,427] logger_util.py->write_log line:61 [INFO] -------------接口请求开始-----------
[2023-05-25 20:05:06,427] logger_util.py->write_log line:61 [INFO] 接口名称：设置归档表触发配置
[2023-05-25 20:05:06,427] logger_util.py->write_log line:61 [INFO] 接口方式：put
[2023-05-25 20:05:06,427] logger_util.py->write_log line:61 [INFO] 接口路径：http://127.0.0.1:18000/api/v1/dataconfig/filingtable/8cd7d30c-dd00-4708-9bd5-67edf283ca3a/triggers
[2023-05-25 20:05:06,428] logger_util.py->write_log line:61 [INFO] 请求头：{'Content-Type': 'application/json; =UTF-8', 'X-Project': '83d42c5d5ad141bba528b7690b19996e'}
[2023-05-25 20:05:06,428] logger_util.py->write_log line:61 [INFO] 请求参数：[{'effectiveDateTime': '2023-05-22T06:15:31.000Z', 'frequencyValue': 1, 'frequencyUnit': 1, 'matchAll': True, 'condition': 'A1==77', 'conditionDetail': 1, 'frequencyCheck': False, 'alarmPointIds': None, 'triggerType': 1}]
[2023-05-25 20:05:06,428] logger_util.py->write_log line:61 [INFO] 文件上传：None
[2023-05-25 20:05:06,648] logger_util.py->write_log line:61 [INFO] 预期结果：[{'equals': {'status_code': 200}}]
[2023-05-25 20:05:06,648] logger_util.py->write_log line:61 [INFO] 实际结果：
[2023-05-25 20:05:06,648] logger_util.py->write_log line:61 [INFO] 接口请求成功！
[2023-05-25 20:05:06,648] logger_util.py->write_log line:61 [INFO] -------------接口请求结束-----------

