[2022-09-20 10:16:31,560] logger_util.py->write_log line:61 [INFO] -------------接口请求开始-----------
[2022-09-20 10:16:31,560] logger_util.py->write_log line:61 [INFO] 接口名称：新建工程1
[2022-09-20 10:16:31,560] logger_util.py->write_log line:61 [INFO] 接口方式：post
[2022-09-20 10:16:31,560] logger_util.py->write_log line:61 [INFO] 接口路径：http://127.0.0.1:18000/api/v1/project/node
[2022-09-20 10:16:31,560] logger_util.py->write_log line:61 [INFO] 请求头：{'Content-Type': 'application/json;charset=UTF-8'}
[2022-09-20 10:16:31,560] logger_util.py->write_log line:61 [INFO] 请求参数：{'name': '工程19319', 'path': 'E:\\APP\\CMS201', 'type': 1, 'parentId': 0}
[2022-09-20 10:16:31,561] logger_util.py->write_log line:61 [INFO] 文件上传：None
[2022-09-20 10:16:33,006] logger_util.py->write_log line:61 [INFO] 预期结果：[{'equals': {'status_code': 200}}]
[2022-09-20 10:16:33,006] logger_util.py->write_log line:61 [INFO] 实际结果：852
[2022-09-20 10:16:33,007] logger_util.py->write_log line:61 [INFO] 接口请求成功！
[2022-09-20 10:16:33,007] logger_util.py->write_log line:61 [INFO] -------------接口请求结束-----------

[2022-09-20 10:16:33,012] logger_util.py->write_log line:61 [INFO] -------------接口请求开始-----------
[2022-09-20 10:16:33,012] logger_util.py->write_log line:61 [INFO] 接口名称：新建工程2
[2022-09-20 10:16:33,012] logger_util.py->write_log line:61 [INFO] 接口方式：post
[2022-09-20 10:16:33,013] logger_util.py->write_log line:61 [INFO] 接口路径：http://127.0.0.1:18000/api/v1/project/node
[2022-09-20 10:16:33,013] logger_util.py->write_log line:61 [INFO] 请求头：{'Content-Type': 'application/json;charset=UTF-8'}
[2022-09-20 10:16:33,013] logger_util.py->write_log line:61 [INFO] 请求参数：{'name': '工程26510', 'path': 'E:\\APP\\CMS201', 'type': 1, 'parentId': 0}
[2022-09-20 10:16:33,013] logger_util.py->write_log line:61 [INFO] 文件上传：None
[2022-09-20 10:16:34,220] logger_util.py->write_log line:61 [INFO] 预期结果：[{'equals': {'status_code': 200}}]
[2022-09-20 10:16:34,220] logger_util.py->write_log line:61 [INFO] 实际结果：853
[2022-09-20 10:16:34,220] logger_util.py->write_log line:61 [INFO] 接口请求成功！
[2022-09-20 10:16:34,221] logger_util.py->write_log line:61 [INFO] -------------接口请求结束-----------

[2022-09-20 10:16:34,226] logger_util.py->write_log line:61 [INFO] -------------接口请求开始-----------
[2022-09-20 10:16:34,226] logger_util.py->write_log line:61 [INFO] 接口名称：新建工程3
[2022-09-20 10:16:34,226] logger_util.py->write_log line:61 [INFO] 接口方式：post
[2022-09-20 10:16:34,226] logger_util.py->write_log line:61 [INFO] 接口路径：http://127.0.0.1:18000/api/v1/project/node
[2022-09-20 10:16:34,226] logger_util.py->write_log line:61 [INFO] 请求头：{'Content-Type': 'application/json;charset=UTF-8'}
[2022-09-20 10:16:34,226] logger_util.py->write_log line:61 [INFO] 请求参数：{'name': '工程31074', 'path': 'E:\\APP\\CMS201', 'type': 1, 'parentId': 0}
[2022-09-20 10:16:34,227] logger_util.py->write_log line:61 [INFO] 文件上传：None
[2022-09-20 10:16:35,386] logger_util.py->write_log line:61 [INFO] 预期结果：[{'equals': {'status_code': 200}}]
[2022-09-20 10:16:35,387] logger_util.py->write_log line:61 [INFO] 实际结果：854
[2022-09-20 10:16:35,387] logger_util.py->write_log line:61 [INFO] 接口请求成功！
[2022-09-20 10:16:35,387] logger_util.py->write_log line:61 [INFO] -------------接口请求结束-----------

[2022-09-20 10:16:35,392] logger_util.py->write_log line:61 [INFO] -------------接口请求开始-----------
[2022-09-20 10:16:35,392] logger_util.py->write_log line:61 [INFO] 接口名称：新建工程4
[2022-09-20 10:16:35,392] logger_util.py->write_log line:61 [INFO] 接口方式：post
[2022-09-20 10:16:35,392] logger_util.py->write_log line:61 [INFO] 接口路径：http://127.0.0.1:18000/api/v1/project/node
[2022-09-20 10:16:35,392] logger_util.py->write_log line:61 [INFO] 请求头：{'Content-Type': 'application/json;charset=UTF-8'}
[2022-09-20 10:16:35,392] logger_util.py->write_log line:61 [INFO] 请求参数：{'name': '工程44476', 'path': 'E:\\APP\\CMS201', 'type': 1, 'parentId': 0}
[2022-09-20 10:16:35,392] logger_util.py->write_log line:61 [INFO] 文件上传：None
[2022-09-20 10:16:36,535] logger_util.py->write_log line:61 [INFO] 预期结果：[{'equals': {'status_code': 200}}]
[2022-09-20 10:16:36,536] logger_util.py->write_log line:61 [INFO] 实际结果：855
[2022-09-20 10:16:36,536] logger_util.py->write_log line:61 [INFO] 接口请求成功！
[2022-09-20 10:16:36,536] logger_util.py->write_log line:61 [INFO] -------------接口请求结束-----------

[2022-09-20 10:16:36,541] logger_util.py->write_log line:61 [INFO] -------------接口请求开始-----------
[2022-09-20 10:16:36,541] logger_util.py->write_log line:61 [INFO] 接口名称：新建工程5
[2022-09-20 10:16:36,541] logger_util.py->write_log line:61 [INFO] 接口方式：post
[2022-09-20 10:16:36,541] logger_util.py->write_log line:61 [INFO] 接口路径：http://127.0.0.1:18000/api/v1/project/node
[2022-09-20 10:16:36,541] logger_util.py->write_log line:61 [INFO] 请求头：{'Content-Type': 'application/json;charset=UTF-8'}
[2022-09-20 10:16:36,541] logger_util.py->write_log line:61 [INFO] 请求参数：{'name': '工程58133', 'path': 'E:\\APP\\CMS201', 'type': 1, 'parentId': 0}
[2022-09-20 10:16:36,541] logger_util.py->write_log line:61 [INFO] 文件上传：None
[2022-09-20 10:16:37,713] logger_util.py->write_log line:61 [INFO] 预期结果：[{'equals': {'status_code': 200}}]
[2022-09-20 10:16:37,714] logger_util.py->write_log line:61 [INFO] 实际结果：856
[2022-09-20 10:16:37,714] logger_util.py->write_log line:61 [INFO] 接口请求成功！
[2022-09-20 10:16:37,715] logger_util.py->write_log line:61 [INFO] -------------接口请求结束-----------

[2022-09-20 10:16:37,720] logger_util.py->write_log line:61 [INFO] -------------接口请求开始-----------
[2022-09-20 10:16:37,720] logger_util.py->write_log line:61 [INFO] 接口名称：新建工程6
[2022-09-20 10:16:37,720] logger_util.py->write_log line:61 [INFO] 接口方式：post
[2022-09-20 10:16:37,720] logger_util.py->write_log line:61 [INFO] 接口路径：http://127.0.0.1:18000/api/v1/project/node
[2022-09-20 10:16:37,720] logger_util.py->write_log line:61 [INFO] 请求头：{'Content-Type': 'application/json;charset=UTF-8'}
[2022-09-20 10:16:37,720] logger_util.py->write_log line:61 [INFO] 请求参数：{'name': '工程67801', 'path': 'E:\\APP\\CMS201', 'type': 1, 'parentId': 0}
[2022-09-20 10:16:37,720] logger_util.py->write_log line:61 [INFO] 文件上传：None
[2022-09-20 10:16:39,001] logger_util.py->write_log line:61 [INFO] 预期结果：[{'equals': {'status_code': 200}}]
[2022-09-20 10:16:39,002] logger_util.py->write_log line:61 [INFO] 实际结果：857
[2022-09-20 10:16:39,002] logger_util.py->write_log line:61 [INFO] 接口请求成功！
[2022-09-20 10:16:39,002] logger_util.py->write_log line:61 [INFO] -------------接口请求结束-----------

[2022-09-20 10:16:39,006] logger_util.py->write_log line:61 [INFO] -------------接口请求开始-----------
[2022-09-20 10:16:39,006] logger_util.py->write_log line:61 [INFO] 接口名称：新建工程7
[2022-09-20 10:16:39,006] logger_util.py->write_log line:61 [INFO] 接口方式：post
[2022-09-20 10:16:39,006] logger_util.py->write_log line:61 [INFO] 接口路径：http://127.0.0.1:18000/api/v1/project/node
[2022-09-20 10:16:39,007] logger_util.py->write_log line:61 [INFO] 请求头：{'Content-Type': 'application/json;charset=UTF-8'}
[2022-09-20 10:16:39,007] logger_util.py->write_log line:61 [INFO] 请求参数：{'name': '工程72811', 'path': 'E:\\APP\\CMS201', 'type': 1, 'parentId': 0}
[2022-09-20 10:16:39,007] logger_util.py->write_log line:61 [INFO] 文件上传：None
[2022-09-20 10:16:40,254] logger_util.py->write_log line:61 [INFO] 预期结果：[{'equals': {'status_code': 200}}]
[2022-09-20 10:16:40,254] logger_util.py->write_log line:61 [INFO] 实际结果：858
[2022-09-20 10:16:40,255] logger_util.py->write_log line:61 [INFO] 接口请求成功！
[2022-09-20 10:16:40,255] logger_util.py->write_log line:61 [INFO] -------------接口请求结束-----------

[2022-09-20 10:16:40,260] logger_util.py->write_log line:61 [INFO] -------------接口请求开始-----------
[2022-09-20 10:16:40,261] logger_util.py->write_log line:61 [INFO] 接口名称：新建工程8
[2022-09-20 10:16:40,261] logger_util.py->write_log line:61 [INFO] 接口方式：post
[2022-09-20 10:16:40,261] logger_util.py->write_log line:61 [INFO] 接口路径：http://127.0.0.1:18000/api/v1/project/node
[2022-09-20 10:16:40,261] logger_util.py->write_log line:61 [INFO] 请求头：{'Content-Type': 'application/json;charset=UTF-8'}
[2022-09-20 10:16:40,261] logger_util.py->write_log line:61 [INFO] 请求参数：{'name': '工程84117', 'path': 'E:\\APP\\CMS201', 'type': 1, 'parentId': 0}
[2022-09-20 10:16:40,261] logger_util.py->write_log line:61 [INFO] 文件上传：None
[2022-09-20 10:16:41,496] logger_util.py->write_log line:61 [INFO] 预期结果：[{'equals': {'status_code': 200}}]
[2022-09-20 10:16:41,496] logger_util.py->write_log line:61 [INFO] 实际结果：859
[2022-09-20 10:16:41,496] logger_util.py->write_log line:61 [INFO] 接口请求成功！
[2022-09-20 10:16:41,496] logger_util.py->write_log line:61 [INFO] -------------接口请求结束-----------

[2022-09-20 10:16:41,501] logger_util.py->write_log line:61 [INFO] -------------接口请求开始-----------
[2022-09-20 10:16:41,501] logger_util.py->write_log line:61 [INFO] 接口名称：新建工程9
[2022-09-20 10:16:41,501] logger_util.py->write_log line:61 [INFO] 接口方式：post
[2022-09-20 10:16:41,501] logger_util.py->write_log line:61 [INFO] 接口路径：http://127.0.0.1:18000/api/v1/project/node
[2022-09-20 10:16:41,501] logger_util.py->write_log line:61 [INFO] 请求头：{'Content-Type': 'application/json;charset=UTF-8'}
[2022-09-20 10:16:41,502] logger_util.py->write_log line:61 [INFO] 请求参数：{'name': '工程98196', 'path': 'E:\\APP\\CMS201', 'type': 1, 'parentId': 0}
[2022-09-20 10:16:41,502] logger_util.py->write_log line:61 [INFO] 文件上传：None
[2022-09-20 10:16:42,714] logger_util.py->write_log line:61 [INFO] 预期结果：[{'equals': {'status_code': 200}}]
[2022-09-20 10:16:42,714] logger_util.py->write_log line:61 [INFO] 实际结果：860
[2022-09-20 10:16:42,714] logger_util.py->write_log line:61 [INFO] 接口请求成功！
[2022-09-20 10:16:42,715] logger_util.py->write_log line:61 [INFO] -------------接口请求结束-----------

[2022-09-20 10:16:42,719] logger_util.py->write_log line:61 [INFO] -------------接口请求开始-----------
[2022-09-20 10:16:42,720] logger_util.py->write_log line:61 [INFO] 接口名称：新建工程10
[2022-09-20 10:16:42,720] logger_util.py->write_log line:61 [INFO] 接口方式：post
[2022-09-20 10:16:42,720] logger_util.py->write_log line:61 [INFO] 接口路径：http://127.0.0.1:18000/api/v1/project/node
[2022-09-20 10:16:42,720] logger_util.py->write_log line:61 [INFO] 请求头：{'Content-Type': 'application/json;charset=UTF-8'}
[2022-09-20 10:16:42,720] logger_util.py->write_log line:61 [INFO] 请求参数：{'name': '工程102236', 'path': 'E:\\APP\\CMS201', 'type': 1, 'parentId': 0}
[2022-09-20 10:16:42,720] logger_util.py->write_log line:61 [INFO] 文件上传：None
[2022-09-20 10:16:43,879] logger_util.py->write_log line:61 [INFO] 预期结果：[{'equals': {'status_code': 200}}]
[2022-09-20 10:16:43,879] logger_util.py->write_log line:61 [INFO] 实际结果：861
[2022-09-20 10:16:43,880] logger_util.py->write_log line:61 [INFO] 接口请求成功！
[2022-09-20 10:16:43,880] logger_util.py->write_log line:61 [INFO] -------------接口请求结束-----------

[2022-09-20 10:16:43,886] logger_util.py->write_log line:61 [INFO] -------------接口请求开始-----------
[2022-09-20 10:16:43,886] logger_util.py->write_log line:61 [INFO] 接口名称：新建工程11
[2022-09-20 10:16:43,886] logger_util.py->write_log line:61 [INFO] 接口方式：post
[2022-09-20 10:16:43,886] logger_util.py->write_log line:61 [INFO] 接口路径：http://127.0.0.1:18000/api/v1/project/node
[2022-09-20 10:16:43,886] logger_util.py->write_log line:61 [INFO] 请求头：{'Content-Type': 'application/json;charset=UTF-8'}
[2022-09-20 10:16:43,887] logger_util.py->write_log line:61 [INFO] 请求参数：{'name': '工程118186', 'path': 'E:\\APP\\CMS201', 'type': 1, 'parentId': 0}
[2022-09-20 10:16:43,887] logger_util.py->write_log line:61 [INFO] 文件上传：None
[2022-09-20 10:16:45,068] logger_util.py->write_log line:61 [INFO] 预期结果：[{'equals': {'status_code': 200}}]
[2022-09-20 10:16:45,069] logger_util.py->write_log line:61 [INFO] 实际结果：862
[2022-09-20 10:16:45,069] logger_util.py->write_log line:61 [INFO] 接口请求成功！
[2022-09-20 10:16:45,069] logger_util.py->write_log line:61 [INFO] -------------接口请求结束-----------

[2022-09-20 10:16:45,073] logger_util.py->write_log line:61 [INFO] -------------接口请求开始-----------
[2022-09-20 10:16:45,073] logger_util.py->write_log line:61 [INFO] 接口名称：新建工程12
[2022-09-20 10:16:45,073] logger_util.py->write_log line:61 [INFO] 接口方式：post
[2022-09-20 10:16:45,073] logger_util.py->write_log line:61 [INFO] 接口路径：http://127.0.0.1:18000/api/v1/project/node
[2022-09-20 10:16:45,074] logger_util.py->write_log line:61 [INFO] 请求头：{'Content-Type': 'application/json;charset=UTF-8'}
[2022-09-20 10:16:45,074] logger_util.py->write_log line:61 [INFO] 请求参数：{'name': '工程127190', 'path': 'E:\\APP\\CMS201', 'type': 1, 'parentId': 0}
[2022-09-20 10:16:45,074] logger_util.py->write_log line:61 [INFO] 文件上传：None
[2022-09-20 10:16:46,328] logger_util.py->write_log line:61 [INFO] 预期结果：[{'equals': {'status_code': 200}}]
[2022-09-20 10:16:46,328] logger_util.py->write_log line:61 [INFO] 实际结果：863
[2022-09-20 10:16:46,328] logger_util.py->write_log line:61 [INFO] 接口请求成功！
[2022-09-20 10:16:46,328] logger_util.py->write_log line:61 [INFO] -------------接口请求结束-----------

[2022-09-20 10:16:46,333] logger_util.py->write_log line:61 [INFO] -------------接口请求开始-----------
[2022-09-20 10:16:46,334] logger_util.py->write_log line:61 [INFO] 接口名称：新建工程13
[2022-09-20 10:16:46,334] logger_util.py->write_log line:61 [INFO] 接口方式：post
[2022-09-20 10:16:46,334] logger_util.py->write_log line:61 [INFO] 接口路径：http://127.0.0.1:18000/api/v1/project/node
[2022-09-20 10:16:46,334] logger_util.py->write_log line:61 [INFO] 请求头：{'Content-Type': 'application/json;charset=UTF-8'}
[2022-09-20 10:16:46,334] logger_util.py->write_log line:61 [INFO] 请求参数：{'name': '工程131739', 'path': 'E:\\APP\\CMS201', 'type': 1, 'parentId': 0}
[2022-09-20 10:16:46,334] logger_util.py->write_log line:61 [INFO] 文件上传：None
[2022-09-20 10:16:47,507] logger_util.py->write_log line:61 [INFO] 预期结果：[{'equals': {'status_code': 200}}]
[2022-09-20 10:16:47,507] logger_util.py->write_log line:61 [INFO] 实际结果：864
[2022-09-20 10:16:47,508] logger_util.py->write_log line:61 [INFO] 接口请求成功！
[2022-09-20 10:16:47,508] logger_util.py->write_log line:61 [INFO] -------------接口请求结束-----------

[2022-09-20 10:16:47,515] logger_util.py->write_log line:61 [INFO] -------------接口请求开始-----------
[2022-09-20 10:16:47,515] logger_util.py->write_log line:61 [INFO] 接口名称：新建工程14
[2022-09-20 10:16:47,515] logger_util.py->write_log line:61 [INFO] 接口方式：post
[2022-09-20 10:16:47,515] logger_util.py->write_log line:61 [INFO] 接口路径：http://127.0.0.1:18000/api/v1/project/node
[2022-09-20 10:16:47,515] logger_util.py->write_log line:61 [INFO] 请求头：{'Content-Type': 'application/json;charset=UTF-8'}
[2022-09-20 10:16:47,515] logger_util.py->write_log line:61 [INFO] 请求参数：{'name': '工程149544', 'path': 'E:\\APP\\CMS201', 'type': 1, 'parentId': 0}
[2022-09-20 10:16:47,515] logger_util.py->write_log line:61 [INFO] 文件上传：None
[2022-09-20 10:16:48,728] logger_util.py->write_log line:61 [INFO] 预期结果：[{'equals': {'status_code': 200}}]
[2022-09-20 10:16:48,728] logger_util.py->write_log line:61 [INFO] 实际结果：865
[2022-09-20 10:16:48,728] logger_util.py->write_log line:61 [INFO] 接口请求成功！
[2022-09-20 10:16:48,728] logger_util.py->write_log line:61 [INFO] -------------接口请求结束-----------

[2022-09-20 10:16:48,734] logger_util.py->write_log line:61 [INFO] -------------接口请求开始-----------
[2022-09-20 10:16:48,734] logger_util.py->write_log line:61 [INFO] 接口名称：新建工程15
[2022-09-20 10:16:48,734] logger_util.py->write_log line:61 [INFO] 接口方式：post
[2022-09-20 10:16:48,734] logger_util.py->write_log line:61 [INFO] 接口路径：http://127.0.0.1:18000/api/v1/project/node
[2022-09-20 10:16:48,734] logger_util.py->write_log line:61 [INFO] 请求头：{'Content-Type': 'application/json;charset=UTF-8'}
[2022-09-20 10:16:48,734] logger_util.py->write_log line:61 [INFO] 请求参数：{'name': '工程154722', 'path': 'E:\\APP\\CMS201', 'type': 1, 'parentId': 0}
[2022-09-20 10:16:48,734] logger_util.py->write_log line:61 [INFO] 文件上传：None
[2022-09-20 10:16:50,028] logger_util.py->write_log line:61 [INFO] 预期结果：[{'equals': {'status_code': 200}}]
[2022-09-20 10:16:50,028] logger_util.py->write_log line:61 [INFO] 实际结果：866
[2022-09-20 10:16:50,028] logger_util.py->write_log line:61 [INFO] 接口请求成功！
[2022-09-20 10:16:50,028] logger_util.py->write_log line:61 [INFO] -------------接口请求结束-----------

[2022-09-20 10:16:50,034] logger_util.py->write_log line:61 [INFO] -------------接口请求开始-----------
[2022-09-20 10:16:50,034] logger_util.py->write_log line:61 [INFO] 接口名称：新建工程16
[2022-09-20 10:16:50,034] logger_util.py->write_log line:61 [INFO] 接口方式：post
[2022-09-20 10:16:50,034] logger_util.py->write_log line:61 [INFO] 接口路径：http://127.0.0.1:18000/api/v1/project/node
[2022-09-20 10:16:50,034] logger_util.py->write_log line:61 [INFO] 请求头：{'Content-Type': 'application/json;charset=UTF-8'}
[2022-09-20 10:16:50,034] logger_util.py->write_log line:61 [INFO] 请求参数：{'name': '工程167068', 'path': 'E:\\APP\\CMS201', 'type': 1, 'parentId': 0}
[2022-09-20 10:16:50,034] logger_util.py->write_log line:61 [INFO] 文件上传：None
[2022-09-20 10:16:51,227] logger_util.py->write_log line:61 [INFO] 预期结果：[{'equals': {'status_code': 200}}]
[2022-09-20 10:16:51,227] logger_util.py->write_log line:61 [INFO] 实际结果：867
[2022-09-20 10:16:51,227] logger_util.py->write_log line:61 [INFO] 接口请求成功！
[2022-09-20 10:16:51,227] logger_util.py->write_log line:61 [INFO] -------------接口请求结束-----------

[2022-09-20 10:16:51,232] logger_util.py->write_log line:61 [INFO] -------------接口请求开始-----------
[2022-09-20 10:16:51,232] logger_util.py->write_log line:61 [INFO] 接口名称：新建工程17
[2022-09-20 10:16:51,232] logger_util.py->write_log line:61 [INFO] 接口方式：post
[2022-09-20 10:16:51,232] logger_util.py->write_log line:61 [INFO] 接口路径：http://127.0.0.1:18000/api/v1/project/node
[2022-09-20 10:16:51,232] logger_util.py->write_log line:61 [INFO] 请求头：{'Content-Type': 'application/json;charset=UTF-8'}
[2022-09-20 10:16:51,232] logger_util.py->write_log line:61 [INFO] 请求参数：{'name': '工程174273', 'path': 'E:\\APP\\CMS201', 'type': 1, 'parentId': 0}
[2022-09-20 10:16:51,232] logger_util.py->write_log line:61 [INFO] 文件上传：None
[2022-09-20 10:16:52,338] logger_util.py->write_log line:61 [INFO] 预期结果：[{'equals': {'status_code': 200}}]
[2022-09-20 10:16:52,339] logger_util.py->write_log line:61 [INFO] 实际结果：868
[2022-09-20 10:16:52,339] logger_util.py->write_log line:61 [INFO] 接口请求成功！
[2022-09-20 10:16:52,339] logger_util.py->write_log line:61 [INFO] -------------接口请求结束-----------

[2022-09-20 10:16:52,345] logger_util.py->write_log line:61 [INFO] -------------接口请求开始-----------
[2022-09-20 10:16:52,345] logger_util.py->write_log line:61 [INFO] 接口名称：新建工程18
[2022-09-20 10:16:52,345] logger_util.py->write_log line:61 [INFO] 接口方式：post
[2022-09-20 10:16:52,345] logger_util.py->write_log line:61 [INFO] 接口路径：http://127.0.0.1:18000/api/v1/project/node
[2022-09-20 10:16:52,345] logger_util.py->write_log line:61 [INFO] 请求头：{'Content-Type': 'application/json;charset=UTF-8'}
[2022-09-20 10:16:52,345] logger_util.py->write_log line:61 [INFO] 请求参数：{'name': '工程187476', 'path': 'E:\\APP\\CMS201', 'type': 1, 'parentId': 0}
[2022-09-20 10:16:52,345] logger_util.py->write_log line:61 [INFO] 文件上传：None
[2022-09-20 10:16:53,402] logger_util.py->write_log line:61 [INFO] 预期结果：[{'equals': {'status_code': 200}}]
[2022-09-20 10:16:53,402] logger_util.py->write_log line:61 [INFO] 实际结果：869
[2022-09-20 10:16:53,402] logger_util.py->write_log line:61 [INFO] 接口请求成功！
[2022-09-20 10:16:53,403] logger_util.py->write_log line:61 [INFO] -------------接口请求结束-----------

[2022-09-20 10:16:53,407] logger_util.py->write_log line:61 [INFO] -------------接口请求开始-----------
[2022-09-20 10:16:53,407] logger_util.py->write_log line:61 [INFO] 接口名称：新建工程19
[2022-09-20 10:16:53,407] logger_util.py->write_log line:61 [INFO] 接口方式：post
[2022-09-20 10:16:53,407] logger_util.py->write_log line:61 [INFO] 接口路径：http://127.0.0.1:18000/api/v1/project/node
[2022-09-20 10:16:53,407] logger_util.py->write_log line:61 [INFO] 请求头：{'Content-Type': 'application/json;charset=UTF-8'}
[2022-09-20 10:16:53,407] logger_util.py->write_log line:61 [INFO] 请求参数：{'name': '工程198657', 'path': 'E:\\APP\\CMS201', 'type': 1, 'parentId': 0}
[2022-09-20 10:16:53,408] logger_util.py->write_log line:61 [INFO] 文件上传：None
[2022-09-20 10:16:56,252] logger_util.py->write_log line:61 [INFO] 预期结果：[{'equals': {'status_code': 200}}]
[2022-09-20 10:16:56,252] logger_util.py->write_log line:61 [INFO] 实际结果：870
[2022-09-20 10:16:56,253] logger_util.py->write_log line:61 [INFO] 接口请求成功！
[2022-09-20 10:16:56,253] logger_util.py->write_log line:61 [INFO] -------------接口请求结束-----------

[2022-09-20 10:16:56,258] logger_util.py->write_log line:61 [INFO] -------------接口请求开始-----------
[2022-09-20 10:16:56,258] logger_util.py->write_log line:61 [INFO] 接口名称：新建工程20
[2022-09-20 10:16:56,259] logger_util.py->write_log line:61 [INFO] 接口方式：post
[2022-09-20 10:16:56,259] logger_util.py->write_log line:61 [INFO] 接口路径：http://127.0.0.1:18000/api/v1/project/node
[2022-09-20 10:16:56,259] logger_util.py->write_log line:61 [INFO] 请求头：{'Content-Type': 'application/json;charset=UTF-8'}
[2022-09-20 10:16:56,259] logger_util.py->write_log line:61 [INFO] 请求参数：{'name': '工程206238', 'path': 'E:\\APP\\CMS201', 'type': 1, 'parentId': 0}
[2022-09-20 10:16:56,259] logger_util.py->write_log line:61 [INFO] 文件上传：None
[2022-09-20 10:16:59,015] logger_util.py->write_log line:61 [INFO] 预期结果：[{'equals': {'status_code': 200}}]
[2022-09-20 10:16:59,015] logger_util.py->write_log line:61 [INFO] 实际结果：871
[2022-09-20 10:16:59,015] logger_util.py->write_log line:61 [INFO] 接口请求成功！
[2022-09-20 10:16:59,015] logger_util.py->write_log line:61 [INFO] -------------接口请求结束-----------

