[2023-05-28 15:19:53,689] logger_util.py->write_log line:61 [INFO] -------------接口请求开始-----------
[2023-05-28 15:19:53,690] logger_util.py->write_log line:61 [INFO] 接口名称：创建归档表
[2023-05-28 15:19:53,690] logger_util.py->write_log line:61 [INFO] 接口方式：post
[2023-05-28 15:19:53,690] logger_util.py->write_log line:61 [INFO] 接口路径：http://192.168.4.12:18000/api/v1/dataconfig/filingtable
[2023-05-28 15:19:53,690] logger_util.py->write_log line:61 [INFO] 请求头：{'Content-Type': 'application/json;charset=UTF-8', 'X-Project': 'b32d81056e124620b809e92f49cdf3d4'}
[2023-05-28 15:19:53,690] logger_util.py->write_log line:61 [INFO] 请求参数：{'folderId': '00000000-0000-0000-0000-000000000000', 'name': '归档表36', 'sort': 2}
[2023-05-28 15:19:53,691] logger_util.py->write_log line:61 [INFO] 文件上传：None
[2023-05-28 15:19:53,849] logger_util.py->write_log line:61 [INFO] 预期结果：[{'equals': {'status_code': 200}}, {'equals': {'sort': 2}}, {'contains': 'id'}]
[2023-05-28 15:19:53,850] logger_util.py->write_log line:61 [INFO] 实际结果：{'id': '1821ca58-469d-48d9-bfd4-5a283d28ab9f', 'folderId': '00000000-0000-0000-0000-000000000000', 'name': '归档表36', 'sort': 2, 'createDateTime': '2023-05-28T15:19:53.8421274+08:00', 'operationTypes': [1, 2, 3, 4], 'functionTypes': [1, 2, 3, 4], 'extendedHeaders': ['记录时间'], 'cacheConfig_EnableCache': False, 'cacheConfig_QuantityLimit': 0, 'cacheConfig_TimeSpanLimit': 0, 'cacheConfig_TimeSpanLimitUnit': 0, 'cacheConfig_ClearCache': '', 'storageConfig_ScheduledClear': False, 'storageConfig_ClearTriggerTime': None, 'storageConfig_ClearFrequency': 0, 'storageConfig_ClearFrequencyUnit': 0, 'storageConfig_ClearRetain': 0, 'storageConfig_ClearRetainUnit': 0, 'storageConfig_ScheduledBackup': False, 'storageConfig_BackupTriggerTime': None, 'storageConfig_BackupFrequency': 0, 'storageConfig_BackupFrequencyUnit': 0, 'storageConfig_BackupPath': ''}
[2023-05-28 15:19:53,850] logger_util.py->write_log line:61 [INFO] 接口请求成功！
[2023-05-28 15:19:53,850] logger_util.py->write_log line:61 [INFO] -------------接口请求结束-----------

[2023-05-28 15:19:53,860] logger_util.py->write_log line:61 [INFO] -------------接口请求开始-----------
[2023-05-28 15:19:53,860] logger_util.py->write_log line:61 [INFO] 接口名称：创建聚合表
[2023-05-28 15:19:53,860] logger_util.py->write_log line:61 [INFO] 接口方式：post
[2023-05-28 15:19:53,860] logger_util.py->write_log line:61 [INFO] 接口路径：http://192.168.4.12:18000/api/v1/dataconfig/aggregatetable
[2023-05-28 15:19:53,860] logger_util.py->write_log line:61 [INFO] 请求头：{'Content-Type': 'application/json;charset=UTF-8', 'X-Project': 'b32d81056e124620b809e92f49cdf3d4'}
[2023-05-28 15:19:53,860] logger_util.py->write_log line:61 [INFO] 请求参数：{'folderId': '00000000-0000-0000-0000-000000000000', 'name': '聚合表32', 'sort': 3, 'tableId': '1821ca58-469d-48d9-bfd4-5a283d28ab9f', 'nodeType': 3}
[2023-05-28 15:19:53,860] logger_util.py->write_log line:61 [INFO] 文件上传：None
[2023-05-28 15:19:53,969] logger_util.py->write_log line:61 [INFO] 预期结果：[{'equals': {'status_code': 200}}, {'equals': {'sort': 3}}, {'contains': 'id'}]
[2023-05-28 15:19:53,969] logger_util.py->write_log line:61 [INFO] 实际结果：{'id': 'd553207f-03f2-4fac-b4cf-09db73e03d45', 'folderId': '00000000-0000-0000-0000-000000000000', 'relativeTableId': '1821ca58-469d-48d9-bfd4-5a283d28ab9f', 'relativeType': 3, 'name': '聚合表32', 'sort': 3, 'createDateTime': '2023-05-28T15:19:53.9678802+08:00', 'preConditionType': 0, 'operationTypes': [1, 2, 3, 4], 'functionTypes': [2, 3, 4], 'extendedHeaders': ['记录时间'], 'storageConfig_ScheduledClear': False, 'storageConfig_ClearTriggerTime': None, 'storageConfig_ClearFrequency': 0, 'storageConfig_ClearFrequencyUnit': 0, 'storageConfig_ClearRetain': 0, 'storageConfig_ClearRetainUnit': 0, 'storageConfig_ScheduledBackup': False, 'storageConfig_BackupTriggerTime': None, 'storageConfig_BackupFrequency': 0, 'storageConfig_BackupFrequencyUnit': 0, 'storageConfig_BackupPath': ''}
[2023-05-28 15:19:53,969] logger_util.py->write_log line:61 [INFO] 接口请求成功！
[2023-05-28 15:19:53,969] logger_util.py->write_log line:61 [INFO] -------------接口请求结束-----------

[2023-05-28 15:19:53,979] logger_util.py->write_log line:61 [INFO] -------------接口请求开始-----------
[2023-05-28 15:19:53,979] logger_util.py->write_log line:61 [INFO] 接口名称：获取聚合表
[2023-05-28 15:19:53,979] logger_util.py->write_log line:61 [INFO] 接口方式：get
[2023-05-28 15:19:53,979] logger_util.py->write_log line:61 [INFO] 接口路径：http://192.168.4.12:18000/api/v1/dataconfig/aggregatetable/d553207f-03f2-4fac-b4cf-09db73e03d45
[2023-05-28 15:19:53,980] logger_util.py->write_log line:61 [INFO] 请求头：{'Content-Type': 'application/json;charset=UTF-8', 'X-Project': 'b32d81056e124620b809e92f49cdf3d4'}
[2023-05-28 15:19:53,980] logger_util.py->write_log line:61 [INFO] 文件上传：None
[2023-05-28 15:19:53,989] logger_util.py->write_log line:61 [INFO] 预期结果：[{'equals': {'status_code': 200}}]
[2023-05-28 15:19:53,989] logger_util.py->write_log line:61 [INFO] 实际结果：{'id': 'd553207f-03f2-4fac-b4cf-09db73e03d45', 'folderId': '00000000-0000-0000-0000-000000000000', 'relativeTableId': '1821ca58-469d-48d9-bfd4-5a283d28ab9f', 'relativeType': 3, 'name': '聚合表32', 'createDateTime': '2023-05-28T15:19:53.9678802', 'preConditionType': 0, 'relativeTableName': None}
[2023-05-28 15:19:53,989] logger_util.py->write_log line:61 [INFO] 接口请求成功！
[2023-05-28 15:19:53,990] logger_util.py->write_log line:61 [INFO] -------------接口请求结束-----------

[2023-05-28 15:19:53,995] logger_util.py->write_log line:61 [INFO] -------------接口请求开始-----------
[2023-05-28 15:19:53,995] logger_util.py->write_log line:61 [INFO] 接口名称：获取所有聚合表
[2023-05-28 15:19:53,995] logger_util.py->write_log line:61 [INFO] 接口方式：get
[2023-05-28 15:19:53,995] logger_util.py->write_log line:61 [INFO] 接口路径：http://192.168.4.12:18000/api/v1/dataconfig/aggregatetable
[2023-05-28 15:19:53,995] logger_util.py->write_log line:61 [INFO] 请求头：{'Content-Type': 'application/json;charset=UTF-8', 'X-Project': 'b32d81056e124620b809e92f49cdf3d4'}
[2023-05-28 15:19:53,996] logger_util.py->write_log line:61 [INFO] 文件上传：None
[2023-05-28 15:19:54,004] logger_util.py->error_log line:65 [INFO] 断言失败：返回结果不包含字符串：id
[2023-05-28 15:19:54,004] logger_util.py->write_log line:61 [INFO] 接口请求失败！
[2023-05-28 15:19:54,004] logger_util.py->write_log line:61 [INFO] -------------接口请求结束-----------

[2023-05-28 15:19:54,005] logger_util.py->error_log line:65 [INFO] 断言异常：异常信息: Traceback (most recent call last):
  File "E:\Project_python\2TestCMS2.0\common\requests_util.py", line 363, in validate_result
    error_log("断言失败：返回结果不包含字符串：" + value)
  File "E:\Project_python\2TestCMS2.0\common\logger_util.py", line 66, in error_log
    raise Exception(log_message)
Exception: 断言失败：返回结果不包含字符串：id

[2023-05-28 15:19:54,005] logger_util.py->error_log line:65 [INFO] 分析YAML文件异常：异常信息: Traceback (most recent call last):
  File "E:\Project_python\2TestCMS2.0\common\requests_util.py", line 363, in validate_result
    error_log("断言失败：返回结果不包含字符串：" + value)
  File "E:\Project_python\2TestCMS2.0\common\logger_util.py", line 66, in error_log
    raise Exception(log_message)
Exception: 断言失败：返回结果不包含字符串：id

During handling of the above exception, another exception occurred:

Traceback (most recent call last):
  File "E:\Project_python\2TestCMS2.0\common\requests_util.py", line 230, in analysis_yaml
    self.validate_result(yq_result, return_data, status_code)
  File "E:\Project_python\2TestCMS2.0\common\requests_util.py", line 398, in validate_result
    error_log("断言异常：异常信息: %s" % str(traceback.format_exc()))
  File "E:\Project_python\2TestCMS2.0\common\logger_util.py", line 66, in error_log
    raise Exception(log_message)
Exception: 断言异常：异常信息: Traceback (most recent call last):
  File "E:\Project_python\2TestCMS2.0\common\requests_util.py", line 363, in validate_result
    error_log("断言失败：返回结果不包含字符串：" + value)
  File "E:\Project_python\2TestCMS2.0\common\logger_util.py", line 66, in error_log
    raise Exception(log_message)
Exception: 断言失败：返回结果不包含字符串：id


