[2022-09-20 10:05:52,012] logger_util.py->write_log line:61 [INFO] -------------接口请求开始-----------
[2022-09-20 10:05:52,012] logger_util.py->write_log line:61 [INFO] 接口名称：新建工程1
[2022-09-20 10:05:52,012] logger_util.py->write_log line:61 [INFO] 接口方式：post
[2022-09-20 10:05:52,012] logger_util.py->write_log line:61 [INFO] 接口路径：http://127.0.0.1:18000/api/v1/project/node
[2022-09-20 10:05:52,012] logger_util.py->write_log line:61 [INFO] 请求头：{'Content-Type': 'application/json;charset=UTF-8'}
[2022-09-20 10:05:52,012] logger_util.py->write_log line:61 [INFO] 请求参数：{'name': '工程15189', 'path': 'E:\\APP\\CMS201', 'type': 1, 'parentId': 0}
[2022-09-20 10:05:52,012] logger_util.py->write_log line:61 [INFO] 文件上传：None
[2022-09-20 10:05:53,410] logger_util.py->write_log line:61 [INFO] 预期结果：[{'equals': {'status_code': 200}}]
[2022-09-20 10:05:53,410] logger_util.py->write_log line:61 [INFO] 实际结果：792
[2022-09-20 10:05:53,410] logger_util.py->write_log line:61 [INFO] 接口请求成功！
[2022-09-20 10:05:53,410] logger_util.py->write_log line:61 [INFO] -------------接口请求结束-----------

[2022-09-20 10:05:53,410] logger_util.py->write_log line:61 [INFO] -------------接口请求开始-----------
[2022-09-20 10:05:53,410] logger_util.py->write_log line:61 [INFO] 接口名称：新建工程2
[2022-09-20 10:05:53,410] logger_util.py->write_log line:61 [INFO] 接口方式：post
[2022-09-20 10:05:53,410] logger_util.py->write_log line:61 [INFO] 接口路径：http://127.0.0.1:18000/api/v1/project/node
[2022-09-20 10:05:53,410] logger_util.py->write_log line:61 [INFO] 请求头：{'Content-Type': 'application/json;charset=UTF-8'}
[2022-09-20 10:05:53,410] logger_util.py->write_log line:61 [INFO] 请求参数：{'name': '工程25270', 'path': 'E:\\APP\\CMS201', 'type': 1, 'parentId': 0}
[2022-09-20 10:05:53,410] logger_util.py->write_log line:61 [INFO] 文件上传：None
[2022-09-20 10:05:54,530] logger_util.py->write_log line:61 [INFO] 预期结果：[{'equals': {'status_code': 200}}]
[2022-09-20 10:05:54,530] logger_util.py->write_log line:61 [INFO] 实际结果：793
[2022-09-20 10:05:54,530] logger_util.py->write_log line:61 [INFO] 接口请求成功！
[2022-09-20 10:05:54,530] logger_util.py->write_log line:61 [INFO] -------------接口请求结束-----------

[2022-09-20 10:05:54,530] logger_util.py->write_log line:61 [INFO] -------------接口请求开始-----------
[2022-09-20 10:05:54,530] logger_util.py->write_log line:61 [INFO] 接口名称：新建工程3
[2022-09-20 10:05:54,530] logger_util.py->write_log line:61 [INFO] 接口方式：post
[2022-09-20 10:05:54,530] logger_util.py->write_log line:61 [INFO] 接口路径：http://127.0.0.1:18000/api/v1/project/node
[2022-09-20 10:05:54,530] logger_util.py->write_log line:61 [INFO] 请求头：{'Content-Type': 'application/json;charset=UTF-8'}
[2022-09-20 10:05:54,530] logger_util.py->write_log line:61 [INFO] 请求参数：{'name': '工程39668', 'path': 'E:\\APP\\CMS201', 'type': 1, 'parentId': 0}
[2022-09-20 10:05:54,530] logger_util.py->write_log line:61 [INFO] 文件上传：None
[2022-09-20 10:05:55,743] logger_util.py->write_log line:61 [INFO] 预期结果：[{'equals': {'status_code': 200}}]
[2022-09-20 10:05:55,743] logger_util.py->write_log line:61 [INFO] 实际结果：794
[2022-09-20 10:05:55,743] logger_util.py->write_log line:61 [INFO] 接口请求成功！
[2022-09-20 10:05:55,743] logger_util.py->write_log line:61 [INFO] -------------接口请求结束-----------

[2022-09-20 10:05:55,758] logger_util.py->write_log line:61 [INFO] -------------接口请求开始-----------
[2022-09-20 10:05:55,758] logger_util.py->write_log line:61 [INFO] 接口名称：新建工程4
[2022-09-20 10:05:55,758] logger_util.py->write_log line:61 [INFO] 接口方式：post
[2022-09-20 10:05:55,758] logger_util.py->write_log line:61 [INFO] 接口路径：http://127.0.0.1:18000/api/v1/project/node
[2022-09-20 10:05:55,758] logger_util.py->write_log line:61 [INFO] 请求头：{'Content-Type': 'application/json;charset=UTF-8'}
[2022-09-20 10:05:55,758] logger_util.py->write_log line:61 [INFO] 请求参数：{'name': '工程43220', 'path': 'E:\\APP\\CMS201', 'type': 1, 'parentId': 0}
[2022-09-20 10:05:55,758] logger_util.py->write_log line:61 [INFO] 文件上传：None
[2022-09-20 10:05:57,120] logger_util.py->write_log line:61 [INFO] 预期结果：[{'equals': {'status_code': 200}}]
[2022-09-20 10:05:57,120] logger_util.py->write_log line:61 [INFO] 实际结果：795
[2022-09-20 10:05:57,120] logger_util.py->write_log line:61 [INFO] 接口请求成功！
[2022-09-20 10:05:57,120] logger_util.py->write_log line:61 [INFO] -------------接口请求结束-----------

[2022-09-20 10:05:57,120] logger_util.py->write_log line:61 [INFO] -------------接口请求开始-----------
[2022-09-20 10:05:57,120] logger_util.py->write_log line:61 [INFO] 接口名称：新建工程5
[2022-09-20 10:05:57,120] logger_util.py->write_log line:61 [INFO] 接口方式：post
[2022-09-20 10:05:57,120] logger_util.py->write_log line:61 [INFO] 接口路径：http://127.0.0.1:18000/api/v1/project/node
[2022-09-20 10:05:57,120] logger_util.py->write_log line:61 [INFO] 请求头：{'Content-Type': 'application/json;charset=UTF-8'}
[2022-09-20 10:05:57,120] logger_util.py->write_log line:61 [INFO] 请求参数：{'name': '工程51679', 'path': 'E:\\APP\\CMS201', 'type': 1, 'parentId': 0}
[2022-09-20 10:05:57,120] logger_util.py->write_log line:61 [INFO] 文件上传：None
[2022-09-20 10:05:58,454] logger_util.py->write_log line:61 [INFO] 预期结果：[{'equals': {'status_code': 200}}]
[2022-09-20 10:05:58,454] logger_util.py->write_log line:61 [INFO] 实际结果：796
[2022-09-20 10:05:58,454] logger_util.py->write_log line:61 [INFO] 接口请求成功！
[2022-09-20 10:05:58,454] logger_util.py->write_log line:61 [INFO] -------------接口请求结束-----------

[2022-09-20 10:05:58,454] logger_util.py->write_log line:61 [INFO] -------------接口请求开始-----------
[2022-09-20 10:05:58,454] logger_util.py->write_log line:61 [INFO] 接口名称：新建工程6
[2022-09-20 10:05:58,454] logger_util.py->write_log line:61 [INFO] 接口方式：post
[2022-09-20 10:05:58,454] logger_util.py->write_log line:61 [INFO] 接口路径：http://127.0.0.1:18000/api/v1/project/node
[2022-09-20 10:05:58,469] logger_util.py->write_log line:61 [INFO] 请求头：{'Content-Type': 'application/json;charset=UTF-8'}
[2022-09-20 10:05:58,469] logger_util.py->write_log line:61 [INFO] 请求参数：{'name': '工程64926', 'path': 'E:\\APP\\CMS201', 'type': 1, 'parentId': 0}
[2022-09-20 10:05:58,469] logger_util.py->write_log line:61 [INFO] 文件上传：None
[2022-09-20 10:05:59,718] logger_util.py->write_log line:61 [INFO] 预期结果：[{'equals': {'status_code': 200}}]
[2022-09-20 10:05:59,718] logger_util.py->write_log line:61 [INFO] 实际结果：797
[2022-09-20 10:05:59,718] logger_util.py->write_log line:61 [INFO] 接口请求成功！
[2022-09-20 10:05:59,718] logger_util.py->write_log line:61 [INFO] -------------接口请求结束-----------

[2022-09-20 10:05:59,718] logger_util.py->write_log line:61 [INFO] -------------接口请求开始-----------
[2022-09-20 10:05:59,718] logger_util.py->write_log line:61 [INFO] 接口名称：新建工程7
[2022-09-20 10:05:59,718] logger_util.py->write_log line:61 [INFO] 接口方式：post
[2022-09-20 10:05:59,718] logger_util.py->write_log line:61 [INFO] 接口路径：http://127.0.0.1:18000/api/v1/project/node
[2022-09-20 10:05:59,718] logger_util.py->write_log line:61 [INFO] 请求头：{'Content-Type': 'application/json;charset=UTF-8'}
[2022-09-20 10:05:59,718] logger_util.py->write_log line:61 [INFO] 请求参数：{'name': '工程72975', 'path': 'E:\\APP\\CMS201', 'type': 1, 'parentId': 0}
[2022-09-20 10:05:59,718] logger_util.py->write_log line:61 [INFO] 文件上传：None
[2022-09-20 10:06:00,956] logger_util.py->write_log line:61 [INFO] 预期结果：[{'equals': {'status_code': 200}}]
[2022-09-20 10:06:00,956] logger_util.py->write_log line:61 [INFO] 实际结果：798
[2022-09-20 10:06:00,956] logger_util.py->write_log line:61 [INFO] 接口请求成功！
[2022-09-20 10:06:00,956] logger_util.py->write_log line:61 [INFO] -------------接口请求结束-----------

[2022-09-20 10:06:00,956] logger_util.py->write_log line:61 [INFO] -------------接口请求开始-----------
[2022-09-20 10:06:00,956] logger_util.py->write_log line:61 [INFO] 接口名称：新建工程8
[2022-09-20 10:06:00,956] logger_util.py->write_log line:61 [INFO] 接口方式：post
[2022-09-20 10:06:00,956] logger_util.py->write_log line:61 [INFO] 接口路径：http://127.0.0.1:18000/api/v1/project/node
[2022-09-20 10:06:00,956] logger_util.py->write_log line:61 [INFO] 请求头：{'Content-Type': 'application/json;charset=UTF-8'}
[2022-09-20 10:06:00,956] logger_util.py->write_log line:61 [INFO] 请求参数：{'name': '工程83351', 'path': 'E:\\APP\\CMS201', 'type': 1, 'parentId': 0}
[2022-09-20 10:06:00,956] logger_util.py->write_log line:61 [INFO] 文件上传：None
[2022-09-20 10:06:02,280] logger_util.py->write_log line:61 [INFO] 预期结果：[{'equals': {'status_code': 200}}]
[2022-09-20 10:06:02,280] logger_util.py->write_log line:61 [INFO] 实际结果：799
[2022-09-20 10:06:02,280] logger_util.py->write_log line:61 [INFO] 接口请求成功！
[2022-09-20 10:06:02,280] logger_util.py->write_log line:61 [INFO] -------------接口请求结束-----------

[2022-09-20 10:06:02,280] logger_util.py->write_log line:61 [INFO] -------------接口请求开始-----------
[2022-09-20 10:06:02,280] logger_util.py->write_log line:61 [INFO] 接口名称：新建工程9
[2022-09-20 10:06:02,280] logger_util.py->write_log line:61 [INFO] 接口方式：post
[2022-09-20 10:06:02,280] logger_util.py->write_log line:61 [INFO] 接口路径：http://127.0.0.1:18000/api/v1/project/node
[2022-09-20 10:06:02,280] logger_util.py->write_log line:61 [INFO] 请求头：{'Content-Type': 'application/json;charset=UTF-8'}
[2022-09-20 10:06:02,280] logger_util.py->write_log line:61 [INFO] 请求参数：{'name': '工程97636', 'path': 'E:\\APP\\CMS201', 'type': 1, 'parentId': 0}
[2022-09-20 10:06:02,280] logger_util.py->write_log line:61 [INFO] 文件上传：None
[2022-09-20 10:06:03,401] logger_util.py->write_log line:61 [INFO] 预期结果：[{'equals': {'status_code': 200}}]
[2022-09-20 10:06:03,401] logger_util.py->write_log line:61 [INFO] 实际结果：800
[2022-09-20 10:06:03,401] logger_util.py->write_log line:61 [INFO] 接口请求成功！
[2022-09-20 10:06:03,401] logger_util.py->write_log line:61 [INFO] -------------接口请求结束-----------

[2022-09-20 10:06:03,401] logger_util.py->write_log line:61 [INFO] -------------接口请求开始-----------
[2022-09-20 10:06:03,401] logger_util.py->write_log line:61 [INFO] 接口名称：新建工程10
[2022-09-20 10:06:03,401] logger_util.py->write_log line:61 [INFO] 接口方式：post
[2022-09-20 10:06:03,401] logger_util.py->write_log line:61 [INFO] 接口路径：http://127.0.0.1:18000/api/v1/project/node
[2022-09-20 10:06:03,401] logger_util.py->write_log line:61 [INFO] 请求头：{'Content-Type': 'application/json;charset=UTF-8'}
[2022-09-20 10:06:03,401] logger_util.py->write_log line:61 [INFO] 请求参数：{'name': '工程109204', 'path': 'E:\\APP\\CMS201', 'type': 1, 'parentId': 0}
[2022-09-20 10:06:03,401] logger_util.py->write_log line:61 [INFO] 文件上传：None
[2022-09-20 10:06:04,509] logger_util.py->write_log line:61 [INFO] 预期结果：[{'equals': {'status_code': 200}}]
[2022-09-20 10:06:04,509] logger_util.py->write_log line:61 [INFO] 实际结果：801
[2022-09-20 10:06:04,509] logger_util.py->write_log line:61 [INFO] 接口请求成功！
[2022-09-20 10:06:04,509] logger_util.py->write_log line:61 [INFO] -------------接口请求结束-----------

[2022-09-20 10:06:04,525] logger_util.py->write_log line:61 [INFO] -------------接口请求开始-----------
[2022-09-20 10:06:04,525] logger_util.py->write_log line:61 [INFO] 接口名称：新建工程11
[2022-09-20 10:06:04,525] logger_util.py->write_log line:61 [INFO] 接口方式：post
[2022-09-20 10:06:04,525] logger_util.py->write_log line:61 [INFO] 接口路径：http://127.0.0.1:18000/api/v1/project/node
[2022-09-20 10:06:04,525] logger_util.py->write_log line:61 [INFO] 请求头：{'Content-Type': 'application/json;charset=UTF-8'}
[2022-09-20 10:06:04,525] logger_util.py->write_log line:61 [INFO] 请求参数：{'name': '工程119797', 'path': 'E:\\APP\\CMS201', 'type': 1, 'parentId': 0}
[2022-09-20 10:06:04,525] logger_util.py->write_log line:61 [INFO] 文件上传：None
[2022-09-20 10:06:05,656] logger_util.py->write_log line:61 [INFO] 预期结果：[{'equals': {'status_code': 200}}]
[2022-09-20 10:06:05,656] logger_util.py->write_log line:61 [INFO] 实际结果：802
[2022-09-20 10:06:05,656] logger_util.py->write_log line:61 [INFO] 接口请求成功！
[2022-09-20 10:06:05,656] logger_util.py->write_log line:61 [INFO] -------------接口请求结束-----------

[2022-09-20 10:06:05,672] logger_util.py->write_log line:61 [INFO] -------------接口请求开始-----------
[2022-09-20 10:06:05,672] logger_util.py->write_log line:61 [INFO] 接口名称：新建工程12
[2022-09-20 10:06:05,672] logger_util.py->write_log line:61 [INFO] 接口方式：post
[2022-09-20 10:06:05,672] logger_util.py->write_log line:61 [INFO] 接口路径：http://127.0.0.1:18000/api/v1/project/node
[2022-09-20 10:06:05,672] logger_util.py->write_log line:61 [INFO] 请求头：{'Content-Type': 'application/json;charset=UTF-8'}
[2022-09-20 10:06:05,672] logger_util.py->write_log line:61 [INFO] 请求参数：{'name': '工程127900', 'path': 'E:\\APP\\CMS201', 'type': 1, 'parentId': 0}
[2022-09-20 10:06:05,672] logger_util.py->write_log line:61 [INFO] 文件上传：None
[2022-09-20 10:06:08,333] logger_util.py->write_log line:61 [INFO] 预期结果：[{'equals': {'status_code': 200}}]
[2022-09-20 10:06:08,333] logger_util.py->write_log line:61 [INFO] 实际结果：803
[2022-09-20 10:06:08,333] logger_util.py->write_log line:61 [INFO] 接口请求成功！
[2022-09-20 10:06:08,333] logger_util.py->write_log line:61 [INFO] -------------接口请求结束-----------

[2022-09-20 10:06:08,333] logger_util.py->write_log line:61 [INFO] -------------接口请求开始-----------
[2022-09-20 10:06:08,333] logger_util.py->write_log line:61 [INFO] 接口名称：新建工程13
[2022-09-20 10:06:08,333] logger_util.py->write_log line:61 [INFO] 接口方式：post
[2022-09-20 10:06:08,333] logger_util.py->write_log line:61 [INFO] 接口路径：http://127.0.0.1:18000/api/v1/project/node
[2022-09-20 10:06:08,333] logger_util.py->write_log line:61 [INFO] 请求头：{'Content-Type': 'application/json;charset=UTF-8'}
[2022-09-20 10:06:08,333] logger_util.py->write_log line:61 [INFO] 请求参数：{'name': '工程139529', 'path': 'E:\\APP\\CMS201', 'type': 1, 'parentId': 0}
[2022-09-20 10:06:08,333] logger_util.py->write_log line:61 [INFO] 文件上传：None
[2022-09-20 10:06:11,199] logger_util.py->write_log line:61 [INFO] 预期结果：[{'equals': {'status_code': 200}}]
[2022-09-20 10:06:11,199] logger_util.py->write_log line:61 [INFO] 实际结果：804
[2022-09-20 10:06:11,199] logger_util.py->write_log line:61 [INFO] 接口请求成功！
[2022-09-20 10:06:11,199] logger_util.py->write_log line:61 [INFO] -------------接口请求结束-----------

[2022-09-20 10:06:11,199] logger_util.py->write_log line:61 [INFO] -------------接口请求开始-----------
[2022-09-20 10:06:11,199] logger_util.py->write_log line:61 [INFO] 接口名称：新建工程14
[2022-09-20 10:06:11,199] logger_util.py->write_log line:61 [INFO] 接口方式：post
[2022-09-20 10:06:11,199] logger_util.py->write_log line:61 [INFO] 接口路径：http://127.0.0.1:18000/api/v1/project/node
[2022-09-20 10:06:11,199] logger_util.py->write_log line:61 [INFO] 请求头：{'Content-Type': 'application/json;charset=UTF-8'}
[2022-09-20 10:06:11,199] logger_util.py->write_log line:61 [INFO] 请求参数：{'name': '工程143172', 'path': 'E:\\APP\\CMS201', 'type': 1, 'parentId': 0}
[2022-09-20 10:06:11,199] logger_util.py->write_log line:61 [INFO] 文件上传：None
[2022-09-20 10:06:14,027] logger_util.py->write_log line:61 [INFO] 预期结果：[{'equals': {'status_code': 200}}]
[2022-09-20 10:06:14,027] logger_util.py->write_log line:61 [INFO] 实际结果：805
[2022-09-20 10:06:14,027] logger_util.py->write_log line:61 [INFO] 接口请求成功！
[2022-09-20 10:06:14,027] logger_util.py->write_log line:61 [INFO] -------------接口请求结束-----------

[2022-09-20 10:06:14,027] logger_util.py->write_log line:61 [INFO] -------------接口请求开始-----------
[2022-09-20 10:06:14,027] logger_util.py->write_log line:61 [INFO] 接口名称：新建工程15
[2022-09-20 10:06:14,027] logger_util.py->write_log line:61 [INFO] 接口方式：post
[2022-09-20 10:06:14,027] logger_util.py->write_log line:61 [INFO] 接口路径：http://127.0.0.1:18000/api/v1/project/node
[2022-09-20 10:06:14,027] logger_util.py->write_log line:61 [INFO] 请求头：{'Content-Type': 'application/json;charset=UTF-8'}
[2022-09-20 10:06:14,027] logger_util.py->write_log line:61 [INFO] 请求参数：{'name': '工程151313', 'path': 'E:\\APP\\CMS201', 'type': 1, 'parentId': 0}
[2022-09-20 10:06:14,027] logger_util.py->write_log line:61 [INFO] 文件上传：None
[2022-09-20 10:06:16,783] logger_util.py->write_log line:61 [INFO] 预期结果：[{'equals': {'status_code': 200}}]
[2022-09-20 10:06:16,783] logger_util.py->write_log line:61 [INFO] 实际结果：806
[2022-09-20 10:06:16,783] logger_util.py->write_log line:61 [INFO] 接口请求成功！
[2022-09-20 10:06:16,783] logger_util.py->write_log line:61 [INFO] -------------接口请求结束-----------

[2022-09-20 10:06:16,783] logger_util.py->write_log line:61 [INFO] -------------接口请求开始-----------
[2022-09-20 10:06:16,783] logger_util.py->write_log line:61 [INFO] 接口名称：新建工程16
[2022-09-20 10:06:16,783] logger_util.py->write_log line:61 [INFO] 接口方式：post
[2022-09-20 10:06:16,783] logger_util.py->write_log line:61 [INFO] 接口路径：http://127.0.0.1:18000/api/v1/project/node
[2022-09-20 10:06:16,783] logger_util.py->write_log line:61 [INFO] 请求头：{'Content-Type': 'application/json;charset=UTF-8'}
[2022-09-20 10:06:16,783] logger_util.py->write_log line:61 [INFO] 请求参数：{'name': '工程164017', 'path': 'E:\\APP\\CMS201', 'type': 1, 'parentId': 0}
[2022-09-20 10:06:16,783] logger_util.py->write_log line:61 [INFO] 文件上传：None
[2022-09-20 10:06:19,939] logger_util.py->write_log line:61 [INFO] 预期结果：[{'equals': {'status_code': 200}}]
[2022-09-20 10:06:19,939] logger_util.py->write_log line:61 [INFO] 实际结果：807
[2022-09-20 10:06:19,939] logger_util.py->write_log line:61 [INFO] 接口请求成功！
[2022-09-20 10:06:19,939] logger_util.py->write_log line:61 [INFO] -------------接口请求结束-----------

[2022-09-20 10:06:19,954] logger_util.py->write_log line:61 [INFO] -------------接口请求开始-----------
[2022-09-20 10:06:19,954] logger_util.py->write_log line:61 [INFO] 接口名称：新建工程17
[2022-09-20 10:06:19,954] logger_util.py->write_log line:61 [INFO] 接口方式：post
[2022-09-20 10:06:19,954] logger_util.py->write_log line:61 [INFO] 接口路径：http://127.0.0.1:18000/api/v1/project/node
[2022-09-20 10:06:19,954] logger_util.py->write_log line:61 [INFO] 请求头：{'Content-Type': 'application/json;charset=UTF-8'}
[2022-09-20 10:06:19,954] logger_util.py->write_log line:61 [INFO] 请求参数：{'name': '工程175557', 'path': 'E:\\APP\\CMS201', 'type': 1, 'parentId': 0}
[2022-09-20 10:06:19,954] logger_util.py->write_log line:61 [INFO] 文件上传：None
[2022-09-20 10:06:22,696] logger_util.py->write_log line:61 [INFO] 预期结果：[{'equals': {'status_code': 200}}]
[2022-09-20 10:06:22,696] logger_util.py->write_log line:61 [INFO] 实际结果：808
[2022-09-20 10:06:22,696] logger_util.py->write_log line:61 [INFO] 接口请求成功！
[2022-09-20 10:06:22,696] logger_util.py->write_log line:61 [INFO] -------------接口请求结束-----------

[2022-09-20 10:06:22,696] logger_util.py->write_log line:61 [INFO] -------------接口请求开始-----------
[2022-09-20 10:06:22,696] logger_util.py->write_log line:61 [INFO] 接口名称：新建工程18
[2022-09-20 10:06:22,696] logger_util.py->write_log line:61 [INFO] 接口方式：post
[2022-09-20 10:06:22,696] logger_util.py->write_log line:61 [INFO] 接口路径：http://127.0.0.1:18000/api/v1/project/node
[2022-09-20 10:06:22,696] logger_util.py->write_log line:61 [INFO] 请求头：{'Content-Type': 'application/json;charset=UTF-8'}
[2022-09-20 10:06:22,696] logger_util.py->write_log line:61 [INFO] 请求参数：{'name': '工程186343', 'path': 'E:\\APP\\CMS201', 'type': 1, 'parentId': 0}
[2022-09-20 10:06:22,696] logger_util.py->write_log line:61 [INFO] 文件上传：None
[2022-09-20 10:06:25,406] logger_util.py->write_log line:61 [INFO] 预期结果：[{'equals': {'status_code': 200}}]
[2022-09-20 10:06:25,406] logger_util.py->write_log line:61 [INFO] 实际结果：809
[2022-09-20 10:06:25,406] logger_util.py->write_log line:61 [INFO] 接口请求成功！
[2022-09-20 10:06:25,406] logger_util.py->write_log line:61 [INFO] -------------接口请求结束-----------

[2022-09-20 10:06:25,406] logger_util.py->write_log line:61 [INFO] -------------接口请求开始-----------
[2022-09-20 10:06:25,406] logger_util.py->write_log line:61 [INFO] 接口名称：新建工程19
[2022-09-20 10:06:25,406] logger_util.py->write_log line:61 [INFO] 接口方式：post
[2022-09-20 10:06:25,406] logger_util.py->write_log line:61 [INFO] 接口路径：http://127.0.0.1:18000/api/v1/project/node
[2022-09-20 10:06:25,406] logger_util.py->write_log line:61 [INFO] 请求头：{'Content-Type': 'application/json;charset=UTF-8'}
[2022-09-20 10:06:25,406] logger_util.py->write_log line:61 [INFO] 请求参数：{'name': '工程197213', 'path': 'E:\\APP\\CMS201', 'type': 1, 'parentId': 0}
[2022-09-20 10:06:25,406] logger_util.py->write_log line:61 [INFO] 文件上传：None
[2022-09-20 10:06:28,117] logger_util.py->write_log line:61 [INFO] 预期结果：[{'equals': {'status_code': 200}}]
[2022-09-20 10:06:28,117] logger_util.py->write_log line:61 [INFO] 实际结果：810
[2022-09-20 10:06:28,117] logger_util.py->write_log line:61 [INFO] 接口请求成功！
[2022-09-20 10:06:28,117] logger_util.py->write_log line:61 [INFO] -------------接口请求结束-----------

[2022-09-20 10:06:28,117] logger_util.py->write_log line:61 [INFO] -------------接口请求开始-----------
[2022-09-20 10:06:28,117] logger_util.py->write_log line:61 [INFO] 接口名称：新建工程20
[2022-09-20 10:06:28,117] logger_util.py->write_log line:61 [INFO] 接口方式：post
[2022-09-20 10:06:28,117] logger_util.py->write_log line:61 [INFO] 接口路径：http://127.0.0.1:18000/api/v1/project/node
[2022-09-20 10:06:28,117] logger_util.py->write_log line:61 [INFO] 请求头：{'Content-Type': 'application/json;charset=UTF-8'}
[2022-09-20 10:06:28,117] logger_util.py->write_log line:61 [INFO] 请求参数：{'name': '工程204695', 'path': 'E:\\APP\\CMS201', 'type': 1, 'parentId': 0}
[2022-09-20 10:06:28,117] logger_util.py->write_log line:61 [INFO] 文件上传：None
[2022-09-20 10:06:29,810] logger_util.py->write_log line:61 [INFO] 预期结果：[{'equals': {'status_code': 200}}]
[2022-09-20 10:06:29,810] logger_util.py->write_log line:61 [INFO] 实际结果：811
[2022-09-20 10:06:29,810] logger_util.py->write_log line:61 [INFO] 接口请求成功！
[2022-09-20 10:06:29,810] logger_util.py->write_log line:61 [INFO] -------------接口请求结束-----------

