[2023-06-05 16:30:36,921] logger_util.py->write_log line:61 [INFO] -------------接口请求开始-----------
[2023-06-05 16:30:36,921] logger_util.py->write_log line:61 [INFO] 接口名称：创建报警文件夹
[2023-06-05 16:30:36,921] logger_util.py->write_log line:61 [INFO] 接口方式：post
[2023-06-05 16:30:36,921] logger_util.py->write_log line:61 [INFO] 接口路径：http://127.0.0.1:18000/api/v1/alarmfolder/add
[2023-06-05 16:30:36,921] logger_util.py->write_log line:61 [INFO] 请求头：{'Content-Type': 'application/json;charset=UTF-8', 'X-Project': 'da1746c3d0814e3da3c463b17bf73d6f'}
[2023-06-05 16:30:36,922] logger_util.py->write_log line:61 [INFO] 请求参数：{'name': '报警文件夹39', 'nodeType': 0}
[2023-06-05 16:30:36,922] logger_util.py->write_log line:61 [INFO] 文件上传：None
[2023-06-05 16:30:37,030] logger_util.py->write_log line:61 [INFO] 预期结果：[{'equals': {'status_code': 200}}, {'equals': {'nodeType': 0}}, {'contains': 'id'}]
[2023-06-05 16:30:37,030] logger_util.py->write_log line:61 [INFO] 实际结果：{'id': 'c8720530-4624-47d6-92eb-c1476a3eabdb', 'parentId': None, 'name': '报警文件夹39', 'nodeType': 0, 'sort': 4, 'children': None}
[2023-06-05 16:30:37,030] logger_util.py->write_log line:61 [INFO] 接口请求成功！
[2023-06-05 16:30:37,030] logger_util.py->write_log line:61 [INFO] -------------接口请求结束-----------

[2023-06-05 16:30:37,038] logger_util.py->write_log line:61 [INFO] -------------接口请求开始-----------
[2023-06-05 16:30:37,038] logger_util.py->write_log line:61 [INFO] 接口名称：创建报警组
[2023-06-05 16:30:37,038] logger_util.py->write_log line:61 [INFO] 接口方式：post
[2023-06-05 16:30:37,038] logger_util.py->write_log line:61 [INFO] 接口路径：http://127.0.0.1:18000/api/v1/alarmfolder/add
[2023-06-05 16:30:37,038] logger_util.py->write_log line:61 [INFO] 请求头：{'Content-Type': 'application/json;charset=UTF-8', 'X-Project': 'da1746c3d0814e3da3c463b17bf73d6f'}
[2023-06-05 16:30:37,038] logger_util.py->write_log line:61 [INFO] 请求参数：{'name': '报警组31', 'nodeType': 1, 'parentId': None}
[2023-06-05 16:30:37,038] logger_util.py->write_log line:61 [INFO] 文件上传：None
[2023-06-05 16:30:37,140] logger_util.py->write_log line:61 [INFO] 预期结果：[{'equals': {'status_code': 200}}, {'equals': {'nodeType': 1}}, {'contains': 'id'}]
[2023-06-05 16:30:37,140] logger_util.py->write_log line:61 [INFO] 实际结果：{'id': '7767eb71-6d85-421b-8bc7-e5c5fd8dab01', 'parentId': None, 'name': '报警组31', 'nodeType': 1, 'sort': 5, 'children': None}
[2023-06-05 16:30:37,140] logger_util.py->write_log line:61 [INFO] 接口请求成功！
[2023-06-05 16:30:37,140] logger_util.py->write_log line:61 [INFO] -------------接口请求结束-----------

[2023-06-05 16:30:37,154] logger_util.py->write_log line:61 [INFO] -------------接口请求开始-----------
[2023-06-05 16:30:37,154] logger_util.py->write_log line:61 [INFO] 接口名称：更新报警组
[2023-06-05 16:30:37,154] logger_util.py->write_log line:61 [INFO] 接口方式：put
[2023-06-05 16:30:37,154] logger_util.py->write_log line:61 [INFO] 接口路径：http://127.0.0.1:18000/api/v1/alarmfolder/update
[2023-06-05 16:30:37,154] logger_util.py->write_log line:61 [INFO] 请求头：{'Content-Type': 'application/json;charset=UTF-8', 'X-Project': 'da1746c3d0814e3da3c463b17bf73d6f'}
[2023-06-05 16:30:37,154] logger_util.py->write_log line:61 [INFO] 请求参数：{'id': 'c8720530-4624-47d6-92eb-c1476a3eabdb', 'parentId': None, 'name': '修改报警文件1', 'nodeType': 0, 'sort': 1, 'children': []}
[2023-06-05 16:30:37,156] logger_util.py->write_log line:61 [INFO] 文件上传：None
[2023-06-05 16:30:37,280] logger_util.py->write_log line:61 [INFO] 预期结果：[{'equals': {'status_code': 200}}, {'equals': {'nodeType': 0}}, {'contains': 'id'}]
[2023-06-05 16:30:37,280] logger_util.py->write_log line:61 [INFO] 实际结果：{'id': 'c8720530-4624-47d6-92eb-c1476a3eabdb', 'parentId': None, 'name': '修改报警文件1', 'nodeType': 0, 'sort': 4, 'children': None}
[2023-06-05 16:30:37,280] logger_util.py->write_log line:61 [INFO] 接口请求成功！
[2023-06-05 16:30:37,280] logger_util.py->write_log line:61 [INFO] -------------接口请求结束-----------

[2023-06-05 16:30:37,287] logger_util.py->write_log line:61 [INFO] -------------接口请求开始-----------
[2023-06-05 16:30:37,288] logger_util.py->write_log line:61 [INFO] 接口名称：更新报警组
[2023-06-05 16:30:37,288] logger_util.py->write_log line:61 [INFO] 接口方式：put
[2023-06-05 16:30:37,288] logger_util.py->write_log line:61 [INFO] 接口路径：http://127.0.0.1:18000/api/v1/alarmfolder/update
[2023-06-05 16:30:37,288] logger_util.py->write_log line:61 [INFO] 请求头：{'Content-Type': 'application/json;charset=UTF-8', 'X-Project': 'da1746c3d0814e3da3c463b17bf73d6f'}
[2023-06-05 16:30:37,288] logger_util.py->write_log line:61 [INFO] 请求参数：{'id': '7767eb71-6d85-421b-8bc7-e5c5fd8dab01', 'parentId': 'c8720530-4624-47d6-92eb-c1476a3eabdb', 'name': '修改报警组97', 'nodeType': 1, 'sort': 1, 'children': []}
[2023-06-05 16:30:37,288] logger_util.py->write_log line:61 [INFO] 文件上传：None
[2023-06-05 16:30:37,396] logger_util.py->write_log line:61 [INFO] 预期结果：[{'equals': {'status_code': 200}}, {'equals': {'nodeType': 1}}, {'contains': 'id'}]
[2023-06-05 16:30:37,396] logger_util.py->write_log line:61 [INFO] 实际结果：{'id': '7767eb71-6d85-421b-8bc7-e5c5fd8dab01', 'parentId': None, 'name': '修改报警组97', 'nodeType': 1, 'sort': 5, 'children': None}
[2023-06-05 16:30:37,396] logger_util.py->write_log line:61 [INFO] 接口请求成功！
[2023-06-05 16:30:37,396] logger_util.py->write_log line:61 [INFO] -------------接口请求结束-----------

[2023-06-05 16:30:37,415] logger_util.py->write_log line:61 [INFO] -------------接口请求开始-----------
[2023-06-05 16:30:37,415] logger_util.py->write_log line:61 [INFO] 接口名称：查询报警组树
[2023-06-05 16:30:37,415] logger_util.py->write_log line:61 [INFO] 接口方式：get
[2023-06-05 16:30:37,415] logger_util.py->write_log line:61 [INFO] 接口路径：http://127.0.0.1:18000/api/v1/alarmfolder/gettree
[2023-06-05 16:30:37,415] logger_util.py->write_log line:61 [INFO] 请求头：{'Content-Type': 'application/json;charset=UTF-8', 'X-Project': 'da1746c3d0814e3da3c463b17bf73d6f'}
[2023-06-05 16:30:37,415] logger_util.py->write_log line:61 [INFO] 文件上传：None
[2023-06-05 16:30:37,426] logger_util.py->write_log line:61 [INFO] 预期结果：[{'equals': {'status_code': 200}}]
[2023-06-05 16:30:37,426] logger_util.py->write_log line:61 [INFO] 实际结果：[{'id': 'c8720530-4624-47d6-92eb-c1476a3eabdb', 'parentId': None, 'name': '修改报警文件1', 'nodeType': 0, 'sort': 4, 'children': []}, {'id': '644dcc0d-e02f-4baf-abe8-65c9b12dfb2b', 'parentId': None, 'name': '报警组87', 'nodeType': 1, 'sort': 2, 'children': None}, {'id': 'dbbdf4a1-009f-42b9-9203-00a265f6e0a6', 'parentId': None, 'name': '报警组85', 'nodeType': 1, 'sort': 3, 'children': None}, {'id': '7767eb71-6d85-421b-8bc7-e5c5fd8dab01', 'parentId': None, 'name': '修改报警组97', 'nodeType': 1, 'sort': 5, 'children': None}]
[2023-06-05 16:30:37,426] logger_util.py->write_log line:61 [INFO] 接口请求成功！
[2023-06-05 16:30:37,426] logger_util.py->write_log line:61 [INFO] -------------接口请求结束-----------

[2023-06-05 16:30:37,432] logger_util.py->write_log line:61 [INFO] -------------接口请求开始-----------
[2023-06-05 16:30:37,432] logger_util.py->write_log line:61 [INFO] 接口名称：删除报警文件夹
[2023-06-05 16:30:37,432] logger_util.py->write_log line:61 [INFO] 接口方式：delete
[2023-06-05 16:30:37,432] logger_util.py->write_log line:61 [INFO] 接口路径：http://127.0.0.1:18000/api/v1/alarmfolder/delete
[2023-06-05 16:30:37,432] logger_util.py->write_log line:61 [INFO] 请求头：{'Content-Type': 'application/json;charset=UTF-8', 'X-Project': 'da1746c3d0814e3da3c463b17bf73d6f'}
[2023-06-05 16:30:37,432] logger_util.py->write_log line:61 [INFO] 请求参数：{'type': 0, 'id': 'c8720530-4624-47d6-92eb-c1476a3eabdb'}
[2023-06-05 16:30:37,433] logger_util.py->write_log line:61 [INFO] 文件上传：None
[2023-06-05 16:30:37,548] logger_util.py->write_log line:61 [INFO] 预期结果：[{'equals': {'status_code': 200}}]
[2023-06-05 16:30:37,549] logger_util.py->write_log line:61 [INFO] 实际结果：Delete Success
[2023-06-05 16:30:37,549] logger_util.py->write_log line:61 [INFO] 接口请求成功！
[2023-06-05 16:30:37,549] logger_util.py->write_log line:61 [INFO] -------------接口请求结束-----------

[2023-06-05 16:30:37,556] logger_util.py->write_log line:61 [INFO] -------------接口请求开始-----------
[2023-06-05 16:30:37,556] logger_util.py->write_log line:61 [INFO] 接口名称：删除报警组
[2023-06-05 16:30:37,556] logger_util.py->write_log line:61 [INFO] 接口方式：delete
[2023-06-05 16:30:37,556] logger_util.py->write_log line:61 [INFO] 接口路径：http://127.0.0.1:18000/api/v1/alarmfolder/delete
[2023-06-05 16:30:37,556] logger_util.py->write_log line:61 [INFO] 请求头：{'Content-Type': 'application/json;charset=UTF-8', 'X-Project': 'da1746c3d0814e3da3c463b17bf73d6f'}
[2023-06-05 16:30:37,556] logger_util.py->write_log line:61 [INFO] 请求参数：{'type': 1, 'id': '7767eb71-6d85-421b-8bc7-e5c5fd8dab01'}
[2023-06-05 16:30:37,556] logger_util.py->write_log line:61 [INFO] 文件上传：None
[2023-06-05 16:30:37,665] logger_util.py->write_log line:61 [INFO] 预期结果：[{'equals': {'status_code': 200}}]
[2023-06-05 16:30:37,665] logger_util.py->write_log line:61 [INFO] 实际结果：Delete Success
[2023-06-05 16:30:37,665] logger_util.py->write_log line:61 [INFO] 接口请求成功！
[2023-06-05 16:30:37,665] logger_util.py->write_log line:61 [INFO] -------------接口请求结束-----------

[2023-06-05 16:30:37,672] logger_util.py->write_log line:61 [INFO] -------------接口请求开始-----------
[2023-06-05 16:30:37,672] logger_util.py->write_log line:61 [INFO] 接口名称：创建报警组
[2023-06-05 16:30:37,672] logger_util.py->write_log line:61 [INFO] 接口方式：post
[2023-06-05 16:30:37,672] logger_util.py->write_log line:61 [INFO] 接口路径：http://127.0.0.1:18000/api/v1/alarmfolder/add
[2023-06-05 16:30:37,672] logger_util.py->write_log line:61 [INFO] 请求头：{'Content-Type': 'application/json;charset=UTF-8', 'X-Project': 'da1746c3d0814e3da3c463b17bf73d6f'}
[2023-06-05 16:30:37,672] logger_util.py->write_log line:61 [INFO] 请求参数：{'name': '报警组25', 'nodeType': 1, 'parentId': None}
[2023-06-05 16:30:37,672] logger_util.py->write_log line:61 [INFO] 文件上传：None
[2023-06-05 16:30:37,763] logger_util.py->write_log line:61 [INFO] 预期结果：[{'equals': {'status_code': 200}}, {'equals': {'nodeType': 1}}, {'contains': 'id'}]
[2023-06-05 16:30:37,763] logger_util.py->write_log line:61 [INFO] 实际结果：{'id': 'c3fc5897-f1ea-449b-919b-b25ab3114f04', 'parentId': None, 'name': '报警组25', 'nodeType': 1, 'sort': 4, 'children': None}
[2023-06-05 16:30:37,763] logger_util.py->write_log line:61 [INFO] 接口请求成功！
[2023-06-05 16:30:37,764] logger_util.py->write_log line:61 [INFO] -------------接口请求结束-----------

[2023-06-05 16:30:37,770] logger_util.py->write_log line:61 [INFO] -------------接口请求开始-----------
[2023-06-05 16:30:37,770] logger_util.py->write_log line:61 [INFO] 接口名称：创建报警等级
[2023-06-05 16:30:37,770] logger_util.py->write_log line:61 [INFO] 接口方式：post
[2023-06-05 16:30:37,770] logger_util.py->write_log line:61 [INFO] 接口路径：http://127.0.0.1:18000/api/v1/alarmlevel/add
[2023-06-05 16:30:37,770] logger_util.py->write_log line:61 [INFO] 请求头：{'Content-Type': 'application/json;charset=UTF-8', 'X-Project': 'da1746c3d0814e3da3c463b17bf73d6f'}
[2023-06-05 16:30:37,770] logger_util.py->write_log line:61 [INFO] 请求参数：[{'name': '报警等级23'}]
[2023-06-05 16:30:37,770] logger_util.py->write_log line:61 [INFO] 文件上传：None
[2023-06-05 16:30:37,873] logger_util.py->write_log line:61 [INFO] 预期结果：[{'equals': {'status_code': 200}}]
[2023-06-05 16:30:37,873] logger_util.py->write_log line:61 [INFO] 实际结果：[{'id': '1ca482d4-33ad-4272-8f40-233faded236c', 'name': '报警等级23'}]
[2023-06-05 16:30:37,873] logger_util.py->write_log line:61 [INFO] 接口请求成功！
[2023-06-05 16:30:37,874] logger_util.py->write_log line:61 [INFO] -------------接口请求结束-----------

[2023-06-05 16:30:37,885] logger_util.py->write_log line:61 [INFO] -------------接口请求开始-----------
[2023-06-05 16:30:37,886] logger_util.py->write_log line:61 [INFO] 接口名称：更新报警等级
[2023-06-05 16:30:37,886] logger_util.py->write_log line:61 [INFO] 接口方式：put
[2023-06-05 16:30:37,886] logger_util.py->write_log line:61 [INFO] 接口路径：http://127.0.0.1:18000/api/v1/alarmlevel/update
[2023-06-05 16:30:37,886] logger_util.py->write_log line:61 [INFO] 请求头：{'Content-Type': 'application/json;charset=UTF-8', 'X-Project': 'da1746c3d0814e3da3c463b17bf73d6f'}
[2023-06-05 16:30:37,886] logger_util.py->write_log line:61 [INFO] 请求参数：[{'id': '1ca482d4-33ad-4272-8f40-233faded236c', 'name': '更新报警等级17'}]
[2023-06-05 16:30:37,886] logger_util.py->write_log line:61 [INFO] 文件上传：None
[2023-06-05 16:30:37,984] logger_util.py->write_log line:61 [INFO] 预期结果：[{'equals': {'status_code': 200}}]
[2023-06-05 16:30:37,984] logger_util.py->write_log line:61 [INFO] 实际结果：[{'id': '1ca482d4-33ad-4272-8f40-233faded236c', 'name': '更新报警等级17'}]
[2023-06-05 16:30:37,984] logger_util.py->write_log line:61 [INFO] 接口请求成功！
[2023-06-05 16:30:37,984] logger_util.py->write_log line:61 [INFO] -------------接口请求结束-----------

[2023-06-05 16:30:37,992] logger_util.py->write_log line:61 [INFO] -------------接口请求开始-----------
[2023-06-05 16:30:37,992] logger_util.py->write_log line:61 [INFO] 接口名称：删除报警等级
[2023-06-05 16:30:37,992] logger_util.py->write_log line:61 [INFO] 接口方式：delete
[2023-06-05 16:30:37,992] logger_util.py->write_log line:61 [INFO] 接口路径：http://127.0.0.1:18000/api/v1/alarmfolder/delete
[2023-06-05 16:30:37,992] logger_util.py->write_log line:61 [INFO] 请求头：{'Content-Type': 'application/json;charset=UTF-8', 'X-Project': 'da1746c3d0814e3da3c463b17bf73d6f'}
[2023-06-05 16:30:37,992] logger_util.py->write_log line:61 [INFO] 请求参数：{'type': 0, 'id': 'c8720530-4624-47d6-92eb-c1476a3eabdb'}
[2023-06-05 16:30:37,992] logger_util.py->write_log line:61 [INFO] 文件上传：None
[2023-06-05 16:30:38,127] logger_util.py->error_log line:65 [INFO] 断言失败:status_code不等于200
[2023-06-05 16:30:38,127] logger_util.py->write_log line:61 [INFO] 接口请求失败！
[2023-06-05 16:30:38,127] logger_util.py->write_log line:61 [INFO] -------------接口请求结束-----------

[2023-06-05 16:30:38,128] logger_util.py->error_log line:65 [INFO] 断言异常：异常信息: Traceback (most recent call last):
  File "E:\Project_python\2TestCMS2.0\common\requests_util.py", line 366, in validate_result
    error_log("断言失败:"+assert_key+"不等于"+str(assert_value))
  File "E:\Project_python\2TestCMS2.0\common\logger_util.py", line 66, in error_log
    raise Exception(log_message)
Exception: 断言失败:status_code不等于200

[2023-06-05 16:30:38,128] logger_util.py->error_log line:65 [INFO] 分析YAML文件异常：异常信息: Traceback (most recent call last):
  File "E:\Project_python\2TestCMS2.0\common\requests_util.py", line 366, in validate_result
    error_log("断言失败:"+assert_key+"不等于"+str(assert_value))
  File "E:\Project_python\2TestCMS2.0\common\logger_util.py", line 66, in error_log
    raise Exception(log_message)
Exception: 断言失败:status_code不等于200

During handling of the above exception, another exception occurred:

Traceback (most recent call last):
  File "E:\Project_python\2TestCMS2.0\common\requests_util.py", line 248, in analysis_yaml
    self.validate_result(yq_result, return_data, status_code)
  File "E:\Project_python\2TestCMS2.0\common\requests_util.py", line 416, in validate_result
    error_log("断言异常：异常信息: %s" % str(traceback.format_exc()))
  File "E:\Project_python\2TestCMS2.0\common\logger_util.py", line 66, in error_log
    raise Exception(log_message)
Exception: 断言异常：异常信息: Traceback (most recent call last):
  File "E:\Project_python\2TestCMS2.0\common\requests_util.py", line 366, in validate_result
    error_log("断言失败:"+assert_key+"不等于"+str(assert_value))
  File "E:\Project_python\2TestCMS2.0\common\logger_util.py", line 66, in error_log
    raise Exception(log_message)
Exception: 断言失败:status_code不等于200


