[2023-11-27 16:22:55,273] logger_util.py->write_log line:61 [INFO] 
-------------接口请求开始-----------
[2023-11-27 16:22:55,273] logger_util.py->write_log line:61 [INFO] 接口名称：测试连接互联项
[2023-11-27 16:22:55,273] logger_util.py->write_log line:61 [INFO] 接口方式：post
[2023-11-27 16:22:55,274] logger_util.py->write_log line:61 [INFO] 接口路径：http://127.0.0.1:18000/api/v1/connection/test
[2023-11-27 16:22:55,274] logger_util.py->write_log line:61 [INFO] 请求头：{'X-Project': 'd800d1a6d0be4623aaa824c28dc71981'}
[2023-11-27 16:22:55,274] logger_util.py->write_log line:61 [INFO] 请求参数：{'id': None, 'name': 'mysql1476', 'connectionType': 1, 'databaseType': 1, 'authenticationType': None, 'server': '127.0.0.1', 'port': '3306', 'database': 'TestDB', 'databasePath': '', 'userName': 'root', 'password': 'syc123', 'changedPassword': True, 'mqttType': None, 'pushType': None, 'timingPeriod': None, 'changingPeriod': None, 'cloudDeviceId': '', 'originalSecret': ''}
[2023-11-27 16:22:55,274] logger_util.py->write_log line:61 [INFO] 文件上传：None
[2023-11-27 16:22:55,279] logger_util.py->write_log line:61 [INFO] 预期结果：[{'equals': {'status_code': 200}}]
[2023-11-27 16:22:55,279] logger_util.py->write_log line:61 [INFO] 实际结果：测试连接成功
[2023-11-27 16:22:55,280] logger_util.py->write_log line:61 [INFO] 接口请求成功！
[2023-11-27 16:22:55,280] logger_util.py->write_log line:61 [INFO] 
-------------接口请求结束-----------

[2023-11-27 16:22:55,297] logger_util.py->write_log line:61 [INFO] 
-------------接口请求开始-----------
[2023-11-27 16:22:55,297] logger_util.py->write_log line:61 [INFO] 接口名称：测试连接互联项
[2023-11-27 16:22:55,297] logger_util.py->write_log line:61 [INFO] 接口方式：post
[2023-11-27 16:22:55,297] logger_util.py->write_log line:61 [INFO] 接口路径：http://127.0.0.1:18000/api/v1/connection
[2023-11-27 16:22:55,297] logger_util.py->write_log line:61 [INFO] 请求头：{'X-Project': 'd800d1a6d0be4623aaa824c28dc71981'}
[2023-11-27 16:22:55,297] logger_util.py->write_log line:61 [INFO] 请求参数：{'id': None, 'name': 'mysql8922', 'connectionType': 1, 'databaseType': 1, 'authenticationType': None, 'server': '127.0.0.1', 'port': '3306', 'database': 'TestDB', 'databasePath': '', 'userName': 'root', 'password': 'syc123', 'changedPassword': True, 'mqttType': None, 'pushType': None, 'timingPeriod': None, 'changingPeriod': None, 'cloudDeviceId': '', 'originalSecret': ''}
[2023-11-27 16:22:55,297] logger_util.py->write_log line:61 [INFO] 文件上传：None
[2023-11-27 16:22:55,318] logger_util.py->error_log line:65 [INFO] 分析YAML文件异常：异常信息: Traceback (most recent call last):
  File "E:\Project_python\api_cms\common\requests_util.py", line 239, in analysis_yaml
    extract_data = {key: return_data[value]}
KeyError: 'id'

