[2023-08-08 10:44:07,803] logger_util.py->write_log line:61 [INFO] -------------接口请求开始-----------
[2023-08-08 10:44:07,803] logger_util.py->write_log line:61 [INFO] 接口名称：modbus协议读取-保存寄存器有符号8位整型
[2023-08-08 10:44:07,803] logger_util.py->write_log line:61 [INFO] 接口方式：post
[2023-08-08 10:44:07,803] logger_util.py->write_log line:61 [INFO] 接口路径：http://127.0.0.1:6700/v1/cms/io/read
[2023-08-08 10:44:07,803] logger_util.py->write_log line:61 [INFO] 请求头：{'Content-Type': 'application/json'}
[2023-08-08 10:44:07,804] logger_util.py->write_log line:61 [INFO] 请求参数：{'tagNames': ['MOD_SINT1']}
[2023-08-08 10:44:07,804] logger_util.py->write_log line:61 [INFO] 文件上传：None
[2023-08-08 10:44:07,807] logger_util.py->write_log line:61 [INFO] 预期结果：[{'equals': {'status_code': 200}}]
[2023-08-08 10:44:07,807] logger_util.py->write_log line:61 [INFO] 实际结果：{'body': {'code': 0, 'msg': 'All read successfully', 'tagDatas': {'MOD_SINT1': {'data': '-11', 'quality': 0}}, 'traceId': 'C279BCC7-B72C-4350-99C0-9777EBF7A83E'}, 'header': {'code': 0, 'cur_module': 'siot', 'msg': 'All read successfully', 'timespend': 0, 'tracelist': [{'code': 0, 'module': 'siot', 'msg': 'All read successfully', 'submodule_timespend': {'api': 0, 'control': 0, 'driver': 0}, 'timespend': 0}]}}
[2023-08-08 10:44:07,808] logger_util.py->write_log line:61 [INFO] 接口请求成功！
[2023-08-08 10:44:07,808] logger_util.py->write_log line:61 [INFO] -------------接口请求结束-----------

[2023-08-08 10:44:07,812] logger_util.py->write_log line:61 [INFO] -------------接口请求开始-----------
[2023-08-08 10:44:07,812] logger_util.py->write_log line:61 [INFO] 接口名称：modbus协议读取-保存寄存器有符号16位整型
[2023-08-08 10:44:07,812] logger_util.py->write_log line:61 [INFO] 接口方式：post
[2023-08-08 10:44:07,812] logger_util.py->write_log line:61 [INFO] 接口路径：http://127.0.0.1:6700/v1/cms/io/read
[2023-08-08 10:44:07,812] logger_util.py->write_log line:61 [INFO] 请求头：{'Content-Type': 'application/json'}
[2023-08-08 10:44:07,812] logger_util.py->write_log line:61 [INFO] 请求参数：{'tagNames': ['MOD_INT1']}
[2023-08-08 10:44:07,812] logger_util.py->write_log line:61 [INFO] 文件上传：None
[2023-08-08 10:44:07,814] logger_util.py->write_log line:61 [INFO] 预期结果：[{'equals': {'status_code': 200}}]
[2023-08-08 10:44:07,814] logger_util.py->write_log line:61 [INFO] 实际结果：{'body': {'code': 0, 'msg': 'All read successfully', 'tagDatas': {'MOD_INT1': {'data': '22', 'quality': 0}}, 'traceId': '2589A26F-60F2-4212-A6EA-8333F85C7D0E'}, 'header': {'code': 0, 'cur_module': 'siot', 'msg': 'All read successfully', 'timespend': 0, 'tracelist': [{'code': 0, 'module': 'siot', 'msg': 'All read successfully', 'submodule_timespend': {'api': 0, 'control': 0, 'driver': 0}, 'timespend': 0}]}}
[2023-08-08 10:44:07,814] logger_util.py->write_log line:61 [INFO] 接口请求成功！
[2023-08-08 10:44:07,815] logger_util.py->write_log line:61 [INFO] -------------接口请求结束-----------

[2023-08-08 10:44:07,819] logger_util.py->write_log line:61 [INFO] -------------接口请求开始-----------
[2023-08-08 10:44:07,819] logger_util.py->write_log line:61 [INFO] 接口名称：modbus协议读取-保存寄存器有符号32位整型
[2023-08-08 10:44:07,819] logger_util.py->write_log line:61 [INFO] 接口方式：post
[2023-08-08 10:44:07,819] logger_util.py->write_log line:61 [INFO] 接口路径：http://127.0.0.1:6700/v1/cms/io/read
[2023-08-08 10:44:07,819] logger_util.py->write_log line:61 [INFO] 请求头：{'Content-Type': 'application/json'}
[2023-08-08 10:44:07,819] logger_util.py->write_log line:61 [INFO] 请求参数：{'tagNames': ['MOD_DINT1']}
[2023-08-08 10:44:07,819] logger_util.py->write_log line:61 [INFO] 文件上传：None
[2023-08-08 10:44:07,821] logger_util.py->write_log line:61 [INFO] 预期结果：[{'equals': {'status_code': 200}}]
[2023-08-08 10:44:07,821] logger_util.py->write_log line:61 [INFO] 实际结果：{'body': {'code': 0, 'msg': 'All read successfully', 'tagDatas': {'MOD_DINT1': {'data': '33', 'quality': 0}}, 'traceId': '6EF8A357-C45B-4451-BA96-97C129A42D6B'}, 'header': {'code': 0, 'cur_module': 'siot', 'msg': 'All read successfully', 'timespend': 0, 'tracelist': [{'code': 0, 'module': 'siot', 'msg': 'All read successfully', 'submodule_timespend': {'api': 0, 'control': 0, 'driver': 0}, 'timespend': 0}]}}
[2023-08-08 10:44:07,822] logger_util.py->write_log line:61 [INFO] 接口请求成功！
[2023-08-08 10:44:07,822] logger_util.py->write_log line:61 [INFO] -------------接口请求结束-----------

[2023-08-08 10:44:07,826] logger_util.py->write_log line:61 [INFO] -------------接口请求开始-----------
[2023-08-08 10:44:07,826] logger_util.py->write_log line:61 [INFO] 接口名称：modbus协议读取-保存寄存器无符号8位整型
[2023-08-08 10:44:07,826] logger_util.py->write_log line:61 [INFO] 接口方式：post
[2023-08-08 10:44:07,826] logger_util.py->write_log line:61 [INFO] 接口路径：http://127.0.0.1:6700/v1/cms/io/read
[2023-08-08 10:44:07,826] logger_util.py->write_log line:61 [INFO] 请求头：{'Content-Type': 'application/json'}
[2023-08-08 10:44:07,826] logger_util.py->write_log line:61 [INFO] 请求参数：{'tagNames': ['MOD_USINT1']}
[2023-08-08 10:44:07,827] logger_util.py->write_log line:61 [INFO] 文件上传：None
[2023-08-08 10:44:07,828] logger_util.py->write_log line:61 [INFO] 预期结果：[{'equals': {'status_code': 200}}]
[2023-08-08 10:44:07,828] logger_util.py->write_log line:61 [INFO] 实际结果：{'body': {'code': 0, 'msg': 'All read successfully', 'tagDatas': {'MOD_USINT1': {'data': '44', 'quality': 0}}, 'traceId': 'C258E7EF-8826-4382-AAE7-5296A288EF55'}, 'header': {'code': 0, 'cur_module': 'siot', 'msg': 'All read successfully', 'timespend': 0, 'tracelist': [{'code': 0, 'module': 'siot', 'msg': 'All read successfully', 'submodule_timespend': {'api': 0, 'control': 0, 'driver': 0}, 'timespend': 0}]}}
[2023-08-08 10:44:07,828] logger_util.py->write_log line:61 [INFO] 接口请求成功！
[2023-08-08 10:44:07,828] logger_util.py->write_log line:61 [INFO] -------------接口请求结束-----------

[2023-08-08 10:44:07,833] logger_util.py->write_log line:61 [INFO] -------------接口请求开始-----------
[2023-08-08 10:44:07,833] logger_util.py->write_log line:61 [INFO] 接口名称：modbus协议读取-保存寄存器无符号16位整型
[2023-08-08 10:44:07,833] logger_util.py->write_log line:61 [INFO] 接口方式：post
[2023-08-08 10:44:07,833] logger_util.py->write_log line:61 [INFO] 接口路径：http://127.0.0.1:6700/v1/cms/io/read
[2023-08-08 10:44:07,833] logger_util.py->write_log line:61 [INFO] 请求头：{'Content-Type': 'application/json'}
[2023-08-08 10:44:07,833] logger_util.py->write_log line:61 [INFO] 请求参数：{'tagNames': ['MOD_UINT1']}
[2023-08-08 10:44:07,833] logger_util.py->write_log line:61 [INFO] 文件上传：None
[2023-08-08 10:44:07,835] logger_util.py->write_log line:61 [INFO] 预期结果：[{'equals': {'status_code': 200}}]
[2023-08-08 10:44:07,835] logger_util.py->write_log line:61 [INFO] 实际结果：{'body': {'code': 0, 'msg': 'All read successfully', 'tagDatas': {'MOD_UINT1': {'data': '55', 'quality': 0}}, 'traceId': '9B057CCC-E9B0-4A04-AF40-701D91F118F9'}, 'header': {'code': 0, 'cur_module': 'siot', 'msg': 'All read successfully', 'timespend': 0, 'tracelist': [{'code': 0, 'module': 'siot', 'msg': 'All read successfully', 'submodule_timespend': {'api': 0, 'control': 0, 'driver': 0}, 'timespend': 0}]}}
[2023-08-08 10:44:07,835] logger_util.py->write_log line:61 [INFO] 接口请求成功！
[2023-08-08 10:44:07,835] logger_util.py->write_log line:61 [INFO] -------------接口请求结束-----------

[2023-08-08 10:44:07,839] logger_util.py->write_log line:61 [INFO] -------------接口请求开始-----------
[2023-08-08 10:44:07,839] logger_util.py->write_log line:61 [INFO] 接口名称：modbus协议读取-保存寄存器无符号32位整型
[2023-08-08 10:44:07,840] logger_util.py->write_log line:61 [INFO] 接口方式：post
[2023-08-08 10:44:07,840] logger_util.py->write_log line:61 [INFO] 接口路径：http://127.0.0.1:6700/v1/cms/io/read
[2023-08-08 10:44:07,840] logger_util.py->write_log line:61 [INFO] 请求头：{'Content-Type': 'application/json'}
[2023-08-08 10:44:07,840] logger_util.py->write_log line:61 [INFO] 请求参数：{'tagNames': ['MOD_UDINT1']}
[2023-08-08 10:44:07,840] logger_util.py->write_log line:61 [INFO] 文件上传：None
[2023-08-08 10:44:07,842] logger_util.py->write_log line:61 [INFO] 预期结果：[{'equals': {'status_code': 200}}]
[2023-08-08 10:44:07,842] logger_util.py->write_log line:61 [INFO] 实际结果：{'body': {'code': 0, 'msg': 'All read successfully', 'tagDatas': {'MOD_UDINT1': {'data': '66', 'quality': 0}}, 'traceId': '3C5208CC-E7F8-4BD6-8C0F-803D6B624DD7'}, 'header': {'code': 0, 'cur_module': 'siot', 'msg': 'All read successfully', 'timespend': 0, 'tracelist': [{'code': 0, 'module': 'siot', 'msg': 'All read successfully', 'submodule_timespend': {'api': 0, 'control': 0, 'driver': 0}, 'timespend': 0}]}}
[2023-08-08 10:44:07,842] logger_util.py->write_log line:61 [INFO] 接口请求成功！
[2023-08-08 10:44:07,842] logger_util.py->write_log line:61 [INFO] -------------接口请求结束-----------

[2023-08-08 10:44:07,846] logger_util.py->write_log line:61 [INFO] -------------接口请求开始-----------
[2023-08-08 10:44:07,846] logger_util.py->write_log line:61 [INFO] 接口名称：modbus协议读取-保存寄存器F32位浮点数IEEE754
[2023-08-08 10:44:07,846] logger_util.py->write_log line:61 [INFO] 接口方式：post
[2023-08-08 10:44:07,846] logger_util.py->write_log line:61 [INFO] 接口路径：http://127.0.0.1:6700/v1/cms/io/read
[2023-08-08 10:44:07,846] logger_util.py->write_log line:61 [INFO] 请求头：{'Content-Type': 'application/json'}
[2023-08-08 10:44:07,846] logger_util.py->write_log line:61 [INFO] 请求参数：{'tagNames': ['MOD_REAL1']}
[2023-08-08 10:44:07,846] logger_util.py->write_log line:61 [INFO] 文件上传：None
[2023-08-08 10:44:07,848] logger_util.py->write_log line:61 [INFO] 预期结果：[{'equals': {'status_code': 200}}]
[2023-08-08 10:44:07,848] logger_util.py->write_log line:61 [INFO] 实际结果：{'body': {'code': 0, 'msg': 'All read successfully', 'tagDatas': {'MOD_REAL1': {'data': '77.456', 'quality': 0}}, 'traceId': '65B2CFFA-E709-4267-818C-11EEDF54A307'}, 'header': {'code': 0, 'cur_module': 'siot', 'msg': 'All read successfully', 'timespend': 0, 'tracelist': [{'code': 0, 'module': 'siot', 'msg': 'All read successfully', 'submodule_timespend': {'api': 0, 'control': 0, 'driver': 0}, 'timespend': 0}]}}
[2023-08-08 10:44:07,848] logger_util.py->write_log line:61 [INFO] 接口请求成功！
[2023-08-08 10:44:07,848] logger_util.py->write_log line:61 [INFO] -------------接口请求结束-----------

[2023-08-08 10:44:07,853] logger_util.py->write_log line:61 [INFO] -------------接口请求开始-----------
[2023-08-08 10:44:07,853] logger_util.py->write_log line:61 [INFO] 接口名称：modbus协议读取-保存寄存器二进制变量1
[2023-08-08 10:44:07,853] logger_util.py->write_log line:61 [INFO] 接口方式：post
[2023-08-08 10:44:07,853] logger_util.py->write_log line:61 [INFO] 接口路径：http://127.0.0.1:6700/v1/cms/io/read
[2023-08-08 10:44:07,853] logger_util.py->write_log line:61 [INFO] 请求头：{'Content-Type': 'application/json'}
[2023-08-08 10:44:07,853] logger_util.py->write_log line:61 [INFO] 请求参数：{'tagNames': ['MOD_BOOL1']}
[2023-08-08 10:44:07,853] logger_util.py->write_log line:61 [INFO] 文件上传：None
[2023-08-08 10:44:07,855] logger_util.py->write_log line:61 [INFO] 预期结果：[{'equals': {'status_code': 200}}]
[2023-08-08 10:44:07,855] logger_util.py->write_log line:61 [INFO] 实际结果：{'body': {'code': 0, 'msg': 'All read successfully', 'tagDatas': {'MOD_BOOL1': {'data': '1', 'quality': 0}}, 'traceId': '2B0208DD-68C5-4F91-84A7-9831B0ADFAEC'}, 'header': {'code': 0, 'cur_module': 'siot', 'msg': 'All read successfully', 'timespend': 0, 'tracelist': [{'code': 0, 'module': 'siot', 'msg': 'All read successfully', 'submodule_timespend': {'api': 0, 'control': 0, 'driver': 0}, 'timespend': 0}]}}
[2023-08-08 10:44:07,855] logger_util.py->write_log line:61 [INFO] 接口请求成功！
[2023-08-08 10:44:07,855] logger_util.py->write_log line:61 [INFO] -------------接口请求结束-----------

[2023-08-08 10:44:07,859] logger_util.py->write_log line:61 [INFO] -------------接口请求开始-----------
[2023-08-08 10:44:07,859] logger_util.py->write_log line:61 [INFO] 接口名称：modbus协议读取-保存寄存器二进制变量2
[2023-08-08 10:44:07,860] logger_util.py->write_log line:61 [INFO] 接口方式：post
[2023-08-08 10:44:07,860] logger_util.py->write_log line:61 [INFO] 接口路径：http://127.0.0.1:6700/v1/cms/io/read
[2023-08-08 10:44:07,860] logger_util.py->write_log line:61 [INFO] 请求头：{'Content-Type': 'application/json'}
[2023-08-08 10:44:07,860] logger_util.py->write_log line:61 [INFO] 请求参数：{'tagNames': ['MOD_BOOL2']}
[2023-08-08 10:44:07,860] logger_util.py->write_log line:61 [INFO] 文件上传：None
[2023-08-08 10:44:07,861] logger_util.py->write_log line:61 [INFO] 预期结果：[{'equals': {'status_code': 200}}]
[2023-08-08 10:44:07,862] logger_util.py->write_log line:61 [INFO] 实际结果：{'body': {'code': 0, 'msg': 'All read successfully', 'tagDatas': {'MOD_BOOL2': {'data': '0', 'quality': 0}}, 'traceId': '57D24088-BA77-4E74-8274-3E1CAE34806F'}, 'header': {'code': 0, 'cur_module': 'siot', 'msg': 'All read successfully', 'timespend': 0, 'tracelist': [{'code': 0, 'module': 'siot', 'msg': 'All read successfully', 'submodule_timespend': {'api': 0, 'control': 0, 'driver': 0}, 'timespend': 0}]}}
[2023-08-08 10:44:07,862] logger_util.py->write_log line:61 [INFO] 接口请求成功！
[2023-08-08 10:44:07,862] logger_util.py->write_log line:61 [INFO] -------------接口请求结束-----------

[2023-08-08 10:44:07,866] logger_util.py->write_log line:61 [INFO] -------------接口请求开始-----------
[2023-08-08 10:44:07,866] logger_util.py->write_log line:61 [INFO] 接口名称：modbus协议读取-保存寄存器字符串
[2023-08-08 10:44:07,866] logger_util.py->write_log line:61 [INFO] 接口方式：post
[2023-08-08 10:44:07,866] logger_util.py->write_log line:61 [INFO] 接口路径：http://127.0.0.1:6700/v1/cms/io/read
[2023-08-08 10:44:07,866] logger_util.py->write_log line:61 [INFO] 请求头：{'Content-Type': 'application/json'}
[2023-08-08 10:44:07,866] logger_util.py->write_log line:61 [INFO] 请求参数：{'tagNames': ['MOD_STRING1']}
[2023-08-08 10:44:07,866] logger_util.py->write_log line:61 [INFO] 文件上传：None
[2023-08-08 10:44:07,868] logger_util.py->write_log line:61 [INFO] 预期结果：[{'equals': {'status_code': 200}}]
[2023-08-08 10:44:07,868] logger_util.py->write_log line:61 [INFO] 实际结果：{'body': {'code': 0, 'msg': 'All read successfully', 'tagDatas': {'MOD_STRING1': {'data': '文本1', 'quality': 0}}, 'traceId': '715E8CD3-6BCD-4D0F-9D3E-56F8C46260E2'}, 'header': {'code': 0, 'cur_module': 'siot', 'msg': 'All read successfully', 'timespend': 0, 'tracelist': [{'code': 0, 'module': 'siot', 'msg': 'All read successfully', 'submodule_timespend': {'api': 0, 'control': 0, 'driver': 0}, 'timespend': 0}]}}
[2023-08-08 10:44:07,869] logger_util.py->write_log line:61 [INFO] 接口请求成功！
[2023-08-08 10:44:07,869] logger_util.py->write_log line:61 [INFO] -------------接口请求结束-----------

[2023-08-08 10:44:07,873] logger_util.py->write_log line:61 [INFO] -------------接口请求开始-----------
[2023-08-08 10:44:07,873] logger_util.py->write_log line:61 [INFO] 接口名称：modbus协议读取-二进制变量
[2023-08-08 10:44:07,874] logger_util.py->write_log line:61 [INFO] 接口方式：post
[2023-08-08 10:44:07,874] logger_util.py->write_log line:61 [INFO] 接口路径：http://127.0.0.1:6700/v1/cms/io/read
[2023-08-08 10:44:07,874] logger_util.py->write_log line:61 [INFO] 请求头：{'Content-Type': 'application/json'}
[2023-08-08 10:44:07,874] logger_util.py->write_log line:61 [INFO] 请求参数：{'tagNames': ['MOD_Q0']}
[2023-08-08 10:44:07,874] logger_util.py->write_log line:61 [INFO] 文件上传：None
[2023-08-08 10:44:07,876] logger_util.py->write_log line:61 [INFO] 预期结果：[{'equals': {'status_code': 200}}]
[2023-08-08 10:44:07,876] logger_util.py->write_log line:61 [INFO] 实际结果：{'body': {'code': 0, 'msg': 'All read successfully', 'tagDatas': {'MOD_Q0': {'data': '1', 'quality': 0}}, 'traceId': 'DF1913EB-C163-4652-A8EE-35E3D5B2E203'}, 'header': {'code': 0, 'cur_module': 'siot', 'msg': 'All read successfully', 'timespend': 0, 'tracelist': [{'code': 0, 'module': 'siot', 'msg': 'All read successfully', 'submodule_timespend': {'api': 0, 'control': 0, 'driver': 0}, 'timespend': 0}]}}
[2023-08-08 10:44:07,876] logger_util.py->write_log line:61 [INFO] 接口请求成功！
[2023-08-08 10:44:07,876] logger_util.py->write_log line:61 [INFO] -------------接口请求结束-----------

[2023-08-08 10:44:07,880] logger_util.py->write_log line:61 [INFO] -------------接口请求开始-----------
[2023-08-08 10:44:07,880] logger_util.py->write_log line:61 [INFO] 接口名称：modbus协议读取-二进制变量
[2023-08-08 10:44:07,881] logger_util.py->write_log line:61 [INFO] 接口方式：post
[2023-08-08 10:44:07,881] logger_util.py->write_log line:61 [INFO] 接口路径：http://127.0.0.1:6700/v1/cms/io/read
[2023-08-08 10:44:07,881] logger_util.py->write_log line:61 [INFO] 请求头：{'Content-Type': 'application/json'}
[2023-08-08 10:44:07,881] logger_util.py->write_log line:61 [INFO] 请求参数：{'tagNames': ['MOD_Q1']}
[2023-08-08 10:44:07,881] logger_util.py->write_log line:61 [INFO] 文件上传：None
[2023-08-08 10:44:07,882] logger_util.py->write_log line:61 [INFO] 预期结果：[{'equals': {'status_code': 200}}]
[2023-08-08 10:44:07,883] logger_util.py->write_log line:61 [INFO] 实际结果：{'body': {'code': 0, 'msg': 'All read successfully', 'tagDatas': {'MOD_Q1': {'data': '0', 'quality': 0}}, 'traceId': 'CC227F5E-D836-4341-AB36-9539506E4A3E'}, 'header': {'code': 0, 'cur_module': 'siot', 'msg': 'All read successfully', 'timespend': 0, 'tracelist': [{'code': 0, 'module': 'siot', 'msg': 'All read successfully', 'submodule_timespend': {'api': 0, 'control': 0, 'driver': 0}, 'timespend': 0}]}}
[2023-08-08 10:44:07,883] logger_util.py->write_log line:61 [INFO] 接口请求成功！
[2023-08-08 10:44:07,883] logger_util.py->write_log line:61 [INFO] -------------接口请求结束-----------

