[2022-11-06 18:55:37,546] logger_util.py->write_log line:61 [INFO] -------------接口请求开始-----------
[2022-11-06 18:55:37,546] logger_util.py->write_log line:61 [INFO] 接口名称：新建变量
[2022-11-06 18:55:37,547] logger_util.py->write_log line:61 [INFO] 接口方式：post
[2022-11-06 18:55:37,547] logger_util.py->write_log line:61 [INFO] 接口路径：http://127.0.0.1:18000/api/v1/variable/device/3e6e78a4-5d52-40fe-bf3d-ec61437b0122/group/b92fecb7-1409-4f57-b6a1-465d8f11b6e0/tag
[2022-11-06 18:55:37,547] logger_util.py->write_log line:61 [INFO] 请求头：{'Content-Type': 'application/json;charset=UTF-8', 'X-Project': 'af95670ce7fb4076bb525099bc060234'}
[2022-11-06 18:55:37,547] logger_util.py->write_log line:61 [INFO] 请求参数：[{'name': 'A1', 'type': 3, 'description': '描述', 'address': '400001', 'stringLength': None, 'zoom': 1, 'digit': None, 'rule': 1, 'historyArchive': {'triggerType': 0, 'startTime': None, 'interval': 0, 'intervalUnit': 0, 'relateTags': [], 'isRelateSelf': False}}]
[2022-11-06 18:55:37,547] logger_util.py->write_log line:61 [INFO] 文件上传：None
[2022-11-06 18:55:37,690] logger_util.py->write_log line:61 [INFO] 预期结果：[{'equals': {'status_code': 200}}]
[2022-11-06 18:55:37,690] logger_util.py->write_log line:61 [INFO] 实际结果：['551687d0-1168-483c-8aef-7be5a0fecbc5']
[2022-11-06 18:55:37,690] logger_util.py->write_log line:61 [INFO] 接口请求成功！
[2022-11-06 18:55:37,690] logger_util.py->write_log line:61 [INFO] -------------接口请求结束-----------

[2022-11-06 18:55:37,702] logger_util.py->write_log line:61 [INFO] -------------接口请求开始-----------
[2022-11-06 18:55:37,702] logger_util.py->write_log line:61 [INFO] 接口名称：新建变量
[2022-11-06 18:55:37,702] logger_util.py->write_log line:61 [INFO] 接口方式：post
[2022-11-06 18:55:37,702] logger_util.py->write_log line:61 [INFO] 接口路径：http://127.0.0.1:18000/api/v1/variable/device/3e6e78a4-5d52-40fe-bf3d-ec61437b0122/group/b92fecb7-1409-4f57-b6a1-465d8f11b6e0/tag
[2022-11-06 18:55:37,702] logger_util.py->write_log line:61 [INFO] 请求头：{'Content-Type': 'application/json;charset=UTF-8', 'X-Project': 'af95670ce7fb4076bb525099bc060234'}
[2022-11-06 18:55:37,703] logger_util.py->write_log line:61 [INFO] 请求参数：[{'name': 'A2', 'type': 3, 'description': '描述', 'address': '400001', 'stringLength': None, 'zoom': 1, 'digit': None, 'rule': 1, 'historyArchive': {'triggerType': 0, 'startTime': None, 'interval': 0, 'intervalUnit': 0, 'relateTags': [], 'isRelateSelf': False}}]
[2022-11-06 18:55:37,703] logger_util.py->write_log line:61 [INFO] 文件上传：None
[2022-11-06 18:55:41,050] logger_util.py->write_log line:61 [INFO] 预期结果：[{'equals': {'status_code': 200}}]
[2022-11-06 18:55:41,051] logger_util.py->write_log line:61 [INFO] 实际结果：['c24c1de2-bbb0-4c61-9776-713ad9e211a7']
[2022-11-06 18:55:41,051] logger_util.py->write_log line:61 [INFO] 接口请求成功！
[2022-11-06 18:55:41,051] logger_util.py->write_log line:61 [INFO] -------------接口请求结束-----------

[2022-11-06 18:55:41,061] logger_util.py->write_log line:61 [INFO] -------------接口请求开始-----------
[2022-11-06 18:55:41,061] logger_util.py->write_log line:61 [INFO] 接口名称：新建变量
[2022-11-06 18:55:41,061] logger_util.py->write_log line:61 [INFO] 接口方式：post
[2022-11-06 18:55:41,061] logger_util.py->write_log line:61 [INFO] 接口路径：http://127.0.0.1:18000/api/v1/variable/device/3e6e78a4-5d52-40fe-bf3d-ec61437b0122/group/b92fecb7-1409-4f57-b6a1-465d8f11b6e0/tag
[2022-11-06 18:55:41,062] logger_util.py->write_log line:61 [INFO] 请求头：{'Content-Type': 'application/json;charset=UTF-8', 'X-Project': 'af95670ce7fb4076bb525099bc060234'}
[2022-11-06 18:55:41,062] logger_util.py->write_log line:61 [INFO] 请求参数：[{'name': 'A3', 'type': 3, 'description': '描述', 'address': '400001', 'stringLength': None, 'zoom': 1, 'digit': None, 'rule': 1, 'historyArchive': {'triggerType': 0, 'startTime': None, 'interval': 0, 'intervalUnit': 0, 'relateTags': [], 'isRelateSelf': False}}]
[2022-11-06 18:55:41,062] logger_util.py->write_log line:61 [INFO] 文件上传：None
[2022-11-06 18:55:42,398] logger_util.py->error_log line:65 [INFO] 断言失败:status_code不等于200
[2022-11-06 18:55:42,399] logger_util.py->write_log line:61 [INFO] 接口请求失败！
[2022-11-06 18:55:42,399] logger_util.py->write_log line:61 [INFO] -------------接口请求结束-----------

[2022-11-06 18:55:42,399] logger_util.py->error_log line:65 [INFO] 断言异常：异常信息: Traceback (most recent call last):
  File "E:\Project_python\2TestCMS2.0\common\requests_util.py", line 394, in validate_result
    error_log("断言失败:"+assert_key+"不等于"+str(assert_value))
  File "E:\Project_python\2TestCMS2.0\common\logger_util.py", line 66, in error_log
    raise Exception(log_message)
Exception: 断言失败:status_code不等于200

[2022-11-06 18:55:42,400] logger_util.py->error_log line:65 [INFO] 分析YAML文件异常：异常信息: Traceback (most recent call last):
  File "E:\Project_python\2TestCMS2.0\common\requests_util.py", line 394, in validate_result
    error_log("断言失败:"+assert_key+"不等于"+str(assert_value))
  File "E:\Project_python\2TestCMS2.0\common\logger_util.py", line 66, in error_log
    raise Exception(log_message)
Exception: 断言失败:status_code不等于200

During handling of the above exception, another exception occurred:

Traceback (most recent call last):
  File "E:\Project_python\2TestCMS2.0\common\requests_util.py", line 260, in analysis_yaml
    self.validate_result(yq_result, return_data, status_code)
  File "E:\Project_python\2TestCMS2.0\common\requests_util.py", line 429, in validate_result
    error_log("断言异常：异常信息: %s" % str(traceback.format_exc()))
  File "E:\Project_python\2TestCMS2.0\common\logger_util.py", line 66, in error_log
    raise Exception(log_message)
Exception: 断言异常：异常信息: Traceback (most recent call last):
  File "E:\Project_python\2TestCMS2.0\common\requests_util.py", line 394, in validate_result
    error_log("断言失败:"+assert_key+"不等于"+str(assert_value))
  File "E:\Project_python\2TestCMS2.0\common\logger_util.py", line 66, in error_log
    raise Exception(log_message)
Exception: 断言失败:status_code不等于200


[2022-11-06 18:55:42,537] logger_util.py->write_log line:61 [INFO] -------------接口请求开始-----------
[2022-11-06 18:55:42,537] logger_util.py->write_log line:61 [INFO] 接口名称：新建变量
[2022-11-06 18:55:42,537] logger_util.py->write_log line:61 [INFO] 接口方式：post
[2022-11-06 18:55:42,537] logger_util.py->write_log line:61 [INFO] 接口路径：http://127.0.0.1:18000/api/v1/variable/device/3e6e78a4-5d52-40fe-bf3d-ec61437b0122/group/b92fecb7-1409-4f57-b6a1-465d8f11b6e0/tag
[2022-11-06 18:55:42,537] logger_util.py->write_log line:61 [INFO] 请求头：{'Content-Type': 'application/json;charset=UTF-8', 'X-Project': 'af95670ce7fb4076bb525099bc060234'}
[2022-11-06 18:55:42,537] logger_util.py->write_log line:61 [INFO] 请求参数：[{'name': 'A4', 'type': 3, 'description': '描述', 'address': '400001', 'stringLength': None, 'zoom': 1, 'digit': None, 'rule': 1, 'historyArchive': {'triggerType': 0, 'startTime': None, 'interval': 0, 'intervalUnit': 0, 'relateTags': [], 'isRelateSelf': False}}]
[2022-11-06 18:55:42,537] logger_util.py->write_log line:61 [INFO] 文件上传：None
[2022-11-06 18:55:42,648] logger_util.py->write_log line:61 [INFO] 预期结果：[{'equals': {'status_code': 200}}]
[2022-11-06 18:55:42,648] logger_util.py->write_log line:61 [INFO] 实际结果：['e1677571-b396-4fef-8431-3a24d3d44649']
[2022-11-06 18:55:42,648] logger_util.py->write_log line:61 [INFO] 接口请求成功！
[2022-11-06 18:55:42,649] logger_util.py->write_log line:61 [INFO] -------------接口请求结束-----------

[2022-11-06 18:55:42,658] logger_util.py->write_log line:61 [INFO] -------------接口请求开始-----------
[2022-11-06 18:55:42,659] logger_util.py->write_log line:61 [INFO] 接口名称：新建变量
[2022-11-06 18:55:42,659] logger_util.py->write_log line:61 [INFO] 接口方式：post
[2022-11-06 18:55:42,659] logger_util.py->write_log line:61 [INFO] 接口路径：http://127.0.0.1:18000/api/v1/variable/device/3e6e78a4-5d52-40fe-bf3d-ec61437b0122/group/b92fecb7-1409-4f57-b6a1-465d8f11b6e0/tag
[2022-11-06 18:55:42,659] logger_util.py->write_log line:61 [INFO] 请求头：{'Content-Type': 'application/json;charset=UTF-8', 'X-Project': 'af95670ce7fb4076bb525099bc060234'}
[2022-11-06 18:55:42,659] logger_util.py->write_log line:61 [INFO] 请求参数：[{'name': 'A5', 'type': 3, 'description': '描述', 'address': '400001', 'stringLength': None, 'zoom': 1, 'digit': None, 'rule': 1, 'historyArchive': {'triggerType': 0, 'startTime': None, 'interval': 0, 'intervalUnit': 0, 'relateTags': [], 'isRelateSelf': False}}]
[2022-11-06 18:55:42,659] logger_util.py->write_log line:61 [INFO] 文件上传：None
[2022-11-06 18:55:52,058] logger_util.py->write_log line:61 [INFO] 预期结果：[{'equals': {'status_code': 200}}]
[2022-11-06 18:55:52,058] logger_util.py->write_log line:61 [INFO] 实际结果：['eaffddea-7d2a-4a15-91d4-14864504042f']
[2022-11-06 18:55:52,058] logger_util.py->write_log line:61 [INFO] 接口请求成功！
[2022-11-06 18:55:52,058] logger_util.py->write_log line:61 [INFO] -------------接口请求结束-----------

[2022-11-06 18:55:52,069] logger_util.py->write_log line:61 [INFO] -------------接口请求开始-----------
[2022-11-06 18:55:52,069] logger_util.py->write_log line:61 [INFO] 接口名称：新建变量
[2022-11-06 18:55:52,069] logger_util.py->write_log line:61 [INFO] 接口方式：post
[2022-11-06 18:55:52,069] logger_util.py->write_log line:61 [INFO] 接口路径：http://127.0.0.1:18000/api/v1/variable/device/3e6e78a4-5d52-40fe-bf3d-ec61437b0122/group/b92fecb7-1409-4f57-b6a1-465d8f11b6e0/tag
[2022-11-06 18:55:52,069] logger_util.py->write_log line:61 [INFO] 请求头：{'Content-Type': 'application/json;charset=UTF-8', 'X-Project': 'af95670ce7fb4076bb525099bc060234'}
[2022-11-06 18:55:52,070] logger_util.py->write_log line:61 [INFO] 请求参数：[{'name': 'A6', 'type': 3, 'description': '描述', 'address': '400001', 'stringLength': None, 'zoom': 1, 'digit': None, 'rule': 1, 'historyArchive': {'triggerType': 0, 'startTime': None, 'interval': 0, 'intervalUnit': 0, 'relateTags': [], 'isRelateSelf': False}}]
[2022-11-06 18:55:52,070] logger_util.py->write_log line:61 [INFO] 文件上传：None
[2022-11-06 18:55:53,373] logger_util.py->error_log line:65 [INFO] 断言失败:status_code不等于200
[2022-11-06 18:55:53,373] logger_util.py->write_log line:61 [INFO] 接口请求失败！
[2022-11-06 18:55:53,373] logger_util.py->write_log line:61 [INFO] -------------接口请求结束-----------

[2022-11-06 18:55:53,373] logger_util.py->error_log line:65 [INFO] 断言异常：异常信息: Traceback (most recent call last):
  File "E:\Project_python\2TestCMS2.0\common\requests_util.py", line 394, in validate_result
    error_log("断言失败:"+assert_key+"不等于"+str(assert_value))
  File "E:\Project_python\2TestCMS2.0\common\logger_util.py", line 66, in error_log
    raise Exception(log_message)
Exception: 断言失败:status_code不等于200

[2022-11-06 18:55:53,374] logger_util.py->error_log line:65 [INFO] 分析YAML文件异常：异常信息: Traceback (most recent call last):
  File "E:\Project_python\2TestCMS2.0\common\requests_util.py", line 394, in validate_result
    error_log("断言失败:"+assert_key+"不等于"+str(assert_value))
  File "E:\Project_python\2TestCMS2.0\common\logger_util.py", line 66, in error_log
    raise Exception(log_message)
Exception: 断言失败:status_code不等于200

During handling of the above exception, another exception occurred:

Traceback (most recent call last):
  File "E:\Project_python\2TestCMS2.0\common\requests_util.py", line 260, in analysis_yaml
    self.validate_result(yq_result, return_data, status_code)
  File "E:\Project_python\2TestCMS2.0\common\requests_util.py", line 429, in validate_result
    error_log("断言异常：异常信息: %s" % str(traceback.format_exc()))
  File "E:\Project_python\2TestCMS2.0\common\logger_util.py", line 66, in error_log
    raise Exception(log_message)
Exception: 断言异常：异常信息: Traceback (most recent call last):
  File "E:\Project_python\2TestCMS2.0\common\requests_util.py", line 394, in validate_result
    error_log("断言失败:"+assert_key+"不等于"+str(assert_value))
  File "E:\Project_python\2TestCMS2.0\common\logger_util.py", line 66, in error_log
    raise Exception(log_message)
Exception: 断言失败:status_code不等于200


[2022-11-06 18:55:53,405] logger_util.py->write_log line:61 [INFO] -------------接口请求开始-----------
[2022-11-06 18:55:53,405] logger_util.py->write_log line:61 [INFO] 接口名称：新建变量
[2022-11-06 18:55:53,405] logger_util.py->write_log line:61 [INFO] 接口方式：post
[2022-11-06 18:55:53,406] logger_util.py->write_log line:61 [INFO] 接口路径：http://127.0.0.1:18000/api/v1/variable/device/3e6e78a4-5d52-40fe-bf3d-ec61437b0122/group/b92fecb7-1409-4f57-b6a1-465d8f11b6e0/tag
[2022-11-06 18:55:53,406] logger_util.py->write_log line:61 [INFO] 请求头：{'Content-Type': 'application/json;charset=UTF-8', 'X-Project': 'af95670ce7fb4076bb525099bc060234'}
[2022-11-06 18:55:53,406] logger_util.py->write_log line:61 [INFO] 请求参数：[{'name': 'A7', 'type': 3, 'description': '描述', 'address': '400001', 'stringLength': None, 'zoom': 1, 'digit': None, 'rule': 1, 'historyArchive': {'triggerType': 0, 'startTime': None, 'interval': 0, 'intervalUnit': 0, 'relateTags': [], 'isRelateSelf': False}}]
[2022-11-06 18:55:53,406] logger_util.py->write_log line:61 [INFO] 文件上传：None
[2022-11-06 18:55:53,530] logger_util.py->write_log line:61 [INFO] 预期结果：[{'equals': {'status_code': 200}}]
[2022-11-06 18:55:53,530] logger_util.py->write_log line:61 [INFO] 实际结果：['ff24ddac-f5c4-46aa-9c98-1e3a9296d755']
[2022-11-06 18:55:53,531] logger_util.py->write_log line:61 [INFO] 接口请求成功！
[2022-11-06 18:55:53,531] logger_util.py->write_log line:61 [INFO] -------------接口请求结束-----------

[2022-11-06 18:55:53,541] logger_util.py->write_log line:61 [INFO] -------------接口请求开始-----------
[2022-11-06 18:55:53,541] logger_util.py->write_log line:61 [INFO] 接口名称：新建变量
[2022-11-06 18:55:53,541] logger_util.py->write_log line:61 [INFO] 接口方式：post
[2022-11-06 18:55:53,541] logger_util.py->write_log line:61 [INFO] 接口路径：http://127.0.0.1:18000/api/v1/variable/device/3e6e78a4-5d52-40fe-bf3d-ec61437b0122/group/b92fecb7-1409-4f57-b6a1-465d8f11b6e0/tag
[2022-11-06 18:55:54,550] logger_util.py->write_log line:61 [INFO] 请求头：{'Content-Type': 'application/json;charset=UTF-8', 'X-Project': 'af95670ce7fb4076bb525099bc060234'}
[2022-11-06 18:55:54,551] logger_util.py->write_log line:61 [INFO] 请求参数：[{'name': 'A8', 'type': 3, 'description': '描述', 'address': '400001', 'stringLength': None, 'zoom': 1, 'digit': None, 'rule': 1, 'historyArchive': {'triggerType': 0, 'startTime': None, 'interval': 0, 'intervalUnit': 0, 'relateTags': [], 'isRelateSelf': False}}]
[2022-11-06 18:55:54,551] logger_util.py->write_log line:61 [INFO] 文件上传：None
[2022-11-06 18:56:03,885] logger_util.py->write_log line:61 [INFO] 预期结果：[{'equals': {'status_code': 200}}]
[2022-11-06 18:56:03,886] logger_util.py->write_log line:61 [INFO] 实际结果：['5e1bf572-0671-4b93-8f36-ee54264093c0']
[2022-11-06 18:56:03,886] logger_util.py->write_log line:61 [INFO] 接口请求成功！
[2022-11-06 18:56:03,886] logger_util.py->write_log line:61 [INFO] -------------接口请求结束-----------

[2022-11-06 18:56:03,897] logger_util.py->write_log line:61 [INFO] -------------接口请求开始-----------
[2022-11-06 18:56:03,897] logger_util.py->write_log line:61 [INFO] 接口名称：新建变量
[2022-11-06 18:56:03,897] logger_util.py->write_log line:61 [INFO] 接口方式：post
[2022-11-06 18:56:03,897] logger_util.py->write_log line:61 [INFO] 接口路径：http://127.0.0.1:18000/api/v1/variable/device/3e6e78a4-5d52-40fe-bf3d-ec61437b0122/group/b92fecb7-1409-4f57-b6a1-465d8f11b6e0/tag
[2022-11-06 18:56:03,897] logger_util.py->write_log line:61 [INFO] 请求头：{'Content-Type': 'application/json;charset=UTF-8', 'X-Project': 'af95670ce7fb4076bb525099bc060234'}
[2022-11-06 18:56:03,897] logger_util.py->write_log line:61 [INFO] 请求参数：[{'name': 'A9', 'type': 3, 'description': '描述', 'address': '400001', 'stringLength': None, 'zoom': 1, 'digit': None, 'rule': 1, 'historyArchive': {'triggerType': 0, 'startTime': None, 'interval': 0, 'intervalUnit': 0, 'relateTags': [], 'isRelateSelf': False}}]
[2022-11-06 18:56:03,897] logger_util.py->write_log line:61 [INFO] 文件上传：None
[2022-11-06 18:56:05,187] logger_util.py->error_log line:65 [INFO] 断言失败:status_code不等于200
[2022-11-06 18:56:05,187] logger_util.py->write_log line:61 [INFO] 接口请求失败！
[2022-11-06 18:56:05,188] logger_util.py->write_log line:61 [INFO] -------------接口请求结束-----------

[2022-11-06 18:56:05,188] logger_util.py->error_log line:65 [INFO] 断言异常：异常信息: Traceback (most recent call last):
  File "E:\Project_python\2TestCMS2.0\common\requests_util.py", line 394, in validate_result
    error_log("断言失败:"+assert_key+"不等于"+str(assert_value))
  File "E:\Project_python\2TestCMS2.0\common\logger_util.py", line 66, in error_log
    raise Exception(log_message)
Exception: 断言失败:status_code不等于200

[2022-11-06 18:56:05,188] logger_util.py->error_log line:65 [INFO] 分析YAML文件异常：异常信息: Traceback (most recent call last):
  File "E:\Project_python\2TestCMS2.0\common\requests_util.py", line 394, in validate_result
    error_log("断言失败:"+assert_key+"不等于"+str(assert_value))
  File "E:\Project_python\2TestCMS2.0\common\logger_util.py", line 66, in error_log
    raise Exception(log_message)
Exception: 断言失败:status_code不等于200

During handling of the above exception, another exception occurred:

Traceback (most recent call last):
  File "E:\Project_python\2TestCMS2.0\common\requests_util.py", line 260, in analysis_yaml
    self.validate_result(yq_result, return_data, status_code)
  File "E:\Project_python\2TestCMS2.0\common\requests_util.py", line 429, in validate_result
    error_log("断言异常：异常信息: %s" % str(traceback.format_exc()))
  File "E:\Project_python\2TestCMS2.0\common\logger_util.py", line 66, in error_log
    raise Exception(log_message)
Exception: 断言异常：异常信息: Traceback (most recent call last):
  File "E:\Project_python\2TestCMS2.0\common\requests_util.py", line 394, in validate_result
    error_log("断言失败:"+assert_key+"不等于"+str(assert_value))
  File "E:\Project_python\2TestCMS2.0\common\logger_util.py", line 66, in error_log
    raise Exception(log_message)
Exception: 断言失败:status_code不等于200


[2022-11-06 18:56:05,220] logger_util.py->write_log line:61 [INFO] -------------接口请求开始-----------
[2022-11-06 18:56:05,220] logger_util.py->write_log line:61 [INFO] 接口名称：新建变量
[2022-11-06 18:56:05,220] logger_util.py->write_log line:61 [INFO] 接口方式：post
[2022-11-06 18:56:05,220] logger_util.py->write_log line:61 [INFO] 接口路径：http://127.0.0.1:18000/api/v1/variable/device/3e6e78a4-5d52-40fe-bf3d-ec61437b0122/group/b92fecb7-1409-4f57-b6a1-465d8f11b6e0/tag
[2022-11-06 18:56:05,220] logger_util.py->write_log line:61 [INFO] 请求头：{'Content-Type': 'application/json;charset=UTF-8', 'X-Project': 'af95670ce7fb4076bb525099bc060234'}
[2022-11-06 18:56:05,220] logger_util.py->write_log line:61 [INFO] 请求参数：[{'name': 'A10', 'type': 3, 'description': '描述', 'address': '400001', 'stringLength': None, 'zoom': 1, 'digit': None, 'rule': 1, 'historyArchive': {'triggerType': 0, 'startTime': None, 'interval': 0, 'intervalUnit': 0, 'relateTags': [], 'isRelateSelf': False}}]
[2022-11-06 18:56:05,220] logger_util.py->write_log line:61 [INFO] 文件上传：None
[2022-11-06 18:56:05,330] logger_util.py->write_log line:61 [INFO] 预期结果：[{'equals': {'status_code': 200}}]
[2022-11-06 18:56:05,331] logger_util.py->write_log line:61 [INFO] 实际结果：['672a8ee6-ebe5-4c54-9741-33c6cf0fe48c']
[2022-11-06 18:56:05,331] logger_util.py->write_log line:61 [INFO] 接口请求成功！
[2022-11-06 18:56:05,331] logger_util.py->write_log line:61 [INFO] -------------接口请求结束-----------

[2022-11-06 18:56:05,341] logger_util.py->write_log line:61 [INFO] -------------接口请求开始-----------
[2022-11-06 18:56:05,342] logger_util.py->write_log line:61 [INFO] 接口名称：新建变量
[2022-11-06 18:56:05,342] logger_util.py->write_log line:61 [INFO] 接口方式：post
[2022-11-06 18:56:05,342] logger_util.py->write_log line:61 [INFO] 接口路径：http://127.0.0.1:18000/api/v1/variable/device/3e6e78a4-5d52-40fe-bf3d-ec61437b0122/group/b92fecb7-1409-4f57-b6a1-465d8f11b6e0/tag
[2022-11-06 18:56:05,342] logger_util.py->write_log line:61 [INFO] 请求头：{'Content-Type': 'application/json;charset=UTF-8', 'X-Project': 'af95670ce7fb4076bb525099bc060234'}
[2022-11-06 18:56:05,342] logger_util.py->write_log line:61 [INFO] 请求参数：[{'name': 'A11', 'type': 3, 'description': '描述', 'address': '400001', 'stringLength': None, 'zoom': 1, 'digit': None, 'rule': 1, 'historyArchive': {'triggerType': 0, 'startTime': None, 'interval': 0, 'intervalUnit': 0, 'relateTags': [], 'isRelateSelf': False}}]
[2022-11-06 18:56:05,342] logger_util.py->write_log line:61 [INFO] 文件上传：None
[2022-11-06 18:56:06,663] logger_util.py->error_log line:65 [INFO] 断言失败:status_code不等于200
[2022-11-06 18:56:06,663] logger_util.py->write_log line:61 [INFO] 接口请求失败！
[2022-11-06 18:56:06,663] logger_util.py->write_log line:61 [INFO] -------------接口请求结束-----------

[2022-11-06 18:56:06,664] logger_util.py->error_log line:65 [INFO] 断言异常：异常信息: Traceback (most recent call last):
  File "E:\Project_python\2TestCMS2.0\common\requests_util.py", line 394, in validate_result
    error_log("断言失败:"+assert_key+"不等于"+str(assert_value))
  File "E:\Project_python\2TestCMS2.0\common\logger_util.py", line 66, in error_log
    raise Exception(log_message)
Exception: 断言失败:status_code不等于200

[2022-11-06 18:56:06,664] logger_util.py->error_log line:65 [INFO] 分析YAML文件异常：异常信息: Traceback (most recent call last):
  File "E:\Project_python\2TestCMS2.0\common\requests_util.py", line 394, in validate_result
    error_log("断言失败:"+assert_key+"不等于"+str(assert_value))
  File "E:\Project_python\2TestCMS2.0\common\logger_util.py", line 66, in error_log
    raise Exception(log_message)
Exception: 断言失败:status_code不等于200

During handling of the above exception, another exception occurred:

Traceback (most recent call last):
  File "E:\Project_python\2TestCMS2.0\common\requests_util.py", line 260, in analysis_yaml
    self.validate_result(yq_result, return_data, status_code)
  File "E:\Project_python\2TestCMS2.0\common\requests_util.py", line 429, in validate_result
    error_log("断言异常：异常信息: %s" % str(traceback.format_exc()))
  File "E:\Project_python\2TestCMS2.0\common\logger_util.py", line 66, in error_log
    raise Exception(log_message)
Exception: 断言异常：异常信息: Traceback (most recent call last):
  File "E:\Project_python\2TestCMS2.0\common\requests_util.py", line 394, in validate_result
    error_log("断言失败:"+assert_key+"不等于"+str(assert_value))
  File "E:\Project_python\2TestCMS2.0\common\logger_util.py", line 66, in error_log
    raise Exception(log_message)
Exception: 断言失败:status_code不等于200


[2022-11-06 18:56:06,698] logger_util.py->write_log line:61 [INFO] -------------接口请求开始-----------
[2022-11-06 18:56:06,698] logger_util.py->write_log line:61 [INFO] 接口名称：新建变量
[2022-11-06 18:56:06,698] logger_util.py->write_log line:61 [INFO] 接口方式：post
[2022-11-06 18:56:06,698] logger_util.py->write_log line:61 [INFO] 接口路径：http://127.0.0.1:18000/api/v1/variable/device/3e6e78a4-5d52-40fe-bf3d-ec61437b0122/group/b92fecb7-1409-4f57-b6a1-465d8f11b6e0/tag
[2022-11-06 18:56:06,698] logger_util.py->write_log line:61 [INFO] 请求头：{'Content-Type': 'application/json;charset=UTF-8', 'X-Project': 'af95670ce7fb4076bb525099bc060234'}
[2022-11-06 18:56:06,699] logger_util.py->write_log line:61 [INFO] 请求参数：[{'name': 'A12', 'type': 3, 'description': '描述', 'address': '400001', 'stringLength': None, 'zoom': 1, 'digit': None, 'rule': 1, 'historyArchive': {'triggerType': 0, 'startTime': None, 'interval': 0, 'intervalUnit': 0, 'relateTags': [], 'isRelateSelf': False}}]
[2022-11-06 18:56:06,699] logger_util.py->write_log line:61 [INFO] 文件上传：None
[2022-11-06 18:56:06,830] logger_util.py->write_log line:61 [INFO] 预期结果：[{'equals': {'status_code': 200}}]
[2022-11-06 18:56:06,831] logger_util.py->write_log line:61 [INFO] 实际结果：['dfeb9725-9f2a-4eba-9f4b-a5e2693be83d']
[2022-11-06 18:56:06,831] logger_util.py->write_log line:61 [INFO] 接口请求成功！
[2022-11-06 18:56:06,831] logger_util.py->write_log line:61 [INFO] -------------接口请求结束-----------

[2022-11-06 18:56:06,841] logger_util.py->write_log line:61 [INFO] -------------接口请求开始-----------
[2022-11-06 18:56:06,842] logger_util.py->write_log line:61 [INFO] 接口名称：新建变量
[2022-11-06 18:56:06,842] logger_util.py->write_log line:61 [INFO] 接口方式：post
[2022-11-06 18:56:06,842] logger_util.py->write_log line:61 [INFO] 接口路径：http://127.0.0.1:18000/api/v1/variable/device/3e6e78a4-5d52-40fe-bf3d-ec61437b0122/group/b92fecb7-1409-4f57-b6a1-465d8f11b6e0/tag
[2022-11-06 18:56:06,842] logger_util.py->write_log line:61 [INFO] 请求头：{'Content-Type': 'application/json;charset=UTF-8', 'X-Project': 'af95670ce7fb4076bb525099bc060234'}
[2022-11-06 18:56:06,842] logger_util.py->write_log line:61 [INFO] 请求参数：[{'name': 'A13', 'type': 3, 'description': '描述', 'address': '400001', 'stringLength': None, 'zoom': 1, 'digit': None, 'rule': 1, 'historyArchive': {'triggerType': 0, 'startTime': None, 'interval': 0, 'intervalUnit': 0, 'relateTags': [], 'isRelateSelf': False}}]
[2022-11-06 18:56:06,842] logger_util.py->write_log line:61 [INFO] 文件上传：None
[2022-11-06 18:56:16,204] logger_util.py->write_log line:61 [INFO] 预期结果：[{'equals': {'status_code': 200}}]
[2022-11-06 18:56:16,204] logger_util.py->write_log line:61 [INFO] 实际结果：['ef999114-bea6-4e4d-8061-ea927e51cd44']
[2022-11-06 18:56:16,204] logger_util.py->write_log line:61 [INFO] 接口请求成功！
[2022-11-06 18:56:16,205] logger_util.py->write_log line:61 [INFO] -------------接口请求结束-----------

[2022-11-06 18:56:16,215] logger_util.py->write_log line:61 [INFO] -------------接口请求开始-----------
[2022-11-06 18:56:16,216] logger_util.py->write_log line:61 [INFO] 接口名称：新建变量
[2022-11-06 18:56:16,216] logger_util.py->write_log line:61 [INFO] 接口方式：post
[2022-11-06 18:56:16,216] logger_util.py->write_log line:61 [INFO] 接口路径：http://127.0.0.1:18000/api/v1/variable/device/3e6e78a4-5d52-40fe-bf3d-ec61437b0122/group/b92fecb7-1409-4f57-b6a1-465d8f11b6e0/tag
[2022-11-06 18:56:16,216] logger_util.py->write_log line:61 [INFO] 请求头：{'Content-Type': 'application/json;charset=UTF-8', 'X-Project': 'af95670ce7fb4076bb525099bc060234'}
[2022-11-06 18:56:16,216] logger_util.py->write_log line:61 [INFO] 请求参数：[{'name': 'A14', 'type': 3, 'description': '描述', 'address': '400001', 'stringLength': None, 'zoom': 1, 'digit': None, 'rule': 1, 'historyArchive': {'triggerType': 0, 'startTime': None, 'interval': 0, 'intervalUnit': 0, 'relateTags': [], 'isRelateSelf': False}}]
[2022-11-06 18:56:16,216] logger_util.py->write_log line:61 [INFO] 文件上传：None
[2022-11-06 18:56:17,509] logger_util.py->error_log line:65 [INFO] 断言失败:status_code不等于200
[2022-11-06 18:56:17,509] logger_util.py->write_log line:61 [INFO] 接口请求失败！
[2022-11-06 18:56:17,509] logger_util.py->write_log line:61 [INFO] -------------接口请求结束-----------

[2022-11-06 18:56:17,509] logger_util.py->error_log line:65 [INFO] 断言异常：异常信息: Traceback (most recent call last):
  File "E:\Project_python\2TestCMS2.0\common\requests_util.py", line 394, in validate_result
    error_log("断言失败:"+assert_key+"不等于"+str(assert_value))
  File "E:\Project_python\2TestCMS2.0\common\logger_util.py", line 66, in error_log
    raise Exception(log_message)
Exception: 断言失败:status_code不等于200

[2022-11-06 18:56:17,510] logger_util.py->error_log line:65 [INFO] 分析YAML文件异常：异常信息: Traceback (most recent call last):
  File "E:\Project_python\2TestCMS2.0\common\requests_util.py", line 394, in validate_result
    error_log("断言失败:"+assert_key+"不等于"+str(assert_value))
  File "E:\Project_python\2TestCMS2.0\common\logger_util.py", line 66, in error_log
    raise Exception(log_message)
Exception: 断言失败:status_code不等于200

During handling of the above exception, another exception occurred:

Traceback (most recent call last):
  File "E:\Project_python\2TestCMS2.0\common\requests_util.py", line 260, in analysis_yaml
    self.validate_result(yq_result, return_data, status_code)
  File "E:\Project_python\2TestCMS2.0\common\requests_util.py", line 429, in validate_result
    error_log("断言异常：异常信息: %s" % str(traceback.format_exc()))
  File "E:\Project_python\2TestCMS2.0\common\logger_util.py", line 66, in error_log
    raise Exception(log_message)
Exception: 断言异常：异常信息: Traceback (most recent call last):
  File "E:\Project_python\2TestCMS2.0\common\requests_util.py", line 394, in validate_result
    error_log("断言失败:"+assert_key+"不等于"+str(assert_value))
  File "E:\Project_python\2TestCMS2.0\common\logger_util.py", line 66, in error_log
    raise Exception(log_message)
Exception: 断言失败:status_code不等于200


[2022-11-06 18:56:17,542] logger_util.py->write_log line:61 [INFO] -------------接口请求开始-----------
[2022-11-06 18:56:17,542] logger_util.py->write_log line:61 [INFO] 接口名称：新建变量
[2022-11-06 18:56:17,542] logger_util.py->write_log line:61 [INFO] 接口方式：post
[2022-11-06 18:56:17,542] logger_util.py->write_log line:61 [INFO] 接口路径：http://127.0.0.1:18000/api/v1/variable/device/3e6e78a4-5d52-40fe-bf3d-ec61437b0122/group/b92fecb7-1409-4f57-b6a1-465d8f11b6e0/tag
[2022-11-06 18:56:17,542] logger_util.py->write_log line:61 [INFO] 请求头：{'Content-Type': 'application/json;charset=UTF-8', 'X-Project': 'af95670ce7fb4076bb525099bc060234'}
[2022-11-06 18:56:17,542] logger_util.py->write_log line:61 [INFO] 请求参数：[{'name': 'A15', 'type': 3, 'description': '描述', 'address': '400001', 'stringLength': None, 'zoom': 1, 'digit': None, 'rule': 1, 'historyArchive': {'triggerType': 0, 'startTime': None, 'interval': 0, 'intervalUnit': 0, 'relateTags': [], 'isRelateSelf': False}}]
[2022-11-06 18:56:17,542] logger_util.py->write_log line:61 [INFO] 文件上传：None
[2022-11-06 18:56:17,655] logger_util.py->write_log line:61 [INFO] 预期结果：[{'equals': {'status_code': 200}}]
[2022-11-06 18:56:17,655] logger_util.py->write_log line:61 [INFO] 实际结果：['a3cd581a-0c7c-48bf-bdd9-8e8aea09ba0c']
[2022-11-06 18:56:17,656] logger_util.py->write_log line:61 [INFO] 接口请求成功！
[2022-11-06 18:56:17,656] logger_util.py->write_log line:61 [INFO] -------------接口请求结束-----------

[2022-11-06 18:56:17,667] logger_util.py->write_log line:61 [INFO] -------------接口请求开始-----------
[2022-11-06 18:56:17,668] logger_util.py->write_log line:61 [INFO] 接口名称：新建变量
[2022-11-06 18:56:17,668] logger_util.py->write_log line:61 [INFO] 接口方式：post
[2022-11-06 18:56:17,668] logger_util.py->write_log line:61 [INFO] 接口路径：http://127.0.0.1:18000/api/v1/variable/device/3e6e78a4-5d52-40fe-bf3d-ec61437b0122/group/b92fecb7-1409-4f57-b6a1-465d8f11b6e0/tag
[2022-11-06 18:56:17,668] logger_util.py->write_log line:61 [INFO] 请求头：{'Content-Type': 'application/json;charset=UTF-8', 'X-Project': 'af95670ce7fb4076bb525099bc060234'}
[2022-11-06 18:56:17,668] logger_util.py->write_log line:61 [INFO] 请求参数：[{'name': 'A16', 'type': 3, 'description': '描述', 'address': '400001', 'stringLength': None, 'zoom': 1, 'digit': None, 'rule': 1, 'historyArchive': {'triggerType': 0, 'startTime': None, 'interval': 0, 'intervalUnit': 0, 'relateTags': [], 'isRelateSelf': False}}]
[2022-11-06 18:56:17,668] logger_util.py->write_log line:61 [INFO] 文件上传：None
[2022-11-06 18:56:28,135] logger_util.py->write_log line:61 [INFO] 预期结果：[{'equals': {'status_code': 200}}]
[2022-11-06 18:56:28,135] logger_util.py->write_log line:61 [INFO] 实际结果：['fd1ea60a-6f76-4e28-ba5a-b8f55341a8a5']
[2022-11-06 18:56:28,135] logger_util.py->write_log line:61 [INFO] 接口请求成功！
[2022-11-06 18:56:28,135] logger_util.py->write_log line:61 [INFO] -------------接口请求结束-----------

[2022-11-06 18:56:28,146] logger_util.py->write_log line:61 [INFO] -------------接口请求开始-----------
[2022-11-06 18:56:28,146] logger_util.py->write_log line:61 [INFO] 接口名称：新建变量
[2022-11-06 18:56:28,146] logger_util.py->write_log line:61 [INFO] 接口方式：post
[2022-11-06 18:56:28,146] logger_util.py->write_log line:61 [INFO] 接口路径：http://127.0.0.1:18000/api/v1/variable/device/3e6e78a4-5d52-40fe-bf3d-ec61437b0122/group/b92fecb7-1409-4f57-b6a1-465d8f11b6e0/tag
[2022-11-06 18:56:28,146] logger_util.py->write_log line:61 [INFO] 请求头：{'Content-Type': 'application/json;charset=UTF-8', 'X-Project': 'af95670ce7fb4076bb525099bc060234'}
[2022-11-06 18:56:28,147] logger_util.py->write_log line:61 [INFO] 请求参数：[{'name': 'A17', 'type': 3, 'description': '描述', 'address': '400001', 'stringLength': None, 'zoom': 1, 'digit': None, 'rule': 1, 'historyArchive': {'triggerType': 0, 'startTime': None, 'interval': 0, 'intervalUnit': 0, 'relateTags': [], 'isRelateSelf': False}}]
[2022-11-06 18:56:28,147] logger_util.py->write_log line:61 [INFO] 文件上传：None
[2022-11-06 18:56:29,602] logger_util.py->error_log line:65 [INFO] 断言失败:status_code不等于200
[2022-11-06 18:56:29,602] logger_util.py->write_log line:61 [INFO] 接口请求失败！
[2022-11-06 18:56:29,602] logger_util.py->write_log line:61 [INFO] -------------接口请求结束-----------

[2022-11-06 18:56:29,603] logger_util.py->error_log line:65 [INFO] 断言异常：异常信息: Traceback (most recent call last):
  File "E:\Project_python\2TestCMS2.0\common\requests_util.py", line 394, in validate_result
    error_log("断言失败:"+assert_key+"不等于"+str(assert_value))
  File "E:\Project_python\2TestCMS2.0\common\logger_util.py", line 66, in error_log
    raise Exception(log_message)
Exception: 断言失败:status_code不等于200

[2022-11-06 18:56:29,603] logger_util.py->error_log line:65 [INFO] 分析YAML文件异常：异常信息: Traceback (most recent call last):
  File "E:\Project_python\2TestCMS2.0\common\requests_util.py", line 394, in validate_result
    error_log("断言失败:"+assert_key+"不等于"+str(assert_value))
  File "E:\Project_python\2TestCMS2.0\common\logger_util.py", line 66, in error_log
    raise Exception(log_message)
Exception: 断言失败:status_code不等于200

During handling of the above exception, another exception occurred:

Traceback (most recent call last):
  File "E:\Project_python\2TestCMS2.0\common\requests_util.py", line 260, in analysis_yaml
    self.validate_result(yq_result, return_data, status_code)
  File "E:\Project_python\2TestCMS2.0\common\requests_util.py", line 429, in validate_result
    error_log("断言异常：异常信息: %s" % str(traceback.format_exc()))
  File "E:\Project_python\2TestCMS2.0\common\logger_util.py", line 66, in error_log
    raise Exception(log_message)
Exception: 断言异常：异常信息: Traceback (most recent call last):
  File "E:\Project_python\2TestCMS2.0\common\requests_util.py", line 394, in validate_result
    error_log("断言失败:"+assert_key+"不等于"+str(assert_value))
  File "E:\Project_python\2TestCMS2.0\common\logger_util.py", line 66, in error_log
    raise Exception(log_message)
Exception: 断言失败:status_code不等于200


[2022-11-06 18:56:29,634] logger_util.py->write_log line:61 [INFO] -------------接口请求开始-----------
[2022-11-06 18:56:29,634] logger_util.py->write_log line:61 [INFO] 接口名称：新建变量
[2022-11-06 18:56:29,634] logger_util.py->write_log line:61 [INFO] 接口方式：post
[2022-11-06 18:56:29,634] logger_util.py->write_log line:61 [INFO] 接口路径：http://127.0.0.1:18000/api/v1/variable/device/3e6e78a4-5d52-40fe-bf3d-ec61437b0122/group/b92fecb7-1409-4f57-b6a1-465d8f11b6e0/tag
[2022-11-06 18:56:29,634] logger_util.py->write_log line:61 [INFO] 请求头：{'Content-Type': 'application/json;charset=UTF-8', 'X-Project': 'af95670ce7fb4076bb525099bc060234'}
[2022-11-06 18:56:29,635] logger_util.py->write_log line:61 [INFO] 请求参数：[{'name': 'A18', 'type': 3, 'description': '描述', 'address': '400001', 'stringLength': None, 'zoom': 1, 'digit': None, 'rule': 1, 'historyArchive': {'triggerType': 0, 'startTime': None, 'interval': 0, 'intervalUnit': 0, 'relateTags': [], 'isRelateSelf': False}}]
[2022-11-06 18:56:29,635] logger_util.py->write_log line:61 [INFO] 文件上传：None
[2022-11-06 18:56:29,804] logger_util.py->write_log line:61 [INFO] 预期结果：[{'equals': {'status_code': 200}}]
[2022-11-06 18:56:29,804] logger_util.py->write_log line:61 [INFO] 实际结果：['60b75549-c99b-4578-bdb3-a2c71aab3b66']
[2022-11-06 18:56:29,804] logger_util.py->write_log line:61 [INFO] 接口请求成功！
[2022-11-06 18:56:29,805] logger_util.py->write_log line:61 [INFO] -------------接口请求结束-----------

[2022-11-06 18:56:29,814] logger_util.py->write_log line:61 [INFO] -------------接口请求开始-----------
[2022-11-06 18:56:29,815] logger_util.py->write_log line:61 [INFO] 接口名称：新建变量
[2022-11-06 18:56:29,815] logger_util.py->write_log line:61 [INFO] 接口方式：post
[2022-11-06 18:56:29,815] logger_util.py->write_log line:61 [INFO] 接口路径：http://127.0.0.1:18000/api/v1/variable/device/3e6e78a4-5d52-40fe-bf3d-ec61437b0122/group/b92fecb7-1409-4f57-b6a1-465d8f11b6e0/tag
[2022-11-06 18:56:29,815] logger_util.py->write_log line:61 [INFO] 请求头：{'Content-Type': 'application/json;charset=UTF-8', 'X-Project': 'af95670ce7fb4076bb525099bc060234'}
[2022-11-06 18:56:29,815] logger_util.py->write_log line:61 [INFO] 请求参数：[{'name': 'A19', 'type': 3, 'description': '描述', 'address': '400001', 'stringLength': None, 'zoom': 1, 'digit': None, 'rule': 1, 'historyArchive': {'triggerType': 0, 'startTime': None, 'interval': 0, 'intervalUnit': 0, 'relateTags': [], 'isRelateSelf': False}}]
[2022-11-06 18:56:29,815] logger_util.py->write_log line:61 [INFO] 文件上传：None
[2022-11-06 18:56:40,244] logger_util.py->write_log line:61 [INFO] 预期结果：[{'equals': {'status_code': 200}}]
[2022-11-06 18:56:40,244] logger_util.py->write_log line:61 [INFO] 实际结果：['9104a76d-0916-43ee-84b8-1a14962110a6']
[2022-11-06 18:56:40,244] logger_util.py->write_log line:61 [INFO] 接口请求成功！
[2022-11-06 18:56:40,245] logger_util.py->write_log line:61 [INFO] -------------接口请求结束-----------

[2022-11-06 18:56:40,281] logger_util.py->write_log line:61 [INFO] -------------接口请求开始-----------
[2022-11-06 18:56:40,281] logger_util.py->write_log line:61 [INFO] 接口名称：新建变量
[2022-11-06 18:56:40,281] logger_util.py->write_log line:61 [INFO] 接口方式：post
[2022-11-06 18:56:40,281] logger_util.py->write_log line:61 [INFO] 接口路径：http://127.0.0.1:18000/api/v1/variable/device/3e6e78a4-5d52-40fe-bf3d-ec61437b0122/group/b92fecb7-1409-4f57-b6a1-465d8f11b6e0/tag
[2022-11-06 18:56:40,282] logger_util.py->write_log line:61 [INFO] 请求头：{'Content-Type': 'application/json;charset=UTF-8', 'X-Project': 'af95670ce7fb4076bb525099bc060234'}
[2022-11-06 18:56:40,282] logger_util.py->write_log line:61 [INFO] 请求参数：[{'name': 'A20', 'type': 3, 'description': '描述', 'address': '400001', 'stringLength': None, 'zoom': 1, 'digit': None, 'rule': 1, 'historyArchive': {'triggerType': 0, 'startTime': None, 'interval': 0, 'intervalUnit': 0, 'relateTags': [], 'isRelateSelf': False}}]
[2022-11-06 18:56:40,282] logger_util.py->write_log line:61 [INFO] 文件上传：None
[2022-11-06 18:56:41,633] logger_util.py->error_log line:65 [INFO] 断言失败:status_code不等于200
[2022-11-06 18:56:41,633] logger_util.py->write_log line:61 [INFO] 接口请求失败！
[2022-11-06 18:56:41,633] logger_util.py->write_log line:61 [INFO] -------------接口请求结束-----------

[2022-11-06 18:56:41,633] logger_util.py->error_log line:65 [INFO] 断言异常：异常信息: Traceback (most recent call last):
  File "E:\Project_python\2TestCMS2.0\common\requests_util.py", line 394, in validate_result
    error_log("断言失败:"+assert_key+"不等于"+str(assert_value))
  File "E:\Project_python\2TestCMS2.0\common\logger_util.py", line 66, in error_log
    raise Exception(log_message)
Exception: 断言失败:status_code不等于200

[2022-11-06 18:56:41,634] logger_util.py->error_log line:65 [INFO] 分析YAML文件异常：异常信息: Traceback (most recent call last):
  File "E:\Project_python\2TestCMS2.0\common\requests_util.py", line 394, in validate_result
    error_log("断言失败:"+assert_key+"不等于"+str(assert_value))
  File "E:\Project_python\2TestCMS2.0\common\logger_util.py", line 66, in error_log
    raise Exception(log_message)
Exception: 断言失败:status_code不等于200

During handling of the above exception, another exception occurred:

Traceback (most recent call last):
  File "E:\Project_python\2TestCMS2.0\common\requests_util.py", line 260, in analysis_yaml
    self.validate_result(yq_result, return_data, status_code)
  File "E:\Project_python\2TestCMS2.0\common\requests_util.py", line 429, in validate_result
    error_log("断言异常：异常信息: %s" % str(traceback.format_exc()))
  File "E:\Project_python\2TestCMS2.0\common\logger_util.py", line 66, in error_log
    raise Exception(log_message)
Exception: 断言异常：异常信息: Traceback (most recent call last):
  File "E:\Project_python\2TestCMS2.0\common\requests_util.py", line 394, in validate_result
    error_log("断言失败:"+assert_key+"不等于"+str(assert_value))
  File "E:\Project_python\2TestCMS2.0\common\logger_util.py", line 66, in error_log
    raise Exception(log_message)
Exception: 断言失败:status_code不等于200


[2022-11-06 18:56:41,664] logger_util.py->write_log line:61 [INFO] -------------接口请求开始-----------
[2022-11-06 18:56:41,664] logger_util.py->write_log line:61 [INFO] 接口名称：新建变量
[2022-11-06 18:56:41,664] logger_util.py->write_log line:61 [INFO] 接口方式：post
[2022-11-06 18:56:41,664] logger_util.py->write_log line:61 [INFO] 接口路径：http://127.0.0.1:18000/api/v1/variable/device/3e6e78a4-5d52-40fe-bf3d-ec61437b0122/group/b92fecb7-1409-4f57-b6a1-465d8f11b6e0/tag
[2022-11-06 18:56:41,664] logger_util.py->write_log line:61 [INFO] 请求头：{'Content-Type': 'application/json;charset=UTF-8', 'X-Project': 'af95670ce7fb4076bb525099bc060234'}
[2022-11-06 18:56:41,664] logger_util.py->write_log line:61 [INFO] 请求参数：[{'name': 'A21', 'type': 3, 'description': '描述', 'address': '400001', 'stringLength': None, 'zoom': 1, 'digit': None, 'rule': 1, 'historyArchive': {'triggerType': 0, 'startTime': None, 'interval': 0, 'intervalUnit': 0, 'relateTags': [], 'isRelateSelf': False}}]
[2022-11-06 18:56:41,664] logger_util.py->write_log line:61 [INFO] 文件上传：None
[2022-11-06 18:56:41,784] logger_util.py->write_log line:61 [INFO] 预期结果：[{'equals': {'status_code': 200}}]
[2022-11-06 18:56:41,785] logger_util.py->write_log line:61 [INFO] 实际结果：['37a4d2bf-3d32-4100-83f4-ac39e5f91a75']
[2022-11-06 18:56:41,785] logger_util.py->write_log line:61 [INFO] 接口请求成功！
[2022-11-06 18:56:41,786] logger_util.py->write_log line:61 [INFO] -------------接口请求结束-----------

[2022-11-06 18:56:41,806] logger_util.py->write_log line:61 [INFO] -------------接口请求开始-----------
[2022-11-06 18:56:41,806] logger_util.py->write_log line:61 [INFO] 接口名称：新建变量
[2022-11-06 18:56:41,806] logger_util.py->write_log line:61 [INFO] 接口方式：post
[2022-11-06 18:56:41,806] logger_util.py->write_log line:61 [INFO] 接口路径：http://127.0.0.1:18000/api/v1/variable/device/3e6e78a4-5d52-40fe-bf3d-ec61437b0122/group/b92fecb7-1409-4f57-b6a1-465d8f11b6e0/tag
[2022-11-06 18:56:41,807] logger_util.py->write_log line:61 [INFO] 请求头：{'Content-Type': 'application/json;charset=UTF-8', 'X-Project': 'af95670ce7fb4076bb525099bc060234'}
[2022-11-06 18:56:41,807] logger_util.py->write_log line:61 [INFO] 请求参数：[{'name': 'A22', 'type': 3, 'description': '描述', 'address': '400001', 'stringLength': None, 'zoom': 1, 'digit': None, 'rule': 1, 'historyArchive': {'triggerType': 0, 'startTime': None, 'interval': 0, 'intervalUnit': 0, 'relateTags': [], 'isRelateSelf': False}}]
[2022-11-06 18:56:41,807] logger_util.py->write_log line:61 [INFO] 文件上传：None
[2022-11-06 18:56:52,194] logger_util.py->write_log line:61 [INFO] 预期结果：[{'equals': {'status_code': 200}}]
[2022-11-06 18:56:52,194] logger_util.py->write_log line:61 [INFO] 实际结果：['7d6144cb-ea25-4166-9ca8-cd6a56f17eb5']
[2022-11-06 18:56:52,194] logger_util.py->write_log line:61 [INFO] 接口请求成功！
[2022-11-06 18:56:52,194] logger_util.py->write_log line:61 [INFO] -------------接口请求结束-----------

[2022-11-06 18:56:52,204] logger_util.py->write_log line:61 [INFO] -------------接口请求开始-----------
[2022-11-06 18:56:52,204] logger_util.py->write_log line:61 [INFO] 接口名称：新建变量
[2022-11-06 18:56:52,204] logger_util.py->write_log line:61 [INFO] 接口方式：post
[2022-11-06 18:56:52,204] logger_util.py->write_log line:61 [INFO] 接口路径：http://127.0.0.1:18000/api/v1/variable/device/3e6e78a4-5d52-40fe-bf3d-ec61437b0122/group/b92fecb7-1409-4f57-b6a1-465d8f11b6e0/tag
[2022-11-06 18:56:52,204] logger_util.py->write_log line:61 [INFO] 请求头：{'Content-Type': 'application/json;charset=UTF-8', 'X-Project': 'af95670ce7fb4076bb525099bc060234'}
[2022-11-06 18:56:52,204] logger_util.py->write_log line:61 [INFO] 请求参数：[{'name': 'A23', 'type': 3, 'description': '描述', 'address': '400001', 'stringLength': None, 'zoom': 1, 'digit': None, 'rule': 1, 'historyArchive': {'triggerType': 0, 'startTime': None, 'interval': 0, 'intervalUnit': 0, 'relateTags': [], 'isRelateSelf': False}}]
[2022-11-06 18:56:52,205] logger_util.py->write_log line:61 [INFO] 文件上传：None
[2022-11-06 18:56:53,525] logger_util.py->error_log line:65 [INFO] 断言失败:status_code不等于200
[2022-11-06 18:56:53,525] logger_util.py->write_log line:61 [INFO] 接口请求失败！
[2022-11-06 18:56:53,525] logger_util.py->write_log line:61 [INFO] -------------接口请求结束-----------

[2022-11-06 18:56:53,525] logger_util.py->error_log line:65 [INFO] 断言异常：异常信息: Traceback (most recent call last):
  File "E:\Project_python\2TestCMS2.0\common\requests_util.py", line 394, in validate_result
    error_log("断言失败:"+assert_key+"不等于"+str(assert_value))
  File "E:\Project_python\2TestCMS2.0\common\logger_util.py", line 66, in error_log
    raise Exception(log_message)
Exception: 断言失败:status_code不等于200

[2022-11-06 18:56:53,526] logger_util.py->error_log line:65 [INFO] 分析YAML文件异常：异常信息: Traceback (most recent call last):
  File "E:\Project_python\2TestCMS2.0\common\requests_util.py", line 394, in validate_result
    error_log("断言失败:"+assert_key+"不等于"+str(assert_value))
  File "E:\Project_python\2TestCMS2.0\common\logger_util.py", line 66, in error_log
    raise Exception(log_message)
Exception: 断言失败:status_code不等于200

During handling of the above exception, another exception occurred:

Traceback (most recent call last):
  File "E:\Project_python\2TestCMS2.0\common\requests_util.py", line 260, in analysis_yaml
    self.validate_result(yq_result, return_data, status_code)
  File "E:\Project_python\2TestCMS2.0\common\requests_util.py", line 429, in validate_result
    error_log("断言异常：异常信息: %s" % str(traceback.format_exc()))
  File "E:\Project_python\2TestCMS2.0\common\logger_util.py", line 66, in error_log
    raise Exception(log_message)
Exception: 断言异常：异常信息: Traceback (most recent call last):
  File "E:\Project_python\2TestCMS2.0\common\requests_util.py", line 394, in validate_result
    error_log("断言失败:"+assert_key+"不等于"+str(assert_value))
  File "E:\Project_python\2TestCMS2.0\common\logger_util.py", line 66, in error_log
    raise Exception(log_message)
Exception: 断言失败:status_code不等于200


[2022-11-06 18:56:53,559] logger_util.py->write_log line:61 [INFO] -------------接口请求开始-----------
[2022-11-06 18:56:53,559] logger_util.py->write_log line:61 [INFO] 接口名称：新建变量
[2022-11-06 18:56:53,559] logger_util.py->write_log line:61 [INFO] 接口方式：post
[2022-11-06 18:56:53,559] logger_util.py->write_log line:61 [INFO] 接口路径：http://127.0.0.1:18000/api/v1/variable/device/3e6e78a4-5d52-40fe-bf3d-ec61437b0122/group/b92fecb7-1409-4f57-b6a1-465d8f11b6e0/tag
[2022-11-06 18:56:53,559] logger_util.py->write_log line:61 [INFO] 请求头：{'Content-Type': 'application/json;charset=UTF-8', 'X-Project': 'af95670ce7fb4076bb525099bc060234'}
[2022-11-06 18:56:53,559] logger_util.py->write_log line:61 [INFO] 请求参数：[{'name': 'A24', 'type': 3, 'description': '描述', 'address': '400001', 'stringLength': None, 'zoom': 1, 'digit': None, 'rule': 1, 'historyArchive': {'triggerType': 0, 'startTime': None, 'interval': 0, 'intervalUnit': 0, 'relateTags': [], 'isRelateSelf': False}}]
[2022-11-06 18:56:53,559] logger_util.py->write_log line:61 [INFO] 文件上传：None
[2022-11-06 18:56:53,681] logger_util.py->write_log line:61 [INFO] 预期结果：[{'equals': {'status_code': 200}}]
[2022-11-06 18:56:53,681] logger_util.py->write_log line:61 [INFO] 实际结果：['a8e6db4b-a5a5-4777-a114-7510f323a0d2']
[2022-11-06 18:56:53,681] logger_util.py->write_log line:61 [INFO] 接口请求成功！
[2022-11-06 18:56:53,681] logger_util.py->write_log line:61 [INFO] -------------接口请求结束-----------

[2022-11-06 18:56:53,692] logger_util.py->write_log line:61 [INFO] -------------接口请求开始-----------
[2022-11-06 18:56:53,692] logger_util.py->write_log line:61 [INFO] 接口名称：新建变量
[2022-11-06 18:56:53,692] logger_util.py->write_log line:61 [INFO] 接口方式：post
[2022-11-06 18:56:53,692] logger_util.py->write_log line:61 [INFO] 接口路径：http://127.0.0.1:18000/api/v1/variable/device/3e6e78a4-5d52-40fe-bf3d-ec61437b0122/group/b92fecb7-1409-4f57-b6a1-465d8f11b6e0/tag
[2022-11-06 18:56:53,692] logger_util.py->write_log line:61 [INFO] 请求头：{'Content-Type': 'application/json;charset=UTF-8', 'X-Project': 'af95670ce7fb4076bb525099bc060234'}
[2022-11-06 18:56:53,692] logger_util.py->write_log line:61 [INFO] 请求参数：[{'name': 'A25', 'type': 3, 'description': '描述', 'address': '400001', 'stringLength': None, 'zoom': 1, 'digit': None, 'rule': 1, 'historyArchive': {'triggerType': 0, 'startTime': None, 'interval': 0, 'intervalUnit': 0, 'relateTags': [], 'isRelateSelf': False}}]
[2022-11-06 18:56:53,692] logger_util.py->write_log line:61 [INFO] 文件上传：None
[2022-11-06 18:56:55,050] logger_util.py->error_log line:65 [INFO] 断言失败:status_code不等于200
[2022-11-06 18:56:55,050] logger_util.py->write_log line:61 [INFO] 接口请求失败！
[2022-11-06 18:56:55,050] logger_util.py->write_log line:61 [INFO] -------------接口请求结束-----------

[2022-11-06 18:56:55,050] logger_util.py->error_log line:65 [INFO] 断言异常：异常信息: Traceback (most recent call last):
  File "E:\Project_python\2TestCMS2.0\common\requests_util.py", line 394, in validate_result
    error_log("断言失败:"+assert_key+"不等于"+str(assert_value))
  File "E:\Project_python\2TestCMS2.0\common\logger_util.py", line 66, in error_log
    raise Exception(log_message)
Exception: 断言失败:status_code不等于200

[2022-11-06 18:56:55,051] logger_util.py->error_log line:65 [INFO] 分析YAML文件异常：异常信息: Traceback (most recent call last):
  File "E:\Project_python\2TestCMS2.0\common\requests_util.py", line 394, in validate_result
    error_log("断言失败:"+assert_key+"不等于"+str(assert_value))
  File "E:\Project_python\2TestCMS2.0\common\logger_util.py", line 66, in error_log
    raise Exception(log_message)
Exception: 断言失败:status_code不等于200

During handling of the above exception, another exception occurred:

Traceback (most recent call last):
  File "E:\Project_python\2TestCMS2.0\common\requests_util.py", line 260, in analysis_yaml
    self.validate_result(yq_result, return_data, status_code)
  File "E:\Project_python\2TestCMS2.0\common\requests_util.py", line 429, in validate_result
    error_log("断言异常：异常信息: %s" % str(traceback.format_exc()))
  File "E:\Project_python\2TestCMS2.0\common\logger_util.py", line 66, in error_log
    raise Exception(log_message)
Exception: 断言异常：异常信息: Traceback (most recent call last):
  File "E:\Project_python\2TestCMS2.0\common\requests_util.py", line 394, in validate_result
    error_log("断言失败:"+assert_key+"不等于"+str(assert_value))
  File "E:\Project_python\2TestCMS2.0\common\logger_util.py", line 66, in error_log
    raise Exception(log_message)
Exception: 断言失败:status_code不等于200


[2022-11-06 18:56:55,081] logger_util.py->write_log line:61 [INFO] -------------接口请求开始-----------
[2022-11-06 18:56:55,082] logger_util.py->write_log line:61 [INFO] 接口名称：新建变量
[2022-11-06 18:56:55,082] logger_util.py->write_log line:61 [INFO] 接口方式：post
[2022-11-06 18:56:55,082] logger_util.py->write_log line:61 [INFO] 接口路径：http://127.0.0.1:18000/api/v1/variable/device/3e6e78a4-5d52-40fe-bf3d-ec61437b0122/group/b92fecb7-1409-4f57-b6a1-465d8f11b6e0/tag
[2022-11-06 18:56:55,082] logger_util.py->write_log line:61 [INFO] 请求头：{'Content-Type': 'application/json;charset=UTF-8', 'X-Project': 'af95670ce7fb4076bb525099bc060234'}
[2022-11-06 18:56:55,082] logger_util.py->write_log line:61 [INFO] 请求参数：[{'name': 'A26', 'type': 3, 'description': '描述', 'address': '400001', 'stringLength': None, 'zoom': 1, 'digit': None, 'rule': 1, 'historyArchive': {'triggerType': 0, 'startTime': None, 'interval': 0, 'intervalUnit': 0, 'relateTags': [], 'isRelateSelf': False}}]
[2022-11-06 18:56:55,082] logger_util.py->write_log line:61 [INFO] 文件上传：None
[2022-11-06 18:56:55,205] logger_util.py->write_log line:61 [INFO] 预期结果：[{'equals': {'status_code': 200}}]
[2022-11-06 18:56:55,205] logger_util.py->write_log line:61 [INFO] 实际结果：['61b3bdf2-3bfa-4b29-a03e-554138606d0e']
[2022-11-06 18:56:55,206] logger_util.py->write_log line:61 [INFO] 接口请求成功！
[2022-11-06 18:56:55,206] logger_util.py->write_log line:61 [INFO] -------------接口请求结束-----------

[2022-11-06 18:56:55,216] logger_util.py->write_log line:61 [INFO] -------------接口请求开始-----------
[2022-11-06 18:56:55,216] logger_util.py->write_log line:61 [INFO] 接口名称：新建变量
[2022-11-06 18:56:55,216] logger_util.py->write_log line:61 [INFO] 接口方式：post
[2022-11-06 18:56:55,216] logger_util.py->write_log line:61 [INFO] 接口路径：http://127.0.0.1:18000/api/v1/variable/device/3e6e78a4-5d52-40fe-bf3d-ec61437b0122/group/b92fecb7-1409-4f57-b6a1-465d8f11b6e0/tag
[2022-11-06 18:56:55,216] logger_util.py->write_log line:61 [INFO] 请求头：{'Content-Type': 'application/json;charset=UTF-8', 'X-Project': 'af95670ce7fb4076bb525099bc060234'}
[2022-11-06 18:56:55,216] logger_util.py->write_log line:61 [INFO] 请求参数：[{'name': 'A27', 'type': 3, 'description': '描述', 'address': '400001', 'stringLength': None, 'zoom': 1, 'digit': None, 'rule': 1, 'historyArchive': {'triggerType': 0, 'startTime': None, 'interval': 0, 'intervalUnit': 0, 'relateTags': [], 'isRelateSelf': False}}]
[2022-11-06 18:56:55,216] logger_util.py->write_log line:61 [INFO] 文件上传：None
[2022-11-06 18:57:04,664] logger_util.py->write_log line:61 [INFO] 预期结果：[{'equals': {'status_code': 200}}]
[2022-11-06 18:57:04,665] logger_util.py->write_log line:61 [INFO] 实际结果：['c725ffc8-44d1-46d3-bf06-aee6f8dc1d75']
[2022-11-06 18:57:04,665] logger_util.py->write_log line:61 [INFO] 接口请求成功！
[2022-11-06 18:57:04,665] logger_util.py->write_log line:61 [INFO] -------------接口请求结束-----------

[2022-11-06 18:57:04,676] logger_util.py->write_log line:61 [INFO] -------------接口请求开始-----------
[2022-11-06 18:57:04,676] logger_util.py->write_log line:61 [INFO] 接口名称：新建变量
[2022-11-06 18:57:04,676] logger_util.py->write_log line:61 [INFO] 接口方式：post
[2022-11-06 18:57:04,676] logger_util.py->write_log line:61 [INFO] 接口路径：http://127.0.0.1:18000/api/v1/variable/device/3e6e78a4-5d52-40fe-bf3d-ec61437b0122/group/b92fecb7-1409-4f57-b6a1-465d8f11b6e0/tag
[2022-11-06 18:57:04,677] logger_util.py->write_log line:61 [INFO] 请求头：{'Content-Type': 'application/json;charset=UTF-8', 'X-Project': 'af95670ce7fb4076bb525099bc060234'}
[2022-11-06 18:57:04,677] logger_util.py->write_log line:61 [INFO] 请求参数：[{'name': 'A28', 'type': 3, 'description': '描述', 'address': '400001', 'stringLength': None, 'zoom': 1, 'digit': None, 'rule': 1, 'historyArchive': {'triggerType': 0, 'startTime': None, 'interval': 0, 'intervalUnit': 0, 'relateTags': [], 'isRelateSelf': False}}]
[2022-11-06 18:57:04,677] logger_util.py->write_log line:61 [INFO] 文件上传：None
[2022-11-06 18:57:05,993] logger_util.py->error_log line:65 [INFO] 断言失败:status_code不等于200
[2022-11-06 18:57:05,993] logger_util.py->write_log line:61 [INFO] 接口请求失败！
[2022-11-06 18:57:05,993] logger_util.py->write_log line:61 [INFO] -------------接口请求结束-----------

[2022-11-06 18:57:05,993] logger_util.py->error_log line:65 [INFO] 断言异常：异常信息: Traceback (most recent call last):
  File "E:\Project_python\2TestCMS2.0\common\requests_util.py", line 394, in validate_result
    error_log("断言失败:"+assert_key+"不等于"+str(assert_value))
  File "E:\Project_python\2TestCMS2.0\common\logger_util.py", line 66, in error_log
    raise Exception(log_message)
Exception: 断言失败:status_code不等于200

[2022-11-06 18:57:05,994] logger_util.py->error_log line:65 [INFO] 分析YAML文件异常：异常信息: Traceback (most recent call last):
  File "E:\Project_python\2TestCMS2.0\common\requests_util.py", line 394, in validate_result
    error_log("断言失败:"+assert_key+"不等于"+str(assert_value))
  File "E:\Project_python\2TestCMS2.0\common\logger_util.py", line 66, in error_log
    raise Exception(log_message)
Exception: 断言失败:status_code不等于200

During handling of the above exception, another exception occurred:

Traceback (most recent call last):
  File "E:\Project_python\2TestCMS2.0\common\requests_util.py", line 260, in analysis_yaml
    self.validate_result(yq_result, return_data, status_code)
  File "E:\Project_python\2TestCMS2.0\common\requests_util.py", line 429, in validate_result
    error_log("断言异常：异常信息: %s" % str(traceback.format_exc()))
  File "E:\Project_python\2TestCMS2.0\common\logger_util.py", line 66, in error_log
    raise Exception(log_message)
Exception: 断言异常：异常信息: Traceback (most recent call last):
  File "E:\Project_python\2TestCMS2.0\common\requests_util.py", line 394, in validate_result
    error_log("断言失败:"+assert_key+"不等于"+str(assert_value))
  File "E:\Project_python\2TestCMS2.0\common\logger_util.py", line 66, in error_log
    raise Exception(log_message)
Exception: 断言失败:status_code不等于200


[2022-11-06 18:57:06,024] logger_util.py->write_log line:61 [INFO] -------------接口请求开始-----------
[2022-11-06 18:57:06,024] logger_util.py->write_log line:61 [INFO] 接口名称：新建变量
[2022-11-06 18:57:06,025] logger_util.py->write_log line:61 [INFO] 接口方式：post
[2022-11-06 18:57:06,025] logger_util.py->write_log line:61 [INFO] 接口路径：http://127.0.0.1:18000/api/v1/variable/device/3e6e78a4-5d52-40fe-bf3d-ec61437b0122/group/b92fecb7-1409-4f57-b6a1-465d8f11b6e0/tag
[2022-11-06 18:57:06,025] logger_util.py->write_log line:61 [INFO] 请求头：{'Content-Type': 'application/json;charset=UTF-8', 'X-Project': 'af95670ce7fb4076bb525099bc060234'}
[2022-11-06 18:57:06,025] logger_util.py->write_log line:61 [INFO] 请求参数：[{'name': 'A29', 'type': 3, 'description': '描述', 'address': '400001', 'stringLength': None, 'zoom': 1, 'digit': None, 'rule': 1, 'historyArchive': {'triggerType': 0, 'startTime': None, 'interval': 0, 'intervalUnit': 0, 'relateTags': [], 'isRelateSelf': False}}]
[2022-11-06 18:57:06,025] logger_util.py->write_log line:61 [INFO] 文件上传：None
[2022-11-06 18:57:06,146] logger_util.py->write_log line:61 [INFO] 预期结果：[{'equals': {'status_code': 200}}]
[2022-11-06 18:57:06,147] logger_util.py->write_log line:61 [INFO] 实际结果：['747b0480-0c37-4f8b-905b-d35ca2634ccf']
[2022-11-06 18:57:06,147] logger_util.py->write_log line:61 [INFO] 接口请求成功！
[2022-11-06 18:57:06,147] logger_util.py->write_log line:61 [INFO] -------------接口请求结束-----------

[2022-11-06 18:57:06,157] logger_util.py->write_log line:61 [INFO] -------------接口请求开始-----------
[2022-11-06 18:57:06,157] logger_util.py->write_log line:61 [INFO] 接口名称：新建变量
[2022-11-06 18:57:06,157] logger_util.py->write_log line:61 [INFO] 接口方式：post
[2022-11-06 18:57:06,157] logger_util.py->write_log line:61 [INFO] 接口路径：http://127.0.0.1:18000/api/v1/variable/device/3e6e78a4-5d52-40fe-bf3d-ec61437b0122/group/b92fecb7-1409-4f57-b6a1-465d8f11b6e0/tag
[2022-11-06 18:57:06,157] logger_util.py->write_log line:61 [INFO] 请求头：{'Content-Type': 'application/json;charset=UTF-8', 'X-Project': 'af95670ce7fb4076bb525099bc060234'}
[2022-11-06 18:57:06,157] logger_util.py->write_log line:61 [INFO] 请求参数：[{'name': 'A30', 'type': 3, 'description': '描述', 'address': '400001', 'stringLength': None, 'zoom': 1, 'digit': None, 'rule': 1, 'historyArchive': {'triggerType': 0, 'startTime': None, 'interval': 0, 'intervalUnit': 0, 'relateTags': [], 'isRelateSelf': False}}]
[2022-11-06 18:57:06,158] logger_util.py->write_log line:61 [INFO] 文件上传：None
[2022-11-06 18:57:16,577] logger_util.py->write_log line:61 [INFO] 预期结果：[{'equals': {'status_code': 200}}]
[2022-11-06 18:57:16,577] logger_util.py->write_log line:61 [INFO] 实际结果：['05d77b78-33c3-46d7-8750-0ff74ef99280']
[2022-11-06 18:57:16,577] logger_util.py->write_log line:61 [INFO] 接口请求成功！
[2022-11-06 18:57:16,577] logger_util.py->write_log line:61 [INFO] -------------接口请求结束-----------

[2022-11-06 18:57:16,589] logger_util.py->write_log line:61 [INFO] -------------接口请求开始-----------
[2022-11-06 18:57:16,589] logger_util.py->write_log line:61 [INFO] 接口名称：新建变量
[2022-11-06 18:57:16,589] logger_util.py->write_log line:61 [INFO] 接口方式：post
[2022-11-06 18:57:16,589] logger_util.py->write_log line:61 [INFO] 接口路径：http://127.0.0.1:18000/api/v1/variable/device/3e6e78a4-5d52-40fe-bf3d-ec61437b0122/group/b92fecb7-1409-4f57-b6a1-465d8f11b6e0/tag
[2022-11-06 18:57:16,589] logger_util.py->write_log line:61 [INFO] 请求头：{'Content-Type': 'application/json;charset=UTF-8', 'X-Project': 'af95670ce7fb4076bb525099bc060234'}
[2022-11-06 18:57:16,589] logger_util.py->write_log line:61 [INFO] 请求参数：[{'name': 'A31', 'type': 3, 'description': '描述', 'address': '400001', 'stringLength': None, 'zoom': 1, 'digit': None, 'rule': 1, 'historyArchive': {'triggerType': 0, 'startTime': None, 'interval': 0, 'intervalUnit': 0, 'relateTags': [], 'isRelateSelf': False}}]
[2022-11-06 18:57:16,589] logger_util.py->write_log line:61 [INFO] 文件上传：None
[2022-11-06 18:57:17,952] logger_util.py->error_log line:65 [INFO] 断言失败:status_code不等于200
[2022-11-06 18:57:17,952] logger_util.py->write_log line:61 [INFO] 接口请求失败！
[2022-11-06 18:57:17,953] logger_util.py->write_log line:61 [INFO] -------------接口请求结束-----------

[2022-11-06 18:57:17,953] logger_util.py->error_log line:65 [INFO] 断言异常：异常信息: Traceback (most recent call last):
  File "E:\Project_python\2TestCMS2.0\common\requests_util.py", line 394, in validate_result
    error_log("断言失败:"+assert_key+"不等于"+str(assert_value))
  File "E:\Project_python\2TestCMS2.0\common\logger_util.py", line 66, in error_log
    raise Exception(log_message)
Exception: 断言失败:status_code不等于200

[2022-11-06 18:57:17,953] logger_util.py->error_log line:65 [INFO] 分析YAML文件异常：异常信息: Traceback (most recent call last):
  File "E:\Project_python\2TestCMS2.0\common\requests_util.py", line 394, in validate_result
    error_log("断言失败:"+assert_key+"不等于"+str(assert_value))
  File "E:\Project_python\2TestCMS2.0\common\logger_util.py", line 66, in error_log
    raise Exception(log_message)
Exception: 断言失败:status_code不等于200

During handling of the above exception, another exception occurred:

Traceback (most recent call last):
  File "E:\Project_python\2TestCMS2.0\common\requests_util.py", line 260, in analysis_yaml
    self.validate_result(yq_result, return_data, status_code)
  File "E:\Project_python\2TestCMS2.0\common\requests_util.py", line 429, in validate_result
    error_log("断言异常：异常信息: %s" % str(traceback.format_exc()))
  File "E:\Project_python\2TestCMS2.0\common\logger_util.py", line 66, in error_log
    raise Exception(log_message)
Exception: 断言异常：异常信息: Traceback (most recent call last):
  File "E:\Project_python\2TestCMS2.0\common\requests_util.py", line 394, in validate_result
    error_log("断言失败:"+assert_key+"不等于"+str(assert_value))
  File "E:\Project_python\2TestCMS2.0\common\logger_util.py", line 66, in error_log
    raise Exception(log_message)
Exception: 断言失败:status_code不等于200


[2022-11-06 18:57:17,987] logger_util.py->write_log line:61 [INFO] -------------接口请求开始-----------
[2022-11-06 18:57:17,987] logger_util.py->write_log line:61 [INFO] 接口名称：新建变量
[2022-11-06 18:57:17,987] logger_util.py->write_log line:61 [INFO] 接口方式：post
[2022-11-06 18:57:17,987] logger_util.py->write_log line:61 [INFO] 接口路径：http://127.0.0.1:18000/api/v1/variable/device/3e6e78a4-5d52-40fe-bf3d-ec61437b0122/group/b92fecb7-1409-4f57-b6a1-465d8f11b6e0/tag
[2022-11-06 18:57:17,987] logger_util.py->write_log line:61 [INFO] 请求头：{'Content-Type': 'application/json;charset=UTF-8', 'X-Project': 'af95670ce7fb4076bb525099bc060234'}
[2022-11-06 18:57:17,987] logger_util.py->write_log line:61 [INFO] 请求参数：[{'name': 'A32', 'type': 3, 'description': '描述', 'address': '400001', 'stringLength': None, 'zoom': 1, 'digit': None, 'rule': 1, 'historyArchive': {'triggerType': 0, 'startTime': None, 'interval': 0, 'intervalUnit': 0, 'relateTags': [], 'isRelateSelf': False}}]
[2022-11-06 18:57:17,988] logger_util.py->write_log line:61 [INFO] 文件上传：None
[2022-11-06 18:57:18,145] logger_util.py->write_log line:61 [INFO] 预期结果：[{'equals': {'status_code': 200}}]
[2022-11-06 18:57:18,146] logger_util.py->write_log line:61 [INFO] 实际结果：['1c033896-36df-4aed-8bcf-c84abcd0e50d']
[2022-11-06 18:57:18,146] logger_util.py->write_log line:61 [INFO] 接口请求成功！
[2022-11-06 18:57:18,146] logger_util.py->write_log line:61 [INFO] -------------接口请求结束-----------

[2022-11-06 18:57:18,156] logger_util.py->write_log line:61 [INFO] -------------接口请求开始-----------
[2022-11-06 18:57:18,156] logger_util.py->write_log line:61 [INFO] 接口名称：新建变量
[2022-11-06 18:57:18,156] logger_util.py->write_log line:61 [INFO] 接口方式：post
[2022-11-06 18:57:18,156] logger_util.py->write_log line:61 [INFO] 接口路径：http://127.0.0.1:18000/api/v1/variable/device/3e6e78a4-5d52-40fe-bf3d-ec61437b0122/group/b92fecb7-1409-4f57-b6a1-465d8f11b6e0/tag
[2022-11-06 18:57:18,156] logger_util.py->write_log line:61 [INFO] 请求头：{'Content-Type': 'application/json;charset=UTF-8', 'X-Project': 'af95670ce7fb4076bb525099bc060234'}
[2022-11-06 18:57:18,156] logger_util.py->write_log line:61 [INFO] 请求参数：[{'name': 'A33', 'type': 3, 'description': '描述', 'address': '400001', 'stringLength': None, 'zoom': 1, 'digit': None, 'rule': 1, 'historyArchive': {'triggerType': 0, 'startTime': None, 'interval': 0, 'intervalUnit': 0, 'relateTags': [], 'isRelateSelf': False}}]
[2022-11-06 18:57:18,157] logger_util.py->write_log line:61 [INFO] 文件上传：None
[2022-11-06 18:57:28,609] logger_util.py->write_log line:61 [INFO] 预期结果：[{'equals': {'status_code': 200}}]
[2022-11-06 18:57:28,609] logger_util.py->write_log line:61 [INFO] 实际结果：['f5d519d8-a489-420d-8e22-37b1216135e0']
[2022-11-06 18:57:28,609] logger_util.py->write_log line:61 [INFO] 接口请求成功！
[2022-11-06 18:57:28,610] logger_util.py->write_log line:61 [INFO] -------------接口请求结束-----------

[2022-11-06 18:57:28,619] logger_util.py->write_log line:61 [INFO] -------------接口请求开始-----------
[2022-11-06 18:57:28,620] logger_util.py->write_log line:61 [INFO] 接口名称：新建变量
[2022-11-06 18:57:28,620] logger_util.py->write_log line:61 [INFO] 接口方式：post
[2022-11-06 18:57:28,620] logger_util.py->write_log line:61 [INFO] 接口路径：http://127.0.0.1:18000/api/v1/variable/device/3e6e78a4-5d52-40fe-bf3d-ec61437b0122/group/b92fecb7-1409-4f57-b6a1-465d8f11b6e0/tag
[2022-11-06 18:57:28,620] logger_util.py->write_log line:61 [INFO] 请求头：{'Content-Type': 'application/json;charset=UTF-8', 'X-Project': 'af95670ce7fb4076bb525099bc060234'}
[2022-11-06 18:57:28,620] logger_util.py->write_log line:61 [INFO] 请求参数：[{'name': 'A34', 'type': 3, 'description': '描述', 'address': '400001', 'stringLength': None, 'zoom': 1, 'digit': None, 'rule': 1, 'historyArchive': {'triggerType': 0, 'startTime': None, 'interval': 0, 'intervalUnit': 0, 'relateTags': [], 'isRelateSelf': False}}]
[2022-11-06 18:57:28,620] logger_util.py->write_log line:61 [INFO] 文件上传：None
[2022-11-06 18:57:29,929] logger_util.py->error_log line:65 [INFO] 断言失败:status_code不等于200
[2022-11-06 18:57:29,929] logger_util.py->write_log line:61 [INFO] 接口请求失败！
[2022-11-06 18:57:29,929] logger_util.py->write_log line:61 [INFO] -------------接口请求结束-----------

[2022-11-06 18:57:29,930] logger_util.py->error_log line:65 [INFO] 断言异常：异常信息: Traceback (most recent call last):
  File "E:\Project_python\2TestCMS2.0\common\requests_util.py", line 394, in validate_result
    error_log("断言失败:"+assert_key+"不等于"+str(assert_value))
  File "E:\Project_python\2TestCMS2.0\common\logger_util.py", line 66, in error_log
    raise Exception(log_message)
Exception: 断言失败:status_code不等于200

[2022-11-06 18:57:29,930] logger_util.py->error_log line:65 [INFO] 分析YAML文件异常：异常信息: Traceback (most recent call last):
  File "E:\Project_python\2TestCMS2.0\common\requests_util.py", line 394, in validate_result
    error_log("断言失败:"+assert_key+"不等于"+str(assert_value))
  File "E:\Project_python\2TestCMS2.0\common\logger_util.py", line 66, in error_log
    raise Exception(log_message)
Exception: 断言失败:status_code不等于200

During handling of the above exception, another exception occurred:

Traceback (most recent call last):
  File "E:\Project_python\2TestCMS2.0\common\requests_util.py", line 260, in analysis_yaml
    self.validate_result(yq_result, return_data, status_code)
  File "E:\Project_python\2TestCMS2.0\common\requests_util.py", line 429, in validate_result
    error_log("断言异常：异常信息: %s" % str(traceback.format_exc()))
  File "E:\Project_python\2TestCMS2.0\common\logger_util.py", line 66, in error_log
    raise Exception(log_message)
Exception: 断言异常：异常信息: Traceback (most recent call last):
  File "E:\Project_python\2TestCMS2.0\common\requests_util.py", line 394, in validate_result
    error_log("断言失败:"+assert_key+"不等于"+str(assert_value))
  File "E:\Project_python\2TestCMS2.0\common\logger_util.py", line 66, in error_log
    raise Exception(log_message)
Exception: 断言失败:status_code不等于200


[2022-11-06 18:57:29,961] logger_util.py->write_log line:61 [INFO] -------------接口请求开始-----------
[2022-11-06 18:57:29,961] logger_util.py->write_log line:61 [INFO] 接口名称：新建变量
[2022-11-06 18:57:29,961] logger_util.py->write_log line:61 [INFO] 接口方式：post
[2022-11-06 18:57:29,961] logger_util.py->write_log line:61 [INFO] 接口路径：http://127.0.0.1:18000/api/v1/variable/device/3e6e78a4-5d52-40fe-bf3d-ec61437b0122/group/b92fecb7-1409-4f57-b6a1-465d8f11b6e0/tag
[2022-11-06 18:57:29,961] logger_util.py->write_log line:61 [INFO] 请求头：{'Content-Type': 'application/json;charset=UTF-8', 'X-Project': 'af95670ce7fb4076bb525099bc060234'}
[2022-11-06 18:57:29,961] logger_util.py->write_log line:61 [INFO] 请求参数：[{'name': 'A35', 'type': 3, 'description': '描述', 'address': '400001', 'stringLength': None, 'zoom': 1, 'digit': None, 'rule': 1, 'historyArchive': {'triggerType': 0, 'startTime': None, 'interval': 0, 'intervalUnit': 0, 'relateTags': [], 'isRelateSelf': False}}]
[2022-11-06 18:57:29,961] logger_util.py->write_log line:61 [INFO] 文件上传：None
[2022-11-06 18:57:30,099] logger_util.py->write_log line:61 [INFO] 预期结果：[{'equals': {'status_code': 200}}]
[2022-11-06 18:57:30,099] logger_util.py->write_log line:61 [INFO] 实际结果：['15fb6943-6786-43b5-89be-6c4d897e067c']
[2022-11-06 18:57:30,100] logger_util.py->write_log line:61 [INFO] 接口请求成功！
[2022-11-06 18:57:30,100] logger_util.py->write_log line:61 [INFO] -------------接口请求结束-----------

[2022-11-06 18:57:30,112] logger_util.py->write_log line:61 [INFO] -------------接口请求开始-----------
[2022-11-06 18:57:30,112] logger_util.py->write_log line:61 [INFO] 接口名称：新建变量
[2022-11-06 18:57:30,112] logger_util.py->write_log line:61 [INFO] 接口方式：post
[2022-11-06 18:57:30,113] logger_util.py->write_log line:61 [INFO] 接口路径：http://127.0.0.1:18000/api/v1/variable/device/3e6e78a4-5d52-40fe-bf3d-ec61437b0122/group/b92fecb7-1409-4f57-b6a1-465d8f11b6e0/tag
[2022-11-06 18:57:30,113] logger_util.py->write_log line:61 [INFO] 请求头：{'Content-Type': 'application/json;charset=UTF-8', 'X-Project': 'af95670ce7fb4076bb525099bc060234'}
[2022-11-06 18:57:30,113] logger_util.py->write_log line:61 [INFO] 请求参数：[{'name': 'A36', 'type': 3, 'description': '描述', 'address': '400001', 'stringLength': None, 'zoom': 1, 'digit': None, 'rule': 1, 'historyArchive': {'triggerType': 0, 'startTime': None, 'interval': 0, 'intervalUnit': 0, 'relateTags': [], 'isRelateSelf': False}}]
[2022-11-06 18:57:30,113] logger_util.py->write_log line:61 [INFO] 文件上传：None
[2022-11-06 18:57:40,641] logger_util.py->write_log line:61 [INFO] 预期结果：[{'equals': {'status_code': 200}}]
[2022-11-06 18:57:40,642] logger_util.py->write_log line:61 [INFO] 实际结果：['cd4bb448-6a31-4bdd-b5ad-85b8e95926da']
[2022-11-06 18:57:40,642] logger_util.py->write_log line:61 [INFO] 接口请求成功！
[2022-11-06 18:57:40,642] logger_util.py->write_log line:61 [INFO] -------------接口请求结束-----------

[2022-11-06 18:57:40,652] logger_util.py->write_log line:61 [INFO] -------------接口请求开始-----------
[2022-11-06 18:57:40,652] logger_util.py->write_log line:61 [INFO] 接口名称：新建变量
[2022-11-06 18:57:40,653] logger_util.py->write_log line:61 [INFO] 接口方式：post
[2022-11-06 18:57:40,653] logger_util.py->write_log line:61 [INFO] 接口路径：http://127.0.0.1:18000/api/v1/variable/device/3e6e78a4-5d52-40fe-bf3d-ec61437b0122/group/b92fecb7-1409-4f57-b6a1-465d8f11b6e0/tag
[2022-11-06 18:57:40,653] logger_util.py->write_log line:61 [INFO] 请求头：{'Content-Type': 'application/json;charset=UTF-8', 'X-Project': 'af95670ce7fb4076bb525099bc060234'}
[2022-11-06 18:57:40,653] logger_util.py->write_log line:61 [INFO] 请求参数：[{'name': 'A37', 'type': 3, 'description': '描述', 'address': '400001', 'stringLength': None, 'zoom': 1, 'digit': None, 'rule': 1, 'historyArchive': {'triggerType': 0, 'startTime': None, 'interval': 0, 'intervalUnit': 0, 'relateTags': [], 'isRelateSelf': False}}]
[2022-11-06 18:57:40,653] logger_util.py->write_log line:61 [INFO] 文件上传：None
[2022-11-06 18:57:41,979] logger_util.py->error_log line:65 [INFO] 断言失败:status_code不等于200
[2022-11-06 18:57:41,980] logger_util.py->write_log line:61 [INFO] 接口请求失败！
[2022-11-06 18:57:41,980] logger_util.py->write_log line:61 [INFO] -------------接口请求结束-----------

[2022-11-06 18:57:41,980] logger_util.py->error_log line:65 [INFO] 断言异常：异常信息: Traceback (most recent call last):
  File "E:\Project_python\2TestCMS2.0\common\requests_util.py", line 394, in validate_result
    error_log("断言失败:"+assert_key+"不等于"+str(assert_value))
  File "E:\Project_python\2TestCMS2.0\common\logger_util.py", line 66, in error_log
    raise Exception(log_message)
Exception: 断言失败:status_code不等于200

[2022-11-06 18:57:41,980] logger_util.py->error_log line:65 [INFO] 分析YAML文件异常：异常信息: Traceback (most recent call last):
  File "E:\Project_python\2TestCMS2.0\common\requests_util.py", line 394, in validate_result
    error_log("断言失败:"+assert_key+"不等于"+str(assert_value))
  File "E:\Project_python\2TestCMS2.0\common\logger_util.py", line 66, in error_log
    raise Exception(log_message)
Exception: 断言失败:status_code不等于200

During handling of the above exception, another exception occurred:

Traceback (most recent call last):
  File "E:\Project_python\2TestCMS2.0\common\requests_util.py", line 260, in analysis_yaml
    self.validate_result(yq_result, return_data, status_code)
  File "E:\Project_python\2TestCMS2.0\common\requests_util.py", line 429, in validate_result
    error_log("断言异常：异常信息: %s" % str(traceback.format_exc()))
  File "E:\Project_python\2TestCMS2.0\common\logger_util.py", line 66, in error_log
    raise Exception(log_message)
Exception: 断言异常：异常信息: Traceback (most recent call last):
  File "E:\Project_python\2TestCMS2.0\common\requests_util.py", line 394, in validate_result
    error_log("断言失败:"+assert_key+"不等于"+str(assert_value))
  File "E:\Project_python\2TestCMS2.0\common\logger_util.py", line 66, in error_log
    raise Exception(log_message)
Exception: 断言失败:status_code不等于200


[2022-11-06 18:57:42,014] logger_util.py->write_log line:61 [INFO] -------------接口请求开始-----------
[2022-11-06 18:57:42,014] logger_util.py->write_log line:61 [INFO] 接口名称：新建变量
[2022-11-06 18:57:42,014] logger_util.py->write_log line:61 [INFO] 接口方式：post
[2022-11-06 18:57:42,014] logger_util.py->write_log line:61 [INFO] 接口路径：http://127.0.0.1:18000/api/v1/variable/device/3e6e78a4-5d52-40fe-bf3d-ec61437b0122/group/b92fecb7-1409-4f57-b6a1-465d8f11b6e0/tag
[2022-11-06 18:57:42,014] logger_util.py->write_log line:61 [INFO] 请求头：{'Content-Type': 'application/json;charset=UTF-8', 'X-Project': 'af95670ce7fb4076bb525099bc060234'}
[2022-11-06 18:57:42,014] logger_util.py->write_log line:61 [INFO] 请求参数：[{'name': 'A38', 'type': 3, 'description': '描述', 'address': '400001', 'stringLength': None, 'zoom': 1, 'digit': None, 'rule': 1, 'historyArchive': {'triggerType': 0, 'startTime': None, 'interval': 0, 'intervalUnit': 0, 'relateTags': [], 'isRelateSelf': False}}]
[2022-11-06 18:57:42,014] logger_util.py->write_log line:61 [INFO] 文件上传：None
[2022-11-06 18:57:42,136] logger_util.py->write_log line:61 [INFO] 预期结果：[{'equals': {'status_code': 200}}]
[2022-11-06 18:57:42,136] logger_util.py->write_log line:61 [INFO] 实际结果：['84bdd42e-4d5e-413b-86b2-54f22f5409ed']
[2022-11-06 18:57:42,136] logger_util.py->write_log line:61 [INFO] 接口请求成功！
[2022-11-06 18:57:42,136] logger_util.py->write_log line:61 [INFO] -------------接口请求结束-----------

[2022-11-06 18:57:42,146] logger_util.py->write_log line:61 [INFO] -------------接口请求开始-----------
[2022-11-06 18:57:42,146] logger_util.py->write_log line:61 [INFO] 接口名称：新建变量
[2022-11-06 18:57:42,146] logger_util.py->write_log line:61 [INFO] 接口方式：post
[2022-11-06 18:57:42,146] logger_util.py->write_log line:61 [INFO] 接口路径：http://127.0.0.1:18000/api/v1/variable/device/3e6e78a4-5d52-40fe-bf3d-ec61437b0122/group/b92fecb7-1409-4f57-b6a1-465d8f11b6e0/tag
[2022-11-06 18:57:42,146] logger_util.py->write_log line:61 [INFO] 请求头：{'Content-Type': 'application/json;charset=UTF-8', 'X-Project': 'af95670ce7fb4076bb525099bc060234'}
[2022-11-06 18:57:42,146] logger_util.py->write_log line:61 [INFO] 请求参数：[{'name': 'A39', 'type': 3, 'description': '描述', 'address': '400001', 'stringLength': None, 'zoom': 1, 'digit': None, 'rule': 1, 'historyArchive': {'triggerType': 0, 'startTime': None, 'interval': 0, 'intervalUnit': 0, 'relateTags': [], 'isRelateSelf': False}}]
[2022-11-06 18:57:42,147] logger_util.py->write_log line:61 [INFO] 文件上传：None
