[2023-05-28 18:04:52,371] logger_util.py->write_log line:61 [INFO] -------------接口请求开始-----------
[2023-05-28 18:04:52,371] logger_util.py->write_log line:61 [INFO] 接口名称：设置聚合表触发配置--变量触发
[2023-05-28 18:04:52,371] logger_util.py->write_log line:61 [INFO] 接口方式：put
[2023-05-28 18:04:52,371] logger_util.py->write_log line:61 [INFO] 接口路径：http://192.168.4.12:18000/api/v1/dataconfig/aggregatetable/7d2eed40-8c19-453f-baa7-355007791f64/triggers
[2023-05-28 18:04:52,371] logger_util.py->write_log line:61 [INFO] 请求头：{'Content-Type': 'application/json;charset=UTF-8', 'X-Project': 'b32d81056e124620b809e92f49cdf3d4'}
[2023-05-28 18:04:52,372] logger_util.py->write_log line:61 [INFO] 请求参数：{'realTime': False, 'triggers': [{'effectiveDateTime': '', 'frequencyValue': 1, 'frequencyUnit': 2, 'matchAll': True, 'condition': 'A1==100', 'conditionDetail': 1, 'frequencyCheck': False, 'triggerType': 1}]}
[2023-05-28 18:04:52,372] logger_util.py->write_log line:61 [INFO] 文件上传：None
[2023-05-28 18:04:52,417] logger_util.py->error_log line:65 [INFO] 断言失败:status_code不等于200
[2023-05-28 18:04:52,417] logger_util.py->write_log line:61 [INFO] 接口请求失败！
[2023-05-28 18:04:52,417] logger_util.py->write_log line:61 [INFO] -------------接口请求结束-----------

[2023-05-28 18:04:52,418] logger_util.py->error_log line:65 [INFO] 断言异常：异常信息: Traceback (most recent call last):
  File "E:\Project_python\2TestCMS2.0\common\requests_util.py", line 352, in validate_result
    error_log("断言失败:"+assert_key+"不等于"+str(assert_value))
  File "E:\Project_python\2TestCMS2.0\common\logger_util.py", line 66, in error_log
    raise Exception(log_message)
Exception: 断言失败:status_code不等于200

[2023-05-28 18:04:52,418] logger_util.py->error_log line:65 [INFO] 分析YAML文件异常：异常信息: Traceback (most recent call last):
  File "E:\Project_python\2TestCMS2.0\common\requests_util.py", line 352, in validate_result
    error_log("断言失败:"+assert_key+"不等于"+str(assert_value))
  File "E:\Project_python\2TestCMS2.0\common\logger_util.py", line 66, in error_log
    raise Exception(log_message)
Exception: 断言失败:status_code不等于200

During handling of the above exception, another exception occurred:

Traceback (most recent call last):
  File "E:\Project_python\2TestCMS2.0\common\requests_util.py", line 251, in analysis_yaml
    self.validate_result(yq_result, return_text, status_code)
  File "E:\Project_python\2TestCMS2.0\common\requests_util.py", line 402, in validate_result
    error_log("断言异常：异常信息: %s" % str(traceback.format_exc()))
  File "E:\Project_python\2TestCMS2.0\common\logger_util.py", line 66, in error_log
    raise Exception(log_message)
Exception: 断言异常：异常信息: Traceback (most recent call last):
  File "E:\Project_python\2TestCMS2.0\common\requests_util.py", line 352, in validate_result
    error_log("断言失败:"+assert_key+"不等于"+str(assert_value))
  File "E:\Project_python\2TestCMS2.0\common\logger_util.py", line 66, in error_log
    raise Exception(log_message)
Exception: 断言失败:status_code不等于200


[2023-05-28 18:04:52,527] logger_util.py->write_log line:61 [INFO] -------------接口请求开始-----------
[2023-05-28 18:04:52,527] logger_util.py->write_log line:61 [INFO] 接口名称：设置聚合表触发配置--变量触发
[2023-05-28 18:04:52,527] logger_util.py->write_log line:61 [INFO] 接口方式：put
[2023-05-28 18:04:52,527] logger_util.py->write_log line:61 [INFO] 接口路径：http://192.168.4.12:18000/api/v1/dataconfig/aggregatetable/7d2eed40-8c19-453f-baa7-355007791f64/triggers
[2023-05-28 18:04:52,527] logger_util.py->write_log line:61 [INFO] 请求头：{'Content-Type': 'application/json;charset=UTF-8', 'X-Project': 'b32d81056e124620b809e92f49cdf3d4'}
[2023-05-28 18:04:52,527] logger_util.py->write_log line:61 [INFO] 请求参数：{'realTime': False, 'triggers': [{'effectiveDateTime': '', 'frequencyValue': 1, 'frequencyUnit': 2, 'matchAll': True, 'condition': 'A1==100', 'conditionDetail': 1, 'frequencyCheck': False, 'triggerType': 1}]}
[2023-05-28 18:04:52,527] logger_util.py->write_log line:61 [INFO] 文件上传：None
[2023-05-28 18:04:52,538] logger_util.py->error_log line:65 [INFO] 断言失败:status_code不等于200
[2023-05-28 18:04:52,538] logger_util.py->write_log line:61 [INFO] 接口请求失败！
[2023-05-28 18:04:52,538] logger_util.py->write_log line:61 [INFO] -------------接口请求结束-----------

[2023-05-28 18:04:52,538] logger_util.py->error_log line:65 [INFO] 断言异常：异常信息: Traceback (most recent call last):
  File "E:\Project_python\2TestCMS2.0\common\requests_util.py", line 352, in validate_result
    error_log("断言失败:"+assert_key+"不等于"+str(assert_value))
  File "E:\Project_python\2TestCMS2.0\common\logger_util.py", line 66, in error_log
    raise Exception(log_message)
Exception: 断言失败:status_code不等于200

[2023-05-28 18:04:52,539] logger_util.py->error_log line:65 [INFO] 分析YAML文件异常：异常信息: Traceback (most recent call last):
  File "E:\Project_python\2TestCMS2.0\common\requests_util.py", line 352, in validate_result
    error_log("断言失败:"+assert_key+"不等于"+str(assert_value))
  File "E:\Project_python\2TestCMS2.0\common\logger_util.py", line 66, in error_log
    raise Exception(log_message)
Exception: 断言失败:status_code不等于200

During handling of the above exception, another exception occurred:

Traceback (most recent call last):
  File "E:\Project_python\2TestCMS2.0\common\requests_util.py", line 251, in analysis_yaml
    self.validate_result(yq_result, return_text, status_code)
  File "E:\Project_python\2TestCMS2.0\common\requests_util.py", line 402, in validate_result
    error_log("断言异常：异常信息: %s" % str(traceback.format_exc()))
  File "E:\Project_python\2TestCMS2.0\common\logger_util.py", line 66, in error_log
    raise Exception(log_message)
Exception: 断言异常：异常信息: Traceback (most recent call last):
  File "E:\Project_python\2TestCMS2.0\common\requests_util.py", line 352, in validate_result
    error_log("断言失败:"+assert_key+"不等于"+str(assert_value))
  File "E:\Project_python\2TestCMS2.0\common\logger_util.py", line 66, in error_log
    raise Exception(log_message)
Exception: 断言失败:status_code不等于200


[2023-05-28 18:04:52,567] logger_util.py->write_log line:61 [INFO] -------------接口请求开始-----------
[2023-05-28 18:04:52,568] logger_util.py->write_log line:61 [INFO] 接口名称：设置聚合表触发配置--变量触发
[2023-05-28 18:04:52,568] logger_util.py->write_log line:61 [INFO] 接口方式：put
[2023-05-28 18:04:52,568] logger_util.py->write_log line:61 [INFO] 接口路径：http://192.168.4.12:18000/api/v1/dataconfig/aggregatetable/7d2eed40-8c19-453f-baa7-355007791f64/triggers
[2023-05-28 18:04:52,568] logger_util.py->write_log line:61 [INFO] 请求头：{'Content-Type': 'application/json;charset=UTF-8', 'X-Project': 'b32d81056e124620b809e92f49cdf3d4'}
[2023-05-28 18:04:52,568] logger_util.py->write_log line:61 [INFO] 请求参数：{'realTime': False, 'triggers': [{'effectiveDateTime': '', 'frequencyValue': 1, 'frequencyUnit': 2, 'matchAll': True, 'condition': 'A1==100', 'conditionDetail': 1, 'frequencyCheck': False, 'triggerType': 1}]}
[2023-05-28 18:04:52,568] logger_util.py->write_log line:61 [INFO] 文件上传：None
[2023-05-28 18:04:52,578] logger_util.py->error_log line:65 [INFO] 断言失败:status_code不等于200
[2023-05-28 18:04:52,578] logger_util.py->write_log line:61 [INFO] 接口请求失败！
[2023-05-28 18:04:52,578] logger_util.py->write_log line:61 [INFO] -------------接口请求结束-----------

[2023-05-28 18:04:52,578] logger_util.py->error_log line:65 [INFO] 断言异常：异常信息: Traceback (most recent call last):
  File "E:\Project_python\2TestCMS2.0\common\requests_util.py", line 352, in validate_result
    error_log("断言失败:"+assert_key+"不等于"+str(assert_value))
  File "E:\Project_python\2TestCMS2.0\common\logger_util.py", line 66, in error_log
    raise Exception(log_message)
Exception: 断言失败:status_code不等于200

[2023-05-28 18:04:52,579] logger_util.py->error_log line:65 [INFO] 分析YAML文件异常：异常信息: Traceback (most recent call last):
  File "E:\Project_python\2TestCMS2.0\common\requests_util.py", line 352, in validate_result
    error_log("断言失败:"+assert_key+"不等于"+str(assert_value))
  File "E:\Project_python\2TestCMS2.0\common\logger_util.py", line 66, in error_log
    raise Exception(log_message)
Exception: 断言失败:status_code不等于200

During handling of the above exception, another exception occurred:

Traceback (most recent call last):
  File "E:\Project_python\2TestCMS2.0\common\requests_util.py", line 251, in analysis_yaml
    self.validate_result(yq_result, return_text, status_code)
  File "E:\Project_python\2TestCMS2.0\common\requests_util.py", line 402, in validate_result
    error_log("断言异常：异常信息: %s" % str(traceback.format_exc()))
  File "E:\Project_python\2TestCMS2.0\common\logger_util.py", line 66, in error_log
    raise Exception(log_message)
Exception: 断言异常：异常信息: Traceback (most recent call last):
  File "E:\Project_python\2TestCMS2.0\common\requests_util.py", line 352, in validate_result
    error_log("断言失败:"+assert_key+"不等于"+str(assert_value))
  File "E:\Project_python\2TestCMS2.0\common\logger_util.py", line 66, in error_log
    raise Exception(log_message)
Exception: 断言失败:status_code不等于200


[2023-05-28 18:04:52,606] logger_util.py->write_log line:61 [INFO] -------------接口请求开始-----------
[2023-05-28 18:04:52,606] logger_util.py->write_log line:61 [INFO] 接口名称：设置聚合表触发配置--变量触发
[2023-05-28 18:04:52,606] logger_util.py->write_log line:61 [INFO] 接口方式：put
[2023-05-28 18:04:52,606] logger_util.py->write_log line:61 [INFO] 接口路径：http://192.168.4.12:18000/api/v1/dataconfig/aggregatetable/7d2eed40-8c19-453f-baa7-355007791f64/triggers
[2023-05-28 18:04:52,606] logger_util.py->write_log line:61 [INFO] 请求头：{'Content-Type': 'application/json;charset=UTF-8', 'X-Project': 'b32d81056e124620b809e92f49cdf3d4'}
[2023-05-28 18:04:52,606] logger_util.py->write_log line:61 [INFO] 请求参数：{'realTime': False, 'triggers': [{'effectiveDateTime': '', 'frequencyValue': 1, 'frequencyUnit': 2, 'matchAll': True, 'condition': 'A1==100', 'conditionDetail': 1, 'frequencyCheck': False, 'triggerType': 1}]}
[2023-05-28 18:04:52,606] logger_util.py->write_log line:61 [INFO] 文件上传：None
[2023-05-28 18:04:52,618] logger_util.py->error_log line:65 [INFO] 断言失败:status_code不等于200
[2023-05-28 18:04:52,618] logger_util.py->write_log line:61 [INFO] 接口请求失败！
[2023-05-28 18:04:52,618] logger_util.py->write_log line:61 [INFO] -------------接口请求结束-----------

[2023-05-28 18:04:52,619] logger_util.py->error_log line:65 [INFO] 断言异常：异常信息: Traceback (most recent call last):
  File "E:\Project_python\2TestCMS2.0\common\requests_util.py", line 352, in validate_result
    error_log("断言失败:"+assert_key+"不等于"+str(assert_value))
  File "E:\Project_python\2TestCMS2.0\common\logger_util.py", line 66, in error_log
    raise Exception(log_message)
Exception: 断言失败:status_code不等于200

[2023-05-28 18:04:52,619] logger_util.py->error_log line:65 [INFO] 分析YAML文件异常：异常信息: Traceback (most recent call last):
  File "E:\Project_python\2TestCMS2.0\common\requests_util.py", line 352, in validate_result
    error_log("断言失败:"+assert_key+"不等于"+str(assert_value))
  File "E:\Project_python\2TestCMS2.0\common\logger_util.py", line 66, in error_log
    raise Exception(log_message)
Exception: 断言失败:status_code不等于200

During handling of the above exception, another exception occurred:

Traceback (most recent call last):
  File "E:\Project_python\2TestCMS2.0\common\requests_util.py", line 251, in analysis_yaml
    self.validate_result(yq_result, return_text, status_code)
  File "E:\Project_python\2TestCMS2.0\common\requests_util.py", line 402, in validate_result
    error_log("断言异常：异常信息: %s" % str(traceback.format_exc()))
  File "E:\Project_python\2TestCMS2.0\common\logger_util.py", line 66, in error_log
    raise Exception(log_message)
Exception: 断言异常：异常信息: Traceback (most recent call last):
  File "E:\Project_python\2TestCMS2.0\common\requests_util.py", line 352, in validate_result
    error_log("断言失败:"+assert_key+"不等于"+str(assert_value))
  File "E:\Project_python\2TestCMS2.0\common\logger_util.py", line 66, in error_log
    raise Exception(log_message)
Exception: 断言失败:status_code不等于200


[2023-05-28 18:04:52,646] logger_util.py->write_log line:61 [INFO] -------------接口请求开始-----------
[2023-05-28 18:04:52,646] logger_util.py->write_log line:61 [INFO] 接口名称：设置聚合表触发配置--变量触发
[2023-05-28 18:04:52,646] logger_util.py->write_log line:61 [INFO] 接口方式：put
[2023-05-28 18:04:52,646] logger_util.py->write_log line:61 [INFO] 接口路径：http://192.168.4.12:18000/api/v1/dataconfig/aggregatetable/7d2eed40-8c19-453f-baa7-355007791f64/triggers
[2023-05-28 18:04:52,646] logger_util.py->write_log line:61 [INFO] 请求头：{'Content-Type': 'application/json;charset=UTF-8', 'X-Project': 'b32d81056e124620b809e92f49cdf3d4'}
[2023-05-28 18:04:52,646] logger_util.py->write_log line:61 [INFO] 请求参数：{'realTime': False, 'triggers': [{'effectiveDateTime': '', 'frequencyValue': 1, 'frequencyUnit': 2, 'matchAll': True, 'condition': 'A1==100', 'conditionDetail': 1, 'frequencyCheck': False, 'triggerType': 1}]}
[2023-05-28 18:04:52,646] logger_util.py->write_log line:61 [INFO] 文件上传：None
[2023-05-28 18:04:52,657] logger_util.py->error_log line:65 [INFO] 断言失败:status_code不等于200
[2023-05-28 18:04:52,657] logger_util.py->write_log line:61 [INFO] 接口请求失败！
[2023-05-28 18:04:52,657] logger_util.py->write_log line:61 [INFO] -------------接口请求结束-----------

[2023-05-28 18:04:52,657] logger_util.py->error_log line:65 [INFO] 断言异常：异常信息: Traceback (most recent call last):
  File "E:\Project_python\2TestCMS2.0\common\requests_util.py", line 352, in validate_result
    error_log("断言失败:"+assert_key+"不等于"+str(assert_value))
  File "E:\Project_python\2TestCMS2.0\common\logger_util.py", line 66, in error_log
    raise Exception(log_message)
Exception: 断言失败:status_code不等于200

[2023-05-28 18:04:52,657] logger_util.py->error_log line:65 [INFO] 分析YAML文件异常：异常信息: Traceback (most recent call last):
  File "E:\Project_python\2TestCMS2.0\common\requests_util.py", line 352, in validate_result
    error_log("断言失败:"+assert_key+"不等于"+str(assert_value))
  File "E:\Project_python\2TestCMS2.0\common\logger_util.py", line 66, in error_log
    raise Exception(log_message)
Exception: 断言失败:status_code不等于200

During handling of the above exception, another exception occurred:

Traceback (most recent call last):
  File "E:\Project_python\2TestCMS2.0\common\requests_util.py", line 251, in analysis_yaml
    self.validate_result(yq_result, return_text, status_code)
  File "E:\Project_python\2TestCMS2.0\common\requests_util.py", line 402, in validate_result
    error_log("断言异常：异常信息: %s" % str(traceback.format_exc()))
  File "E:\Project_python\2TestCMS2.0\common\logger_util.py", line 66, in error_log
    raise Exception(log_message)
Exception: 断言异常：异常信息: Traceback (most recent call last):
  File "E:\Project_python\2TestCMS2.0\common\requests_util.py", line 352, in validate_result
    error_log("断言失败:"+assert_key+"不等于"+str(assert_value))
  File "E:\Project_python\2TestCMS2.0\common\logger_util.py", line 66, in error_log
    raise Exception(log_message)
Exception: 断言失败:status_code不等于200


[2023-05-28 18:04:52,685] logger_util.py->write_log line:61 [INFO] -------------接口请求开始-----------
[2023-05-28 18:04:52,685] logger_util.py->write_log line:61 [INFO] 接口名称：设置聚合表触发配置--变量触发
[2023-05-28 18:04:52,685] logger_util.py->write_log line:61 [INFO] 接口方式：put
[2023-05-28 18:04:52,685] logger_util.py->write_log line:61 [INFO] 接口路径：http://192.168.4.12:18000/api/v1/dataconfig/aggregatetable/7d2eed40-8c19-453f-baa7-355007791f64/triggers
[2023-05-28 18:04:52,686] logger_util.py->write_log line:61 [INFO] 请求头：{'Content-Type': 'application/json;charset=UTF-8', 'X-Project': 'b32d81056e124620b809e92f49cdf3d4'}
[2023-05-28 18:04:52,686] logger_util.py->write_log line:61 [INFO] 请求参数：{'realTime': False, 'triggers': [{'effectiveDateTime': '', 'frequencyValue': 1, 'frequencyUnit': 2, 'matchAll': True, 'condition': 'A1==100', 'conditionDetail': 1, 'frequencyCheck': False, 'triggerType': 1}]}
[2023-05-28 18:04:52,686] logger_util.py->write_log line:61 [INFO] 文件上传：None
[2023-05-28 18:04:52,697] logger_util.py->error_log line:65 [INFO] 断言失败:status_code不等于200
[2023-05-28 18:04:52,697] logger_util.py->write_log line:61 [INFO] 接口请求失败！
[2023-05-28 18:04:52,697] logger_util.py->write_log line:61 [INFO] -------------接口请求结束-----------

[2023-05-28 18:04:52,697] logger_util.py->error_log line:65 [INFO] 断言异常：异常信息: Traceback (most recent call last):
  File "E:\Project_python\2TestCMS2.0\common\requests_util.py", line 352, in validate_result
    error_log("断言失败:"+assert_key+"不等于"+str(assert_value))
  File "E:\Project_python\2TestCMS2.0\common\logger_util.py", line 66, in error_log
    raise Exception(log_message)
Exception: 断言失败:status_code不等于200

[2023-05-28 18:04:52,697] logger_util.py->error_log line:65 [INFO] 分析YAML文件异常：异常信息: Traceback (most recent call last):
  File "E:\Project_python\2TestCMS2.0\common\requests_util.py", line 352, in validate_result
    error_log("断言失败:"+assert_key+"不等于"+str(assert_value))
  File "E:\Project_python\2TestCMS2.0\common\logger_util.py", line 66, in error_log
    raise Exception(log_message)
Exception: 断言失败:status_code不等于200

During handling of the above exception, another exception occurred:

Traceback (most recent call last):
  File "E:\Project_python\2TestCMS2.0\common\requests_util.py", line 251, in analysis_yaml
    self.validate_result(yq_result, return_text, status_code)
  File "E:\Project_python\2TestCMS2.0\common\requests_util.py", line 402, in validate_result
    error_log("断言异常：异常信息: %s" % str(traceback.format_exc()))
  File "E:\Project_python\2TestCMS2.0\common\logger_util.py", line 66, in error_log
    raise Exception(log_message)
Exception: 断言异常：异常信息: Traceback (most recent call last):
  File "E:\Project_python\2TestCMS2.0\common\requests_util.py", line 352, in validate_result
    error_log("断言失败:"+assert_key+"不等于"+str(assert_value))
  File "E:\Project_python\2TestCMS2.0\common\logger_util.py", line 66, in error_log
    raise Exception(log_message)
Exception: 断言失败:status_code不等于200


[2023-05-28 18:04:52,723] logger_util.py->write_log line:61 [INFO] -------------接口请求开始-----------
[2023-05-28 18:04:52,724] logger_util.py->write_log line:61 [INFO] 接口名称：设置聚合表触发配置--变量触发
[2023-05-28 18:04:52,724] logger_util.py->write_log line:61 [INFO] 接口方式：put
[2023-05-28 18:04:52,724] logger_util.py->write_log line:61 [INFO] 接口路径：http://192.168.4.12:18000/api/v1/dataconfig/aggregatetable/7d2eed40-8c19-453f-baa7-355007791f64/triggers
[2023-05-28 18:04:52,724] logger_util.py->write_log line:61 [INFO] 请求头：{'Content-Type': 'application/json;charset=UTF-8', 'X-Project': 'b32d81056e124620b809e92f49cdf3d4'}
[2023-05-28 18:04:52,724] logger_util.py->write_log line:61 [INFO] 请求参数：{'realTime': False, 'triggers': [{'effectiveDateTime': '', 'frequencyValue': 1, 'frequencyUnit': 2, 'matchAll': True, 'condition': 'A1==100', 'conditionDetail': 1, 'frequencyCheck': False, 'triggerType': 1}]}
[2023-05-28 18:04:52,724] logger_util.py->write_log line:61 [INFO] 文件上传：None
[2023-05-28 18:04:52,734] logger_util.py->error_log line:65 [INFO] 断言失败:status_code不等于200
[2023-05-28 18:04:52,734] logger_util.py->write_log line:61 [INFO] 接口请求失败！
[2023-05-28 18:04:52,734] logger_util.py->write_log line:61 [INFO] -------------接口请求结束-----------

[2023-05-28 18:04:52,734] logger_util.py->error_log line:65 [INFO] 断言异常：异常信息: Traceback (most recent call last):
  File "E:\Project_python\2TestCMS2.0\common\requests_util.py", line 352, in validate_result
    error_log("断言失败:"+assert_key+"不等于"+str(assert_value))
  File "E:\Project_python\2TestCMS2.0\common\logger_util.py", line 66, in error_log
    raise Exception(log_message)
Exception: 断言失败:status_code不等于200

[2023-05-28 18:04:52,735] logger_util.py->error_log line:65 [INFO] 分析YAML文件异常：异常信息: Traceback (most recent call last):
  File "E:\Project_python\2TestCMS2.0\common\requests_util.py", line 352, in validate_result
    error_log("断言失败:"+assert_key+"不等于"+str(assert_value))
  File "E:\Project_python\2TestCMS2.0\common\logger_util.py", line 66, in error_log
    raise Exception(log_message)
Exception: 断言失败:status_code不等于200

During handling of the above exception, another exception occurred:

Traceback (most recent call last):
  File "E:\Project_python\2TestCMS2.0\common\requests_util.py", line 251, in analysis_yaml
    self.validate_result(yq_result, return_text, status_code)
  File "E:\Project_python\2TestCMS2.0\common\requests_util.py", line 402, in validate_result
    error_log("断言异常：异常信息: %s" % str(traceback.format_exc()))
  File "E:\Project_python\2TestCMS2.0\common\logger_util.py", line 66, in error_log
    raise Exception(log_message)
Exception: 断言异常：异常信息: Traceback (most recent call last):
  File "E:\Project_python\2TestCMS2.0\common\requests_util.py", line 352, in validate_result
    error_log("断言失败:"+assert_key+"不等于"+str(assert_value))
  File "E:\Project_python\2TestCMS2.0\common\logger_util.py", line 66, in error_log
    raise Exception(log_message)
Exception: 断言失败:status_code不等于200


[2023-05-28 18:04:52,763] logger_util.py->write_log line:61 [INFO] -------------接口请求开始-----------
[2023-05-28 18:04:52,763] logger_util.py->write_log line:61 [INFO] 接口名称：设置聚合表触发配置--变量触发
[2023-05-28 18:04:52,763] logger_util.py->write_log line:61 [INFO] 接口方式：put
[2023-05-28 18:04:52,763] logger_util.py->write_log line:61 [INFO] 接口路径：http://192.168.4.12:18000/api/v1/dataconfig/aggregatetable/7d2eed40-8c19-453f-baa7-355007791f64/triggers
[2023-05-28 18:04:52,763] logger_util.py->write_log line:61 [INFO] 请求头：{'Content-Type': 'application/json;charset=UTF-8', 'X-Project': 'b32d81056e124620b809e92f49cdf3d4'}
[2023-05-28 18:04:52,763] logger_util.py->write_log line:61 [INFO] 请求参数：{'realTime': False, 'triggers': [{'effectiveDateTime': '', 'frequencyValue': 1, 'frequencyUnit': 2, 'matchAll': True, 'condition': 'A1==100', 'conditionDetail': 1, 'frequencyCheck': False, 'triggerType': 1}]}
[2023-05-28 18:04:52,763] logger_util.py->write_log line:61 [INFO] 文件上传：None
[2023-05-28 18:04:52,777] logger_util.py->error_log line:65 [INFO] 断言失败:status_code不等于200
[2023-05-28 18:04:52,777] logger_util.py->write_log line:61 [INFO] 接口请求失败！
[2023-05-28 18:04:52,777] logger_util.py->write_log line:61 [INFO] -------------接口请求结束-----------

[2023-05-28 18:04:52,778] logger_util.py->error_log line:65 [INFO] 断言异常：异常信息: Traceback (most recent call last):
  File "E:\Project_python\2TestCMS2.0\common\requests_util.py", line 352, in validate_result
    error_log("断言失败:"+assert_key+"不等于"+str(assert_value))
  File "E:\Project_python\2TestCMS2.0\common\logger_util.py", line 66, in error_log
    raise Exception(log_message)
Exception: 断言失败:status_code不等于200

[2023-05-28 18:04:52,779] logger_util.py->error_log line:65 [INFO] 分析YAML文件异常：异常信息: Traceback (most recent call last):
  File "E:\Project_python\2TestCMS2.0\common\requests_util.py", line 352, in validate_result
    error_log("断言失败:"+assert_key+"不等于"+str(assert_value))
  File "E:\Project_python\2TestCMS2.0\common\logger_util.py", line 66, in error_log
    raise Exception(log_message)
Exception: 断言失败:status_code不等于200

During handling of the above exception, another exception occurred:

Traceback (most recent call last):
  File "E:\Project_python\2TestCMS2.0\common\requests_util.py", line 251, in analysis_yaml
    self.validate_result(yq_result, return_text, status_code)
  File "E:\Project_python\2TestCMS2.0\common\requests_util.py", line 402, in validate_result
    error_log("断言异常：异常信息: %s" % str(traceback.format_exc()))
  File "E:\Project_python\2TestCMS2.0\common\logger_util.py", line 66, in error_log
    raise Exception(log_message)
Exception: 断言异常：异常信息: Traceback (most recent call last):
  File "E:\Project_python\2TestCMS2.0\common\requests_util.py", line 352, in validate_result
    error_log("断言失败:"+assert_key+"不等于"+str(assert_value))
  File "E:\Project_python\2TestCMS2.0\common\logger_util.py", line 66, in error_log
    raise Exception(log_message)
Exception: 断言失败:status_code不等于200


[2023-05-28 18:04:52,807] logger_util.py->write_log line:61 [INFO] -------------接口请求开始-----------
[2023-05-28 18:04:52,808] logger_util.py->write_log line:61 [INFO] 接口名称：设置聚合表触发配置--变量触发
[2023-05-28 18:04:52,808] logger_util.py->write_log line:61 [INFO] 接口方式：put
[2023-05-28 18:04:52,808] logger_util.py->write_log line:61 [INFO] 接口路径：http://192.168.4.12:18000/api/v1/dataconfig/aggregatetable/7d2eed40-8c19-453f-baa7-355007791f64/triggers
[2023-05-28 18:04:52,808] logger_util.py->write_log line:61 [INFO] 请求头：{'Content-Type': 'application/json;charset=UTF-8', 'X-Project': 'b32d81056e124620b809e92f49cdf3d4'}
[2023-05-28 18:04:52,808] logger_util.py->write_log line:61 [INFO] 请求参数：{'realTime': False, 'triggers': [{'effectiveDateTime': '', 'frequencyValue': 1, 'frequencyUnit': 2, 'matchAll': True, 'condition': 'A1==100', 'conditionDetail': 1, 'frequencyCheck': False, 'triggerType': 1}]}
[2023-05-28 18:04:52,808] logger_util.py->write_log line:61 [INFO] 文件上传：None
[2023-05-28 18:04:52,818] logger_util.py->error_log line:65 [INFO] 断言失败:status_code不等于200
[2023-05-28 18:04:52,818] logger_util.py->write_log line:61 [INFO] 接口请求失败！
[2023-05-28 18:04:52,818] logger_util.py->write_log line:61 [INFO] -------------接口请求结束-----------

[2023-05-28 18:04:52,819] logger_util.py->error_log line:65 [INFO] 断言异常：异常信息: Traceback (most recent call last):
  File "E:\Project_python\2TestCMS2.0\common\requests_util.py", line 352, in validate_result
    error_log("断言失败:"+assert_key+"不等于"+str(assert_value))
  File "E:\Project_python\2TestCMS2.0\common\logger_util.py", line 66, in error_log
    raise Exception(log_message)
Exception: 断言失败:status_code不等于200

[2023-05-28 18:04:52,819] logger_util.py->error_log line:65 [INFO] 分析YAML文件异常：异常信息: Traceback (most recent call last):
  File "E:\Project_python\2TestCMS2.0\common\requests_util.py", line 352, in validate_result
    error_log("断言失败:"+assert_key+"不等于"+str(assert_value))
  File "E:\Project_python\2TestCMS2.0\common\logger_util.py", line 66, in error_log
    raise Exception(log_message)
Exception: 断言失败:status_code不等于200

During handling of the above exception, another exception occurred:

Traceback (most recent call last):
  File "E:\Project_python\2TestCMS2.0\common\requests_util.py", line 251, in analysis_yaml
    self.validate_result(yq_result, return_text, status_code)
  File "E:\Project_python\2TestCMS2.0\common\requests_util.py", line 402, in validate_result
    error_log("断言异常：异常信息: %s" % str(traceback.format_exc()))
  File "E:\Project_python\2TestCMS2.0\common\logger_util.py", line 66, in error_log
    raise Exception(log_message)
Exception: 断言异常：异常信息: Traceback (most recent call last):
  File "E:\Project_python\2TestCMS2.0\common\requests_util.py", line 352, in validate_result
    error_log("断言失败:"+assert_key+"不等于"+str(assert_value))
  File "E:\Project_python\2TestCMS2.0\common\logger_util.py", line 66, in error_log
    raise Exception(log_message)
Exception: 断言失败:status_code不等于200


[2023-05-28 18:04:52,848] logger_util.py->write_log line:61 [INFO] -------------接口请求开始-----------
[2023-05-28 18:04:52,848] logger_util.py->write_log line:61 [INFO] 接口名称：设置聚合表触发配置--变量触发
[2023-05-28 18:04:52,848] logger_util.py->write_log line:61 [INFO] 接口方式：put
[2023-05-28 18:04:52,848] logger_util.py->write_log line:61 [INFO] 接口路径：http://192.168.4.12:18000/api/v1/dataconfig/aggregatetable/7d2eed40-8c19-453f-baa7-355007791f64/triggers
[2023-05-28 18:04:52,848] logger_util.py->write_log line:61 [INFO] 请求头：{'Content-Type': 'application/json;charset=UTF-8', 'X-Project': 'b32d81056e124620b809e92f49cdf3d4'}
[2023-05-28 18:04:52,848] logger_util.py->write_log line:61 [INFO] 请求参数：{'realTime': False, 'triggers': [{'effectiveDateTime': '', 'frequencyValue': 1, 'frequencyUnit': 2, 'matchAll': True, 'condition': 'A1==100', 'conditionDetail': 1, 'frequencyCheck': False, 'triggerType': 1}]}
[2023-05-28 18:04:52,848] logger_util.py->write_log line:61 [INFO] 文件上传：None
[2023-05-28 18:04:52,860] logger_util.py->error_log line:65 [INFO] 断言失败:status_code不等于200
[2023-05-28 18:04:52,860] logger_util.py->write_log line:61 [INFO] 接口请求失败！
[2023-05-28 18:04:52,861] logger_util.py->write_log line:61 [INFO] -------------接口请求结束-----------

[2023-05-28 18:04:52,861] logger_util.py->error_log line:65 [INFO] 断言异常：异常信息: Traceback (most recent call last):
  File "E:\Project_python\2TestCMS2.0\common\requests_util.py", line 352, in validate_result
    error_log("断言失败:"+assert_key+"不等于"+str(assert_value))
  File "E:\Project_python\2TestCMS2.0\common\logger_util.py", line 66, in error_log
    raise Exception(log_message)
Exception: 断言失败:status_code不等于200

[2023-05-28 18:04:52,861] logger_util.py->error_log line:65 [INFO] 分析YAML文件异常：异常信息: Traceback (most recent call last):
  File "E:\Project_python\2TestCMS2.0\common\requests_util.py", line 352, in validate_result
    error_log("断言失败:"+assert_key+"不等于"+str(assert_value))
  File "E:\Project_python\2TestCMS2.0\common\logger_util.py", line 66, in error_log
    raise Exception(log_message)
Exception: 断言失败:status_code不等于200

During handling of the above exception, another exception occurred:

Traceback (most recent call last):
  File "E:\Project_python\2TestCMS2.0\common\requests_util.py", line 251, in analysis_yaml
    self.validate_result(yq_result, return_text, status_code)
  File "E:\Project_python\2TestCMS2.0\common\requests_util.py", line 402, in validate_result
    error_log("断言异常：异常信息: %s" % str(traceback.format_exc()))
  File "E:\Project_python\2TestCMS2.0\common\logger_util.py", line 66, in error_log
    raise Exception(log_message)
Exception: 断言异常：异常信息: Traceback (most recent call last):
  File "E:\Project_python\2TestCMS2.0\common\requests_util.py", line 352, in validate_result
    error_log("断言失败:"+assert_key+"不等于"+str(assert_value))
  File "E:\Project_python\2TestCMS2.0\common\logger_util.py", line 66, in error_log
    raise Exception(log_message)
Exception: 断言失败:status_code不等于200


[2023-05-28 18:04:52,888] logger_util.py->write_log line:61 [INFO] -------------接口请求开始-----------
[2023-05-28 18:04:52,888] logger_util.py->write_log line:61 [INFO] 接口名称：设置聚合表触发配置--变量触发
[2023-05-28 18:04:52,888] logger_util.py->write_log line:61 [INFO] 接口方式：put
[2023-05-28 18:04:52,888] logger_util.py->write_log line:61 [INFO] 接口路径：http://192.168.4.12:18000/api/v1/dataconfig/aggregatetable/7d2eed40-8c19-453f-baa7-355007791f64/triggers
[2023-05-28 18:04:52,889] logger_util.py->write_log line:61 [INFO] 请求头：{'Content-Type': 'application/json;charset=UTF-8', 'X-Project': 'b32d81056e124620b809e92f49cdf3d4'}
[2023-05-28 18:04:52,889] logger_util.py->write_log line:61 [INFO] 请求参数：{'realTime': False, 'triggers': [{'effectiveDateTime': '', 'frequencyValue': 1, 'frequencyUnit': 2, 'matchAll': True, 'condition': 'A1==100', 'conditionDetail': 1, 'frequencyCheck': False, 'triggerType': 1}]}
[2023-05-28 18:04:52,889] logger_util.py->write_log line:61 [INFO] 文件上传：None
[2023-05-28 18:04:52,899] logger_util.py->error_log line:65 [INFO] 断言失败:status_code不等于200
[2023-05-28 18:04:52,900] logger_util.py->write_log line:61 [INFO] 接口请求失败！
[2023-05-28 18:04:52,900] logger_util.py->write_log line:61 [INFO] -------------接口请求结束-----------

[2023-05-28 18:04:52,900] logger_util.py->error_log line:65 [INFO] 断言异常：异常信息: Traceback (most recent call last):
  File "E:\Project_python\2TestCMS2.0\common\requests_util.py", line 352, in validate_result
    error_log("断言失败:"+assert_key+"不等于"+str(assert_value))
  File "E:\Project_python\2TestCMS2.0\common\logger_util.py", line 66, in error_log
    raise Exception(log_message)
Exception: 断言失败:status_code不等于200

[2023-05-28 18:04:52,900] logger_util.py->error_log line:65 [INFO] 分析YAML文件异常：异常信息: Traceback (most recent call last):
  File "E:\Project_python\2TestCMS2.0\common\requests_util.py", line 352, in validate_result
    error_log("断言失败:"+assert_key+"不等于"+str(assert_value))
  File "E:\Project_python\2TestCMS2.0\common\logger_util.py", line 66, in error_log
    raise Exception(log_message)
Exception: 断言失败:status_code不等于200

During handling of the above exception, another exception occurred:

Traceback (most recent call last):
  File "E:\Project_python\2TestCMS2.0\common\requests_util.py", line 251, in analysis_yaml
    self.validate_result(yq_result, return_text, status_code)
  File "E:\Project_python\2TestCMS2.0\common\requests_util.py", line 402, in validate_result
    error_log("断言异常：异常信息: %s" % str(traceback.format_exc()))
  File "E:\Project_python\2TestCMS2.0\common\logger_util.py", line 66, in error_log
    raise Exception(log_message)
Exception: 断言异常：异常信息: Traceback (most recent call last):
  File "E:\Project_python\2TestCMS2.0\common\requests_util.py", line 352, in validate_result
    error_log("断言失败:"+assert_key+"不等于"+str(assert_value))
  File "E:\Project_python\2TestCMS2.0\common\logger_util.py", line 66, in error_log
    raise Exception(log_message)
Exception: 断言失败:status_code不等于200


[2023-05-28 18:04:52,927] logger_util.py->write_log line:61 [INFO] -------------接口请求开始-----------
[2023-05-28 18:04:52,928] logger_util.py->write_log line:61 [INFO] 接口名称：设置聚合表触发配置--定时触发
[2023-05-28 18:04:52,928] logger_util.py->write_log line:61 [INFO] 接口方式：put
[2023-05-28 18:04:52,928] logger_util.py->write_log line:61 [INFO] 接口路径：http://192.168.4.12:18000/api/v1/dataconfig/aggregatetable/7d2eed40-8c19-453f-baa7-355007791f64/triggers
[2023-05-28 18:04:52,928] logger_util.py->write_log line:61 [INFO] 请求头：{'Content-Type': 'application/json;charset=UTF-8', 'X-Project': 'b32d81056e124620b809e92f49cdf3d4'}
[2023-05-28 18:04:52,928] logger_util.py->write_log line:61 [INFO] 请求参数：{'realTime': False, 'triggers': [{'effectiveDateTime': '2023-05-22T06:15:31.000Z', 'frequencyValue': 1, 'frequencyUnit': 2, 'matchAll': True, 'condition': 'A1==100', 'conditionDetail': 1, 'frequencyCheck': False, 'triggerType': 1}]}
[2023-05-28 18:04:52,928] logger_util.py->write_log line:61 [INFO] 文件上传：None
[2023-05-28 18:04:52,970] logger_util.py->write_log line:61 [INFO] 预期结果：[{'equals': {'status_code': 200}}]
[2023-05-28 18:04:52,970] logger_util.py->write_log line:61 [INFO] 实际结果：
[2023-05-28 18:04:52,970] logger_util.py->write_log line:61 [INFO] 接口请求成功！
[2023-05-28 18:04:52,970] logger_util.py->write_log line:61 [INFO] -------------接口请求结束-----------

[2023-05-28 18:04:52,977] logger_util.py->write_log line:61 [INFO] -------------接口请求开始-----------
[2023-05-28 18:04:52,977] logger_util.py->write_log line:61 [INFO] 接口名称：设置聚合表触发配置--定时触发
[2023-05-28 18:04:52,977] logger_util.py->write_log line:61 [INFO] 接口方式：put
[2023-05-28 18:04:52,977] logger_util.py->write_log line:61 [INFO] 接口路径：http://192.168.4.12:18000/api/v1/dataconfig/aggregatetable/7d2eed40-8c19-453f-baa7-355007791f64/triggers
[2023-05-28 18:04:52,977] logger_util.py->write_log line:61 [INFO] 请求头：{'Content-Type': 'application/json;charset=UTF-8', 'X-Project': 'b32d81056e124620b809e92f49cdf3d4'}
[2023-05-28 18:04:52,977] logger_util.py->write_log line:61 [INFO] 请求参数：{'realTime': False, 'triggers': [{'effectiveDateTime': '2023-05-22T06:15:31.000Z', 'frequencyValue': 1, 'frequencyUnit': 2, 'matchAll': True, 'condition': 'A1==100', 'conditionDetail': 1, 'frequencyCheck': False, 'triggerType': 1}]}
[2023-05-28 18:04:52,977] logger_util.py->write_log line:61 [INFO] 文件上传：None
[2023-05-28 18:04:53,005] logger_util.py->write_log line:61 [INFO] 预期结果：[{'equals': {'status_code': 200}}]
[2023-05-28 18:04:53,005] logger_util.py->write_log line:61 [INFO] 实际结果：
[2023-05-28 18:04:53,005] logger_util.py->write_log line:61 [INFO] 接口请求成功！
[2023-05-28 18:04:53,005] logger_util.py->write_log line:61 [INFO] -------------接口请求结束-----------

[2023-05-28 18:04:53,012] logger_util.py->write_log line:61 [INFO] -------------接口请求开始-----------
[2023-05-28 18:04:53,012] logger_util.py->write_log line:61 [INFO] 接口名称：设置聚合表触发配置--定时触发
[2023-05-28 18:04:53,012] logger_util.py->write_log line:61 [INFO] 接口方式：put
[2023-05-28 18:04:53,012] logger_util.py->write_log line:61 [INFO] 接口路径：http://192.168.4.12:18000/api/v1/dataconfig/aggregatetable/7d2eed40-8c19-453f-baa7-355007791f64/triggers
[2023-05-28 18:04:53,013] logger_util.py->write_log line:61 [INFO] 请求头：{'Content-Type': 'application/json;charset=UTF-8', 'X-Project': 'b32d81056e124620b809e92f49cdf3d4'}
[2023-05-28 18:04:53,013] logger_util.py->write_log line:61 [INFO] 请求参数：{'realTime': False, 'triggers': [{'effectiveDateTime': '2023-05-22T06:15:31.000Z', 'frequencyValue': 1, 'frequencyUnit': 2, 'matchAll': True, 'condition': 'A1==100', 'conditionDetail': 1, 'frequencyCheck': False, 'triggerType': 1}]}
[2023-05-28 18:04:53,013] logger_util.py->write_log line:61 [INFO] 文件上传：None
[2023-05-28 18:04:53,046] logger_util.py->write_log line:61 [INFO] 预期结果：[{'equals': {'status_code': 200}}]
[2023-05-28 18:04:53,046] logger_util.py->write_log line:61 [INFO] 实际结果：
[2023-05-28 18:04:53,046] logger_util.py->write_log line:61 [INFO] 接口请求成功！
[2023-05-28 18:04:53,046] logger_util.py->write_log line:61 [INFO] -------------接口请求结束-----------

[2023-05-28 18:04:53,052] logger_util.py->write_log line:61 [INFO] -------------接口请求开始-----------
[2023-05-28 18:04:53,052] logger_util.py->write_log line:61 [INFO] 接口名称：设置聚合表触发配置--定时触发
[2023-05-28 18:04:53,052] logger_util.py->write_log line:61 [INFO] 接口方式：put
[2023-05-28 18:04:53,052] logger_util.py->write_log line:61 [INFO] 接口路径：http://192.168.4.12:18000/api/v1/dataconfig/aggregatetable/7d2eed40-8c19-453f-baa7-355007791f64/triggers
[2023-05-28 18:04:53,052] logger_util.py->write_log line:61 [INFO] 请求头：{'Content-Type': 'application/json;charset=UTF-8', 'X-Project': 'b32d81056e124620b809e92f49cdf3d4'}
[2023-05-28 18:04:53,052] logger_util.py->write_log line:61 [INFO] 请求参数：{'realTime': False, 'triggers': [{'effectiveDateTime': '2023-05-22T06:15:31.000Z', 'frequencyValue': 1, 'frequencyUnit': 2, 'matchAll': True, 'condition': 'A1==100', 'conditionDetail': 1, 'frequencyCheck': False, 'triggerType': 1}]}
[2023-05-28 18:04:53,052] logger_util.py->write_log line:61 [INFO] 文件上传：None
[2023-05-28 18:04:53,100] logger_util.py->write_log line:61 [INFO] 预期结果：[{'equals': {'status_code': 200}}]
[2023-05-28 18:04:53,100] logger_util.py->write_log line:61 [INFO] 实际结果：
[2023-05-28 18:04:53,101] logger_util.py->write_log line:61 [INFO] 接口请求成功！
[2023-05-28 18:04:53,101] logger_util.py->write_log line:61 [INFO] -------------接口请求结束-----------

[2023-05-28 18:04:53,107] logger_util.py->write_log line:61 [INFO] -------------接口请求开始-----------
[2023-05-28 18:04:53,107] logger_util.py->write_log line:61 [INFO] 接口名称：设置聚合表触发配置--定时触发
[2023-05-28 18:04:53,108] logger_util.py->write_log line:61 [INFO] 接口方式：put
[2023-05-28 18:04:53,108] logger_util.py->write_log line:61 [INFO] 接口路径：http://192.168.4.12:18000/api/v1/dataconfig/aggregatetable/7d2eed40-8c19-453f-baa7-355007791f64/triggers
[2023-05-28 18:04:53,108] logger_util.py->write_log line:61 [INFO] 请求头：{'Content-Type': 'application/json;charset=UTF-8', 'X-Project': 'b32d81056e124620b809e92f49cdf3d4'}
[2023-05-28 18:04:53,108] logger_util.py->write_log line:61 [INFO] 请求参数：{'realTime': False, 'triggers': [{'effectiveDateTime': '2023-05-22T06:15:31.000Z', 'frequencyValue': 1, 'frequencyUnit': 2, 'matchAll': True, 'condition': 'A1==100', 'conditionDetail': 1, 'frequencyCheck': False, 'triggerType': 1}]}
[2023-05-28 18:04:53,108] logger_util.py->write_log line:61 [INFO] 文件上传：None
[2023-05-28 18:04:53,136] logger_util.py->write_log line:61 [INFO] 预期结果：[{'equals': {'status_code': 200}}]
[2023-05-28 18:04:53,136] logger_util.py->write_log line:61 [INFO] 实际结果：
[2023-05-28 18:04:53,136] logger_util.py->write_log line:61 [INFO] 接口请求成功！
[2023-05-28 18:04:53,136] logger_util.py->write_log line:61 [INFO] -------------接口请求结束-----------

[2023-05-28 18:04:53,142] logger_util.py->write_log line:61 [INFO] -------------接口请求开始-----------
[2023-05-28 18:04:53,142] logger_util.py->write_log line:61 [INFO] 接口名称：设置聚合表触发配置--定时触发
[2023-05-28 18:04:53,142] logger_util.py->write_log line:61 [INFO] 接口方式：put
[2023-05-28 18:04:53,142] logger_util.py->write_log line:61 [INFO] 接口路径：http://192.168.4.12:18000/api/v1/dataconfig/aggregatetable/7d2eed40-8c19-453f-baa7-355007791f64/triggers
[2023-05-28 18:04:53,142] logger_util.py->write_log line:61 [INFO] 请求头：{'Content-Type': 'application/json;charset=UTF-8', 'X-Project': 'b32d81056e124620b809e92f49cdf3d4'}
[2023-05-28 18:04:53,142] logger_util.py->write_log line:61 [INFO] 请求参数：{'realTime': False, 'triggers': [{'effectiveDateTime': '2023-05-22T06:15:31.000Z', 'frequencyValue': 1, 'frequencyUnit': 2, 'matchAll': True, 'condition': 'A1==100', 'conditionDetail': 1, 'frequencyCheck': False, 'triggerType': 1}]}
[2023-05-28 18:04:53,142] logger_util.py->write_log line:61 [INFO] 文件上传：None
[2023-05-28 18:04:53,169] logger_util.py->write_log line:61 [INFO] 预期结果：[{'equals': {'status_code': 200}}]
[2023-05-28 18:04:53,169] logger_util.py->write_log line:61 [INFO] 实际结果：
[2023-05-28 18:04:53,169] logger_util.py->write_log line:61 [INFO] 接口请求成功！
[2023-05-28 18:04:53,169] logger_util.py->write_log line:61 [INFO] -------------接口请求结束-----------

[2023-05-28 18:04:53,175] logger_util.py->write_log line:61 [INFO] -------------接口请求开始-----------
[2023-05-28 18:04:53,175] logger_util.py->write_log line:61 [INFO] 接口名称：设置聚合表触发配置--定时触发
[2023-05-28 18:04:53,175] logger_util.py->write_log line:61 [INFO] 接口方式：put
[2023-05-28 18:04:53,175] logger_util.py->write_log line:61 [INFO] 接口路径：http://192.168.4.12:18000/api/v1/dataconfig/aggregatetable/7d2eed40-8c19-453f-baa7-355007791f64/triggers
[2023-05-28 18:04:53,175] logger_util.py->write_log line:61 [INFO] 请求头：{'Content-Type': 'application/json;charset=UTF-8', 'X-Project': 'b32d81056e124620b809e92f49cdf3d4'}
[2023-05-28 18:04:53,175] logger_util.py->write_log line:61 [INFO] 请求参数：{'realTime': False, 'triggers': [{'effectiveDateTime': '2023-05-22T06:15:31.000Z', 'frequencyValue': 1, 'frequencyUnit': 2, 'matchAll': True, 'condition': 'A1==100', 'conditionDetail': 1, 'frequencyCheck': False, 'triggerType': 1}]}
[2023-05-28 18:04:53,175] logger_util.py->write_log line:61 [INFO] 文件上传：None
[2023-05-28 18:04:53,217] logger_util.py->write_log line:61 [INFO] 预期结果：[{'equals': {'status_code': 200}}]
[2023-05-28 18:04:53,217] logger_util.py->write_log line:61 [INFO] 实际结果：
[2023-05-28 18:04:53,217] logger_util.py->write_log line:61 [INFO] 接口请求成功！
[2023-05-28 18:04:53,217] logger_util.py->write_log line:61 [INFO] -------------接口请求结束-----------

[2023-05-28 18:04:53,223] logger_util.py->write_log line:61 [INFO] -------------接口请求开始-----------
[2023-05-28 18:04:53,223] logger_util.py->write_log line:61 [INFO] 接口名称：设置聚合表触发配置--定时触发
[2023-05-28 18:04:53,223] logger_util.py->write_log line:61 [INFO] 接口方式：put
[2023-05-28 18:04:53,223] logger_util.py->write_log line:61 [INFO] 接口路径：http://192.168.4.12:18000/api/v1/dataconfig/aggregatetable/7d2eed40-8c19-453f-baa7-355007791f64/triggers
[2023-05-28 18:04:53,223] logger_util.py->write_log line:61 [INFO] 请求头：{'Content-Type': 'application/json;charset=UTF-8', 'X-Project': 'b32d81056e124620b809e92f49cdf3d4'}
[2023-05-28 18:04:53,223] logger_util.py->write_log line:61 [INFO] 请求参数：{'realTime': False, 'triggers': [{'effectiveDateTime': '2023-05-22T06:15:31.000Z', 'frequencyValue': 1, 'frequencyUnit': 2, 'matchAll': True, 'condition': 'A1==100', 'conditionDetail': 1, 'frequencyCheck': False, 'triggerType': 1}]}
[2023-05-28 18:04:53,223] logger_util.py->write_log line:61 [INFO] 文件上传：None
[2023-05-28 18:04:53,264] logger_util.py->write_log line:61 [INFO] 预期结果：[{'equals': {'status_code': 200}}]
[2023-05-28 18:04:53,264] logger_util.py->write_log line:61 [INFO] 实际结果：
[2023-05-28 18:04:53,264] logger_util.py->write_log line:61 [INFO] 接口请求成功！
[2023-05-28 18:04:53,264] logger_util.py->write_log line:61 [INFO] -------------接口请求结束-----------

