[2023-08-08 10:43:15,857] logger_util.py->write_log line:61 [INFO] -------------接口请求开始-----------
[2023-08-08 10:43:15,858] logger_util.py->write_log line:61 [INFO] 接口名称：modbus协议下发-保存寄存器有符号8位整型
[2023-08-08 10:43:15,858] logger_util.py->write_log line:61 [INFO] 接口方式：post
[2023-08-08 10:43:15,858] logger_util.py->write_log line:61 [INFO] 接口路径：http://127.0.0.1:6700/v1/cms/io/write
[2023-08-08 10:43:15,858] logger_util.py->write_log line:61 [INFO] 请求头：{'Content-Type': 'application/json'}
[2023-08-08 10:43:15,858] logger_util.py->write_log line:61 [INFO] 请求参数：{'tagDatas': {'MOD_SINT1': '-11'}}
[2023-08-08 10:43:15,858] logger_util.py->write_log line:61 [INFO] 文件上传：None
[2023-08-08 10:43:15,957] logger_util.py->write_log line:61 [INFO] 预期结果：[{'equals': {'status_code': 200}}, {'equals': {'msg': 'All write successfully'}}]
[2023-08-08 10:43:15,957] logger_util.py->write_log line:61 [INFO] 实际结果：{'body': {'code': 0, 'msg': 'All write successfully', 'tagResults': {'MOD_SINT1': 0}, 'traceId': '7AF6F6A3-E515-436A-9B21-B39F14B946DB'}, 'header': {'code': 0, 'cur_module': 'siot', 'msg': 'All write successfully', 'timespend': 94, 'tracelist': [{'code': 0, 'module': 'siot', 'msg': 'All write successfully', 'submodule_timespend': {'api': 94, 'control': 94, 'driver': 16}, 'timespend': 94}]}}
[2023-08-08 10:43:15,957] logger_util.py->write_log line:61 [INFO] 接口请求成功！
[2023-08-08 10:43:15,957] logger_util.py->write_log line:61 [INFO] -------------接口请求结束-----------

[2023-08-08 10:43:15,962] logger_util.py->write_log line:61 [INFO] -------------接口请求开始-----------
[2023-08-08 10:43:15,963] logger_util.py->write_log line:61 [INFO] 接口名称：modbus协议下发-保存寄存器有符号16位整型
[2023-08-08 10:43:15,963] logger_util.py->write_log line:61 [INFO] 接口方式：post
[2023-08-08 10:43:15,963] logger_util.py->write_log line:61 [INFO] 接口路径：http://127.0.0.1:6700/v1/cms/io/write
[2023-08-08 10:43:15,963] logger_util.py->write_log line:61 [INFO] 请求头：{'Content-Type': 'application/json'}
[2023-08-08 10:43:15,963] logger_util.py->write_log line:61 [INFO] 请求参数：{'tagDatas': {'MOD_INT1': '22'}}
[2023-08-08 10:43:15,963] logger_util.py->write_log line:61 [INFO] 文件上传：None
[2023-08-08 10:43:16,003] logger_util.py->write_log line:61 [INFO] 预期结果：[{'equals': {'status_code': 200}}, {'equals': {'msg': 'All write successfully'}}]
[2023-08-08 10:43:16,004] logger_util.py->write_log line:61 [INFO] 实际结果：{'body': {'code': 0, 'msg': 'All write successfully', 'tagResults': {'MOD_INT1': 0}, 'traceId': 'F206400C-B59D-44EE-834B-8BE889585A86'}, 'header': {'code': 0, 'cur_module': 'siot', 'msg': 'All write successfully', 'timespend': 39, 'tracelist': [{'code': 0, 'module': 'siot', 'msg': 'All write successfully', 'submodule_timespend': {'api': 39, 'control': 39, 'driver': 8}, 'timespend': 39}]}}
[2023-08-08 10:43:16,004] logger_util.py->write_log line:61 [INFO] 接口请求成功！
[2023-08-08 10:43:16,004] logger_util.py->write_log line:61 [INFO] -------------接口请求结束-----------

[2023-08-08 10:43:16,008] logger_util.py->write_log line:61 [INFO] -------------接口请求开始-----------
[2023-08-08 10:43:16,008] logger_util.py->write_log line:61 [INFO] 接口名称：modbus协议下发-保存寄存器有符号32位整型
[2023-08-08 10:43:16,008] logger_util.py->write_log line:61 [INFO] 接口方式：post
[2023-08-08 10:43:16,008] logger_util.py->write_log line:61 [INFO] 接口路径：http://127.0.0.1:6700/v1/cms/io/write
[2023-08-08 10:43:16,009] logger_util.py->write_log line:61 [INFO] 请求头：{'Content-Type': 'application/json'}
[2023-08-08 10:43:16,009] logger_util.py->write_log line:61 [INFO] 请求参数：{'tagDatas': {'MOD_DINT1': '33'}}
[2023-08-08 10:43:16,009] logger_util.py->write_log line:61 [INFO] 文件上传：None
[2023-08-08 10:43:16,051] logger_util.py->write_log line:61 [INFO] 预期结果：[{'equals': {'status_code': 200}}, {'equals': {'msg': 'All write successfully'}}]
[2023-08-08 10:43:16,052] logger_util.py->write_log line:61 [INFO] 实际结果：{'body': {'code': 0, 'msg': 'All write successfully', 'tagResults': {'MOD_DINT1': 0}, 'traceId': 'C5F97397-104C-4068-B742-399FE6A3CF93'}, 'header': {'code': 0, 'cur_module': 'siot', 'msg': 'All write successfully', 'timespend': 41, 'tracelist': [{'code': 0, 'module': 'siot', 'msg': 'All write successfully', 'submodule_timespend': {'api': 41, 'control': 41, 'driver': 9}, 'timespend': 41}]}}
[2023-08-08 10:43:16,052] logger_util.py->write_log line:61 [INFO] 接口请求成功！
[2023-08-08 10:43:16,052] logger_util.py->write_log line:61 [INFO] -------------接口请求结束-----------

[2023-08-08 10:43:16,056] logger_util.py->write_log line:61 [INFO] -------------接口请求开始-----------
[2023-08-08 10:43:16,056] logger_util.py->write_log line:61 [INFO] 接口名称：modbus协议下发-保存寄存器无符号8位整型
[2023-08-08 10:43:16,056] logger_util.py->write_log line:61 [INFO] 接口方式：post
[2023-08-08 10:43:16,056] logger_util.py->write_log line:61 [INFO] 接口路径：http://127.0.0.1:6700/v1/cms/io/write
[2023-08-08 10:43:16,056] logger_util.py->write_log line:61 [INFO] 请求头：{'Content-Type': 'application/json'}
[2023-08-08 10:43:16,056] logger_util.py->write_log line:61 [INFO] 请求参数：{'tagDatas': {'MOD_USINT1': '44'}}
[2023-08-08 10:43:16,056] logger_util.py->write_log line:61 [INFO] 文件上传：None
[2023-08-08 10:43:16,144] logger_util.py->write_log line:61 [INFO] 预期结果：[{'equals': {'status_code': 200}}, {'equals': {'msg': 'All write successfully'}}]
[2023-08-08 10:43:16,145] logger_util.py->write_log line:61 [INFO] 实际结果：{'body': {'code': 0, 'msg': 'All write successfully', 'tagResults': {'MOD_USINT1': 0}, 'traceId': '73DE240A-2C72-441C-8E63-BA223501BCD2'}, 'header': {'code': 0, 'cur_module': 'siot', 'msg': 'All write successfully', 'timespend': 86, 'tracelist': [{'code': 0, 'module': 'siot', 'msg': 'All write successfully', 'submodule_timespend': {'api': 86, 'control': 86, 'driver': 15}, 'timespend': 86}]}}
[2023-08-08 10:43:16,145] logger_util.py->write_log line:61 [INFO] 接口请求成功！
[2023-08-08 10:43:16,145] logger_util.py->write_log line:61 [INFO] -------------接口请求结束-----------

[2023-08-08 10:43:16,149] logger_util.py->write_log line:61 [INFO] -------------接口请求开始-----------
[2023-08-08 10:43:16,149] logger_util.py->write_log line:61 [INFO] 接口名称：modbus协议下发-保存寄存器无符号16位整型
[2023-08-08 10:43:16,149] logger_util.py->write_log line:61 [INFO] 接口方式：post
[2023-08-08 10:43:16,149] logger_util.py->write_log line:61 [INFO] 接口路径：http://127.0.0.1:6700/v1/cms/io/write
[2023-08-08 10:43:16,149] logger_util.py->write_log line:61 [INFO] 请求头：{'Content-Type': 'application/json'}
[2023-08-08 10:43:16,149] logger_util.py->write_log line:61 [INFO] 请求参数：{'tagDatas': {'MOD_UINT1': '55'}}
[2023-08-08 10:43:16,149] logger_util.py->write_log line:61 [INFO] 文件上传：None
[2023-08-08 10:43:16,192] logger_util.py->write_log line:61 [INFO] 预期结果：[{'equals': {'status_code': 200}}, {'equals': {'msg': 'All write successfully'}}]
[2023-08-08 10:43:16,192] logger_util.py->write_log line:61 [INFO] 实际结果：{'body': {'code': 0, 'msg': 'All write successfully', 'tagResults': {'MOD_UINT1': 0}, 'traceId': '239CB9ED-0CE7-4F3C-A687-EC47601AEB2C'}, 'header': {'code': 0, 'cur_module': 'siot', 'msg': 'All write successfully', 'timespend': 40, 'tracelist': [{'code': 0, 'module': 'siot', 'msg': 'All write successfully', 'submodule_timespend': {'api': 40, 'control': 40, 'driver': 9}, 'timespend': 40}]}}
[2023-08-08 10:43:16,192] logger_util.py->write_log line:61 [INFO] 接口请求成功！
[2023-08-08 10:43:16,192] logger_util.py->write_log line:61 [INFO] -------------接口请求结束-----------

[2023-08-08 10:43:16,197] logger_util.py->write_log line:61 [INFO] -------------接口请求开始-----------
[2023-08-08 10:43:16,198] logger_util.py->write_log line:61 [INFO] 接口名称：modbus协议下发-保存寄存器无符号32位整型
[2023-08-08 10:43:16,198] logger_util.py->write_log line:61 [INFO] 接口方式：post
[2023-08-08 10:43:16,198] logger_util.py->write_log line:61 [INFO] 接口路径：http://127.0.0.1:6700/v1/cms/io/write
[2023-08-08 10:43:16,198] logger_util.py->write_log line:61 [INFO] 请求头：{'Content-Type': 'application/json'}
[2023-08-08 10:43:16,198] logger_util.py->write_log line:61 [INFO] 请求参数：{'tagDatas': {'MOD_UDINT1': '66'}}
[2023-08-08 10:43:16,198] logger_util.py->write_log line:61 [INFO] 文件上传：None
[2023-08-08 10:43:16,239] logger_util.py->write_log line:61 [INFO] 预期结果：[{'equals': {'status_code': 200}}, {'equals': {'msg': 'All write successfully'}}]
[2023-08-08 10:43:16,240] logger_util.py->write_log line:61 [INFO] 实际结果：{'body': {'code': 0, 'msg': 'All write successfully', 'tagResults': {'MOD_UDINT1': 0}, 'traceId': '5C0F075B-D1D6-42EE-9147-56BE354FC401'}, 'header': {'code': 0, 'cur_module': 'siot', 'msg': 'All write successfully', 'timespend': 39, 'tracelist': [{'code': 0, 'module': 'siot', 'msg': 'All write successfully', 'submodule_timespend': {'api': 39, 'control': 39, 'driver': 7}, 'timespend': 39}]}}
[2023-08-08 10:43:16,240] logger_util.py->write_log line:61 [INFO] 接口请求成功！
[2023-08-08 10:43:16,240] logger_util.py->write_log line:61 [INFO] -------------接口请求结束-----------

[2023-08-08 10:43:16,244] logger_util.py->write_log line:61 [INFO] -------------接口请求开始-----------
[2023-08-08 10:43:16,245] logger_util.py->write_log line:61 [INFO] 接口名称：modbus协议下发-保存寄存器F32位浮点数IEEE754
[2023-08-08 10:43:16,245] logger_util.py->write_log line:61 [INFO] 接口方式：post
[2023-08-08 10:43:16,245] logger_util.py->write_log line:61 [INFO] 接口路径：http://127.0.0.1:6700/v1/cms/io/write
[2023-08-08 10:43:16,245] logger_util.py->write_log line:61 [INFO] 请求头：{'Content-Type': 'application/json'}
[2023-08-08 10:43:16,245] logger_util.py->write_log line:61 [INFO] 请求参数：{'tagDatas': {'MOD_REAL1': '77.456'}}
[2023-08-08 10:43:16,245] logger_util.py->write_log line:61 [INFO] 文件上传：None
[2023-08-08 10:43:16,303] logger_util.py->write_log line:61 [INFO] 预期结果：[{'equals': {'status_code': 200}}, {'equals': {'msg': 'All write successfully'}}]
[2023-08-08 10:43:16,303] logger_util.py->write_log line:61 [INFO] 实际结果：{'body': {'code': 0, 'msg': 'All write successfully', 'tagResults': {'MOD_REAL1': 0}, 'traceId': 'FFFE5A5E-3725-4A24-B48E-ECDD2022B194'}, 'header': {'code': 0, 'cur_module': 'siot', 'msg': 'All write successfully', 'timespend': 56, 'tracelist': [{'code': 0, 'module': 'siot', 'msg': 'All write successfully', 'submodule_timespend': {'api': 56, 'control': 56, 'driver': 16}, 'timespend': 56}]}}
[2023-08-08 10:43:16,304] logger_util.py->write_log line:61 [INFO] 接口请求成功！
[2023-08-08 10:43:16,304] logger_util.py->write_log line:61 [INFO] -------------接口请求结束-----------

[2023-08-08 10:43:16,308] logger_util.py->write_log line:61 [INFO] -------------接口请求开始-----------
[2023-08-08 10:43:16,308] logger_util.py->write_log line:61 [INFO] 接口名称：modbus协议下发-保存寄存器二进制变量1
[2023-08-08 10:43:16,308] logger_util.py->write_log line:61 [INFO] 接口方式：post
[2023-08-08 10:43:16,309] logger_util.py->write_log line:61 [INFO] 接口路径：http://127.0.0.1:6700/v1/cms/io/write
[2023-08-08 10:43:16,309] logger_util.py->write_log line:61 [INFO] 请求头：{'Content-Type': 'application/json'}
[2023-08-08 10:43:16,309] logger_util.py->write_log line:61 [INFO] 请求参数：{'tagDatas': {'MOD_BOOL1': '1'}}
[2023-08-08 10:43:16,309] logger_util.py->write_log line:61 [INFO] 文件上传：None
[2023-08-08 10:43:16,365] logger_util.py->write_log line:61 [INFO] 预期结果：[{'equals': {'status_code': 200}}, {'equals': {'msg': 'All write successfully'}}]
[2023-08-08 10:43:16,366] logger_util.py->write_log line:61 [INFO] 实际结果：{'body': {'code': 0, 'msg': 'All write successfully', 'tagResults': {'MOD_BOOL1': 0}, 'traceId': '31653581-B521-41A1-A717-0876EAEB55A6'}, 'header': {'code': 0, 'cur_module': 'siot', 'msg': 'All write successfully', 'timespend': 55, 'tracelist': [{'code': 0, 'module': 'siot', 'msg': 'All write successfully', 'submodule_timespend': {'api': 55, 'control': 55, 'driver': 16}, 'timespend': 55}]}}
[2023-08-08 10:43:16,366] logger_util.py->write_log line:61 [INFO] 接口请求成功！
[2023-08-08 10:43:16,366] logger_util.py->write_log line:61 [INFO] -------------接口请求结束-----------

[2023-08-08 10:43:16,370] logger_util.py->write_log line:61 [INFO] -------------接口请求开始-----------
[2023-08-08 10:43:16,371] logger_util.py->write_log line:61 [INFO] 接口名称：modbus协议下发-保存寄存器二进制变量2
[2023-08-08 10:43:16,371] logger_util.py->write_log line:61 [INFO] 接口方式：post
[2023-08-08 10:43:16,371] logger_util.py->write_log line:61 [INFO] 接口路径：http://127.0.0.1:6700/v1/cms/io/write
[2023-08-08 10:43:16,371] logger_util.py->write_log line:61 [INFO] 请求头：{'Content-Type': 'application/json'}
[2023-08-08 10:43:16,371] logger_util.py->write_log line:61 [INFO] 请求参数：{'tagDatas': {'MOD_BOOL2': '0'}}
[2023-08-08 10:43:16,371] logger_util.py->write_log line:61 [INFO] 文件上传：None
[2023-08-08 10:43:16,430] logger_util.py->write_log line:61 [INFO] 预期结果：[{'equals': {'status_code': 200}}, {'equals': {'msg': 'All write successfully'}}]
[2023-08-08 10:43:16,430] logger_util.py->write_log line:61 [INFO] 实际结果：{'body': {'code': 0, 'msg': 'All write successfully', 'tagResults': {'MOD_BOOL2': 0}, 'traceId': 'EBCFD295-D63E-449B-BCEE-0CC776088C34'}, 'header': {'code': 0, 'cur_module': 'siot', 'msg': 'All write successfully', 'timespend': 57, 'tracelist': [{'code': 0, 'module': 'siot', 'msg': 'All write successfully', 'submodule_timespend': {'api': 57, 'control': 57, 'driver': 16}, 'timespend': 57}]}}
[2023-08-08 10:43:16,430] logger_util.py->write_log line:61 [INFO] 接口请求成功！
[2023-08-08 10:43:16,430] logger_util.py->write_log line:61 [INFO] -------------接口请求结束-----------

[2023-08-08 10:43:16,434] logger_util.py->write_log line:61 [INFO] -------------接口请求开始-----------
[2023-08-08 10:43:16,435] logger_util.py->write_log line:61 [INFO] 接口名称：modbus协议下发-保存寄存器字符串
[2023-08-08 10:43:16,435] logger_util.py->write_log line:61 [INFO] 接口方式：post
[2023-08-08 10:43:16,435] logger_util.py->write_log line:61 [INFO] 接口路径：http://127.0.0.1:6700/v1/cms/io/write
[2023-08-08 10:43:16,435] logger_util.py->write_log line:61 [INFO] 请求头：{'Content-Type': 'application/json'}
[2023-08-08 10:43:16,435] logger_util.py->write_log line:61 [INFO] 请求参数：{'tagDatas': {'MOD_STRING1': '文本1'}}
[2023-08-08 10:43:16,435] logger_util.py->write_log line:61 [INFO] 文件上传：None
[2023-08-08 10:43:16,492] logger_util.py->write_log line:61 [INFO] 预期结果：[{'equals': {'status_code': 200}}, {'equals': {'msg': 'All write successfully'}}]
[2023-08-08 10:43:16,493] logger_util.py->write_log line:61 [INFO] 实际结果：{'body': {'code': 0, 'msg': 'All write successfully', 'tagResults': {'MOD_STRING1': 0}, 'traceId': 'D493E35C-4DDB-4A50-8473-2ECDC16230E0'}, 'header': {'code': 0, 'cur_module': 'siot', 'msg': 'All write successfully', 'timespend': 56, 'tracelist': [{'code': 0, 'module': 'siot', 'msg': 'All write successfully', 'submodule_timespend': {'api': 56, 'control': 56, 'driver': 16}, 'timespend': 56}]}}
[2023-08-08 10:43:16,493] logger_util.py->write_log line:61 [INFO] 接口请求成功！
[2023-08-08 10:43:16,493] logger_util.py->write_log line:61 [INFO] -------------接口请求结束-----------

[2023-08-08 10:43:16,499] logger_util.py->write_log line:61 [INFO] -------------接口请求开始-----------
[2023-08-08 10:43:16,499] logger_util.py->write_log line:61 [INFO] 接口名称：modbus协议下发-二进制变量
[2023-08-08 10:43:16,499] logger_util.py->write_log line:61 [INFO] 接口方式：post
[2023-08-08 10:43:16,499] logger_util.py->write_log line:61 [INFO] 接口路径：http://127.0.0.1:6700/v1/cms/io/write
[2023-08-08 10:43:16,499] logger_util.py->write_log line:61 [INFO] 请求头：{'Content-Type': 'application/json'}
[2023-08-08 10:43:16,499] logger_util.py->write_log line:61 [INFO] 请求参数：{'tagDatas': {'MOD_Q0': '1'}}
[2023-08-08 10:43:16,500] logger_util.py->write_log line:61 [INFO] 文件上传：None
[2023-08-08 10:43:16,572] logger_util.py->write_log line:61 [INFO] 预期结果：[{'equals': {'status_code': 200}}, {'equals': {'msg': 'All write successfully'}}]
[2023-08-08 10:43:16,573] logger_util.py->write_log line:61 [INFO] 实际结果：{'body': {'code': 0, 'msg': 'All write successfully', 'tagResults': {'MOD_Q0': 0}, 'traceId': '8782D9D8-6952-4E51-924B-3207CDDB12E5'}, 'header': {'code': 0, 'cur_module': 'siot', 'msg': 'All write successfully', 'timespend': 48, 'tracelist': [{'code': 0, 'module': 'siot', 'msg': 'All write successfully', 'submodule_timespend': {'api': 48, 'control': 47, 'driver': 15}, 'timespend': 48}]}}
[2023-08-08 10:43:16,573] logger_util.py->write_log line:61 [INFO] 接口请求成功！
[2023-08-08 10:43:16,573] logger_util.py->write_log line:61 [INFO] -------------接口请求结束-----------

[2023-08-08 10:43:16,577] logger_util.py->write_log line:61 [INFO] -------------接口请求开始-----------
[2023-08-08 10:43:16,578] logger_util.py->write_log line:61 [INFO] 接口名称：modbus协议下发-二进制变量
[2023-08-08 10:43:16,578] logger_util.py->write_log line:61 [INFO] 接口方式：post
[2023-08-08 10:43:16,578] logger_util.py->write_log line:61 [INFO] 接口路径：http://127.0.0.1:6700/v1/cms/io/write
[2023-08-08 10:43:16,578] logger_util.py->write_log line:61 [INFO] 请求头：{'Content-Type': 'application/json'}
[2023-08-08 10:43:16,578] logger_util.py->write_log line:61 [INFO] 请求参数：{'tagDatas': {'MOD_Q1': '0'}}
[2023-08-08 10:43:16,578] logger_util.py->write_log line:61 [INFO] 文件上传：None
[2023-08-08 10:43:16,668] logger_util.py->write_log line:61 [INFO] 预期结果：[{'equals': {'status_code': 200}}, {'equals': {'msg': 'All write successfully'}}]
[2023-08-08 10:43:16,668] logger_util.py->write_log line:61 [INFO] 实际结果：{'body': {'code': 0, 'msg': 'All write successfully', 'tagResults': {'MOD_Q1': 0}, 'traceId': '714E56E5-2A22-4AA1-B71E-0D07B33851B5'}, 'header': {'code': 0, 'cur_module': 'siot', 'msg': 'All write successfully', 'timespend': 63, 'tracelist': [{'code': 0, 'module': 'siot', 'msg': 'All write successfully', 'submodule_timespend': {'api': 63, 'control': 63, 'driver': 15}, 'timespend': 63}]}}
[2023-08-08 10:43:16,668] logger_util.py->write_log line:61 [INFO] 接口请求成功！
[2023-08-08 10:43:16,668] logger_util.py->write_log line:61 [INFO] -------------接口请求结束-----------

