[2023-05-26 17:53:06,725] logger_util.py->write_log line:61 [INFO] -------------接口请求开始-----------
[2023-05-26 17:53:06,725] logger_util.py->write_log line:61 [INFO] 接口名称：设置归档表触发配置
[2023-05-26 17:53:06,725] logger_util.py->write_log line:61 [INFO] 接口方式：put
[2023-05-26 17:53:06,725] logger_util.py->write_log line:61 [INFO] 接口路径：http://192.168.4.12:18000/api/v1/dataconfig/filingtable/c9da8004-af75-4056-aa84-40301ba9c6ad/triggers
[2023-05-26 17:53:06,725] logger_util.py->write_log line:61 [INFO] 请求头：{'Content-Type': 'application/json; =UTF-8', 'X-Project': 'b32d81056e124620b809e92f49cdf3d4'}
[2023-05-26 17:53:06,735] logger_util.py->write_log line:61 [INFO] 请求参数：[{'effectiveDateTime': None, 'frequencyValue': 1, 'frequencyUnit': 1, 'matchAll': False, 'condition': 'G1 ==  true', 'conditionDetail': 1, 'frequencyCheck': False, 'alarmPointIds': None, 'triggerType': 2}]
[2023-05-26 17:53:06,736] logger_util.py->write_log line:61 [INFO] 文件上传：None
[2023-05-26 17:53:06,822] logger_util.py->write_log line:61 [INFO] 预期结果：[{'equals': {'status_code': 200}}]
[2023-05-26 17:53:06,822] logger_util.py->write_log line:61 [INFO] 实际结果：
[2023-05-26 17:53:06,822] logger_util.py->write_log line:61 [INFO] 接口请求成功！
[2023-05-26 17:53:06,823] logger_util.py->write_log line:61 [INFO] -------------接口请求结束-----------

[2023-05-26 17:53:06,829] logger_util.py->write_log line:61 [INFO] -------------接口请求开始-----------
[2023-05-26 17:53:06,829] logger_util.py->write_log line:61 [INFO] 接口名称：设置归档表触发配置
[2023-05-26 17:53:06,829] logger_util.py->write_log line:61 [INFO] 接口方式：put
[2023-05-26 17:53:06,829] logger_util.py->write_log line:61 [INFO] 接口路径：http://192.168.4.12:18000/api/v1/dataconfig/filingtable/c9da8004-af75-4056-aa84-40301ba9c6ad/triggers
[2023-05-26 17:53:06,829] logger_util.py->write_log line:61 [INFO] 请求头：{'Content-Type': 'application/json; =UTF-8', 'X-Project': 'b32d81056e124620b809e92f49cdf3d4'}
[2023-05-26 17:53:06,829] logger_util.py->write_log line:61 [INFO] 请求参数：[{'effectiveDateTime': None, 'frequencyValue': 1, 'frequencyUnit': 1, 'matchAll': False, 'condition': 'G1 ==  true', 'conditionDetail': 2, 'frequencyCheck': False, 'alarmPointIds': None, 'triggerType': 2}]
[2023-05-26 17:53:06,829] logger_util.py->write_log line:61 [INFO] 文件上传：None
[2023-05-26 17:53:06,858] logger_util.py->write_log line:61 [INFO] 预期结果：[{'equals': {'status_code': 200}}]
[2023-05-26 17:53:06,859] logger_util.py->write_log line:61 [INFO] 实际结果：
[2023-05-26 17:53:06,859] logger_util.py->write_log line:61 [INFO] 接口请求成功！
[2023-05-26 17:53:06,860] logger_util.py->write_log line:61 [INFO] -------------接口请求结束-----------

[2023-05-26 17:53:06,866] logger_util.py->write_log line:61 [INFO] -------------接口请求开始-----------
[2023-05-26 17:53:06,866] logger_util.py->write_log line:61 [INFO] 接口名称：设置归档表触发配置
[2023-05-26 17:53:06,866] logger_util.py->write_log line:61 [INFO] 接口方式：put
[2023-05-26 17:53:06,866] logger_util.py->write_log line:61 [INFO] 接口路径：http://192.168.4.12:18000/api/v1/dataconfig/filingtable/c9da8004-af75-4056-aa84-40301ba9c6ad/triggers
[2023-05-26 17:53:06,866] logger_util.py->write_log line:61 [INFO] 请求头：{'Content-Type': 'application/json; =UTF-8', 'X-Project': 'b32d81056e124620b809e92f49cdf3d4'}
[2023-05-26 17:53:06,866] logger_util.py->write_log line:61 [INFO] 请求参数：[{'effectiveDateTime': None, 'frequencyValue': 1, 'frequencyUnit': 1, 'matchAll': False, 'condition': 'G1 ==  true', 'conditionDetail': 3, 'frequencyCheck': False, 'alarmPointIds': None, 'triggerType': 2}]
[2023-05-26 17:53:06,866] logger_util.py->write_log line:61 [INFO] 文件上传：None
[2023-05-26 17:53:06,891] logger_util.py->write_log line:61 [INFO] 预期结果：[{'equals': {'status_code': 200}}]
[2023-05-26 17:53:06,891] logger_util.py->write_log line:61 [INFO] 实际结果：
[2023-05-26 17:53:06,891] logger_util.py->write_log line:61 [INFO] 接口请求成功！
[2023-05-26 17:53:06,891] logger_util.py->write_log line:61 [INFO] -------------接口请求结束-----------

[2023-05-26 17:53:06,897] logger_util.py->write_log line:61 [INFO] -------------接口请求开始-----------
[2023-05-26 17:53:06,897] logger_util.py->write_log line:61 [INFO] 接口名称：设置归档表触发配置
[2023-05-26 17:53:06,897] logger_util.py->write_log line:61 [INFO] 接口方式：put
[2023-05-26 17:53:06,897] logger_util.py->write_log line:61 [INFO] 接口路径：http://192.168.4.12:18000/api/v1/dataconfig/filingtable/c9da8004-af75-4056-aa84-40301ba9c6ad/triggers
[2023-05-26 17:53:06,897] logger_util.py->write_log line:61 [INFO] 请求头：{'Content-Type': 'application/json; =UTF-8', 'X-Project': 'b32d81056e124620b809e92f49cdf3d4'}
[2023-05-26 17:53:06,897] logger_util.py->write_log line:61 [INFO] 请求参数：[{'effectiveDateTime': None, 'frequencyValue': 1, 'frequencyUnit': 1, 'matchAll': False, 'condition': 'G1 ==  true', 'conditionDetail': 1, 'frequencyCheck': True, 'alarmPointIds': None, 'triggerType': 2}]
[2023-05-26 17:53:06,898] logger_util.py->write_log line:61 [INFO] 文件上传：None
[2023-05-26 17:53:06,933] logger_util.py->write_log line:61 [INFO] 预期结果：[{'equals': {'status_code': 200}}]
[2023-05-26 17:53:06,933] logger_util.py->write_log line:61 [INFO] 实际结果：
[2023-05-26 17:53:06,934] logger_util.py->write_log line:61 [INFO] 接口请求成功！
[2023-05-26 17:53:06,934] logger_util.py->write_log line:61 [INFO] -------------接口请求结束-----------

[2023-05-26 17:53:06,939] logger_util.py->write_log line:61 [INFO] -------------接口请求开始-----------
[2023-05-26 17:53:06,939] logger_util.py->write_log line:61 [INFO] 接口名称：设置归档表触发配置
[2023-05-26 17:53:06,939] logger_util.py->write_log line:61 [INFO] 接口方式：put
[2023-05-26 17:53:06,939] logger_util.py->write_log line:61 [INFO] 接口路径：http://192.168.4.12:18000/api/v1/dataconfig/filingtable/c9da8004-af75-4056-aa84-40301ba9c6ad/triggers
[2023-05-26 17:53:06,940] logger_util.py->write_log line:61 [INFO] 请求头：{'Content-Type': 'application/json; =UTF-8', 'X-Project': 'b32d81056e124620b809e92f49cdf3d4'}
[2023-05-26 17:53:06,940] logger_util.py->write_log line:61 [INFO] 请求参数：[{'effectiveDateTime': None, 'frequencyValue': 5, 'frequencyUnit': 2, 'matchAll': False, 'condition': 'G1 ==  true', 'conditionDetail': 1, 'frequencyCheck': True, 'alarmPointIds': None, 'triggerType': 2}]
[2023-05-26 17:53:06,940] logger_util.py->write_log line:61 [INFO] 文件上传：None
[2023-05-26 17:53:06,977] logger_util.py->write_log line:61 [INFO] 预期结果：[{'equals': {'status_code': 200}}]
[2023-05-26 17:53:06,977] logger_util.py->write_log line:61 [INFO] 实际结果：
[2023-05-26 17:53:06,977] logger_util.py->write_log line:61 [INFO] 接口请求成功！
[2023-05-26 17:53:06,977] logger_util.py->write_log line:61 [INFO] -------------接口请求结束-----------

[2023-05-26 17:53:06,984] logger_util.py->write_log line:61 [INFO] -------------接口请求开始-----------
[2023-05-26 17:53:06,984] logger_util.py->write_log line:61 [INFO] 接口名称：设置归档表触发配置
[2023-05-26 17:53:06,984] logger_util.py->write_log line:61 [INFO] 接口方式：put
[2023-05-26 17:53:06,984] logger_util.py->write_log line:61 [INFO] 接口路径：http://192.168.4.12:18000/api/v1/dataconfig/filingtable/c9da8004-af75-4056-aa84-40301ba9c6ad/triggers
[2023-05-26 17:53:06,984] logger_util.py->write_log line:61 [INFO] 请求头：{'Content-Type': 'application/json; =UTF-8', 'X-Project': 'b32d81056e124620b809e92f49cdf3d4'}
[2023-05-26 17:53:06,985] logger_util.py->write_log line:61 [INFO] 请求参数：[{'effectiveDateTime': None, 'frequencyValue': 1, 'frequencyUnit': 3, 'matchAll': False, 'condition': 'G1 ==  true', 'conditionDetail': 1, 'frequencyCheck': True, 'alarmPointIds': None, 'triggerType': 2}]
[2023-05-26 17:53:06,985] logger_util.py->write_log line:61 [INFO] 文件上传：None
[2023-05-26 17:53:07,018] logger_util.py->write_log line:61 [INFO] 预期结果：[{'equals': {'status_code': 200}}]
[2023-05-26 17:53:07,019] logger_util.py->write_log line:61 [INFO] 实际结果：
[2023-05-26 17:53:07,019] logger_util.py->write_log line:61 [INFO] 接口请求成功！
[2023-05-26 17:53:07,020] logger_util.py->write_log line:61 [INFO] -------------接口请求结束-----------

[2023-05-26 17:53:07,038] logger_util.py->write_log line:61 [INFO] -------------接口请求开始-----------
[2023-05-26 17:53:07,039] logger_util.py->write_log line:61 [INFO] 接口名称：设置归档表触发配置
[2023-05-26 17:53:07,039] logger_util.py->write_log line:61 [INFO] 接口方式：put
[2023-05-26 17:53:07,039] logger_util.py->write_log line:61 [INFO] 接口路径：http://192.168.4.12:18000/api/v1/dataconfig/filingtable/c9da8004-af75-4056-aa84-40301ba9c6ad/triggers
[2023-05-26 17:53:07,039] logger_util.py->write_log line:61 [INFO] 请求头：{'Content-Type': 'application/json; =UTF-8', 'X-Project': 'b32d81056e124620b809e92f49cdf3d4'}
[2023-05-26 17:53:07,040] logger_util.py->write_log line:61 [INFO] 请求参数：[{'effectiveDateTime': None, 'frequencyValue': 1, 'frequencyUnit': 4, 'matchAll': False, 'condition': 'G1 ==  true', 'conditionDetail': 1, 'frequencyCheck': True, 'alarmPointIds': None, 'triggerType': 2}]
[2023-05-26 17:53:07,040] logger_util.py->write_log line:61 [INFO] 文件上传：None
[2023-05-26 17:53:07,067] logger_util.py->write_log line:61 [INFO] 预期结果：[{'equals': {'status_code': 200}}]
[2023-05-26 17:53:07,067] logger_util.py->write_log line:61 [INFO] 实际结果：
[2023-05-26 17:53:07,067] logger_util.py->write_log line:61 [INFO] 接口请求成功！
[2023-05-26 17:53:07,067] logger_util.py->write_log line:61 [INFO] -------------接口请求结束-----------

[2023-05-26 17:53:07,073] logger_util.py->write_log line:61 [INFO] -------------接口请求开始-----------
[2023-05-26 17:53:07,074] logger_util.py->write_log line:61 [INFO] 接口名称：设置归档表触发配置
[2023-05-26 17:53:07,074] logger_util.py->write_log line:61 [INFO] 接口方式：put
[2023-05-26 17:53:07,074] logger_util.py->write_log line:61 [INFO] 接口路径：http://192.168.4.12:18000/api/v1/dataconfig/filingtable/c9da8004-af75-4056-aa84-40301ba9c6ad/triggers
[2023-05-26 17:53:07,074] logger_util.py->write_log line:61 [INFO] 请求头：{'Content-Type': 'application/json; =UTF-8', 'X-Project': 'b32d81056e124620b809e92f49cdf3d4'}
[2023-05-26 17:53:07,074] logger_util.py->write_log line:61 [INFO] 请求参数：[{'effectiveDateTime': None, 'frequencyValue': 36, 'frequencyUnit': 5, 'matchAll': False, 'condition': 'G1 ==  true', 'conditionDetail': 1, 'frequencyCheck': True, 'alarmPointIds': None, 'triggerType': 2}]
[2023-05-26 17:53:07,074] logger_util.py->write_log line:61 [INFO] 文件上传：None
[2023-05-26 17:53:07,108] logger_util.py->write_log line:61 [INFO] 预期结果：[{'equals': {'status_code': 200}}]
[2023-05-26 17:53:07,108] logger_util.py->write_log line:61 [INFO] 实际结果：
[2023-05-26 17:53:07,109] logger_util.py->write_log line:61 [INFO] 接口请求成功！
[2023-05-26 17:53:07,109] logger_util.py->write_log line:61 [INFO] -------------接口请求结束-----------

[2023-05-26 17:53:07,115] logger_util.py->write_log line:61 [INFO] -------------接口请求开始-----------
[2023-05-26 17:53:07,115] logger_util.py->write_log line:61 [INFO] 接口名称：设置归档表触发配置
[2023-05-26 17:53:07,115] logger_util.py->write_log line:61 [INFO] 接口方式：put
[2023-05-26 17:53:07,115] logger_util.py->write_log line:61 [INFO] 接口路径：http://192.168.4.12:18000/api/v1/dataconfig/filingtable/c9da8004-af75-4056-aa84-40301ba9c6ad/triggers
[2023-05-26 17:53:07,115] logger_util.py->write_log line:61 [INFO] 请求头：{'Content-Type': 'application/json; =UTF-8', 'X-Project': 'b32d81056e124620b809e92f49cdf3d4'}
[2023-05-26 17:53:07,115] logger_util.py->write_log line:61 [INFO] 请求参数：[{'effectiveDateTime': None, 'frequencyValue': 1, 'frequencyUnit': 1, 'matchAll': False, 'condition': "G1 ==  true ||  H1 != '中文'", 'conditionDetail': 1, 'frequencyCheck': False, 'alarmPointIds': None, 'triggerType': 2}]
[2023-05-26 17:53:07,116] logger_util.py->write_log line:61 [INFO] 文件上传：None
[2023-05-26 17:53:07,155] logger_util.py->write_log line:61 [INFO] 预期结果：[{'equals': {'status_code': 200}}]
[2023-05-26 17:53:07,155] logger_util.py->write_log line:61 [INFO] 实际结果：
[2023-05-26 17:53:07,155] logger_util.py->write_log line:61 [INFO] 接口请求成功！
[2023-05-26 17:53:07,155] logger_util.py->write_log line:61 [INFO] -------------接口请求结束-----------

[2023-05-26 17:53:07,171] logger_util.py->write_log line:61 [INFO] -------------接口请求开始-----------
[2023-05-26 17:53:07,171] logger_util.py->write_log line:61 [INFO] 接口名称：设置归档表触发配置
[2023-05-26 17:53:07,171] logger_util.py->write_log line:61 [INFO] 接口方式：put
[2023-05-26 17:53:07,171] logger_util.py->write_log line:61 [INFO] 接口路径：http://192.168.4.12:18000/api/v1/dataconfig/filingtable/c9da8004-af75-4056-aa84-40301ba9c6ad/triggers
[2023-05-26 17:53:07,171] logger_util.py->write_log line:61 [INFO] 请求头：{'Content-Type': 'application/json; =UTF-8', 'X-Project': 'b32d81056e124620b809e92f49cdf3d4'}
[2023-05-26 17:53:07,171] logger_util.py->write_log line:61 [INFO] 请求参数：[{'effectiveDateTime': None, 'frequencyValue': 1, 'frequencyUnit': 1, 'matchAll': False, 'condition': 'A1 + B1)  <=  0 ||  (A1 - B1) <= 0', 'conditionDetail': 1, 'frequencyCheck': False, 'alarmPointIds': None, 'triggerType': 2}]
[2023-05-26 17:53:07,171] logger_util.py->write_log line:61 [INFO] 文件上传：None
[2023-05-26 17:53:07,204] logger_util.py->write_log line:61 [INFO] 预期结果：[{'equals': {'status_code': 200}}]
[2023-05-26 17:53:07,204] logger_util.py->write_log line:61 [INFO] 实际结果：
[2023-05-26 17:53:07,204] logger_util.py->write_log line:61 [INFO] 接口请求成功！
[2023-05-26 17:53:07,204] logger_util.py->write_log line:61 [INFO] -------------接口请求结束-----------

[2023-05-26 17:53:07,210] logger_util.py->write_log line:61 [INFO] -------------接口请求开始-----------
[2023-05-26 17:53:07,211] logger_util.py->write_log line:61 [INFO] 接口名称：设置归档表触发配置
[2023-05-26 17:53:07,211] logger_util.py->write_log line:61 [INFO] 接口方式：put
[2023-05-26 17:53:07,211] logger_util.py->write_log line:61 [INFO] 接口路径：http://192.168.4.12:18000/api/v1/dataconfig/filingtable/c9da8004-af75-4056-aa84-40301ba9c6ad/triggers
[2023-05-26 17:53:07,211] logger_util.py->write_log line:61 [INFO] 请求头：{'Content-Type': 'application/json; =UTF-8', 'X-Project': 'b32d81056e124620b809e92f49cdf3d4'}
[2023-05-26 17:53:07,211] logger_util.py->write_log line:61 [INFO] 请求参数：[{'effectiveDateTime': None, 'frequencyValue': 1, 'frequencyUnit': 1, 'matchAll': False, 'condition': '(A1 * B1) > 0 &&  (A1 / B1)>0', 'conditionDetail': 1, 'frequencyCheck': False, 'alarmPointIds': None, 'triggerType': 2}]
[2023-05-26 17:53:07,211] logger_util.py->write_log line:61 [INFO] 文件上传：None
[2023-05-26 17:53:07,236] logger_util.py->write_log line:61 [INFO] 预期结果：[{'equals': {'status_code': 200}}]
[2023-05-26 17:53:07,236] logger_util.py->write_log line:61 [INFO] 实际结果：
[2023-05-26 17:53:07,236] logger_util.py->write_log line:61 [INFO] 接口请求成功！
[2023-05-26 17:53:07,236] logger_util.py->write_log line:61 [INFO] -------------接口请求结束-----------

[2023-05-26 17:53:07,242] logger_util.py->write_log line:61 [INFO] -------------接口请求开始-----------
[2023-05-26 17:53:07,242] logger_util.py->write_log line:61 [INFO] 接口名称：设置归档表触发配置
[2023-05-26 17:53:07,242] logger_util.py->write_log line:61 [INFO] 接口方式：put
[2023-05-26 17:53:07,242] logger_util.py->write_log line:61 [INFO] 接口路径：http://192.168.4.12:18000/api/v1/dataconfig/filingtable/c9da8004-af75-4056-aa84-40301ba9c6ad/triggers
[2023-05-26 17:53:07,243] logger_util.py->write_log line:61 [INFO] 请求头：{'Content-Type': 'application/json; =UTF-8', 'X-Project': 'b32d81056e124620b809e92f49cdf3d4'}
[2023-05-26 17:53:07,243] logger_util.py->write_log line:61 [INFO] 请求参数：[{'effectiveDateTime': '2023-05-22T06:15:31.000Z', 'frequencyValue': 1, 'frequencyUnit': 1, 'matchAll': False, 'condition': None, 'conditionDetail': 1, 'frequencyCheck': False, 'alarmPointIds': None, 'triggerType': 1}]
[2023-05-26 17:53:07,243] logger_util.py->write_log line:61 [INFO] 文件上传：None
[2023-05-26 17:53:07,269] logger_util.py->write_log line:61 [INFO] 预期结果：[{'equals': {'status_code': 200}}]
[2023-05-26 17:53:07,270] logger_util.py->write_log line:61 [INFO] 实际结果：
[2023-05-26 17:53:07,270] logger_util.py->write_log line:61 [INFO] 接口请求成功！
[2023-05-26 17:53:07,270] logger_util.py->write_log line:61 [INFO] -------------接口请求结束-----------

[2023-05-26 17:53:07,276] logger_util.py->write_log line:61 [INFO] -------------接口请求开始-----------
[2023-05-26 17:53:07,276] logger_util.py->write_log line:61 [INFO] 接口名称：设置归档表触发配置
[2023-05-26 17:53:07,276] logger_util.py->write_log line:61 [INFO] 接口方式：put
[2023-05-26 17:53:07,276] logger_util.py->write_log line:61 [INFO] 接口路径：http://192.168.4.12:18000/api/v1/dataconfig/filingtable/c9da8004-af75-4056-aa84-40301ba9c6ad/triggers
[2023-05-26 17:53:07,276] logger_util.py->write_log line:61 [INFO] 请求头：{'Content-Type': 'application/json; =UTF-8', 'X-Project': 'b32d81056e124620b809e92f49cdf3d4'}
[2023-05-26 17:53:07,276] logger_util.py->write_log line:61 [INFO] 请求参数：[{'effectiveDateTime': '2023-05-22T06:15:31.000Z', 'frequencyValue': 5, 'frequencyUnit': 2, 'matchAll': False, 'condition': None, 'conditionDetail': 1, 'frequencyCheck': False, 'alarmPointIds': None, 'triggerType': 1}]
[2023-05-26 17:53:07,276] logger_util.py->write_log line:61 [INFO] 文件上传：None
[2023-05-26 17:53:07,321] logger_util.py->write_log line:61 [INFO] 预期结果：[{'equals': {'status_code': 200}}]
[2023-05-26 17:53:07,322] logger_util.py->write_log line:61 [INFO] 实际结果：
[2023-05-26 17:53:07,322] logger_util.py->write_log line:61 [INFO] 接口请求成功！
[2023-05-26 17:53:07,323] logger_util.py->write_log line:61 [INFO] -------------接口请求结束-----------

[2023-05-26 17:53:07,337] logger_util.py->write_log line:61 [INFO] -------------接口请求开始-----------
[2023-05-26 17:53:07,337] logger_util.py->write_log line:61 [INFO] 接口名称：设置归档表触发配置
[2023-05-26 17:53:07,337] logger_util.py->write_log line:61 [INFO] 接口方式：put
[2023-05-26 17:53:07,337] logger_util.py->write_log line:61 [INFO] 接口路径：http://192.168.4.12:18000/api/v1/dataconfig/filingtable/c9da8004-af75-4056-aa84-40301ba9c6ad/triggers
[2023-05-26 17:53:07,337] logger_util.py->write_log line:61 [INFO] 请求头：{'Content-Type': 'application/json; =UTF-8', 'X-Project': 'b32d81056e124620b809e92f49cdf3d4'}
[2023-05-26 17:53:07,337] logger_util.py->write_log line:61 [INFO] 请求参数：[{'effectiveDateTime': '2023-05-22T06:15:31.000Z', 'frequencyValue': 1, 'frequencyUnit': 3, 'matchAll': False, 'condition': None, 'conditionDetail': 1, 'frequencyCheck': False, 'alarmPointIds': None, 'triggerType': 1}]
[2023-05-26 17:53:07,338] logger_util.py->write_log line:61 [INFO] 文件上传：None
[2023-05-26 17:53:07,373] logger_util.py->write_log line:61 [INFO] 预期结果：[{'equals': {'status_code': 200}}]
[2023-05-26 17:53:07,373] logger_util.py->write_log line:61 [INFO] 实际结果：
[2023-05-26 17:53:07,373] logger_util.py->write_log line:61 [INFO] 接口请求成功！
[2023-05-26 17:53:07,373] logger_util.py->write_log line:61 [INFO] -------------接口请求结束-----------

[2023-05-26 17:53:07,379] logger_util.py->write_log line:61 [INFO] -------------接口请求开始-----------
[2023-05-26 17:53:07,380] logger_util.py->write_log line:61 [INFO] 接口名称：设置归档表触发配置
[2023-05-26 17:53:07,380] logger_util.py->write_log line:61 [INFO] 接口方式：put
[2023-05-26 17:53:07,380] logger_util.py->write_log line:61 [INFO] 接口路径：http://192.168.4.12:18000/api/v1/dataconfig/filingtable/c9da8004-af75-4056-aa84-40301ba9c6ad/triggers
[2023-05-26 17:53:07,380] logger_util.py->write_log line:61 [INFO] 请求头：{'Content-Type': 'application/json; =UTF-8', 'X-Project': 'b32d81056e124620b809e92f49cdf3d4'}
[2023-05-26 17:53:07,380] logger_util.py->write_log line:61 [INFO] 请求参数：[{'effectiveDateTime': '2023-05-22T06:15:31.000Z', 'frequencyValue': 1, 'frequencyUnit': 4, 'matchAll': False, 'condition': None, 'conditionDetail': 1, 'frequencyCheck': False, 'alarmPointIds': None, 'triggerType': 1}]
[2023-05-26 17:53:07,380] logger_util.py->write_log line:61 [INFO] 文件上传：None
[2023-05-26 17:53:07,408] logger_util.py->write_log line:61 [INFO] 预期结果：[{'equals': {'status_code': 200}}]
[2023-05-26 17:53:07,408] logger_util.py->write_log line:61 [INFO] 实际结果：
[2023-05-26 17:53:07,409] logger_util.py->write_log line:61 [INFO] 接口请求成功！
[2023-05-26 17:53:07,409] logger_util.py->write_log line:61 [INFO] -------------接口请求结束-----------

[2023-05-26 17:53:07,415] logger_util.py->write_log line:61 [INFO] -------------接口请求开始-----------
[2023-05-26 17:53:07,415] logger_util.py->write_log line:61 [INFO] 接口名称：设置归档表触发配置
[2023-05-26 17:53:07,415] logger_util.py->write_log line:61 [INFO] 接口方式：put
[2023-05-26 17:53:07,415] logger_util.py->write_log line:61 [INFO] 接口路径：http://192.168.4.12:18000/api/v1/dataconfig/filingtable/c9da8004-af75-4056-aa84-40301ba9c6ad/triggers
[2023-05-26 17:53:07,415] logger_util.py->write_log line:61 [INFO] 请求头：{'Content-Type': 'application/json; =UTF-8', 'X-Project': 'b32d81056e124620b809e92f49cdf3d4'}
[2023-05-26 17:53:07,415] logger_util.py->write_log line:61 [INFO] 请求参数：[{'effectiveDateTime': '2023-05-22T06:15:31.000Z', 'frequencyValue': 36, 'frequencyUnit': 5, 'matchAll': False, 'condition': None, 'conditionDetail': 1, 'frequencyCheck': False, 'alarmPointIds': None, 'triggerType': 1}]
[2023-05-26 17:53:07,415] logger_util.py->write_log line:61 [INFO] 文件上传：None
[2023-05-26 17:53:07,446] logger_util.py->write_log line:61 [INFO] 预期结果：[{'equals': {'status_code': 200}}]
[2023-05-26 17:53:07,446] logger_util.py->write_log line:61 [INFO] 实际结果：
[2023-05-26 17:53:07,446] logger_util.py->write_log line:61 [INFO] 接口请求成功！
[2023-05-26 17:53:07,446] logger_util.py->write_log line:61 [INFO] -------------接口请求结束-----------

[2023-05-26 17:53:07,452] logger_util.py->write_log line:61 [INFO] -------------接口请求开始-----------
[2023-05-26 17:53:07,452] logger_util.py->write_log line:61 [INFO] 接口名称：设置归档表触发配置
[2023-05-26 17:53:07,452] logger_util.py->write_log line:61 [INFO] 接口方式：put
[2023-05-26 17:53:07,452] logger_util.py->write_log line:61 [INFO] 接口路径：http://192.168.4.12:18000/api/v1/dataconfig/filingtable/c9da8004-af75-4056-aa84-40301ba9c6ad/triggers
[2023-05-26 17:53:07,453] logger_util.py->write_log line:61 [INFO] 请求头：{'Content-Type': 'application/json; =UTF-8', 'X-Project': 'b32d81056e124620b809e92f49cdf3d4'}
[2023-05-26 17:53:07,453] logger_util.py->write_log line:61 [INFO] 请求参数：[{'effectiveDateTime': '2023-05-22T06:15:31.000Z', 'frequencyValue': 1, 'frequencyUnit': 1, 'matchAll': True, 'condition': "G1 ==  true ||  H1 != '中文'", 'conditionDetail': 1, 'frequencyCheck': False, 'alarmPointIds': None, 'triggerType': 1}]
[2023-05-26 17:53:07,453] logger_util.py->write_log line:61 [INFO] 文件上传：None
[2023-05-26 17:53:07,494] logger_util.py->write_log line:61 [INFO] 预期结果：[{'equals': {'status_code': 200}}]
[2023-05-26 17:53:07,497] logger_util.py->write_log line:61 [INFO] 实际结果：
[2023-05-26 17:53:07,498] logger_util.py->write_log line:61 [INFO] 接口请求成功！
[2023-05-26 17:53:07,498] logger_util.py->write_log line:61 [INFO] -------------接口请求结束-----------

[2023-05-26 17:53:07,513] logger_util.py->write_log line:61 [INFO] -------------接口请求开始-----------
[2023-05-26 17:53:07,513] logger_util.py->write_log line:61 [INFO] 接口名称：设置归档表触发配置
[2023-05-26 17:53:07,513] logger_util.py->write_log line:61 [INFO] 接口方式：put
[2023-05-26 17:53:07,513] logger_util.py->write_log line:61 [INFO] 接口路径：http://192.168.4.12:18000/api/v1/dataconfig/filingtable/c9da8004-af75-4056-aa84-40301ba9c6ad/triggers
[2023-05-26 17:53:07,513] logger_util.py->write_log line:61 [INFO] 请求头：{'Content-Type': 'application/json; =UTF-8', 'X-Project': 'b32d81056e124620b809e92f49cdf3d4'}
[2023-05-26 17:53:07,514] logger_util.py->write_log line:61 [INFO] 请求参数：[{'effectiveDateTime': '2023-05-22T06:15:31.000Z', 'frequencyValue': 1, 'frequencyUnit': 1, 'matchAll': True, 'condition': 'A1 + B1)  <=  0 ||  (A1 - B1) <= 0', 'conditionDetail': 1, 'frequencyCheck': False, 'alarmPointIds': None, 'triggerType': 1}]
[2023-05-26 17:53:07,514] logger_util.py->write_log line:61 [INFO] 文件上传：None
[2023-05-26 17:53:07,548] logger_util.py->write_log line:61 [INFO] 预期结果：[{'equals': {'status_code': 200}}]
[2023-05-26 17:53:07,548] logger_util.py->write_log line:61 [INFO] 实际结果：
[2023-05-26 17:53:07,548] logger_util.py->write_log line:61 [INFO] 接口请求成功！
[2023-05-26 17:53:07,548] logger_util.py->write_log line:61 [INFO] -------------接口请求结束-----------

[2023-05-26 17:53:07,554] logger_util.py->write_log line:61 [INFO] -------------接口请求开始-----------
[2023-05-26 17:53:07,554] logger_util.py->write_log line:61 [INFO] 接口名称：设置归档表触发配置
[2023-05-26 17:53:07,554] logger_util.py->write_log line:61 [INFO] 接口方式：put
[2023-05-26 17:53:07,554] logger_util.py->write_log line:61 [INFO] 接口路径：http://192.168.4.12:18000/api/v1/dataconfig/filingtable/c9da8004-af75-4056-aa84-40301ba9c6ad/triggers
[2023-05-26 17:53:07,554] logger_util.py->write_log line:61 [INFO] 请求头：{'Content-Type': 'application/json; =UTF-8', 'X-Project': 'b32d81056e124620b809e92f49cdf3d4'}
[2023-05-26 17:53:07,555] logger_util.py->write_log line:61 [INFO] 请求参数：[{'effectiveDateTime': '2023-05-22T06:15:31.000Z', 'frequencyValue': 1, 'frequencyUnit': 1, 'matchAll': True, 'condition': '(A1 * B1) > 0 &&  (A1 / B1)>0', 'conditionDetail': 1, 'frequencyCheck': False, 'alarmPointIds': None, 'triggerType': 1}]
[2023-05-26 17:53:07,555] logger_util.py->write_log line:61 [INFO] 文件上传：None
[2023-05-26 17:53:07,579] logger_util.py->write_log line:61 [INFO] 预期结果：[{'equals': {'status_code': 200}}]
[2023-05-26 17:53:07,580] logger_util.py->write_log line:61 [INFO] 实际结果：
[2023-05-26 17:53:07,580] logger_util.py->write_log line:61 [INFO] 接口请求成功！
[2023-05-26 17:53:07,580] logger_util.py->write_log line:61 [INFO] -------------接口请求结束-----------

[2023-05-26 17:53:07,586] logger_util.py->write_log line:61 [INFO] -------------接口请求开始-----------
[2023-05-26 17:53:07,586] logger_util.py->write_log line:61 [INFO] 接口名称：设置归档表触发配置
[2023-05-26 17:53:07,586] logger_util.py->write_log line:61 [INFO] 接口方式：put
[2023-05-26 17:53:07,586] logger_util.py->write_log line:61 [INFO] 接口路径：http://192.168.4.12:18000/api/v1/dataconfig/filingtable/c9da8004-af75-4056-aa84-40301ba9c6ad/triggers
[2023-05-26 17:53:07,586] logger_util.py->write_log line:61 [INFO] 请求头：{'Content-Type': 'application/json; =UTF-8', 'X-Project': 'b32d81056e124620b809e92f49cdf3d4'}
[2023-05-26 17:53:07,586] logger_util.py->write_log line:61 [INFO] 请求参数：[{'effectiveDateTime': None, 'frequencyValue': 1, 'frequencyUnit': 1, 'matchAll': False, 'condition': None, 'conditionDetail': 1, 'frequencyCheck': False, 'alarmPointIds': None, 'triggerType': 3}]
[2023-05-26 17:53:07,587] logger_util.py->write_log line:61 [INFO] 文件上传：None
[2023-05-26 17:53:07,625] logger_util.py->write_log line:61 [INFO] 预期结果：[{'equals': {'status_code': 200}}]
[2023-05-26 17:53:07,625] logger_util.py->write_log line:61 [INFO] 实际结果：
[2023-05-26 17:53:07,625] logger_util.py->write_log line:61 [INFO] 接口请求成功！
[2023-05-26 17:53:07,625] logger_util.py->write_log line:61 [INFO] -------------接口请求结束-----------

[2023-05-26 17:53:07,631] logger_util.py->write_log line:61 [INFO] -------------接口请求开始-----------
[2023-05-26 17:53:07,631] logger_util.py->write_log line:61 [INFO] 接口名称：设置归档表触发配置
[2023-05-26 17:53:07,632] logger_util.py->write_log line:61 [INFO] 接口方式：put
[2023-05-26 17:53:07,632] logger_util.py->write_log line:61 [INFO] 接口路径：http://192.168.4.12:18000/api/v1/dataconfig/filingtable/c9da8004-af75-4056-aa84-40301ba9c6ad/triggers
[2023-05-26 17:53:07,632] logger_util.py->write_log line:61 [INFO] 请求头：{'Content-Type': 'application/json; =UTF-8', 'X-Project': 'b32d81056e124620b809e92f49cdf3d4'}
[2023-05-26 17:53:07,632] logger_util.py->write_log line:61 [INFO] 请求参数：[{'effectiveDateTime': None, 'frequencyValue': 1, 'frequencyUnit': 1, 'matchAll': True, 'condition': "G1 ==  true ||  H1 != '中文'", 'conditionDetail': 1, 'frequencyCheck': False, 'alarmPointIds': None, 'triggerType': 3}]
[2023-05-26 17:53:07,632] logger_util.py->write_log line:61 [INFO] 文件上传：None
[2023-05-26 17:53:07,671] logger_util.py->write_log line:61 [INFO] 预期结果：[{'equals': {'status_code': 200}}]
[2023-05-26 17:53:07,671] logger_util.py->write_log line:61 [INFO] 实际结果：
[2023-05-26 17:53:07,671] logger_util.py->write_log line:61 [INFO] 接口请求成功！
[2023-05-26 17:53:07,671] logger_util.py->write_log line:61 [INFO] -------------接口请求结束-----------

[2023-05-26 17:53:07,677] logger_util.py->write_log line:61 [INFO] -------------接口请求开始-----------
[2023-05-26 17:53:07,677] logger_util.py->write_log line:61 [INFO] 接口名称：设置归档表触发配置
[2023-05-26 17:53:07,677] logger_util.py->write_log line:61 [INFO] 接口方式：put
[2023-05-26 17:53:07,677] logger_util.py->write_log line:61 [INFO] 接口路径：http://192.168.4.12:18000/api/v1/dataconfig/filingtable/c9da8004-af75-4056-aa84-40301ba9c6ad/triggers
[2023-05-26 17:53:07,677] logger_util.py->write_log line:61 [INFO] 请求头：{'Content-Type': 'application/json; =UTF-8', 'X-Project': 'b32d81056e124620b809e92f49cdf3d4'}
[2023-05-26 17:53:07,677] logger_util.py->write_log line:61 [INFO] 请求参数：[{'effectiveDateTime': None, 'frequencyValue': 1, 'frequencyUnit': 1, 'matchAll': True, 'condition': 'A1 + B1)  <=  0 ||  (A1 - B1) <= 0', 'conditionDetail': 1, 'frequencyCheck': False, 'alarmPointIds': None, 'triggerType': 3}]
[2023-05-26 17:53:07,677] logger_util.py->write_log line:61 [INFO] 文件上传：None
[2023-05-26 17:53:07,706] logger_util.py->write_log line:61 [INFO] 预期结果：[{'equals': {'status_code': 200}}]
[2023-05-26 17:53:07,706] logger_util.py->write_log line:61 [INFO] 实际结果：
[2023-05-26 17:53:07,706] logger_util.py->write_log line:61 [INFO] 接口请求成功！
[2023-05-26 17:53:07,706] logger_util.py->write_log line:61 [INFO] -------------接口请求结束-----------

[2023-05-26 17:53:07,713] logger_util.py->write_log line:61 [INFO] -------------接口请求开始-----------
[2023-05-26 17:53:07,713] logger_util.py->write_log line:61 [INFO] 接口名称：设置归档表触发配置
[2023-05-26 17:53:07,713] logger_util.py->write_log line:61 [INFO] 接口方式：put
[2023-05-26 17:53:07,713] logger_util.py->write_log line:61 [INFO] 接口路径：http://192.168.4.12:18000/api/v1/dataconfig/filingtable/c9da8004-af75-4056-aa84-40301ba9c6ad/triggers
[2023-05-26 17:53:07,713] logger_util.py->write_log line:61 [INFO] 请求头：{'Content-Type': 'application/json; =UTF-8', 'X-Project': 'b32d81056e124620b809e92f49cdf3d4'}
[2023-05-26 17:53:07,713] logger_util.py->write_log line:61 [INFO] 请求参数：[{'effectiveDateTime': None, 'frequencyValue': 1, 'frequencyUnit': 1, 'matchAll': True, 'condition': '(A1 * B1) > 0 &&  (A1 / B1)>0', 'conditionDetail': 1, 'frequencyCheck': False, 'alarmPointIds': None, 'triggerType': 3}]
[2023-05-26 17:53:07,713] logger_util.py->write_log line:61 [INFO] 文件上传：None
[2023-05-26 17:53:07,740] logger_util.py->write_log line:61 [INFO] 预期结果：[{'equals': {'status_code': 200}}]
[2023-05-26 17:53:07,740] logger_util.py->write_log line:61 [INFO] 实际结果：
[2023-05-26 17:53:07,740] logger_util.py->write_log line:61 [INFO] 接口请求成功！
[2023-05-26 17:53:07,740] logger_util.py->write_log line:61 [INFO] -------------接口请求结束-----------

