[2022-12-02 14:30:03,209] logger_util.py->write_log line:61 [INFO] -------------接口请求开始-----------
[2022-12-02 14:30:03,209] logger_util.py->write_log line:61 [INFO] 接口名称：新建设备
[2022-12-02 14:30:03,209] logger_util.py->write_log line:61 [INFO] 接口方式：post
[2022-12-02 14:30:03,209] logger_util.py->write_log line:61 [INFO] 接口路径：http://192.168.5.120:18000/api/v1/variable/device
[2022-12-02 14:30:03,209] logger_util.py->write_log line:61 [INFO] 请求头：{'Content-Type': 'application/json;charset=UTF-8', 'X-Project': '3f9ce0424103486f9a1281ae3582de88'}
[2022-12-02 14:30:03,210] logger_util.py->write_log line:61 [INFO] 请求参数：{'id': None, 'name': '设备1', 'description': '描述1', 'protocolType': 'Modbus_TCP', 'suppiler': '通用', 'model': '通用', 'parameters': {'ServerName': '127.0.0.1', 'DeviceID': '1', 'Port': '502', 'TimeOut': '1000', 'ByteOrder': '2143', 'StrByteOrder': '2143', 'HeadAddress': '1'}}
[2022-12-02 14:30:03,210] logger_util.py->write_log line:61 [INFO] 文件上传：None
[2022-12-02 14:30:03,244] logger_util.py->write_log line:61 [INFO] 预期结果：[{'equals': {'status_code': 200}}]
[2022-12-02 14:30:03,244] logger_util.py->write_log line:61 [INFO] 实际结果：9bff27ff-1786-47c1-bfb7-fe5df9fb7106
[2022-12-02 14:30:03,244] logger_util.py->write_log line:61 [INFO] 接口请求成功！
[2022-12-02 14:30:03,244] logger_util.py->write_log line:61 [INFO] -------------接口请求结束-----------

[2022-12-02 14:30:03,251] logger_util.py->write_log line:61 [INFO] -------------接口请求开始-----------
[2022-12-02 14:30:03,251] logger_util.py->write_log line:61 [INFO] 接口名称：新建设备
[2022-12-02 14:30:03,252] logger_util.py->write_log line:61 [INFO] 接口方式：post
[2022-12-02 14:30:03,252] logger_util.py->write_log line:61 [INFO] 接口路径：http://192.168.5.120:18000/api/v1/variable/device
[2022-12-02 14:30:03,252] logger_util.py->write_log line:61 [INFO] 请求头：{'Content-Type': 'application/json;charset=UTF-8', 'X-Project': '3f9ce0424103486f9a1281ae3582de88'}
[2022-12-02 14:30:03,252] logger_util.py->write_log line:61 [INFO] 请求参数：{'id': None, 'name': '设备2', 'description': '描述1', 'protocolType': 'Modbus_TCP', 'suppiler': '通用', 'model': '通用', 'parameters': {'ServerName': '127.0.0.1', 'DeviceID': '2', 'Port': '502', 'TimeOut': '1000', 'ByteOrder': '2143', 'StrByteOrder': '2143', 'HeadAddress': '1'}}
[2022-12-02 14:30:03,252] logger_util.py->write_log line:61 [INFO] 文件上传：None
[2022-12-02 14:30:03,268] logger_util.py->write_log line:61 [INFO] 预期结果：[{'equals': {'status_code': 200}}]
[2022-12-02 14:30:03,268] logger_util.py->write_log line:61 [INFO] 实际结果：d4ced4f6-5997-4132-b4d0-d9d00a83b13b
[2022-12-02 14:30:03,268] logger_util.py->write_log line:61 [INFO] 接口请求成功！
[2022-12-02 14:30:03,268] logger_util.py->write_log line:61 [INFO] -------------接口请求结束-----------

[2022-12-02 14:30:03,275] logger_util.py->write_log line:61 [INFO] -------------接口请求开始-----------
[2022-12-02 14:30:03,275] logger_util.py->write_log line:61 [INFO] 接口名称：新建设备
[2022-12-02 14:30:03,275] logger_util.py->write_log line:61 [INFO] 接口方式：post
[2022-12-02 14:30:03,275] logger_util.py->write_log line:61 [INFO] 接口路径：http://192.168.5.120:18000/api/v1/variable/device
[2022-12-02 14:30:03,275] logger_util.py->write_log line:61 [INFO] 请求头：{'Content-Type': 'application/json;charset=UTF-8', 'X-Project': '3f9ce0424103486f9a1281ae3582de88'}
[2022-12-02 14:30:03,275] logger_util.py->write_log line:61 [INFO] 请求参数：{'id': None, 'name': '设备3', 'description': '描述1', 'protocolType': 'Modbus_TCP', 'suppiler': '通用', 'model': '通用', 'parameters': {'ServerName': '127.0.0.1', 'DeviceID': '3', 'Port': '502', 'TimeOut': '1000', 'ByteOrder': '2143', 'StrByteOrder': '2143', 'HeadAddress': '1'}}
[2022-12-02 14:30:03,275] logger_util.py->write_log line:61 [INFO] 文件上传：None
[2022-12-02 14:30:03,292] logger_util.py->write_log line:61 [INFO] 预期结果：[{'equals': {'status_code': 200}}]
[2022-12-02 14:30:03,292] logger_util.py->write_log line:61 [INFO] 实际结果：1e0fc843-416c-472d-9727-39b85785f060
[2022-12-02 14:30:03,292] logger_util.py->write_log line:61 [INFO] 接口请求成功！
[2022-12-02 14:30:03,292] logger_util.py->write_log line:61 [INFO] -------------接口请求结束-----------

[2022-12-02 14:30:03,299] logger_util.py->write_log line:61 [INFO] -------------接口请求开始-----------
[2022-12-02 14:30:03,299] logger_util.py->write_log line:61 [INFO] 接口名称：新建设备
[2022-12-02 14:30:03,299] logger_util.py->write_log line:61 [INFO] 接口方式：post
[2022-12-02 14:30:03,299] logger_util.py->write_log line:61 [INFO] 接口路径：http://192.168.5.120:18000/api/v1/variable/device
[2022-12-02 14:30:03,299] logger_util.py->write_log line:61 [INFO] 请求头：{'Content-Type': 'application/json;charset=UTF-8', 'X-Project': '3f9ce0424103486f9a1281ae3582de88'}
[2022-12-02 14:30:03,299] logger_util.py->write_log line:61 [INFO] 请求参数：{'id': None, 'name': '设备4', 'description': '描述1', 'protocolType': 'Modbus_TCP', 'suppiler': '通用', 'model': '通用', 'parameters': {'ServerName': '127.0.0.1', 'DeviceID': '4', 'Port': '502', 'TimeOut': '1000', 'ByteOrder': '2143', 'StrByteOrder': '2143', 'HeadAddress': '1'}}
[2022-12-02 14:30:03,299] logger_util.py->write_log line:61 [INFO] 文件上传：None
[2022-12-02 14:30:03,325] logger_util.py->write_log line:61 [INFO] 预期结果：[{'equals': {'status_code': 200}}]
[2022-12-02 14:30:03,325] logger_util.py->write_log line:61 [INFO] 实际结果：398ae789-01c1-4762-9e13-aeee922ed740
[2022-12-02 14:30:03,325] logger_util.py->write_log line:61 [INFO] 接口请求成功！
[2022-12-02 14:30:03,325] logger_util.py->write_log line:61 [INFO] -------------接口请求结束-----------

[2022-12-02 14:30:03,332] logger_util.py->write_log line:61 [INFO] -------------接口请求开始-----------
[2022-12-02 14:30:03,332] logger_util.py->write_log line:61 [INFO] 接口名称：新建设备
[2022-12-02 14:30:03,332] logger_util.py->write_log line:61 [INFO] 接口方式：post
[2022-12-02 14:30:03,332] logger_util.py->write_log line:61 [INFO] 接口路径：http://192.168.5.120:18000/api/v1/variable/device
[2022-12-02 14:30:03,332] logger_util.py->write_log line:61 [INFO] 请求头：{'Content-Type': 'application/json;charset=UTF-8', 'X-Project': '3f9ce0424103486f9a1281ae3582de88'}
[2022-12-02 14:30:03,332] logger_util.py->write_log line:61 [INFO] 请求参数：{'id': None, 'name': '设备5', 'description': '描述1', 'protocolType': 'Modbus_TCP', 'suppiler': '通用', 'model': '通用', 'parameters': {'ServerName': '127.0.0.1', 'DeviceID': '5', 'Port': '502', 'TimeOut': '1000', 'ByteOrder': '2143', 'StrByteOrder': '2143', 'HeadAddress': '1'}}
[2022-12-02 14:30:03,332] logger_util.py->write_log line:61 [INFO] 文件上传：None
[2022-12-02 14:30:03,363] logger_util.py->write_log line:61 [INFO] 预期结果：[{'equals': {'status_code': 200}}]
[2022-12-02 14:30:03,363] logger_util.py->write_log line:61 [INFO] 实际结果：37cc1e32-4cc2-420f-89d9-1038946a9c9f
[2022-12-02 14:30:03,363] logger_util.py->write_log line:61 [INFO] 接口请求成功！
[2022-12-02 14:30:03,364] logger_util.py->write_log line:61 [INFO] -------------接口请求结束-----------

[2022-12-02 14:30:03,390] logger_util.py->write_log line:61 [INFO] -------------接口请求开始-----------
[2022-12-02 14:30:03,391] logger_util.py->write_log line:61 [INFO] 接口名称：新建设备
[2022-12-02 14:30:03,391] logger_util.py->write_log line:61 [INFO] 接口方式：post
[2022-12-02 14:30:03,391] logger_util.py->write_log line:61 [INFO] 接口路径：http://192.168.5.120:18000/api/v1/variable/device
[2022-12-02 14:30:03,391] logger_util.py->write_log line:61 [INFO] 请求头：{'Content-Type': 'application/json;charset=UTF-8', 'X-Project': '3f9ce0424103486f9a1281ae3582de88'}
[2022-12-02 14:30:03,391] logger_util.py->write_log line:61 [INFO] 请求参数：{'id': None, 'name': '设备6', 'description': '描述1', 'protocolType': 'Modbus_TCP', 'suppiler': '通用', 'model': '通用', 'parameters': {'ServerName': '127.0.0.1', 'DeviceID': '6', 'Port': '502', 'TimeOut': '1000', 'ByteOrder': '2143', 'StrByteOrder': '2143', 'HeadAddress': '1'}}
[2022-12-02 14:30:03,392] logger_util.py->write_log line:61 [INFO] 文件上传：None
[2022-12-02 14:30:03,438] logger_util.py->write_log line:61 [INFO] 预期结果：[{'equals': {'status_code': 200}}]
[2022-12-02 14:30:03,438] logger_util.py->write_log line:61 [INFO] 实际结果：39e4d5f7-5ff8-4540-8f8d-f6be63c26b1d
[2022-12-02 14:30:03,438] logger_util.py->write_log line:61 [INFO] 接口请求成功！
[2022-12-02 14:30:03,438] logger_util.py->write_log line:61 [INFO] -------------接口请求结束-----------

[2022-12-02 14:30:03,445] logger_util.py->write_log line:61 [INFO] -------------接口请求开始-----------
[2022-12-02 14:30:03,445] logger_util.py->write_log line:61 [INFO] 接口名称：新建设备
[2022-12-02 14:30:03,445] logger_util.py->write_log line:61 [INFO] 接口方式：post
[2022-12-02 14:30:03,445] logger_util.py->write_log line:61 [INFO] 接口路径：http://192.168.5.120:18000/api/v1/variable/device
[2022-12-02 14:30:03,445] logger_util.py->write_log line:61 [INFO] 请求头：{'Content-Type': 'application/json;charset=UTF-8', 'X-Project': '3f9ce0424103486f9a1281ae3582de88'}
[2022-12-02 14:30:03,445] logger_util.py->write_log line:61 [INFO] 请求参数：{'id': None, 'name': '设备7', 'description': '描述1', 'protocolType': 'Modbus_TCP', 'suppiler': '通用', 'model': '通用', 'parameters': {'ServerName': '127.0.0.1', 'DeviceID': '7', 'Port': '502', 'TimeOut': '1000', 'ByteOrder': '2143', 'StrByteOrder': '2143', 'HeadAddress': '1'}}
[2022-12-02 14:30:03,445] logger_util.py->write_log line:61 [INFO] 文件上传：None
[2022-12-02 14:30:03,483] logger_util.py->write_log line:61 [INFO] 预期结果：[{'equals': {'status_code': 200}}]
[2022-12-02 14:30:03,484] logger_util.py->write_log line:61 [INFO] 实际结果：c5386bfa-4928-45f6-baae-9dd2a4a87825
[2022-12-02 14:30:03,484] logger_util.py->write_log line:61 [INFO] 接口请求成功！
[2022-12-02 14:30:03,485] logger_util.py->write_log line:61 [INFO] -------------接口请求结束-----------

[2022-12-02 14:30:03,502] logger_util.py->write_log line:61 [INFO] -------------接口请求开始-----------
[2022-12-02 14:30:03,502] logger_util.py->write_log line:61 [INFO] 接口名称：新建设备
[2022-12-02 14:30:03,502] logger_util.py->write_log line:61 [INFO] 接口方式：post
[2022-12-02 14:30:03,503] logger_util.py->write_log line:61 [INFO] 接口路径：http://192.168.5.120:18000/api/v1/variable/device
[2022-12-02 14:30:03,503] logger_util.py->write_log line:61 [INFO] 请求头：{'Content-Type': 'application/json;charset=UTF-8', 'X-Project': '3f9ce0424103486f9a1281ae3582de88'}
[2022-12-02 14:30:03,503] logger_util.py->write_log line:61 [INFO] 请求参数：{'id': None, 'name': '设备8', 'description': '描述1', 'protocolType': 'Modbus_TCP', 'suppiler': '通用', 'model': '通用', 'parameters': {'ServerName': '127.0.0.1', 'DeviceID': '8', 'Port': '502', 'TimeOut': '1000', 'ByteOrder': '2143', 'StrByteOrder': '2143', 'HeadAddress': '1'}}
[2022-12-02 14:30:03,503] logger_util.py->write_log line:61 [INFO] 文件上传：None
[2022-12-02 14:30:03,542] logger_util.py->write_log line:61 [INFO] 预期结果：[{'equals': {'status_code': 200}}]
[2022-12-02 14:30:03,542] logger_util.py->write_log line:61 [INFO] 实际结果：4521f784-bf1d-4b1b-8161-a7b482012a98
[2022-12-02 14:30:03,542] logger_util.py->write_log line:61 [INFO] 接口请求成功！
[2022-12-02 14:30:03,543] logger_util.py->write_log line:61 [INFO] -------------接口请求结束-----------

[2022-12-02 14:30:03,550] logger_util.py->write_log line:61 [INFO] -------------接口请求开始-----------
[2022-12-02 14:30:03,550] logger_util.py->write_log line:61 [INFO] 接口名称：新建设备
[2022-12-02 14:30:03,550] logger_util.py->write_log line:61 [INFO] 接口方式：post
[2022-12-02 14:30:03,550] logger_util.py->write_log line:61 [INFO] 接口路径：http://192.168.5.120:18000/api/v1/variable/device
[2022-12-02 14:30:03,550] logger_util.py->write_log line:61 [INFO] 请求头：{'Content-Type': 'application/json;charset=UTF-8', 'X-Project': '3f9ce0424103486f9a1281ae3582de88'}
[2022-12-02 14:30:03,550] logger_util.py->write_log line:61 [INFO] 请求参数：{'id': None, 'name': '设备9', 'description': '描述1', 'protocolType': 'Modbus_TCP', 'suppiler': '通用', 'model': '通用', 'parameters': {'ServerName': '127.0.0.1', 'DeviceID': '9', 'Port': '502', 'TimeOut': '1000', 'ByteOrder': '2143', 'StrByteOrder': '2143', 'HeadAddress': '1'}}
[2022-12-02 14:30:03,550] logger_util.py->write_log line:61 [INFO] 文件上传：None
[2022-12-02 14:30:03,573] logger_util.py->write_log line:61 [INFO] 预期结果：[{'equals': {'status_code': 200}}]
[2022-12-02 14:30:03,573] logger_util.py->write_log line:61 [INFO] 实际结果：9cc0e85e-72d1-4762-8678-320413d2bb1a
[2022-12-02 14:30:03,573] logger_util.py->write_log line:61 [INFO] 接口请求成功！
[2022-12-02 14:30:03,573] logger_util.py->write_log line:61 [INFO] -------------接口请求结束-----------

[2022-12-02 14:30:03,589] logger_util.py->write_log line:61 [INFO] -------------接口请求开始-----------
[2022-12-02 14:30:03,589] logger_util.py->write_log line:61 [INFO] 接口名称：新建设备
[2022-12-02 14:30:03,589] logger_util.py->write_log line:61 [INFO] 接口方式：post
[2022-12-02 14:30:03,590] logger_util.py->write_log line:61 [INFO] 接口路径：http://192.168.5.120:18000/api/v1/variable/device
[2022-12-02 14:30:03,590] logger_util.py->write_log line:61 [INFO] 请求头：{'Content-Type': 'application/json;charset=UTF-8', 'X-Project': '3f9ce0424103486f9a1281ae3582de88'}
[2022-12-02 14:30:03,590] logger_util.py->write_log line:61 [INFO] 请求参数：{'id': None, 'name': '设备10', 'description': '描述1', 'protocolType': 'Modbus_TCP', 'suppiler': '通用', 'model': '通用', 'parameters': {'ServerName': '127.0.0.1', 'DeviceID': '10', 'Port': '502', 'TimeOut': '1000', 'ByteOrder': '2143', 'StrByteOrder': '2143', 'HeadAddress': '1'}}
[2022-12-02 14:30:03,590] logger_util.py->write_log line:61 [INFO] 文件上传：None
[2022-12-02 14:30:03,640] logger_util.py->write_log line:61 [INFO] 预期结果：[{'equals': {'status_code': 200}}]
[2022-12-02 14:30:03,640] logger_util.py->write_log line:61 [INFO] 实际结果：5bd9e7b9-eec8-4fb8-9050-5b6bfe900c9a
[2022-12-02 14:30:03,641] logger_util.py->write_log line:61 [INFO] 接口请求成功！
[2022-12-02 14:30:03,641] logger_util.py->write_log line:61 [INFO] -------------接口请求结束-----------

[2022-12-02 14:30:03,657] logger_util.py->write_log line:61 [INFO] -------------接口请求开始-----------
[2022-12-02 14:30:03,658] logger_util.py->write_log line:61 [INFO] 接口名称：新建设备组
[2022-12-02 14:30:03,658] logger_util.py->write_log line:61 [INFO] 接口方式：post
[2022-12-02 14:30:03,658] logger_util.py->write_log line:61 [INFO] 接口路径：http://192.168.5.120:18000/api/v1/variable/device/9bff27ff-1786-47c1-bfb7-fe5df9fb7106/group
[2022-12-02 14:30:03,658] logger_util.py->write_log line:61 [INFO] 请求头：{'Content-Type': 'application/json; =UTF-8', 'X-Project': '3f9ce0424103486f9a1281ae3582de88'}
[2022-12-02 14:30:03,658] logger_util.py->write_log line:61 [INFO] 请求参数：{'name': '变量组1'}
[2022-12-02 14:30:03,658] logger_util.py->write_log line:61 [INFO] 文件上传：None
[2022-12-02 14:30:03,687] logger_util.py->write_log line:61 [INFO] 预期结果：[{'equals': {'status_code': 200}}]
[2022-12-02 14:30:03,687] logger_util.py->write_log line:61 [INFO] 实际结果：9e6888c8-20cf-422b-bfb2-8598272ebfa6
[2022-12-02 14:30:03,687] logger_util.py->write_log line:61 [INFO] 接口请求成功！
[2022-12-02 14:30:03,687] logger_util.py->write_log line:61 [INFO] -------------接口请求结束-----------

[2022-12-02 14:30:03,696] logger_util.py->write_log line:61 [INFO] -------------接口请求开始-----------
[2022-12-02 14:30:03,696] logger_util.py->write_log line:61 [INFO] 接口名称：新建设备组
[2022-12-02 14:30:03,696] logger_util.py->write_log line:61 [INFO] 接口方式：post
[2022-12-02 14:30:03,697] logger_util.py->write_log line:61 [INFO] 接口路径：http://192.168.5.120:18000/api/v1/variable/device/9bff27ff-1786-47c1-bfb7-fe5df9fb7106/group
[2022-12-02 14:30:03,697] logger_util.py->write_log line:61 [INFO] 请求头：{'Content-Type': 'application/json; =UTF-8', 'X-Project': '3f9ce0424103486f9a1281ae3582de88'}
[2022-12-02 14:30:03,697] logger_util.py->write_log line:61 [INFO] 请求参数：{'name': '变量组2'}
[2022-12-02 14:30:03,697] logger_util.py->write_log line:61 [INFO] 文件上传：None
[2022-12-02 14:30:03,763] logger_util.py->write_log line:61 [INFO] 预期结果：[{'equals': {'status_code': 200}}]
[2022-12-02 14:30:03,763] logger_util.py->write_log line:61 [INFO] 实际结果：d074fa38-5b06-4660-9784-cdf55368905b
[2022-12-02 14:30:03,763] logger_util.py->write_log line:61 [INFO] 接口请求成功！
[2022-12-02 14:30:03,764] logger_util.py->write_log line:61 [INFO] -------------接口请求结束-----------

[2022-12-02 14:30:03,772] logger_util.py->write_log line:61 [INFO] -------------接口请求开始-----------
[2022-12-02 14:30:03,772] logger_util.py->write_log line:61 [INFO] 接口名称：新建设备组
[2022-12-02 14:30:03,772] logger_util.py->write_log line:61 [INFO] 接口方式：post
[2022-12-02 14:30:03,772] logger_util.py->write_log line:61 [INFO] 接口路径：http://192.168.5.120:18000/api/v1/variable/device/9bff27ff-1786-47c1-bfb7-fe5df9fb7106/group
[2022-12-02 14:30:03,772] logger_util.py->write_log line:61 [INFO] 请求头：{'Content-Type': 'application/json; =UTF-8', 'X-Project': '3f9ce0424103486f9a1281ae3582de88'}
[2022-12-02 14:30:03,772] logger_util.py->write_log line:61 [INFO] 请求参数：{'name': '变量组3'}
[2022-12-02 14:30:03,772] logger_util.py->write_log line:61 [INFO] 文件上传：None
[2022-12-02 14:30:03,821] logger_util.py->write_log line:61 [INFO] 预期结果：[{'equals': {'status_code': 200}}]
[2022-12-02 14:30:03,821] logger_util.py->write_log line:61 [INFO] 实际结果：19fc7d2e-10d5-47cd-b041-837e6390a654
[2022-12-02 14:30:03,821] logger_util.py->write_log line:61 [INFO] 接口请求成功！
[2022-12-02 14:30:03,821] logger_util.py->write_log line:61 [INFO] -------------接口请求结束-----------

[2022-12-02 14:30:03,829] logger_util.py->write_log line:61 [INFO] -------------接口请求开始-----------
[2022-12-02 14:30:03,829] logger_util.py->write_log line:61 [INFO] 接口名称：新建设备组
[2022-12-02 14:30:03,829] logger_util.py->write_log line:61 [INFO] 接口方式：post
[2022-12-02 14:30:03,829] logger_util.py->write_log line:61 [INFO] 接口路径：http://192.168.5.120:18000/api/v1/variable/device/9bff27ff-1786-47c1-bfb7-fe5df9fb7106/group
[2022-12-02 14:30:03,829] logger_util.py->write_log line:61 [INFO] 请求头：{'Content-Type': 'application/json; =UTF-8', 'X-Project': '3f9ce0424103486f9a1281ae3582de88'}
[2022-12-02 14:30:03,829] logger_util.py->write_log line:61 [INFO] 请求参数：{'name': '变量组4'}
[2022-12-02 14:30:03,829] logger_util.py->write_log line:61 [INFO] 文件上传：None
[2022-12-02 14:30:03,864] logger_util.py->write_log line:61 [INFO] 预期结果：[{'equals': {'status_code': 200}}]
[2022-12-02 14:30:03,864] logger_util.py->write_log line:61 [INFO] 实际结果：497d889e-9f4f-4351-986e-3c2d0e91b2fc
[2022-12-02 14:30:03,864] logger_util.py->write_log line:61 [INFO] 接口请求成功！
[2022-12-02 14:30:03,864] logger_util.py->write_log line:61 [INFO] -------------接口请求结束-----------

[2022-12-02 14:30:03,872] logger_util.py->write_log line:61 [INFO] -------------接口请求开始-----------
[2022-12-02 14:30:03,873] logger_util.py->write_log line:61 [INFO] 接口名称：新建设备组
[2022-12-02 14:30:03,873] logger_util.py->write_log line:61 [INFO] 接口方式：post
[2022-12-02 14:30:03,873] logger_util.py->write_log line:61 [INFO] 接口路径：http://192.168.5.120:18000/api/v1/variable/device/9bff27ff-1786-47c1-bfb7-fe5df9fb7106/group
[2022-12-02 14:30:03,873] logger_util.py->write_log line:61 [INFO] 请求头：{'Content-Type': 'application/json; =UTF-8', 'X-Project': '3f9ce0424103486f9a1281ae3582de88'}
[2022-12-02 14:30:03,873] logger_util.py->write_log line:61 [INFO] 请求参数：{'name': '变量组5'}
[2022-12-02 14:30:03,873] logger_util.py->write_log line:61 [INFO] 文件上传：None
[2022-12-02 14:30:03,895] logger_util.py->write_log line:61 [INFO] 预期结果：[{'equals': {'status_code': 200}}]
[2022-12-02 14:30:03,895] logger_util.py->write_log line:61 [INFO] 实际结果：74631c55-0b03-437f-bfec-0c8cf48a4576
[2022-12-02 14:30:03,895] logger_util.py->write_log line:61 [INFO] 接口请求成功！
[2022-12-02 14:30:03,895] logger_util.py->write_log line:61 [INFO] -------------接口请求结束-----------

[2022-12-02 14:30:03,903] logger_util.py->write_log line:61 [INFO] -------------接口请求开始-----------
[2022-12-02 14:30:03,904] logger_util.py->write_log line:61 [INFO] 接口名称：新建设备组
[2022-12-02 14:30:03,904] logger_util.py->write_log line:61 [INFO] 接口方式：post
[2022-12-02 14:30:03,904] logger_util.py->write_log line:61 [INFO] 接口路径：http://192.168.5.120:18000/api/v1/variable/device/d4ced4f6-5997-4132-b4d0-d9d00a83b13b/group
[2022-12-02 14:30:03,904] logger_util.py->write_log line:61 [INFO] 请求头：{'Content-Type': 'application/json; =UTF-8', 'X-Project': '3f9ce0424103486f9a1281ae3582de88'}
[2022-12-02 14:30:03,904] logger_util.py->write_log line:61 [INFO] 请求参数：{'name': '变量组1'}
[2022-12-02 14:30:03,904] logger_util.py->write_log line:61 [INFO] 文件上传：None
[2022-12-02 14:30:03,925] logger_util.py->write_log line:61 [INFO] 预期结果：[{'equals': {'status_code': 200}}]
[2022-12-02 14:30:03,925] logger_util.py->write_log line:61 [INFO] 实际结果：e2c731b7-7add-478e-b4d0-a823493d941e
[2022-12-02 14:30:03,925] logger_util.py->write_log line:61 [INFO] 接口请求成功！
[2022-12-02 14:30:03,925] logger_util.py->write_log line:61 [INFO] -------------接口请求结束-----------

[2022-12-02 14:30:03,934] logger_util.py->write_log line:61 [INFO] -------------接口请求开始-----------
[2022-12-02 14:30:03,935] logger_util.py->write_log line:61 [INFO] 接口名称：新建设备组
[2022-12-02 14:30:03,935] logger_util.py->write_log line:61 [INFO] 接口方式：post
[2022-12-02 14:30:03,935] logger_util.py->write_log line:61 [INFO] 接口路径：http://192.168.5.120:18000/api/v1/variable/device/d4ced4f6-5997-4132-b4d0-d9d00a83b13b/group
[2022-12-02 14:30:03,935] logger_util.py->write_log line:61 [INFO] 请求头：{'Content-Type': 'application/json; =UTF-8', 'X-Project': '3f9ce0424103486f9a1281ae3582de88'}
[2022-12-02 14:30:03,935] logger_util.py->write_log line:61 [INFO] 请求参数：{'name': '变量组2'}
[2022-12-02 14:30:03,935] logger_util.py->write_log line:61 [INFO] 文件上传：None
[2022-12-02 14:30:03,972] logger_util.py->write_log line:61 [INFO] 预期结果：[{'equals': {'status_code': 200}}]
[2022-12-02 14:30:03,973] logger_util.py->write_log line:61 [INFO] 实际结果：f59178b9-85c9-4636-a47c-6ea933fc60d7
[2022-12-02 14:30:03,973] logger_util.py->write_log line:61 [INFO] 接口请求成功！
[2022-12-02 14:30:03,973] logger_util.py->write_log line:61 [INFO] -------------接口请求结束-----------

[2022-12-02 14:30:03,981] logger_util.py->write_log line:61 [INFO] -------------接口请求开始-----------
[2022-12-02 14:30:03,981] logger_util.py->write_log line:61 [INFO] 接口名称：新建设备组
[2022-12-02 14:30:03,981] logger_util.py->write_log line:61 [INFO] 接口方式：post
[2022-12-02 14:30:03,982] logger_util.py->write_log line:61 [INFO] 接口路径：http://192.168.5.120:18000/api/v1/variable/device/d4ced4f6-5997-4132-b4d0-d9d00a83b13b/group
[2022-12-02 14:30:03,982] logger_util.py->write_log line:61 [INFO] 请求头：{'Content-Type': 'application/json; =UTF-8', 'X-Project': '3f9ce0424103486f9a1281ae3582de88'}
[2022-12-02 14:30:03,982] logger_util.py->write_log line:61 [INFO] 请求参数：{'name': '变量组3'}
[2022-12-02 14:30:03,982] logger_util.py->write_log line:61 [INFO] 文件上传：None
[2022-12-02 14:30:04,005] logger_util.py->write_log line:61 [INFO] 预期结果：[{'equals': {'status_code': 200}}]
[2022-12-02 14:30:04,005] logger_util.py->write_log line:61 [INFO] 实际结果：b2e2c460-4f40-470c-ae03-5cbaae521cff
[2022-12-02 14:30:04,005] logger_util.py->write_log line:61 [INFO] 接口请求成功！
[2022-12-02 14:30:04,005] logger_util.py->write_log line:61 [INFO] -------------接口请求结束-----------

[2022-12-02 14:30:04,014] logger_util.py->write_log line:61 [INFO] -------------接口请求开始-----------
[2022-12-02 14:30:04,014] logger_util.py->write_log line:61 [INFO] 接口名称：新建设备组
[2022-12-02 14:30:04,014] logger_util.py->write_log line:61 [INFO] 接口方式：post
[2022-12-02 14:30:04,014] logger_util.py->write_log line:61 [INFO] 接口路径：http://192.168.5.120:18000/api/v1/variable/device/d4ced4f6-5997-4132-b4d0-d9d00a83b13b/group
[2022-12-02 14:30:04,015] logger_util.py->write_log line:61 [INFO] 请求头：{'Content-Type': 'application/json; =UTF-8', 'X-Project': '3f9ce0424103486f9a1281ae3582de88'}
[2022-12-02 14:30:04,015] logger_util.py->write_log line:61 [INFO] 请求参数：{'name': '变量组4'}
[2022-12-02 14:30:04,015] logger_util.py->write_log line:61 [INFO] 文件上传：None
[2022-12-02 14:30:04,044] logger_util.py->write_log line:61 [INFO] 预期结果：[{'equals': {'status_code': 200}}]
[2022-12-02 14:30:04,044] logger_util.py->write_log line:61 [INFO] 实际结果：5aff0657-9c11-411b-a350-ddb33f454a09
[2022-12-02 14:30:04,044] logger_util.py->write_log line:61 [INFO] 接口请求成功！
[2022-12-02 14:30:04,044] logger_util.py->write_log line:61 [INFO] -------------接口请求结束-----------

[2022-12-02 14:30:04,053] logger_util.py->write_log line:61 [INFO] -------------接口请求开始-----------
[2022-12-02 14:30:04,053] logger_util.py->write_log line:61 [INFO] 接口名称：新建设备组
[2022-12-02 14:30:04,053] logger_util.py->write_log line:61 [INFO] 接口方式：post
[2022-12-02 14:30:04,053] logger_util.py->write_log line:61 [INFO] 接口路径：http://192.168.5.120:18000/api/v1/variable/device/d4ced4f6-5997-4132-b4d0-d9d00a83b13b/group
[2022-12-02 14:30:04,053] logger_util.py->write_log line:61 [INFO] 请求头：{'Content-Type': 'application/json; =UTF-8', 'X-Project': '3f9ce0424103486f9a1281ae3582de88'}
[2022-12-02 14:30:04,053] logger_util.py->write_log line:61 [INFO] 请求参数：{'name': '变量组5'}
[2022-12-02 14:30:04,053] logger_util.py->write_log line:61 [INFO] 文件上传：None
[2022-12-02 14:30:04,070] logger_util.py->write_log line:61 [INFO] 预期结果：[{'equals': {'status_code': 200}}]
[2022-12-02 14:30:04,070] logger_util.py->write_log line:61 [INFO] 实际结果：a072a126-5248-4584-adad-50ed6f0b4686
[2022-12-02 14:30:04,070] logger_util.py->write_log line:61 [INFO] 接口请求成功！
[2022-12-02 14:30:04,070] logger_util.py->write_log line:61 [INFO] -------------接口请求结束-----------

[2022-12-02 14:30:04,080] logger_util.py->write_log line:61 [INFO] -------------接口请求开始-----------
[2022-12-02 14:30:04,080] logger_util.py->write_log line:61 [INFO] 接口名称：新建设备组
[2022-12-02 14:30:04,080] logger_util.py->write_log line:61 [INFO] 接口方式：post
[2022-12-02 14:30:04,080] logger_util.py->write_log line:61 [INFO] 接口路径：http://192.168.5.120:18000/api/v1/variable/device/1e0fc843-416c-472d-9727-39b85785f060/group
[2022-12-02 14:30:04,080] logger_util.py->write_log line:61 [INFO] 请求头：{'Content-Type': 'application/json; =UTF-8', 'X-Project': '3f9ce0424103486f9a1281ae3582de88'}
[2022-12-02 14:30:04,080] logger_util.py->write_log line:61 [INFO] 请求参数：{'name': '变量组1'}
[2022-12-02 14:30:04,080] logger_util.py->write_log line:61 [INFO] 文件上传：None
[2022-12-02 14:30:04,169] logger_util.py->write_log line:61 [INFO] 预期结果：[{'equals': {'status_code': 200}}]
[2022-12-02 14:30:04,169] logger_util.py->write_log line:61 [INFO] 实际结果：0ffdf196-c1e1-479d-96af-20fc4115ff58
[2022-12-02 14:30:04,169] logger_util.py->write_log line:61 [INFO] 接口请求成功！
[2022-12-02 14:30:04,169] logger_util.py->write_log line:61 [INFO] -------------接口请求结束-----------

[2022-12-02 14:30:04,179] logger_util.py->write_log line:61 [INFO] -------------接口请求开始-----------
[2022-12-02 14:30:04,179] logger_util.py->write_log line:61 [INFO] 接口名称：新建设备组
[2022-12-02 14:30:04,179] logger_util.py->write_log line:61 [INFO] 接口方式：post
[2022-12-02 14:30:04,179] logger_util.py->write_log line:61 [INFO] 接口路径：http://192.168.5.120:18000/api/v1/variable/device/1e0fc843-416c-472d-9727-39b85785f060/group
[2022-12-02 14:30:04,179] logger_util.py->write_log line:61 [INFO] 请求头：{'Content-Type': 'application/json; =UTF-8', 'X-Project': '3f9ce0424103486f9a1281ae3582de88'}
[2022-12-02 14:30:04,179] logger_util.py->write_log line:61 [INFO] 请求参数：{'name': '变量组2'}
[2022-12-02 14:30:04,179] logger_util.py->write_log line:61 [INFO] 文件上传：None
[2022-12-02 14:30:04,214] logger_util.py->write_log line:61 [INFO] 预期结果：[{'equals': {'status_code': 200}}]
[2022-12-02 14:30:04,214] logger_util.py->write_log line:61 [INFO] 实际结果：231335e9-ed94-40d6-af90-ff3d457f1e0b
[2022-12-02 14:30:04,214] logger_util.py->write_log line:61 [INFO] 接口请求成功！
[2022-12-02 14:30:04,214] logger_util.py->write_log line:61 [INFO] -------------接口请求结束-----------

[2022-12-02 14:30:04,224] logger_util.py->write_log line:61 [INFO] -------------接口请求开始-----------
[2022-12-02 14:30:04,224] logger_util.py->write_log line:61 [INFO] 接口名称：新建设备组
[2022-12-02 14:30:04,224] logger_util.py->write_log line:61 [INFO] 接口方式：post
[2022-12-02 14:30:04,224] logger_util.py->write_log line:61 [INFO] 接口路径：http://192.168.5.120:18000/api/v1/variable/device/1e0fc843-416c-472d-9727-39b85785f060/group
[2022-12-02 14:30:04,224] logger_util.py->write_log line:61 [INFO] 请求头：{'Content-Type': 'application/json; =UTF-8', 'X-Project': '3f9ce0424103486f9a1281ae3582de88'}
[2022-12-02 14:30:04,224] logger_util.py->write_log line:61 [INFO] 请求参数：{'name': '变量组3'}
[2022-12-02 14:30:04,224] logger_util.py->write_log line:61 [INFO] 文件上传：None
[2022-12-02 14:30:04,252] logger_util.py->write_log line:61 [INFO] 预期结果：[{'equals': {'status_code': 200}}]
[2022-12-02 14:30:04,252] logger_util.py->write_log line:61 [INFO] 实际结果：d50403ed-e879-4695-9753-622956cbb0c5
[2022-12-02 14:30:04,252] logger_util.py->write_log line:61 [INFO] 接口请求成功！
[2022-12-02 14:30:04,252] logger_util.py->write_log line:61 [INFO] -------------接口请求结束-----------

[2022-12-02 14:30:04,261] logger_util.py->write_log line:61 [INFO] -------------接口请求开始-----------
[2022-12-02 14:30:04,261] logger_util.py->write_log line:61 [INFO] 接口名称：新建设备组
[2022-12-02 14:30:04,262] logger_util.py->write_log line:61 [INFO] 接口方式：post
[2022-12-02 14:30:04,262] logger_util.py->write_log line:61 [INFO] 接口路径：http://192.168.5.120:18000/api/v1/variable/device/1e0fc843-416c-472d-9727-39b85785f060/group
[2022-12-02 14:30:04,262] logger_util.py->write_log line:61 [INFO] 请求头：{'Content-Type': 'application/json; =UTF-8', 'X-Project': '3f9ce0424103486f9a1281ae3582de88'}
[2022-12-02 14:30:04,262] logger_util.py->write_log line:61 [INFO] 请求参数：{'name': '变量组4'}
[2022-12-02 14:30:04,262] logger_util.py->write_log line:61 [INFO] 文件上传：None
[2022-12-02 14:30:04,287] logger_util.py->write_log line:61 [INFO] 预期结果：[{'equals': {'status_code': 200}}]
[2022-12-02 14:30:04,287] logger_util.py->write_log line:61 [INFO] 实际结果：724bcfe8-8e06-4e91-8a86-f484353bbf55
[2022-12-02 14:30:04,287] logger_util.py->write_log line:61 [INFO] 接口请求成功！
[2022-12-02 14:30:04,288] logger_util.py->write_log line:61 [INFO] -------------接口请求结束-----------

[2022-12-02 14:30:04,296] logger_util.py->write_log line:61 [INFO] -------------接口请求开始-----------
[2022-12-02 14:30:04,296] logger_util.py->write_log line:61 [INFO] 接口名称：新建设备组
[2022-12-02 14:30:04,296] logger_util.py->write_log line:61 [INFO] 接口方式：post
[2022-12-02 14:30:04,297] logger_util.py->write_log line:61 [INFO] 接口路径：http://192.168.5.120:18000/api/v1/variable/device/1e0fc843-416c-472d-9727-39b85785f060/group
[2022-12-02 14:30:04,297] logger_util.py->write_log line:61 [INFO] 请求头：{'Content-Type': 'application/json; =UTF-8', 'X-Project': '3f9ce0424103486f9a1281ae3582de88'}
[2022-12-02 14:30:04,297] logger_util.py->write_log line:61 [INFO] 请求参数：{'name': '变量组5'}
[2022-12-02 14:30:04,297] logger_util.py->write_log line:61 [INFO] 文件上传：None
[2022-12-02 14:30:04,321] logger_util.py->write_log line:61 [INFO] 预期结果：[{'equals': {'status_code': 200}}]
[2022-12-02 14:30:04,321] logger_util.py->write_log line:61 [INFO] 实际结果：48f3632c-ba2e-45f7-b509-4993c28ba828
[2022-12-02 14:30:04,321] logger_util.py->write_log line:61 [INFO] 接口请求成功！
[2022-12-02 14:30:04,322] logger_util.py->write_log line:61 [INFO] -------------接口请求结束-----------

[2022-12-02 14:30:04,331] logger_util.py->write_log line:61 [INFO] -------------接口请求开始-----------
[2022-12-02 14:30:04,331] logger_util.py->write_log line:61 [INFO] 接口名称：新建设备组
[2022-12-02 14:30:04,331] logger_util.py->write_log line:61 [INFO] 接口方式：post
[2022-12-02 14:30:04,331] logger_util.py->write_log line:61 [INFO] 接口路径：http://192.168.5.120:18000/api/v1/variable/device/398ae789-01c1-4762-9e13-aeee922ed740/group
[2022-12-02 14:30:04,331] logger_util.py->write_log line:61 [INFO] 请求头：{'Content-Type': 'application/json; =UTF-8', 'X-Project': '3f9ce0424103486f9a1281ae3582de88'}
[2022-12-02 14:30:04,331] logger_util.py->write_log line:61 [INFO] 请求参数：{'name': '变量组1'}
[2022-12-02 14:30:04,331] logger_util.py->write_log line:61 [INFO] 文件上传：None
[2022-12-02 14:30:04,355] logger_util.py->write_log line:61 [INFO] 预期结果：[{'equals': {'status_code': 200}}]
[2022-12-02 14:30:04,355] logger_util.py->write_log line:61 [INFO] 实际结果：9c2f2da9-3e94-4691-a9a6-f5d505036735
[2022-12-02 14:30:04,355] logger_util.py->write_log line:61 [INFO] 接口请求成功！
[2022-12-02 14:30:04,355] logger_util.py->write_log line:61 [INFO] -------------接口请求结束-----------

[2022-12-02 14:30:04,364] logger_util.py->write_log line:61 [INFO] -------------接口请求开始-----------
[2022-12-02 14:30:04,364] logger_util.py->write_log line:61 [INFO] 接口名称：新建设备组
[2022-12-02 14:30:04,364] logger_util.py->write_log line:61 [INFO] 接口方式：post
[2022-12-02 14:30:04,364] logger_util.py->write_log line:61 [INFO] 接口路径：http://192.168.5.120:18000/api/v1/variable/device/398ae789-01c1-4762-9e13-aeee922ed740/group
[2022-12-02 14:30:04,364] logger_util.py->write_log line:61 [INFO] 请求头：{'Content-Type': 'application/json; =UTF-8', 'X-Project': '3f9ce0424103486f9a1281ae3582de88'}
[2022-12-02 14:30:04,364] logger_util.py->write_log line:61 [INFO] 请求参数：{'name': '变量组2'}
[2022-12-02 14:30:04,364] logger_util.py->write_log line:61 [INFO] 文件上传：None
[2022-12-02 14:30:04,386] logger_util.py->write_log line:61 [INFO] 预期结果：[{'equals': {'status_code': 200}}]
[2022-12-02 14:30:04,386] logger_util.py->write_log line:61 [INFO] 实际结果：f10d50d9-682c-45a6-9a1c-b9f658b5758c
[2022-12-02 14:30:04,386] logger_util.py->write_log line:61 [INFO] 接口请求成功！
[2022-12-02 14:30:04,386] logger_util.py->write_log line:61 [INFO] -------------接口请求结束-----------

[2022-12-02 14:30:04,395] logger_util.py->write_log line:61 [INFO] -------------接口请求开始-----------
[2022-12-02 14:30:04,395] logger_util.py->write_log line:61 [INFO] 接口名称：新建设备组
[2022-12-02 14:30:04,395] logger_util.py->write_log line:61 [INFO] 接口方式：post
[2022-12-02 14:30:04,396] logger_util.py->write_log line:61 [INFO] 接口路径：http://192.168.5.120:18000/api/v1/variable/device/398ae789-01c1-4762-9e13-aeee922ed740/group
[2022-12-02 14:30:04,396] logger_util.py->write_log line:61 [INFO] 请求头：{'Content-Type': 'application/json; =UTF-8', 'X-Project': '3f9ce0424103486f9a1281ae3582de88'}
[2022-12-02 14:30:04,396] logger_util.py->write_log line:61 [INFO] 请求参数：{'name': '变量组3'}
[2022-12-02 14:30:04,396] logger_util.py->write_log line:61 [INFO] 文件上传：None
[2022-12-02 14:30:04,417] logger_util.py->write_log line:61 [INFO] 预期结果：[{'equals': {'status_code': 200}}]
[2022-12-02 14:30:04,417] logger_util.py->write_log line:61 [INFO] 实际结果：87044885-8da7-4c79-869d-b8a2b518c64e
[2022-12-02 14:30:04,417] logger_util.py->write_log line:61 [INFO] 接口请求成功！
[2022-12-02 14:30:04,417] logger_util.py->write_log line:61 [INFO] -------------接口请求结束-----------

[2022-12-02 14:30:04,426] logger_util.py->write_log line:61 [INFO] -------------接口请求开始-----------
[2022-12-02 14:30:04,426] logger_util.py->write_log line:61 [INFO] 接口名称：新建设备组
[2022-12-02 14:30:04,426] logger_util.py->write_log line:61 [INFO] 接口方式：post
[2022-12-02 14:30:04,427] logger_util.py->write_log line:61 [INFO] 接口路径：http://192.168.5.120:18000/api/v1/variable/device/398ae789-01c1-4762-9e13-aeee922ed740/group
[2022-12-02 14:30:04,427] logger_util.py->write_log line:61 [INFO] 请求头：{'Content-Type': 'application/json; =UTF-8', 'X-Project': '3f9ce0424103486f9a1281ae3582de88'}
[2022-12-02 14:30:04,427] logger_util.py->write_log line:61 [INFO] 请求参数：{'name': '变量组4'}
[2022-12-02 14:30:04,427] logger_util.py->write_log line:61 [INFO] 文件上传：None
[2022-12-02 14:30:04,455] logger_util.py->write_log line:61 [INFO] 预期结果：[{'equals': {'status_code': 200}}]
[2022-12-02 14:30:04,455] logger_util.py->write_log line:61 [INFO] 实际结果：e59bdeb5-b6f7-4975-bbd7-fe0856e8cd5a
[2022-12-02 14:30:04,455] logger_util.py->write_log line:61 [INFO] 接口请求成功！
[2022-12-02 14:30:04,455] logger_util.py->write_log line:61 [INFO] -------------接口请求结束-----------

[2022-12-02 14:30:04,465] logger_util.py->write_log line:61 [INFO] -------------接口请求开始-----------
[2022-12-02 14:30:04,465] logger_util.py->write_log line:61 [INFO] 接口名称：新建设备组
[2022-12-02 14:30:04,465] logger_util.py->write_log line:61 [INFO] 接口方式：post
[2022-12-02 14:30:04,465] logger_util.py->write_log line:61 [INFO] 接口路径：http://192.168.5.120:18000/api/v1/variable/device/398ae789-01c1-4762-9e13-aeee922ed740/group
[2022-12-02 14:30:04,465] logger_util.py->write_log line:61 [INFO] 请求头：{'Content-Type': 'application/json; =UTF-8', 'X-Project': '3f9ce0424103486f9a1281ae3582de88'}
[2022-12-02 14:30:04,465] logger_util.py->write_log line:61 [INFO] 请求参数：{'name': '变量组5'}
[2022-12-02 14:30:04,466] logger_util.py->write_log line:61 [INFO] 文件上传：None
[2022-12-02 14:30:04,506] logger_util.py->write_log line:61 [INFO] 预期结果：[{'equals': {'status_code': 200}}]
[2022-12-02 14:30:04,506] logger_util.py->write_log line:61 [INFO] 实际结果：440e498f-5cef-45fe-943a-ce5e3db9b5bd
[2022-12-02 14:30:04,507] logger_util.py->write_log line:61 [INFO] 接口请求成功！
[2022-12-02 14:30:04,507] logger_util.py->write_log line:61 [INFO] -------------接口请求结束-----------

[2022-12-02 14:30:04,532] logger_util.py->write_log line:61 [INFO] -------------接口请求开始-----------
[2022-12-02 14:30:04,532] logger_util.py->write_log line:61 [INFO] 接口名称：新建设备组
[2022-12-02 14:30:04,532] logger_util.py->write_log line:61 [INFO] 接口方式：post
[2022-12-02 14:30:04,532] logger_util.py->write_log line:61 [INFO] 接口路径：http://192.168.5.120:18000/api/v1/variable/device/37cc1e32-4cc2-420f-89d9-1038946a9c9f/group
[2022-12-02 14:30:04,533] logger_util.py->write_log line:61 [INFO] 请求头：{'Content-Type': 'application/json; =UTF-8', 'X-Project': '3f9ce0424103486f9a1281ae3582de88'}
[2022-12-02 14:30:04,533] logger_util.py->write_log line:61 [INFO] 请求参数：{'name': '变量组1'}
[2022-12-02 14:30:04,533] logger_util.py->write_log line:61 [INFO] 文件上传：None
[2022-12-02 14:30:04,565] logger_util.py->write_log line:61 [INFO] 预期结果：[{'equals': {'status_code': 200}}]
[2022-12-02 14:30:04,565] logger_util.py->write_log line:61 [INFO] 实际结果：ea0734d5-743e-43de-a68f-5157b0004605
[2022-12-02 14:30:04,566] logger_util.py->write_log line:61 [INFO] 接口请求成功！
[2022-12-02 14:30:04,566] logger_util.py->write_log line:61 [INFO] -------------接口请求结束-----------

[2022-12-02 14:30:04,575] logger_util.py->write_log line:61 [INFO] -------------接口请求开始-----------
[2022-12-02 14:30:04,575] logger_util.py->write_log line:61 [INFO] 接口名称：新建设备组
[2022-12-02 14:30:04,575] logger_util.py->write_log line:61 [INFO] 接口方式：post
[2022-12-02 14:30:04,576] logger_util.py->write_log line:61 [INFO] 接口路径：http://192.168.5.120:18000/api/v1/variable/device/37cc1e32-4cc2-420f-89d9-1038946a9c9f/group
[2022-12-02 14:30:04,576] logger_util.py->write_log line:61 [INFO] 请求头：{'Content-Type': 'application/json; =UTF-8', 'X-Project': '3f9ce0424103486f9a1281ae3582de88'}
[2022-12-02 14:30:04,576] logger_util.py->write_log line:61 [INFO] 请求参数：{'name': '变量组2'}
[2022-12-02 14:30:04,576] logger_util.py->write_log line:61 [INFO] 文件上传：None
[2022-12-02 14:30:04,606] logger_util.py->write_log line:61 [INFO] 预期结果：[{'equals': {'status_code': 200}}]
[2022-12-02 14:30:04,607] logger_util.py->write_log line:61 [INFO] 实际结果：60cd3f8e-a5ea-439c-826a-7879d3614cb6
[2022-12-02 14:30:04,607] logger_util.py->write_log line:61 [INFO] 接口请求成功！
[2022-12-02 14:30:04,607] logger_util.py->write_log line:61 [INFO] -------------接口请求结束-----------

[2022-12-02 14:30:04,617] logger_util.py->write_log line:61 [INFO] -------------接口请求开始-----------
[2022-12-02 14:30:04,618] logger_util.py->write_log line:61 [INFO] 接口名称：新建设备组
[2022-12-02 14:30:04,618] logger_util.py->write_log line:61 [INFO] 接口方式：post
[2022-12-02 14:30:04,618] logger_util.py->write_log line:61 [INFO] 接口路径：http://192.168.5.120:18000/api/v1/variable/device/37cc1e32-4cc2-420f-89d9-1038946a9c9f/group
[2022-12-02 14:30:04,618] logger_util.py->write_log line:61 [INFO] 请求头：{'Content-Type': 'application/json; =UTF-8', 'X-Project': '3f9ce0424103486f9a1281ae3582de88'}
[2022-12-02 14:30:04,618] logger_util.py->write_log line:61 [INFO] 请求参数：{'name': '变量组3'}
[2022-12-02 14:30:04,618] logger_util.py->write_log line:61 [INFO] 文件上传：None
[2022-12-02 14:30:04,703] logger_util.py->write_log line:61 [INFO] 预期结果：[{'equals': {'status_code': 200}}]
[2022-12-02 14:30:04,703] logger_util.py->write_log line:61 [INFO] 实际结果：c27c3690-6bd9-4b2c-a849-165a1f399408
[2022-12-02 14:30:04,703] logger_util.py->write_log line:61 [INFO] 接口请求成功！
[2022-12-02 14:30:04,704] logger_util.py->write_log line:61 [INFO] -------------接口请求结束-----------

[2022-12-02 14:30:04,713] logger_util.py->write_log line:61 [INFO] -------------接口请求开始-----------
[2022-12-02 14:30:04,713] logger_util.py->write_log line:61 [INFO] 接口名称：新建设备组
[2022-12-02 14:30:04,713] logger_util.py->write_log line:61 [INFO] 接口方式：post
[2022-12-02 14:30:04,713] logger_util.py->write_log line:61 [INFO] 接口路径：http://192.168.5.120:18000/api/v1/variable/device/37cc1e32-4cc2-420f-89d9-1038946a9c9f/group
[2022-12-02 14:30:04,714] logger_util.py->write_log line:61 [INFO] 请求头：{'Content-Type': 'application/json; =UTF-8', 'X-Project': '3f9ce0424103486f9a1281ae3582de88'}
[2022-12-02 14:30:04,714] logger_util.py->write_log line:61 [INFO] 请求参数：{'name': '变量组4'}
[2022-12-02 14:30:04,714] logger_util.py->write_log line:61 [INFO] 文件上传：None
[2022-12-02 14:30:04,793] logger_util.py->write_log line:61 [INFO] 预期结果：[{'equals': {'status_code': 200}}]
[2022-12-02 14:30:04,793] logger_util.py->write_log line:61 [INFO] 实际结果：c5d41c18-2055-4ede-870a-233d691d665b
[2022-12-02 14:30:04,793] logger_util.py->write_log line:61 [INFO] 接口请求成功！
[2022-12-02 14:30:04,794] logger_util.py->write_log line:61 [INFO] -------------接口请求结束-----------

[2022-12-02 14:30:04,806] logger_util.py->write_log line:61 [INFO] -------------接口请求开始-----------
[2022-12-02 14:30:04,806] logger_util.py->write_log line:61 [INFO] 接口名称：新建设备组
[2022-12-02 14:30:04,806] logger_util.py->write_log line:61 [INFO] 接口方式：post
[2022-12-02 14:30:04,806] logger_util.py->write_log line:61 [INFO] 接口路径：http://192.168.5.120:18000/api/v1/variable/device/37cc1e32-4cc2-420f-89d9-1038946a9c9f/group
[2022-12-02 14:30:04,806] logger_util.py->write_log line:61 [INFO] 请求头：{'Content-Type': 'application/json; =UTF-8', 'X-Project': '3f9ce0424103486f9a1281ae3582de88'}
[2022-12-02 14:30:04,806] logger_util.py->write_log line:61 [INFO] 请求参数：{'name': '变量组5'}
[2022-12-02 14:30:04,807] logger_util.py->write_log line:61 [INFO] 文件上传：None
[2022-12-02 14:30:04,828] logger_util.py->write_log line:61 [INFO] 预期结果：[{'equals': {'status_code': 200}}]
[2022-12-02 14:30:04,829] logger_util.py->write_log line:61 [INFO] 实际结果：e64889c0-cef4-4fd3-872a-03cba7e25815
[2022-12-02 14:30:04,829] logger_util.py->write_log line:61 [INFO] 接口请求成功！
[2022-12-02 14:30:04,829] logger_util.py->write_log line:61 [INFO] -------------接口请求结束-----------

[2022-12-02 14:30:04,838] logger_util.py->write_log line:61 [INFO] -------------接口请求开始-----------
[2022-12-02 14:30:04,839] logger_util.py->write_log line:61 [INFO] 接口名称：新建设备组
[2022-12-02 14:30:04,839] logger_util.py->write_log line:61 [INFO] 接口方式：post
[2022-12-02 14:30:04,839] logger_util.py->write_log line:61 [INFO] 接口路径：http://192.168.5.120:18000/api/v1/variable/device/39e4d5f7-5ff8-4540-8f8d-f6be63c26b1d/group
[2022-12-02 14:30:04,839] logger_util.py->write_log line:61 [INFO] 请求头：{'Content-Type': 'application/json; =UTF-8', 'X-Project': '3f9ce0424103486f9a1281ae3582de88'}
[2022-12-02 14:30:04,839] logger_util.py->write_log line:61 [INFO] 请求参数：{'name': '变量组1'}
[2022-12-02 14:30:04,839] logger_util.py->write_log line:61 [INFO] 文件上传：None
[2022-12-02 14:30:04,873] logger_util.py->write_log line:61 [INFO] 预期结果：[{'equals': {'status_code': 200}}]
[2022-12-02 14:30:04,873] logger_util.py->write_log line:61 [INFO] 实际结果：ed738588-7d9c-499c-94e1-0dd4ec147305
[2022-12-02 14:30:04,873] logger_util.py->write_log line:61 [INFO] 接口请求成功！
[2022-12-02 14:30:04,873] logger_util.py->write_log line:61 [INFO] -------------接口请求结束-----------

[2022-12-02 14:30:04,884] logger_util.py->write_log line:61 [INFO] -------------接口请求开始-----------
[2022-12-02 14:30:04,884] logger_util.py->write_log line:61 [INFO] 接口名称：新建设备组
[2022-12-02 14:30:04,884] logger_util.py->write_log line:61 [INFO] 接口方式：post
[2022-12-02 14:30:04,884] logger_util.py->write_log line:61 [INFO] 接口路径：http://192.168.5.120:18000/api/v1/variable/device/39e4d5f7-5ff8-4540-8f8d-f6be63c26b1d/group
[2022-12-02 14:30:04,884] logger_util.py->write_log line:61 [INFO] 请求头：{'Content-Type': 'application/json; =UTF-8', 'X-Project': '3f9ce0424103486f9a1281ae3582de88'}
[2022-12-02 14:30:04,884] logger_util.py->write_log line:61 [INFO] 请求参数：{'name': '变量组2'}
[2022-12-02 14:30:04,884] logger_util.py->write_log line:61 [INFO] 文件上传：None
[2022-12-02 14:30:04,917] logger_util.py->write_log line:61 [INFO] 预期结果：[{'equals': {'status_code': 200}}]
[2022-12-02 14:30:04,917] logger_util.py->write_log line:61 [INFO] 实际结果：cbf2f109-37e4-4358-bfc9-295fa0b2689e
[2022-12-02 14:30:04,917] logger_util.py->write_log line:61 [INFO] 接口请求成功！
[2022-12-02 14:30:04,917] logger_util.py->write_log line:61 [INFO] -------------接口请求结束-----------

[2022-12-02 14:30:04,927] logger_util.py->write_log line:61 [INFO] -------------接口请求开始-----------
[2022-12-02 14:30:04,927] logger_util.py->write_log line:61 [INFO] 接口名称：新建设备组
[2022-12-02 14:30:04,928] logger_util.py->write_log line:61 [INFO] 接口方式：post
[2022-12-02 14:30:04,928] logger_util.py->write_log line:61 [INFO] 接口路径：http://192.168.5.120:18000/api/v1/variable/device/39e4d5f7-5ff8-4540-8f8d-f6be63c26b1d/group
[2022-12-02 14:30:04,928] logger_util.py->write_log line:61 [INFO] 请求头：{'Content-Type': 'application/json; =UTF-8', 'X-Project': '3f9ce0424103486f9a1281ae3582de88'}
[2022-12-02 14:30:04,928] logger_util.py->write_log line:61 [INFO] 请求参数：{'name': '变量组3'}
[2022-12-02 14:30:04,928] logger_util.py->write_log line:61 [INFO] 文件上传：None
[2022-12-02 14:30:04,963] logger_util.py->write_log line:61 [INFO] 预期结果：[{'equals': {'status_code': 200}}]
[2022-12-02 14:30:04,963] logger_util.py->write_log line:61 [INFO] 实际结果：4b224be4-fc2a-4bdd-aa50-9808c19073e2
[2022-12-02 14:30:04,963] logger_util.py->write_log line:61 [INFO] 接口请求成功！
[2022-12-02 14:30:04,963] logger_util.py->write_log line:61 [INFO] -------------接口请求结束-----------

[2022-12-02 14:30:04,975] logger_util.py->write_log line:61 [INFO] -------------接口请求开始-----------
[2022-12-02 14:30:04,975] logger_util.py->write_log line:61 [INFO] 接口名称：新建设备组
[2022-12-02 14:30:04,975] logger_util.py->write_log line:61 [INFO] 接口方式：post
[2022-12-02 14:30:04,975] logger_util.py->write_log line:61 [INFO] 接口路径：http://192.168.5.120:18000/api/v1/variable/device/39e4d5f7-5ff8-4540-8f8d-f6be63c26b1d/group
[2022-12-02 14:30:04,976] logger_util.py->write_log line:61 [INFO] 请求头：{'Content-Type': 'application/json; =UTF-8', 'X-Project': '3f9ce0424103486f9a1281ae3582de88'}
[2022-12-02 14:30:04,976] logger_util.py->write_log line:61 [INFO] 请求参数：{'name': '变量组4'}
[2022-12-02 14:30:04,976] logger_util.py->write_log line:61 [INFO] 文件上传：None
[2022-12-02 14:30:04,997] logger_util.py->write_log line:61 [INFO] 预期结果：[{'equals': {'status_code': 200}}]
[2022-12-02 14:30:04,997] logger_util.py->write_log line:61 [INFO] 实际结果：12fadd9c-a5cc-45a0-a653-11154900cf00
[2022-12-02 14:30:04,997] logger_util.py->write_log line:61 [INFO] 接口请求成功！
[2022-12-02 14:30:04,998] logger_util.py->write_log line:61 [INFO] -------------接口请求结束-----------

[2022-12-02 14:30:05,008] logger_util.py->write_log line:61 [INFO] -------------接口请求开始-----------
[2022-12-02 14:30:05,008] logger_util.py->write_log line:61 [INFO] 接口名称：新建设备组
[2022-12-02 14:30:05,008] logger_util.py->write_log line:61 [INFO] 接口方式：post
[2022-12-02 14:30:05,008] logger_util.py->write_log line:61 [INFO] 接口路径：http://192.168.5.120:18000/api/v1/variable/device/39e4d5f7-5ff8-4540-8f8d-f6be63c26b1d/group
[2022-12-02 14:30:05,008] logger_util.py->write_log line:61 [INFO] 请求头：{'Content-Type': 'application/json; =UTF-8', 'X-Project': '3f9ce0424103486f9a1281ae3582de88'}
[2022-12-02 14:30:05,008] logger_util.py->write_log line:61 [INFO] 请求参数：{'name': '变量组5'}
[2022-12-02 14:30:05,008] logger_util.py->write_log line:61 [INFO] 文件上传：None
[2022-12-02 14:30:05,037] logger_util.py->write_log line:61 [INFO] 预期结果：[{'equals': {'status_code': 200}}]
[2022-12-02 14:30:05,037] logger_util.py->write_log line:61 [INFO] 实际结果：088a38e0-c2be-4c7e-96dd-3ef158fb8301
[2022-12-02 14:30:05,037] logger_util.py->write_log line:61 [INFO] 接口请求成功！
[2022-12-02 14:30:05,037] logger_util.py->write_log line:61 [INFO] -------------接口请求结束-----------

[2022-12-02 14:30:05,047] logger_util.py->write_log line:61 [INFO] -------------接口请求开始-----------
[2022-12-02 14:30:05,048] logger_util.py->write_log line:61 [INFO] 接口名称：新建设备组
[2022-12-02 14:30:05,048] logger_util.py->write_log line:61 [INFO] 接口方式：post
[2022-12-02 14:30:05,048] logger_util.py->write_log line:61 [INFO] 接口路径：http://192.168.5.120:18000/api/v1/variable/device/c5386bfa-4928-45f6-baae-9dd2a4a87825/group
[2022-12-02 14:30:05,048] logger_util.py->write_log line:61 [INFO] 请求头：{'Content-Type': 'application/json; =UTF-8', 'X-Project': '3f9ce0424103486f9a1281ae3582de88'}
[2022-12-02 14:30:05,048] logger_util.py->write_log line:61 [INFO] 请求参数：{'name': '变量组1'}
[2022-12-02 14:30:05,048] logger_util.py->write_log line:61 [INFO] 文件上传：None
[2022-12-02 14:30:05,073] logger_util.py->write_log line:61 [INFO] 预期结果：[{'equals': {'status_code': 200}}]
[2022-12-02 14:30:05,073] logger_util.py->write_log line:61 [INFO] 实际结果：9d0281fc-784c-438e-9bb7-285e2e5fd5ce
[2022-12-02 14:30:05,073] logger_util.py->write_log line:61 [INFO] 接口请求成功！
[2022-12-02 14:30:05,073] logger_util.py->write_log line:61 [INFO] -------------接口请求结束-----------

[2022-12-02 14:30:05,083] logger_util.py->write_log line:61 [INFO] -------------接口请求开始-----------
[2022-12-02 14:30:05,084] logger_util.py->write_log line:61 [INFO] 接口名称：新建设备组
[2022-12-02 14:30:05,084] logger_util.py->write_log line:61 [INFO] 接口方式：post
[2022-12-02 14:30:05,084] logger_util.py->write_log line:61 [INFO] 接口路径：http://192.168.5.120:18000/api/v1/variable/device/c5386bfa-4928-45f6-baae-9dd2a4a87825/group
[2022-12-02 14:30:05,084] logger_util.py->write_log line:61 [INFO] 请求头：{'Content-Type': 'application/json; =UTF-8', 'X-Project': '3f9ce0424103486f9a1281ae3582de88'}
[2022-12-02 14:30:05,084] logger_util.py->write_log line:61 [INFO] 请求参数：{'name': '变量组2'}
[2022-12-02 14:30:05,084] logger_util.py->write_log line:61 [INFO] 文件上传：None
[2022-12-02 14:30:05,112] logger_util.py->write_log line:61 [INFO] 预期结果：[{'equals': {'status_code': 200}}]
[2022-12-02 14:30:05,113] logger_util.py->write_log line:61 [INFO] 实际结果：abe4b13f-33c7-4a61-85c9-c6cc484b3c48
[2022-12-02 14:30:05,113] logger_util.py->write_log line:61 [INFO] 接口请求成功！
[2022-12-02 14:30:05,113] logger_util.py->write_log line:61 [INFO] -------------接口请求结束-----------

[2022-12-02 14:30:05,123] logger_util.py->write_log line:61 [INFO] -------------接口请求开始-----------
[2022-12-02 14:30:05,123] logger_util.py->write_log line:61 [INFO] 接口名称：新建设备组
[2022-12-02 14:30:05,124] logger_util.py->write_log line:61 [INFO] 接口方式：post
[2022-12-02 14:30:05,124] logger_util.py->write_log line:61 [INFO] 接口路径：http://192.168.5.120:18000/api/v1/variable/device/c5386bfa-4928-45f6-baae-9dd2a4a87825/group
[2022-12-02 14:30:05,124] logger_util.py->write_log line:61 [INFO] 请求头：{'Content-Type': 'application/json; =UTF-8', 'X-Project': '3f9ce0424103486f9a1281ae3582de88'}
[2022-12-02 14:30:05,124] logger_util.py->write_log line:61 [INFO] 请求参数：{'name': '变量组3'}
[2022-12-02 14:30:05,124] logger_util.py->write_log line:61 [INFO] 文件上传：None
[2022-12-02 14:30:05,149] logger_util.py->write_log line:61 [INFO] 预期结果：[{'equals': {'status_code': 200}}]
[2022-12-02 14:30:05,150] logger_util.py->write_log line:61 [INFO] 实际结果：e18a3a59-d651-49b2-b996-9d5aa014f86d
[2022-12-02 14:30:05,150] logger_util.py->write_log line:61 [INFO] 接口请求成功！
[2022-12-02 14:30:05,150] logger_util.py->write_log line:61 [INFO] -------------接口请求结束-----------

[2022-12-02 14:30:05,160] logger_util.py->write_log line:61 [INFO] -------------接口请求开始-----------
[2022-12-02 14:30:05,160] logger_util.py->write_log line:61 [INFO] 接口名称：新建设备组
[2022-12-02 14:30:05,161] logger_util.py->write_log line:61 [INFO] 接口方式：post
[2022-12-02 14:30:05,161] logger_util.py->write_log line:61 [INFO] 接口路径：http://192.168.5.120:18000/api/v1/variable/device/c5386bfa-4928-45f6-baae-9dd2a4a87825/group
[2022-12-02 14:30:05,161] logger_util.py->write_log line:61 [INFO] 请求头：{'Content-Type': 'application/json; =UTF-8', 'X-Project': '3f9ce0424103486f9a1281ae3582de88'}
[2022-12-02 14:30:05,161] logger_util.py->write_log line:61 [INFO] 请求参数：{'name': '变量组4'}
[2022-12-02 14:30:05,161] logger_util.py->write_log line:61 [INFO] 文件上传：None
[2022-12-02 14:30:05,199] logger_util.py->write_log line:61 [INFO] 预期结果：[{'equals': {'status_code': 200}}]
[2022-12-02 14:30:05,200] logger_util.py->write_log line:61 [INFO] 实际结果：9c8ff169-e194-4c0d-ae32-cc8fce8f522c
[2022-12-02 14:30:05,201] logger_util.py->write_log line:61 [INFO] 接口请求成功！
[2022-12-02 14:30:05,201] logger_util.py->write_log line:61 [INFO] -------------接口请求结束-----------

[2022-12-02 14:30:05,214] logger_util.py->write_log line:61 [INFO] -------------接口请求开始-----------
[2022-12-02 14:30:05,214] logger_util.py->write_log line:61 [INFO] 接口名称：新建设备组
[2022-12-02 14:30:05,214] logger_util.py->write_log line:61 [INFO] 接口方式：post
[2022-12-02 14:30:05,214] logger_util.py->write_log line:61 [INFO] 接口路径：http://192.168.5.120:18000/api/v1/variable/device/c5386bfa-4928-45f6-baae-9dd2a4a87825/group
[2022-12-02 14:30:05,215] logger_util.py->write_log line:61 [INFO] 请求头：{'Content-Type': 'application/json; =UTF-8', 'X-Project': '3f9ce0424103486f9a1281ae3582de88'}
[2022-12-02 14:30:05,215] logger_util.py->write_log line:61 [INFO] 请求参数：{'name': '变量组5'}
[2022-12-02 14:30:05,215] logger_util.py->write_log line:61 [INFO] 文件上传：None
[2022-12-02 14:30:05,235] logger_util.py->write_log line:61 [INFO] 预期结果：[{'equals': {'status_code': 200}}]
[2022-12-02 14:30:05,235] logger_util.py->write_log line:61 [INFO] 实际结果：5c0921a3-3ae5-4340-a2d2-1b8cdf43fe6c
[2022-12-02 14:30:05,235] logger_util.py->write_log line:61 [INFO] 接口请求成功！
[2022-12-02 14:30:05,235] logger_util.py->write_log line:61 [INFO] -------------接口请求结束-----------

[2022-12-02 14:30:05,246] logger_util.py->write_log line:61 [INFO] -------------接口请求开始-----------
[2022-12-02 14:30:05,246] logger_util.py->write_log line:61 [INFO] 接口名称：新建设备组
[2022-12-02 14:30:05,246] logger_util.py->write_log line:61 [INFO] 接口方式：post
[2022-12-02 14:30:05,247] logger_util.py->write_log line:61 [INFO] 接口路径：http://192.168.5.120:18000/api/v1/variable/device/4521f784-bf1d-4b1b-8161-a7b482012a98/group
[2022-12-02 14:30:05,247] logger_util.py->write_log line:61 [INFO] 请求头：{'Content-Type': 'application/json; =UTF-8', 'X-Project': '3f9ce0424103486f9a1281ae3582de88'}
[2022-12-02 14:30:05,247] logger_util.py->write_log line:61 [INFO] 请求参数：{'name': '变量组1'}
[2022-12-02 14:30:05,247] logger_util.py->write_log line:61 [INFO] 文件上传：None
[2022-12-02 14:30:05,272] logger_util.py->write_log line:61 [INFO] 预期结果：[{'equals': {'status_code': 200}}]
[2022-12-02 14:30:05,272] logger_util.py->write_log line:61 [INFO] 实际结果：74ac3245-f5c5-475a-ae85-e1d8bd52c5dd
[2022-12-02 14:30:05,272] logger_util.py->write_log line:61 [INFO] 接口请求成功！
[2022-12-02 14:30:05,272] logger_util.py->write_log line:61 [INFO] -------------接口请求结束-----------

[2022-12-02 14:30:05,283] logger_util.py->write_log line:61 [INFO] -------------接口请求开始-----------
[2022-12-02 14:30:05,283] logger_util.py->write_log line:61 [INFO] 接口名称：新建设备组
[2022-12-02 14:30:05,283] logger_util.py->write_log line:61 [INFO] 接口方式：post
[2022-12-02 14:30:05,283] logger_util.py->write_log line:61 [INFO] 接口路径：http://192.168.5.120:18000/api/v1/variable/device/4521f784-bf1d-4b1b-8161-a7b482012a98/group
[2022-12-02 14:30:05,284] logger_util.py->write_log line:61 [INFO] 请求头：{'Content-Type': 'application/json; =UTF-8', 'X-Project': '3f9ce0424103486f9a1281ae3582de88'}
[2022-12-02 14:30:05,284] logger_util.py->write_log line:61 [INFO] 请求参数：{'name': '变量组2'}
[2022-12-02 14:30:05,284] logger_util.py->write_log line:61 [INFO] 文件上传：None
[2022-12-02 14:30:05,309] logger_util.py->write_log line:61 [INFO] 预期结果：[{'equals': {'status_code': 200}}]
[2022-12-02 14:30:05,309] logger_util.py->write_log line:61 [INFO] 实际结果：c6e90c47-26eb-4892-a3e0-4de1fc0ae4b7
[2022-12-02 14:30:05,309] logger_util.py->write_log line:61 [INFO] 接口请求成功！
[2022-12-02 14:30:05,309] logger_util.py->write_log line:61 [INFO] -------------接口请求结束-----------

[2022-12-02 14:30:05,320] logger_util.py->write_log line:61 [INFO] -------------接口请求开始-----------
[2022-12-02 14:30:05,320] logger_util.py->write_log line:61 [INFO] 接口名称：新建设备组
[2022-12-02 14:30:05,321] logger_util.py->write_log line:61 [INFO] 接口方式：post
[2022-12-02 14:30:05,321] logger_util.py->write_log line:61 [INFO] 接口路径：http://192.168.5.120:18000/api/v1/variable/device/4521f784-bf1d-4b1b-8161-a7b482012a98/group
[2022-12-02 14:30:05,321] logger_util.py->write_log line:61 [INFO] 请求头：{'Content-Type': 'application/json; =UTF-8', 'X-Project': '3f9ce0424103486f9a1281ae3582de88'}
[2022-12-02 14:30:05,321] logger_util.py->write_log line:61 [INFO] 请求参数：{'name': '变量组3'}
[2022-12-02 14:30:05,321] logger_util.py->write_log line:61 [INFO] 文件上传：None
[2022-12-02 14:30:05,344] logger_util.py->write_log line:61 [INFO] 预期结果：[{'equals': {'status_code': 200}}]
[2022-12-02 14:30:05,344] logger_util.py->write_log line:61 [INFO] 实际结果：efdd2d65-878a-4f80-91d5-b282e43020a9
[2022-12-02 14:30:05,345] logger_util.py->write_log line:61 [INFO] 接口请求成功！
[2022-12-02 14:30:05,345] logger_util.py->write_log line:61 [INFO] -------------接口请求结束-----------

[2022-12-02 14:30:05,356] logger_util.py->write_log line:61 [INFO] -------------接口请求开始-----------
[2022-12-02 14:30:05,356] logger_util.py->write_log line:61 [INFO] 接口名称：新建设备组
[2022-12-02 14:30:05,356] logger_util.py->write_log line:61 [INFO] 接口方式：post
[2022-12-02 14:30:05,356] logger_util.py->write_log line:61 [INFO] 接口路径：http://192.168.5.120:18000/api/v1/variable/device/4521f784-bf1d-4b1b-8161-a7b482012a98/group
[2022-12-02 14:30:05,356] logger_util.py->write_log line:61 [INFO] 请求头：{'Content-Type': 'application/json; =UTF-8', 'X-Project': '3f9ce0424103486f9a1281ae3582de88'}
[2022-12-02 14:30:05,356] logger_util.py->write_log line:61 [INFO] 请求参数：{'name': '变量组4'}
[2022-12-02 14:30:05,356] logger_util.py->write_log line:61 [INFO] 文件上传：None
[2022-12-02 14:30:05,378] logger_util.py->write_log line:61 [INFO] 预期结果：[{'equals': {'status_code': 200}}]
[2022-12-02 14:30:05,378] logger_util.py->write_log line:61 [INFO] 实际结果：728e7e3a-3f06-452a-a10a-d0089a555b24
[2022-12-02 14:30:05,378] logger_util.py->write_log line:61 [INFO] 接口请求成功！
[2022-12-02 14:30:05,378] logger_util.py->write_log line:61 [INFO] -------------接口请求结束-----------

[2022-12-02 14:30:05,390] logger_util.py->write_log line:61 [INFO] -------------接口请求开始-----------
[2022-12-02 14:30:05,390] logger_util.py->write_log line:61 [INFO] 接口名称：新建设备组
[2022-12-02 14:30:05,390] logger_util.py->write_log line:61 [INFO] 接口方式：post
[2022-12-02 14:30:05,390] logger_util.py->write_log line:61 [INFO] 接口路径：http://192.168.5.120:18000/api/v1/variable/device/4521f784-bf1d-4b1b-8161-a7b482012a98/group
[2022-12-02 14:30:05,391] logger_util.py->write_log line:61 [INFO] 请求头：{'Content-Type': 'application/json; =UTF-8', 'X-Project': '3f9ce0424103486f9a1281ae3582de88'}
[2022-12-02 14:30:05,391] logger_util.py->write_log line:61 [INFO] 请求参数：{'name': '变量组5'}
[2022-12-02 14:30:05,391] logger_util.py->write_log line:61 [INFO] 文件上传：None
[2022-12-02 14:30:05,426] logger_util.py->write_log line:61 [INFO] 预期结果：[{'equals': {'status_code': 200}}]
[2022-12-02 14:30:05,427] logger_util.py->write_log line:61 [INFO] 实际结果：71841d02-70df-41ed-84d0-c122b31afcf4
[2022-12-02 14:30:05,427] logger_util.py->write_log line:61 [INFO] 接口请求成功！
[2022-12-02 14:30:05,428] logger_util.py->write_log line:61 [INFO] -------------接口请求结束-----------

[2022-12-02 14:30:05,462] logger_util.py->write_log line:61 [INFO] -------------接口请求开始-----------
[2022-12-02 14:30:05,463] logger_util.py->write_log line:61 [INFO] 接口名称：新建设备组
[2022-12-02 14:30:05,463] logger_util.py->write_log line:61 [INFO] 接口方式：post
[2022-12-02 14:30:05,463] logger_util.py->write_log line:61 [INFO] 接口路径：http://192.168.5.120:18000/api/v1/variable/device/9cc0e85e-72d1-4762-8678-320413d2bb1a/group
[2022-12-02 14:30:05,463] logger_util.py->write_log line:61 [INFO] 请求头：{'Content-Type': 'application/json; =UTF-8', 'X-Project': '3f9ce0424103486f9a1281ae3582de88'}
[2022-12-02 14:30:05,463] logger_util.py->write_log line:61 [INFO] 请求参数：{'name': '变量组1'}
[2022-12-02 14:30:05,463] logger_util.py->write_log line:61 [INFO] 文件上传：None
[2022-12-02 14:30:05,500] logger_util.py->write_log line:61 [INFO] 预期结果：[{'equals': {'status_code': 200}}]
[2022-12-02 14:30:05,500] logger_util.py->write_log line:61 [INFO] 实际结果：cc06017b-988f-4157-aaf0-b73d9fc0456a
[2022-12-02 14:30:05,500] logger_util.py->write_log line:61 [INFO] 接口请求成功！
[2022-12-02 14:30:05,500] logger_util.py->write_log line:61 [INFO] -------------接口请求结束-----------

[2022-12-02 14:30:05,512] logger_util.py->write_log line:61 [INFO] -------------接口请求开始-----------
[2022-12-02 14:30:05,512] logger_util.py->write_log line:61 [INFO] 接口名称：新建设备组
[2022-12-02 14:30:05,512] logger_util.py->write_log line:61 [INFO] 接口方式：post
[2022-12-02 14:30:05,512] logger_util.py->write_log line:61 [INFO] 接口路径：http://192.168.5.120:18000/api/v1/variable/device/9cc0e85e-72d1-4762-8678-320413d2bb1a/group
[2022-12-02 14:30:05,513] logger_util.py->write_log line:61 [INFO] 请求头：{'Content-Type': 'application/json; =UTF-8', 'X-Project': '3f9ce0424103486f9a1281ae3582de88'}
[2022-12-02 14:30:05,513] logger_util.py->write_log line:61 [INFO] 请求参数：{'name': '变量组2'}
[2022-12-02 14:30:05,513] logger_util.py->write_log line:61 [INFO] 文件上传：None
[2022-12-02 14:30:05,546] logger_util.py->write_log line:61 [INFO] 预期结果：[{'equals': {'status_code': 200}}]
[2022-12-02 14:30:05,547] logger_util.py->write_log line:61 [INFO] 实际结果：5045edf9-3800-4ac3-95fb-e0eabd0b382a
[2022-12-02 14:30:05,547] logger_util.py->write_log line:61 [INFO] 接口请求成功！
[2022-12-02 14:30:05,547] logger_util.py->write_log line:61 [INFO] -------------接口请求结束-----------

[2022-12-02 14:30:05,558] logger_util.py->write_log line:61 [INFO] -------------接口请求开始-----------
[2022-12-02 14:30:05,559] logger_util.py->write_log line:61 [INFO] 接口名称：新建设备组
[2022-12-02 14:30:05,559] logger_util.py->write_log line:61 [INFO] 接口方式：post
[2022-12-02 14:30:05,559] logger_util.py->write_log line:61 [INFO] 接口路径：http://192.168.5.120:18000/api/v1/variable/device/9cc0e85e-72d1-4762-8678-320413d2bb1a/group
[2022-12-02 14:30:05,559] logger_util.py->write_log line:61 [INFO] 请求头：{'Content-Type': 'application/json; =UTF-8', 'X-Project': '3f9ce0424103486f9a1281ae3582de88'}
[2022-12-02 14:30:05,559] logger_util.py->write_log line:61 [INFO] 请求参数：{'name': '变量组3'}
[2022-12-02 14:30:05,559] logger_util.py->write_log line:61 [INFO] 文件上传：None
[2022-12-02 14:30:05,609] logger_util.py->write_log line:61 [INFO] 预期结果：[{'equals': {'status_code': 200}}]
[2022-12-02 14:30:05,609] logger_util.py->write_log line:61 [INFO] 实际结果：0768a33c-1025-45ee-ae43-bd2dbb7d5ceb
[2022-12-02 14:30:05,609] logger_util.py->write_log line:61 [INFO] 接口请求成功！
[2022-12-02 14:30:05,609] logger_util.py->write_log line:61 [INFO] -------------接口请求结束-----------

[2022-12-02 14:30:05,621] logger_util.py->write_log line:61 [INFO] -------------接口请求开始-----------
[2022-12-02 14:30:05,622] logger_util.py->write_log line:61 [INFO] 接口名称：新建设备组
[2022-12-02 14:30:05,622] logger_util.py->write_log line:61 [INFO] 接口方式：post
[2022-12-02 14:30:05,622] logger_util.py->write_log line:61 [INFO] 接口路径：http://192.168.5.120:18000/api/v1/variable/device/9cc0e85e-72d1-4762-8678-320413d2bb1a/group
[2022-12-02 14:30:05,622] logger_util.py->write_log line:61 [INFO] 请求头：{'Content-Type': 'application/json; =UTF-8', 'X-Project': '3f9ce0424103486f9a1281ae3582de88'}
[2022-12-02 14:30:05,622] logger_util.py->write_log line:61 [INFO] 请求参数：{'name': '变量组4'}
[2022-12-02 14:30:05,622] logger_util.py->write_log line:61 [INFO] 文件上传：None
[2022-12-02 14:30:05,651] logger_util.py->write_log line:61 [INFO] 预期结果：[{'equals': {'status_code': 200}}]
[2022-12-02 14:30:05,652] logger_util.py->write_log line:61 [INFO] 实际结果：688db7de-df52-4ac8-9e6a-0bd3da164c25
[2022-12-02 14:30:05,652] logger_util.py->write_log line:61 [INFO] 接口请求成功！
[2022-12-02 14:30:05,652] logger_util.py->write_log line:61 [INFO] -------------接口请求结束-----------

[2022-12-02 14:30:05,663] logger_util.py->write_log line:61 [INFO] -------------接口请求开始-----------
[2022-12-02 14:30:05,663] logger_util.py->write_log line:61 [INFO] 接口名称：新建设备组
[2022-12-02 14:30:05,663] logger_util.py->write_log line:61 [INFO] 接口方式：post
[2022-12-02 14:30:05,664] logger_util.py->write_log line:61 [INFO] 接口路径：http://192.168.5.120:18000/api/v1/variable/device/9cc0e85e-72d1-4762-8678-320413d2bb1a/group
[2022-12-02 14:30:05,664] logger_util.py->write_log line:61 [INFO] 请求头：{'Content-Type': 'application/json; =UTF-8', 'X-Project': '3f9ce0424103486f9a1281ae3582de88'}
[2022-12-02 14:30:05,664] logger_util.py->write_log line:61 [INFO] 请求参数：{'name': '变量组5'}
[2022-12-02 14:30:05,664] logger_util.py->write_log line:61 [INFO] 文件上传：None
[2022-12-02 14:30:05,720] logger_util.py->write_log line:61 [INFO] 预期结果：[{'equals': {'status_code': 200}}]
[2022-12-02 14:30:05,720] logger_util.py->write_log line:61 [INFO] 实际结果：4f423ee7-4a2d-4abd-af2f-732e0881267d
[2022-12-02 14:30:05,720] logger_util.py->write_log line:61 [INFO] 接口请求成功！
[2022-12-02 14:30:05,720] logger_util.py->write_log line:61 [INFO] -------------接口请求结束-----------

[2022-12-02 14:30:05,732] logger_util.py->write_log line:61 [INFO] -------------接口请求开始-----------
[2022-12-02 14:30:05,732] logger_util.py->write_log line:61 [INFO] 接口名称：新建设备组
[2022-12-02 14:30:05,732] logger_util.py->write_log line:61 [INFO] 接口方式：post
[2022-12-02 14:30:05,732] logger_util.py->write_log line:61 [INFO] 接口路径：http://192.168.5.120:18000/api/v1/variable/device/5bd9e7b9-eec8-4fb8-9050-5b6bfe900c9a/group
[2022-12-02 14:30:05,732] logger_util.py->write_log line:61 [INFO] 请求头：{'Content-Type': 'application/json; =UTF-8', 'X-Project': '3f9ce0424103486f9a1281ae3582de88'}
[2022-12-02 14:30:05,733] logger_util.py->write_log line:61 [INFO] 请求参数：{'name': '变量组1'}
[2022-12-02 14:30:05,733] logger_util.py->write_log line:61 [INFO] 文件上传：None
[2022-12-02 14:30:05,764] logger_util.py->write_log line:61 [INFO] 预期结果：[{'equals': {'status_code': 200}}]
[2022-12-02 14:30:05,764] logger_util.py->write_log line:61 [INFO] 实际结果：c9d2042f-f25b-4a43-a418-79b8a1f89e3d
[2022-12-02 14:30:05,764] logger_util.py->write_log line:61 [INFO] 接口请求成功！
[2022-12-02 14:30:05,764] logger_util.py->write_log line:61 [INFO] -------------接口请求结束-----------

[2022-12-02 14:30:05,776] logger_util.py->write_log line:61 [INFO] -------------接口请求开始-----------
[2022-12-02 14:30:05,776] logger_util.py->write_log line:61 [INFO] 接口名称：新建设备组
[2022-12-02 14:30:05,777] logger_util.py->write_log line:61 [INFO] 接口方式：post
[2022-12-02 14:30:05,777] logger_util.py->write_log line:61 [INFO] 接口路径：http://192.168.5.120:18000/api/v1/variable/device/5bd9e7b9-eec8-4fb8-9050-5b6bfe900c9a/group
[2022-12-02 14:30:05,777] logger_util.py->write_log line:61 [INFO] 请求头：{'Content-Type': 'application/json; =UTF-8', 'X-Project': '3f9ce0424103486f9a1281ae3582de88'}
[2022-12-02 14:30:05,777] logger_util.py->write_log line:61 [INFO] 请求参数：{'name': '变量组2'}
[2022-12-02 14:30:05,777] logger_util.py->write_log line:61 [INFO] 文件上传：None
[2022-12-02 14:30:05,825] logger_util.py->write_log line:61 [INFO] 预期结果：[{'equals': {'status_code': 200}}]
[2022-12-02 14:30:05,825] logger_util.py->write_log line:61 [INFO] 实际结果：c46a0a1d-fb1e-4d80-aa70-3a3ee31def18
[2022-12-02 14:30:05,826] logger_util.py->write_log line:61 [INFO] 接口请求成功！
[2022-12-02 14:30:05,826] logger_util.py->write_log line:61 [INFO] -------------接口请求结束-----------

[2022-12-02 14:30:05,837] logger_util.py->write_log line:61 [INFO] -------------接口请求开始-----------
[2022-12-02 14:30:05,837] logger_util.py->write_log line:61 [INFO] 接口名称：新建设备组
[2022-12-02 14:30:05,838] logger_util.py->write_log line:61 [INFO] 接口方式：post
[2022-12-02 14:30:05,838] logger_util.py->write_log line:61 [INFO] 接口路径：http://192.168.5.120:18000/api/v1/variable/device/5bd9e7b9-eec8-4fb8-9050-5b6bfe900c9a/group
[2022-12-02 14:30:05,838] logger_util.py->write_log line:61 [INFO] 请求头：{'Content-Type': 'application/json; =UTF-8', 'X-Project': '3f9ce0424103486f9a1281ae3582de88'}
[2022-12-02 14:30:05,838] logger_util.py->write_log line:61 [INFO] 请求参数：{'name': '变量组3'}
[2022-12-02 14:30:05,838] logger_util.py->write_log line:61 [INFO] 文件上传：None
[2022-12-02 14:30:05,872] logger_util.py->write_log line:61 [INFO] 预期结果：[{'equals': {'status_code': 200}}]
[2022-12-02 14:30:05,872] logger_util.py->write_log line:61 [INFO] 实际结果：3663e89c-c8a8-4814-beb1-b975c68ad5e3
[2022-12-02 14:30:05,872] logger_util.py->write_log line:61 [INFO] 接口请求成功！
[2022-12-02 14:30:05,872] logger_util.py->write_log line:61 [INFO] -------------接口请求结束-----------

[2022-12-02 14:30:05,884] logger_util.py->write_log line:61 [INFO] -------------接口请求开始-----------
[2022-12-02 14:30:05,884] logger_util.py->write_log line:61 [INFO] 接口名称：新建设备组
[2022-12-02 14:30:05,885] logger_util.py->write_log line:61 [INFO] 接口方式：post
[2022-12-02 14:30:05,885] logger_util.py->write_log line:61 [INFO] 接口路径：http://192.168.5.120:18000/api/v1/variable/device/5bd9e7b9-eec8-4fb8-9050-5b6bfe900c9a/group
[2022-12-02 14:30:05,885] logger_util.py->write_log line:61 [INFO] 请求头：{'Content-Type': 'application/json; =UTF-8', 'X-Project': '3f9ce0424103486f9a1281ae3582de88'}
[2022-12-02 14:30:05,885] logger_util.py->write_log line:61 [INFO] 请求参数：{'name': '变量组4'}
[2022-12-02 14:30:05,885] logger_util.py->write_log line:61 [INFO] 文件上传：None
[2022-12-02 14:30:05,935] logger_util.py->write_log line:61 [INFO] 预期结果：[{'equals': {'status_code': 200}}]
[2022-12-02 14:30:05,935] logger_util.py->write_log line:61 [INFO] 实际结果：a112104f-9b69-4dc1-a6f3-27f1f0467477
[2022-12-02 14:30:05,935] logger_util.py->write_log line:61 [INFO] 接口请求成功！
[2022-12-02 14:30:05,935] logger_util.py->write_log line:61 [INFO] -------------接口请求结束-----------

[2022-12-02 14:30:05,947] logger_util.py->write_log line:61 [INFO] -------------接口请求开始-----------
[2022-12-02 14:30:05,948] logger_util.py->write_log line:61 [INFO] 接口名称：新建设备组
[2022-12-02 14:30:05,948] logger_util.py->write_log line:61 [INFO] 接口方式：post
[2022-12-02 14:30:05,948] logger_util.py->write_log line:61 [INFO] 接口路径：http://192.168.5.120:18000/api/v1/variable/device/5bd9e7b9-eec8-4fb8-9050-5b6bfe900c9a/group
[2022-12-02 14:30:05,948] logger_util.py->write_log line:61 [INFO] 请求头：{'Content-Type': 'application/json; =UTF-8', 'X-Project': '3f9ce0424103486f9a1281ae3582de88'}
[2022-12-02 14:30:05,948] logger_util.py->write_log line:61 [INFO] 请求参数：{'name': '变量组5'}
[2022-12-02 14:30:05,948] logger_util.py->write_log line:61 [INFO] 文件上传：None
[2022-12-02 14:30:05,983] logger_util.py->write_log line:61 [INFO] 预期结果：[{'equals': {'status_code': 200}}]
[2022-12-02 14:30:05,984] logger_util.py->write_log line:61 [INFO] 实际结果：e7f54e24-44fc-475c-9c7c-754807758bcd
[2022-12-02 14:30:05,984] logger_util.py->write_log line:61 [INFO] 接口请求成功！
[2022-12-02 14:30:05,984] logger_util.py->write_log line:61 [INFO] -------------接口请求结束-----------

