[2022-10-10 11:44:32,175] logger_util.py->write_log line:61 [INFO] -------------接口请求开始-----------
[2022-10-10 11:44:32,175] logger_util.py->write_log line:61 [INFO] 接口名称：新建图库组
[2022-10-10 11:44:32,175] logger_util.py->write_log line:61 [INFO] 接口方式：post
[2022-10-10 11:44:32,175] logger_util.py->write_log line:61 [INFO] 接口路径：http://127.0.0.1:18000/api/v1/view/image
[2022-10-10 11:44:32,175] logger_util.py->write_log line:61 [INFO] 请求头：{'Content-Type': 'application/json;charset=UTF-8', 'X-Project': '43c7544f09bd477c9aa4134dc09a4a08'}
[2022-10-10 11:44:32,176] logger_util.py->write_log line:61 [INFO] 请求参数：图库1
[2022-10-10 11:44:32,176] logger_util.py->write_log line:61 [INFO] 文件上传：None
[2022-10-10 11:44:32,303] logger_util.py->write_log line:61 [INFO] 预期结果：[{'equals': {'status_code': 200}}]
[2022-10-10 11:44:32,303] logger_util.py->write_log line:61 [INFO] 实际结果：b28663a3dcd84596bdb614dbac370aa8
[2022-10-10 11:44:32,303] logger_util.py->write_log line:61 [INFO] 接口请求成功！
[2022-10-10 11:44:32,303] logger_util.py->write_log line:61 [INFO] -------------接口请求结束-----------

[2022-10-10 11:44:32,308] logger_util.py->write_log line:61 [INFO] -------------接口请求开始-----------
[2022-10-10 11:44:32,309] logger_util.py->write_log line:61 [INFO] 接口名称：新建图库组
[2022-10-10 11:44:32,309] logger_util.py->write_log line:61 [INFO] 接口方式：post
[2022-10-10 11:44:32,309] logger_util.py->write_log line:61 [INFO] 接口路径：http://127.0.0.1:18000/api/v1/view/image
[2022-10-10 11:44:32,309] logger_util.py->write_log line:61 [INFO] 请求头：{'Content-Type': 'application/json;charset=UTF-8', 'X-Project': '43c7544f09bd477c9aa4134dc09a4a08'}
[2022-10-10 11:44:32,309] logger_util.py->write_log line:61 [INFO] 请求参数：图库2
[2022-10-10 11:44:32,309] logger_util.py->write_log line:61 [INFO] 文件上传：None
[2022-10-10 11:44:32,412] logger_util.py->write_log line:61 [INFO] 预期结果：[{'equals': {'status_code': 200}}]
[2022-10-10 11:44:32,412] logger_util.py->write_log line:61 [INFO] 实际结果：d00df297711c4d10aa3598f536894d4b
[2022-10-10 11:44:32,412] logger_util.py->write_log line:61 [INFO] 接口请求成功！
[2022-10-10 11:44:32,412] logger_util.py->write_log line:61 [INFO] -------------接口请求结束-----------

[2022-10-10 11:44:32,418] logger_util.py->write_log line:61 [INFO] -------------接口请求开始-----------
[2022-10-10 11:44:32,418] logger_util.py->write_log line:61 [INFO] 接口名称：新建图库组
[2022-10-10 11:44:32,418] logger_util.py->write_log line:61 [INFO] 接口方式：post
[2022-10-10 11:44:32,418] logger_util.py->write_log line:61 [INFO] 接口路径：http://127.0.0.1:18000/api/v1/view/image
[2022-10-10 11:44:32,418] logger_util.py->write_log line:61 [INFO] 请求头：{'Content-Type': 'application/json;charset=UTF-8', 'X-Project': '43c7544f09bd477c9aa4134dc09a4a08'}
[2022-10-10 11:44:32,418] logger_util.py->write_log line:61 [INFO] 请求参数：图库3
[2022-10-10 11:44:32,418] logger_util.py->write_log line:61 [INFO] 文件上传：None
[2022-10-10 11:44:32,504] logger_util.py->write_log line:61 [INFO] 预期结果：[{'equals': {'status_code': 200}}]
[2022-10-10 11:44:32,505] logger_util.py->write_log line:61 [INFO] 实际结果：0461fb6af488440c98f5f663a81ce9fa
[2022-10-10 11:44:32,505] logger_util.py->write_log line:61 [INFO] 接口请求成功！
[2022-10-10 11:44:32,505] logger_util.py->write_log line:61 [INFO] -------------接口请求结束-----------

[2022-10-10 11:44:32,510] logger_util.py->write_log line:61 [INFO] -------------接口请求开始-----------
[2022-10-10 11:44:32,510] logger_util.py->write_log line:61 [INFO] 接口名称：新建图库组
[2022-10-10 11:44:32,510] logger_util.py->write_log line:61 [INFO] 接口方式：post
[2022-10-10 11:44:32,510] logger_util.py->write_log line:61 [INFO] 接口路径：http://127.0.0.1:18000/api/v1/view/image
[2022-10-10 11:44:32,510] logger_util.py->write_log line:61 [INFO] 请求头：{'Content-Type': 'application/json;charset=UTF-8', 'X-Project': '43c7544f09bd477c9aa4134dc09a4a08'}
[2022-10-10 11:44:32,510] logger_util.py->write_log line:61 [INFO] 请求参数：图库4
[2022-10-10 11:44:32,510] logger_util.py->write_log line:61 [INFO] 文件上传：None
[2022-10-10 11:44:32,628] logger_util.py->write_log line:61 [INFO] 预期结果：[{'equals': {'status_code': 200}}]
[2022-10-10 11:44:32,628] logger_util.py->write_log line:61 [INFO] 实际结果：146f6f3560d34efcaca63a088ca5af53
[2022-10-10 11:44:32,629] logger_util.py->write_log line:61 [INFO] 接口请求成功！
[2022-10-10 11:44:32,629] logger_util.py->write_log line:61 [INFO] -------------接口请求结束-----------

[2022-10-10 11:44:32,648] logger_util.py->write_log line:61 [INFO] -------------接口请求开始-----------
[2022-10-10 11:44:32,648] logger_util.py->write_log line:61 [INFO] 接口名称：新建图库组
[2022-10-10 11:44:32,649] logger_util.py->write_log line:61 [INFO] 接口方式：post
[2022-10-10 11:44:32,649] logger_util.py->write_log line:61 [INFO] 接口路径：http://127.0.0.1:18000/api/v1/view/image
[2022-10-10 11:44:32,649] logger_util.py->write_log line:61 [INFO] 请求头：{'Content-Type': 'application/json;charset=UTF-8', 'X-Project': '43c7544f09bd477c9aa4134dc09a4a08'}
[2022-10-10 11:44:32,649] logger_util.py->write_log line:61 [INFO] 请求参数：图库5
[2022-10-10 11:44:32,650] logger_util.py->write_log line:61 [INFO] 文件上传：None
[2022-10-10 11:44:32,757] logger_util.py->write_log line:61 [INFO] 预期结果：[{'equals': {'status_code': 200}}]
[2022-10-10 11:44:32,757] logger_util.py->write_log line:61 [INFO] 实际结果：b630078d280c4a88a6f112cab9b88386
[2022-10-10 11:44:32,758] logger_util.py->write_log line:61 [INFO] 接口请求成功！
[2022-10-10 11:44:32,758] logger_util.py->write_log line:61 [INFO] -------------接口请求结束-----------

[2022-10-10 11:44:32,763] logger_util.py->write_log line:61 [INFO] -------------接口请求开始-----------
[2022-10-10 11:44:32,763] logger_util.py->write_log line:61 [INFO] 接口名称：新建图库组
[2022-10-10 11:44:32,763] logger_util.py->write_log line:61 [INFO] 接口方式：post
[2022-10-10 11:44:32,763] logger_util.py->write_log line:61 [INFO] 接口路径：http://127.0.0.1:18000/api/v1/view/image
[2022-10-10 11:44:32,763] logger_util.py->write_log line:61 [INFO] 请求头：{'Content-Type': 'application/json;charset=UTF-8', 'X-Project': '43c7544f09bd477c9aa4134dc09a4a08'}
[2022-10-10 11:44:32,763] logger_util.py->write_log line:61 [INFO] 请求参数：图库6
[2022-10-10 11:44:32,763] logger_util.py->write_log line:61 [INFO] 文件上传：None
[2022-10-10 11:44:32,866] logger_util.py->write_log line:61 [INFO] 预期结果：[{'equals': {'status_code': 200}}]
[2022-10-10 11:44:32,866] logger_util.py->write_log line:61 [INFO] 实际结果：aed27be1cdd049c59aa633da0378f1be
[2022-10-10 11:44:32,866] logger_util.py->write_log line:61 [INFO] 接口请求成功！
[2022-10-10 11:44:32,866] logger_util.py->write_log line:61 [INFO] -------------接口请求结束-----------

[2022-10-10 11:44:32,871] logger_util.py->write_log line:61 [INFO] -------------接口请求开始-----------
[2022-10-10 11:44:32,871] logger_util.py->write_log line:61 [INFO] 接口名称：新建图库组
[2022-10-10 11:44:32,871] logger_util.py->write_log line:61 [INFO] 接口方式：post
[2022-10-10 11:44:32,871] logger_util.py->write_log line:61 [INFO] 接口路径：http://127.0.0.1:18000/api/v1/view/image
[2022-10-10 11:44:32,872] logger_util.py->write_log line:61 [INFO] 请求头：{'Content-Type': 'application/json;charset=UTF-8', 'X-Project': '43c7544f09bd477c9aa4134dc09a4a08'}
[2022-10-10 11:44:32,872] logger_util.py->write_log line:61 [INFO] 请求参数：图库7
[2022-10-10 11:44:32,872] logger_util.py->write_log line:61 [INFO] 文件上传：None
[2022-10-10 11:44:32,974] logger_util.py->write_log line:61 [INFO] 预期结果：[{'equals': {'status_code': 200}}]
[2022-10-10 11:44:32,974] logger_util.py->write_log line:61 [INFO] 实际结果：e05d7b7040ef4ee084087e179f821dc1
[2022-10-10 11:44:32,974] logger_util.py->write_log line:61 [INFO] 接口请求成功！
[2022-10-10 11:44:32,974] logger_util.py->write_log line:61 [INFO] -------------接口请求结束-----------

[2022-10-10 11:44:32,980] logger_util.py->write_log line:61 [INFO] -------------接口请求开始-----------
[2022-10-10 11:44:32,980] logger_util.py->write_log line:61 [INFO] 接口名称：新建图库组
[2022-10-10 11:44:32,980] logger_util.py->write_log line:61 [INFO] 接口方式：post
[2022-10-10 11:44:32,980] logger_util.py->write_log line:61 [INFO] 接口路径：http://127.0.0.1:18000/api/v1/view/image
[2022-10-10 11:44:32,980] logger_util.py->write_log line:61 [INFO] 请求头：{'Content-Type': 'application/json;charset=UTF-8', 'X-Project': '43c7544f09bd477c9aa4134dc09a4a08'}
[2022-10-10 11:44:32,980] logger_util.py->write_log line:61 [INFO] 请求参数：图库8
[2022-10-10 11:44:32,980] logger_util.py->write_log line:61 [INFO] 文件上传：None
[2022-10-10 11:44:33,094] logger_util.py->write_log line:61 [INFO] 预期结果：[{'equals': {'status_code': 200}}]
[2022-10-10 11:44:33,094] logger_util.py->write_log line:61 [INFO] 实际结果：89c2f004cba046fdb238ad1ff528beb7
[2022-10-10 11:44:33,094] logger_util.py->write_log line:61 [INFO] 接口请求成功！
[2022-10-10 11:44:33,095] logger_util.py->write_log line:61 [INFO] -------------接口请求结束-----------

[2022-10-10 11:44:33,114] logger_util.py->write_log line:61 [INFO] -------------接口请求开始-----------
[2022-10-10 11:44:33,114] logger_util.py->write_log line:61 [INFO] 接口名称：新建图库组
[2022-10-10 11:44:33,115] logger_util.py->write_log line:61 [INFO] 接口方式：post
[2022-10-10 11:44:33,115] logger_util.py->write_log line:61 [INFO] 接口路径：http://127.0.0.1:18000/api/v1/view/image
[2022-10-10 11:44:33,115] logger_util.py->write_log line:61 [INFO] 请求头：{'Content-Type': 'application/json;charset=UTF-8', 'X-Project': '43c7544f09bd477c9aa4134dc09a4a08'}
[2022-10-10 11:44:33,115] logger_util.py->write_log line:61 [INFO] 请求参数：图库9
[2022-10-10 11:44:33,115] logger_util.py->write_log line:61 [INFO] 文件上传：None
[2022-10-10 11:44:33,215] logger_util.py->write_log line:61 [INFO] 预期结果：[{'equals': {'status_code': 200}}]
[2022-10-10 11:44:33,215] logger_util.py->write_log line:61 [INFO] 实际结果：c2fb39a52fd64e9db3f2fdc0c1125978
[2022-10-10 11:44:33,215] logger_util.py->write_log line:61 [INFO] 接口请求成功！
[2022-10-10 11:44:33,215] logger_util.py->write_log line:61 [INFO] -------------接口请求结束-----------

[2022-10-10 11:44:33,221] logger_util.py->write_log line:61 [INFO] -------------接口请求开始-----------
[2022-10-10 11:44:33,221] logger_util.py->write_log line:61 [INFO] 接口名称：新建图库组
[2022-10-10 11:44:33,221] logger_util.py->write_log line:61 [INFO] 接口方式：post
[2022-10-10 11:44:33,221] logger_util.py->write_log line:61 [INFO] 接口路径：http://127.0.0.1:18000/api/v1/view/image
[2022-10-10 11:44:33,221] logger_util.py->write_log line:61 [INFO] 请求头：{'Content-Type': 'application/json;charset=UTF-8', 'X-Project': '43c7544f09bd477c9aa4134dc09a4a08'}
[2022-10-10 11:44:33,221] logger_util.py->write_log line:61 [INFO] 请求参数：图库10
[2022-10-10 11:44:33,221] logger_util.py->write_log line:61 [INFO] 文件上传：None
[2022-10-10 11:44:33,324] logger_util.py->write_log line:61 [INFO] 预期结果：[{'equals': {'status_code': 200}}]
[2022-10-10 11:44:33,324] logger_util.py->write_log line:61 [INFO] 实际结果：6ef14d7e66dc423bbe5cd983b8f78fc5
[2022-10-10 11:44:33,324] logger_util.py->write_log line:61 [INFO] 接口请求成功！
[2022-10-10 11:44:33,325] logger_util.py->write_log line:61 [INFO] -------------接口请求结束-----------

