[2023-12-12 09:58:54,612] logger_util.py->write_log line:61 [INFO] 
-------------接口请求开始-----------
[2023-12-12 09:58:54,613] logger_util.py->write_log line:61 [INFO] 接口名称：创建互联项
[2023-12-12 09:58:54,613] logger_util.py->write_log line:61 [INFO] 接口方式：post
[2023-12-12 09:58:54,613] logger_util.py->write_log line:61 [INFO] 接口路径：http://127.0.0.1:18000/api/v1/connection
[2023-12-12 09:58:54,613] logger_util.py->write_log line:61 [INFO] 请求头：{'X-Project': 'fb63700a195245b9bb42ef9e036ce674'}
[2023-12-12 09:58:54,613] logger_util.py->write_log line:61 [INFO] 请求参数：{'id': None, 'name': 'mysql4253', 'connectionType': 1, 'databaseType': 1, 'authenticationType': None, 'server': '192.168.2.98', 'port': '3306', 'database': 'TestDB', 'databasePath': '', 'userName': 'root', 'password': 'syc123', 'changedPassword': True, 'mqttType': None, 'pushType': None, 'timingPeriod': None, 'changingPeriod': None, 'cloudDeviceId': '', 'originalSecret': ''}
[2023-12-12 09:58:54,614] logger_util.py->write_log line:61 [INFO] 文件上传：None
[2023-12-12 09:58:54,638] logger_util.py->write_log line:61 [INFO] 预期结果：[{'equals': {'status_code': 200}}]
[2023-12-12 09:58:54,638] logger_util.py->write_log line:61 [INFO] 实际结果：{'data': {'id': 3, 'name': 'mysql4253', 'connectionType': 1, 'databaseType': 1, 'authenticationType': 0, 'server': '192.168.2.98', 'port': 3306, 'database': 'TestDB', 'databasePath': '', 'userName': 'root'}, 'message': ''}
[2023-12-12 09:58:54,638] logger_util.py->write_log line:61 [INFO] 接口请求成功！
[2023-12-12 09:58:54,638] logger_util.py->write_log line:61 [INFO] 
-------------接口请求结束-----------

[2023-12-12 09:58:54,649] logger_util.py->write_log line:61 [INFO] 
-------------接口请求开始-----------
[2023-12-12 09:58:54,650] logger_util.py->write_log line:61 [INFO] 接口名称：关闭互联项
[2023-12-12 09:58:54,650] logger_util.py->write_log line:61 [INFO] 接口方式：put
[2023-12-12 09:58:54,650] logger_util.py->write_log line:61 [INFO] 接口路径：http://127.0.0.1:18000/api/v1/connection/switch/1/3/off
[2023-12-12 09:58:54,650] logger_util.py->write_log line:61 [INFO] 请求头：{'X-Project': 'fb63700a195245b9bb42ef9e036ce674'}
[2023-12-12 09:58:54,650] logger_util.py->write_log line:61 [INFO] 文件上传：None
[2023-12-12 09:58:54,658] logger_util.py->write_log line:61 [INFO] 预期结果：[{'equals': {'status_code': 200}}]
[2023-12-12 09:58:54,659] logger_util.py->write_log line:61 [INFO] 实际结果：[{'nodeGuid': '79e821c4-c943-491b-a50a-382365c3a709', 'id': 3, 'type': 1, 'name': 'mysql4253', 'status': 0, 'errorMsg': None, 'children': []}]
[2023-12-12 09:58:54,659] logger_util.py->write_log line:61 [INFO] 接口请求成功！
[2023-12-12 09:58:54,659] logger_util.py->write_log line:61 [INFO] 
-------------接口请求结束-----------

[2023-12-12 09:58:54,666] logger_util.py->write_log line:61 [INFO] 
-------------接口请求开始-----------
[2023-12-12 09:58:54,666] logger_util.py->write_log line:61 [INFO] 接口名称：开启互联项
[2023-12-12 09:58:54,667] logger_util.py->write_log line:61 [INFO] 接口方式：put
[2023-12-12 09:58:54,667] logger_util.py->write_log line:61 [INFO] 接口路径：http://127.0.0.1:18000/api/v1/connection/switch/1/3/on
[2023-12-12 09:58:54,667] logger_util.py->write_log line:61 [INFO] 请求头：{'X-Project': 'fb63700a195245b9bb42ef9e036ce674'}
[2023-12-12 09:58:54,667] logger_util.py->write_log line:61 [INFO] 文件上传：None
[2023-12-12 09:58:54,676] logger_util.py->write_log line:61 [INFO] 预期结果：[{'equals': {'status_code': 200}}]
[2023-12-12 09:58:54,676] logger_util.py->write_log line:61 [INFO] 实际结果：[{'nodeGuid': '221362a3-fdb6-488e-839d-c9eead01557e', 'id': 3, 'type': 1, 'name': 'mysql4253', 'status': 0, 'errorMsg': None, 'children': []}]
[2023-12-12 09:58:54,676] logger_util.py->write_log line:61 [INFO] 接口请求成功！
[2023-12-12 09:58:54,676] logger_util.py->write_log line:61 [INFO] 
-------------接口请求结束-----------

[2023-12-12 09:58:54,684] logger_util.py->write_log line:61 [INFO] 
-------------接口请求开始-----------
[2023-12-12 09:58:54,684] logger_util.py->write_log line:61 [INFO] 接口名称：重命名互联项
[2023-12-12 09:58:54,684] logger_util.py->write_log line:61 [INFO] 接口方式：put
[2023-12-12 09:58:54,685] logger_util.py->write_log line:61 [INFO] 接口路径：http://127.0.0.1:18000/api/v1/connection/rename/1/3/重命名_mysql549
[2023-12-12 09:58:54,685] logger_util.py->write_log line:61 [INFO] 请求头：{'X-Project': 'fb63700a195245b9bb42ef9e036ce674'}
[2023-12-12 09:58:54,685] logger_util.py->write_log line:61 [INFO] 文件上传：None
[2023-12-12 09:58:54,709] logger_util.py->write_log line:61 [INFO] 预期结果：[{'equals': {'status_code': 200}}]
[2023-12-12 09:58:54,709] logger_util.py->write_log line:61 [INFO] 实际结果：
[2023-12-12 09:58:54,709] logger_util.py->write_log line:61 [INFO] 接口请求成功！
[2023-12-12 09:58:54,709] logger_util.py->write_log line:61 [INFO] 
-------------接口请求结束-----------

[2023-12-12 09:58:54,728] logger_util.py->write_log line:61 [INFO] 
-------------接口请求开始-----------
[2023-12-12 09:58:54,728] logger_util.py->write_log line:61 [INFO] 接口名称：修改互联配置
[2023-12-12 09:58:54,728] logger_util.py->write_log line:61 [INFO] 接口方式：put
[2023-12-12 09:58:54,728] logger_util.py->write_log line:61 [INFO] 接口路径：http://127.0.0.1:18000/api/v1/connection/3/config
[2023-12-12 09:58:54,728] logger_util.py->write_log line:61 [INFO] 请求头：{'X-Project': 'fb63700a195245b9bb42ef9e036ce674'}
[2023-12-12 09:58:54,729] logger_util.py->write_log line:61 [INFO] 请求参数：{'id': 3, 'name': '改配_mysql83', 'connectionType': 1, 'databaseType': 1, 'authenticationType': 0, 'server': '192.168.2.98', 'port': '3306', 'database': 'TestDB', 'databasePath': '', 'userName': 'root', 'password': 'syc123'}
[2023-12-12 09:58:54,729] logger_util.py->write_log line:61 [INFO] 文件上传：None
[2023-12-12 09:58:54,749] logger_util.py->write_log line:61 [INFO] 预期结果：[{'equals': {'status_code': 200}}]
[2023-12-12 09:58:54,750] logger_util.py->write_log line:61 [INFO] 实际结果：{'data': {'id': 3, 'name': '改配_mysql83', 'connectionType': 1, 'databaseType': 1, 'authenticationType': 0, 'server': '192.168.2.98', 'port': 3306, 'database': 'TestDB', 'databasePath': '', 'userName': 'root'}, 'message': ''}
[2023-12-12 09:58:54,750] logger_util.py->write_log line:61 [INFO] 接口请求成功！
[2023-12-12 09:58:54,750] logger_util.py->write_log line:61 [INFO] 
-------------接口请求结束-----------

[2023-12-12 09:58:54,757] logger_util.py->write_log line:61 [INFO] 
-------------接口请求开始-----------
[2023-12-12 09:58:54,757] logger_util.py->write_log line:61 [INFO] 接口名称：删除互联项
[2023-12-12 09:58:54,758] logger_util.py->write_log line:61 [INFO] 接口方式：delete
[2023-12-12 09:58:54,758] logger_util.py->write_log line:61 [INFO] 接口路径：http://127.0.0.1:18000/api/v1/connection/1/3
[2023-12-12 09:58:54,758] logger_util.py->write_log line:61 [INFO] 请求头：{'X-Project': 'fb63700a195245b9bb42ef9e036ce674'}
[2023-12-12 09:58:54,758] logger_util.py->write_log line:61 [INFO] 文件上传：None
[2023-12-12 09:58:54,782] logger_util.py->write_log line:61 [INFO] 预期结果：[{'equals': {'status_code': 200}}]
[2023-12-12 09:58:54,782] logger_util.py->write_log line:61 [INFO] 实际结果：
[2023-12-12 09:58:54,782] logger_util.py->write_log line:61 [INFO] 接口请求成功！
[2023-12-12 09:58:54,782] logger_util.py->write_log line:61 [INFO] 
-------------接口请求结束-----------

[2023-12-12 09:58:54,800] logger_util.py->write_log line:61 [INFO] 
-------------接口请求开始-----------
[2023-12-12 09:58:54,800] logger_util.py->write_log line:61 [INFO] 接口名称：创建互联项
[2023-12-12 09:58:54,800] logger_util.py->write_log line:61 [INFO] 接口方式：post
[2023-12-12 09:58:54,800] logger_util.py->write_log line:61 [INFO] 接口路径：http://127.0.0.1:18000/api/v1/connection
[2023-12-12 09:58:54,800] logger_util.py->write_log line:61 [INFO] 请求头：{'X-Project': 'fb63700a195245b9bb42ef9e036ce674'}
[2023-12-12 09:58:54,800] logger_util.py->write_log line:61 [INFO] 请求参数：{'id': None, 'name': 'mysql2226', 'connectionType': 1, 'databaseType': 1, 'authenticationType': None, 'server': '192.168.2.98', 'port': '3306', 'database': 'TestDB', 'databasePath': '', 'userName': 'root', 'password': 'syc123', 'changedPassword': True, 'mqttType': None, 'pushType': None, 'timingPeriod': None, 'changingPeriod': None, 'cloudDeviceId': '', 'originalSecret': ''}
[2023-12-12 09:58:54,800] logger_util.py->write_log line:61 [INFO] 文件上传：None
[2023-12-12 09:58:54,821] logger_util.py->write_log line:61 [INFO] 预期结果：[{'equals': {'status_code': 200}}]
[2023-12-12 09:58:54,821] logger_util.py->write_log line:61 [INFO] 实际结果：{'data': {'id': 4, 'name': 'mysql2226', 'connectionType': 1, 'databaseType': 1, 'authenticationType': 0, 'server': '192.168.2.98', 'port': 3306, 'database': 'TestDB', 'databasePath': '', 'userName': 'root'}, 'message': ''}
[2023-12-12 09:58:54,821] logger_util.py->write_log line:61 [INFO] 接口请求成功！
[2023-12-12 09:58:54,821] logger_util.py->write_log line:61 [INFO] 
-------------接口请求结束-----------

[2023-12-12 09:58:54,833] logger_util.py->write_log line:61 [INFO] 
-------------接口请求开始-----------
[2023-12-12 09:58:54,833] logger_util.py->write_log line:61 [INFO] 接口名称：创建映射表
[2023-12-12 09:58:54,833] logger_util.py->write_log line:61 [INFO] 接口方式：post
[2023-12-12 09:58:54,833] logger_util.py->write_log line:61 [INFO] 接口路径：http://127.0.0.1:18000/api/v1/connection/4/table
[2023-12-12 09:58:54,833] logger_util.py->write_log line:61 [INFO] 请求头：{'X-Project': 'fb63700a195245b9bb42ef9e036ce674'}
[2023-12-12 09:58:54,834] logger_util.py->write_log line:61 [INFO] 请求参数：{'isBasic': True, 'databaseTableName': 'student', 'querySql': '', 'name': '插入2289'}
[2023-12-12 09:58:54,834] logger_util.py->write_log line:61 [INFO] 文件上传：None
[2023-12-12 09:58:54,858] logger_util.py->write_log line:61 [INFO] 预期结果：[{'equals': {'status_code': 200}}]
[2023-12-12 09:58:54,858] logger_util.py->write_log line:61 [INFO] 实际结果：{'id': 6, 'name': '插入2289', 'connectionItemId': 4, 'fields': [{'tableName': 'student', 'tableAlias': '', 'columnName': 'id', 'displayName': 'id', 'dataTypeName': 'Int32', 'databaseTypeName': 'Int32', 'isValueType': True, 'isAsterisk': True}, {'tableName': 'student', 'tableAlias': '', 'columnName': 'time', 'displayName': 'time', 'dataTypeName': 'DateTime', 'databaseTypeName': 'DateTime', 'isValueType': False, 'isAsterisk': True}, {'tableName': 'student', 'tableAlias': '', 'columnName': 'name', 'displayName': 'name', 'dataTypeName': 'String', 'databaseTypeName': 'VarChar', 'isValueType': False, 'isAsterisk': True}, {'tableName': 'student', 'tableAlias': '', 'columnName': 'age', 'displayName': 'age', 'dataTypeName': 'Int32', 'databaseTypeName': 'Int32', 'isValueType': True, 'isAsterisk': True}, {'tableName': 'student', 'tableAlias': '', 'columnName': 'money', 'displayName': 'money', 'dataTypeName': 'Single', 'databaseTypeName': 'Float', 'isValueType': True, 'isAsterisk': True}], 'isBasic': True, 'basicDatabaseTableName': 'student', 'querySql': 'select * from `student`', 'detail': None, 'action': None, 'status': 1, 'prevStatus': 0, 'lastErrorMsg': None, 'lastErrorDateTime': None}
[2023-12-12 09:58:54,858] logger_util.py->write_log line:61 [INFO] 接口请求成功！
[2023-12-12 09:58:54,858] logger_util.py->write_log line:61 [INFO] 
-------------接口请求结束-----------

[2023-12-12 09:58:54,871] logger_util.py->write_log line:61 [INFO] 
-------------接口请求开始-----------
[2023-12-12 09:58:54,871] logger_util.py->write_log line:61 [INFO] 接口名称：关闭映射表
[2023-12-12 09:58:54,871] logger_util.py->write_log line:61 [INFO] 接口方式：put
[2023-12-12 09:58:54,871] logger_util.py->write_log line:61 [INFO] 接口路径：http://127.0.0.1:18000/api/v1/connection/switch/2/6/off
[2023-12-12 09:58:54,871] logger_util.py->write_log line:61 [INFO] 请求头：{'X-Project': 'fb63700a195245b9bb42ef9e036ce674'}
[2023-12-12 09:58:54,871] logger_util.py->write_log line:61 [INFO] 文件上传：None
[2023-12-12 09:58:54,890] logger_util.py->write_log line:61 [INFO] 预期结果：[{'equals': {'status_code': 200}}]
[2023-12-12 09:58:54,891] logger_util.py->write_log line:61 [INFO] 实际结果：[{'nodeGuid': '1172f2da-c2f1-47f2-999f-a790404e88b8', 'id': 6, 'type': 2, 'name': '插入2289', 'status': 2, 'errorMsg': None, 'children': []}]
[2023-12-12 09:58:54,891] logger_util.py->write_log line:61 [INFO] 接口请求成功！
[2023-12-12 09:58:54,891] logger_util.py->write_log line:61 [INFO] 
-------------接口请求结束-----------

[2023-12-12 09:58:54,901] logger_util.py->write_log line:61 [INFO] 
-------------接口请求开始-----------
[2023-12-12 09:58:54,901] logger_util.py->write_log line:61 [INFO] 接口名称：开启映射表
[2023-12-12 09:58:54,901] logger_util.py->write_log line:61 [INFO] 接口方式：put
[2023-12-12 09:58:54,901] logger_util.py->write_log line:61 [INFO] 接口路径：http://127.0.0.1:18000/api/v1/connection/switch/2/6/on
[2023-12-12 09:58:54,901] logger_util.py->write_log line:61 [INFO] 请求头：{'X-Project': 'fb63700a195245b9bb42ef9e036ce674'}
[2023-12-12 09:58:54,901] logger_util.py->write_log line:61 [INFO] 文件上传：None
[2023-12-12 09:58:54,926] logger_util.py->write_log line:61 [INFO] 预期结果：[{'equals': {'status_code': 200}}]
[2023-12-12 09:58:54,926] logger_util.py->write_log line:61 [INFO] 实际结果：[{'nodeGuid': '928befe9-8ef3-401f-b244-8dadfb49a8d3', 'id': 6, 'type': 2, 'name': '插入2289', 'status': 1, 'errorMsg': None, 'children': []}]
[2023-12-12 09:58:54,926] logger_util.py->write_log line:61 [INFO] 接口请求成功！
[2023-12-12 09:58:54,926] logger_util.py->write_log line:61 [INFO] 
-------------接口请求结束-----------

[2023-12-12 09:58:54,936] logger_util.py->write_log line:61 [INFO] 
-------------接口请求开始-----------
[2023-12-12 09:58:54,936] logger_util.py->write_log line:61 [INFO] 接口名称：重命名映射表
[2023-12-12 09:58:54,937] logger_util.py->write_log line:61 [INFO] 接口方式：put
[2023-12-12 09:58:54,937] logger_util.py->write_log line:61 [INFO] 接口路径：http://127.0.0.1:18000/api/v1/connection/rename/2/6/student_插入576
[2023-12-12 09:58:54,937] logger_util.py->write_log line:61 [INFO] 请求头：{'X-Project': 'fb63700a195245b9bb42ef9e036ce674'}
[2023-12-12 09:58:54,937] logger_util.py->write_log line:61 [INFO] 文件上传：None
[2023-12-12 09:58:54,959] logger_util.py->write_log line:61 [INFO] 预期结果：[{'equals': {'status_code': 200}}]
[2023-12-12 09:58:54,960] logger_util.py->write_log line:61 [INFO] 实际结果：
[2023-12-12 09:58:54,960] logger_util.py->write_log line:61 [INFO] 接口请求成功！
[2023-12-12 09:58:54,960] logger_util.py->write_log line:61 [INFO] 
-------------接口请求结束-----------

[2023-12-12 09:58:54,967] logger_util.py->write_log line:61 [INFO] 
-------------接口请求开始-----------
[2023-12-12 09:58:54,968] logger_util.py->write_log line:61 [INFO] 接口名称：获取映射表配置
[2023-12-12 09:58:54,968] logger_util.py->write_log line:61 [INFO] 接口方式：get
[2023-12-12 09:58:54,968] logger_util.py->write_log line:61 [INFO] 接口路径：http://127.0.0.1:18000/api/v1/connection/table/6/config
[2023-12-12 09:58:54,968] logger_util.py->write_log line:61 [INFO] 请求头：{'X-Project': 'fb63700a195245b9bb42ef9e036ce674'}
[2023-12-12 09:58:54,968] logger_util.py->write_log line:61 [INFO] 文件上传：None
[2023-12-12 09:58:54,978] logger_util.py->write_log line:61 [INFO] 预期结果：[{'equals': {'status_code': 200}}]
[2023-12-12 09:58:54,978] logger_util.py->write_log line:61 [INFO] 实际结果：{'isBasic': True, 'databaseTableNames': ['student'], 'databaseTableFieldNames': ['id', 'time', 'name', 'age', 'money'], 'querySql': 'select * from `student`'}
[2023-12-12 09:58:54,978] logger_util.py->write_log line:61 [INFO] 接口请求成功！
[2023-12-12 09:58:54,978] logger_util.py->write_log line:61 [INFO] 
-------------接口请求结束-----------

[2023-12-12 09:58:54,986] logger_util.py->write_log line:61 [INFO] 
-------------接口请求开始-----------
[2023-12-12 09:58:54,986] logger_util.py->write_log line:61 [INFO] 接口名称：映射表创建副本
[2023-12-12 09:58:54,986] logger_util.py->write_log line:61 [INFO] 接口方式：post
[2023-12-12 09:58:54,987] logger_util.py->write_log line:61 [INFO] 接口路径：http://127.0.0.1:18000/api/v1/connection/table/6/copy
[2023-12-12 09:58:54,987] logger_util.py->write_log line:61 [INFO] 请求头：{'X-Project': 'fb63700a195245b9bb42ef9e036ce674'}
[2023-12-12 09:58:54,987] logger_util.py->write_log line:61 [INFO] 请求参数：{'name': '副本41'}
[2023-12-12 09:58:54,987] logger_util.py->write_log line:61 [INFO] 文件上传：None
[2023-12-12 09:58:55,011] logger_util.py->write_log line:61 [INFO] 预期结果：[{'equals': {'status_code': 200}}]
[2023-12-12 09:58:55,012] logger_util.py->write_log line:61 [INFO] 实际结果：{'id': 7, 'name': '副本41', 'connectionItemId': 4, 'fields': [{'tableName': 'student', 'tableAlias': '', 'columnName': 'id', 'displayName': 'id', 'dataTypeName': 'Int32', 'databaseTypeName': 'Int32', 'isValueType': True, 'isAsterisk': True}, {'tableName': 'student', 'tableAlias': '', 'columnName': 'time', 'displayName': 'time', 'dataTypeName': 'DateTime', 'databaseTypeName': 'DateTime', 'isValueType': False, 'isAsterisk': True}, {'tableName': 'student', 'tableAlias': '', 'columnName': 'name', 'displayName': 'name', 'dataTypeName': 'String', 'databaseTypeName': 'VarChar', 'isValueType': False, 'isAsterisk': True}, {'tableName': 'student', 'tableAlias': '', 'columnName': 'age', 'displayName': 'age', 'dataTypeName': 'Int32', 'databaseTypeName': 'Int32', 'isValueType': True, 'isAsterisk': True}, {'tableName': 'student', 'tableAlias': '', 'columnName': 'money', 'displayName': 'money', 'dataTypeName': 'Single', 'databaseTypeName': 'Float', 'isValueType': True, 'isAsterisk': True}], 'isBasic': True, 'basicDatabaseTableName': 'student', 'querySql': 'select * from `student`', 'detail': None, 'action': None, 'status': 1, 'prevStatus': 0, 'lastErrorMsg': None, 'lastErrorDateTime': None}
[2023-12-12 09:58:55,012] logger_util.py->write_log line:61 [INFO] 接口请求成功！
[2023-12-12 09:58:55,012] logger_util.py->write_log line:61 [INFO] 
-------------接口请求结束-----------

[2023-12-12 09:58:55,023] logger_util.py->write_log line:61 [INFO] 
-------------接口请求开始-----------
[2023-12-12 09:58:55,024] logger_util.py->write_log line:61 [INFO] 接口名称：删除映射表
[2023-12-12 09:58:55,024] logger_util.py->write_log line:61 [INFO] 接口方式：delete
[2023-12-12 09:58:55,024] logger_util.py->write_log line:61 [INFO] 接口路径：http://127.0.0.1:18000/api/v1/connection/2/7
[2023-12-12 09:58:55,024] logger_util.py->write_log line:61 [INFO] 请求头：{'X-Project': 'fb63700a195245b9bb42ef9e036ce674'}
[2023-12-12 09:58:55,024] logger_util.py->write_log line:61 [INFO] 文件上传：None
[2023-12-12 09:58:55,047] logger_util.py->write_log line:61 [INFO] 预期结果：[{'equals': {'status_code': 200}}]
[2023-12-12 09:58:55,047] logger_util.py->write_log line:61 [INFO] 实际结果：
[2023-12-12 09:58:55,047] logger_util.py->write_log line:61 [INFO] 接口请求成功！
[2023-12-12 09:58:55,047] logger_util.py->write_log line:61 [INFO] 
-------------接口请求结束-----------

[2023-12-12 09:58:55,056] logger_util.py->write_log line:61 [INFO] 
-------------接口请求开始-----------
[2023-12-12 09:58:55,056] logger_util.py->write_log line:61 [INFO] 接口名称：预览数据表
[2023-12-12 09:58:55,057] logger_util.py->write_log line:61 [INFO] 接口方式：post
[2023-12-12 09:58:55,057] logger_util.py->write_log line:61 [INFO] 接口路径：http://127.0.0.1:18000/api/v1/connection/4/preview
[2023-12-12 09:58:55,057] logger_util.py->write_log line:61 [INFO] 请求头：{'X-Project': 'fb63700a195245b9bb42ef9e036ce674'}
[2023-12-12 09:58:55,057] logger_util.py->write_log line:61 [INFO] 请求参数：{'isBasic': True, 'databaseTableName': 'student', 'querySql': '', 'limited': 10}
[2023-12-12 09:58:55,057] logger_util.py->write_log line:61 [INFO] 文件上传：None
[2023-12-12 09:58:55,065] logger_util.py->write_log line:61 [INFO] 预期结果：[{'equals': {'status_code': 200}}]
[2023-12-12 09:58:55,065] logger_util.py->write_log line:61 [INFO] 实际结果：{'headers': ['id', 'time', 'name', 'age', 'money'], 'data': []}
[2023-12-12 09:58:55,065] logger_util.py->write_log line:61 [INFO] 接口请求成功！
[2023-12-12 09:58:55,065] logger_util.py->write_log line:61 [INFO] 
-------------接口请求结束-----------

[2023-12-12 09:58:55,073] logger_util.py->write_log line:61 [INFO] 
-------------接口请求开始-----------
[2023-12-12 09:58:55,073] logger_util.py->write_log line:61 [INFO] 接口名称：保存配置-插入
[2023-12-12 09:58:55,073] logger_util.py->write_log line:61 [INFO] 接口方式：put
[2023-12-12 09:58:55,073] logger_util.py->write_log line:61 [INFO] 接口路径：http://127.0.0.1:18000/api/v1/connection/table/6/save
[2023-12-12 09:58:55,073] logger_util.py->write_log line:61 [INFO] 请求头：{'X-Project': 'fb63700a195245b9bb42ef9e036ce674'}
[2023-12-12 09:58:55,073] logger_util.py->write_log line:61 [INFO] 请求参数：{'actionType': 2, 'filters': [], 'sorts': [{'field': 'id', 'sortType': 2}], 'mappings': [{'field': 'time', 'relativeVariable': 'aa16', 'dataType': '日期时间', 'order': 1}, {'field': 'name', 'relativeVariable': 'A12', 'dataType': '字符串', 'order': 2}, {'field': 'age', 'relativeVariable': 'A2', 'dataType': '有符号8位整型', 'order': 3}, {'field': 'money', 'relativeVariable': 'A10', 'dataType': 'F32位浮点数IEEE754', 'order': 4}]}
[2023-12-12 09:58:55,073] logger_util.py->write_log line:61 [INFO] 文件上传：None
[2023-12-12 09:58:55,099] logger_util.py->write_log line:61 [INFO] 预期结果：[{'equals': {'status_code': 200}}]
[2023-12-12 09:58:55,099] logger_util.py->write_log line:61 [INFO] 实际结果：{'id': 6, 'name': 'student_插入576', 'connectionItemId': 4, 'fields': [{'tableName': 'student', 'tableAlias': '', 'columnName': 'id', 'displayName': 'id', 'dataTypeName': 'Int32', 'databaseTypeName': 'Int32', 'isValueType': True, 'isAsterisk': True}, {'tableName': 'student', 'tableAlias': '', 'columnName': 'time', 'displayName': 'time', 'dataTypeName': 'DateTime', 'databaseTypeName': 'DateTime', 'isValueType': False, 'isAsterisk': True}, {'tableName': 'student', 'tableAlias': '', 'columnName': 'name', 'displayName': 'name', 'dataTypeName': 'String', 'databaseTypeName': 'VarChar', 'isValueType': False, 'isAsterisk': True}, {'tableName': 'student', 'tableAlias': '', 'columnName': 'age', 'displayName': 'age', 'dataTypeName': 'Int32', 'databaseTypeName': 'Int32', 'isValueType': True, 'isAsterisk': True}, {'tableName': 'student', 'tableAlias': '', 'columnName': 'money', 'displayName': 'money', 'dataTypeName': 'Single', 'databaseTypeName': 'Float', 'isValueType': True, 'isAsterisk': True}], 'isBasic': True, 'basicDatabaseTableName': 'student', 'querySql': 'select * from `student`', 'detail': {'actionType': 2, 'filters': [], 'sorts': [{'displayName': 'id', 'sortType': 2}], 'mapping': {'pendingDisplayNameRelativeVariable': None, 'ioMappings': [{'displayName': 'name', 'relativeVariable': 'A12', 'dataType': 16384, 'order': 2}, {'displayName': 'age', 'relativeVariable': 'A2', 'dataType': 2, 'order': 3}, {'displayName': 'money', 'relativeVariable': 'A10', 'dataType': 512, 'order': 4}], 'innerMappings': [{'displayName': 'time', 'relativeVariable': 'aa16', 'dataType': 8192, 'order': 1}], 'systemMappings': []}}, 'action': {'actionType': 2, 'mainSql': 'insert into `student` (`name`,`age`,`money`,`time`) values ({0},{1},{2},{3})', 'sortSql': '`id` desc', 'filterSql': '', 'mainSqlParams': [{'key': 'A12', 'value': False}, {'key': 'A2', 'value': True}, {'key': 'A10', 'value': True}, {'key': 'aa16', 'value': False}], 'filterSqlParams': [], 'assignment': None}, 'status': 1, 'prevStatus': 2, 'lastErrorMsg': None, 'lastErrorDateTime': None}
[2023-12-12 09:58:55,100] logger_util.py->write_log line:61 [INFO] 接口请求成功！
[2023-12-12 09:58:55,100] logger_util.py->write_log line:61 [INFO] 
-------------接口请求结束-----------

[2023-12-12 09:58:55,109] logger_util.py->write_log line:61 [INFO] 
-------------接口请求开始-----------
[2023-12-12 09:58:55,109] logger_util.py->write_log line:61 [INFO] 接口名称：下发A2=10
[2023-12-12 09:58:55,109] logger_util.py->write_log line:61 [INFO] 接口方式：post
[2023-12-12 09:58:55,109] logger_util.py->write_log line:61 [INFO] 接口路径：http://127.0.0.1:18000/api/v1/variable/setvalues
[2023-12-12 09:58:55,109] logger_util.py->write_log line:61 [INFO] 请求头：{'X-Project': 'fb63700a195245b9bb42ef9e036ce674', 'Authorization': 'Bearer eyJhbGciOiJIUzI1NiIsInR5cCI6IkpXVCJ9.eyJodHRwOi8vc2NoZW1hcy54bWxzb2FwLm9yZy93cy8yMDA1LzA1L2lkZW50aXR5L2NsYWltcy9uYW1lIjoiU3VwZXJBZG1pbiIsImh0dHA6Ly9zY2hlbWFzLnhtbHNvYXAub3JnL3dzLzIwMDUvMDUvaWRlbnRpdHkvY2xhaW1zL25hbWVpZGVudGlmaWVyIjoiU3VwZXJBZG1pbiIsImV4cCI6MTcwMjk0OTM5MiwiaXNzIjoiQ01TdjIiLCJhdWQiOiJBcGkifQ.DTE3ExRd5e35qx7qyEGhaNLjjzP8QxhHUoLCzYg7Hcc'}
[2023-12-12 09:58:55,109] logger_util.py->write_log line:61 [INFO] 请求参数：{'A2': '10'}
[2023-12-12 09:58:55,109] logger_util.py->write_log line:61 [INFO] 文件上传：None
[2023-12-12 09:58:55,122] logger_util.py->write_log line:61 [INFO] 预期结果：[{'equals': {'status_code': 200}}, {'equals': {'allSuccess': True}}]
[2023-12-12 09:58:55,122] logger_util.py->write_log line:61 [INFO] 实际结果：{'allSuccess': True, 'items': {'A2': {'value': 10, 'quality': 0, 'errorMsg': None}}}
[2023-12-12 09:58:55,122] logger_util.py->write_log line:61 [INFO] 接口请求成功！
[2023-12-12 09:58:55,122] logger_util.py->write_log line:61 [INFO] 
-------------接口请求结束-----------

[2023-12-12 09:58:57,145] logger_util.py->write_log line:61 [INFO] 
-------------接口请求开始-----------
[2023-12-12 09:58:57,145] logger_util.py->write_log line:61 [INFO] 接口名称：下发A10=10.456
[2023-12-12 09:58:57,145] logger_util.py->write_log line:61 [INFO] 接口方式：post
[2023-12-12 09:58:57,145] logger_util.py->write_log line:61 [INFO] 接口路径：http://127.0.0.1:18000/api/v1/variable/setvalues
[2023-12-12 09:58:57,145] logger_util.py->write_log line:61 [INFO] 请求头：{'X-Project': 'fb63700a195245b9bb42ef9e036ce674', 'Authorization': 'Bearer eyJhbGciOiJIUzI1NiIsInR5cCI6IkpXVCJ9.eyJodHRwOi8vc2NoZW1hcy54bWxzb2FwLm9yZy93cy8yMDA1LzA1L2lkZW50aXR5L2NsYWltcy9uYW1lIjoiU3VwZXJBZG1pbiIsImh0dHA6Ly9zY2hlbWFzLnhtbHNvYXAub3JnL3dzLzIwMDUvMDUvaWRlbnRpdHkvY2xhaW1zL25hbWVpZGVudGlmaWVyIjoiU3VwZXJBZG1pbiIsImV4cCI6MTcwMjk0OTM5MiwiaXNzIjoiQ01TdjIiLCJhdWQiOiJBcGkifQ.DTE3ExRd5e35qx7qyEGhaNLjjzP8QxhHUoLCzYg7Hcc'}
[2023-12-12 09:58:57,145] logger_util.py->write_log line:61 [INFO] 请求参数：{'A10': '10.456'}
[2023-12-12 09:58:57,145] logger_util.py->write_log line:61 [INFO] 文件上传：None
[2023-12-12 09:58:57,154] logger_util.py->write_log line:61 [INFO] 预期结果：[{'equals': {'status_code': 200}}, {'equals': {'allSuccess': True}}]
[2023-12-12 09:58:57,154] logger_util.py->write_log line:61 [INFO] 实际结果：{'allSuccess': True, 'items': {'A10': {'value': 10.456, 'quality': 0, 'errorMsg': None}}}
[2023-12-12 09:58:57,154] logger_util.py->write_log line:61 [INFO] 接口请求成功！
[2023-12-12 09:58:57,154] logger_util.py->write_log line:61 [INFO] 
-------------接口请求结束-----------

[2023-12-12 09:58:59,168] logger_util.py->write_log line:61 [INFO] 
-------------接口请求开始-----------
[2023-12-12 09:58:59,168] logger_util.py->write_log line:61 [INFO] 接口名称：下发A12=中文1
[2023-12-12 09:58:59,168] logger_util.py->write_log line:61 [INFO] 接口方式：post
[2023-12-12 09:58:59,168] logger_util.py->write_log line:61 [INFO] 接口路径：http://127.0.0.1:18000/api/v1/variable/setvalues
[2023-12-12 09:58:59,168] logger_util.py->write_log line:61 [INFO] 请求头：{'X-Project': 'fb63700a195245b9bb42ef9e036ce674', 'Authorization': 'Bearer eyJhbGciOiJIUzI1NiIsInR5cCI6IkpXVCJ9.eyJodHRwOi8vc2NoZW1hcy54bWxzb2FwLm9yZy93cy8yMDA1LzA1L2lkZW50aXR5L2NsYWltcy9uYW1lIjoiU3VwZXJBZG1pbiIsImh0dHA6Ly9zY2hlbWFzLnhtbHNvYXAub3JnL3dzLzIwMDUvMDUvaWRlbnRpdHkvY2xhaW1zL25hbWVpZGVudGlmaWVyIjoiU3VwZXJBZG1pbiIsImV4cCI6MTcwMjk0OTM5MiwiaXNzIjoiQ01TdjIiLCJhdWQiOiJBcGkifQ.DTE3ExRd5e35qx7qyEGhaNLjjzP8QxhHUoLCzYg7Hcc'}
[2023-12-12 09:58:59,168] logger_util.py->write_log line:61 [INFO] 请求参数：{'A12': '中文1'}
[2023-12-12 09:58:59,168] logger_util.py->write_log line:61 [INFO] 文件上传：None
[2023-12-12 09:58:59,176] logger_util.py->write_log line:61 [INFO] 预期结果：[{'equals': {'status_code': 200}}, {'equals': {'allSuccess': True}}]
[2023-12-12 09:58:59,176] logger_util.py->write_log line:61 [INFO] 实际结果：{'allSuccess': True, 'items': {'A12': {'value': '中文1', 'quality': 0, 'errorMsg': None}}}
[2023-12-12 09:58:59,176] logger_util.py->write_log line:61 [INFO] 接口请求成功！
[2023-12-12 09:58:59,176] logger_util.py->write_log line:61 [INFO] 
-------------接口请求结束-----------

[2023-12-12 09:59:01,192] logger_util.py->write_log line:61 [INFO] 
-------------接口请求开始-----------
[2023-12-12 09:59:01,192] logger_util.py->write_log line:61 [INFO] 接口名称：下发aa16=2023-10-20 18:40:55
[2023-12-12 09:59:01,193] logger_util.py->write_log line:61 [INFO] 接口方式：post
[2023-12-12 09:59:01,193] logger_util.py->write_log line:61 [INFO] 接口路径：http://127.0.0.1:18000/api/v1/variable/setvalues
[2023-12-12 09:59:01,193] logger_util.py->write_log line:61 [INFO] 请求头：{'X-Project': 'fb63700a195245b9bb42ef9e036ce674', 'Authorization': 'Bearer eyJhbGciOiJIUzI1NiIsInR5cCI6IkpXVCJ9.eyJodHRwOi8vc2NoZW1hcy54bWxzb2FwLm9yZy93cy8yMDA1LzA1L2lkZW50aXR5L2NsYWltcy9uYW1lIjoiU3VwZXJBZG1pbiIsImh0dHA6Ly9zY2hlbWFzLnhtbHNvYXAub3JnL3dzLzIwMDUvMDUvaWRlbnRpdHkvY2xhaW1zL25hbWVpZGVudGlmaWVyIjoiU3VwZXJBZG1pbiIsImV4cCI6MTcwMjk0OTM5MiwiaXNzIjoiQ01TdjIiLCJhdWQiOiJBcGkifQ.DTE3ExRd5e35qx7qyEGhaNLjjzP8QxhHUoLCzYg7Hcc'}
[2023-12-12 09:59:01,193] logger_util.py->write_log line:61 [INFO] 请求参数：{'aa16': '2023-10-20 18:40:55'}
[2023-12-12 09:59:01,193] logger_util.py->write_log line:61 [INFO] 文件上传：None
[2023-12-12 09:59:01,195] logger_util.py->write_log line:61 [INFO] 预期结果：[{'equals': {'status_code': 200}}, {'equals': {'allSuccess': True}}]
[2023-12-12 09:59:01,195] logger_util.py->write_log line:61 [INFO] 实际结果：{'allSuccess': True, 'items': {'aa16': {'value': '2023/10/20 18:40:55', 'quality': 0, 'errorMsg': None}}}
[2023-12-12 09:59:01,195] logger_util.py->write_log line:61 [INFO] 接口请求成功！
[2023-12-12 09:59:01,196] logger_util.py->write_log line:61 [INFO] 
-------------接口请求结束-----------

[2023-12-12 09:59:03,314] logger_util.py->write_log line:61 [INFO] 
-------------接口请求开始-----------
[2023-12-12 09:59:03,314] logger_util.py->write_log line:61 [INFO] 接口名称：执行插入语句
[2023-12-12 09:59:03,315] logger_util.py->write_log line:61 [INFO] 接口方式：get
[2023-12-12 09:59:03,315] logger_util.py->write_log line:61 [INFO] 接口路径：http://127.0.0.1:18000/api/v1/connection/table/6/executetest
[2023-12-12 09:59:03,315] logger_util.py->write_log line:61 [INFO] 请求头：{'X-Project': 'fb63700a195245b9bb42ef9e036ce674'}
[2023-12-12 09:59:03,315] logger_util.py->write_log line:61 [INFO] 文件上传：None
[2023-12-12 09:59:03,850] logger_util.py->write_log line:61 [INFO] 预期结果：[{'equals': {'status_code': 200}}, {'equals': {'action': '插入'}}, {'equals': {'status': '成功'}}, {'equals': {'A12': '中文1'}}, {'equals': {'A2': '10'}}, {'equals': {'A10': '10.456'}}, {'equals': {'aa16': '2023/10/20 18:40:55'}}]
[2023-12-12 09:59:03,850] logger_util.py->write_log line:61 [INFO] 实际结果：{'record': {'dateTime': '2023/12/12 09:59:03', 'action': '插入', 'status': '成功', 'data': {'A12': '中文1', 'A2': '10', 'A10': '10.456', 'aa16': '2023/10/20 18:40:55'}}, 'info': '测试时间: 2023/12/12 09:59:03\r\n动作: 插入\r\n\r\n数据库:\r\n执行结果: OK\r\n插入时间: 0.01s\r\n', 'status': 1, 'lastErrorMsg': None}
[2023-12-12 09:59:03,850] logger_util.py->write_log line:61 [INFO] 接口请求成功！
[2023-12-12 09:59:03,850] logger_util.py->write_log line:61 [INFO] 
-------------接口请求结束-----------

[2023-12-12 09:59:03,859] logger_util.py->write_log line:61 [INFO] 
-------------接口请求开始-----------
[2023-12-12 09:59:03,859] logger_util.py->write_log line:61 [INFO] 接口名称：刷新-插入
[2023-12-12 09:59:03,859] logger_util.py->write_log line:61 [INFO] 接口方式：get
[2023-12-12 09:59:03,859] logger_util.py->write_log line:61 [INFO] 接口路径：http://127.0.0.1:18000/api/v1/connection/table/6/preview
[2023-12-12 09:59:03,859] logger_util.py->write_log line:61 [INFO] 请求头：{'X-Project': 'fb63700a195245b9bb42ef9e036ce674'}
[2023-12-12 09:59:03,859] logger_util.py->write_log line:61 [INFO] 文件上传：None
[2023-12-12 09:59:03,870] logger_util.py->write_log line:61 [INFO] 预期结果：[{'equals': {'status_code': 200}}, {'equals': {'age': 10}}, {'equals': {'money': 10.456}}, {'equals': {'name': '中文1'}}, {'equals': {'time': '2023-10-20 18:40:55'}}]
[2023-12-12 09:59:03,870] logger_util.py->write_log line:61 [INFO] 实际结果：{'status': 1, 'lastErrorMsg': None, 'total': 1, 'headers': ['id', 'time', 'name', 'age', 'money'], 'data': [{'id': 1, 'time': '2023-10-20 18:40:55', 'name': '中文1', 'age': 10, 'money': 10.456}]}
[2023-12-12 09:59:03,870] logger_util.py->write_log line:61 [INFO] 接口请求成功！
[2023-12-12 09:59:03,870] logger_util.py->write_log line:61 [INFO] 
-------------接口请求结束-----------

[2023-12-12 09:59:03,878] logger_util.py->write_log line:61 [INFO] 
-------------接口请求开始-----------
[2023-12-12 09:59:03,878] logger_util.py->write_log line:61 [INFO] 接口名称：创建映射表-查询
[2023-12-12 09:59:03,878] logger_util.py->write_log line:61 [INFO] 接口方式：post
[2023-12-12 09:59:03,878] logger_util.py->write_log line:61 [INFO] 接口路径：http://127.0.0.1:18000/api/v1/connection/4/table
[2023-12-12 09:59:03,879] logger_util.py->write_log line:61 [INFO] 请求头：{'X-Project': 'fb63700a195245b9bb42ef9e036ce674'}
[2023-12-12 09:59:03,879] logger_util.py->write_log line:61 [INFO] 请求参数：{'isBasic': True, 'databaseTableName': 'student', 'querySql': '', 'name': 'student_3950'}
[2023-12-12 09:59:03,879] logger_util.py->write_log line:61 [INFO] 文件上传：None
[2023-12-12 09:59:03,902] logger_util.py->write_log line:61 [INFO] 预期结果：[{'equals': {'status_code': 200}}]
[2023-12-12 09:59:03,902] logger_util.py->write_log line:61 [INFO] 实际结果：{'id': 8, 'name': 'student_3950', 'connectionItemId': 4, 'fields': [{'tableName': 'student', 'tableAlias': '', 'columnName': 'id', 'displayName': 'id', 'dataTypeName': 'Int32', 'databaseTypeName': 'Int32', 'isValueType': True, 'isAsterisk': True}, {'tableName': 'student', 'tableAlias': '', 'columnName': 'time', 'displayName': 'time', 'dataTypeName': 'DateTime', 'databaseTypeName': 'DateTime', 'isValueType': False, 'isAsterisk': True}, {'tableName': 'student', 'tableAlias': '', 'columnName': 'name', 'displayName': 'name', 'dataTypeName': 'String', 'databaseTypeName': 'VarChar', 'isValueType': False, 'isAsterisk': True}, {'tableName': 'student', 'tableAlias': '', 'columnName': 'age', 'displayName': 'age', 'dataTypeName': 'Int32', 'databaseTypeName': 'Int32', 'isValueType': True, 'isAsterisk': True}, {'tableName': 'student', 'tableAlias': '', 'columnName': 'money', 'displayName': 'money', 'dataTypeName': 'Single', 'databaseTypeName': 'Float', 'isValueType': True, 'isAsterisk': True}], 'isBasic': True, 'basicDatabaseTableName': 'student', 'querySql': 'select * from `student`', 'detail': None, 'action': None, 'status': 1, 'prevStatus': 0, 'lastErrorMsg': None, 'lastErrorDateTime': None}
[2023-12-12 09:59:03,902] logger_util.py->write_log line:61 [INFO] 接口请求成功！
[2023-12-12 09:59:03,903] logger_util.py->write_log line:61 [INFO] 
-------------接口请求结束-----------

[2023-12-12 09:59:04,920] logger_util.py->write_log line:61 [INFO] 
-------------接口请求开始-----------
[2023-12-12 09:59:04,920] logger_util.py->write_log line:61 [INFO] 接口名称：保存配置-查询
[2023-12-12 09:59:04,920] logger_util.py->write_log line:61 [INFO] 接口方式：put
[2023-12-12 09:59:04,921] logger_util.py->write_log line:61 [INFO] 接口路径：http://127.0.0.1:18000/api/v1/connection/table/8/save
[2023-12-12 09:59:04,921] logger_util.py->write_log line:61 [INFO] 请求头：{'X-Project': 'fb63700a195245b9bb42ef9e036ce674'}
[2023-12-12 09:59:04,921] logger_util.py->write_log line:61 [INFO] 请求参数：{'actionType': 1, 'filters': [], 'sorts': [{'field': 'id', 'sortType': 2}], 'mappings': [{'field': 'time', 'relativeVariable': 'aa16', 'dataType': '日期时间', 'order': 1}, {'field': 'name', 'relativeVariable': 'A12', 'dataType': '字符串', 'order': 2}, {'field': 'age', 'relativeVariable': 'A2', 'dataType': '有符号8位整型', 'order': 3}, {'field': 'money', 'relativeVariable': 'A10', 'dataType': 'F32位浮点数IEEE754', 'order': 4}]}
[2023-12-12 09:59:04,921] logger_util.py->write_log line:61 [INFO] 文件上传：None
[2023-12-12 09:59:04,945] logger_util.py->write_log line:61 [INFO] 预期结果：[{'equals': {'status_code': 200}}]
[2023-12-12 09:59:04,946] logger_util.py->write_log line:61 [INFO] 实际结果：{'id': 8, 'name': 'student_3950', 'connectionItemId': 4, 'fields': [{'tableName': 'student', 'tableAlias': '', 'columnName': 'id', 'displayName': 'id', 'dataTypeName': 'Int32', 'databaseTypeName': 'Int32', 'isValueType': True, 'isAsterisk': True}, {'tableName': 'student', 'tableAlias': '', 'columnName': 'time', 'displayName': 'time', 'dataTypeName': 'DateTime', 'databaseTypeName': 'DateTime', 'isValueType': False, 'isAsterisk': True}, {'tableName': 'student', 'tableAlias': '', 'columnName': 'name', 'displayName': 'name', 'dataTypeName': 'String', 'databaseTypeName': 'VarChar', 'isValueType': False, 'isAsterisk': True}, {'tableName': 'student', 'tableAlias': '', 'columnName': 'age', 'displayName': 'age', 'dataTypeName': 'Int32', 'databaseTypeName': 'Int32', 'isValueType': True, 'isAsterisk': True}, {'tableName': 'student', 'tableAlias': '', 'columnName': 'money', 'displayName': 'money', 'dataTypeName': 'Single', 'databaseTypeName': 'Float', 'isValueType': True, 'isAsterisk': True}], 'isBasic': True, 'basicDatabaseTableName': 'student', 'querySql': 'select * from `student`', 'detail': {'actionType': 1, 'filters': [], 'sorts': [{'displayName': 'id', 'sortType': 2}], 'mapping': {'pendingDisplayNameRelativeVariable': None, 'ioMappings': [{'displayName': 'name', 'relativeVariable': 'A12', 'dataType': 16384, 'order': 2}, {'displayName': 'age', 'relativeVariable': 'A2', 'dataType': 2, 'order': 3}, {'displayName': 'money', 'relativeVariable': 'A10', 'dataType': 512, 'order': 4}], 'innerMappings': [{'displayName': 'time', 'relativeVariable': 'aa16', 'dataType': 8192, 'order': 1}], 'systemMappings': []}}, 'action': {'actionType': 1, 'mainSql': 'select * from `student`', 'sortSql': '`id` desc', 'filterSql': '', 'mainSqlParams': None, 'filterSqlParams': [], 'assignment': {'ioAssignments': [{'displayName': 'name', 'relativeVariable': 'A12', 'dataType': 16384}, {'displayName': 'age', 'relativeVariable': 'A2', 'dataType': 2}, {'displayName': 'money', 'relativeVariable': 'A10', 'dataType': 512}], 'innerAssignments': [{'displayName': 'time', 'relativeVariable': 'aa16', 'dataType': 8192}], 'systemAssignments': None}}, 'status': 1, 'prevStatus': 0, 'lastErrorMsg': None, 'lastErrorDateTime': None}
[2023-12-12 09:59:04,946] logger_util.py->write_log line:61 [INFO] 接口请求成功！
[2023-12-12 09:59:04,946] logger_util.py->write_log line:61 [INFO] 
-------------接口请求结束-----------

[2023-12-12 09:59:05,958] logger_util.py->write_log line:61 [INFO] 
-------------接口请求开始-----------
[2023-12-12 09:59:05,958] logger_util.py->write_log line:61 [INFO] 接口名称：执行查询语句
[2023-12-12 09:59:05,959] logger_util.py->write_log line:61 [INFO] 接口方式：get
[2023-12-12 09:59:05,959] logger_util.py->write_log line:61 [INFO] 接口路径：http://127.0.0.1:18000/api/v1/connection/table/8/executetest
[2023-12-12 09:59:05,959] logger_util.py->write_log line:61 [INFO] 请求头：{'X-Project': 'fb63700a195245b9bb42ef9e036ce674'}
[2023-12-12 09:59:05,959] logger_util.py->write_log line:61 [INFO] 文件上传：None
[2023-12-12 09:59:06,496] logger_util.py->write_log line:61 [INFO] 预期结果：[{'equals': {'status_code': 200}}, {'equals': {'action': '查询'}}, {'equals': {'status': '成功'}}, {'equals': {'A12': '中文1'}}, {'equals': {'A2': '10'}}, {'equals': {'A10': '10.456'}}, {'equals': {'aa16': '2023/10/20 18:40:55'}}]
[2023-12-12 09:59:06,496] logger_util.py->write_log line:61 [INFO] 实际结果：{'record': {'dateTime': '2023/12/12 09:59:06', 'action': '查询', 'status': '成功', 'data': {'A12': '中文1', 'A2': '10', 'A10': '10.456', 'aa16': '2023/10/20 18:40:55'}}, 'info': '测试时间: 2023/12/12 09:59:05\r\n动作: 查询\r\n\r\n数据库:\r\n执行结果: OK\r\n查询时间: 0.00s\r\n\r\n变量:\r\n下发结果: OK\r\n', 'status': 1, 'lastErrorMsg': None}
[2023-12-12 09:59:06,496] logger_util.py->write_log line:61 [INFO] 接口请求成功！
[2023-12-12 09:59:06,497] logger_util.py->write_log line:61 [INFO] 
-------------接口请求结束-----------

[2023-12-12 09:59:07,515] logger_util.py->write_log line:61 [INFO] 
-------------接口请求开始-----------
[2023-12-12 09:59:07,515] logger_util.py->write_log line:61 [INFO] 接口名称：刷新-查询
[2023-12-12 09:59:07,515] logger_util.py->write_log line:61 [INFO] 接口方式：get
[2023-12-12 09:59:07,515] logger_util.py->write_log line:61 [INFO] 接口路径：http://127.0.0.1:18000/api/v1/connection/table/8/preview
[2023-12-12 09:59:07,515] logger_util.py->write_log line:61 [INFO] 请求头：{'X-Project': 'fb63700a195245b9bb42ef9e036ce674'}
[2023-12-12 09:59:07,515] logger_util.py->write_log line:61 [INFO] 文件上传：None
[2023-12-12 09:59:07,525] logger_util.py->write_log line:61 [INFO] 预期结果：[{'equals': {'status_code': 200}}, {'equals': {'age': 10}}, {'equals': {'money': 10.456}}, {'equals': {'name': '中文1'}}, {'equals': {'time': '2023-10-20 18:40:55'}}]
[2023-12-12 09:59:07,525] logger_util.py->write_log line:61 [INFO] 实际结果：{'status': 1, 'lastErrorMsg': None, 'total': 1, 'headers': ['id', 'time', 'name', 'age', 'money'], 'data': [{'id': 1, 'time': '2023-10-20 18:40:55', 'name': '中文1', 'age': 10, 'money': 10.456}]}
[2023-12-12 09:59:07,525] logger_util.py->write_log line:61 [INFO] 接口请求成功！
[2023-12-12 09:59:07,525] logger_util.py->write_log line:61 [INFO] 
-------------接口请求结束-----------

[2023-12-12 09:59:08,544] logger_util.py->write_log line:61 [INFO] 
-------------接口请求开始-----------
[2023-12-12 09:59:08,544] logger_util.py->write_log line:61 [INFO] 接口名称：下发A2=70
[2023-12-12 09:59:08,544] logger_util.py->write_log line:61 [INFO] 接口方式：post
[2023-12-12 09:59:08,544] logger_util.py->write_log line:61 [INFO] 接口路径：http://127.0.0.1:18000/api/v1/variable/setvalues
[2023-12-12 09:59:08,545] logger_util.py->write_log line:61 [INFO] 请求头：{'X-Project': 'fb63700a195245b9bb42ef9e036ce674', 'Authorization': 'Bearer eyJhbGciOiJIUzI1NiIsInR5cCI6IkpXVCJ9.eyJodHRwOi8vc2NoZW1hcy54bWxzb2FwLm9yZy93cy8yMDA1LzA1L2lkZW50aXR5L2NsYWltcy9uYW1lIjoiU3VwZXJBZG1pbiIsImh0dHA6Ly9zY2hlbWFzLnhtbHNvYXAub3JnL3dzLzIwMDUvMDUvaWRlbnRpdHkvY2xhaW1zL25hbWVpZGVudGlmaWVyIjoiU3VwZXJBZG1pbiIsImV4cCI6MTcwMjk0OTM5MiwiaXNzIjoiQ01TdjIiLCJhdWQiOiJBcGkifQ.DTE3ExRd5e35qx7qyEGhaNLjjzP8QxhHUoLCzYg7Hcc'}
[2023-12-12 09:59:08,545] logger_util.py->write_log line:61 [INFO] 请求参数：{'A2': '70'}
[2023-12-12 09:59:08,545] logger_util.py->write_log line:61 [INFO] 文件上传：None
[2023-12-12 09:59:08,556] logger_util.py->write_log line:61 [INFO] 预期结果：[{'equals': {'status_code': 200}}, {'equals': {'allSuccess': True}}]
[2023-12-12 09:59:08,556] logger_util.py->write_log line:61 [INFO] 实际结果：{'allSuccess': True, 'items': {'A2': {'value': 70, 'quality': 0, 'errorMsg': None}}}
[2023-12-12 09:59:08,556] logger_util.py->write_log line:61 [INFO] 接口请求成功！
[2023-12-12 09:59:08,556] logger_util.py->write_log line:61 [INFO] 
-------------接口请求结束-----------

[2023-12-12 09:59:10,567] logger_util.py->write_log line:61 [INFO] 
-------------接口请求开始-----------
[2023-12-12 09:59:10,568] logger_util.py->write_log line:61 [INFO] 接口名称：下发A10=70.456
[2023-12-12 09:59:10,568] logger_util.py->write_log line:61 [INFO] 接口方式：post
[2023-12-12 09:59:10,568] logger_util.py->write_log line:61 [INFO] 接口路径：http://127.0.0.1:18000/api/v1/variable/setvalues
[2023-12-12 09:59:10,568] logger_util.py->write_log line:61 [INFO] 请求头：{'X-Project': 'fb63700a195245b9bb42ef9e036ce674', 'Authorization': 'Bearer eyJhbGciOiJIUzI1NiIsInR5cCI6IkpXVCJ9.eyJodHRwOi8vc2NoZW1hcy54bWxzb2FwLm9yZy93cy8yMDA1LzA1L2lkZW50aXR5L2NsYWltcy9uYW1lIjoiU3VwZXJBZG1pbiIsImh0dHA6Ly9zY2hlbWFzLnhtbHNvYXAub3JnL3dzLzIwMDUvMDUvaWRlbnRpdHkvY2xhaW1zL25hbWVpZGVudGlmaWVyIjoiU3VwZXJBZG1pbiIsImV4cCI6MTcwMjk0OTM5MiwiaXNzIjoiQ01TdjIiLCJhdWQiOiJBcGkifQ.DTE3ExRd5e35qx7qyEGhaNLjjzP8QxhHUoLCzYg7Hcc'}
[2023-12-12 09:59:10,568] logger_util.py->write_log line:61 [INFO] 请求参数：{'A10': '70.456'}
[2023-12-12 09:59:10,568] logger_util.py->write_log line:61 [INFO] 文件上传：None
[2023-12-12 09:59:10,577] logger_util.py->write_log line:61 [INFO] 预期结果：[{'equals': {'status_code': 200}}, {'equals': {'allSuccess': True}}]
[2023-12-12 09:59:10,577] logger_util.py->write_log line:61 [INFO] 实际结果：{'allSuccess': True, 'items': {'A10': {'value': 70.456, 'quality': 0, 'errorMsg': None}}}
[2023-12-12 09:59:10,577] logger_util.py->write_log line:61 [INFO] 接口请求成功！
[2023-12-12 09:59:10,577] logger_util.py->write_log line:61 [INFO] 
-------------接口请求结束-----------

[2023-12-12 09:59:12,597] logger_util.py->write_log line:61 [INFO] 
-------------接口请求开始-----------
[2023-12-12 09:59:12,597] logger_util.py->write_log line:61 [INFO] 接口名称：下发A12=中文1
[2023-12-12 09:59:12,597] logger_util.py->write_log line:61 [INFO] 接口方式：post
[2023-12-12 09:59:12,597] logger_util.py->write_log line:61 [INFO] 接口路径：http://127.0.0.1:18000/api/v1/variable/setvalues
[2023-12-12 09:59:12,597] logger_util.py->write_log line:61 [INFO] 请求头：{'X-Project': 'fb63700a195245b9bb42ef9e036ce674', 'Authorization': 'Bearer eyJhbGciOiJIUzI1NiIsInR5cCI6IkpXVCJ9.eyJodHRwOi8vc2NoZW1hcy54bWxzb2FwLm9yZy93cy8yMDA1LzA1L2lkZW50aXR5L2NsYWltcy9uYW1lIjoiU3VwZXJBZG1pbiIsImh0dHA6Ly9zY2hlbWFzLnhtbHNvYXAub3JnL3dzLzIwMDUvMDUvaWRlbnRpdHkvY2xhaW1zL25hbWVpZGVudGlmaWVyIjoiU3VwZXJBZG1pbiIsImV4cCI6MTcwMjk0OTM5MiwiaXNzIjoiQ01TdjIiLCJhdWQiOiJBcGkifQ.DTE3ExRd5e35qx7qyEGhaNLjjzP8QxhHUoLCzYg7Hcc'}
[2023-12-12 09:59:12,597] logger_util.py->write_log line:61 [INFO] 请求参数：{'A12': '中文1'}
[2023-12-12 09:59:12,597] logger_util.py->write_log line:61 [INFO] 文件上传：None
[2023-12-12 09:59:12,606] logger_util.py->write_log line:61 [INFO] 预期结果：[{'equals': {'status_code': 200}}, {'equals': {'allSuccess': True}}]
[2023-12-12 09:59:12,606] logger_util.py->write_log line:61 [INFO] 实际结果：{'allSuccess': True, 'items': {'A12': {'value': '中文1', 'quality': 0, 'errorMsg': None}}}
[2023-12-12 09:59:12,606] logger_util.py->write_log line:61 [INFO] 接口请求成功！
[2023-12-12 09:59:12,606] logger_util.py->write_log line:61 [INFO] 
-------------接口请求结束-----------

[2023-12-12 09:59:14,617] logger_util.py->write_log line:61 [INFO] 
-------------接口请求开始-----------
[2023-12-12 09:59:14,617] logger_util.py->write_log line:61 [INFO] 接口名称：下发aa16=2022-11-28 09:05:01
[2023-12-12 09:59:14,617] logger_util.py->write_log line:61 [INFO] 接口方式：post
[2023-12-12 09:59:14,618] logger_util.py->write_log line:61 [INFO] 接口路径：http://127.0.0.1:18000/api/v1/variable/setvalues
[2023-12-12 09:59:14,618] logger_util.py->write_log line:61 [INFO] 请求头：{'X-Project': 'fb63700a195245b9bb42ef9e036ce674', 'Authorization': 'Bearer eyJhbGciOiJIUzI1NiIsInR5cCI6IkpXVCJ9.eyJodHRwOi8vc2NoZW1hcy54bWxzb2FwLm9yZy93cy8yMDA1LzA1L2lkZW50aXR5L2NsYWltcy9uYW1lIjoiU3VwZXJBZG1pbiIsImh0dHA6Ly9zY2hlbWFzLnhtbHNvYXAub3JnL3dzLzIwMDUvMDUvaWRlbnRpdHkvY2xhaW1zL25hbWVpZGVudGlmaWVyIjoiU3VwZXJBZG1pbiIsImV4cCI6MTcwMjk0OTM5MiwiaXNzIjoiQ01TdjIiLCJhdWQiOiJBcGkifQ.DTE3ExRd5e35qx7qyEGhaNLjjzP8QxhHUoLCzYg7Hcc'}
[2023-12-12 09:59:14,618] logger_util.py->write_log line:61 [INFO] 请求参数：{'aa16': '2022-11-28 09:05:01'}
[2023-12-12 09:59:14,618] logger_util.py->write_log line:61 [INFO] 文件上传：None
[2023-12-12 09:59:14,619] logger_util.py->write_log line:61 [INFO] 预期结果：[{'equals': {'status_code': 200}}, {'equals': {'allSuccess': True}}]
[2023-12-12 09:59:14,619] logger_util.py->write_log line:61 [INFO] 实际结果：{'allSuccess': True, 'items': {'aa16': {'value': '2022/11/28 09:05:01', 'quality': 0, 'errorMsg': None}}}
[2023-12-12 09:59:14,619] logger_util.py->write_log line:61 [INFO] 接口请求成功！
[2023-12-12 09:59:14,619] logger_util.py->write_log line:61 [INFO] 
-------------接口请求结束-----------

[2023-12-12 09:59:16,640] logger_util.py->write_log line:61 [INFO] 
-------------接口请求开始-----------
[2023-12-12 09:59:16,640] logger_util.py->write_log line:61 [INFO] 接口名称：创建映射表-修改
[2023-12-12 09:59:16,640] logger_util.py->write_log line:61 [INFO] 接口方式：post
[2023-12-12 09:59:16,640] logger_util.py->write_log line:61 [INFO] 接口路径：http://127.0.0.1:18000/api/v1/connection/4/table
[2023-12-12 09:59:16,640] logger_util.py->write_log line:61 [INFO] 请求头：{'X-Project': 'fb63700a195245b9bb42ef9e036ce674'}
[2023-12-12 09:59:16,640] logger_util.py->write_log line:61 [INFO] 请求参数：{'isBasic': True, 'databaseTableName': 'student', 'querySql': '', 'name': 'student_修改4830'}
[2023-12-12 09:59:16,640] logger_util.py->write_log line:61 [INFO] 文件上传：None
[2023-12-12 09:59:16,667] logger_util.py->write_log line:61 [INFO] 预期结果：[{'equals': {'status_code': 200}}]
[2023-12-12 09:59:16,667] logger_util.py->write_log line:61 [INFO] 实际结果：{'id': 9, 'name': 'student_修改4830', 'connectionItemId': 4, 'fields': [{'tableName': 'student', 'tableAlias': '', 'columnName': 'id', 'displayName': 'id', 'dataTypeName': 'Int32', 'databaseTypeName': 'Int32', 'isValueType': True, 'isAsterisk': True}, {'tableName': 'student', 'tableAlias': '', 'columnName': 'time', 'displayName': 'time', 'dataTypeName': 'DateTime', 'databaseTypeName': 'DateTime', 'isValueType': False, 'isAsterisk': True}, {'tableName': 'student', 'tableAlias': '', 'columnName': 'name', 'displayName': 'name', 'dataTypeName': 'String', 'databaseTypeName': 'VarChar', 'isValueType': False, 'isAsterisk': True}, {'tableName': 'student', 'tableAlias': '', 'columnName': 'age', 'displayName': 'age', 'dataTypeName': 'Int32', 'databaseTypeName': 'Int32', 'isValueType': True, 'isAsterisk': True}, {'tableName': 'student', 'tableAlias': '', 'columnName': 'money', 'displayName': 'money', 'dataTypeName': 'Single', 'databaseTypeName': 'Float', 'isValueType': True, 'isAsterisk': True}], 'isBasic': True, 'basicDatabaseTableName': 'student', 'querySql': 'select * from `student`', 'detail': None, 'action': None, 'status': 1, 'prevStatus': 0, 'lastErrorMsg': None, 'lastErrorDateTime': None}
[2023-12-12 09:59:16,667] logger_util.py->write_log line:61 [INFO] 接口请求成功！
[2023-12-12 09:59:16,667] logger_util.py->write_log line:61 [INFO] 
-------------接口请求结束-----------

[2023-12-12 09:59:17,689] logger_util.py->write_log line:61 [INFO] 
-------------接口请求开始-----------
[2023-12-12 09:59:17,689] logger_util.py->write_log line:61 [INFO] 接口名称：保存配置-查询
[2023-12-12 09:59:17,689] logger_util.py->write_log line:61 [INFO] 接口方式：put
[2023-12-12 09:59:17,689] logger_util.py->write_log line:61 [INFO] 接口路径：http://127.0.0.1:18000/api/v1/connection/table/9/save
[2023-12-12 09:59:17,689] logger_util.py->write_log line:61 [INFO] 请求头：{'X-Project': 'fb63700a195245b9bb42ef9e036ce674'}
[2023-12-12 09:59:17,689] logger_util.py->write_log line:61 [INFO] 请求参数：{'actionType': 3, 'filters': [[{'field': 'name', 'operatorType': 1, 'operand': 'A12', 'isVariable': True, 'isValueType': False}]], 'sorts': [{'field': 'id', 'sortType': 2}], 'mappings': [{'field': 'time', 'relativeVariable': 'aa16', 'dataType': '日期时间', 'order': 1}, {'field': 'name', 'relativeVariable': 'A12', 'dataType': '字符串', 'order': 2}, {'field': 'age', 'relativeVariable': 'A2', 'dataType': '有符号8位整型', 'order': 3}, {'field': 'money', 'relativeVariable': 'A10', 'dataType': 'F32位浮点数IEEE754', 'order': 4}]}
[2023-12-12 09:59:17,689] logger_util.py->write_log line:61 [INFO] 文件上传：None
[2023-12-12 09:59:17,714] logger_util.py->write_log line:61 [INFO] 预期结果：[{'equals': {'status_code': 200}}]
[2023-12-12 09:59:17,715] logger_util.py->write_log line:61 [INFO] 实际结果：{'id': 9, 'name': 'student_修改4830', 'connectionItemId': 4, 'fields': [{'tableName': 'student', 'tableAlias': '', 'columnName': 'id', 'displayName': 'id', 'dataTypeName': 'Int32', 'databaseTypeName': 'Int32', 'isValueType': True, 'isAsterisk': True}, {'tableName': 'student', 'tableAlias': '', 'columnName': 'time', 'displayName': 'time', 'dataTypeName': 'DateTime', 'databaseTypeName': 'DateTime', 'isValueType': False, 'isAsterisk': True}, {'tableName': 'student', 'tableAlias': '', 'columnName': 'name', 'displayName': 'name', 'dataTypeName': 'String', 'databaseTypeName': 'VarChar', 'isValueType': False, 'isAsterisk': True}, {'tableName': 'student', 'tableAlias': '', 'columnName': 'age', 'displayName': 'age', 'dataTypeName': 'Int32', 'databaseTypeName': 'Int32', 'isValueType': True, 'isAsterisk': True}, {'tableName': 'student', 'tableAlias': '', 'columnName': 'money', 'displayName': 'money', 'dataTypeName': 'Single', 'databaseTypeName': 'Float', 'isValueType': True, 'isAsterisk': True}], 'isBasic': True, 'basicDatabaseTableName': 'student', 'querySql': 'select * from `student`', 'detail': {'actionType': 3, 'filters': [[{'displayName': 'name', 'logicalOperatorType': 1, 'operand': 'A12', 'isVariable': True}]], 'sorts': [{'displayName': 'id', 'sortType': 2}], 'mapping': {'pendingDisplayNameRelativeVariable': None, 'ioMappings': [{'displayName': 'name', 'relativeVariable': 'A12', 'dataType': 16384, 'order': 2}, {'displayName': 'age', 'relativeVariable': 'A2', 'dataType': 2, 'order': 3}, {'displayName': 'money', 'relativeVariable': 'A10', 'dataType': 512, 'order': 4}], 'innerMappings': [{'displayName': 'time', 'relativeVariable': 'aa16', 'dataType': 8192, 'order': 1}], 'systemMappings': []}}, 'action': {'actionType': 3, 'mainSql': 'update `student` set `name`={0},`age`={1},`money`={2},`time`={3}', 'sortSql': '`id` desc', 'filterSql': '(`name` = {0})', 'mainSqlParams': [{'key': 'A12', 'value': False}, {'key': 'A2', 'value': True}, {'key': 'A10', 'value': True}, {'key': 'aa16', 'value': False}], 'filterSqlParams': [{'key': 'A12', 'value': False}], 'assignment': None}, 'status': 1, 'prevStatus': 0, 'lastErrorMsg': None, 'lastErrorDateTime': None}
[2023-12-12 09:59:17,715] logger_util.py->write_log line:61 [INFO] 接口请求成功！
[2023-12-12 09:59:17,715] logger_util.py->write_log line:61 [INFO] 
-------------接口请求结束-----------

[2023-12-12 09:59:18,730] logger_util.py->write_log line:61 [INFO] 
-------------接口请求开始-----------
[2023-12-12 09:59:18,730] logger_util.py->write_log line:61 [INFO] 接口名称：执行修改语句
[2023-12-12 09:59:18,730] logger_util.py->write_log line:61 [INFO] 接口方式：get
[2023-12-12 09:59:18,731] logger_util.py->write_log line:61 [INFO] 接口路径：http://127.0.0.1:18000/api/v1/connection/table/9/executetest
[2023-12-12 09:59:18,731] logger_util.py->write_log line:61 [INFO] 请求头：{'X-Project': 'fb63700a195245b9bb42ef9e036ce674'}
[2023-12-12 09:59:18,731] logger_util.py->write_log line:61 [INFO] 文件上传：None
[2023-12-12 09:59:19,259] logger_util.py->error_log line:65 [INFO] 断言失败:aa16不等于2022/11/28 9:05:01
[2023-12-12 09:59:19,259] logger_util.py->write_log line:61 [INFO] 实际结果：{'record': {'dateTime': '2023/12/12 09:59:19', 'action': '修改', 'status': '成功', 'data': {'A12': '中文1', 'A2': '70', 'A10': '70.456', 'aa16': '2022/11/28 09:05:01'}}, 'info': '测试时间: 2023/12/12 09:59:18\r\n动作: 修改\r\n\r\n数据库:\r\n执行结果: OK\r\n写入时间: 0.01s\r\n', 'status': 1, 'lastErrorMsg': None}
[2023-12-12 09:59:19,259] logger_util.py->write_log line:61 [INFO] 接口请求失败！
[2023-12-12 09:59:19,259] logger_util.py->write_log line:61 [INFO] -------------接口请求结束-----------

[2023-12-12 09:59:19,260] logger_util.py->error_log line:65 [INFO] 断言异常：异常信息: Traceback (most recent call last):
  File "E:\Project_python\api_cms\common\requests_util.py", line 381, in validate_result
    error_log("断言失败:" + assert_key + "不等于" + str(assert_value))
  File "E:\Project_python\api_cms\common\logger_util.py", line 66, in error_log
    raise Exception(log_message)
Exception: 断言失败:aa16不等于2022/11/28 9:05:01

[2023-12-12 09:59:19,260] logger_util.py->error_log line:65 [INFO] 分析YAML文件异常：异常信息: Traceback (most recent call last):
  File "E:\Project_python\api_cms\common\requests_util.py", line 381, in validate_result
    error_log("断言失败:" + assert_key + "不等于" + str(assert_value))
  File "E:\Project_python\api_cms\common\logger_util.py", line 66, in error_log
    raise Exception(log_message)
Exception: 断言失败:aa16不等于2022/11/28 9:05:01

During handling of the above exception, another exception occurred:

Traceback (most recent call last):
  File "E:\Project_python\api_cms\common\requests_util.py", line 248, in analysis_yaml
    self.validate_result(yq_result, return_data, status_code)
  File "E:\Project_python\api_cms\common\requests_util.py", line 448, in validate_result
    error_log("断言异常：异常信息: %s" % str(traceback.format_exc()))
  File "E:\Project_python\api_cms\common\logger_util.py", line 66, in error_log
    raise Exception(log_message)
Exception: 断言异常：异常信息: Traceback (most recent call last):
  File "E:\Project_python\api_cms\common\requests_util.py", line 381, in validate_result
    error_log("断言失败:" + assert_key + "不等于" + str(assert_value))
  File "E:\Project_python\api_cms\common\logger_util.py", line 66, in error_log
    raise Exception(log_message)
Exception: 断言失败:aa16不等于2022/11/28 9:05:01


[2023-12-12 09:59:19,298] logger_util.py->write_log line:61 [INFO] 
-------------接口请求开始-----------
[2023-12-12 09:59:19,298] logger_util.py->write_log line:61 [INFO] 接口名称：刷新-修改
[2023-12-12 09:59:19,298] logger_util.py->write_log line:61 [INFO] 接口方式：get
[2023-12-12 09:59:19,298] logger_util.py->write_log line:61 [INFO] 接口路径：http://127.0.0.1:18000/api/v1/connection/table/9/preview
[2023-12-12 09:59:19,299] logger_util.py->write_log line:61 [INFO] 请求头：{'X-Project': 'fb63700a195245b9bb42ef9e036ce674'}
[2023-12-12 09:59:19,299] logger_util.py->write_log line:61 [INFO] 文件上传：None
[2023-12-12 09:59:19,308] logger_util.py->write_log line:61 [INFO] 预期结果：[{'equals': {'status_code': 200}}, {'equals': {'age': 70}}, {'equals': {'money': 70.456}}, {'equals': {'name': '中文1'}}, {'equals': {'time': '2022-11-28 09:05:01'}}]
[2023-12-12 09:59:19,309] logger_util.py->write_log line:61 [INFO] 实际结果：{'status': 1, 'lastErrorMsg': None, 'total': 1, 'headers': ['id', 'time', 'name', 'age', 'money'], 'data': [{'id': 1, 'time': '2022-11-28 09:05:01', 'name': '中文1', 'age': 70, 'money': 70.456}]}
[2023-12-12 09:59:19,309] logger_util.py->write_log line:61 [INFO] 接口请求成功！
[2023-12-12 09:59:19,309] logger_util.py->write_log line:61 [INFO] 
-------------接口请求结束-----------

[2023-12-12 09:59:20,417] logger_util.py->write_log line:61 [INFO] 
-------------接口请求开始-----------
[2023-12-12 09:59:20,417] logger_util.py->write_log line:61 [INFO] 接口名称：下发A2=77
[2023-12-12 09:59:20,417] logger_util.py->write_log line:61 [INFO] 接口方式：post
[2023-12-12 09:59:20,417] logger_util.py->write_log line:61 [INFO] 接口路径：http://127.0.0.1:18000/api/v1/variable/setvalues
[2023-12-12 09:59:20,417] logger_util.py->write_log line:61 [INFO] 请求头：{'X-Project': 'fb63700a195245b9bb42ef9e036ce674', 'Authorization': 'Bearer eyJhbGciOiJIUzI1NiIsInR5cCI6IkpXVCJ9.eyJodHRwOi8vc2NoZW1hcy54bWxzb2FwLm9yZy93cy8yMDA1LzA1L2lkZW50aXR5L2NsYWltcy9uYW1lIjoiU3VwZXJBZG1pbiIsImh0dHA6Ly9zY2hlbWFzLnhtbHNvYXAub3JnL3dzLzIwMDUvMDUvaWRlbnRpdHkvY2xhaW1zL25hbWVpZGVudGlmaWVyIjoiU3VwZXJBZG1pbiIsImV4cCI6MTcwMjk0OTM5MiwiaXNzIjoiQ01TdjIiLCJhdWQiOiJBcGkifQ.DTE3ExRd5e35qx7qyEGhaNLjjzP8QxhHUoLCzYg7Hcc'}
[2023-12-12 09:59:20,417] logger_util.py->write_log line:61 [INFO] 请求参数：{'A2': '77'}
[2023-12-12 09:59:20,418] logger_util.py->write_log line:61 [INFO] 文件上传：None
[2023-12-12 09:59:20,430] logger_util.py->write_log line:61 [INFO] 预期结果：[{'equals': {'status_code': 200}}, {'equals': {'allSuccess': True}}]
[2023-12-12 09:59:20,430] logger_util.py->write_log line:61 [INFO] 实际结果：{'allSuccess': True, 'items': {'A2': {'value': 77, 'quality': 0, 'errorMsg': None}}}
[2023-12-12 09:59:20,430] logger_util.py->write_log line:61 [INFO] 接口请求成功！
[2023-12-12 09:59:20,430] logger_util.py->write_log line:61 [INFO] 
-------------接口请求结束-----------

[2023-12-12 09:59:21,530] logger_util.py->write_log line:61 [INFO] 
-------------接口请求开始-----------
[2023-12-12 09:59:21,530] logger_util.py->write_log line:61 [INFO] 接口名称：下发A10=77.456
[2023-12-12 09:59:21,530] logger_util.py->write_log line:61 [INFO] 接口方式：post
[2023-12-12 09:59:21,530] logger_util.py->write_log line:61 [INFO] 接口路径：http://127.0.0.1:18000/api/v1/variable/setvalues
[2023-12-12 09:59:21,530] logger_util.py->write_log line:61 [INFO] 请求头：{'X-Project': 'fb63700a195245b9bb42ef9e036ce674', 'Authorization': 'Bearer eyJhbGciOiJIUzI1NiIsInR5cCI6IkpXVCJ9.eyJodHRwOi8vc2NoZW1hcy54bWxzb2FwLm9yZy93cy8yMDA1LzA1L2lkZW50aXR5L2NsYWltcy9uYW1lIjoiU3VwZXJBZG1pbiIsImh0dHA6Ly9zY2hlbWFzLnhtbHNvYXAub3JnL3dzLzIwMDUvMDUvaWRlbnRpdHkvY2xhaW1zL25hbWVpZGVudGlmaWVyIjoiU3VwZXJBZG1pbiIsImV4cCI6MTcwMjk0OTM5MiwiaXNzIjoiQ01TdjIiLCJhdWQiOiJBcGkifQ.DTE3ExRd5e35qx7qyEGhaNLjjzP8QxhHUoLCzYg7Hcc'}
[2023-12-12 09:59:21,531] logger_util.py->write_log line:61 [INFO] 请求参数：{'A10': '77.456'}
[2023-12-12 09:59:21,531] logger_util.py->write_log line:61 [INFO] 文件上传：None
[2023-12-12 09:59:21,539] logger_util.py->write_log line:61 [INFO] 预期结果：[{'equals': {'status_code': 200}}, {'equals': {'allSuccess': True}}]
[2023-12-12 09:59:21,539] logger_util.py->write_log line:61 [INFO] 实际结果：{'allSuccess': True, 'items': {'A10': {'value': 77.456, 'quality': 0, 'errorMsg': None}}}
[2023-12-12 09:59:21,539] logger_util.py->write_log line:61 [INFO] 接口请求成功！
[2023-12-12 09:59:21,539] logger_util.py->write_log line:61 [INFO] 
-------------接口请求结束-----------

[2023-12-12 09:59:22,646] logger_util.py->write_log line:61 [INFO] 
-------------接口请求开始-----------
[2023-12-12 09:59:22,646] logger_util.py->write_log line:61 [INFO] 接口名称：下发A12=中文1
[2023-12-12 09:59:22,646] logger_util.py->write_log line:61 [INFO] 接口方式：post
[2023-12-12 09:59:22,646] logger_util.py->write_log line:61 [INFO] 接口路径：http://127.0.0.1:18000/api/v1/variable/setvalues
[2023-12-12 09:59:22,646] logger_util.py->write_log line:61 [INFO] 请求头：{'X-Project': 'fb63700a195245b9bb42ef9e036ce674', 'Authorization': 'Bearer eyJhbGciOiJIUzI1NiIsInR5cCI6IkpXVCJ9.eyJodHRwOi8vc2NoZW1hcy54bWxzb2FwLm9yZy93cy8yMDA1LzA1L2lkZW50aXR5L2NsYWltcy9uYW1lIjoiU3VwZXJBZG1pbiIsImh0dHA6Ly9zY2hlbWFzLnhtbHNvYXAub3JnL3dzLzIwMDUvMDUvaWRlbnRpdHkvY2xhaW1zL25hbWVpZGVudGlmaWVyIjoiU3VwZXJBZG1pbiIsImV4cCI6MTcwMjk0OTM5MiwiaXNzIjoiQ01TdjIiLCJhdWQiOiJBcGkifQ.DTE3ExRd5e35qx7qyEGhaNLjjzP8QxhHUoLCzYg7Hcc'}
[2023-12-12 09:59:22,646] logger_util.py->write_log line:61 [INFO] 请求参数：{'A12': '中文1'}
[2023-12-12 09:59:22,646] logger_util.py->write_log line:61 [INFO] 文件上传：None
[2023-12-12 09:59:22,658] logger_util.py->write_log line:61 [INFO] 预期结果：[{'equals': {'status_code': 200}}, {'equals': {'allSuccess': True}}]
[2023-12-12 09:59:22,658] logger_util.py->write_log line:61 [INFO] 实际结果：{'allSuccess': True, 'items': {'A12': {'value': '中文1', 'quality': 0, 'errorMsg': None}}}
[2023-12-12 09:59:22,658] logger_util.py->write_log line:61 [INFO] 接口请求成功！
[2023-12-12 09:59:22,658] logger_util.py->write_log line:61 [INFO] 
-------------接口请求结束-----------

[2023-12-12 09:59:23,762] logger_util.py->write_log line:61 [INFO] 
-------------接口请求开始-----------
[2023-12-12 09:59:23,762] logger_util.py->write_log line:61 [INFO] 接口名称：下发aa16=2022-11-28 09:05:01
[2023-12-12 09:59:23,762] logger_util.py->write_log line:61 [INFO] 接口方式：post
[2023-12-12 09:59:23,762] logger_util.py->write_log line:61 [INFO] 接口路径：http://127.0.0.1:18000/api/v1/variable/setvalues
[2023-12-12 09:59:23,762] logger_util.py->write_log line:61 [INFO] 请求头：{'X-Project': 'fb63700a195245b9bb42ef9e036ce674', 'Authorization': 'Bearer eyJhbGciOiJIUzI1NiIsInR5cCI6IkpXVCJ9.eyJodHRwOi8vc2NoZW1hcy54bWxzb2FwLm9yZy93cy8yMDA1LzA1L2lkZW50aXR5L2NsYWltcy9uYW1lIjoiU3VwZXJBZG1pbiIsImh0dHA6Ly9zY2hlbWFzLnhtbHNvYXAub3JnL3dzLzIwMDUvMDUvaWRlbnRpdHkvY2xhaW1zL25hbWVpZGVudGlmaWVyIjoiU3VwZXJBZG1pbiIsImV4cCI6MTcwMjk0OTM5MiwiaXNzIjoiQ01TdjIiLCJhdWQiOiJBcGkifQ.DTE3ExRd5e35qx7qyEGhaNLjjzP8QxhHUoLCzYg7Hcc'}
[2023-12-12 09:59:23,762] logger_util.py->write_log line:61 [INFO] 请求参数：{'aa16': '2022-11-28 09:05:01'}
[2023-12-12 09:59:23,762] logger_util.py->write_log line:61 [INFO] 文件上传：None
[2023-12-12 09:59:23,764] logger_util.py->write_log line:61 [INFO] 预期结果：[{'equals': {'status_code': 200}}, {'equals': {'allSuccess': True}}]
[2023-12-12 09:59:23,765] logger_util.py->write_log line:61 [INFO] 实际结果：{'allSuccess': True, 'items': {'aa16': {'value': '2022/11/28 09:05:01', 'quality': 0, 'errorMsg': None}}}
[2023-12-12 09:59:23,765] logger_util.py->write_log line:61 [INFO] 接口请求成功！
[2023-12-12 09:59:23,765] logger_util.py->write_log line:61 [INFO] 
-------------接口请求结束-----------

[2023-12-12 09:59:24,775] logger_util.py->write_log line:61 [INFO] 
-------------接口请求开始-----------
[2023-12-12 09:59:24,776] logger_util.py->write_log line:61 [INFO] 接口名称：创建映射表-定时触发-插入
[2023-12-12 09:59:24,776] logger_util.py->write_log line:61 [INFO] 接口方式：post
[2023-12-12 09:59:24,776] logger_util.py->write_log line:61 [INFO] 接口路径：http://127.0.0.1:18000/api/v1/connection/4/table
[2023-12-12 09:59:24,776] logger_util.py->write_log line:61 [INFO] 请求头：{'X-Project': 'fb63700a195245b9bb42ef9e036ce674'}
[2023-12-12 09:59:24,776] logger_util.py->write_log line:61 [INFO] 请求参数：{'isBasic': True, 'databaseTableName': 'student', 'querySql': '', 'name': '定时_插入2306'}
[2023-12-12 09:59:24,776] logger_util.py->write_log line:61 [INFO] 文件上传：None
[2023-12-12 09:59:24,803] logger_util.py->write_log line:61 [INFO] 预期结果：[{'equals': {'status_code': 200}}]
[2023-12-12 09:59:24,803] logger_util.py->write_log line:61 [INFO] 实际结果：{'id': 10, 'name': '定时_插入2306', 'connectionItemId': 4, 'fields': [{'tableName': 'student', 'tableAlias': '', 'columnName': 'id', 'displayName': 'id', 'dataTypeName': 'Int32', 'databaseTypeName': 'Int32', 'isValueType': True, 'isAsterisk': True}, {'tableName': 'student', 'tableAlias': '', 'columnName': 'time', 'displayName': 'time', 'dataTypeName': 'DateTime', 'databaseTypeName': 'DateTime', 'isValueType': False, 'isAsterisk': True}, {'tableName': 'student', 'tableAlias': '', 'columnName': 'name', 'displayName': 'name', 'dataTypeName': 'String', 'databaseTypeName': 'VarChar', 'isValueType': False, 'isAsterisk': True}, {'tableName': 'student', 'tableAlias': '', 'columnName': 'age', 'displayName': 'age', 'dataTypeName': 'Int32', 'databaseTypeName': 'Int32', 'isValueType': True, 'isAsterisk': True}, {'tableName': 'student', 'tableAlias': '', 'columnName': 'money', 'displayName': 'money', 'dataTypeName': 'Single', 'databaseTypeName': 'Float', 'isValueType': True, 'isAsterisk': True}], 'isBasic': True, 'basicDatabaseTableName': 'student', 'querySql': 'select * from `student`', 'detail': None, 'action': None, 'status': 1, 'prevStatus': 0, 'lastErrorMsg': None, 'lastErrorDateTime': None}
[2023-12-12 09:59:24,803] logger_util.py->write_log line:61 [INFO] 接口请求成功！
[2023-12-12 09:59:24,804] logger_util.py->write_log line:61 [INFO] 
-------------接口请求结束-----------

[2023-12-12 09:59:25,821] logger_util.py->write_log line:61 [INFO] 
-------------接口请求开始-----------
[2023-12-12 09:59:25,821] logger_util.py->write_log line:61 [INFO] 接口名称：保存配置-插入
[2023-12-12 09:59:25,821] logger_util.py->write_log line:61 [INFO] 接口方式：put
[2023-12-12 09:59:25,821] logger_util.py->write_log line:61 [INFO] 接口路径：http://127.0.0.1:18000/api/v1/connection/table/10/save
[2023-12-12 09:59:25,821] logger_util.py->write_log line:61 [INFO] 请求头：{'X-Project': 'fb63700a195245b9bb42ef9e036ce674'}
[2023-12-12 09:59:25,821] logger_util.py->write_log line:61 [INFO] 请求参数：{'actionType': 2, 'filters': [], 'sorts': [{'field': 'id', 'sortType': 2}], 'mappings': [{'field': 'time', 'relativeVariable': 'aa16', 'dataType': '日期时间', 'order': 1}, {'field': 'name', 'relativeVariable': 'A12', 'dataType': '字符串', 'order': 2}, {'field': 'age', 'relativeVariable': 'A2', 'dataType': '有符号8位整型', 'order': 3}, {'field': 'money', 'relativeVariable': 'A10', 'dataType': 'F32位浮点数IEEE754', 'order': 4}]}
[2023-12-12 09:59:25,822] logger_util.py->write_log line:61 [INFO] 文件上传：None
[2023-12-12 09:59:25,847] logger_util.py->write_log line:61 [INFO] 预期结果：[{'equals': {'status_code': 200}}]
[2023-12-12 09:59:25,847] logger_util.py->write_log line:61 [INFO] 实际结果：{'id': 10, 'name': '定时_插入2306', 'connectionItemId': 4, 'fields': [{'tableName': 'student', 'tableAlias': '', 'columnName': 'id', 'displayName': 'id', 'dataTypeName': 'Int32', 'databaseTypeName': 'Int32', 'isValueType': True, 'isAsterisk': True}, {'tableName': 'student', 'tableAlias': '', 'columnName': 'time', 'displayName': 'time', 'dataTypeName': 'DateTime', 'databaseTypeName': 'DateTime', 'isValueType': False, 'isAsterisk': True}, {'tableName': 'student', 'tableAlias': '', 'columnName': 'name', 'displayName': 'name', 'dataTypeName': 'String', 'databaseTypeName': 'VarChar', 'isValueType': False, 'isAsterisk': True}, {'tableName': 'student', 'tableAlias': '', 'columnName': 'age', 'displayName': 'age', 'dataTypeName': 'Int32', 'databaseTypeName': 'Int32', 'isValueType': True, 'isAsterisk': True}, {'tableName': 'student', 'tableAlias': '', 'columnName': 'money', 'displayName': 'money', 'dataTypeName': 'Single', 'databaseTypeName': 'Float', 'isValueType': True, 'isAsterisk': True}], 'isBasic': True, 'basicDatabaseTableName': 'student', 'querySql': 'select * from `student`', 'detail': {'actionType': 2, 'filters': [], 'sorts': [{'displayName': 'id', 'sortType': 2}], 'mapping': {'pendingDisplayNameRelativeVariable': None, 'ioMappings': [{'displayName': 'name', 'relativeVariable': 'A12', 'dataType': 16384, 'order': 2}, {'displayName': 'age', 'relativeVariable': 'A2', 'dataType': 2, 'order': 3}, {'displayName': 'money', 'relativeVariable': 'A10', 'dataType': 512, 'order': 4}], 'innerMappings': [{'displayName': 'time', 'relativeVariable': 'aa16', 'dataType': 8192, 'order': 1}], 'systemMappings': []}}, 'action': {'actionType': 2, 'mainSql': 'insert into `student` (`name`,`age`,`money`,`time`) values ({0},{1},{2},{3})', 'sortSql': '`id` desc', 'filterSql': '', 'mainSqlParams': [{'key': 'A12', 'value': False}, {'key': 'A2', 'value': True}, {'key': 'A10', 'value': True}, {'key': 'aa16', 'value': False}], 'filterSqlParams': [], 'assignment': None}, 'status': 1, 'prevStatus': 0, 'lastErrorMsg': None, 'lastErrorDateTime': None}
[2023-12-12 09:59:25,847] logger_util.py->write_log line:61 [INFO] 接口请求成功！
[2023-12-12 09:59:25,847] logger_util.py->write_log line:61 [INFO] 
-------------接口请求结束-----------

[2023-12-12 09:59:26,866] logger_util.py->write_log line:61 [INFO] 
-------------接口请求开始-----------
[2023-12-12 09:59:26,866] logger_util.py->write_log line:61 [INFO] 接口名称：触发配置-定时
[2023-12-12 09:59:26,866] logger_util.py->write_log line:61 [INFO] 接口方式：put
[2023-12-12 09:59:26,866] logger_util.py->write_log line:61 [INFO] 接口路径：http://127.0.0.1:18000/api/v1/connection/table/10/trigger/save
[2023-12-12 09:59:26,866] logger_util.py->write_log line:61 [INFO] 请求头：{'X-Project': 'fb63700a195245b9bb42ef9e036ce674'}
[2023-12-12 09:59:26,866] logger_util.py->write_log line:61 [INFO] 请求参数：[{'effectiveDateTime': '2023-11-28T06:55:22.000Z', 'frequencyValue': 1, 'frequencyUnit': 1, 'matchAll': True, 'condition': 'A2>10', 'conditionDetail': 1, 'frequencyCheck': False, 'alarmPointIds': [], 'triggerType': 1}]
[2023-12-12 09:59:26,866] logger_util.py->write_log line:61 [INFO] 文件上传：None
[2023-12-12 09:59:26,888] logger_util.py->write_log line:61 [INFO] 预期结果：[{'equals': {'status_code': 200}}]
[2023-12-12 09:59:26,888] logger_util.py->write_log line:61 [INFO] 实际结果：
[2023-12-12 09:59:26,888] logger_util.py->write_log line:61 [INFO] 接口请求成功！
[2023-12-12 09:59:26,888] logger_util.py->write_log line:61 [INFO] 
-------------接口请求结束-----------

[2023-12-12 09:59:27,910] logger_util.py->write_log line:61 [INFO] 
-------------接口请求开始-----------
[2023-12-12 09:59:27,910] logger_util.py->write_log line:61 [INFO] 接口名称：刷新-定时触发-插入
[2023-12-12 09:59:27,911] logger_util.py->write_log line:61 [INFO] 接口方式：get
[2023-12-12 09:59:27,911] logger_util.py->write_log line:61 [INFO] 接口路径：http://127.0.0.1:18000/api/v1/connection/table/10/preview
[2023-12-12 09:59:27,911] logger_util.py->write_log line:61 [INFO] 请求头：{'X-Project': 'fb63700a195245b9bb42ef9e036ce674'}
[2023-12-12 09:59:27,911] logger_util.py->write_log line:61 [INFO] 文件上传：None
[2023-12-12 09:59:27,919] logger_util.py->error_log line:65 [INFO] 断言失败：返回结果中不存在：age
[2023-12-12 09:59:27,919] logger_util.py->write_log line:61 [INFO] 实际结果：{'status': 1, 'lastErrorMsg': None, 'total': 0, 'headers': ['id', 'time', 'name', 'age', 'money'], 'data': []}
[2023-12-12 09:59:27,919] logger_util.py->write_log line:61 [INFO] 接口请求失败！
[2023-12-12 09:59:27,920] logger_util.py->write_log line:61 [INFO] -------------接口请求结束-----------

[2023-12-12 09:59:27,920] logger_util.py->error_log line:65 [INFO] 断言异常：异常信息: Traceback (most recent call last):
  File "E:\Project_python\api_cms\common\requests_util.py", line 384, in validate_result
    error_log("断言失败：返回结果中不存在："+assert_key)
  File "E:\Project_python\api_cms\common\logger_util.py", line 66, in error_log
    raise Exception(log_message)
Exception: 断言失败：返回结果中不存在：age

[2023-12-12 09:59:27,920] logger_util.py->error_log line:65 [INFO] 分析YAML文件异常：异常信息: Traceback (most recent call last):
  File "E:\Project_python\api_cms\common\requests_util.py", line 384, in validate_result
    error_log("断言失败：返回结果中不存在："+assert_key)
  File "E:\Project_python\api_cms\common\logger_util.py", line 66, in error_log
    raise Exception(log_message)
Exception: 断言失败：返回结果中不存在：age

During handling of the above exception, another exception occurred:

Traceback (most recent call last):
  File "E:\Project_python\api_cms\common\requests_util.py", line 248, in analysis_yaml
    self.validate_result(yq_result, return_data, status_code)
  File "E:\Project_python\api_cms\common\requests_util.py", line 448, in validate_result
    error_log("断言异常：异常信息: %s" % str(traceback.format_exc()))
  File "E:\Project_python\api_cms\common\logger_util.py", line 66, in error_log
    raise Exception(log_message)
Exception: 断言异常：异常信息: Traceback (most recent call last):
  File "E:\Project_python\api_cms\common\requests_util.py", line 384, in validate_result
    error_log("断言失败：返回结果中不存在："+assert_key)
  File "E:\Project_python\api_cms\common\logger_util.py", line 66, in error_log
    raise Exception(log_message)
Exception: 断言失败：返回结果中不存在：age


