[2023-08-24 15:37:10,475] logger_util.py->write_log line:61 [INFO] 
-------------接口请求开始-----------
[2023-08-24 15:37:10,475] logger_util.py->write_log line:61 [INFO] 接口名称：创建内部通道
[2023-08-24 15:37:10,475] logger_util.py->write_log line:61 [INFO] 接口方式：post
[2023-08-24 15:37:10,475] logger_util.py->write_log line:61 [INFO] 接口路径：http://127.0.0.1:18000/api/v1/variable/tunnel
[2023-08-24 15:37:10,475] logger_util.py->write_log line:61 [INFO] 请求头：{}
[2023-08-24 15:37:10,475] logger_util.py->write_log line:61 [INFO] 请求参数：{'type': 3, 'name': '内部9373', 'description': '', 'config': None}
[2023-08-24 15:37:10,476] logger_util.py->write_log line:61 [INFO] 文件上传：None
[2023-08-24 15:37:10,663] logger_util.py->write_log line:61 [INFO] 预期结果：[{'equals': {'status_code': 200}}, {'contains': 'id'}]
[2023-08-24 15:37:10,664] logger_util.py->write_log line:61 [INFO] 实际结果：{'id': 135, 'parentId': None, 'sort': 8, 'name': '内部9373', 'description': '', 'type': 3, 'typeTag': None, 'config': None, 'enable': True, 'createTime': '2023-08-24T15:37:10.4918701+08:00', 'updateTime': '2023-08-24T15:37:10.4918711+08:00'}
[2023-08-24 15:37:10,664] logger_util.py->write_log line:61 [INFO] 接口请求成功！
[2023-08-24 15:37:10,664] logger_util.py->write_log line:61 [INFO] 
-------------接口请求结束-----------

[2023-08-24 15:37:10,670] logger_util.py->write_log line:61 [INFO] 
-------------接口请求开始-----------
[2023-08-24 15:37:10,670] logger_util.py->write_log line:61 [INFO] 接口名称：创建内部通道1
[2023-08-24 15:37:10,670] logger_util.py->write_log line:61 [INFO] 接口方式：post
[2023-08-24 15:37:10,670] logger_util.py->write_log line:61 [INFO] 接口路径：http://127.0.0.1:18000/api/v1/variable/tunnel
[2023-08-24 15:37:10,670] logger_util.py->write_log line:61 [INFO] 请求头：{}
[2023-08-24 15:37:10,670] logger_util.py->write_log line:61 [INFO] 请求参数：{'type': 3, 'name': '内部通道1', 'description': '', 'config': None}
[2023-08-24 15:37:10,670] logger_util.py->write_log line:61 [INFO] 文件上传：None
[2023-08-24 15:37:10,911] logger_util.py->write_log line:61 [INFO] 预期结果：[{'equals': {'status_code': 200}}, {'contains': 'id'}]
[2023-08-24 15:37:10,911] logger_util.py->write_log line:61 [INFO] 实际结果：{'id': 136, 'parentId': None, 'sort': 9, 'name': '内部通道1', 'description': '', 'type': 3, 'typeTag': None, 'config': None, 'enable': True, 'createTime': '2023-08-24T15:37:10.6778902+08:00', 'updateTime': '2023-08-24T15:37:10.6778909+08:00'}
[2023-08-24 15:37:10,911] logger_util.py->write_log line:61 [INFO] 接口请求成功！
[2023-08-24 15:37:10,911] logger_util.py->write_log line:61 [INFO] 
-------------接口请求结束-----------

[2023-08-24 15:37:10,915] logger_util.py->write_log line:61 [INFO] 
-------------接口请求开始-----------
[2023-08-24 15:37:10,916] logger_util.py->write_log line:61 [INFO] 接口名称：校验内部通道必填项-通道名为空
[2023-08-24 15:37:10,916] logger_util.py->write_log line:61 [INFO] 接口方式：post
[2023-08-24 15:37:10,916] logger_util.py->write_log line:61 [INFO] 接口路径：http://127.0.0.1:18000/api/v1/variable/tunnel
[2023-08-24 15:37:10,916] logger_util.py->write_log line:61 [INFO] 请求头：{}
[2023-08-24 15:37:10,916] logger_util.py->write_log line:61 [INFO] 请求参数：{'type': 3, 'name': '', 'description': '', 'config': None}
[2023-08-24 15:37:10,916] logger_util.py->write_log line:61 [INFO] 文件上传：None
[2023-08-24 15:37:10,922] logger_util.py->write_log line:61 [INFO] 预期结果：[{'equals': {'status_code': 400}}, {'equals': {'content': '通道名称不能为空'}}]
[2023-08-24 15:37:10,922] logger_util.py->write_log line:61 [INFO] 实际结果：通道名称不能为空
[2023-08-24 15:37:10,922] logger_util.py->write_log line:61 [INFO] 接口请求成功！
[2023-08-24 15:37:10,922] logger_util.py->write_log line:61 [INFO] 
-------------接口请求结束-----------

[2023-08-24 15:37:10,927] logger_util.py->write_log line:61 [INFO] 
-------------接口请求开始-----------
[2023-08-24 15:37:10,928] logger_util.py->write_log line:61 [INFO] 接口名称：校验内部通道必填项-通道名重复
[2023-08-24 15:37:10,928] logger_util.py->write_log line:61 [INFO] 接口方式：post
[2023-08-24 15:37:10,928] logger_util.py->write_log line:61 [INFO] 接口路径：http://127.0.0.1:18000/api/v1/variable/tunnel
[2023-08-24 15:37:10,928] logger_util.py->write_log line:61 [INFO] 请求头：{}
[2023-08-24 15:37:10,928] logger_util.py->write_log line:61 [INFO] 请求参数：{'type': 3, 'name': '内部通道1', 'description': '', 'config': None}
[2023-08-24 15:37:10,928] logger_util.py->write_log line:61 [INFO] 文件上传：None
[2023-08-24 15:37:10,935] logger_util.py->write_log line:61 [INFO] 预期结果：[{'equals': {'status_code': 400}}, {'equals': {'content': '通道名称不能重复'}}]
[2023-08-24 15:37:10,935] logger_util.py->write_log line:61 [INFO] 实际结果：通道名称不能重复
[2023-08-24 15:37:10,936] logger_util.py->write_log line:61 [INFO] 接口请求成功！
[2023-08-24 15:37:10,936] logger_util.py->write_log line:61 [INFO] 
-------------接口请求结束-----------

[2023-08-24 15:37:10,945] logger_util.py->write_log line:61 [INFO] 
-------------接口请求开始-----------
[2023-08-24 15:37:10,945] logger_util.py->write_log line:61 [INFO] 接口名称：删除通道1
[2023-08-24 15:37:10,945] logger_util.py->write_log line:61 [INFO] 接口方式：delete
[2023-08-24 15:37:10,945] logger_util.py->write_log line:61 [INFO] 接口路径：http://127.0.0.1:18000/api/v1/variable/tunnel/136
[2023-08-24 15:37:10,945] logger_util.py->write_log line:61 [INFO] 请求头：{}
[2023-08-24 15:37:10,945] logger_util.py->write_log line:61 [INFO] 文件上传：None
[2023-08-24 15:37:15,671] logger_util.py->write_log line:61 [INFO] 预期结果：[{'equals': {'status_code': 200}}]
[2023-08-24 15:37:15,671] logger_util.py->write_log line:61 [INFO] 实际结果：
[2023-08-24 15:37:15,672] logger_util.py->write_log line:61 [INFO] 接口请求成功！
[2023-08-24 15:37:15,672] logger_util.py->write_log line:61 [INFO] 
-------------接口请求结束-----------

[2023-08-24 15:37:15,684] logger_util.py->write_log line:61 [INFO] 
-------------接口请求开始-----------
[2023-08-24 15:37:15,684] logger_util.py->write_log line:61 [INFO] 接口名称：编辑内部通道
[2023-08-24 15:37:15,685] logger_util.py->write_log line:61 [INFO] 接口方式：put
[2023-08-24 15:37:15,685] logger_util.py->write_log line:61 [INFO] 接口路径：http://127.0.0.1:18000/api/v1/variable/tunnel/135
[2023-08-24 15:37:15,685] logger_util.py->write_log line:61 [INFO] 请求头：{}
[2023-08-24 15:37:15,685] logger_util.py->write_log line:61 [INFO] 请求参数：{'type': 3, 'name': '重命名内部通道7711', 'description': '描述1', 'config': None}
[2023-08-24 15:37:15,685] logger_util.py->write_log line:61 [INFO] 文件上传：None
[2023-08-24 15:37:23,231] logger_util.py->write_log line:61 [INFO] 预期结果：[{'equals': {'status_code': 200}}, {'contains': 'id'}]
[2023-08-24 15:37:23,231] logger_util.py->write_log line:61 [INFO] 实际结果：{'id': 135, 'parentId': None, 'sort': 8, 'name': '重命名内部通道7711', 'description': '描述1', 'type': 3, 'typeTag': None, 'config': None, 'enable': True, 'createTime': '2023-08-24T15:37:10.4918701', 'updateTime': '2023-08-24T15:37:15.7005534+08:00'}
[2023-08-24 15:37:23,231] logger_util.py->write_log line:61 [INFO] 接口请求成功！
[2023-08-24 15:37:23,231] logger_util.py->write_log line:61 [INFO] 
-------------接口请求结束-----------

