[2023-11-27 16:32:42,443] logger_util.py->write_log line:61 [INFO] 
-------------接口请求开始-----------
[2023-11-27 16:32:42,443] logger_util.py->write_log line:61 [INFO] 接口名称：测试连接互联项
[2023-11-27 16:32:42,443] logger_util.py->write_log line:61 [INFO] 接口方式：post
[2023-11-27 16:32:42,443] logger_util.py->write_log line:61 [INFO] 接口路径：http://127.0.0.1:18000/api/v1/connection/test
[2023-11-27 16:32:42,444] logger_util.py->write_log line:61 [INFO] 请求头：{'X-Project': 'd800d1a6d0be4623aaa824c28dc71981'}
[2023-11-27 16:32:42,444] logger_util.py->write_log line:61 [INFO] 请求参数：{'id': None, 'name': 'mysql7247', 'connectionType': 1, 'databaseType': 1, 'authenticationType': None, 'server': '127.0.0.1', 'port': '3306', 'database': 'TestDB', 'databasePath': '', 'userName': 'root', 'password': 'syc123', 'changedPassword': True, 'mqttType': None, 'pushType': None, 'timingPeriod': None, 'changingPeriod': None, 'cloudDeviceId': '', 'originalSecret': ''}
[2023-11-27 16:32:42,444] logger_util.py->write_log line:61 [INFO] 文件上传：None
[2023-11-27 16:32:42,450] logger_util.py->write_log line:61 [INFO] 预期结果：[{'equals': {'status_code': 200}}]
[2023-11-27 16:32:42,450] logger_util.py->write_log line:61 [INFO] 实际结果：测试连接成功
[2023-11-27 16:32:42,450] logger_util.py->write_log line:61 [INFO] 接口请求成功！
[2023-11-27 16:32:42,450] logger_util.py->write_log line:61 [INFO] 
-------------接口请求结束-----------

[2023-11-27 16:32:42,467] logger_util.py->write_log line:61 [INFO] 
-------------接口请求开始-----------
[2023-11-27 16:32:42,467] logger_util.py->write_log line:61 [INFO] 接口名称：测试连接互联项
[2023-11-27 16:32:42,467] logger_util.py->write_log line:61 [INFO] 接口方式：post
[2023-11-27 16:32:42,468] logger_util.py->write_log line:61 [INFO] 接口路径：http://127.0.0.1:18000/api/v1/connection
[2023-11-27 16:32:42,468] logger_util.py->write_log line:61 [INFO] 请求头：{'X-Project': 'd800d1a6d0be4623aaa824c28dc71981'}
[2023-11-27 16:32:42,468] logger_util.py->write_log line:61 [INFO] 请求参数：{'id': None, 'name': 'mysql9003', 'connectionType': 1, 'databaseType': 1, 'authenticationType': None, 'server': '127.0.0.1', 'port': '3306', 'database': 'TestDB', 'databasePath': '', 'userName': 'root', 'password': 'syc123', 'changedPassword': True, 'mqttType': None, 'pushType': None, 'timingPeriod': None, 'changingPeriod': None, 'cloudDeviceId': '', 'originalSecret': ''}
[2023-11-27 16:32:42,468] logger_util.py->write_log line:61 [INFO] 文件上传：None
[2023-11-27 16:32:42,490] logger_util.py->write_log line:61 [INFO] 预期结果：[{'equals': {'status_code': 200}}]
[2023-11-27 16:32:42,490] logger_util.py->write_log line:61 [INFO] 实际结果：{'data': {'id': 13, 'name': 'mysql9003', 'connectionType': 1, 'databaseType': 1, 'authenticationType': 0, 'server': '127.0.0.1', 'port': 3306, 'database': 'TestDB', 'databasePath': '', 'userName': 'root'}, 'message': ''}
[2023-11-27 16:32:42,491] logger_util.py->write_log line:61 [INFO] 接口请求成功！
[2023-11-27 16:32:42,491] logger_util.py->write_log line:61 [INFO] 
-------------接口请求结束-----------

[2023-11-27 16:32:42,499] logger_util.py->write_log line:61 [INFO] 
-------------接口请求开始-----------
[2023-11-27 16:32:42,499] logger_util.py->write_log line:61 [INFO] 接口名称：关闭互联项
[2023-11-27 16:32:42,499] logger_util.py->write_log line:61 [INFO] 接口方式：put
[2023-11-27 16:32:42,500] logger_util.py->write_log line:61 [INFO] 接口路径：http://127.0.0.1:18000/api/v1/connection/switch/1/13/off
[2023-11-27 16:32:42,500] logger_util.py->write_log line:61 [INFO] 请求头：{'X-Project': 'd800d1a6d0be4623aaa824c28dc71981'}
[2023-11-27 16:32:42,500] logger_util.py->write_log line:61 [INFO] 文件上传：None
[2023-11-27 16:32:42,509] logger_util.py->write_log line:61 [INFO] 预期结果：[{'equals': {'status_code': 200}}]
[2023-11-27 16:32:42,510] logger_util.py->write_log line:61 [INFO] 实际结果：[{'nodeGuid': '4c373038-6151-49ac-a5d3-7b79f1ca0d2c', 'id': 13, 'type': 1, 'name': 'mysql9003', 'status': 0, 'errorMsg': None, 'children': []}]
[2023-11-27 16:32:42,510] logger_util.py->write_log line:61 [INFO] 接口请求成功！
[2023-11-27 16:32:42,510] logger_util.py->write_log line:61 [INFO] 
-------------接口请求结束-----------

[2023-11-27 16:32:42,515] logger_util.py->write_log line:61 [INFO] 
-------------接口请求开始-----------
[2023-11-27 16:32:42,515] logger_util.py->write_log line:61 [INFO] 接口名称：开启互联项
[2023-11-27 16:32:42,515] logger_util.py->write_log line:61 [INFO] 接口方式：put
[2023-11-27 16:32:42,515] logger_util.py->write_log line:61 [INFO] 接口路径：http://127.0.0.1:18000/api/v1/connection/switch/1/13/on
[2023-11-27 16:32:42,515] logger_util.py->write_log line:61 [INFO] 请求头：{'X-Project': 'd800d1a6d0be4623aaa824c28dc71981'}
[2023-11-27 16:32:42,515] logger_util.py->write_log line:61 [INFO] 文件上传：None
[2023-11-27 16:32:42,524] logger_util.py->write_log line:61 [INFO] 预期结果：[{'equals': {'status_code': 200}}]
[2023-11-27 16:32:42,524] logger_util.py->write_log line:61 [INFO] 实际结果：[{'nodeGuid': '42863e53-d91f-4a2e-9715-1db00e3fd2a2', 'id': 13, 'type': 1, 'name': 'mysql9003', 'status': 0, 'errorMsg': None, 'children': []}]
[2023-11-27 16:32:42,524] logger_util.py->write_log line:61 [INFO] 接口请求成功！
[2023-11-27 16:32:42,524] logger_util.py->write_log line:61 [INFO] 
-------------接口请求结束-----------

[2023-11-27 16:32:42,529] logger_util.py->write_log line:61 [INFO] 
-------------接口请求开始-----------
[2023-11-27 16:32:42,529] logger_util.py->write_log line:61 [INFO] 接口名称：重命名互联项
[2023-11-27 16:32:42,529] logger_util.py->write_log line:61 [INFO] 接口方式：put
[2023-11-27 16:32:42,529] logger_util.py->write_log line:61 [INFO] 接口路径：http://127.0.0.1:18000/api/v1/connection/rename/1/13/重命名_mysql1994
[2023-11-27 16:32:42,529] logger_util.py->write_log line:61 [INFO] 请求头：{'X-Project': 'd800d1a6d0be4623aaa824c28dc71981'}
[2023-11-27 16:32:42,530] logger_util.py->write_log line:61 [INFO] 文件上传：None
[2023-11-27 16:32:42,552] logger_util.py->write_log line:61 [INFO] 预期结果：[{'equals': {'status_code': 200}}]
[2023-11-27 16:32:42,552] logger_util.py->write_log line:61 [INFO] 实际结果：
[2023-11-27 16:32:42,552] logger_util.py->write_log line:61 [INFO] 接口请求成功！
[2023-11-27 16:32:42,552] logger_util.py->write_log line:61 [INFO] 
-------------接口请求结束-----------

