[2023-11-17 15:15:12,064] logger_util.py->write_log line:61 [INFO] 
-------------接口请求开始-----------
[2023-11-17 15:15:12,065] logger_util.py->write_log line:61 [INFO] 接口名称：创建语言列表
[2023-11-17 15:15:12,065] logger_util.py->write_log line:61 [INFO] 接口方式：post
[2023-11-17 15:15:12,065] logger_util.py->write_log line:61 [INFO] 接口路径：http://127.0.0.1:18000/api/v1/multiplelanguage/languagelist
[2023-11-17 15:15:12,065] logger_util.py->write_log line:61 [INFO] 请求头：{'X-Project': 'd800d1a6d0be4623aaa824c28dc71981'}
[2023-11-17 15:15:12,065] logger_util.py->write_log line:61 [INFO] 请求参数：{'languageType': 'zh-CN'}
[2023-11-17 15:15:12,066] logger_util.py->write_log line:61 [INFO] 文件上传：None
[2023-11-17 15:15:12,089] logger_util.py->write_log line:61 [INFO] 预期结果：[{'equals': {'status_code': 200}}]
[2023-11-17 15:15:12,090] logger_util.py->write_log line:61 [INFO] 实际结果：{'id': 17, 'languageType': 'zh-CN', 'name': '中文（中国）', 'enable': True, 'createDateTime': '2023-11-17T15:15:12.0723782+08:00'}
[2023-11-17 15:15:12,090] logger_util.py->write_log line:61 [INFO] 接口请求成功！
[2023-11-17 15:15:12,090] logger_util.py->write_log line:61 [INFO] 
-------------接口请求结束-----------

[2023-11-17 15:15:12,095] logger_util.py->write_log line:61 [INFO] 
-------------接口请求开始-----------
[2023-11-17 15:15:12,095] logger_util.py->write_log line:61 [INFO] 接口名称：获取语言列表
[2023-11-17 15:15:12,095] logger_util.py->write_log line:61 [INFO] 接口方式：get
[2023-11-17 15:15:12,095] logger_util.py->write_log line:61 [INFO] 接口路径：http://127.0.0.1:18000/api/v1/multiplelanguage/languagelist
[2023-11-17 15:15:12,095] logger_util.py->write_log line:61 [INFO] 请求头：{'X-Project': 'd800d1a6d0be4623aaa824c28dc71981'}
[2023-11-17 15:15:12,095] logger_util.py->write_log line:61 [INFO] 文件上传：None
[2023-11-17 15:15:12,114] logger_util.py->write_log line:61 [INFO] 预期结果：[{'equals': {'status_code': 200}}]
[2023-11-17 15:15:12,114] logger_util.py->write_log line:61 [INFO] 实际结果：[{'id': 17, 'languageType': 'zh-CN', 'name': '中文（中国）', 'enable': True, 'createDateTime': '2023-11-17T15:15:12.0723782'}]
[2023-11-17 15:15:12,114] logger_util.py->write_log line:61 [INFO] 接口请求成功！
[2023-11-17 15:15:12,114] logger_util.py->write_log line:61 [INFO] 
-------------接口请求结束-----------

[2023-11-17 15:15:12,119] logger_util.py->write_log line:61 [INFO] 
-------------接口请求开始-----------
[2023-11-17 15:15:12,119] logger_util.py->write_log line:61 [INFO] 接口名称：获取所有语言列表类型
[2023-11-17 15:15:12,119] logger_util.py->write_log line:61 [INFO] 接口方式：get
[2023-11-17 15:15:12,119] logger_util.py->write_log line:61 [INFO] 接口路径：http://127.0.0.1:18000/api/v1/multiplelanguage/languagelist/languagetype
[2023-11-17 15:15:12,119] logger_util.py->write_log line:61 [INFO] 请求头：{'X-Project': 'd800d1a6d0be4623aaa824c28dc71981'}
[2023-11-17 15:15:12,119] logger_util.py->write_log line:61 [INFO] 文件上传：None
[2023-11-17 15:15:12,138] logger_util.py->write_log line:61 [INFO] 预期结果：[{'equals': {'status_code': 200}}]
[2023-11-17 15:15:12,138] logger_util.py->write_log line:61 [INFO] 实际结果：[{'languageType': 'en-US', 'name': 'English (United States)'}, {'languageType': 'zh-CN', 'name': '中文（中国）'}]
[2023-11-17 15:15:12,138] logger_util.py->write_log line:61 [INFO] 接口请求成功！
[2023-11-17 15:15:12,138] logger_util.py->write_log line:61 [INFO] 
-------------接口请求结束-----------

[2023-11-17 15:15:12,148] logger_util.py->write_log line:61 [INFO] 
-------------接口请求开始-----------
[2023-11-17 15:15:12,148] logger_util.py->write_log line:61 [INFO] 接口名称：关闭语言状态
[2023-11-17 15:15:12,148] logger_util.py->write_log line:61 [INFO] 接口方式：put
[2023-11-17 15:15:12,148] logger_util.py->write_log line:61 [INFO] 接口路径：http://127.0.0.1:18000/api/v1/multiplelanguage/languagelist/17/switch
[2023-11-17 15:15:12,148] logger_util.py->write_log line:61 [INFO] 请求头：{'X-Project': 'd800d1a6d0be4623aaa824c28dc71981'}
[2023-11-17 15:15:12,148] logger_util.py->write_log line:61 [INFO] 请求参数：ddt{{false}}
[2023-11-17 15:15:12,148] logger_util.py->write_log line:61 [INFO] 文件上传：None
[2023-11-17 15:15:12,169] logger_util.py->write_log line:61 [INFO] 预期结果：[{'equals': {'status_code': 200}}]
[2023-11-17 15:15:12,169] logger_util.py->write_log line:61 [INFO] 实际结果：False
[2023-11-17 15:15:12,169] logger_util.py->write_log line:61 [INFO] 接口请求成功！
[2023-11-17 15:15:12,169] logger_util.py->write_log line:61 [INFO] 
-------------接口请求结束-----------

[2023-11-17 15:15:12,176] logger_util.py->write_log line:61 [INFO] 
-------------接口请求开始-----------
[2023-11-17 15:15:12,176] logger_util.py->write_log line:61 [INFO] 接口名称：开启语言状态
[2023-11-17 15:15:12,176] logger_util.py->write_log line:61 [INFO] 接口方式：put
[2023-11-17 15:15:12,176] logger_util.py->write_log line:61 [INFO] 接口路径：http://127.0.0.1:18000/api/v1/multiplelanguage/languagelist/17/switch
[2023-11-17 15:15:12,176] logger_util.py->write_log line:61 [INFO] 请求头：{'X-Project': 'd800d1a6d0be4623aaa824c28dc71981'}
[2023-11-17 15:15:12,176] logger_util.py->write_log line:61 [INFO] 请求参数：ddt{{true}}
[2023-11-17 15:15:12,176] logger_util.py->write_log line:61 [INFO] 文件上传：None
[2023-11-17 15:15:12,194] logger_util.py->write_log line:61 [INFO] 预期结果：[{'equals': {'status_code': 200}}]
[2023-11-17 15:15:12,194] logger_util.py->write_log line:61 [INFO] 实际结果：True
[2023-11-17 15:15:12,194] logger_util.py->write_log line:61 [INFO] 接口请求成功！
[2023-11-17 15:15:12,194] logger_util.py->write_log line:61 [INFO] 
-------------接口请求结束-----------

[2023-11-17 15:15:12,200] logger_util.py->write_log line:61 [INFO] 
-------------接口请求开始-----------
[2023-11-17 15:15:12,200] logger_util.py->write_log line:61 [INFO] 接口名称：编辑语言列表
[2023-11-17 15:15:12,200] logger_util.py->write_log line:61 [INFO] 接口方式：put
[2023-11-17 15:15:12,200] logger_util.py->write_log line:61 [INFO] 接口路径：http://127.0.0.1:18000/api/v1/multiplelanguage/languagelist/17
[2023-11-17 15:15:12,200] logger_util.py->write_log line:61 [INFO] 请求头：{'X-Project': 'd800d1a6d0be4623aaa824c28dc71981'}
[2023-11-17 15:15:12,200] logger_util.py->write_log line:61 [INFO] 请求参数：{'languageType': 'en-US'}
[2023-11-17 15:15:12,200] logger_util.py->write_log line:61 [INFO] 文件上传：None
[2023-11-17 15:15:12,223] logger_util.py->write_log line:61 [INFO] 预期结果：[{'equals': {'status_code': 200}}]
[2023-11-17 15:15:12,223] logger_util.py->write_log line:61 [INFO] 实际结果：
[2023-11-17 15:15:12,223] logger_util.py->write_log line:61 [INFO] 接口请求成功！
[2023-11-17 15:15:12,223] logger_util.py->write_log line:61 [INFO] 
-------------接口请求结束-----------

[2023-11-17 15:15:12,228] logger_util.py->write_log line:61 [INFO] 
-------------接口请求开始-----------
[2023-11-17 15:15:12,228] logger_util.py->write_log line:61 [INFO] 接口名称：保存翻译文本列表
[2023-11-17 15:15:12,228] logger_util.py->write_log line:61 [INFO] 接口方式：put
[2023-11-17 15:15:12,228] logger_util.py->write_log line:61 [INFO] 接口路径：http://127.0.0.1:18000/api/v1/multiplelanguage/17
[2023-11-17 15:15:12,228] logger_util.py->write_log line:61 [INFO] 请求头：{'X-Project': 'd800d1a6d0be4623aaa824c28dc71981'}
[2023-11-17 15:15:12,228] logger_util.py->write_log line:61 [INFO] 请求参数：[{'originalId': 0, 'originalText': '原始文本1', 'translationText': 'Original Text 1'}]
[2023-11-17 15:15:12,229] logger_util.py->write_log line:61 [INFO] 文件上传：None
[2023-11-17 15:15:12,272] logger_util.py->write_log line:61 [INFO] 预期结果：[{'equals': {'status_code': 200}}]
[2023-11-17 15:15:12,272] logger_util.py->write_log line:61 [INFO] 实际结果：
[2023-11-17 15:15:12,272] logger_util.py->write_log line:61 [INFO] 接口请求成功！
[2023-11-17 15:15:12,272] logger_util.py->write_log line:61 [INFO] 
-------------接口请求结束-----------

