[2023-08-24 16:34:46,061] logger_util.py->write_log line:61 [INFO] 
-------------接口请求开始-----------
[2023-08-24 16:34:46,062] logger_util.py->write_log line:61 [INFO] 接口名称：新增临时内部变量-后续删除
[2023-08-24 16:34:46,062] logger_util.py->write_log line:61 [INFO] 接口方式：post
[2023-08-24 16:34:46,062] logger_util.py->write_log line:61 [INFO] 接口路径：http://127.0.0.1:18000/api/v1/variable/tunnel/146/tag
[2023-08-24 16:34:46,062] logger_util.py->write_log line:61 [INFO] 请求头：{}
[2023-08-24 16:34:46,062] logger_util.py->write_log line:61 [INFO] 请求参数：[{'archiveSetting': None, 'groupId': None, 'name': 'ee1', 'description': '', 'typeName': '有符号8位整型', 'config': {'initType': 0, 'setValue': None}, 'index': 1}]
[2023-08-24 16:34:46,062] logger_util.py->write_log line:61 [INFO] 文件上传：None
[2023-08-24 16:34:50,525] logger_util.py->write_log line:61 [INFO] 预期结果：[{'equals': {'status_code': 200}}]
[2023-08-24 16:34:50,525] logger_util.py->write_log line:61 [INFO] 实际结果：[{'id': 558, 'tunnelId': 146, 'groupId': None, 'sort': 0, 'name': 'ee1', 'description': '', 'tunnelType': 3, 'config': {'initType': 0, 'setValue': None}, 'type': 1, 'typeName': '有符号8位整型', 'historicGroupId': '00000000-0000-0000-0000-000000000000', 'historicGroupName': None, 'archiveSetting': None, 'historicBriefMsg': None, 'createTime': '2023-08-24T16:34:46.0808766+08:00', 'updateTime': '2023-08-24T16:34:46.0808773+08:00'}]
[2023-08-24 16:34:50,525] logger_util.py->write_log line:61 [INFO] 接口请求成功！
[2023-08-24 16:34:50,526] logger_util.py->write_log line:61 [INFO] 
-------------接口请求结束-----------

[2023-08-24 16:34:50,534] logger_util.py->write_log line:61 [INFO] 
-------------接口请求开始-----------
[2023-08-24 16:34:50,534] logger_util.py->write_log line:61 [INFO] 接口名称：校验内部变量必填项-校验变量名为空
[2023-08-24 16:34:50,534] logger_util.py->write_log line:61 [INFO] 接口方式：post
[2023-08-24 16:34:50,534] logger_util.py->write_log line:61 [INFO] 接口路径：http://127.0.0.1:18000/api/v1/variable/tunnel/146/tag
[2023-08-24 16:34:50,535] logger_util.py->write_log line:61 [INFO] 请求头：{}
[2023-08-24 16:34:50,535] logger_util.py->write_log line:61 [INFO] 请求参数：[{'archiveSetting': None, 'groupId': None, 'name': '', 'description': '校验变量名为空', 'typeName': '有符号8位整型', 'config': {'initType': 0, 'setValue': 'null'}, 'index': 1}]
[2023-08-24 16:34:50,535] logger_util.py->write_log line:61 [INFO] 文件上传：None
[2023-08-24 16:34:50,543] logger_util.py->write_log line:61 [INFO] 预期结果：[{'equals': {'status_code': 400}}]
[2023-08-24 16:34:50,544] logger_util.py->write_log line:61 [INFO] 实际结果：序号<1>变量配置错误：变量名不可为空，请重新输入
[2023-08-24 16:34:50,544] logger_util.py->write_log line:61 [INFO] 接口请求成功！
[2023-08-24 16:34:50,544] logger_util.py->write_log line:61 [INFO] 
-------------接口请求结束-----------

[2023-08-24 16:34:50,548] logger_util.py->write_log line:61 [INFO] 
-------------接口请求开始-----------
[2023-08-24 16:34:50,548] logger_util.py->write_log line:61 [INFO] 接口名称：校验内部变量必填项-校验变量名重复
[2023-08-24 16:34:50,549] logger_util.py->write_log line:61 [INFO] 接口方式：post
[2023-08-24 16:34:50,549] logger_util.py->write_log line:61 [INFO] 接口路径：http://127.0.0.1:18000/api/v1/variable/tunnel/146/tag
[2023-08-24 16:34:50,549] logger_util.py->write_log line:61 [INFO] 请求头：{}
[2023-08-24 16:34:50,549] logger_util.py->write_log line:61 [INFO] 请求参数：[{'archiveSetting': None, 'groupId': None, 'name': 'ee1', 'description': '校验变量名重复', 'typeName': '有符号8位整型', 'config': {'initType': 0, 'setValue': 'null'}, 'index': 1}]
[2023-08-24 16:34:50,549] logger_util.py->write_log line:61 [INFO] 文件上传：None
[2023-08-24 16:34:50,559] logger_util.py->write_log line:61 [INFO] 预期结果：[{'equals': {'status_code': 400}}]
[2023-08-24 16:34:50,559] logger_util.py->write_log line:61 [INFO] 实际结果：序号<1>变量配置错误：变量名<ee1>已存在，请重新输入
[2023-08-24 16:34:50,559] logger_util.py->write_log line:61 [INFO] 接口请求成功！
[2023-08-24 16:34:50,559] logger_util.py->write_log line:61 [INFO] 
-------------接口请求结束-----------

[2023-08-24 16:34:50,564] logger_util.py->write_log line:61 [INFO] 
-------------接口请求开始-----------
[2023-08-24 16:34:50,564] logger_util.py->write_log line:61 [INFO] 接口名称：校验内部变量必填项-设定值为空
[2023-08-24 16:34:50,564] logger_util.py->write_log line:61 [INFO] 接口方式：post
[2023-08-24 16:34:50,564] logger_util.py->write_log line:61 [INFO] 接口路径：http://127.0.0.1:18000/api/v1/variable/tunnel/146/tag
[2023-08-24 16:34:50,564] logger_util.py->write_log line:61 [INFO] 请求头：{}
[2023-08-24 16:34:50,564] logger_util.py->write_log line:61 [INFO] 请求参数：[{'archiveSetting': None, 'groupId': None, 'name': 'ee2', 'description': '设定值为空', 'typeName': '有符号8位整型', 'config': {'initType': 1, 'setValue': ''}, 'index': 1}]
[2023-08-24 16:34:50,564] logger_util.py->write_log line:61 [INFO] 文件上传：None
[2023-08-24 16:34:50,573] logger_util.py->write_log line:61 [INFO] 预期结果：[{'equals': {'status_code': 400}}]
[2023-08-24 16:34:50,573] logger_util.py->write_log line:61 [INFO] 实际结果：序号<1>变量配置错误：设定值不能为空
[2023-08-24 16:34:50,573] logger_util.py->write_log line:61 [INFO] 接口请求成功！
[2023-08-24 16:34:50,573] logger_util.py->write_log line:61 [INFO] 
-------------接口请求结束-----------

[2023-08-24 16:34:50,578] logger_util.py->write_log line:61 [INFO] 
-------------接口请求开始-----------
[2023-08-24 16:34:50,578] logger_util.py->write_log line:61 [INFO] 接口名称：校验内部变量必填项-二进制-设定值为空
[2023-08-24 16:34:50,578] logger_util.py->write_log line:61 [INFO] 接口方式：post
[2023-08-24 16:34:50,578] logger_util.py->write_log line:61 [INFO] 接口路径：http://127.0.0.1:18000/api/v1/variable/tunnel/146/tag
[2023-08-24 16:34:50,578] logger_util.py->write_log line:61 [INFO] 请求头：{}
[2023-08-24 16:34:50,578] logger_util.py->write_log line:61 [INFO] 请求参数：[{'archiveSetting': None, 'groupId': None, 'name': 'ee2', 'description': '设定值为空', 'typeName': '二进制变量', 'config': {'initType': 1, 'setValue': ''}, 'index': 1}]
[2023-08-24 16:34:50,578] logger_util.py->write_log line:61 [INFO] 文件上传：None
[2023-08-24 16:34:50,587] logger_util.py->write_log line:61 [INFO] 预期结果：[{'equals': {'status_code': 400}}]
[2023-08-24 16:34:50,587] logger_util.py->write_log line:61 [INFO] 实际结果：序号<1>变量配置错误：设定值不能为空
[2023-08-24 16:34:50,587] logger_util.py->write_log line:61 [INFO] 接口请求成功！
[2023-08-24 16:34:50,587] logger_util.py->write_log line:61 [INFO] 
-------------接口请求结束-----------

[2023-08-24 16:34:50,592] logger_util.py->write_log line:61 [INFO] 
-------------接口请求开始-----------
[2023-08-24 16:34:50,593] logger_util.py->write_log line:61 [INFO] 接口名称：校验内部变量必填项-二进制-设定值非法
[2023-08-24 16:34:50,593] logger_util.py->write_log line:61 [INFO] 接口方式：post
[2023-08-24 16:34:50,593] logger_util.py->write_log line:61 [INFO] 接口路径：http://127.0.0.1:18000/api/v1/variable/tunnel/146/tag
[2023-08-24 16:34:50,593] logger_util.py->write_log line:61 [INFO] 请求头：{}
[2023-08-24 16:34:50,593] logger_util.py->write_log line:61 [INFO] 请求参数：[{'archiveSetting': None, 'groupId': None, 'name': 'ee2', 'description': '设定值非法', 'typeName': '二进制变量', 'config': {'initType': 1, 'setValue': '2'}, 'index': 1}]
[2023-08-24 16:34:50,593] logger_util.py->write_log line:61 [INFO] 文件上传：None
[2023-08-24 16:34:50,601] logger_util.py->write_log line:61 [INFO] 预期结果：[{'equals': {'status_code': 400}}]
[2023-08-24 16:34:50,601] logger_util.py->write_log line:61 [INFO] 实际结果：序号<1>变量配置错误：设定值<2>错误
[2023-08-24 16:34:50,601] logger_util.py->write_log line:61 [INFO] 接口请求成功！
[2023-08-24 16:34:50,602] logger_util.py->write_log line:61 [INFO] 
-------------接口请求结束-----------

[2023-08-24 16:34:50,605] logger_util.py->write_log line:61 [INFO] 
-------------接口请求开始-----------
[2023-08-24 16:34:50,605] logger_util.py->write_log line:61 [INFO] 接口名称：校验内部变量必填项-int8-设定值为空
[2023-08-24 16:34:50,606] logger_util.py->write_log line:61 [INFO] 接口方式：post
[2023-08-24 16:34:50,606] logger_util.py->write_log line:61 [INFO] 接口路径：http://127.0.0.1:18000/api/v1/variable/tunnel/146/tag
[2023-08-24 16:34:50,606] logger_util.py->write_log line:61 [INFO] 请求头：{}
[2023-08-24 16:34:50,606] logger_util.py->write_log line:61 [INFO] 请求参数：[{'archiveSetting': None, 'groupId': None, 'name': 'ee2', 'description': '设定值为空', 'typeName': '有符号8位整型', 'config': {'initType': 1, 'setValue': ''}, 'index': 1}]
[2023-08-24 16:34:50,606] logger_util.py->write_log line:61 [INFO] 文件上传：None
[2023-08-24 16:34:50,614] logger_util.py->write_log line:61 [INFO] 预期结果：[{'equals': {'status_code': 400}}]
[2023-08-24 16:34:50,614] logger_util.py->write_log line:61 [INFO] 实际结果：序号<1>变量配置错误：设定值不能为空
[2023-08-24 16:34:50,614] logger_util.py->write_log line:61 [INFO] 接口请求成功！
[2023-08-24 16:34:50,614] logger_util.py->write_log line:61 [INFO] 
-------------接口请求结束-----------

[2023-08-24 16:34:50,619] logger_util.py->write_log line:61 [INFO] 
-------------接口请求开始-----------
[2023-08-24 16:34:50,619] logger_util.py->write_log line:61 [INFO] 接口名称：校验内部变量必填项-int8-设定值非法
[2023-08-24 16:34:50,619] logger_util.py->write_log line:61 [INFO] 接口方式：post
[2023-08-24 16:34:50,619] logger_util.py->write_log line:61 [INFO] 接口路径：http://127.0.0.1:18000/api/v1/variable/tunnel/146/tag
[2023-08-24 16:34:50,619] logger_util.py->write_log line:61 [INFO] 请求头：{}
[2023-08-24 16:34:50,619] logger_util.py->write_log line:61 [INFO] 请求参数：[{'archiveSetting': None, 'groupId': None, 'name': 'ee2', 'description': '设定值非法', 'typeName': '有符号8位整型', 'config': {'initType': 1, 'setValue': '128'}, 'index': 1}]
[2023-08-24 16:34:50,619] logger_util.py->write_log line:61 [INFO] 文件上传：None
[2023-08-24 16:34:50,628] logger_util.py->write_log line:61 [INFO] 预期结果：[{'equals': {'status_code': 400}}]
[2023-08-24 16:34:50,628] logger_util.py->write_log line:61 [INFO] 实际结果：序号<1>变量配置错误：设定值<128>错误
[2023-08-24 16:34:50,628] logger_util.py->write_log line:61 [INFO] 接口请求成功！
[2023-08-24 16:34:50,628] logger_util.py->write_log line:61 [INFO] 
-------------接口请求结束-----------

[2023-08-24 16:34:50,634] logger_util.py->write_log line:61 [INFO] 
-------------接口请求开始-----------
[2023-08-24 16:34:50,634] logger_util.py->write_log line:61 [INFO] 接口名称：校验内部变量必填项-int8-设定值非法
[2023-08-24 16:34:50,634] logger_util.py->write_log line:61 [INFO] 接口方式：post
[2023-08-24 16:34:50,634] logger_util.py->write_log line:61 [INFO] 接口路径：http://127.0.0.1:18000/api/v1/variable/tunnel/146/tag
[2023-08-24 16:34:50,634] logger_util.py->write_log line:61 [INFO] 请求头：{}
[2023-08-24 16:34:50,634] logger_util.py->write_log line:61 [INFO] 请求参数：[{'archiveSetting': None, 'groupId': None, 'name': 'ee2', 'description': '设定值非法', 'typeName': '有符号8位整型', 'config': {'initType': 1, 'setValue': '-129'}, 'index': 1}]
[2023-08-24 16:34:50,634] logger_util.py->write_log line:61 [INFO] 文件上传：None
[2023-08-24 16:34:50,642] logger_util.py->write_log line:61 [INFO] 预期结果：[{'equals': {'status_code': 400}}]
[2023-08-24 16:34:50,643] logger_util.py->write_log line:61 [INFO] 实际结果：序号<1>变量配置错误：设定值<-129>错误
[2023-08-24 16:34:50,643] logger_util.py->write_log line:61 [INFO] 接口请求成功！
[2023-08-24 16:34:50,643] logger_util.py->write_log line:61 [INFO] 
-------------接口请求结束-----------

[2023-08-24 16:34:50,648] logger_util.py->write_log line:61 [INFO] 
-------------接口请求开始-----------
[2023-08-24 16:34:50,648] logger_util.py->write_log line:61 [INFO] 接口名称：校验内部变量必填项-int8-设定值非法
[2023-08-24 16:34:50,648] logger_util.py->write_log line:61 [INFO] 接口方式：post
[2023-08-24 16:34:50,648] logger_util.py->write_log line:61 [INFO] 接口路径：http://127.0.0.1:18000/api/v1/variable/tunnel/146/tag
[2023-08-24 16:34:50,648] logger_util.py->write_log line:61 [INFO] 请求头：{}
[2023-08-24 16:34:50,648] logger_util.py->write_log line:61 [INFO] 请求参数：[{'archiveSetting': None, 'groupId': None, 'name': 'ee2', 'description': '设定值非法', 'typeName': '有符号8位整型', 'config': {'initType': 1, 'setValue': '10.5'}, 'index': 1}]
[2023-08-24 16:34:50,648] logger_util.py->write_log line:61 [INFO] 文件上传：None
[2023-08-24 16:34:58,182] logger_util.py->error_log line:65 [INFO] 断言失败:status_code不等于400
[2023-08-24 16:34:58,182] logger_util.py->write_log line:61 [INFO] 实际结果：[{'id': 559, 'tunnelId': 146, 'groupId': None, 'sort': 1, 'name': 'ee2', 'description': '设定值非法', 'tunnelType': 3, 'config': {'initType': 1, 'setValue': '10.5'}, 'type': 1, 'typeName': '有符号8位整型', 'historicGroupId': '00000000-0000-0000-0000-000000000000', 'historicGroupName': None, 'archiveSetting': None, 'historicBriefMsg': None, 'createTime': '2023-08-24T16:34:50.6594682+08:00', 'updateTime': '2023-08-24T16:34:50.6594686+08:00'}]
[2023-08-24 16:34:58,182] logger_util.py->write_log line:61 [INFO] 接口请求失败！
[2023-08-24 16:34:58,182] logger_util.py->write_log line:61 [INFO] -------------接口请求结束-----------

[2023-08-24 16:34:58,183] logger_util.py->error_log line:65 [INFO] 断言异常：异常信息: Traceback (most recent call last):
  File "E:\Project_python\api_cms\common\requests_util.py", line 356, in validate_result
    error_log("断言失败:"+assert_key+"不等于"+str(assert_value))
  File "E:\Project_python\api_cms\common\logger_util.py", line 66, in error_log
    raise Exception(log_message)
Exception: 断言失败:status_code不等于400

[2023-08-24 16:34:58,183] logger_util.py->error_log line:65 [INFO] 分析YAML文件异常：异常信息: Traceback (most recent call last):
  File "E:\Project_python\api_cms\common\requests_util.py", line 356, in validate_result
    error_log("断言失败:"+assert_key+"不等于"+str(assert_value))
  File "E:\Project_python\api_cms\common\logger_util.py", line 66, in error_log
    raise Exception(log_message)
Exception: 断言失败:status_code不等于400

During handling of the above exception, another exception occurred:

Traceback (most recent call last):
  File "E:\Project_python\api_cms\common\requests_util.py", line 238, in analysis_yaml
    self.validate_result(yq_result, return_data, status_code)
  File "E:\Project_python\api_cms\common\requests_util.py", line 413, in validate_result
    error_log("断言异常：异常信息: %s" % str(traceback.format_exc()))
  File "E:\Project_python\api_cms\common\logger_util.py", line 66, in error_log
    raise Exception(log_message)
Exception: 断言异常：异常信息: Traceback (most recent call last):
  File "E:\Project_python\api_cms\common\requests_util.py", line 356, in validate_result
    error_log("断言失败:"+assert_key+"不等于"+str(assert_value))
  File "E:\Project_python\api_cms\common\logger_util.py", line 66, in error_log
    raise Exception(log_message)
Exception: 断言失败:status_code不等于400


[2023-08-24 16:34:58,270] logger_util.py->write_log line:61 [INFO] 
-------------接口请求开始-----------
[2023-08-24 16:34:58,270] logger_util.py->write_log line:61 [INFO] 接口名称：校验内部变量必填项-int8-设定值非法
[2023-08-24 16:34:58,270] logger_util.py->write_log line:61 [INFO] 接口方式：post
[2023-08-24 16:34:58,270] logger_util.py->write_log line:61 [INFO] 接口路径：http://127.0.0.1:18000/api/v1/variable/tunnel/146/tag
[2023-08-24 16:34:58,271] logger_util.py->write_log line:61 [INFO] 请求头：{}
[2023-08-24 16:34:58,271] logger_util.py->write_log line:61 [INFO] 请求参数：[{'archiveSetting': None, 'groupId': None, 'name': 'ee2', 'description': '设定值非法', 'typeName': '有符号8位整型', 'config': {'initType': 1, 'setValue': '中文'}, 'index': 1}]
[2023-08-24 16:34:58,271] logger_util.py->write_log line:61 [INFO] 文件上传：None
[2023-08-24 16:34:58,278] logger_util.py->write_log line:61 [INFO] 预期结果：[{'equals': {'status_code': 400}}]
[2023-08-24 16:34:58,278] logger_util.py->write_log line:61 [INFO] 实际结果：序号<1>变量配置错误：变量名<ee2>已存在，请重新输入
[2023-08-24 16:34:58,278] logger_util.py->write_log line:61 [INFO] 接口请求成功！
[2023-08-24 16:34:58,278] logger_util.py->write_log line:61 [INFO] 
-------------接口请求结束-----------

[2023-08-24 16:34:58,283] logger_util.py->write_log line:61 [INFO] 
-------------接口请求开始-----------
[2023-08-24 16:34:58,283] logger_util.py->write_log line:61 [INFO] 接口名称：校验内部变量必填项-unint8-设定值为空
[2023-08-24 16:34:58,283] logger_util.py->write_log line:61 [INFO] 接口方式：post
[2023-08-24 16:34:58,283] logger_util.py->write_log line:61 [INFO] 接口路径：http://127.0.0.1:18000/api/v1/variable/tunnel/146/tag
[2023-08-24 16:34:58,283] logger_util.py->write_log line:61 [INFO] 请求头：{}
[2023-08-24 16:34:58,283] logger_util.py->write_log line:61 [INFO] 请求参数：[{'archiveSetting': None, 'groupId': None, 'name': 'ee2', 'description': '设定值为空', 'typeName': '无符号8位整型', 'config': {'initType': 1, 'setValue': ''}, 'index': 1}]
[2023-08-24 16:34:58,283] logger_util.py->write_log line:61 [INFO] 文件上传：None
[2023-08-24 16:34:58,291] logger_util.py->write_log line:61 [INFO] 预期结果：[{'equals': {'status_code': 400}}]
[2023-08-24 16:34:58,292] logger_util.py->write_log line:61 [INFO] 实际结果：序号<1>变量配置错误：变量名<ee2>已存在，请重新输入
[2023-08-24 16:34:58,292] logger_util.py->write_log line:61 [INFO] 接口请求成功！
[2023-08-24 16:34:58,292] logger_util.py->write_log line:61 [INFO] 
-------------接口请求结束-----------

[2023-08-24 16:34:58,297] logger_util.py->write_log line:61 [INFO] 
-------------接口请求开始-----------
[2023-08-24 16:34:58,297] logger_util.py->write_log line:61 [INFO] 接口名称：校验内部变量必填项-unint8-设定值非法
[2023-08-24 16:34:58,297] logger_util.py->write_log line:61 [INFO] 接口方式：post
[2023-08-24 16:34:58,297] logger_util.py->write_log line:61 [INFO] 接口路径：http://127.0.0.1:18000/api/v1/variable/tunnel/146/tag
[2023-08-24 16:34:58,297] logger_util.py->write_log line:61 [INFO] 请求头：{}
[2023-08-24 16:34:58,297] logger_util.py->write_log line:61 [INFO] 请求参数：[{'archiveSetting': None, 'groupId': None, 'name': 'ee2', 'description': '设定值非法', 'typeName': '无符号8位整型', 'config': {'initType': 1, 'setValue': '256'}, 'index': 1}]
[2023-08-24 16:34:58,297] logger_util.py->write_log line:61 [INFO] 文件上传：None
[2023-08-24 16:34:58,305] logger_util.py->write_log line:61 [INFO] 预期结果：[{'equals': {'status_code': 400}}]
[2023-08-24 16:34:58,305] logger_util.py->write_log line:61 [INFO] 实际结果：序号<1>变量配置错误：变量名<ee2>已存在，请重新输入
[2023-08-24 16:34:58,305] logger_util.py->write_log line:61 [INFO] 接口请求成功！
[2023-08-24 16:34:58,305] logger_util.py->write_log line:61 [INFO] 
-------------接口请求结束-----------

[2023-08-24 16:34:58,310] logger_util.py->write_log line:61 [INFO] 
-------------接口请求开始-----------
[2023-08-24 16:34:58,310] logger_util.py->write_log line:61 [INFO] 接口名称：校验内部变量必填项-unint8-设定值非法
[2023-08-24 16:34:58,310] logger_util.py->write_log line:61 [INFO] 接口方式：post
[2023-08-24 16:34:58,310] logger_util.py->write_log line:61 [INFO] 接口路径：http://127.0.0.1:18000/api/v1/variable/tunnel/146/tag
[2023-08-24 16:34:58,311] logger_util.py->write_log line:61 [INFO] 请求头：{}
[2023-08-24 16:34:58,311] logger_util.py->write_log line:61 [INFO] 请求参数：[{'archiveSetting': None, 'groupId': None, 'name': 'ee2', 'description': '设定值非法', 'typeName': '无符号8位整型', 'config': {'initType': 1, 'setValue': '-1'}, 'index': 1}]
[2023-08-24 16:34:58,311] logger_util.py->write_log line:61 [INFO] 文件上传：None
[2023-08-24 16:34:58,319] logger_util.py->write_log line:61 [INFO] 预期结果：[{'equals': {'status_code': 400}}]
[2023-08-24 16:34:58,319] logger_util.py->write_log line:61 [INFO] 实际结果：序号<1>变量配置错误：变量名<ee2>已存在，请重新输入
[2023-08-24 16:34:58,319] logger_util.py->write_log line:61 [INFO] 接口请求成功！
[2023-08-24 16:34:58,319] logger_util.py->write_log line:61 [INFO] 
-------------接口请求结束-----------

[2023-08-24 16:34:58,324] logger_util.py->write_log line:61 [INFO] 
-------------接口请求开始-----------
[2023-08-24 16:34:58,324] logger_util.py->write_log line:61 [INFO] 接口名称：校验内部变量必填项-unint8-设定值非法
[2023-08-24 16:34:58,324] logger_util.py->write_log line:61 [INFO] 接口方式：post
[2023-08-24 16:34:58,324] logger_util.py->write_log line:61 [INFO] 接口路径：http://127.0.0.1:18000/api/v1/variable/tunnel/146/tag
[2023-08-24 16:34:58,324] logger_util.py->write_log line:61 [INFO] 请求头：{}
[2023-08-24 16:34:58,324] logger_util.py->write_log line:61 [INFO] 请求参数：[{'archiveSetting': None, 'groupId': None, 'name': 'ee2', 'description': '设定值非法', 'typeName': '无符号8位整型', 'config': {'initType': 1, 'setValue': '10.5'}, 'index': 1}]
[2023-08-24 16:34:58,324] logger_util.py->write_log line:61 [INFO] 文件上传：None
[2023-08-24 16:34:58,332] logger_util.py->write_log line:61 [INFO] 预期结果：[{'equals': {'status_code': 400}}]
[2023-08-24 16:34:58,332] logger_util.py->write_log line:61 [INFO] 实际结果：序号<1>变量配置错误：变量名<ee2>已存在，请重新输入
[2023-08-24 16:34:58,332] logger_util.py->write_log line:61 [INFO] 接口请求成功！
[2023-08-24 16:34:58,332] logger_util.py->write_log line:61 [INFO] 
-------------接口请求结束-----------

[2023-08-24 16:34:58,337] logger_util.py->write_log line:61 [INFO] 
-------------接口请求开始-----------
[2023-08-24 16:34:58,337] logger_util.py->write_log line:61 [INFO] 接口名称：校验内部变量必填项-unint8-设定值非法
[2023-08-24 16:34:58,337] logger_util.py->write_log line:61 [INFO] 接口方式：post
[2023-08-24 16:34:58,337] logger_util.py->write_log line:61 [INFO] 接口路径：http://127.0.0.1:18000/api/v1/variable/tunnel/146/tag
[2023-08-24 16:34:58,337] logger_util.py->write_log line:61 [INFO] 请求头：{}
[2023-08-24 16:34:58,337] logger_util.py->write_log line:61 [INFO] 请求参数：[{'archiveSetting': None, 'groupId': None, 'name': 'ee2', 'description': '设定值非法', 'typeName': '无符号8位整型', 'config': {'initType': 1, 'setValue': '中文'}, 'index': 1}]
[2023-08-24 16:34:58,337] logger_util.py->write_log line:61 [INFO] 文件上传：None
[2023-08-24 16:34:58,345] logger_util.py->write_log line:61 [INFO] 预期结果：[{'equals': {'status_code': 400}}]
[2023-08-24 16:34:58,345] logger_util.py->write_log line:61 [INFO] 实际结果：序号<1>变量配置错误：变量名<ee2>已存在，请重新输入
[2023-08-24 16:34:58,345] logger_util.py->write_log line:61 [INFO] 接口请求成功！
[2023-08-24 16:34:58,345] logger_util.py->write_log line:61 [INFO] 
-------------接口请求结束-----------

[2023-08-24 16:34:58,350] logger_util.py->write_log line:61 [INFO] 
-------------接口请求开始-----------
[2023-08-24 16:34:58,350] logger_util.py->write_log line:61 [INFO] 接口名称：校验内部变量必填项-int16-设定值为空
[2023-08-24 16:34:58,350] logger_util.py->write_log line:61 [INFO] 接口方式：post
[2023-08-24 16:34:58,351] logger_util.py->write_log line:61 [INFO] 接口路径：http://127.0.0.1:18000/api/v1/variable/tunnel/146/tag
[2023-08-24 16:34:58,351] logger_util.py->write_log line:61 [INFO] 请求头：{}
[2023-08-24 16:34:58,351] logger_util.py->write_log line:61 [INFO] 请求参数：[{'archiveSetting': None, 'groupId': None, 'name': 'ee2', 'description': '设定值为空', 'typeName': '有符号16位整型', 'config': {'initType': 1, 'setValue': ''}, 'index': 1}]
[2023-08-24 16:34:58,351] logger_util.py->write_log line:61 [INFO] 文件上传：None
[2023-08-24 16:34:58,359] logger_util.py->write_log line:61 [INFO] 预期结果：[{'equals': {'status_code': 400}}]
[2023-08-24 16:34:58,359] logger_util.py->write_log line:61 [INFO] 实际结果：序号<1>变量配置错误：变量名<ee2>已存在，请重新输入
[2023-08-24 16:34:58,359] logger_util.py->write_log line:61 [INFO] 接口请求成功！
[2023-08-24 16:34:58,359] logger_util.py->write_log line:61 [INFO] 
-------------接口请求结束-----------

[2023-08-24 16:34:58,364] logger_util.py->write_log line:61 [INFO] 
-------------接口请求开始-----------
[2023-08-24 16:34:58,364] logger_util.py->write_log line:61 [INFO] 接口名称：校验内部变量必填项-int16-设定值非法
[2023-08-24 16:34:58,364] logger_util.py->write_log line:61 [INFO] 接口方式：post
[2023-08-24 16:34:58,364] logger_util.py->write_log line:61 [INFO] 接口路径：http://127.0.0.1:18000/api/v1/variable/tunnel/146/tag
[2023-08-24 16:34:58,364] logger_util.py->write_log line:61 [INFO] 请求头：{}
[2023-08-24 16:34:58,364] logger_util.py->write_log line:61 [INFO] 请求参数：[{'archiveSetting': None, 'groupId': None, 'name': 'ee2', 'description': '设定值非法', 'typeName': '有符号16位整型', 'config': {'initType': 1, 'setValue': '32768'}, 'index': 1}]
[2023-08-24 16:34:58,364] logger_util.py->write_log line:61 [INFO] 文件上传：None
[2023-08-24 16:34:58,372] logger_util.py->write_log line:61 [INFO] 预期结果：[{'equals': {'status_code': 400}}]
[2023-08-24 16:34:58,372] logger_util.py->write_log line:61 [INFO] 实际结果：序号<1>变量配置错误：变量名<ee2>已存在，请重新输入
[2023-08-24 16:34:58,372] logger_util.py->write_log line:61 [INFO] 接口请求成功！
[2023-08-24 16:34:58,372] logger_util.py->write_log line:61 [INFO] 
-------------接口请求结束-----------

[2023-08-24 16:34:58,378] logger_util.py->write_log line:61 [INFO] 
-------------接口请求开始-----------
[2023-08-24 16:34:58,378] logger_util.py->write_log line:61 [INFO] 接口名称：校验内部变量必填项-int16-设定值非法
[2023-08-24 16:34:58,378] logger_util.py->write_log line:61 [INFO] 接口方式：post
[2023-08-24 16:34:58,378] logger_util.py->write_log line:61 [INFO] 接口路径：http://127.0.0.1:18000/api/v1/variable/tunnel/146/tag
[2023-08-24 16:34:58,378] logger_util.py->write_log line:61 [INFO] 请求头：{}
[2023-08-24 16:34:58,378] logger_util.py->write_log line:61 [INFO] 请求参数：[{'archiveSetting': None, 'groupId': None, 'name': 'ee2', 'description': '设定值非法', 'typeName': '有符号16位整型', 'config': {'initType': 1, 'setValue': '-32769'}, 'index': 1}]
[2023-08-24 16:34:58,378] logger_util.py->write_log line:61 [INFO] 文件上传：None
[2023-08-24 16:34:58,387] logger_util.py->write_log line:61 [INFO] 预期结果：[{'equals': {'status_code': 400}}]
[2023-08-24 16:34:58,387] logger_util.py->write_log line:61 [INFO] 实际结果：序号<1>变量配置错误：变量名<ee2>已存在，请重新输入
[2023-08-24 16:34:58,387] logger_util.py->write_log line:61 [INFO] 接口请求成功！
[2023-08-24 16:34:58,388] logger_util.py->write_log line:61 [INFO] 
-------------接口请求结束-----------

[2023-08-24 16:34:58,393] logger_util.py->write_log line:61 [INFO] 
-------------接口请求开始-----------
[2023-08-24 16:34:58,393] logger_util.py->write_log line:61 [INFO] 接口名称：校验内部变量必填项-int16-设定值非法
[2023-08-24 16:34:58,393] logger_util.py->write_log line:61 [INFO] 接口方式：post
[2023-08-24 16:34:58,393] logger_util.py->write_log line:61 [INFO] 接口路径：http://127.0.0.1:18000/api/v1/variable/tunnel/146/tag
[2023-08-24 16:34:58,393] logger_util.py->write_log line:61 [INFO] 请求头：{}
[2023-08-24 16:34:58,393] logger_util.py->write_log line:61 [INFO] 请求参数：[{'archiveSetting': None, 'groupId': None, 'name': 'ee2', 'description': '设定值非法', 'typeName': '有符号16位整型', 'config': {'initType': 1, 'setValue': '10.5'}, 'index': 1}]
[2023-08-24 16:34:58,393] logger_util.py->write_log line:61 [INFO] 文件上传：None
[2023-08-24 16:34:58,404] logger_util.py->write_log line:61 [INFO] 预期结果：[{'equals': {'status_code': 400}}]
[2023-08-24 16:34:58,404] logger_util.py->write_log line:61 [INFO] 实际结果：序号<1>变量配置错误：变量名<ee2>已存在，请重新输入
[2023-08-24 16:34:58,404] logger_util.py->write_log line:61 [INFO] 接口请求成功！
[2023-08-24 16:34:58,404] logger_util.py->write_log line:61 [INFO] 
-------------接口请求结束-----------

[2023-08-24 16:34:58,410] logger_util.py->write_log line:61 [INFO] 
-------------接口请求开始-----------
[2023-08-24 16:34:58,410] logger_util.py->write_log line:61 [INFO] 接口名称：校验内部变量必填项-int16-设定值非法
[2023-08-24 16:34:58,410] logger_util.py->write_log line:61 [INFO] 接口方式：post
[2023-08-24 16:34:58,410] logger_util.py->write_log line:61 [INFO] 接口路径：http://127.0.0.1:18000/api/v1/variable/tunnel/146/tag
[2023-08-24 16:34:58,410] logger_util.py->write_log line:61 [INFO] 请求头：{}
[2023-08-24 16:34:58,410] logger_util.py->write_log line:61 [INFO] 请求参数：[{'archiveSetting': None, 'groupId': None, 'name': 'ee2', 'description': '设定值非法', 'typeName': '有符号16位整型', 'config': {'initType': 1, 'setValue': '中文'}, 'index': 1}]
[2023-08-24 16:34:58,410] logger_util.py->write_log line:61 [INFO] 文件上传：None
[2023-08-24 16:34:58,419] logger_util.py->write_log line:61 [INFO] 预期结果：[{'equals': {'status_code': 400}}]
[2023-08-24 16:34:58,419] logger_util.py->write_log line:61 [INFO] 实际结果：序号<1>变量配置错误：变量名<ee2>已存在，请重新输入
[2023-08-24 16:34:58,419] logger_util.py->write_log line:61 [INFO] 接口请求成功！
[2023-08-24 16:34:58,419] logger_util.py->write_log line:61 [INFO] 
-------------接口请求结束-----------

[2023-08-24 16:34:58,424] logger_util.py->write_log line:61 [INFO] 
-------------接口请求开始-----------
[2023-08-24 16:34:58,424] logger_util.py->write_log line:61 [INFO] 接口名称：校验内部变量必填项-unint16-设定值为空
[2023-08-24 16:34:58,424] logger_util.py->write_log line:61 [INFO] 接口方式：post
[2023-08-24 16:34:58,424] logger_util.py->write_log line:61 [INFO] 接口路径：http://127.0.0.1:18000/api/v1/variable/tunnel/146/tag
[2023-08-24 16:34:58,424] logger_util.py->write_log line:61 [INFO] 请求头：{}
[2023-08-24 16:34:58,424] logger_util.py->write_log line:61 [INFO] 请求参数：[{'archiveSetting': None, 'groupId': None, 'name': 'ee2', 'description': '设定值为空', 'typeName': '无符号16位整型', 'config': {'initType': 1, 'setValue': ''}, 'index': 1}]
[2023-08-24 16:34:58,425] logger_util.py->write_log line:61 [INFO] 文件上传：None
[2023-08-24 16:34:58,433] logger_util.py->write_log line:61 [INFO] 预期结果：[{'equals': {'status_code': 400}}]
[2023-08-24 16:34:58,433] logger_util.py->write_log line:61 [INFO] 实际结果：序号<1>变量配置错误：变量名<ee2>已存在，请重新输入
[2023-08-24 16:34:58,433] logger_util.py->write_log line:61 [INFO] 接口请求成功！
[2023-08-24 16:34:58,433] logger_util.py->write_log line:61 [INFO] 
-------------接口请求结束-----------

[2023-08-24 16:34:58,438] logger_util.py->write_log line:61 [INFO] 
-------------接口请求开始-----------
[2023-08-24 16:34:58,438] logger_util.py->write_log line:61 [INFO] 接口名称：校验内部变量必填项-unint16-设定值非法
[2023-08-24 16:34:58,438] logger_util.py->write_log line:61 [INFO] 接口方式：post
[2023-08-24 16:34:58,438] logger_util.py->write_log line:61 [INFO] 接口路径：http://127.0.0.1:18000/api/v1/variable/tunnel/146/tag
[2023-08-24 16:34:58,438] logger_util.py->write_log line:61 [INFO] 请求头：{}
[2023-08-24 16:34:58,438] logger_util.py->write_log line:61 [INFO] 请求参数：[{'archiveSetting': None, 'groupId': None, 'name': 'ee2', 'description': '设定值非法', 'typeName': '无符号16位整型', 'config': {'initType': 1, 'setValue': '65536'}, 'index': 1}]
[2023-08-24 16:34:58,438] logger_util.py->write_log line:61 [INFO] 文件上传：None
[2023-08-24 16:34:58,447] logger_util.py->write_log line:61 [INFO] 预期结果：[{'equals': {'status_code': 400}}]
[2023-08-24 16:34:58,447] logger_util.py->write_log line:61 [INFO] 实际结果：序号<1>变量配置错误：变量名<ee2>已存在，请重新输入
[2023-08-24 16:34:58,447] logger_util.py->write_log line:61 [INFO] 接口请求成功！
[2023-08-24 16:34:58,447] logger_util.py->write_log line:61 [INFO] 
-------------接口请求结束-----------

[2023-08-24 16:34:58,452] logger_util.py->write_log line:61 [INFO] 
-------------接口请求开始-----------
[2023-08-24 16:34:58,452] logger_util.py->write_log line:61 [INFO] 接口名称：校验内部变量必填项-unint16-设定值非法
[2023-08-24 16:34:58,452] logger_util.py->write_log line:61 [INFO] 接口方式：post
[2023-08-24 16:34:58,452] logger_util.py->write_log line:61 [INFO] 接口路径：http://127.0.0.1:18000/api/v1/variable/tunnel/146/tag
[2023-08-24 16:34:58,452] logger_util.py->write_log line:61 [INFO] 请求头：{}
[2023-08-24 16:34:58,452] logger_util.py->write_log line:61 [INFO] 请求参数：[{'archiveSetting': None, 'groupId': None, 'name': 'ee2', 'description': '设定值非法', 'typeName': '无符号16位整型', 'config': {'initType': 1, 'setValue': '-1'}, 'index': 1}]
[2023-08-24 16:34:58,452] logger_util.py->write_log line:61 [INFO] 文件上传：None
[2023-08-24 16:34:58,460] logger_util.py->write_log line:61 [INFO] 预期结果：[{'equals': {'status_code': 400}}]
[2023-08-24 16:34:58,460] logger_util.py->write_log line:61 [INFO] 实际结果：序号<1>变量配置错误：变量名<ee2>已存在，请重新输入
[2023-08-24 16:34:58,460] logger_util.py->write_log line:61 [INFO] 接口请求成功！
[2023-08-24 16:34:58,460] logger_util.py->write_log line:61 [INFO] 
-------------接口请求结束-----------

[2023-08-24 16:34:58,465] logger_util.py->write_log line:61 [INFO] 
-------------接口请求开始-----------
[2023-08-24 16:34:58,466] logger_util.py->write_log line:61 [INFO] 接口名称：校验内部变量必填项-unint16-设定值非法
[2023-08-24 16:34:58,466] logger_util.py->write_log line:61 [INFO] 接口方式：post
[2023-08-24 16:34:58,466] logger_util.py->write_log line:61 [INFO] 接口路径：http://127.0.0.1:18000/api/v1/variable/tunnel/146/tag
[2023-08-24 16:34:58,466] logger_util.py->write_log line:61 [INFO] 请求头：{}
[2023-08-24 16:34:58,466] logger_util.py->write_log line:61 [INFO] 请求参数：[{'archiveSetting': None, 'groupId': None, 'name': 'ee2', 'description': '设定值非法', 'typeName': '无符号16位整型', 'config': {'initType': 1, 'setValue': '10.5'}, 'index': 1}]
[2023-08-24 16:34:58,466] logger_util.py->write_log line:61 [INFO] 文件上传：None
[2023-08-24 16:34:58,474] logger_util.py->write_log line:61 [INFO] 预期结果：[{'equals': {'status_code': 400}}]
[2023-08-24 16:34:58,474] logger_util.py->write_log line:61 [INFO] 实际结果：序号<1>变量配置错误：变量名<ee2>已存在，请重新输入
[2023-08-24 16:34:58,474] logger_util.py->write_log line:61 [INFO] 接口请求成功！
[2023-08-24 16:34:58,474] logger_util.py->write_log line:61 [INFO] 
-------------接口请求结束-----------

[2023-08-24 16:34:58,479] logger_util.py->write_log line:61 [INFO] 
-------------接口请求开始-----------
[2023-08-24 16:34:58,480] logger_util.py->write_log line:61 [INFO] 接口名称：校验内部变量必填项-unint16-设定值非法
[2023-08-24 16:34:58,480] logger_util.py->write_log line:61 [INFO] 接口方式：post
[2023-08-24 16:34:58,480] logger_util.py->write_log line:61 [INFO] 接口路径：http://127.0.0.1:18000/api/v1/variable/tunnel/146/tag
[2023-08-24 16:34:58,480] logger_util.py->write_log line:61 [INFO] 请求头：{}
[2023-08-24 16:34:58,480] logger_util.py->write_log line:61 [INFO] 请求参数：[{'archiveSetting': None, 'groupId': None, 'name': 'ee2', 'description': '设定值非法', 'typeName': '无符号16位整型', 'config': {'initType': 1, 'setValue': '中文'}, 'index': 1}]
[2023-08-24 16:34:58,480] logger_util.py->write_log line:61 [INFO] 文件上传：None
[2023-08-24 16:34:58,488] logger_util.py->write_log line:61 [INFO] 预期结果：[{'equals': {'status_code': 400}}]
[2023-08-24 16:34:58,488] logger_util.py->write_log line:61 [INFO] 实际结果：序号<1>变量配置错误：变量名<ee2>已存在，请重新输入
[2023-08-24 16:34:58,488] logger_util.py->write_log line:61 [INFO] 接口请求成功！
[2023-08-24 16:34:58,488] logger_util.py->write_log line:61 [INFO] 
-------------接口请求结束-----------

[2023-08-24 16:34:58,493] logger_util.py->write_log line:61 [INFO] 
-------------接口请求开始-----------
[2023-08-24 16:34:58,493] logger_util.py->write_log line:61 [INFO] 接口名称：校验内部变量必填项-int32-设定值为空
[2023-08-24 16:34:58,493] logger_util.py->write_log line:61 [INFO] 接口方式：post
[2023-08-24 16:34:58,493] logger_util.py->write_log line:61 [INFO] 接口路径：http://127.0.0.1:18000/api/v1/variable/tunnel/146/tag
[2023-08-24 16:34:58,493] logger_util.py->write_log line:61 [INFO] 请求头：{}
[2023-08-24 16:34:58,493] logger_util.py->write_log line:61 [INFO] 请求参数：[{'archiveSetting': None, 'groupId': None, 'name': 'ee2', 'description': '设定值为空', 'typeName': '有符号32位整型', 'config': {'initType': 1, 'setValue': ''}, 'index': 1}]
[2023-08-24 16:34:58,493] logger_util.py->write_log line:61 [INFO] 文件上传：None
[2023-08-24 16:34:58,501] logger_util.py->write_log line:61 [INFO] 预期结果：[{'equals': {'status_code': 400}}]
[2023-08-24 16:34:58,501] logger_util.py->write_log line:61 [INFO] 实际结果：序号<1>变量配置错误：变量名<ee2>已存在，请重新输入
[2023-08-24 16:34:58,501] logger_util.py->write_log line:61 [INFO] 接口请求成功！
[2023-08-24 16:34:58,501] logger_util.py->write_log line:61 [INFO] 
-------------接口请求结束-----------

[2023-08-24 16:34:58,506] logger_util.py->write_log line:61 [INFO] 
-------------接口请求开始-----------
[2023-08-24 16:34:58,507] logger_util.py->write_log line:61 [INFO] 接口名称：校验内部变量必填项-int32-设定值非法
[2023-08-24 16:34:58,507] logger_util.py->write_log line:61 [INFO] 接口方式：post
[2023-08-24 16:34:58,507] logger_util.py->write_log line:61 [INFO] 接口路径：http://127.0.0.1:18000/api/v1/variable/tunnel/146/tag
[2023-08-24 16:34:58,507] logger_util.py->write_log line:61 [INFO] 请求头：{}
[2023-08-24 16:34:58,507] logger_util.py->write_log line:61 [INFO] 请求参数：[{'archiveSetting': None, 'groupId': None, 'name': 'ee2', 'description': '设定值非法', 'typeName': '有符号32位整型', 'config': {'initType': 1, 'setValue': '2147483648'}, 'index': 1}]
[2023-08-24 16:34:58,507] logger_util.py->write_log line:61 [INFO] 文件上传：None
[2023-08-24 16:34:58,514] logger_util.py->write_log line:61 [INFO] 预期结果：[{'equals': {'status_code': 400}}]
[2023-08-24 16:34:58,515] logger_util.py->write_log line:61 [INFO] 实际结果：序号<1>变量配置错误：变量名<ee2>已存在，请重新输入
[2023-08-24 16:34:58,515] logger_util.py->write_log line:61 [INFO] 接口请求成功！
[2023-08-24 16:34:58,515] logger_util.py->write_log line:61 [INFO] 
-------------接口请求结束-----------

[2023-08-24 16:34:58,520] logger_util.py->write_log line:61 [INFO] 
-------------接口请求开始-----------
[2023-08-24 16:34:58,520] logger_util.py->write_log line:61 [INFO] 接口名称：校验内部变量必填项-int32-设定值非法
[2023-08-24 16:34:58,520] logger_util.py->write_log line:61 [INFO] 接口方式：post
[2023-08-24 16:34:58,520] logger_util.py->write_log line:61 [INFO] 接口路径：http://127.0.0.1:18000/api/v1/variable/tunnel/146/tag
[2023-08-24 16:34:58,520] logger_util.py->write_log line:61 [INFO] 请求头：{}
[2023-08-24 16:34:58,520] logger_util.py->write_log line:61 [INFO] 请求参数：[{'archiveSetting': None, 'groupId': None, 'name': 'ee2', 'description': '设定值非法', 'typeName': '有符号32位整型', 'config': {'initType': 1, 'setValue': '-2147483649'}, 'index': 1}]
[2023-08-24 16:34:58,520] logger_util.py->write_log line:61 [INFO] 文件上传：None
[2023-08-24 16:34:58,528] logger_util.py->write_log line:61 [INFO] 预期结果：[{'equals': {'status_code': 400}}]
[2023-08-24 16:34:58,528] logger_util.py->write_log line:61 [INFO] 实际结果：序号<1>变量配置错误：变量名<ee2>已存在，请重新输入
[2023-08-24 16:34:58,529] logger_util.py->write_log line:61 [INFO] 接口请求成功！
[2023-08-24 16:34:58,529] logger_util.py->write_log line:61 [INFO] 
-------------接口请求结束-----------

[2023-08-24 16:34:58,533] logger_util.py->write_log line:61 [INFO] 
-------------接口请求开始-----------
[2023-08-24 16:34:58,534] logger_util.py->write_log line:61 [INFO] 接口名称：校验内部变量必填项-int32-设定值非法
[2023-08-24 16:34:58,534] logger_util.py->write_log line:61 [INFO] 接口方式：post
[2023-08-24 16:34:58,534] logger_util.py->write_log line:61 [INFO] 接口路径：http://127.0.0.1:18000/api/v1/variable/tunnel/146/tag
[2023-08-24 16:34:58,534] logger_util.py->write_log line:61 [INFO] 请求头：{}
[2023-08-24 16:34:58,534] logger_util.py->write_log line:61 [INFO] 请求参数：[{'archiveSetting': None, 'groupId': None, 'name': 'ee2', 'description': '设定值非法', 'typeName': '有符号32位整型', 'config': {'initType': 1, 'setValue': '10.5'}, 'index': 1}]
[2023-08-24 16:34:58,534] logger_util.py->write_log line:61 [INFO] 文件上传：None
[2023-08-24 16:34:58,543] logger_util.py->write_log line:61 [INFO] 预期结果：[{'equals': {'status_code': 400}}]
[2023-08-24 16:34:58,543] logger_util.py->write_log line:61 [INFO] 实际结果：序号<1>变量配置错误：变量名<ee2>已存在，请重新输入
[2023-08-24 16:34:58,543] logger_util.py->write_log line:61 [INFO] 接口请求成功！
[2023-08-24 16:34:58,543] logger_util.py->write_log line:61 [INFO] 
-------------接口请求结束-----------

[2023-08-24 16:34:58,548] logger_util.py->write_log line:61 [INFO] 
-------------接口请求开始-----------
[2023-08-24 16:34:58,548] logger_util.py->write_log line:61 [INFO] 接口名称：校验内部变量必填项-int32-设定值非法
[2023-08-24 16:34:58,548] logger_util.py->write_log line:61 [INFO] 接口方式：post
[2023-08-24 16:34:58,548] logger_util.py->write_log line:61 [INFO] 接口路径：http://127.0.0.1:18000/api/v1/variable/tunnel/146/tag
[2023-08-24 16:34:58,548] logger_util.py->write_log line:61 [INFO] 请求头：{}
[2023-08-24 16:34:58,548] logger_util.py->write_log line:61 [INFO] 请求参数：[{'archiveSetting': None, 'groupId': None, 'name': 'ee2', 'description': '设定值非法', 'typeName': '有符号32位整型', 'config': {'initType': 1, 'setValue': '中文'}, 'index': 1}]
[2023-08-24 16:34:58,548] logger_util.py->write_log line:61 [INFO] 文件上传：None
[2023-08-24 16:34:58,557] logger_util.py->write_log line:61 [INFO] 预期结果：[{'equals': {'status_code': 400}}]
[2023-08-24 16:34:58,557] logger_util.py->write_log line:61 [INFO] 实际结果：序号<1>变量配置错误：变量名<ee2>已存在，请重新输入
[2023-08-24 16:34:58,558] logger_util.py->write_log line:61 [INFO] 接口请求成功！
[2023-08-24 16:34:58,558] logger_util.py->write_log line:61 [INFO] 
-------------接口请求结束-----------

[2023-08-24 16:34:58,562] logger_util.py->write_log line:61 [INFO] 
-------------接口请求开始-----------
[2023-08-24 16:34:58,562] logger_util.py->write_log line:61 [INFO] 接口名称：校验内部变量必填项-unint32-设定值为空
[2023-08-24 16:34:58,562] logger_util.py->write_log line:61 [INFO] 接口方式：post
[2023-08-24 16:34:58,563] logger_util.py->write_log line:61 [INFO] 接口路径：http://127.0.0.1:18000/api/v1/variable/tunnel/146/tag
[2023-08-24 16:34:58,563] logger_util.py->write_log line:61 [INFO] 请求头：{}
[2023-08-24 16:34:58,563] logger_util.py->write_log line:61 [INFO] 请求参数：[{'archiveSetting': None, 'groupId': None, 'name': 'ee2', 'description': '设定值为空', 'typeName': '无符号32位整型', 'config': {'initType': 1, 'setValue': ''}, 'index': 1}]
[2023-08-24 16:34:58,563] logger_util.py->write_log line:61 [INFO] 文件上传：None
[2023-08-24 16:34:58,571] logger_util.py->write_log line:61 [INFO] 预期结果：[{'equals': {'status_code': 400}}]
[2023-08-24 16:34:58,571] logger_util.py->write_log line:61 [INFO] 实际结果：序号<1>变量配置错误：变量名<ee2>已存在，请重新输入
[2023-08-24 16:34:58,571] logger_util.py->write_log line:61 [INFO] 接口请求成功！
[2023-08-24 16:34:58,571] logger_util.py->write_log line:61 [INFO] 
-------------接口请求结束-----------

[2023-08-24 16:34:58,576] logger_util.py->write_log line:61 [INFO] 
-------------接口请求开始-----------
[2023-08-24 16:34:58,576] logger_util.py->write_log line:61 [INFO] 接口名称：校验内部变量必填项-unint32-设定值非法
[2023-08-24 16:34:58,576] logger_util.py->write_log line:61 [INFO] 接口方式：post
[2023-08-24 16:34:58,576] logger_util.py->write_log line:61 [INFO] 接口路径：http://127.0.0.1:18000/api/v1/variable/tunnel/146/tag
[2023-08-24 16:34:58,576] logger_util.py->write_log line:61 [INFO] 请求头：{}
[2023-08-24 16:34:58,576] logger_util.py->write_log line:61 [INFO] 请求参数：[{'archiveSetting': None, 'groupId': None, 'name': 'ee2', 'description': '设定值非法', 'typeName': '无符号32位整型', 'config': {'initType': 1, 'setValue': '429496726'}, 'index': 1}]
[2023-08-24 16:34:58,576] logger_util.py->write_log line:61 [INFO] 文件上传：None
[2023-08-24 16:34:58,584] logger_util.py->write_log line:61 [INFO] 预期结果：[{'equals': {'status_code': 400}}]
[2023-08-24 16:34:58,584] logger_util.py->write_log line:61 [INFO] 实际结果：序号<1>变量配置错误：变量名<ee2>已存在，请重新输入
[2023-08-24 16:34:58,584] logger_util.py->write_log line:61 [INFO] 接口请求成功！
[2023-08-24 16:34:58,584] logger_util.py->write_log line:61 [INFO] 
-------------接口请求结束-----------

[2023-08-24 16:34:58,590] logger_util.py->write_log line:61 [INFO] 
-------------接口请求开始-----------
[2023-08-24 16:34:58,590] logger_util.py->write_log line:61 [INFO] 接口名称：校验内部变量必填项-unint32-设定值非法
[2023-08-24 16:34:58,590] logger_util.py->write_log line:61 [INFO] 接口方式：post
[2023-08-24 16:34:58,590] logger_util.py->write_log line:61 [INFO] 接口路径：http://127.0.0.1:18000/api/v1/variable/tunnel/146/tag
[2023-08-24 16:34:58,590] logger_util.py->write_log line:61 [INFO] 请求头：{}
[2023-08-24 16:34:58,590] logger_util.py->write_log line:61 [INFO] 请求参数：[{'archiveSetting': None, 'groupId': None, 'name': 'ee2', 'description': '设定值非法', 'typeName': '无符号32位整型', 'config': {'initType': 1, 'setValue': '-429496727'}, 'index': 1}]
[2023-08-24 16:34:58,590] logger_util.py->write_log line:61 [INFO] 文件上传：None
[2023-08-24 16:34:58,598] logger_util.py->write_log line:61 [INFO] 预期结果：[{'equals': {'status_code': 400}}]
[2023-08-24 16:34:58,598] logger_util.py->write_log line:61 [INFO] 实际结果：序号<1>变量配置错误：变量名<ee2>已存在，请重新输入
[2023-08-24 16:34:58,598] logger_util.py->write_log line:61 [INFO] 接口请求成功！
[2023-08-24 16:34:58,598] logger_util.py->write_log line:61 [INFO] 
-------------接口请求结束-----------

[2023-08-24 16:34:58,604] logger_util.py->write_log line:61 [INFO] 
-------------接口请求开始-----------
[2023-08-24 16:34:58,604] logger_util.py->write_log line:61 [INFO] 接口名称：校验内部变量必填项-unint32-设定值非法
[2023-08-24 16:34:58,604] logger_util.py->write_log line:61 [INFO] 接口方式：post
[2023-08-24 16:34:58,604] logger_util.py->write_log line:61 [INFO] 接口路径：http://127.0.0.1:18000/api/v1/variable/tunnel/146/tag
[2023-08-24 16:34:58,604] logger_util.py->write_log line:61 [INFO] 请求头：{}
[2023-08-24 16:34:58,604] logger_util.py->write_log line:61 [INFO] 请求参数：[{'archiveSetting': None, 'groupId': None, 'name': 'ee2', 'description': '设定值非法', 'typeName': '无符号32位整型', 'config': {'initType': 1, 'setValue': '10.5'}, 'index': 1}]
[2023-08-24 16:34:58,604] logger_util.py->write_log line:61 [INFO] 文件上传：None
[2023-08-24 16:34:58,613] logger_util.py->write_log line:61 [INFO] 预期结果：[{'equals': {'status_code': 400}}]
[2023-08-24 16:34:58,613] logger_util.py->write_log line:61 [INFO] 实际结果：序号<1>变量配置错误：变量名<ee2>已存在，请重新输入
[2023-08-24 16:34:58,613] logger_util.py->write_log line:61 [INFO] 接口请求成功！
[2023-08-24 16:34:58,613] logger_util.py->write_log line:61 [INFO] 
-------------接口请求结束-----------

[2023-08-24 16:34:58,618] logger_util.py->write_log line:61 [INFO] 
-------------接口请求开始-----------
[2023-08-24 16:34:58,619] logger_util.py->write_log line:61 [INFO] 接口名称：校验内部变量必填项-unint32-设定值非法
[2023-08-24 16:34:58,619] logger_util.py->write_log line:61 [INFO] 接口方式：post
[2023-08-24 16:34:58,619] logger_util.py->write_log line:61 [INFO] 接口路径：http://127.0.0.1:18000/api/v1/variable/tunnel/146/tag
[2023-08-24 16:34:58,619] logger_util.py->write_log line:61 [INFO] 请求头：{}
[2023-08-24 16:34:58,619] logger_util.py->write_log line:61 [INFO] 请求参数：[{'archiveSetting': None, 'groupId': None, 'name': 'ee2', 'description': '设定值非法', 'typeName': '无符号32位整型', 'config': {'initType': 1, 'setValue': '中文'}, 'index': 1}]
[2023-08-24 16:34:58,619] logger_util.py->write_log line:61 [INFO] 文件上传：None
[2023-08-24 16:34:58,627] logger_util.py->write_log line:61 [INFO] 预期结果：[{'equals': {'status_code': 400}}]
[2023-08-24 16:34:58,627] logger_util.py->write_log line:61 [INFO] 实际结果：序号<1>变量配置错误：变量名<ee2>已存在，请重新输入
[2023-08-24 16:34:58,627] logger_util.py->write_log line:61 [INFO] 接口请求成功！
[2023-08-24 16:34:58,627] logger_util.py->write_log line:61 [INFO] 
-------------接口请求结束-----------

[2023-08-24 16:34:58,632] logger_util.py->write_log line:61 [INFO] 
-------------接口请求开始-----------
[2023-08-24 16:34:58,632] logger_util.py->write_log line:61 [INFO] 接口名称：校验内部变量必填项-int32-设定值为空
[2023-08-24 16:34:58,632] logger_util.py->write_log line:61 [INFO] 接口方式：post
[2023-08-24 16:34:58,632] logger_util.py->write_log line:61 [INFO] 接口路径：http://127.0.0.1:18000/api/v1/variable/tunnel/146/tag
[2023-08-24 16:34:58,632] logger_util.py->write_log line:61 [INFO] 请求头：{}
[2023-08-24 16:34:58,632] logger_util.py->write_log line:61 [INFO] 请求参数：[{'archiveSetting': None, 'groupId': None, 'name': 'ee2', 'description': '设定值为空', 'typeName': '有符号32位整型', 'config': {'initType': 1, 'setValue': ''}, 'index': 1}]
[2023-08-24 16:34:58,632] logger_util.py->write_log line:61 [INFO] 文件上传：None
[2023-08-24 16:34:58,641] logger_util.py->write_log line:61 [INFO] 预期结果：[{'equals': {'status_code': 400}}]
[2023-08-24 16:34:58,641] logger_util.py->write_log line:61 [INFO] 实际结果：序号<1>变量配置错误：变量名<ee2>已存在，请重新输入
[2023-08-24 16:34:58,641] logger_util.py->write_log line:61 [INFO] 接口请求成功！
[2023-08-24 16:34:58,641] logger_util.py->write_log line:61 [INFO] 
-------------接口请求结束-----------

[2023-08-24 16:34:58,646] logger_util.py->write_log line:61 [INFO] 
-------------接口请求开始-----------
[2023-08-24 16:34:58,646] logger_util.py->write_log line:61 [INFO] 接口名称：校验内部变量必填项-int32-设定值非法
[2023-08-24 16:34:58,646] logger_util.py->write_log line:61 [INFO] 接口方式：post
[2023-08-24 16:34:58,646] logger_util.py->write_log line:61 [INFO] 接口路径：http://127.0.0.1:18000/api/v1/variable/tunnel/146/tag
[2023-08-24 16:34:58,646] logger_util.py->write_log line:61 [INFO] 请求头：{}
[2023-08-24 16:34:58,646] logger_util.py->write_log line:61 [INFO] 请求参数：[{'archiveSetting': None, 'groupId': None, 'name': 'ee2', 'description': '设定值非法', 'typeName': '有符号32位整型', 'config': {'initType': 1, 'setValue': '2147483648'}, 'index': 1}]
[2023-08-24 16:34:58,646] logger_util.py->write_log line:61 [INFO] 文件上传：None
[2023-08-24 16:34:58,655] logger_util.py->write_log line:61 [INFO] 预期结果：[{'equals': {'status_code': 400}}]
[2023-08-24 16:34:58,655] logger_util.py->write_log line:61 [INFO] 实际结果：序号<1>变量配置错误：变量名<ee2>已存在，请重新输入
[2023-08-24 16:34:58,655] logger_util.py->write_log line:61 [INFO] 接口请求成功！
[2023-08-24 16:34:58,655] logger_util.py->write_log line:61 [INFO] 
-------------接口请求结束-----------

[2023-08-24 16:34:58,660] logger_util.py->write_log line:61 [INFO] 
-------------接口请求开始-----------
[2023-08-24 16:34:58,660] logger_util.py->write_log line:61 [INFO] 接口名称：校验内部变量必填项-int32-设定值非法
[2023-08-24 16:34:58,660] logger_util.py->write_log line:61 [INFO] 接口方式：post
[2023-08-24 16:34:58,660] logger_util.py->write_log line:61 [INFO] 接口路径：http://127.0.0.1:18000/api/v1/variable/tunnel/146/tag
[2023-08-24 16:34:58,660] logger_util.py->write_log line:61 [INFO] 请求头：{}
[2023-08-24 16:34:58,661] logger_util.py->write_log line:61 [INFO] 请求参数：[{'archiveSetting': None, 'groupId': None, 'name': 'ee2', 'description': '设定值非法', 'typeName': '有符号32位整型', 'config': {'initType': 1, 'setValue': '-2147483649'}, 'index': 1}]
[2023-08-24 16:34:58,661] logger_util.py->write_log line:61 [INFO] 文件上传：None
[2023-08-24 16:34:58,669] logger_util.py->write_log line:61 [INFO] 预期结果：[{'equals': {'status_code': 400}}]
[2023-08-24 16:34:58,669] logger_util.py->write_log line:61 [INFO] 实际结果：序号<1>变量配置错误：变量名<ee2>已存在，请重新输入
[2023-08-24 16:34:58,669] logger_util.py->write_log line:61 [INFO] 接口请求成功！
[2023-08-24 16:34:58,669] logger_util.py->write_log line:61 [INFO] 
-------------接口请求结束-----------

[2023-08-24 16:34:58,674] logger_util.py->write_log line:61 [INFO] 
-------------接口请求开始-----------
[2023-08-24 16:34:58,674] logger_util.py->write_log line:61 [INFO] 接口名称：校验内部变量必填项-int32-设定值非法
[2023-08-24 16:34:58,675] logger_util.py->write_log line:61 [INFO] 接口方式：post
[2023-08-24 16:34:58,675] logger_util.py->write_log line:61 [INFO] 接口路径：http://127.0.0.1:18000/api/v1/variable/tunnel/146/tag
[2023-08-24 16:34:58,675] logger_util.py->write_log line:61 [INFO] 请求头：{}
[2023-08-24 16:34:58,675] logger_util.py->write_log line:61 [INFO] 请求参数：[{'archiveSetting': None, 'groupId': None, 'name': 'ee2', 'description': '设定值非法', 'typeName': '有符号32位整型', 'config': {'initType': 1, 'setValue': '10.5'}, 'index': 1}]
[2023-08-24 16:34:58,675] logger_util.py->write_log line:61 [INFO] 文件上传：None
[2023-08-24 16:34:58,683] logger_util.py->write_log line:61 [INFO] 预期结果：[{'equals': {'status_code': 400}}]
[2023-08-24 16:34:58,683] logger_util.py->write_log line:61 [INFO] 实际结果：序号<1>变量配置错误：变量名<ee2>已存在，请重新输入
[2023-08-24 16:34:58,683] logger_util.py->write_log line:61 [INFO] 接口请求成功！
[2023-08-24 16:34:58,684] logger_util.py->write_log line:61 [INFO] 
-------------接口请求结束-----------

[2023-08-24 16:34:58,689] logger_util.py->write_log line:61 [INFO] 
-------------接口请求开始-----------
[2023-08-24 16:34:58,689] logger_util.py->write_log line:61 [INFO] 接口名称：校验内部变量必填项-int32-设定值非法
[2023-08-24 16:34:58,689] logger_util.py->write_log line:61 [INFO] 接口方式：post
[2023-08-24 16:34:58,689] logger_util.py->write_log line:61 [INFO] 接口路径：http://127.0.0.1:18000/api/v1/variable/tunnel/146/tag
[2023-08-24 16:34:58,689] logger_util.py->write_log line:61 [INFO] 请求头：{}
[2023-08-24 16:34:58,689] logger_util.py->write_log line:61 [INFO] 请求参数：[{'archiveSetting': None, 'groupId': None, 'name': 'ee2', 'description': '设定值非法', 'typeName': '有符号32位整型', 'config': {'initType': 1, 'setValue': '中文'}, 'index': 1}]
[2023-08-24 16:34:58,689] logger_util.py->write_log line:61 [INFO] 文件上传：None
[2023-08-24 16:34:58,697] logger_util.py->write_log line:61 [INFO] 预期结果：[{'equals': {'status_code': 400}}]
[2023-08-24 16:34:58,697] logger_util.py->write_log line:61 [INFO] 实际结果：序号<1>变量配置错误：变量名<ee2>已存在，请重新输入
[2023-08-24 16:34:58,698] logger_util.py->write_log line:61 [INFO] 接口请求成功！
[2023-08-24 16:34:58,698] logger_util.py->write_log line:61 [INFO] 
-------------接口请求结束-----------

[2023-08-24 16:34:58,703] logger_util.py->write_log line:61 [INFO] 
-------------接口请求开始-----------
[2023-08-24 16:34:58,704] logger_util.py->write_log line:61 [INFO] 接口名称：校验内部变量必填项-unint32-设定值为空
[2023-08-24 16:34:58,704] logger_util.py->write_log line:61 [INFO] 接口方式：post
[2023-08-24 16:34:58,704] logger_util.py->write_log line:61 [INFO] 接口路径：http://127.0.0.1:18000/api/v1/variable/tunnel/146/tag
[2023-08-24 16:34:58,704] logger_util.py->write_log line:61 [INFO] 请求头：{}
[2023-08-24 16:34:58,704] logger_util.py->write_log line:61 [INFO] 请求参数：[{'archiveSetting': None, 'groupId': None, 'name': 'ee2', 'description': '设定值为空', 'typeName': '无符号32位整型', 'config': {'initType': 1, 'setValue': ''}, 'index': 1}]
[2023-08-24 16:34:58,704] logger_util.py->write_log line:61 [INFO] 文件上传：None
[2023-08-24 16:34:58,712] logger_util.py->write_log line:61 [INFO] 预期结果：[{'equals': {'status_code': 400}}]
[2023-08-24 16:34:58,712] logger_util.py->write_log line:61 [INFO] 实际结果：序号<1>变量配置错误：变量名<ee2>已存在，请重新输入
[2023-08-24 16:34:58,712] logger_util.py->write_log line:61 [INFO] 接口请求成功！
[2023-08-24 16:34:58,712] logger_util.py->write_log line:61 [INFO] 
-------------接口请求结束-----------

[2023-08-24 16:34:58,717] logger_util.py->write_log line:61 [INFO] 
-------------接口请求开始-----------
[2023-08-24 16:34:58,717] logger_util.py->write_log line:61 [INFO] 接口名称：校验内部变量必填项-unint32-设定值非法
[2023-08-24 16:34:58,717] logger_util.py->write_log line:61 [INFO] 接口方式：post
[2023-08-24 16:34:58,718] logger_util.py->write_log line:61 [INFO] 接口路径：http://127.0.0.1:18000/api/v1/variable/tunnel/146/tag
[2023-08-24 16:34:58,718] logger_util.py->write_log line:61 [INFO] 请求头：{}
[2023-08-24 16:34:58,718] logger_util.py->write_log line:61 [INFO] 请求参数：[{'archiveSetting': None, 'groupId': None, 'name': 'ee2', 'description': '设定值非法', 'typeName': '无符号32位整型', 'config': {'initType': 1, 'setValue': '429496726'}, 'index': 1}]
[2023-08-24 16:34:58,718] logger_util.py->write_log line:61 [INFO] 文件上传：None
[2023-08-24 16:34:58,727] logger_util.py->write_log line:61 [INFO] 预期结果：[{'equals': {'status_code': 400}}]
[2023-08-24 16:34:58,727] logger_util.py->write_log line:61 [INFO] 实际结果：序号<1>变量配置错误：变量名<ee2>已存在，请重新输入
[2023-08-24 16:34:58,727] logger_util.py->write_log line:61 [INFO] 接口请求成功！
[2023-08-24 16:34:58,727] logger_util.py->write_log line:61 [INFO] 
-------------接口请求结束-----------

[2023-08-24 16:34:58,732] logger_util.py->write_log line:61 [INFO] 
-------------接口请求开始-----------
[2023-08-24 16:34:58,732] logger_util.py->write_log line:61 [INFO] 接口名称：校验内部变量必填项-unint32-设定值非法
[2023-08-24 16:34:58,732] logger_util.py->write_log line:61 [INFO] 接口方式：post
[2023-08-24 16:34:58,732] logger_util.py->write_log line:61 [INFO] 接口路径：http://127.0.0.1:18000/api/v1/variable/tunnel/146/tag
[2023-08-24 16:34:58,732] logger_util.py->write_log line:61 [INFO] 请求头：{}
[2023-08-24 16:34:58,732] logger_util.py->write_log line:61 [INFO] 请求参数：[{'archiveSetting': None, 'groupId': None, 'name': 'ee2', 'description': '设定值非法', 'typeName': '无符号32位整型', 'config': {'initType': 1, 'setValue': '-429496727'}, 'index': 1}]
[2023-08-24 16:34:58,732] logger_util.py->write_log line:61 [INFO] 文件上传：None
[2023-08-24 16:34:58,740] logger_util.py->write_log line:61 [INFO] 预期结果：[{'equals': {'status_code': 400}}]
[2023-08-24 16:34:58,740] logger_util.py->write_log line:61 [INFO] 实际结果：序号<1>变量配置错误：变量名<ee2>已存在，请重新输入
[2023-08-24 16:34:58,740] logger_util.py->write_log line:61 [INFO] 接口请求成功！
[2023-08-24 16:34:58,740] logger_util.py->write_log line:61 [INFO] 
-------------接口请求结束-----------

[2023-08-24 16:34:58,745] logger_util.py->write_log line:61 [INFO] 
-------------接口请求开始-----------
[2023-08-24 16:34:58,745] logger_util.py->write_log line:61 [INFO] 接口名称：校验内部变量必填项-unint32-设定值非法
[2023-08-24 16:34:58,745] logger_util.py->write_log line:61 [INFO] 接口方式：post
[2023-08-24 16:34:58,745] logger_util.py->write_log line:61 [INFO] 接口路径：http://127.0.0.1:18000/api/v1/variable/tunnel/146/tag
[2023-08-24 16:34:58,745] logger_util.py->write_log line:61 [INFO] 请求头：{}
[2023-08-24 16:34:58,745] logger_util.py->write_log line:61 [INFO] 请求参数：[{'archiveSetting': None, 'groupId': None, 'name': 'ee2', 'description': '设定值非法', 'typeName': '无符号32位整型', 'config': {'initType': 1, 'setValue': '10.5'}, 'index': 1}]
[2023-08-24 16:34:58,746] logger_util.py->write_log line:61 [INFO] 文件上传：None
[2023-08-24 16:34:58,754] logger_util.py->write_log line:61 [INFO] 预期结果：[{'equals': {'status_code': 400}}]
[2023-08-24 16:34:58,754] logger_util.py->write_log line:61 [INFO] 实际结果：序号<1>变量配置错误：变量名<ee2>已存在，请重新输入
[2023-08-24 16:34:58,754] logger_util.py->write_log line:61 [INFO] 接口请求成功！
[2023-08-24 16:34:58,754] logger_util.py->write_log line:61 [INFO] 
-------------接口请求结束-----------

[2023-08-24 16:34:58,759] logger_util.py->write_log line:61 [INFO] 
-------------接口请求开始-----------
[2023-08-24 16:34:58,759] logger_util.py->write_log line:61 [INFO] 接口名称：校验内部变量必填项-unint32-设定值非法
[2023-08-24 16:34:58,759] logger_util.py->write_log line:61 [INFO] 接口方式：post
[2023-08-24 16:34:58,759] logger_util.py->write_log line:61 [INFO] 接口路径：http://127.0.0.1:18000/api/v1/variable/tunnel/146/tag
[2023-08-24 16:34:58,760] logger_util.py->write_log line:61 [INFO] 请求头：{}
[2023-08-24 16:34:58,760] logger_util.py->write_log line:61 [INFO] 请求参数：[{'archiveSetting': None, 'groupId': None, 'name': 'ee2', 'description': '设定值非法', 'typeName': '无符号32位整型', 'config': {'initType': 1, 'setValue': '中文'}, 'index': 1}]
[2023-08-24 16:34:58,760] logger_util.py->write_log line:61 [INFO] 文件上传：None
[2023-08-24 16:34:58,768] logger_util.py->write_log line:61 [INFO] 预期结果：[{'equals': {'status_code': 400}}]
[2023-08-24 16:34:58,768] logger_util.py->write_log line:61 [INFO] 实际结果：序号<1>变量配置错误：变量名<ee2>已存在，请重新输入
[2023-08-24 16:34:58,768] logger_util.py->write_log line:61 [INFO] 接口请求成功！
[2023-08-24 16:34:58,768] logger_util.py->write_log line:61 [INFO] 
-------------接口请求结束-----------

[2023-08-24 16:34:58,773] logger_util.py->write_log line:61 [INFO] 
-------------接口请求开始-----------
[2023-08-24 16:34:58,773] logger_util.py->write_log line:61 [INFO] 接口名称：校验内部变量必填项-int64-设定值为空
[2023-08-24 16:34:58,773] logger_util.py->write_log line:61 [INFO] 接口方式：post
[2023-08-24 16:34:58,773] logger_util.py->write_log line:61 [INFO] 接口路径：http://127.0.0.1:18000/api/v1/variable/tunnel/146/tag
[2023-08-24 16:34:58,773] logger_util.py->write_log line:61 [INFO] 请求头：{}
[2023-08-24 16:34:58,774] logger_util.py->write_log line:61 [INFO] 请求参数：[{'archiveSetting': None, 'groupId': None, 'name': 'ee2', 'description': '设定值为空', 'typeName': '有符号64位整型', 'config': {'initType': 1, 'setValue': ''}, 'index': 1}]
[2023-08-24 16:34:58,774] logger_util.py->write_log line:61 [INFO] 文件上传：None
[2023-08-24 16:34:58,781] logger_util.py->write_log line:61 [INFO] 预期结果：[{'equals': {'status_code': 400}}]
[2023-08-24 16:34:58,781] logger_util.py->write_log line:61 [INFO] 实际结果：序号<1>变量配置错误：变量名<ee2>已存在，请重新输入
[2023-08-24 16:34:58,781] logger_util.py->write_log line:61 [INFO] 接口请求成功！
[2023-08-24 16:34:58,782] logger_util.py->write_log line:61 [INFO] 
-------------接口请求结束-----------

[2023-08-24 16:34:58,786] logger_util.py->write_log line:61 [INFO] 
-------------接口请求开始-----------
[2023-08-24 16:34:58,786] logger_util.py->write_log line:61 [INFO] 接口名称：校验内部变量必填项-int64-设定值非法
[2023-08-24 16:34:58,787] logger_util.py->write_log line:61 [INFO] 接口方式：post
[2023-08-24 16:34:58,787] logger_util.py->write_log line:61 [INFO] 接口路径：http://127.0.0.1:18000/api/v1/variable/tunnel/146/tag
[2023-08-24 16:34:58,787] logger_util.py->write_log line:61 [INFO] 请求头：{}
[2023-08-24 16:34:58,787] logger_util.py->write_log line:61 [INFO] 请求参数：[{'archiveSetting': None, 'groupId': None, 'name': 'ee2', 'description': '设定值非法', 'typeName': '有符号64位整型', 'config': {'initType': 1, 'setValue': '9223372036854775808'}, 'index': 1}]
[2023-08-24 16:34:58,787] logger_util.py->write_log line:61 [INFO] 文件上传：None
[2023-08-24 16:34:58,794] logger_util.py->write_log line:61 [INFO] 预期结果：[{'equals': {'status_code': 400}}]
[2023-08-24 16:34:58,795] logger_util.py->write_log line:61 [INFO] 实际结果：序号<1>变量配置错误：变量名<ee2>已存在，请重新输入
[2023-08-24 16:34:58,795] logger_util.py->write_log line:61 [INFO] 接口请求成功！
[2023-08-24 16:34:58,795] logger_util.py->write_log line:61 [INFO] 
-------------接口请求结束-----------

[2023-08-24 16:34:58,799] logger_util.py->write_log line:61 [INFO] 
-------------接口请求开始-----------
[2023-08-24 16:34:58,799] logger_util.py->write_log line:61 [INFO] 接口名称：校验内部变量必填项-int64-设定值非法
[2023-08-24 16:34:58,800] logger_util.py->write_log line:61 [INFO] 接口方式：post
[2023-08-24 16:34:58,800] logger_util.py->write_log line:61 [INFO] 接口路径：http://127.0.0.1:18000/api/v1/variable/tunnel/146/tag
[2023-08-24 16:34:58,800] logger_util.py->write_log line:61 [INFO] 请求头：{}
[2023-08-24 16:34:58,800] logger_util.py->write_log line:61 [INFO] 请求参数：[{'archiveSetting': None, 'groupId': None, 'name': 'ee2', 'description': '设定值非法', 'typeName': '有符号64位整型', 'config': {'initType': 1, 'setValue': '-9223372036854775809'}, 'index': 1}]
[2023-08-24 16:34:58,800] logger_util.py->write_log line:61 [INFO] 文件上传：None
[2023-08-24 16:34:58,808] logger_util.py->write_log line:61 [INFO] 预期结果：[{'equals': {'status_code': 400}}]
[2023-08-24 16:34:58,809] logger_util.py->write_log line:61 [INFO] 实际结果：序号<1>变量配置错误：变量名<ee2>已存在，请重新输入
[2023-08-24 16:34:58,809] logger_util.py->write_log line:61 [INFO] 接口请求成功！
[2023-08-24 16:34:58,809] logger_util.py->write_log line:61 [INFO] 
-------------接口请求结束-----------

[2023-08-24 16:34:58,814] logger_util.py->write_log line:61 [INFO] 
-------------接口请求开始-----------
[2023-08-24 16:34:58,814] logger_util.py->write_log line:61 [INFO] 接口名称：校验内部变量必填项-int64-设定值非法
[2023-08-24 16:34:58,814] logger_util.py->write_log line:61 [INFO] 接口方式：post
[2023-08-24 16:34:58,814] logger_util.py->write_log line:61 [INFO] 接口路径：http://127.0.0.1:18000/api/v1/variable/tunnel/146/tag
[2023-08-24 16:34:58,814] logger_util.py->write_log line:61 [INFO] 请求头：{}
[2023-08-24 16:34:58,814] logger_util.py->write_log line:61 [INFO] 请求参数：[{'archiveSetting': None, 'groupId': None, 'name': 'ee2', 'description': '设定值非法', 'typeName': '有符号64位整型', 'config': {'initType': 1, 'setValue': '10.5'}, 'index': 1}]
[2023-08-24 16:34:58,814] logger_util.py->write_log line:61 [INFO] 文件上传：None
[2023-08-24 16:34:58,822] logger_util.py->write_log line:61 [INFO] 预期结果：[{'equals': {'status_code': 400}}]
[2023-08-24 16:34:58,822] logger_util.py->write_log line:61 [INFO] 实际结果：序号<1>变量配置错误：变量名<ee2>已存在，请重新输入
[2023-08-24 16:34:58,822] logger_util.py->write_log line:61 [INFO] 接口请求成功！
[2023-08-24 16:34:58,822] logger_util.py->write_log line:61 [INFO] 
-------------接口请求结束-----------

[2023-08-24 16:34:58,828] logger_util.py->write_log line:61 [INFO] 
-------------接口请求开始-----------
[2023-08-24 16:34:58,828] logger_util.py->write_log line:61 [INFO] 接口名称：校验内部变量必填项-int64-设定值非法
[2023-08-24 16:34:58,828] logger_util.py->write_log line:61 [INFO] 接口方式：post
[2023-08-24 16:34:58,828] logger_util.py->write_log line:61 [INFO] 接口路径：http://127.0.0.1:18000/api/v1/variable/tunnel/146/tag
[2023-08-24 16:34:58,828] logger_util.py->write_log line:61 [INFO] 请求头：{}
[2023-08-24 16:34:58,828] logger_util.py->write_log line:61 [INFO] 请求参数：[{'archiveSetting': None, 'groupId': None, 'name': 'ee2', 'description': '设定值非法', 'typeName': '有符号64位整型', 'config': {'initType': 1, 'setValue': '中文'}, 'index': 1}]
[2023-08-24 16:34:58,828] logger_util.py->write_log line:61 [INFO] 文件上传：None
[2023-08-24 16:34:58,837] logger_util.py->write_log line:61 [INFO] 预期结果：[{'equals': {'status_code': 400}}]
[2023-08-24 16:34:58,837] logger_util.py->write_log line:61 [INFO] 实际结果：序号<1>变量配置错误：变量名<ee2>已存在，请重新输入
[2023-08-24 16:34:58,837] logger_util.py->write_log line:61 [INFO] 接口请求成功！
[2023-08-24 16:34:58,837] logger_util.py->write_log line:61 [INFO] 
-------------接口请求结束-----------

[2023-08-24 16:34:58,842] logger_util.py->write_log line:61 [INFO] 
-------------接口请求开始-----------
[2023-08-24 16:34:58,843] logger_util.py->write_log line:61 [INFO] 接口名称：校验内部变量必填项-unint64-设定值为空
[2023-08-24 16:34:58,843] logger_util.py->write_log line:61 [INFO] 接口方式：post
[2023-08-24 16:34:58,843] logger_util.py->write_log line:61 [INFO] 接口路径：http://127.0.0.1:18000/api/v1/variable/tunnel/146/tag
[2023-08-24 16:34:58,843] logger_util.py->write_log line:61 [INFO] 请求头：{}
[2023-08-24 16:34:58,843] logger_util.py->write_log line:61 [INFO] 请求参数：[{'archiveSetting': None, 'groupId': None, 'name': 'ee2', 'description': '设定值为空', 'typeName': '无符号64位整型', 'config': {'initType': 1, 'setValue': ''}, 'index': 1}]
[2023-08-24 16:34:58,843] logger_util.py->write_log line:61 [INFO] 文件上传：None
[2023-08-24 16:34:58,851] logger_util.py->write_log line:61 [INFO] 预期结果：[{'equals': {'status_code': 400}}]
[2023-08-24 16:34:58,851] logger_util.py->write_log line:61 [INFO] 实际结果：序号<1>变量配置错误：变量名<ee2>已存在，请重新输入
[2023-08-24 16:34:58,851] logger_util.py->write_log line:61 [INFO] 接口请求成功！
[2023-08-24 16:34:58,851] logger_util.py->write_log line:61 [INFO] 
-------------接口请求结束-----------

[2023-08-24 16:34:58,856] logger_util.py->write_log line:61 [INFO] 
-------------接口请求开始-----------
[2023-08-24 16:34:58,857] logger_util.py->write_log line:61 [INFO] 接口名称：校验内部变量必填项-unint64-设定值非法
[2023-08-24 16:34:58,857] logger_util.py->write_log line:61 [INFO] 接口方式：post
[2023-08-24 16:34:58,857] logger_util.py->write_log line:61 [INFO] 接口路径：http://127.0.0.1:18000/api/v1/variable/tunnel/146/tag
[2023-08-24 16:34:58,857] logger_util.py->write_log line:61 [INFO] 请求头：{}
[2023-08-24 16:34:58,857] logger_util.py->write_log line:61 [INFO] 请求参数：[{'archiveSetting': None, 'groupId': None, 'name': 'ee2', 'description': '设定值非法', 'typeName': '无符号64位整型', 'config': {'initType': 1, 'setValue': '18446744073709551616'}, 'index': 1}]
[2023-08-24 16:34:58,857] logger_util.py->write_log line:61 [INFO] 文件上传：None
[2023-08-24 16:34:58,865] logger_util.py->write_log line:61 [INFO] 预期结果：[{'equals': {'status_code': 400}}]
[2023-08-24 16:34:58,865] logger_util.py->write_log line:61 [INFO] 实际结果：序号<1>变量配置错误：变量名<ee2>已存在，请重新输入
[2023-08-24 16:34:58,865] logger_util.py->write_log line:61 [INFO] 接口请求成功！
[2023-08-24 16:34:58,865] logger_util.py->write_log line:61 [INFO] 
-------------接口请求结束-----------

[2023-08-24 16:34:58,871] logger_util.py->write_log line:61 [INFO] 
-------------接口请求开始-----------
[2023-08-24 16:34:58,871] logger_util.py->write_log line:61 [INFO] 接口名称：校验内部变量必填项-unint64-设定值非法
[2023-08-24 16:34:58,871] logger_util.py->write_log line:61 [INFO] 接口方式：post
[2023-08-24 16:34:58,871] logger_util.py->write_log line:61 [INFO] 接口路径：http://127.0.0.1:18000/api/v1/variable/tunnel/146/tag
[2023-08-24 16:34:58,871] logger_util.py->write_log line:61 [INFO] 请求头：{}
[2023-08-24 16:34:58,871] logger_util.py->write_log line:61 [INFO] 请求参数：[{'archiveSetting': None, 'groupId': None, 'name': 'ee2', 'description': '设定值非法', 'typeName': '无符号64位整型', 'config': {'initType': 1, 'setValue': '-1'}, 'index': 1}]
[2023-08-24 16:34:58,871] logger_util.py->write_log line:61 [INFO] 文件上传：None
[2023-08-24 16:34:58,880] logger_util.py->write_log line:61 [INFO] 预期结果：[{'equals': {'status_code': 400}}]
[2023-08-24 16:34:58,880] logger_util.py->write_log line:61 [INFO] 实际结果：序号<1>变量配置错误：变量名<ee2>已存在，请重新输入
[2023-08-24 16:34:58,880] logger_util.py->write_log line:61 [INFO] 接口请求成功！
[2023-08-24 16:34:58,880] logger_util.py->write_log line:61 [INFO] 
-------------接口请求结束-----------

[2023-08-24 16:34:58,885] logger_util.py->write_log line:61 [INFO] 
-------------接口请求开始-----------
[2023-08-24 16:34:58,885] logger_util.py->write_log line:61 [INFO] 接口名称：校验内部变量必填项-unint64-设定值非法
[2023-08-24 16:34:58,885] logger_util.py->write_log line:61 [INFO] 接口方式：post
[2023-08-24 16:34:58,885] logger_util.py->write_log line:61 [INFO] 接口路径：http://127.0.0.1:18000/api/v1/variable/tunnel/146/tag
[2023-08-24 16:34:58,885] logger_util.py->write_log line:61 [INFO] 请求头：{}
[2023-08-24 16:34:58,885] logger_util.py->write_log line:61 [INFO] 请求参数：[{'archiveSetting': None, 'groupId': None, 'name': 'ee2', 'description': '设定值非法', 'typeName': '无符号64位整型', 'config': {'initType': 1, 'setValue': '10.5'}, 'index': 1}]
[2023-08-24 16:34:58,885] logger_util.py->write_log line:61 [INFO] 文件上传：None
[2023-08-24 16:34:58,895] logger_util.py->write_log line:61 [INFO] 预期结果：[{'equals': {'status_code': 400}}]
[2023-08-24 16:34:58,895] logger_util.py->write_log line:61 [INFO] 实际结果：序号<1>变量配置错误：变量名<ee2>已存在，请重新输入
[2023-08-24 16:34:58,895] logger_util.py->write_log line:61 [INFO] 接口请求成功！
[2023-08-24 16:34:58,895] logger_util.py->write_log line:61 [INFO] 
-------------接口请求结束-----------

[2023-08-24 16:34:58,900] logger_util.py->write_log line:61 [INFO] 
-------------接口请求开始-----------
[2023-08-24 16:34:58,900] logger_util.py->write_log line:61 [INFO] 接口名称：校验内部变量必填项-unint64-设定值非法
[2023-08-24 16:34:58,900] logger_util.py->write_log line:61 [INFO] 接口方式：post
[2023-08-24 16:34:58,900] logger_util.py->write_log line:61 [INFO] 接口路径：http://127.0.0.1:18000/api/v1/variable/tunnel/146/tag
[2023-08-24 16:34:58,900] logger_util.py->write_log line:61 [INFO] 请求头：{}
[2023-08-24 16:34:58,901] logger_util.py->write_log line:61 [INFO] 请求参数：[{'archiveSetting': None, 'groupId': None, 'name': 'ee2', 'description': '设定值非法', 'typeName': '无符号64位整型', 'config': {'initType': 1, 'setValue': '中文'}, 'index': 1}]
[2023-08-24 16:34:58,901] logger_util.py->write_log line:61 [INFO] 文件上传：None
[2023-08-24 16:34:58,909] logger_util.py->write_log line:61 [INFO] 预期结果：[{'equals': {'status_code': 400}}]
[2023-08-24 16:34:58,909] logger_util.py->write_log line:61 [INFO] 实际结果：序号<1>变量配置错误：变量名<ee2>已存在，请重新输入
[2023-08-24 16:34:58,909] logger_util.py->write_log line:61 [INFO] 接口请求成功！
[2023-08-24 16:34:58,909] logger_util.py->write_log line:61 [INFO] 
-------------接口请求结束-----------

[2023-08-24 16:34:58,914] logger_util.py->write_log line:61 [INFO] 
-------------接口请求开始-----------
[2023-08-24 16:34:58,914] logger_util.py->write_log line:61 [INFO] 接口名称：校验内部变量必填项-float32-设定值为空
[2023-08-24 16:34:58,914] logger_util.py->write_log line:61 [INFO] 接口方式：post
[2023-08-24 16:34:58,914] logger_util.py->write_log line:61 [INFO] 接口路径：http://127.0.0.1:18000/api/v1/variable/tunnel/146/tag
[2023-08-24 16:34:58,914] logger_util.py->write_log line:61 [INFO] 请求头：{}
[2023-08-24 16:34:58,914] logger_util.py->write_log line:61 [INFO] 请求参数：[{'archiveSetting': None, 'groupId': None, 'name': 'ee2', 'description': '设定值为空', 'typeName': 'F32位浮点数IEEE754', 'config': {'initType': 1, 'setValue': ''}, 'index': 1}]
[2023-08-24 16:34:58,914] logger_util.py->write_log line:61 [INFO] 文件上传：None
[2023-08-24 16:34:58,923] logger_util.py->write_log line:61 [INFO] 预期结果：[{'equals': {'status_code': 400}}]
[2023-08-24 16:34:58,923] logger_util.py->write_log line:61 [INFO] 实际结果：序号<1>变量配置错误：变量名<ee2>已存在，请重新输入
[2023-08-24 16:34:58,923] logger_util.py->write_log line:61 [INFO] 接口请求成功！
[2023-08-24 16:34:58,923] logger_util.py->write_log line:61 [INFO] 
-------------接口请求结束-----------

[2023-08-24 16:34:58,928] logger_util.py->write_log line:61 [INFO] 
-------------接口请求开始-----------
[2023-08-24 16:34:58,928] logger_util.py->write_log line:61 [INFO] 接口名称：校验内部变量必填项-float32-设定值非法
[2023-08-24 16:34:58,928] logger_util.py->write_log line:61 [INFO] 接口方式：post
[2023-08-24 16:34:58,928] logger_util.py->write_log line:61 [INFO] 接口路径：http://127.0.0.1:18000/api/v1/variable/tunnel/146/tag
[2023-08-24 16:34:58,928] logger_util.py->write_log line:61 [INFO] 请求头：{}
[2023-08-24 16:34:58,928] logger_util.py->write_log line:61 [INFO] 请求参数：[{'archiveSetting': None, 'groupId': None, 'name': 'ee2', 'description': '设定值非法', 'typeName': 'F32位浮点数IEEE754', 'config': {'initType': 1, 'setValue': '3.40282346638528E+39'}, 'index': 1}]
[2023-08-24 16:34:58,928] logger_util.py->write_log line:61 [INFO] 文件上传：None
[2023-08-24 16:34:58,936] logger_util.py->write_log line:61 [INFO] 预期结果：[{'equals': {'status_code': 400}}]
[2023-08-24 16:34:58,936] logger_util.py->write_log line:61 [INFO] 实际结果：序号<1>变量配置错误：变量名<ee2>已存在，请重新输入
[2023-08-24 16:34:58,937] logger_util.py->write_log line:61 [INFO] 接口请求成功！
[2023-08-24 16:34:58,937] logger_util.py->write_log line:61 [INFO] 
-------------接口请求结束-----------

[2023-08-24 16:34:58,941] logger_util.py->write_log line:61 [INFO] 
-------------接口请求开始-----------
[2023-08-24 16:34:58,941] logger_util.py->write_log line:61 [INFO] 接口名称：校验内部变量必填项-float32-设定值非法
[2023-08-24 16:34:58,941] logger_util.py->write_log line:61 [INFO] 接口方式：post
[2023-08-24 16:34:58,942] logger_util.py->write_log line:61 [INFO] 接口路径：http://127.0.0.1:18000/api/v1/variable/tunnel/146/tag
[2023-08-24 16:34:58,942] logger_util.py->write_log line:61 [INFO] 请求头：{}
[2023-08-24 16:34:58,942] logger_util.py->write_log line:61 [INFO] 请求参数：[{'archiveSetting': None, 'groupId': None, 'name': 'ee2', 'description': '设定值非法', 'typeName': 'F32位浮点数IEEE754', 'config': {'initType': 1, 'setValue': '-3.40282346638528E+39'}, 'index': 1}]
[2023-08-24 16:34:58,942] logger_util.py->write_log line:61 [INFO] 文件上传：None
[2023-08-24 16:34:58,950] logger_util.py->write_log line:61 [INFO] 预期结果：[{'equals': {'status_code': 400}}]
[2023-08-24 16:34:58,950] logger_util.py->write_log line:61 [INFO] 实际结果：序号<1>变量配置错误：变量名<ee2>已存在，请重新输入
[2023-08-24 16:34:58,950] logger_util.py->write_log line:61 [INFO] 接口请求成功！
[2023-08-24 16:34:58,950] logger_util.py->write_log line:61 [INFO] 
-------------接口请求结束-----------

[2023-08-24 16:34:58,955] logger_util.py->write_log line:61 [INFO] 
-------------接口请求开始-----------
[2023-08-24 16:34:58,955] logger_util.py->write_log line:61 [INFO] 接口名称：校验内部变量必填项-float32-设定值非法
[2023-08-24 16:34:58,955] logger_util.py->write_log line:61 [INFO] 接口方式：post
[2023-08-24 16:34:58,955] logger_util.py->write_log line:61 [INFO] 接口路径：http://127.0.0.1:18000/api/v1/variable/tunnel/146/tag
[2023-08-24 16:34:58,955] logger_util.py->write_log line:61 [INFO] 请求头：{}
[2023-08-24 16:34:58,955] logger_util.py->write_log line:61 [INFO] 请求参数：[{'archiveSetting': None, 'groupId': None, 'name': 'ee2', 'description': '设定值非法', 'typeName': 'F32位浮点数IEEE754', 'config': {'initType': 1, 'setValue': '中文'}, 'index': 1}]
[2023-08-24 16:34:58,955] logger_util.py->write_log line:61 [INFO] 文件上传：None
[2023-08-24 16:34:58,963] logger_util.py->write_log line:61 [INFO] 预期结果：[{'equals': {'status_code': 400}}]
[2023-08-24 16:34:58,963] logger_util.py->write_log line:61 [INFO] 实际结果：序号<1>变量配置错误：变量名<ee2>已存在，请重新输入
[2023-08-24 16:34:58,963] logger_util.py->write_log line:61 [INFO] 接口请求成功！
[2023-08-24 16:34:58,963] logger_util.py->write_log line:61 [INFO] 
-------------接口请求结束-----------

[2023-08-24 16:34:58,968] logger_util.py->write_log line:61 [INFO] 
-------------接口请求开始-----------
[2023-08-24 16:34:58,968] logger_util.py->write_log line:61 [INFO] 接口名称：校验内部变量必填项-float64-设定值为空
[2023-08-24 16:34:58,969] logger_util.py->write_log line:61 [INFO] 接口方式：post
[2023-08-24 16:34:58,969] logger_util.py->write_log line:61 [INFO] 接口路径：http://127.0.0.1:18000/api/v1/variable/tunnel/146/tag
[2023-08-24 16:34:58,969] logger_util.py->write_log line:61 [INFO] 请求头：{}
[2023-08-24 16:34:58,969] logger_util.py->write_log line:61 [INFO] 请求参数：[{'archiveSetting': None, 'groupId': None, 'name': 'ee2', 'description': '设定值为空', 'typeName': 'F64位浮点数IEEE754', 'config': {'initType': 1, 'setValue': ''}, 'index': 1}]
[2023-08-24 16:34:58,969] logger_util.py->write_log line:61 [INFO] 文件上传：None
[2023-08-24 16:34:58,977] logger_util.py->write_log line:61 [INFO] 预期结果：[{'equals': {'status_code': 400}}]
[2023-08-24 16:34:58,977] logger_util.py->write_log line:61 [INFO] 实际结果：序号<1>变量配置错误：变量名<ee2>已存在，请重新输入
[2023-08-24 16:34:58,977] logger_util.py->write_log line:61 [INFO] 接口请求成功！
[2023-08-24 16:34:58,977] logger_util.py->write_log line:61 [INFO] 
-------------接口请求结束-----------

[2023-08-24 16:34:58,982] logger_util.py->write_log line:61 [INFO] 
-------------接口请求开始-----------
[2023-08-24 16:34:58,982] logger_util.py->write_log line:61 [INFO] 接口名称：校验内部变量必填项-float64-设定值非法
[2023-08-24 16:34:58,982] logger_util.py->write_log line:61 [INFO] 接口方式：post
[2023-08-24 16:34:58,982] logger_util.py->write_log line:61 [INFO] 接口路径：http://127.0.0.1:18000/api/v1/variable/tunnel/146/tag
[2023-08-24 16:34:58,982] logger_util.py->write_log line:61 [INFO] 请求头：{}
[2023-08-24 16:34:58,982] logger_util.py->write_log line:61 [INFO] 请求参数：[{'archiveSetting': None, 'groupId': None, 'name': 'ee2', 'description': '设定值非法', 'typeName': 'F64位浮点数IEEE754', 'config': {'initType': 1, 'setValue': '1.7976931348623157E+309'}, 'index': 1}]
[2023-08-24 16:34:58,982] logger_util.py->write_log line:61 [INFO] 文件上传：None
[2023-08-24 16:34:58,990] logger_util.py->write_log line:61 [INFO] 预期结果：[{'equals': {'status_code': 400}}]
[2023-08-24 16:34:58,990] logger_util.py->write_log line:61 [INFO] 实际结果：序号<1>变量配置错误：变量名<ee2>已存在，请重新输入
[2023-08-24 16:34:58,990] logger_util.py->write_log line:61 [INFO] 接口请求成功！
[2023-08-24 16:34:58,990] logger_util.py->write_log line:61 [INFO] 
-------------接口请求结束-----------

[2023-08-24 16:34:58,995] logger_util.py->write_log line:61 [INFO] 
-------------接口请求开始-----------
[2023-08-24 16:34:58,995] logger_util.py->write_log line:61 [INFO] 接口名称：校验内部变量必填项-float64-设定值非法
[2023-08-24 16:34:58,995] logger_util.py->write_log line:61 [INFO] 接口方式：post
[2023-08-24 16:34:58,995] logger_util.py->write_log line:61 [INFO] 接口路径：http://127.0.0.1:18000/api/v1/variable/tunnel/146/tag
[2023-08-24 16:34:58,995] logger_util.py->write_log line:61 [INFO] 请求头：{}
[2023-08-24 16:34:58,996] logger_util.py->write_log line:61 [INFO] 请求参数：[{'archiveSetting': None, 'groupId': None, 'name': 'ee2', 'description': '设定值非法', 'typeName': 'F64位浮点数IEEE754', 'config': {'initType': 1, 'setValue': '-1.7976931348623157E+309'}, 'index': 1}]
[2023-08-24 16:34:58,996] logger_util.py->write_log line:61 [INFO] 文件上传：None
[2023-08-24 16:34:59,004] logger_util.py->write_log line:61 [INFO] 预期结果：[{'equals': {'status_code': 400}}]
[2023-08-24 16:34:59,004] logger_util.py->write_log line:61 [INFO] 实际结果：序号<1>变量配置错误：变量名<ee2>已存在，请重新输入
[2023-08-24 16:34:59,005] logger_util.py->write_log line:61 [INFO] 接口请求成功！
[2023-08-24 16:34:59,005] logger_util.py->write_log line:61 [INFO] 
-------------接口请求结束-----------

[2023-08-24 16:34:59,010] logger_util.py->write_log line:61 [INFO] 
-------------接口请求开始-----------
[2023-08-24 16:34:59,010] logger_util.py->write_log line:61 [INFO] 接口名称：校验内部变量必填项-float64-设定值非法
[2023-08-24 16:34:59,010] logger_util.py->write_log line:61 [INFO] 接口方式：post
[2023-08-24 16:34:59,010] logger_util.py->write_log line:61 [INFO] 接口路径：http://127.0.0.1:18000/api/v1/variable/tunnel/146/tag
[2023-08-24 16:34:59,010] logger_util.py->write_log line:61 [INFO] 请求头：{}
[2023-08-24 16:34:59,010] logger_util.py->write_log line:61 [INFO] 请求参数：[{'archiveSetting': None, 'groupId': None, 'name': 'ee2', 'description': '设定值非法', 'typeName': 'F64位浮点数IEEE754', 'config': {'initType': 1, 'setValue': '中文'}, 'index': 1}]
[2023-08-24 16:34:59,010] logger_util.py->write_log line:61 [INFO] 文件上传：None
[2023-08-24 16:34:59,018] logger_util.py->write_log line:61 [INFO] 预期结果：[{'equals': {'status_code': 400}}]
[2023-08-24 16:34:59,019] logger_util.py->write_log line:61 [INFO] 实际结果：序号<1>变量配置错误：变量名<ee2>已存在，请重新输入
[2023-08-24 16:34:59,019] logger_util.py->write_log line:61 [INFO] 接口请求成功！
[2023-08-24 16:34:59,019] logger_util.py->write_log line:61 [INFO] 
-------------接口请求结束-----------

[2023-08-24 16:34:59,023] logger_util.py->write_log line:61 [INFO] 
-------------接口请求开始-----------
[2023-08-24 16:34:59,024] logger_util.py->write_log line:61 [INFO] 接口名称：校验内部变量必填项-字符串-设定值为空
[2023-08-24 16:34:59,024] logger_util.py->write_log line:61 [INFO] 接口方式：post
[2023-08-24 16:34:59,024] logger_util.py->write_log line:61 [INFO] 接口路径：http://127.0.0.1:18000/api/v1/variable/tunnel/146/tag
[2023-08-24 16:34:59,024] logger_util.py->write_log line:61 [INFO] 请求头：{}
[2023-08-24 16:34:59,024] logger_util.py->write_log line:61 [INFO] 请求参数：[{'archiveSetting': None, 'groupId': None, 'name': 'ee2', 'description': '设定值为空', 'typeName': '字符串', 'config': {'initType': 1, 'setValue': ''}, 'index': 1}]
[2023-08-24 16:34:59,024] logger_util.py->write_log line:61 [INFO] 文件上传：None
[2023-08-24 16:34:59,032] logger_util.py->write_log line:61 [INFO] 预期结果：[{'equals': {'status_code': 400}}]
[2023-08-24 16:34:59,032] logger_util.py->write_log line:61 [INFO] 实际结果：序号<1>变量配置错误：变量名<ee2>已存在，请重新输入
[2023-08-24 16:34:59,032] logger_util.py->write_log line:61 [INFO] 接口请求成功！
[2023-08-24 16:34:59,032] logger_util.py->write_log line:61 [INFO] 
-------------接口请求结束-----------

[2023-08-24 16:34:59,037] logger_util.py->write_log line:61 [INFO] 
-------------接口请求开始-----------
[2023-08-24 16:34:59,038] logger_util.py->write_log line:61 [INFO] 接口名称：校验内部变量必填项-宽字符串-设定值为空
[2023-08-24 16:34:59,038] logger_util.py->write_log line:61 [INFO] 接口方式：post
[2023-08-24 16:34:59,038] logger_util.py->write_log line:61 [INFO] 接口路径：http://127.0.0.1:18000/api/v1/variable/tunnel/146/tag
[2023-08-24 16:34:59,038] logger_util.py->write_log line:61 [INFO] 请求头：{}
[2023-08-24 16:34:59,038] logger_util.py->write_log line:61 [INFO] 请求参数：[{'archiveSetting': None, 'groupId': None, 'name': 'ee2', 'description': '设定值为空', 'typeName': '宽字符串', 'config': {'initType': 1, 'setValue': ''}, 'index': 1}]
[2023-08-24 16:34:59,038] logger_util.py->write_log line:61 [INFO] 文件上传：None
[2023-08-24 16:34:59,046] logger_util.py->write_log line:61 [INFO] 预期结果：[{'equals': {'status_code': 400}}]
[2023-08-24 16:34:59,046] logger_util.py->write_log line:61 [INFO] 实际结果：序号<1>变量配置错误：变量名<ee2>已存在，请重新输入
[2023-08-24 16:34:59,046] logger_util.py->write_log line:61 [INFO] 接口请求成功！
[2023-08-24 16:34:59,046] logger_util.py->write_log line:61 [INFO] 
-------------接口请求结束-----------

[2023-08-24 16:34:59,051] logger_util.py->write_log line:61 [INFO] 
-------------接口请求开始-----------
[2023-08-24 16:34:59,051] logger_util.py->write_log line:61 [INFO] 接口名称：校验内部变量必填项-日期-设定值为空
[2023-08-24 16:34:59,051] logger_util.py->write_log line:61 [INFO] 接口方式：post
[2023-08-24 16:34:59,051] logger_util.py->write_log line:61 [INFO] 接口路径：http://127.0.0.1:18000/api/v1/variable/tunnel/146/tag
[2023-08-24 16:34:59,052] logger_util.py->write_log line:61 [INFO] 请求头：{}
[2023-08-24 16:34:59,052] logger_util.py->write_log line:61 [INFO] 请求参数：[{'archiveSetting': None, 'groupId': None, 'name': 'ee2', 'description': '设定值为空', 'typeName': '日期', 'config': {'initType': 1, 'setValue': ''}, 'index': 1}]
[2023-08-24 16:34:59,052] logger_util.py->write_log line:61 [INFO] 文件上传：None
[2023-08-24 16:34:59,074] logger_util.py->write_log line:61 [INFO] 预期结果：[{'equals': {'status_code': 400}}]
[2023-08-24 16:34:59,075] logger_util.py->write_log line:61 [INFO] 实际结果：序号<1>变量配置错误：变量名<ee2>已存在，请重新输入
[2023-08-24 16:34:59,075] logger_util.py->write_log line:61 [INFO] 接口请求成功！
[2023-08-24 16:34:59,075] logger_util.py->write_log line:61 [INFO] 
-------------接口请求结束-----------

[2023-08-24 16:34:59,081] logger_util.py->write_log line:61 [INFO] 
-------------接口请求开始-----------
[2023-08-24 16:34:59,081] logger_util.py->write_log line:61 [INFO] 接口名称：校验内部变量必填项-日期-设定值非法
[2023-08-24 16:34:59,081] logger_util.py->write_log line:61 [INFO] 接口方式：post
[2023-08-24 16:34:59,081] logger_util.py->write_log line:61 [INFO] 接口路径：http://127.0.0.1:18000/api/v1/variable/tunnel/146/tag
[2023-08-24 16:34:59,081] logger_util.py->write_log line:61 [INFO] 请求头：{}
[2023-08-24 16:34:59,081] logger_util.py->write_log line:61 [INFO] 请求参数：[{'archiveSetting': None, 'groupId': None, 'name': 'ee2', 'description': '设定值非法', 'typeName': '日期', 'config': {'initType': 1, 'setValue': '2023.01'}, 'index': 1}]
[2023-08-24 16:34:59,081] logger_util.py->write_log line:61 [INFO] 文件上传：None
[2023-08-24 16:34:59,089] logger_util.py->write_log line:61 [INFO] 预期结果：[{'equals': {'status_code': 400}}]
[2023-08-24 16:34:59,089] logger_util.py->write_log line:61 [INFO] 实际结果：序号<1>变量配置错误：变量名<ee2>已存在，请重新输入
[2023-08-24 16:34:59,089] logger_util.py->write_log line:61 [INFO] 接口请求成功！
[2023-08-24 16:34:59,090] logger_util.py->write_log line:61 [INFO] 
-------------接口请求结束-----------

[2023-08-24 16:34:59,094] logger_util.py->write_log line:61 [INFO] 
-------------接口请求开始-----------
[2023-08-24 16:34:59,095] logger_util.py->write_log line:61 [INFO] 接口名称：校验内部变量必填项-时间-设定值为空
[2023-08-24 16:34:59,095] logger_util.py->write_log line:61 [INFO] 接口方式：post
[2023-08-24 16:34:59,095] logger_util.py->write_log line:61 [INFO] 接口路径：http://127.0.0.1:18000/api/v1/variable/tunnel/146/tag
[2023-08-24 16:34:59,095] logger_util.py->write_log line:61 [INFO] 请求头：{}
[2023-08-24 16:34:59,095] logger_util.py->write_log line:61 [INFO] 请求参数：[{'archiveSetting': None, 'groupId': None, 'name': 'ee2', 'description': '设定值为空', 'typeName': '时间', 'config': {'initType': 1, 'setValue': ''}, 'index': 1}]
[2023-08-24 16:34:59,095] logger_util.py->write_log line:61 [INFO] 文件上传：None
[2023-08-24 16:34:59,103] logger_util.py->write_log line:61 [INFO] 预期结果：[{'equals': {'status_code': 400}}]
[2023-08-24 16:34:59,103] logger_util.py->write_log line:61 [INFO] 实际结果：序号<1>变量配置错误：变量名<ee2>已存在，请重新输入
[2023-08-24 16:34:59,104] logger_util.py->write_log line:61 [INFO] 接口请求成功！
[2023-08-24 16:34:59,104] logger_util.py->write_log line:61 [INFO] 
-------------接口请求结束-----------

[2023-08-24 16:34:59,108] logger_util.py->write_log line:61 [INFO] 
-------------接口请求开始-----------
[2023-08-24 16:34:59,108] logger_util.py->write_log line:61 [INFO] 接口名称：校验内部变量必填项-时间-设定值非法
[2023-08-24 16:34:59,109] logger_util.py->write_log line:61 [INFO] 接口方式：post
[2023-08-24 16:34:59,109] logger_util.py->write_log line:61 [INFO] 接口路径：http://127.0.0.1:18000/api/v1/variable/tunnel/146/tag
[2023-08-24 16:34:59,109] logger_util.py->write_log line:61 [INFO] 请求头：{}
[2023-08-24 16:34:59,109] logger_util.py->write_log line:61 [INFO] 请求参数：[{'archiveSetting': None, 'groupId': None, 'name': 'ee2', 'description': '设定值非法', 'typeName': '时间', 'config': {'initType': 1, 'setValue': '18:10'}, 'index': 1}]
[2023-08-24 16:34:59,109] logger_util.py->write_log line:61 [INFO] 文件上传：None
[2023-08-24 16:34:59,116] logger_util.py->write_log line:61 [INFO] 预期结果：[{'equals': {'status_code': 400}}]
[2023-08-24 16:34:59,116] logger_util.py->write_log line:61 [INFO] 实际结果：序号<1>变量配置错误：变量名<ee2>已存在，请重新输入
[2023-08-24 16:34:59,116] logger_util.py->write_log line:61 [INFO] 接口请求成功！
[2023-08-24 16:34:59,117] logger_util.py->write_log line:61 [INFO] 
-------------接口请求结束-----------

[2023-08-24 16:34:59,121] logger_util.py->write_log line:61 [INFO] 
-------------接口请求开始-----------
[2023-08-24 16:34:59,121] logger_util.py->write_log line:61 [INFO] 接口名称：校验内部变量必填项-日期时间-设定值为空
[2023-08-24 16:34:59,121] logger_util.py->write_log line:61 [INFO] 接口方式：post
[2023-08-24 16:34:59,121] logger_util.py->write_log line:61 [INFO] 接口路径：http://127.0.0.1:18000/api/v1/variable/tunnel/146/tag
[2023-08-24 16:34:59,122] logger_util.py->write_log line:61 [INFO] 请求头：{}
[2023-08-24 16:34:59,122] logger_util.py->write_log line:61 [INFO] 请求参数：[{'archiveSetting': None, 'groupId': None, 'name': 'ee2', 'description': '设定值为空', 'typeName': '日期时间', 'config': {'initType': 1, 'setValue': ''}, 'index': 1}]
[2023-08-24 16:34:59,122] logger_util.py->write_log line:61 [INFO] 文件上传：None
[2023-08-24 16:34:59,131] logger_util.py->write_log line:61 [INFO] 预期结果：[{'equals': {'status_code': 400}}]
[2023-08-24 16:34:59,131] logger_util.py->write_log line:61 [INFO] 实际结果：序号<1>变量配置错误：变量名<ee2>已存在，请重新输入
[2023-08-24 16:34:59,131] logger_util.py->write_log line:61 [INFO] 接口请求成功！
[2023-08-24 16:34:59,131] logger_util.py->write_log line:61 [INFO] 
-------------接口请求结束-----------

[2023-08-24 16:34:59,136] logger_util.py->write_log line:61 [INFO] 
-------------接口请求开始-----------
[2023-08-24 16:34:59,136] logger_util.py->write_log line:61 [INFO] 接口名称：校验内部变量必填项-日期时间-设定值非法
[2023-08-24 16:34:59,137] logger_util.py->write_log line:61 [INFO] 接口方式：post
[2023-08-24 16:34:59,137] logger_util.py->write_log line:61 [INFO] 接口路径：http://127.0.0.1:18000/api/v1/variable/tunnel/146/tag
[2023-08-24 16:34:59,137] logger_util.py->write_log line:61 [INFO] 请求头：{}
[2023-08-24 16:34:59,137] logger_util.py->write_log line:61 [INFO] 请求参数：[{'archiveSetting': None, 'groupId': None, 'name': 'ee2', 'description': '设定值非法', 'typeName': '日期时间', 'config': {'initType': 1, 'setValue': '18:10'}, 'index': 1}]
[2023-08-24 16:34:59,137] logger_util.py->write_log line:61 [INFO] 文件上传：None
[2023-08-24 16:34:59,146] logger_util.py->write_log line:61 [INFO] 预期结果：[{'equals': {'status_code': 400}}]
[2023-08-24 16:34:59,146] logger_util.py->write_log line:61 [INFO] 实际结果：序号<1>变量配置错误：变量名<ee2>已存在，请重新输入
[2023-08-24 16:34:59,146] logger_util.py->write_log line:61 [INFO] 接口请求成功！
[2023-08-24 16:34:59,146] logger_util.py->write_log line:61 [INFO] 
-------------接口请求结束-----------

[2023-08-24 16:34:59,155] logger_util.py->error_log line:65 [INFO] 发送请求异常：异常信息: Traceback (most recent call last):
  File "E:\Project_python\api_cms\common\requests_util.py", line 299, in send_request
    self.base_url = self.replace_load(self.base_url) + self.replace_load(url)
  File "E:\Project_python\api_cms\common\requests_util.py", line 142, in replace_load
    new_value = getattr(DubugTalk(), func_name)(*args_value.split(','))
  File "E:\Project_python\api_cms\debug_talk.py", line 26, in get_extract_data
    return read_extract_file(node_name)
  File "E:\Project_python\api_cms\common\yaml_util.py", line 19, in read_extract_file
    return value[one_node]
KeyError: 'inner_tunnel_id'

[2023-08-24 16:34:59,156] logger_util.py->error_log line:65 [INFO] 分析YAML文件异常：异常信息: Traceback (most recent call last):
  File "E:\Project_python\api_cms\common\requests_util.py", line 299, in send_request
    self.base_url = self.replace_load(self.base_url) + self.replace_load(url)
  File "E:\Project_python\api_cms\common\requests_util.py", line 142, in replace_load
    new_value = getattr(DubugTalk(), func_name)(*args_value.split(','))
  File "E:\Project_python\api_cms\debug_talk.py", line 26, in get_extract_data
    return read_extract_file(node_name)
  File "E:\Project_python\api_cms\common\yaml_util.py", line 19, in read_extract_file
    return value[one_node]
KeyError: 'inner_tunnel_id'

During handling of the above exception, another exception occurred:

Traceback (most recent call last):
  File "E:\Project_python\api_cms\common\requests_util.py", line 187, in analysis_yaml
    res = self.send_request(name =name,method=method,
  File "E:\Project_python\api_cms\common\requests_util.py", line 325, in send_request
    error_log("发送请求异常：异常信息: %s" % str(traceback.format_exc()))
  File "E:\Project_python\api_cms\common\logger_util.py", line 66, in error_log
    raise Exception(log_message)
Exception: 发送请求异常：异常信息: Traceback (most recent call last):
  File "E:\Project_python\api_cms\common\requests_util.py", line 299, in send_request
    self.base_url = self.replace_load(self.base_url) + self.replace_load(url)
  File "E:\Project_python\api_cms\common\requests_util.py", line 142, in replace_load
    new_value = getattr(DubugTalk(), func_name)(*args_value.split(','))
  File "E:\Project_python\api_cms\debug_talk.py", line 26, in get_extract_data
    return read_extract_file(node_name)
  File "E:\Project_python\api_cms\common\yaml_util.py", line 19, in read_extract_file
    return value[one_node]
KeyError: 'inner_tunnel_id'


