[2023-08-23 14:14:47,200] logger_util.py->write_log line:61 [INFO] 
-------------接口请求开始-----------
[2023-08-23 14:14:47,200] logger_util.py->write_log line:61 [INFO] 接口名称：新增io变量-验证缩放比10
[2023-08-23 14:14:47,200] logger_util.py->write_log line:61 [INFO] 接口方式：post
[2023-08-23 14:14:47,201] logger_util.py->write_log line:61 [INFO] 接口路径：http://127.0.0.1:18000/api/v1/variable/tunnel/80/tag
[2023-08-23 14:14:47,201] logger_util.py->write_log line:61 [INFO] 请求头：{}
[2023-08-23 14:14:47,201] logger_util.py->write_log line:61 [INFO] 请求参数：[{'archiveSetting': None, 'groupId': None, 'name': 'B1', 'description': '缩放比10', 'typeName': '有符号8位整型', 'config': {'readWriteMode': 0, 'address': '400080', 'interval': 1000, 'stringLength': None, 'zoom': 10, 'digit': None, 'readWriteRule': 1}, 'index': 1}]
[2023-08-23 14:14:47,201] logger_util.py->write_log line:61 [INFO] 文件上传：None
[2023-08-23 14:14:47,232] logger_util.py->write_log line:61 [INFO] 预期结果：[{'equals': {'status_code': 200}}]
[2023-08-23 14:14:47,232] logger_util.py->write_log line:61 [INFO] 实际结果：[{'id': 168, 'tunnelId': 80, 'groupId': None, 'sort': 3, 'name': 'B1', 'description': '缩放比10', 'tunnelType': 1, 'config': {'address': '400080', 'readWriteMode': 0, 'interval': 1000, 'stringLength': None, 'zoom': 10, 'digit': None, 'readWriteRule': 1}, 'type': 1, 'typeName': '有符号8位整型', 'historicGroupId': '00000000-0000-0000-0000-000000000000', 'historicGroupName': None, 'archiveSetting': None, 'historicBriefMsg': None, 'createTime': '2023-08-23T14:14:47.2222098+08:00', 'updateTime': '2023-08-23T14:14:47.2222103+08:00'}]
[2023-08-23 14:14:47,232] logger_util.py->write_log line:61 [INFO] 接口请求成功！
[2023-08-23 14:14:47,232] logger_util.py->write_log line:61 [INFO] 
-------------接口请求结束-----------

[2023-08-23 14:14:47,237] logger_util.py->write_log line:61 [INFO] 
-------------接口请求开始-----------
[2023-08-23 14:14:47,237] logger_util.py->write_log line:61 [INFO] 接口名称：新增io变量-验证缩放比0.1
[2023-08-23 14:14:47,238] logger_util.py->write_log line:61 [INFO] 接口方式：post
[2023-08-23 14:14:47,238] logger_util.py->write_log line:61 [INFO] 接口路径：http://127.0.0.1:18000/api/v1/variable/tunnel/80/tag
[2023-08-23 14:14:47,238] logger_util.py->write_log line:61 [INFO] 请求头：{}
[2023-08-23 14:14:47,238] logger_util.py->write_log line:61 [INFO] 请求参数：[{'archiveSetting': None, 'groupId': None, 'name': 'B2', 'description': '缩放比0.1', 'typeName': '有符号8位整型', 'config': {'readWriteMode': 0, 'address': '400081', 'interval': 1000, 'stringLength': None, 'zoom': 0.1, 'digit': None, 'readWriteRule': 1}, 'index': 2}]
[2023-08-23 14:14:47,238] logger_util.py->write_log line:61 [INFO] 文件上传：None
[2023-08-23 14:14:47,259] logger_util.py->write_log line:61 [INFO] 预期结果：[{'equals': {'status_code': 200}}]
[2023-08-23 14:14:47,259] logger_util.py->write_log line:61 [INFO] 实际结果：[{'id': 169, 'tunnelId': 80, 'groupId': None, 'sort': 4, 'name': 'B2', 'description': '缩放比0.1', 'tunnelType': 1, 'config': {'address': '400081', 'readWriteMode': 0, 'interval': 1000, 'stringLength': None, 'zoom': 0.1, 'digit': None, 'readWriteRule': 1}, 'type': 1, 'typeName': '有符号8位整型', 'historicGroupId': '00000000-0000-0000-0000-000000000000', 'historicGroupName': None, 'archiveSetting': None, 'historicBriefMsg': None, 'createTime': '2023-08-23T14:14:47.2483303+08:00', 'updateTime': '2023-08-23T14:14:47.2483308+08:00'}]
[2023-08-23 14:14:47,259] logger_util.py->write_log line:61 [INFO] 接口请求成功！
[2023-08-23 14:14:47,259] logger_util.py->write_log line:61 [INFO] 
-------------接口请求结束-----------

[2023-08-23 14:14:47,263] logger_util.py->write_log line:61 [INFO] 
-------------接口请求开始-----------
[2023-08-23 14:14:47,263] logger_util.py->write_log line:61 [INFO] 接口名称：新增io变量-验证缩放比小数位，舍位
[2023-08-23 14:14:47,264] logger_util.py->write_log line:61 [INFO] 接口方式：post
[2023-08-23 14:14:47,264] logger_util.py->write_log line:61 [INFO] 接口路径：http://127.0.0.1:18000/api/v1/variable/tunnel/80/tag
[2023-08-23 14:14:47,264] logger_util.py->write_log line:61 [INFO] 请求头：{}
[2023-08-23 14:14:47,264] logger_util.py->write_log line:61 [INFO] 请求参数：[{'archiveSetting': None, 'groupId': None, 'name': 'B3', 'description': '验证缩放比小数位，舍位', 'typeName': '有符号16位整型', 'config': {'readWriteMode': 0, 'address': '400082', 'interval': 1000, 'stringLength': None, 'zoom': 0.01, 'digit': 1, 'readWriteRule': 1}, 'index': 3}]
[2023-08-23 14:14:47,264] logger_util.py->write_log line:61 [INFO] 文件上传：None
[2023-08-23 14:14:47,285] logger_util.py->write_log line:61 [INFO] 预期结果：[{'equals': {'status_code': 200}}]
[2023-08-23 14:14:47,285] logger_util.py->write_log line:61 [INFO] 实际结果：[{'id': 170, 'tunnelId': 80, 'groupId': None, 'sort': 5, 'name': 'B3', 'description': '验证缩放比小数位，舍位', 'tunnelType': 1, 'config': {'address': '400082', 'readWriteMode': 0, 'interval': 1000, 'stringLength': None, 'zoom': 0.01, 'digit': 1, 'readWriteRule': 1}, 'type': 3, 'typeName': '有符号16位整型', 'historicGroupId': '00000000-0000-0000-0000-000000000000', 'historicGroupName': None, 'archiveSetting': None, 'historicBriefMsg': None, 'createTime': '2023-08-23T14:14:47.2748513+08:00', 'updateTime': '2023-08-23T14:14:47.2748519+08:00'}]
[2023-08-23 14:14:47,286] logger_util.py->write_log line:61 [INFO] 接口请求成功！
[2023-08-23 14:14:47,286] logger_util.py->write_log line:61 [INFO] 
-------------接口请求结束-----------

[2023-08-23 14:14:47,290] logger_util.py->write_log line:61 [INFO] 
-------------接口请求开始-----------
[2023-08-23 14:14:47,290] logger_util.py->write_log line:61 [INFO] 接口名称：新增io变量-验证缩放比小数位，四舍
[2023-08-23 14:14:47,290] logger_util.py->write_log line:61 [INFO] 接口方式：post
[2023-08-23 14:14:47,290] logger_util.py->write_log line:61 [INFO] 接口路径：http://127.0.0.1:18000/api/v1/variable/tunnel/80/tag
[2023-08-23 14:14:47,290] logger_util.py->write_log line:61 [INFO] 请求头：{}
[2023-08-23 14:14:47,290] logger_util.py->write_log line:61 [INFO] 请求参数：[{'archiveSetting': None, 'groupId': None, 'name': 'B4', 'description': '验证缩放比小数位，四舍', 'typeName': '有符号16位整型', 'config': {'readWriteMode': 0, 'address': '400083', 'interval': 1000, 'stringLength': None, 'zoom': 0.01, 'digit': 1, 'readWriteRule': 2}, 'index': 4}]
[2023-08-23 14:14:47,290] logger_util.py->write_log line:61 [INFO] 文件上传：None
[2023-08-23 14:14:47,310] logger_util.py->write_log line:61 [INFO] 预期结果：[{'equals': {'status_code': 200}}]
[2023-08-23 14:14:47,310] logger_util.py->write_log line:61 [INFO] 实际结果：[{'id': 171, 'tunnelId': 80, 'groupId': None, 'sort': 6, 'name': 'B4', 'description': '验证缩放比小数位，四舍', 'tunnelType': 1, 'config': {'address': '400083', 'readWriteMode': 0, 'interval': 1000, 'stringLength': None, 'zoom': 0.01, 'digit': 1, 'readWriteRule': 2}, 'type': 3, 'typeName': '有符号16位整型', 'historicGroupId': '00000000-0000-0000-0000-000000000000', 'historicGroupName': None, 'archiveSetting': None, 'historicBriefMsg': None, 'createTime': '2023-08-23T14:14:47.2998801+08:00', 'updateTime': '2023-08-23T14:14:47.2998806+08:00'}]
[2023-08-23 14:14:47,310] logger_util.py->write_log line:61 [INFO] 接口请求成功！
[2023-08-23 14:14:47,311] logger_util.py->write_log line:61 [INFO] 
-------------接口请求结束-----------

[2023-08-23 14:14:47,315] logger_util.py->write_log line:61 [INFO] 
-------------接口请求开始-----------
[2023-08-23 14:14:47,315] logger_util.py->write_log line:61 [INFO] 接口名称：新增io变量-验证缩放比小数位，进位
[2023-08-23 14:14:47,315] logger_util.py->write_log line:61 [INFO] 接口方式：post
[2023-08-23 14:14:47,315] logger_util.py->write_log line:61 [INFO] 接口路径：http://127.0.0.1:18000/api/v1/variable/tunnel/80/tag
[2023-08-23 14:14:47,315] logger_util.py->write_log line:61 [INFO] 请求头：{}
[2023-08-23 14:14:47,315] logger_util.py->write_log line:61 [INFO] 请求参数：[{'archiveSetting': None, 'groupId': None, 'name': 'B5', 'description': '验证缩放比小数位，进位', 'typeName': '有符号16位整型', 'config': {'readWriteMode': 0, 'address': '400084', 'interval': 1000, 'stringLength': None, 'zoom': 0.01, 'digit': 1, 'readWriteRule': 3}, 'index': 5}]
[2023-08-23 14:14:47,315] logger_util.py->write_log line:61 [INFO] 文件上传：None
[2023-08-23 14:14:47,349] logger_util.py->write_log line:61 [INFO] 预期结果：[{'equals': {'status_code': 200}}]
[2023-08-23 14:14:47,349] logger_util.py->write_log line:61 [INFO] 实际结果：[{'id': 172, 'tunnelId': 80, 'groupId': None, 'sort': 7, 'name': 'B5', 'description': '验证缩放比小数位，进位', 'tunnelType': 1, 'config': {'address': '400084', 'readWriteMode': 0, 'interval': 1000, 'stringLength': None, 'zoom': 0.01, 'digit': 1, 'readWriteRule': 3}, 'type': 3, 'typeName': '有符号16位整型', 'historicGroupId': '00000000-0000-0000-0000-000000000000', 'historicGroupName': None, 'archiveSetting': None, 'historicBriefMsg': None, 'createTime': '2023-08-23T14:14:47.3255657+08:00', 'updateTime': '2023-08-23T14:14:47.3255662+08:00'}]
[2023-08-23 14:14:47,349] logger_util.py->write_log line:61 [INFO] 接口请求成功！
[2023-08-23 14:14:47,350] logger_util.py->write_log line:61 [INFO] 
-------------接口请求结束-----------

[2023-08-23 14:14:47,355] logger_util.py->write_log line:61 [INFO] 
-------------接口请求开始-----------
[2023-08-23 14:14:47,356] logger_util.py->write_log line:61 [INFO] 接口名称：新增io变量-验证浮点数小数位，舍位
[2023-08-23 14:14:47,356] logger_util.py->write_log line:61 [INFO] 接口方式：post
[2023-08-23 14:14:47,356] logger_util.py->write_log line:61 [INFO] 接口路径：http://127.0.0.1:18000/api/v1/variable/tunnel/80/tag
[2023-08-23 14:14:47,356] logger_util.py->write_log line:61 [INFO] 请求头：{}
[2023-08-23 14:14:47,356] logger_util.py->write_log line:61 [INFO] 请求参数：[{'archiveSetting': None, 'groupId': None, 'name': 'B6', 'description': '验证浮点数小数位，舍位', 'typeName': 'F32位浮点数IEEE754', 'config': {'readWriteMode': 0, 'address': '400085', 'interval': 1000, 'stringLength': None, 'zoom': 1, 'digit': 2, 'readWriteRule': 1}, 'index': 6}]
[2023-08-23 14:14:47,356] logger_util.py->write_log line:61 [INFO] 文件上传：None
[2023-08-23 14:14:47,401] logger_util.py->write_log line:61 [INFO] 预期结果：[{'equals': {'status_code': 200}}]
[2023-08-23 14:14:47,401] logger_util.py->write_log line:61 [INFO] 实际结果：[{'id': 173, 'tunnelId': 80, 'groupId': None, 'sort': 8, 'name': 'B6', 'description': '验证浮点数小数位，舍位', 'tunnelType': 1, 'config': {'address': '400085', 'readWriteMode': 0, 'interval': 1000, 'stringLength': None, 'zoom': 1, 'digit': 2, 'readWriteRule': 1}, 'type': 9, 'typeName': 'F32位浮点数IEEE754', 'historicGroupId': '00000000-0000-0000-0000-000000000000', 'historicGroupName': None, 'archiveSetting': None, 'historicBriefMsg': None, 'createTime': '2023-08-23T14:14:47.3663548+08:00', 'updateTime': '2023-08-23T14:14:47.3663554+08:00'}]
[2023-08-23 14:14:47,401] logger_util.py->write_log line:61 [INFO] 接口请求成功！
[2023-08-23 14:14:47,401] logger_util.py->write_log line:61 [INFO] 
-------------接口请求结束-----------

[2023-08-23 14:14:47,405] logger_util.py->write_log line:61 [INFO] 
-------------接口请求开始-----------
[2023-08-23 14:14:47,405] logger_util.py->write_log line:61 [INFO] 接口名称：新增io变量-验证浮点数小数位，四舍
[2023-08-23 14:14:47,406] logger_util.py->write_log line:61 [INFO] 接口方式：post
[2023-08-23 14:14:47,406] logger_util.py->write_log line:61 [INFO] 接口路径：http://127.0.0.1:18000/api/v1/variable/tunnel/80/tag
[2023-08-23 14:14:47,406] logger_util.py->write_log line:61 [INFO] 请求头：{}
[2023-08-23 14:14:47,406] logger_util.py->write_log line:61 [INFO] 请求参数：[{'archiveSetting': None, 'groupId': None, 'name': 'B7', 'description': '验证浮点数小数位，四舍', 'typeName': 'F32位浮点数IEEE754', 'config': {'readWriteMode': 0, 'address': '400087', 'interval': 1000, 'stringLength': None, 'zoom': 1, 'digit': 2, 'readWriteRule': 2}, 'index': 7}]
[2023-08-23 14:14:47,406] logger_util.py->write_log line:61 [INFO] 文件上传：None
[2023-08-23 14:14:47,446] logger_util.py->write_log line:61 [INFO] 预期结果：[{'equals': {'status_code': 200}}]
[2023-08-23 14:14:47,446] logger_util.py->write_log line:61 [INFO] 实际结果：[{'id': 174, 'tunnelId': 80, 'groupId': None, 'sort': 9, 'name': 'B7', 'description': '验证浮点数小数位，四舍', 'tunnelType': 1, 'config': {'address': '400087', 'readWriteMode': 0, 'interval': 1000, 'stringLength': None, 'zoom': 1, 'digit': 2, 'readWriteRule': 2}, 'type': 9, 'typeName': 'F32位浮点数IEEE754', 'historicGroupId': '00000000-0000-0000-0000-000000000000', 'historicGroupName': None, 'archiveSetting': None, 'historicBriefMsg': None, 'createTime': '2023-08-23T14:14:47.4153183+08:00', 'updateTime': '2023-08-23T14:14:47.4153188+08:00'}]
[2023-08-23 14:14:47,446] logger_util.py->write_log line:61 [INFO] 接口请求成功！
[2023-08-23 14:14:47,446] logger_util.py->write_log line:61 [INFO] 
-------------接口请求结束-----------

[2023-08-23 14:14:47,451] logger_util.py->write_log line:61 [INFO] 
-------------接口请求开始-----------
[2023-08-23 14:14:47,451] logger_util.py->write_log line:61 [INFO] 接口名称：新增io变量-验证浮点数小数位，进位
[2023-08-23 14:14:47,451] logger_util.py->write_log line:61 [INFO] 接口方式：post
[2023-08-23 14:14:47,451] logger_util.py->write_log line:61 [INFO] 接口路径：http://127.0.0.1:18000/api/v1/variable/tunnel/80/tag
[2023-08-23 14:14:47,451] logger_util.py->write_log line:61 [INFO] 请求头：{}
[2023-08-23 14:14:47,451] logger_util.py->write_log line:61 [INFO] 请求参数：[{'archiveSetting': None, 'groupId': None, 'name': 'B8', 'description': '验证浮点数小数位，进位', 'typeName': 'F32位浮点数IEEE754', 'config': {'readWriteMode': 0, 'address': '400089', 'interval': 1000, 'stringLength': None, 'zoom': 1, 'digit': 2, 'readWriteRule': 3}, 'index': 8}]
[2023-08-23 14:14:47,451] logger_util.py->write_log line:61 [INFO] 文件上传：None
[2023-08-23 14:14:47,470] logger_util.py->write_log line:61 [INFO] 预期结果：[{'equals': {'status_code': 200}}]
[2023-08-23 14:14:47,470] logger_util.py->write_log line:61 [INFO] 实际结果：[{'id': 175, 'tunnelId': 80, 'groupId': None, 'sort': 10, 'name': 'B8', 'description': '验证浮点数小数位，进位', 'tunnelType': 1, 'config': {'address': '400089', 'readWriteMode': 0, 'interval': 1000, 'stringLength': None, 'zoom': 1, 'digit': 2, 'readWriteRule': 3}, 'type': 9, 'typeName': 'F32位浮点数IEEE754', 'historicGroupId': '00000000-0000-0000-0000-000000000000', 'historicGroupName': None, 'archiveSetting': None, 'historicBriefMsg': None, 'createTime': '2023-08-23T14:14:47.4609051+08:00', 'updateTime': '2023-08-23T14:14:47.4609055+08:00'}]
[2023-08-23 14:14:47,471] logger_util.py->write_log line:61 [INFO] 接口请求成功！
[2023-08-23 14:14:47,471] logger_util.py->write_log line:61 [INFO] 
-------------接口请求结束-----------

[2023-08-23 14:14:47,475] logger_util.py->write_log line:61 [INFO] 
-------------接口请求开始-----------
[2023-08-23 14:14:47,475] logger_util.py->write_log line:61 [INFO] 接口名称：新增io变量-二进制
[2023-08-23 14:14:47,475] logger_util.py->write_log line:61 [INFO] 接口方式：post
[2023-08-23 14:14:47,475] logger_util.py->write_log line:61 [INFO] 接口路径：http://127.0.0.1:18000/api/v1/variable/tunnel/80/tag
[2023-08-23 14:14:47,475] logger_util.py->write_log line:61 [INFO] 请求头：{}
[2023-08-23 14:14:47,475] logger_util.py->write_log line:61 [INFO] 请求参数：[{'archiveSetting': None, 'groupId': None, 'name': 'A1', 'description': '二进制', 'typeName': '二进制', 'config': {'readWriteMode': 0, 'address': '400001.0 ', 'interval': 10000, 'stringLength': None, 'zoom': None, 'digit': None, 'readWriteRule': 1}, 'index': 9}]
[2023-08-23 14:14:47,476] logger_util.py->write_log line:61 [INFO] 文件上传：None
[2023-08-23 14:14:47,483] logger_util.py->error_log line:65 [INFO] 断言失败:status_code不等于200
[2023-08-23 14:14:47,484] logger_util.py->write_log line:61 [INFO] 实际结果：序号<9>变量配置错误：变量名<A1>已存在，请重新输入
[2023-08-23 14:14:47,484] logger_util.py->write_log line:61 [INFO] 接口请求失败！
[2023-08-23 14:14:47,484] logger_util.py->write_log line:61 [INFO] -------------接口请求结束-----------

[2023-08-23 14:14:47,484] logger_util.py->error_log line:65 [INFO] 断言异常：异常信息: Traceback (most recent call last):
  File "E:\Project_python\api_cms\common\requests_util.py", line 353, in validate_result
    error_log("断言失败:"+assert_key+"不等于"+str(assert_value))
  File "E:\Project_python\api_cms\common\logger_util.py", line 66, in error_log
    raise Exception(log_message)
Exception: 断言失败:status_code不等于200

[2023-08-23 14:14:47,485] logger_util.py->error_log line:65 [INFO] 分析YAML文件异常：异常信息: Traceback (most recent call last):
  File "E:\Project_python\api_cms\common\requests_util.py", line 353, in validate_result
    error_log("断言失败:"+assert_key+"不等于"+str(assert_value))
  File "E:\Project_python\api_cms\common\logger_util.py", line 66, in error_log
    raise Exception(log_message)
Exception: 断言失败:status_code不等于200

During handling of the above exception, another exception occurred:

Traceback (most recent call last):
  File "E:\Project_python\api_cms\common\requests_util.py", line 255, in analysis_yaml
    self.validate_result(yq_result, return_text, status_code)
  File "E:\Project_python\api_cms\common\requests_util.py", line 408, in validate_result
    error_log("断言异常：异常信息: %s" % str(traceback.format_exc()))
  File "E:\Project_python\api_cms\common\logger_util.py", line 66, in error_log
    raise Exception(log_message)
Exception: 断言异常：异常信息: Traceback (most recent call last):
  File "E:\Project_python\api_cms\common\requests_util.py", line 353, in validate_result
    error_log("断言失败:"+assert_key+"不等于"+str(assert_value))
  File "E:\Project_python\api_cms\common\logger_util.py", line 66, in error_log
    raise Exception(log_message)
Exception: 断言失败:status_code不等于200


[2023-08-23 14:14:47,587] logger_util.py->write_log line:61 [INFO] 
-------------接口请求开始-----------
[2023-08-23 14:14:47,587] logger_util.py->write_log line:61 [INFO] 接口名称：新增io变量-有符号8位整型
[2023-08-23 14:14:47,587] logger_util.py->write_log line:61 [INFO] 接口方式：post
[2023-08-23 14:14:47,587] logger_util.py->write_log line:61 [INFO] 接口路径：http://127.0.0.1:18000/api/v1/variable/tunnel/80/tag
[2023-08-23 14:14:47,587] logger_util.py->write_log line:61 [INFO] 请求头：{}
[2023-08-23 14:14:47,587] logger_util.py->write_log line:61 [INFO] 请求参数：[{'archiveSetting': None, 'groupId': None, 'name': 'A2', 'description': '有符号8位整型', 'typeName': '有符号8位整型', 'config': {'readWriteMode': 0, 'address': '400002', 'interval': 1000, 'stringLength': None, 'zoom': 1, 'digit': None, 'readWriteRule': 1}, 'index': 10}]
[2023-08-23 14:14:47,587] logger_util.py->write_log line:61 [INFO] 文件上传：None
[2023-08-23 14:14:47,595] logger_util.py->error_log line:65 [INFO] 断言失败:status_code不等于200
[2023-08-23 14:14:47,595] logger_util.py->write_log line:61 [INFO] 实际结果：序号<10>变量配置错误：变量名<A2>已存在，请重新输入
[2023-08-23 14:14:47,595] logger_util.py->write_log line:61 [INFO] 接口请求失败！
[2023-08-23 14:14:47,595] logger_util.py->write_log line:61 [INFO] -------------接口请求结束-----------

[2023-08-23 14:14:47,595] logger_util.py->error_log line:65 [INFO] 断言异常：异常信息: Traceback (most recent call last):
  File "E:\Project_python\api_cms\common\requests_util.py", line 353, in validate_result
    error_log("断言失败:"+assert_key+"不等于"+str(assert_value))
  File "E:\Project_python\api_cms\common\logger_util.py", line 66, in error_log
    raise Exception(log_message)
Exception: 断言失败:status_code不等于200

[2023-08-23 14:14:47,596] logger_util.py->error_log line:65 [INFO] 分析YAML文件异常：异常信息: Traceback (most recent call last):
  File "E:\Project_python\api_cms\common\requests_util.py", line 353, in validate_result
    error_log("断言失败:"+assert_key+"不等于"+str(assert_value))
  File "E:\Project_python\api_cms\common\logger_util.py", line 66, in error_log
    raise Exception(log_message)
Exception: 断言失败:status_code不等于200

During handling of the above exception, another exception occurred:

Traceback (most recent call last):
  File "E:\Project_python\api_cms\common\requests_util.py", line 255, in analysis_yaml
    self.validate_result(yq_result, return_text, status_code)
  File "E:\Project_python\api_cms\common\requests_util.py", line 408, in validate_result
    error_log("断言异常：异常信息: %s" % str(traceback.format_exc()))
  File "E:\Project_python\api_cms\common\logger_util.py", line 66, in error_log
    raise Exception(log_message)
Exception: 断言异常：异常信息: Traceback (most recent call last):
  File "E:\Project_python\api_cms\common\requests_util.py", line 353, in validate_result
    error_log("断言失败:"+assert_key+"不等于"+str(assert_value))
  File "E:\Project_python\api_cms\common\logger_util.py", line 66, in error_log
    raise Exception(log_message)
Exception: 断言失败:status_code不等于200


[2023-08-23 14:14:47,622] logger_util.py->write_log line:61 [INFO] 
-------------接口请求开始-----------
[2023-08-23 14:14:47,622] logger_util.py->write_log line:61 [INFO] 接口名称：新增io变量-无符号8位整型
[2023-08-23 14:14:47,622] logger_util.py->write_log line:61 [INFO] 接口方式：post
[2023-08-23 14:14:47,622] logger_util.py->write_log line:61 [INFO] 接口路径：http://127.0.0.1:18000/api/v1/variable/tunnel/80/tag
[2023-08-23 14:14:47,622] logger_util.py->write_log line:61 [INFO] 请求头：{}
[2023-08-23 14:14:47,622] logger_util.py->write_log line:61 [INFO] 请求参数：[{'archiveSetting': None, 'groupId': None, 'name': 'A3', 'description': '无符号8位整型', 'typeName': '无符号8位整型', 'config': {'readWriteMode': 0, 'address': '400003', 'interval': 1000, 'stringLength': None, 'zoom': 1, 'digit': None, 'readWriteRule': 1}, 'index': 11}]
[2023-08-23 14:14:47,622] logger_util.py->write_log line:61 [INFO] 文件上传：None
[2023-08-23 14:14:47,630] logger_util.py->error_log line:65 [INFO] 断言失败:status_code不等于200
[2023-08-23 14:14:47,630] logger_util.py->write_log line:61 [INFO] 实际结果：序号<11>变量配置错误：变量名<A3>已存在，请重新输入
[2023-08-23 14:14:47,630] logger_util.py->write_log line:61 [INFO] 接口请求失败！
[2023-08-23 14:14:47,630] logger_util.py->write_log line:61 [INFO] -------------接口请求结束-----------

[2023-08-23 14:14:47,631] logger_util.py->error_log line:65 [INFO] 断言异常：异常信息: Traceback (most recent call last):
  File "E:\Project_python\api_cms\common\requests_util.py", line 353, in validate_result
    error_log("断言失败:"+assert_key+"不等于"+str(assert_value))
  File "E:\Project_python\api_cms\common\logger_util.py", line 66, in error_log
    raise Exception(log_message)
Exception: 断言失败:status_code不等于200

[2023-08-23 14:14:47,631] logger_util.py->error_log line:65 [INFO] 分析YAML文件异常：异常信息: Traceback (most recent call last):
  File "E:\Project_python\api_cms\common\requests_util.py", line 353, in validate_result
    error_log("断言失败:"+assert_key+"不等于"+str(assert_value))
  File "E:\Project_python\api_cms\common\logger_util.py", line 66, in error_log
    raise Exception(log_message)
Exception: 断言失败:status_code不等于200

During handling of the above exception, another exception occurred:

Traceback (most recent call last):
  File "E:\Project_python\api_cms\common\requests_util.py", line 255, in analysis_yaml
    self.validate_result(yq_result, return_text, status_code)
  File "E:\Project_python\api_cms\common\requests_util.py", line 408, in validate_result
    error_log("断言异常：异常信息: %s" % str(traceback.format_exc()))
  File "E:\Project_python\api_cms\common\logger_util.py", line 66, in error_log
    raise Exception(log_message)
Exception: 断言异常：异常信息: Traceback (most recent call last):
  File "E:\Project_python\api_cms\common\requests_util.py", line 353, in validate_result
    error_log("断言失败:"+assert_key+"不等于"+str(assert_value))
  File "E:\Project_python\api_cms\common\logger_util.py", line 66, in error_log
    raise Exception(log_message)
Exception: 断言失败:status_code不等于200


[2023-08-23 14:14:47,657] logger_util.py->write_log line:61 [INFO] 
-------------接口请求开始-----------
[2023-08-23 14:14:47,657] logger_util.py->write_log line:61 [INFO] 接口名称：新增io变量-有符号16位整型
[2023-08-23 14:14:47,657] logger_util.py->write_log line:61 [INFO] 接口方式：post
[2023-08-23 14:14:47,657] logger_util.py->write_log line:61 [INFO] 接口路径：http://127.0.0.1:18000/api/v1/variable/tunnel/80/tag
[2023-08-23 14:14:47,657] logger_util.py->write_log line:61 [INFO] 请求头：{}
[2023-08-23 14:14:47,657] logger_util.py->write_log line:61 [INFO] 请求参数：[{'archiveSetting': None, 'groupId': None, 'name': 'A4', 'description': '有符号16位整型', 'typeName': '有符号16位整型', 'config': {'readWriteMode': 0, 'address': '400004', 'interval': 1000, 'stringLength': None, 'zoom': 1, 'digit': None, 'readWriteRule': 1}, 'index': 12}]
[2023-08-23 14:14:47,657] logger_util.py->write_log line:61 [INFO] 文件上传：None
[2023-08-23 14:14:47,665] logger_util.py->error_log line:65 [INFO] 断言失败:status_code不等于200
[2023-08-23 14:14:47,665] logger_util.py->write_log line:61 [INFO] 实际结果：序号<12>变量配置错误：变量名<A4>已存在，请重新输入
[2023-08-23 14:14:47,665] logger_util.py->write_log line:61 [INFO] 接口请求失败！
[2023-08-23 14:14:47,665] logger_util.py->write_log line:61 [INFO] -------------接口请求结束-----------

[2023-08-23 14:14:47,666] logger_util.py->error_log line:65 [INFO] 断言异常：异常信息: Traceback (most recent call last):
  File "E:\Project_python\api_cms\common\requests_util.py", line 353, in validate_result
    error_log("断言失败:"+assert_key+"不等于"+str(assert_value))
  File "E:\Project_python\api_cms\common\logger_util.py", line 66, in error_log
    raise Exception(log_message)
Exception: 断言失败:status_code不等于200

[2023-08-23 14:14:47,666] logger_util.py->error_log line:65 [INFO] 分析YAML文件异常：异常信息: Traceback (most recent call last):
  File "E:\Project_python\api_cms\common\requests_util.py", line 353, in validate_result
    error_log("断言失败:"+assert_key+"不等于"+str(assert_value))
  File "E:\Project_python\api_cms\common\logger_util.py", line 66, in error_log
    raise Exception(log_message)
Exception: 断言失败:status_code不等于200

During handling of the above exception, another exception occurred:

Traceback (most recent call last):
  File "E:\Project_python\api_cms\common\requests_util.py", line 255, in analysis_yaml
    self.validate_result(yq_result, return_text, status_code)
  File "E:\Project_python\api_cms\common\requests_util.py", line 408, in validate_result
    error_log("断言异常：异常信息: %s" % str(traceback.format_exc()))
  File "E:\Project_python\api_cms\common\logger_util.py", line 66, in error_log
    raise Exception(log_message)
Exception: 断言异常：异常信息: Traceback (most recent call last):
  File "E:\Project_python\api_cms\common\requests_util.py", line 353, in validate_result
    error_log("断言失败:"+assert_key+"不等于"+str(assert_value))
  File "E:\Project_python\api_cms\common\logger_util.py", line 66, in error_log
    raise Exception(log_message)
Exception: 断言失败:status_code不等于200


[2023-08-23 14:14:47,692] logger_util.py->write_log line:61 [INFO] 
-------------接口请求开始-----------
[2023-08-23 14:14:47,692] logger_util.py->write_log line:61 [INFO] 接口名称：新增io变量-无符号16位整型
[2023-08-23 14:14:47,692] logger_util.py->write_log line:61 [INFO] 接口方式：post
[2023-08-23 14:14:47,692] logger_util.py->write_log line:61 [INFO] 接口路径：http://127.0.0.1:18000/api/v1/variable/tunnel/80/tag
[2023-08-23 14:14:47,692] logger_util.py->write_log line:61 [INFO] 请求头：{}
[2023-08-23 14:14:47,692] logger_util.py->write_log line:61 [INFO] 请求参数：[{'archiveSetting': None, 'groupId': None, 'name': 'A5', 'description': '无符号16位整型', 'typeName': '无符号16位整型', 'config': {'readWriteMode': 0, 'address': '400005', 'interval': 1000, 'stringLength': None, 'zoom': 1, 'digit': None, 'readWriteRule': 1}, 'index': 13}]
[2023-08-23 14:14:47,692] logger_util.py->write_log line:61 [INFO] 文件上传：None
[2023-08-23 14:14:47,700] logger_util.py->error_log line:65 [INFO] 断言失败:status_code不等于200
[2023-08-23 14:14:47,700] logger_util.py->write_log line:61 [INFO] 实际结果：序号<13>变量配置错误：变量名<A5>已存在，请重新输入
[2023-08-23 14:14:47,700] logger_util.py->write_log line:61 [INFO] 接口请求失败！
[2023-08-23 14:14:47,700] logger_util.py->write_log line:61 [INFO] -------------接口请求结束-----------

[2023-08-23 14:14:47,700] logger_util.py->error_log line:65 [INFO] 断言异常：异常信息: Traceback (most recent call last):
  File "E:\Project_python\api_cms\common\requests_util.py", line 353, in validate_result
    error_log("断言失败:"+assert_key+"不等于"+str(assert_value))
  File "E:\Project_python\api_cms\common\logger_util.py", line 66, in error_log
    raise Exception(log_message)
Exception: 断言失败:status_code不等于200

[2023-08-23 14:14:47,701] logger_util.py->error_log line:65 [INFO] 分析YAML文件异常：异常信息: Traceback (most recent call last):
  File "E:\Project_python\api_cms\common\requests_util.py", line 353, in validate_result
    error_log("断言失败:"+assert_key+"不等于"+str(assert_value))
  File "E:\Project_python\api_cms\common\logger_util.py", line 66, in error_log
    raise Exception(log_message)
Exception: 断言失败:status_code不等于200

During handling of the above exception, another exception occurred:

Traceback (most recent call last):
  File "E:\Project_python\api_cms\common\requests_util.py", line 255, in analysis_yaml
    self.validate_result(yq_result, return_text, status_code)
  File "E:\Project_python\api_cms\common\requests_util.py", line 408, in validate_result
    error_log("断言异常：异常信息: %s" % str(traceback.format_exc()))
  File "E:\Project_python\api_cms\common\logger_util.py", line 66, in error_log
    raise Exception(log_message)
Exception: 断言异常：异常信息: Traceback (most recent call last):
  File "E:\Project_python\api_cms\common\requests_util.py", line 353, in validate_result
    error_log("断言失败:"+assert_key+"不等于"+str(assert_value))
  File "E:\Project_python\api_cms\common\logger_util.py", line 66, in error_log
    raise Exception(log_message)
Exception: 断言失败:status_code不等于200


[2023-08-23 14:14:47,727] logger_util.py->write_log line:61 [INFO] 
-------------接口请求开始-----------
[2023-08-23 14:14:47,727] logger_util.py->write_log line:61 [INFO] 接口名称：新增io变量-有符号32位整型
[2023-08-23 14:14:47,727] logger_util.py->write_log line:61 [INFO] 接口方式：post
[2023-08-23 14:14:47,727] logger_util.py->write_log line:61 [INFO] 接口路径：http://127.0.0.1:18000/api/v1/variable/tunnel/80/tag
[2023-08-23 14:14:47,727] logger_util.py->write_log line:61 [INFO] 请求头：{}
[2023-08-23 14:14:47,727] logger_util.py->write_log line:61 [INFO] 请求参数：[{'archiveSetting': None, 'groupId': None, 'name': 'A6', 'description': '有符号32位整型', 'typeName': '有符号32位整型', 'config': {'readWriteMode': 0, 'address': '400013', 'interval': 1000, 'stringLength': None, 'zoom': 1, 'digit': None, 'readWriteRule': 1}, 'index': 14}]
[2023-08-23 14:14:47,727] logger_util.py->write_log line:61 [INFO] 文件上传：None
[2023-08-23 14:14:47,735] logger_util.py->error_log line:65 [INFO] 断言失败:status_code不等于200
[2023-08-23 14:14:47,735] logger_util.py->write_log line:61 [INFO] 实际结果：序号<14>变量配置错误：变量名<A6>已存在，请重新输入
[2023-08-23 14:14:47,735] logger_util.py->write_log line:61 [INFO] 接口请求失败！
[2023-08-23 14:14:47,735] logger_util.py->write_log line:61 [INFO] -------------接口请求结束-----------

[2023-08-23 14:14:47,736] logger_util.py->error_log line:65 [INFO] 断言异常：异常信息: Traceback (most recent call last):
  File "E:\Project_python\api_cms\common\requests_util.py", line 353, in validate_result
    error_log("断言失败:"+assert_key+"不等于"+str(assert_value))
  File "E:\Project_python\api_cms\common\logger_util.py", line 66, in error_log
    raise Exception(log_message)
Exception: 断言失败:status_code不等于200

[2023-08-23 14:14:47,736] logger_util.py->error_log line:65 [INFO] 分析YAML文件异常：异常信息: Traceback (most recent call last):
  File "E:\Project_python\api_cms\common\requests_util.py", line 353, in validate_result
    error_log("断言失败:"+assert_key+"不等于"+str(assert_value))
  File "E:\Project_python\api_cms\common\logger_util.py", line 66, in error_log
    raise Exception(log_message)
Exception: 断言失败:status_code不等于200

During handling of the above exception, another exception occurred:

Traceback (most recent call last):
  File "E:\Project_python\api_cms\common\requests_util.py", line 255, in analysis_yaml
    self.validate_result(yq_result, return_text, status_code)
  File "E:\Project_python\api_cms\common\requests_util.py", line 408, in validate_result
    error_log("断言异常：异常信息: %s" % str(traceback.format_exc()))
  File "E:\Project_python\api_cms\common\logger_util.py", line 66, in error_log
    raise Exception(log_message)
Exception: 断言异常：异常信息: Traceback (most recent call last):
  File "E:\Project_python\api_cms\common\requests_util.py", line 353, in validate_result
    error_log("断言失败:"+assert_key+"不等于"+str(assert_value))
  File "E:\Project_python\api_cms\common\logger_util.py", line 66, in error_log
    raise Exception(log_message)
Exception: 断言失败:status_code不等于200


[2023-08-23 14:14:47,761] logger_util.py->write_log line:61 [INFO] 
-------------接口请求开始-----------
[2023-08-23 14:14:47,761] logger_util.py->write_log line:61 [INFO] 接口名称：新增io变量-无符号32位整型
[2023-08-23 14:14:47,761] logger_util.py->write_log line:61 [INFO] 接口方式：post
[2023-08-23 14:14:47,762] logger_util.py->write_log line:61 [INFO] 接口路径：http://127.0.0.1:18000/api/v1/variable/tunnel/80/tag
[2023-08-23 14:14:47,762] logger_util.py->write_log line:61 [INFO] 请求头：{}
[2023-08-23 14:14:47,762] logger_util.py->write_log line:61 [INFO] 请求参数：[{'archiveSetting': None, 'groupId': None, 'name': 'A7', 'description': '无符号32位整型', 'typeName': '无符号32位整型', 'config': {'readWriteMode': 0, 'address': '400015', 'interval': 1000, 'stringLength': None, 'zoom': 1, 'digit': None, 'readWriteRule': 1}, 'index': 15}]
[2023-08-23 14:14:47,762] logger_util.py->write_log line:61 [INFO] 文件上传：None
[2023-08-23 14:14:47,769] logger_util.py->error_log line:65 [INFO] 断言失败:status_code不等于200
[2023-08-23 14:14:47,769] logger_util.py->write_log line:61 [INFO] 实际结果：序号<15>变量配置错误：变量名<A7>已存在，请重新输入
[2023-08-23 14:14:47,769] logger_util.py->write_log line:61 [INFO] 接口请求失败！
[2023-08-23 14:14:47,769] logger_util.py->write_log line:61 [INFO] -------------接口请求结束-----------

[2023-08-23 14:14:47,769] logger_util.py->error_log line:65 [INFO] 断言异常：异常信息: Traceback (most recent call last):
  File "E:\Project_python\api_cms\common\requests_util.py", line 353, in validate_result
    error_log("断言失败:"+assert_key+"不等于"+str(assert_value))
  File "E:\Project_python\api_cms\common\logger_util.py", line 66, in error_log
    raise Exception(log_message)
Exception: 断言失败:status_code不等于200

[2023-08-23 14:14:47,770] logger_util.py->error_log line:65 [INFO] 分析YAML文件异常：异常信息: Traceback (most recent call last):
  File "E:\Project_python\api_cms\common\requests_util.py", line 353, in validate_result
    error_log("断言失败:"+assert_key+"不等于"+str(assert_value))
  File "E:\Project_python\api_cms\common\logger_util.py", line 66, in error_log
    raise Exception(log_message)
Exception: 断言失败:status_code不等于200

During handling of the above exception, another exception occurred:

Traceback (most recent call last):
  File "E:\Project_python\api_cms\common\requests_util.py", line 255, in analysis_yaml
    self.validate_result(yq_result, return_text, status_code)
  File "E:\Project_python\api_cms\common\requests_util.py", line 408, in validate_result
    error_log("断言异常：异常信息: %s" % str(traceback.format_exc()))
  File "E:\Project_python\api_cms\common\logger_util.py", line 66, in error_log
    raise Exception(log_message)
Exception: 断言异常：异常信息: Traceback (most recent call last):
  File "E:\Project_python\api_cms\common\requests_util.py", line 353, in validate_result
    error_log("断言失败:"+assert_key+"不等于"+str(assert_value))
  File "E:\Project_python\api_cms\common\logger_util.py", line 66, in error_log
    raise Exception(log_message)
Exception: 断言失败:status_code不等于200


[2023-08-23 14:14:47,796] logger_util.py->write_log line:61 [INFO] 
-------------接口请求开始-----------
[2023-08-23 14:14:47,796] logger_util.py->write_log line:61 [INFO] 接口名称：新增io变量-有符号64位整型
[2023-08-23 14:14:47,796] logger_util.py->write_log line:61 [INFO] 接口方式：post
[2023-08-23 14:14:47,797] logger_util.py->write_log line:61 [INFO] 接口路径：http://127.0.0.1:18000/api/v1/variable/tunnel/80/tag
[2023-08-23 14:14:47,797] logger_util.py->write_log line:61 [INFO] 请求头：{}
[2023-08-23 14:14:47,797] logger_util.py->write_log line:61 [INFO] 请求参数：[{'archiveSetting': None, 'groupId': None, 'name': 'A8', 'description': '有符号64位整型', 'typeName': '有符号64位整型', 'config': {'readWriteMode': 0, 'address': '400025', 'interval': 1000, 'stringLength': None, 'zoom': 1, 'digit': None, 'readWriteRule': 1}, 'index': 16}]
[2023-08-23 14:14:47,797] logger_util.py->write_log line:61 [INFO] 文件上传：None
[2023-08-23 14:14:47,805] logger_util.py->error_log line:65 [INFO] 断言失败:status_code不等于200
[2023-08-23 14:14:47,805] logger_util.py->write_log line:61 [INFO] 实际结果：序号<16>变量配置错误：变量名<A8>已存在，请重新输入
[2023-08-23 14:14:47,805] logger_util.py->write_log line:61 [INFO] 接口请求失败！
[2023-08-23 14:14:47,805] logger_util.py->write_log line:61 [INFO] -------------接口请求结束-----------

[2023-08-23 14:14:47,806] logger_util.py->error_log line:65 [INFO] 断言异常：异常信息: Traceback (most recent call last):
  File "E:\Project_python\api_cms\common\requests_util.py", line 353, in validate_result
    error_log("断言失败:"+assert_key+"不等于"+str(assert_value))
  File "E:\Project_python\api_cms\common\logger_util.py", line 66, in error_log
    raise Exception(log_message)
Exception: 断言失败:status_code不等于200

[2023-08-23 14:14:47,806] logger_util.py->error_log line:65 [INFO] 分析YAML文件异常：异常信息: Traceback (most recent call last):
  File "E:\Project_python\api_cms\common\requests_util.py", line 353, in validate_result
    error_log("断言失败:"+assert_key+"不等于"+str(assert_value))
  File "E:\Project_python\api_cms\common\logger_util.py", line 66, in error_log
    raise Exception(log_message)
Exception: 断言失败:status_code不等于200

During handling of the above exception, another exception occurred:

Traceback (most recent call last):
  File "E:\Project_python\api_cms\common\requests_util.py", line 255, in analysis_yaml
    self.validate_result(yq_result, return_text, status_code)
  File "E:\Project_python\api_cms\common\requests_util.py", line 408, in validate_result
    error_log("断言异常：异常信息: %s" % str(traceback.format_exc()))
  File "E:\Project_python\api_cms\common\logger_util.py", line 66, in error_log
    raise Exception(log_message)
Exception: 断言异常：异常信息: Traceback (most recent call last):
  File "E:\Project_python\api_cms\common\requests_util.py", line 353, in validate_result
    error_log("断言失败:"+assert_key+"不等于"+str(assert_value))
  File "E:\Project_python\api_cms\common\logger_util.py", line 66, in error_log
    raise Exception(log_message)
Exception: 断言失败:status_code不等于200


[2023-08-23 14:14:47,833] logger_util.py->write_log line:61 [INFO] 
-------------接口请求开始-----------
[2023-08-23 14:14:47,833] logger_util.py->write_log line:61 [INFO] 接口名称：新增io变量-无符号64位整型
[2023-08-23 14:14:47,833] logger_util.py->write_log line:61 [INFO] 接口方式：post
[2023-08-23 14:14:47,833] logger_util.py->write_log line:61 [INFO] 接口路径：http://127.0.0.1:18000/api/v1/variable/tunnel/80/tag
[2023-08-23 14:14:47,833] logger_util.py->write_log line:61 [INFO] 请求头：{}
[2023-08-23 14:14:47,833] logger_util.py->write_log line:61 [INFO] 请求参数：[{'archiveSetting': None, 'groupId': None, 'name': 'A9', 'description': '无符号64位整型', 'typeName': '无符号64位整型', 'config': {'readWriteMode': 0, 'address': '400029', 'interval': 1000, 'stringLength': None, 'zoom': 1, 'digit': None, 'readWriteRule': 1}, 'index': 17}]
[2023-08-23 14:14:47,834] logger_util.py->write_log line:61 [INFO] 文件上传：None
[2023-08-23 14:14:47,842] logger_util.py->error_log line:65 [INFO] 断言失败:status_code不等于200
[2023-08-23 14:14:47,842] logger_util.py->write_log line:61 [INFO] 实际结果：序号<17>变量配置错误：变量名<A9>已存在，请重新输入
[2023-08-23 14:14:47,842] logger_util.py->write_log line:61 [INFO] 接口请求失败！
[2023-08-23 14:14:47,842] logger_util.py->write_log line:61 [INFO] -------------接口请求结束-----------

[2023-08-23 14:14:47,843] logger_util.py->error_log line:65 [INFO] 断言异常：异常信息: Traceback (most recent call last):
  File "E:\Project_python\api_cms\common\requests_util.py", line 353, in validate_result
    error_log("断言失败:"+assert_key+"不等于"+str(assert_value))
  File "E:\Project_python\api_cms\common\logger_util.py", line 66, in error_log
    raise Exception(log_message)
Exception: 断言失败:status_code不等于200

[2023-08-23 14:14:47,843] logger_util.py->error_log line:65 [INFO] 分析YAML文件异常：异常信息: Traceback (most recent call last):
  File "E:\Project_python\api_cms\common\requests_util.py", line 353, in validate_result
    error_log("断言失败:"+assert_key+"不等于"+str(assert_value))
  File "E:\Project_python\api_cms\common\logger_util.py", line 66, in error_log
    raise Exception(log_message)
Exception: 断言失败:status_code不等于200

During handling of the above exception, another exception occurred:

Traceback (most recent call last):
  File "E:\Project_python\api_cms\common\requests_util.py", line 255, in analysis_yaml
    self.validate_result(yq_result, return_text, status_code)
  File "E:\Project_python\api_cms\common\requests_util.py", line 408, in validate_result
    error_log("断言异常：异常信息: %s" % str(traceback.format_exc()))
  File "E:\Project_python\api_cms\common\logger_util.py", line 66, in error_log
    raise Exception(log_message)
Exception: 断言异常：异常信息: Traceback (most recent call last):
  File "E:\Project_python\api_cms\common\requests_util.py", line 353, in validate_result
    error_log("断言失败:"+assert_key+"不等于"+str(assert_value))
  File "E:\Project_python\api_cms\common\logger_util.py", line 66, in error_log
    raise Exception(log_message)
Exception: 断言失败:status_code不等于200


[2023-08-23 14:14:47,869] logger_util.py->write_log line:61 [INFO] 
-------------接口请求开始-----------
[2023-08-23 14:14:47,869] logger_util.py->write_log line:61 [INFO] 接口名称：新增io变量-F32位浮点数IEEE754
[2023-08-23 14:14:47,869] logger_util.py->write_log line:61 [INFO] 接口方式：post
[2023-08-23 14:14:47,869] logger_util.py->write_log line:61 [INFO] 接口路径：http://127.0.0.1:18000/api/v1/variable/tunnel/80/tag
[2023-08-23 14:14:47,869] logger_util.py->write_log line:61 [INFO] 请求头：{}
[2023-08-23 14:14:47,869] logger_util.py->write_log line:61 [INFO] 请求参数：[{'archiveSetting': None, 'groupId': None, 'name': 'A10', 'description': 'F32位浮点数IEEE754', 'typeName': 'F32位浮点数IEEE754', 'config': {'readWriteMode': 0, 'address': '400045', 'interval': 1000, 'stringLength': None, 'zoom': 1, 'digit': None, 'readWriteRule': 1}, 'index': 18}]
[2023-08-23 14:14:47,869] logger_util.py->write_log line:61 [INFO] 文件上传：None
[2023-08-23 14:14:47,877] logger_util.py->error_log line:65 [INFO] 断言失败:status_code不等于200
[2023-08-23 14:14:47,878] logger_util.py->write_log line:61 [INFO] 实际结果：序号<18>变量配置错误：变量名<A10>已存在，请重新输入
[2023-08-23 14:14:47,878] logger_util.py->write_log line:61 [INFO] 接口请求失败！
[2023-08-23 14:14:47,878] logger_util.py->write_log line:61 [INFO] -------------接口请求结束-----------

[2023-08-23 14:14:47,878] logger_util.py->error_log line:65 [INFO] 断言异常：异常信息: Traceback (most recent call last):
  File "E:\Project_python\api_cms\common\requests_util.py", line 353, in validate_result
    error_log("断言失败:"+assert_key+"不等于"+str(assert_value))
  File "E:\Project_python\api_cms\common\logger_util.py", line 66, in error_log
    raise Exception(log_message)
Exception: 断言失败:status_code不等于200

[2023-08-23 14:14:47,878] logger_util.py->error_log line:65 [INFO] 分析YAML文件异常：异常信息: Traceback (most recent call last):
  File "E:\Project_python\api_cms\common\requests_util.py", line 353, in validate_result
    error_log("断言失败:"+assert_key+"不等于"+str(assert_value))
  File "E:\Project_python\api_cms\common\logger_util.py", line 66, in error_log
    raise Exception(log_message)
Exception: 断言失败:status_code不等于200

During handling of the above exception, another exception occurred:

Traceback (most recent call last):
  File "E:\Project_python\api_cms\common\requests_util.py", line 255, in analysis_yaml
    self.validate_result(yq_result, return_text, status_code)
  File "E:\Project_python\api_cms\common\requests_util.py", line 408, in validate_result
    error_log("断言异常：异常信息: %s" % str(traceback.format_exc()))
  File "E:\Project_python\api_cms\common\logger_util.py", line 66, in error_log
    raise Exception(log_message)
Exception: 断言异常：异常信息: Traceback (most recent call last):
  File "E:\Project_python\api_cms\common\requests_util.py", line 353, in validate_result
    error_log("断言失败:"+assert_key+"不等于"+str(assert_value))
  File "E:\Project_python\api_cms\common\logger_util.py", line 66, in error_log
    raise Exception(log_message)
Exception: 断言失败:status_code不等于200


[2023-08-23 14:14:47,904] logger_util.py->write_log line:61 [INFO] 
-------------接口请求开始-----------
[2023-08-23 14:14:47,905] logger_util.py->write_log line:61 [INFO] 接口名称：新增io变量-F64位浮点数IEEE754
[2023-08-23 14:14:47,905] logger_util.py->write_log line:61 [INFO] 接口方式：post
[2023-08-23 14:14:47,905] logger_util.py->write_log line:61 [INFO] 接口路径：http://127.0.0.1:18000/api/v1/variable/tunnel/80/tag
[2023-08-23 14:14:47,905] logger_util.py->write_log line:61 [INFO] 请求头：{}
[2023-08-23 14:14:47,905] logger_util.py->write_log line:61 [INFO] 请求参数：[{'archiveSetting': None, 'groupId': None, 'name': 'A11', 'description': 'F64位浮点数IEEE754', 'typeName': 'F64位浮点数IEEE754', 'config': {'readWriteMode': 0, 'address': '400055', 'interval': 1000, 'stringLength': None, 'zoom': 1, 'digit': None, 'readWriteRule': 1}, 'index': 19}]
[2023-08-23 14:14:47,905] logger_util.py->write_log line:61 [INFO] 文件上传：None
[2023-08-23 14:14:47,913] logger_util.py->error_log line:65 [INFO] 断言失败:status_code不等于200
[2023-08-23 14:14:47,913] logger_util.py->write_log line:61 [INFO] 实际结果：序号<19>变量配置错误：变量名<A11>已存在，请重新输入
[2023-08-23 14:14:47,913] logger_util.py->write_log line:61 [INFO] 接口请求失败！
[2023-08-23 14:14:47,913] logger_util.py->write_log line:61 [INFO] -------------接口请求结束-----------

[2023-08-23 14:14:47,913] logger_util.py->error_log line:65 [INFO] 断言异常：异常信息: Traceback (most recent call last):
  File "E:\Project_python\api_cms\common\requests_util.py", line 353, in validate_result
    error_log("断言失败:"+assert_key+"不等于"+str(assert_value))
  File "E:\Project_python\api_cms\common\logger_util.py", line 66, in error_log
    raise Exception(log_message)
Exception: 断言失败:status_code不等于200

[2023-08-23 14:14:47,914] logger_util.py->error_log line:65 [INFO] 分析YAML文件异常：异常信息: Traceback (most recent call last):
  File "E:\Project_python\api_cms\common\requests_util.py", line 353, in validate_result
    error_log("断言失败:"+assert_key+"不等于"+str(assert_value))
  File "E:\Project_python\api_cms\common\logger_util.py", line 66, in error_log
    raise Exception(log_message)
Exception: 断言失败:status_code不等于200

During handling of the above exception, another exception occurred:

Traceback (most recent call last):
  File "E:\Project_python\api_cms\common\requests_util.py", line 255, in analysis_yaml
    self.validate_result(yq_result, return_text, status_code)
  File "E:\Project_python\api_cms\common\requests_util.py", line 408, in validate_result
    error_log("断言异常：异常信息: %s" % str(traceback.format_exc()))
  File "E:\Project_python\api_cms\common\logger_util.py", line 66, in error_log
    raise Exception(log_message)
Exception: 断言异常：异常信息: Traceback (most recent call last):
  File "E:\Project_python\api_cms\common\requests_util.py", line 353, in validate_result
    error_log("断言失败:"+assert_key+"不等于"+str(assert_value))
  File "E:\Project_python\api_cms\common\logger_util.py", line 66, in error_log
    raise Exception(log_message)
Exception: 断言失败:status_code不等于200


[2023-08-23 14:14:47,940] logger_util.py->write_log line:61 [INFO] 
-------------接口请求开始-----------
[2023-08-23 14:14:47,941] logger_util.py->write_log line:61 [INFO] 接口名称：新增io变量-字符串
[2023-08-23 14:14:47,941] logger_util.py->write_log line:61 [INFO] 接口方式：post
[2023-08-23 14:14:47,941] logger_util.py->write_log line:61 [INFO] 接口路径：http://127.0.0.1:18000/api/v1/variable/tunnel/80/tag
[2023-08-23 14:14:47,941] logger_util.py->write_log line:61 [INFO] 请求头：{}
[2023-08-23 14:14:47,941] logger_util.py->write_log line:61 [INFO] 请求参数：[{'archiveSetting': None, 'groupId': None, 'name': 'A12', 'description': '字符串', 'typeName': '字符串', 'config': {'readWriteMode': 0, 'address': '400060', 'interval': 1000, 'stringLength': 10, 'zoom': None, 'digit': None, 'readWriteRule': 1}, 'index': 20}]
[2023-08-23 14:14:47,941] logger_util.py->write_log line:61 [INFO] 文件上传：None
[2023-08-23 14:14:47,949] logger_util.py->error_log line:65 [INFO] 断言失败:status_code不等于200
[2023-08-23 14:14:47,949] logger_util.py->write_log line:61 [INFO] 实际结果：序号<20>变量配置错误：变量名<A12>已存在，请重新输入
[2023-08-23 14:14:47,949] logger_util.py->write_log line:61 [INFO] 接口请求失败！
[2023-08-23 14:14:47,949] logger_util.py->write_log line:61 [INFO] -------------接口请求结束-----------

[2023-08-23 14:14:47,949] logger_util.py->error_log line:65 [INFO] 断言异常：异常信息: Traceback (most recent call last):
  File "E:\Project_python\api_cms\common\requests_util.py", line 353, in validate_result
    error_log("断言失败:"+assert_key+"不等于"+str(assert_value))
  File "E:\Project_python\api_cms\common\logger_util.py", line 66, in error_log
    raise Exception(log_message)
Exception: 断言失败:status_code不等于200

[2023-08-23 14:14:47,949] logger_util.py->error_log line:65 [INFO] 分析YAML文件异常：异常信息: Traceback (most recent call last):
  File "E:\Project_python\api_cms\common\requests_util.py", line 353, in validate_result
    error_log("断言失败:"+assert_key+"不等于"+str(assert_value))
  File "E:\Project_python\api_cms\common\logger_util.py", line 66, in error_log
    raise Exception(log_message)
Exception: 断言失败:status_code不等于200

During handling of the above exception, another exception occurred:

Traceback (most recent call last):
  File "E:\Project_python\api_cms\common\requests_util.py", line 255, in analysis_yaml
    self.validate_result(yq_result, return_text, status_code)
  File "E:\Project_python\api_cms\common\requests_util.py", line 408, in validate_result
    error_log("断言异常：异常信息: %s" % str(traceback.format_exc()))
  File "E:\Project_python\api_cms\common\logger_util.py", line 66, in error_log
    raise Exception(log_message)
Exception: 断言异常：异常信息: Traceback (most recent call last):
  File "E:\Project_python\api_cms\common\requests_util.py", line 353, in validate_result
    error_log("断言失败:"+assert_key+"不等于"+str(assert_value))
  File "E:\Project_python\api_cms\common\logger_util.py", line 66, in error_log
    raise Exception(log_message)
Exception: 断言失败:status_code不等于200


