[2022-09-20 10:11:23,015] logger_util.py->write_log line:61 [INFO] -------------接口请求开始-----------
[2022-09-20 10:11:23,015] logger_util.py->write_log line:61 [INFO] 接口名称：新建工程1
[2022-09-20 10:11:23,015] logger_util.py->write_log line:61 [INFO] 接口方式：post
[2022-09-20 10:11:23,015] logger_util.py->write_log line:61 [INFO] 接口路径：http://127.0.0.1:18000/api/v1/project/node
[2022-09-20 10:11:23,015] logger_util.py->write_log line:61 [INFO] 请求头：{'Content-Type': 'application/json;charset=UTF-8'}
[2022-09-20 10:11:23,015] logger_util.py->write_log line:61 [INFO] 请求参数：{'name': '工程16473', 'path': 'E:\\APP\\CMS201', 'type': 1, 'parentId': 0}
[2022-09-20 10:11:23,015] logger_util.py->write_log line:61 [INFO] 文件上传：None
[2022-09-20 10:11:24,281] logger_util.py->write_log line:61 [INFO] 预期结果：[{'equals': {'status_code': 200}}]
[2022-09-20 10:11:24,281] logger_util.py->write_log line:61 [INFO] 实际结果：832
[2022-09-20 10:11:24,282] logger_util.py->write_log line:61 [INFO] 接口请求成功！
[2022-09-20 10:11:24,282] logger_util.py->write_log line:61 [INFO] -------------接口请求结束-----------

[2022-09-20 10:11:24,294] logger_util.py->write_log line:61 [INFO] -------------接口请求开始-----------
[2022-09-20 10:11:24,294] logger_util.py->write_log line:61 [INFO] 接口名称：新建工程2
[2022-09-20 10:11:24,295] logger_util.py->write_log line:61 [INFO] 接口方式：post
[2022-09-20 10:11:24,295] logger_util.py->write_log line:61 [INFO] 接口路径：http://127.0.0.1:18000/api/v1/project/node
[2022-09-20 10:11:24,295] logger_util.py->write_log line:61 [INFO] 请求头：{'Content-Type': 'application/json;charset=UTF-8'}
[2022-09-20 10:11:24,295] logger_util.py->write_log line:61 [INFO] 请求参数：{'name': '工程21655', 'path': 'E:\\APP\\CMS201', 'type': 1, 'parentId': 0}
[2022-09-20 10:11:24,295] logger_util.py->write_log line:61 [INFO] 文件上传：None
[2022-09-20 10:11:25,554] logger_util.py->write_log line:61 [INFO] 预期结果：[{'equals': {'status_code': 200}}]
[2022-09-20 10:11:25,554] logger_util.py->write_log line:61 [INFO] 实际结果：833
[2022-09-20 10:11:25,554] logger_util.py->write_log line:61 [INFO] 接口请求成功！
[2022-09-20 10:11:25,554] logger_util.py->write_log line:61 [INFO] -------------接口请求结束-----------

[2022-09-20 10:11:25,554] logger_util.py->write_log line:61 [INFO] -------------接口请求开始-----------
[2022-09-20 10:11:25,554] logger_util.py->write_log line:61 [INFO] 接口名称：新建工程3
[2022-09-20 10:11:25,554] logger_util.py->write_log line:61 [INFO] 接口方式：post
[2022-09-20 10:11:25,554] logger_util.py->write_log line:61 [INFO] 接口路径：http://127.0.0.1:18000/api/v1/project/node
[2022-09-20 10:11:25,554] logger_util.py->write_log line:61 [INFO] 请求头：{'Content-Type': 'application/json;charset=UTF-8'}
[2022-09-20 10:11:25,570] logger_util.py->write_log line:61 [INFO] 请求参数：{'name': '工程31930', 'path': 'E:\\APP\\CMS201', 'type': 1, 'parentId': 0}
[2022-09-20 10:11:25,570] logger_util.py->write_log line:61 [INFO] 文件上传：None
[2022-09-20 10:11:27,291] logger_util.py->write_log line:61 [INFO] 预期结果：[{'equals': {'status_code': 200}}]
[2022-09-20 10:11:27,291] logger_util.py->write_log line:61 [INFO] 实际结果：834
[2022-09-20 10:11:27,291] logger_util.py->write_log line:61 [INFO] 接口请求成功！
[2022-09-20 10:11:27,291] logger_util.py->write_log line:61 [INFO] -------------接口请求结束-----------

[2022-09-20 10:11:27,307] logger_util.py->write_log line:61 [INFO] -------------接口请求开始-----------
[2022-09-20 10:11:27,307] logger_util.py->write_log line:61 [INFO] 接口名称：新建工程4
[2022-09-20 10:11:27,307] logger_util.py->write_log line:61 [INFO] 接口方式：post
[2022-09-20 10:11:27,307] logger_util.py->write_log line:61 [INFO] 接口路径：http://127.0.0.1:18000/api/v1/project/node
[2022-09-20 10:11:27,307] logger_util.py->write_log line:61 [INFO] 请求头：{'Content-Type': 'application/json;charset=UTF-8'}
[2022-09-20 10:11:27,307] logger_util.py->write_log line:61 [INFO] 请求参数：{'name': '工程45322', 'path': 'E:\\APP\\CMS201', 'type': 1, 'parentId': 0}
[2022-09-20 10:11:27,307] logger_util.py->write_log line:61 [INFO] 文件上传：None
[2022-09-20 10:11:28,677] logger_util.py->write_log line:61 [INFO] 预期结果：[{'equals': {'status_code': 200}}]
[2022-09-20 10:11:28,677] logger_util.py->write_log line:61 [INFO] 实际结果：835
[2022-09-20 10:11:28,677] logger_util.py->write_log line:61 [INFO] 接口请求成功！
[2022-09-20 10:11:28,677] logger_util.py->write_log line:61 [INFO] -------------接口请求结束-----------

[2022-09-20 10:11:28,682] logger_util.py->write_log line:61 [INFO] -------------接口请求开始-----------
[2022-09-20 10:11:28,682] logger_util.py->write_log line:61 [INFO] 接口名称：新建工程5
[2022-09-20 10:11:28,682] logger_util.py->write_log line:61 [INFO] 接口方式：post
[2022-09-20 10:11:28,682] logger_util.py->write_log line:61 [INFO] 接口路径：http://127.0.0.1:18000/api/v1/project/node
[2022-09-20 10:11:28,682] logger_util.py->write_log line:61 [INFO] 请求头：{'Content-Type': 'application/json;charset=UTF-8'}
[2022-09-20 10:11:28,682] logger_util.py->write_log line:61 [INFO] 请求参数：{'name': '工程56188', 'path': 'E:\\APP\\CMS201', 'type': 1, 'parentId': 0}
[2022-09-20 10:11:28,682] logger_util.py->write_log line:61 [INFO] 文件上传：None
[2022-09-20 10:11:29,940] logger_util.py->write_log line:61 [INFO] 预期结果：[{'equals': {'status_code': 200}}]
[2022-09-20 10:11:29,941] logger_util.py->write_log line:61 [INFO] 实际结果：836
[2022-09-20 10:11:29,941] logger_util.py->write_log line:61 [INFO] 接口请求成功！
[2022-09-20 10:11:29,941] logger_util.py->write_log line:61 [INFO] -------------接口请求结束-----------

[2022-09-20 10:11:29,947] logger_util.py->write_log line:61 [INFO] -------------接口请求开始-----------
[2022-09-20 10:11:29,947] logger_util.py->write_log line:61 [INFO] 接口名称：新建工程6
[2022-09-20 10:11:29,947] logger_util.py->write_log line:61 [INFO] 接口方式：post
[2022-09-20 10:11:29,948] logger_util.py->write_log line:61 [INFO] 接口路径：http://127.0.0.1:18000/api/v1/project/node
[2022-09-20 10:11:29,948] logger_util.py->write_log line:61 [INFO] 请求头：{'Content-Type': 'application/json;charset=UTF-8'}
[2022-09-20 10:11:29,948] logger_util.py->write_log line:61 [INFO] 请求参数：{'name': '工程67269', 'path': 'E:\\APP\\CMS201', 'type': 1, 'parentId': 0}
[2022-09-20 10:11:29,948] logger_util.py->write_log line:61 [INFO] 文件上传：None
[2022-09-20 10:11:31,156] logger_util.py->write_log line:61 [INFO] 预期结果：[{'equals': {'status_code': 200}}]
[2022-09-20 10:11:31,156] logger_util.py->write_log line:61 [INFO] 实际结果：837
[2022-09-20 10:11:31,157] logger_util.py->write_log line:61 [INFO] 接口请求成功！
[2022-09-20 10:11:31,157] logger_util.py->write_log line:61 [INFO] -------------接口请求结束-----------

[2022-09-20 10:11:31,161] logger_util.py->write_log line:61 [INFO] -------------接口请求开始-----------
[2022-09-20 10:11:31,162] logger_util.py->write_log line:61 [INFO] 接口名称：新建工程7
[2022-09-20 10:11:31,162] logger_util.py->write_log line:61 [INFO] 接口方式：post
[2022-09-20 10:11:31,162] logger_util.py->write_log line:61 [INFO] 接口路径：http://127.0.0.1:18000/api/v1/project/node
[2022-09-20 10:11:31,162] logger_util.py->write_log line:61 [INFO] 请求头：{'Content-Type': 'application/json;charset=UTF-8'}
[2022-09-20 10:11:31,162] logger_util.py->write_log line:61 [INFO] 请求参数：{'name': '工程78054', 'path': 'E:\\APP\\CMS201', 'type': 1, 'parentId': 0}
[2022-09-20 10:11:31,162] logger_util.py->write_log line:61 [INFO] 文件上传：None
[2022-09-20 10:11:32,739] logger_util.py->write_log line:61 [INFO] 预期结果：[{'equals': {'status_code': 200}}]
[2022-09-20 10:11:32,739] logger_util.py->write_log line:61 [INFO] 实际结果：838
[2022-09-20 10:11:32,739] logger_util.py->write_log line:61 [INFO] 接口请求成功！
[2022-09-20 10:11:32,739] logger_util.py->write_log line:61 [INFO] -------------接口请求结束-----------

[2022-09-20 10:11:32,744] logger_util.py->write_log line:61 [INFO] -------------接口请求开始-----------
[2022-09-20 10:11:32,744] logger_util.py->write_log line:61 [INFO] 接口名称：新建工程8
[2022-09-20 10:11:32,744] logger_util.py->write_log line:61 [INFO] 接口方式：post
[2022-09-20 10:11:32,744] logger_util.py->write_log line:61 [INFO] 接口路径：http://127.0.0.1:18000/api/v1/project/node
[2022-09-20 10:11:32,744] logger_util.py->write_log line:61 [INFO] 请求头：{'Content-Type': 'application/json;charset=UTF-8'}
[2022-09-20 10:11:32,744] logger_util.py->write_log line:61 [INFO] 请求参数：{'name': '工程82130', 'path': 'E:\\APP\\CMS201', 'type': 1, 'parentId': 0}
[2022-09-20 10:11:32,744] logger_util.py->write_log line:61 [INFO] 文件上传：None
[2022-09-20 10:11:34,018] logger_util.py->write_log line:61 [INFO] 预期结果：[{'equals': {'status_code': 200}}]
[2022-09-20 10:11:34,018] logger_util.py->write_log line:61 [INFO] 实际结果：839
[2022-09-20 10:11:34,019] logger_util.py->write_log line:61 [INFO] 接口请求成功！
[2022-09-20 10:11:34,019] logger_util.py->write_log line:61 [INFO] -------------接口请求结束-----------

[2022-09-20 10:11:34,024] logger_util.py->write_log line:61 [INFO] -------------接口请求开始-----------
[2022-09-20 10:11:34,024] logger_util.py->write_log line:61 [INFO] 接口名称：新建工程9
[2022-09-20 10:11:34,024] logger_util.py->write_log line:61 [INFO] 接口方式：post
[2022-09-20 10:11:34,024] logger_util.py->write_log line:61 [INFO] 接口路径：http://127.0.0.1:18000/api/v1/project/node
[2022-09-20 10:11:34,025] logger_util.py->write_log line:61 [INFO] 请求头：{'Content-Type': 'application/json;charset=UTF-8'}
[2022-09-20 10:11:34,025] logger_util.py->write_log line:61 [INFO] 请求参数：{'name': '工程96555', 'path': 'E:\\APP\\CMS201', 'type': 1, 'parentId': 0}
[2022-09-20 10:11:34,025] logger_util.py->write_log line:61 [INFO] 文件上传：None
[2022-09-20 10:11:35,468] logger_util.py->write_log line:61 [INFO] 预期结果：[{'equals': {'status_code': 200}}]
[2022-09-20 10:11:35,468] logger_util.py->write_log line:61 [INFO] 实际结果：840
[2022-09-20 10:11:35,469] logger_util.py->write_log line:61 [INFO] 接口请求成功！
[2022-09-20 10:11:35,469] logger_util.py->write_log line:61 [INFO] -------------接口请求结束-----------

[2022-09-20 10:11:35,475] logger_util.py->write_log line:61 [INFO] -------------接口请求开始-----------
[2022-09-20 10:11:35,476] logger_util.py->write_log line:61 [INFO] 接口名称：新建工程10
[2022-09-20 10:11:35,476] logger_util.py->write_log line:61 [INFO] 接口方式：post
[2022-09-20 10:11:35,476] logger_util.py->write_log line:61 [INFO] 接口路径：http://127.0.0.1:18000/api/v1/project/node
[2022-09-20 10:11:35,476] logger_util.py->write_log line:61 [INFO] 请求头：{'Content-Type': 'application/json;charset=UTF-8'}
[2022-09-20 10:11:35,476] logger_util.py->write_log line:61 [INFO] 请求参数：{'name': '工程103055', 'path': 'E:\\APP\\CMS201', 'type': 1, 'parentId': 0}
[2022-09-20 10:11:35,476] logger_util.py->write_log line:61 [INFO] 文件上传：None
[2022-09-20 10:11:37,884] logger_util.py->write_log line:61 [INFO] 预期结果：[{'equals': {'status_code': 200}}]
[2022-09-20 10:11:37,885] logger_util.py->write_log line:61 [INFO] 实际结果：841
[2022-09-20 10:11:37,885] logger_util.py->write_log line:61 [INFO] 接口请求成功！
[2022-09-20 10:11:37,886] logger_util.py->write_log line:61 [INFO] -------------接口请求结束-----------

[2022-09-20 10:11:37,891] logger_util.py->write_log line:61 [INFO] -------------接口请求开始-----------
[2022-09-20 10:11:37,891] logger_util.py->write_log line:61 [INFO] 接口名称：新建工程11
[2022-09-20 10:11:37,891] logger_util.py->write_log line:61 [INFO] 接口方式：post
[2022-09-20 10:11:37,891] logger_util.py->write_log line:61 [INFO] 接口路径：http://127.0.0.1:18000/api/v1/project/node
[2022-09-20 10:11:37,892] logger_util.py->write_log line:61 [INFO] 请求头：{'Content-Type': 'application/json;charset=UTF-8'}
[2022-09-20 10:11:37,892] logger_util.py->write_log line:61 [INFO] 请求参数：{'name': '工程118426', 'path': 'E:\\APP\\CMS201', 'type': 1, 'parentId': 0}
[2022-09-20 10:11:37,892] logger_util.py->write_log line:61 [INFO] 文件上传：None
[2022-09-20 10:11:39,609] logger_util.py->write_log line:61 [INFO] 预期结果：[{'equals': {'status_code': 200}}]
[2022-09-20 10:11:39,610] logger_util.py->write_log line:61 [INFO] 实际结果：842
[2022-09-20 10:11:39,610] logger_util.py->write_log line:61 [INFO] 接口请求成功！
[2022-09-20 10:11:39,611] logger_util.py->write_log line:61 [INFO] -------------接口请求结束-----------

[2022-09-20 10:11:39,616] logger_util.py->write_log line:61 [INFO] -------------接口请求开始-----------
[2022-09-20 10:11:39,616] logger_util.py->write_log line:61 [INFO] 接口名称：新建工程12
[2022-09-20 10:11:39,617] logger_util.py->write_log line:61 [INFO] 接口方式：post
[2022-09-20 10:11:39,617] logger_util.py->write_log line:61 [INFO] 接口路径：http://127.0.0.1:18000/api/v1/project/node
[2022-09-20 10:11:39,617] logger_util.py->write_log line:61 [INFO] 请求头：{'Content-Type': 'application/json;charset=UTF-8'}
[2022-09-20 10:11:39,617] logger_util.py->write_log line:61 [INFO] 请求参数：{'name': '工程129230', 'path': 'E:\\APP\\CMS201', 'type': 1, 'parentId': 0}
[2022-09-20 10:11:39,617] logger_util.py->write_log line:61 [INFO] 文件上传：None
[2022-09-20 10:11:41,301] logger_util.py->write_log line:61 [INFO] 预期结果：[{'equals': {'status_code': 200}}]
[2022-09-20 10:11:41,302] logger_util.py->write_log line:61 [INFO] 实际结果：843
[2022-09-20 10:11:41,302] logger_util.py->write_log line:61 [INFO] 接口请求成功！
[2022-09-20 10:11:41,302] logger_util.py->write_log line:61 [INFO] -------------接口请求结束-----------

[2022-09-20 10:11:41,308] logger_util.py->write_log line:61 [INFO] -------------接口请求开始-----------
[2022-09-20 10:11:41,308] logger_util.py->write_log line:61 [INFO] 接口名称：新建工程13
[2022-09-20 10:11:41,308] logger_util.py->write_log line:61 [INFO] 接口方式：post
[2022-09-20 10:11:41,308] logger_util.py->write_log line:61 [INFO] 接口路径：http://127.0.0.1:18000/api/v1/project/node
[2022-09-20 10:11:41,308] logger_util.py->write_log line:61 [INFO] 请求头：{'Content-Type': 'application/json;charset=UTF-8'}
[2022-09-20 10:11:41,308] logger_util.py->write_log line:61 [INFO] 请求参数：{'name': '工程138983', 'path': 'E:\\APP\\CMS201', 'type': 1, 'parentId': 0}
[2022-09-20 10:11:41,308] logger_util.py->write_log line:61 [INFO] 文件上传：None
[2022-09-20 10:11:43,051] logger_util.py->write_log line:61 [INFO] 预期结果：[{'equals': {'status_code': 200}}]
[2022-09-20 10:11:43,051] logger_util.py->write_log line:61 [INFO] 实际结果：844
[2022-09-20 10:11:43,051] logger_util.py->write_log line:61 [INFO] 接口请求成功！
[2022-09-20 10:11:43,051] logger_util.py->write_log line:61 [INFO] -------------接口请求结束-----------

[2022-09-20 10:11:43,056] logger_util.py->write_log line:61 [INFO] -------------接口请求开始-----------
[2022-09-20 10:11:43,057] logger_util.py->write_log line:61 [INFO] 接口名称：新建工程14
[2022-09-20 10:11:43,057] logger_util.py->write_log line:61 [INFO] 接口方式：post
[2022-09-20 10:11:43,057] logger_util.py->write_log line:61 [INFO] 接口路径：http://127.0.0.1:18000/api/v1/project/node
[2022-09-20 10:11:43,057] logger_util.py->write_log line:61 [INFO] 请求头：{'Content-Type': 'application/json;charset=UTF-8'}
[2022-09-20 10:11:43,057] logger_util.py->write_log line:61 [INFO] 请求参数：{'name': '工程142422', 'path': 'E:\\APP\\CMS201', 'type': 1, 'parentId': 0}
[2022-09-20 10:11:43,057] logger_util.py->write_log line:61 [INFO] 文件上传：None
[2022-09-20 10:11:44,618] logger_util.py->write_log line:61 [INFO] 预期结果：[{'equals': {'status_code': 200}}]
[2022-09-20 10:11:44,618] logger_util.py->write_log line:61 [INFO] 实际结果：845
[2022-09-20 10:11:44,618] logger_util.py->write_log line:61 [INFO] 接口请求成功！
[2022-09-20 10:11:44,618] logger_util.py->write_log line:61 [INFO] -------------接口请求结束-----------

[2022-09-20 10:11:44,623] logger_util.py->write_log line:61 [INFO] -------------接口请求开始-----------
[2022-09-20 10:11:44,623] logger_util.py->write_log line:61 [INFO] 接口名称：新建工程15
[2022-09-20 10:11:44,623] logger_util.py->write_log line:61 [INFO] 接口方式：post
[2022-09-20 10:11:44,623] logger_util.py->write_log line:61 [INFO] 接口路径：http://127.0.0.1:18000/api/v1/project/node
[2022-09-20 10:11:44,623] logger_util.py->write_log line:61 [INFO] 请求头：{'Content-Type': 'application/json;charset=UTF-8'}
[2022-09-20 10:11:44,623] logger_util.py->write_log line:61 [INFO] 请求参数：{'name': '工程155342', 'path': 'E:\\APP\\CMS201', 'type': 1, 'parentId': 0}
[2022-09-20 10:11:44,623] logger_util.py->write_log line:61 [INFO] 文件上传：None
[2022-09-20 10:11:46,615] logger_util.py->write_log line:61 [INFO] 预期结果：[{'equals': {'status_code': 200}}]
[2022-09-20 10:11:46,615] logger_util.py->write_log line:61 [INFO] 实际结果：846
[2022-09-20 10:11:46,615] logger_util.py->write_log line:61 [INFO] 接口请求成功！
[2022-09-20 10:11:46,615] logger_util.py->write_log line:61 [INFO] -------------接口请求结束-----------

[2022-09-20 10:11:46,619] logger_util.py->write_log line:61 [INFO] -------------接口请求开始-----------
[2022-09-20 10:11:46,619] logger_util.py->write_log line:61 [INFO] 接口名称：新建工程16
[2022-09-20 10:11:46,620] logger_util.py->write_log line:61 [INFO] 接口方式：post
[2022-09-20 10:11:46,620] logger_util.py->write_log line:61 [INFO] 接口路径：http://127.0.0.1:18000/api/v1/project/node
[2022-09-20 10:11:46,620] logger_util.py->write_log line:61 [INFO] 请求头：{'Content-Type': 'application/json;charset=UTF-8'}
[2022-09-20 10:11:46,620] logger_util.py->write_log line:61 [INFO] 请求参数：{'name': '工程165352', 'path': 'E:\\APP\\CMS201', 'type': 1, 'parentId': 0}
[2022-09-20 10:11:46,620] logger_util.py->write_log line:61 [INFO] 文件上传：None
[2022-09-20 10:11:48,631] logger_util.py->write_log line:61 [INFO] 预期结果：[{'equals': {'status_code': 200}}]
[2022-09-20 10:11:48,632] logger_util.py->write_log line:61 [INFO] 实际结果：847
[2022-09-20 10:11:48,632] logger_util.py->write_log line:61 [INFO] 接口请求成功！
[2022-09-20 10:11:48,632] logger_util.py->write_log line:61 [INFO] -------------接口请求结束-----------

[2022-09-20 10:11:48,637] logger_util.py->write_log line:61 [INFO] -------------接口请求开始-----------
[2022-09-20 10:11:48,637] logger_util.py->write_log line:61 [INFO] 接口名称：新建工程17
[2022-09-20 10:11:48,637] logger_util.py->write_log line:61 [INFO] 接口方式：post
[2022-09-20 10:11:48,637] logger_util.py->write_log line:61 [INFO] 接口路径：http://127.0.0.1:18000/api/v1/project/node
[2022-09-20 10:11:48,637] logger_util.py->write_log line:61 [INFO] 请求头：{'Content-Type': 'application/json;charset=UTF-8'}
[2022-09-20 10:11:48,637] logger_util.py->write_log line:61 [INFO] 请求参数：{'name': '工程172881', 'path': 'E:\\APP\\CMS201', 'type': 1, 'parentId': 0}
[2022-09-20 10:11:48,637] logger_util.py->write_log line:61 [INFO] 文件上传：None
[2022-09-20 10:11:50,671] logger_util.py->write_log line:61 [INFO] 预期结果：[{'equals': {'status_code': 200}}]
[2022-09-20 10:11:50,671] logger_util.py->write_log line:61 [INFO] 实际结果：848
[2022-09-20 10:11:50,672] logger_util.py->write_log line:61 [INFO] 接口请求成功！
[2022-09-20 10:11:50,672] logger_util.py->write_log line:61 [INFO] -------------接口请求结束-----------

[2022-09-20 10:11:50,686] logger_util.py->write_log line:61 [INFO] -------------接口请求开始-----------
[2022-09-20 10:11:50,686] logger_util.py->write_log line:61 [INFO] 接口名称：新建工程18
[2022-09-20 10:11:50,687] logger_util.py->write_log line:61 [INFO] 接口方式：post
[2022-09-20 10:11:50,687] logger_util.py->write_log line:61 [INFO] 接口路径：http://127.0.0.1:18000/api/v1/project/node
[2022-09-20 10:11:50,687] logger_util.py->write_log line:61 [INFO] 请求头：{'Content-Type': 'application/json;charset=UTF-8'}
[2022-09-20 10:11:50,687] logger_util.py->write_log line:61 [INFO] 请求参数：{'name': '工程182700', 'path': 'E:\\APP\\CMS201', 'type': 1, 'parentId': 0}
[2022-09-20 10:11:50,687] logger_util.py->write_log line:61 [INFO] 文件上传：None
[2022-09-20 10:11:52,304] logger_util.py->write_log line:61 [INFO] 预期结果：[{'equals': {'status_code': 200}}]
[2022-09-20 10:11:52,305] logger_util.py->write_log line:61 [INFO] 实际结果：849
[2022-09-20 10:11:52,306] logger_util.py->write_log line:61 [INFO] 接口请求成功！
[2022-09-20 10:11:52,306] logger_util.py->write_log line:61 [INFO] -------------接口请求结束-----------

[2022-09-20 10:11:52,312] logger_util.py->write_log line:61 [INFO] -------------接口请求开始-----------
[2022-09-20 10:11:52,312] logger_util.py->write_log line:61 [INFO] 接口名称：新建工程19
[2022-09-20 10:11:52,312] logger_util.py->write_log line:61 [INFO] 接口方式：post
[2022-09-20 10:11:52,312] logger_util.py->write_log line:61 [INFO] 接口路径：http://127.0.0.1:18000/api/v1/project/node
[2022-09-20 10:11:52,312] logger_util.py->write_log line:61 [INFO] 请求头：{'Content-Type': 'application/json;charset=UTF-8'}
[2022-09-20 10:11:52,313] logger_util.py->write_log line:61 [INFO] 请求参数：{'name': '工程195642', 'path': 'E:\\APP\\CMS201', 'type': 1, 'parentId': 0}
[2022-09-20 10:11:52,313] logger_util.py->write_log line:61 [INFO] 文件上传：None
[2022-09-20 10:11:53,587] logger_util.py->write_log line:61 [INFO] 预期结果：[{'equals': {'status_code': 200}}]
[2022-09-20 10:11:53,588] logger_util.py->write_log line:61 [INFO] 实际结果：850
[2022-09-20 10:11:53,588] logger_util.py->write_log line:61 [INFO] 接口请求成功！
[2022-09-20 10:11:53,589] logger_util.py->write_log line:61 [INFO] -------------接口请求结束-----------

[2022-09-20 10:11:53,596] logger_util.py->write_log line:61 [INFO] -------------接口请求开始-----------
[2022-09-20 10:11:53,596] logger_util.py->write_log line:61 [INFO] 接口名称：新建工程20
[2022-09-20 10:11:53,596] logger_util.py->write_log line:61 [INFO] 接口方式：post
[2022-09-20 10:11:53,596] logger_util.py->write_log line:61 [INFO] 接口路径：http://127.0.0.1:18000/api/v1/project/node
[2022-09-20 10:11:53,596] logger_util.py->write_log line:61 [INFO] 请求头：{'Content-Type': 'application/json;charset=UTF-8'}
[2022-09-20 10:11:53,596] logger_util.py->write_log line:61 [INFO] 请求参数：{'name': '工程202893', 'path': 'E:\\APP\\CMS201', 'type': 1, 'parentId': 0}
[2022-09-20 10:11:53,596] logger_util.py->write_log line:61 [INFO] 文件上传：None
[2022-09-20 10:11:54,852] logger_util.py->write_log line:61 [INFO] 预期结果：[{'equals': {'status_code': 200}}]
[2022-09-20 10:11:54,852] logger_util.py->write_log line:61 [INFO] 实际结果：851
[2022-09-20 10:11:54,852] logger_util.py->write_log line:61 [INFO] 接口请求成功！
[2022-09-20 10:11:54,852] logger_util.py->write_log line:61 [INFO] -------------接口请求结束-----------

