[2023-08-24 14:54:16,068] logger_util.py->write_log line:61 [INFO] 
-------------接口请求开始-----------
[2023-08-24 14:54:16,068] logger_util.py->write_log line:61 [INFO] 接口名称：下发io变量-B1-int8缩放比：10
[2023-08-24 14:54:16,068] logger_util.py->write_log line:61 [INFO] 接口方式：post
[2023-08-24 14:54:16,068] logger_util.py->write_log line:61 [INFO] 接口路径：http://127.0.0.1:18000/api/v1/variable/setvalues
[2023-08-24 14:54:16,068] logger_util.py->write_log line:61 [INFO] 请求头：{'X-Project': 'a68f8739e9094911b0f74421369649cb', 'Authorization': 'Bearer eyJhbGciOiJIUzI1NiIsInR5cCI6IkpXVCJ9.eyJodHRwOi8vc2NoZW1hcy54bWxzb2FwLm9yZy93cy8yMDA1LzA1L2lkZW50aXR5L2NsYWltcy9uYW1lIjoiU3VwZXJBZG1pbiIsImh0dHA6Ly9zY2hlbWFzLnhtbHNvYXAub3JnL3dzLzIwMDUvMDUvaWRlbnRpdHkvY2xhaW1zL25hbWVpZGVudGlmaWVyIjoiU3VwZXJBZG1pbiIsImV4cCI6MTY5MzQ1MTIxNSwiaXNzIjoiQ01TdjIiLCJhdWQiOiJBcGkifQ.gj3Q5rVSuyTzguP8vMuwVhc3w3UHSBpckDQcczgjy6s'}
[2023-08-24 14:54:16,069] logger_util.py->write_log line:61 [INFO] 请求参数：{'B1': '127'}
[2023-08-24 14:54:16,069] logger_util.py->write_log line:61 [INFO] 文件上传：None
[2023-08-24 14:54:16,093] logger_util.py->write_log line:61 [INFO] 预期结果：[{'equals': {'status_code': 200}}, {'equals': {'allSuccess': True}}]
[2023-08-24 14:54:16,093] logger_util.py->write_log line:61 [INFO] 实际结果：{'allSuccess': True, 'items': {'B1': {'value': 127, 'quality': 0, 'errorMsg': None}}}
[2023-08-24 14:54:16,093] logger_util.py->write_log line:61 [INFO] 接口请求成功！
[2023-08-24 14:54:16,093] logger_util.py->write_log line:61 [INFO] 
-------------接口请求结束-----------

[2023-08-24 14:54:16,320] logger_util.py->write_log line:61 [INFO] 
-------------接口请求开始-----------
[2023-08-24 14:54:16,320] logger_util.py->write_log line:61 [INFO] 接口名称：下发io变量-B1-int8缩放比：10
[2023-08-24 14:54:16,321] logger_util.py->write_log line:61 [INFO] 接口方式：post
[2023-08-24 14:54:16,321] logger_util.py->write_log line:61 [INFO] 接口路径：http://127.0.0.1:18000/api/v1/variable/setvalues
[2023-08-24 14:54:16,321] logger_util.py->write_log line:61 [INFO] 请求头：{'X-Project': 'a68f8739e9094911b0f74421369649cb', 'Authorization': 'Bearer eyJhbGciOiJIUzI1NiIsInR5cCI6IkpXVCJ9.eyJodHRwOi8vc2NoZW1hcy54bWxzb2FwLm9yZy93cy8yMDA1LzA1L2lkZW50aXR5L2NsYWltcy9uYW1lIjoiU3VwZXJBZG1pbiIsImh0dHA6Ly9zY2hlbWFzLnhtbHNvYXAub3JnL3dzLzIwMDUvMDUvaWRlbnRpdHkvY2xhaW1zL25hbWVpZGVudGlmaWVyIjoiU3VwZXJBZG1pbiIsImV4cCI6MTY5MzQ1MTIxNSwiaXNzIjoiQ01TdjIiLCJhdWQiOiJBcGkifQ.gj3Q5rVSuyTzguP8vMuwVhc3w3UHSBpckDQcczgjy6s'}
[2023-08-24 14:54:16,321] logger_util.py->write_log line:61 [INFO] 请求参数：{'B1': '-128'}
[2023-08-24 14:54:16,321] logger_util.py->write_log line:61 [INFO] 文件上传：None
[2023-08-24 14:54:16,334] logger_util.py->write_log line:61 [INFO] 预期结果：[{'equals': {'status_code': 200}}, {'equals': {'allSuccess': True}}]
[2023-08-24 14:54:16,334] logger_util.py->write_log line:61 [INFO] 实际结果：{'allSuccess': True, 'items': {'B1': {'value': -128, 'quality': 0, 'errorMsg': None}}}
[2023-08-24 14:54:16,334] logger_util.py->write_log line:61 [INFO] 接口请求成功！
[2023-08-24 14:54:16,334] logger_util.py->write_log line:61 [INFO] 
-------------接口请求结束-----------

[2023-08-24 14:54:16,546] logger_util.py->write_log line:61 [INFO] 
-------------接口请求开始-----------
[2023-08-24 14:54:16,546] logger_util.py->write_log line:61 [INFO] 接口名称：下发io变量-B2-int8缩放比：0.1
[2023-08-24 14:54:16,547] logger_util.py->write_log line:61 [INFO] 接口方式：post
[2023-08-24 14:54:16,547] logger_util.py->write_log line:61 [INFO] 接口路径：http://127.0.0.1:18000/api/v1/variable/setvalues
[2023-08-24 14:54:16,547] logger_util.py->write_log line:61 [INFO] 请求头：{'X-Project': 'a68f8739e9094911b0f74421369649cb', 'Authorization': 'Bearer eyJhbGciOiJIUzI1NiIsInR5cCI6IkpXVCJ9.eyJodHRwOi8vc2NoZW1hcy54bWxzb2FwLm9yZy93cy8yMDA1LzA1L2lkZW50aXR5L2NsYWltcy9uYW1lIjoiU3VwZXJBZG1pbiIsImh0dHA6Ly9zY2hlbWFzLnhtbHNvYXAub3JnL3dzLzIwMDUvMDUvaWRlbnRpdHkvY2xhaW1zL25hbWVpZGVudGlmaWVyIjoiU3VwZXJBZG1pbiIsImV4cCI6MTY5MzQ1MTIxNSwiaXNzIjoiQ01TdjIiLCJhdWQiOiJBcGkifQ.gj3Q5rVSuyTzguP8vMuwVhc3w3UHSBpckDQcczgjy6s'}
[2023-08-24 14:54:16,547] logger_util.py->write_log line:61 [INFO] 请求参数：{'B2': '12.7'}
[2023-08-24 14:54:16,547] logger_util.py->write_log line:61 [INFO] 文件上传：None
[2023-08-24 14:54:16,560] logger_util.py->write_log line:61 [INFO] 预期结果：[{'equals': {'status_code': 200}}, {'equals': {'allSuccess': True}}]
[2023-08-24 14:54:16,560] logger_util.py->write_log line:61 [INFO] 实际结果：{'allSuccess': True, 'items': {'B2': {'value': 12.7, 'quality': 0, 'errorMsg': None}}}
[2023-08-24 14:54:16,560] logger_util.py->write_log line:61 [INFO] 接口请求成功！
[2023-08-24 14:54:16,560] logger_util.py->write_log line:61 [INFO] 
-------------接口请求结束-----------

[2023-08-24 14:54:16,784] logger_util.py->write_log line:61 [INFO] 
-------------接口请求开始-----------
[2023-08-24 14:54:16,784] logger_util.py->write_log line:61 [INFO] 接口名称：下发io变量-B2-int8缩放比：0.1
[2023-08-24 14:54:16,784] logger_util.py->write_log line:61 [INFO] 接口方式：post
[2023-08-24 14:54:16,784] logger_util.py->write_log line:61 [INFO] 接口路径：http://127.0.0.1:18000/api/v1/variable/setvalues
[2023-08-24 14:54:16,784] logger_util.py->write_log line:61 [INFO] 请求头：{'X-Project': 'a68f8739e9094911b0f74421369649cb', 'Authorization': 'Bearer eyJhbGciOiJIUzI1NiIsInR5cCI6IkpXVCJ9.eyJodHRwOi8vc2NoZW1hcy54bWxzb2FwLm9yZy93cy8yMDA1LzA1L2lkZW50aXR5L2NsYWltcy9uYW1lIjoiU3VwZXJBZG1pbiIsImh0dHA6Ly9zY2hlbWFzLnhtbHNvYXAub3JnL3dzLzIwMDUvMDUvaWRlbnRpdHkvY2xhaW1zL25hbWVpZGVudGlmaWVyIjoiU3VwZXJBZG1pbiIsImV4cCI6MTY5MzQ1MTIxNSwiaXNzIjoiQ01TdjIiLCJhdWQiOiJBcGkifQ.gj3Q5rVSuyTzguP8vMuwVhc3w3UHSBpckDQcczgjy6s'}
[2023-08-24 14:54:16,784] logger_util.py->write_log line:61 [INFO] 请求参数：{'B2': '-12.8'}
[2023-08-24 14:54:16,784] logger_util.py->write_log line:61 [INFO] 文件上传：None
[2023-08-24 14:54:16,796] logger_util.py->write_log line:61 [INFO] 预期结果：[{'equals': {'status_code': 200}}, {'equals': {'allSuccess': True}}]
[2023-08-24 14:54:16,796] logger_util.py->write_log line:61 [INFO] 实际结果：{'allSuccess': True, 'items': {'B2': {'value': -12.8, 'quality': 0, 'errorMsg': None}}}
[2023-08-24 14:54:16,796] logger_util.py->write_log line:61 [INFO] 接口请求成功！
[2023-08-24 14:54:16,796] logger_util.py->write_log line:61 [INFO] 
-------------接口请求结束-----------

[2023-08-24 14:54:17,020] logger_util.py->write_log line:61 [INFO] 
-------------接口请求开始-----------
[2023-08-24 14:54:17,020] logger_util.py->write_log line:61 [INFO] 接口名称：下发io变量-B3-int16缩放比：0.01，小数位：1，舍位
[2023-08-24 14:54:17,020] logger_util.py->write_log line:61 [INFO] 接口方式：post
[2023-08-24 14:54:17,020] logger_util.py->write_log line:61 [INFO] 接口路径：http://127.0.0.1:18000/api/v1/variable/setvalues
[2023-08-24 14:54:17,020] logger_util.py->write_log line:61 [INFO] 请求头：{'X-Project': 'a68f8739e9094911b0f74421369649cb', 'Authorization': 'Bearer eyJhbGciOiJIUzI1NiIsInR5cCI6IkpXVCJ9.eyJodHRwOi8vc2NoZW1hcy54bWxzb2FwLm9yZy93cy8yMDA1LzA1L2lkZW50aXR5L2NsYWltcy9uYW1lIjoiU3VwZXJBZG1pbiIsImh0dHA6Ly9zY2hlbWFzLnhtbHNvYXAub3JnL3dzLzIwMDUvMDUvaWRlbnRpdHkvY2xhaW1zL25hbWVpZGVudGlmaWVyIjoiU3VwZXJBZG1pbiIsImV4cCI6MTY5MzQ1MTIxNSwiaXNzIjoiQ01TdjIiLCJhdWQiOiJBcGkifQ.gj3Q5rVSuyTzguP8vMuwVhc3w3UHSBpckDQcczgjy6s'}
[2023-08-24 14:54:17,020] logger_util.py->write_log line:61 [INFO] 请求参数：{'B3': '327.67'}
[2023-08-24 14:54:17,020] logger_util.py->write_log line:61 [INFO] 文件上传：None
[2023-08-24 14:54:17,032] logger_util.py->write_log line:61 [INFO] 预期结果：[{'equals': {'status_code': 200}}, {'equals': {'allSuccess': True}}]
[2023-08-24 14:54:17,032] logger_util.py->write_log line:61 [INFO] 实际结果：{'allSuccess': True, 'items': {'B3': {'value': 327.6, 'quality': 0, 'errorMsg': None}}}
[2023-08-24 14:54:17,032] logger_util.py->write_log line:61 [INFO] 接口请求成功！
[2023-08-24 14:54:17,032] logger_util.py->write_log line:61 [INFO] 
-------------接口请求结束-----------

[2023-08-24 14:54:17,254] logger_util.py->write_log line:61 [INFO] 
-------------接口请求开始-----------
[2023-08-24 14:54:17,254] logger_util.py->write_log line:61 [INFO] 接口名称：下发io变量-B3-int16缩放比：0.01，小数位：1，舍位
[2023-08-24 14:54:17,254] logger_util.py->write_log line:61 [INFO] 接口方式：post
[2023-08-24 14:54:17,254] logger_util.py->write_log line:61 [INFO] 接口路径：http://127.0.0.1:18000/api/v1/variable/setvalues
[2023-08-24 14:54:17,254] logger_util.py->write_log line:61 [INFO] 请求头：{'X-Project': 'a68f8739e9094911b0f74421369649cb', 'Authorization': 'Bearer eyJhbGciOiJIUzI1NiIsInR5cCI6IkpXVCJ9.eyJodHRwOi8vc2NoZW1hcy54bWxzb2FwLm9yZy93cy8yMDA1LzA1L2lkZW50aXR5L2NsYWltcy9uYW1lIjoiU3VwZXJBZG1pbiIsImh0dHA6Ly9zY2hlbWFzLnhtbHNvYXAub3JnL3dzLzIwMDUvMDUvaWRlbnRpdHkvY2xhaW1zL25hbWVpZGVudGlmaWVyIjoiU3VwZXJBZG1pbiIsImV4cCI6MTY5MzQ1MTIxNSwiaXNzIjoiQ01TdjIiLCJhdWQiOiJBcGkifQ.gj3Q5rVSuyTzguP8vMuwVhc3w3UHSBpckDQcczgjy6s'}
[2023-08-24 14:54:17,254] logger_util.py->write_log line:61 [INFO] 请求参数：{'B3': '-327.68'}
[2023-08-24 14:54:17,254] logger_util.py->write_log line:61 [INFO] 文件上传：None
[2023-08-24 14:54:17,263] logger_util.py->write_log line:61 [INFO] 预期结果：[{'equals': {'status_code': 200}}, {'equals': {'allSuccess': True}}]
[2023-08-24 14:54:17,263] logger_util.py->write_log line:61 [INFO] 实际结果：{'allSuccess': True, 'items': {'B3': {'value': -327.6, 'quality': 0, 'errorMsg': None}}}
[2023-08-24 14:54:17,263] logger_util.py->write_log line:61 [INFO] 接口请求成功！
[2023-08-24 14:54:17,263] logger_util.py->write_log line:61 [INFO] 
-------------接口请求结束-----------

[2023-08-24 14:54:17,475] logger_util.py->write_log line:61 [INFO] 
-------------接口请求开始-----------
[2023-08-24 14:54:17,475] logger_util.py->write_log line:61 [INFO] 接口名称：下发io变量-B4-int16缩放比：0.01，小数位：1，四舍
[2023-08-24 14:54:17,475] logger_util.py->write_log line:61 [INFO] 接口方式：post
[2023-08-24 14:54:17,475] logger_util.py->write_log line:61 [INFO] 接口路径：http://127.0.0.1:18000/api/v1/variable/setvalues
[2023-08-24 14:54:17,475] logger_util.py->write_log line:61 [INFO] 请求头：{'X-Project': 'a68f8739e9094911b0f74421369649cb', 'Authorization': 'Bearer eyJhbGciOiJIUzI1NiIsInR5cCI6IkpXVCJ9.eyJodHRwOi8vc2NoZW1hcy54bWxzb2FwLm9yZy93cy8yMDA1LzA1L2lkZW50aXR5L2NsYWltcy9uYW1lIjoiU3VwZXJBZG1pbiIsImh0dHA6Ly9zY2hlbWFzLnhtbHNvYXAub3JnL3dzLzIwMDUvMDUvaWRlbnRpdHkvY2xhaW1zL25hbWVpZGVudGlmaWVyIjoiU3VwZXJBZG1pbiIsImV4cCI6MTY5MzQ1MTIxNSwiaXNzIjoiQ01TdjIiLCJhdWQiOiJBcGkifQ.gj3Q5rVSuyTzguP8vMuwVhc3w3UHSBpckDQcczgjy6s'}
[2023-08-24 14:54:17,475] logger_util.py->write_log line:61 [INFO] 请求参数：{'B4': '327.57'}
[2023-08-24 14:54:17,475] logger_util.py->write_log line:61 [INFO] 文件上传：None
[2023-08-24 14:54:17,490] logger_util.py->write_log line:61 [INFO] 预期结果：[{'equals': {'status_code': 200}}, {'equals': {'allSuccess': True}}]
[2023-08-24 14:54:17,490] logger_util.py->write_log line:61 [INFO] 实际结果：{'allSuccess': True, 'items': {'B4': {'value': 327.6, 'quality': 0, 'errorMsg': None}}}
[2023-08-24 14:54:17,490] logger_util.py->write_log line:61 [INFO] 接口请求成功！
[2023-08-24 14:54:17,490] logger_util.py->write_log line:61 [INFO] 
-------------接口请求结束-----------

[2023-08-24 14:54:17,757] logger_util.py->write_log line:61 [INFO] 
-------------接口请求开始-----------
[2023-08-24 14:54:17,757] logger_util.py->write_log line:61 [INFO] 接口名称：下发io变量-B4-int16缩放比：0.01，小数位：1，四舍
[2023-08-24 14:54:17,757] logger_util.py->write_log line:61 [INFO] 接口方式：post
[2023-08-24 14:54:17,757] logger_util.py->write_log line:61 [INFO] 接口路径：http://127.0.0.1:18000/api/v1/variable/setvalues
[2023-08-24 14:54:17,757] logger_util.py->write_log line:61 [INFO] 请求头：{'X-Project': 'a68f8739e9094911b0f74421369649cb', 'Authorization': 'Bearer eyJhbGciOiJIUzI1NiIsInR5cCI6IkpXVCJ9.eyJodHRwOi8vc2NoZW1hcy54bWxzb2FwLm9yZy93cy8yMDA1LzA1L2lkZW50aXR5L2NsYWltcy9uYW1lIjoiU3VwZXJBZG1pbiIsImh0dHA6Ly9zY2hlbWFzLnhtbHNvYXAub3JnL3dzLzIwMDUvMDUvaWRlbnRpdHkvY2xhaW1zL25hbWVpZGVudGlmaWVyIjoiU3VwZXJBZG1pbiIsImV4cCI6MTY5MzQ1MTIxNSwiaXNzIjoiQ01TdjIiLCJhdWQiOiJBcGkifQ.gj3Q5rVSuyTzguP8vMuwVhc3w3UHSBpckDQcczgjy6s'}
[2023-08-24 14:54:17,757] logger_util.py->write_log line:61 [INFO] 请求参数：{'B4': '-327.58'}
[2023-08-24 14:54:17,757] logger_util.py->write_log line:61 [INFO] 文件上传：None
[2023-08-24 14:54:17,777] logger_util.py->write_log line:61 [INFO] 预期结果：[{'equals': {'status_code': 200}}, {'equals': {'allSuccess': True}}]
[2023-08-24 14:54:17,777] logger_util.py->write_log line:61 [INFO] 实际结果：{'allSuccess': True, 'items': {'B4': {'value': -327.6, 'quality': 0, 'errorMsg': None}}}
[2023-08-24 14:54:17,777] logger_util.py->write_log line:61 [INFO] 接口请求成功！
[2023-08-24 14:54:17,777] logger_util.py->write_log line:61 [INFO] 
-------------接口请求结束-----------

[2023-08-24 14:54:17,990] logger_util.py->write_log line:61 [INFO] 
-------------接口请求开始-----------
[2023-08-24 14:54:17,991] logger_util.py->write_log line:61 [INFO] 接口名称：下发io变量-B5-int16缩放比：0.01，小数位：1，进位
[2023-08-24 14:54:17,991] logger_util.py->write_log line:61 [INFO] 接口方式：post
[2023-08-24 14:54:17,991] logger_util.py->write_log line:61 [INFO] 接口路径：http://127.0.0.1:18000/api/v1/variable/setvalues
[2023-08-24 14:54:17,991] logger_util.py->write_log line:61 [INFO] 请求头：{'X-Project': 'a68f8739e9094911b0f74421369649cb', 'Authorization': 'Bearer eyJhbGciOiJIUzI1NiIsInR5cCI6IkpXVCJ9.eyJodHRwOi8vc2NoZW1hcy54bWxzb2FwLm9yZy93cy8yMDA1LzA1L2lkZW50aXR5L2NsYWltcy9uYW1lIjoiU3VwZXJBZG1pbiIsImh0dHA6Ly9zY2hlbWFzLnhtbHNvYXAub3JnL3dzLzIwMDUvMDUvaWRlbnRpdHkvY2xhaW1zL25hbWVpZGVudGlmaWVyIjoiU3VwZXJBZG1pbiIsImV4cCI6MTY5MzQ1MTIxNSwiaXNzIjoiQ01TdjIiLCJhdWQiOiJBcGkifQ.gj3Q5rVSuyTzguP8vMuwVhc3w3UHSBpckDQcczgjy6s'}
[2023-08-24 14:54:17,991] logger_util.py->write_log line:61 [INFO] 请求参数：{'B5': '327.51'}
[2023-08-24 14:54:17,991] logger_util.py->write_log line:61 [INFO] 文件上传：None
[2023-08-24 14:54:18,012] logger_util.py->write_log line:61 [INFO] 预期结果：[{'equals': {'status_code': 200}}, {'equals': {'allSuccess': True}}]
[2023-08-24 14:54:18,012] logger_util.py->write_log line:61 [INFO] 实际结果：{'allSuccess': True, 'items': {'B5': {'value': 327.6, 'quality': 0, 'errorMsg': None}}}
[2023-08-24 14:54:18,012] logger_util.py->write_log line:61 [INFO] 接口请求成功！
[2023-08-24 14:54:18,012] logger_util.py->write_log line:61 [INFO] 
-------------接口请求结束-----------

[2023-08-24 14:54:18,222] logger_util.py->write_log line:61 [INFO] 
-------------接口请求开始-----------
[2023-08-24 14:54:18,223] logger_util.py->write_log line:61 [INFO] 接口名称：下发io变量-B5-int16缩放比：0.01，小数位：1，进位
[2023-08-24 14:54:18,223] logger_util.py->write_log line:61 [INFO] 接口方式：post
[2023-08-24 14:54:18,223] logger_util.py->write_log line:61 [INFO] 接口路径：http://127.0.0.1:18000/api/v1/variable/setvalues
[2023-08-24 14:54:18,223] logger_util.py->write_log line:61 [INFO] 请求头：{'X-Project': 'a68f8739e9094911b0f74421369649cb', 'Authorization': 'Bearer eyJhbGciOiJIUzI1NiIsInR5cCI6IkpXVCJ9.eyJodHRwOi8vc2NoZW1hcy54bWxzb2FwLm9yZy93cy8yMDA1LzA1L2lkZW50aXR5L2NsYWltcy9uYW1lIjoiU3VwZXJBZG1pbiIsImh0dHA6Ly9zY2hlbWFzLnhtbHNvYXAub3JnL3dzLzIwMDUvMDUvaWRlbnRpdHkvY2xhaW1zL25hbWVpZGVudGlmaWVyIjoiU3VwZXJBZG1pbiIsImV4cCI6MTY5MzQ1MTIxNSwiaXNzIjoiQ01TdjIiLCJhdWQiOiJBcGkifQ.gj3Q5rVSuyTzguP8vMuwVhc3w3UHSBpckDQcczgjy6s'}
[2023-08-24 14:54:18,223] logger_util.py->write_log line:61 [INFO] 请求参数：{'B5': '-327.51'}
[2023-08-24 14:54:18,223] logger_util.py->write_log line:61 [INFO] 文件上传：None
[2023-08-24 14:54:18,239] logger_util.py->write_log line:61 [INFO] 预期结果：[{'equals': {'status_code': 200}}, {'equals': {'allSuccess': True}}]
[2023-08-24 14:54:18,239] logger_util.py->write_log line:61 [INFO] 实际结果：{'allSuccess': True, 'items': {'B5': {'value': -327.6, 'quality': 0, 'errorMsg': None}}}
[2023-08-24 14:54:18,239] logger_util.py->write_log line:61 [INFO] 接口请求成功！
[2023-08-24 14:54:18,239] logger_util.py->write_log line:61 [INFO] 
-------------接口请求结束-----------

[2023-08-24 14:54:18,457] logger_util.py->write_log line:61 [INFO] 
-------------接口请求开始-----------
[2023-08-24 14:54:18,457] logger_util.py->write_log line:61 [INFO] 接口名称：下发io变量-B6-float32小数位：2，舍位
[2023-08-24 14:54:18,457] logger_util.py->write_log line:61 [INFO] 接口方式：post
[2023-08-24 14:54:18,457] logger_util.py->write_log line:61 [INFO] 接口路径：http://127.0.0.1:18000/api/v1/variable/setvalues
[2023-08-24 14:54:18,457] logger_util.py->write_log line:61 [INFO] 请求头：{'X-Project': 'a68f8739e9094911b0f74421369649cb', 'Authorization': 'Bearer eyJhbGciOiJIUzI1NiIsInR5cCI6IkpXVCJ9.eyJodHRwOi8vc2NoZW1hcy54bWxzb2FwLm9yZy93cy8yMDA1LzA1L2lkZW50aXR5L2NsYWltcy9uYW1lIjoiU3VwZXJBZG1pbiIsImh0dHA6Ly9zY2hlbWFzLnhtbHNvYXAub3JnL3dzLzIwMDUvMDUvaWRlbnRpdHkvY2xhaW1zL25hbWVpZGVudGlmaWVyIjoiU3VwZXJBZG1pbiIsImV4cCI6MTY5MzQ1MTIxNSwiaXNzIjoiQ01TdjIiLCJhdWQiOiJBcGkifQ.gj3Q5rVSuyTzguP8vMuwVhc3w3UHSBpckDQcczgjy6s'}
[2023-08-24 14:54:18,457] logger_util.py->write_log line:61 [INFO] 请求参数：{'B6': '10.4567'}
[2023-08-24 14:54:18,457] logger_util.py->write_log line:61 [INFO] 文件上传：None
[2023-08-24 14:54:18,474] logger_util.py->write_log line:61 [INFO] 预期结果：[{'equals': {'status_code': 200}}, {'equals': {'allSuccess': True}}]
[2023-08-24 14:54:18,474] logger_util.py->write_log line:61 [INFO] 实际结果：{'allSuccess': True, 'items': {'B6': {'value': 10.45, 'quality': 0, 'errorMsg': None}}}
[2023-08-24 14:54:18,474] logger_util.py->write_log line:61 [INFO] 接口请求成功！
[2023-08-24 14:54:18,474] logger_util.py->write_log line:61 [INFO] 
-------------接口请求结束-----------

[2023-08-24 14:54:18,691] logger_util.py->write_log line:61 [INFO] 
-------------接口请求开始-----------
[2023-08-24 14:54:18,691] logger_util.py->write_log line:61 [INFO] 接口名称：下发io变量-B6-float32小数位：2，舍位
[2023-08-24 14:54:18,691] logger_util.py->write_log line:61 [INFO] 接口方式：post
[2023-08-24 14:54:18,691] logger_util.py->write_log line:61 [INFO] 接口路径：http://127.0.0.1:18000/api/v1/variable/setvalues
[2023-08-24 14:54:18,691] logger_util.py->write_log line:61 [INFO] 请求头：{'X-Project': 'a68f8739e9094911b0f74421369649cb', 'Authorization': 'Bearer eyJhbGciOiJIUzI1NiIsInR5cCI6IkpXVCJ9.eyJodHRwOi8vc2NoZW1hcy54bWxzb2FwLm9yZy93cy8yMDA1LzA1L2lkZW50aXR5L2NsYWltcy9uYW1lIjoiU3VwZXJBZG1pbiIsImh0dHA6Ly9zY2hlbWFzLnhtbHNvYXAub3JnL3dzLzIwMDUvMDUvaWRlbnRpdHkvY2xhaW1zL25hbWVpZGVudGlmaWVyIjoiU3VwZXJBZG1pbiIsImV4cCI6MTY5MzQ1MTIxNSwiaXNzIjoiQ01TdjIiLCJhdWQiOiJBcGkifQ.gj3Q5rVSuyTzguP8vMuwVhc3w3UHSBpckDQcczgjy6s'}
[2023-08-24 14:54:18,691] logger_util.py->write_log line:61 [INFO] 请求参数：{'B6': '-10.4567'}
[2023-08-24 14:54:18,691] logger_util.py->write_log line:61 [INFO] 文件上传：None
[2023-08-24 14:54:18,708] logger_util.py->write_log line:61 [INFO] 预期结果：[{'equals': {'status_code': 200}}, {'equals': {'allSuccess': True}}]
[2023-08-24 14:54:18,708] logger_util.py->write_log line:61 [INFO] 实际结果：{'allSuccess': True, 'items': {'B6': {'value': -10.45, 'quality': 0, 'errorMsg': None}}}
[2023-08-24 14:54:18,708] logger_util.py->write_log line:61 [INFO] 接口请求成功！
[2023-08-24 14:54:18,708] logger_util.py->write_log line:61 [INFO] 
-------------接口请求结束-----------

[2023-08-24 14:54:18,931] logger_util.py->write_log line:61 [INFO] 
-------------接口请求开始-----------
[2023-08-24 14:54:18,931] logger_util.py->write_log line:61 [INFO] 接口名称：下发io变量-B7-float32小数位：2，四舍
[2023-08-24 14:54:18,931] logger_util.py->write_log line:61 [INFO] 接口方式：post
[2023-08-24 14:54:18,931] logger_util.py->write_log line:61 [INFO] 接口路径：http://127.0.0.1:18000/api/v1/variable/setvalues
[2023-08-24 14:54:18,931] logger_util.py->write_log line:61 [INFO] 请求头：{'X-Project': 'a68f8739e9094911b0f74421369649cb', 'Authorization': 'Bearer eyJhbGciOiJIUzI1NiIsInR5cCI6IkpXVCJ9.eyJodHRwOi8vc2NoZW1hcy54bWxzb2FwLm9yZy93cy8yMDA1LzA1L2lkZW50aXR5L2NsYWltcy9uYW1lIjoiU3VwZXJBZG1pbiIsImh0dHA6Ly9zY2hlbWFzLnhtbHNvYXAub3JnL3dzLzIwMDUvMDUvaWRlbnRpdHkvY2xhaW1zL25hbWVpZGVudGlmaWVyIjoiU3VwZXJBZG1pbiIsImV4cCI6MTY5MzQ1MTIxNSwiaXNzIjoiQ01TdjIiLCJhdWQiOiJBcGkifQ.gj3Q5rVSuyTzguP8vMuwVhc3w3UHSBpckDQcczgjy6s'}
[2023-08-24 14:54:18,931] logger_util.py->write_log line:61 [INFO] 请求参数：{'B7': '10.4567'}
[2023-08-24 14:54:18,932] logger_util.py->write_log line:61 [INFO] 文件上传：None
[2023-08-24 14:54:18,955] logger_util.py->write_log line:61 [INFO] 预期结果：[{'equals': {'status_code': 200}}, {'equals': {'allSuccess': True}}]
[2023-08-24 14:54:18,955] logger_util.py->write_log line:61 [INFO] 实际结果：{'allSuccess': True, 'items': {'B7': {'value': 10.46, 'quality': 0, 'errorMsg': None}}}
[2023-08-24 14:54:18,955] logger_util.py->write_log line:61 [INFO] 接口请求成功！
[2023-08-24 14:54:18,955] logger_util.py->write_log line:61 [INFO] 
-------------接口请求结束-----------

[2023-08-24 14:54:19,179] logger_util.py->write_log line:61 [INFO] 
-------------接口请求开始-----------
[2023-08-24 14:54:19,179] logger_util.py->write_log line:61 [INFO] 接口名称：下发io变量-B7-float32小数位：2，四舍
[2023-08-24 14:54:19,179] logger_util.py->write_log line:61 [INFO] 接口方式：post
[2023-08-24 14:54:19,180] logger_util.py->write_log line:61 [INFO] 接口路径：http://127.0.0.1:18000/api/v1/variable/setvalues
[2023-08-24 14:54:19,180] logger_util.py->write_log line:61 [INFO] 请求头：{'X-Project': 'a68f8739e9094911b0f74421369649cb', 'Authorization': 'Bearer eyJhbGciOiJIUzI1NiIsInR5cCI6IkpXVCJ9.eyJodHRwOi8vc2NoZW1hcy54bWxzb2FwLm9yZy93cy8yMDA1LzA1L2lkZW50aXR5L2NsYWltcy9uYW1lIjoiU3VwZXJBZG1pbiIsImh0dHA6Ly9zY2hlbWFzLnhtbHNvYXAub3JnL3dzLzIwMDUvMDUvaWRlbnRpdHkvY2xhaW1zL25hbWVpZGVudGlmaWVyIjoiU3VwZXJBZG1pbiIsImV4cCI6MTY5MzQ1MTIxNSwiaXNzIjoiQ01TdjIiLCJhdWQiOiJBcGkifQ.gj3Q5rVSuyTzguP8vMuwVhc3w3UHSBpckDQcczgjy6s'}
[2023-08-24 14:54:19,180] logger_util.py->write_log line:61 [INFO] 请求参数：{'B7': '-10.4567'}
[2023-08-24 14:54:19,180] logger_util.py->write_log line:61 [INFO] 文件上传：None
[2023-08-24 14:54:19,200] logger_util.py->write_log line:61 [INFO] 预期结果：[{'equals': {'status_code': 200}}, {'equals': {'allSuccess': True}}]
[2023-08-24 14:54:19,200] logger_util.py->write_log line:61 [INFO] 实际结果：{'allSuccess': True, 'items': {'B7': {'value': -10.46, 'quality': 0, 'errorMsg': None}}}
[2023-08-24 14:54:19,200] logger_util.py->write_log line:61 [INFO] 接口请求成功！
[2023-08-24 14:54:19,200] logger_util.py->write_log line:61 [INFO] 
-------------接口请求结束-----------

[2023-08-24 14:54:19,416] logger_util.py->write_log line:61 [INFO] 
-------------接口请求开始-----------
[2023-08-24 14:54:19,416] logger_util.py->write_log line:61 [INFO] 接口名称：下发io变量-B8-float32小数位：2，进位
[2023-08-24 14:54:19,416] logger_util.py->write_log line:61 [INFO] 接口方式：post
[2023-08-24 14:54:19,416] logger_util.py->write_log line:61 [INFO] 接口路径：http://127.0.0.1:18000/api/v1/variable/setvalues
[2023-08-24 14:54:19,416] logger_util.py->write_log line:61 [INFO] 请求头：{'X-Project': 'a68f8739e9094911b0f74421369649cb', 'Authorization': 'Bearer eyJhbGciOiJIUzI1NiIsInR5cCI6IkpXVCJ9.eyJodHRwOi8vc2NoZW1hcy54bWxzb2FwLm9yZy93cy8yMDA1LzA1L2lkZW50aXR5L2NsYWltcy9uYW1lIjoiU3VwZXJBZG1pbiIsImh0dHA6Ly9zY2hlbWFzLnhtbHNvYXAub3JnL3dzLzIwMDUvMDUvaWRlbnRpdHkvY2xhaW1zL25hbWVpZGVudGlmaWVyIjoiU3VwZXJBZG1pbiIsImV4cCI6MTY5MzQ1MTIxNSwiaXNzIjoiQ01TdjIiLCJhdWQiOiJBcGkifQ.gj3Q5rVSuyTzguP8vMuwVhc3w3UHSBpckDQcczgjy6s'}
[2023-08-24 14:54:19,416] logger_util.py->write_log line:61 [INFO] 请求参数：{'B8': '10.4512'}
[2023-08-24 14:54:19,416] logger_util.py->write_log line:61 [INFO] 文件上传：None
[2023-08-24 14:54:19,435] logger_util.py->write_log line:61 [INFO] 预期结果：[{'equals': {'status_code': 200}}, {'equals': {'allSuccess': True}}]
[2023-08-24 14:54:19,435] logger_util.py->write_log line:61 [INFO] 实际结果：{'allSuccess': True, 'items': {'B8': {'value': 10.46, 'quality': 0, 'errorMsg': None}}}
[2023-08-24 14:54:19,435] logger_util.py->write_log line:61 [INFO] 接口请求成功！
[2023-08-24 14:54:19,435] logger_util.py->write_log line:61 [INFO] 
-------------接口请求结束-----------

[2023-08-24 14:54:19,650] logger_util.py->write_log line:61 [INFO] 
-------------接口请求开始-----------
[2023-08-24 14:54:19,651] logger_util.py->write_log line:61 [INFO] 接口名称：下发io变量-B8-float32小数位：2，进位
[2023-08-24 14:54:19,651] logger_util.py->write_log line:61 [INFO] 接口方式：post
[2023-08-24 14:54:19,651] logger_util.py->write_log line:61 [INFO] 接口路径：http://127.0.0.1:18000/api/v1/variable/setvalues
[2023-08-24 14:54:19,651] logger_util.py->write_log line:61 [INFO] 请求头：{'X-Project': 'a68f8739e9094911b0f74421369649cb', 'Authorization': 'Bearer eyJhbGciOiJIUzI1NiIsInR5cCI6IkpXVCJ9.eyJodHRwOi8vc2NoZW1hcy54bWxzb2FwLm9yZy93cy8yMDA1LzA1L2lkZW50aXR5L2NsYWltcy9uYW1lIjoiU3VwZXJBZG1pbiIsImh0dHA6Ly9zY2hlbWFzLnhtbHNvYXAub3JnL3dzLzIwMDUvMDUvaWRlbnRpdHkvY2xhaW1zL25hbWVpZGVudGlmaWVyIjoiU3VwZXJBZG1pbiIsImV4cCI6MTY5MzQ1MTIxNSwiaXNzIjoiQ01TdjIiLCJhdWQiOiJBcGkifQ.gj3Q5rVSuyTzguP8vMuwVhc3w3UHSBpckDQcczgjy6s'}
[2023-08-24 14:54:19,651] logger_util.py->write_log line:61 [INFO] 请求参数：{'B8': '-10.4512'}
[2023-08-24 14:54:19,651] logger_util.py->write_log line:61 [INFO] 文件上传：None
[2023-08-24 14:54:19,669] logger_util.py->write_log line:61 [INFO] 预期结果：[{'equals': {'status_code': 200}}, {'equals': {'allSuccess': True}}]
[2023-08-24 14:54:19,669] logger_util.py->write_log line:61 [INFO] 实际结果：{'allSuccess': True, 'items': {'B8': {'value': -10.46, 'quality': 0, 'errorMsg': None}}}
[2023-08-24 14:54:19,669] logger_util.py->write_log line:61 [INFO] 接口请求成功！
[2023-08-24 14:54:19,669] logger_util.py->write_log line:61 [INFO] 
-------------接口请求结束-----------

[2023-08-24 14:54:19,884] logger_util.py->write_log line:61 [INFO] 
-------------接口请求开始-----------
[2023-08-24 14:54:19,884] logger_util.py->write_log line:61 [INFO] 接口名称：下发io变量-A1-二进制
[2023-08-24 14:54:19,884] logger_util.py->write_log line:61 [INFO] 接口方式：post
[2023-08-24 14:54:19,884] logger_util.py->write_log line:61 [INFO] 接口路径：http://127.0.0.1:18000/api/v1/variable/setvalues
[2023-08-24 14:54:19,884] logger_util.py->write_log line:61 [INFO] 请求头：{'X-Project': 'a68f8739e9094911b0f74421369649cb', 'Authorization': 'Bearer eyJhbGciOiJIUzI1NiIsInR5cCI6IkpXVCJ9.eyJodHRwOi8vc2NoZW1hcy54bWxzb2FwLm9yZy93cy8yMDA1LzA1L2lkZW50aXR5L2NsYWltcy9uYW1lIjoiU3VwZXJBZG1pbiIsImh0dHA6Ly9zY2hlbWFzLnhtbHNvYXAub3JnL3dzLzIwMDUvMDUvaWRlbnRpdHkvY2xhaW1zL25hbWVpZGVudGlmaWVyIjoiU3VwZXJBZG1pbiIsImV4cCI6MTY5MzQ1MTIxNSwiaXNzIjoiQ01TdjIiLCJhdWQiOiJBcGkifQ.gj3Q5rVSuyTzguP8vMuwVhc3w3UHSBpckDQcczgjy6s'}
[2023-08-24 14:54:19,884] logger_util.py->write_log line:61 [INFO] 请求参数：{'A1': '1'}
[2023-08-24 14:54:19,884] logger_util.py->write_log line:61 [INFO] 文件上传：None
[2023-08-24 14:54:19,903] logger_util.py->write_log line:61 [INFO] 预期结果：[{'equals': {'status_code': 200}}, {'equals': {'allSuccess': True}}]
[2023-08-24 14:54:19,903] logger_util.py->write_log line:61 [INFO] 实际结果：{'allSuccess': True, 'items': {'A1': {'value': True, 'quality': 0, 'errorMsg': None}}}
[2023-08-24 14:54:19,903] logger_util.py->write_log line:61 [INFO] 接口请求成功！
[2023-08-24 14:54:19,903] logger_util.py->write_log line:61 [INFO] 
-------------接口请求结束-----------

[2023-08-24 14:54:20,118] logger_util.py->write_log line:61 [INFO] 
-------------接口请求开始-----------
[2023-08-24 14:54:20,118] logger_util.py->write_log line:61 [INFO] 接口名称：下发io变量-A1-二进制
[2023-08-24 14:54:20,118] logger_util.py->write_log line:61 [INFO] 接口方式：post
[2023-08-24 14:54:20,118] logger_util.py->write_log line:61 [INFO] 接口路径：http://127.0.0.1:18000/api/v1/variable/setvalues
[2023-08-24 14:54:20,118] logger_util.py->write_log line:61 [INFO] 请求头：{'X-Project': 'a68f8739e9094911b0f74421369649cb', 'Authorization': 'Bearer eyJhbGciOiJIUzI1NiIsInR5cCI6IkpXVCJ9.eyJodHRwOi8vc2NoZW1hcy54bWxzb2FwLm9yZy93cy8yMDA1LzA1L2lkZW50aXR5L2NsYWltcy9uYW1lIjoiU3VwZXJBZG1pbiIsImh0dHA6Ly9zY2hlbWFzLnhtbHNvYXAub3JnL3dzLzIwMDUvMDUvaWRlbnRpdHkvY2xhaW1zL25hbWVpZGVudGlmaWVyIjoiU3VwZXJBZG1pbiIsImV4cCI6MTY5MzQ1MTIxNSwiaXNzIjoiQ01TdjIiLCJhdWQiOiJBcGkifQ.gj3Q5rVSuyTzguP8vMuwVhc3w3UHSBpckDQcczgjy6s'}
[2023-08-24 14:54:20,119] logger_util.py->write_log line:61 [INFO] 请求参数：{'A1': 'true'}
[2023-08-24 14:54:20,119] logger_util.py->write_log line:61 [INFO] 文件上传：None
[2023-08-24 14:54:20,137] logger_util.py->write_log line:61 [INFO] 预期结果：[{'equals': {'status_code': 200}}, {'equals': {'allSuccess': True}}]
[2023-08-24 14:54:20,137] logger_util.py->write_log line:61 [INFO] 实际结果：{'allSuccess': True, 'items': {'A1': {'value': True, 'quality': 0, 'errorMsg': None}}}
[2023-08-24 14:54:20,137] logger_util.py->write_log line:61 [INFO] 接口请求成功！
[2023-08-24 14:54:20,137] logger_util.py->write_log line:61 [INFO] 
-------------接口请求结束-----------

[2023-08-24 14:54:20,352] logger_util.py->write_log line:61 [INFO] 
-------------接口请求开始-----------
[2023-08-24 14:54:20,352] logger_util.py->write_log line:61 [INFO] 接口名称：下发io变量-A1-二进制
[2023-08-24 14:54:20,352] logger_util.py->write_log line:61 [INFO] 接口方式：post
[2023-08-24 14:54:20,352] logger_util.py->write_log line:61 [INFO] 接口路径：http://127.0.0.1:18000/api/v1/variable/setvalues
[2023-08-24 14:54:20,352] logger_util.py->write_log line:61 [INFO] 请求头：{'X-Project': 'a68f8739e9094911b0f74421369649cb', 'Authorization': 'Bearer eyJhbGciOiJIUzI1NiIsInR5cCI6IkpXVCJ9.eyJodHRwOi8vc2NoZW1hcy54bWxzb2FwLm9yZy93cy8yMDA1LzA1L2lkZW50aXR5L2NsYWltcy9uYW1lIjoiU3VwZXJBZG1pbiIsImh0dHA6Ly9zY2hlbWFzLnhtbHNvYXAub3JnL3dzLzIwMDUvMDUvaWRlbnRpdHkvY2xhaW1zL25hbWVpZGVudGlmaWVyIjoiU3VwZXJBZG1pbiIsImV4cCI6MTY5MzQ1MTIxNSwiaXNzIjoiQ01TdjIiLCJhdWQiOiJBcGkifQ.gj3Q5rVSuyTzguP8vMuwVhc3w3UHSBpckDQcczgjy6s'}
[2023-08-24 14:54:20,352] logger_util.py->write_log line:61 [INFO] 请求参数：{'A1': '0'}
[2023-08-24 14:54:20,352] logger_util.py->write_log line:61 [INFO] 文件上传：None
[2023-08-24 14:54:20,373] logger_util.py->write_log line:61 [INFO] 预期结果：[{'equals': {'status_code': 200}}, {'equals': {'allSuccess': True}}]
[2023-08-24 14:54:20,373] logger_util.py->write_log line:61 [INFO] 实际结果：{'allSuccess': True, 'items': {'A1': {'value': False, 'quality': 0, 'errorMsg': None}}}
[2023-08-24 14:54:20,373] logger_util.py->write_log line:61 [INFO] 接口请求成功！
[2023-08-24 14:54:20,373] logger_util.py->write_log line:61 [INFO] 
-------------接口请求结束-----------

[2023-08-24 14:54:20,586] logger_util.py->write_log line:61 [INFO] 
-------------接口请求开始-----------
[2023-08-24 14:54:20,586] logger_util.py->write_log line:61 [INFO] 接口名称：下发io变量-A1-二进制
[2023-08-24 14:54:20,586] logger_util.py->write_log line:61 [INFO] 接口方式：post
[2023-08-24 14:54:20,586] logger_util.py->write_log line:61 [INFO] 接口路径：http://127.0.0.1:18000/api/v1/variable/setvalues
[2023-08-24 14:54:20,586] logger_util.py->write_log line:61 [INFO] 请求头：{'X-Project': 'a68f8739e9094911b0f74421369649cb', 'Authorization': 'Bearer eyJhbGciOiJIUzI1NiIsInR5cCI6IkpXVCJ9.eyJodHRwOi8vc2NoZW1hcy54bWxzb2FwLm9yZy93cy8yMDA1LzA1L2lkZW50aXR5L2NsYWltcy9uYW1lIjoiU3VwZXJBZG1pbiIsImh0dHA6Ly9zY2hlbWFzLnhtbHNvYXAub3JnL3dzLzIwMDUvMDUvaWRlbnRpdHkvY2xhaW1zL25hbWVpZGVudGlmaWVyIjoiU3VwZXJBZG1pbiIsImV4cCI6MTY5MzQ1MTIxNSwiaXNzIjoiQ01TdjIiLCJhdWQiOiJBcGkifQ.gj3Q5rVSuyTzguP8vMuwVhc3w3UHSBpckDQcczgjy6s'}
[2023-08-24 14:54:20,586] logger_util.py->write_log line:61 [INFO] 请求参数：{'A1': 'false'}
[2023-08-24 14:54:20,586] logger_util.py->write_log line:61 [INFO] 文件上传：None
[2023-08-24 14:54:20,605] logger_util.py->write_log line:61 [INFO] 预期结果：[{'equals': {'status_code': 200}}, {'equals': {'allSuccess': True}}]
[2023-08-24 14:54:20,605] logger_util.py->write_log line:61 [INFO] 实际结果：{'allSuccess': True, 'items': {'A1': {'value': False, 'quality': 0, 'errorMsg': None}}}
[2023-08-24 14:54:20,605] logger_util.py->write_log line:61 [INFO] 接口请求成功！
[2023-08-24 14:54:20,605] logger_util.py->write_log line:61 [INFO] 
-------------接口请求结束-----------

[2023-08-24 14:54:20,823] logger_util.py->write_log line:61 [INFO] 
-------------接口请求开始-----------
[2023-08-24 14:54:20,823] logger_util.py->write_log line:61 [INFO] 接口名称：下发io变量-A2-有符号8位整型
[2023-08-24 14:54:20,823] logger_util.py->write_log line:61 [INFO] 接口方式：post
[2023-08-24 14:54:20,823] logger_util.py->write_log line:61 [INFO] 接口路径：http://127.0.0.1:18000/api/v1/variable/setvalues
[2023-08-24 14:54:20,823] logger_util.py->write_log line:61 [INFO] 请求头：{'X-Project': 'a68f8739e9094911b0f74421369649cb', 'Authorization': 'Bearer eyJhbGciOiJIUzI1NiIsInR5cCI6IkpXVCJ9.eyJodHRwOi8vc2NoZW1hcy54bWxzb2FwLm9yZy93cy8yMDA1LzA1L2lkZW50aXR5L2NsYWltcy9uYW1lIjoiU3VwZXJBZG1pbiIsImh0dHA6Ly9zY2hlbWFzLnhtbHNvYXAub3JnL3dzLzIwMDUvMDUvaWRlbnRpdHkvY2xhaW1zL25hbWVpZGVudGlmaWVyIjoiU3VwZXJBZG1pbiIsImV4cCI6MTY5MzQ1MTIxNSwiaXNzIjoiQ01TdjIiLCJhdWQiOiJBcGkifQ.gj3Q5rVSuyTzguP8vMuwVhc3w3UHSBpckDQcczgjy6s'}
[2023-08-24 14:54:20,823] logger_util.py->write_log line:61 [INFO] 请求参数：{'A2': '127'}
[2023-08-24 14:54:20,823] logger_util.py->write_log line:61 [INFO] 文件上传：None
[2023-08-24 14:54:20,842] logger_util.py->write_log line:61 [INFO] 预期结果：[{'equals': {'status_code': 200}}, {'equals': {'allSuccess': True}}]
[2023-08-24 14:54:20,842] logger_util.py->write_log line:61 [INFO] 实际结果：{'allSuccess': True, 'items': {'A2': {'value': 127, 'quality': 0, 'errorMsg': None}}}
[2023-08-24 14:54:20,842] logger_util.py->write_log line:61 [INFO] 接口请求成功！
[2023-08-24 14:54:20,842] logger_util.py->write_log line:61 [INFO] 
-------------接口请求结束-----------

[2023-08-24 14:54:21,056] logger_util.py->write_log line:61 [INFO] 
-------------接口请求开始-----------
[2023-08-24 14:54:21,056] logger_util.py->write_log line:61 [INFO] 接口名称：下发io变量-A2-有符号8位整型
[2023-08-24 14:54:21,056] logger_util.py->write_log line:61 [INFO] 接口方式：post
[2023-08-24 14:54:21,056] logger_util.py->write_log line:61 [INFO] 接口路径：http://127.0.0.1:18000/api/v1/variable/setvalues
[2023-08-24 14:54:21,056] logger_util.py->write_log line:61 [INFO] 请求头：{'X-Project': 'a68f8739e9094911b0f74421369649cb', 'Authorization': 'Bearer eyJhbGciOiJIUzI1NiIsInR5cCI6IkpXVCJ9.eyJodHRwOi8vc2NoZW1hcy54bWxzb2FwLm9yZy93cy8yMDA1LzA1L2lkZW50aXR5L2NsYWltcy9uYW1lIjoiU3VwZXJBZG1pbiIsImh0dHA6Ly9zY2hlbWFzLnhtbHNvYXAub3JnL3dzLzIwMDUvMDUvaWRlbnRpdHkvY2xhaW1zL25hbWVpZGVudGlmaWVyIjoiU3VwZXJBZG1pbiIsImV4cCI6MTY5MzQ1MTIxNSwiaXNzIjoiQ01TdjIiLCJhdWQiOiJBcGkifQ.gj3Q5rVSuyTzguP8vMuwVhc3w3UHSBpckDQcczgjy6s'}
[2023-08-24 14:54:21,056] logger_util.py->write_log line:61 [INFO] 请求参数：{'A2': '-128'}
[2023-08-24 14:54:21,056] logger_util.py->write_log line:61 [INFO] 文件上传：None
[2023-08-24 14:54:21,077] logger_util.py->write_log line:61 [INFO] 预期结果：[{'equals': {'status_code': 200}}, {'equals': {'allSuccess': True}}]
[2023-08-24 14:54:21,077] logger_util.py->write_log line:61 [INFO] 实际结果：{'allSuccess': True, 'items': {'A2': {'value': -128, 'quality': 0, 'errorMsg': None}}}
[2023-08-24 14:54:21,077] logger_util.py->write_log line:61 [INFO] 接口请求成功！
[2023-08-24 14:54:21,077] logger_util.py->write_log line:61 [INFO] 
-------------接口请求结束-----------

[2023-08-24 14:54:21,296] logger_util.py->write_log line:61 [INFO] 
-------------接口请求开始-----------
[2023-08-24 14:54:21,296] logger_util.py->write_log line:61 [INFO] 接口名称：下发io变量-A3-无符号8位整型
[2023-08-24 14:54:21,296] logger_util.py->write_log line:61 [INFO] 接口方式：post
[2023-08-24 14:54:21,297] logger_util.py->write_log line:61 [INFO] 接口路径：http://127.0.0.1:18000/api/v1/variable/setvalues
[2023-08-24 14:54:21,297] logger_util.py->write_log line:61 [INFO] 请求头：{'X-Project': 'a68f8739e9094911b0f74421369649cb', 'Authorization': 'Bearer eyJhbGciOiJIUzI1NiIsInR5cCI6IkpXVCJ9.eyJodHRwOi8vc2NoZW1hcy54bWxzb2FwLm9yZy93cy8yMDA1LzA1L2lkZW50aXR5L2NsYWltcy9uYW1lIjoiU3VwZXJBZG1pbiIsImh0dHA6Ly9zY2hlbWFzLnhtbHNvYXAub3JnL3dzLzIwMDUvMDUvaWRlbnRpdHkvY2xhaW1zL25hbWVpZGVudGlmaWVyIjoiU3VwZXJBZG1pbiIsImV4cCI6MTY5MzQ1MTIxNSwiaXNzIjoiQ01TdjIiLCJhdWQiOiJBcGkifQ.gj3Q5rVSuyTzguP8vMuwVhc3w3UHSBpckDQcczgjy6s'}
[2023-08-24 14:54:21,297] logger_util.py->write_log line:61 [INFO] 请求参数：{'A3': '0'}
[2023-08-24 14:54:21,297] logger_util.py->write_log line:61 [INFO] 文件上传：None
[2023-08-24 14:54:21,321] logger_util.py->write_log line:61 [INFO] 预期结果：[{'equals': {'status_code': 200}}, {'equals': {'allSuccess': True}}]
[2023-08-24 14:54:21,321] logger_util.py->write_log line:61 [INFO] 实际结果：{'allSuccess': True, 'items': {'A3': {'value': 0, 'quality': 0, 'errorMsg': None}}}
[2023-08-24 14:54:21,321] logger_util.py->write_log line:61 [INFO] 接口请求成功！
[2023-08-24 14:54:21,321] logger_util.py->write_log line:61 [INFO] 
-------------接口请求结束-----------

[2023-08-24 14:54:21,539] logger_util.py->write_log line:61 [INFO] 
-------------接口请求开始-----------
[2023-08-24 14:54:21,540] logger_util.py->write_log line:61 [INFO] 接口名称：下发io变量-A3-无符号8位整型
[2023-08-24 14:54:21,540] logger_util.py->write_log line:61 [INFO] 接口方式：post
[2023-08-24 14:54:21,540] logger_util.py->write_log line:61 [INFO] 接口路径：http://127.0.0.1:18000/api/v1/variable/setvalues
[2023-08-24 14:54:21,540] logger_util.py->write_log line:61 [INFO] 请求头：{'X-Project': 'a68f8739e9094911b0f74421369649cb', 'Authorization': 'Bearer eyJhbGciOiJIUzI1NiIsInR5cCI6IkpXVCJ9.eyJodHRwOi8vc2NoZW1hcy54bWxzb2FwLm9yZy93cy8yMDA1LzA1L2lkZW50aXR5L2NsYWltcy9uYW1lIjoiU3VwZXJBZG1pbiIsImh0dHA6Ly9zY2hlbWFzLnhtbHNvYXAub3JnL3dzLzIwMDUvMDUvaWRlbnRpdHkvY2xhaW1zL25hbWVpZGVudGlmaWVyIjoiU3VwZXJBZG1pbiIsImV4cCI6MTY5MzQ1MTIxNSwiaXNzIjoiQ01TdjIiLCJhdWQiOiJBcGkifQ.gj3Q5rVSuyTzguP8vMuwVhc3w3UHSBpckDQcczgjy6s'}
[2023-08-24 14:54:21,540] logger_util.py->write_log line:61 [INFO] 请求参数：{'A3': '255'}
[2023-08-24 14:54:21,540] logger_util.py->write_log line:61 [INFO] 文件上传：None
[2023-08-24 14:54:21,562] logger_util.py->write_log line:61 [INFO] 预期结果：[{'equals': {'status_code': 200}}, {'equals': {'allSuccess': True}}]
[2023-08-24 14:54:21,562] logger_util.py->write_log line:61 [INFO] 实际结果：{'allSuccess': True, 'items': {'A3': {'value': 255, 'quality': 0, 'errorMsg': None}}}
[2023-08-24 14:54:21,562] logger_util.py->write_log line:61 [INFO] 接口请求成功！
[2023-08-24 14:54:21,562] logger_util.py->write_log line:61 [INFO] 
-------------接口请求结束-----------

[2023-08-24 14:54:21,786] logger_util.py->write_log line:61 [INFO] 
-------------接口请求开始-----------
[2023-08-24 14:54:21,786] logger_util.py->write_log line:61 [INFO] 接口名称：下发io变量-A4-有符号16位整型
[2023-08-24 14:54:21,786] logger_util.py->write_log line:61 [INFO] 接口方式：post
[2023-08-24 14:54:21,786] logger_util.py->write_log line:61 [INFO] 接口路径：http://127.0.0.1:18000/api/v1/variable/setvalues
[2023-08-24 14:54:21,786] logger_util.py->write_log line:61 [INFO] 请求头：{'X-Project': 'a68f8739e9094911b0f74421369649cb', 'Authorization': 'Bearer eyJhbGciOiJIUzI1NiIsInR5cCI6IkpXVCJ9.eyJodHRwOi8vc2NoZW1hcy54bWxzb2FwLm9yZy93cy8yMDA1LzA1L2lkZW50aXR5L2NsYWltcy9uYW1lIjoiU3VwZXJBZG1pbiIsImh0dHA6Ly9zY2hlbWFzLnhtbHNvYXAub3JnL3dzLzIwMDUvMDUvaWRlbnRpdHkvY2xhaW1zL25hbWVpZGVudGlmaWVyIjoiU3VwZXJBZG1pbiIsImV4cCI6MTY5MzQ1MTIxNSwiaXNzIjoiQ01TdjIiLCJhdWQiOiJBcGkifQ.gj3Q5rVSuyTzguP8vMuwVhc3w3UHSBpckDQcczgjy6s'}
[2023-08-24 14:54:21,787] logger_util.py->write_log line:61 [INFO] 请求参数：{'A4': '32767'}
[2023-08-24 14:54:21,787] logger_util.py->write_log line:61 [INFO] 文件上传：None
[2023-08-24 14:54:21,803] logger_util.py->write_log line:61 [INFO] 预期结果：[{'equals': {'status_code': 200}}, {'equals': {'allSuccess': True}}]
[2023-08-24 14:54:21,803] logger_util.py->write_log line:61 [INFO] 实际结果：{'allSuccess': True, 'items': {'A4': {'value': 32767, 'quality': 0, 'errorMsg': None}}}
[2023-08-24 14:54:21,803] logger_util.py->write_log line:61 [INFO] 接口请求成功！
[2023-08-24 14:54:21,803] logger_util.py->write_log line:61 [INFO] 
-------------接口请求结束-----------

[2023-08-24 14:54:22,022] logger_util.py->write_log line:61 [INFO] 
-------------接口请求开始-----------
[2023-08-24 14:54:22,022] logger_util.py->write_log line:61 [INFO] 接口名称：下发io变量-A4-有符号16位整型
[2023-08-24 14:54:22,022] logger_util.py->write_log line:61 [INFO] 接口方式：post
[2023-08-24 14:54:22,022] logger_util.py->write_log line:61 [INFO] 接口路径：http://127.0.0.1:18000/api/v1/variable/setvalues
[2023-08-24 14:54:22,022] logger_util.py->write_log line:61 [INFO] 请求头：{'X-Project': 'a68f8739e9094911b0f74421369649cb', 'Authorization': 'Bearer eyJhbGciOiJIUzI1NiIsInR5cCI6IkpXVCJ9.eyJodHRwOi8vc2NoZW1hcy54bWxzb2FwLm9yZy93cy8yMDA1LzA1L2lkZW50aXR5L2NsYWltcy9uYW1lIjoiU3VwZXJBZG1pbiIsImh0dHA6Ly9zY2hlbWFzLnhtbHNvYXAub3JnL3dzLzIwMDUvMDUvaWRlbnRpdHkvY2xhaW1zL25hbWVpZGVudGlmaWVyIjoiU3VwZXJBZG1pbiIsImV4cCI6MTY5MzQ1MTIxNSwiaXNzIjoiQ01TdjIiLCJhdWQiOiJBcGkifQ.gj3Q5rVSuyTzguP8vMuwVhc3w3UHSBpckDQcczgjy6s'}
[2023-08-24 14:54:22,022] logger_util.py->write_log line:61 [INFO] 请求参数：{'A4': '-32768'}
[2023-08-24 14:54:22,023] logger_util.py->write_log line:61 [INFO] 文件上传：None
[2023-08-24 14:54:22,047] logger_util.py->write_log line:61 [INFO] 预期结果：[{'equals': {'status_code': 200}}, {'equals': {'allSuccess': True}}]
[2023-08-24 14:54:22,047] logger_util.py->write_log line:61 [INFO] 实际结果：{'allSuccess': True, 'items': {'A4': {'value': -32768, 'quality': 0, 'errorMsg': None}}}
[2023-08-24 14:54:22,047] logger_util.py->write_log line:61 [INFO] 接口请求成功！
[2023-08-24 14:54:22,047] logger_util.py->write_log line:61 [INFO] 
-------------接口请求结束-----------

[2023-08-24 14:54:22,259] logger_util.py->write_log line:61 [INFO] 
-------------接口请求开始-----------
[2023-08-24 14:54:22,259] logger_util.py->write_log line:61 [INFO] 接口名称：下发io变量-A5-无符号16位整型
[2023-08-24 14:54:22,259] logger_util.py->write_log line:61 [INFO] 接口方式：post
[2023-08-24 14:54:22,259] logger_util.py->write_log line:61 [INFO] 接口路径：http://127.0.0.1:18000/api/v1/variable/setvalues
[2023-08-24 14:54:22,259] logger_util.py->write_log line:61 [INFO] 请求头：{'X-Project': 'a68f8739e9094911b0f74421369649cb', 'Authorization': 'Bearer eyJhbGciOiJIUzI1NiIsInR5cCI6IkpXVCJ9.eyJodHRwOi8vc2NoZW1hcy54bWxzb2FwLm9yZy93cy8yMDA1LzA1L2lkZW50aXR5L2NsYWltcy9uYW1lIjoiU3VwZXJBZG1pbiIsImh0dHA6Ly9zY2hlbWFzLnhtbHNvYXAub3JnL3dzLzIwMDUvMDUvaWRlbnRpdHkvY2xhaW1zL25hbWVpZGVudGlmaWVyIjoiU3VwZXJBZG1pbiIsImV4cCI6MTY5MzQ1MTIxNSwiaXNzIjoiQ01TdjIiLCJhdWQiOiJBcGkifQ.gj3Q5rVSuyTzguP8vMuwVhc3w3UHSBpckDQcczgjy6s'}
[2023-08-24 14:54:22,259] logger_util.py->write_log line:61 [INFO] 请求参数：{'A5': '0'}
[2023-08-24 14:54:22,260] logger_util.py->write_log line:61 [INFO] 文件上传：None
[2023-08-24 14:54:22,282] logger_util.py->write_log line:61 [INFO] 预期结果：[{'equals': {'status_code': 200}}, {'equals': {'allSuccess': True}}]
[2023-08-24 14:54:22,282] logger_util.py->write_log line:61 [INFO] 实际结果：{'allSuccess': True, 'items': {'A5': {'value': 0, 'quality': 0, 'errorMsg': None}}}
[2023-08-24 14:54:22,282] logger_util.py->write_log line:61 [INFO] 接口请求成功！
[2023-08-24 14:54:22,282] logger_util.py->write_log line:61 [INFO] 
-------------接口请求结束-----------

[2023-08-24 14:54:22,495] logger_util.py->write_log line:61 [INFO] 
-------------接口请求开始-----------
[2023-08-24 14:54:22,495] logger_util.py->write_log line:61 [INFO] 接口名称：下发io变量-A5-无符号16位整型
[2023-08-24 14:54:22,495] logger_util.py->write_log line:61 [INFO] 接口方式：post
[2023-08-24 14:54:22,495] logger_util.py->write_log line:61 [INFO] 接口路径：http://127.0.0.1:18000/api/v1/variable/setvalues
[2023-08-24 14:54:22,495] logger_util.py->write_log line:61 [INFO] 请求头：{'X-Project': 'a68f8739e9094911b0f74421369649cb', 'Authorization': 'Bearer eyJhbGciOiJIUzI1NiIsInR5cCI6IkpXVCJ9.eyJodHRwOi8vc2NoZW1hcy54bWxzb2FwLm9yZy93cy8yMDA1LzA1L2lkZW50aXR5L2NsYWltcy9uYW1lIjoiU3VwZXJBZG1pbiIsImh0dHA6Ly9zY2hlbWFzLnhtbHNvYXAub3JnL3dzLzIwMDUvMDUvaWRlbnRpdHkvY2xhaW1zL25hbWVpZGVudGlmaWVyIjoiU3VwZXJBZG1pbiIsImV4cCI6MTY5MzQ1MTIxNSwiaXNzIjoiQ01TdjIiLCJhdWQiOiJBcGkifQ.gj3Q5rVSuyTzguP8vMuwVhc3w3UHSBpckDQcczgjy6s'}
[2023-08-24 14:54:22,495] logger_util.py->write_log line:61 [INFO] 请求参数：{'A5': '65535'}
[2023-08-24 14:54:22,495] logger_util.py->write_log line:61 [INFO] 文件上传：None
[2023-08-24 14:54:22,516] logger_util.py->write_log line:61 [INFO] 预期结果：[{'equals': {'status_code': 200}}, {'equals': {'allSuccess': True}}]
[2023-08-24 14:54:22,517] logger_util.py->write_log line:61 [INFO] 实际结果：{'allSuccess': True, 'items': {'A5': {'value': 65535, 'quality': 0, 'errorMsg': None}}}
[2023-08-24 14:54:22,517] logger_util.py->write_log line:61 [INFO] 接口请求成功！
[2023-08-24 14:54:22,517] logger_util.py->write_log line:61 [INFO] 
-------------接口请求结束-----------

[2023-08-24 14:54:22,728] logger_util.py->write_log line:61 [INFO] 
-------------接口请求开始-----------
[2023-08-24 14:54:22,728] logger_util.py->write_log line:61 [INFO] 接口名称：下发io变量-A6-有符号32位整型
[2023-08-24 14:54:22,728] logger_util.py->write_log line:61 [INFO] 接口方式：post
[2023-08-24 14:54:22,729] logger_util.py->write_log line:61 [INFO] 接口路径：http://127.0.0.1:18000/api/v1/variable/setvalues
[2023-08-24 14:54:22,729] logger_util.py->write_log line:61 [INFO] 请求头：{'X-Project': 'a68f8739e9094911b0f74421369649cb', 'Authorization': 'Bearer eyJhbGciOiJIUzI1NiIsInR5cCI6IkpXVCJ9.eyJodHRwOi8vc2NoZW1hcy54bWxzb2FwLm9yZy93cy8yMDA1LzA1L2lkZW50aXR5L2NsYWltcy9uYW1lIjoiU3VwZXJBZG1pbiIsImh0dHA6Ly9zY2hlbWFzLnhtbHNvYXAub3JnL3dzLzIwMDUvMDUvaWRlbnRpdHkvY2xhaW1zL25hbWVpZGVudGlmaWVyIjoiU3VwZXJBZG1pbiIsImV4cCI6MTY5MzQ1MTIxNSwiaXNzIjoiQ01TdjIiLCJhdWQiOiJBcGkifQ.gj3Q5rVSuyTzguP8vMuwVhc3w3UHSBpckDQcczgjy6s'}
[2023-08-24 14:54:22,729] logger_util.py->write_log line:61 [INFO] 请求参数：{'A6': '2147483647'}
[2023-08-24 14:54:22,729] logger_util.py->write_log line:61 [INFO] 文件上传：None
[2023-08-24 14:54:22,749] logger_util.py->write_log line:61 [INFO] 预期结果：[{'equals': {'status_code': 200}}, {'equals': {'allSuccess': True}}]
[2023-08-24 14:54:22,749] logger_util.py->write_log line:61 [INFO] 实际结果：{'allSuccess': True, 'items': {'A6': {'value': 2147483647, 'quality': 0, 'errorMsg': None}}}
[2023-08-24 14:54:22,749] logger_util.py->write_log line:61 [INFO] 接口请求成功！
[2023-08-24 14:54:22,749] logger_util.py->write_log line:61 [INFO] 
-------------接口请求结束-----------

[2023-08-24 14:54:22,963] logger_util.py->write_log line:61 [INFO] 
-------------接口请求开始-----------
[2023-08-24 14:54:22,963] logger_util.py->write_log line:61 [INFO] 接口名称：下发io变量-A6-有符号32位整型
[2023-08-24 14:54:22,963] logger_util.py->write_log line:61 [INFO] 接口方式：post
[2023-08-24 14:54:22,963] logger_util.py->write_log line:61 [INFO] 接口路径：http://127.0.0.1:18000/api/v1/variable/setvalues
[2023-08-24 14:54:22,963] logger_util.py->write_log line:61 [INFO] 请求头：{'X-Project': 'a68f8739e9094911b0f74421369649cb', 'Authorization': 'Bearer eyJhbGciOiJIUzI1NiIsInR5cCI6IkpXVCJ9.eyJodHRwOi8vc2NoZW1hcy54bWxzb2FwLm9yZy93cy8yMDA1LzA1L2lkZW50aXR5L2NsYWltcy9uYW1lIjoiU3VwZXJBZG1pbiIsImh0dHA6Ly9zY2hlbWFzLnhtbHNvYXAub3JnL3dzLzIwMDUvMDUvaWRlbnRpdHkvY2xhaW1zL25hbWVpZGVudGlmaWVyIjoiU3VwZXJBZG1pbiIsImV4cCI6MTY5MzQ1MTIxNSwiaXNzIjoiQ01TdjIiLCJhdWQiOiJBcGkifQ.gj3Q5rVSuyTzguP8vMuwVhc3w3UHSBpckDQcczgjy6s'}
[2023-08-24 14:54:22,964] logger_util.py->write_log line:61 [INFO] 请求参数：{'A6': '-2147483648'}
[2023-08-24 14:54:22,964] logger_util.py->write_log line:61 [INFO] 文件上传：None
[2023-08-24 14:54:22,986] logger_util.py->write_log line:61 [INFO] 预期结果：[{'equals': {'status_code': 200}}, {'equals': {'allSuccess': True}}]
[2023-08-24 14:54:22,986] logger_util.py->write_log line:61 [INFO] 实际结果：{'allSuccess': True, 'items': {'A6': {'value': -2147483648, 'quality': 0, 'errorMsg': None}}}
[2023-08-24 14:54:22,986] logger_util.py->write_log line:61 [INFO] 接口请求成功！
[2023-08-24 14:54:22,986] logger_util.py->write_log line:61 [INFO] 
-------------接口请求结束-----------

[2023-08-24 14:54:23,200] logger_util.py->write_log line:61 [INFO] 
-------------接口请求开始-----------
[2023-08-24 14:54:23,201] logger_util.py->write_log line:61 [INFO] 接口名称：下发io变量-A7-无符号32位整型
[2023-08-24 14:54:23,201] logger_util.py->write_log line:61 [INFO] 接口方式：post
[2023-08-24 14:54:23,201] logger_util.py->write_log line:61 [INFO] 接口路径：http://127.0.0.1:18000/api/v1/variable/setvalues
[2023-08-24 14:54:23,201] logger_util.py->write_log line:61 [INFO] 请求头：{'X-Project': 'a68f8739e9094911b0f74421369649cb', 'Authorization': 'Bearer eyJhbGciOiJIUzI1NiIsInR5cCI6IkpXVCJ9.eyJodHRwOi8vc2NoZW1hcy54bWxzb2FwLm9yZy93cy8yMDA1LzA1L2lkZW50aXR5L2NsYWltcy9uYW1lIjoiU3VwZXJBZG1pbiIsImh0dHA6Ly9zY2hlbWFzLnhtbHNvYXAub3JnL3dzLzIwMDUvMDUvaWRlbnRpdHkvY2xhaW1zL25hbWVpZGVudGlmaWVyIjoiU3VwZXJBZG1pbiIsImV4cCI6MTY5MzQ1MTIxNSwiaXNzIjoiQ01TdjIiLCJhdWQiOiJBcGkifQ.gj3Q5rVSuyTzguP8vMuwVhc3w3UHSBpckDQcczgjy6s'}
[2023-08-24 14:54:23,201] logger_util.py->write_log line:61 [INFO] 请求参数：{'A7': '0'}
[2023-08-24 14:54:23,201] logger_util.py->write_log line:61 [INFO] 文件上传：None
[2023-08-24 14:54:23,221] logger_util.py->write_log line:61 [INFO] 预期结果：[{'equals': {'status_code': 200}}, {'equals': {'allSuccess': True}}]
[2023-08-24 14:54:23,221] logger_util.py->write_log line:61 [INFO] 实际结果：{'allSuccess': True, 'items': {'A7': {'value': 0, 'quality': 0, 'errorMsg': None}}}
[2023-08-24 14:54:23,221] logger_util.py->write_log line:61 [INFO] 接口请求成功！
[2023-08-24 14:54:23,221] logger_util.py->write_log line:61 [INFO] 
-------------接口请求结束-----------

[2023-08-24 14:54:23,436] logger_util.py->write_log line:61 [INFO] 
-------------接口请求开始-----------
[2023-08-24 14:54:23,436] logger_util.py->write_log line:61 [INFO] 接口名称：下发io变量-A7-无符号32位整型
[2023-08-24 14:54:23,436] logger_util.py->write_log line:61 [INFO] 接口方式：post
[2023-08-24 14:54:23,436] logger_util.py->write_log line:61 [INFO] 接口路径：http://127.0.0.1:18000/api/v1/variable/setvalues
[2023-08-24 14:54:23,436] logger_util.py->write_log line:61 [INFO] 请求头：{'X-Project': 'a68f8739e9094911b0f74421369649cb', 'Authorization': 'Bearer eyJhbGciOiJIUzI1NiIsInR5cCI6IkpXVCJ9.eyJodHRwOi8vc2NoZW1hcy54bWxzb2FwLm9yZy93cy8yMDA1LzA1L2lkZW50aXR5L2NsYWltcy9uYW1lIjoiU3VwZXJBZG1pbiIsImh0dHA6Ly9zY2hlbWFzLnhtbHNvYXAub3JnL3dzLzIwMDUvMDUvaWRlbnRpdHkvY2xhaW1zL25hbWVpZGVudGlmaWVyIjoiU3VwZXJBZG1pbiIsImV4cCI6MTY5MzQ1MTIxNSwiaXNzIjoiQ01TdjIiLCJhdWQiOiJBcGkifQ.gj3Q5rVSuyTzguP8vMuwVhc3w3UHSBpckDQcczgjy6s'}
[2023-08-24 14:54:23,437] logger_util.py->write_log line:61 [INFO] 请求参数：{'A7': '429496725'}
[2023-08-24 14:54:23,437] logger_util.py->write_log line:61 [INFO] 文件上传：None
[2023-08-24 14:54:23,457] logger_util.py->write_log line:61 [INFO] 预期结果：[{'equals': {'status_code': 200}}, {'equals': {'allSuccess': True}}]
[2023-08-24 14:54:23,457] logger_util.py->write_log line:61 [INFO] 实际结果：{'allSuccess': True, 'items': {'A7': {'value': 429496725, 'quality': 0, 'errorMsg': None}}}
[2023-08-24 14:54:23,457] logger_util.py->write_log line:61 [INFO] 接口请求成功！
[2023-08-24 14:54:23,457] logger_util.py->write_log line:61 [INFO] 
-------------接口请求结束-----------

[2023-08-24 14:54:23,671] logger_util.py->write_log line:61 [INFO] 
-------------接口请求开始-----------
[2023-08-24 14:54:23,671] logger_util.py->write_log line:61 [INFO] 接口名称：下发io变量-A8-有符号64位整型
[2023-08-24 14:54:23,671] logger_util.py->write_log line:61 [INFO] 接口方式：post
[2023-08-24 14:54:23,671] logger_util.py->write_log line:61 [INFO] 接口路径：http://127.0.0.1:18000/api/v1/variable/setvalues
[2023-08-24 14:54:23,671] logger_util.py->write_log line:61 [INFO] 请求头：{'X-Project': 'a68f8739e9094911b0f74421369649cb', 'Authorization': 'Bearer eyJhbGciOiJIUzI1NiIsInR5cCI6IkpXVCJ9.eyJodHRwOi8vc2NoZW1hcy54bWxzb2FwLm9yZy93cy8yMDA1LzA1L2lkZW50aXR5L2NsYWltcy9uYW1lIjoiU3VwZXJBZG1pbiIsImh0dHA6Ly9zY2hlbWFzLnhtbHNvYXAub3JnL3dzLzIwMDUvMDUvaWRlbnRpdHkvY2xhaW1zL25hbWVpZGVudGlmaWVyIjoiU3VwZXJBZG1pbiIsImV4cCI6MTY5MzQ1MTIxNSwiaXNzIjoiQ01TdjIiLCJhdWQiOiJBcGkifQ.gj3Q5rVSuyTzguP8vMuwVhc3w3UHSBpckDQcczgjy6s'}
[2023-08-24 14:54:23,671] logger_util.py->write_log line:61 [INFO] 请求参数：{'A8': '9223372036854775807'}
[2023-08-24 14:54:23,671] logger_util.py->write_log line:61 [INFO] 文件上传：None
[2023-08-24 14:54:23,690] logger_util.py->write_log line:61 [INFO] 预期结果：[{'equals': {'status_code': 200}}, {'equals': {'allSuccess': True}}]
[2023-08-24 14:54:23,690] logger_util.py->write_log line:61 [INFO] 实际结果：{'allSuccess': True, 'items': {'A8': {'value': 9223372036854775807, 'quality': 0, 'errorMsg': None}}}
[2023-08-24 14:54:23,690] logger_util.py->write_log line:61 [INFO] 接口请求成功！
[2023-08-24 14:54:23,690] logger_util.py->write_log line:61 [INFO] 
-------------接口请求结束-----------

[2023-08-24 14:54:23,906] logger_util.py->write_log line:61 [INFO] 
-------------接口请求开始-----------
[2023-08-24 14:54:23,906] logger_util.py->write_log line:61 [INFO] 接口名称：下发io变量-A8-有符号64位整型
[2023-08-24 14:54:23,906] logger_util.py->write_log line:61 [INFO] 接口方式：post
[2023-08-24 14:54:23,907] logger_util.py->write_log line:61 [INFO] 接口路径：http://127.0.0.1:18000/api/v1/variable/setvalues
[2023-08-24 14:54:23,907] logger_util.py->write_log line:61 [INFO] 请求头：{'X-Project': 'a68f8739e9094911b0f74421369649cb', 'Authorization': 'Bearer eyJhbGciOiJIUzI1NiIsInR5cCI6IkpXVCJ9.eyJodHRwOi8vc2NoZW1hcy54bWxzb2FwLm9yZy93cy8yMDA1LzA1L2lkZW50aXR5L2NsYWltcy9uYW1lIjoiU3VwZXJBZG1pbiIsImh0dHA6Ly9zY2hlbWFzLnhtbHNvYXAub3JnL3dzLzIwMDUvMDUvaWRlbnRpdHkvY2xhaW1zL25hbWVpZGVudGlmaWVyIjoiU3VwZXJBZG1pbiIsImV4cCI6MTY5MzQ1MTIxNSwiaXNzIjoiQ01TdjIiLCJhdWQiOiJBcGkifQ.gj3Q5rVSuyTzguP8vMuwVhc3w3UHSBpckDQcczgjy6s'}
[2023-08-24 14:54:23,907] logger_util.py->write_log line:61 [INFO] 请求参数：{'A8': '-9223372036854775808'}
[2023-08-24 14:54:23,907] logger_util.py->write_log line:61 [INFO] 文件上传：None
[2023-08-24 14:54:23,924] logger_util.py->write_log line:61 [INFO] 预期结果：[{'equals': {'status_code': 200}}, {'equals': {'allSuccess': True}}]
[2023-08-24 14:54:23,924] logger_util.py->write_log line:61 [INFO] 实际结果：{'allSuccess': True, 'items': {'A8': {'value': -9223372036854775808, 'quality': 0, 'errorMsg': None}}}
[2023-08-24 14:54:23,924] logger_util.py->write_log line:61 [INFO] 接口请求成功！
[2023-08-24 14:54:23,924] logger_util.py->write_log line:61 [INFO] 
-------------接口请求结束-----------

[2023-08-24 14:54:24,140] logger_util.py->write_log line:61 [INFO] 
-------------接口请求开始-----------
[2023-08-24 14:54:24,141] logger_util.py->write_log line:61 [INFO] 接口名称：下发io变量-A9-无符号64位整型
[2023-08-24 14:54:24,141] logger_util.py->write_log line:61 [INFO] 接口方式：post
[2023-08-24 14:54:24,141] logger_util.py->write_log line:61 [INFO] 接口路径：http://127.0.0.1:18000/api/v1/variable/setvalues
[2023-08-24 14:54:24,141] logger_util.py->write_log line:61 [INFO] 请求头：{'X-Project': 'a68f8739e9094911b0f74421369649cb', 'Authorization': 'Bearer eyJhbGciOiJIUzI1NiIsInR5cCI6IkpXVCJ9.eyJodHRwOi8vc2NoZW1hcy54bWxzb2FwLm9yZy93cy8yMDA1LzA1L2lkZW50aXR5L2NsYWltcy9uYW1lIjoiU3VwZXJBZG1pbiIsImh0dHA6Ly9zY2hlbWFzLnhtbHNvYXAub3JnL3dzLzIwMDUvMDUvaWRlbnRpdHkvY2xhaW1zL25hbWVpZGVudGlmaWVyIjoiU3VwZXJBZG1pbiIsImV4cCI6MTY5MzQ1MTIxNSwiaXNzIjoiQ01TdjIiLCJhdWQiOiJBcGkifQ.gj3Q5rVSuyTzguP8vMuwVhc3w3UHSBpckDQcczgjy6s'}
[2023-08-24 14:54:24,141] logger_util.py->write_log line:61 [INFO] 请求参数：{'A9': '0'}
[2023-08-24 14:54:24,141] logger_util.py->write_log line:61 [INFO] 文件上传：None
[2023-08-24 14:54:24,157] logger_util.py->write_log line:61 [INFO] 预期结果：[{'equals': {'status_code': 200}}, {'equals': {'allSuccess': True}}]
[2023-08-24 14:54:24,157] logger_util.py->write_log line:61 [INFO] 实际结果：{'allSuccess': True, 'items': {'A9': {'value': 0, 'quality': 0, 'errorMsg': None}}}
[2023-08-24 14:54:24,157] logger_util.py->write_log line:61 [INFO] 接口请求成功！
[2023-08-24 14:54:24,157] logger_util.py->write_log line:61 [INFO] 
-------------接口请求结束-----------

[2023-08-24 14:54:24,374] logger_util.py->write_log line:61 [INFO] 
-------------接口请求开始-----------
[2023-08-24 14:54:24,375] logger_util.py->write_log line:61 [INFO] 接口名称：下发io变量-A9-无符号64位整型
[2023-08-24 14:54:24,375] logger_util.py->write_log line:61 [INFO] 接口方式：post
[2023-08-24 14:54:24,375] logger_util.py->write_log line:61 [INFO] 接口路径：http://127.0.0.1:18000/api/v1/variable/setvalues
[2023-08-24 14:54:24,375] logger_util.py->write_log line:61 [INFO] 请求头：{'X-Project': 'a68f8739e9094911b0f74421369649cb', 'Authorization': 'Bearer eyJhbGciOiJIUzI1NiIsInR5cCI6IkpXVCJ9.eyJodHRwOi8vc2NoZW1hcy54bWxzb2FwLm9yZy93cy8yMDA1LzA1L2lkZW50aXR5L2NsYWltcy9uYW1lIjoiU3VwZXJBZG1pbiIsImh0dHA6Ly9zY2hlbWFzLnhtbHNvYXAub3JnL3dzLzIwMDUvMDUvaWRlbnRpdHkvY2xhaW1zL25hbWVpZGVudGlmaWVyIjoiU3VwZXJBZG1pbiIsImV4cCI6MTY5MzQ1MTIxNSwiaXNzIjoiQ01TdjIiLCJhdWQiOiJBcGkifQ.gj3Q5rVSuyTzguP8vMuwVhc3w3UHSBpckDQcczgjy6s'}
[2023-08-24 14:54:24,375] logger_util.py->write_log line:61 [INFO] 请求参数：{'A9': '18446744073709551615'}
[2023-08-24 14:54:24,375] logger_util.py->write_log line:61 [INFO] 文件上传：None
[2023-08-24 14:54:24,389] logger_util.py->write_log line:61 [INFO] 预期结果：[{'equals': {'status_code': 200}}, {'equals': {'allSuccess': True}}]
[2023-08-24 14:54:24,389] logger_util.py->write_log line:61 [INFO] 实际结果：{'allSuccess': True, 'items': {'A9': {'value': 18446744073709551615, 'quality': 0, 'errorMsg': None}}}
[2023-08-24 14:54:24,389] logger_util.py->write_log line:61 [INFO] 接口请求成功！
[2023-08-24 14:54:24,389] logger_util.py->write_log line:61 [INFO] 
-------------接口请求结束-----------

[2023-08-24 14:54:24,609] logger_util.py->write_log line:61 [INFO] 
-------------接口请求开始-----------
[2023-08-24 14:54:24,609] logger_util.py->write_log line:61 [INFO] 接口名称：下发io变量-A10-F32位浮点数IEEE754
[2023-08-24 14:54:24,609] logger_util.py->write_log line:61 [INFO] 接口方式：post
[2023-08-24 14:54:24,609] logger_util.py->write_log line:61 [INFO] 接口路径：http://127.0.0.1:18000/api/v1/variable/setvalues
[2023-08-24 14:54:24,609] logger_util.py->write_log line:61 [INFO] 请求头：{'X-Project': 'a68f8739e9094911b0f74421369649cb', 'Authorization': 'Bearer eyJhbGciOiJIUzI1NiIsInR5cCI6IkpXVCJ9.eyJodHRwOi8vc2NoZW1hcy54bWxzb2FwLm9yZy93cy8yMDA1LzA1L2lkZW50aXR5L2NsYWltcy9uYW1lIjoiU3VwZXJBZG1pbiIsImh0dHA6Ly9zY2hlbWFzLnhtbHNvYXAub3JnL3dzLzIwMDUvMDUvaWRlbnRpdHkvY2xhaW1zL25hbWVpZGVudGlmaWVyIjoiU3VwZXJBZG1pbiIsImV4cCI6MTY5MzQ1MTIxNSwiaXNzIjoiQ01TdjIiLCJhdWQiOiJBcGkifQ.gj3Q5rVSuyTzguP8vMuwVhc3w3UHSBpckDQcczgjy6s'}
[2023-08-24 14:54:24,610] logger_util.py->write_log line:61 [INFO] 请求参数：{'A10': '3.40282346638528E+38'}
[2023-08-24 14:54:24,610] logger_util.py->write_log line:61 [INFO] 文件上传：None
[2023-08-24 14:54:24,633] logger_util.py->write_log line:61 [INFO] 预期结果：[{'equals': {'status_code': 200}}, {'equals': {'allSuccess': True}}]
[2023-08-24 14:54:24,633] logger_util.py->write_log line:61 [INFO] 实际结果：{'allSuccess': True, 'items': {'A10': {'value': 3.40282346638528e+38, 'quality': 0, 'errorMsg': None}}}
[2023-08-24 14:54:24,633] logger_util.py->write_log line:61 [INFO] 接口请求成功！
[2023-08-24 14:54:24,633] logger_util.py->write_log line:61 [INFO] 
-------------接口请求结束-----------

[2023-08-24 14:54:24,842] logger_util.py->write_log line:61 [INFO] 
-------------接口请求开始-----------
[2023-08-24 14:54:24,843] logger_util.py->write_log line:61 [INFO] 接口名称：下发io变量-A10-F32位浮点数IEEE754
[2023-08-24 14:54:24,843] logger_util.py->write_log line:61 [INFO] 接口方式：post
[2023-08-24 14:54:24,843] logger_util.py->write_log line:61 [INFO] 接口路径：http://127.0.0.1:18000/api/v1/variable/setvalues
[2023-08-24 14:54:24,843] logger_util.py->write_log line:61 [INFO] 请求头：{'X-Project': 'a68f8739e9094911b0f74421369649cb', 'Authorization': 'Bearer eyJhbGciOiJIUzI1NiIsInR5cCI6IkpXVCJ9.eyJodHRwOi8vc2NoZW1hcy54bWxzb2FwLm9yZy93cy8yMDA1LzA1L2lkZW50aXR5L2NsYWltcy9uYW1lIjoiU3VwZXJBZG1pbiIsImh0dHA6Ly9zY2hlbWFzLnhtbHNvYXAub3JnL3dzLzIwMDUvMDUvaWRlbnRpdHkvY2xhaW1zL25hbWVpZGVudGlmaWVyIjoiU3VwZXJBZG1pbiIsImV4cCI6MTY5MzQ1MTIxNSwiaXNzIjoiQ01TdjIiLCJhdWQiOiJBcGkifQ.gj3Q5rVSuyTzguP8vMuwVhc3w3UHSBpckDQcczgjy6s'}
[2023-08-24 14:54:24,843] logger_util.py->write_log line:61 [INFO] 请求参数：{'A10': '-3.40282346638528E+38'}
[2023-08-24 14:54:24,843] logger_util.py->write_log line:61 [INFO] 文件上传：None
[2023-08-24 14:54:24,865] logger_util.py->write_log line:61 [INFO] 预期结果：[{'equals': {'status_code': 200}}, {'equals': {'allSuccess': True}}]
[2023-08-24 14:54:24,865] logger_util.py->write_log line:61 [INFO] 实际结果：{'allSuccess': True, 'items': {'A10': {'value': -3.40282346638528e+38, 'quality': 0, 'errorMsg': None}}}
[2023-08-24 14:54:24,865] logger_util.py->write_log line:61 [INFO] 接口请求成功！
[2023-08-24 14:54:24,865] logger_util.py->write_log line:61 [INFO] 
-------------接口请求结束-----------

[2023-08-24 14:54:25,084] logger_util.py->write_log line:61 [INFO] 
-------------接口请求开始-----------
[2023-08-24 14:54:25,084] logger_util.py->write_log line:61 [INFO] 接口名称：下发io变量-A12-字符串
[2023-08-24 14:54:25,084] logger_util.py->write_log line:61 [INFO] 接口方式：post
[2023-08-24 14:54:25,084] logger_util.py->write_log line:61 [INFO] 接口路径：http://127.0.0.1:18000/api/v1/variable/setvalues
[2023-08-24 14:54:25,084] logger_util.py->write_log line:61 [INFO] 请求头：{'X-Project': 'a68f8739e9094911b0f74421369649cb', 'Authorization': 'Bearer eyJhbGciOiJIUzI1NiIsInR5cCI6IkpXVCJ9.eyJodHRwOi8vc2NoZW1hcy54bWxzb2FwLm9yZy93cy8yMDA1LzA1L2lkZW50aXR5L2NsYWltcy9uYW1lIjoiU3VwZXJBZG1pbiIsImh0dHA6Ly9zY2hlbWFzLnhtbHNvYXAub3JnL3dzLzIwMDUvMDUvaWRlbnRpdHkvY2xhaW1zL25hbWVpZGVudGlmaWVyIjoiU3VwZXJBZG1pbiIsImV4cCI6MTY5MzQ1MTIxNSwiaXNzIjoiQ01TdjIiLCJhdWQiOiJBcGkifQ.gj3Q5rVSuyTzguP8vMuwVhc3w3UHSBpckDQcczgjy6s'}
[2023-08-24 14:54:25,085] logger_util.py->write_log line:61 [INFO] 请求参数：{'A12': '文本1'}
[2023-08-24 14:54:25,085] logger_util.py->write_log line:61 [INFO] 文件上传：None
[2023-08-24 14:54:25,110] logger_util.py->write_log line:61 [INFO] 预期结果：[{'equals': {'status_code': 200}}, {'equals': {'allSuccess': True}}]
[2023-08-24 14:54:25,110] logger_util.py->write_log line:61 [INFO] 实际结果：{'allSuccess': True, 'items': {'A12': {'value': '文本1', 'quality': 0, 'errorMsg': None}}}
[2023-08-24 14:54:25,110] logger_util.py->write_log line:61 [INFO] 接口请求成功！
[2023-08-24 14:54:25,110] logger_util.py->write_log line:61 [INFO] 
-------------接口请求结束-----------

[2023-08-24 14:54:25,326] logger_util.py->write_log line:61 [INFO] 
-------------接口请求开始-----------
[2023-08-24 14:54:25,326] logger_util.py->write_log line:61 [INFO] 接口名称：下发io变量-A12-字符串
[2023-08-24 14:54:25,326] logger_util.py->write_log line:61 [INFO] 接口方式：post
[2023-08-24 14:54:25,326] logger_util.py->write_log line:61 [INFO] 接口路径：http://127.0.0.1:18000/api/v1/variable/setvalues
[2023-08-24 14:54:25,326] logger_util.py->write_log line:61 [INFO] 请求头：{'X-Project': 'a68f8739e9094911b0f74421369649cb', 'Authorization': 'Bearer eyJhbGciOiJIUzI1NiIsInR5cCI6IkpXVCJ9.eyJodHRwOi8vc2NoZW1hcy54bWxzb2FwLm9yZy93cy8yMDA1LzA1L2lkZW50aXR5L2NsYWltcy9uYW1lIjoiU3VwZXJBZG1pbiIsImh0dHA6Ly9zY2hlbWFzLnhtbHNvYXAub3JnL3dzLzIwMDUvMDUvaWRlbnRpdHkvY2xhaW1zL25hbWVpZGVudGlmaWVyIjoiU3VwZXJBZG1pbiIsImV4cCI6MTY5MzQ1MTIxNSwiaXNzIjoiQ01TdjIiLCJhdWQiOiJBcGkifQ.gj3Q5rVSuyTzguP8vMuwVhc3w3UHSBpckDQcczgjy6s'}
[2023-08-24 14:54:25,326] logger_util.py->write_log line:61 [INFO] 请求参数：{'A12': ' #-~（）%'}
[2023-08-24 14:54:25,326] logger_util.py->write_log line:61 [INFO] 文件上传：None
[2023-08-24 14:54:25,344] logger_util.py->write_log line:61 [INFO] 预期结果：[{'equals': {'status_code': 200}}, {'equals': {'allSuccess': True}}]
[2023-08-24 14:54:25,344] logger_util.py->write_log line:61 [INFO] 实际结果：{'allSuccess': True, 'items': {'A12': {'value': ' #-~（）%', 'quality': 0, 'errorMsg': None}}}
[2023-08-24 14:54:25,344] logger_util.py->write_log line:61 [INFO] 接口请求成功！
[2023-08-24 14:54:25,344] logger_util.py->write_log line:61 [INFO] 
-------------接口请求结束-----------

[2023-08-24 14:54:25,565] logger_util.py->write_log line:61 [INFO] 
-------------接口请求开始-----------
[2023-08-24 14:54:25,565] logger_util.py->write_log line:61 [INFO] 接口名称：读取io变量-B1-int8缩放比：10
[2023-08-24 14:54:25,566] logger_util.py->write_log line:61 [INFO] 接口方式：post
[2023-08-24 14:54:25,566] logger_util.py->write_log line:61 [INFO] 接口路径：http://127.0.0.1:18000/api/v1/variable/getvalues
[2023-08-24 14:54:25,566] logger_util.py->write_log line:61 [INFO] 请求头：{'X-Project': 'a68f8739e9094911b0f74421369649cb', 'Authorization': 'Bearer eyJhbGciOiJIUzI1NiIsInR5cCI6IkpXVCJ9.eyJodHRwOi8vc2NoZW1hcy54bWxzb2FwLm9yZy93cy8yMDA1LzA1L2lkZW50aXR5L2NsYWltcy9uYW1lIjoiU3VwZXJBZG1pbiIsImh0dHA6Ly9zY2hlbWFzLnhtbHNvYXAub3JnL3dzLzIwMDUvMDUvaWRlbnRpdHkvY2xhaW1zL25hbWVpZGVudGlmaWVyIjoiU3VwZXJBZG1pbiIsImV4cCI6MTY5MzQ1MTIxNSwiaXNzIjoiQ01TdjIiLCJhdWQiOiJBcGkifQ.gj3Q5rVSuyTzguP8vMuwVhc3w3UHSBpckDQcczgjy6s'}
[2023-08-24 14:54:25,566] logger_util.py->write_log line:61 [INFO] 请求参数：['B1']
[2023-08-24 14:54:25,566] logger_util.py->write_log line:61 [INFO] 文件上传：None
[2023-08-24 14:54:25,570] logger_util.py->write_log line:61 [INFO] 预期结果：[{'equals': {'status_code': 200}}, {'equals': {'B1': '-120'}}]
[2023-08-24 14:54:25,570] logger_util.py->write_log line:61 [INFO] 实际结果：{'B1': '-120'}
[2023-08-24 14:54:25,571] logger_util.py->write_log line:61 [INFO] 接口请求成功！
[2023-08-24 14:54:25,571] logger_util.py->write_log line:61 [INFO] 
-------------接口请求结束-----------

[2023-08-24 14:54:25,793] logger_util.py->write_log line:61 [INFO] 
-------------接口请求开始-----------
[2023-08-24 14:54:25,793] logger_util.py->write_log line:61 [INFO] 接口名称：读取io变量-B2-int8缩放比：0.1
[2023-08-24 14:54:25,793] logger_util.py->write_log line:61 [INFO] 接口方式：post
[2023-08-24 14:54:25,794] logger_util.py->write_log line:61 [INFO] 接口路径：http://127.0.0.1:18000/api/v1/variable/getvalues
[2023-08-24 14:54:25,794] logger_util.py->write_log line:61 [INFO] 请求头：{'X-Project': 'a68f8739e9094911b0f74421369649cb', 'Authorization': 'Bearer eyJhbGciOiJIUzI1NiIsInR5cCI6IkpXVCJ9.eyJodHRwOi8vc2NoZW1hcy54bWxzb2FwLm9yZy93cy8yMDA1LzA1L2lkZW50aXR5L2NsYWltcy9uYW1lIjoiU3VwZXJBZG1pbiIsImh0dHA6Ly9zY2hlbWFzLnhtbHNvYXAub3JnL3dzLzIwMDUvMDUvaWRlbnRpdHkvY2xhaW1zL25hbWVpZGVudGlmaWVyIjoiU3VwZXJBZG1pbiIsImV4cCI6MTY5MzQ1MTIxNSwiaXNzIjoiQ01TdjIiLCJhdWQiOiJBcGkifQ.gj3Q5rVSuyTzguP8vMuwVhc3w3UHSBpckDQcczgjy6s'}
[2023-08-24 14:54:25,794] logger_util.py->write_log line:61 [INFO] 请求参数：['B2']
[2023-08-24 14:54:25,794] logger_util.py->write_log line:61 [INFO] 文件上传：None
[2023-08-24 14:54:25,796] logger_util.py->write_log line:61 [INFO] 预期结果：[{'equals': {'status_code': 200}}, {'equals': {'B2': '-12'}}]
[2023-08-24 14:54:25,796] logger_util.py->write_log line:61 [INFO] 实际结果：{'B2': '-12'}
[2023-08-24 14:54:25,796] logger_util.py->write_log line:61 [INFO] 接口请求成功！
[2023-08-24 14:54:25,797] logger_util.py->write_log line:61 [INFO] 
-------------接口请求结束-----------

[2023-08-24 14:54:26,011] logger_util.py->write_log line:61 [INFO] 
-------------接口请求开始-----------
[2023-08-24 14:54:26,012] logger_util.py->write_log line:61 [INFO] 接口名称：读取io变量-B3-int16缩放比：0.01，小数位：1，舍位
[2023-08-24 14:54:26,012] logger_util.py->write_log line:61 [INFO] 接口方式：post
[2023-08-24 14:54:26,012] logger_util.py->write_log line:61 [INFO] 接口路径：http://127.0.0.1:18000/api/v1/variable/getvalues
[2023-08-24 14:54:26,012] logger_util.py->write_log line:61 [INFO] 请求头：{'X-Project': 'a68f8739e9094911b0f74421369649cb', 'Authorization': 'Bearer eyJhbGciOiJIUzI1NiIsInR5cCI6IkpXVCJ9.eyJodHRwOi8vc2NoZW1hcy54bWxzb2FwLm9yZy93cy8yMDA1LzA1L2lkZW50aXR5L2NsYWltcy9uYW1lIjoiU3VwZXJBZG1pbiIsImh0dHA6Ly9zY2hlbWFzLnhtbHNvYXAub3JnL3dzLzIwMDUvMDUvaWRlbnRpdHkvY2xhaW1zL25hbWVpZGVudGlmaWVyIjoiU3VwZXJBZG1pbiIsImV4cCI6MTY5MzQ1MTIxNSwiaXNzIjoiQ01TdjIiLCJhdWQiOiJBcGkifQ.gj3Q5rVSuyTzguP8vMuwVhc3w3UHSBpckDQcczgjy6s'}
[2023-08-24 14:54:26,012] logger_util.py->write_log line:61 [INFO] 请求参数：['B3']
[2023-08-24 14:54:26,012] logger_util.py->write_log line:61 [INFO] 文件上传：None
[2023-08-24 14:54:26,015] logger_util.py->write_log line:61 [INFO] 预期结果：[{'equals': {'status_code': 200}}, {'equals': {'B3': '-327.6'}}]
[2023-08-24 14:54:26,015] logger_util.py->write_log line:61 [INFO] 实际结果：{'B3': '-327.6'}
[2023-08-24 14:54:26,015] logger_util.py->write_log line:61 [INFO] 接口请求成功！
[2023-08-24 14:54:26,015] logger_util.py->write_log line:61 [INFO] 
-------------接口请求结束-----------

[2023-08-24 14:54:26,228] logger_util.py->write_log line:61 [INFO] 
-------------接口请求开始-----------
[2023-08-24 14:54:26,229] logger_util.py->write_log line:61 [INFO] 接口名称：读取io变量-B4-int16缩放比：0.01，小数位：1，四舍
[2023-08-24 14:54:26,229] logger_util.py->write_log line:61 [INFO] 接口方式：post
[2023-08-24 14:54:26,229] logger_util.py->write_log line:61 [INFO] 接口路径：http://127.0.0.1:18000/api/v1/variable/getvalues
[2023-08-24 14:54:26,229] logger_util.py->write_log line:61 [INFO] 请求头：{'X-Project': 'a68f8739e9094911b0f74421369649cb', 'Authorization': 'Bearer eyJhbGciOiJIUzI1NiIsInR5cCI6IkpXVCJ9.eyJodHRwOi8vc2NoZW1hcy54bWxzb2FwLm9yZy93cy8yMDA1LzA1L2lkZW50aXR5L2NsYWltcy9uYW1lIjoiU3VwZXJBZG1pbiIsImh0dHA6Ly9zY2hlbWFzLnhtbHNvYXAub3JnL3dzLzIwMDUvMDUvaWRlbnRpdHkvY2xhaW1zL25hbWVpZGVudGlmaWVyIjoiU3VwZXJBZG1pbiIsImV4cCI6MTY5MzQ1MTIxNSwiaXNzIjoiQ01TdjIiLCJhdWQiOiJBcGkifQ.gj3Q5rVSuyTzguP8vMuwVhc3w3UHSBpckDQcczgjy6s'}
[2023-08-24 14:54:26,229] logger_util.py->write_log line:61 [INFO] 请求参数：['B4']
[2023-08-24 14:54:26,229] logger_util.py->write_log line:61 [INFO] 文件上传：None
[2023-08-24 14:54:26,232] logger_util.py->write_log line:61 [INFO] 预期结果：[{'equals': {'status_code': 200}}, {'equals': {'B4': '-327.6'}}]
[2023-08-24 14:54:26,232] logger_util.py->write_log line:61 [INFO] 实际结果：{'B4': '-327.6'}
[2023-08-24 14:54:26,232] logger_util.py->write_log line:61 [INFO] 接口请求成功！
[2023-08-24 14:54:26,232] logger_util.py->write_log line:61 [INFO] 
-------------接口请求结束-----------

[2023-08-24 14:54:26,447] logger_util.py->write_log line:61 [INFO] 
-------------接口请求开始-----------
[2023-08-24 14:54:26,447] logger_util.py->write_log line:61 [INFO] 接口名称：读取io变量-B5-int16缩放比：0.01，小数位：1，进位
[2023-08-24 14:54:26,447] logger_util.py->write_log line:61 [INFO] 接口方式：post
[2023-08-24 14:54:26,447] logger_util.py->write_log line:61 [INFO] 接口路径：http://127.0.0.1:18000/api/v1/variable/getvalues
[2023-08-24 14:54:26,447] logger_util.py->write_log line:61 [INFO] 请求头：{'X-Project': 'a68f8739e9094911b0f74421369649cb', 'Authorization': 'Bearer eyJhbGciOiJIUzI1NiIsInR5cCI6IkpXVCJ9.eyJodHRwOi8vc2NoZW1hcy54bWxzb2FwLm9yZy93cy8yMDA1LzA1L2lkZW50aXR5L2NsYWltcy9uYW1lIjoiU3VwZXJBZG1pbiIsImh0dHA6Ly9zY2hlbWFzLnhtbHNvYXAub3JnL3dzLzIwMDUvMDUvaWRlbnRpdHkvY2xhaW1zL25hbWVpZGVudGlmaWVyIjoiU3VwZXJBZG1pbiIsImV4cCI6MTY5MzQ1MTIxNSwiaXNzIjoiQ01TdjIiLCJhdWQiOiJBcGkifQ.gj3Q5rVSuyTzguP8vMuwVhc3w3UHSBpckDQcczgjy6s'}
[2023-08-24 14:54:26,447] logger_util.py->write_log line:61 [INFO] 请求参数：['B5']
[2023-08-24 14:54:26,447] logger_util.py->write_log line:61 [INFO] 文件上传：None
[2023-08-24 14:54:26,450] logger_util.py->write_log line:61 [INFO] 预期结果：[{'equals': {'status_code': 200}}, {'equals': {'B5': '-327.6'}}]
[2023-08-24 14:54:26,451] logger_util.py->write_log line:61 [INFO] 实际结果：{'B5': '-327.6'}
[2023-08-24 14:54:26,451] logger_util.py->write_log line:61 [INFO] 接口请求成功！
[2023-08-24 14:54:26,451] logger_util.py->write_log line:61 [INFO] 
-------------接口请求结束-----------

[2023-08-24 14:54:26,667] logger_util.py->write_log line:61 [INFO] 
-------------接口请求开始-----------
[2023-08-24 14:54:26,667] logger_util.py->write_log line:61 [INFO] 接口名称：读取io变量-B6-float32小数位：2，舍位
[2023-08-24 14:54:26,667] logger_util.py->write_log line:61 [INFO] 接口方式：post
[2023-08-24 14:54:26,667] logger_util.py->write_log line:61 [INFO] 接口路径：http://127.0.0.1:18000/api/v1/variable/getvalues
[2023-08-24 14:54:26,668] logger_util.py->write_log line:61 [INFO] 请求头：{'X-Project': 'a68f8739e9094911b0f74421369649cb', 'Authorization': 'Bearer eyJhbGciOiJIUzI1NiIsInR5cCI6IkpXVCJ9.eyJodHRwOi8vc2NoZW1hcy54bWxzb2FwLm9yZy93cy8yMDA1LzA1L2lkZW50aXR5L2NsYWltcy9uYW1lIjoiU3VwZXJBZG1pbiIsImh0dHA6Ly9zY2hlbWFzLnhtbHNvYXAub3JnL3dzLzIwMDUvMDUvaWRlbnRpdHkvY2xhaW1zL25hbWVpZGVudGlmaWVyIjoiU3VwZXJBZG1pbiIsImV4cCI6MTY5MzQ1MTIxNSwiaXNzIjoiQ01TdjIiLCJhdWQiOiJBcGkifQ.gj3Q5rVSuyTzguP8vMuwVhc3w3UHSBpckDQcczgjy6s'}
[2023-08-24 14:54:26,668] logger_util.py->write_log line:61 [INFO] 请求参数：['B6']
[2023-08-24 14:54:26,668] logger_util.py->write_log line:61 [INFO] 文件上传：None
[2023-08-24 14:54:26,670] logger_util.py->write_log line:61 [INFO] 预期结果：[{'equals': {'status_code': 200}}, {'equals': {'B6': '-10.45'}}]
[2023-08-24 14:54:26,671] logger_util.py->write_log line:61 [INFO] 实际结果：{'B6': '-10.45'}
[2023-08-24 14:54:26,671] logger_util.py->write_log line:61 [INFO] 接口请求成功！
[2023-08-24 14:54:26,671] logger_util.py->write_log line:61 [INFO] 
-------------接口请求结束-----------

[2023-08-24 14:54:26,888] logger_util.py->write_log line:61 [INFO] 
-------------接口请求开始-----------
[2023-08-24 14:54:26,889] logger_util.py->write_log line:61 [INFO] 接口名称：读取io变量-B7-float32小数位：2，四舍
[2023-08-24 14:54:26,889] logger_util.py->write_log line:61 [INFO] 接口方式：post
[2023-08-24 14:54:26,889] logger_util.py->write_log line:61 [INFO] 接口路径：http://127.0.0.1:18000/api/v1/variable/getvalues
[2023-08-24 14:54:26,889] logger_util.py->write_log line:61 [INFO] 请求头：{'X-Project': 'a68f8739e9094911b0f74421369649cb', 'Authorization': 'Bearer eyJhbGciOiJIUzI1NiIsInR5cCI6IkpXVCJ9.eyJodHRwOi8vc2NoZW1hcy54bWxzb2FwLm9yZy93cy8yMDA1LzA1L2lkZW50aXR5L2NsYWltcy9uYW1lIjoiU3VwZXJBZG1pbiIsImh0dHA6Ly9zY2hlbWFzLnhtbHNvYXAub3JnL3dzLzIwMDUvMDUvaWRlbnRpdHkvY2xhaW1zL25hbWVpZGVudGlmaWVyIjoiU3VwZXJBZG1pbiIsImV4cCI6MTY5MzQ1MTIxNSwiaXNzIjoiQ01TdjIiLCJhdWQiOiJBcGkifQ.gj3Q5rVSuyTzguP8vMuwVhc3w3UHSBpckDQcczgjy6s'}
[2023-08-24 14:54:26,889] logger_util.py->write_log line:61 [INFO] 请求参数：['B7']
[2023-08-24 14:54:26,889] logger_util.py->write_log line:61 [INFO] 文件上传：None
[2023-08-24 14:54:26,892] logger_util.py->write_log line:61 [INFO] 预期结果：[{'equals': {'status_code': 200}}, {'equals': {'B7': '-10.46'}}]
[2023-08-24 14:54:26,892] logger_util.py->write_log line:61 [INFO] 实际结果：{'B7': '-10.46'}
[2023-08-24 14:54:26,892] logger_util.py->write_log line:61 [INFO] 接口请求成功！
[2023-08-24 14:54:26,892] logger_util.py->write_log line:61 [INFO] 
-------------接口请求结束-----------

[2023-08-24 14:54:27,107] logger_util.py->write_log line:61 [INFO] 
-------------接口请求开始-----------
[2023-08-24 14:54:27,107] logger_util.py->write_log line:61 [INFO] 接口名称：读取io变量-B8-float32小数位：2，进位
[2023-08-24 14:54:27,107] logger_util.py->write_log line:61 [INFO] 接口方式：post
[2023-08-24 14:54:27,107] logger_util.py->write_log line:61 [INFO] 接口路径：http://127.0.0.1:18000/api/v1/variable/getvalues
[2023-08-24 14:54:27,107] logger_util.py->write_log line:61 [INFO] 请求头：{'X-Project': 'a68f8739e9094911b0f74421369649cb', 'Authorization': 'Bearer eyJhbGciOiJIUzI1NiIsInR5cCI6IkpXVCJ9.eyJodHRwOi8vc2NoZW1hcy54bWxzb2FwLm9yZy93cy8yMDA1LzA1L2lkZW50aXR5L2NsYWltcy9uYW1lIjoiU3VwZXJBZG1pbiIsImh0dHA6Ly9zY2hlbWFzLnhtbHNvYXAub3JnL3dzLzIwMDUvMDUvaWRlbnRpdHkvY2xhaW1zL25hbWVpZGVudGlmaWVyIjoiU3VwZXJBZG1pbiIsImV4cCI6MTY5MzQ1MTIxNSwiaXNzIjoiQ01TdjIiLCJhdWQiOiJBcGkifQ.gj3Q5rVSuyTzguP8vMuwVhc3w3UHSBpckDQcczgjy6s'}
[2023-08-24 14:54:27,107] logger_util.py->write_log line:61 [INFO] 请求参数：['B8']
[2023-08-24 14:54:27,107] logger_util.py->write_log line:61 [INFO] 文件上传：None
[2023-08-24 14:54:27,110] logger_util.py->write_log line:61 [INFO] 预期结果：[{'equals': {'status_code': 200}}, {'equals': {'B8': '-10.46'}}]
[2023-08-24 14:54:27,110] logger_util.py->write_log line:61 [INFO] 实际结果：{'B8': '-10.46'}
[2023-08-24 14:54:27,110] logger_util.py->write_log line:61 [INFO] 接口请求成功！
[2023-08-24 14:54:27,110] logger_util.py->write_log line:61 [INFO] 
-------------接口请求结束-----------

[2023-08-24 14:54:27,326] logger_util.py->write_log line:61 [INFO] 
-------------接口请求开始-----------
[2023-08-24 14:54:27,326] logger_util.py->write_log line:61 [INFO] 接口名称：读取io变量-A1-二进制
[2023-08-24 14:54:27,326] logger_util.py->write_log line:61 [INFO] 接口方式：post
[2023-08-24 14:54:27,326] logger_util.py->write_log line:61 [INFO] 接口路径：http://127.0.0.1:18000/api/v1/variable/getvalues
[2023-08-24 14:54:27,326] logger_util.py->write_log line:61 [INFO] 请求头：{'X-Project': 'a68f8739e9094911b0f74421369649cb', 'Authorization': 'Bearer eyJhbGciOiJIUzI1NiIsInR5cCI6IkpXVCJ9.eyJodHRwOi8vc2NoZW1hcy54bWxzb2FwLm9yZy93cy8yMDA1LzA1L2lkZW50aXR5L2NsYWltcy9uYW1lIjoiU3VwZXJBZG1pbiIsImh0dHA6Ly9zY2hlbWFzLnhtbHNvYXAub3JnL3dzLzIwMDUvMDUvaWRlbnRpdHkvY2xhaW1zL25hbWVpZGVudGlmaWVyIjoiU3VwZXJBZG1pbiIsImV4cCI6MTY5MzQ1MTIxNSwiaXNzIjoiQ01TdjIiLCJhdWQiOiJBcGkifQ.gj3Q5rVSuyTzguP8vMuwVhc3w3UHSBpckDQcczgjy6s'}
[2023-08-24 14:54:27,326] logger_util.py->write_log line:61 [INFO] 请求参数：['A1']
[2023-08-24 14:54:27,326] logger_util.py->write_log line:61 [INFO] 文件上传：None
[2023-08-24 14:54:27,329] logger_util.py->write_log line:61 [INFO] 预期结果：[{'equals': {'status_code': 200}}, {'equals': {'A1': 'False'}}]
[2023-08-24 14:54:27,329] logger_util.py->write_log line:61 [INFO] 实际结果：{'A1': 'False'}
[2023-08-24 14:54:27,329] logger_util.py->write_log line:61 [INFO] 接口请求成功！
[2023-08-24 14:54:27,329] logger_util.py->write_log line:61 [INFO] 
-------------接口请求结束-----------

[2023-08-24 14:54:27,550] logger_util.py->write_log line:61 [INFO] 
-------------接口请求开始-----------
[2023-08-24 14:54:27,550] logger_util.py->write_log line:61 [INFO] 接口名称：读取io变量-A2-有符号8位整型
[2023-08-24 14:54:27,551] logger_util.py->write_log line:61 [INFO] 接口方式：post
[2023-08-24 14:54:27,551] logger_util.py->write_log line:61 [INFO] 接口路径：http://127.0.0.1:18000/api/v1/variable/getvalues
[2023-08-24 14:54:27,551] logger_util.py->write_log line:61 [INFO] 请求头：{'X-Project': 'a68f8739e9094911b0f74421369649cb', 'Authorization': 'Bearer eyJhbGciOiJIUzI1NiIsInR5cCI6IkpXVCJ9.eyJodHRwOi8vc2NoZW1hcy54bWxzb2FwLm9yZy93cy8yMDA1LzA1L2lkZW50aXR5L2NsYWltcy9uYW1lIjoiU3VwZXJBZG1pbiIsImh0dHA6Ly9zY2hlbWFzLnhtbHNvYXAub3JnL3dzLzIwMDUvMDUvaWRlbnRpdHkvY2xhaW1zL25hbWVpZGVudGlmaWVyIjoiU3VwZXJBZG1pbiIsImV4cCI6MTY5MzQ1MTIxNSwiaXNzIjoiQ01TdjIiLCJhdWQiOiJBcGkifQ.gj3Q5rVSuyTzguP8vMuwVhc3w3UHSBpckDQcczgjy6s'}
[2023-08-24 14:54:27,551] logger_util.py->write_log line:61 [INFO] 请求参数：['A2']
[2023-08-24 14:54:27,551] logger_util.py->write_log line:61 [INFO] 文件上传：None
[2023-08-24 14:54:27,555] logger_util.py->write_log line:61 [INFO] 预期结果：[{'equals': {'status_code': 200}}, {'equals': {'A2': '-128'}}]
[2023-08-24 14:54:27,555] logger_util.py->write_log line:61 [INFO] 实际结果：{'A2': '-128'}
[2023-08-24 14:54:27,555] logger_util.py->write_log line:61 [INFO] 接口请求成功！
[2023-08-24 14:54:27,555] logger_util.py->write_log line:61 [INFO] 
-------------接口请求结束-----------

[2023-08-24 14:54:27,773] logger_util.py->write_log line:61 [INFO] 
-------------接口请求开始-----------
[2023-08-24 14:54:27,773] logger_util.py->write_log line:61 [INFO] 接口名称：读取io变量-A3-无符号8位整型
[2023-08-24 14:54:27,773] logger_util.py->write_log line:61 [INFO] 接口方式：post
[2023-08-24 14:54:27,773] logger_util.py->write_log line:61 [INFO] 接口路径：http://127.0.0.1:18000/api/v1/variable/getvalues
[2023-08-24 14:54:27,774] logger_util.py->write_log line:61 [INFO] 请求头：{'X-Project': 'a68f8739e9094911b0f74421369649cb', 'Authorization': 'Bearer eyJhbGciOiJIUzI1NiIsInR5cCI6IkpXVCJ9.eyJodHRwOi8vc2NoZW1hcy54bWxzb2FwLm9yZy93cy8yMDA1LzA1L2lkZW50aXR5L2NsYWltcy9uYW1lIjoiU3VwZXJBZG1pbiIsImh0dHA6Ly9zY2hlbWFzLnhtbHNvYXAub3JnL3dzLzIwMDUvMDUvaWRlbnRpdHkvY2xhaW1zL25hbWVpZGVudGlmaWVyIjoiU3VwZXJBZG1pbiIsImV4cCI6MTY5MzQ1MTIxNSwiaXNzIjoiQ01TdjIiLCJhdWQiOiJBcGkifQ.gj3Q5rVSuyTzguP8vMuwVhc3w3UHSBpckDQcczgjy6s'}
[2023-08-24 14:54:27,774] logger_util.py->write_log line:61 [INFO] 请求参数：['A3']
[2023-08-24 14:54:27,774] logger_util.py->write_log line:61 [INFO] 文件上传：None
[2023-08-24 14:54:27,779] logger_util.py->write_log line:61 [INFO] 预期结果：[{'equals': {'status_code': 200}}, {'equals': {'A3': '255'}}]
[2023-08-24 14:54:27,779] logger_util.py->write_log line:61 [INFO] 实际结果：{'A3': '255'}
[2023-08-24 14:54:27,779] logger_util.py->write_log line:61 [INFO] 接口请求成功！
[2023-08-24 14:54:27,779] logger_util.py->write_log line:61 [INFO] 
-------------接口请求结束-----------

[2023-08-24 14:54:28,000] logger_util.py->write_log line:61 [INFO] 
-------------接口请求开始-----------
[2023-08-24 14:54:28,001] logger_util.py->write_log line:61 [INFO] 接口名称：读取io变量-A4-有符号16位整型
[2023-08-24 14:54:28,001] logger_util.py->write_log line:61 [INFO] 接口方式：post
[2023-08-24 14:54:28,001] logger_util.py->write_log line:61 [INFO] 接口路径：http://127.0.0.1:18000/api/v1/variable/getvalues
[2023-08-24 14:54:28,001] logger_util.py->write_log line:61 [INFO] 请求头：{'X-Project': 'a68f8739e9094911b0f74421369649cb', 'Authorization': 'Bearer eyJhbGciOiJIUzI1NiIsInR5cCI6IkpXVCJ9.eyJodHRwOi8vc2NoZW1hcy54bWxzb2FwLm9yZy93cy8yMDA1LzA1L2lkZW50aXR5L2NsYWltcy9uYW1lIjoiU3VwZXJBZG1pbiIsImh0dHA6Ly9zY2hlbWFzLnhtbHNvYXAub3JnL3dzLzIwMDUvMDUvaWRlbnRpdHkvY2xhaW1zL25hbWVpZGVudGlmaWVyIjoiU3VwZXJBZG1pbiIsImV4cCI6MTY5MzQ1MTIxNSwiaXNzIjoiQ01TdjIiLCJhdWQiOiJBcGkifQ.gj3Q5rVSuyTzguP8vMuwVhc3w3UHSBpckDQcczgjy6s'}
[2023-08-24 14:54:28,001] logger_util.py->write_log line:61 [INFO] 请求参数：['A4']
[2023-08-24 14:54:28,001] logger_util.py->write_log line:61 [INFO] 文件上传：None
[2023-08-24 14:54:28,006] logger_util.py->write_log line:61 [INFO] 预期结果：[{'equals': {'status_code': 200}}, {'equals': {'A4': '-32768'}}]
[2023-08-24 14:54:28,006] logger_util.py->write_log line:61 [INFO] 实际结果：{'A4': '-32768'}
[2023-08-24 14:54:28,006] logger_util.py->write_log line:61 [INFO] 接口请求成功！
[2023-08-24 14:54:28,006] logger_util.py->write_log line:61 [INFO] 
-------------接口请求结束-----------

[2023-08-24 14:54:28,218] logger_util.py->write_log line:61 [INFO] 
-------------接口请求开始-----------
[2023-08-24 14:54:28,218] logger_util.py->write_log line:61 [INFO] 接口名称：读取io变量-A5-无符号16位整型
[2023-08-24 14:54:28,218] logger_util.py->write_log line:61 [INFO] 接口方式：post
[2023-08-24 14:54:28,219] logger_util.py->write_log line:61 [INFO] 接口路径：http://127.0.0.1:18000/api/v1/variable/getvalues
[2023-08-24 14:54:28,219] logger_util.py->write_log line:61 [INFO] 请求头：{'X-Project': 'a68f8739e9094911b0f74421369649cb', 'Authorization': 'Bearer eyJhbGciOiJIUzI1NiIsInR5cCI6IkpXVCJ9.eyJodHRwOi8vc2NoZW1hcy54bWxzb2FwLm9yZy93cy8yMDA1LzA1L2lkZW50aXR5L2NsYWltcy9uYW1lIjoiU3VwZXJBZG1pbiIsImh0dHA6Ly9zY2hlbWFzLnhtbHNvYXAub3JnL3dzLzIwMDUvMDUvaWRlbnRpdHkvY2xhaW1zL25hbWVpZGVudGlmaWVyIjoiU3VwZXJBZG1pbiIsImV4cCI6MTY5MzQ1MTIxNSwiaXNzIjoiQ01TdjIiLCJhdWQiOiJBcGkifQ.gj3Q5rVSuyTzguP8vMuwVhc3w3UHSBpckDQcczgjy6s'}
[2023-08-24 14:54:28,219] logger_util.py->write_log line:61 [INFO] 请求参数：['A5']
[2023-08-24 14:54:28,219] logger_util.py->write_log line:61 [INFO] 文件上传：None
[2023-08-24 14:54:28,221] logger_util.py->write_log line:61 [INFO] 预期结果：[{'equals': {'status_code': 200}}, {'equals': {'A5': '65535'}}]
[2023-08-24 14:54:28,222] logger_util.py->write_log line:61 [INFO] 实际结果：{'A5': '65535'}
[2023-08-24 14:54:28,222] logger_util.py->write_log line:61 [INFO] 接口请求成功！
[2023-08-24 14:54:28,222] logger_util.py->write_log line:61 [INFO] 
-------------接口请求结束-----------

[2023-08-24 14:54:28,434] logger_util.py->write_log line:61 [INFO] 
-------------接口请求开始-----------
[2023-08-24 14:54:28,434] logger_util.py->write_log line:61 [INFO] 接口名称：读取io变量-A6-有符号32位整型
[2023-08-24 14:54:28,434] logger_util.py->write_log line:61 [INFO] 接口方式：post
[2023-08-24 14:54:28,434] logger_util.py->write_log line:61 [INFO] 接口路径：http://127.0.0.1:18000/api/v1/variable/getvalues
[2023-08-24 14:54:28,434] logger_util.py->write_log line:61 [INFO] 请求头：{'X-Project': 'a68f8739e9094911b0f74421369649cb', 'Authorization': 'Bearer eyJhbGciOiJIUzI1NiIsInR5cCI6IkpXVCJ9.eyJodHRwOi8vc2NoZW1hcy54bWxzb2FwLm9yZy93cy8yMDA1LzA1L2lkZW50aXR5L2NsYWltcy9uYW1lIjoiU3VwZXJBZG1pbiIsImh0dHA6Ly9zY2hlbWFzLnhtbHNvYXAub3JnL3dzLzIwMDUvMDUvaWRlbnRpdHkvY2xhaW1zL25hbWVpZGVudGlmaWVyIjoiU3VwZXJBZG1pbiIsImV4cCI6MTY5MzQ1MTIxNSwiaXNzIjoiQ01TdjIiLCJhdWQiOiJBcGkifQ.gj3Q5rVSuyTzguP8vMuwVhc3w3UHSBpckDQcczgjy6s'}
[2023-08-24 14:54:28,434] logger_util.py->write_log line:61 [INFO] 请求参数：['A6']
[2023-08-24 14:54:28,435] logger_util.py->write_log line:61 [INFO] 文件上传：None
[2023-08-24 14:54:28,438] logger_util.py->write_log line:61 [INFO] 预期结果：[{'equals': {'status_code': 200}}, {'equals': {'A6': '-2147483648'}}]
[2023-08-24 14:54:28,438] logger_util.py->write_log line:61 [INFO] 实际结果：{'A6': '-2147483648'}
[2023-08-24 14:54:28,438] logger_util.py->write_log line:61 [INFO] 接口请求成功！
[2023-08-24 14:54:28,438] logger_util.py->write_log line:61 [INFO] 
-------------接口请求结束-----------

[2023-08-24 14:54:28,652] logger_util.py->write_log line:61 [INFO] 
-------------接口请求开始-----------
[2023-08-24 14:54:28,652] logger_util.py->write_log line:61 [INFO] 接口名称：读取io变量-A7-无符号32位整型
[2023-08-24 14:54:28,653] logger_util.py->write_log line:61 [INFO] 接口方式：post
[2023-08-24 14:54:28,653] logger_util.py->write_log line:61 [INFO] 接口路径：http://127.0.0.1:18000/api/v1/variable/getvalues
[2023-08-24 14:54:28,653] logger_util.py->write_log line:61 [INFO] 请求头：{'X-Project': 'a68f8739e9094911b0f74421369649cb', 'Authorization': 'Bearer eyJhbGciOiJIUzI1NiIsInR5cCI6IkpXVCJ9.eyJodHRwOi8vc2NoZW1hcy54bWxzb2FwLm9yZy93cy8yMDA1LzA1L2lkZW50aXR5L2NsYWltcy9uYW1lIjoiU3VwZXJBZG1pbiIsImh0dHA6Ly9zY2hlbWFzLnhtbHNvYXAub3JnL3dzLzIwMDUvMDUvaWRlbnRpdHkvY2xhaW1zL25hbWVpZGVudGlmaWVyIjoiU3VwZXJBZG1pbiIsImV4cCI6MTY5MzQ1MTIxNSwiaXNzIjoiQ01TdjIiLCJhdWQiOiJBcGkifQ.gj3Q5rVSuyTzguP8vMuwVhc3w3UHSBpckDQcczgjy6s'}
[2023-08-24 14:54:28,653] logger_util.py->write_log line:61 [INFO] 请求参数：['A7']
[2023-08-24 14:54:28,653] logger_util.py->write_log line:61 [INFO] 文件上传：None
[2023-08-24 14:54:28,656] logger_util.py->write_log line:61 [INFO] 预期结果：[{'equals': {'status_code': 200}}, {'equals': {'A7': '429496725'}}]
[2023-08-24 14:54:28,656] logger_util.py->write_log line:61 [INFO] 实际结果：{'A7': '429496725'}
[2023-08-24 14:54:28,656] logger_util.py->write_log line:61 [INFO] 接口请求成功！
[2023-08-24 14:54:28,656] logger_util.py->write_log line:61 [INFO] 
-------------接口请求结束-----------

[2023-08-24 14:54:28,870] logger_util.py->write_log line:61 [INFO] 
-------------接口请求开始-----------
[2023-08-24 14:54:28,870] logger_util.py->write_log line:61 [INFO] 接口名称：读取io变量-A8-有符号64位整型
[2023-08-24 14:54:28,871] logger_util.py->write_log line:61 [INFO] 接口方式：post
[2023-08-24 14:54:28,871] logger_util.py->write_log line:61 [INFO] 接口路径：http://127.0.0.1:18000/api/v1/variable/getvalues
[2023-08-24 14:54:28,871] logger_util.py->write_log line:61 [INFO] 请求头：{'X-Project': 'a68f8739e9094911b0f74421369649cb', 'Authorization': 'Bearer eyJhbGciOiJIUzI1NiIsInR5cCI6IkpXVCJ9.eyJodHRwOi8vc2NoZW1hcy54bWxzb2FwLm9yZy93cy8yMDA1LzA1L2lkZW50aXR5L2NsYWltcy9uYW1lIjoiU3VwZXJBZG1pbiIsImh0dHA6Ly9zY2hlbWFzLnhtbHNvYXAub3JnL3dzLzIwMDUvMDUvaWRlbnRpdHkvY2xhaW1zL25hbWVpZGVudGlmaWVyIjoiU3VwZXJBZG1pbiIsImV4cCI6MTY5MzQ1MTIxNSwiaXNzIjoiQ01TdjIiLCJhdWQiOiJBcGkifQ.gj3Q5rVSuyTzguP8vMuwVhc3w3UHSBpckDQcczgjy6s'}
[2023-08-24 14:54:28,871] logger_util.py->write_log line:61 [INFO] 请求参数：['A8']
[2023-08-24 14:54:28,871] logger_util.py->write_log line:61 [INFO] 文件上传：None
[2023-08-24 14:54:28,874] logger_util.py->write_log line:61 [INFO] 预期结果：[{'equals': {'status_code': 200}}, {'equals': {'A8': '-9223372036854775808'}}]
[2023-08-24 14:54:28,874] logger_util.py->write_log line:61 [INFO] 实际结果：{'A8': '-9223372036854775808'}
[2023-08-24 14:54:28,874] logger_util.py->write_log line:61 [INFO] 接口请求成功！
[2023-08-24 14:54:28,874] logger_util.py->write_log line:61 [INFO] 
-------------接口请求结束-----------

[2023-08-24 14:54:29,087] logger_util.py->write_log line:61 [INFO] 
-------------接口请求开始-----------
[2023-08-24 14:54:29,088] logger_util.py->write_log line:61 [INFO] 接口名称：读取io变量-A9-无符号64位整型
[2023-08-24 14:54:29,088] logger_util.py->write_log line:61 [INFO] 接口方式：post
[2023-08-24 14:54:29,088] logger_util.py->write_log line:61 [INFO] 接口路径：http://127.0.0.1:18000/api/v1/variable/getvalues
[2023-08-24 14:54:29,088] logger_util.py->write_log line:61 [INFO] 请求头：{'X-Project': 'a68f8739e9094911b0f74421369649cb', 'Authorization': 'Bearer eyJhbGciOiJIUzI1NiIsInR5cCI6IkpXVCJ9.eyJodHRwOi8vc2NoZW1hcy54bWxzb2FwLm9yZy93cy8yMDA1LzA1L2lkZW50aXR5L2NsYWltcy9uYW1lIjoiU3VwZXJBZG1pbiIsImh0dHA6Ly9zY2hlbWFzLnhtbHNvYXAub3JnL3dzLzIwMDUvMDUvaWRlbnRpdHkvY2xhaW1zL25hbWVpZGVudGlmaWVyIjoiU3VwZXJBZG1pbiIsImV4cCI6MTY5MzQ1MTIxNSwiaXNzIjoiQ01TdjIiLCJhdWQiOiJBcGkifQ.gj3Q5rVSuyTzguP8vMuwVhc3w3UHSBpckDQcczgjy6s'}
[2023-08-24 14:54:29,088] logger_util.py->write_log line:61 [INFO] 请求参数：['A9']
[2023-08-24 14:54:29,088] logger_util.py->write_log line:61 [INFO] 文件上传：None
[2023-08-24 14:54:29,091] logger_util.py->write_log line:61 [INFO] 预期结果：[{'equals': {'status_code': 200}}, {'equals': {'A9': '18446744073709551615'}}]
[2023-08-24 14:54:29,091] logger_util.py->write_log line:61 [INFO] 实际结果：{'A9': '18446744073709551615'}
[2023-08-24 14:54:29,091] logger_util.py->write_log line:61 [INFO] 接口请求成功！
[2023-08-24 14:54:29,091] logger_util.py->write_log line:61 [INFO] 
-------------接口请求结束-----------

[2023-08-24 14:54:29,303] logger_util.py->write_log line:61 [INFO] 
-------------接口请求开始-----------
[2023-08-24 14:54:29,304] logger_util.py->write_log line:61 [INFO] 接口名称：读取io变量-A10-F32位浮点数IEEE754
[2023-08-24 14:54:29,304] logger_util.py->write_log line:61 [INFO] 接口方式：post
[2023-08-24 14:54:29,304] logger_util.py->write_log line:61 [INFO] 接口路径：http://127.0.0.1:18000/api/v1/variable/getvalues
[2023-08-24 14:54:29,304] logger_util.py->write_log line:61 [INFO] 请求头：{'X-Project': 'a68f8739e9094911b0f74421369649cb', 'Authorization': 'Bearer eyJhbGciOiJIUzI1NiIsInR5cCI6IkpXVCJ9.eyJodHRwOi8vc2NoZW1hcy54bWxzb2FwLm9yZy93cy8yMDA1LzA1L2lkZW50aXR5L2NsYWltcy9uYW1lIjoiU3VwZXJBZG1pbiIsImh0dHA6Ly9zY2hlbWFzLnhtbHNvYXAub3JnL3dzLzIwMDUvMDUvaWRlbnRpdHkvY2xhaW1zL25hbWVpZGVudGlmaWVyIjoiU3VwZXJBZG1pbiIsImV4cCI6MTY5MzQ1MTIxNSwiaXNzIjoiQ01TdjIiLCJhdWQiOiJBcGkifQ.gj3Q5rVSuyTzguP8vMuwVhc3w3UHSBpckDQcczgjy6s'}
[2023-08-24 14:54:29,304] logger_util.py->write_log line:61 [INFO] 请求参数：['A10']
[2023-08-24 14:54:29,304] logger_util.py->write_log line:61 [INFO] 文件上传：None
[2023-08-24 14:54:29,307] logger_util.py->write_log line:61 [INFO] 预期结果：[{'equals': {'status_code': 200}}, {'equals': {'A10': '-3.402823E+38'}}]
[2023-08-24 14:54:29,307] logger_util.py->write_log line:61 [INFO] 实际结果：{'A10': '-3.402823E+38'}
[2023-08-24 14:54:29,307] logger_util.py->write_log line:61 [INFO] 接口请求成功！
[2023-08-24 14:54:29,307] logger_util.py->write_log line:61 [INFO] 
-------------接口请求结束-----------

[2023-08-24 14:54:29,526] logger_util.py->write_log line:61 [INFO] 
-------------接口请求开始-----------
[2023-08-24 14:54:29,526] logger_util.py->write_log line:61 [INFO] 接口名称：读取io变量-A11-F64位浮点数IEEE754
[2023-08-24 14:54:29,526] logger_util.py->write_log line:61 [INFO] 接口方式：post
[2023-08-24 14:54:29,526] logger_util.py->write_log line:61 [INFO] 接口路径：http://127.0.0.1:18000/api/v1/variable/getvalues
[2023-08-24 14:54:29,526] logger_util.py->write_log line:61 [INFO] 请求头：{'X-Project': 'a68f8739e9094911b0f74421369649cb', 'Authorization': 'Bearer eyJhbGciOiJIUzI1NiIsInR5cCI6IkpXVCJ9.eyJodHRwOi8vc2NoZW1hcy54bWxzb2FwLm9yZy93cy8yMDA1LzA1L2lkZW50aXR5L2NsYWltcy9uYW1lIjoiU3VwZXJBZG1pbiIsImh0dHA6Ly9zY2hlbWFzLnhtbHNvYXAub3JnL3dzLzIwMDUvMDUvaWRlbnRpdHkvY2xhaW1zL25hbWVpZGVudGlmaWVyIjoiU3VwZXJBZG1pbiIsImV4cCI6MTY5MzQ1MTIxNSwiaXNzIjoiQ01TdjIiLCJhdWQiOiJBcGkifQ.gj3Q5rVSuyTzguP8vMuwVhc3w3UHSBpckDQcczgjy6s'}
[2023-08-24 14:54:29,526] logger_util.py->write_log line:61 [INFO] 请求参数：['A11']
[2023-08-24 14:54:29,526] logger_util.py->write_log line:61 [INFO] 文件上传：None
[2023-08-24 14:54:29,529] logger_util.py->write_log line:61 [INFO] 预期结果：[{'equals': {'status_code': 200}}, {'equals': {'A11': '0'}}]
[2023-08-24 14:54:29,529] logger_util.py->write_log line:61 [INFO] 实际结果：{'A11': '0'}
[2023-08-24 14:54:29,529] logger_util.py->write_log line:61 [INFO] 接口请求成功！
[2023-08-24 14:54:29,529] logger_util.py->write_log line:61 [INFO] 
-------------接口请求结束-----------

[2023-08-24 14:54:29,745] logger_util.py->write_log line:61 [INFO] 
-------------接口请求开始-----------
[2023-08-24 14:54:29,745] logger_util.py->write_log line:61 [INFO] 接口名称：读取io变量-A12-字符串
[2023-08-24 14:54:29,745] logger_util.py->write_log line:61 [INFO] 接口方式：post
[2023-08-24 14:54:29,745] logger_util.py->write_log line:61 [INFO] 接口路径：http://127.0.0.1:18000/api/v1/variable/getvalues
[2023-08-24 14:54:29,745] logger_util.py->write_log line:61 [INFO] 请求头：{'X-Project': 'a68f8739e9094911b0f74421369649cb', 'Authorization': 'Bearer eyJhbGciOiJIUzI1NiIsInR5cCI6IkpXVCJ9.eyJodHRwOi8vc2NoZW1hcy54bWxzb2FwLm9yZy93cy8yMDA1LzA1L2lkZW50aXR5L2NsYWltcy9uYW1lIjoiU3VwZXJBZG1pbiIsImh0dHA6Ly9zY2hlbWFzLnhtbHNvYXAub3JnL3dzLzIwMDUvMDUvaWRlbnRpdHkvY2xhaW1zL25hbWVpZGVudGlmaWVyIjoiU3VwZXJBZG1pbiIsImV4cCI6MTY5MzQ1MTIxNSwiaXNzIjoiQ01TdjIiLCJhdWQiOiJBcGkifQ.gj3Q5rVSuyTzguP8vMuwVhc3w3UHSBpckDQcczgjy6s'}
[2023-08-24 14:54:29,745] logger_util.py->write_log line:61 [INFO] 请求参数：['A12']
[2023-08-24 14:54:29,745] logger_util.py->write_log line:61 [INFO] 文件上传：None
[2023-08-24 14:54:29,748] logger_util.py->write_log line:61 [INFO] 预期结果：[{'equals': {'status_code': 200}}, {'equals': {'A12': ' #-~（）%'}}]
[2023-08-24 14:54:29,748] logger_util.py->write_log line:61 [INFO] 实际结果：{'A12': ' #-~（）%'}
[2023-08-24 14:54:29,748] logger_util.py->write_log line:61 [INFO] 接口请求成功！
[2023-08-24 14:54:29,748] logger_util.py->write_log line:61 [INFO] 
-------------接口请求结束-----------

