[2023-11-28 11:19:30,374] logger_util.py->write_log line:61 [INFO] 
-------------接口请求开始-----------
[2023-11-28 11:19:30,374] logger_util.py->write_log line:61 [INFO] 接口名称：测试连接互联项
[2023-11-28 11:19:30,374] logger_util.py->write_log line:61 [INFO] 接口方式：post
[2023-11-28 11:19:30,374] logger_util.py->write_log line:61 [INFO] 接口路径：http://127.0.0.1:18000/api/v1/connection/test
[2023-11-28 11:19:30,374] logger_util.py->write_log line:61 [INFO] 请求头：{'X-Project': 'd800d1a6d0be4623aaa824c28dc71981'}
[2023-11-28 11:19:30,374] logger_util.py->write_log line:61 [INFO] 请求参数：{'id': None, 'name': 'mysql4679', 'connectionType': 1, 'databaseType': 1, 'authenticationType': None, 'server': '127.0.0.1', 'port': '3306', 'database': 'TestDB', 'databasePath': '', 'userName': 'root', 'password': 'syc123', 'changedPassword': True, 'mqttType': None, 'pushType': None, 'timingPeriod': None, 'changingPeriod': None, 'cloudDeviceId': '', 'originalSecret': ''}
[2023-11-28 11:19:30,375] logger_util.py->write_log line:61 [INFO] 文件上传：None
[2023-11-28 11:19:30,381] logger_util.py->write_log line:61 [INFO] 预期结果：[{'equals': {'status_code': 200}}]
[2023-11-28 11:19:30,381] logger_util.py->write_log line:61 [INFO] 实际结果：测试连接成功
[2023-11-28 11:19:30,381] logger_util.py->write_log line:61 [INFO] 接口请求成功！
[2023-11-28 11:19:30,381] logger_util.py->write_log line:61 [INFO] 
-------------接口请求结束-----------

[2023-11-28 11:19:30,400] logger_util.py->write_log line:61 [INFO] 
-------------接口请求开始-----------
[2023-11-28 11:19:30,400] logger_util.py->write_log line:61 [INFO] 接口名称：测试连接互联项
[2023-11-28 11:19:30,400] logger_util.py->write_log line:61 [INFO] 接口方式：post
[2023-11-28 11:19:30,400] logger_util.py->write_log line:61 [INFO] 接口路径：http://127.0.0.1:18000/api/v1/connection
[2023-11-28 11:19:30,400] logger_util.py->write_log line:61 [INFO] 请求头：{'X-Project': 'd800d1a6d0be4623aaa824c28dc71981'}
[2023-11-28 11:19:30,400] logger_util.py->write_log line:61 [INFO] 请求参数：{'id': None, 'name': 'mysql7125', 'connectionType': 1, 'databaseType': 1, 'authenticationType': None, 'server': '127.0.0.1', 'port': '3306', 'database': 'TestDB', 'databasePath': '', 'userName': 'root', 'password': 'syc123', 'changedPassword': True, 'mqttType': None, 'pushType': None, 'timingPeriod': None, 'changingPeriod': None, 'cloudDeviceId': '', 'originalSecret': ''}
[2023-11-28 11:19:30,400] logger_util.py->write_log line:61 [INFO] 文件上传：None
[2023-11-28 11:19:30,422] logger_util.py->write_log line:61 [INFO] 预期结果：[{'equals': {'status_code': 200}}]
[2023-11-28 11:19:30,422] logger_util.py->write_log line:61 [INFO] 实际结果：{'data': {'id': 44, 'name': 'mysql7125', 'connectionType': 1, 'databaseType': 1, 'authenticationType': 0, 'server': '127.0.0.1', 'port': 3306, 'database': 'TestDB', 'databasePath': '', 'userName': 'root'}, 'message': ''}
[2023-11-28 11:19:30,422] logger_util.py->write_log line:61 [INFO] 接口请求成功！
[2023-11-28 11:19:30,422] logger_util.py->write_log line:61 [INFO] 
-------------接口请求结束-----------

[2023-11-28 11:19:30,432] logger_util.py->write_log line:61 [INFO] 
-------------接口请求开始-----------
[2023-11-28 11:19:30,433] logger_util.py->write_log line:61 [INFO] 接口名称：关闭互联项
[2023-11-28 11:19:30,433] logger_util.py->write_log line:61 [INFO] 接口方式：put
[2023-11-28 11:19:30,433] logger_util.py->write_log line:61 [INFO] 接口路径：http://127.0.0.1:18000/api/v1/connection/switch/1/44/off
[2023-11-28 11:19:30,433] logger_util.py->write_log line:61 [INFO] 请求头：{'X-Project': 'd800d1a6d0be4623aaa824c28dc71981'}
[2023-11-28 11:19:30,433] logger_util.py->write_log line:61 [INFO] 文件上传：None
[2023-11-28 11:19:30,448] logger_util.py->write_log line:61 [INFO] 预期结果：[{'equals': {'status_code': 200}}]
[2023-11-28 11:19:30,448] logger_util.py->write_log line:61 [INFO] 实际结果：[{'nodeGuid': '1bf4c8f9-c4c1-434c-92eb-b7b1f4824ae6', 'id': 44, 'type': 1, 'name': 'mysql7125', 'status': 0, 'errorMsg': None, 'children': []}]
[2023-11-28 11:19:30,448] logger_util.py->write_log line:61 [INFO] 接口请求成功！
[2023-11-28 11:19:30,448] logger_util.py->write_log line:61 [INFO] 
-------------接口请求结束-----------

[2023-11-28 11:19:30,453] logger_util.py->write_log line:61 [INFO] 
-------------接口请求开始-----------
[2023-11-28 11:19:30,453] logger_util.py->write_log line:61 [INFO] 接口名称：开启互联项
[2023-11-28 11:19:30,453] logger_util.py->write_log line:61 [INFO] 接口方式：put
[2023-11-28 11:19:30,453] logger_util.py->write_log line:61 [INFO] 接口路径：http://127.0.0.1:18000/api/v1/connection/switch/1/44/on
[2023-11-28 11:19:30,454] logger_util.py->write_log line:61 [INFO] 请求头：{'X-Project': 'd800d1a6d0be4623aaa824c28dc71981'}
[2023-11-28 11:19:30,454] logger_util.py->write_log line:61 [INFO] 文件上传：None
[2023-11-28 11:19:30,467] logger_util.py->write_log line:61 [INFO] 预期结果：[{'equals': {'status_code': 200}}]
[2023-11-28 11:19:30,468] logger_util.py->write_log line:61 [INFO] 实际结果：[{'nodeGuid': '5fff05a4-24c6-4f21-bde6-bbaecaef6cd9', 'id': 44, 'type': 1, 'name': 'mysql7125', 'status': 0, 'errorMsg': None, 'children': []}]
[2023-11-28 11:19:30,468] logger_util.py->write_log line:61 [INFO] 接口请求成功！
[2023-11-28 11:19:30,468] logger_util.py->write_log line:61 [INFO] 
-------------接口请求结束-----------

[2023-11-28 11:19:30,473] logger_util.py->write_log line:61 [INFO] 
-------------接口请求开始-----------
[2023-11-28 11:19:30,473] logger_util.py->write_log line:61 [INFO] 接口名称：重命名互联项
[2023-11-28 11:19:30,473] logger_util.py->write_log line:61 [INFO] 接口方式：put
[2023-11-28 11:19:30,474] logger_util.py->write_log line:61 [INFO] 接口路径：http://127.0.0.1:18000/api/v1/connection/rename/1/44/重命名_mysql428
[2023-11-28 11:19:30,474] logger_util.py->write_log line:61 [INFO] 请求头：{'X-Project': 'd800d1a6d0be4623aaa824c28dc71981'}
[2023-11-28 11:19:30,474] logger_util.py->write_log line:61 [INFO] 文件上传：None
[2023-11-28 11:19:30,496] logger_util.py->write_log line:61 [INFO] 预期结果：[{'equals': {'status_code': 200}}]
[2023-11-28 11:19:30,496] logger_util.py->write_log line:61 [INFO] 实际结果：
[2023-11-28 11:19:30,496] logger_util.py->write_log line:61 [INFO] 接口请求成功！
[2023-11-28 11:19:30,496] logger_util.py->write_log line:61 [INFO] 
-------------接口请求结束-----------

[2023-11-28 11:19:30,512] logger_util.py->write_log line:61 [INFO] 
-------------接口请求开始-----------
[2023-11-28 11:19:30,512] logger_util.py->write_log line:61 [INFO] 接口名称：修改互联配置
[2023-11-28 11:19:30,512] logger_util.py->write_log line:61 [INFO] 接口方式：put
[2023-11-28 11:19:30,512] logger_util.py->write_log line:61 [INFO] 接口路径：http://127.0.0.1:18000/api/v1/connection/44/config
[2023-11-28 11:19:30,512] logger_util.py->write_log line:61 [INFO] 请求头：{'X-Project': 'd800d1a6d0be4623aaa824c28dc71981'}
[2023-11-28 11:19:30,512] logger_util.py->write_log line:61 [INFO] 请求参数：{'id': 44, 'name': '改配_mysql234', 'connectionType': 1, 'databaseType': 1, 'authenticationType': 0, 'server': '127.0.0.1', 'port': '3306', 'database': 'TestDB', 'databasePath': '', 'userName': 'root', 'password': 'syc123'}
[2023-11-28 11:19:30,512] logger_util.py->write_log line:61 [INFO] 文件上传：None
[2023-11-28 11:19:30,538] logger_util.py->write_log line:61 [INFO] 预期结果：[{'equals': {'status_code': 200}}]
[2023-11-28 11:19:30,538] logger_util.py->write_log line:61 [INFO] 实际结果：{'data': {'id': 44, 'name': '改配_mysql234', 'connectionType': 1, 'databaseType': 1, 'authenticationType': 0, 'server': '127.0.0.1', 'port': 3306, 'database': 'TestDB', 'databasePath': '', 'userName': 'root'}, 'message': ''}
[2023-11-28 11:19:30,539] logger_util.py->write_log line:61 [INFO] 接口请求成功！
[2023-11-28 11:19:30,539] logger_util.py->write_log line:61 [INFO] 
-------------接口请求结束-----------

[2023-11-28 11:19:30,558] logger_util.py->write_log line:61 [INFO] 
-------------接口请求开始-----------
[2023-11-28 11:19:30,558] logger_util.py->write_log line:61 [INFO] 接口名称：删除互联项
[2023-11-28 11:19:30,558] logger_util.py->write_log line:61 [INFO] 接口方式：delete
[2023-11-28 11:19:30,558] logger_util.py->write_log line:61 [INFO] 接口路径：http://127.0.0.1:18000/api/v1/connection/1/44
[2023-11-28 11:19:30,559] logger_util.py->write_log line:61 [INFO] 请求头：{'X-Project': 'd800d1a6d0be4623aaa824c28dc71981'}
[2023-11-28 11:19:30,559] logger_util.py->write_log line:61 [INFO] 文件上传：None
[2023-11-28 11:19:30,590] logger_util.py->write_log line:61 [INFO] 预期结果：[{'equals': {'status_code': 200}}]
[2023-11-28 11:19:30,590] logger_util.py->write_log line:61 [INFO] 实际结果：
[2023-11-28 11:19:30,590] logger_util.py->write_log line:61 [INFO] 接口请求成功！
[2023-11-28 11:19:30,590] logger_util.py->write_log line:61 [INFO] 
-------------接口请求结束-----------

[2023-11-28 11:19:30,607] logger_util.py->write_log line:61 [INFO] 
-------------接口请求开始-----------
[2023-11-28 11:19:30,608] logger_util.py->write_log line:61 [INFO] 接口名称：测试连接互联项
[2023-11-28 11:19:30,608] logger_util.py->write_log line:61 [INFO] 接口方式：post
[2023-11-28 11:19:30,608] logger_util.py->write_log line:61 [INFO] 接口路径：http://127.0.0.1:18000/api/v1/connection
[2023-11-28 11:19:30,608] logger_util.py->write_log line:61 [INFO] 请求头：{'X-Project': 'd800d1a6d0be4623aaa824c28dc71981'}
[2023-11-28 11:19:30,608] logger_util.py->write_log line:61 [INFO] 请求参数：{'id': None, 'name': 'mysql6384', 'connectionType': 1, 'databaseType': 1, 'authenticationType': None, 'server': '127.0.0.1', 'port': '3306', 'database': 'TestDB', 'databasePath': '', 'userName': 'root', 'password': 'syc123', 'changedPassword': True, 'mqttType': None, 'pushType': None, 'timingPeriod': None, 'changingPeriod': None, 'cloudDeviceId': '', 'originalSecret': ''}
[2023-11-28 11:19:30,608] logger_util.py->write_log line:61 [INFO] 文件上传：None
[2023-11-28 11:19:30,632] logger_util.py->write_log line:61 [INFO] 预期结果：[{'equals': {'status_code': 200}}]
[2023-11-28 11:19:30,632] logger_util.py->write_log line:61 [INFO] 实际结果：{'data': {'id': 45, 'name': 'mysql6384', 'connectionType': 1, 'databaseType': 1, 'authenticationType': 0, 'server': '127.0.0.1', 'port': 3306, 'database': 'TestDB', 'databasePath': '', 'userName': 'root'}, 'message': ''}
[2023-11-28 11:19:30,632] logger_util.py->write_log line:61 [INFO] 接口请求成功！
[2023-11-28 11:19:30,632] logger_util.py->write_log line:61 [INFO] 
-------------接口请求结束-----------

[2023-11-28 11:19:30,642] logger_util.py->write_log line:61 [INFO] 
-------------接口请求开始-----------
[2023-11-28 11:19:30,642] logger_util.py->write_log line:61 [INFO] 接口名称：创建映射表表
[2023-11-28 11:19:30,642] logger_util.py->write_log line:61 [INFO] 接口方式：post
[2023-11-28 11:19:30,642] logger_util.py->write_log line:61 [INFO] 接口路径：http://127.0.0.1:18000/api/v1/connection/45/table
[2023-11-28 11:19:30,642] logger_util.py->write_log line:61 [INFO] 请求头：{'X-Project': 'd800d1a6d0be4623aaa824c28dc71981'}
[2023-11-28 11:19:30,642] logger_util.py->write_log line:61 [INFO] 请求参数：{'isBasic': True, 'databaseTableName': 'student', 'querySql': '', 'name': '插入1291'}
[2023-11-28 11:19:30,642] logger_util.py->write_log line:61 [INFO] 文件上传：None
[2023-11-28 11:19:30,668] logger_util.py->write_log line:61 [INFO] 预期结果：[{'equals': {'status_code': 200}}]
[2023-11-28 11:19:30,668] logger_util.py->write_log line:61 [INFO] 实际结果：{'id': 19, 'name': '插入1291', 'connectionItemId': 45, 'fields': [{'tableName': 'student', 'tableAlias': '', 'columnName': 'id', 'displayName': 'id', 'dataTypeName': 'Int32', 'databaseTypeName': 'Int32', 'isValueType': True, 'isAsterisk': True}, {'tableName': 'student', 'tableAlias': '', 'columnName': 'time', 'displayName': 'time', 'dataTypeName': 'DateTime', 'databaseTypeName': 'DateTime', 'isValueType': False, 'isAsterisk': True}, {'tableName': 'student', 'tableAlias': '', 'columnName': 'name', 'displayName': 'name', 'dataTypeName': 'String', 'databaseTypeName': 'VarChar', 'isValueType': False, 'isAsterisk': True}, {'tableName': 'student', 'tableAlias': '', 'columnName': 'age', 'displayName': 'age', 'dataTypeName': 'Int32', 'databaseTypeName': 'Int32', 'isValueType': True, 'isAsterisk': True}, {'tableName': 'student', 'tableAlias': '', 'columnName': 'money', 'displayName': 'money', 'dataTypeName': 'Single', 'databaseTypeName': 'Float', 'isValueType': True, 'isAsterisk': True}], 'isBasic': True, 'basicDatabaseTableName': 'student', 'querySql': 'select * from `student`', 'detail': None, 'action': None, 'status': 1, 'prevStatus': 0, 'lastErrorMsg': None, 'lastErrorDateTime': None}
[2023-11-28 11:19:30,668] logger_util.py->write_log line:61 [INFO] 接口请求成功！
[2023-11-28 11:19:30,668] logger_util.py->write_log line:61 [INFO] 
-------------接口请求结束-----------

[2023-11-28 11:19:30,678] logger_util.py->write_log line:61 [INFO] 
-------------接口请求开始-----------
[2023-11-28 11:19:30,678] logger_util.py->write_log line:61 [INFO] 接口名称：关闭映射表
[2023-11-28 11:19:30,678] logger_util.py->write_log line:61 [INFO] 接口方式：put
[2023-11-28 11:19:30,678] logger_util.py->write_log line:61 [INFO] 接口路径：http://127.0.0.1:18000/api/v1/connection/switch/2/19/off
[2023-11-28 11:19:30,679] logger_util.py->write_log line:61 [INFO] 请求头：{'X-Project': 'd800d1a6d0be4623aaa824c28dc71981'}
[2023-11-28 11:19:30,679] logger_util.py->write_log line:61 [INFO] 文件上传：None
[2023-11-28 11:19:30,704] logger_util.py->write_log line:61 [INFO] 预期结果：[{'equals': {'status_code': 200}}]
[2023-11-28 11:19:30,704] logger_util.py->write_log line:61 [INFO] 实际结果：[{'nodeGuid': '4deaa33c-544a-4164-9b60-5c47f3e6173f', 'id': 19, 'type': 2, 'name': '插入1291', 'status': 2, 'errorMsg': None, 'children': []}]
[2023-11-28 11:19:30,704] logger_util.py->write_log line:61 [INFO] 接口请求成功！
[2023-11-28 11:19:30,705] logger_util.py->write_log line:61 [INFO] 
-------------接口请求结束-----------

[2023-11-28 11:19:30,710] logger_util.py->write_log line:61 [INFO] 
-------------接口请求开始-----------
[2023-11-28 11:19:30,711] logger_util.py->write_log line:61 [INFO] 接口名称：开启映射表
[2023-11-28 11:19:30,711] logger_util.py->write_log line:61 [INFO] 接口方式：put
[2023-11-28 11:19:30,711] logger_util.py->write_log line:61 [INFO] 接口路径：http://127.0.0.1:18000/api/v1/connection/switch/2/19/on
[2023-11-28 11:19:30,711] logger_util.py->write_log line:61 [INFO] 请求头：{'X-Project': 'd800d1a6d0be4623aaa824c28dc71981'}
[2023-11-28 11:19:30,711] logger_util.py->write_log line:61 [INFO] 文件上传：None
[2023-11-28 11:19:30,735] logger_util.py->write_log line:61 [INFO] 预期结果：[{'equals': {'status_code': 200}}]
[2023-11-28 11:19:30,735] logger_util.py->write_log line:61 [INFO] 实际结果：[{'nodeGuid': '927a7599-20ac-443e-8c14-b76f64e4be91', 'id': 19, 'type': 2, 'name': '插入1291', 'status': 1, 'errorMsg': None, 'children': []}]
[2023-11-28 11:19:30,735] logger_util.py->write_log line:61 [INFO] 接口请求成功！
[2023-11-28 11:19:30,735] logger_util.py->write_log line:61 [INFO] 
-------------接口请求结束-----------

[2023-11-28 11:19:30,741] logger_util.py->write_log line:61 [INFO] 
-------------接口请求开始-----------
[2023-11-28 11:19:30,741] logger_util.py->write_log line:61 [INFO] 接口名称：重命名映射表
[2023-11-28 11:19:30,741] logger_util.py->write_log line:61 [INFO] 接口方式：put
[2023-11-28 11:19:30,741] logger_util.py->write_log line:61 [INFO] 接口路径：http://127.0.0.1:18000/api/v1/connection/rename/2/19/重命名459
[2023-11-28 11:19:30,741] logger_util.py->write_log line:61 [INFO] 请求头：{'X-Project': 'd800d1a6d0be4623aaa824c28dc71981'}
[2023-11-28 11:19:30,741] logger_util.py->write_log line:61 [INFO] 文件上传：None
[2023-11-28 11:19:30,763] logger_util.py->write_log line:61 [INFO] 预期结果：[{'equals': {'status_code': 200}}]
[2023-11-28 11:19:30,764] logger_util.py->write_log line:61 [INFO] 实际结果：
[2023-11-28 11:19:30,764] logger_util.py->write_log line:61 [INFO] 接口请求成功！
[2023-11-28 11:19:30,764] logger_util.py->write_log line:61 [INFO] 
-------------接口请求结束-----------

[2023-11-28 11:19:30,769] logger_util.py->write_log line:61 [INFO] 
-------------接口请求开始-----------
[2023-11-28 11:19:30,769] logger_util.py->write_log line:61 [INFO] 接口名称：获取映射表配置
[2023-11-28 11:19:30,770] logger_util.py->write_log line:61 [INFO] 接口方式：get
[2023-11-28 11:19:30,770] logger_util.py->write_log line:61 [INFO] 接口路径：http://127.0.0.1:18000/api/v1/connection/table/19/config
[2023-11-28 11:19:30,770] logger_util.py->write_log line:61 [INFO] 请求头：{'X-Project': 'd800d1a6d0be4623aaa824c28dc71981'}
[2023-11-28 11:19:30,770] logger_util.py->write_log line:61 [INFO] 文件上传：None
[2023-11-28 11:19:30,796] logger_util.py->write_log line:61 [INFO] 预期结果：[{'equals': {'status_code': 200}}]
[2023-11-28 11:19:30,796] logger_util.py->write_log line:61 [INFO] 实际结果：{'isBasic': True, 'databaseTableNames': ['student'], 'databaseTableFieldNames': ['id', 'time', 'name', 'age', 'money'], 'querySql': 'select * from `student`'}
[2023-11-28 11:19:30,797] logger_util.py->write_log line:61 [INFO] 接口请求成功！
[2023-11-28 11:19:30,797] logger_util.py->write_log line:61 [INFO] 
-------------接口请求结束-----------

[2023-11-28 11:19:30,803] logger_util.py->write_log line:61 [INFO] 
-------------接口请求开始-----------
[2023-11-28 11:19:30,803] logger_util.py->write_log line:61 [INFO] 接口名称：映射表创建副本
[2023-11-28 11:19:30,803] logger_util.py->write_log line:61 [INFO] 接口方式：post
[2023-11-28 11:19:30,803] logger_util.py->write_log line:61 [INFO] 接口路径：http://127.0.0.1:18000/api/v1/connection/table/19/copy
[2023-11-28 11:19:30,803] logger_util.py->write_log line:61 [INFO] 请求头：{'X-Project': 'd800d1a6d0be4623aaa824c28dc71981'}
[2023-11-28 11:19:30,803] logger_util.py->write_log line:61 [INFO] 请求参数：{'name': '副本137'}
[2023-11-28 11:19:30,803] logger_util.py->write_log line:61 [INFO] 文件上传：None
[2023-11-28 11:19:30,839] logger_util.py->write_log line:61 [INFO] 预期结果：[{'equals': {'status_code': 200}}]
[2023-11-28 11:19:30,840] logger_util.py->write_log line:61 [INFO] 实际结果：{'id': 20, 'name': '副本137', 'connectionItemId': 45, 'fields': [{'tableName': 'student', 'tableAlias': '', 'columnName': 'id', 'displayName': 'id', 'dataTypeName': 'Int32', 'databaseTypeName': 'Int32', 'isValueType': True, 'isAsterisk': True}, {'tableName': 'student', 'tableAlias': '', 'columnName': 'time', 'displayName': 'time', 'dataTypeName': 'DateTime', 'databaseTypeName': 'DateTime', 'isValueType': False, 'isAsterisk': True}, {'tableName': 'student', 'tableAlias': '', 'columnName': 'name', 'displayName': 'name', 'dataTypeName': 'String', 'databaseTypeName': 'VarChar', 'isValueType': False, 'isAsterisk': True}, {'tableName': 'student', 'tableAlias': '', 'columnName': 'age', 'displayName': 'age', 'dataTypeName': 'Int32', 'databaseTypeName': 'Int32', 'isValueType': True, 'isAsterisk': True}, {'tableName': 'student', 'tableAlias': '', 'columnName': 'money', 'displayName': 'money', 'dataTypeName': 'Single', 'databaseTypeName': 'Float', 'isValueType': True, 'isAsterisk': True}], 'isBasic': True, 'basicDatabaseTableName': 'student', 'querySql': 'select * from `student`', 'detail': None, 'action': None, 'status': 1, 'prevStatus': 0, 'lastErrorMsg': None, 'lastErrorDateTime': None}
[2023-11-28 11:19:30,840] logger_util.py->write_log line:61 [INFO] 接口请求成功！
[2023-11-28 11:19:30,840] logger_util.py->write_log line:61 [INFO] 
-------------接口请求结束-----------

[2023-11-28 11:19:30,850] logger_util.py->write_log line:61 [INFO] 
-------------接口请求开始-----------
[2023-11-28 11:19:30,850] logger_util.py->write_log line:61 [INFO] 接口名称：删除映射表
[2023-11-28 11:19:30,850] logger_util.py->write_log line:61 [INFO] 接口方式：delete
[2023-11-28 11:19:30,850] logger_util.py->write_log line:61 [INFO] 接口路径：http://127.0.0.1:18000/api/v1/connection/2/20
[2023-11-28 11:19:30,850] logger_util.py->write_log line:61 [INFO] 请求头：{'X-Project': 'd800d1a6d0be4623aaa824c28dc71981'}
[2023-11-28 11:19:30,851] logger_util.py->write_log line:61 [INFO] 文件上传：None
[2023-11-28 11:19:30,880] logger_util.py->write_log line:61 [INFO] 预期结果：[{'equals': {'status_code': 200}}]
[2023-11-28 11:19:30,880] logger_util.py->write_log line:61 [INFO] 实际结果：
[2023-11-28 11:19:30,880] logger_util.py->write_log line:61 [INFO] 接口请求成功！
[2023-11-28 11:19:30,880] logger_util.py->write_log line:61 [INFO] 
-------------接口请求结束-----------

[2023-11-28 11:19:30,885] logger_util.py->write_log line:61 [INFO] 
-------------接口请求开始-----------
[2023-11-28 11:19:30,885] logger_util.py->write_log line:61 [INFO] 接口名称：预览数据表
[2023-11-28 11:19:30,885] logger_util.py->write_log line:61 [INFO] 接口方式：post
[2023-11-28 11:19:30,885] logger_util.py->write_log line:61 [INFO] 接口路径：http://127.0.0.1:18000/api/v1/connection/19/preview
[2023-11-28 11:19:30,886] logger_util.py->write_log line:61 [INFO] 请求头：{'X-Project': 'd800d1a6d0be4623aaa824c28dc71981'}
[2023-11-28 11:19:30,886] logger_util.py->write_log line:61 [INFO] 请求参数：{'isBasic': True, 'databaseTableName': 'student', 'querySql': '', 'limited': 10}
[2023-11-28 11:19:30,886] logger_util.py->write_log line:61 [INFO] 文件上传：None
[2023-11-28 11:19:30,897] logger_util.py->error_log line:65 [INFO] 断言失败:status_code不等于200
[2023-11-28 11:19:30,897] logger_util.py->write_log line:61 [INFO] 实际结果：{'exception': {'when': '2023-11-28T11:19:30.8958935+08:00', 'message': '互联项ID:19不存在', 'type': 'Exception', 'callStack': [{'assembly': 'System.Private.CoreLib', 'fileName': 'C:\\Users\\Yorha\\SYC\\Code\\Develop\\cms\\src\\Units\\Connection\\CMS.Unit.Connection\\ConnectionService.cs', 'method': 'MoveNext', 'lineNumber': 789}, {'assembly': 'System.Private.CoreLib', 'fileName': 'C:\\Users\\Yorha\\SYC\\Code\\Develop\\cms\\src\\Plugins\\CMS.Plugin.Connection\\Controllers\\V1\\ConnectionController.cs', 'method': 'MoveNext', 'lineNumber': 543}, {'assembly': 'System.Private.CoreLib', 'fileName': 'C:\\Users\\Yorha\\SYC\\Code\\Develop\\cms\\src\\Framework\\CMS.Framework.Authorization.AspNetCore\\Middlewares\\AuthorizationMiddleware.cs', 'method': 'MoveNext', 'lineNumber': 47}, {'assembly': 'System.Private.CoreLib', 'fileName': 'C:\\Users\\Yorha\\SYC\\Code\\Develop\\cms\\src\\Framework\\CMS.Framework.AspNetCore\\Middlewares\\ExceptionMonitorMiddleware.cs', 'method': 'MoveNext', 'lineNumber': 36}], 'innerException': None}, 'code': 500, 'msg': '互联项ID:19不存在'}
[2023-11-28 11:19:30,897] logger_util.py->write_log line:61 [INFO] 接口请求失败！
[2023-11-28 11:19:30,898] logger_util.py->write_log line:61 [INFO] -------------接口请求结束-----------

[2023-11-28 11:19:30,898] logger_util.py->error_log line:65 [INFO] 断言异常：异常信息: Traceback (most recent call last):
  File "E:\Project_python\api_cms\common\requests_util.py", line 368, in validate_result
    error_log("断言失败:"+assert_key+"不等于"+str(assert_value))
  File "E:\Project_python\api_cms\common\logger_util.py", line 66, in error_log
    raise Exception(log_message)
Exception: 断言失败:status_code不等于200

[2023-11-28 11:19:30,899] logger_util.py->error_log line:65 [INFO] 分析YAML文件异常：异常信息: Traceback (most recent call last):
  File "E:\Project_python\api_cms\common\requests_util.py", line 368, in validate_result
    error_log("断言失败:"+assert_key+"不等于"+str(assert_value))
  File "E:\Project_python\api_cms\common\logger_util.py", line 66, in error_log
    raise Exception(log_message)
Exception: 断言失败:status_code不等于200

During handling of the above exception, another exception occurred:

Traceback (most recent call last):
  File "E:\Project_python\api_cms\common\requests_util.py", line 248, in analysis_yaml
    self.validate_result(yq_result, return_data, status_code)
  File "E:\Project_python\api_cms\common\requests_util.py", line 448, in validate_result
    error_log("断言异常：异常信息: %s" % str(traceback.format_exc()))
  File "E:\Project_python\api_cms\common\logger_util.py", line 66, in error_log
    raise Exception(log_message)
Exception: 断言异常：异常信息: Traceback (most recent call last):
  File "E:\Project_python\api_cms\common\requests_util.py", line 368, in validate_result
    error_log("断言失败:"+assert_key+"不等于"+str(assert_value))
  File "E:\Project_python\api_cms\common\logger_util.py", line 66, in error_log
    raise Exception(log_message)
Exception: 断言失败:status_code不等于200


