[2023-08-24 18:08:33,092] logger_util.py->write_log line:61 [INFO] 
-------------接口请求开始-----------
[2023-08-24 18:08:33,093] logger_util.py->write_log line:61 [INFO] 接口名称：新增io变量-二进制
[2023-08-24 18:08:33,093] logger_util.py->write_log line:61 [INFO] 接口方式：post
[2023-08-24 18:08:33,093] logger_util.py->write_log line:61 [INFO] 接口路径：http://127.0.0.1:18000/api/v1/variable/tunnel/146/tag
[2023-08-24 18:08:33,093] logger_util.py->write_log line:61 [INFO] 请求头：{}
[2023-08-24 18:08:33,093] logger_util.py->write_log line:61 [INFO] 请求参数：[{'archiveSetting': None, 'groupId': None, 'name': 'aa1', 'description': '二进制变量', 'typeName': '二进制变量', 'config': {'initType': 0, 'setValue': None}, 'index': 1}]
[2023-08-24 18:08:33,094] logger_util.py->write_log line:61 [INFO] 文件上传：None
[2023-08-24 18:08:33,112] logger_util.py->error_log line:65 [INFO] 断言失败:status_code不等于200
[2023-08-24 18:08:33,112] logger_util.py->write_log line:61 [INFO] 实际结果：序号<1>变量配置错误：变量名<aa1>已存在，请重新输入
[2023-08-24 18:08:33,112] logger_util.py->write_log line:61 [INFO] 接口请求失败！
[2023-08-24 18:08:33,112] logger_util.py->write_log line:61 [INFO] -------------接口请求结束-----------

[2023-08-24 18:08:33,113] logger_util.py->error_log line:65 [INFO] 断言异常：异常信息: Traceback (most recent call last):
  File "E:\Project_python\api_cms\common\requests_util.py", line 356, in validate_result
    error_log("断言失败:"+assert_key+"不等于"+str(assert_value))
  File "E:\Project_python\api_cms\common\logger_util.py", line 66, in error_log
    raise Exception(log_message)
Exception: 断言失败:status_code不等于200

[2023-08-24 18:08:33,113] logger_util.py->error_log line:65 [INFO] 分析YAML文件异常：异常信息: Traceback (most recent call last):
  File "E:\Project_python\api_cms\common\requests_util.py", line 356, in validate_result
    error_log("断言失败:"+assert_key+"不等于"+str(assert_value))
  File "E:\Project_python\api_cms\common\logger_util.py", line 66, in error_log
    raise Exception(log_message)
Exception: 断言失败:status_code不等于200

During handling of the above exception, another exception occurred:

Traceback (most recent call last):
  File "E:\Project_python\api_cms\common\requests_util.py", line 255, in analysis_yaml
    self.validate_result(yq_result, return_text, status_code)
  File "E:\Project_python\api_cms\common\requests_util.py", line 413, in validate_result
    error_log("断言异常：异常信息: %s" % str(traceback.format_exc()))
  File "E:\Project_python\api_cms\common\logger_util.py", line 66, in error_log
    raise Exception(log_message)
Exception: 断言异常：异常信息: Traceback (most recent call last):
  File "E:\Project_python\api_cms\common\requests_util.py", line 356, in validate_result
    error_log("断言失败:"+assert_key+"不等于"+str(assert_value))
  File "E:\Project_python\api_cms\common\logger_util.py", line 66, in error_log
    raise Exception(log_message)
Exception: 断言失败:status_code不等于200


[2023-08-24 18:08:33,217] logger_util.py->write_log line:61 [INFO] 
-------------接口请求开始-----------
[2023-08-24 18:08:33,217] logger_util.py->write_log line:61 [INFO] 接口名称：新增io变量-有符号8位整型
[2023-08-24 18:08:33,218] logger_util.py->write_log line:61 [INFO] 接口方式：post
[2023-08-24 18:08:33,218] logger_util.py->write_log line:61 [INFO] 接口路径：http://127.0.0.1:18000/api/v1/variable/tunnel/146/tag
[2023-08-24 18:08:33,218] logger_util.py->write_log line:61 [INFO] 请求头：{}
[2023-08-24 18:08:33,218] logger_util.py->write_log line:61 [INFO] 请求参数：[{'archiveSetting': None, 'groupId': None, 'name': 'aa2', 'description': '有符号8位整型', 'typeName': '有符号8位整型', 'config': {'initType': 0, 'setValue': None}, 'index': 2}]
[2023-08-24 18:08:33,218] logger_util.py->write_log line:61 [INFO] 文件上传：None
[2023-08-24 18:08:33,226] logger_util.py->error_log line:65 [INFO] 断言失败:status_code不等于200
[2023-08-24 18:08:33,226] logger_util.py->write_log line:61 [INFO] 实际结果：序号<2>变量配置错误：变量名<aa2>已存在，请重新输入
[2023-08-24 18:08:33,227] logger_util.py->write_log line:61 [INFO] 接口请求失败！
[2023-08-24 18:08:33,227] logger_util.py->write_log line:61 [INFO] -------------接口请求结束-----------

[2023-08-24 18:08:33,227] logger_util.py->error_log line:65 [INFO] 断言异常：异常信息: Traceback (most recent call last):
  File "E:\Project_python\api_cms\common\requests_util.py", line 356, in validate_result
    error_log("断言失败:"+assert_key+"不等于"+str(assert_value))
  File "E:\Project_python\api_cms\common\logger_util.py", line 66, in error_log
    raise Exception(log_message)
Exception: 断言失败:status_code不等于200

[2023-08-24 18:08:33,227] logger_util.py->error_log line:65 [INFO] 分析YAML文件异常：异常信息: Traceback (most recent call last):
  File "E:\Project_python\api_cms\common\requests_util.py", line 356, in validate_result
    error_log("断言失败:"+assert_key+"不等于"+str(assert_value))
  File "E:\Project_python\api_cms\common\logger_util.py", line 66, in error_log
    raise Exception(log_message)
Exception: 断言失败:status_code不等于200

During handling of the above exception, another exception occurred:

Traceback (most recent call last):
  File "E:\Project_python\api_cms\common\requests_util.py", line 255, in analysis_yaml
    self.validate_result(yq_result, return_text, status_code)
  File "E:\Project_python\api_cms\common\requests_util.py", line 413, in validate_result
    error_log("断言异常：异常信息: %s" % str(traceback.format_exc()))
  File "E:\Project_python\api_cms\common\logger_util.py", line 66, in error_log
    raise Exception(log_message)
Exception: 断言异常：异常信息: Traceback (most recent call last):
  File "E:\Project_python\api_cms\common\requests_util.py", line 356, in validate_result
    error_log("断言失败:"+assert_key+"不等于"+str(assert_value))
  File "E:\Project_python\api_cms\common\logger_util.py", line 66, in error_log
    raise Exception(log_message)
Exception: 断言失败:status_code不等于200


[2023-08-24 18:08:33,256] logger_util.py->write_log line:61 [INFO] 
-------------接口请求开始-----------
[2023-08-24 18:08:33,256] logger_util.py->write_log line:61 [INFO] 接口名称：新增io变量-无符号8位整型
[2023-08-24 18:08:33,257] logger_util.py->write_log line:61 [INFO] 接口方式：post
[2023-08-24 18:08:33,257] logger_util.py->write_log line:61 [INFO] 接口路径：http://127.0.0.1:18000/api/v1/variable/tunnel/146/tag
[2023-08-24 18:08:33,257] logger_util.py->write_log line:61 [INFO] 请求头：{}
[2023-08-24 18:08:33,257] logger_util.py->write_log line:61 [INFO] 请求参数：[{'archiveSetting': None, 'groupId': None, 'name': 'aa3', 'description': '无符号8位整型', 'typeName': '无符号8位整型', 'config': {'initType': 0, 'setValue': None}, 'index': 3}]
[2023-08-24 18:08:33,257] logger_util.py->write_log line:61 [INFO] 文件上传：None
[2023-08-24 18:08:33,265] logger_util.py->error_log line:65 [INFO] 断言失败:status_code不等于200
[2023-08-24 18:08:33,266] logger_util.py->write_log line:61 [INFO] 实际结果：序号<3>变量配置错误：变量名<aa3>已存在，请重新输入
[2023-08-24 18:08:33,266] logger_util.py->write_log line:61 [INFO] 接口请求失败！
[2023-08-24 18:08:33,266] logger_util.py->write_log line:61 [INFO] -------------接口请求结束-----------

[2023-08-24 18:08:33,266] logger_util.py->error_log line:65 [INFO] 断言异常：异常信息: Traceback (most recent call last):
  File "E:\Project_python\api_cms\common\requests_util.py", line 356, in validate_result
    error_log("断言失败:"+assert_key+"不等于"+str(assert_value))
  File "E:\Project_python\api_cms\common\logger_util.py", line 66, in error_log
    raise Exception(log_message)
Exception: 断言失败:status_code不等于200

[2023-08-24 18:08:33,266] logger_util.py->error_log line:65 [INFO] 分析YAML文件异常：异常信息: Traceback (most recent call last):
  File "E:\Project_python\api_cms\common\requests_util.py", line 356, in validate_result
    error_log("断言失败:"+assert_key+"不等于"+str(assert_value))
  File "E:\Project_python\api_cms\common\logger_util.py", line 66, in error_log
    raise Exception(log_message)
Exception: 断言失败:status_code不等于200

During handling of the above exception, another exception occurred:

Traceback (most recent call last):
  File "E:\Project_python\api_cms\common\requests_util.py", line 255, in analysis_yaml
    self.validate_result(yq_result, return_text, status_code)
  File "E:\Project_python\api_cms\common\requests_util.py", line 413, in validate_result
    error_log("断言异常：异常信息: %s" % str(traceback.format_exc()))
  File "E:\Project_python\api_cms\common\logger_util.py", line 66, in error_log
    raise Exception(log_message)
Exception: 断言异常：异常信息: Traceback (most recent call last):
  File "E:\Project_python\api_cms\common\requests_util.py", line 356, in validate_result
    error_log("断言失败:"+assert_key+"不等于"+str(assert_value))
  File "E:\Project_python\api_cms\common\logger_util.py", line 66, in error_log
    raise Exception(log_message)
Exception: 断言失败:status_code不等于200


[2023-08-24 18:08:33,292] logger_util.py->write_log line:61 [INFO] 
-------------接口请求开始-----------
[2023-08-24 18:08:33,292] logger_util.py->write_log line:61 [INFO] 接口名称：新增io变量-有符号16位整型
[2023-08-24 18:08:33,292] logger_util.py->write_log line:61 [INFO] 接口方式：post
[2023-08-24 18:08:33,292] logger_util.py->write_log line:61 [INFO] 接口路径：http://127.0.0.1:18000/api/v1/variable/tunnel/146/tag
[2023-08-24 18:08:33,292] logger_util.py->write_log line:61 [INFO] 请求头：{}
[2023-08-24 18:08:33,292] logger_util.py->write_log line:61 [INFO] 请求参数：[{'archiveSetting': None, 'groupId': None, 'name': 'aa4', 'description': '有符号16位整型', 'typeName': '有符号16位整型', 'config': {'initType': 0, 'setValue': None}, 'index': 4}]
[2023-08-24 18:08:33,293] logger_util.py->write_log line:61 [INFO] 文件上传：None
[2023-08-24 18:08:33,301] logger_util.py->error_log line:65 [INFO] 断言失败:status_code不等于200
[2023-08-24 18:08:33,301] logger_util.py->write_log line:61 [INFO] 实际结果：序号<4>变量配置错误：变量名<aa4>已存在，请重新输入
[2023-08-24 18:08:33,301] logger_util.py->write_log line:61 [INFO] 接口请求失败！
[2023-08-24 18:08:33,301] logger_util.py->write_log line:61 [INFO] -------------接口请求结束-----------

[2023-08-24 18:08:33,302] logger_util.py->error_log line:65 [INFO] 断言异常：异常信息: Traceback (most recent call last):
  File "E:\Project_python\api_cms\common\requests_util.py", line 356, in validate_result
    error_log("断言失败:"+assert_key+"不等于"+str(assert_value))
  File "E:\Project_python\api_cms\common\logger_util.py", line 66, in error_log
    raise Exception(log_message)
Exception: 断言失败:status_code不等于200

[2023-08-24 18:08:33,302] logger_util.py->error_log line:65 [INFO] 分析YAML文件异常：异常信息: Traceback (most recent call last):
  File "E:\Project_python\api_cms\common\requests_util.py", line 356, in validate_result
    error_log("断言失败:"+assert_key+"不等于"+str(assert_value))
  File "E:\Project_python\api_cms\common\logger_util.py", line 66, in error_log
    raise Exception(log_message)
Exception: 断言失败:status_code不等于200

During handling of the above exception, another exception occurred:

Traceback (most recent call last):
  File "E:\Project_python\api_cms\common\requests_util.py", line 255, in analysis_yaml
    self.validate_result(yq_result, return_text, status_code)
  File "E:\Project_python\api_cms\common\requests_util.py", line 413, in validate_result
    error_log("断言异常：异常信息: %s" % str(traceback.format_exc()))
  File "E:\Project_python\api_cms\common\logger_util.py", line 66, in error_log
    raise Exception(log_message)
Exception: 断言异常：异常信息: Traceback (most recent call last):
  File "E:\Project_python\api_cms\common\requests_util.py", line 356, in validate_result
    error_log("断言失败:"+assert_key+"不等于"+str(assert_value))
  File "E:\Project_python\api_cms\common\logger_util.py", line 66, in error_log
    raise Exception(log_message)
Exception: 断言失败:status_code不等于200


[2023-08-24 18:08:33,328] logger_util.py->write_log line:61 [INFO] 
-------------接口请求开始-----------
[2023-08-24 18:08:33,329] logger_util.py->write_log line:61 [INFO] 接口名称：新增io变量-无符号16位整型
[2023-08-24 18:08:33,329] logger_util.py->write_log line:61 [INFO] 接口方式：post
[2023-08-24 18:08:33,329] logger_util.py->write_log line:61 [INFO] 接口路径：http://127.0.0.1:18000/api/v1/variable/tunnel/146/tag
[2023-08-24 18:08:33,329] logger_util.py->write_log line:61 [INFO] 请求头：{}
[2023-08-24 18:08:33,329] logger_util.py->write_log line:61 [INFO] 请求参数：[{'archiveSetting': None, 'groupId': None, 'name': 'aa5', 'description': '无符号16位整型', 'typeName': '无符号16位整型', 'config': {'initType': 0, 'setValue': None}, 'index': 5}]
[2023-08-24 18:08:33,329] logger_util.py->write_log line:61 [INFO] 文件上传：None
[2023-08-24 18:08:33,338] logger_util.py->error_log line:65 [INFO] 断言失败:status_code不等于200
[2023-08-24 18:08:33,338] logger_util.py->write_log line:61 [INFO] 实际结果：序号<5>变量配置错误：变量名<aa5>已存在，请重新输入
[2023-08-24 18:08:33,338] logger_util.py->write_log line:61 [INFO] 接口请求失败！
[2023-08-24 18:08:33,338] logger_util.py->write_log line:61 [INFO] -------------接口请求结束-----------

[2023-08-24 18:08:33,338] logger_util.py->error_log line:65 [INFO] 断言异常：异常信息: Traceback (most recent call last):
  File "E:\Project_python\api_cms\common\requests_util.py", line 356, in validate_result
    error_log("断言失败:"+assert_key+"不等于"+str(assert_value))
  File "E:\Project_python\api_cms\common\logger_util.py", line 66, in error_log
    raise Exception(log_message)
Exception: 断言失败:status_code不等于200

[2023-08-24 18:08:33,338] logger_util.py->error_log line:65 [INFO] 分析YAML文件异常：异常信息: Traceback (most recent call last):
  File "E:\Project_python\api_cms\common\requests_util.py", line 356, in validate_result
    error_log("断言失败:"+assert_key+"不等于"+str(assert_value))
  File "E:\Project_python\api_cms\common\logger_util.py", line 66, in error_log
    raise Exception(log_message)
Exception: 断言失败:status_code不等于200

During handling of the above exception, another exception occurred:

Traceback (most recent call last):
  File "E:\Project_python\api_cms\common\requests_util.py", line 255, in analysis_yaml
    self.validate_result(yq_result, return_text, status_code)
  File "E:\Project_python\api_cms\common\requests_util.py", line 413, in validate_result
    error_log("断言异常：异常信息: %s" % str(traceback.format_exc()))
  File "E:\Project_python\api_cms\common\logger_util.py", line 66, in error_log
    raise Exception(log_message)
Exception: 断言异常：异常信息: Traceback (most recent call last):
  File "E:\Project_python\api_cms\common\requests_util.py", line 356, in validate_result
    error_log("断言失败:"+assert_key+"不等于"+str(assert_value))
  File "E:\Project_python\api_cms\common\logger_util.py", line 66, in error_log
    raise Exception(log_message)
Exception: 断言失败:status_code不等于200


[2023-08-24 18:08:33,366] logger_util.py->write_log line:61 [INFO] 
-------------接口请求开始-----------
[2023-08-24 18:08:33,366] logger_util.py->write_log line:61 [INFO] 接口名称：新增io变量-有符号32位整型
[2023-08-24 18:08:33,367] logger_util.py->write_log line:61 [INFO] 接口方式：post
[2023-08-24 18:08:33,367] logger_util.py->write_log line:61 [INFO] 接口路径：http://127.0.0.1:18000/api/v1/variable/tunnel/146/tag
[2023-08-24 18:08:33,367] logger_util.py->write_log line:61 [INFO] 请求头：{}
[2023-08-24 18:08:33,367] logger_util.py->write_log line:61 [INFO] 请求参数：[{'archiveSetting': None, 'groupId': None, 'name': 'aa6', 'description': '有符号32位整型', 'typeName': '有符号32位整型', 'config': {'initType': 0, 'setValue': None}, 'index': 6}]
[2023-08-24 18:08:33,367] logger_util.py->write_log line:61 [INFO] 文件上传：None
[2023-08-24 18:08:33,375] logger_util.py->error_log line:65 [INFO] 断言失败:status_code不等于200
[2023-08-24 18:08:33,375] logger_util.py->write_log line:61 [INFO] 实际结果：序号<6>变量配置错误：变量名<aa6>已存在，请重新输入
[2023-08-24 18:08:33,375] logger_util.py->write_log line:61 [INFO] 接口请求失败！
[2023-08-24 18:08:33,375] logger_util.py->write_log line:61 [INFO] -------------接口请求结束-----------

[2023-08-24 18:08:33,375] logger_util.py->error_log line:65 [INFO] 断言异常：异常信息: Traceback (most recent call last):
  File "E:\Project_python\api_cms\common\requests_util.py", line 356, in validate_result
    error_log("断言失败:"+assert_key+"不等于"+str(assert_value))
  File "E:\Project_python\api_cms\common\logger_util.py", line 66, in error_log
    raise Exception(log_message)
Exception: 断言失败:status_code不等于200

[2023-08-24 18:08:33,376] logger_util.py->error_log line:65 [INFO] 分析YAML文件异常：异常信息: Traceback (most recent call last):
  File "E:\Project_python\api_cms\common\requests_util.py", line 356, in validate_result
    error_log("断言失败:"+assert_key+"不等于"+str(assert_value))
  File "E:\Project_python\api_cms\common\logger_util.py", line 66, in error_log
    raise Exception(log_message)
Exception: 断言失败:status_code不等于200

During handling of the above exception, another exception occurred:

Traceback (most recent call last):
  File "E:\Project_python\api_cms\common\requests_util.py", line 255, in analysis_yaml
    self.validate_result(yq_result, return_text, status_code)
  File "E:\Project_python\api_cms\common\requests_util.py", line 413, in validate_result
    error_log("断言异常：异常信息: %s" % str(traceback.format_exc()))
  File "E:\Project_python\api_cms\common\logger_util.py", line 66, in error_log
    raise Exception(log_message)
Exception: 断言异常：异常信息: Traceback (most recent call last):
  File "E:\Project_python\api_cms\common\requests_util.py", line 356, in validate_result
    error_log("断言失败:"+assert_key+"不等于"+str(assert_value))
  File "E:\Project_python\api_cms\common\logger_util.py", line 66, in error_log
    raise Exception(log_message)
Exception: 断言失败:status_code不等于200


[2023-08-24 18:08:33,402] logger_util.py->write_log line:61 [INFO] 
-------------接口请求开始-----------
[2023-08-24 18:08:33,402] logger_util.py->write_log line:61 [INFO] 接口名称：新增io变量-无符号32位整型
[2023-08-24 18:08:33,402] logger_util.py->write_log line:61 [INFO] 接口方式：post
[2023-08-24 18:08:33,402] logger_util.py->write_log line:61 [INFO] 接口路径：http://127.0.0.1:18000/api/v1/variable/tunnel/146/tag
[2023-08-24 18:08:33,402] logger_util.py->write_log line:61 [INFO] 请求头：{}
[2023-08-24 18:08:33,402] logger_util.py->write_log line:61 [INFO] 请求参数：[{'archiveSetting': None, 'groupId': None, 'name': 'aa7', 'description': '无符号32位整型', 'typeName': '无符号32位整型', 'config': {'initType': 0, 'setValue': None}, 'index': 7}]
[2023-08-24 18:08:33,402] logger_util.py->write_log line:61 [INFO] 文件上传：None
[2023-08-24 18:08:33,410] logger_util.py->error_log line:65 [INFO] 断言失败:status_code不等于200
[2023-08-24 18:08:33,410] logger_util.py->write_log line:61 [INFO] 实际结果：序号<7>变量配置错误：变量名<aa7>已存在，请重新输入
[2023-08-24 18:08:33,410] logger_util.py->write_log line:61 [INFO] 接口请求失败！
[2023-08-24 18:08:33,410] logger_util.py->write_log line:61 [INFO] -------------接口请求结束-----------

[2023-08-24 18:08:33,411] logger_util.py->error_log line:65 [INFO] 断言异常：异常信息: Traceback (most recent call last):
  File "E:\Project_python\api_cms\common\requests_util.py", line 356, in validate_result
    error_log("断言失败:"+assert_key+"不等于"+str(assert_value))
  File "E:\Project_python\api_cms\common\logger_util.py", line 66, in error_log
    raise Exception(log_message)
Exception: 断言失败:status_code不等于200

[2023-08-24 18:08:33,411] logger_util.py->error_log line:65 [INFO] 分析YAML文件异常：异常信息: Traceback (most recent call last):
  File "E:\Project_python\api_cms\common\requests_util.py", line 356, in validate_result
    error_log("断言失败:"+assert_key+"不等于"+str(assert_value))
  File "E:\Project_python\api_cms\common\logger_util.py", line 66, in error_log
    raise Exception(log_message)
Exception: 断言失败:status_code不等于200

During handling of the above exception, another exception occurred:

Traceback (most recent call last):
  File "E:\Project_python\api_cms\common\requests_util.py", line 255, in analysis_yaml
    self.validate_result(yq_result, return_text, status_code)
  File "E:\Project_python\api_cms\common\requests_util.py", line 413, in validate_result
    error_log("断言异常：异常信息: %s" % str(traceback.format_exc()))
  File "E:\Project_python\api_cms\common\logger_util.py", line 66, in error_log
    raise Exception(log_message)
Exception: 断言异常：异常信息: Traceback (most recent call last):
  File "E:\Project_python\api_cms\common\requests_util.py", line 356, in validate_result
    error_log("断言失败:"+assert_key+"不等于"+str(assert_value))
  File "E:\Project_python\api_cms\common\logger_util.py", line 66, in error_log
    raise Exception(log_message)
Exception: 断言失败:status_code不等于200


[2023-08-24 18:08:33,439] logger_util.py->write_log line:61 [INFO] 
-------------接口请求开始-----------
[2023-08-24 18:08:33,439] logger_util.py->write_log line:61 [INFO] 接口名称：新增io变量-有符号64位整型
[2023-08-24 18:08:33,439] logger_util.py->write_log line:61 [INFO] 接口方式：post
[2023-08-24 18:08:33,440] logger_util.py->write_log line:61 [INFO] 接口路径：http://127.0.0.1:18000/api/v1/variable/tunnel/146/tag
[2023-08-24 18:08:33,440] logger_util.py->write_log line:61 [INFO] 请求头：{}
[2023-08-24 18:08:33,440] logger_util.py->write_log line:61 [INFO] 请求参数：[{'archiveSetting': None, 'groupId': None, 'name': 'aa8', 'description': '有符号64位整型', 'typeName': '有符号64位整型', 'config': {'initType': 0, 'setValue': None}, 'index': 8}]
[2023-08-24 18:08:33,440] logger_util.py->write_log line:61 [INFO] 文件上传：None
[2023-08-24 18:08:33,448] logger_util.py->error_log line:65 [INFO] 断言失败:status_code不等于200
[2023-08-24 18:08:33,448] logger_util.py->write_log line:61 [INFO] 实际结果：序号<8>变量配置错误：变量名<aa8>已存在，请重新输入
[2023-08-24 18:08:33,448] logger_util.py->write_log line:61 [INFO] 接口请求失败！
[2023-08-24 18:08:33,448] logger_util.py->write_log line:61 [INFO] -------------接口请求结束-----------

[2023-08-24 18:08:33,449] logger_util.py->error_log line:65 [INFO] 断言异常：异常信息: Traceback (most recent call last):
  File "E:\Project_python\api_cms\common\requests_util.py", line 356, in validate_result
    error_log("断言失败:"+assert_key+"不等于"+str(assert_value))
  File "E:\Project_python\api_cms\common\logger_util.py", line 66, in error_log
    raise Exception(log_message)
Exception: 断言失败:status_code不等于200

[2023-08-24 18:08:33,449] logger_util.py->error_log line:65 [INFO] 分析YAML文件异常：异常信息: Traceback (most recent call last):
  File "E:\Project_python\api_cms\common\requests_util.py", line 356, in validate_result
    error_log("断言失败:"+assert_key+"不等于"+str(assert_value))
  File "E:\Project_python\api_cms\common\logger_util.py", line 66, in error_log
    raise Exception(log_message)
Exception: 断言失败:status_code不等于200

During handling of the above exception, another exception occurred:

Traceback (most recent call last):
  File "E:\Project_python\api_cms\common\requests_util.py", line 255, in analysis_yaml
    self.validate_result(yq_result, return_text, status_code)
  File "E:\Project_python\api_cms\common\requests_util.py", line 413, in validate_result
    error_log("断言异常：异常信息: %s" % str(traceback.format_exc()))
  File "E:\Project_python\api_cms\common\logger_util.py", line 66, in error_log
    raise Exception(log_message)
Exception: 断言异常：异常信息: Traceback (most recent call last):
  File "E:\Project_python\api_cms\common\requests_util.py", line 356, in validate_result
    error_log("断言失败:"+assert_key+"不等于"+str(assert_value))
  File "E:\Project_python\api_cms\common\logger_util.py", line 66, in error_log
    raise Exception(log_message)
Exception: 断言失败:status_code不等于200


[2023-08-24 18:08:33,476] logger_util.py->write_log line:61 [INFO] 
-------------接口请求开始-----------
[2023-08-24 18:08:33,477] logger_util.py->write_log line:61 [INFO] 接口名称：新增io变量-无符号64位整型
[2023-08-24 18:08:33,477] logger_util.py->write_log line:61 [INFO] 接口方式：post
[2023-08-24 18:08:33,477] logger_util.py->write_log line:61 [INFO] 接口路径：http://127.0.0.1:18000/api/v1/variable/tunnel/146/tag
[2023-08-24 18:08:33,477] logger_util.py->write_log line:61 [INFO] 请求头：{}
[2023-08-24 18:08:33,477] logger_util.py->write_log line:61 [INFO] 请求参数：[{'archiveSetting': None, 'groupId': None, 'name': 'aa9', 'description': '无符号64位整型', 'typeName': '无符号64位整型', 'config': {'initType': 0, 'setValue': None}, 'index': 9}]
[2023-08-24 18:08:33,477] logger_util.py->write_log line:61 [INFO] 文件上传：None
[2023-08-24 18:08:33,485] logger_util.py->error_log line:65 [INFO] 断言失败:status_code不等于200
[2023-08-24 18:08:33,485] logger_util.py->write_log line:61 [INFO] 实际结果：序号<9>变量配置错误：变量名<aa9>已存在，请重新输入
[2023-08-24 18:08:33,486] logger_util.py->write_log line:61 [INFO] 接口请求失败！
[2023-08-24 18:08:33,486] logger_util.py->write_log line:61 [INFO] -------------接口请求结束-----------

[2023-08-24 18:08:33,486] logger_util.py->error_log line:65 [INFO] 断言异常：异常信息: Traceback (most recent call last):
  File "E:\Project_python\api_cms\common\requests_util.py", line 356, in validate_result
    error_log("断言失败:"+assert_key+"不等于"+str(assert_value))
  File "E:\Project_python\api_cms\common\logger_util.py", line 66, in error_log
    raise Exception(log_message)
Exception: 断言失败:status_code不等于200

[2023-08-24 18:08:33,486] logger_util.py->error_log line:65 [INFO] 分析YAML文件异常：异常信息: Traceback (most recent call last):
  File "E:\Project_python\api_cms\common\requests_util.py", line 356, in validate_result
    error_log("断言失败:"+assert_key+"不等于"+str(assert_value))
  File "E:\Project_python\api_cms\common\logger_util.py", line 66, in error_log
    raise Exception(log_message)
Exception: 断言失败:status_code不等于200

During handling of the above exception, another exception occurred:

Traceback (most recent call last):
  File "E:\Project_python\api_cms\common\requests_util.py", line 255, in analysis_yaml
    self.validate_result(yq_result, return_text, status_code)
  File "E:\Project_python\api_cms\common\requests_util.py", line 413, in validate_result
    error_log("断言异常：异常信息: %s" % str(traceback.format_exc()))
  File "E:\Project_python\api_cms\common\logger_util.py", line 66, in error_log
    raise Exception(log_message)
Exception: 断言异常：异常信息: Traceback (most recent call last):
  File "E:\Project_python\api_cms\common\requests_util.py", line 356, in validate_result
    error_log("断言失败:"+assert_key+"不等于"+str(assert_value))
  File "E:\Project_python\api_cms\common\logger_util.py", line 66, in error_log
    raise Exception(log_message)
Exception: 断言失败:status_code不等于200


[2023-08-24 18:08:33,513] logger_util.py->write_log line:61 [INFO] 
-------------接口请求开始-----------
[2023-08-24 18:08:33,514] logger_util.py->write_log line:61 [INFO] 接口名称：新增io变量-F32位浮点数IEEE754
[2023-08-24 18:08:33,514] logger_util.py->write_log line:61 [INFO] 接口方式：post
[2023-08-24 18:08:33,514] logger_util.py->write_log line:61 [INFO] 接口路径：http://127.0.0.1:18000/api/v1/variable/tunnel/146/tag
[2023-08-24 18:08:33,514] logger_util.py->write_log line:61 [INFO] 请求头：{}
[2023-08-24 18:08:33,514] logger_util.py->write_log line:61 [INFO] 请求参数：[{'archiveSetting': None, 'groupId': None, 'name': 'aa10', 'description': 'F32位浮点数IEEE754', 'typeName': 'F32位浮点数IEEE754', 'config': {'initType': 0, 'setValue': None}, 'index': 10}]
[2023-08-24 18:08:33,514] logger_util.py->write_log line:61 [INFO] 文件上传：None
[2023-08-24 18:08:33,522] logger_util.py->error_log line:65 [INFO] 断言失败:status_code不等于200
[2023-08-24 18:08:33,522] logger_util.py->write_log line:61 [INFO] 实际结果：序号<10>变量配置错误：变量名<aa10>已存在，请重新输入
[2023-08-24 18:08:33,522] logger_util.py->write_log line:61 [INFO] 接口请求失败！
[2023-08-24 18:08:33,522] logger_util.py->write_log line:61 [INFO] -------------接口请求结束-----------

[2023-08-24 18:08:33,523] logger_util.py->error_log line:65 [INFO] 断言异常：异常信息: Traceback (most recent call last):
  File "E:\Project_python\api_cms\common\requests_util.py", line 356, in validate_result
    error_log("断言失败:"+assert_key+"不等于"+str(assert_value))
  File "E:\Project_python\api_cms\common\logger_util.py", line 66, in error_log
    raise Exception(log_message)
Exception: 断言失败:status_code不等于200

[2023-08-24 18:08:33,523] logger_util.py->error_log line:65 [INFO] 分析YAML文件异常：异常信息: Traceback (most recent call last):
  File "E:\Project_python\api_cms\common\requests_util.py", line 356, in validate_result
    error_log("断言失败:"+assert_key+"不等于"+str(assert_value))
  File "E:\Project_python\api_cms\common\logger_util.py", line 66, in error_log
    raise Exception(log_message)
Exception: 断言失败:status_code不等于200

During handling of the above exception, another exception occurred:

Traceback (most recent call last):
  File "E:\Project_python\api_cms\common\requests_util.py", line 255, in analysis_yaml
    self.validate_result(yq_result, return_text, status_code)
  File "E:\Project_python\api_cms\common\requests_util.py", line 413, in validate_result
    error_log("断言异常：异常信息: %s" % str(traceback.format_exc()))
  File "E:\Project_python\api_cms\common\logger_util.py", line 66, in error_log
    raise Exception(log_message)
Exception: 断言异常：异常信息: Traceback (most recent call last):
  File "E:\Project_python\api_cms\common\requests_util.py", line 356, in validate_result
    error_log("断言失败:"+assert_key+"不等于"+str(assert_value))
  File "E:\Project_python\api_cms\common\logger_util.py", line 66, in error_log
    raise Exception(log_message)
Exception: 断言失败:status_code不等于200


[2023-08-24 18:08:33,549] logger_util.py->write_log line:61 [INFO] 
-------------接口请求开始-----------
[2023-08-24 18:08:33,549] logger_util.py->write_log line:61 [INFO] 接口名称：新增io变量-F64位浮点数IEEE754
[2023-08-24 18:08:33,550] logger_util.py->write_log line:61 [INFO] 接口方式：post
[2023-08-24 18:08:33,550] logger_util.py->write_log line:61 [INFO] 接口路径：http://127.0.0.1:18000/api/v1/variable/tunnel/146/tag
[2023-08-24 18:08:33,550] logger_util.py->write_log line:61 [INFO] 请求头：{}
[2023-08-24 18:08:33,550] logger_util.py->write_log line:61 [INFO] 请求参数：[{'archiveSetting': None, 'groupId': None, 'name': 'aa11', 'description': 'F64位浮点数IEEE754', 'typeName': 'F64位浮点数IEEE754', 'config': {'initType': 0, 'setValue': None}, 'index': 11}]
[2023-08-24 18:08:33,550] logger_util.py->write_log line:61 [INFO] 文件上传：None
[2023-08-24 18:08:33,558] logger_util.py->error_log line:65 [INFO] 断言失败:status_code不等于200
[2023-08-24 18:08:33,558] logger_util.py->write_log line:61 [INFO] 实际结果：序号<11>变量配置错误：变量名<aa11>已存在，请重新输入
[2023-08-24 18:08:33,558] logger_util.py->write_log line:61 [INFO] 接口请求失败！
[2023-08-24 18:08:33,558] logger_util.py->write_log line:61 [INFO] -------------接口请求结束-----------

[2023-08-24 18:08:33,558] logger_util.py->error_log line:65 [INFO] 断言异常：异常信息: Traceback (most recent call last):
  File "E:\Project_python\api_cms\common\requests_util.py", line 356, in validate_result
    error_log("断言失败:"+assert_key+"不等于"+str(assert_value))
  File "E:\Project_python\api_cms\common\logger_util.py", line 66, in error_log
    raise Exception(log_message)
Exception: 断言失败:status_code不等于200

[2023-08-24 18:08:33,558] logger_util.py->error_log line:65 [INFO] 分析YAML文件异常：异常信息: Traceback (most recent call last):
  File "E:\Project_python\api_cms\common\requests_util.py", line 356, in validate_result
    error_log("断言失败:"+assert_key+"不等于"+str(assert_value))
  File "E:\Project_python\api_cms\common\logger_util.py", line 66, in error_log
    raise Exception(log_message)
Exception: 断言失败:status_code不等于200

During handling of the above exception, another exception occurred:

Traceback (most recent call last):
  File "E:\Project_python\api_cms\common\requests_util.py", line 255, in analysis_yaml
    self.validate_result(yq_result, return_text, status_code)
  File "E:\Project_python\api_cms\common\requests_util.py", line 413, in validate_result
    error_log("断言异常：异常信息: %s" % str(traceback.format_exc()))
  File "E:\Project_python\api_cms\common\logger_util.py", line 66, in error_log
    raise Exception(log_message)
Exception: 断言异常：异常信息: Traceback (most recent call last):
  File "E:\Project_python\api_cms\common\requests_util.py", line 356, in validate_result
    error_log("断言失败:"+assert_key+"不等于"+str(assert_value))
  File "E:\Project_python\api_cms\common\logger_util.py", line 66, in error_log
    raise Exception(log_message)
Exception: 断言失败:status_code不等于200


[2023-08-24 18:08:33,585] logger_util.py->write_log line:61 [INFO] 
-------------接口请求开始-----------
[2023-08-24 18:08:33,585] logger_util.py->write_log line:61 [INFO] 接口名称：新增io变量-字符串
[2023-08-24 18:08:33,585] logger_util.py->write_log line:61 [INFO] 接口方式：post
[2023-08-24 18:08:33,585] logger_util.py->write_log line:61 [INFO] 接口路径：http://127.0.0.1:18000/api/v1/variable/tunnel/146/tag
[2023-08-24 18:08:33,585] logger_util.py->write_log line:61 [INFO] 请求头：{}
[2023-08-24 18:08:33,585] logger_util.py->write_log line:61 [INFO] 请求参数：[{'archiveSetting': None, 'groupId': None, 'name': 'aa12', 'description': '字符串', 'typeName': '字符串', 'config': {'initType': 0, 'setValue': None}, 'index': 12}]
[2023-08-24 18:08:33,585] logger_util.py->write_log line:61 [INFO] 文件上传：None
[2023-08-24 18:08:33,593] logger_util.py->error_log line:65 [INFO] 断言失败:status_code不等于200
[2023-08-24 18:08:33,593] logger_util.py->write_log line:61 [INFO] 实际结果：序号<12>变量配置错误：变量名<aa12>已存在，请重新输入
[2023-08-24 18:08:33,594] logger_util.py->write_log line:61 [INFO] 接口请求失败！
[2023-08-24 18:08:33,594] logger_util.py->write_log line:61 [INFO] -------------接口请求结束-----------

[2023-08-24 18:08:33,594] logger_util.py->error_log line:65 [INFO] 断言异常：异常信息: Traceback (most recent call last):
  File "E:\Project_python\api_cms\common\requests_util.py", line 356, in validate_result
    error_log("断言失败:"+assert_key+"不等于"+str(assert_value))
  File "E:\Project_python\api_cms\common\logger_util.py", line 66, in error_log
    raise Exception(log_message)
Exception: 断言失败:status_code不等于200

[2023-08-24 18:08:33,594] logger_util.py->error_log line:65 [INFO] 分析YAML文件异常：异常信息: Traceback (most recent call last):
  File "E:\Project_python\api_cms\common\requests_util.py", line 356, in validate_result
    error_log("断言失败:"+assert_key+"不等于"+str(assert_value))
  File "E:\Project_python\api_cms\common\logger_util.py", line 66, in error_log
    raise Exception(log_message)
Exception: 断言失败:status_code不等于200

During handling of the above exception, another exception occurred:

Traceback (most recent call last):
  File "E:\Project_python\api_cms\common\requests_util.py", line 255, in analysis_yaml
    self.validate_result(yq_result, return_text, status_code)
  File "E:\Project_python\api_cms\common\requests_util.py", line 413, in validate_result
    error_log("断言异常：异常信息: %s" % str(traceback.format_exc()))
  File "E:\Project_python\api_cms\common\logger_util.py", line 66, in error_log
    raise Exception(log_message)
Exception: 断言异常：异常信息: Traceback (most recent call last):
  File "E:\Project_python\api_cms\common\requests_util.py", line 356, in validate_result
    error_log("断言失败:"+assert_key+"不等于"+str(assert_value))
  File "E:\Project_python\api_cms\common\logger_util.py", line 66, in error_log
    raise Exception(log_message)
Exception: 断言失败:status_code不等于200


[2023-08-24 18:08:33,622] logger_util.py->write_log line:61 [INFO] 
-------------接口请求开始-----------
[2023-08-24 18:08:33,622] logger_util.py->write_log line:61 [INFO] 接口名称：新增io变量-宽字符串-设定值为空
[2023-08-24 18:08:33,622] logger_util.py->write_log line:61 [INFO] 接口方式：post
[2023-08-24 18:08:33,622] logger_util.py->write_log line:61 [INFO] 接口路径：http://127.0.0.1:18000/api/v1/variable/tunnel/146/tag
[2023-08-24 18:08:33,622] logger_util.py->write_log line:61 [INFO] 请求头：{}
[2023-08-24 18:08:33,622] logger_util.py->write_log line:61 [INFO] 请求参数：[{'archiveSetting': None, 'groupId': None, 'name': 'aa13', 'description': '宽字符串', 'typeName': '宽字符串', 'config': {'initType': 0, 'setValue': None}, 'index': 13}]
[2023-08-24 18:08:33,622] logger_util.py->write_log line:61 [INFO] 文件上传：None
[2023-08-24 18:08:33,631] logger_util.py->error_log line:65 [INFO] 断言失败:status_code不等于200
[2023-08-24 18:08:33,631] logger_util.py->write_log line:61 [INFO] 实际结果：序号<13>变量配置错误：变量名<aa13>已存在，请重新输入
[2023-08-24 18:08:33,631] logger_util.py->write_log line:61 [INFO] 接口请求失败！
[2023-08-24 18:08:33,631] logger_util.py->write_log line:61 [INFO] -------------接口请求结束-----------

[2023-08-24 18:08:33,631] logger_util.py->error_log line:65 [INFO] 断言异常：异常信息: Traceback (most recent call last):
  File "E:\Project_python\api_cms\common\requests_util.py", line 356, in validate_result
    error_log("断言失败:"+assert_key+"不等于"+str(assert_value))
  File "E:\Project_python\api_cms\common\logger_util.py", line 66, in error_log
    raise Exception(log_message)
Exception: 断言失败:status_code不等于200

[2023-08-24 18:08:33,631] logger_util.py->error_log line:65 [INFO] 分析YAML文件异常：异常信息: Traceback (most recent call last):
  File "E:\Project_python\api_cms\common\requests_util.py", line 356, in validate_result
    error_log("断言失败:"+assert_key+"不等于"+str(assert_value))
  File "E:\Project_python\api_cms\common\logger_util.py", line 66, in error_log
    raise Exception(log_message)
Exception: 断言失败:status_code不等于200

During handling of the above exception, another exception occurred:

Traceback (most recent call last):
  File "E:\Project_python\api_cms\common\requests_util.py", line 255, in analysis_yaml
    self.validate_result(yq_result, return_text, status_code)
  File "E:\Project_python\api_cms\common\requests_util.py", line 413, in validate_result
    error_log("断言异常：异常信息: %s" % str(traceback.format_exc()))
  File "E:\Project_python\api_cms\common\logger_util.py", line 66, in error_log
    raise Exception(log_message)
Exception: 断言异常：异常信息: Traceback (most recent call last):
  File "E:\Project_python\api_cms\common\requests_util.py", line 356, in validate_result
    error_log("断言失败:"+assert_key+"不等于"+str(assert_value))
  File "E:\Project_python\api_cms\common\logger_util.py", line 66, in error_log
    raise Exception(log_message)
Exception: 断言失败:status_code不等于200


[2023-08-24 18:08:33,658] logger_util.py->write_log line:61 [INFO] 
-------------接口请求开始-----------
[2023-08-24 18:08:33,658] logger_util.py->write_log line:61 [INFO] 接口名称：新增io变量-日期
[2023-08-24 18:08:33,658] logger_util.py->write_log line:61 [INFO] 接口方式：post
[2023-08-24 18:08:33,658] logger_util.py->write_log line:61 [INFO] 接口路径：http://127.0.0.1:18000/api/v1/variable/tunnel/146/tag
[2023-08-24 18:08:33,659] logger_util.py->write_log line:61 [INFO] 请求头：{}
[2023-08-24 18:08:33,659] logger_util.py->write_log line:61 [INFO] 请求参数：[{'archiveSetting': None, 'groupId': None, 'name': 'aa14', 'description': '日期', 'typeName': '日期', 'config': {'initType': 0, 'setValue': None}, 'index': 14}]
[2023-08-24 18:08:33,659] logger_util.py->write_log line:61 [INFO] 文件上传：None
[2023-08-24 18:08:33,667] logger_util.py->error_log line:65 [INFO] 断言失败:status_code不等于200
[2023-08-24 18:08:33,667] logger_util.py->write_log line:61 [INFO] 实际结果：序号<14>变量配置错误：变量名<aa14>已存在，请重新输入
[2023-08-24 18:08:33,667] logger_util.py->write_log line:61 [INFO] 接口请求失败！
[2023-08-24 18:08:33,667] logger_util.py->write_log line:61 [INFO] -------------接口请求结束-----------

[2023-08-24 18:08:33,668] logger_util.py->error_log line:65 [INFO] 断言异常：异常信息: Traceback (most recent call last):
  File "E:\Project_python\api_cms\common\requests_util.py", line 356, in validate_result
    error_log("断言失败:"+assert_key+"不等于"+str(assert_value))
  File "E:\Project_python\api_cms\common\logger_util.py", line 66, in error_log
    raise Exception(log_message)
Exception: 断言失败:status_code不等于200

[2023-08-24 18:08:33,668] logger_util.py->error_log line:65 [INFO] 分析YAML文件异常：异常信息: Traceback (most recent call last):
  File "E:\Project_python\api_cms\common\requests_util.py", line 356, in validate_result
    error_log("断言失败:"+assert_key+"不等于"+str(assert_value))
  File "E:\Project_python\api_cms\common\logger_util.py", line 66, in error_log
    raise Exception(log_message)
Exception: 断言失败:status_code不等于200

During handling of the above exception, another exception occurred:

Traceback (most recent call last):
  File "E:\Project_python\api_cms\common\requests_util.py", line 255, in analysis_yaml
    self.validate_result(yq_result, return_text, status_code)
  File "E:\Project_python\api_cms\common\requests_util.py", line 413, in validate_result
    error_log("断言异常：异常信息: %s" % str(traceback.format_exc()))
  File "E:\Project_python\api_cms\common\logger_util.py", line 66, in error_log
    raise Exception(log_message)
Exception: 断言异常：异常信息: Traceback (most recent call last):
  File "E:\Project_python\api_cms\common\requests_util.py", line 356, in validate_result
    error_log("断言失败:"+assert_key+"不等于"+str(assert_value))
  File "E:\Project_python\api_cms\common\logger_util.py", line 66, in error_log
    raise Exception(log_message)
Exception: 断言失败:status_code不等于200


[2023-08-24 18:08:33,696] logger_util.py->write_log line:61 [INFO] 
-------------接口请求开始-----------
[2023-08-24 18:08:33,696] logger_util.py->write_log line:61 [INFO] 接口名称：新增io变量-时间
[2023-08-24 18:08:33,696] logger_util.py->write_log line:61 [INFO] 接口方式：post
[2023-08-24 18:08:33,696] logger_util.py->write_log line:61 [INFO] 接口路径：http://127.0.0.1:18000/api/v1/variable/tunnel/146/tag
[2023-08-24 18:08:33,697] logger_util.py->write_log line:61 [INFO] 请求头：{}
[2023-08-24 18:08:33,697] logger_util.py->write_log line:61 [INFO] 请求参数：[{'archiveSetting': None, 'groupId': None, 'name': 'aa15', 'description': '时间', 'typeName': '时间', 'config': {'initType': 0, 'setValue': None}, 'index': 15}]
[2023-08-24 18:08:33,697] logger_util.py->write_log line:61 [INFO] 文件上传：None
[2023-08-24 18:08:33,705] logger_util.py->error_log line:65 [INFO] 断言失败:status_code不等于200
[2023-08-24 18:08:33,705] logger_util.py->write_log line:61 [INFO] 实际结果：序号<15>变量配置错误：变量名<aa15>已存在，请重新输入
[2023-08-24 18:08:33,705] logger_util.py->write_log line:61 [INFO] 接口请求失败！
[2023-08-24 18:08:33,705] logger_util.py->write_log line:61 [INFO] -------------接口请求结束-----------

[2023-08-24 18:08:33,706] logger_util.py->error_log line:65 [INFO] 断言异常：异常信息: Traceback (most recent call last):
  File "E:\Project_python\api_cms\common\requests_util.py", line 356, in validate_result
    error_log("断言失败:"+assert_key+"不等于"+str(assert_value))
  File "E:\Project_python\api_cms\common\logger_util.py", line 66, in error_log
    raise Exception(log_message)
Exception: 断言失败:status_code不等于200

[2023-08-24 18:08:33,706] logger_util.py->error_log line:65 [INFO] 分析YAML文件异常：异常信息: Traceback (most recent call last):
  File "E:\Project_python\api_cms\common\requests_util.py", line 356, in validate_result
    error_log("断言失败:"+assert_key+"不等于"+str(assert_value))
  File "E:\Project_python\api_cms\common\logger_util.py", line 66, in error_log
    raise Exception(log_message)
Exception: 断言失败:status_code不等于200

During handling of the above exception, another exception occurred:

Traceback (most recent call last):
  File "E:\Project_python\api_cms\common\requests_util.py", line 255, in analysis_yaml
    self.validate_result(yq_result, return_text, status_code)
  File "E:\Project_python\api_cms\common\requests_util.py", line 413, in validate_result
    error_log("断言异常：异常信息: %s" % str(traceback.format_exc()))
  File "E:\Project_python\api_cms\common\logger_util.py", line 66, in error_log
    raise Exception(log_message)
Exception: 断言异常：异常信息: Traceback (most recent call last):
  File "E:\Project_python\api_cms\common\requests_util.py", line 356, in validate_result
    error_log("断言失败:"+assert_key+"不等于"+str(assert_value))
  File "E:\Project_python\api_cms\common\logger_util.py", line 66, in error_log
    raise Exception(log_message)
Exception: 断言失败:status_code不等于200


[2023-08-24 18:08:33,732] logger_util.py->write_log line:61 [INFO] 
-------------接口请求开始-----------
[2023-08-24 18:08:33,733] logger_util.py->write_log line:61 [INFO] 接口名称：新增io变量-日期时间
[2023-08-24 18:08:33,733] logger_util.py->write_log line:61 [INFO] 接口方式：post
[2023-08-24 18:08:33,733] logger_util.py->write_log line:61 [INFO] 接口路径：http://127.0.0.1:18000/api/v1/variable/tunnel/146/tag
[2023-08-24 18:08:33,733] logger_util.py->write_log line:61 [INFO] 请求头：{}
[2023-08-24 18:08:33,733] logger_util.py->write_log line:61 [INFO] 请求参数：[{'archiveSetting': None, 'groupId': None, 'name': 'aa16', 'description': '日期时间', 'typeName': '日期时间', 'config': {'initType': 0, 'setValue': None}, 'index': 16}]
[2023-08-24 18:08:33,733] logger_util.py->write_log line:61 [INFO] 文件上传：None
[2023-08-24 18:08:33,741] logger_util.py->error_log line:65 [INFO] 断言失败:status_code不等于200
[2023-08-24 18:08:33,741] logger_util.py->write_log line:61 [INFO] 实际结果：序号<16>变量配置错误：变量名<aa16>已存在，请重新输入
[2023-08-24 18:08:33,742] logger_util.py->write_log line:61 [INFO] 接口请求失败！
[2023-08-24 18:08:33,742] logger_util.py->write_log line:61 [INFO] -------------接口请求结束-----------

[2023-08-24 18:08:33,742] logger_util.py->error_log line:65 [INFO] 断言异常：异常信息: Traceback (most recent call last):
  File "E:\Project_python\api_cms\common\requests_util.py", line 356, in validate_result
    error_log("断言失败:"+assert_key+"不等于"+str(assert_value))
  File "E:\Project_python\api_cms\common\logger_util.py", line 66, in error_log
    raise Exception(log_message)
Exception: 断言失败:status_code不等于200

[2023-08-24 18:08:33,742] logger_util.py->error_log line:65 [INFO] 分析YAML文件异常：异常信息: Traceback (most recent call last):
  File "E:\Project_python\api_cms\common\requests_util.py", line 356, in validate_result
    error_log("断言失败:"+assert_key+"不等于"+str(assert_value))
  File "E:\Project_python\api_cms\common\logger_util.py", line 66, in error_log
    raise Exception(log_message)
Exception: 断言失败:status_code不等于200

During handling of the above exception, another exception occurred:

Traceback (most recent call last):
  File "E:\Project_python\api_cms\common\requests_util.py", line 255, in analysis_yaml
    self.validate_result(yq_result, return_text, status_code)
  File "E:\Project_python\api_cms\common\requests_util.py", line 413, in validate_result
    error_log("断言异常：异常信息: %s" % str(traceback.format_exc()))
  File "E:\Project_python\api_cms\common\logger_util.py", line 66, in error_log
    raise Exception(log_message)
Exception: 断言异常：异常信息: Traceback (most recent call last):
  File "E:\Project_python\api_cms\common\requests_util.py", line 356, in validate_result
    error_log("断言失败:"+assert_key+"不等于"+str(assert_value))
  File "E:\Project_python\api_cms\common\logger_util.py", line 66, in error_log
    raise Exception(log_message)
Exception: 断言失败:status_code不等于200


