[2022-11-02 16:55:21,552] logger_util.py->write_log line:61 [INFO] -------------接口请求开始-----------
[2022-11-02 16:55:21,553] logger_util.py->write_log line:61 [INFO] 接口名称：新建设备
[2022-11-02 16:55:21,553] logger_util.py->write_log line:61 [INFO] 接口方式：post
[2022-11-02 16:55:21,553] logger_util.py->write_log line:61 [INFO] 接口路径：http://127.0.0.1:18000/api/v1/variable/device
[2022-11-02 16:55:21,553] logger_util.py->write_log line:61 [INFO] 请求头：{'Content-Type': 'application/json;charset=UTF-8', 'X-Project': 'cb7eb2eb0ea844daa9c8fc02e983bbe4'}
[2022-11-02 16:55:21,562] logger_util.py->write_log line:61 [INFO] 请求参数：{'id': None, 'name': '设备1', 'description': '描述1', 'protocolType': 1, 'suppiler': '通用', 'model': '通用', 'parameters': {'ServerName': '127.0.0.1', 'DeviceID': '1', 'Port': '502', 'TimeOut': '1000', 'ByteOrder': '2143', 'StrByteOrder': '2143'}}
[2022-11-02 16:55:21,562] logger_util.py->write_log line:61 [INFO] 文件上传：None
[2022-11-02 16:55:21,780] logger_util.py->error_log line:65 [INFO] 断言失败:status_code不等于200
[2022-11-02 16:55:21,780] logger_util.py->write_log line:61 [INFO] 接口请求失败！
[2022-11-02 16:55:21,780] logger_util.py->write_log line:61 [INFO] -------------接口请求结束-----------

[2022-11-02 16:55:21,801] logger_util.py->error_log line:65 [INFO] 断言异常：异常信息: Traceback (most recent call last):
  File "E:\Project_python\2TestCMS2.0\common\requests_util.py", line 394, in validate_result
    error_log("断言失败:"+assert_key+"不等于"+str(assert_value))
  File "E:\Project_python\2TestCMS2.0\common\logger_util.py", line 66, in error_log
    raise Exception(log_message)
Exception: 断言失败:status_code不等于200

[2022-11-02 16:55:21,802] logger_util.py->error_log line:65 [INFO] 分析YAML文件异常：异常信息: Traceback (most recent call last):
  File "E:\Project_python\2TestCMS2.0\common\requests_util.py", line 394, in validate_result
    error_log("断言失败:"+assert_key+"不等于"+str(assert_value))
  File "E:\Project_python\2TestCMS2.0\common\logger_util.py", line 66, in error_log
    raise Exception(log_message)
Exception: 断言失败:status_code不等于200

During handling of the above exception, another exception occurred:

Traceback (most recent call last):
  File "E:\Project_python\2TestCMS2.0\common\requests_util.py", line 260, in analysis_yaml
    self.validate_result(yq_result, return_data, status_code)
  File "E:\Project_python\2TestCMS2.0\common\requests_util.py", line 429, in validate_result
    error_log("断言异常：异常信息: %s" % str(traceback.format_exc()))
  File "E:\Project_python\2TestCMS2.0\common\logger_util.py", line 66, in error_log
    raise Exception(log_message)
Exception: 断言异常：异常信息: Traceback (most recent call last):
  File "E:\Project_python\2TestCMS2.0\common\requests_util.py", line 394, in validate_result
    error_log("断言失败:"+assert_key+"不等于"+str(assert_value))
  File "E:\Project_python\2TestCMS2.0\common\logger_util.py", line 66, in error_log
    raise Exception(log_message)
Exception: 断言失败:status_code不等于200


[2022-11-02 16:55:21,997] logger_util.py->write_log line:61 [INFO] -------------接口请求开始-----------
[2022-11-02 16:55:21,997] logger_util.py->write_log line:61 [INFO] 接口名称：新建设备
[2022-11-02 16:55:21,997] logger_util.py->write_log line:61 [INFO] 接口方式：post
[2022-11-02 16:55:21,997] logger_util.py->write_log line:61 [INFO] 接口路径：http://127.0.0.1:18000/api/v1/variable/device
[2022-11-02 16:55:21,997] logger_util.py->write_log line:61 [INFO] 请求头：{'Content-Type': 'application/json;charset=UTF-8', 'X-Project': 'cb7eb2eb0ea844daa9c8fc02e983bbe4'}
[2022-11-02 16:55:21,997] logger_util.py->write_log line:61 [INFO] 请求参数：{'id': None, 'name': '设备2', 'description': '描述1', 'protocolType': 1, 'suppiler': '通用', 'model': '通用', 'parameters': {'ServerName': '127.0.0.1', 'DeviceID': '2', 'Port': '502', 'TimeOut': '1000', 'ByteOrder': '2143', 'StrByteOrder': '2143'}}
[2022-11-02 16:55:21,997] logger_util.py->write_log line:61 [INFO] 文件上传：None
[2022-11-02 16:55:22,003] logger_util.py->error_log line:65 [INFO] 断言失败:status_code不等于200
[2022-11-02 16:55:22,003] logger_util.py->write_log line:61 [INFO] 接口请求失败！
[2022-11-02 16:55:22,003] logger_util.py->write_log line:61 [INFO] -------------接口请求结束-----------

[2022-11-02 16:55:22,004] logger_util.py->error_log line:65 [INFO] 断言异常：异常信息: Traceback (most recent call last):
  File "E:\Project_python\2TestCMS2.0\common\requests_util.py", line 394, in validate_result
    error_log("断言失败:"+assert_key+"不等于"+str(assert_value))
  File "E:\Project_python\2TestCMS2.0\common\logger_util.py", line 66, in error_log
    raise Exception(log_message)
Exception: 断言失败:status_code不等于200

[2022-11-02 16:55:22,004] logger_util.py->error_log line:65 [INFO] 分析YAML文件异常：异常信息: Traceback (most recent call last):
  File "E:\Project_python\2TestCMS2.0\common\requests_util.py", line 394, in validate_result
    error_log("断言失败:"+assert_key+"不等于"+str(assert_value))
  File "E:\Project_python\2TestCMS2.0\common\logger_util.py", line 66, in error_log
    raise Exception(log_message)
Exception: 断言失败:status_code不等于200

During handling of the above exception, another exception occurred:

Traceback (most recent call last):
  File "E:\Project_python\2TestCMS2.0\common\requests_util.py", line 260, in analysis_yaml
    self.validate_result(yq_result, return_data, status_code)
  File "E:\Project_python\2TestCMS2.0\common\requests_util.py", line 429, in validate_result
    error_log("断言异常：异常信息: %s" % str(traceback.format_exc()))
  File "E:\Project_python\2TestCMS2.0\common\logger_util.py", line 66, in error_log
    raise Exception(log_message)
Exception: 断言异常：异常信息: Traceback (most recent call last):
  File "E:\Project_python\2TestCMS2.0\common\requests_util.py", line 394, in validate_result
    error_log("断言失败:"+assert_key+"不等于"+str(assert_value))
  File "E:\Project_python\2TestCMS2.0\common\logger_util.py", line 66, in error_log
    raise Exception(log_message)
Exception: 断言失败:status_code不等于200


[2022-11-02 16:55:22,038] logger_util.py->write_log line:61 [INFO] -------------接口请求开始-----------
[2022-11-02 16:55:22,038] logger_util.py->write_log line:61 [INFO] 接口名称：新建设备
[2022-11-02 16:55:22,038] logger_util.py->write_log line:61 [INFO] 接口方式：post
[2022-11-02 16:55:22,038] logger_util.py->write_log line:61 [INFO] 接口路径：http://127.0.0.1:18000/api/v1/variable/device
[2022-11-02 16:55:22,038] logger_util.py->write_log line:61 [INFO] 请求头：{'Content-Type': 'application/json;charset=UTF-8', 'X-Project': 'cb7eb2eb0ea844daa9c8fc02e983bbe4'}
[2022-11-02 16:55:22,038] logger_util.py->write_log line:61 [INFO] 请求参数：{'id': None, 'name': '设备3', 'description': '描述1', 'protocolType': 1, 'suppiler': '通用', 'model': '通用', 'parameters': {'ServerName': '127.0.0.1', 'DeviceID': '3', 'Port': '502', 'TimeOut': '1000', 'ByteOrder': '2143', 'StrByteOrder': '2143'}}
[2022-11-02 16:55:22,038] logger_util.py->write_log line:61 [INFO] 文件上传：None
[2022-11-02 16:55:22,045] logger_util.py->error_log line:65 [INFO] 断言失败:status_code不等于200
[2022-11-02 16:55:22,045] logger_util.py->write_log line:61 [INFO] 接口请求失败！
[2022-11-02 16:55:22,046] logger_util.py->write_log line:61 [INFO] -------------接口请求结束-----------

[2022-11-02 16:55:22,046] logger_util.py->error_log line:65 [INFO] 断言异常：异常信息: Traceback (most recent call last):
  File "E:\Project_python\2TestCMS2.0\common\requests_util.py", line 394, in validate_result
    error_log("断言失败:"+assert_key+"不等于"+str(assert_value))
  File "E:\Project_python\2TestCMS2.0\common\logger_util.py", line 66, in error_log
    raise Exception(log_message)
Exception: 断言失败:status_code不等于200

[2022-11-02 16:55:22,046] logger_util.py->error_log line:65 [INFO] 分析YAML文件异常：异常信息: Traceback (most recent call last):
  File "E:\Project_python\2TestCMS2.0\common\requests_util.py", line 394, in validate_result
    error_log("断言失败:"+assert_key+"不等于"+str(assert_value))
  File "E:\Project_python\2TestCMS2.0\common\logger_util.py", line 66, in error_log
    raise Exception(log_message)
Exception: 断言失败:status_code不等于200

During handling of the above exception, another exception occurred:

Traceback (most recent call last):
  File "E:\Project_python\2TestCMS2.0\common\requests_util.py", line 260, in analysis_yaml
    self.validate_result(yq_result, return_data, status_code)
  File "E:\Project_python\2TestCMS2.0\common\requests_util.py", line 429, in validate_result
    error_log("断言异常：异常信息: %s" % str(traceback.format_exc()))
  File "E:\Project_python\2TestCMS2.0\common\logger_util.py", line 66, in error_log
    raise Exception(log_message)
Exception: 断言异常：异常信息: Traceback (most recent call last):
  File "E:\Project_python\2TestCMS2.0\common\requests_util.py", line 394, in validate_result
    error_log("断言失败:"+assert_key+"不等于"+str(assert_value))
  File "E:\Project_python\2TestCMS2.0\common\logger_util.py", line 66, in error_log
    raise Exception(log_message)
Exception: 断言失败:status_code不等于200


[2022-11-02 16:55:22,076] logger_util.py->write_log line:61 [INFO] -------------接口请求开始-----------
[2022-11-02 16:55:22,076] logger_util.py->write_log line:61 [INFO] 接口名称：新建设备
[2022-11-02 16:55:22,076] logger_util.py->write_log line:61 [INFO] 接口方式：post
[2022-11-02 16:55:22,076] logger_util.py->write_log line:61 [INFO] 接口路径：http://127.0.0.1:18000/api/v1/variable/device
[2022-11-02 16:55:22,077] logger_util.py->write_log line:61 [INFO] 请求头：{'Content-Type': 'application/json;charset=UTF-8', 'X-Project': 'cb7eb2eb0ea844daa9c8fc02e983bbe4'}
[2022-11-02 16:55:22,077] logger_util.py->write_log line:61 [INFO] 请求参数：{'id': None, 'name': '设备4', 'description': '描述1', 'protocolType': 1, 'suppiler': '通用', 'model': '通用', 'parameters': {'ServerName': '127.0.0.1', 'DeviceID': '4', 'Port': '502', 'TimeOut': '1000', 'ByteOrder': '2143', 'StrByteOrder': '2143'}}
[2022-11-02 16:55:22,077] logger_util.py->write_log line:61 [INFO] 文件上传：None
[2022-11-02 16:55:22,082] logger_util.py->error_log line:65 [INFO] 断言失败:status_code不等于200
[2022-11-02 16:55:22,082] logger_util.py->write_log line:61 [INFO] 接口请求失败！
[2022-11-02 16:55:22,083] logger_util.py->write_log line:61 [INFO] -------------接口请求结束-----------

[2022-11-02 16:55:22,083] logger_util.py->error_log line:65 [INFO] 断言异常：异常信息: Traceback (most recent call last):
  File "E:\Project_python\2TestCMS2.0\common\requests_util.py", line 394, in validate_result
    error_log("断言失败:"+assert_key+"不等于"+str(assert_value))
  File "E:\Project_python\2TestCMS2.0\common\logger_util.py", line 66, in error_log
    raise Exception(log_message)
Exception: 断言失败:status_code不等于200

[2022-11-02 16:55:22,083] logger_util.py->error_log line:65 [INFO] 分析YAML文件异常：异常信息: Traceback (most recent call last):
  File "E:\Project_python\2TestCMS2.0\common\requests_util.py", line 394, in validate_result
    error_log("断言失败:"+assert_key+"不等于"+str(assert_value))
  File "E:\Project_python\2TestCMS2.0\common\logger_util.py", line 66, in error_log
    raise Exception(log_message)
Exception: 断言失败:status_code不等于200

During handling of the above exception, another exception occurred:

Traceback (most recent call last):
  File "E:\Project_python\2TestCMS2.0\common\requests_util.py", line 260, in analysis_yaml
    self.validate_result(yq_result, return_data, status_code)
  File "E:\Project_python\2TestCMS2.0\common\requests_util.py", line 429, in validate_result
    error_log("断言异常：异常信息: %s" % str(traceback.format_exc()))
  File "E:\Project_python\2TestCMS2.0\common\logger_util.py", line 66, in error_log
    raise Exception(log_message)
Exception: 断言异常：异常信息: Traceback (most recent call last):
  File "E:\Project_python\2TestCMS2.0\common\requests_util.py", line 394, in validate_result
    error_log("断言失败:"+assert_key+"不等于"+str(assert_value))
  File "E:\Project_python\2TestCMS2.0\common\logger_util.py", line 66, in error_log
    raise Exception(log_message)
Exception: 断言失败:status_code不等于200


[2022-11-02 16:55:22,114] logger_util.py->write_log line:61 [INFO] -------------接口请求开始-----------
[2022-11-02 16:55:22,114] logger_util.py->write_log line:61 [INFO] 接口名称：新建设备
[2022-11-02 16:55:22,114] logger_util.py->write_log line:61 [INFO] 接口方式：post
[2022-11-02 16:55:22,114] logger_util.py->write_log line:61 [INFO] 接口路径：http://127.0.0.1:18000/api/v1/variable/device
[2022-11-02 16:55:22,114] logger_util.py->write_log line:61 [INFO] 请求头：{'Content-Type': 'application/json;charset=UTF-8', 'X-Project': 'cb7eb2eb0ea844daa9c8fc02e983bbe4'}
[2022-11-02 16:55:22,114] logger_util.py->write_log line:61 [INFO] 请求参数：{'id': None, 'name': '设备5', 'description': '描述1', 'protocolType': 1, 'suppiler': '通用', 'model': '通用', 'parameters': {'ServerName': '127.0.0.1', 'DeviceID': '5', 'Port': '502', 'TimeOut': '1000', 'ByteOrder': '2143', 'StrByteOrder': '2143'}}
[2022-11-02 16:55:22,114] logger_util.py->write_log line:61 [INFO] 文件上传：None
[2022-11-02 16:55:22,120] logger_util.py->error_log line:65 [INFO] 断言失败:status_code不等于200
[2022-11-02 16:55:22,120] logger_util.py->write_log line:61 [INFO] 接口请求失败！
[2022-11-02 16:55:22,120] logger_util.py->write_log line:61 [INFO] -------------接口请求结束-----------

[2022-11-02 16:55:22,120] logger_util.py->error_log line:65 [INFO] 断言异常：异常信息: Traceback (most recent call last):
  File "E:\Project_python\2TestCMS2.0\common\requests_util.py", line 394, in validate_result
    error_log("断言失败:"+assert_key+"不等于"+str(assert_value))
  File "E:\Project_python\2TestCMS2.0\common\logger_util.py", line 66, in error_log
    raise Exception(log_message)
Exception: 断言失败:status_code不等于200

[2022-11-02 16:55:22,121] logger_util.py->error_log line:65 [INFO] 分析YAML文件异常：异常信息: Traceback (most recent call last):
  File "E:\Project_python\2TestCMS2.0\common\requests_util.py", line 394, in validate_result
    error_log("断言失败:"+assert_key+"不等于"+str(assert_value))
  File "E:\Project_python\2TestCMS2.0\common\logger_util.py", line 66, in error_log
    raise Exception(log_message)
Exception: 断言失败:status_code不等于200

During handling of the above exception, another exception occurred:

Traceback (most recent call last):
  File "E:\Project_python\2TestCMS2.0\common\requests_util.py", line 260, in analysis_yaml
    self.validate_result(yq_result, return_data, status_code)
  File "E:\Project_python\2TestCMS2.0\common\requests_util.py", line 429, in validate_result
    error_log("断言异常：异常信息: %s" % str(traceback.format_exc()))
  File "E:\Project_python\2TestCMS2.0\common\logger_util.py", line 66, in error_log
    raise Exception(log_message)
Exception: 断言异常：异常信息: Traceback (most recent call last):
  File "E:\Project_python\2TestCMS2.0\common\requests_util.py", line 394, in validate_result
    error_log("断言失败:"+assert_key+"不等于"+str(assert_value))
  File "E:\Project_python\2TestCMS2.0\common\logger_util.py", line 66, in error_log
    raise Exception(log_message)
Exception: 断言失败:status_code不等于200


[2022-11-02 16:55:22,149] logger_util.py->write_log line:61 [INFO] -------------接口请求开始-----------
[2022-11-02 16:55:22,163] logger_util.py->write_log line:61 [INFO] 接口名称：新建设备
[2022-11-02 16:55:22,163] logger_util.py->write_log line:61 [INFO] 接口方式：post
[2022-11-02 16:55:22,163] logger_util.py->write_log line:61 [INFO] 接口路径：http://127.0.0.1:18000/api/v1/variable/device
[2022-11-02 16:55:22,164] logger_util.py->write_log line:61 [INFO] 请求头：{'Content-Type': 'application/json;charset=UTF-8', 'X-Project': 'cb7eb2eb0ea844daa9c8fc02e983bbe4'}
[2022-11-02 16:55:22,164] logger_util.py->write_log line:61 [INFO] 请求参数：{'id': None, 'name': '设备6', 'description': '描述1', 'protocolType': 1, 'suppiler': '通用', 'model': '通用', 'parameters': {'ServerName': '127.0.0.1', 'DeviceID': '6', 'Port': '502', 'TimeOut': '1000', 'ByteOrder': '2143', 'StrByteOrder': '2143'}}
[2022-11-02 16:55:22,164] logger_util.py->write_log line:61 [INFO] 文件上传：None
[2022-11-02 16:55:22,169] logger_util.py->error_log line:65 [INFO] 断言失败:status_code不等于200
[2022-11-02 16:55:22,169] logger_util.py->write_log line:61 [INFO] 接口请求失败！
[2022-11-02 16:55:22,169] logger_util.py->write_log line:61 [INFO] -------------接口请求结束-----------

[2022-11-02 16:55:22,170] logger_util.py->error_log line:65 [INFO] 断言异常：异常信息: Traceback (most recent call last):
  File "E:\Project_python\2TestCMS2.0\common\requests_util.py", line 394, in validate_result
    error_log("断言失败:"+assert_key+"不等于"+str(assert_value))
  File "E:\Project_python\2TestCMS2.0\common\logger_util.py", line 66, in error_log
    raise Exception(log_message)
Exception: 断言失败:status_code不等于200

[2022-11-02 16:55:22,170] logger_util.py->error_log line:65 [INFO] 分析YAML文件异常：异常信息: Traceback (most recent call last):
  File "E:\Project_python\2TestCMS2.0\common\requests_util.py", line 394, in validate_result
    error_log("断言失败:"+assert_key+"不等于"+str(assert_value))
  File "E:\Project_python\2TestCMS2.0\common\logger_util.py", line 66, in error_log
    raise Exception(log_message)
Exception: 断言失败:status_code不等于200

During handling of the above exception, another exception occurred:

Traceback (most recent call last):
  File "E:\Project_python\2TestCMS2.0\common\requests_util.py", line 260, in analysis_yaml
    self.validate_result(yq_result, return_data, status_code)
  File "E:\Project_python\2TestCMS2.0\common\requests_util.py", line 429, in validate_result
    error_log("断言异常：异常信息: %s" % str(traceback.format_exc()))
  File "E:\Project_python\2TestCMS2.0\common\logger_util.py", line 66, in error_log
    raise Exception(log_message)
Exception: 断言异常：异常信息: Traceback (most recent call last):
  File "E:\Project_python\2TestCMS2.0\common\requests_util.py", line 394, in validate_result
    error_log("断言失败:"+assert_key+"不等于"+str(assert_value))
  File "E:\Project_python\2TestCMS2.0\common\logger_util.py", line 66, in error_log
    raise Exception(log_message)
Exception: 断言失败:status_code不等于200


[2022-11-02 16:55:22,197] logger_util.py->write_log line:61 [INFO] -------------接口请求开始-----------
[2022-11-02 16:55:22,198] logger_util.py->write_log line:61 [INFO] 接口名称：新建设备
[2022-11-02 16:55:22,198] logger_util.py->write_log line:61 [INFO] 接口方式：post
[2022-11-02 16:55:22,198] logger_util.py->write_log line:61 [INFO] 接口路径：http://127.0.0.1:18000/api/v1/variable/device
[2022-11-02 16:55:22,198] logger_util.py->write_log line:61 [INFO] 请求头：{'Content-Type': 'application/json;charset=UTF-8', 'X-Project': 'cb7eb2eb0ea844daa9c8fc02e983bbe4'}
[2022-11-02 16:55:22,198] logger_util.py->write_log line:61 [INFO] 请求参数：{'id': None, 'name': '设备7', 'description': '描述1', 'protocolType': 1, 'suppiler': '通用', 'model': '通用', 'parameters': {'ServerName': '127.0.0.1', 'DeviceID': '7', 'Port': '502', 'TimeOut': '1000', 'ByteOrder': '2143', 'StrByteOrder': '2143'}}
[2022-11-02 16:55:22,198] logger_util.py->write_log line:61 [INFO] 文件上传：None
[2022-11-02 16:55:22,204] logger_util.py->error_log line:65 [INFO] 断言失败:status_code不等于200
[2022-11-02 16:55:22,205] logger_util.py->write_log line:61 [INFO] 接口请求失败！
[2022-11-02 16:55:22,205] logger_util.py->write_log line:61 [INFO] -------------接口请求结束-----------

[2022-11-02 16:55:22,205] logger_util.py->error_log line:65 [INFO] 断言异常：异常信息: Traceback (most recent call last):
  File "E:\Project_python\2TestCMS2.0\common\requests_util.py", line 394, in validate_result
    error_log("断言失败:"+assert_key+"不等于"+str(assert_value))
  File "E:\Project_python\2TestCMS2.0\common\logger_util.py", line 66, in error_log
    raise Exception(log_message)
Exception: 断言失败:status_code不等于200

[2022-11-02 16:55:22,205] logger_util.py->error_log line:65 [INFO] 分析YAML文件异常：异常信息: Traceback (most recent call last):
  File "E:\Project_python\2TestCMS2.0\common\requests_util.py", line 394, in validate_result
    error_log("断言失败:"+assert_key+"不等于"+str(assert_value))
  File "E:\Project_python\2TestCMS2.0\common\logger_util.py", line 66, in error_log
    raise Exception(log_message)
Exception: 断言失败:status_code不等于200

During handling of the above exception, another exception occurred:

Traceback (most recent call last):
  File "E:\Project_python\2TestCMS2.0\common\requests_util.py", line 260, in analysis_yaml
    self.validate_result(yq_result, return_data, status_code)
  File "E:\Project_python\2TestCMS2.0\common\requests_util.py", line 429, in validate_result
    error_log("断言异常：异常信息: %s" % str(traceback.format_exc()))
  File "E:\Project_python\2TestCMS2.0\common\logger_util.py", line 66, in error_log
    raise Exception(log_message)
Exception: 断言异常：异常信息: Traceback (most recent call last):
  File "E:\Project_python\2TestCMS2.0\common\requests_util.py", line 394, in validate_result
    error_log("断言失败:"+assert_key+"不等于"+str(assert_value))
  File "E:\Project_python\2TestCMS2.0\common\logger_util.py", line 66, in error_log
    raise Exception(log_message)
Exception: 断言失败:status_code不等于200


[2022-11-02 16:55:22,243] logger_util.py->write_log line:61 [INFO] -------------接口请求开始-----------
[2022-11-02 16:55:22,243] logger_util.py->write_log line:61 [INFO] 接口名称：新建设备
[2022-11-02 16:55:22,243] logger_util.py->write_log line:61 [INFO] 接口方式：post
[2022-11-02 16:55:22,243] logger_util.py->write_log line:61 [INFO] 接口路径：http://127.0.0.1:18000/api/v1/variable/device
[2022-11-02 16:55:22,243] logger_util.py->write_log line:61 [INFO] 请求头：{'Content-Type': 'application/json;charset=UTF-8', 'X-Project': 'cb7eb2eb0ea844daa9c8fc02e983bbe4'}
[2022-11-02 16:55:22,243] logger_util.py->write_log line:61 [INFO] 请求参数：{'id': None, 'name': '设备8', 'description': '描述1', 'protocolType': 1, 'suppiler': '通用', 'model': '通用', 'parameters': {'ServerName': '127.0.0.1', 'DeviceID': '8', 'Port': '502', 'TimeOut': '1000', 'ByteOrder': '2143', 'StrByteOrder': '2143'}}
[2022-11-02 16:55:22,243] logger_util.py->write_log line:61 [INFO] 文件上传：None
[2022-11-02 16:55:22,251] logger_util.py->error_log line:65 [INFO] 断言失败:status_code不等于200
[2022-11-02 16:55:22,252] logger_util.py->write_log line:61 [INFO] 接口请求失败！
[2022-11-02 16:55:22,252] logger_util.py->write_log line:61 [INFO] -------------接口请求结束-----------

[2022-11-02 16:55:22,252] logger_util.py->error_log line:65 [INFO] 断言异常：异常信息: Traceback (most recent call last):
  File "E:\Project_python\2TestCMS2.0\common\requests_util.py", line 394, in validate_result
    error_log("断言失败:"+assert_key+"不等于"+str(assert_value))
  File "E:\Project_python\2TestCMS2.0\common\logger_util.py", line 66, in error_log
    raise Exception(log_message)
Exception: 断言失败:status_code不等于200

[2022-11-02 16:55:22,252] logger_util.py->error_log line:65 [INFO] 分析YAML文件异常：异常信息: Traceback (most recent call last):
  File "E:\Project_python\2TestCMS2.0\common\requests_util.py", line 394, in validate_result
    error_log("断言失败:"+assert_key+"不等于"+str(assert_value))
  File "E:\Project_python\2TestCMS2.0\common\logger_util.py", line 66, in error_log
    raise Exception(log_message)
Exception: 断言失败:status_code不等于200

During handling of the above exception, another exception occurred:

Traceback (most recent call last):
  File "E:\Project_python\2TestCMS2.0\common\requests_util.py", line 260, in analysis_yaml
    self.validate_result(yq_result, return_data, status_code)
  File "E:\Project_python\2TestCMS2.0\common\requests_util.py", line 429, in validate_result
    error_log("断言异常：异常信息: %s" % str(traceback.format_exc()))
  File "E:\Project_python\2TestCMS2.0\common\logger_util.py", line 66, in error_log
    raise Exception(log_message)
Exception: 断言异常：异常信息: Traceback (most recent call last):
  File "E:\Project_python\2TestCMS2.0\common\requests_util.py", line 394, in validate_result
    error_log("断言失败:"+assert_key+"不等于"+str(assert_value))
  File "E:\Project_python\2TestCMS2.0\common\logger_util.py", line 66, in error_log
    raise Exception(log_message)
Exception: 断言失败:status_code不等于200


[2022-11-02 16:55:22,344] logger_util.py->write_log line:61 [INFO] -------------接口请求开始-----------
[2022-11-02 16:55:22,344] logger_util.py->write_log line:61 [INFO] 接口名称：新建设备
[2022-11-02 16:55:22,344] logger_util.py->write_log line:61 [INFO] 接口方式：post
[2022-11-02 16:55:22,344] logger_util.py->write_log line:61 [INFO] 接口路径：http://127.0.0.1:18000/api/v1/variable/device
[2022-11-02 16:55:22,344] logger_util.py->write_log line:61 [INFO] 请求头：{'Content-Type': 'application/json;charset=UTF-8', 'X-Project': 'cb7eb2eb0ea844daa9c8fc02e983bbe4'}
[2022-11-02 16:55:22,344] logger_util.py->write_log line:61 [INFO] 请求参数：{'id': None, 'name': '设备9', 'description': '描述1', 'protocolType': 1, 'suppiler': '通用', 'model': '通用', 'parameters': {'ServerName': '127.0.0.1', 'DeviceID': '9', 'Port': '502', 'TimeOut': '1000', 'ByteOrder': '2143', 'StrByteOrder': '2143'}}
[2022-11-02 16:55:22,345] logger_util.py->write_log line:61 [INFO] 文件上传：None
[2022-11-02 16:55:22,352] logger_util.py->error_log line:65 [INFO] 断言失败:status_code不等于200
[2022-11-02 16:55:22,353] logger_util.py->write_log line:61 [INFO] 接口请求失败！
[2022-11-02 16:55:22,353] logger_util.py->write_log line:61 [INFO] -------------接口请求结束-----------

[2022-11-02 16:55:22,353] logger_util.py->error_log line:65 [INFO] 断言异常：异常信息: Traceback (most recent call last):
  File "E:\Project_python\2TestCMS2.0\common\requests_util.py", line 394, in validate_result
    error_log("断言失败:"+assert_key+"不等于"+str(assert_value))
  File "E:\Project_python\2TestCMS2.0\common\logger_util.py", line 66, in error_log
    raise Exception(log_message)
Exception: 断言失败:status_code不等于200

[2022-11-02 16:55:22,353] logger_util.py->error_log line:65 [INFO] 分析YAML文件异常：异常信息: Traceback (most recent call last):
  File "E:\Project_python\2TestCMS2.0\common\requests_util.py", line 394, in validate_result
    error_log("断言失败:"+assert_key+"不等于"+str(assert_value))
  File "E:\Project_python\2TestCMS2.0\common\logger_util.py", line 66, in error_log
    raise Exception(log_message)
Exception: 断言失败:status_code不等于200

During handling of the above exception, another exception occurred:

Traceback (most recent call last):
  File "E:\Project_python\2TestCMS2.0\common\requests_util.py", line 260, in analysis_yaml
    self.validate_result(yq_result, return_data, status_code)
  File "E:\Project_python\2TestCMS2.0\common\requests_util.py", line 429, in validate_result
    error_log("断言异常：异常信息: %s" % str(traceback.format_exc()))
  File "E:\Project_python\2TestCMS2.0\common\logger_util.py", line 66, in error_log
    raise Exception(log_message)
Exception: 断言异常：异常信息: Traceback (most recent call last):
  File "E:\Project_python\2TestCMS2.0\common\requests_util.py", line 394, in validate_result
    error_log("断言失败:"+assert_key+"不等于"+str(assert_value))
  File "E:\Project_python\2TestCMS2.0\common\logger_util.py", line 66, in error_log
    raise Exception(log_message)
Exception: 断言失败:status_code不等于200


[2022-11-02 16:55:22,386] logger_util.py->write_log line:61 [INFO] -------------接口请求开始-----------
[2022-11-02 16:55:22,386] logger_util.py->write_log line:61 [INFO] 接口名称：新建设备
[2022-11-02 16:55:22,387] logger_util.py->write_log line:61 [INFO] 接口方式：post
[2022-11-02 16:55:22,387] logger_util.py->write_log line:61 [INFO] 接口路径：http://127.0.0.1:18000/api/v1/variable/device
[2022-11-02 16:55:22,387] logger_util.py->write_log line:61 [INFO] 请求头：{'Content-Type': 'application/json;charset=UTF-8', 'X-Project': 'cb7eb2eb0ea844daa9c8fc02e983bbe4'}
[2022-11-02 16:55:22,387] logger_util.py->write_log line:61 [INFO] 请求参数：{'id': None, 'name': '设备10', 'description': '描述1', 'protocolType': 1, 'suppiler': '通用', 'model': '通用', 'parameters': {'ServerName': '127.0.0.1', 'DeviceID': '10', 'Port': '502', 'TimeOut': '1000', 'ByteOrder': '2143', 'StrByteOrder': '2143'}}
[2022-11-02 16:55:22,387] logger_util.py->write_log line:61 [INFO] 文件上传：None
[2022-11-02 16:55:22,393] logger_util.py->error_log line:65 [INFO] 断言失败:status_code不等于200
[2022-11-02 16:55:22,393] logger_util.py->write_log line:61 [INFO] 接口请求失败！
[2022-11-02 16:55:22,393] logger_util.py->write_log line:61 [INFO] -------------接口请求结束-----------

[2022-11-02 16:55:22,394] logger_util.py->error_log line:65 [INFO] 断言异常：异常信息: Traceback (most recent call last):
  File "E:\Project_python\2TestCMS2.0\common\requests_util.py", line 394, in validate_result
    error_log("断言失败:"+assert_key+"不等于"+str(assert_value))
  File "E:\Project_python\2TestCMS2.0\common\logger_util.py", line 66, in error_log
    raise Exception(log_message)
Exception: 断言失败:status_code不等于200

[2022-11-02 16:55:22,394] logger_util.py->error_log line:65 [INFO] 分析YAML文件异常：异常信息: Traceback (most recent call last):
  File "E:\Project_python\2TestCMS2.0\common\requests_util.py", line 394, in validate_result
    error_log("断言失败:"+assert_key+"不等于"+str(assert_value))
  File "E:\Project_python\2TestCMS2.0\common\logger_util.py", line 66, in error_log
    raise Exception(log_message)
Exception: 断言失败:status_code不等于200

During handling of the above exception, another exception occurred:

Traceback (most recent call last):
  File "E:\Project_python\2TestCMS2.0\common\requests_util.py", line 260, in analysis_yaml
    self.validate_result(yq_result, return_data, status_code)
  File "E:\Project_python\2TestCMS2.0\common\requests_util.py", line 429, in validate_result
    error_log("断言异常：异常信息: %s" % str(traceback.format_exc()))
  File "E:\Project_python\2TestCMS2.0\common\logger_util.py", line 66, in error_log
    raise Exception(log_message)
Exception: 断言异常：异常信息: Traceback (most recent call last):
  File "E:\Project_python\2TestCMS2.0\common\requests_util.py", line 394, in validate_result
    error_log("断言失败:"+assert_key+"不等于"+str(assert_value))
  File "E:\Project_python\2TestCMS2.0\common\logger_util.py", line 66, in error_log
    raise Exception(log_message)
Exception: 断言失败:status_code不等于200


