[2023-06-05 17:07:31,121] logger_util.py->write_log line:61 [INFO] -------------接口请求开始-----------
[2023-06-05 17:07:31,121] logger_util.py->write_log line:61 [INFO] 接口名称：创建报警文件夹
[2023-06-05 17:07:31,122] logger_util.py->write_log line:61 [INFO] 接口方式：post
[2023-06-05 17:07:31,122] logger_util.py->write_log line:61 [INFO] 接口路径：http://127.0.0.1:18000/api/v1/alarmfolder/add
[2023-06-05 17:07:31,122] logger_util.py->write_log line:61 [INFO] 请求头：{'Content-Type': 'application/json;charset=UTF-8', 'X-Project': 'da1746c3d0814e3da3c463b17bf73d6f'}
[2023-06-05 17:07:31,122] logger_util.py->write_log line:61 [INFO] 请求参数：{'name': '报警文件夹62', 'nodeType': 0}
[2023-06-05 17:07:31,123] logger_util.py->write_log line:61 [INFO] 文件上传：None
[2023-06-05 17:07:31,249] logger_util.py->write_log line:61 [INFO] 预期结果：[{'equals': {'status_code': 200}}, {'equals': {'nodeType': 0}}, {'contains': 'id'}]
[2023-06-05 17:07:31,250] logger_util.py->write_log line:61 [INFO] 实际结果：{'id': 'b5baf8bb-0acb-4f1a-b813-b75a18fc1d54', 'parentId': None, 'name': '报警文件夹62', 'nodeType': 0, 'sort': 3, 'children': None}
[2023-06-05 17:07:31,250] logger_util.py->write_log line:61 [INFO] 接口请求成功！
[2023-06-05 17:07:31,250] logger_util.py->write_log line:61 [INFO] -------------接口请求结束-----------

[2023-06-05 17:07:31,260] logger_util.py->write_log line:61 [INFO] -------------接口请求开始-----------
[2023-06-05 17:07:31,261] logger_util.py->write_log line:61 [INFO] 接口名称：创建报警组
[2023-06-05 17:07:31,261] logger_util.py->write_log line:61 [INFO] 接口方式：post
[2023-06-05 17:07:31,261] logger_util.py->write_log line:61 [INFO] 接口路径：http://127.0.0.1:18000/api/v1/alarmfolder/add
[2023-06-05 17:07:31,261] logger_util.py->write_log line:61 [INFO] 请求头：{'Content-Type': 'application/json;charset=UTF-8', 'X-Project': 'da1746c3d0814e3da3c463b17bf73d6f'}
[2023-06-05 17:07:31,261] logger_util.py->write_log line:61 [INFO] 请求参数：{'name': '报警组90', 'nodeType': 1, 'parentId': None}
[2023-06-05 17:07:31,261] logger_util.py->write_log line:61 [INFO] 文件上传：None
[2023-06-05 17:07:31,381] logger_util.py->write_log line:61 [INFO] 预期结果：[{'equals': {'status_code': 200}}, {'equals': {'nodeType': 1}}, {'contains': 'id'}]
[2023-06-05 17:07:31,381] logger_util.py->write_log line:61 [INFO] 实际结果：{'id': '67c30de5-2d25-41af-99c6-ed1619bf53cf', 'parentId': None, 'name': '报警组90', 'nodeType': 1, 'sort': 4, 'children': None}
[2023-06-05 17:07:31,381] logger_util.py->write_log line:61 [INFO] 接口请求成功！
[2023-06-05 17:07:31,381] logger_util.py->write_log line:61 [INFO] -------------接口请求结束-----------

[2023-06-05 17:07:31,392] logger_util.py->write_log line:61 [INFO] -------------接口请求开始-----------
[2023-06-05 17:07:31,392] logger_util.py->write_log line:61 [INFO] 接口名称：更新报警组
[2023-06-05 17:07:31,392] logger_util.py->write_log line:61 [INFO] 接口方式：put
[2023-06-05 17:07:31,393] logger_util.py->write_log line:61 [INFO] 接口路径：http://127.0.0.1:18000/api/v1/alarmfolder/update
[2023-06-05 17:07:31,393] logger_util.py->write_log line:61 [INFO] 请求头：{'Content-Type': 'application/json;charset=UTF-8', 'X-Project': 'da1746c3d0814e3da3c463b17bf73d6f'}
[2023-06-05 17:07:31,393] logger_util.py->write_log line:61 [INFO] 请求参数：{'id': 'b5baf8bb-0acb-4f1a-b813-b75a18fc1d54', 'parentId': None, 'name': '修改报警文件39', 'nodeType': 0, 'sort': 1, 'children': []}
[2023-06-05 17:07:31,393] logger_util.py->write_log line:61 [INFO] 文件上传：None
[2023-06-05 17:07:31,506] logger_util.py->write_log line:61 [INFO] 预期结果：[{'equals': {'status_code': 200}}, {'equals': {'nodeType': 0}}, {'contains': 'id'}]
[2023-06-05 17:07:31,507] logger_util.py->write_log line:61 [INFO] 实际结果：{'id': 'b5baf8bb-0acb-4f1a-b813-b75a18fc1d54', 'parentId': None, 'name': '修改报警文件39', 'nodeType': 0, 'sort': 3, 'children': None}
[2023-06-05 17:07:31,507] logger_util.py->write_log line:61 [INFO] 接口请求成功！
[2023-06-05 17:07:31,507] logger_util.py->write_log line:61 [INFO] -------------接口请求结束-----------

[2023-06-05 17:07:31,516] logger_util.py->write_log line:61 [INFO] -------------接口请求开始-----------
[2023-06-05 17:07:31,516] logger_util.py->write_log line:61 [INFO] 接口名称：更新报警组
[2023-06-05 17:07:31,516] logger_util.py->write_log line:61 [INFO] 接口方式：put
[2023-06-05 17:07:31,516] logger_util.py->write_log line:61 [INFO] 接口路径：http://127.0.0.1:18000/api/v1/alarmfolder/update
[2023-06-05 17:07:31,516] logger_util.py->write_log line:61 [INFO] 请求头：{'Content-Type': 'application/json;charset=UTF-8', 'X-Project': 'da1746c3d0814e3da3c463b17bf73d6f'}
[2023-06-05 17:07:31,516] logger_util.py->write_log line:61 [INFO] 请求参数：{'id': '67c30de5-2d25-41af-99c6-ed1619bf53cf', 'parentId': 'b5baf8bb-0acb-4f1a-b813-b75a18fc1d54', 'name': '修改报警组46', 'nodeType': 1, 'sort': 1, 'children': []}
[2023-06-05 17:07:31,517] logger_util.py->write_log line:61 [INFO] 文件上传：None
[2023-06-05 17:07:31,623] logger_util.py->write_log line:61 [INFO] 预期结果：[{'equals': {'status_code': 200}}, {'equals': {'nodeType': 1}}, {'contains': 'id'}]
[2023-06-05 17:07:31,623] logger_util.py->write_log line:61 [INFO] 实际结果：{'id': '67c30de5-2d25-41af-99c6-ed1619bf53cf', 'parentId': None, 'name': '修改报警组46', 'nodeType': 1, 'sort': 4, 'children': None}
[2023-06-05 17:07:31,623] logger_util.py->write_log line:61 [INFO] 接口请求成功！
[2023-06-05 17:07:31,623] logger_util.py->write_log line:61 [INFO] -------------接口请求结束-----------

[2023-06-05 17:07:31,629] logger_util.py->write_log line:61 [INFO] -------------接口请求开始-----------
[2023-06-05 17:07:31,629] logger_util.py->write_log line:61 [INFO] 接口名称：查询报警组树
[2023-06-05 17:07:31,629] logger_util.py->write_log line:61 [INFO] 接口方式：get
[2023-06-05 17:07:31,629] logger_util.py->write_log line:61 [INFO] 接口路径：http://127.0.0.1:18000/api/v1/alarmfolder/gettree
[2023-06-05 17:07:31,629] logger_util.py->write_log line:61 [INFO] 请求头：{'Content-Type': 'application/json;charset=UTF-8', 'X-Project': 'da1746c3d0814e3da3c463b17bf73d6f'}
[2023-06-05 17:07:31,629] logger_util.py->write_log line:61 [INFO] 文件上传：None
[2023-06-05 17:07:31,639] logger_util.py->write_log line:61 [INFO] 预期结果：[{'equals': {'status_code': 200}}]
[2023-06-05 17:07:31,639] logger_util.py->write_log line:61 [INFO] 实际结果：[{'id': 'b5baf8bb-0acb-4f1a-b813-b75a18fc1d54', 'parentId': None, 'name': '修改报警文件39', 'nodeType': 0, 'sort': 3, 'children': []}, {'id': '62816788-ee41-4623-8b39-5ec1c2a3ad5f', 'parentId': None, 'name': '报警组77', 'nodeType': 1, 'sort': 1, 'children': None}, {'id': '4a4c99e7-9b5b-4af7-9bc3-6647d002eb6d', 'parentId': None, 'name': '报警组81', 'nodeType': 1, 'sort': 2, 'children': None}, {'id': '67c30de5-2d25-41af-99c6-ed1619bf53cf', 'parentId': None, 'name': '修改报警组46', 'nodeType': 1, 'sort': 4, 'children': None}]
[2023-06-05 17:07:31,639] logger_util.py->write_log line:61 [INFO] 接口请求成功！
[2023-06-05 17:07:31,639] logger_util.py->write_log line:61 [INFO] -------------接口请求结束-----------

[2023-06-05 17:07:31,646] logger_util.py->write_log line:61 [INFO] -------------接口请求开始-----------
[2023-06-05 17:07:31,646] logger_util.py->write_log line:61 [INFO] 接口名称：删除报警文件夹
[2023-06-05 17:07:31,647] logger_util.py->write_log line:61 [INFO] 接口方式：delete
[2023-06-05 17:07:31,647] logger_util.py->write_log line:61 [INFO] 接口路径：http://127.0.0.1:18000/api/v1/alarmfolder/delete
[2023-06-05 17:07:31,647] logger_util.py->write_log line:61 [INFO] 请求头：{'Content-Type': 'application/json;charset=UTF-8', 'X-Project': 'da1746c3d0814e3da3c463b17bf73d6f'}
[2023-06-05 17:07:31,647] logger_util.py->write_log line:61 [INFO] 请求参数：{'type': 0, 'id': 'b5baf8bb-0acb-4f1a-b813-b75a18fc1d54'}
[2023-06-05 17:07:31,647] logger_util.py->write_log line:61 [INFO] 文件上传：None
[2023-06-05 17:07:31,777] logger_util.py->write_log line:61 [INFO] 预期结果：[{'equals': {'status_code': 200}}]
[2023-06-05 17:07:31,777] logger_util.py->write_log line:61 [INFO] 实际结果：Delete Success
[2023-06-05 17:07:31,777] logger_util.py->write_log line:61 [INFO] 接口请求成功！
[2023-06-05 17:07:31,777] logger_util.py->write_log line:61 [INFO] -------------接口请求结束-----------

[2023-06-05 17:07:31,783] logger_util.py->write_log line:61 [INFO] -------------接口请求开始-----------
[2023-06-05 17:07:31,783] logger_util.py->write_log line:61 [INFO] 接口名称：删除报警组
[2023-06-05 17:07:31,783] logger_util.py->write_log line:61 [INFO] 接口方式：delete
[2023-06-05 17:07:31,783] logger_util.py->write_log line:61 [INFO] 接口路径：http://127.0.0.1:18000/api/v1/alarmfolder/delete
[2023-06-05 17:07:31,783] logger_util.py->write_log line:61 [INFO] 请求头：{'Content-Type': 'application/json;charset=UTF-8', 'X-Project': 'da1746c3d0814e3da3c463b17bf73d6f'}
[2023-06-05 17:07:31,783] logger_util.py->write_log line:61 [INFO] 请求参数：{'type': 1, 'id': '67c30de5-2d25-41af-99c6-ed1619bf53cf'}
[2023-06-05 17:07:31,783] logger_util.py->write_log line:61 [INFO] 文件上传：None
[2023-06-05 17:07:31,883] logger_util.py->write_log line:61 [INFO] 预期结果：[{'equals': {'status_code': 200}}]
[2023-06-05 17:07:31,883] logger_util.py->write_log line:61 [INFO] 实际结果：Delete Success
[2023-06-05 17:07:31,884] logger_util.py->write_log line:61 [INFO] 接口请求成功！
[2023-06-05 17:07:31,884] logger_util.py->write_log line:61 [INFO] -------------接口请求结束-----------

[2023-06-05 17:07:31,890] logger_util.py->write_log line:61 [INFO] -------------接口请求开始-----------
[2023-06-05 17:07:31,890] logger_util.py->write_log line:61 [INFO] 接口名称：创建报警组
[2023-06-05 17:07:31,890] logger_util.py->write_log line:61 [INFO] 接口方式：post
[2023-06-05 17:07:31,890] logger_util.py->write_log line:61 [INFO] 接口路径：http://127.0.0.1:18000/api/v1/alarmfolder/add
[2023-06-05 17:07:31,890] logger_util.py->write_log line:61 [INFO] 请求头：{'Content-Type': 'application/json;charset=UTF-8', 'X-Project': 'da1746c3d0814e3da3c463b17bf73d6f'}
[2023-06-05 17:07:31,891] logger_util.py->write_log line:61 [INFO] 请求参数：{'name': '报警组66', 'nodeType': 1, 'parentId': None}
[2023-06-05 17:07:31,891] logger_util.py->write_log line:61 [INFO] 文件上传：None
[2023-06-05 17:07:31,998] logger_util.py->write_log line:61 [INFO] 预期结果：[{'equals': {'status_code': 200}}, {'equals': {'nodeType': 1}}, {'contains': 'id'}]
[2023-06-05 17:07:31,998] logger_util.py->write_log line:61 [INFO] 实际结果：{'id': '96f87784-4b93-4b93-ba21-161a868ca6ec', 'parentId': None, 'name': '报警组66', 'nodeType': 1, 'sort': 3, 'children': None}
[2023-06-05 17:07:31,998] logger_util.py->write_log line:61 [INFO] 接口请求成功！
[2023-06-05 17:07:31,998] logger_util.py->write_log line:61 [INFO] -------------接口请求结束-----------

[2023-06-05 17:07:32,006] logger_util.py->write_log line:61 [INFO] -------------接口请求开始-----------
[2023-06-05 17:07:32,006] logger_util.py->write_log line:61 [INFO] 接口名称：创建报警等级
[2023-06-05 17:07:32,006] logger_util.py->write_log line:61 [INFO] 接口方式：post
[2023-06-05 17:07:32,006] logger_util.py->write_log line:61 [INFO] 接口路径：http://127.0.0.1:18000/api/v1/alarmlevel/add
[2023-06-05 17:07:32,006] logger_util.py->write_log line:61 [INFO] 请求头：{'Content-Type': 'application/json;charset=UTF-8', 'X-Project': 'da1746c3d0814e3da3c463b17bf73d6f'}
[2023-06-05 17:07:32,007] logger_util.py->write_log line:61 [INFO] 请求参数：[{'name': '报警等级83'}]
[2023-06-05 17:07:32,007] logger_util.py->write_log line:61 [INFO] 文件上传：None
[2023-06-05 17:07:32,091] logger_util.py->write_log line:61 [INFO] 预期结果：[{'equals': {'status_code': 200}}]
[2023-06-05 17:07:32,092] logger_util.py->write_log line:61 [INFO] 实际结果：[{'id': '892dc332-61bb-40bd-b6fc-3ac9ddbf0fd8', 'name': '报警等级83'}]
[2023-06-05 17:07:32,092] logger_util.py->write_log line:61 [INFO] 接口请求成功！
[2023-06-05 17:07:32,092] logger_util.py->write_log line:61 [INFO] -------------接口请求结束-----------

[2023-06-05 17:07:32,104] logger_util.py->write_log line:61 [INFO] -------------接口请求开始-----------
[2023-06-05 17:07:32,105] logger_util.py->write_log line:61 [INFO] 接口名称：更新报警等级
[2023-06-05 17:07:32,105] logger_util.py->write_log line:61 [INFO] 接口方式：put
[2023-06-05 17:07:32,105] logger_util.py->write_log line:61 [INFO] 接口路径：http://127.0.0.1:18000/api/v1/alarmlevel/update
[2023-06-05 17:07:32,105] logger_util.py->write_log line:61 [INFO] 请求头：{'Content-Type': 'application/json;charset=UTF-8', 'X-Project': 'da1746c3d0814e3da3c463b17bf73d6f'}
[2023-06-05 17:07:32,105] logger_util.py->write_log line:61 [INFO] 请求参数：[{'id': '892dc332-61bb-40bd-b6fc-3ac9ddbf0fd8', 'name': '更新报警等级62'}]
[2023-06-05 17:07:32,105] logger_util.py->write_log line:61 [INFO] 文件上传：None
[2023-06-05 17:07:32,228] logger_util.py->write_log line:61 [INFO] 预期结果：[{'equals': {'status_code': 200}}]
[2023-06-05 17:07:32,228] logger_util.py->write_log line:61 [INFO] 实际结果：[{'id': '892dc332-61bb-40bd-b6fc-3ac9ddbf0fd8', 'name': '更新报警等级62'}]
[2023-06-05 17:07:32,228] logger_util.py->write_log line:61 [INFO] 接口请求成功！
[2023-06-05 17:07:32,228] logger_util.py->write_log line:61 [INFO] -------------接口请求结束-----------

[2023-06-05 17:07:32,238] logger_util.py->write_log line:61 [INFO] -------------接口请求开始-----------
[2023-06-05 17:07:32,238] logger_util.py->write_log line:61 [INFO] 接口名称：查询报警等级
[2023-06-05 17:07:32,239] logger_util.py->write_log line:61 [INFO] 接口方式：get
[2023-06-05 17:07:32,239] logger_util.py->write_log line:61 [INFO] 接口路径：http://127.0.0.1:18000/api/v1/alarmlevel/query
[2023-06-05 17:07:32,239] logger_util.py->write_log line:61 [INFO] 请求头：{'Content-Type': 'application/json;charset=UTF-8', 'X-Project': 'da1746c3d0814e3da3c463b17bf73d6f'}
[2023-06-05 17:07:32,239] logger_util.py->write_log line:61 [INFO] 文件上传：None
[2023-06-05 17:07:32,244] logger_util.py->write_log line:61 [INFO] 预期结果：[{'equals': {'status_code': 200}}]
[2023-06-05 17:07:32,244] logger_util.py->write_log line:61 [INFO] 实际结果：[{'id': '892dc332-61bb-40bd-b6fc-3ac9ddbf0fd8', 'name': '更新报警等级62'}, {'id': '7088cbb6-c01b-4a6f-aa9f-fc465d477eca', 'name': '报警等级34'}, {'id': 'ec43200c-5542-4355-b715-0cc160ae5f9a', 'name': '报警等级55'}]
[2023-06-05 17:07:32,244] logger_util.py->write_log line:61 [INFO] 接口请求成功！
[2023-06-05 17:07:32,244] logger_util.py->write_log line:61 [INFO] -------------接口请求结束-----------

[2023-06-05 17:07:32,251] logger_util.py->write_log line:61 [INFO] -------------接口请求开始-----------
[2023-06-05 17:07:32,252] logger_util.py->write_log line:61 [INFO] 接口名称：删除报警等级
[2023-06-05 17:07:32,252] logger_util.py->write_log line:61 [INFO] 接口方式：delete
[2023-06-05 17:07:32,252] logger_util.py->write_log line:61 [INFO] 接口路径：http://127.0.0.1:18000/api/v1/alarmlevel/delete
[2023-06-05 17:07:32,252] logger_util.py->write_log line:61 [INFO] 请求头：{'Content-Type': 'application/json;charset=UTF-8', 'X-Project': 'da1746c3d0814e3da3c463b17bf73d6f'}
[2023-06-05 17:07:32,252] logger_util.py->write_log line:61 [INFO] 请求参数：['892dc332-61bb-40bd-b6fc-3ac9ddbf0fd8']
[2023-06-05 17:07:32,252] logger_util.py->write_log line:61 [INFO] 文件上传：None
[2023-06-05 17:07:32,350] logger_util.py->write_log line:61 [INFO] 预期结果：[{'equals': {'status_code': 200}}]
[2023-06-05 17:07:32,350] logger_util.py->write_log line:61 [INFO] 实际结果：Delete Success
[2023-06-05 17:07:32,350] logger_util.py->write_log line:61 [INFO] 接口请求成功！
[2023-06-05 17:07:32,350] logger_util.py->write_log line:61 [INFO] -------------接口请求结束-----------

[2023-06-05 17:07:32,357] logger_util.py->write_log line:61 [INFO] -------------接口请求开始-----------
[2023-06-05 17:07:32,357] logger_util.py->write_log line:61 [INFO] 接口名称：创建报警等级
[2023-06-05 17:07:32,357] logger_util.py->write_log line:61 [INFO] 接口方式：post
[2023-06-05 17:07:32,357] logger_util.py->write_log line:61 [INFO] 接口路径：http://127.0.0.1:18000/api/v1/alarmlevel/add
[2023-06-05 17:07:32,357] logger_util.py->write_log line:61 [INFO] 请求头：{'Content-Type': 'application/json;charset=UTF-8', 'X-Project': 'da1746c3d0814e3da3c463b17bf73d6f'}
[2023-06-05 17:07:32,357] logger_util.py->write_log line:61 [INFO] 请求参数：[{'name': '报警等级63'}]
[2023-06-05 17:07:32,357] logger_util.py->write_log line:61 [INFO] 文件上传：None
[2023-06-05 17:07:32,459] logger_util.py->write_log line:61 [INFO] 预期结果：[{'equals': {'status_code': 200}}]
[2023-06-05 17:07:32,459] logger_util.py->write_log line:61 [INFO] 实际结果：[{'id': 'ec6f3664-0812-4fc6-a8ca-4514704d0a36', 'name': '报警等级63'}]
[2023-06-05 17:07:32,459] logger_util.py->write_log line:61 [INFO] 接口请求成功！
[2023-06-05 17:07:32,459] logger_util.py->write_log line:61 [INFO] -------------接口请求结束-----------

[2023-06-05 17:07:32,465] logger_util.py->write_log line:61 [INFO] -------------接口请求开始-----------
[2023-06-05 17:07:32,465] logger_util.py->write_log line:61 [INFO] 接口名称：创建报警类别组
[2023-06-05 17:07:32,465] logger_util.py->write_log line:61 [INFO] 接口方式：post
[2023-06-05 17:07:32,465] logger_util.py->write_log line:61 [INFO] 接口路径：http://127.0.0.1:18000/api/v1/alarmtypegroup/add
[2023-06-05 17:07:32,465] logger_util.py->write_log line:61 [INFO] 请求头：{'Content-Type': 'application/json;charset=UTF-8', 'X-Project': 'da1746c3d0814e3da3c463b17bf73d6f'}
[2023-06-05 17:07:32,465] logger_util.py->write_log line:61 [INFO] 请求参数：[{'name': '报警类别组86'}]
[2023-06-05 17:07:32,465] logger_util.py->write_log line:61 [INFO] 文件上传：None
[2023-06-05 17:07:32,985] logger_util.py->write_log line:61 [INFO] 预期结果：[{'equals': {'status_code': 200}}]
[2023-06-05 17:07:32,986] logger_util.py->write_log line:61 [INFO] 实际结果：[{'id': 'f6b8c0e7-592f-4b63-b80d-457f7f1adf87', 'name': '报警类别组86', 'sort': 5}]
[2023-06-05 17:07:32,986] logger_util.py->write_log line:61 [INFO] 接口请求成功！
[2023-06-05 17:07:32,986] logger_util.py->write_log line:61 [INFO] -------------接口请求结束-----------

[2023-06-05 17:07:32,999] logger_util.py->write_log line:61 [INFO] -------------接口请求开始-----------
[2023-06-05 17:07:32,999] logger_util.py->write_log line:61 [INFO] 接口名称：更新报警类别组
[2023-06-05 17:07:32,999] logger_util.py->write_log line:61 [INFO] 接口方式：put
[2023-06-05 17:07:33,000] logger_util.py->write_log line:61 [INFO] 接口路径：http://127.0.0.1:18000/api/v1/alarmtypegroup/update
[2023-06-05 17:07:33,000] logger_util.py->write_log line:61 [INFO] 请求头：{'Content-Type': 'application/json;charset=UTF-8', 'X-Project': 'da1746c3d0814e3da3c463b17bf73d6f'}
[2023-06-05 17:07:33,000] logger_util.py->write_log line:61 [INFO] 请求参数：[{'id': 'f6b8c0e7-592f-4b63-b80d-457f7f1adf87', 'name': '更新报警类别组11', 'sort': 1}]
[2023-06-05 17:07:33,000] logger_util.py->write_log line:61 [INFO] 文件上传：None
[2023-06-05 17:07:33,866] logger_util.py->write_log line:61 [INFO] 预期结果：[{'equals': {'status_code': 200}}]
[2023-06-05 17:07:33,866] logger_util.py->write_log line:61 [INFO] 实际结果：[{'id': 'f6b8c0e7-592f-4b63-b80d-457f7f1adf87', 'name': '更新报警类别组11', 'sort': 5}]
[2023-06-05 17:07:33,866] logger_util.py->write_log line:61 [INFO] 接口请求成功！
[2023-06-05 17:07:33,866] logger_util.py->write_log line:61 [INFO] -------------接口请求结束-----------

[2023-06-05 17:07:33,874] logger_util.py->write_log line:61 [INFO] -------------接口请求开始-----------
[2023-06-05 17:07:33,874] logger_util.py->write_log line:61 [INFO] 接口名称：删除报警类别组
[2023-06-05 17:07:33,874] logger_util.py->write_log line:61 [INFO] 接口方式：delete
[2023-06-05 17:07:33,874] logger_util.py->write_log line:61 [INFO] 接口路径：http://127.0.0.1:18000/api/v1/alarmtypegroup/delete
[2023-06-05 17:07:33,874] logger_util.py->write_log line:61 [INFO] 请求头：{'Content-Type': 'application/json;charset=UTF-8', 'X-Project': 'da1746c3d0814e3da3c463b17bf73d6f'}
[2023-06-05 17:07:33,874] logger_util.py->write_log line:61 [INFO] 请求参数：['f6b8c0e7-592f-4b63-b80d-457f7f1adf87']
[2023-06-05 17:07:33,874] logger_util.py->write_log line:61 [INFO] 文件上传：None
[2023-06-05 17:07:34,547] logger_util.py->write_log line:61 [INFO] 预期结果：[{'equals': {'status_code': 200}}]
[2023-06-05 17:07:34,547] logger_util.py->write_log line:61 [INFO] 实际结果：Delete Success
[2023-06-05 17:07:34,547] logger_util.py->write_log line:61 [INFO] 接口请求成功！
[2023-06-05 17:07:34,547] logger_util.py->write_log line:61 [INFO] -------------接口请求结束-----------

[2023-06-05 17:07:34,553] logger_util.py->write_log line:61 [INFO] -------------接口请求开始-----------
[2023-06-05 17:07:34,553] logger_util.py->write_log line:61 [INFO] 接口名称：创建报警类别组
[2023-06-05 17:07:34,553] logger_util.py->write_log line:61 [INFO] 接口方式：post
[2023-06-05 17:07:34,553] logger_util.py->write_log line:61 [INFO] 接口路径：http://127.0.0.1:18000/api/v1/alarmtypegroup/add
[2023-06-05 17:07:34,553] logger_util.py->write_log line:61 [INFO] 请求头：{'Content-Type': 'application/json;charset=UTF-8', 'X-Project': 'da1746c3d0814e3da3c463b17bf73d6f'}
[2023-06-05 17:07:34,553] logger_util.py->write_log line:61 [INFO] 请求参数：[{'name': '报警类别组30'}]
[2023-06-05 17:07:34,553] logger_util.py->write_log line:61 [INFO] 文件上传：None
[2023-06-05 17:07:35,174] logger_util.py->write_log line:61 [INFO] 预期结果：[{'equals': {'status_code': 200}}]
[2023-06-05 17:07:35,174] logger_util.py->write_log line:61 [INFO] 实际结果：[{'id': 'f8d1253c-0ee9-4de9-841f-e90c7991f5ad', 'name': '报警类别组30', 'sort': 5}]
[2023-06-05 17:07:35,175] logger_util.py->write_log line:61 [INFO] 接口请求成功！
[2023-06-05 17:07:35,175] logger_util.py->write_log line:61 [INFO] -------------接口请求结束-----------

[2023-06-05 17:07:35,181] logger_util.py->write_log line:61 [INFO] -------------接口请求开始-----------
[2023-06-05 17:07:35,181] logger_util.py->write_log line:61 [INFO] 接口名称：查询报警类别组
[2023-06-05 17:07:35,181] logger_util.py->write_log line:61 [INFO] 接口方式：get
[2023-06-05 17:07:35,181] logger_util.py->write_log line:61 [INFO] 接口路径：http://127.0.0.1:18000/api/v1/alarmtype/query
[2023-06-05 17:07:35,181] logger_util.py->write_log line:61 [INFO] 请求头：{'Content-Type': 'application/json;charset=UTF-8', 'X-Project': 'da1746c3d0814e3da3c463b17bf73d6f'}
[2023-06-05 17:07:35,181] logger_util.py->write_log line:61 [INFO] 文件上传：None
[2023-06-05 17:07:35,187] logger_util.py->write_log line:61 [INFO] 预期结果：[{'equals': {'status_code': 200}}]
[2023-06-05 17:07:35,187] logger_util.py->write_log line:61 [INFO] 实际结果：[]
[2023-06-05 17:07:35,187] logger_util.py->write_log line:61 [INFO] 接口请求成功！
[2023-06-05 17:07:35,187] logger_util.py->write_log line:61 [INFO] -------------接口请求结束-----------

