[2023-08-08 19:58:53,509] logger_util.py->write_log line:61 [INFO] -------------接口请求开始-----------
[2023-08-08 19:58:53,509] logger_util.py->write_log line:61 [INFO] 接口名称：创建工程
[2023-08-08 19:58:53,509] logger_util.py->write_log line:61 [INFO] 接口方式：post
[2023-08-08 19:58:53,510] logger_util.py->write_log line:61 [INFO] 接口路径：http://127.0.0.1:18000/api/v1/project/node
[2023-08-08 19:58:53,510] logger_util.py->write_log line:61 [INFO] 请求头：{}
[2023-08-08 19:58:53,510] logger_util.py->write_log line:61 [INFO] 请求参数：{'name': '工程519', 'path': 'C:\\Users\\Administrator\\Downloads', 'type': 1}
[2023-08-08 19:58:53,510] logger_util.py->write_log line:61 [INFO] 文件上传：None
[2023-08-08 19:58:53,829] logger_util.py->write_log line:61 [INFO] 预期结果：[{'equals': {'status_code': 200}}]
[2023-08-08 19:58:53,829] logger_util.py->write_log line:61 [INFO] 实际结果：24
[2023-08-08 19:58:53,829] logger_util.py->write_log line:61 [INFO] 接口请求成功！
[2023-08-08 19:58:53,829] logger_util.py->write_log line:61 [INFO] -------------接口请求结束-----------

[2023-08-08 19:58:53,838] logger_util.py->write_log line:61 [INFO] -------------接口请求开始-----------
[2023-08-08 19:58:53,838] logger_util.py->write_log line:61 [INFO] 接口名称：工程信息
[2023-08-08 19:58:53,838] logger_util.py->write_log line:61 [INFO] 接口方式：get
[2023-08-08 19:58:53,838] logger_util.py->write_log line:61 [INFO] 接口路径：http://127.0.0.1:18000/api/v1/project/24/info
[2023-08-08 19:58:53,838] logger_util.py->write_log line:61 [INFO] 请求头：{}
[2023-08-08 19:58:53,838] logger_util.py->write_log line:61 [INFO] 文件上传：None
[2023-08-08 19:58:57,589] logger_util.py->write_log line:61 [INFO] 预期结果：[{'equals': {'status_code': 200}}]
[2023-08-08 19:58:57,590] logger_util.py->write_log line:61 [INFO] 实际结果：{'id': 24, 'name': '工程519', 'identifier': '59c5238e9c7646189897e4c2644bdc36', 'path': 'C:\\Users\\Administrator\\Downloads\\工程519.cmsproj', 'createTime': '2023-08-08T19:58:53.8046377', 'updateTime': '2023-08-08T19:58:53.8046377'}
[2023-08-08 19:58:57,590] logger_util.py->write_log line:61 [INFO] 接口请求成功！
[2023-08-08 19:58:57,590] logger_util.py->write_log line:61 [INFO] -------------接口请求结束-----------

