[2023-11-16 16:36:38,601] logger_util.py->write_log line:61 [INFO] 
-------------接口请求开始-----------
[2023-11-16 16:36:38,602] logger_util.py->write_log line:61 [INFO] 接口名称：创建历史文件夹
[2023-11-16 16:36:38,602] logger_util.py->write_log line:61 [INFO] 接口方式：post
[2023-11-16 16:36:38,602] logger_util.py->write_log line:61 [INFO] 接口路径：http://127.0.0.1:18000/api/v1/historicarchive/folder
[2023-11-16 16:36:38,602] logger_util.py->write_log line:61 [INFO] 请求头：{'Content-Type': 'application/json;charset=UTF-8', 'X-Project': 'cade0634c4a44304911e8cfdb1b8f8b9'}
[2023-11-16 16:36:38,603] logger_util.py->write_log line:61 [INFO] 请求参数：{'name': '新建文件夹127'}
[2023-11-16 16:36:38,603] logger_util.py->write_log line:61 [INFO] 文件上传：None
[2023-11-16 16:36:38,623] logger_util.py->write_log line:61 [INFO] 预期结果：[{'equals': {'status_code': 200}}]
[2023-11-16 16:36:38,623] logger_util.py->write_log line:61 [INFO] 实际结果：{'id': 'bf2cc60e-3e5e-46cf-b4ab-fe2940637329', 'name': '新建文件夹127', 'createDateTime': '2023-11-16T16:36:38.6091077+08:00'}
[2023-11-16 16:36:38,623] logger_util.py->write_log line:61 [INFO] 接口请求成功！
[2023-11-16 16:36:38,623] logger_util.py->write_log line:61 [INFO] 
-------------接口请求结束-----------

[2023-11-16 16:36:38,633] logger_util.py->write_log line:61 [INFO] 
-------------接口请求开始-----------
[2023-11-16 16:36:38,633] logger_util.py->write_log line:61 [INFO] 接口名称：编辑历史文件夹
[2023-11-16 16:36:38,633] logger_util.py->write_log line:61 [INFO] 接口方式：put
[2023-11-16 16:36:38,633] logger_util.py->write_log line:61 [INFO] 接口路径：http://127.0.0.1:18000/api/v1/historicarchive/folder/bf2cc60e-3e5e-46cf-b4ab-fe2940637329
[2023-11-16 16:36:38,633] logger_util.py->write_log line:61 [INFO] 请求头：{'Content-Type': 'application/json;charset=UTF-8', 'X-Project': 'cade0634c4a44304911e8cfdb1b8f8b9'}
[2023-11-16 16:36:38,634] logger_util.py->write_log line:61 [INFO] 请求参数：{'name': '编辑历史文件夹223'}
[2023-11-16 16:36:38,634] logger_util.py->write_log line:61 [INFO] 文件上传：None
[2023-11-16 16:36:38,654] logger_util.py->write_log line:61 [INFO] 预期结果：[{'equals': {'status_code': 200}}]
[2023-11-16 16:36:38,654] logger_util.py->write_log line:61 [INFO] 实际结果：{'id': 'bf2cc60e-3e5e-46cf-b4ab-fe2940637329', 'name': '编辑历史文件夹223', 'createDateTime': '2023-11-16T16:36:38.6091077'}
[2023-11-16 16:36:38,654] logger_util.py->write_log line:61 [INFO] 接口请求成功！
[2023-11-16 16:36:38,654] logger_util.py->write_log line:61 [INFO] 
-------------接口请求结束-----------

[2023-11-16 16:36:38,659] logger_util.py->write_log line:61 [INFO] 
-------------接口请求开始-----------
[2023-11-16 16:36:38,659] logger_util.py->write_log line:61 [INFO] 接口名称：创建历史文件夹
[2023-11-16 16:36:38,659] logger_util.py->write_log line:61 [INFO] 接口方式：post
[2023-11-16 16:36:38,659] logger_util.py->write_log line:61 [INFO] 接口路径：http://127.0.0.1:18000/api/v1/historicarchive/folder
[2023-11-16 16:36:38,659] logger_util.py->write_log line:61 [INFO] 请求头：{'Content-Type': 'application/json;charset=UTF-8', 'X-Project': 'cade0634c4a44304911e8cfdb1b8f8b9'}
[2023-11-16 16:36:38,660] logger_util.py->write_log line:61 [INFO] 请求参数：{'name': '新建文件夹611'}
[2023-11-16 16:36:38,660] logger_util.py->write_log line:61 [INFO] 文件上传：None
[2023-11-16 16:36:38,679] logger_util.py->write_log line:61 [INFO] 预期结果：[{'equals': {'status_code': 200}}]
[2023-11-16 16:36:38,680] logger_util.py->write_log line:61 [INFO] 实际结果：{'id': '2cd0d9a2-6bc9-4380-b788-9cb7f5724589', 'name': '新建文件夹611', 'createDateTime': '2023-11-16T16:36:38.665036+08:00'}
[2023-11-16 16:36:38,680] logger_util.py->write_log line:61 [INFO] 接口请求成功！
[2023-11-16 16:36:38,680] logger_util.py->write_log line:61 [INFO] 
-------------接口请求结束-----------

[2023-11-16 16:36:38,689] logger_util.py->write_log line:61 [INFO] 
-------------接口请求开始-----------
[2023-11-16 16:36:38,689] logger_util.py->write_log line:61 [INFO] 接口名称：删除历史文件夹
[2023-11-16 16:36:38,689] logger_util.py->write_log line:61 [INFO] 接口方式：delete
[2023-11-16 16:36:38,689] logger_util.py->write_log line:61 [INFO] 接口路径：http://127.0.0.1:18000/api/v1/historicarchive/folder/2cd0d9a2-6bc9-4380-b788-9cb7f5724589
[2023-11-16 16:36:38,689] logger_util.py->write_log line:61 [INFO] 请求头：{'Content-Type': 'application/json;charset=UTF-8', 'X-Project': 'cade0634c4a44304911e8cfdb1b8f8b9'}
[2023-11-16 16:36:38,690] logger_util.py->write_log line:61 [INFO] 文件上传：None
[2023-11-16 16:36:38,712] logger_util.py->write_log line:61 [INFO] 预期结果：[{'equals': {'status_code': 200}}]
[2023-11-16 16:36:38,712] logger_util.py->write_log line:61 [INFO] 实际结果：
[2023-11-16 16:36:38,712] logger_util.py->write_log line:61 [INFO] 接口请求成功！
[2023-11-16 16:36:38,712] logger_util.py->write_log line:61 [INFO] 
-------------接口请求结束-----------

[2023-11-16 16:36:38,717] logger_util.py->write_log line:61 [INFO] 
-------------接口请求开始-----------
[2023-11-16 16:36:38,717] logger_util.py->write_log line:61 [INFO] 接口名称：创建历史组
[2023-11-16 16:36:38,717] logger_util.py->write_log line:61 [INFO] 接口方式：post
[2023-11-16 16:36:38,717] logger_util.py->write_log line:61 [INFO] 接口路径：http://127.0.0.1:18000/api/v1/historicarchive/group
[2023-11-16 16:36:38,717] logger_util.py->write_log line:61 [INFO] 请求头：{'Content-Type': 'application/json;charset=UTF-8', 'X-Project': 'cade0634c4a44304911e8cfdb1b8f8b9'}
[2023-11-16 16:36:38,718] logger_util.py->write_log line:61 [INFO] 请求参数：{'folderId': None, 'name': '历史组935'}
[2023-11-16 16:36:38,718] logger_util.py->write_log line:61 [INFO] 文件上传：None
[2023-11-16 16:36:38,738] logger_util.py->write_log line:61 [INFO] 预期结果：[{'equals': {'status_code': 200}}]
[2023-11-16 16:36:38,738] logger_util.py->write_log line:61 [INFO] 实际结果：{'id': '8f7ecbd9-0ca4-4ddd-9181-70ec69894a31', 'folderId': '00000000-0000-0000-0000-000000000000', 'name': '历史组935', 'archiveSetting': None, 'storageSetting': None, 'createDateTime': '2023-11-16T16:36:38.7219695+08:00'}
[2023-11-16 16:36:38,738] logger_util.py->write_log line:61 [INFO] 接口请求成功！
[2023-11-16 16:36:38,738] logger_util.py->write_log line:61 [INFO] 
-------------接口请求结束-----------

[2023-11-16 16:36:38,749] logger_util.py->write_log line:61 [INFO] 
-------------接口请求开始-----------
[2023-11-16 16:36:38,749] logger_util.py->write_log line:61 [INFO] 接口名称：编辑历史组
[2023-11-16 16:36:38,749] logger_util.py->write_log line:61 [INFO] 接口方式：put
[2023-11-16 16:36:38,749] logger_util.py->write_log line:61 [INFO] 接口路径：http://127.0.0.1:18000/api/v1/historicarchive/group/8f7ecbd9-0ca4-4ddd-9181-70ec69894a31
[2023-11-16 16:36:38,749] logger_util.py->write_log line:61 [INFO] 请求头：{'Content-Type': 'application/json;charset=UTF-8', 'X-Project': 'cade0634c4a44304911e8cfdb1b8f8b9'}
[2023-11-16 16:36:38,749] logger_util.py->write_log line:61 [INFO] 请求参数：{'name': '编辑历史组298'}
[2023-11-16 16:36:38,750] logger_util.py->write_log line:61 [INFO] 文件上传：None
[2023-11-16 16:36:38,772] logger_util.py->write_log line:61 [INFO] 预期结果：[{'equals': {'status_code': 200}}]
[2023-11-16 16:36:38,772] logger_util.py->write_log line:61 [INFO] 实际结果：{'id': '8f7ecbd9-0ca4-4ddd-9181-70ec69894a31', 'folderId': '00000000-0000-0000-0000-000000000000', 'name': '编辑历史组298', 'archiveSetting': None, 'storageSetting': None, 'createDateTime': '2023-11-16T16:36:38.7219695'}
[2023-11-16 16:36:38,772] logger_util.py->write_log line:61 [INFO] 接口请求成功！
[2023-11-16 16:36:38,772] logger_util.py->write_log line:61 [INFO] 
-------------接口请求结束-----------

[2023-11-16 16:36:38,778] logger_util.py->write_log line:61 [INFO] 
-------------接口请求开始-----------
[2023-11-16 16:36:38,778] logger_util.py->write_log line:61 [INFO] 接口名称：创建历史组
[2023-11-16 16:36:38,778] logger_util.py->write_log line:61 [INFO] 接口方式：post
[2023-11-16 16:36:38,778] logger_util.py->write_log line:61 [INFO] 接口路径：http://127.0.0.1:18000/api/v1/historicarchive/group
[2023-11-16 16:36:38,778] logger_util.py->write_log line:61 [INFO] 请求头：{'Content-Type': 'application/json;charset=UTF-8', 'X-Project': 'cade0634c4a44304911e8cfdb1b8f8b9'}
[2023-11-16 16:36:38,778] logger_util.py->write_log line:61 [INFO] 请求参数：{'folderId': None, 'name': '历史组129'}
[2023-11-16 16:36:38,778] logger_util.py->write_log line:61 [INFO] 文件上传：None
[2023-11-16 16:36:38,799] logger_util.py->write_log line:61 [INFO] 预期结果：[{'equals': {'status_code': 200}}]
[2023-11-16 16:36:38,799] logger_util.py->write_log line:61 [INFO] 实际结果：{'id': '560f4084-d1fc-4625-9f17-cd153d420c55', 'folderId': '00000000-0000-0000-0000-000000000000', 'name': '历史组129', 'archiveSetting': None, 'storageSetting': None, 'createDateTime': '2023-11-16T16:36:38.7828697+08:00'}
[2023-11-16 16:36:38,799] logger_util.py->write_log line:61 [INFO] 接口请求成功！
[2023-11-16 16:36:38,800] logger_util.py->write_log line:61 [INFO] 
-------------接口请求结束-----------

[2023-11-16 16:36:38,810] logger_util.py->write_log line:61 [INFO] 
-------------接口请求开始-----------
[2023-11-16 16:36:38,810] logger_util.py->write_log line:61 [INFO] 接口名称：删除历史文件夹
[2023-11-16 16:36:38,811] logger_util.py->write_log line:61 [INFO] 接口方式：delete
[2023-11-16 16:36:38,811] logger_util.py->write_log line:61 [INFO] 接口路径：http://127.0.0.1:18000/api/v1/historicarchive/group/560f4084-d1fc-4625-9f17-cd153d420c55
[2023-11-16 16:36:38,811] logger_util.py->write_log line:61 [INFO] 请求头：{'Content-Type': 'application/json;charset=UTF-8', 'X-Project': 'cade0634c4a44304911e8cfdb1b8f8b9'}
[2023-11-16 16:36:38,811] logger_util.py->write_log line:61 [INFO] 文件上传：None
[2023-11-16 16:36:38,879] logger_util.py->write_log line:61 [INFO] 预期结果：[{'equals': {'status_code': 200}}]
[2023-11-16 16:36:38,879] logger_util.py->write_log line:61 [INFO] 实际结果：
[2023-11-16 16:36:38,879] logger_util.py->write_log line:61 [INFO] 接口请求成功！
[2023-11-16 16:36:38,879] logger_util.py->write_log line:61 [INFO] 
-------------接口请求结束-----------

[2023-11-16 16:36:38,886] logger_util.py->write_log line:61 [INFO] 
-------------接口请求开始-----------
[2023-11-16 16:36:38,886] logger_util.py->write_log line:61 [INFO] 接口名称：获取历史组树
[2023-11-16 16:36:38,886] logger_util.py->write_log line:61 [INFO] 接口方式：get
[2023-11-16 16:36:38,886] logger_util.py->write_log line:61 [INFO] 接口路径：http://127.0.0.1:18000/api/v1/historicarchive/tree
[2023-11-16 16:36:38,886] logger_util.py->write_log line:61 [INFO] 请求头：{'Content-Type': 'application/json;charset=UTF-8', 'X-Project': 'cade0634c4a44304911e8cfdb1b8f8b9'}
[2023-11-16 16:36:38,886] logger_util.py->write_log line:61 [INFO] 文件上传：None
[2023-11-16 16:36:38,908] logger_util.py->write_log line:61 [INFO] 预期结果：[{'equals': {'status_code': 200}}]
[2023-11-16 16:36:38,908] logger_util.py->write_log line:61 [INFO] 实际结果：[{'id': '00000000-0000-0000-0000-000000000000', 'type': 2, 'name': '默认组', 'children': None, 'createDateTime': '2023-11-16T16:36:38.9081525+08:00'}, {'id': 'b6c6f4b4-074c-41da-94fb-dbad49a31eff', 'type': 2, 'name': '新建历史组-1712', 'children': None, 'createDateTime': '2023-11-13T09:52:17.8334998'}, {'id': 'd17cdef9-6286-42b0-87ae-560211308db1', 'type': 1, 'name': '编辑历史文件夹81', 'children': [], 'createDateTime': '2023-11-16T16:23:34.7776828'}, {'id': '722f4f08-2ff2-478b-9a34-fa133e425da0', 'type': 2, 'name': '编辑历史组772', 'children': None, 'createDateTime': '2023-11-16T16:23:34.9436027'}, {'id': '54dd2bc9-9b04-47ef-9aaf-e7d533601fa9', 'type': 1, 'name': '编辑历史文件夹31', 'children': [], 'createDateTime': '2023-11-16T16:33:30.4560239'}, {'id': '3aa22ab6-9cef-4a95-9213-01e7e0ae3f31', 'type': 2, 'name': '编辑历史组623', 'children': None, 'createDateTime': '2023-11-16T16:33:30.5707644'}, {'id': 'bf2cc60e-3e5e-46cf-b4ab-fe2940637329', 'type': 1, 'name': '编辑历史文件夹223', 'children': [], 'createDateTime': '2023-11-16T16:36:38.6091077'}, {'id': '8f7ecbd9-0ca4-4ddd-9181-70ec69894a31', 'type': 2, 'name': '编辑历史组298', 'children': None, 'createDateTime': '2023-11-16T16:36:38.7219695'}]
[2023-11-16 16:36:38,908] logger_util.py->write_log line:61 [INFO] 接口请求成功！
[2023-11-16 16:36:38,908] logger_util.py->write_log line:61 [INFO] 
-------------接口请求结束-----------

[2023-11-16 16:36:38,913] logger_util.py->write_log line:61 [INFO] 
-------------接口请求开始-----------
[2023-11-16 16:36:38,914] logger_util.py->write_log line:61 [INFO] 接口名称：获取所有历史组
[2023-11-16 16:36:38,914] logger_util.py->write_log line:61 [INFO] 接口方式：get
[2023-11-16 16:36:38,914] logger_util.py->write_log line:61 [INFO] 接口路径：http://127.0.0.1:18000/api/v1/historicarchive/group
[2023-11-16 16:36:38,914] logger_util.py->write_log line:61 [INFO] 请求头：{'Content-Type': 'application/json;charset=UTF-8', 'X-Project': 'cade0634c4a44304911e8cfdb1b8f8b9'}
[2023-11-16 16:36:38,914] logger_util.py->write_log line:61 [INFO] 文件上传：None
[2023-11-16 16:36:38,931] logger_util.py->write_log line:61 [INFO] 预期结果：[{'equals': {'status_code': 200}}]
[2023-11-16 16:36:38,932] logger_util.py->write_log line:61 [INFO] 实际结果：[{'id': '00000000-0000-0000-0000-000000000000', 'name': '默认组'}, {'id': 'b6c6f4b4-074c-41da-94fb-dbad49a31eff', 'name': '新建历史组-1712'}, {'id': '722f4f08-2ff2-478b-9a34-fa133e425da0', 'name': '编辑历史组772'}, {'id': '3aa22ab6-9cef-4a95-9213-01e7e0ae3f31', 'name': '编辑历史组623'}, {'id': '8f7ecbd9-0ca4-4ddd-9181-70ec69894a31', 'name': '编辑历史组298'}]
[2023-11-16 16:36:38,932] logger_util.py->write_log line:61 [INFO] 接口请求成功！
[2023-11-16 16:36:38,932] logger_util.py->write_log line:61 [INFO] 
-------------接口请求结束-----------

[2023-11-16 16:36:38,937] logger_util.py->write_log line:61 [INFO] 
-------------接口请求开始-----------
[2023-11-16 16:36:38,937] logger_util.py->write_log line:61 [INFO] 接口名称：获取通道下所有变量信息
[2023-11-16 16:36:38,937] logger_util.py->write_log line:61 [INFO] 接口方式：post
[2023-11-16 16:36:38,937] logger_util.py->write_log line:61 [INFO] 接口路径：http://127.0.0.1:18000/api/v1/variable/tunnel/2/tag/query
[2023-11-16 16:36:38,937] logger_util.py->write_log line:61 [INFO] 请求头：{'X-Project': 'cade0634c4a44304911e8cfdb1b8f8b9'}
[2023-11-16 16:36:38,937] logger_util.py->write_log line:61 [INFO] 请求参数：{'groupId': None, 'dataTypes': [], 'usedType': 0, 'keyword': ''}
[2023-11-16 16:36:38,937] logger_util.py->write_log line:61 [INFO] 文件上传：None
[2023-11-16 16:36:38,950] logger_util.py->write_log line:61 [INFO] 预期结果：[{'equals': {'status_code': 200}}]
[2023-11-16 16:36:38,950] logger_util.py->write_log line:61 [INFO] 实际结果：[{'id': 11, 'tunnelId': 2, 'groupId': None, 'sort': 0, 'name': 'B1', 'description': '缩放比10', 'tunnelType': 1, 'config': {'address': '400080', 'readWriteMode': 0, 'interval': 1000, 'stringLength': None, 'zoom': 10, 'digit': None, 'readWriteRule': 1}, 'type': 1, 'typeName': '有符号8位整型', 'historicGroupId': '00000000-0000-0000-0000-000000000000', 'historicGroupName': None, 'archiveSetting': None, 'historicBriefMsg': None, 'createTime': '2023-11-08T10:03:11.3688692', 'updateTime': '2023-11-08T10:03:11.3688698'}, {'id': 12, 'tunnelId': 2, 'groupId': None, 'sort': 1, 'name': 'B2', 'description': '缩放比0.1', 'tunnelType': 1, 'config': {'address': '400081', 'readWriteMode': 0, 'interval': 1000, 'stringLength': None, 'zoom': 0.1, 'digit': None, 'readWriteRule': 1}, 'type': 1, 'typeName': '有符号8位整型', 'historicGroupId': '00000000-0000-0000-0000-000000000000', 'historicGroupName': None, 'archiveSetting': None, 'historicBriefMsg': None, 'createTime': '2023-11-08T10:03:11.413346', 'updateTime': '2023-11-08T10:03:11.4133465'}, {'id': 13, 'tunnelId': 2, 'groupId': None, 'sort': 2, 'name': 'B3', 'description': '缩放比小数位，舍位', 'tunnelType': 1, 'config': {'address': '400082', 'readWriteMode': 0, 'interval': 1000, 'stringLength': None, 'zoom': 0.01, 'digit': 1, 'readWriteRule': 1}, 'type': 3, 'typeName': '有符号16位整型', 'historicGroupId': '00000000-0000-0000-0000-000000000000', 'historicGroupName': None, 'archiveSetting': None, 'historicBriefMsg': None, 'createTime': '2023-11-08T10:03:11.4576859', 'updateTime': '2023-11-08T10:03:11.4576863'}, {'id': 14, 'tunnelId': 2, 'groupId': None, 'sort': 3, 'name': 'B4', 'description': '缩放比小数位，四舍', 'tunnelType': 1, 'config': {'address': '400083', 'readWriteMode': 0, 'interval': 1000, 'stringLength': None, 'zoom': 0.01, 'digit': 1, 'readWriteRule': 2}, 'type': 3, 'typeName': '有符号16位整型', 'historicGroupId': '00000000-0000-0000-0000-000000000000', 'historicGroupName': None, 'archiveSetting': None, 'historicBriefMsg': None, 'createTime': '2023-11-08T10:03:11.5018032', 'updateTime': '2023-11-08T10:03:11.5018036'}, {'id': 15, 'tunnelId': 2, 'groupId': None, 'sort': 4, 'name': 'B5', 'description': '缩放比小数位，进位', 'tunnelType': 1, 'config': {'address': '400084', 'readWriteMode': 0, 'interval': 1000, 'stringLength': None, 'zoom': 0.01, 'digit': 1, 'readWriteRule': 3}, 'type': 3, 'typeName': '有符号16位整型', 'historicGroupId': '00000000-0000-0000-0000-000000000000', 'historicGroupName': None, 'archiveSetting': None, 'historicBriefMsg': None, 'createTime': '2023-11-08T10:03:11.5450044', 'updateTime': '2023-11-08T10:03:11.5450049'}, {'id': 16, 'tunnelId': 2, 'groupId': None, 'sort': 5, 'name': 'B6', 'description': '浮点数小数位，舍位', 'tunnelType': 1, 'config': {'address': '400085', 'readWriteMode': 0, 'interval': 1000, 'stringLength': None, 'zoom': 1, 'digit': 2, 'readWriteRule': 1}, 'type': 9, 'typeName': 'F32位浮点数IEEE754', 'historicGroupId': '00000000-0000-0000-0000-000000000000', 'historicGroupName': None, 'archiveSetting': None, 'historicBriefMsg': None, 'createTime': '2023-11-08T10:03:11.5873163', 'updateTime': '2023-11-08T10:03:11.5873167'}, {'id': 17, 'tunnelId': 2, 'groupId': None, 'sort': 6, 'name': 'B7', 'description': '浮点数小数位，四舍', 'tunnelType': 1, 'config': {'address': '400087', 'readWriteMode': 0, 'interval': 1000, 'stringLength': None, 'zoom': 1, 'digit': 2, 'readWriteRule': 2}, 'type': 9, 'typeName': 'F32位浮点数IEEE754', 'historicGroupId': '00000000-0000-0000-0000-000000000000', 'historicGroupName': None, 'archiveSetting': None, 'historicBriefMsg': None, 'createTime': '2023-11-08T10:03:11.6320551', 'updateTime': '2023-11-08T10:03:11.6320555'}, {'id': 18, 'tunnelId': 2, 'groupId': None, 'sort': 7, 'name': 'B8', 'description': '浮点数小数位，进位', 'tunnelType': 1, 'config': {'address': '400089', 'readWriteMode': 0, 'interval': 1000, 'stringLength': None, 'zoom': 1, 'digit': 2, 'readWriteRule': 3}, 'type': 9, 'typeName': 'F32位浮点数IEEE754', 'historicGroupId': '00000000-0000-0000-0000-000000000000', 'historicGroupName': None, 'archiveSetting': None, 'historicBriefMsg': None, 'createTime': '2023-11-08T10:03:11.6783584', 'updateTime': '2023-11-08T10:03:11.6783597'}, {'id': 19, 'tunnelId': 2, 'groupId': None, 'sort': 8, 'name': 'A1', 'description': '二进制', 'tunnelType': 1, 'config': {'address': '400001.0', 'readWriteMode': 0, 'interval': 1000, 'stringLength': None, 'zoom': None, 'digit': None, 'readWriteRule': 1}, 'type': 0, 'typeName': '二进制变量', 'historicGroupId': '3aa22ab6-9cef-4a95-9213-01e7e0ae3f31', 'historicGroupName': '编辑历史组623', 'archiveSetting': {'enableArchive': True, 'archiveType': 1, 'intervalValue': 1, 'intervalUnit': 1, 'notArchiveNull': False, 'enableDeadZone': True, 'deadZoneType': 1, 'deadZoneThreshold': 10.15, 'enableMinInterval': True, 'minIntervalValue': 1, 'minIntervalUnit': 1}, 'historicBriefMsg': '编辑历史组623', 'createTime': '2023-11-08T10:03:11.723243', 'updateTime': '2023-11-08T10:03:11.7232435'}, {'id': 20, 'tunnelId': 2, 'groupId': None, 'sort': 9, 'name': 'A2', 'description': '有符号8位整型', 'tunnelType': 1, 'config': {'address': '400002', 'readWriteMode': 0, 'interval': 1000, 'stringLength': None, 'zoom': 1, 'digit': None, 'readWriteRule': 1}, 'type': 1, 'typeName': '有符号8位整型', 'historicGroupId': '3aa22ab6-9cef-4a95-9213-01e7e0ae3f31', 'historicGroupName': '编辑历史组623', 'archiveSetting': {'enableArchive': True, 'archiveType': 1, 'intervalValue': 1, 'intervalUnit': 1, 'notArchiveNull': False, 'enableDeadZone': True, 'deadZoneType': 1, 'deadZoneThreshold': 10.15, 'enableMinInterval': True, 'minIntervalValue': 1, 'minIntervalUnit': 1}, 'historicBriefMsg': '编辑历史组623', 'createTime': '2023-11-08T10:03:11.7657619', 'updateTime': '2023-11-08T10:03:11.7657623'}, {'id': 21, 'tunnelId': 2, 'groupId': None, 'sort': 10, 'name': 'A3', 'description': '无符号8位整型', 'tunnelType': 1, 'config': {'address': '400003', 'readWriteMode': 0, 'interval': 1000, 'stringLength': None, 'zoom': 1, 'digit': None, 'readWriteRule': 1}, 'type': 2, 'typeName': '无符号8位整型', 'historicGroupId': '00000000-0000-0000-0000-000000000000', 'historicGroupName': None, 'archiveSetting': None, 'historicBriefMsg': None, 'createTime': '2023-11-08T10:03:11.8080683', 'updateTime': '2023-11-08T10:03:11.8080687'}, {'id': 22, 'tunnelId': 2, 'groupId': None, 'sort': 11, 'name': 'A4', 'description': '有符号16位整型', 'tunnelType': 1, 'config': {'address': '400004', 'readWriteMode': 0, 'interval': 1000, 'stringLength': None, 'zoom': 1, 'digit': None, 'readWriteRule': 1}, 'type': 3, 'typeName': '有符号16位整型', 'historicGroupId': '00000000-0000-0000-0000-000000000000', 'historicGroupName': None, 'archiveSetting': None, 'historicBriefMsg': None, 'createTime': '2023-11-08T10:03:11.8523373', 'updateTime': '2023-11-08T10:03:11.8523378'}, {'id': 23, 'tunnelId': 2, 'groupId': None, 'sort': 12, 'name': 'A5', 'description': '无符号16位整型', 'tunnelType': 1, 'config': {'address': '400005', 'readWriteMode': 0, 'interval': 1000, 'stringLength': None, 'zoom': 1, 'digit': None, 'readWriteRule': 1}, 'type': 4, 'typeName': '无符号16位整型', 'historicGroupId': '00000000-0000-0000-0000-000000000000', 'historicGroupName': None, 'archiveSetting': None, 'historicBriefMsg': None, 'createTime': '2023-11-08T10:03:11.8979534', 'updateTime': '2023-11-08T10:03:11.8979539'}, {'id': 24, 'tunnelId': 2, 'groupId': None, 'sort': 13, 'name': 'A6', 'description': '有符号32位整型', 'tunnelType': 1, 'config': {'address': '400013', 'readWriteMode': 0, 'interval': 1000, 'stringLength': None, 'zoom': 1, 'digit': None, 'readWriteRule': 1}, 'type': 5, 'typeName': '有符号32位整型', 'historicGroupId': '00000000-0000-0000-0000-000000000000', 'historicGroupName': None, 'archiveSetting': None, 'historicBriefMsg': None, 'createTime': '2023-11-08T10:03:11.9492486', 'updateTime': '2023-11-08T10:03:11.949249'}, {'id': 25, 'tunnelId': 2, 'groupId': None, 'sort': 14, 'name': 'A7', 'description': '无符号32位整型', 'tunnelType': 1, 'config': {'address': '400015', 'readWriteMode': 0, 'interval': 1000, 'stringLength': None, 'zoom': 1, 'digit': None, 'readWriteRule': 1}, 'type': 6, 'typeName': '无符号32位整型', 'historicGroupId': '00000000-0000-0000-0000-000000000000', 'historicGroupName': None, 'archiveSetting': None, 'historicBriefMsg': None, 'createTime': '2023-11-08T10:03:12.0220824', 'updateTime': '2023-11-08T10:03:12.0220829'}, {'id': 26, 'tunnelId': 2, 'groupId': None, 'sort': 15, 'name': 'A8', 'description': '有符号64位整型', 'tunnelType': 1, 'config': {'address': '400025', 'readWriteMode': 0, 'interval': 1000, 'stringLength': None, 'zoom': 1, 'digit': None, 'readWriteRule': 1}, 'type': 7, 'typeName': '有符号64位整型', 'historicGroupId': '00000000-0000-0000-0000-000000000000', 'historicGroupName': None, 'archiveSetting': None, 'historicBriefMsg': None, 'createTime': '2023-11-08T10:03:12.075335', 'updateTime': '2023-11-08T10:03:12.0753355'}, {'id': 27, 'tunnelId': 2, 'groupId': None, 'sort': 16, 'name': 'A9', 'description': '无符号64位整型', 'tunnelType': 1, 'config': {'address': '400029', 'readWriteMode': 0, 'interval': 1000, 'stringLength': None, 'zoom': 1, 'digit': None, 'readWriteRule': 1}, 'type': 8, 'typeName': '无符号64位整型', 'historicGroupId': '00000000-0000-0000-0000-000000000000', 'historicGroupName': None, 'archiveSetting': None, 'historicBriefMsg': None, 'createTime': '2023-11-08T10:03:12.1547697', 'updateTime': '2023-11-08T10:03:12.1547702'}, {'id': 28, 'tunnelId': 2, 'groupId': None, 'sort': 17, 'name': 'A10', 'description': 'F32位浮点数IEEE754', 'tunnelType': 1, 'config': {'address': '400045', 'readWriteMode': 0, 'interval': 1000, 'stringLength': None, 'zoom': 1, 'digit': None, 'readWriteRule': 1}, 'type': 9, 'typeName': 'F32位浮点数IEEE754', 'historicGroupId': '3aa22ab6-9cef-4a95-9213-01e7e0ae3f31', 'historicGroupName': '编辑历史组623', 'archiveSetting': {'enableArchive': True, 'archiveType': 1, 'intervalValue': 1, 'intervalUnit': 1, 'notArchiveNull': False, 'enableDeadZone': True, 'deadZoneType': 1, 'deadZoneThreshold': 10.15, 'enableMinInterval': True, 'minIntervalValue': 1, 'minIntervalUnit': 1}, 'historicBriefMsg': '编辑历史组623', 'createTime': '2023-11-08T10:03:12.2009223', 'updateTime': '2023-11-08T10:03:12.2009228'}, {'id': 29, 'tunnelId': 2, 'groupId': None, 'sort': 18, 'name': 'A11', 'description': 'F64位浮点数IEEE754', 'tunnelType': 1, 'config': {'address': '400049', 'readWriteMode': 0, 'interval': 1000, 'stringLength': None, 'zoom': 1, 'digit': None, 'readWriteRule': 1}, 'type': 10, 'typeName': 'F64位浮点数IEEE754', 'historicGroupId': '00000000-0000-0000-0000-000000000000', 'historicGroupName': None, 'archiveSetting': None, 'historicBriefMsg': None, 'createTime': '2023-11-08T10:03:12.2440019', 'updateTime': '2023-11-08T10:03:12.2440027'}, {'id': 30, 'tunnelId': 2, 'groupId': None, 'sort': 19, 'name': 'A12', 'description': '字符串', 'tunnelType': 1, 'config': {'address': '400060', 'readWriteMode': 0, 'interval': 1000, 'stringLength': 10, 'zoom': None, 'digit': None, 'readWriteRule': 1}, 'type': 14, 'typeName': '字符串', 'historicGroupId': '3aa22ab6-9cef-4a95-9213-01e7e0ae3f31', 'historicGroupName': '编辑历史组623', 'archiveSetting': {'enableArchive': True, 'archiveType': 1, 'intervalValue': 1, 'intervalUnit': 1, 'notArchiveNull': False, 'enableDeadZone': True, 'deadZoneType': 1, 'deadZoneThreshold': 10.15, 'enableMinInterval': True, 'minIntervalValue': 1, 'minIntervalUnit': 1}, 'historicBriefMsg': '编辑历史组623', 'createTime': '2023-11-08T10:03:12.2883211', 'updateTime': '2023-11-08T10:03:12.2883215'}]
[2023-11-16 16:36:38,951] logger_util.py->write_log line:61 [INFO] 接口请求成功！
[2023-11-16 16:36:38,951] logger_util.py->write_log line:61 [INFO] 
-------------接口请求结束-----------

[2023-11-16 16:36:38,961] logger_util.py->write_log line:61 [INFO] 
-------------接口请求开始-----------
[2023-11-16 16:36:38,961] logger_util.py->write_log line:61 [INFO] 接口名称：添加历史变量
[2023-11-16 16:36:38,961] logger_util.py->write_log line:61 [INFO] 接口方式：put
[2023-11-16 16:36:38,962] logger_util.py->write_log line:61 [INFO] 接口路径：http://127.0.0.1:18000/api/v1/historicarchive/group/8f7ecbd9-0ca4-4ddd-9181-70ec69894a31/var
[2023-11-16 16:36:38,962] logger_util.py->write_log line:61 [INFO] 请求头：{'X-Project': 'cade0634c4a44304911e8cfdb1b8f8b9'}
[2023-11-16 16:36:38,962] logger_util.py->write_log line:61 [INFO] 请求参数：[19, 20, 28, 30, 32, 33, 41, 47]
[2023-11-16 16:36:38,962] logger_util.py->write_log line:61 [INFO] 文件上传：None
[2023-11-16 16:36:38,990] logger_util.py->write_log line:61 [INFO] 预期结果：[{'equals': {'status_code': 200}}]
[2023-11-16 16:36:38,990] logger_util.py->write_log line:61 [INFO] 实际结果：
[2023-11-16 16:36:38,991] logger_util.py->write_log line:61 [INFO] 接口请求成功！
[2023-11-16 16:36:38,991] logger_util.py->write_log line:61 [INFO] 
-------------接口请求结束-----------

[2023-11-16 16:36:38,997] logger_util.py->write_log line:61 [INFO] 
-------------接口请求开始-----------
[2023-11-16 16:36:38,997] logger_util.py->write_log line:61 [INFO] 接口名称：获取历史组变量
[2023-11-16 16:36:38,997] logger_util.py->write_log line:61 [INFO] 接口方式：get
[2023-11-16 16:36:38,997] logger_util.py->write_log line:61 [INFO] 接口路径：http://127.0.0.1:18000/api/v1/historicarchive/group/8f7ecbd9-0ca4-4ddd-9181-70ec69894a31/var
[2023-11-16 16:36:38,998] logger_util.py->write_log line:61 [INFO] 请求头：{'Content-Type': 'application/json;charset=UTF-8', 'X-Project': 'cade0634c4a44304911e8cfdb1b8f8b9'}
[2023-11-16 16:36:38,998] logger_util.py->write_log line:61 [INFO] 文件上传：None
[2023-11-16 16:36:39,026] logger_util.py->write_log line:61 [INFO] 预期结果：[{'equals': {'status_code': 200}}]
[2023-11-16 16:36:39,027] logger_util.py->write_log line:61 [INFO] 实际结果：[{'id': 19, 'name': 'A1', 'description': '二进制', 'type': '二进制变量'}, {'id': 20, 'name': 'A2', 'description': '有符号8位整型', 'type': '有符号8位整型'}, {'id': 28, 'name': 'A10', 'description': 'F32位浮点数IEEE754', 'type': 'F32位浮点数IEEE754'}, {'id': 30, 'name': 'A12', 'description': '字符串', 'type': '字符串'}, {'id': 32, 'name': 'aa1', 'description': '二进制变量', 'type': '二进制变量'}, {'id': 33, 'name': 'aa2', 'description': '有符号8位整型', 'type': '有符号8位整型'}, {'id': 41, 'name': 'aa10', 'description': 'F32位浮点数IEEE754', 'type': 'F32位浮点数IEEE754'}, {'id': 47, 'name': 'aa16', 'description': '日期时间', 'type': '日期时间'}]
[2023-11-16 16:36:39,027] logger_util.py->write_log line:61 [INFO] 接口请求成功！
[2023-11-16 16:36:39,027] logger_util.py->write_log line:61 [INFO] 
-------------接口请求结束-----------

[2023-11-16 16:36:39,034] logger_util.py->write_log line:61 [INFO] 
-------------接口请求开始-----------
[2023-11-16 16:36:39,034] logger_util.py->write_log line:61 [INFO] 接口名称：删除历史组变量
[2023-11-16 16:36:39,034] logger_util.py->write_log line:61 [INFO] 接口方式：delete
[2023-11-16 16:36:39,034] logger_util.py->write_log line:61 [INFO] 接口路径：http://127.0.0.1:18000/api/v1/historicarchive/group/8f7ecbd9-0ca4-4ddd-9181-70ec69894a31/var
[2023-11-16 16:36:39,034] logger_util.py->write_log line:61 [INFO] 请求头：{'Content-Type': 'application/json;charset=UTF-8', 'X-Project': 'cade0634c4a44304911e8cfdb1b8f8b9'}
[2023-11-16 16:36:39,034] logger_util.py->write_log line:61 [INFO] 请求参数：[19, 20, 28, 30]
[2023-11-16 16:36:39,034] logger_util.py->write_log line:61 [INFO] 文件上传：None
[2023-11-16 16:36:39,062] logger_util.py->write_log line:61 [INFO] 预期结果：[{'equals': {'status_code': 200}}]
[2023-11-16 16:36:39,062] logger_util.py->write_log line:61 [INFO] 实际结果：
[2023-11-16 16:36:39,062] logger_util.py->write_log line:61 [INFO] 接口请求成功！
[2023-11-16 16:36:39,063] logger_util.py->write_log line:61 [INFO] 
-------------接口请求结束-----------

[2023-11-16 16:36:39,069] logger_util.py->write_log line:61 [INFO] 
-------------接口请求开始-----------
[2023-11-16 16:36:39,069] logger_util.py->write_log line:61 [INFO] 接口名称：添加历史变量
[2023-11-16 16:36:39,069] logger_util.py->write_log line:61 [INFO] 接口方式：put
[2023-11-16 16:36:39,069] logger_util.py->write_log line:61 [INFO] 接口路径：http://127.0.0.1:18000/api/v1/historicarchive/group/8f7ecbd9-0ca4-4ddd-9181-70ec69894a31/var
[2023-11-16 16:36:39,070] logger_util.py->write_log line:61 [INFO] 请求头：{'X-Project': 'cade0634c4a44304911e8cfdb1b8f8b9'}
[2023-11-16 16:36:39,070] logger_util.py->write_log line:61 [INFO] 请求参数：[19, 20, 28, 30, 32, 33, 41, 47]
[2023-11-16 16:36:39,070] logger_util.py->write_log line:61 [INFO] 文件上传：None
[2023-11-16 16:36:39,100] logger_util.py->write_log line:61 [INFO] 预期结果：[{'equals': {'status_code': 200}}]
[2023-11-16 16:36:39,100] logger_util.py->write_log line:61 [INFO] 实际结果：
[2023-11-16 16:36:39,100] logger_util.py->write_log line:61 [INFO] 接口请求成功！
[2023-11-16 16:36:39,101] logger_util.py->write_log line:61 [INFO] 
-------------接口请求结束-----------

[2023-11-16 16:36:39,106] logger_util.py->write_log line:61 [INFO] 
-------------接口请求开始-----------
[2023-11-16 16:36:39,106] logger_util.py->write_log line:61 [INFO] 接口名称：变量是否已绑定历史组(true)
[2023-11-16 16:36:39,106] logger_util.py->write_log line:61 [INFO] 接口方式：post
[2023-11-16 16:36:39,106] logger_util.py->write_log line:61 [INFO] 接口路径：http://127.0.0.1:18000/api/v1/historicarchive/var/bindinggroup
[2023-11-16 16:36:39,106] logger_util.py->write_log line:61 [INFO] 请求头：{'X-Project': 'cade0634c4a44304911e8cfdb1b8f8b9'}
[2023-11-16 16:36:39,106] logger_util.py->write_log line:61 [INFO] 请求参数：[19, 20, 28, 30, 32, 33, 41, 47]
[2023-11-16 16:36:39,106] logger_util.py->write_log line:61 [INFO] 文件上传：None
[2023-11-16 16:36:39,114] logger_util.py->error_log line:65 [INFO] 断言失败：返回结果中不存在：contains
[2023-11-16 16:36:39,114] logger_util.py->write_log line:61 [INFO] 实际结果：True
[2023-11-16 16:36:39,114] logger_util.py->write_log line:61 [INFO] 接口请求失败！
[2023-11-16 16:36:39,114] logger_util.py->write_log line:61 [INFO] -------------接口请求结束-----------

[2023-11-16 16:36:39,115] logger_util.py->error_log line:65 [INFO] 断言异常：异常信息: Traceback (most recent call last):
  File "E:\Project_python\api_cms\common\requests_util.py", line 374, in validate_result
    error_log("断言失败：返回结果中不存在："+assert_key)
  File "E:\Project_python\api_cms\common\logger_util.py", line 66, in error_log
    raise Exception(log_message)
Exception: 断言失败：返回结果中不存在：contains

[2023-11-16 16:36:39,115] logger_util.py->error_log line:65 [INFO] 分析YAML文件异常：异常信息: Traceback (most recent call last):
  File "E:\Project_python\api_cms\common\requests_util.py", line 374, in validate_result
    error_log("断言失败：返回结果中不存在："+assert_key)
  File "E:\Project_python\api_cms\common\logger_util.py", line 66, in error_log
    raise Exception(log_message)
Exception: 断言失败：返回结果中不存在：contains

During handling of the above exception, another exception occurred:

Traceback (most recent call last):
  File "E:\Project_python\api_cms\common\requests_util.py", line 238, in analysis_yaml
    self.validate_result(yq_result, return_data, status_code)
  File "E:\Project_python\api_cms\common\requests_util.py", line 438, in validate_result
    error_log("断言异常：异常信息: %s" % str(traceback.format_exc()))
  File "E:\Project_python\api_cms\common\logger_util.py", line 66, in error_log
    raise Exception(log_message)
Exception: 断言异常：异常信息: Traceback (most recent call last):
  File "E:\Project_python\api_cms\common\requests_util.py", line 374, in validate_result
    error_log("断言失败：返回结果中不存在："+assert_key)
  File "E:\Project_python\api_cms\common\logger_util.py", line 66, in error_log
    raise Exception(log_message)
Exception: 断言失败：返回结果中不存在：contains


[2023-11-16 16:36:39,222] logger_util.py->write_log line:61 [INFO] 
-------------接口请求开始-----------
[2023-11-16 16:36:39,222] logger_util.py->write_log line:61 [INFO] 接口名称：变量是否已绑定历史组(false)
[2023-11-16 16:36:39,222] logger_util.py->write_log line:61 [INFO] 接口方式：post
[2023-11-16 16:36:39,222] logger_util.py->write_log line:61 [INFO] 接口路径：http://127.0.0.1:18000/api/v1/historicarchive/var/bindinggroup
[2023-11-16 16:36:39,222] logger_util.py->write_log line:61 [INFO] 请求头：{'X-Project': 'cade0634c4a44304911e8cfdb1b8f8b9'}
[2023-11-16 16:36:39,222] logger_util.py->write_log line:61 [INFO] 请求参数：[1, 2]
[2023-11-16 16:36:39,222] logger_util.py->write_log line:61 [INFO] 文件上传：None
[2023-11-16 16:36:39,229] logger_util.py->error_log line:65 [INFO] 断言失败：返回结果中不存在：contains
[2023-11-16 16:36:39,229] logger_util.py->write_log line:61 [INFO] 实际结果：False
[2023-11-16 16:36:39,230] logger_util.py->write_log line:61 [INFO] 接口请求失败！
[2023-11-16 16:36:39,230] logger_util.py->write_log line:61 [INFO] -------------接口请求结束-----------

[2023-11-16 16:36:39,230] logger_util.py->error_log line:65 [INFO] 断言异常：异常信息: Traceback (most recent call last):
  File "E:\Project_python\api_cms\common\requests_util.py", line 374, in validate_result
    error_log("断言失败：返回结果中不存在："+assert_key)
  File "E:\Project_python\api_cms\common\logger_util.py", line 66, in error_log
    raise Exception(log_message)
Exception: 断言失败：返回结果中不存在：contains

[2023-11-16 16:36:39,230] logger_util.py->error_log line:65 [INFO] 分析YAML文件异常：异常信息: Traceback (most recent call last):
  File "E:\Project_python\api_cms\common\requests_util.py", line 374, in validate_result
    error_log("断言失败：返回结果中不存在："+assert_key)
  File "E:\Project_python\api_cms\common\logger_util.py", line 66, in error_log
    raise Exception(log_message)
Exception: 断言失败：返回结果中不存在：contains

During handling of the above exception, another exception occurred:

Traceback (most recent call last):
  File "E:\Project_python\api_cms\common\requests_util.py", line 238, in analysis_yaml
    self.validate_result(yq_result, return_data, status_code)
  File "E:\Project_python\api_cms\common\requests_util.py", line 438, in validate_result
    error_log("断言异常：异常信息: %s" % str(traceback.format_exc()))
  File "E:\Project_python\api_cms\common\logger_util.py", line 66, in error_log
    raise Exception(log_message)
Exception: 断言异常：异常信息: Traceback (most recent call last):
  File "E:\Project_python\api_cms\common\requests_util.py", line 374, in validate_result
    error_log("断言失败：返回结果中不存在："+assert_key)
  File "E:\Project_python\api_cms\common\logger_util.py", line 66, in error_log
    raise Exception(log_message)
Exception: 断言失败：返回结果中不存在：contains


[2023-11-16 16:36:39,270] logger_util.py->write_log line:61 [INFO] 
-------------接口请求开始-----------
[2023-11-16 16:36:39,271] logger_util.py->write_log line:61 [INFO] 接口名称：设置归档配置
[2023-11-16 16:36:39,271] logger_util.py->write_log line:61 [INFO] 接口方式：put
[2023-11-16 16:36:39,271] logger_util.py->write_log line:61 [INFO] 接口路径：http://127.0.0.1:18000/api/v1/historicarchive/group/8f7ecbd9-0ca4-4ddd-9181-70ec69894a31/archivesetting
[2023-11-16 16:36:39,271] logger_util.py->write_log line:61 [INFO] 请求头：{'X-Project': 'cade0634c4a44304911e8cfdb1b8f8b9'}
[2023-11-16 16:36:39,271] logger_util.py->write_log line:61 [INFO] 请求参数：{'minIntervalValue': 1, 'minIntervalUnit': 1, 'archiveType': 0, 'deadZoneType': 0, 'deadZoneThreshold': 1, 'intervalUnit': 1, 'intervalValue': 1, 'enableArchive': True}
[2023-11-16 16:36:39,271] logger_util.py->write_log line:61 [INFO] 文件上传：None
[2023-11-16 16:36:39,298] logger_util.py->write_log line:61 [INFO] 预期结果：[{'equals': {'status_code': 200}}]
[2023-11-16 16:36:39,298] logger_util.py->write_log line:61 [INFO] 实际结果：
[2023-11-16 16:36:39,298] logger_util.py->write_log line:61 [INFO] 接口请求成功！
[2023-11-16 16:36:39,298] logger_util.py->write_log line:61 [INFO] 
-------------接口请求结束-----------

[2023-11-16 16:36:39,305] logger_util.py->write_log line:61 [INFO] 
-------------接口请求开始-----------
[2023-11-16 16:36:39,305] logger_util.py->write_log line:61 [INFO] 接口名称：获取归档配置
[2023-11-16 16:36:39,305] logger_util.py->write_log line:61 [INFO] 接口方式：get
[2023-11-16 16:36:39,305] logger_util.py->write_log line:61 [INFO] 接口路径：http://127.0.0.1:18000/api/v1/historicarchive/group/8f7ecbd9-0ca4-4ddd-9181-70ec69894a31/archivesetting
[2023-11-16 16:36:39,305] logger_util.py->write_log line:61 [INFO] 请求头：{'X-Project': 'cade0634c4a44304911e8cfdb1b8f8b9'}
[2023-11-16 16:36:39,305] logger_util.py->write_log line:61 [INFO] 文件上传：None
[2023-11-16 16:36:39,331] logger_util.py->write_log line:61 [INFO] 预期结果：[{'equals': {'status_code': 200}}]
[2023-11-16 16:36:39,331] logger_util.py->write_log line:61 [INFO] 实际结果：{'enableArchive': True, 'archiveType': 0, 'intervalValue': 1, 'intervalUnit': 1, 'enableDeadZone': False, 'deadZoneType': 0, 'deadZoneThreshold': 1, 'enableMinInterval': False, 'minIntervalValue': 1, 'minIntervalUnit': 1}
[2023-11-16 16:36:39,332] logger_util.py->write_log line:61 [INFO] 接口请求成功！
[2023-11-16 16:36:39,332] logger_util.py->write_log line:61 [INFO] 
-------------接口请求结束-----------

[2023-11-16 16:36:39,338] logger_util.py->write_log line:61 [INFO] 
-------------接口请求开始-----------
[2023-11-16 16:36:39,338] logger_util.py->write_log line:61 [INFO] 接口名称：存储设置
[2023-11-16 16:36:39,338] logger_util.py->write_log line:61 [INFO] 接口方式：put
[2023-11-16 16:36:39,338] logger_util.py->write_log line:61 [INFO] 接口路径：http://127.0.0.1:18000/api/v1/historicarchive/group/8f7ecbd9-0ca4-4ddd-9181-70ec69894a31/storagesetting
[2023-11-16 16:36:39,338] logger_util.py->write_log line:61 [INFO] 请求头：{'X-Project': 'cade0634c4a44304911e8cfdb1b8f8b9'}
[2023-11-16 16:36:39,338] logger_util.py->write_log line:61 [INFO] 请求参数：{'retentionUnit': 4, 'retentionValue': 1, 'enableClear': True, 'backupBeforeClear': True, 'backupPath': 'C:\\数据备份\\历史数据'}
[2023-11-16 16:36:39,338] logger_util.py->write_log line:61 [INFO] 文件上传：None
[2023-11-16 16:36:39,367] logger_util.py->write_log line:61 [INFO] 预期结果：[{'equals': {'status_code': 200}}]
[2023-11-16 16:36:39,367] logger_util.py->write_log line:61 [INFO] 实际结果：
[2023-11-16 16:36:39,367] logger_util.py->write_log line:61 [INFO] 接口请求成功！
[2023-11-16 16:36:39,367] logger_util.py->write_log line:61 [INFO] 
-------------接口请求结束-----------

[2023-11-16 16:36:39,373] logger_util.py->write_log line:61 [INFO] 
-------------接口请求开始-----------
[2023-11-16 16:36:39,373] logger_util.py->write_log line:61 [INFO] 接口名称：获取存储设置
[2023-11-16 16:36:39,373] logger_util.py->write_log line:61 [INFO] 接口方式：get
[2023-11-16 16:36:39,373] logger_util.py->write_log line:61 [INFO] 接口路径：http://127.0.0.1:18000/api/v1/historicarchive/group/8f7ecbd9-0ca4-4ddd-9181-70ec69894a31/storagesetting
[2023-11-16 16:36:39,373] logger_util.py->write_log line:61 [INFO] 请求头：{'X-Project': 'cade0634c4a44304911e8cfdb1b8f8b9'}
[2023-11-16 16:36:39,373] logger_util.py->write_log line:61 [INFO] 文件上传：None
[2023-11-16 16:36:39,397] logger_util.py->write_log line:61 [INFO] 预期结果：[{'equals': {'status_code': 200}}]
[2023-11-16 16:36:39,397] logger_util.py->write_log line:61 [INFO] 实际结果：{'enableClear': True, 'retentionValue': 1, 'retentionUnit': 4, 'backupBeforeClear': True, 'backupPath': 'C:\\数据备份\\历史数据'}
[2023-11-16 16:36:39,398] logger_util.py->write_log line:61 [INFO] 接口请求成功！
[2023-11-16 16:36:39,398] logger_util.py->write_log line:61 [INFO] 
-------------接口请求结束-----------

[2023-11-16 16:36:39,403] logger_util.py->write_log line:61 [INFO] 
-------------接口请求开始-----------
[2023-11-16 16:36:39,404] logger_util.py->write_log line:61 [INFO] 接口名称：下发A1=true
[2023-11-16 16:36:39,404] logger_util.py->write_log line:61 [INFO] 接口方式：post
[2023-11-16 16:36:39,404] logger_util.py->write_log line:61 [INFO] 接口路径：http://127.0.0.1:18000/api/v1/variable/setvalues
[2023-11-16 16:36:39,404] logger_util.py->write_log line:61 [INFO] 请求头：{'X-Project': 'cade0634c4a44304911e8cfdb1b8f8b9', 'Authorization': 'Bearer eyJhbGciOiJIUzI1NiIsInR5cCI6IkpXVCJ9.eyJodHRwOi8vc2NoZW1hcy54bWxzb2FwLm9yZy93cy8yMDA1LzA1L2lkZW50aXR5L2NsYWltcy9uYW1lIjoiU3VwZXJBZG1pbiIsImh0dHA6Ly9zY2hlbWFzLnhtbHNvYXAub3JnL3dzLzIwMDUvMDUvaWRlbnRpdHkvY2xhaW1zL25hbWVpZGVudGlmaWVyIjoiU3VwZXJBZG1pbiIsImV4cCI6MTcwMDY0MzQzNiwiaXNzIjoiQ01TdjIiLCJhdWQiOiJBcGkifQ.t_fO-FkNoykuA18dAWBnTg49IOpNb0sOksTcxN_DfdU'}
[2023-11-16 16:36:39,404] logger_util.py->write_log line:61 [INFO] 请求参数：{'A1': 'true'}
[2023-11-16 16:36:39,404] logger_util.py->write_log line:61 [INFO] 文件上传：None
[2023-11-16 16:36:39,416] logger_util.py->write_log line:61 [INFO] 预期结果：[{'equals': {'status_code': 200}}, {'equals': {'allSuccess': True}}]
[2023-11-16 16:36:39,416] logger_util.py->write_log line:61 [INFO] 实际结果：{'allSuccess': True, 'items': {'A1': {'value': True, 'quality': 0, 'errorMsg': None}}}
[2023-11-16 16:36:39,416] logger_util.py->write_log line:61 [INFO] 接口请求成功！
[2023-11-16 16:36:39,416] logger_util.py->write_log line:61 [INFO] 
-------------接口请求结束-----------

[2023-11-16 16:36:39,924] logger_util.py->write_log line:61 [INFO] 
-------------接口请求开始-----------
[2023-11-16 16:36:39,924] logger_util.py->write_log line:61 [INFO] 接口名称：下发A2=77
[2023-11-16 16:36:39,924] logger_util.py->write_log line:61 [INFO] 接口方式：post
[2023-11-16 16:36:39,924] logger_util.py->write_log line:61 [INFO] 接口路径：http://127.0.0.1:18000/api/v1/variable/setvalues
[2023-11-16 16:36:39,924] logger_util.py->write_log line:61 [INFO] 请求头：{'X-Project': 'cade0634c4a44304911e8cfdb1b8f8b9', 'Authorization': 'Bearer eyJhbGciOiJIUzI1NiIsInR5cCI6IkpXVCJ9.eyJodHRwOi8vc2NoZW1hcy54bWxzb2FwLm9yZy93cy8yMDA1LzA1L2lkZW50aXR5L2NsYWltcy9uYW1lIjoiU3VwZXJBZG1pbiIsImh0dHA6Ly9zY2hlbWFzLnhtbHNvYXAub3JnL3dzLzIwMDUvMDUvaWRlbnRpdHkvY2xhaW1zL25hbWVpZGVudGlmaWVyIjoiU3VwZXJBZG1pbiIsImV4cCI6MTcwMDY0MzQzNiwiaXNzIjoiQ01TdjIiLCJhdWQiOiJBcGkifQ.t_fO-FkNoykuA18dAWBnTg49IOpNb0sOksTcxN_DfdU'}
[2023-11-16 16:36:39,924] logger_util.py->write_log line:61 [INFO] 请求参数：{'A2': '77'}
[2023-11-16 16:36:39,924] logger_util.py->write_log line:61 [INFO] 文件上传：None
[2023-11-16 16:36:39,935] logger_util.py->write_log line:61 [INFO] 预期结果：[{'equals': {'status_code': 200}}, {'equals': {'allSuccess': True}}]
[2023-11-16 16:36:39,935] logger_util.py->write_log line:61 [INFO] 实际结果：{'allSuccess': True, 'items': {'A2': {'value': 77, 'quality': 0, 'errorMsg': None}}}
[2023-11-16 16:36:39,936] logger_util.py->write_log line:61 [INFO] 接口请求成功！
[2023-11-16 16:36:39,936] logger_util.py->write_log line:61 [INFO] 
-------------接口请求结束-----------

[2023-11-16 16:36:40,455] logger_util.py->write_log line:61 [INFO] 
-------------接口请求开始-----------
[2023-11-16 16:36:40,455] logger_util.py->write_log line:61 [INFO] 接口名称：下发A10=70.456
[2023-11-16 16:36:40,455] logger_util.py->write_log line:61 [INFO] 接口方式：post
[2023-11-16 16:36:40,455] logger_util.py->write_log line:61 [INFO] 接口路径：http://127.0.0.1:18000/api/v1/variable/setvalues
[2023-11-16 16:36:40,455] logger_util.py->write_log line:61 [INFO] 请求头：{'X-Project': 'cade0634c4a44304911e8cfdb1b8f8b9', 'Authorization': 'Bearer eyJhbGciOiJIUzI1NiIsInR5cCI6IkpXVCJ9.eyJodHRwOi8vc2NoZW1hcy54bWxzb2FwLm9yZy93cy8yMDA1LzA1L2lkZW50aXR5L2NsYWltcy9uYW1lIjoiU3VwZXJBZG1pbiIsImh0dHA6Ly9zY2hlbWFzLnhtbHNvYXAub3JnL3dzLzIwMDUvMDUvaWRlbnRpdHkvY2xhaW1zL25hbWVpZGVudGlmaWVyIjoiU3VwZXJBZG1pbiIsImV4cCI6MTcwMDY0MzQzNiwiaXNzIjoiQ01TdjIiLCJhdWQiOiJBcGkifQ.t_fO-FkNoykuA18dAWBnTg49IOpNb0sOksTcxN_DfdU'}
[2023-11-16 16:36:40,455] logger_util.py->write_log line:61 [INFO] 请求参数：{'A10': '70.456'}
[2023-11-16 16:36:40,455] logger_util.py->write_log line:61 [INFO] 文件上传：None
[2023-11-16 16:36:40,464] logger_util.py->write_log line:61 [INFO] 预期结果：[{'equals': {'status_code': 200}}, {'equals': {'allSuccess': True}}]
[2023-11-16 16:36:40,464] logger_util.py->write_log line:61 [INFO] 实际结果：{'allSuccess': True, 'items': {'A10': {'value': 70.456, 'quality': 0, 'errorMsg': None}}}
[2023-11-16 16:36:40,464] logger_util.py->write_log line:61 [INFO] 接口请求成功！
[2023-11-16 16:36:40,464] logger_util.py->write_log line:61 [INFO] 
-------------接口请求结束-----------

[2023-11-16 16:36:40,970] logger_util.py->write_log line:61 [INFO] 
-------------接口请求开始-----------
[2023-11-16 16:36:40,970] logger_util.py->write_log line:61 [INFO] 接口名称：下发A12=中文
[2023-11-16 16:36:40,970] logger_util.py->write_log line:61 [INFO] 接口方式：post
[2023-11-16 16:36:40,970] logger_util.py->write_log line:61 [INFO] 接口路径：http://127.0.0.1:18000/api/v1/variable/setvalues
[2023-11-16 16:36:40,970] logger_util.py->write_log line:61 [INFO] 请求头：{'X-Project': 'cade0634c4a44304911e8cfdb1b8f8b9', 'Authorization': 'Bearer eyJhbGciOiJIUzI1NiIsInR5cCI6IkpXVCJ9.eyJodHRwOi8vc2NoZW1hcy54bWxzb2FwLm9yZy93cy8yMDA1LzA1L2lkZW50aXR5L2NsYWltcy9uYW1lIjoiU3VwZXJBZG1pbiIsImh0dHA6Ly9zY2hlbWFzLnhtbHNvYXAub3JnL3dzLzIwMDUvMDUvaWRlbnRpdHkvY2xhaW1zL25hbWVpZGVudGlmaWVyIjoiU3VwZXJBZG1pbiIsImV4cCI6MTcwMDY0MzQzNiwiaXNzIjoiQ01TdjIiLCJhdWQiOiJBcGkifQ.t_fO-FkNoykuA18dAWBnTg49IOpNb0sOksTcxN_DfdU'}
[2023-11-16 16:36:40,970] logger_util.py->write_log line:61 [INFO] 请求参数：{'A12': '中文'}
[2023-11-16 16:36:40,971] logger_util.py->write_log line:61 [INFO] 文件上传：None
[2023-11-16 16:36:40,980] logger_util.py->write_log line:61 [INFO] 预期结果：[{'equals': {'status_code': 200}}, {'equals': {'allSuccess': True}}]
[2023-11-16 16:36:40,980] logger_util.py->write_log line:61 [INFO] 实际结果：{'allSuccess': True, 'items': {'A12': {'value': '中文', 'quality': 0, 'errorMsg': None}}}
[2023-11-16 16:36:40,980] logger_util.py->write_log line:61 [INFO] 接口请求成功！
[2023-11-16 16:36:40,982] logger_util.py->write_log line:61 [INFO] 
-------------接口请求结束-----------

[2023-11-16 16:36:41,502] logger_util.py->write_log line:61 [INFO] 
-------------接口请求开始-----------
[2023-11-16 16:36:41,502] logger_util.py->write_log line:61 [INFO] 接口名称：下发aa1=true
[2023-11-16 16:36:41,502] logger_util.py->write_log line:61 [INFO] 接口方式：post
[2023-11-16 16:36:41,502] logger_util.py->write_log line:61 [INFO] 接口路径：http://127.0.0.1:18000/api/v1/variable/setvalues
[2023-11-16 16:36:41,502] logger_util.py->write_log line:61 [INFO] 请求头：{'X-Project': 'cade0634c4a44304911e8cfdb1b8f8b9', 'Authorization': 'Bearer eyJhbGciOiJIUzI1NiIsInR5cCI6IkpXVCJ9.eyJodHRwOi8vc2NoZW1hcy54bWxzb2FwLm9yZy93cy8yMDA1LzA1L2lkZW50aXR5L2NsYWltcy9uYW1lIjoiU3VwZXJBZG1pbiIsImh0dHA6Ly9zY2hlbWFzLnhtbHNvYXAub3JnL3dzLzIwMDUvMDUvaWRlbnRpdHkvY2xhaW1zL25hbWVpZGVudGlmaWVyIjoiU3VwZXJBZG1pbiIsImV4cCI6MTcwMDY0MzQzNiwiaXNzIjoiQ01TdjIiLCJhdWQiOiJBcGkifQ.t_fO-FkNoykuA18dAWBnTg49IOpNb0sOksTcxN_DfdU'}
[2023-11-16 16:36:41,502] logger_util.py->write_log line:61 [INFO] 请求参数：{'aa1': 'true'}
[2023-11-16 16:36:41,502] logger_util.py->write_log line:61 [INFO] 文件上传：None
[2023-11-16 16:36:41,505] logger_util.py->write_log line:61 [INFO] 预期结果：[{'equals': {'status_code': 200}}, {'equals': {'allSuccess': True}}]
[2023-11-16 16:36:41,505] logger_util.py->write_log line:61 [INFO] 实际结果：{'allSuccess': True, 'items': {'aa1': {'value': True, 'quality': 0, 'errorMsg': None}}}
[2023-11-16 16:36:41,505] logger_util.py->write_log line:61 [INFO] 接口请求成功！
[2023-11-16 16:36:41,505] logger_util.py->write_log line:61 [INFO] 
-------------接口请求结束-----------

[2023-11-16 16:36:42,022] logger_util.py->write_log line:61 [INFO] 
-------------接口请求开始-----------
[2023-11-16 16:36:42,022] logger_util.py->write_log line:61 [INFO] 接口名称：下发aa2=77
[2023-11-16 16:36:42,022] logger_util.py->write_log line:61 [INFO] 接口方式：post
[2023-11-16 16:36:42,022] logger_util.py->write_log line:61 [INFO] 接口路径：http://127.0.0.1:18000/api/v1/variable/setvalues
[2023-11-16 16:36:42,022] logger_util.py->write_log line:61 [INFO] 请求头：{'X-Project': 'cade0634c4a44304911e8cfdb1b8f8b9', 'Authorization': 'Bearer eyJhbGciOiJIUzI1NiIsInR5cCI6IkpXVCJ9.eyJodHRwOi8vc2NoZW1hcy54bWxzb2FwLm9yZy93cy8yMDA1LzA1L2lkZW50aXR5L2NsYWltcy9uYW1lIjoiU3VwZXJBZG1pbiIsImh0dHA6Ly9zY2hlbWFzLnhtbHNvYXAub3JnL3dzLzIwMDUvMDUvaWRlbnRpdHkvY2xhaW1zL25hbWVpZGVudGlmaWVyIjoiU3VwZXJBZG1pbiIsImV4cCI6MTcwMDY0MzQzNiwiaXNzIjoiQ01TdjIiLCJhdWQiOiJBcGkifQ.t_fO-FkNoykuA18dAWBnTg49IOpNb0sOksTcxN_DfdU'}
[2023-11-16 16:36:42,023] logger_util.py->write_log line:61 [INFO] 请求参数：{'aa2': '77'}
[2023-11-16 16:36:42,023] logger_util.py->write_log line:61 [INFO] 文件上传：None
[2023-11-16 16:36:42,025] logger_util.py->write_log line:61 [INFO] 预期结果：[{'equals': {'status_code': 200}}, {'equals': {'allSuccess': True}}]
[2023-11-16 16:36:42,025] logger_util.py->write_log line:61 [INFO] 实际结果：{'allSuccess': True, 'items': {'aa2': {'value': 77, 'quality': 0, 'errorMsg': None}}}
[2023-11-16 16:36:42,025] logger_util.py->write_log line:61 [INFO] 接口请求成功！
[2023-11-16 16:36:42,025] logger_util.py->write_log line:61 [INFO] 
-------------接口请求结束-----------

[2023-11-16 16:36:42,540] logger_util.py->write_log line:61 [INFO] 
-------------接口请求开始-----------
[2023-11-16 16:36:42,540] logger_util.py->write_log line:61 [INFO] 接口名称：下发aa10=70.456
[2023-11-16 16:36:42,540] logger_util.py->write_log line:61 [INFO] 接口方式：post
[2023-11-16 16:36:42,540] logger_util.py->write_log line:61 [INFO] 接口路径：http://127.0.0.1:18000/api/v1/variable/setvalues
[2023-11-16 16:36:42,540] logger_util.py->write_log line:61 [INFO] 请求头：{'X-Project': 'cade0634c4a44304911e8cfdb1b8f8b9', 'Authorization': 'Bearer eyJhbGciOiJIUzI1NiIsInR5cCI6IkpXVCJ9.eyJodHRwOi8vc2NoZW1hcy54bWxzb2FwLm9yZy93cy8yMDA1LzA1L2lkZW50aXR5L2NsYWltcy9uYW1lIjoiU3VwZXJBZG1pbiIsImh0dHA6Ly9zY2hlbWFzLnhtbHNvYXAub3JnL3dzLzIwMDUvMDUvaWRlbnRpdHkvY2xhaW1zL25hbWVpZGVudGlmaWVyIjoiU3VwZXJBZG1pbiIsImV4cCI6MTcwMDY0MzQzNiwiaXNzIjoiQ01TdjIiLCJhdWQiOiJBcGkifQ.t_fO-FkNoykuA18dAWBnTg49IOpNb0sOksTcxN_DfdU'}
[2023-11-16 16:36:42,540] logger_util.py->write_log line:61 [INFO] 请求参数：{'aa10': '70.456'}
[2023-11-16 16:36:42,540] logger_util.py->write_log line:61 [INFO] 文件上传：None
[2023-11-16 16:36:42,543] logger_util.py->write_log line:61 [INFO] 预期结果：[{'equals': {'status_code': 200}}, {'equals': {'allSuccess': True}}]
[2023-11-16 16:36:42,543] logger_util.py->write_log line:61 [INFO] 实际结果：{'allSuccess': True, 'items': {'aa10': {'value': 70.456, 'quality': 0, 'errorMsg': None}}}
[2023-11-16 16:36:42,543] logger_util.py->write_log line:61 [INFO] 接口请求成功！
[2023-11-16 16:36:42,543] logger_util.py->write_log line:61 [INFO] 
-------------接口请求结束-----------

[2023-11-16 16:36:43,057] logger_util.py->write_log line:61 [INFO] 
-------------接口请求开始-----------
[2023-11-16 16:36:43,057] logger_util.py->write_log line:61 [INFO] 接口名称：下发aa16=2023-10-20 18:40:55
[2023-11-16 16:36:43,057] logger_util.py->write_log line:61 [INFO] 接口方式：post
[2023-11-16 16:36:43,057] logger_util.py->write_log line:61 [INFO] 接口路径：http://127.0.0.1:18000/api/v1/variable/setvalues
[2023-11-16 16:36:43,057] logger_util.py->write_log line:61 [INFO] 请求头：{'X-Project': 'cade0634c4a44304911e8cfdb1b8f8b9', 'Authorization': 'Bearer eyJhbGciOiJIUzI1NiIsInR5cCI6IkpXVCJ9.eyJodHRwOi8vc2NoZW1hcy54bWxzb2FwLm9yZy93cy8yMDA1LzA1L2lkZW50aXR5L2NsYWltcy9uYW1lIjoiU3VwZXJBZG1pbiIsImh0dHA6Ly9zY2hlbWFzLnhtbHNvYXAub3JnL3dzLzIwMDUvMDUvaWRlbnRpdHkvY2xhaW1zL25hbWVpZGVudGlmaWVyIjoiU3VwZXJBZG1pbiIsImV4cCI6MTcwMDY0MzQzNiwiaXNzIjoiQ01TdjIiLCJhdWQiOiJBcGkifQ.t_fO-FkNoykuA18dAWBnTg49IOpNb0sOksTcxN_DfdU'}
[2023-11-16 16:36:43,057] logger_util.py->write_log line:61 [INFO] 请求参数：{'aa16': '2023-10-20 18:40:55'}
[2023-11-16 16:36:43,057] logger_util.py->write_log line:61 [INFO] 文件上传：None
[2023-11-16 16:36:43,061] logger_util.py->write_log line:61 [INFO] 预期结果：[{'equals': {'status_code': 200}}, {'equals': {'allSuccess': True}}]
[2023-11-16 16:36:43,061] logger_util.py->write_log line:61 [INFO] 实际结果：{'allSuccess': True, 'items': {'aa16': {'value': '2023/10/20 18:40:55', 'quality': 0, 'errorMsg': None}}}
[2023-11-16 16:36:43,061] logger_util.py->write_log line:61 [INFO] 接口请求成功！
[2023-11-16 16:36:43,061] logger_util.py->write_log line:61 [INFO] 
-------------接口请求结束-----------

[2023-11-16 16:36:43,573] logger_util.py->write_log line:61 [INFO] 
-------------接口请求开始-----------
[2023-11-16 16:36:43,573] logger_util.py->write_log line:61 [INFO] 接口名称：开启历史归档服务
[2023-11-16 16:36:43,573] logger_util.py->write_log line:61 [INFO] 接口方式：post
[2023-11-16 16:36:43,574] logger_util.py->write_log line:61 [INFO] 接口路径：http://127.0.0.1:18000/api/v1/project/service/historicarchive/start
[2023-11-16 16:36:43,574] logger_util.py->write_log line:61 [INFO] 请求头：{}
[2023-11-16 16:36:43,574] logger_util.py->write_log line:61 [INFO] 文件上传：None
[2023-11-16 16:36:43,575] logger_util.py->write_log line:61 [INFO] 预期结果：[{'equals': {'status_code': 200}}]
[2023-11-16 16:36:43,576] logger_util.py->write_log line:61 [INFO] 实际结果：
[2023-11-16 16:36:43,576] logger_util.py->write_log line:61 [INFO] 接口请求成功！
[2023-11-16 16:36:43,576] logger_util.py->write_log line:61 [INFO] 
-------------接口请求结束-----------

[2023-11-16 16:36:48,583] logger_util.py->write_log line:61 [INFO] 
-------------接口请求开始-----------
[2023-11-16 16:36:48,583] logger_util.py->write_log line:61 [INFO] 接口名称：查询历史数据(定时触发)
[2023-11-16 16:36:48,583] logger_util.py->write_log line:61 [INFO] 接口方式：post
[2023-11-16 16:36:48,583] logger_util.py->write_log line:61 [INFO] 接口路径：http://127.0.0.1:18000/api/v1/data/aggregate
[2023-11-16 16:36:48,583] logger_util.py->write_log line:61 [INFO] 请求头：{'X-Project': 'cade0634c4a44304911e8cfdb1b8f8b9'}
[2023-11-16 16:36:48,583] logger_util.py->write_log line:61 [INFO] 请求参数：{'dataSetId': 'history', 'dimensions': [{'aliasName': '', 'fieldName': '0', 'sort': 2, 'timeFormat': 'yyyy-MM-dd HH:mm:ss'}], 'measures': [{'aliasName': '', 'fieldName': '19', 'mode': 4, 'dataFormat': 0, 'sort': 0, 'mergeType': 0}, {'aliasName': '', 'fieldName': '20', 'mode': 4, 'dataFormat': 0, 'sort': 0, 'mergeType': 0}, {'aliasName': '', 'fieldName': '28', 'mode': 4, 'dataFormat': 0, 'sort': 0, 'mergeType': 0}, {'aliasName': '', 'fieldName': '30', 'mode': 4, 'dataFormat': 0, 'sort': 0, 'mergeType': 0}, {'aliasName': '', 'fieldName': '32', 'mode': 4, 'dataFormat': 0, 'sort': 0, 'mergeType': 0}, {'aliasName': '', 'fieldName': '33', 'mode': 4, 'dataFormat': 0, 'sort': 0, 'mergeType': 0}, {'aliasName': '', 'fieldName': '41', 'mode': 4, 'dataFormat': 0, 'sort': 0, 'mergeType': 0}, {'aliasName': '', 'fieldName': '47', 'mode': 4, 'dataFormat': 0, 'sort': 0, 'mergeType': 0}], 'filters': [], 'total': False, 'pageSize': None, 'pageIndex': None, 'limit': 10000, 'noAggregation': False, 'noDimensions': False, 'whereJson': ''}
[2023-11-16 16:36:48,583] logger_util.py->write_log line:61 [INFO] 文件上传：None
[2023-11-16 16:36:48,636] logger_util.py->write_log line:61 [INFO] 预期结果：[{'equals': {'status_code': 200}}, {'equals': {'A1(4)': '1'}}, {'equals': {'A2(4)': '77'}}, {'equals': {'A10(4)': '70.456'}}, {'equals': {'A12(4)': '中文'}}, {'equals': {'aa1(4)': '1'}}, {'equals': {'aa2(4)': '77'}}, {'equals': {'aa10(4)': '70.456'}}, {'equals': {'aa16(4)': '2023-10-20 18:40:55'}}]
[2023-11-16 16:36:48,636] logger_util.py->write_log line:61 [INFO] 实际结果：{'values': [{'A1(4)': '1', 'A2(4)': '77', 'A10(4)': '70.456', 'A12(4)': '中文', 'aa1(4)': '1', 'aa2(4)': '77', 'aa10(4)': '70.456', 'aa16(4)': '2023-10-20 18:40:55', '记录时间': '2023-11-16 16:36:48'}, {'A1(4)': '1', 'A2(4)': '77', 'A10(4)': '70.456', 'A12(4)': '中文', 'aa1(4)': '1', 'aa2(4)': '77', 'aa10(4)': '70.456', 'aa16(4)': '2023-10-20 18:40:55', '记录时间': '2023-11-16 16:36:47'}, {'A1(4)': '1', 'A2(4)': '77', 'A10(4)': '70.456', 'A12(4)': '中文', 'aa1(4)': '1', 'aa2(4)': '77', 'aa10(4)': '70.456', 'aa16(4)': '2023-10-20 18:40:55', '记录时间': '2023-11-16 16:36:46'}, {'A1(4)': '1', 'A2(4)': '77', 'A10(4)': '70.456', 'A12(4)': '中文', 'aa1(4)': '1', 'aa2(4)': '77', 'aa10(4)': '70.456', 'aa16(4)': '2023-10-20 18:40:55', '记录时间': '2023-11-16 16:36:45'}, {'A1(4)': '1', 'A2(4)': '77', 'A10(4)': '70.456', 'A12(4)': '中文', 'aa1(4)': '1', 'aa2(4)': '77', 'aa10(4)': '70.456', 'aa16(4)': '2023-10-20 18:40:55', '记录时间': '2023-11-16 16:36:44'}, {'A1(4)': '1', 'A2(4)': '77', 'A10(4)': '70.456', 'A12(4)': '中文', 'aa1(4)': '1', 'aa2(4)': '77', 'aa10(4)': '70.456', 'aa16(4)': '2023-10-20 18:40:55', '记录时间': '2023-11-16 16:36:43'}, {'A1(4)': '1', 'A2(4)': '77', 'A10(4)': '70.456', 'A12(4)': '中文', 'aa1(4)': '1', 'aa2(4)': '77', 'aa10(4)': '110.16', 'aa16(4)': '2023-10-20 18:40:55', '记录时间': '2023-11-16 16:36:42'}, {'A1(4)': '1', 'A2(4)': '77', 'A10(4)': '70.456', 'A12(4)': '中文', 'aa1(4)': '1', 'aa2(4)': '111', 'aa10(4)': '110.16', 'aa16(4)': '2023-10-20 18:40:55', '记录时间': '2023-11-16 16:36:41'}, {'A1(4)': '1', 'A2(4)': '77', 'A10(4)': '110.16', 'A12(4)': '中文', 'aa1(4)': '1', 'aa2(4)': '111', 'aa10(4)': '110.16', 'aa16(4)': '2023-10-20 18:40:55', '记录时间': '2023-11-16 16:36:40'}, {'A1(4)': None, 'A2(4)': None, 'A10(4)': None, 'A12(4)': None, 'aa1(4)': None, 'aa2(4)': None, 'aa10(4)': '110.16', 'aa16(4)': None, '记录时间': '2023-11-16 16:34:47'}, {'A1(4)': None, 'A2(4)': None, 'A10(4)': '110.16', 'A12(4)': None, 'aa1(4)': None, 'aa2(4)': None, 'aa10(4)': None, 'aa16(4)': None, '记录时间': '2023-11-16 16:34:46'}, {'A1(4)': None, 'A2(4)': None, 'A10(4)': None, 'A12(4)': None, 'aa1(4)': None, 'aa2(4)': '111', 'aa10(4)': None, 'aa16(4)': None, '记录时间': '2023-11-16 16:34:43'}, {'A1(4)': None, 'A2(4)': '111', 'A10(4)': None, 'A12(4)': None, 'aa1(4)': None, 'aa2(4)': None, 'aa10(4)': None, 'aa16(4)': None, '记录时间': '2023-11-16 16:34:42'}, {'A1(4)': None, 'A2(4)': None, 'A10(4)': None, 'A12(4)': None, 'aa1(4)': None, 'aa2(4)': None, 'aa10(4)': '100', 'aa16(4)': None, '记录时间': '2023-11-16 16:34:31'}, {'A1(4)': None, 'A2(4)': None, 'A10(4)': '100', 'A12(4)': None, 'aa1(4)': None, 'aa2(4)': None, 'aa10(4)': None, 'aa16(4)': None, '记录时间': '2023-11-16 16:34:30'}, {'A1(4)': None, 'A2(4)': None, 'A10(4)': None, 'A12(4)': None, 'aa1(4)': None, 'aa2(4)': '100', 'aa10(4)': None, 'aa16(4)': None, '记录时间': '2023-11-16 16:34:27'}, {'A1(4)': None, 'A2(4)': '100', 'A10(4)': None, 'A12(4)': None, 'aa1(4)': None, 'aa2(4)': None, 'aa10(4)': None, 'aa16(4)': None, '记录时间': '2023-11-16 16:34:26'}], 'mapping': [{'id': '19', 'name': 'A1(4)', 'aliasName': '', 'fieldName': 'A1', 'method': 4}, {'id': '20', 'name': 'A2(4)', 'aliasName': '', 'fieldName': 'A2', 'method': 4}, {'id': '28', 'name': 'A10(4)', 'aliasName': '', 'fieldName': 'A10', 'method': 4}, {'id': '30', 'name': 'A12(4)', 'aliasName': '', 'fieldName': 'A12', 'method': 4}, {'id': '32', 'name': 'aa1(4)', 'aliasName': '', 'fieldName': 'aa1', 'method': 4}, {'id': '33', 'name': 'aa2(4)', 'aliasName': '', 'fieldName': 'aa2', 'method': 4}, {'id': '41', 'name': 'aa10(4)', 'aliasName': '', 'fieldName': 'aa10', 'method': 4}, {'id': '47', 'name': 'aa16(4)', 'aliasName': '', 'fieldName': 'aa16', 'method': 4}, {'id': '_time', 'name': '_time', 'aliasName': '', 'fieldName': '_time', 'method': None}], 'queryTranslateResult': [{'queryString': '\r\na0 = from(bucket: "cade0634c4a44304911e8cfdb1b8f8b9")\r\n  |> range(start: 0, stop: now())\r\n  |> filter(fn: (r) => r["_measurement"] == "variables" and r["_field"]=="lval" and r["variable"] == "19")\r\n\r\n  |> group(columns: ["_measurement"])\r\n\n  |> limit(n: 10000)\n  |> set(key: "_field", value: "val")\n  |> toString()\r\n\r\na1 = from(bucket: "cade0634c4a44304911e8cfdb1b8f8b9")\r\n  |> range(start: 0, stop: now())\r\n  |> filter(fn: (r) => r["_measurement"] == "variables" and r["_field"]=="lval" and r["variable"] == "20")\r\n\r\n  |> group(columns: ["_measurement"])\r\n\n  |> limit(n: 10000)\n  |> set(key: "_field", value: "val")\n  |> toString()\r\n\r\na2 = from(bucket: "cade0634c4a44304911e8cfdb1b8f8b9")\r\n  |> range(start: 0, stop: now())\r\n  |> filter(fn: (r) => r["_measurement"] == "variables" and r["_field"]=="fval" and r["variable"] == "28")\r\n\r\n  |> group(columns: ["_measurement"])\r\n\n  |> limit(n: 10000)\n  |> set(key: "_field", value: "val")\n  |> toString()\r\n\r\na3 = from(bucket: "cade0634c4a44304911e8cfdb1b8f8b9")\r\n  |> range(start: 0, stop: now())\r\n  |> filter(fn: (r) => r["_measurement"] == "variables" and r["_field"]=="sval" and r["variable"] == "30")\r\n\r\n  |> group(columns: ["_measurement"])\r\n\n  |> limit(n: 10000)\n  |> set(key: "_field", value: "val")\n  |> toString()\r\n\r\na4 = from(bucket: "cade0634c4a44304911e8cfdb1b8f8b9")\r\n  |> range(start: 0, stop: now())\r\n  |> filter(fn: (r) => r["_measurement"] == "variables" and r["_field"]=="lval" and r["variable"] == "32")\r\n\r\n  |> group(columns: ["_measurement"])\r\n\n  |> limit(n: 10000)\n  |> set(key: "_field", value: "val")\n  |> toString()\r\n\r\na5 = from(bucket: "cade0634c4a44304911e8cfdb1b8f8b9")\r\n  |> range(start: 0, stop: now())\r\n  |> filter(fn: (r) => r["_measurement"] == "variables" and r["_field"]=="lval" and r["variable"] == "33")\r\n\r\n  |> group(columns: ["_measurement"])\r\n\n  |> limit(n: 10000)\n  |> set(key: "_field", value: "val")\n  |> toString()\r\n\r\na6 = from(bucket: "cade0634c4a44304911e8cfdb1b8f8b9")\r\n  |> range(start: 0, stop: now())\r\n  |> filter(fn: (r) => r["_measurement"] == "variables" and r["_field"]=="fval" and r["variable"] == "41")\r\n\r\n  |> group(columns: ["_measurement"])\r\n\n  |> limit(n: 10000)\n  |> set(key: "_field", value: "val")\n  |> toString()\r\n\r\na7 = from(bucket: "cade0634c4a44304911e8cfdb1b8f8b9")\r\n  |> range(start: 0, stop: now())\r\n  |> filter(fn: (r) => r["_measurement"] == "variables" and r["_field"]=="tval" and r["variable"] == "47")\r\n\r\n  |> group(columns: ["_measurement"])\r\n\n  |> limit(n: 10000)\n  |> set(key: "_field", value: "val")\n  |> toString()\r\n\r\nall = union(tables: [a0,a1,a2,a3,a4,a5,a6,a7])\r\n\r\n\r\nresult = all\r\n  |> pivot(rowKey:["_time"], columnKey: ["variable"], valueColumn: "_value")\r\n\r\n  |> sort(columns: ["_time"],desc:true)\r\n  |> rename(fn: (column) => if column=="19" then "M0" else if column=="20" then "M1" else if column=="28" then "M2" else if column=="30" then "M3" else if column=="32" then "M4" else if column=="33" then "M5" else if column=="41" then "M6" else if column=="47" then "M7" else column)\r\nresult\r\n', 'args': {}}], 'consuming': {'qcs': [29.2788]}, 'total': None}
[2023-11-16 16:36:48,641] logger_util.py->write_log line:61 [INFO] 接口请求成功！
[2023-11-16 16:36:48,641] logger_util.py->write_log line:61 [INFO] 
-------------接口请求结束-----------

[2023-11-16 16:36:48,648] logger_util.py->write_log line:61 [INFO] 
-------------接口请求开始-----------
[2023-11-16 16:36:48,649] logger_util.py->write_log line:61 [INFO] 接口名称：备份历史数据
[2023-11-16 16:36:48,649] logger_util.py->write_log line:61 [INFO] 接口方式：get
[2023-11-16 16:36:48,649] logger_util.py->write_log line:61 [INFO] 接口路径：http://127.0.0.1:18000/api/v1/historicarchive/group/8f7ecbd9-0ca4-4ddd-9181-70ec69894a31/backup
[2023-11-16 16:36:48,649] logger_util.py->write_log line:61 [INFO] 请求头：{'X-Project': 'cade0634c4a44304911e8cfdb1b8f8b9'}
[2023-11-16 16:36:48,649] logger_util.py->write_log line:61 [INFO] 文件上传：None
[2023-11-16 16:36:48,917] logger_util.py->write_log line:61 [INFO] 预期结果：[{'equals': {'status_code': 200}}]
[2023-11-16 16:36:48,917] logger_util.py->write_log line:61 [INFO] 实际结果："_time","_value","_field","_measurement","variable"
"2023-11-16 16:36:40",0,"dataquality","variables","A1"
"2023-11-16 16:36:41",0,"dataquality","variables","A1"
"2023-11-16 16:36:42",0,"dataquality","variables","A1"
"2023-11-16 16:36:43",0,"dataquality","variables","A1"
"2023-11-16 16:36:44",0,"dataquality","variables","A1"
"2023-11-16 16:36:45",0,"dataquality","variables","A1"
"2023-11-16 16:36:46",0,"dataquality","variables","A1"
"2023-11-16 16:36:47",0,"dataquality","variables","A1"
"2023-11-16 16:36:48",0,"dataquality","variables","A1"
"2023-11-16 16:36:40",1,"lval","variables","A1"
"2023-11-16 16:36:41",1,"lval","variables","A1"
"2023-11-16 16:36:42",1,"lval","variables","A1"
"2023-11-16 16:36:43",1,"lval","variables","A1"
"2023-11-16 16:36:44",1,"lval","variables","A1"
"2023-11-16 16:36:45",1,"lval","variables","A1"
"2023-11-16 16:36:46",1,"lval","variables","A1"
"2023-11-16 16:36:47",1,"lval","variables","A1"
"2023-11-16 16:36:48",1,"lval","variables","A1"
"2023-11-16 16:34:26",0,"dataquality","variables","A2"
"2023-11-16 16:34:42",0,"dataquality","variables","A2"
"2023-11-16 16:36:40",0,"dataquality","variables","A2"
"2023-11-16 16:36:41",0,"dataquality","variables","A2"
"2023-11-16 16:36:42",0,"dataquality","variables","A2"
"2023-11-16 16:36:43",0,"dataquality","variables","A2"
"2023-11-16 16:36:44",0,"dataquality","variables","A2"
"2023-11-16 16:36:45",0,"dataquality","variables","A2"
"2023-11-16 16:36:46",0,"dataquality","variables","A2"
"2023-11-16 16:36:47",0,"dataquality","variables","A2"
"2023-11-16 16:36:48",0,"dataquality","variables","A2"
"2023-11-16 16:34:26",100,"lval","variables","A2"
"2023-11-16 16:34:42",111,"lval","variables","A2"
"2023-11-16 16:36:40",77,"lval","variables","A2"
"2023-11-16 16:36:41",77,"lval","variables","A2"
"2023-11-16 16:36:42",77,"lval","variables","A2"
"2023-11-16 16:36:43",77,"lval","variables","A2"
"2023-11-16 16:36:44",77,"lval","variables","A2"
"2023-11-16 16:36:45",77,"lval","variables","A2"
"2023-11-16 16:36:46",77,"lval","variables","A2"
"2023-11-16 16:36:47",77,"lval","variables","A2"
"2023-11-16 16:36:48",77,"lval","variables","A2"
"2023-11-16 16:34:30",0,"dataquality","variables","A10"
"2023-11-16 16:34:46",0,"dataquality","variables","A10"
"2023-11-16 16:36:40",0,"dataquality","variables","A10"
"2023-11-16 16:36:41",0,"dataquality","variables","A10"
"2023-11-16 16:36:42",0,"dataquality","variables","A10"
"2023-11-16 16:36:43",0,"dataquality","variables","A10"
"2023-11-16 16:36:44",0,"dataquality","variables","A10"
"2023-11-16 16:36:45",0,"dataquality","variables","A10"
"2023-11-16 16:36:46",0,"dataquality","variables","A10"
"2023-11-16 16:36:47",0,"dataquality","variables","A10"
"2023-11-16 16:36:48",0,"dataquality","variables","A10"
"2023-11-16 16:34:30",100,"fval","variables","A10"
"2023-11-16 16:34:46",110.16,"fval","variables","A10"
"2023-11-16 16:36:40",110.16,"fval","variables","A10"
"2023-11-16 16:36:41",70.456,"fval","variables","A10"
"2023-11-16 16:36:42",70.456,"fval","variables","A10"
"2023-11-16 16:36:43",70.456,"fval","variables","A10"
"2023-11-16 16:36:44",70.456,"fval","variables","A10"
"2023-11-16 16:36:45",70.456,"fval","variables","A10"
"2023-11-16 16:36:46",70.456,"fval","variables","A10"
"2023-11-16 16:36:47",70.456,"fval","variables","A10"
"2023-11-16 16:36:48",70.456,"fval","variables","A10"
"2023-11-16 16:36:40",0,"dataquality","variables","A12"
"2023-11-16 16:36:41",0,"dataquality","variables","A12"
"2023-11-16 16:36:42",0,"dataquality","variables","A12"
"2023-11-16 16:36:43",0,"dataquality","variables","A12"
"2023-11-16 16:36:44",0,"dataquality","variables","A12"
"2023-11-16 16:36:45",0,"dataquality","variables","A12"
"2023-11-16 16:36:46",0,"dataquality","variables","A12"
"2023-11-16 16:36:47",0,"dataquality","variables","A12"
"2023-11-16 16:36:48",0,"dataquality","variables","A12"
"2023-11-16 16:36:40","÷–Œƒ","sval","variables","A12"
"2023-11-16 16:36:41","÷–Œƒ","sval","variables","A12"
"2023-11-16 16:36:42","÷–Œƒ","sval","variables","A12"
"2023-11-16 16:36:43","÷–Œƒ","sval","variables","A12"
"2023-11-16 16:36:44","÷–Œƒ","sval","variables","A12"
"2023-11-16 16:36:45","÷–Œƒ","sval","variables","A12"
"2023-11-16 16:36:46","÷–Œƒ","sval","variables","A12"
"2023-11-16 16:36:47","÷–Œƒ","sval","variables","A12"
"2023-11-16 16:36:48","÷–Œƒ","sval","variables","A12"
"2023-11-16 16:36:40",0,"dataquality","variables","aa1"
"2023-11-16 16:36:41",0,"dataquality","variables","aa1"
"2023-11-16 16:36:42",0,"dataquality","variables","aa1"
"2023-11-16 16:36:43",0,"dataquality","variables","aa1"
"2023-11-16 16:36:44",0,"dataquality","variables","aa1"
"2023-11-16 16:36:45",0,"dataquality","variables","aa1"
"2023-11-16 16:36:46",0,"dataquality","variables","aa1"
"2023-11-16 16:36:47",0,"dataquality","variables","aa1"
"2023-11-16 16:36:48",0,"dataquality","variables","aa1"
"2023-11-16 16:36:40",1,"lval","variables","aa1"
"2023-11-16 16:36:41",1,"lval","variables","aa1"
"2023-11-16 16:36:42",1,"lval","variables","aa1"
"2023-11-16 16:36:43",1,"lval","variables","aa1"
"2023-11-16 16:36:44",1,"lval","variables","aa1"
"2023-11-16 16:36:45",1,"lval","variables","aa1"
"2023-11-16 16:36:46",1,"lval","variables","aa1"
"2023-11-16 16:36:47",1,"lval","variables","aa1"
"2023-11-16 16:36:48",1,"lval","variables","aa1"
"2023-11-16 16:34:27",0,"dataquality","variables","aa2"
"2023-11-16 16:34:43",0,"dataquality","variables","aa2"
"2023-11-16 16:36:40",0,"dataquality","variables","aa2"
"2023-11-16 16:36:41",0,"dataquality","variables","aa2"
"2023-11-16 16:36:42",0,"dataquality","variables","aa2"
"2023-11-16 16:36:43",0,"dataquality","variables","aa2"
"2023-11-16 16:36:44",0,"dataquality","variables","aa2"
"2023-11-16 16:36:45",0,"dataquality","variables","aa2"
"2023-11-16 16:36:46",0,"dataquality","variables","aa2"
"2023-11-16 16:36:47",0,"dataquality","variables","aa2"
"2023-11-16 16:36:48",0,"dataquality","variables","aa2"
"2023-11-16 16:34:27",100,"lval","variables","aa2"
"2023-11-16 16:34:43",111,"lval","variables","aa2"
"2023-11-16 16:36:40",111,"lval","variables","aa2"
"2023-11-16 16:36:41",111,"lval","variables","aa2"
"2023-11-16 16:36:42",77,"lval","variables","aa2"
"2023-11-16 16:36:43",77,"lval","variables","aa2"
"2023-11-16 16:36:44",77,"lval","variables","aa2"
"2023-11-16 16:36:45",77,"lval","variables","aa2"
"2023-11-16 16:36:46",77,"lval","variables","aa2"
"2023-11-16 16:36:47",77,"lval","variables","aa2"
"2023-11-16 16:36:48",77,"lval","variables","aa2"
"2023-11-16 16:34:31",0,"dataquality","variables","aa10"
"2023-11-16 16:34:47",0,"dataquality","variables","aa10"
"2023-11-16 16:36:40",0,"dataquality","variables","aa10"
"2023-11-16 16:36:41",0,"dataquality","variables","aa10"
"2023-11-16 16:36:42",0,"dataquality","variables","aa10"
"2023-11-16 16:36:43",0,"dataquality","variables","aa10"
"2023-11-16 16:36:44",0,"dataquality","variables","aa10"
"2023-11-16 16:36:45",0,"dataquality","variables","aa10"
"2023-11-16 16:36:46",0,"dataquality","variables","aa10"
"2023-11-16 16:36:47",0,"dataquality","variables","aa10"
"2023-11-16 16:36:48",0,"dataquality","variables","aa10"
"2023-11-16 16:34:31",100,"fval","variables","aa10"
"2023-11-16 16:34:47",110.16,"fval","variables","aa10"
"2023-11-16 16:36:40",110.16,"fval","variables","aa10"
"2023-11-16 16:36:41",110.16,"fval","variables","aa10"
"2023-11-16 16:36:42",110.16,"fval","variables","aa10"
"2023-11-16 16:36:43",70.456,"fval","variables","aa10"
"2023-11-16 16:36:44",70.456,"fval","variables","aa10"
"2023-11-16 16:36:45",70.456,"fval","variables","aa10"
"2023-11-16 16:36:46",70.456,"fval","variables","aa10"
"2023-11-16 16:36:47",70.456,"fval","variables","aa10"
"2023-11-16 16:36:48",70.456,"fval","variables","aa10"
"2023-11-16 16:36:40",0,"dataquality","variables","aa16"
"2023-11-16 16:36:41",0,"dataquality","variables","aa16"
"2023-11-16 16:36:42",0,"dataquality","variables","aa16"
"2023-11-16 16:36:43",0,"dataquality","variables","aa16"
"2023-11-16 16:36:44",0,"dataquality","variables","aa16"
"2023-11-16 16:36:45",0,"dataquality","variables","aa16"
"2023-11-16 16:36:46",0,"dataquality","variables","aa16"
"2023-11-16 16:36:47",0,"dataquality","variables","aa16"
"2023-11-16 16:36:48",0,"dataquality","variables","aa16"
"2023-11-16 16:36:40","2023-10-20 18:40:55","tval","variables","aa16"
"2023-11-16 16:36:41","2023-10-20 18:40:55","tval","variables","aa16"
"2023-11-16 16:36:42","2023-10-20 18:40:55","tval","variables","aa16"
"2023-11-16 16:36:43","2023-10-20 18:40:55","tval","variables","aa16"
"2023-11-16 16:36:44","2023-10-20 18:40:55","tval","variables","aa16"
"2023-11-16 16:36:45","2023-10-20 18:40:55","tval","variables","aa16"
"2023-11-16 16:36:46","2023-10-20 18:40:55","tval","variables","aa16"
"2023-11-16 16:36:47","2023-10-20 18:40:55","tval","variables","aa16"
"2023-11-16 16:36:48","2023-10-20 18:40:55","tval","variables","aa16"

[2023-11-16 16:36:48,920] logger_util.py->write_log line:61 [INFO] 接口请求成功！
[2023-11-16 16:36:48,920] logger_util.py->write_log line:61 [INFO] 
-------------接口请求结束-----------

[2023-11-16 16:36:48,925] logger_util.py->write_log line:61 [INFO] 
-------------接口请求开始-----------
[2023-11-16 16:36:48,925] logger_util.py->write_log line:61 [INFO] 接口名称：关闭历史归档服务
[2023-11-16 16:36:48,925] logger_util.py->write_log line:61 [INFO] 接口方式：post
[2023-11-16 16:36:48,925] logger_util.py->write_log line:61 [INFO] 接口路径：http://127.0.0.1:18000/api/v1/project/service/historicarchive/stop
[2023-11-16 16:36:48,925] logger_util.py->write_log line:61 [INFO] 请求头：{}
[2023-11-16 16:36:48,925] logger_util.py->write_log line:61 [INFO] 文件上传：None
[2023-11-16 16:36:48,928] logger_util.py->write_log line:61 [INFO] 预期结果：[{'equals': {'status_code': 200}}]
[2023-11-16 16:36:48,928] logger_util.py->write_log line:61 [INFO] 实际结果：
[2023-11-16 16:36:48,928] logger_util.py->write_log line:61 [INFO] 接口请求成功！
[2023-11-16 16:36:48,928] logger_util.py->write_log line:61 [INFO] 
-------------接口请求结束-----------

[2023-11-16 16:36:50,937] logger_util.py->write_log line:61 [INFO] 
-------------接口请求开始-----------
[2023-11-16 16:36:50,938] logger_util.py->write_log line:61 [INFO] 接口名称：清除历史数据
[2023-11-16 16:36:50,938] logger_util.py->write_log line:61 [INFO] 接口方式：get
[2023-11-16 16:36:50,938] logger_util.py->write_log line:61 [INFO] 接口路径：http://127.0.0.1:18000/api/v1/historicarchive/group/8f7ecbd9-0ca4-4ddd-9181-70ec69894a31/cleanup
[2023-11-16 16:36:50,938] logger_util.py->write_log line:61 [INFO] 请求头：{'X-Project': 'cade0634c4a44304911e8cfdb1b8f8b9'}
[2023-11-16 16:36:50,938] logger_util.py->write_log line:61 [INFO] 文件上传：None
[2023-11-16 16:36:51,109] logger_util.py->write_log line:61 [INFO] 预期结果：[{'equals': {'status_code': 200}}]
[2023-11-16 16:36:51,109] logger_util.py->write_log line:61 [INFO] 实际结果：
[2023-11-16 16:36:51,109] logger_util.py->write_log line:61 [INFO] 接口请求成功！
[2023-11-16 16:36:51,109] logger_util.py->write_log line:61 [INFO] 
-------------接口请求结束-----------

[2023-11-16 16:36:54,132] logger_util.py->write_log line:61 [INFO] 
-------------接口请求开始-----------
[2023-11-16 16:36:54,132] logger_util.py->write_log line:61 [INFO] 接口名称：配置变化触发-绝对值
[2023-11-16 16:36:54,132] logger_util.py->write_log line:61 [INFO] 接口方式：put
[2023-11-16 16:36:54,132] logger_util.py->write_log line:61 [INFO] 接口路径：http://127.0.0.1:18000/api/v1/historicarchive/group/8f7ecbd9-0ca4-4ddd-9181-70ec69894a31/archivesetting
[2023-11-16 16:36:54,132] logger_util.py->write_log line:61 [INFO] 请求头：{'X-Project': 'cade0634c4a44304911e8cfdb1b8f8b9'}
[2023-11-16 16:36:54,132] logger_util.py->write_log line:61 [INFO] 请求参数：{'enableArchive': True, 'archiveType': 1, 'intervalValue': 1, 'intervalUnit': 1, 'enableDeadZone': True, 'deadZoneType': 0, 'deadZoneThreshold': 10.15, 'enableMinInterval': True, 'minIntervalValue': 1, 'minIntervalUnit': 1}
[2023-11-16 16:36:54,132] logger_util.py->write_log line:61 [INFO] 文件上传：None
[2023-11-16 16:36:54,151] logger_util.py->write_log line:61 [INFO] 预期结果：[{'equals': {'status_code': 200}}]
[2023-11-16 16:36:54,151] logger_util.py->write_log line:61 [INFO] 实际结果：
[2023-11-16 16:36:54,152] logger_util.py->write_log line:61 [INFO] 接口请求成功！
[2023-11-16 16:36:54,152] logger_util.py->write_log line:61 [INFO] 
-------------接口请求结束-----------

[2023-11-16 16:36:56,164] logger_util.py->write_log line:61 [INFO] 
-------------接口请求开始-----------
[2023-11-16 16:36:56,165] logger_util.py->write_log line:61 [INFO] 接口名称：开启历史归档服务
[2023-11-16 16:36:56,165] logger_util.py->write_log line:61 [INFO] 接口方式：post
[2023-11-16 16:36:56,165] logger_util.py->write_log line:61 [INFO] 接口路径：http://127.0.0.1:18000/api/v1/project/service/historicarchive/start
[2023-11-16 16:36:56,165] logger_util.py->write_log line:61 [INFO] 请求头：{}
[2023-11-16 16:36:56,165] logger_util.py->write_log line:61 [INFO] 文件上传：None
[2023-11-16 16:36:56,204] logger_util.py->write_log line:61 [INFO] 预期结果：[{'equals': {'status_code': 200}}]
[2023-11-16 16:36:56,204] logger_util.py->write_log line:61 [INFO] 实际结果：
[2023-11-16 16:36:56,204] logger_util.py->write_log line:61 [INFO] 接口请求成功！
[2023-11-16 16:36:56,204] logger_util.py->write_log line:61 [INFO] 
-------------接口请求结束-----------

[2023-11-16 16:36:59,223] logger_util.py->write_log line:61 [INFO] 
-------------接口请求开始-----------
[2023-11-16 16:36:59,223] logger_util.py->write_log line:61 [INFO] 接口名称：下发A2=10
[2023-11-16 16:36:59,223] logger_util.py->write_log line:61 [INFO] 接口方式：post
[2023-11-16 16:36:59,223] logger_util.py->write_log line:61 [INFO] 接口路径：http://127.0.0.1:18000/api/v1/variable/setvalues
[2023-11-16 16:36:59,224] logger_util.py->write_log line:61 [INFO] 请求头：{'X-Project': 'cade0634c4a44304911e8cfdb1b8f8b9', 'Authorization': 'Bearer eyJhbGciOiJIUzI1NiIsInR5cCI6IkpXVCJ9.eyJodHRwOi8vc2NoZW1hcy54bWxzb2FwLm9yZy93cy8yMDA1LzA1L2lkZW50aXR5L2NsYWltcy9uYW1lIjoiU3VwZXJBZG1pbiIsImh0dHA6Ly9zY2hlbWFzLnhtbHNvYXAub3JnL3dzLzIwMDUvMDUvaWRlbnRpdHkvY2xhaW1zL25hbWVpZGVudGlmaWVyIjoiU3VwZXJBZG1pbiIsImV4cCI6MTcwMDY0MzQzNiwiaXNzIjoiQ01TdjIiLCJhdWQiOiJBcGkifQ.t_fO-FkNoykuA18dAWBnTg49IOpNb0sOksTcxN_DfdU'}
[2023-11-16 16:36:59,224] logger_util.py->write_log line:61 [INFO] 请求参数：{'A2': '10'}
[2023-11-16 16:36:59,224] logger_util.py->write_log line:61 [INFO] 文件上传：None
[2023-11-16 16:36:59,236] logger_util.py->write_log line:61 [INFO] 预期结果：[{'equals': {'status_code': 200}}, {'equals': {'allSuccess': True}}]
[2023-11-16 16:36:59,236] logger_util.py->write_log line:61 [INFO] 实际结果：{'allSuccess': True, 'items': {'A2': {'value': 10, 'quality': 0, 'errorMsg': None}}}
[2023-11-16 16:36:59,236] logger_util.py->write_log line:61 [INFO] 接口请求成功！
[2023-11-16 16:36:59,237] logger_util.py->write_log line:61 [INFO] 
-------------接口请求结束-----------

