[2024-01-16 06:18:20,951] logger_util.py->write_log line:61 [INFO] 
-------------接口请求开始-----------
[2024-01-16 06:18:20,951] logger_util.py->write_log line:61 [INFO] 接口名称：创建互联项
[2024-01-16 06:18:20,951] logger_util.py->write_log line:61 [INFO] 接口方式：post
[2024-01-16 06:18:20,952] logger_util.py->write_log line:61 [INFO] 接口路径：http://127.0.0.1:18000/api/v1/connection
[2024-01-16 06:18:20,952] logger_util.py->write_log line:61 [INFO] 请求头：{'X-Project': '67ebccb4a3b44b1a8a7df3f964ccbac7'}
[2024-01-16 06:18:20,952] logger_util.py->write_log line:61 [INFO] 请求参数：{'id': None, 'name': 'mysql8416', 'connectionType': 1, 'databaseType': 1, 'authenticationType': None, 'server': '127.0.0.1', 'port': '3306', 'database': 'TestDB', 'databasePath': '', 'userName': 'root', 'password': 'syc123', 'changedPassword': True, 'mqttType': None, 'pushType': None, 'timingPeriod': None, 'changingPeriod': None, 'cloudDeviceId': '', 'originalSecret': ''}
[2024-01-16 06:18:20,952] logger_util.py->write_log line:61 [INFO] 文件上传：None
[2024-01-16 06:18:20,974] logger_util.py->write_log line:61 [INFO] 预期结果：[{'equals': {'status_code': 200}}]
[2024-01-16 06:18:20,975] logger_util.py->write_log line:61 [INFO] 实际结果：{'data': {'id': 12, 'name': 'mysql8416', 'connectionType': 1, 'databaseType': 1, 'authenticationType': 0, 'server': '127.0.0.1', 'port': 3306, 'database': 'TestDB', 'databasePath': '', 'userName': 'root'}, 'message': ''}
[2024-01-16 06:18:20,975] logger_util.py->write_log line:61 [INFO] 接口请求成功！
[2024-01-16 06:18:20,975] logger_util.py->write_log line:61 [INFO] 
-------------接口请求结束-----------

[2024-01-16 06:18:22,995] logger_util.py->write_log line:61 [INFO] 
-------------接口请求开始-----------
[2024-01-16 06:18:22,995] logger_util.py->write_log line:61 [INFO] 接口名称：创建映射表-定时触发-插入
[2024-01-16 06:18:22,996] logger_util.py->write_log line:61 [INFO] 接口方式：post
[2024-01-16 06:18:22,996] logger_util.py->write_log line:61 [INFO] 接口路径：http://127.0.0.1:18000/api/v1/connection/12/table
[2024-01-16 06:18:22,996] logger_util.py->write_log line:61 [INFO] 请求头：{'X-Project': '67ebccb4a3b44b1a8a7df3f964ccbac7'}
[2024-01-16 06:18:22,996] logger_util.py->write_log line:61 [INFO] 请求参数：{'isBasic': True, 'databaseTableName': 'student', 'querySql': '', 'name': '定时_插入8239'}
[2024-01-16 06:18:22,996] logger_util.py->write_log line:61 [INFO] 文件上传：None
[2024-01-16 06:18:23,025] logger_util.py->write_log line:61 [INFO] 预期结果：[{'equals': {'status_code': 200}}]
[2024-01-16 06:18:23,025] logger_util.py->write_log line:61 [INFO] 实际结果：{'id': 29, 'name': '定时_插入8239', 'connectionItemId': 12, 'fields': [{'tableName': 'student', 'tableAlias': '', 'columnName': 'id', 'displayName': 'id', 'dataTypeName': 'Int32', 'databaseTypeName': 'Int32', 'isValueType': True, 'isAsterisk': True}, {'tableName': 'student', 'tableAlias': '', 'columnName': 'time', 'displayName': 'time', 'dataTypeName': 'DateTime', 'databaseTypeName': 'DateTime', 'isValueType': False, 'isAsterisk': True}, {'tableName': 'student', 'tableAlias': '', 'columnName': 'name', 'displayName': 'name', 'dataTypeName': 'String', 'databaseTypeName': 'VarChar', 'isValueType': False, 'isAsterisk': True}, {'tableName': 'student', 'tableAlias': '', 'columnName': 'age', 'displayName': 'age', 'dataTypeName': 'Int32', 'databaseTypeName': 'Int32', 'isValueType': True, 'isAsterisk': True}, {'tableName': 'student', 'tableAlias': '', 'columnName': 'money', 'displayName': 'money', 'dataTypeName': 'Single', 'databaseTypeName': 'Float', 'isValueType': True, 'isAsterisk': True}], 'isBasic': True, 'basicDatabaseTableName': 'student', 'querySql': 'select * from `student`', 'detail': None, 'action': None, 'status': 1, 'prevStatus': 0, 'lastErrorMsg': None, 'lastErrorDateTime': None}
[2024-01-16 06:18:23,025] logger_util.py->write_log line:61 [INFO] 接口请求成功！
[2024-01-16 06:18:23,025] logger_util.py->write_log line:61 [INFO] 
-------------接口请求结束-----------

[2024-01-16 06:18:28,038] logger_util.py->write_log line:61 [INFO] 
-------------接口请求开始-----------
[2024-01-16 06:18:28,038] logger_util.py->write_log line:61 [INFO] 接口名称：保存配置-插入
[2024-01-16 06:18:28,038] logger_util.py->write_log line:61 [INFO] 接口方式：put
[2024-01-16 06:18:28,038] logger_util.py->write_log line:61 [INFO] 接口路径：http://127.0.0.1:18000/api/v1/connection/table/29/save
[2024-01-16 06:18:28,038] logger_util.py->write_log line:61 [INFO] 请求头：{'X-Project': '67ebccb4a3b44b1a8a7df3f964ccbac7'}
[2024-01-16 06:18:28,038] logger_util.py->write_log line:61 [INFO] 请求参数：{'actionType': 2, 'filters': [], 'sorts': [{'field': 'id', 'sortType': 2}], 'mappings': [{'field': 'time', 'relativeVariable': 'aa16', 'dataType': '日期时间', 'order': 1}, {'field': 'name', 'relativeVariable': 'A12', 'dataType': '字符串', 'order': 2}, {'field': 'age', 'relativeVariable': 'A2', 'dataType': '有符号8位整型', 'order': 3}, {'field': 'money', 'relativeVariable': 'A10', 'dataType': 'F32位浮点数IEEE754', 'order': 4}]}
[2024-01-16 06:18:28,038] logger_util.py->write_log line:61 [INFO] 文件上传：None
[2024-01-16 06:18:28,076] logger_util.py->write_log line:61 [INFO] 预期结果：[{'equals': {'status_code': 200}}]
[2024-01-16 06:18:28,077] logger_util.py->write_log line:61 [INFO] 实际结果：{'id': 29, 'name': '定时_插入8239', 'connectionItemId': 12, 'fields': [{'tableName': 'student', 'tableAlias': '', 'columnName': 'id', 'displayName': 'id', 'dataTypeName': 'Int32', 'databaseTypeName': 'Int32', 'isValueType': True, 'isAsterisk': True}, {'tableName': 'student', 'tableAlias': '', 'columnName': 'time', 'displayName': 'time', 'dataTypeName': 'DateTime', 'databaseTypeName': 'DateTime', 'isValueType': False, 'isAsterisk': True}, {'tableName': 'student', 'tableAlias': '', 'columnName': 'name', 'displayName': 'name', 'dataTypeName': 'String', 'databaseTypeName': 'VarChar', 'isValueType': False, 'isAsterisk': True}, {'tableName': 'student', 'tableAlias': '', 'columnName': 'age', 'displayName': 'age', 'dataTypeName': 'Int32', 'databaseTypeName': 'Int32', 'isValueType': True, 'isAsterisk': True}, {'tableName': 'student', 'tableAlias': '', 'columnName': 'money', 'displayName': 'money', 'dataTypeName': 'Single', 'databaseTypeName': 'Float', 'isValueType': True, 'isAsterisk': True}], 'isBasic': True, 'basicDatabaseTableName': 'student', 'querySql': 'select * from `student`', 'detail': {'actionType': 2, 'filters': [], 'sorts': [{'displayName': 'id', 'sortType': 2}], 'mapping': {'pendingDisplayNameRelativeVariable': None, 'ioMappings': [{'displayName': 'name', 'relativeVariable': 'A12', 'dataType': 16384, 'order': 2}, {'displayName': 'age', 'relativeVariable': 'A2', 'dataType': 2, 'order': 3}, {'displayName': 'money', 'relativeVariable': 'A10', 'dataType': 512, 'order': 4}], 'innerMappings': [{'displayName': 'time', 'relativeVariable': 'aa16', 'dataType': 8192, 'order': 1}], 'systemMappings': []}}, 'action': {'actionType': 2, 'mainSql': 'insert into `student` (`name`,`age`,`money`,`time`) values ({0},{1},{2},{3})', 'sortSql': '`id` desc', 'filterSql': '', 'mainSqlParams': [{'key': 'A12', 'value': False}, {'key': 'A2', 'value': True}, {'key': 'A10', 'value': True}, {'key': 'aa16', 'value': False}], 'filterSqlParams': [], 'assignment': None}, 'status': 1, 'prevStatus': 0, 'lastErrorMsg': None, 'lastErrorDateTime': None}
[2024-01-16 06:18:28,077] logger_util.py->write_log line:61 [INFO] 接口请求成功！
[2024-01-16 06:18:28,077] logger_util.py->write_log line:61 [INFO] 
-------------接口请求结束-----------

[2024-01-16 06:18:33,094] logger_util.py->write_log line:61 [INFO] 
-------------接口请求开始-----------
[2024-01-16 06:18:33,094] logger_util.py->write_log line:61 [INFO] 接口名称：触发配置-定时
[2024-01-16 06:18:33,094] logger_util.py->write_log line:61 [INFO] 接口方式：put
[2024-01-16 06:18:33,094] logger_util.py->write_log line:61 [INFO] 接口路径：http://127.0.0.1:18000/api/v1/connection/table/29/trigger/save
[2024-01-16 06:18:33,094] logger_util.py->write_log line:61 [INFO] 请求头：{'X-Project': '67ebccb4a3b44b1a8a7df3f964ccbac7'}
[2024-01-16 06:18:33,094] logger_util.py->write_log line:61 [INFO] 请求参数：[{'effectiveDateTime': '2023-11-28T06:55:22.000Z', 'frequencyValue': 1, 'frequencyUnit': 1, 'matchAll': True, 'condition': 'A2>10', 'conditionDetail': 1, 'frequencyCheck': False, 'alarmPointIds': [], 'triggerType': 1}]
[2024-01-16 06:18:33,095] logger_util.py->write_log line:61 [INFO] 文件上传：None
[2024-01-16 06:18:33,133] logger_util.py->write_log line:61 [INFO] 预期结果：[{'equals': {'status_code': 200}}]
[2024-01-16 06:18:33,133] logger_util.py->write_log line:61 [INFO] 实际结果：
[2024-01-16 06:18:33,133] logger_util.py->write_log line:61 [INFO] 接口请求成功！
[2024-01-16 06:18:33,133] logger_util.py->write_log line:61 [INFO] 
-------------接口请求结束-----------

[2024-01-16 06:18:38,157] logger_util.py->write_log line:61 [INFO] 
-------------接口请求开始-----------
[2024-01-16 06:18:38,157] logger_util.py->write_log line:61 [INFO] 接口名称：刷新-定时触发-插入
[2024-01-16 06:18:38,157] logger_util.py->write_log line:61 [INFO] 接口方式：get
[2024-01-16 06:18:38,157] logger_util.py->write_log line:61 [INFO] 接口路径：http://127.0.0.1:18000/api/v1/connection/table/29/preview
[2024-01-16 06:18:38,157] logger_util.py->write_log line:61 [INFO] 请求头：{'X-Project': '67ebccb4a3b44b1a8a7df3f964ccbac7'}
[2024-01-16 06:18:38,157] logger_util.py->write_log line:61 [INFO] 文件上传：None
[2024-01-16 06:18:38,176] logger_util.py->write_log line:61 [INFO] 预期结果：[{'equals': {'status_code': 200}}, {'equals': {'age': 77}}, {'equals': {'money': 77.456}}, {'equals': {'name': '中文1'}}, {'equals': {'time': '2022-11-28 09:05:01'}}]
[2024-01-16 06:18:38,176] logger_util.py->write_log line:61 [INFO] 实际结果：{'status': 1, 'lastErrorMsg': None, 'total': 110, 'headers': ['id', 'time', 'name', 'age', 'money'], 'data': [{'id': 219, 'time': '2022-11-28 09:05:01', 'name': '中文1', 'age': 77, 'money': 77.456}, {'id': 217, 'time': '2022-11-28 09:05:01', 'name': '中文1', 'age': 77, 'money': 77.456}, {'id': 215, 'time': '2022-11-28 09:05:01', 'name': '中文1', 'age': 77, 'money': 77.456}, {'id': 213, 'time': '2022-11-28 09:05:01', 'name': '中文1', 'age': 77, 'money': 77.456}, {'id': 211, 'time': '2022-11-28 09:05:01', 'name': '中文1', 'age': 77, 'money': 77.456}, {'id': 209, 'time': '2022-11-28 09:05:01', 'name': '中文1', 'age': 77, 'money': 77.456}, {'id': 207, 'time': '2022-11-28 09:05:01', 'name': '中文1', 'age': 77, 'money': 77.456}, {'id': 205, 'time': '2022-11-28 09:05:01', 'name': '中文1', 'age': 77, 'money': 77.456}, {'id': 203, 'time': '2022-11-28 09:05:01', 'name': '中文1', 'age': 77, 'money': 77.456}, {'id': 201, 'time': '2022-11-28 09:05:01', 'name': '中文1', 'age': 77, 'money': 77.456}, {'id': 199, 'time': '2022-11-28 09:05:01', 'name': '中文1', 'age': 77, 'money': 77.456}, {'id': 197, 'time': '2022-11-28 09:05:01', 'name': '中文1', 'age': 77, 'money': 77.456}, {'id': 195, 'time': '2022-11-28 09:05:01', 'name': '中文1', 'age': 77, 'money': 77.456}, {'id': 193, 'time': '2022-11-28 09:05:01', 'name': '中文1', 'age': 77, 'money': 77.456}, {'id': 191, 'time': '2022-11-28 09:05:01', 'name': '中文1', 'age': 77, 'money': 77.456}, {'id': 189, 'time': '2022-11-28 09:05:01', 'name': '中文1', 'age': 77, 'money': 77.456}, {'id': 187, 'time': '2022-11-28 09:05:01', 'name': '中文1', 'age': 77, 'money': 77.456}, {'id': 185, 'time': '2022-11-28 09:05:01', 'name': '中文1', 'age': 77, 'money': 77.456}, {'id': 183, 'time': '2022-11-28 09:05:01', 'name': '中文1', 'age': 77, 'money': 77.456}, {'id': 181, 'time': '2022-11-28 09:05:01', 'name': '中文1', 'age': 77, 'money': 77.456}, {'id': 179, 'time': '2022-11-28 09:05:01', 'name': '中文1', 'age': 77, 'money': 77.456}, {'id': 177, 'time': '2022-11-28 09:05:01', 'name': '中文1', 'age': 77, 'money': 77.456}, {'id': 175, 'time': '2022-11-28 09:05:01', 'name': '中文1', 'age': 77, 'money': 77.456}, {'id': 173, 'time': '2022-11-28 09:05:01', 'name': '中文1', 'age': 77, 'money': 77.456}, {'id': 171, 'time': '2022-11-28 09:05:01', 'name': '中文1', 'age': 77, 'money': 77.456}, {'id': 169, 'time': '2022-11-28 09:05:01', 'name': '中文1', 'age': 77, 'money': 77.456}, {'id': 167, 'time': '2022-11-28 09:05:01', 'name': '中文1', 'age': 77, 'money': 77.456}, {'id': 165, 'time': '2022-11-28 09:05:01', 'name': '中文1', 'age': 77, 'money': 77.456}, {'id': 163, 'time': '2022-11-28 09:05:01', 'name': '中文1', 'age': 77, 'money': 77.456}, {'id': 161, 'time': '2022-11-28 09:05:01', 'name': '中文1', 'age': 77, 'money': 77.456}, {'id': 159, 'time': '2022-11-28 09:05:01', 'name': '中文1', 'age': 77, 'money': 77.456}, {'id': 157, 'time': '2022-11-28 09:05:01', 'name': '中文1', 'age': 77, 'money': 77.456}, {'id': 155, 'time': '2022-11-28 09:05:01', 'name': '中文1', 'age': 77, 'money': 77.456}, {'id': 153, 'time': '2022-11-28 09:05:01', 'name': '中文1', 'age': 77, 'money': 77.456}, {'id': 151, 'time': '2022-11-28 09:05:01', 'name': '中文1', 'age': 77, 'money': 77.456}, {'id': 149, 'time': '2022-11-28 09:05:01', 'name': '中文1', 'age': 77, 'money': 77.456}, {'id': 147, 'time': '2022-11-28 09:05:01', 'name': '中文1', 'age': 77, 'money': 77.456}, {'id': 145, 'time': '2022-11-28 09:05:01', 'name': '中文1', 'age': 77, 'money': 77.456}, {'id': 143, 'time': '2022-11-28 09:05:01', 'name': '中文1', 'age': 77, 'money': 77.456}, {'id': 141, 'time': '2022-11-28 09:05:01', 'name': '中文1', 'age': 77, 'money': 77.456}, {'id': 139, 'time': '2022-11-28 09:05:01', 'name': '中文1', 'age': 77, 'money': 77.456}, {'id': 137, 'time': '2022-11-28 09:05:01', 'name': '中文1', 'age': 77, 'money': 77.456}, {'id': 135, 'time': '2022-11-28 09:05:01', 'name': '中文1', 'age': 77, 'money': 77.456}, {'id': 133, 'time': '2022-11-28 09:05:01', 'name': '中文1', 'age': 77, 'money': 77.456}, {'id': 131, 'time': '2022-11-28 09:05:01', 'name': '中文1', 'age': 77, 'money': 77.456}, {'id': 129, 'time': '2022-11-28 09:05:01', 'name': '中文1', 'age': 77, 'money': 77.456}, {'id': 127, 'time': '2022-11-28 09:05:01', 'name': '中文1', 'age': 77, 'money': 77.456}, {'id': 125, 'time': '2022-11-28 09:05:01', 'name': '中文1', 'age': 77, 'money': 77.456}, {'id': 123, 'time': '2022-11-28 09:05:01', 'name': '中文1', 'age': 77, 'money': 77.456}, {'id': 121, 'time': '2022-11-28 09:05:01', 'name': '中文1', 'age': 77, 'money': 77.456}, {'id': 119, 'time': '2022-11-28 09:05:01', 'name': '中文1', 'age': 77, 'money': 77.456}, {'id': 117, 'time': '2022-11-28 09:05:01', 'name': '中文1', 'age': 77, 'money': 77.456}, {'id': 115, 'time': '2022-11-28 09:05:01', 'name': '中文1', 'age': 77, 'money': 77.456}, {'id': 113, 'time': '2022-11-28 09:05:01', 'name': '中文1', 'age': 77, 'money': 77.456}, {'id': 111, 'time': '2022-11-28 09:05:01', 'name': '中文1', 'age': 77, 'money': 77.456}, {'id': 109, 'time': '2022-11-28 09:05:01', 'name': '中文1', 'age': 77, 'money': 77.456}, {'id': 107, 'time': '2022-11-28 09:05:01', 'name': '中文1', 'age': 77, 'money': 77.456}, {'id': 105, 'time': '2022-11-28 09:05:01', 'name': '中文1', 'age': 77, 'money': 77.456}, {'id': 103, 'time': '2022-11-28 09:05:01', 'name': '中文1', 'age': 77, 'money': 77.456}, {'id': 101, 'time': '2022-11-28 09:05:01', 'name': '中文1', 'age': 77, 'money': 77.456}, {'id': 99, 'time': '2022-11-28 09:05:01', 'name': '中文1', 'age': 77, 'money': 77.456}, {'id': 97, 'time': '2022-11-28 09:05:01', 'name': '中文1', 'age': 77, 'money': 77.456}, {'id': 95, 'time': '2022-11-28 09:05:01', 'name': '中文1', 'age': 77, 'money': 77.456}, {'id': 93, 'time': '2022-11-28 09:05:01', 'name': '中文1', 'age': 77, 'money': 77.456}, {'id': 91, 'time': '2022-11-28 09:05:01', 'name': '中文1', 'age': 77, 'money': 77.456}, {'id': 89, 'time': '2022-11-28 09:05:01', 'name': '中文1', 'age': 77, 'money': 77.456}, {'id': 87, 'time': '2022-11-28 09:05:01', 'name': '中文1', 'age': 77, 'money': 77.456}, {'id': 85, 'time': '2022-11-28 09:05:01', 'name': '中文1', 'age': 77, 'money': 77.456}, {'id': 83, 'time': '2022-11-28 09:05:01', 'name': '中文1', 'age': 77, 'money': 77.456}, {'id': 81, 'time': '2022-11-28 09:05:01', 'name': '中文1', 'age': 77, 'money': 77.456}, {'id': 79, 'time': '2022-11-28 09:05:01', 'name': '中文1', 'age': 77, 'money': 77.456}, {'id': 77, 'time': '2022-11-28 09:05:01', 'name': '中文1', 'age': 77, 'money': 77.456}, {'id': 75, 'time': '2022-11-28 09:05:01', 'name': '中文1', 'age': 77, 'money': 77.456}, {'id': 73, 'time': '2022-11-28 09:05:01', 'name': '中文1', 'age': 77, 'money': 77.456}, {'id': 71, 'time': '2022-11-28 09:05:01', 'name': '中文1', 'age': 77, 'money': 77.456}, {'id': 69, 'time': '2022-11-28 09:05:01', 'name': '中文1', 'age': 77, 'money': 77.456}, {'id': 67, 'time': '2022-11-28 09:05:01', 'name': '中文1', 'age': 77, 'money': 77.456}, {'id': 65, 'time': '2022-11-28 09:05:01', 'name': '中文1', 'age': 77, 'money': 77.456}, {'id': 63, 'time': '2022-11-28 09:05:01', 'name': '中文1', 'age': 77, 'money': 77.456}, {'id': 61, 'time': '2022-11-28 09:05:01', 'name': '中文1', 'age': 77, 'money': 77.456}, {'id': 59, 'time': '2022-11-28 09:05:01', 'name': '中文1', 'age': 77, 'money': 77.456}, {'id': 57, 'time': '2022-11-28 09:05:01', 'name': '中文1', 'age': 77, 'money': 77.456}, {'id': 55, 'time': '2022-11-28 09:05:01', 'name': '中文1', 'age': 77, 'money': 77.456}, {'id': 53, 'time': '2022-11-28 09:05:01', 'name': '中文1', 'age': 77, 'money': 77.456}, {'id': 51, 'time': '2022-11-28 09:05:01', 'name': '中文1', 'age': 77, 'money': 77.456}, {'id': 49, 'time': '2022-11-28 09:05:01', 'name': '中文1', 'age': 77, 'money': 77.456}, {'id': 47, 'time': '2022-11-28 09:05:01', 'name': '中文1', 'age': 77, 'money': 77.456}, {'id': 45, 'time': '2022-11-28 09:05:01', 'name': '中文1', 'age': 77, 'money': 77.456}, {'id': 43, 'time': '2022-11-28 09:05:01', 'name': '中文1', 'age': 77, 'money': 77.456}, {'id': 41, 'time': '2022-11-28 09:05:01', 'name': '中文1', 'age': 77, 'money': 77.456}, {'id': 39, 'time': '2022-11-28 09:05:01', 'name': '中文1', 'age': 77, 'money': 77.456}, {'id': 37, 'time': '2022-11-28 09:05:01', 'name': '中文1', 'age': 77, 'money': 77.456}, {'id': 35, 'time': '2022-11-28 09:05:01', 'name': '中文1', 'age': 77, 'money': 77.456}, {'id': 33, 'time': '2022-11-28 09:05:01', 'name': '中文1', 'age': 77, 'money': 77.456}, {'id': 31, 'time': '2022-11-28 09:05:01', 'name': '中文1', 'age': 77, 'money': 77.456}, {'id': 29, 'time': '2022-11-28 09:05:01', 'name': '中文1', 'age': 77, 'money': 77.456}, {'id': 27, 'time': '2022-11-28 09:05:01', 'name': '中文1', 'age': 77, 'money': 77.456}, {'id': 25, 'time': '2022-11-28 09:05:01', 'name': '中文1', 'age': 77, 'money': 77.456}, {'id': 23, 'time': '2022-11-28 09:05:01', 'name': '中文1', 'age': 77, 'money': 77.456}, {'id': 21, 'time': '2022-11-28 09:05:01', 'name': '中文1', 'age': 77, 'money': 77.456}]}
[2024-01-16 06:18:38,179] logger_util.py->write_log line:61 [INFO] 接口请求成功！
[2024-01-16 06:18:38,179] logger_util.py->write_log line:61 [INFO] 
-------------接口请求结束-----------

