[2023-08-17 14:04:51,609] logger_util.py->write_log line:61 [INFO] -------------接口请求开始-----------
[2023-08-17 14:04:51,610] logger_util.py->write_log line:61 [INFO] 接口名称：比对工程id
[2023-08-17 14:04:51,610] logger_util.py->write_log line:61 [INFO] 接口方式：post
[2023-08-17 14:04:51,610] logger_util.py->write_log line:61 [INFO] 接口路径：http://127.0.0.1:18000/api/v1/project/265/checkprojectidmatch
[2023-08-17 14:04:51,610] logger_util.py->write_log line:61 [INFO] 请求头：{}
[2023-08-17 14:04:51,610] logger_util.py->write_log line:61 [INFO] 文件上传：None
[2023-08-17 14:04:51,638] logger_util.py->write_log line:61 [INFO] 预期结果：[{'equals': {'status_code': 200}}, {'equals': {'content': False}}]
[2023-08-17 14:04:51,638] logger_util.py->write_log line:61 [INFO] 实际结果：False
[2023-08-17 14:04:51,638] logger_util.py->write_log line:61 [INFO] 接口请求成功！
[2023-08-17 14:04:51,639] logger_util.py->write_log line:61 [INFO] -------------接口请求结束-----------

[2023-08-17 14:04:51,644] logger_util.py->write_log line:61 [INFO] -------------接口请求开始-----------
[2023-08-17 14:04:51,644] logger_util.py->write_log line:61 [INFO] 接口名称：数据恢复
[2023-08-17 14:04:51,644] logger_util.py->write_log line:61 [INFO] 接口方式：post
[2023-08-17 14:04:51,644] logger_util.py->write_log line:61 [INFO] 接口路径：http://127.0.0.1:18000/api/v1/project/265/import
[2023-08-17 14:04:51,644] logger_util.py->write_log line:61 [INFO] 请求头：{}
[2023-08-17 14:04:51,644] logger_util.py->write_log line:61 [INFO] 文件上传：None
[2023-08-17 14:04:51,755] logger_util.py->write_log line:61 [INFO] 预期结果：[{'equals': {'status_code': 200}}]
[2023-08-17 14:04:51,755] logger_util.py->write_log line:61 [INFO] 实际结果：
[2023-08-17 14:04:51,755] logger_util.py->write_log line:61 [INFO] 接口请求成功！
[2023-08-17 14:04:51,755] logger_util.py->write_log line:61 [INFO] -------------接口请求结束-----------

