[2023-08-24 17:39:17,518] logger_util.py->write_log line:61 [INFO] 
-------------接口请求开始-----------
[2023-08-24 17:39:17,518] logger_util.py->write_log line:61 [INFO] 接口名称：新增io变量-二进制
[2023-08-24 17:39:17,519] logger_util.py->write_log line:61 [INFO] 接口方式：post
[2023-08-24 17:39:17,519] logger_util.py->write_log line:61 [INFO] 接口路径：http://127.0.0.1:18000/api/v1/variable/tunnel/146/tag
[2023-08-24 17:39:17,519] logger_util.py->write_log line:61 [INFO] 请求头：{}
[2023-08-24 17:39:17,519] logger_util.py->write_log line:61 [INFO] 请求参数：[{'archiveSetting': None, 'groupId': None, 'name': '$csv{name}', 'description': '二进制变量', 'typeName': '$csv{typeName}', 'config': {'initType': 0, 'setValue': None}, 'index': 1}]
[2023-08-24 17:39:17,519] logger_util.py->write_log line:61 [INFO] 文件上传：None
[2023-08-24 17:39:17,537] logger_util.py->error_log line:65 [INFO] 断言失败:status_code不等于200
[2023-08-24 17:39:17,537] logger_util.py->write_log line:61 [INFO] 实际结果：序号<1>变量配置错误：变量名<$csv{name}>格式错误，请输入中文、字母、数字、下划线中的一种或多种，且不能以数字开头
[2023-08-24 17:39:17,538] logger_util.py->write_log line:61 [INFO] 接口请求失败！
[2023-08-24 17:39:17,538] logger_util.py->write_log line:61 [INFO] -------------接口请求结束-----------

[2023-08-24 17:39:17,538] logger_util.py->error_log line:65 [INFO] 断言异常：异常信息: Traceback (most recent call last):
  File "E:\Project_python\api_cms\common\requests_util.py", line 356, in validate_result
    error_log("断言失败:"+assert_key+"不等于"+str(assert_value))
  File "E:\Project_python\api_cms\common\logger_util.py", line 66, in error_log
    raise Exception(log_message)
Exception: 断言失败:status_code不等于200

[2023-08-24 17:39:17,539] logger_util.py->error_log line:65 [INFO] 分析YAML文件异常：异常信息: Traceback (most recent call last):
  File "E:\Project_python\api_cms\common\requests_util.py", line 356, in validate_result
    error_log("断言失败:"+assert_key+"不等于"+str(assert_value))
  File "E:\Project_python\api_cms\common\logger_util.py", line 66, in error_log
    raise Exception(log_message)
Exception: 断言失败:status_code不等于200

During handling of the above exception, another exception occurred:

Traceback (most recent call last):
  File "E:\Project_python\api_cms\common\requests_util.py", line 255, in analysis_yaml
    self.validate_result(yq_result, return_text, status_code)
  File "E:\Project_python\api_cms\common\requests_util.py", line 413, in validate_result
    error_log("断言异常：异常信息: %s" % str(traceback.format_exc()))
  File "E:\Project_python\api_cms\common\logger_util.py", line 66, in error_log
    raise Exception(log_message)
Exception: 断言异常：异常信息: Traceback (most recent call last):
  File "E:\Project_python\api_cms\common\requests_util.py", line 356, in validate_result
    error_log("断言失败:"+assert_key+"不等于"+str(assert_value))
  File "E:\Project_python\api_cms\common\logger_util.py", line 66, in error_log
    raise Exception(log_message)
Exception: 断言失败:status_code不等于200


[2023-08-24 17:39:17,643] logger_util.py->write_log line:61 [INFO] 
-------------接口请求开始-----------
[2023-08-24 17:39:17,644] logger_util.py->write_log line:61 [INFO] 接口名称：新增io变量-有符号8位整型
[2023-08-24 17:39:17,644] logger_util.py->write_log line:61 [INFO] 接口方式：post
[2023-08-24 17:39:17,644] logger_util.py->write_log line:61 [INFO] 接口路径：http://127.0.0.1:18000/api/v1/variable/tunnel/146/tag
[2023-08-24 17:39:17,644] logger_util.py->write_log line:61 [INFO] 请求头：{}
[2023-08-24 17:39:17,644] logger_util.py->write_log line:61 [INFO] 请求参数：[{'archiveSetting': None, 'groupId': None, 'name': '$csv{name}', 'description': '有符号8位整型', 'typeName': '$csv{typeName}', 'config': {'initType': 0, 'setValue': None}, 'index': 2}]
[2023-08-24 17:39:17,644] logger_util.py->write_log line:61 [INFO] 文件上传：None
[2023-08-24 17:39:17,652] logger_util.py->error_log line:65 [INFO] 断言失败:status_code不等于200
[2023-08-24 17:39:17,652] logger_util.py->write_log line:61 [INFO] 实际结果：序号<2>变量配置错误：变量名<$csv{name}>格式错误，请输入中文、字母、数字、下划线中的一种或多种，且不能以数字开头
[2023-08-24 17:39:17,652] logger_util.py->write_log line:61 [INFO] 接口请求失败！
[2023-08-24 17:39:17,652] logger_util.py->write_log line:61 [INFO] -------------接口请求结束-----------

[2023-08-24 17:39:17,652] logger_util.py->error_log line:65 [INFO] 断言异常：异常信息: Traceback (most recent call last):
  File "E:\Project_python\api_cms\common\requests_util.py", line 356, in validate_result
    error_log("断言失败:"+assert_key+"不等于"+str(assert_value))
  File "E:\Project_python\api_cms\common\logger_util.py", line 66, in error_log
    raise Exception(log_message)
Exception: 断言失败:status_code不等于200

[2023-08-24 17:39:17,653] logger_util.py->error_log line:65 [INFO] 分析YAML文件异常：异常信息: Traceback (most recent call last):
  File "E:\Project_python\api_cms\common\requests_util.py", line 356, in validate_result
    error_log("断言失败:"+assert_key+"不等于"+str(assert_value))
  File "E:\Project_python\api_cms\common\logger_util.py", line 66, in error_log
    raise Exception(log_message)
Exception: 断言失败:status_code不等于200

During handling of the above exception, another exception occurred:

Traceback (most recent call last):
  File "E:\Project_python\api_cms\common\requests_util.py", line 255, in analysis_yaml
    self.validate_result(yq_result, return_text, status_code)
  File "E:\Project_python\api_cms\common\requests_util.py", line 413, in validate_result
    error_log("断言异常：异常信息: %s" % str(traceback.format_exc()))
  File "E:\Project_python\api_cms\common\logger_util.py", line 66, in error_log
    raise Exception(log_message)
Exception: 断言异常：异常信息: Traceback (most recent call last):
  File "E:\Project_python\api_cms\common\requests_util.py", line 356, in validate_result
    error_log("断言失败:"+assert_key+"不等于"+str(assert_value))
  File "E:\Project_python\api_cms\common\logger_util.py", line 66, in error_log
    raise Exception(log_message)
Exception: 断言失败:status_code不等于200


[2023-08-24 17:39:17,680] logger_util.py->write_log line:61 [INFO] 
-------------接口请求开始-----------
[2023-08-24 17:39:17,680] logger_util.py->write_log line:61 [INFO] 接口名称：新增io变量-无符号8位整型
[2023-08-24 17:39:17,680] logger_util.py->write_log line:61 [INFO] 接口方式：post
[2023-08-24 17:39:17,680] logger_util.py->write_log line:61 [INFO] 接口路径：http://127.0.0.1:18000/api/v1/variable/tunnel/146/tag
[2023-08-24 17:39:17,680] logger_util.py->write_log line:61 [INFO] 请求头：{}
[2023-08-24 17:39:17,680] logger_util.py->write_log line:61 [INFO] 请求参数：[{'archiveSetting': None, 'groupId': None, 'name': '$csv{name}', 'description': '无符号8位整型', 'typeName': '$csv{typeName}', 'config': {'initType': 0, 'setValue': None}, 'index': 3}]
[2023-08-24 17:39:17,680] logger_util.py->write_log line:61 [INFO] 文件上传：None
[2023-08-24 17:39:17,689] logger_util.py->error_log line:65 [INFO] 断言失败:status_code不等于200
[2023-08-24 17:39:17,689] logger_util.py->write_log line:61 [INFO] 实际结果：序号<3>变量配置错误：变量名<$csv{name}>格式错误，请输入中文、字母、数字、下划线中的一种或多种，且不能以数字开头
[2023-08-24 17:39:17,689] logger_util.py->write_log line:61 [INFO] 接口请求失败！
[2023-08-24 17:39:17,689] logger_util.py->write_log line:61 [INFO] -------------接口请求结束-----------

[2023-08-24 17:39:17,689] logger_util.py->error_log line:65 [INFO] 断言异常：异常信息: Traceback (most recent call last):
  File "E:\Project_python\api_cms\common\requests_util.py", line 356, in validate_result
    error_log("断言失败:"+assert_key+"不等于"+str(assert_value))
  File "E:\Project_python\api_cms\common\logger_util.py", line 66, in error_log
    raise Exception(log_message)
Exception: 断言失败:status_code不等于200

[2023-08-24 17:39:17,690] logger_util.py->error_log line:65 [INFO] 分析YAML文件异常：异常信息: Traceback (most recent call last):
  File "E:\Project_python\api_cms\common\requests_util.py", line 356, in validate_result
    error_log("断言失败:"+assert_key+"不等于"+str(assert_value))
  File "E:\Project_python\api_cms\common\logger_util.py", line 66, in error_log
    raise Exception(log_message)
Exception: 断言失败:status_code不等于200

During handling of the above exception, another exception occurred:

Traceback (most recent call last):
  File "E:\Project_python\api_cms\common\requests_util.py", line 255, in analysis_yaml
    self.validate_result(yq_result, return_text, status_code)
  File "E:\Project_python\api_cms\common\requests_util.py", line 413, in validate_result
    error_log("断言异常：异常信息: %s" % str(traceback.format_exc()))
  File "E:\Project_python\api_cms\common\logger_util.py", line 66, in error_log
    raise Exception(log_message)
Exception: 断言异常：异常信息: Traceback (most recent call last):
  File "E:\Project_python\api_cms\common\requests_util.py", line 356, in validate_result
    error_log("断言失败:"+assert_key+"不等于"+str(assert_value))
  File "E:\Project_python\api_cms\common\logger_util.py", line 66, in error_log
    raise Exception(log_message)
Exception: 断言失败:status_code不等于200


[2023-08-24 17:39:17,715] logger_util.py->write_log line:61 [INFO] 
-------------接口请求开始-----------
[2023-08-24 17:39:17,716] logger_util.py->write_log line:61 [INFO] 接口名称：新增io变量-有符号16位整型
[2023-08-24 17:39:17,716] logger_util.py->write_log line:61 [INFO] 接口方式：post
[2023-08-24 17:39:17,716] logger_util.py->write_log line:61 [INFO] 接口路径：http://127.0.0.1:18000/api/v1/variable/tunnel/146/tag
[2023-08-24 17:39:17,716] logger_util.py->write_log line:61 [INFO] 请求头：{}
[2023-08-24 17:39:17,716] logger_util.py->write_log line:61 [INFO] 请求参数：[{'archiveSetting': None, 'groupId': None, 'name': '$csv{name}', 'description': '有符号16位整型', 'typeName': '$csv{typeName}', 'config': {'initType': 0, 'setValue': None}, 'index': 4}]
[2023-08-24 17:39:17,716] logger_util.py->write_log line:61 [INFO] 文件上传：None
[2023-08-24 17:39:17,724] logger_util.py->error_log line:65 [INFO] 断言失败:status_code不等于200
[2023-08-24 17:39:17,724] logger_util.py->write_log line:61 [INFO] 实际结果：序号<4>变量配置错误：变量名<$csv{name}>格式错误，请输入中文、字母、数字、下划线中的一种或多种，且不能以数字开头
[2023-08-24 17:39:17,724] logger_util.py->write_log line:61 [INFO] 接口请求失败！
[2023-08-24 17:39:17,724] logger_util.py->write_log line:61 [INFO] -------------接口请求结束-----------

[2023-08-24 17:39:17,724] logger_util.py->error_log line:65 [INFO] 断言异常：异常信息: Traceback (most recent call last):
  File "E:\Project_python\api_cms\common\requests_util.py", line 356, in validate_result
    error_log("断言失败:"+assert_key+"不等于"+str(assert_value))
  File "E:\Project_python\api_cms\common\logger_util.py", line 66, in error_log
    raise Exception(log_message)
Exception: 断言失败:status_code不等于200

[2023-08-24 17:39:17,725] logger_util.py->error_log line:65 [INFO] 分析YAML文件异常：异常信息: Traceback (most recent call last):
  File "E:\Project_python\api_cms\common\requests_util.py", line 356, in validate_result
    error_log("断言失败:"+assert_key+"不等于"+str(assert_value))
  File "E:\Project_python\api_cms\common\logger_util.py", line 66, in error_log
    raise Exception(log_message)
Exception: 断言失败:status_code不等于200

During handling of the above exception, another exception occurred:

Traceback (most recent call last):
  File "E:\Project_python\api_cms\common\requests_util.py", line 255, in analysis_yaml
    self.validate_result(yq_result, return_text, status_code)
  File "E:\Project_python\api_cms\common\requests_util.py", line 413, in validate_result
    error_log("断言异常：异常信息: %s" % str(traceback.format_exc()))
  File "E:\Project_python\api_cms\common\logger_util.py", line 66, in error_log
    raise Exception(log_message)
Exception: 断言异常：异常信息: Traceback (most recent call last):
  File "E:\Project_python\api_cms\common\requests_util.py", line 356, in validate_result
    error_log("断言失败:"+assert_key+"不等于"+str(assert_value))
  File "E:\Project_python\api_cms\common\logger_util.py", line 66, in error_log
    raise Exception(log_message)
Exception: 断言失败:status_code不等于200


[2023-08-24 17:39:17,751] logger_util.py->write_log line:61 [INFO] 
-------------接口请求开始-----------
[2023-08-24 17:39:17,751] logger_util.py->write_log line:61 [INFO] 接口名称：新增io变量-无符号16位整型
[2023-08-24 17:39:17,751] logger_util.py->write_log line:61 [INFO] 接口方式：post
[2023-08-24 17:39:17,751] logger_util.py->write_log line:61 [INFO] 接口路径：http://127.0.0.1:18000/api/v1/variable/tunnel/146/tag
[2023-08-24 17:39:17,751] logger_util.py->write_log line:61 [INFO] 请求头：{}
[2023-08-24 17:39:17,751] logger_util.py->write_log line:61 [INFO] 请求参数：[{'archiveSetting': None, 'groupId': None, 'name': '$csv{name}', 'description': '无符号16位整型', 'typeName': '$csv{typeName}', 'config': {'initType': 0, 'setValue': None}, 'index': 5}]
[2023-08-24 17:39:17,751] logger_util.py->write_log line:61 [INFO] 文件上传：None
[2023-08-24 17:39:17,759] logger_util.py->error_log line:65 [INFO] 断言失败:status_code不等于200
[2023-08-24 17:39:17,759] logger_util.py->write_log line:61 [INFO] 实际结果：序号<5>变量配置错误：变量名<$csv{name}>格式错误，请输入中文、字母、数字、下划线中的一种或多种，且不能以数字开头
[2023-08-24 17:39:17,759] logger_util.py->write_log line:61 [INFO] 接口请求失败！
[2023-08-24 17:39:17,759] logger_util.py->write_log line:61 [INFO] -------------接口请求结束-----------

[2023-08-24 17:39:17,760] logger_util.py->error_log line:65 [INFO] 断言异常：异常信息: Traceback (most recent call last):
  File "E:\Project_python\api_cms\common\requests_util.py", line 356, in validate_result
    error_log("断言失败:"+assert_key+"不等于"+str(assert_value))
  File "E:\Project_python\api_cms\common\logger_util.py", line 66, in error_log
    raise Exception(log_message)
Exception: 断言失败:status_code不等于200

[2023-08-24 17:39:17,760] logger_util.py->error_log line:65 [INFO] 分析YAML文件异常：异常信息: Traceback (most recent call last):
  File "E:\Project_python\api_cms\common\requests_util.py", line 356, in validate_result
    error_log("断言失败:"+assert_key+"不等于"+str(assert_value))
  File "E:\Project_python\api_cms\common\logger_util.py", line 66, in error_log
    raise Exception(log_message)
Exception: 断言失败:status_code不等于200

During handling of the above exception, another exception occurred:

Traceback (most recent call last):
  File "E:\Project_python\api_cms\common\requests_util.py", line 255, in analysis_yaml
    self.validate_result(yq_result, return_text, status_code)
  File "E:\Project_python\api_cms\common\requests_util.py", line 413, in validate_result
    error_log("断言异常：异常信息: %s" % str(traceback.format_exc()))
  File "E:\Project_python\api_cms\common\logger_util.py", line 66, in error_log
    raise Exception(log_message)
Exception: 断言异常：异常信息: Traceback (most recent call last):
  File "E:\Project_python\api_cms\common\requests_util.py", line 356, in validate_result
    error_log("断言失败:"+assert_key+"不等于"+str(assert_value))
  File "E:\Project_python\api_cms\common\logger_util.py", line 66, in error_log
    raise Exception(log_message)
Exception: 断言失败:status_code不等于200


[2023-08-24 17:39:17,786] logger_util.py->write_log line:61 [INFO] 
-------------接口请求开始-----------
[2023-08-24 17:39:17,786] logger_util.py->write_log line:61 [INFO] 接口名称：新增io变量-有符号32位整型
[2023-08-24 17:39:17,786] logger_util.py->write_log line:61 [INFO] 接口方式：post
[2023-08-24 17:39:17,787] logger_util.py->write_log line:61 [INFO] 接口路径：http://127.0.0.1:18000/api/v1/variable/tunnel/146/tag
[2023-08-24 17:39:17,787] logger_util.py->write_log line:61 [INFO] 请求头：{}
[2023-08-24 17:39:17,787] logger_util.py->write_log line:61 [INFO] 请求参数：[{'archiveSetting': None, 'groupId': None, 'name': '$csv{name}', 'description': '有符号32位整型', 'typeName': '$csv{typeName}', 'config': {'initType': 0, 'setValue': None}, 'index': 6}]
[2023-08-24 17:39:17,787] logger_util.py->write_log line:61 [INFO] 文件上传：None
[2023-08-24 17:39:17,795] logger_util.py->error_log line:65 [INFO] 断言失败:status_code不等于200
[2023-08-24 17:39:17,795] logger_util.py->write_log line:61 [INFO] 实际结果：序号<6>变量配置错误：变量名<$csv{name}>格式错误，请输入中文、字母、数字、下划线中的一种或多种，且不能以数字开头
[2023-08-24 17:39:17,795] logger_util.py->write_log line:61 [INFO] 接口请求失败！
[2023-08-24 17:39:17,795] logger_util.py->write_log line:61 [INFO] -------------接口请求结束-----------

[2023-08-24 17:39:17,795] logger_util.py->error_log line:65 [INFO] 断言异常：异常信息: Traceback (most recent call last):
  File "E:\Project_python\api_cms\common\requests_util.py", line 356, in validate_result
    error_log("断言失败:"+assert_key+"不等于"+str(assert_value))
  File "E:\Project_python\api_cms\common\logger_util.py", line 66, in error_log
    raise Exception(log_message)
Exception: 断言失败:status_code不等于200

[2023-08-24 17:39:17,795] logger_util.py->error_log line:65 [INFO] 分析YAML文件异常：异常信息: Traceback (most recent call last):
  File "E:\Project_python\api_cms\common\requests_util.py", line 356, in validate_result
    error_log("断言失败:"+assert_key+"不等于"+str(assert_value))
  File "E:\Project_python\api_cms\common\logger_util.py", line 66, in error_log
    raise Exception(log_message)
Exception: 断言失败:status_code不等于200

During handling of the above exception, another exception occurred:

Traceback (most recent call last):
  File "E:\Project_python\api_cms\common\requests_util.py", line 255, in analysis_yaml
    self.validate_result(yq_result, return_text, status_code)
  File "E:\Project_python\api_cms\common\requests_util.py", line 413, in validate_result
    error_log("断言异常：异常信息: %s" % str(traceback.format_exc()))
  File "E:\Project_python\api_cms\common\logger_util.py", line 66, in error_log
    raise Exception(log_message)
Exception: 断言异常：异常信息: Traceback (most recent call last):
  File "E:\Project_python\api_cms\common\requests_util.py", line 356, in validate_result
    error_log("断言失败:"+assert_key+"不等于"+str(assert_value))
  File "E:\Project_python\api_cms\common\logger_util.py", line 66, in error_log
    raise Exception(log_message)
Exception: 断言失败:status_code不等于200


[2023-08-24 17:39:17,820] logger_util.py->write_log line:61 [INFO] 
-------------接口请求开始-----------
[2023-08-24 17:39:17,820] logger_util.py->write_log line:61 [INFO] 接口名称：新增io变量-无符号32位整型
[2023-08-24 17:39:17,820] logger_util.py->write_log line:61 [INFO] 接口方式：post
[2023-08-24 17:39:17,820] logger_util.py->write_log line:61 [INFO] 接口路径：http://127.0.0.1:18000/api/v1/variable/tunnel/146/tag
[2023-08-24 17:39:17,820] logger_util.py->write_log line:61 [INFO] 请求头：{}
[2023-08-24 17:39:17,821] logger_util.py->write_log line:61 [INFO] 请求参数：[{'archiveSetting': None, 'groupId': None, 'name': '$csv{name}', 'description': '无符号32位整型', 'typeName': '$csv{typeName}', 'config': {'initType': 0, 'setValue': None}, 'index': 7}]
[2023-08-24 17:39:17,821] logger_util.py->write_log line:61 [INFO] 文件上传：None
[2023-08-24 17:39:17,828] logger_util.py->error_log line:65 [INFO] 断言失败:status_code不等于200
[2023-08-24 17:39:17,829] logger_util.py->write_log line:61 [INFO] 实际结果：序号<7>变量配置错误：变量名<$csv{name}>格式错误，请输入中文、字母、数字、下划线中的一种或多种，且不能以数字开头
[2023-08-24 17:39:17,829] logger_util.py->write_log line:61 [INFO] 接口请求失败！
[2023-08-24 17:39:17,829] logger_util.py->write_log line:61 [INFO] -------------接口请求结束-----------

[2023-08-24 17:39:17,829] logger_util.py->error_log line:65 [INFO] 断言异常：异常信息: Traceback (most recent call last):
  File "E:\Project_python\api_cms\common\requests_util.py", line 356, in validate_result
    error_log("断言失败:"+assert_key+"不等于"+str(assert_value))
  File "E:\Project_python\api_cms\common\logger_util.py", line 66, in error_log
    raise Exception(log_message)
Exception: 断言失败:status_code不等于200

[2023-08-24 17:39:17,829] logger_util.py->error_log line:65 [INFO] 分析YAML文件异常：异常信息: Traceback (most recent call last):
  File "E:\Project_python\api_cms\common\requests_util.py", line 356, in validate_result
    error_log("断言失败:"+assert_key+"不等于"+str(assert_value))
  File "E:\Project_python\api_cms\common\logger_util.py", line 66, in error_log
    raise Exception(log_message)
Exception: 断言失败:status_code不等于200

During handling of the above exception, another exception occurred:

Traceback (most recent call last):
  File "E:\Project_python\api_cms\common\requests_util.py", line 255, in analysis_yaml
    self.validate_result(yq_result, return_text, status_code)
  File "E:\Project_python\api_cms\common\requests_util.py", line 413, in validate_result
    error_log("断言异常：异常信息: %s" % str(traceback.format_exc()))
  File "E:\Project_python\api_cms\common\logger_util.py", line 66, in error_log
    raise Exception(log_message)
Exception: 断言异常：异常信息: Traceback (most recent call last):
  File "E:\Project_python\api_cms\common\requests_util.py", line 356, in validate_result
    error_log("断言失败:"+assert_key+"不等于"+str(assert_value))
  File "E:\Project_python\api_cms\common\logger_util.py", line 66, in error_log
    raise Exception(log_message)
Exception: 断言失败:status_code不等于200


[2023-08-24 17:39:17,857] logger_util.py->write_log line:61 [INFO] 
-------------接口请求开始-----------
[2023-08-24 17:39:17,857] logger_util.py->write_log line:61 [INFO] 接口名称：新增io变量-有符号64位整型
[2023-08-24 17:39:17,857] logger_util.py->write_log line:61 [INFO] 接口方式：post
[2023-08-24 17:39:17,857] logger_util.py->write_log line:61 [INFO] 接口路径：http://127.0.0.1:18000/api/v1/variable/tunnel/146/tag
[2023-08-24 17:39:17,857] logger_util.py->write_log line:61 [INFO] 请求头：{}
[2023-08-24 17:39:17,857] logger_util.py->write_log line:61 [INFO] 请求参数：[{'archiveSetting': None, 'groupId': None, 'name': '$csv{name}', 'description': '有符号64位整型', 'typeName': '$csv{typeName}', 'config': {'initType': 0, 'setValue': None}, 'index': 8}]
[2023-08-24 17:39:17,857] logger_util.py->write_log line:61 [INFO] 文件上传：None
[2023-08-24 17:39:17,866] logger_util.py->error_log line:65 [INFO] 断言失败:status_code不等于200
[2023-08-24 17:39:17,866] logger_util.py->write_log line:61 [INFO] 实际结果：序号<8>变量配置错误：变量名<$csv{name}>格式错误，请输入中文、字母、数字、下划线中的一种或多种，且不能以数字开头
[2023-08-24 17:39:17,866] logger_util.py->write_log line:61 [INFO] 接口请求失败！
[2023-08-24 17:39:17,866] logger_util.py->write_log line:61 [INFO] -------------接口请求结束-----------

[2023-08-24 17:39:17,866] logger_util.py->error_log line:65 [INFO] 断言异常：异常信息: Traceback (most recent call last):
  File "E:\Project_python\api_cms\common\requests_util.py", line 356, in validate_result
    error_log("断言失败:"+assert_key+"不等于"+str(assert_value))
  File "E:\Project_python\api_cms\common\logger_util.py", line 66, in error_log
    raise Exception(log_message)
Exception: 断言失败:status_code不等于200

[2023-08-24 17:39:17,866] logger_util.py->error_log line:65 [INFO] 分析YAML文件异常：异常信息: Traceback (most recent call last):
  File "E:\Project_python\api_cms\common\requests_util.py", line 356, in validate_result
    error_log("断言失败:"+assert_key+"不等于"+str(assert_value))
  File "E:\Project_python\api_cms\common\logger_util.py", line 66, in error_log
    raise Exception(log_message)
Exception: 断言失败:status_code不等于200

During handling of the above exception, another exception occurred:

Traceback (most recent call last):
  File "E:\Project_python\api_cms\common\requests_util.py", line 255, in analysis_yaml
    self.validate_result(yq_result, return_text, status_code)
  File "E:\Project_python\api_cms\common\requests_util.py", line 413, in validate_result
    error_log("断言异常：异常信息: %s" % str(traceback.format_exc()))
  File "E:\Project_python\api_cms\common\logger_util.py", line 66, in error_log
    raise Exception(log_message)
Exception: 断言异常：异常信息: Traceback (most recent call last):
  File "E:\Project_python\api_cms\common\requests_util.py", line 356, in validate_result
    error_log("断言失败:"+assert_key+"不等于"+str(assert_value))
  File "E:\Project_python\api_cms\common\logger_util.py", line 66, in error_log
    raise Exception(log_message)
Exception: 断言失败:status_code不等于200


[2023-08-24 17:39:17,892] logger_util.py->write_log line:61 [INFO] 
-------------接口请求开始-----------
[2023-08-24 17:39:17,892] logger_util.py->write_log line:61 [INFO] 接口名称：新增io变量-无符号64位整型
[2023-08-24 17:39:17,892] logger_util.py->write_log line:61 [INFO] 接口方式：post
[2023-08-24 17:39:17,892] logger_util.py->write_log line:61 [INFO] 接口路径：http://127.0.0.1:18000/api/v1/variable/tunnel/146/tag
[2023-08-24 17:39:17,893] logger_util.py->write_log line:61 [INFO] 请求头：{}
[2023-08-24 17:39:17,893] logger_util.py->write_log line:61 [INFO] 请求参数：[{'archiveSetting': None, 'groupId': None, 'name': '$csv{name}', 'description': '无符号64位整型', 'typeName': '$csv{typeName}', 'config': {'initType': 0, 'setValue': None}, 'index': 9}]
[2023-08-24 17:39:17,893] logger_util.py->write_log line:61 [INFO] 文件上传：None
[2023-08-24 17:39:17,900] logger_util.py->error_log line:65 [INFO] 断言失败:status_code不等于200
[2023-08-24 17:39:17,901] logger_util.py->write_log line:61 [INFO] 实际结果：序号<9>变量配置错误：变量名<$csv{name}>格式错误，请输入中文、字母、数字、下划线中的一种或多种，且不能以数字开头
[2023-08-24 17:39:17,901] logger_util.py->write_log line:61 [INFO] 接口请求失败！
[2023-08-24 17:39:17,901] logger_util.py->write_log line:61 [INFO] -------------接口请求结束-----------

[2023-08-24 17:39:17,901] logger_util.py->error_log line:65 [INFO] 断言异常：异常信息: Traceback (most recent call last):
  File "E:\Project_python\api_cms\common\requests_util.py", line 356, in validate_result
    error_log("断言失败:"+assert_key+"不等于"+str(assert_value))
  File "E:\Project_python\api_cms\common\logger_util.py", line 66, in error_log
    raise Exception(log_message)
Exception: 断言失败:status_code不等于200

[2023-08-24 17:39:17,901] logger_util.py->error_log line:65 [INFO] 分析YAML文件异常：异常信息: Traceback (most recent call last):
  File "E:\Project_python\api_cms\common\requests_util.py", line 356, in validate_result
    error_log("断言失败:"+assert_key+"不等于"+str(assert_value))
  File "E:\Project_python\api_cms\common\logger_util.py", line 66, in error_log
    raise Exception(log_message)
Exception: 断言失败:status_code不等于200

During handling of the above exception, another exception occurred:

Traceback (most recent call last):
  File "E:\Project_python\api_cms\common\requests_util.py", line 255, in analysis_yaml
    self.validate_result(yq_result, return_text, status_code)
  File "E:\Project_python\api_cms\common\requests_util.py", line 413, in validate_result
    error_log("断言异常：异常信息: %s" % str(traceback.format_exc()))
  File "E:\Project_python\api_cms\common\logger_util.py", line 66, in error_log
    raise Exception(log_message)
Exception: 断言异常：异常信息: Traceback (most recent call last):
  File "E:\Project_python\api_cms\common\requests_util.py", line 356, in validate_result
    error_log("断言失败:"+assert_key+"不等于"+str(assert_value))
  File "E:\Project_python\api_cms\common\logger_util.py", line 66, in error_log
    raise Exception(log_message)
Exception: 断言失败:status_code不等于200


[2023-08-24 17:39:17,928] logger_util.py->write_log line:61 [INFO] 
-------------接口请求开始-----------
[2023-08-24 17:39:17,928] logger_util.py->write_log line:61 [INFO] 接口名称：新增io变量-F32位浮点数IEEE754
[2023-08-24 17:39:17,928] logger_util.py->write_log line:61 [INFO] 接口方式：post
[2023-08-24 17:39:17,928] logger_util.py->write_log line:61 [INFO] 接口路径：http://127.0.0.1:18000/api/v1/variable/tunnel/146/tag
[2023-08-24 17:39:17,928] logger_util.py->write_log line:61 [INFO] 请求头：{}
[2023-08-24 17:39:17,928] logger_util.py->write_log line:61 [INFO] 请求参数：[{'archiveSetting': None, 'groupId': None, 'name': '$csv{name}', 'description': 'F32位浮点数IEEE754', 'typeName': '$csv{typeName}', 'config': {'initType': 0, 'setValue': None}, 'index': 10}]
[2023-08-24 17:39:17,928] logger_util.py->write_log line:61 [INFO] 文件上传：None
[2023-08-24 17:39:17,936] logger_util.py->error_log line:65 [INFO] 断言失败:status_code不等于200
[2023-08-24 17:39:17,936] logger_util.py->write_log line:61 [INFO] 实际结果：序号<10>变量配置错误：变量名<$csv{name}>格式错误，请输入中文、字母、数字、下划线中的一种或多种，且不能以数字开头
[2023-08-24 17:39:17,936] logger_util.py->write_log line:61 [INFO] 接口请求失败！
[2023-08-24 17:39:17,936] logger_util.py->write_log line:61 [INFO] -------------接口请求结束-----------

[2023-08-24 17:39:17,937] logger_util.py->error_log line:65 [INFO] 断言异常：异常信息: Traceback (most recent call last):
  File "E:\Project_python\api_cms\common\requests_util.py", line 356, in validate_result
    error_log("断言失败:"+assert_key+"不等于"+str(assert_value))
  File "E:\Project_python\api_cms\common\logger_util.py", line 66, in error_log
    raise Exception(log_message)
Exception: 断言失败:status_code不等于200

[2023-08-24 17:39:17,937] logger_util.py->error_log line:65 [INFO] 分析YAML文件异常：异常信息: Traceback (most recent call last):
  File "E:\Project_python\api_cms\common\requests_util.py", line 356, in validate_result
    error_log("断言失败:"+assert_key+"不等于"+str(assert_value))
  File "E:\Project_python\api_cms\common\logger_util.py", line 66, in error_log
    raise Exception(log_message)
Exception: 断言失败:status_code不等于200

During handling of the above exception, another exception occurred:

Traceback (most recent call last):
  File "E:\Project_python\api_cms\common\requests_util.py", line 255, in analysis_yaml
    self.validate_result(yq_result, return_text, status_code)
  File "E:\Project_python\api_cms\common\requests_util.py", line 413, in validate_result
    error_log("断言异常：异常信息: %s" % str(traceback.format_exc()))
  File "E:\Project_python\api_cms\common\logger_util.py", line 66, in error_log
    raise Exception(log_message)
Exception: 断言异常：异常信息: Traceback (most recent call last):
  File "E:\Project_python\api_cms\common\requests_util.py", line 356, in validate_result
    error_log("断言失败:"+assert_key+"不等于"+str(assert_value))
  File "E:\Project_python\api_cms\common\logger_util.py", line 66, in error_log
    raise Exception(log_message)
Exception: 断言失败:status_code不等于200


[2023-08-24 17:39:17,963] logger_util.py->write_log line:61 [INFO] 
-------------接口请求开始-----------
[2023-08-24 17:39:17,964] logger_util.py->write_log line:61 [INFO] 接口名称：新增io变量-F64位浮点数IEEE754
[2023-08-24 17:39:17,964] logger_util.py->write_log line:61 [INFO] 接口方式：post
[2023-08-24 17:39:17,964] logger_util.py->write_log line:61 [INFO] 接口路径：http://127.0.0.1:18000/api/v1/variable/tunnel/146/tag
[2023-08-24 17:39:17,964] logger_util.py->write_log line:61 [INFO] 请求头：{}
[2023-08-24 17:39:17,964] logger_util.py->write_log line:61 [INFO] 请求参数：[{'archiveSetting': None, 'groupId': None, 'name': '$csv{name}', 'description': 'F64位浮点数IEEE754', 'typeName': '$csv{typeName}', 'config': {'initType': 0, 'setValue': None}, 'index': 11}]
[2023-08-24 17:39:17,964] logger_util.py->write_log line:61 [INFO] 文件上传：None
[2023-08-24 17:39:17,972] logger_util.py->error_log line:65 [INFO] 断言失败:status_code不等于200
[2023-08-24 17:39:17,972] logger_util.py->write_log line:61 [INFO] 实际结果：序号<11>变量配置错误：变量名<$csv{name}>格式错误，请输入中文、字母、数字、下划线中的一种或多种，且不能以数字开头
[2023-08-24 17:39:17,972] logger_util.py->write_log line:61 [INFO] 接口请求失败！
[2023-08-24 17:39:17,972] logger_util.py->write_log line:61 [INFO] -------------接口请求结束-----------

[2023-08-24 17:39:17,972] logger_util.py->error_log line:65 [INFO] 断言异常：异常信息: Traceback (most recent call last):
  File "E:\Project_python\api_cms\common\requests_util.py", line 356, in validate_result
    error_log("断言失败:"+assert_key+"不等于"+str(assert_value))
  File "E:\Project_python\api_cms\common\logger_util.py", line 66, in error_log
    raise Exception(log_message)
Exception: 断言失败:status_code不等于200

[2023-08-24 17:39:17,973] logger_util.py->error_log line:65 [INFO] 分析YAML文件异常：异常信息: Traceback (most recent call last):
  File "E:\Project_python\api_cms\common\requests_util.py", line 356, in validate_result
    error_log("断言失败:"+assert_key+"不等于"+str(assert_value))
  File "E:\Project_python\api_cms\common\logger_util.py", line 66, in error_log
    raise Exception(log_message)
Exception: 断言失败:status_code不等于200

During handling of the above exception, another exception occurred:

Traceback (most recent call last):
  File "E:\Project_python\api_cms\common\requests_util.py", line 255, in analysis_yaml
    self.validate_result(yq_result, return_text, status_code)
  File "E:\Project_python\api_cms\common\requests_util.py", line 413, in validate_result
    error_log("断言异常：异常信息: %s" % str(traceback.format_exc()))
  File "E:\Project_python\api_cms\common\logger_util.py", line 66, in error_log
    raise Exception(log_message)
Exception: 断言异常：异常信息: Traceback (most recent call last):
  File "E:\Project_python\api_cms\common\requests_util.py", line 356, in validate_result
    error_log("断言失败:"+assert_key+"不等于"+str(assert_value))
  File "E:\Project_python\api_cms\common\logger_util.py", line 66, in error_log
    raise Exception(log_message)
Exception: 断言失败:status_code不等于200


[2023-08-24 17:39:17,999] logger_util.py->write_log line:61 [INFO] 
-------------接口请求开始-----------
[2023-08-24 17:39:17,999] logger_util.py->write_log line:61 [INFO] 接口名称：新增io变量-字符串
[2023-08-24 17:39:17,999] logger_util.py->write_log line:61 [INFO] 接口方式：post
[2023-08-24 17:39:17,999] logger_util.py->write_log line:61 [INFO] 接口路径：http://127.0.0.1:18000/api/v1/variable/tunnel/146/tag
[2023-08-24 17:39:17,999] logger_util.py->write_log line:61 [INFO] 请求头：{}
[2023-08-24 17:39:17,999] logger_util.py->write_log line:61 [INFO] 请求参数：[{'archiveSetting': None, 'groupId': None, 'name': '$csv{name}', 'description': '字符串', 'typeName': '$csv{typeName}', 'config': {'initType': 0, 'setValue': None}, 'index': 12}]
[2023-08-24 17:39:17,999] logger_util.py->write_log line:61 [INFO] 文件上传：None
[2023-08-24 17:39:18,007] logger_util.py->error_log line:65 [INFO] 断言失败:status_code不等于200
[2023-08-24 17:39:18,007] logger_util.py->write_log line:61 [INFO] 实际结果：序号<12>变量配置错误：变量名<$csv{name}>格式错误，请输入中文、字母、数字、下划线中的一种或多种，且不能以数字开头
[2023-08-24 17:39:18,007] logger_util.py->write_log line:61 [INFO] 接口请求失败！
[2023-08-24 17:39:18,007] logger_util.py->write_log line:61 [INFO] -------------接口请求结束-----------

[2023-08-24 17:39:18,008] logger_util.py->error_log line:65 [INFO] 断言异常：异常信息: Traceback (most recent call last):
  File "E:\Project_python\api_cms\common\requests_util.py", line 356, in validate_result
    error_log("断言失败:"+assert_key+"不等于"+str(assert_value))
  File "E:\Project_python\api_cms\common\logger_util.py", line 66, in error_log
    raise Exception(log_message)
Exception: 断言失败:status_code不等于200

[2023-08-24 17:39:18,008] logger_util.py->error_log line:65 [INFO] 分析YAML文件异常：异常信息: Traceback (most recent call last):
  File "E:\Project_python\api_cms\common\requests_util.py", line 356, in validate_result
    error_log("断言失败:"+assert_key+"不等于"+str(assert_value))
  File "E:\Project_python\api_cms\common\logger_util.py", line 66, in error_log
    raise Exception(log_message)
Exception: 断言失败:status_code不等于200

During handling of the above exception, another exception occurred:

Traceback (most recent call last):
  File "E:\Project_python\api_cms\common\requests_util.py", line 255, in analysis_yaml
    self.validate_result(yq_result, return_text, status_code)
  File "E:\Project_python\api_cms\common\requests_util.py", line 413, in validate_result
    error_log("断言异常：异常信息: %s" % str(traceback.format_exc()))
  File "E:\Project_python\api_cms\common\logger_util.py", line 66, in error_log
    raise Exception(log_message)
Exception: 断言异常：异常信息: Traceback (most recent call last):
  File "E:\Project_python\api_cms\common\requests_util.py", line 356, in validate_result
    error_log("断言失败:"+assert_key+"不等于"+str(assert_value))
  File "E:\Project_python\api_cms\common\logger_util.py", line 66, in error_log
    raise Exception(log_message)
Exception: 断言失败:status_code不等于200


[2023-08-24 17:39:18,033] logger_util.py->write_log line:61 [INFO] 
-------------接口请求开始-----------
[2023-08-24 17:39:18,034] logger_util.py->write_log line:61 [INFO] 接口名称：新增io变量-宽字符串-设定值为空
[2023-08-24 17:39:18,034] logger_util.py->write_log line:61 [INFO] 接口方式：post
[2023-08-24 17:39:18,034] logger_util.py->write_log line:61 [INFO] 接口路径：http://127.0.0.1:18000/api/v1/variable/tunnel/146/tag
[2023-08-24 17:39:18,034] logger_util.py->write_log line:61 [INFO] 请求头：{}
[2023-08-24 17:39:18,034] logger_util.py->write_log line:61 [INFO] 请求参数：[{'archiveSetting': None, 'groupId': None, 'name': '$csv{name}', 'description': '宽字符串', 'typeName': '$csv{typeName}', 'config': {'initType': 0, 'setValue': None}, 'index': 13}]
[2023-08-24 17:39:18,034] logger_util.py->write_log line:61 [INFO] 文件上传：None
[2023-08-24 17:39:18,042] logger_util.py->error_log line:65 [INFO] 断言失败:status_code不等于200
[2023-08-24 17:39:18,042] logger_util.py->write_log line:61 [INFO] 实际结果：序号<13>变量配置错误：变量名<$csv{name}>格式错误，请输入中文、字母、数字、下划线中的一种或多种，且不能以数字开头
[2023-08-24 17:39:18,042] logger_util.py->write_log line:61 [INFO] 接口请求失败！
[2023-08-24 17:39:18,043] logger_util.py->write_log line:61 [INFO] -------------接口请求结束-----------

[2023-08-24 17:39:18,043] logger_util.py->error_log line:65 [INFO] 断言异常：异常信息: Traceback (most recent call last):
  File "E:\Project_python\api_cms\common\requests_util.py", line 356, in validate_result
    error_log("断言失败:"+assert_key+"不等于"+str(assert_value))
  File "E:\Project_python\api_cms\common\logger_util.py", line 66, in error_log
    raise Exception(log_message)
Exception: 断言失败:status_code不等于200

[2023-08-24 17:39:18,043] logger_util.py->error_log line:65 [INFO] 分析YAML文件异常：异常信息: Traceback (most recent call last):
  File "E:\Project_python\api_cms\common\requests_util.py", line 356, in validate_result
    error_log("断言失败:"+assert_key+"不等于"+str(assert_value))
  File "E:\Project_python\api_cms\common\logger_util.py", line 66, in error_log
    raise Exception(log_message)
Exception: 断言失败:status_code不等于200

During handling of the above exception, another exception occurred:

Traceback (most recent call last):
  File "E:\Project_python\api_cms\common\requests_util.py", line 255, in analysis_yaml
    self.validate_result(yq_result, return_text, status_code)
  File "E:\Project_python\api_cms\common\requests_util.py", line 413, in validate_result
    error_log("断言异常：异常信息: %s" % str(traceback.format_exc()))
  File "E:\Project_python\api_cms\common\logger_util.py", line 66, in error_log
    raise Exception(log_message)
Exception: 断言异常：异常信息: Traceback (most recent call last):
  File "E:\Project_python\api_cms\common\requests_util.py", line 356, in validate_result
    error_log("断言失败:"+assert_key+"不等于"+str(assert_value))
  File "E:\Project_python\api_cms\common\logger_util.py", line 66, in error_log
    raise Exception(log_message)
Exception: 断言失败:status_code不等于200


[2023-08-24 17:39:18,074] logger_util.py->write_log line:61 [INFO] 
-------------接口请求开始-----------
[2023-08-24 17:39:18,074] logger_util.py->write_log line:61 [INFO] 接口名称：新增io变量-日期
[2023-08-24 17:39:18,074] logger_util.py->write_log line:61 [INFO] 接口方式：post
[2023-08-24 17:39:18,074] logger_util.py->write_log line:61 [INFO] 接口路径：http://127.0.0.1:18000/api/v1/variable/tunnel/146/tag
[2023-08-24 17:39:18,074] logger_util.py->write_log line:61 [INFO] 请求头：{}
[2023-08-24 17:39:18,074] logger_util.py->write_log line:61 [INFO] 请求参数：[{'archiveSetting': None, 'groupId': None, 'name': '$csv{name}', 'description': '日期', 'typeName': '$csv{typeName}', 'config': {'initType': 0, 'setValue': None}, 'index': 14}]
[2023-08-24 17:39:18,074] logger_util.py->write_log line:61 [INFO] 文件上传：None
[2023-08-24 17:39:18,083] logger_util.py->error_log line:65 [INFO] 断言失败:status_code不等于200
[2023-08-24 17:39:18,083] logger_util.py->write_log line:61 [INFO] 实际结果：序号<14>变量配置错误：变量名<$csv{name}>格式错误，请输入中文、字母、数字、下划线中的一种或多种，且不能以数字开头
[2023-08-24 17:39:18,083] logger_util.py->write_log line:61 [INFO] 接口请求失败！
[2023-08-24 17:39:18,083] logger_util.py->write_log line:61 [INFO] -------------接口请求结束-----------

[2023-08-24 17:39:18,084] logger_util.py->error_log line:65 [INFO] 断言异常：异常信息: Traceback (most recent call last):
  File "E:\Project_python\api_cms\common\requests_util.py", line 356, in validate_result
    error_log("断言失败:"+assert_key+"不等于"+str(assert_value))
  File "E:\Project_python\api_cms\common\logger_util.py", line 66, in error_log
    raise Exception(log_message)
Exception: 断言失败:status_code不等于200

[2023-08-24 17:39:18,084] logger_util.py->error_log line:65 [INFO] 分析YAML文件异常：异常信息: Traceback (most recent call last):
  File "E:\Project_python\api_cms\common\requests_util.py", line 356, in validate_result
    error_log("断言失败:"+assert_key+"不等于"+str(assert_value))
  File "E:\Project_python\api_cms\common\logger_util.py", line 66, in error_log
    raise Exception(log_message)
Exception: 断言失败:status_code不等于200

During handling of the above exception, another exception occurred:

Traceback (most recent call last):
  File "E:\Project_python\api_cms\common\requests_util.py", line 255, in analysis_yaml
    self.validate_result(yq_result, return_text, status_code)
  File "E:\Project_python\api_cms\common\requests_util.py", line 413, in validate_result
    error_log("断言异常：异常信息: %s" % str(traceback.format_exc()))
  File "E:\Project_python\api_cms\common\logger_util.py", line 66, in error_log
    raise Exception(log_message)
Exception: 断言异常：异常信息: Traceback (most recent call last):
  File "E:\Project_python\api_cms\common\requests_util.py", line 356, in validate_result
    error_log("断言失败:"+assert_key+"不等于"+str(assert_value))
  File "E:\Project_python\api_cms\common\logger_util.py", line 66, in error_log
    raise Exception(log_message)
Exception: 断言失败:status_code不等于200


[2023-08-24 17:39:18,110] logger_util.py->write_log line:61 [INFO] 
-------------接口请求开始-----------
[2023-08-24 17:39:18,110] logger_util.py->write_log line:61 [INFO] 接口名称：新增io变量-时间
[2023-08-24 17:39:18,110] logger_util.py->write_log line:61 [INFO] 接口方式：post
[2023-08-24 17:39:18,111] logger_util.py->write_log line:61 [INFO] 接口路径：http://127.0.0.1:18000/api/v1/variable/tunnel/146/tag
[2023-08-24 17:39:18,111] logger_util.py->write_log line:61 [INFO] 请求头：{}
[2023-08-24 17:39:18,111] logger_util.py->write_log line:61 [INFO] 请求参数：[{'archiveSetting': None, 'groupId': None, 'name': '$csv{name}', 'description': '时间', 'typeName': '$csv{typeName}', 'config': {'initType': 0, 'setValue': None}, 'index': 15}]
[2023-08-24 17:39:18,111] logger_util.py->write_log line:61 [INFO] 文件上传：None
[2023-08-24 17:39:18,119] logger_util.py->error_log line:65 [INFO] 断言失败:status_code不等于200
[2023-08-24 17:39:18,119] logger_util.py->write_log line:61 [INFO] 实际结果：序号<15>变量配置错误：变量名<$csv{name}>格式错误，请输入中文、字母、数字、下划线中的一种或多种，且不能以数字开头
[2023-08-24 17:39:18,119] logger_util.py->write_log line:61 [INFO] 接口请求失败！
[2023-08-24 17:39:18,119] logger_util.py->write_log line:61 [INFO] -------------接口请求结束-----------

[2023-08-24 17:39:18,120] logger_util.py->error_log line:65 [INFO] 断言异常：异常信息: Traceback (most recent call last):
  File "E:\Project_python\api_cms\common\requests_util.py", line 356, in validate_result
    error_log("断言失败:"+assert_key+"不等于"+str(assert_value))
  File "E:\Project_python\api_cms\common\logger_util.py", line 66, in error_log
    raise Exception(log_message)
Exception: 断言失败:status_code不等于200

[2023-08-24 17:39:18,120] logger_util.py->error_log line:65 [INFO] 分析YAML文件异常：异常信息: Traceback (most recent call last):
  File "E:\Project_python\api_cms\common\requests_util.py", line 356, in validate_result
    error_log("断言失败:"+assert_key+"不等于"+str(assert_value))
  File "E:\Project_python\api_cms\common\logger_util.py", line 66, in error_log
    raise Exception(log_message)
Exception: 断言失败:status_code不等于200

During handling of the above exception, another exception occurred:

Traceback (most recent call last):
  File "E:\Project_python\api_cms\common\requests_util.py", line 255, in analysis_yaml
    self.validate_result(yq_result, return_text, status_code)
  File "E:\Project_python\api_cms\common\requests_util.py", line 413, in validate_result
    error_log("断言异常：异常信息: %s" % str(traceback.format_exc()))
  File "E:\Project_python\api_cms\common\logger_util.py", line 66, in error_log
    raise Exception(log_message)
Exception: 断言异常：异常信息: Traceback (most recent call last):
  File "E:\Project_python\api_cms\common\requests_util.py", line 356, in validate_result
    error_log("断言失败:"+assert_key+"不等于"+str(assert_value))
  File "E:\Project_python\api_cms\common\logger_util.py", line 66, in error_log
    raise Exception(log_message)
Exception: 断言失败:status_code不等于200


[2023-08-24 17:39:18,146] logger_util.py->write_log line:61 [INFO] 
-------------接口请求开始-----------
[2023-08-24 17:39:18,147] logger_util.py->write_log line:61 [INFO] 接口名称：新增io变量-日期时间
[2023-08-24 17:39:18,147] logger_util.py->write_log line:61 [INFO] 接口方式：post
[2023-08-24 17:39:18,147] logger_util.py->write_log line:61 [INFO] 接口路径：http://127.0.0.1:18000/api/v1/variable/tunnel/146/tag
[2023-08-24 17:39:18,147] logger_util.py->write_log line:61 [INFO] 请求头：{}
[2023-08-24 17:39:18,147] logger_util.py->write_log line:61 [INFO] 请求参数：[{'archiveSetting': None, 'groupId': None, 'name': '$csv{name}', 'description': '日期时间', 'typeName': '$csv{typeName}', 'config': {'initType': 0, 'setValue': None}, 'index': 16}]
[2023-08-24 17:39:18,147] logger_util.py->write_log line:61 [INFO] 文件上传：None
[2023-08-24 17:39:18,155] logger_util.py->error_log line:65 [INFO] 断言失败:status_code不等于200
[2023-08-24 17:39:18,155] logger_util.py->write_log line:61 [INFO] 实际结果：序号<16>变量配置错误：变量名<$csv{name}>格式错误，请输入中文、字母、数字、下划线中的一种或多种，且不能以数字开头
[2023-08-24 17:39:18,155] logger_util.py->write_log line:61 [INFO] 接口请求失败！
[2023-08-24 17:39:18,155] logger_util.py->write_log line:61 [INFO] -------------接口请求结束-----------

[2023-08-24 17:39:18,155] logger_util.py->error_log line:65 [INFO] 断言异常：异常信息: Traceback (most recent call last):
  File "E:\Project_python\api_cms\common\requests_util.py", line 356, in validate_result
    error_log("断言失败:"+assert_key+"不等于"+str(assert_value))
  File "E:\Project_python\api_cms\common\logger_util.py", line 66, in error_log
    raise Exception(log_message)
Exception: 断言失败:status_code不等于200

[2023-08-24 17:39:18,155] logger_util.py->error_log line:65 [INFO] 分析YAML文件异常：异常信息: Traceback (most recent call last):
  File "E:\Project_python\api_cms\common\requests_util.py", line 356, in validate_result
    error_log("断言失败:"+assert_key+"不等于"+str(assert_value))
  File "E:\Project_python\api_cms\common\logger_util.py", line 66, in error_log
    raise Exception(log_message)
Exception: 断言失败:status_code不等于200

During handling of the above exception, another exception occurred:

Traceback (most recent call last):
  File "E:\Project_python\api_cms\common\requests_util.py", line 255, in analysis_yaml
    self.validate_result(yq_result, return_text, status_code)
  File "E:\Project_python\api_cms\common\requests_util.py", line 413, in validate_result
    error_log("断言异常：异常信息: %s" % str(traceback.format_exc()))
  File "E:\Project_python\api_cms\common\logger_util.py", line 66, in error_log
    raise Exception(log_message)
Exception: 断言异常：异常信息: Traceback (most recent call last):
  File "E:\Project_python\api_cms\common\requests_util.py", line 356, in validate_result
    error_log("断言失败:"+assert_key+"不等于"+str(assert_value))
  File "E:\Project_python\api_cms\common\logger_util.py", line 66, in error_log
    raise Exception(log_message)
Exception: 断言失败:status_code不等于200


