[2022-10-09 10:04:57,846] logger_util.py->error_log line:65 [INFO] 发送请求异常：异常信息: Traceback (most recent call last):
  File "E:\Project_python\2TestCMS2.0\common\requests_util.py", line 336, in send_request
    self.last_headers = self.replace_load(headers)
  File "E:\Project_python\2TestCMS2.0\common\requests_util.py", line 46, in replace_load
    new_value = getattr(DubugTalk(), func_name)(*args_value.split(','))
AttributeError: 'DubugTalk' object has no attribute 'read_config_file'

[2022-10-09 10:04:57,847] logger_util.py->error_log line:65 [INFO] 分析YAML文件异常：异常信息: Traceback (most recent call last):
  File "E:\Project_python\2TestCMS2.0\common\requests_util.py", line 336, in send_request
    self.last_headers = self.replace_load(headers)
  File "E:\Project_python\2TestCMS2.0\common\requests_util.py", line 46, in replace_load
    new_value = getattr(DubugTalk(), func_name)(*args_value.split(','))
AttributeError: 'DubugTalk' object has no attribute 'read_config_file'

During handling of the above exception, another exception occurred:

Traceback (most recent call last):
  File "E:\Project_python\2TestCMS2.0\common\requests_util.py", line 204, in analysis_yaml
    res = self.send_request(name =name,method=method,
  File "E:\Project_python\2TestCMS2.0\common\requests_util.py", line 360, in send_request
    error_log("发送请求异常：异常信息: %s" % str(traceback.format_exc()))
  File "E:\Project_python\2TestCMS2.0\common\logger_util.py", line 66, in error_log
    raise Exception(log_message)
Exception: 发送请求异常：异常信息: Traceback (most recent call last):
  File "E:\Project_python\2TestCMS2.0\common\requests_util.py", line 336, in send_request
    self.last_headers = self.replace_load(headers)
  File "E:\Project_python\2TestCMS2.0\common\requests_util.py", line 46, in replace_load
    new_value = getattr(DubugTalk(), func_name)(*args_value.split(','))
AttributeError: 'DubugTalk' object has no attribute 'read_config_file'


