[2023-08-08 10:46:26,733] logger_util.py->write_log line:61 [INFO] -------------接口请求开始-----------
[2023-08-08 10:46:26,733] logger_util.py->write_log line:61 [INFO] 接口名称：modbus协议读取-保存寄存器有符号8位整型
[2023-08-08 10:46:26,734] logger_util.py->write_log line:61 [INFO] 接口方式：post
[2023-08-08 10:46:26,734] logger_util.py->write_log line:61 [INFO] 接口路径：http://127.0.0.1:6700/v1/cms/io/read
[2023-08-08 10:46:26,734] logger_util.py->write_log line:61 [INFO] 请求头：{'Content-Type': 'application/json'}
[2023-08-08 10:46:26,734] logger_util.py->write_log line:61 [INFO] 请求参数：{'tagNames': ['MOD_SINT1']}
[2023-08-08 10:46:26,734] logger_util.py->write_log line:61 [INFO] 文件上传：None
[2023-08-08 10:46:26,738] logger_util.py->write_log line:61 [INFO] 预期结果：[{'equals': {'status_code': 200}}, {'equals': {'msg': 'All read successfully'}}]
[2023-08-08 10:46:26,738] logger_util.py->write_log line:61 [INFO] 实际结果：{'body': {'code': 0, 'msg': 'All read successfully', 'tagDatas': {'MOD_SINT1': {'data': '99', 'quality': 0}}, 'traceId': 'CF317D36-E820-4417-BB36-217A7A9F130C'}, 'header': {'code': 0, 'cur_module': 'siot', 'msg': 'All read successfully', 'timespend': 0, 'tracelist': [{'code': 0, 'module': 'siot', 'msg': 'All read successfully', 'submodule_timespend': {'api': 0, 'control': 0, 'driver': 0}, 'timespend': 0}]}}
[2023-08-08 10:46:26,738] logger_util.py->write_log line:61 [INFO] 接口请求成功！
[2023-08-08 10:46:26,738] logger_util.py->write_log line:61 [INFO] -------------接口请求结束-----------

[2023-08-08 10:46:26,742] logger_util.py->write_log line:61 [INFO] -------------接口请求开始-----------
[2023-08-08 10:46:26,743] logger_util.py->write_log line:61 [INFO] 接口名称：modbus协议读取-保存寄存器有符号16位整型
[2023-08-08 10:46:26,743] logger_util.py->write_log line:61 [INFO] 接口方式：post
[2023-08-08 10:46:26,743] logger_util.py->write_log line:61 [INFO] 接口路径：http://127.0.0.1:6700/v1/cms/io/read
[2023-08-08 10:46:26,743] logger_util.py->write_log line:61 [INFO] 请求头：{'Content-Type': 'application/json'}
[2023-08-08 10:46:26,743] logger_util.py->write_log line:61 [INFO] 请求参数：{'tagNames': ['MOD_INT1']}
[2023-08-08 10:46:26,743] logger_util.py->write_log line:61 [INFO] 文件上传：None
[2023-08-08 10:46:26,745] logger_util.py->write_log line:61 [INFO] 预期结果：[{'equals': {'status_code': 200}}, {'equals': {'msg': 'All read successfully'}}]
[2023-08-08 10:46:26,745] logger_util.py->write_log line:61 [INFO] 实际结果：{'body': {'code': 0, 'msg': 'All read successfully', 'tagDatas': {'MOD_INT1': {'data': '77', 'quality': 0}}, 'traceId': 'C61E1EAD-A220-40C2-888D-13497C38824B'}, 'header': {'code': 0, 'cur_module': 'siot', 'msg': 'All read successfully', 'timespend': 0, 'tracelist': [{'code': 0, 'module': 'siot', 'msg': 'All read successfully', 'submodule_timespend': {'api': 0, 'control': 0, 'driver': 0}, 'timespend': 0}]}}
[2023-08-08 10:46:26,745] logger_util.py->write_log line:61 [INFO] 接口请求成功！
[2023-08-08 10:46:26,745] logger_util.py->write_log line:61 [INFO] -------------接口请求结束-----------

[2023-08-08 10:46:26,750] logger_util.py->write_log line:61 [INFO] -------------接口请求开始-----------
[2023-08-08 10:46:26,750] logger_util.py->write_log line:61 [INFO] 接口名称：modbus协议读取-保存寄存器有符号32位整型
[2023-08-08 10:46:26,750] logger_util.py->write_log line:61 [INFO] 接口方式：post
[2023-08-08 10:46:26,750] logger_util.py->write_log line:61 [INFO] 接口路径：http://127.0.0.1:6700/v1/cms/io/read
[2023-08-08 10:46:26,750] logger_util.py->write_log line:61 [INFO] 请求头：{'Content-Type': 'application/json'}
[2023-08-08 10:46:26,751] logger_util.py->write_log line:61 [INFO] 请求参数：{'tagNames': ['MOD_DINT1']}
[2023-08-08 10:46:26,751] logger_util.py->write_log line:61 [INFO] 文件上传：None
[2023-08-08 10:46:26,752] logger_util.py->write_log line:61 [INFO] 预期结果：[{'equals': {'status_code': 200}}, {'equals': {'msg': 'All read successfully'}}]
[2023-08-08 10:46:26,753] logger_util.py->write_log line:61 [INFO] 实际结果：{'body': {'code': 0, 'msg': 'All read successfully', 'tagDatas': {'MOD_DINT1': {'data': '33', 'quality': 0}}, 'traceId': 'C2E92BC2-2A69-44B3-97B8-0219BEF2B9EF'}, 'header': {'code': 0, 'cur_module': 'siot', 'msg': 'All read successfully', 'timespend': 0, 'tracelist': [{'code': 0, 'module': 'siot', 'msg': 'All read successfully', 'submodule_timespend': {'api': 0, 'control': 0, 'driver': 0}, 'timespend': 0}]}}
[2023-08-08 10:46:26,753] logger_util.py->write_log line:61 [INFO] 接口请求成功！
[2023-08-08 10:46:26,753] logger_util.py->write_log line:61 [INFO] -------------接口请求结束-----------

[2023-08-08 10:46:26,757] logger_util.py->write_log line:61 [INFO] -------------接口请求开始-----------
[2023-08-08 10:46:26,757] logger_util.py->write_log line:61 [INFO] 接口名称：modbus协议读取-保存寄存器无符号8位整型
[2023-08-08 10:46:26,757] logger_util.py->write_log line:61 [INFO] 接口方式：post
[2023-08-08 10:46:26,757] logger_util.py->write_log line:61 [INFO] 接口路径：http://127.0.0.1:6700/v1/cms/io/read
[2023-08-08 10:46:26,757] logger_util.py->write_log line:61 [INFO] 请求头：{'Content-Type': 'application/json'}
[2023-08-08 10:46:26,757] logger_util.py->write_log line:61 [INFO] 请求参数：{'tagNames': ['MOD_USINT1']}
[2023-08-08 10:46:26,757] logger_util.py->write_log line:61 [INFO] 文件上传：None
[2023-08-08 10:46:26,759] logger_util.py->write_log line:61 [INFO] 预期结果：[{'equals': {'status_code': 200}}, {'equals': {'msg': 'All read successfully'}}]
[2023-08-08 10:46:26,760] logger_util.py->write_log line:61 [INFO] 实际结果：{'body': {'code': 0, 'msg': 'All read successfully', 'tagDatas': {'MOD_USINT1': {'data': '44', 'quality': 0}}, 'traceId': '036D6C3A-A724-485D-8FAF-3FE1CC2A554F'}, 'header': {'code': 0, 'cur_module': 'siot', 'msg': 'All read successfully', 'timespend': 0, 'tracelist': [{'code': 0, 'module': 'siot', 'msg': 'All read successfully', 'submodule_timespend': {'api': 0, 'control': 0, 'driver': 0}, 'timespend': 0}]}}
[2023-08-08 10:46:26,760] logger_util.py->write_log line:61 [INFO] 接口请求成功！
[2023-08-08 10:46:26,760] logger_util.py->write_log line:61 [INFO] -------------接口请求结束-----------

[2023-08-08 10:46:26,765] logger_util.py->write_log line:61 [INFO] -------------接口请求开始-----------
[2023-08-08 10:46:26,765] logger_util.py->write_log line:61 [INFO] 接口名称：modbus协议读取-保存寄存器无符号16位整型
[2023-08-08 10:46:26,766] logger_util.py->write_log line:61 [INFO] 接口方式：post
[2023-08-08 10:46:26,766] logger_util.py->write_log line:61 [INFO] 接口路径：http://127.0.0.1:6700/v1/cms/io/read
[2023-08-08 10:46:26,766] logger_util.py->write_log line:61 [INFO] 请求头：{'Content-Type': 'application/json'}
[2023-08-08 10:46:26,766] logger_util.py->write_log line:61 [INFO] 请求参数：{'tagNames': ['MOD_UINT1']}
[2023-08-08 10:46:26,766] logger_util.py->write_log line:61 [INFO] 文件上传：None
[2023-08-08 10:46:26,768] logger_util.py->write_log line:61 [INFO] 预期结果：[{'equals': {'status_code': 200}}, {'equals': {'msg': 'All read successfully'}}]
[2023-08-08 10:46:26,768] logger_util.py->write_log line:61 [INFO] 实际结果：{'body': {'code': 0, 'msg': 'All read successfully', 'tagDatas': {'MOD_UINT1': {'data': '55', 'quality': 0}}, 'traceId': 'F1883DCF-D149-46DC-AB6D-81FF369EBD7C'}, 'header': {'code': 0, 'cur_module': 'siot', 'msg': 'All read successfully', 'timespend': 0, 'tracelist': [{'code': 0, 'module': 'siot', 'msg': 'All read successfully', 'submodule_timespend': {'api': 0, 'control': 0, 'driver': 0}, 'timespend': 0}]}}
[2023-08-08 10:46:26,768] logger_util.py->write_log line:61 [INFO] 接口请求成功！
[2023-08-08 10:46:26,768] logger_util.py->write_log line:61 [INFO] -------------接口请求结束-----------

[2023-08-08 10:46:26,773] logger_util.py->write_log line:61 [INFO] -------------接口请求开始-----------
[2023-08-08 10:46:26,773] logger_util.py->write_log line:61 [INFO] 接口名称：modbus协议读取-保存寄存器无符号32位整型
[2023-08-08 10:46:26,773] logger_util.py->write_log line:61 [INFO] 接口方式：post
[2023-08-08 10:46:26,773] logger_util.py->write_log line:61 [INFO] 接口路径：http://127.0.0.1:6700/v1/cms/io/read
[2023-08-08 10:46:26,773] logger_util.py->write_log line:61 [INFO] 请求头：{'Content-Type': 'application/json'}
[2023-08-08 10:46:26,773] logger_util.py->write_log line:61 [INFO] 请求参数：{'tagNames': ['MOD_UDINT1']}
[2023-08-08 10:46:26,774] logger_util.py->write_log line:61 [INFO] 文件上传：None
[2023-08-08 10:46:26,775] logger_util.py->write_log line:61 [INFO] 预期结果：[{'equals': {'status_code': 200}}, {'equals': {'msg': 'All read successfully'}}]
[2023-08-08 10:46:26,775] logger_util.py->write_log line:61 [INFO] 实际结果：{'body': {'code': 0, 'msg': 'All read successfully', 'tagDatas': {'MOD_UDINT1': {'data': '66', 'quality': 0}}, 'traceId': '8AC101C0-2C4D-42A9-8227-0964F3CB170C'}, 'header': {'code': 0, 'cur_module': 'siot', 'msg': 'All read successfully', 'timespend': 0, 'tracelist': [{'code': 0, 'module': 'siot', 'msg': 'All read successfully', 'submodule_timespend': {'api': 0, 'control': 0, 'driver': 0}, 'timespend': 0}]}}
[2023-08-08 10:46:26,775] logger_util.py->write_log line:61 [INFO] 接口请求成功！
[2023-08-08 10:46:26,776] logger_util.py->write_log line:61 [INFO] -------------接口请求结束-----------

[2023-08-08 10:46:26,780] logger_util.py->write_log line:61 [INFO] -------------接口请求开始-----------
[2023-08-08 10:46:26,780] logger_util.py->write_log line:61 [INFO] 接口名称：modbus协议读取-保存寄存器F32位浮点数IEEE754
[2023-08-08 10:46:26,780] logger_util.py->write_log line:61 [INFO] 接口方式：post
[2023-08-08 10:46:26,780] logger_util.py->write_log line:61 [INFO] 接口路径：http://127.0.0.1:6700/v1/cms/io/read
[2023-08-08 10:46:26,780] logger_util.py->write_log line:61 [INFO] 请求头：{'Content-Type': 'application/json'}
[2023-08-08 10:46:26,781] logger_util.py->write_log line:61 [INFO] 请求参数：{'tagNames': ['MOD_REAL1']}
[2023-08-08 10:46:26,781] logger_util.py->write_log line:61 [INFO] 文件上传：None
[2023-08-08 10:46:26,782] logger_util.py->write_log line:61 [INFO] 预期结果：[{'equals': {'status_code': 200}}, {'equals': {'msg': 'All read successfully'}}]
[2023-08-08 10:46:26,783] logger_util.py->write_log line:61 [INFO] 实际结果：{'body': {'code': 0, 'msg': 'All read successfully', 'tagDatas': {'MOD_REAL1': {'data': '77.456', 'quality': 0}}, 'traceId': 'B6418D96-884A-429F-B8C9-0DF90875C182'}, 'header': {'code': 0, 'cur_module': 'siot', 'msg': 'All read successfully', 'timespend': 0, 'tracelist': [{'code': 0, 'module': 'siot', 'msg': 'All read successfully', 'submodule_timespend': {'api': 0, 'control': 0, 'driver': 0}, 'timespend': 0}]}}
[2023-08-08 10:46:26,783] logger_util.py->write_log line:61 [INFO] 接口请求成功！
[2023-08-08 10:46:26,783] logger_util.py->write_log line:61 [INFO] -------------接口请求结束-----------

[2023-08-08 10:46:26,787] logger_util.py->write_log line:61 [INFO] -------------接口请求开始-----------
[2023-08-08 10:46:26,788] logger_util.py->write_log line:61 [INFO] 接口名称：modbus协议读取-保存寄存器二进制变量1
[2023-08-08 10:46:26,788] logger_util.py->write_log line:61 [INFO] 接口方式：post
[2023-08-08 10:46:26,788] logger_util.py->write_log line:61 [INFO] 接口路径：http://127.0.0.1:6700/v1/cms/io/read
[2023-08-08 10:46:26,788] logger_util.py->write_log line:61 [INFO] 请求头：{'Content-Type': 'application/json'}
[2023-08-08 10:46:26,788] logger_util.py->write_log line:61 [INFO] 请求参数：{'tagNames': ['MOD_BOOL1']}
[2023-08-08 10:46:26,788] logger_util.py->write_log line:61 [INFO] 文件上传：None
[2023-08-08 10:46:26,790] logger_util.py->write_log line:61 [INFO] 预期结果：[{'equals': {'status_code': 200}}, {'equals': {'msg': 'All read successfully'}}]
[2023-08-08 10:46:26,790] logger_util.py->write_log line:61 [INFO] 实际结果：{'body': {'code': 0, 'msg': 'All read successfully', 'tagDatas': {'MOD_BOOL1': {'data': '1', 'quality': 0}}, 'traceId': '7FE74808-B2F4-4902-B32A-BCA0E4E6EB7A'}, 'header': {'code': 0, 'cur_module': 'siot', 'msg': 'All read successfully', 'timespend': 0, 'tracelist': [{'code': 0, 'module': 'siot', 'msg': 'All read successfully', 'submodule_timespend': {'api': 0, 'control': 0, 'driver': 0}, 'timespend': 0}]}}
[2023-08-08 10:46:26,790] logger_util.py->write_log line:61 [INFO] 接口请求成功！
[2023-08-08 10:46:26,790] logger_util.py->write_log line:61 [INFO] -------------接口请求结束-----------

[2023-08-08 10:46:26,794] logger_util.py->write_log line:61 [INFO] -------------接口请求开始-----------
[2023-08-08 10:46:26,794] logger_util.py->write_log line:61 [INFO] 接口名称：modbus协议读取-保存寄存器二进制变量2
[2023-08-08 10:46:26,795] logger_util.py->write_log line:61 [INFO] 接口方式：post
[2023-08-08 10:46:26,795] logger_util.py->write_log line:61 [INFO] 接口路径：http://127.0.0.1:6700/v1/cms/io/read
[2023-08-08 10:46:26,795] logger_util.py->write_log line:61 [INFO] 请求头：{'Content-Type': 'application/json'}
[2023-08-08 10:46:26,795] logger_util.py->write_log line:61 [INFO] 请求参数：{'tagNames': ['MOD_BOOL2']}
[2023-08-08 10:46:26,795] logger_util.py->write_log line:61 [INFO] 文件上传：None
[2023-08-08 10:46:26,797] logger_util.py->write_log line:61 [INFO] 预期结果：[{'equals': {'status_code': 200}}, {'equals': {'msg': 'All read successfully'}}]
[2023-08-08 10:46:26,797] logger_util.py->write_log line:61 [INFO] 实际结果：{'body': {'code': 0, 'msg': 'All read successfully', 'tagDatas': {'MOD_BOOL2': {'data': '0', 'quality': 0}}, 'traceId': '5C1E8381-582B-45B6-942E-9835220779CD'}, 'header': {'code': 0, 'cur_module': 'siot', 'msg': 'All read successfully', 'timespend': 0, 'tracelist': [{'code': 0, 'module': 'siot', 'msg': 'All read successfully', 'submodule_timespend': {'api': 0, 'control': 0, 'driver': 0}, 'timespend': 0}]}}
[2023-08-08 10:46:26,797] logger_util.py->write_log line:61 [INFO] 接口请求成功！
[2023-08-08 10:46:26,797] logger_util.py->write_log line:61 [INFO] -------------接口请求结束-----------

[2023-08-08 10:46:26,801] logger_util.py->write_log line:61 [INFO] -------------接口请求开始-----------
[2023-08-08 10:46:26,802] logger_util.py->write_log line:61 [INFO] 接口名称：modbus协议读取-保存寄存器字符串
[2023-08-08 10:46:26,802] logger_util.py->write_log line:61 [INFO] 接口方式：post
[2023-08-08 10:46:26,802] logger_util.py->write_log line:61 [INFO] 接口路径：http://127.0.0.1:6700/v1/cms/io/read
[2023-08-08 10:46:26,802] logger_util.py->write_log line:61 [INFO] 请求头：{'Content-Type': 'application/json'}
[2023-08-08 10:46:26,802] logger_util.py->write_log line:61 [INFO] 请求参数：{'tagNames': ['MOD_STRING1']}
[2023-08-08 10:46:26,802] logger_util.py->write_log line:61 [INFO] 文件上传：None
[2023-08-08 10:46:26,804] logger_util.py->write_log line:61 [INFO] 预期结果：[{'equals': {'status_code': 200}}, {'equals': {'msg': 'All read successfully'}}]
[2023-08-08 10:46:26,804] logger_util.py->write_log line:61 [INFO] 实际结果：{'body': {'code': 0, 'msg': 'All read successfully', 'tagDatas': {'MOD_STRING1': {'data': '文本1', 'quality': 0}}, 'traceId': 'C319F792-1BD9-4247-8CD5-1EBC8AC161DE'}, 'header': {'code': 0, 'cur_module': 'siot', 'msg': 'All read successfully', 'timespend': 0, 'tracelist': [{'code': 0, 'module': 'siot', 'msg': 'All read successfully', 'submodule_timespend': {'api': 0, 'control': 0, 'driver': 0}, 'timespend': 0}]}}
[2023-08-08 10:46:26,804] logger_util.py->write_log line:61 [INFO] 接口请求成功！
[2023-08-08 10:46:26,804] logger_util.py->write_log line:61 [INFO] -------------接口请求结束-----------

[2023-08-08 10:46:26,808] logger_util.py->write_log line:61 [INFO] -------------接口请求开始-----------
[2023-08-08 10:46:26,808] logger_util.py->write_log line:61 [INFO] 接口名称：modbus协议读取-二进制变量
[2023-08-08 10:46:26,808] logger_util.py->write_log line:61 [INFO] 接口方式：post
[2023-08-08 10:46:26,808] logger_util.py->write_log line:61 [INFO] 接口路径：http://127.0.0.1:6700/v1/cms/io/read
[2023-08-08 10:46:26,808] logger_util.py->write_log line:61 [INFO] 请求头：{'Content-Type': 'application/json'}
[2023-08-08 10:46:26,808] logger_util.py->write_log line:61 [INFO] 请求参数：{'tagNames': ['MOD_Q0']}
[2023-08-08 10:46:26,808] logger_util.py->write_log line:61 [INFO] 文件上传：None
[2023-08-08 10:46:26,810] logger_util.py->write_log line:61 [INFO] 预期结果：[{'equals': {'status_code': 200}}, {'equals': {'msg': 'All read successfully'}}]
[2023-08-08 10:46:26,811] logger_util.py->write_log line:61 [INFO] 实际结果：{'body': {'code': 0, 'msg': 'All read successfully', 'tagDatas': {'MOD_Q0': {'data': '1', 'quality': 0}}, 'traceId': '4AFE7A11-53BB-4165-AE63-39382FFD713F'}, 'header': {'code': 0, 'cur_module': 'siot', 'msg': 'All read successfully', 'timespend': 0, 'tracelist': [{'code': 0, 'module': 'siot', 'msg': 'All read successfully', 'submodule_timespend': {'api': 0, 'control': 0, 'driver': 0}, 'timespend': 0}]}}
[2023-08-08 10:46:26,811] logger_util.py->write_log line:61 [INFO] 接口请求成功！
[2023-08-08 10:46:26,811] logger_util.py->write_log line:61 [INFO] -------------接口请求结束-----------

[2023-08-08 10:46:26,815] logger_util.py->write_log line:61 [INFO] -------------接口请求开始-----------
[2023-08-08 10:46:26,815] logger_util.py->write_log line:61 [INFO] 接口名称：modbus协议读取-二进制变量
[2023-08-08 10:46:26,816] logger_util.py->write_log line:61 [INFO] 接口方式：post
[2023-08-08 10:46:26,816] logger_util.py->write_log line:61 [INFO] 接口路径：http://127.0.0.1:6700/v1/cms/io/read
[2023-08-08 10:46:26,816] logger_util.py->write_log line:61 [INFO] 请求头：{'Content-Type': 'application/json'}
[2023-08-08 10:46:26,816] logger_util.py->write_log line:61 [INFO] 请求参数：{'tagNames': ['MOD_Q1']}
[2023-08-08 10:46:26,816] logger_util.py->write_log line:61 [INFO] 文件上传：None
[2023-08-08 10:46:26,818] logger_util.py->write_log line:61 [INFO] 预期结果：[{'equals': {'status_code': 200}}, {'equals': {'msg': 'All read successfully'}}]
[2023-08-08 10:46:26,818] logger_util.py->write_log line:61 [INFO] 实际结果：{'body': {'code': 0, 'msg': 'All read successfully', 'tagDatas': {'MOD_Q1': {'data': '0', 'quality': 0}}, 'traceId': '0C861B37-837E-40A4-9F3E-519B3DD40387'}, 'header': {'code': 0, 'cur_module': 'siot', 'msg': 'All read successfully', 'timespend': 0, 'tracelist': [{'code': 0, 'module': 'siot', 'msg': 'All read successfully', 'submodule_timespend': {'api': 0, 'control': 0, 'driver': 0}, 'timespend': 0}]}}
[2023-08-08 10:46:26,818] logger_util.py->write_log line:61 [INFO] 接口请求成功！
[2023-08-08 10:46:26,818] logger_util.py->write_log line:61 [INFO] -------------接口请求结束-----------

