[2023-08-23 10:29:08,955] logger_util.py->write_log line:61 [INFO] 
-------------接口请求开始-----------
[2023-08-23 10:29:08,955] logger_util.py->write_log line:61 [INFO] 接口名称：新增io变量
[2023-08-23 10:29:08,955] logger_util.py->write_log line:61 [INFO] 接口方式：post
[2023-08-23 10:29:08,955] logger_util.py->write_log line:61 [INFO] 接口路径：http://127.0.0.1:18000/api/v1/variable/tunnel/58/tag
[2023-08-23 10:29:08,955] logger_util.py->write_log line:61 [INFO] 请求头：{}
[2023-08-23 10:29:08,955] logger_util.py->write_log line:61 [INFO] 请求参数：[{'archiveSetting': None, 'groupId': '51', 'name': 'E1', 'description': '', 'typeName': '有符号8位整型', 'config': {'readWriteMode': 0, 'address': '400001', 'interval': 1000, 'stringLength': None, 'zoom': 1, 'digit': None, 'readWriteRule': 1}, 'index': 1}]
[2023-08-23 10:29:08,957] logger_util.py->write_log line:61 [INFO] 文件上传：None
[2023-08-23 10:29:08,986] logger_util.py->write_log line:61 [INFO] 预期结果：[{'equals': {'status_code': 200}}]
[2023-08-23 10:29:08,986] logger_util.py->write_log line:61 [INFO] 实际结果：[{'id': 105, 'tunnelId': 58, 'groupId': 51, 'sort': 0, 'name': 'E1', 'description': '', 'tunnelType': 1, 'config': {'address': '400001', 'readWriteMode': 0, 'interval': 1000, 'stringLength': None, 'zoom': 1, 'digit': None, 'readWriteRule': 1}, 'type': 1, 'typeName': '有符号8位整型', 'historicGroupId': '00000000-0000-0000-0000-000000000000', 'historicGroupName': None, 'archiveSetting': None, 'historicBriefMsg': None, 'createTime': '2023-08-23T10:29:08.976514+08:00', 'updateTime': '2023-08-23T10:29:08.976515+08:00'}]
[2023-08-23 10:29:08,987] logger_util.py->write_log line:61 [INFO] 接口请求成功！
[2023-08-23 10:29:08,987] logger_util.py->write_log line:61 [INFO] 
-------------接口请求结束-----------

[2023-08-23 10:29:08,991] logger_util.py->write_log line:61 [INFO] 
-------------接口请求开始-----------
[2023-08-23 10:29:08,991] logger_util.py->write_log line:61 [INFO] 接口名称：io变量异常校验-校验变量名为空
[2023-08-23 10:29:08,991] logger_util.py->write_log line:61 [INFO] 接口方式：post
[2023-08-23 10:29:08,991] logger_util.py->write_log line:61 [INFO] 接口路径：http://127.0.0.1:18000/api/v1/variable/tunnel/58/tag
[2023-08-23 10:29:08,991] logger_util.py->write_log line:61 [INFO] 请求头：{}
[2023-08-23 10:29:08,991] logger_util.py->write_log line:61 [INFO] 请求参数：[{'archiveSetting': None, 'groupId': 51, 'name': '', 'description': '校验变量名为空', 'typeName': '有符号8位整型', 'config': {'readWriteMode': 0, 'address': '400001', 'interval': '10000'}, 'stringLength': 'null', 'zoom': 1, 'digit': None, 'readWriteRule': 1, 'index': 1}]
[2023-08-23 10:29:08,991] logger_util.py->write_log line:61 [INFO] 文件上传：None
[2023-08-23 10:29:08,999] logger_util.py->write_log line:61 [INFO] 预期结果：[{'equals': {'status_code': 400}}]
[2023-08-23 10:29:08,999] logger_util.py->write_log line:61 [INFO] 实际结果：序号<1>变量配置错误：变量名不可为空，请重新输入
[2023-08-23 10:29:08,999] logger_util.py->write_log line:61 [INFO] 接口请求成功！
[2023-08-23 10:29:09,000] logger_util.py->write_log line:61 [INFO] 
-------------接口请求结束-----------

[2023-08-23 10:29:09,004] logger_util.py->write_log line:61 [INFO] 
-------------接口请求开始-----------
[2023-08-23 10:29:09,004] logger_util.py->write_log line:61 [INFO] 接口名称：io变量异常校验-重复提交同变量名
[2023-08-23 10:29:09,004] logger_util.py->write_log line:61 [INFO] 接口方式：post
[2023-08-23 10:29:09,004] logger_util.py->write_log line:61 [INFO] 接口路径：http://127.0.0.1:18000/api/v1/variable/tunnel/58/tag
[2023-08-23 10:29:09,004] logger_util.py->write_log line:61 [INFO] 请求头：{}
[2023-08-23 10:29:09,004] logger_util.py->write_log line:61 [INFO] 请求参数：[{'archiveSetting': None, 'groupId': 51, 'name': 'E1', 'description': '重复提交同变量名', 'typeName': '有符号8位整型', 'config': {'readWriteMode': 0, 'address': '400001', 'interval': '10000'}, 'stringLength': 'null', 'zoom': 1, 'digit': None, 'readWriteRule': 1, 'index': 1}]
[2023-08-23 10:29:09,005] logger_util.py->write_log line:61 [INFO] 文件上传：None
[2023-08-23 10:29:09,013] logger_util.py->write_log line:61 [INFO] 预期结果：[{'equals': {'status_code': 400}}]
[2023-08-23 10:29:09,013] logger_util.py->write_log line:61 [INFO] 实际结果：序号<1>变量配置错误：变量名<E1>已存在，请重新输入
[2023-08-23 10:29:09,013] logger_util.py->write_log line:61 [INFO] 接口请求成功！
[2023-08-23 10:29:09,013] logger_util.py->write_log line:61 [INFO] 
-------------接口请求结束-----------

[2023-08-23 10:29:09,017] logger_util.py->write_log line:61 [INFO] 
-------------接口请求开始-----------
[2023-08-23 10:29:09,017] logger_util.py->write_log line:61 [INFO] 接口名称：io变量异常校验-校验变量地址为空
[2023-08-23 10:29:09,017] logger_util.py->write_log line:61 [INFO] 接口方式：post
[2023-08-23 10:29:09,017] logger_util.py->write_log line:61 [INFO] 接口路径：http://127.0.0.1:18000/api/v1/variable/tunnel/58/tag
[2023-08-23 10:29:09,018] logger_util.py->write_log line:61 [INFO] 请求头：{}
[2023-08-23 10:29:09,018] logger_util.py->write_log line:61 [INFO] 请求参数：[{'archiveSetting': None, 'groupId': 51, 'name': 'E2', 'description': '校验变量地址为空', 'typeName': '有符号8位整型', 'config': {'readWriteMode': 0, 'address': '', 'interval': '10000'}, 'stringLength': 'null', 'zoom': 1, 'digit': None, 'readWriteRule': 1, 'index': 1}]
[2023-08-23 10:29:09,018] logger_util.py->write_log line:61 [INFO] 文件上传：None
[2023-08-23 10:29:09,026] logger_util.py->write_log line:61 [INFO] 预期结果：[{'equals': {'status_code': 400}}]
[2023-08-23 10:29:09,026] logger_util.py->write_log line:61 [INFO] 实际结果：序号<1>变量配置错误
[2023-08-23 10:29:09,026] logger_util.py->write_log line:61 [INFO] 接口请求成功！
[2023-08-23 10:29:09,026] logger_util.py->write_log line:61 [INFO] 
-------------接口请求结束-----------

[2023-08-23 10:29:09,031] logger_util.py->write_log line:61 [INFO] 
-------------接口请求开始-----------
[2023-08-23 10:29:09,031] logger_util.py->write_log line:61 [INFO] 接口名称：io变量异常校验-校验采集间隔为空
[2023-08-23 10:29:09,031] logger_util.py->write_log line:61 [INFO] 接口方式：post
[2023-08-23 10:29:09,031] logger_util.py->write_log line:61 [INFO] 接口路径：http://127.0.0.1:18000/api/v1/variable/tunnel/58/tag
[2023-08-23 10:29:09,031] logger_util.py->write_log line:61 [INFO] 请求头：{}
[2023-08-23 10:29:09,031] logger_util.py->write_log line:61 [INFO] 请求参数：[{'archiveSetting': None, 'groupId': 51, 'name': 'E2', 'description': '校验采集间隔为空', 'typeName': '有符号8位整型', 'config': {'readWriteMode': 0, 'address': '400001', 'interval': ''}, 'stringLength': 'null', 'zoom': 1, 'digit': None, 'readWriteRule': 1, 'index': 1}]
[2023-08-23 10:29:09,032] logger_util.py->write_log line:61 [INFO] 文件上传：None
[2023-08-23 10:29:09,040] logger_util.py->write_log line:61 [INFO] 预期结果：[{'equals': {'status_code': 400}}]
[2023-08-23 10:29:09,040] logger_util.py->write_log line:61 [INFO] 实际结果：序号<1>变量配置错误
[2023-08-23 10:29:09,040] logger_util.py->write_log line:61 [INFO] 接口请求成功！
[2023-08-23 10:29:09,040] logger_util.py->write_log line:61 [INFO] 
-------------接口请求结束-----------

[2023-08-23 10:29:09,045] logger_util.py->write_log line:61 [INFO] 
-------------接口请求开始-----------
[2023-08-23 10:29:09,045] logger_util.py->write_log line:61 [INFO] 接口名称：io变量异常校验-采集间隔小于10
[2023-08-23 10:29:09,045] logger_util.py->write_log line:61 [INFO] 接口方式：post
[2023-08-23 10:29:09,046] logger_util.py->write_log line:61 [INFO] 接口路径：http://127.0.0.1:18000/api/v1/variable/tunnel/58/tag
[2023-08-23 10:29:09,046] logger_util.py->write_log line:61 [INFO] 请求头：{}
[2023-08-23 10:29:09,046] logger_util.py->write_log line:61 [INFO] 请求参数：[{'archiveSetting': None, 'groupId': 51, 'name': 'E2', 'description': '采集间隔小于10', 'typeName': '有符号8位整型', 'config': {'readWriteMode': 0, 'address': '400001', 'interval': '9'}, 'stringLength': 'null', 'zoom': 1, 'digit': None, 'readWriteRule': 1, 'index': 1}]
[2023-08-23 10:29:09,046] logger_util.py->write_log line:61 [INFO] 文件上传：None
[2023-08-23 10:29:09,054] logger_util.py->write_log line:61 [INFO] 预期结果：[{'equals': {'status_code': 400}}]
[2023-08-23 10:29:09,054] logger_util.py->write_log line:61 [INFO] 实际结果：序号<1>变量配置错误
[2023-08-23 10:29:09,054] logger_util.py->write_log line:61 [INFO] 接口请求成功！
[2023-08-23 10:29:09,054] logger_util.py->write_log line:61 [INFO] 
-------------接口请求结束-----------

[2023-08-23 10:29:09,059] logger_util.py->write_log line:61 [INFO] 
-------------接口请求开始-----------
[2023-08-23 10:29:09,059] logger_util.py->write_log line:61 [INFO] 接口名称：io变量异常校验-采集间隔大于10000
[2023-08-23 10:29:09,059] logger_util.py->write_log line:61 [INFO] 接口方式：post
[2023-08-23 10:29:09,060] logger_util.py->write_log line:61 [INFO] 接口路径：http://127.0.0.1:18000/api/v1/variable/tunnel/58/tag
[2023-08-23 10:29:09,060] logger_util.py->write_log line:61 [INFO] 请求头：{}
[2023-08-23 10:29:09,060] logger_util.py->write_log line:61 [INFO] 请求参数：[{'archiveSetting': None, 'groupId': 51, 'name': 'E2', 'description': '采集间隔小于10', 'typeName': '有符号8位整型', 'config': {'readWriteMode': 0, 'address': '400001', 'interval': '10001'}, 'stringLength': 'null', 'zoom': 1, 'digit': None, 'readWriteRule': 1, 'index': 1}]
[2023-08-23 10:29:09,060] logger_util.py->write_log line:61 [INFO] 文件上传：None
[2023-08-23 10:29:09,068] logger_util.py->write_log line:61 [INFO] 预期结果：[{'equals': {'status_code': 400}}]
[2023-08-23 10:29:09,068] logger_util.py->write_log line:61 [INFO] 实际结果：序号<1>变量配置错误
[2023-08-23 10:29:09,068] logger_util.py->write_log line:61 [INFO] 接口请求成功！
[2023-08-23 10:29:09,068] logger_util.py->write_log line:61 [INFO] 
-------------接口请求结束-----------

[2023-08-23 10:29:09,073] logger_util.py->write_log line:61 [INFO] 
-------------接口请求开始-----------
[2023-08-23 10:29:09,073] logger_util.py->write_log line:61 [INFO] 接口名称：io变量异常校验-字符串长度为空
[2023-08-23 10:29:09,073] logger_util.py->write_log line:61 [INFO] 接口方式：post
[2023-08-23 10:29:09,074] logger_util.py->write_log line:61 [INFO] 接口路径：http://127.0.0.1:18000/api/v1/variable/tunnel/58/tag
[2023-08-23 10:29:09,074] logger_util.py->write_log line:61 [INFO] 请求头：{}
[2023-08-23 10:29:09,074] logger_util.py->write_log line:61 [INFO] 请求参数：[{'archiveSetting': None, 'groupId': 51, 'name': 'E2', 'description': '字符串长度为空', 'typeName': '字符串', 'config': {'readWriteMode': 0, 'address': '400001', 'interval': '1000'}, 'stringLength': '', 'zoom': 1, 'digit': None, 'readWriteRule': 1, 'index': 1}]
[2023-08-23 10:29:09,074] logger_util.py->write_log line:61 [INFO] 文件上传：None
[2023-08-23 10:29:09,082] logger_util.py->write_log line:61 [INFO] 预期结果：[{'equals': {'status_code': 400}}]
[2023-08-23 10:29:09,083] logger_util.py->write_log line:61 [INFO] 实际结果：序号<1>变量配置错误
[2023-08-23 10:29:09,083] logger_util.py->write_log line:61 [INFO] 接口请求成功！
[2023-08-23 10:29:09,083] logger_util.py->write_log line:61 [INFO] 
-------------接口请求结束-----------

[2023-08-23 10:29:09,091] logger_util.py->write_log line:61 [INFO] 
-------------接口请求开始-----------
[2023-08-23 10:29:09,092] logger_util.py->write_log line:61 [INFO] 接口名称：删除io变量
[2023-08-23 10:29:09,092] logger_util.py->write_log line:61 [INFO] 接口方式：delete
[2023-08-23 10:29:09,092] logger_util.py->write_log line:61 [INFO] 接口路径：http://127.0.0.1:18000/api/v1/variable/tunnel/58/tag/105
[2023-08-23 10:29:09,092] logger_util.py->write_log line:61 [INFO] 请求头：{}
[2023-08-23 10:29:09,092] logger_util.py->write_log line:61 [INFO] 文件上传：None
[2023-08-23 10:29:09,106] logger_util.py->write_log line:61 [INFO] 预期结果：[{'equals': {'status_code': 200}}]
[2023-08-23 10:29:09,107] logger_util.py->write_log line:61 [INFO] 实际结果：
[2023-08-23 10:29:09,107] logger_util.py->write_log line:61 [INFO] 接口请求成功！
[2023-08-23 10:29:09,107] logger_util.py->write_log line:61 [INFO] 
-------------接口请求结束-----------

