[2023-11-28 09:55:35,453] logger_util.py->write_log line:61 [INFO] 
-------------接口请求开始-----------
[2023-11-28 09:55:35,453] logger_util.py->write_log line:61 [INFO] 接口名称：测试连接互联项
[2023-11-28 09:55:35,453] logger_util.py->write_log line:61 [INFO] 接口方式：post
[2023-11-28 09:55:35,454] logger_util.py->write_log line:61 [INFO] 接口路径：http://127.0.0.1:18000/api/v1/connection/test
[2023-11-28 09:55:35,454] logger_util.py->write_log line:61 [INFO] 请求头：{'X-Project': 'd800d1a6d0be4623aaa824c28dc71981'}
[2023-11-28 09:55:35,454] logger_util.py->write_log line:61 [INFO] 请求参数：{'id': None, 'name': 'mysql1676', 'connectionType': 1, 'databaseType': 1, 'authenticationType': None, 'server': '127.0.0.1', 'port': '3306', 'database': 'TestDB', 'databasePath': '', 'userName': 'root', 'password': 'syc123', 'changedPassword': True, 'mqttType': None, 'pushType': None, 'timingPeriod': None, 'changingPeriod': None, 'cloudDeviceId': '', 'originalSecret': ''}
[2023-11-28 09:55:35,456] logger_util.py->write_log line:61 [INFO] 文件上传：None
[2023-11-28 09:55:35,461] logger_util.py->write_log line:61 [INFO] 预期结果：[{'equals': {'status_code': 200}}]
[2023-11-28 09:55:35,461] logger_util.py->write_log line:61 [INFO] 实际结果：测试连接成功
[2023-11-28 09:55:35,461] logger_util.py->write_log line:61 [INFO] 接口请求成功！
[2023-11-28 09:55:35,461] logger_util.py->write_log line:61 [INFO] 
-------------接口请求结束-----------

[2023-11-28 09:55:35,477] logger_util.py->write_log line:61 [INFO] 
-------------接口请求开始-----------
[2023-11-28 09:55:35,477] logger_util.py->write_log line:61 [INFO] 接口名称：测试连接互联项
[2023-11-28 09:55:35,477] logger_util.py->write_log line:61 [INFO] 接口方式：post
[2023-11-28 09:55:35,477] logger_util.py->write_log line:61 [INFO] 接口路径：http://127.0.0.1:18000/api/v1/connection
[2023-11-28 09:55:35,478] logger_util.py->write_log line:61 [INFO] 请求头：{'X-Project': 'd800d1a6d0be4623aaa824c28dc71981'}
[2023-11-28 09:55:35,478] logger_util.py->write_log line:61 [INFO] 请求参数：{'id': None, 'name': 'mysql8442', 'connectionType': 1, 'databaseType': 1, 'authenticationType': None, 'server': '127.0.0.1', 'port': '3306', 'database': 'TestDB', 'databasePath': '', 'userName': 'root', 'password': 'syc123', 'changedPassword': True, 'mqttType': None, 'pushType': None, 'timingPeriod': None, 'changingPeriod': None, 'cloudDeviceId': '', 'originalSecret': ''}
[2023-11-28 09:55:35,478] logger_util.py->write_log line:61 [INFO] 文件上传：None
[2023-11-28 09:55:35,499] logger_util.py->write_log line:61 [INFO] 预期结果：[{'equals': {'status_code': 200}}]
[2023-11-28 09:55:35,500] logger_util.py->write_log line:61 [INFO] 实际结果：{'data': {'id': 38, 'name': 'mysql8442', 'connectionType': 1, 'databaseType': 1, 'authenticationType': 0, 'server': '127.0.0.1', 'port': 3306, 'database': 'TestDB', 'databasePath': '', 'userName': 'root'}, 'message': ''}
[2023-11-28 09:55:35,500] logger_util.py->write_log line:61 [INFO] 接口请求成功！
[2023-11-28 09:55:35,500] logger_util.py->write_log line:61 [INFO] 
-------------接口请求结束-----------

[2023-11-28 09:55:35,508] logger_util.py->write_log line:61 [INFO] 
-------------接口请求开始-----------
[2023-11-28 09:55:35,508] logger_util.py->write_log line:61 [INFO] 接口名称：关闭互联项
[2023-11-28 09:55:35,508] logger_util.py->write_log line:61 [INFO] 接口方式：put
[2023-11-28 09:55:35,508] logger_util.py->write_log line:61 [INFO] 接口路径：http://127.0.0.1:18000/api/v1/connection/switch/1/38/off
[2023-11-28 09:55:35,508] logger_util.py->write_log line:61 [INFO] 请求头：{'X-Project': 'd800d1a6d0be4623aaa824c28dc71981'}
[2023-11-28 09:55:35,508] logger_util.py->write_log line:61 [INFO] 文件上传：None
[2023-11-28 09:55:35,517] logger_util.py->write_log line:61 [INFO] 预期结果：[{'equals': {'status_code': 200}}]
[2023-11-28 09:55:35,517] logger_util.py->write_log line:61 [INFO] 实际结果：[{'nodeGuid': 'a0748b5f-b672-4413-a39c-d0723e652d77', 'id': 38, 'type': 1, 'name': 'mysql8442', 'status': 0, 'errorMsg': None, 'children': []}]
[2023-11-28 09:55:35,518] logger_util.py->write_log line:61 [INFO] 接口请求成功！
[2023-11-28 09:55:35,518] logger_util.py->write_log line:61 [INFO] 
-------------接口请求结束-----------

[2023-11-28 09:55:35,523] logger_util.py->write_log line:61 [INFO] 
-------------接口请求开始-----------
[2023-11-28 09:55:35,523] logger_util.py->write_log line:61 [INFO] 接口名称：开启互联项
[2023-11-28 09:55:35,523] logger_util.py->write_log line:61 [INFO] 接口方式：put
[2023-11-28 09:55:35,523] logger_util.py->write_log line:61 [INFO] 接口路径：http://127.0.0.1:18000/api/v1/connection/switch/1/38/on
[2023-11-28 09:55:35,523] logger_util.py->write_log line:61 [INFO] 请求头：{'X-Project': 'd800d1a6d0be4623aaa824c28dc71981'}
[2023-11-28 09:55:35,523] logger_util.py->write_log line:61 [INFO] 文件上传：None
[2023-11-28 09:55:35,532] logger_util.py->write_log line:61 [INFO] 预期结果：[{'equals': {'status_code': 200}}]
[2023-11-28 09:55:35,532] logger_util.py->write_log line:61 [INFO] 实际结果：[{'nodeGuid': 'e9af79a1-dbc1-48dd-8bf4-55954e71b4f1', 'id': 38, 'type': 1, 'name': 'mysql8442', 'status': 0, 'errorMsg': None, 'children': []}]
[2023-11-28 09:55:35,532] logger_util.py->write_log line:61 [INFO] 接口请求成功！
[2023-11-28 09:55:35,532] logger_util.py->write_log line:61 [INFO] 
-------------接口请求结束-----------

[2023-11-28 09:55:35,537] logger_util.py->write_log line:61 [INFO] 
-------------接口请求开始-----------
[2023-11-28 09:55:35,537] logger_util.py->write_log line:61 [INFO] 接口名称：重命名互联项
[2023-11-28 09:55:35,537] logger_util.py->write_log line:61 [INFO] 接口方式：put
[2023-11-28 09:55:35,537] logger_util.py->write_log line:61 [INFO] 接口路径：http://127.0.0.1:18000/api/v1/connection/rename/1/38/重命名_mysql399
[2023-11-28 09:55:35,537] logger_util.py->write_log line:61 [INFO] 请求头：{'X-Project': 'd800d1a6d0be4623aaa824c28dc71981'}
[2023-11-28 09:55:35,538] logger_util.py->write_log line:61 [INFO] 文件上传：None
[2023-11-28 09:55:35,558] logger_util.py->write_log line:61 [INFO] 预期结果：[{'equals': {'status_code': 200}}]
[2023-11-28 09:55:35,558] logger_util.py->write_log line:61 [INFO] 实际结果：
[2023-11-28 09:55:35,558] logger_util.py->write_log line:61 [INFO] 接口请求成功！
[2023-11-28 09:55:35,558] logger_util.py->write_log line:61 [INFO] 
-------------接口请求结束-----------

[2023-11-28 09:55:35,574] logger_util.py->write_log line:61 [INFO] 
-------------接口请求开始-----------
[2023-11-28 09:55:35,574] logger_util.py->write_log line:61 [INFO] 接口名称：修改互联配置
[2023-11-28 09:55:35,574] logger_util.py->write_log line:61 [INFO] 接口方式：put
[2023-11-28 09:55:35,574] logger_util.py->write_log line:61 [INFO] 接口路径：http://127.0.0.1:18000/api/v1/connection/38/config
[2023-11-28 09:55:35,574] logger_util.py->write_log line:61 [INFO] 请求头：{'X-Project': 'd800d1a6d0be4623aaa824c28dc71981'}
[2023-11-28 09:55:35,574] logger_util.py->write_log line:61 [INFO] 请求参数：{'id': 38, 'name': '改配_mysql227', 'connectionType': 1, 'databaseType': 1, 'authenticationType': 0, 'server': '127.0.0.1', 'port': '3306', 'database': 'TestDB', 'databasePath': '', 'userName': 'root', 'password': 'syc123'}
[2023-11-28 09:55:35,574] logger_util.py->write_log line:61 [INFO] 文件上传：None
[2023-11-28 09:55:35,597] logger_util.py->write_log line:61 [INFO] 预期结果：[{'equals': {'status_code': 200}}]
[2023-11-28 09:55:35,597] logger_util.py->write_log line:61 [INFO] 实际结果：{'data': {'id': 38, 'name': '改配_mysql227', 'connectionType': 1, 'databaseType': 1, 'authenticationType': 0, 'server': '127.0.0.1', 'port': 3306, 'database': 'TestDB', 'databasePath': '', 'userName': 'root'}, 'message': ''}
[2023-11-28 09:55:35,597] logger_util.py->write_log line:61 [INFO] 接口请求成功！
[2023-11-28 09:55:35,597] logger_util.py->write_log line:61 [INFO] 
-------------接口请求结束-----------

[2023-11-28 09:55:35,612] logger_util.py->write_log line:61 [INFO] 
-------------接口请求开始-----------
[2023-11-28 09:55:35,612] logger_util.py->write_log line:61 [INFO] 接口名称：删除互联项
[2023-11-28 09:55:35,613] logger_util.py->write_log line:61 [INFO] 接口方式：delete
[2023-11-28 09:55:35,613] logger_util.py->write_log line:61 [INFO] 接口路径：http://127.0.0.1:18000/api/v1/connection/1/38
[2023-11-28 09:55:35,613] logger_util.py->write_log line:61 [INFO] 请求头：{'X-Project': 'd800d1a6d0be4623aaa824c28dc71981'}
[2023-11-28 09:55:35,613] logger_util.py->write_log line:61 [INFO] 文件上传：None
[2023-11-28 09:55:35,636] logger_util.py->write_log line:61 [INFO] 预期结果：[{'equals': {'status_code': 200}}]
[2023-11-28 09:55:35,636] logger_util.py->write_log line:61 [INFO] 实际结果：
[2023-11-28 09:55:35,636] logger_util.py->write_log line:61 [INFO] 接口请求成功！
[2023-11-28 09:55:35,636] logger_util.py->write_log line:61 [INFO] 
-------------接口请求结束-----------

[2023-11-28 09:55:35,652] logger_util.py->write_log line:61 [INFO] 
-------------接口请求开始-----------
[2023-11-28 09:55:35,652] logger_util.py->write_log line:61 [INFO] 接口名称：测试连接互联项
[2023-11-28 09:55:35,652] logger_util.py->write_log line:61 [INFO] 接口方式：post
[2023-11-28 09:55:35,652] logger_util.py->write_log line:61 [INFO] 接口路径：http://127.0.0.1:18000/api/v1/connection
[2023-11-28 09:55:35,652] logger_util.py->write_log line:61 [INFO] 请求头：{'X-Project': 'd800d1a6d0be4623aaa824c28dc71981'}
[2023-11-28 09:55:35,652] logger_util.py->write_log line:61 [INFO] 请求参数：{'id': None, 'name': 'mysql5124', 'connectionType': 1, 'databaseType': 1, 'authenticationType': None, 'server': '127.0.0.1', 'port': '3306', 'database': 'TestDB', 'databasePath': '', 'userName': 'root', 'password': 'syc123', 'changedPassword': True, 'mqttType': None, 'pushType': None, 'timingPeriod': None, 'changingPeriod': None, 'cloudDeviceId': '', 'originalSecret': ''}
[2023-11-28 09:55:35,652] logger_util.py->write_log line:61 [INFO] 文件上传：None
[2023-11-28 09:55:35,671] logger_util.py->write_log line:61 [INFO] 预期结果：[{'equals': {'status_code': 200}}]
[2023-11-28 09:55:35,672] logger_util.py->write_log line:61 [INFO] 实际结果：{'data': {'id': 39, 'name': 'mysql5124', 'connectionType': 1, 'databaseType': 1, 'authenticationType': 0, 'server': '127.0.0.1', 'port': 3306, 'database': 'TestDB', 'databasePath': '', 'userName': 'root'}, 'message': ''}
[2023-11-28 09:55:35,672] logger_util.py->write_log line:61 [INFO] 接口请求成功！
[2023-11-28 09:55:35,672] logger_util.py->write_log line:61 [INFO] 
-------------接口请求结束-----------

[2023-11-28 09:55:35,683] logger_util.py->write_log line:61 [INFO] 
-------------接口请求开始-----------
[2023-11-28 09:55:35,683] logger_util.py->write_log line:61 [INFO] 接口名称：创建映射表表
[2023-11-28 09:55:35,683] logger_util.py->write_log line:61 [INFO] 接口方式：post
[2023-11-28 09:55:35,683] logger_util.py->write_log line:61 [INFO] 接口路径：http://127.0.0.1:18000/api/v1/connection/39/table
[2023-11-28 09:55:35,683] logger_util.py->write_log line:61 [INFO] 请求头：{'X-Project': 'd800d1a6d0be4623aaa824c28dc71981'}
[2023-11-28 09:55:35,683] logger_util.py->write_log line:61 [INFO] 请求参数：{'isBasic': True, 'databaseTableName': 'student', 'querySql': '', 'name': '插入3842'}
[2023-11-28 09:55:35,683] logger_util.py->write_log line:61 [INFO] 文件上传：None
[2023-11-28 09:55:35,707] logger_util.py->write_log line:61 [INFO] 预期结果：[{'equals': {'status_code': 200}}]
[2023-11-28 09:55:35,707] logger_util.py->write_log line:61 [INFO] 实际结果：{'id': 14, 'name': '插入3842', 'connectionItemId': 39, 'fields': [{'tableName': 'student', 'tableAlias': '', 'columnName': 'id', 'displayName': 'id', 'dataTypeName': 'Int32', 'databaseTypeName': 'Int32', 'isValueType': True, 'isAsterisk': True}, {'tableName': 'student', 'tableAlias': '', 'columnName': 'time', 'displayName': 'time', 'dataTypeName': 'DateTime', 'databaseTypeName': 'DateTime', 'isValueType': False, 'isAsterisk': True}, {'tableName': 'student', 'tableAlias': '', 'columnName': 'name', 'displayName': 'name', 'dataTypeName': 'String', 'databaseTypeName': 'VarChar', 'isValueType': False, 'isAsterisk': True}, {'tableName': 'student', 'tableAlias': '', 'columnName': 'age', 'displayName': 'age', 'dataTypeName': 'Int32', 'databaseTypeName': 'Int32', 'isValueType': True, 'isAsterisk': True}, {'tableName': 'student', 'tableAlias': '', 'columnName': 'money', 'displayName': 'money', 'dataTypeName': 'Single', 'databaseTypeName': 'Float', 'isValueType': True, 'isAsterisk': True}], 'isBasic': True, 'basicDatabaseTableName': 'student', 'querySql': 'select * from `student`', 'detail': None, 'action': None, 'status': 1, 'prevStatus': 0, 'lastErrorMsg': None, 'lastErrorDateTime': None}
[2023-11-28 09:55:35,708] logger_util.py->write_log line:61 [INFO] 接口请求成功！
[2023-11-28 09:55:35,708] logger_util.py->write_log line:61 [INFO] 
-------------接口请求结束-----------

[2023-11-28 09:55:35,719] logger_util.py->write_log line:61 [INFO] 
-------------接口请求开始-----------
[2023-11-28 09:55:35,719] logger_util.py->write_log line:61 [INFO] 接口名称：关闭映射表
[2023-11-28 09:55:35,719] logger_util.py->write_log line:61 [INFO] 接口方式：put
[2023-11-28 09:55:35,719] logger_util.py->write_log line:61 [INFO] 接口路径：http://127.0.0.1:18000/api/v1/connection/switch/2/14/off
[2023-11-28 09:55:35,719] logger_util.py->write_log line:61 [INFO] 请求头：{'X-Project': 'd800d1a6d0be4623aaa824c28dc71981'}
[2023-11-28 09:55:35,719] logger_util.py->write_log line:61 [INFO] 文件上传：None
[2023-11-28 09:55:35,738] logger_util.py->write_log line:61 [INFO] 预期结果：[{'equals': {'status_code': 200}}]
[2023-11-28 09:55:35,738] logger_util.py->write_log line:61 [INFO] 实际结果：[{'nodeGuid': 'bf43b7a5-4a2d-48c5-adad-aed047b24681', 'id': 14, 'type': 2, 'name': '插入3842', 'status': 2, 'errorMsg': None, 'children': []}]
[2023-11-28 09:55:35,738] logger_util.py->write_log line:61 [INFO] 接口请求成功！
[2023-11-28 09:55:35,739] logger_util.py->write_log line:61 [INFO] 
-------------接口请求结束-----------

[2023-11-28 09:55:35,746] logger_util.py->write_log line:61 [INFO] 
-------------接口请求开始-----------
[2023-11-28 09:55:35,746] logger_util.py->write_log line:61 [INFO] 接口名称：开启映射表
[2023-11-28 09:55:35,747] logger_util.py->write_log line:61 [INFO] 接口方式：put
[2023-11-28 09:55:35,747] logger_util.py->write_log line:61 [INFO] 接口路径：http://127.0.0.1:18000/api/v1/connection/switch/2/14/on
[2023-11-28 09:55:35,747] logger_util.py->write_log line:61 [INFO] 请求头：{'X-Project': 'd800d1a6d0be4623aaa824c28dc71981'}
[2023-11-28 09:55:35,747] logger_util.py->write_log line:61 [INFO] 文件上传：None
[2023-11-28 09:55:35,770] logger_util.py->write_log line:61 [INFO] 预期结果：[{'equals': {'status_code': 200}}]
[2023-11-28 09:55:35,770] logger_util.py->write_log line:61 [INFO] 实际结果：[{'nodeGuid': 'b2b30292-3e54-494c-83ea-d75f4e513bb2', 'id': 14, 'type': 2, 'name': '插入3842', 'status': 1, 'errorMsg': None, 'children': []}]
[2023-11-28 09:55:35,770] logger_util.py->write_log line:61 [INFO] 接口请求成功！
[2023-11-28 09:55:35,771] logger_util.py->write_log line:61 [INFO] 
-------------接口请求结束-----------

[2023-11-28 09:55:35,779] logger_util.py->write_log line:61 [INFO] 
-------------接口请求开始-----------
[2023-11-28 09:55:35,779] logger_util.py->write_log line:61 [INFO] 接口名称：重命名映射表
[2023-11-28 09:55:35,779] logger_util.py->write_log line:61 [INFO] 接口方式：put
[2023-11-28 09:55:35,779] logger_util.py->write_log line:61 [INFO] 接口路径：http://127.0.0.1:18000/api/v1/connection/rename/2/14/重命名438
[2023-11-28 09:55:35,780] logger_util.py->write_log line:61 [INFO] 请求头：{'X-Project': 'd800d1a6d0be4623aaa824c28dc71981'}
[2023-11-28 09:55:35,780] logger_util.py->write_log line:61 [INFO] 文件上传：None
[2023-11-28 09:55:35,801] logger_util.py->write_log line:61 [INFO] 预期结果：[{'equals': {'status_code': 200}}]
[2023-11-28 09:55:35,802] logger_util.py->write_log line:61 [INFO] 实际结果：
[2023-11-28 09:55:35,802] logger_util.py->write_log line:61 [INFO] 接口请求成功！
[2023-11-28 09:55:35,802] logger_util.py->write_log line:61 [INFO] 
-------------接口请求结束-----------

[2023-11-28 09:55:35,808] logger_util.py->write_log line:61 [INFO] 
-------------接口请求开始-----------
[2023-11-28 09:55:35,808] logger_util.py->write_log line:61 [INFO] 接口名称：获取映射表配置
[2023-11-28 09:55:35,808] logger_util.py->write_log line:61 [INFO] 接口方式：get
[2023-11-28 09:55:35,808] logger_util.py->write_log line:61 [INFO] 接口路径：http://127.0.0.1:18000/api/v1/connection/table/14/config
[2023-11-28 09:55:35,808] logger_util.py->write_log line:61 [INFO] 请求头：{'X-Project': 'd800d1a6d0be4623aaa824c28dc71981'}
[2023-11-28 09:55:35,808] logger_util.py->write_log line:61 [INFO] 文件上传：None
[2023-11-28 09:55:35,855] logger_util.py->write_log line:61 [INFO] 预期结果：[{'equals': {'status_code': 200}}]
[2023-11-28 09:55:35,855] logger_util.py->write_log line:61 [INFO] 实际结果：{'isBasic': True, 'databaseTableNames': ['student'], 'databaseTableFieldNames': ['id', 'time', 'name', 'age', 'money'], 'querySql': 'select * from `student`'}
[2023-11-28 09:55:35,855] logger_util.py->write_log line:61 [INFO] 接口请求成功！
[2023-11-28 09:55:35,856] logger_util.py->write_log line:61 [INFO] 
-------------接口请求结束-----------

[2023-11-28 09:55:35,862] logger_util.py->write_log line:61 [INFO] 
-------------接口请求开始-----------
[2023-11-28 09:55:35,862] logger_util.py->write_log line:61 [INFO] 接口名称：映射表创建副本
[2023-11-28 09:55:35,863] logger_util.py->write_log line:61 [INFO] 接口方式：put
[2023-11-28 09:55:35,863] logger_util.py->write_log line:61 [INFO] 接口路径：http://127.0.0.1:18000/api/v1/connection/table/14/copy
[2023-11-28 09:55:35,863] logger_util.py->write_log line:61 [INFO] 请求头：{'X-Project': 'd800d1a6d0be4623aaa824c28dc71981'}
[2023-11-28 09:55:35,863] logger_util.py->write_log line:61 [INFO] 请求参数：{'name': '副本728'}
[2023-11-28 09:55:35,863] logger_util.py->write_log line:61 [INFO] 文件上传：None
[2023-11-28 09:55:35,867] logger_util.py->error_log line:65 [INFO] 断言失败:status_code不等于200
[2023-11-28 09:55:35,867] logger_util.py->write_log line:61 [INFO] 实际结果：
[2023-11-28 09:55:35,867] logger_util.py->write_log line:61 [INFO] 接口请求失败！
[2023-11-28 09:55:35,867] logger_util.py->write_log line:61 [INFO] -------------接口请求结束-----------

[2023-11-28 09:55:35,868] logger_util.py->error_log line:65 [INFO] 断言异常：异常信息: Traceback (most recent call last):
  File "E:\Project_python\api_cms\common\requests_util.py", line 368, in validate_result
    error_log("断言失败:"+assert_key+"不等于"+str(assert_value))
  File "E:\Project_python\api_cms\common\logger_util.py", line 66, in error_log
    raise Exception(log_message)
Exception: 断言失败:status_code不等于200

[2023-11-28 09:55:35,868] logger_util.py->error_log line:65 [INFO] 分析YAML文件异常：异常信息: Traceback (most recent call last):
  File "E:\Project_python\api_cms\common\requests_util.py", line 368, in validate_result
    error_log("断言失败:"+assert_key+"不等于"+str(assert_value))
  File "E:\Project_python\api_cms\common\logger_util.py", line 66, in error_log
    raise Exception(log_message)
Exception: 断言失败:status_code不等于200

During handling of the above exception, another exception occurred:

Traceback (most recent call last):
  File "E:\Project_python\api_cms\common\requests_util.py", line 265, in analysis_yaml
    self.validate_result(yq_result, return_text, status_code)
  File "E:\Project_python\api_cms\common\requests_util.py", line 448, in validate_result
    error_log("断言异常：异常信息: %s" % str(traceback.format_exc()))
  File "E:\Project_python\api_cms\common\logger_util.py", line 66, in error_log
    raise Exception(log_message)
Exception: 断言异常：异常信息: Traceback (most recent call last):
  File "E:\Project_python\api_cms\common\requests_util.py", line 368, in validate_result
    error_log("断言失败:"+assert_key+"不等于"+str(assert_value))
  File "E:\Project_python\api_cms\common\logger_util.py", line 66, in error_log
    raise Exception(log_message)
Exception: 断言失败:status_code不等于200


[2023-11-28 09:55:35,988] logger_util.py->error_log line:65 [INFO] 发送请求异常：异常信息: Traceback (most recent call last):
  File "E:\Project_python\api_cms\common\requests_util.py", line 309, in send_request
    self.base_url = self.replace_load(self.base_url) + self.replace_load(url)
  File "E:\Project_python\api_cms\common\requests_util.py", line 140, in replace_load
    new_value = getattr(DubugTalk(), func_name)(*args_value.split(','))
  File "E:\Project_python\api_cms\debug_talk.py", line 26, in get_extract_data
    return read_extract_file(node_name)
  File "E:\Project_python\api_cms\common\yaml_util.py", line 19, in read_extract_file
    return value[one_node]
KeyError: 'copy_maptable_id'

[2023-11-28 09:55:35,989] logger_util.py->error_log line:65 [INFO] 分析YAML文件异常：异常信息: Traceback (most recent call last):
  File "E:\Project_python\api_cms\common\requests_util.py", line 309, in send_request
    self.base_url = self.replace_load(self.base_url) + self.replace_load(url)
  File "E:\Project_python\api_cms\common\requests_util.py", line 140, in replace_load
    new_value = getattr(DubugTalk(), func_name)(*args_value.split(','))
  File "E:\Project_python\api_cms\debug_talk.py", line 26, in get_extract_data
    return read_extract_file(node_name)
  File "E:\Project_python\api_cms\common\yaml_util.py", line 19, in read_extract_file
    return value[one_node]
KeyError: 'copy_maptable_id'

During handling of the above exception, another exception occurred:

Traceback (most recent call last):
  File "E:\Project_python\api_cms\common\requests_util.py", line 185, in analysis_yaml
    res = self.send_request(name =name,method=method,
  File "E:\Project_python\api_cms\common\requests_util.py", line 335, in send_request
    error_log("发送请求异常：异常信息: %s" % str(traceback.format_exc()))
  File "E:\Project_python\api_cms\common\logger_util.py", line 66, in error_log
    raise Exception(log_message)
Exception: 发送请求异常：异常信息: Traceback (most recent call last):
  File "E:\Project_python\api_cms\common\requests_util.py", line 309, in send_request
    self.base_url = self.replace_load(self.base_url) + self.replace_load(url)
  File "E:\Project_python\api_cms\common\requests_util.py", line 140, in replace_load
    new_value = getattr(DubugTalk(), func_name)(*args_value.split(','))
  File "E:\Project_python\api_cms\debug_talk.py", line 26, in get_extract_data
    return read_extract_file(node_name)
  File "E:\Project_python\api_cms\common\yaml_util.py", line 19, in read_extract_file
    return value[one_node]
KeyError: 'copy_maptable_id'


