[2023-08-24 17:31:42,960] logger_util.py->write_log line:61 [INFO] 
-------------接口请求开始-----------
[2023-08-24 17:31:42,960] logger_util.py->write_log line:61 [INFO] 接口名称：新增内部变量-二进制
[2023-08-24 17:31:42,960] logger_util.py->write_log line:61 [INFO] 接口方式：post
[2023-08-24 17:31:42,961] logger_util.py->write_log line:61 [INFO] 接口路径：http://127.0.0.1:18000/api/v1/variable/tunnel/146/tag
[2023-08-24 17:31:42,961] logger_util.py->write_log line:61 [INFO] 请求头：{}
[2023-08-24 17:31:42,961] logger_util.py->write_log line:61 [INFO] 请求参数：[{'archiveSetting': None, 'groupId': None, 'name': 'A1', 'description': '二进制', 'typeName': '二进制', 'config': {'initType': 0, 'setValue': None}, 'index': 1}]
[2023-08-24 17:31:42,961] logger_util.py->write_log line:61 [INFO] 文件上传：None
[2023-08-24 17:31:42,980] logger_util.py->error_log line:65 [INFO] 断言失败:status_code不等于200
[2023-08-24 17:31:42,980] logger_util.py->write_log line:61 [INFO] 实际结果：序号<1>变量配置错误：变量名<A1>已存在，请重新输入
[2023-08-24 17:31:42,980] logger_util.py->write_log line:61 [INFO] 接口请求失败！
[2023-08-24 17:31:42,980] logger_util.py->write_log line:61 [INFO] -------------接口请求结束-----------

[2023-08-24 17:31:42,981] logger_util.py->error_log line:65 [INFO] 断言异常：异常信息: Traceback (most recent call last):
  File "E:\Project_python\api_cms\common\requests_util.py", line 356, in validate_result
    error_log("断言失败:"+assert_key+"不等于"+str(assert_value))
  File "E:\Project_python\api_cms\common\logger_util.py", line 66, in error_log
    raise Exception(log_message)
Exception: 断言失败:status_code不等于200

[2023-08-24 17:31:42,981] logger_util.py->error_log line:65 [INFO] 分析YAML文件异常：异常信息: Traceback (most recent call last):
  File "E:\Project_python\api_cms\common\requests_util.py", line 356, in validate_result
    error_log("断言失败:"+assert_key+"不等于"+str(assert_value))
  File "E:\Project_python\api_cms\common\logger_util.py", line 66, in error_log
    raise Exception(log_message)
Exception: 断言失败:status_code不等于200

During handling of the above exception, another exception occurred:

Traceback (most recent call last):
  File "E:\Project_python\api_cms\common\requests_util.py", line 255, in analysis_yaml
    self.validate_result(yq_result, return_text, status_code)
  File "E:\Project_python\api_cms\common\requests_util.py", line 413, in validate_result
    error_log("断言异常：异常信息: %s" % str(traceback.format_exc()))
  File "E:\Project_python\api_cms\common\logger_util.py", line 66, in error_log
    raise Exception(log_message)
Exception: 断言异常：异常信息: Traceback (most recent call last):
  File "E:\Project_python\api_cms\common\requests_util.py", line 356, in validate_result
    error_log("断言失败:"+assert_key+"不等于"+str(assert_value))
  File "E:\Project_python\api_cms\common\logger_util.py", line 66, in error_log
    raise Exception(log_message)
Exception: 断言失败:status_code不等于200


[2023-08-24 17:31:43,089] logger_util.py->write_log line:61 [INFO] 
-------------接口请求开始-----------
[2023-08-24 17:31:43,089] logger_util.py->write_log line:61 [INFO] 接口名称：新增内部变量-有符号8位整型
[2023-08-24 17:31:43,090] logger_util.py->write_log line:61 [INFO] 接口方式：post
[2023-08-24 17:31:43,090] logger_util.py->write_log line:61 [INFO] 接口路径：http://127.0.0.1:18000/api/v1/variable/tunnel/146/tag
[2023-08-24 17:31:43,090] logger_util.py->write_log line:61 [INFO] 请求头：{}
[2023-08-24 17:31:43,090] logger_util.py->write_log line:61 [INFO] 请求参数：[{'archiveSetting': None, 'groupId': None, 'name': 'A2', 'description': '有符号8位整型', 'typeName': '有符号8位整型', 'config': {'initType': 0, 'setValue': None}, 'index': 2}]
[2023-08-24 17:31:43,090] logger_util.py->write_log line:61 [INFO] 文件上传：None
[2023-08-24 17:31:43,098] logger_util.py->error_log line:65 [INFO] 断言失败:status_code不等于200
[2023-08-24 17:31:43,098] logger_util.py->write_log line:61 [INFO] 实际结果：序号<2>变量配置错误：变量名<A2>已存在，请重新输入
[2023-08-24 17:31:43,098] logger_util.py->write_log line:61 [INFO] 接口请求失败！
[2023-08-24 17:31:43,098] logger_util.py->write_log line:61 [INFO] -------------接口请求结束-----------

[2023-08-24 17:31:43,098] logger_util.py->error_log line:65 [INFO] 断言异常：异常信息: Traceback (most recent call last):
  File "E:\Project_python\api_cms\common\requests_util.py", line 356, in validate_result
    error_log("断言失败:"+assert_key+"不等于"+str(assert_value))
  File "E:\Project_python\api_cms\common\logger_util.py", line 66, in error_log
    raise Exception(log_message)
Exception: 断言失败:status_code不等于200

[2023-08-24 17:31:43,099] logger_util.py->error_log line:65 [INFO] 分析YAML文件异常：异常信息: Traceback (most recent call last):
  File "E:\Project_python\api_cms\common\requests_util.py", line 356, in validate_result
    error_log("断言失败:"+assert_key+"不等于"+str(assert_value))
  File "E:\Project_python\api_cms\common\logger_util.py", line 66, in error_log
    raise Exception(log_message)
Exception: 断言失败:status_code不等于200

During handling of the above exception, another exception occurred:

Traceback (most recent call last):
  File "E:\Project_python\api_cms\common\requests_util.py", line 255, in analysis_yaml
    self.validate_result(yq_result, return_text, status_code)
  File "E:\Project_python\api_cms\common\requests_util.py", line 413, in validate_result
    error_log("断言异常：异常信息: %s" % str(traceback.format_exc()))
  File "E:\Project_python\api_cms\common\logger_util.py", line 66, in error_log
    raise Exception(log_message)
Exception: 断言异常：异常信息: Traceback (most recent call last):
  File "E:\Project_python\api_cms\common\requests_util.py", line 356, in validate_result
    error_log("断言失败:"+assert_key+"不等于"+str(assert_value))
  File "E:\Project_python\api_cms\common\logger_util.py", line 66, in error_log
    raise Exception(log_message)
Exception: 断言失败:status_code不等于200


[2023-08-24 17:31:43,125] logger_util.py->write_log line:61 [INFO] 
-------------接口请求开始-----------
[2023-08-24 17:31:43,125] logger_util.py->write_log line:61 [INFO] 接口名称：新增内部变量-无符号8位整型
[2023-08-24 17:31:43,125] logger_util.py->write_log line:61 [INFO] 接口方式：post
[2023-08-24 17:31:43,125] logger_util.py->write_log line:61 [INFO] 接口路径：http://127.0.0.1:18000/api/v1/variable/tunnel/146/tag
[2023-08-24 17:31:43,126] logger_util.py->write_log line:61 [INFO] 请求头：{}
[2023-08-24 17:31:43,126] logger_util.py->write_log line:61 [INFO] 请求参数：[{'archiveSetting': None, 'groupId': None, 'name': 'A3', 'description': '无符号8位整型', 'typeName': '无符号8位整型', 'config': {'initType': 0, 'setValue': None}, 'index': 3}]
[2023-08-24 17:31:43,126] logger_util.py->write_log line:61 [INFO] 文件上传：None
[2023-08-24 17:31:43,134] logger_util.py->error_log line:65 [INFO] 断言失败:status_code不等于200
[2023-08-24 17:31:43,134] logger_util.py->write_log line:61 [INFO] 实际结果：序号<3>变量配置错误：变量名<A3>已存在，请重新输入
[2023-08-24 17:31:43,134] logger_util.py->write_log line:61 [INFO] 接口请求失败！
[2023-08-24 17:31:43,134] logger_util.py->write_log line:61 [INFO] -------------接口请求结束-----------

[2023-08-24 17:31:43,134] logger_util.py->error_log line:65 [INFO] 断言异常：异常信息: Traceback (most recent call last):
  File "E:\Project_python\api_cms\common\requests_util.py", line 356, in validate_result
    error_log("断言失败:"+assert_key+"不等于"+str(assert_value))
  File "E:\Project_python\api_cms\common\logger_util.py", line 66, in error_log
    raise Exception(log_message)
Exception: 断言失败:status_code不等于200

[2023-08-24 17:31:43,134] logger_util.py->error_log line:65 [INFO] 分析YAML文件异常：异常信息: Traceback (most recent call last):
  File "E:\Project_python\api_cms\common\requests_util.py", line 356, in validate_result
    error_log("断言失败:"+assert_key+"不等于"+str(assert_value))
  File "E:\Project_python\api_cms\common\logger_util.py", line 66, in error_log
    raise Exception(log_message)
Exception: 断言失败:status_code不等于200

During handling of the above exception, another exception occurred:

Traceback (most recent call last):
  File "E:\Project_python\api_cms\common\requests_util.py", line 255, in analysis_yaml
    self.validate_result(yq_result, return_text, status_code)
  File "E:\Project_python\api_cms\common\requests_util.py", line 413, in validate_result
    error_log("断言异常：异常信息: %s" % str(traceback.format_exc()))
  File "E:\Project_python\api_cms\common\logger_util.py", line 66, in error_log
    raise Exception(log_message)
Exception: 断言异常：异常信息: Traceback (most recent call last):
  File "E:\Project_python\api_cms\common\requests_util.py", line 356, in validate_result
    error_log("断言失败:"+assert_key+"不等于"+str(assert_value))
  File "E:\Project_python\api_cms\common\logger_util.py", line 66, in error_log
    raise Exception(log_message)
Exception: 断言失败:status_code不等于200


[2023-08-24 17:31:43,161] logger_util.py->write_log line:61 [INFO] 
-------------接口请求开始-----------
[2023-08-24 17:31:43,161] logger_util.py->write_log line:61 [INFO] 接口名称：新增内部变量-有符号16位整型
[2023-08-24 17:31:43,161] logger_util.py->write_log line:61 [INFO] 接口方式：post
[2023-08-24 17:31:43,161] logger_util.py->write_log line:61 [INFO] 接口路径：http://127.0.0.1:18000/api/v1/variable/tunnel/146/tag
[2023-08-24 17:31:43,161] logger_util.py->write_log line:61 [INFO] 请求头：{}
[2023-08-24 17:31:43,161] logger_util.py->write_log line:61 [INFO] 请求参数：[{'archiveSetting': None, 'groupId': None, 'name': 'A4', 'description': '有符号16位整型', 'typeName': '有符号16位整型', 'config': {'initType': 0, 'setValue': None}, 'index': 4}]
[2023-08-24 17:31:43,161] logger_util.py->write_log line:61 [INFO] 文件上传：None
[2023-08-24 17:31:43,169] logger_util.py->error_log line:65 [INFO] 断言失败:status_code不等于200
[2023-08-24 17:31:43,169] logger_util.py->write_log line:61 [INFO] 实际结果：序号<4>变量配置错误：变量名<A4>已存在，请重新输入
[2023-08-24 17:31:43,169] logger_util.py->write_log line:61 [INFO] 接口请求失败！
[2023-08-24 17:31:43,169] logger_util.py->write_log line:61 [INFO] -------------接口请求结束-----------

[2023-08-24 17:31:43,170] logger_util.py->error_log line:65 [INFO] 断言异常：异常信息: Traceback (most recent call last):
  File "E:\Project_python\api_cms\common\requests_util.py", line 356, in validate_result
    error_log("断言失败:"+assert_key+"不等于"+str(assert_value))
  File "E:\Project_python\api_cms\common\logger_util.py", line 66, in error_log
    raise Exception(log_message)
Exception: 断言失败:status_code不等于200

[2023-08-24 17:31:43,170] logger_util.py->error_log line:65 [INFO] 分析YAML文件异常：异常信息: Traceback (most recent call last):
  File "E:\Project_python\api_cms\common\requests_util.py", line 356, in validate_result
    error_log("断言失败:"+assert_key+"不等于"+str(assert_value))
  File "E:\Project_python\api_cms\common\logger_util.py", line 66, in error_log
    raise Exception(log_message)
Exception: 断言失败:status_code不等于200

During handling of the above exception, another exception occurred:

Traceback (most recent call last):
  File "E:\Project_python\api_cms\common\requests_util.py", line 255, in analysis_yaml
    self.validate_result(yq_result, return_text, status_code)
  File "E:\Project_python\api_cms\common\requests_util.py", line 413, in validate_result
    error_log("断言异常：异常信息: %s" % str(traceback.format_exc()))
  File "E:\Project_python\api_cms\common\logger_util.py", line 66, in error_log
    raise Exception(log_message)
Exception: 断言异常：异常信息: Traceback (most recent call last):
  File "E:\Project_python\api_cms\common\requests_util.py", line 356, in validate_result
    error_log("断言失败:"+assert_key+"不等于"+str(assert_value))
  File "E:\Project_python\api_cms\common\logger_util.py", line 66, in error_log
    raise Exception(log_message)
Exception: 断言失败:status_code不等于200


[2023-08-24 17:31:43,196] logger_util.py->write_log line:61 [INFO] 
-------------接口请求开始-----------
[2023-08-24 17:31:43,196] logger_util.py->write_log line:61 [INFO] 接口名称：新增内部变量-无符号16位整型
[2023-08-24 17:31:43,196] logger_util.py->write_log line:61 [INFO] 接口方式：post
[2023-08-24 17:31:43,197] logger_util.py->write_log line:61 [INFO] 接口路径：http://127.0.0.1:18000/api/v1/variable/tunnel/146/tag
[2023-08-24 17:31:43,197] logger_util.py->write_log line:61 [INFO] 请求头：{}
[2023-08-24 17:31:43,197] logger_util.py->write_log line:61 [INFO] 请求参数：[{'archiveSetting': None, 'groupId': None, 'name': 'A5', 'description': '无符号16位整型', 'typeName': '无符号16位整型', 'config': {'initType': 0, 'setValue': None}, 'index': 5}]
[2023-08-24 17:31:43,197] logger_util.py->write_log line:61 [INFO] 文件上传：None
[2023-08-24 17:31:43,205] logger_util.py->error_log line:65 [INFO] 断言失败:status_code不等于200
[2023-08-24 17:31:43,205] logger_util.py->write_log line:61 [INFO] 实际结果：序号<5>变量配置错误：变量名<A5>已存在，请重新输入
[2023-08-24 17:31:43,205] logger_util.py->write_log line:61 [INFO] 接口请求失败！
[2023-08-24 17:31:43,205] logger_util.py->write_log line:61 [INFO] -------------接口请求结束-----------

[2023-08-24 17:31:43,205] logger_util.py->error_log line:65 [INFO] 断言异常：异常信息: Traceback (most recent call last):
  File "E:\Project_python\api_cms\common\requests_util.py", line 356, in validate_result
    error_log("断言失败:"+assert_key+"不等于"+str(assert_value))
  File "E:\Project_python\api_cms\common\logger_util.py", line 66, in error_log
    raise Exception(log_message)
Exception: 断言失败:status_code不等于200

[2023-08-24 17:31:43,206] logger_util.py->error_log line:65 [INFO] 分析YAML文件异常：异常信息: Traceback (most recent call last):
  File "E:\Project_python\api_cms\common\requests_util.py", line 356, in validate_result
    error_log("断言失败:"+assert_key+"不等于"+str(assert_value))
  File "E:\Project_python\api_cms\common\logger_util.py", line 66, in error_log
    raise Exception(log_message)
Exception: 断言失败:status_code不等于200

During handling of the above exception, another exception occurred:

Traceback (most recent call last):
  File "E:\Project_python\api_cms\common\requests_util.py", line 255, in analysis_yaml
    self.validate_result(yq_result, return_text, status_code)
  File "E:\Project_python\api_cms\common\requests_util.py", line 413, in validate_result
    error_log("断言异常：异常信息: %s" % str(traceback.format_exc()))
  File "E:\Project_python\api_cms\common\logger_util.py", line 66, in error_log
    raise Exception(log_message)
Exception: 断言异常：异常信息: Traceback (most recent call last):
  File "E:\Project_python\api_cms\common\requests_util.py", line 356, in validate_result
    error_log("断言失败:"+assert_key+"不等于"+str(assert_value))
  File "E:\Project_python\api_cms\common\logger_util.py", line 66, in error_log
    raise Exception(log_message)
Exception: 断言失败:status_code不等于200


[2023-08-24 17:31:43,233] logger_util.py->write_log line:61 [INFO] 
-------------接口请求开始-----------
[2023-08-24 17:31:43,233] logger_util.py->write_log line:61 [INFO] 接口名称：新增内部变量-有符号32位整型
[2023-08-24 17:31:43,233] logger_util.py->write_log line:61 [INFO] 接口方式：post
[2023-08-24 17:31:43,233] logger_util.py->write_log line:61 [INFO] 接口路径：http://127.0.0.1:18000/api/v1/variable/tunnel/146/tag
[2023-08-24 17:31:43,233] logger_util.py->write_log line:61 [INFO] 请求头：{}
[2023-08-24 17:31:43,233] logger_util.py->write_log line:61 [INFO] 请求参数：[{'archiveSetting': None, 'groupId': None, 'name': 'A6', 'description': '有符号32位整型', 'typeName': '有符号32位整型', 'config': {'initType': 0, 'setValue': None}, 'index': 6}]
[2023-08-24 17:31:43,233] logger_util.py->write_log line:61 [INFO] 文件上传：None
[2023-08-24 17:31:43,241] logger_util.py->error_log line:65 [INFO] 断言失败:status_code不等于200
[2023-08-24 17:31:43,241] logger_util.py->write_log line:61 [INFO] 实际结果：序号<6>变量配置错误：变量名<A6>已存在，请重新输入
[2023-08-24 17:31:43,241] logger_util.py->write_log line:61 [INFO] 接口请求失败！
[2023-08-24 17:31:43,241] logger_util.py->write_log line:61 [INFO] -------------接口请求结束-----------

[2023-08-24 17:31:43,242] logger_util.py->error_log line:65 [INFO] 断言异常：异常信息: Traceback (most recent call last):
  File "E:\Project_python\api_cms\common\requests_util.py", line 356, in validate_result
    error_log("断言失败:"+assert_key+"不等于"+str(assert_value))
  File "E:\Project_python\api_cms\common\logger_util.py", line 66, in error_log
    raise Exception(log_message)
Exception: 断言失败:status_code不等于200

[2023-08-24 17:31:43,242] logger_util.py->error_log line:65 [INFO] 分析YAML文件异常：异常信息: Traceback (most recent call last):
  File "E:\Project_python\api_cms\common\requests_util.py", line 356, in validate_result
    error_log("断言失败:"+assert_key+"不等于"+str(assert_value))
  File "E:\Project_python\api_cms\common\logger_util.py", line 66, in error_log
    raise Exception(log_message)
Exception: 断言失败:status_code不等于200

During handling of the above exception, another exception occurred:

Traceback (most recent call last):
  File "E:\Project_python\api_cms\common\requests_util.py", line 255, in analysis_yaml
    self.validate_result(yq_result, return_text, status_code)
  File "E:\Project_python\api_cms\common\requests_util.py", line 413, in validate_result
    error_log("断言异常：异常信息: %s" % str(traceback.format_exc()))
  File "E:\Project_python\api_cms\common\logger_util.py", line 66, in error_log
    raise Exception(log_message)
Exception: 断言异常：异常信息: Traceback (most recent call last):
  File "E:\Project_python\api_cms\common\requests_util.py", line 356, in validate_result
    error_log("断言失败:"+assert_key+"不等于"+str(assert_value))
  File "E:\Project_python\api_cms\common\logger_util.py", line 66, in error_log
    raise Exception(log_message)
Exception: 断言失败:status_code不等于200


[2023-08-24 17:31:43,268] logger_util.py->write_log line:61 [INFO] 
-------------接口请求开始-----------
[2023-08-24 17:31:43,269] logger_util.py->write_log line:61 [INFO] 接口名称：新增内部变量-无符号32位整型
[2023-08-24 17:31:43,269] logger_util.py->write_log line:61 [INFO] 接口方式：post
[2023-08-24 17:31:43,269] logger_util.py->write_log line:61 [INFO] 接口路径：http://127.0.0.1:18000/api/v1/variable/tunnel/146/tag
[2023-08-24 17:31:43,269] logger_util.py->write_log line:61 [INFO] 请求头：{}
[2023-08-24 17:31:43,269] logger_util.py->write_log line:61 [INFO] 请求参数：[{'archiveSetting': None, 'groupId': None, 'name': 'A7', 'description': '无符号32位整型', 'typeName': '无符号32位整型', 'config': {'initType': 0, 'setValue': None}, 'index': 7}]
[2023-08-24 17:31:43,269] logger_util.py->write_log line:61 [INFO] 文件上传：None
[2023-08-24 17:31:43,277] logger_util.py->error_log line:65 [INFO] 断言失败:status_code不等于200
[2023-08-24 17:31:43,277] logger_util.py->write_log line:61 [INFO] 实际结果：序号<7>变量配置错误：变量名<A7>已存在，请重新输入
[2023-08-24 17:31:43,277] logger_util.py->write_log line:61 [INFO] 接口请求失败！
[2023-08-24 17:31:43,277] logger_util.py->write_log line:61 [INFO] -------------接口请求结束-----------

[2023-08-24 17:31:43,277] logger_util.py->error_log line:65 [INFO] 断言异常：异常信息: Traceback (most recent call last):
  File "E:\Project_python\api_cms\common\requests_util.py", line 356, in validate_result
    error_log("断言失败:"+assert_key+"不等于"+str(assert_value))
  File "E:\Project_python\api_cms\common\logger_util.py", line 66, in error_log
    raise Exception(log_message)
Exception: 断言失败:status_code不等于200

[2023-08-24 17:31:43,278] logger_util.py->error_log line:65 [INFO] 分析YAML文件异常：异常信息: Traceback (most recent call last):
  File "E:\Project_python\api_cms\common\requests_util.py", line 356, in validate_result
    error_log("断言失败:"+assert_key+"不等于"+str(assert_value))
  File "E:\Project_python\api_cms\common\logger_util.py", line 66, in error_log
    raise Exception(log_message)
Exception: 断言失败:status_code不等于200

During handling of the above exception, another exception occurred:

Traceback (most recent call last):
  File "E:\Project_python\api_cms\common\requests_util.py", line 255, in analysis_yaml
    self.validate_result(yq_result, return_text, status_code)
  File "E:\Project_python\api_cms\common\requests_util.py", line 413, in validate_result
    error_log("断言异常：异常信息: %s" % str(traceback.format_exc()))
  File "E:\Project_python\api_cms\common\logger_util.py", line 66, in error_log
    raise Exception(log_message)
Exception: 断言异常：异常信息: Traceback (most recent call last):
  File "E:\Project_python\api_cms\common\requests_util.py", line 356, in validate_result
    error_log("断言失败:"+assert_key+"不等于"+str(assert_value))
  File "E:\Project_python\api_cms\common\logger_util.py", line 66, in error_log
    raise Exception(log_message)
Exception: 断言失败:status_code不等于200


[2023-08-24 17:31:43,304] logger_util.py->write_log line:61 [INFO] 
-------------接口请求开始-----------
[2023-08-24 17:31:43,304] logger_util.py->write_log line:61 [INFO] 接口名称：新增内部变量-有符号64位整型
[2023-08-24 17:31:43,304] logger_util.py->write_log line:61 [INFO] 接口方式：post
[2023-08-24 17:31:43,305] logger_util.py->write_log line:61 [INFO] 接口路径：http://127.0.0.1:18000/api/v1/variable/tunnel/146/tag
[2023-08-24 17:31:43,305] logger_util.py->write_log line:61 [INFO] 请求头：{}
[2023-08-24 17:31:43,305] logger_util.py->write_log line:61 [INFO] 请求参数：[{'archiveSetting': None, 'groupId': None, 'name': 'A8', 'description': '有符号64位整型', 'typeName': '有符号64位整型', 'config': {'initType': 0, 'setValue': None}, 'index': 8}]
[2023-08-24 17:31:43,305] logger_util.py->write_log line:61 [INFO] 文件上传：None
[2023-08-24 17:31:43,313] logger_util.py->error_log line:65 [INFO] 断言失败:status_code不等于200
[2023-08-24 17:31:43,314] logger_util.py->write_log line:61 [INFO] 实际结果：序号<8>变量配置错误：变量名<A8>已存在，请重新输入
[2023-08-24 17:31:43,314] logger_util.py->write_log line:61 [INFO] 接口请求失败！
[2023-08-24 17:31:43,314] logger_util.py->write_log line:61 [INFO] -------------接口请求结束-----------

[2023-08-24 17:31:43,314] logger_util.py->error_log line:65 [INFO] 断言异常：异常信息: Traceback (most recent call last):
  File "E:\Project_python\api_cms\common\requests_util.py", line 356, in validate_result
    error_log("断言失败:"+assert_key+"不等于"+str(assert_value))
  File "E:\Project_python\api_cms\common\logger_util.py", line 66, in error_log
    raise Exception(log_message)
Exception: 断言失败:status_code不等于200

[2023-08-24 17:31:43,314] logger_util.py->error_log line:65 [INFO] 分析YAML文件异常：异常信息: Traceback (most recent call last):
  File "E:\Project_python\api_cms\common\requests_util.py", line 356, in validate_result
    error_log("断言失败:"+assert_key+"不等于"+str(assert_value))
  File "E:\Project_python\api_cms\common\logger_util.py", line 66, in error_log
    raise Exception(log_message)
Exception: 断言失败:status_code不等于200

During handling of the above exception, another exception occurred:

Traceback (most recent call last):
  File "E:\Project_python\api_cms\common\requests_util.py", line 255, in analysis_yaml
    self.validate_result(yq_result, return_text, status_code)
  File "E:\Project_python\api_cms\common\requests_util.py", line 413, in validate_result
    error_log("断言异常：异常信息: %s" % str(traceback.format_exc()))
  File "E:\Project_python\api_cms\common\logger_util.py", line 66, in error_log
    raise Exception(log_message)
Exception: 断言异常：异常信息: Traceback (most recent call last):
  File "E:\Project_python\api_cms\common\requests_util.py", line 356, in validate_result
    error_log("断言失败:"+assert_key+"不等于"+str(assert_value))
  File "E:\Project_python\api_cms\common\logger_util.py", line 66, in error_log
    raise Exception(log_message)
Exception: 断言失败:status_code不等于200


[2023-08-24 17:31:43,341] logger_util.py->write_log line:61 [INFO] 
-------------接口请求开始-----------
[2023-08-24 17:31:43,342] logger_util.py->write_log line:61 [INFO] 接口名称：新增内部变量-无符号64位整型
[2023-08-24 17:31:43,342] logger_util.py->write_log line:61 [INFO] 接口方式：post
[2023-08-24 17:31:43,342] logger_util.py->write_log line:61 [INFO] 接口路径：http://127.0.0.1:18000/api/v1/variable/tunnel/146/tag
[2023-08-24 17:31:43,342] logger_util.py->write_log line:61 [INFO] 请求头：{}
[2023-08-24 17:31:43,342] logger_util.py->write_log line:61 [INFO] 请求参数：[{'archiveSetting': None, 'groupId': None, 'name': 'A9', 'description': '无符号64位整型', 'typeName': '无符号64位整型', 'config': {'initType': 0, 'setValue': None}, 'index': 9}]
[2023-08-24 17:31:43,342] logger_util.py->write_log line:61 [INFO] 文件上传：None
[2023-08-24 17:31:43,350] logger_util.py->error_log line:65 [INFO] 断言失败:status_code不等于200
[2023-08-24 17:31:43,350] logger_util.py->write_log line:61 [INFO] 实际结果：序号<9>变量配置错误：变量名<A9>已存在，请重新输入
[2023-08-24 17:31:43,350] logger_util.py->write_log line:61 [INFO] 接口请求失败！
[2023-08-24 17:31:43,350] logger_util.py->write_log line:61 [INFO] -------------接口请求结束-----------

[2023-08-24 17:31:43,351] logger_util.py->error_log line:65 [INFO] 断言异常：异常信息: Traceback (most recent call last):
  File "E:\Project_python\api_cms\common\requests_util.py", line 356, in validate_result
    error_log("断言失败:"+assert_key+"不等于"+str(assert_value))
  File "E:\Project_python\api_cms\common\logger_util.py", line 66, in error_log
    raise Exception(log_message)
Exception: 断言失败:status_code不等于200

[2023-08-24 17:31:43,351] logger_util.py->error_log line:65 [INFO] 分析YAML文件异常：异常信息: Traceback (most recent call last):
  File "E:\Project_python\api_cms\common\requests_util.py", line 356, in validate_result
    error_log("断言失败:"+assert_key+"不等于"+str(assert_value))
  File "E:\Project_python\api_cms\common\logger_util.py", line 66, in error_log
    raise Exception(log_message)
Exception: 断言失败:status_code不等于200

During handling of the above exception, another exception occurred:

Traceback (most recent call last):
  File "E:\Project_python\api_cms\common\requests_util.py", line 255, in analysis_yaml
    self.validate_result(yq_result, return_text, status_code)
  File "E:\Project_python\api_cms\common\requests_util.py", line 413, in validate_result
    error_log("断言异常：异常信息: %s" % str(traceback.format_exc()))
  File "E:\Project_python\api_cms\common\logger_util.py", line 66, in error_log
    raise Exception(log_message)
Exception: 断言异常：异常信息: Traceback (most recent call last):
  File "E:\Project_python\api_cms\common\requests_util.py", line 356, in validate_result
    error_log("断言失败:"+assert_key+"不等于"+str(assert_value))
  File "E:\Project_python\api_cms\common\logger_util.py", line 66, in error_log
    raise Exception(log_message)
Exception: 断言失败:status_code不等于200


[2023-08-24 17:31:43,378] logger_util.py->write_log line:61 [INFO] 
-------------接口请求开始-----------
[2023-08-24 17:31:43,378] logger_util.py->write_log line:61 [INFO] 接口名称：新增内部变量-F32位浮点数IEEE754
[2023-08-24 17:31:43,379] logger_util.py->write_log line:61 [INFO] 接口方式：post
[2023-08-24 17:31:43,379] logger_util.py->write_log line:61 [INFO] 接口路径：http://127.0.0.1:18000/api/v1/variable/tunnel/146/tag
[2023-08-24 17:31:43,379] logger_util.py->write_log line:61 [INFO] 请求头：{}
[2023-08-24 17:31:43,379] logger_util.py->write_log line:61 [INFO] 请求参数：[{'archiveSetting': None, 'groupId': None, 'name': 'A10', 'description': 'F32位浮点数IEEE754', 'typeName': 'F32位浮点数IEEE754', 'config': {'initType': 0, 'setValue': None}, 'index': 10}]
[2023-08-24 17:31:43,379] logger_util.py->write_log line:61 [INFO] 文件上传：None
[2023-08-24 17:31:43,390] logger_util.py->error_log line:65 [INFO] 断言失败:status_code不等于200
[2023-08-24 17:31:43,390] logger_util.py->write_log line:61 [INFO] 实际结果：序号<10>变量配置错误：变量名<A10>已存在，请重新输入
[2023-08-24 17:31:43,390] logger_util.py->write_log line:61 [INFO] 接口请求失败！
[2023-08-24 17:31:43,390] logger_util.py->write_log line:61 [INFO] -------------接口请求结束-----------

[2023-08-24 17:31:43,391] logger_util.py->error_log line:65 [INFO] 断言异常：异常信息: Traceback (most recent call last):
  File "E:\Project_python\api_cms\common\requests_util.py", line 356, in validate_result
    error_log("断言失败:"+assert_key+"不等于"+str(assert_value))
  File "E:\Project_python\api_cms\common\logger_util.py", line 66, in error_log
    raise Exception(log_message)
Exception: 断言失败:status_code不等于200

[2023-08-24 17:31:43,391] logger_util.py->error_log line:65 [INFO] 分析YAML文件异常：异常信息: Traceback (most recent call last):
  File "E:\Project_python\api_cms\common\requests_util.py", line 356, in validate_result
    error_log("断言失败:"+assert_key+"不等于"+str(assert_value))
  File "E:\Project_python\api_cms\common\logger_util.py", line 66, in error_log
    raise Exception(log_message)
Exception: 断言失败:status_code不等于200

During handling of the above exception, another exception occurred:

Traceback (most recent call last):
  File "E:\Project_python\api_cms\common\requests_util.py", line 255, in analysis_yaml
    self.validate_result(yq_result, return_text, status_code)
  File "E:\Project_python\api_cms\common\requests_util.py", line 413, in validate_result
    error_log("断言异常：异常信息: %s" % str(traceback.format_exc()))
  File "E:\Project_python\api_cms\common\logger_util.py", line 66, in error_log
    raise Exception(log_message)
Exception: 断言异常：异常信息: Traceback (most recent call last):
  File "E:\Project_python\api_cms\common\requests_util.py", line 356, in validate_result
    error_log("断言失败:"+assert_key+"不等于"+str(assert_value))
  File "E:\Project_python\api_cms\common\logger_util.py", line 66, in error_log
    raise Exception(log_message)
Exception: 断言失败:status_code不等于200


[2023-08-24 17:31:43,418] logger_util.py->write_log line:61 [INFO] 
-------------接口请求开始-----------
[2023-08-24 17:31:43,418] logger_util.py->write_log line:61 [INFO] 接口名称：新增内部变量-F64位浮点数IEEE754
[2023-08-24 17:31:43,418] logger_util.py->write_log line:61 [INFO] 接口方式：post
[2023-08-24 17:31:43,418] logger_util.py->write_log line:61 [INFO] 接口路径：http://127.0.0.1:18000/api/v1/variable/tunnel/146/tag
[2023-08-24 17:31:43,419] logger_util.py->write_log line:61 [INFO] 请求头：{}
[2023-08-24 17:31:43,419] logger_util.py->write_log line:61 [INFO] 请求参数：[{'archiveSetting': None, 'groupId': None, 'name': 'A11', 'description': 'F64位浮点数IEEE754', 'typeName': 'F64位浮点数IEEE754', 'config': {'initType': 0, 'setValue': None}, 'index': 11}]
[2023-08-24 17:31:43,419] logger_util.py->write_log line:61 [INFO] 文件上传：None
[2023-08-24 17:31:43,426] logger_util.py->error_log line:65 [INFO] 断言失败:status_code不等于200
[2023-08-24 17:31:43,426] logger_util.py->write_log line:61 [INFO] 实际结果：序号<11>变量配置错误：变量名<A11>已存在，请重新输入
[2023-08-24 17:31:43,427] logger_util.py->write_log line:61 [INFO] 接口请求失败！
[2023-08-24 17:31:43,427] logger_util.py->write_log line:61 [INFO] -------------接口请求结束-----------

[2023-08-24 17:31:43,427] logger_util.py->error_log line:65 [INFO] 断言异常：异常信息: Traceback (most recent call last):
  File "E:\Project_python\api_cms\common\requests_util.py", line 356, in validate_result
    error_log("断言失败:"+assert_key+"不等于"+str(assert_value))
  File "E:\Project_python\api_cms\common\logger_util.py", line 66, in error_log
    raise Exception(log_message)
Exception: 断言失败:status_code不等于200

[2023-08-24 17:31:43,427] logger_util.py->error_log line:65 [INFO] 分析YAML文件异常：异常信息: Traceback (most recent call last):
  File "E:\Project_python\api_cms\common\requests_util.py", line 356, in validate_result
    error_log("断言失败:"+assert_key+"不等于"+str(assert_value))
  File "E:\Project_python\api_cms\common\logger_util.py", line 66, in error_log
    raise Exception(log_message)
Exception: 断言失败:status_code不等于200

During handling of the above exception, another exception occurred:

Traceback (most recent call last):
  File "E:\Project_python\api_cms\common\requests_util.py", line 255, in analysis_yaml
    self.validate_result(yq_result, return_text, status_code)
  File "E:\Project_python\api_cms\common\requests_util.py", line 413, in validate_result
    error_log("断言异常：异常信息: %s" % str(traceback.format_exc()))
  File "E:\Project_python\api_cms\common\logger_util.py", line 66, in error_log
    raise Exception(log_message)
Exception: 断言异常：异常信息: Traceback (most recent call last):
  File "E:\Project_python\api_cms\common\requests_util.py", line 356, in validate_result
    error_log("断言失败:"+assert_key+"不等于"+str(assert_value))
  File "E:\Project_python\api_cms\common\logger_util.py", line 66, in error_log
    raise Exception(log_message)
Exception: 断言失败:status_code不等于200


[2023-08-24 17:31:43,454] logger_util.py->write_log line:61 [INFO] 
-------------接口请求开始-----------
[2023-08-24 17:31:43,454] logger_util.py->write_log line:61 [INFO] 接口名称：新增内部变量-字符串
[2023-08-24 17:31:43,454] logger_util.py->write_log line:61 [INFO] 接口方式：post
[2023-08-24 17:31:43,454] logger_util.py->write_log line:61 [INFO] 接口路径：http://127.0.0.1:18000/api/v1/variable/tunnel/146/tag
[2023-08-24 17:31:43,454] logger_util.py->write_log line:61 [INFO] 请求头：{}
[2023-08-24 17:31:43,454] logger_util.py->write_log line:61 [INFO] 请求参数：[{'archiveSetting': None, 'groupId': None, 'name': 'A12', 'description': '字符串', 'typeName': '字符串', 'config': {'initType': 0, 'setValue': None}, 'index': 12}]
[2023-08-24 17:31:43,454] logger_util.py->write_log line:61 [INFO] 文件上传：None
[2023-08-24 17:31:43,462] logger_util.py->error_log line:65 [INFO] 断言失败:status_code不等于200
[2023-08-24 17:31:43,462] logger_util.py->write_log line:61 [INFO] 实际结果：序号<12>变量配置错误：变量名<A12>已存在，请重新输入
[2023-08-24 17:31:43,462] logger_util.py->write_log line:61 [INFO] 接口请求失败！
[2023-08-24 17:31:43,462] logger_util.py->write_log line:61 [INFO] -------------接口请求结束-----------

[2023-08-24 17:31:43,463] logger_util.py->error_log line:65 [INFO] 断言异常：异常信息: Traceback (most recent call last):
  File "E:\Project_python\api_cms\common\requests_util.py", line 356, in validate_result
    error_log("断言失败:"+assert_key+"不等于"+str(assert_value))
  File "E:\Project_python\api_cms\common\logger_util.py", line 66, in error_log
    raise Exception(log_message)
Exception: 断言失败:status_code不等于200

[2023-08-24 17:31:43,463] logger_util.py->error_log line:65 [INFO] 分析YAML文件异常：异常信息: Traceback (most recent call last):
  File "E:\Project_python\api_cms\common\requests_util.py", line 356, in validate_result
    error_log("断言失败:"+assert_key+"不等于"+str(assert_value))
  File "E:\Project_python\api_cms\common\logger_util.py", line 66, in error_log
    raise Exception(log_message)
Exception: 断言失败:status_code不等于200

During handling of the above exception, another exception occurred:

Traceback (most recent call last):
  File "E:\Project_python\api_cms\common\requests_util.py", line 255, in analysis_yaml
    self.validate_result(yq_result, return_text, status_code)
  File "E:\Project_python\api_cms\common\requests_util.py", line 413, in validate_result
    error_log("断言异常：异常信息: %s" % str(traceback.format_exc()))
  File "E:\Project_python\api_cms\common\logger_util.py", line 66, in error_log
    raise Exception(log_message)
Exception: 断言异常：异常信息: Traceback (most recent call last):
  File "E:\Project_python\api_cms\common\requests_util.py", line 356, in validate_result
    error_log("断言失败:"+assert_key+"不等于"+str(assert_value))
  File "E:\Project_python\api_cms\common\logger_util.py", line 66, in error_log
    raise Exception(log_message)
Exception: 断言失败:status_code不等于200


[2023-08-24 17:31:43,489] logger_util.py->write_log line:61 [INFO] 
-------------接口请求开始-----------
[2023-08-24 17:31:43,489] logger_util.py->write_log line:61 [INFO] 接口名称：新增内部变量-宽字符串-设定值为空
[2023-08-24 17:31:43,489] logger_util.py->write_log line:61 [INFO] 接口方式：post
[2023-08-24 17:31:43,489] logger_util.py->write_log line:61 [INFO] 接口路径：http://127.0.0.1:18000/api/v1/variable/tunnel/146/tag
[2023-08-24 17:31:43,489] logger_util.py->write_log line:61 [INFO] 请求头：{}
[2023-08-24 17:31:43,489] logger_util.py->write_log line:61 [INFO] 请求参数：[{'archiveSetting': None, 'groupId': None, 'name': 'A13', 'description': '宽字符串', 'typeName': '宽字符串', 'config': {'initType': 0, 'setValue': None}, 'index': 13}]
[2023-08-24 17:31:43,489] logger_util.py->write_log line:61 [INFO] 文件上传：None
[2023-08-24 17:31:43,498] logger_util.py->error_log line:65 [INFO] 断言失败:status_code不等于200
[2023-08-24 17:31:43,498] logger_util.py->write_log line:61 [INFO] 实际结果：序号<13>变量配置错误：变量名<A13>已存在，请重新输入
[2023-08-24 17:31:43,498] logger_util.py->write_log line:61 [INFO] 接口请求失败！
[2023-08-24 17:31:43,498] logger_util.py->write_log line:61 [INFO] -------------接口请求结束-----------

[2023-08-24 17:31:43,498] logger_util.py->error_log line:65 [INFO] 断言异常：异常信息: Traceback (most recent call last):
  File "E:\Project_python\api_cms\common\requests_util.py", line 356, in validate_result
    error_log("断言失败:"+assert_key+"不等于"+str(assert_value))
  File "E:\Project_python\api_cms\common\logger_util.py", line 66, in error_log
    raise Exception(log_message)
Exception: 断言失败:status_code不等于200

[2023-08-24 17:31:43,499] logger_util.py->error_log line:65 [INFO] 分析YAML文件异常：异常信息: Traceback (most recent call last):
  File "E:\Project_python\api_cms\common\requests_util.py", line 356, in validate_result
    error_log("断言失败:"+assert_key+"不等于"+str(assert_value))
  File "E:\Project_python\api_cms\common\logger_util.py", line 66, in error_log
    raise Exception(log_message)
Exception: 断言失败:status_code不等于200

During handling of the above exception, another exception occurred:

Traceback (most recent call last):
  File "E:\Project_python\api_cms\common\requests_util.py", line 255, in analysis_yaml
    self.validate_result(yq_result, return_text, status_code)
  File "E:\Project_python\api_cms\common\requests_util.py", line 413, in validate_result
    error_log("断言异常：异常信息: %s" % str(traceback.format_exc()))
  File "E:\Project_python\api_cms\common\logger_util.py", line 66, in error_log
    raise Exception(log_message)
Exception: 断言异常：异常信息: Traceback (most recent call last):
  File "E:\Project_python\api_cms\common\requests_util.py", line 356, in validate_result
    error_log("断言失败:"+assert_key+"不等于"+str(assert_value))
  File "E:\Project_python\api_cms\common\logger_util.py", line 66, in error_log
    raise Exception(log_message)
Exception: 断言失败:status_code不等于200


[2023-08-24 17:31:43,527] logger_util.py->write_log line:61 [INFO] 
-------------接口请求开始-----------
[2023-08-24 17:31:43,527] logger_util.py->write_log line:61 [INFO] 接口名称：新增内部变量-日期
[2023-08-24 17:31:43,527] logger_util.py->write_log line:61 [INFO] 接口方式：post
[2023-08-24 17:31:43,527] logger_util.py->write_log line:61 [INFO] 接口路径：http://127.0.0.1:18000/api/v1/variable/tunnel/146/tag
[2023-08-24 17:31:43,527] logger_util.py->write_log line:61 [INFO] 请求头：{}
[2023-08-24 17:31:43,527] logger_util.py->write_log line:61 [INFO] 请求参数：[{'archiveSetting': None, 'groupId': None, 'name': 'A14', 'description': '日期', 'typeName': '日期', 'config': {'initType': 0, 'setValue': None}, 'index': 14}]
[2023-08-24 17:31:43,527] logger_util.py->write_log line:61 [INFO] 文件上传：None
[2023-08-24 17:31:47,391] logger_util.py->write_log line:61 [INFO] 预期结果：[{'equals': {'status_code': 200}}]
[2023-08-24 17:31:47,391] logger_util.py->write_log line:61 [INFO] 实际结果：[{'id': 573, 'tunnelId': 146, 'groupId': None, 'sort': 1, 'name': 'A14', 'description': '日期', 'tunnelType': 3, 'config': {'initType': 0, 'setValue': None}, 'type': 11, 'typeName': '日期', 'historicGroupId': '00000000-0000-0000-0000-000000000000', 'historicGroupName': None, 'archiveSetting': None, 'historicBriefMsg': None, 'createTime': '2023-08-24T17:31:43.5369201+08:00', 'updateTime': '2023-08-24T17:31:43.5369207+08:00'}]
[2023-08-24 17:31:47,391] logger_util.py->write_log line:61 [INFO] 接口请求成功！
[2023-08-24 17:31:47,391] logger_util.py->write_log line:61 [INFO] 
-------------接口请求结束-----------

[2023-08-24 17:31:47,396] logger_util.py->write_log line:61 [INFO] 
-------------接口请求开始-----------
[2023-08-24 17:31:47,396] logger_util.py->write_log line:61 [INFO] 接口名称：新增内部变量-时间
[2023-08-24 17:31:47,396] logger_util.py->write_log line:61 [INFO] 接口方式：post
[2023-08-24 17:31:47,396] logger_util.py->write_log line:61 [INFO] 接口路径：http://127.0.0.1:18000/api/v1/variable/tunnel/146/tag
[2023-08-24 17:31:47,397] logger_util.py->write_log line:61 [INFO] 请求头：{}
[2023-08-24 17:31:47,397] logger_util.py->write_log line:61 [INFO] 请求参数：[{'archiveSetting': None, 'groupId': None, 'name': 'A15', 'description': '时间', 'typeName': '时间', 'config': {'initType': 0, 'setValue': None}, 'index': 15}]
[2023-08-24 17:31:47,397] logger_util.py->write_log line:61 [INFO] 文件上传：None
[2023-08-24 17:31:54,927] logger_util.py->write_log line:61 [INFO] 预期结果：[{'equals': {'status_code': 200}}]
[2023-08-24 17:31:54,927] logger_util.py->write_log line:61 [INFO] 实际结果：[{'id': 574, 'tunnelId': 146, 'groupId': None, 'sort': 2, 'name': 'A15', 'description': '时间', 'tunnelType': 3, 'config': {'initType': 0, 'setValue': None}, 'type': 12, 'typeName': '时间', 'historicGroupId': '00000000-0000-0000-0000-000000000000', 'historicGroupName': None, 'archiveSetting': None, 'historicBriefMsg': None, 'createTime': '2023-08-24T17:31:47.4064041+08:00', 'updateTime': '2023-08-24T17:31:47.4064046+08:00'}]
[2023-08-24 17:31:54,927] logger_util.py->write_log line:61 [INFO] 接口请求成功！
[2023-08-24 17:31:54,927] logger_util.py->write_log line:61 [INFO] 
-------------接口请求结束-----------

[2023-08-24 17:31:54,932] logger_util.py->write_log line:61 [INFO] 
-------------接口请求开始-----------
[2023-08-24 17:31:54,932] logger_util.py->write_log line:61 [INFO] 接口名称：新增内部变量-日期时间
[2023-08-24 17:31:54,932] logger_util.py->write_log line:61 [INFO] 接口方式：post
[2023-08-24 17:31:54,933] logger_util.py->write_log line:61 [INFO] 接口路径：http://127.0.0.1:18000/api/v1/variable/tunnel/146/tag
[2023-08-24 17:31:54,933] logger_util.py->write_log line:61 [INFO] 请求头：{}
[2023-08-24 17:31:54,933] logger_util.py->write_log line:61 [INFO] 请求参数：[{'archiveSetting': None, 'groupId': None, 'name': 'A16', 'description': '日期时间', 'typeName': '日期时间', 'config': {'initType': 0, 'setValue': None}, 'index': 16}]
[2023-08-24 17:31:54,933] logger_util.py->write_log line:61 [INFO] 文件上传：None
[2023-08-24 17:32:02,482] logger_util.py->write_log line:61 [INFO] 预期结果：[{'equals': {'status_code': 200}}]
[2023-08-24 17:32:02,482] logger_util.py->write_log line:61 [INFO] 实际结果：[{'id': 575, 'tunnelId': 146, 'groupId': None, 'sort': 3, 'name': 'A16', 'description': '日期时间', 'tunnelType': 3, 'config': {'initType': 0, 'setValue': None}, 'type': 13, 'typeName': '日期时间', 'historicGroupId': '00000000-0000-0000-0000-000000000000', 'historicGroupName': None, 'archiveSetting': None, 'historicBriefMsg': None, 'createTime': '2023-08-24T17:31:54.9421723+08:00', 'updateTime': '2023-08-24T17:31:54.942173+08:00'}]
[2023-08-24 17:32:02,482] logger_util.py->write_log line:61 [INFO] 接口请求成功！
[2023-08-24 17:32:02,482] logger_util.py->write_log line:61 [INFO] 
-------------接口请求结束-----------

