[2023-11-27 16:44:12,710] logger_util.py->write_log line:61 [INFO] 
-------------接口请求开始-----------
[2023-11-27 16:44:12,710] logger_util.py->write_log line:61 [INFO] 接口名称：测试连接互联项
[2023-11-27 16:44:12,711] logger_util.py->write_log line:61 [INFO] 接口方式：post
[2023-11-27 16:44:12,711] logger_util.py->write_log line:61 [INFO] 接口路径：http://127.0.0.1:18000/api/v1/connection/test
[2023-11-27 16:44:12,711] logger_util.py->write_log line:61 [INFO] 请求头：{'X-Project': 'd800d1a6d0be4623aaa824c28dc71981'}
[2023-11-27 16:44:12,711] logger_util.py->write_log line:61 [INFO] 请求参数：{'id': None, 'name': 'mysql5292', 'connectionType': 1, 'databaseType': 1, 'authenticationType': None, 'server': '127.0.0.1', 'port': '3306', 'database': 'TestDB', 'databasePath': '', 'userName': 'root', 'password': 'syc123', 'changedPassword': True, 'mqttType': None, 'pushType': None, 'timingPeriod': None, 'changingPeriod': None, 'cloudDeviceId': '', 'originalSecret': ''}
[2023-11-27 16:44:12,711] logger_util.py->write_log line:61 [INFO] 文件上传：None
[2023-11-27 16:44:12,717] logger_util.py->write_log line:61 [INFO] 预期结果：[{'equals': {'status_code': 200}}]
[2023-11-27 16:44:12,717] logger_util.py->write_log line:61 [INFO] 实际结果：测试连接成功
[2023-11-27 16:44:12,717] logger_util.py->write_log line:61 [INFO] 接口请求成功！
[2023-11-27 16:44:12,717] logger_util.py->write_log line:61 [INFO] 
-------------接口请求结束-----------

[2023-11-27 16:44:12,733] logger_util.py->write_log line:61 [INFO] 
-------------接口请求开始-----------
[2023-11-27 16:44:12,733] logger_util.py->write_log line:61 [INFO] 接口名称：测试连接互联项
[2023-11-27 16:44:12,734] logger_util.py->write_log line:61 [INFO] 接口方式：post
[2023-11-27 16:44:12,734] logger_util.py->write_log line:61 [INFO] 接口路径：http://127.0.0.1:18000/api/v1/connection
[2023-11-27 16:44:12,734] logger_util.py->write_log line:61 [INFO] 请求头：{'X-Project': 'd800d1a6d0be4623aaa824c28dc71981'}
[2023-11-27 16:44:12,734] logger_util.py->write_log line:61 [INFO] 请求参数：{'id': None, 'name': 'mysql1250', 'connectionType': 1, 'databaseType': 1, 'authenticationType': None, 'server': '127.0.0.1', 'port': '3306', 'database': 'TestDB', 'databasePath': '', 'userName': 'root', 'password': 'syc123', 'changedPassword': True, 'mqttType': None, 'pushType': None, 'timingPeriod': None, 'changingPeriod': None, 'cloudDeviceId': '', 'originalSecret': ''}
[2023-11-27 16:44:12,734] logger_util.py->write_log line:61 [INFO] 文件上传：None
[2023-11-27 16:44:12,756] logger_util.py->write_log line:61 [INFO] 预期结果：[{'equals': {'status_code': 200}}]
[2023-11-27 16:44:12,756] logger_util.py->write_log line:61 [INFO] 实际结果：{'data': {'id': 22, 'name': 'mysql1250', 'connectionType': 1, 'databaseType': 1, 'authenticationType': 0, 'server': '127.0.0.1', 'port': 3306, 'database': 'TestDB', 'databasePath': '', 'userName': 'root'}, 'message': ''}
[2023-11-27 16:44:12,756] logger_util.py->write_log line:61 [INFO] 接口请求成功！
[2023-11-27 16:44:12,756] logger_util.py->write_log line:61 [INFO] 
-------------接口请求结束-----------

[2023-11-27 16:44:12,766] logger_util.py->write_log line:61 [INFO] 
-------------接口请求开始-----------
[2023-11-27 16:44:12,766] logger_util.py->write_log line:61 [INFO] 接口名称：关闭互联项
[2023-11-27 16:44:12,766] logger_util.py->write_log line:61 [INFO] 接口方式：put
[2023-11-27 16:44:12,766] logger_util.py->write_log line:61 [INFO] 接口路径：http://127.0.0.1:18000/api/v1/connection/switch/1/22/off
[2023-11-27 16:44:12,766] logger_util.py->write_log line:61 [INFO] 请求头：{'X-Project': 'd800d1a6d0be4623aaa824c28dc71981'}
[2023-11-27 16:44:12,766] logger_util.py->write_log line:61 [INFO] 文件上传：None
[2023-11-27 16:44:12,774] logger_util.py->write_log line:61 [INFO] 预期结果：[{'equals': {'status_code': 200}}]
[2023-11-27 16:44:12,774] logger_util.py->write_log line:61 [INFO] 实际结果：[{'nodeGuid': '5b2a2521-f5df-45b4-abee-0417d5695a53', 'id': 22, 'type': 1, 'name': 'mysql1250', 'status': 0, 'errorMsg': None, 'children': []}]
[2023-11-27 16:44:12,774] logger_util.py->write_log line:61 [INFO] 接口请求成功！
[2023-11-27 16:44:12,774] logger_util.py->write_log line:61 [INFO] 
-------------接口请求结束-----------

[2023-11-27 16:44:12,779] logger_util.py->write_log line:61 [INFO] 
-------------接口请求开始-----------
[2023-11-27 16:44:12,780] logger_util.py->write_log line:61 [INFO] 接口名称：开启互联项
[2023-11-27 16:44:12,780] logger_util.py->write_log line:61 [INFO] 接口方式：put
[2023-11-27 16:44:12,780] logger_util.py->write_log line:61 [INFO] 接口路径：http://127.0.0.1:18000/api/v1/connection/switch/1/22/on
[2023-11-27 16:44:12,780] logger_util.py->write_log line:61 [INFO] 请求头：{'X-Project': 'd800d1a6d0be4623aaa824c28dc71981'}
[2023-11-27 16:44:12,780] logger_util.py->write_log line:61 [INFO] 文件上传：None
[2023-11-27 16:44:12,788] logger_util.py->write_log line:61 [INFO] 预期结果：[{'equals': {'status_code': 200}}]
[2023-11-27 16:44:12,788] logger_util.py->write_log line:61 [INFO] 实际结果：[{'nodeGuid': '7991c15d-9f48-4482-8b3b-ffca8cc8c521', 'id': 22, 'type': 1, 'name': 'mysql1250', 'status': 0, 'errorMsg': None, 'children': []}]
[2023-11-27 16:44:12,788] logger_util.py->write_log line:61 [INFO] 接口请求成功！
[2023-11-27 16:44:12,788] logger_util.py->write_log line:61 [INFO] 
-------------接口请求结束-----------

[2023-11-27 16:44:12,793] logger_util.py->write_log line:61 [INFO] 
-------------接口请求开始-----------
[2023-11-27 16:44:12,793] logger_util.py->write_log line:61 [INFO] 接口名称：重命名互联项
[2023-11-27 16:44:12,793] logger_util.py->write_log line:61 [INFO] 接口方式：put
[2023-11-27 16:44:12,794] logger_util.py->write_log line:61 [INFO] 接口路径：http://127.0.0.1:18000/api/v1/connection/rename/1/22/重命名_mysql885
[2023-11-27 16:44:12,794] logger_util.py->write_log line:61 [INFO] 请求头：{'X-Project': 'd800d1a6d0be4623aaa824c28dc71981'}
[2023-11-27 16:44:12,794] logger_util.py->write_log line:61 [INFO] 文件上传：None
[2023-11-27 16:44:12,814] logger_util.py->write_log line:61 [INFO] 预期结果：[{'equals': {'status_code': 200}}]
[2023-11-27 16:44:12,814] logger_util.py->write_log line:61 [INFO] 实际结果：
[2023-11-27 16:44:12,814] logger_util.py->write_log line:61 [INFO] 接口请求成功！
[2023-11-27 16:44:12,814] logger_util.py->write_log line:61 [INFO] 
-------------接口请求结束-----------

[2023-11-27 16:44:12,830] logger_util.py->write_log line:61 [INFO] 
-------------接口请求开始-----------
[2023-11-27 16:44:12,831] logger_util.py->write_log line:61 [INFO] 接口名称：修改互联配置
[2023-11-27 16:44:12,831] logger_util.py->write_log line:61 [INFO] 接口方式：put
[2023-11-27 16:44:12,831] logger_util.py->write_log line:61 [INFO] 接口路径：http://127.0.0.1:18000/api/v1/connection/22/config
[2023-11-27 16:44:12,831] logger_util.py->write_log line:61 [INFO] 请求头：{'X-Project': 'd800d1a6d0be4623aaa824c28dc71981'}
[2023-11-27 16:44:12,831] logger_util.py->write_log line:61 [INFO] 请求参数：{'id': 22, 'name': '改配_mysql485', 'connectionType': 1, 'databaseType': 1, 'authenticationType': 0, 'server': '127.0.0.1', 'port': '3306', 'database': 'TestDB', 'databasePath': '', 'userName': 'root', 'password': 'syc123'}
[2023-11-27 16:44:12,831] logger_util.py->write_log line:61 [INFO] 文件上传：None
[2023-11-27 16:44:12,853] logger_util.py->write_log line:61 [INFO] 预期结果：[{'equals': {'status_code': 200}}]
[2023-11-27 16:44:12,853] logger_util.py->write_log line:61 [INFO] 实际结果：{'data': {'id': 22, 'name': '改配_mysql485', 'connectionType': 1, 'databaseType': 1, 'authenticationType': 0, 'server': '127.0.0.1', 'port': 3306, 'database': 'TestDB', 'databasePath': '', 'userName': 'root'}, 'message': ''}
[2023-11-27 16:44:12,853] logger_util.py->write_log line:61 [INFO] 接口请求成功！
[2023-11-27 16:44:12,853] logger_util.py->write_log line:61 [INFO] 
-------------接口请求结束-----------

