[2023-08-09 10:20:55,713] logger_util.py->write_log line:61 [INFO] -------------接口请求开始-----------
[2023-08-09 10:20:55,713] logger_util.py->write_log line:61 [INFO] 接口名称：有符号8位整型_变量下发
[2023-08-09 10:20:55,714] logger_util.py->write_log line:61 [INFO] 接口方式：post
[2023-08-09 10:20:55,714] logger_util.py->write_log line:61 [INFO] 接口路径：http://127.0.0.1:18000/api/v1/variable/setvalues
[2023-08-09 10:20:55,714] logger_util.py->write_log line:61 [INFO] 请求头：{}
[2023-08-09 10:20:55,714] logger_util.py->write_log line:61 [INFO] 请求参数：{'A1': '-11'}
[2023-08-09 10:20:55,714] logger_util.py->write_log line:61 [INFO] 文件上传：None
[2023-08-09 10:20:55,753] logger_util.py->error_log line:65 [INFO] 断言失败:status_code不等于200
[2023-08-09 10:20:55,753] logger_util.py->write_log line:61 [INFO] 接口请求失败！
[2023-08-09 10:20:55,753] logger_util.py->write_log line:61 [INFO] -------------接口请求结束-----------

[2023-08-09 10:20:55,819] logger_util.py->error_log line:65 [INFO] 断言异常：异常信息: Traceback (most recent call last):
  File "E:\Project_python\api_SIOT\common\requests_util.py", line 374, in validate_result
    error_log("断言失败:"+assert_key+"不等于"+str(assert_value))
  File "E:\Project_python\api_SIOT\common\logger_util.py", line 66, in error_log
    raise Exception(log_message)
Exception: 断言失败:status_code不等于200

[2023-08-09 10:20:55,819] logger_util.py->error_log line:65 [INFO] 分析YAML文件异常：异常信息: Traceback (most recent call last):
  File "E:\Project_python\api_SIOT\common\requests_util.py", line 374, in validate_result
    error_log("断言失败:"+assert_key+"不等于"+str(assert_value))
  File "E:\Project_python\api_SIOT\common\logger_util.py", line 66, in error_log
    raise Exception(log_message)
Exception: 断言失败:status_code不等于200

During handling of the above exception, another exception occurred:

Traceback (most recent call last):
  File "E:\Project_python\api_SIOT\common\requests_util.py", line 273, in analysis_yaml
    self.validate_result(yq_result, return_text, status_code)
  File "E:\Project_python\api_SIOT\common\requests_util.py", line 424, in validate_result
    error_log("断言异常：异常信息: %s" % str(traceback.format_exc()))
  File "E:\Project_python\api_SIOT\common\logger_util.py", line 66, in error_log
    raise Exception(log_message)
Exception: 断言异常：异常信息: Traceback (most recent call last):
  File "E:\Project_python\api_SIOT\common\requests_util.py", line 374, in validate_result
    error_log("断言失败:"+assert_key+"不等于"+str(assert_value))
  File "E:\Project_python\api_SIOT\common\logger_util.py", line 66, in error_log
    raise Exception(log_message)
Exception: 断言失败:status_code不等于200


[2023-08-09 10:20:55,993] logger_util.py->write_log line:61 [INFO] -------------接口请求开始-----------
[2023-08-09 10:20:55,993] logger_util.py->write_log line:61 [INFO] 接口名称：无符号8位整型_变量下发
[2023-08-09 10:20:55,993] logger_util.py->write_log line:61 [INFO] 接口方式：post
[2023-08-09 10:20:55,993] logger_util.py->write_log line:61 [INFO] 接口路径：http://127.0.0.1:18000/api/v1/variable/setvalues
[2023-08-09 10:20:55,993] logger_util.py->write_log line:61 [INFO] 请求头：{}
[2023-08-09 10:20:55,993] logger_util.py->write_log line:61 [INFO] 请求参数：{'A2': '22'}
[2023-08-09 10:20:55,993] logger_util.py->write_log line:61 [INFO] 文件上传：None
[2023-08-09 10:20:55,996] logger_util.py->error_log line:65 [INFO] 断言失败:status_code不等于200
[2023-08-09 10:20:55,996] logger_util.py->write_log line:61 [INFO] 接口请求失败！
[2023-08-09 10:20:55,997] logger_util.py->write_log line:61 [INFO] -------------接口请求结束-----------

[2023-08-09 10:20:55,997] logger_util.py->error_log line:65 [INFO] 断言异常：异常信息: Traceback (most recent call last):
  File "E:\Project_python\api_SIOT\common\requests_util.py", line 374, in validate_result
    error_log("断言失败:"+assert_key+"不等于"+str(assert_value))
  File "E:\Project_python\api_SIOT\common\logger_util.py", line 66, in error_log
    raise Exception(log_message)
Exception: 断言失败:status_code不等于200

[2023-08-09 10:20:55,997] logger_util.py->error_log line:65 [INFO] 分析YAML文件异常：异常信息: Traceback (most recent call last):
  File "E:\Project_python\api_SIOT\common\requests_util.py", line 374, in validate_result
    error_log("断言失败:"+assert_key+"不等于"+str(assert_value))
  File "E:\Project_python\api_SIOT\common\logger_util.py", line 66, in error_log
    raise Exception(log_message)
Exception: 断言失败:status_code不等于200

During handling of the above exception, another exception occurred:

Traceback (most recent call last):
  File "E:\Project_python\api_SIOT\common\requests_util.py", line 273, in analysis_yaml
    self.validate_result(yq_result, return_text, status_code)
  File "E:\Project_python\api_SIOT\common\requests_util.py", line 424, in validate_result
    error_log("断言异常：异常信息: %s" % str(traceback.format_exc()))
  File "E:\Project_python\api_SIOT\common\logger_util.py", line 66, in error_log
    raise Exception(log_message)
Exception: 断言异常：异常信息: Traceback (most recent call last):
  File "E:\Project_python\api_SIOT\common\requests_util.py", line 374, in validate_result
    error_log("断言失败:"+assert_key+"不等于"+str(assert_value))
  File "E:\Project_python\api_SIOT\common\logger_util.py", line 66, in error_log
    raise Exception(log_message)
Exception: 断言失败:status_code不等于200


[2023-08-09 10:20:56,023] logger_util.py->write_log line:61 [INFO] -------------接口请求开始-----------
[2023-08-09 10:20:56,023] logger_util.py->write_log line:61 [INFO] 接口名称：有符号16位整型_变量下发
[2023-08-09 10:20:56,024] logger_util.py->write_log line:61 [INFO] 接口方式：post
[2023-08-09 10:20:56,024] logger_util.py->write_log line:61 [INFO] 接口路径：http://127.0.0.1:18000/api/v1/variable/setvalues
[2023-08-09 10:20:56,024] logger_util.py->write_log line:61 [INFO] 请求头：{}
[2023-08-09 10:20:56,024] logger_util.py->write_log line:61 [INFO] 请求参数：{'A3': '33'}
[2023-08-09 10:20:56,024] logger_util.py->write_log line:61 [INFO] 文件上传：None
[2023-08-09 10:20:56,026] logger_util.py->error_log line:65 [INFO] 断言失败:status_code不等于200
[2023-08-09 10:20:56,026] logger_util.py->write_log line:61 [INFO] 接口请求失败！
[2023-08-09 10:20:56,026] logger_util.py->write_log line:61 [INFO] -------------接口请求结束-----------

[2023-08-09 10:20:56,027] logger_util.py->error_log line:65 [INFO] 断言异常：异常信息: Traceback (most recent call last):
  File "E:\Project_python\api_SIOT\common\requests_util.py", line 374, in validate_result
    error_log("断言失败:"+assert_key+"不等于"+str(assert_value))
  File "E:\Project_python\api_SIOT\common\logger_util.py", line 66, in error_log
    raise Exception(log_message)
Exception: 断言失败:status_code不等于200

[2023-08-09 10:20:56,027] logger_util.py->error_log line:65 [INFO] 分析YAML文件异常：异常信息: Traceback (most recent call last):
  File "E:\Project_python\api_SIOT\common\requests_util.py", line 374, in validate_result
    error_log("断言失败:"+assert_key+"不等于"+str(assert_value))
  File "E:\Project_python\api_SIOT\common\logger_util.py", line 66, in error_log
    raise Exception(log_message)
Exception: 断言失败:status_code不等于200

During handling of the above exception, another exception occurred:

Traceback (most recent call last):
  File "E:\Project_python\api_SIOT\common\requests_util.py", line 273, in analysis_yaml
    self.validate_result(yq_result, return_text, status_code)
  File "E:\Project_python\api_SIOT\common\requests_util.py", line 424, in validate_result
    error_log("断言异常：异常信息: %s" % str(traceback.format_exc()))
  File "E:\Project_python\api_SIOT\common\logger_util.py", line 66, in error_log
    raise Exception(log_message)
Exception: 断言异常：异常信息: Traceback (most recent call last):
  File "E:\Project_python\api_SIOT\common\requests_util.py", line 374, in validate_result
    error_log("断言失败:"+assert_key+"不等于"+str(assert_value))
  File "E:\Project_python\api_SIOT\common\logger_util.py", line 66, in error_log
    raise Exception(log_message)
Exception: 断言失败:status_code不等于200


[2023-08-09 10:20:56,053] logger_util.py->write_log line:61 [INFO] -------------接口请求开始-----------
[2023-08-09 10:20:56,053] logger_util.py->write_log line:61 [INFO] 接口名称：无符号16位整型_变量下发
[2023-08-09 10:20:56,053] logger_util.py->write_log line:61 [INFO] 接口方式：post
[2023-08-09 10:20:56,053] logger_util.py->write_log line:61 [INFO] 接口路径：http://127.0.0.1:18000/api/v1/variable/setvalues
[2023-08-09 10:20:56,053] logger_util.py->write_log line:61 [INFO] 请求头：{}
[2023-08-09 10:20:56,053] logger_util.py->write_log line:61 [INFO] 请求参数：{'A4': '44'}
[2023-08-09 10:20:56,054] logger_util.py->write_log line:61 [INFO] 文件上传：None
[2023-08-09 10:20:56,056] logger_util.py->error_log line:65 [INFO] 断言失败:status_code不等于200
[2023-08-09 10:20:56,056] logger_util.py->write_log line:61 [INFO] 接口请求失败！
[2023-08-09 10:20:56,056] logger_util.py->write_log line:61 [INFO] -------------接口请求结束-----------

[2023-08-09 10:20:56,056] logger_util.py->error_log line:65 [INFO] 断言异常：异常信息: Traceback (most recent call last):
  File "E:\Project_python\api_SIOT\common\requests_util.py", line 374, in validate_result
    error_log("断言失败:"+assert_key+"不等于"+str(assert_value))
  File "E:\Project_python\api_SIOT\common\logger_util.py", line 66, in error_log
    raise Exception(log_message)
Exception: 断言失败:status_code不等于200

[2023-08-09 10:20:56,057] logger_util.py->error_log line:65 [INFO] 分析YAML文件异常：异常信息: Traceback (most recent call last):
  File "E:\Project_python\api_SIOT\common\requests_util.py", line 374, in validate_result
    error_log("断言失败:"+assert_key+"不等于"+str(assert_value))
  File "E:\Project_python\api_SIOT\common\logger_util.py", line 66, in error_log
    raise Exception(log_message)
Exception: 断言失败:status_code不等于200

During handling of the above exception, another exception occurred:

Traceback (most recent call last):
  File "E:\Project_python\api_SIOT\common\requests_util.py", line 273, in analysis_yaml
    self.validate_result(yq_result, return_text, status_code)
  File "E:\Project_python\api_SIOT\common\requests_util.py", line 424, in validate_result
    error_log("断言异常：异常信息: %s" % str(traceback.format_exc()))
  File "E:\Project_python\api_SIOT\common\logger_util.py", line 66, in error_log
    raise Exception(log_message)
Exception: 断言异常：异常信息: Traceback (most recent call last):
  File "E:\Project_python\api_SIOT\common\requests_util.py", line 374, in validate_result
    error_log("断言失败:"+assert_key+"不等于"+str(assert_value))
  File "E:\Project_python\api_SIOT\common\logger_util.py", line 66, in error_log
    raise Exception(log_message)
Exception: 断言失败:status_code不等于200


[2023-08-09 10:20:56,082] logger_util.py->write_log line:61 [INFO] -------------接口请求开始-----------
[2023-08-09 10:20:56,082] logger_util.py->write_log line:61 [INFO] 接口名称：32位浮点数_变量下发
[2023-08-09 10:20:56,082] logger_util.py->write_log line:61 [INFO] 接口方式：post
[2023-08-09 10:20:56,082] logger_util.py->write_log line:61 [INFO] 接口路径：http://127.0.0.1:18000/api/v1/variable/setvalues
[2023-08-09 10:20:56,082] logger_util.py->write_log line:61 [INFO] 请求头：{}
[2023-08-09 10:20:56,082] logger_util.py->write_log line:61 [INFO] 请求参数：{'A5': '55.456'}
[2023-08-09 10:20:56,082] logger_util.py->write_log line:61 [INFO] 文件上传：None
[2023-08-09 10:20:56,085] logger_util.py->error_log line:65 [INFO] 断言失败:status_code不等于200
[2023-08-09 10:20:56,085] logger_util.py->write_log line:61 [INFO] 接口请求失败！
[2023-08-09 10:20:56,085] logger_util.py->write_log line:61 [INFO] -------------接口请求结束-----------

[2023-08-09 10:20:56,085] logger_util.py->error_log line:65 [INFO] 断言异常：异常信息: Traceback (most recent call last):
  File "E:\Project_python\api_SIOT\common\requests_util.py", line 374, in validate_result
    error_log("断言失败:"+assert_key+"不等于"+str(assert_value))
  File "E:\Project_python\api_SIOT\common\logger_util.py", line 66, in error_log
    raise Exception(log_message)
Exception: 断言失败:status_code不等于200

[2023-08-09 10:20:56,085] logger_util.py->error_log line:65 [INFO] 分析YAML文件异常：异常信息: Traceback (most recent call last):
  File "E:\Project_python\api_SIOT\common\requests_util.py", line 374, in validate_result
    error_log("断言失败:"+assert_key+"不等于"+str(assert_value))
  File "E:\Project_python\api_SIOT\common\logger_util.py", line 66, in error_log
    raise Exception(log_message)
Exception: 断言失败:status_code不等于200

During handling of the above exception, another exception occurred:

Traceback (most recent call last):
  File "E:\Project_python\api_SIOT\common\requests_util.py", line 273, in analysis_yaml
    self.validate_result(yq_result, return_text, status_code)
  File "E:\Project_python\api_SIOT\common\requests_util.py", line 424, in validate_result
    error_log("断言异常：异常信息: %s" % str(traceback.format_exc()))
  File "E:\Project_python\api_SIOT\common\logger_util.py", line 66, in error_log
    raise Exception(log_message)
Exception: 断言异常：异常信息: Traceback (most recent call last):
  File "E:\Project_python\api_SIOT\common\requests_util.py", line 374, in validate_result
    error_log("断言失败:"+assert_key+"不等于"+str(assert_value))
  File "E:\Project_python\api_SIOT\common\logger_util.py", line 66, in error_log
    raise Exception(log_message)
Exception: 断言失败:status_code不等于200


[2023-08-09 10:20:56,113] logger_util.py->write_log line:61 [INFO] -------------接口请求开始-----------
[2023-08-09 10:20:56,113] logger_util.py->write_log line:61 [INFO] 接口名称：二进制_变量下发
[2023-08-09 10:20:56,113] logger_util.py->write_log line:61 [INFO] 接口方式：post
[2023-08-09 10:20:56,113] logger_util.py->write_log line:61 [INFO] 接口路径：http://127.0.0.1:18000/api/v1/variable/setvalues
[2023-08-09 10:20:56,113] logger_util.py->write_log line:61 [INFO] 请求头：{}
[2023-08-09 10:20:56,113] logger_util.py->write_log line:61 [INFO] 请求参数：{'A6': '1'}
[2023-08-09 10:20:56,113] logger_util.py->write_log line:61 [INFO] 文件上传：None
[2023-08-09 10:20:56,116] logger_util.py->error_log line:65 [INFO] 断言失败:status_code不等于200
[2023-08-09 10:20:56,116] logger_util.py->write_log line:61 [INFO] 接口请求失败！
[2023-08-09 10:20:56,116] logger_util.py->write_log line:61 [INFO] -------------接口请求结束-----------

[2023-08-09 10:20:56,116] logger_util.py->error_log line:65 [INFO] 断言异常：异常信息: Traceback (most recent call last):
  File "E:\Project_python\api_SIOT\common\requests_util.py", line 374, in validate_result
    error_log("断言失败:"+assert_key+"不等于"+str(assert_value))
  File "E:\Project_python\api_SIOT\common\logger_util.py", line 66, in error_log
    raise Exception(log_message)
Exception: 断言失败:status_code不等于200

[2023-08-09 10:20:56,116] logger_util.py->error_log line:65 [INFO] 分析YAML文件异常：异常信息: Traceback (most recent call last):
  File "E:\Project_python\api_SIOT\common\requests_util.py", line 374, in validate_result
    error_log("断言失败:"+assert_key+"不等于"+str(assert_value))
  File "E:\Project_python\api_SIOT\common\logger_util.py", line 66, in error_log
    raise Exception(log_message)
Exception: 断言失败:status_code不等于200

During handling of the above exception, another exception occurred:

Traceback (most recent call last):
  File "E:\Project_python\api_SIOT\common\requests_util.py", line 273, in analysis_yaml
    self.validate_result(yq_result, return_text, status_code)
  File "E:\Project_python\api_SIOT\common\requests_util.py", line 424, in validate_result
    error_log("断言异常：异常信息: %s" % str(traceback.format_exc()))
  File "E:\Project_python\api_SIOT\common\logger_util.py", line 66, in error_log
    raise Exception(log_message)
Exception: 断言异常：异常信息: Traceback (most recent call last):
  File "E:\Project_python\api_SIOT\common\requests_util.py", line 374, in validate_result
    error_log("断言失败:"+assert_key+"不等于"+str(assert_value))
  File "E:\Project_python\api_SIOT\common\logger_util.py", line 66, in error_log
    raise Exception(log_message)
Exception: 断言失败:status_code不等于200


[2023-08-09 10:20:56,143] logger_util.py->write_log line:61 [INFO] -------------接口请求开始-----------
[2023-08-09 10:20:56,143] logger_util.py->write_log line:61 [INFO] 接口名称：字符串_变量下发
[2023-08-09 10:20:56,143] logger_util.py->write_log line:61 [INFO] 接口方式：post
[2023-08-09 10:20:56,143] logger_util.py->write_log line:61 [INFO] 接口路径：http://127.0.0.1:18000/api/v1/variable/setvalues
[2023-08-09 10:20:56,143] logger_util.py->write_log line:61 [INFO] 请求头：{}
[2023-08-09 10:20:56,143] logger_util.py->write_log line:61 [INFO] 请求参数：{'A7': '文本1'}
[2023-08-09 10:20:56,143] logger_util.py->write_log line:61 [INFO] 文件上传：None
[2023-08-09 10:20:56,146] logger_util.py->error_log line:65 [INFO] 断言失败:status_code不等于200
[2023-08-09 10:20:56,146] logger_util.py->write_log line:61 [INFO] 接口请求失败！
[2023-08-09 10:20:56,146] logger_util.py->write_log line:61 [INFO] -------------接口请求结束-----------

[2023-08-09 10:20:56,147] logger_util.py->error_log line:65 [INFO] 断言异常：异常信息: Traceback (most recent call last):
  File "E:\Project_python\api_SIOT\common\requests_util.py", line 374, in validate_result
    error_log("断言失败:"+assert_key+"不等于"+str(assert_value))
  File "E:\Project_python\api_SIOT\common\logger_util.py", line 66, in error_log
    raise Exception(log_message)
Exception: 断言失败:status_code不等于200

[2023-08-09 10:20:56,147] logger_util.py->error_log line:65 [INFO] 分析YAML文件异常：异常信息: Traceback (most recent call last):
  File "E:\Project_python\api_SIOT\common\requests_util.py", line 374, in validate_result
    error_log("断言失败:"+assert_key+"不等于"+str(assert_value))
  File "E:\Project_python\api_SIOT\common\logger_util.py", line 66, in error_log
    raise Exception(log_message)
Exception: 断言失败:status_code不等于200

During handling of the above exception, another exception occurred:

Traceback (most recent call last):
  File "E:\Project_python\api_SIOT\common\requests_util.py", line 273, in analysis_yaml
    self.validate_result(yq_result, return_text, status_code)
  File "E:\Project_python\api_SIOT\common\requests_util.py", line 424, in validate_result
    error_log("断言异常：异常信息: %s" % str(traceback.format_exc()))
  File "E:\Project_python\api_SIOT\common\logger_util.py", line 66, in error_log
    raise Exception(log_message)
Exception: 断言异常：异常信息: Traceback (most recent call last):
  File "E:\Project_python\api_SIOT\common\requests_util.py", line 374, in validate_result
    error_log("断言失败:"+assert_key+"不等于"+str(assert_value))
  File "E:\Project_python\api_SIOT\common\logger_util.py", line 66, in error_log
    raise Exception(log_message)
Exception: 断言失败:status_code不等于200


