[2023-11-28 13:49:29,855] logger_util.py->write_log line:61 [INFO] 
-------------接口请求开始-----------
[2023-11-28 13:49:29,855] logger_util.py->write_log line:61 [INFO] 接口名称：执行插入语句
[2023-11-28 13:49:29,855] logger_util.py->write_log line:61 [INFO] 接口方式：get
[2023-11-28 13:49:29,855] logger_util.py->write_log line:61 [INFO] 接口路径：http://127.0.0.1:18000/api/v1/connection/table/25/executetest
[2023-11-28 13:49:29,855] logger_util.py->write_log line:61 [INFO] 请求头：{'X-Project': 'd800d1a6d0be4623aaa824c28dc71981'}
[2023-11-28 13:49:29,855] logger_util.py->write_log line:61 [INFO] 文件上传：None
[2023-11-28 13:49:30,413] logger_util.py->error_log line:65 [INFO] 断言失败:A2不等于10
[2023-11-28 13:49:30,413] logger_util.py->write_log line:61 [INFO] 实际结果：{'record': {'dateTime': '2023/11/28 13:49:30', 'action': '插入', 'status': '成功', 'data': {'A12': '中文1', 'A2': '10', 'A10': '100.16', 'aa16': '2023/11/12 12:15:30'}}, 'info': '测试时间: 2023/11/28 13:49:29\r\n动作: 插入\r\n\r\n数据库:\r\n执行结果: OK\r\n插入时间: 0.01s\r\n', 'status': 1, 'lastErrorMsg': None}
[2023-11-28 13:49:30,413] logger_util.py->write_log line:61 [INFO] 接口请求失败！
[2023-11-28 13:49:30,413] logger_util.py->write_log line:61 [INFO] -------------接口请求结束-----------

[2023-11-28 13:49:30,414] logger_util.py->error_log line:65 [INFO] 断言异常：异常信息: Traceback (most recent call last):
  File "E:\Project_python\api_cms\common\requests_util.py", line 381, in validate_result
    error_log("断言失败:" + assert_key + "不等于" + str(assert_value))
  File "E:\Project_python\api_cms\common\logger_util.py", line 66, in error_log
    raise Exception(log_message)
Exception: 断言失败:A2不等于10

[2023-11-28 13:49:30,414] logger_util.py->error_log line:65 [INFO] 分析YAML文件异常：异常信息: Traceback (most recent call last):
  File "E:\Project_python\api_cms\common\requests_util.py", line 381, in validate_result
    error_log("断言失败:" + assert_key + "不等于" + str(assert_value))
  File "E:\Project_python\api_cms\common\logger_util.py", line 66, in error_log
    raise Exception(log_message)
Exception: 断言失败:A2不等于10

During handling of the above exception, another exception occurred:

Traceback (most recent call last):
  File "E:\Project_python\api_cms\common\requests_util.py", line 248, in analysis_yaml
    self.validate_result(yq_result, return_data, status_code)
  File "E:\Project_python\api_cms\common\requests_util.py", line 448, in validate_result
    error_log("断言异常：异常信息: %s" % str(traceback.format_exc()))
  File "E:\Project_python\api_cms\common\logger_util.py", line 66, in error_log
    raise Exception(log_message)
Exception: 断言异常：异常信息: Traceback (most recent call last):
  File "E:\Project_python\api_cms\common\requests_util.py", line 381, in validate_result
    error_log("断言失败:" + assert_key + "不等于" + str(assert_value))
  File "E:\Project_python\api_cms\common\logger_util.py", line 66, in error_log
    raise Exception(log_message)
Exception: 断言失败:A2不等于10


