[2023-11-27 15:49:19,352] logger_util.py->error_log line:65 [INFO] 发送请求异常：异常信息: Traceback (most recent call last):
  File "E:\Project_python\api_cms\common\requests_util.py", line 314, in send_request
    kwargs[key] = self.replace_load(value)
  File "E:\Project_python\api_cms\common\requests_util.py", line 140, in replace_load
    new_value = getattr(DubugTalk(), func_name)(*args_value.split(','))
  File "E:\Project_python\api_cms\debug_talk.py", line 58, in get_config
    return read_config_file(one,two)
  File "E:\Project_python\api_cms\common\yaml_util.py", line 13, in read_config_file
    return value[one_node][two_node]
KeyError: 'server'

[2023-11-27 15:49:19,353] logger_util.py->error_log line:65 [INFO] 分析YAML文件异常：异常信息: Traceback (most recent call last):
  File "E:\Project_python\api_cms\common\requests_util.py", line 314, in send_request
    kwargs[key] = self.replace_load(value)
  File "E:\Project_python\api_cms\common\requests_util.py", line 140, in replace_load
    new_value = getattr(DubugTalk(), func_name)(*args_value.split(','))
  File "E:\Project_python\api_cms\debug_talk.py", line 58, in get_config
    return read_config_file(one,two)
  File "E:\Project_python\api_cms\common\yaml_util.py", line 13, in read_config_file
    return value[one_node][two_node]
KeyError: 'server'

During handling of the above exception, another exception occurred:

Traceback (most recent call last):
  File "E:\Project_python\api_cms\common\requests_util.py", line 185, in analysis_yaml
    res = self.send_request(name =name,method=method,
  File "E:\Project_python\api_cms\common\requests_util.py", line 333, in send_request
    error_log("发送请求异常：异常信息: %s" % str(traceback.format_exc()))
  File "E:\Project_python\api_cms\common\logger_util.py", line 66, in error_log
    raise Exception(log_message)
Exception: 发送请求异常：异常信息: Traceback (most recent call last):
  File "E:\Project_python\api_cms\common\requests_util.py", line 314, in send_request
    kwargs[key] = self.replace_load(value)
  File "E:\Project_python\api_cms\common\requests_util.py", line 140, in replace_load
    new_value = getattr(DubugTalk(), func_name)(*args_value.split(','))
  File "E:\Project_python\api_cms\debug_talk.py", line 58, in get_config
    return read_config_file(one,two)
  File "E:\Project_python\api_cms\common\yaml_util.py", line 13, in read_config_file
    return value[one_node][two_node]
KeyError: 'server'


[2023-11-27 15:49:19,475] logger_util.py->write_log line:61 [INFO] 
-------------接口请求开始-----------
[2023-11-27 15:49:19,475] logger_util.py->write_log line:61 [INFO] 接口名称：测试连接互联项
[2023-11-27 15:49:19,475] logger_util.py->write_log line:61 [INFO] 接口方式：post
[2023-11-27 15:49:19,475] logger_util.py->write_log line:61 [INFO] 接口路径：http://127.0.0.1:18000/api/v1/connection
[2023-11-27 15:49:19,475] logger_util.py->write_log line:61 [INFO] 请求头：{'X-Project': 'd800d1a6d0be4623aaa824c28dc71981'}
[2023-11-27 15:49:19,475] logger_util.py->write_log line:61 [INFO] 请求参数：{'id': None, 'name': 'mysql', 'connectionType': 1, 'databaseType': 1, 'authenticationType': None, 'server': '127.0.0.1', 'port': 3306, 'database': 'testdb', 'databasePath': '', 'userName': 'root', 'password': 'syc123', 'changedPassword': True, 'mqttType': None, 'pushType': None, 'timingPeriod': None, 'changingPeriod': None, 'cloudDeviceId': '', 'originalSecret': ''}
[2023-11-27 15:49:19,475] logger_util.py->write_log line:61 [INFO] 文件上传：None
[2023-11-27 15:49:19,495] logger_util.py->error_log line:65 [INFO] 断言失败:status_code不等于200
[2023-11-27 15:49:19,495] logger_util.py->write_log line:61 [INFO] 实际结果：互联名称已存在, 请重新输入
[2023-11-27 15:49:19,495] logger_util.py->write_log line:61 [INFO] 接口请求失败！
[2023-11-27 15:49:19,495] logger_util.py->write_log line:61 [INFO] -------------接口请求结束-----------

[2023-11-27 15:49:19,496] logger_util.py->error_log line:65 [INFO] 断言异常：异常信息: Traceback (most recent call last):
  File "E:\Project_python\api_cms\common\requests_util.py", line 366, in validate_result
    error_log("断言失败:"+assert_key+"不等于"+str(assert_value))
  File "E:\Project_python\api_cms\common\logger_util.py", line 66, in error_log
    raise Exception(log_message)
Exception: 断言失败:status_code不等于200

[2023-11-27 15:49:19,496] logger_util.py->error_log line:65 [INFO] 分析YAML文件异常：异常信息: Traceback (most recent call last):
  File "E:\Project_python\api_cms\common\requests_util.py", line 366, in validate_result
    error_log("断言失败:"+assert_key+"不等于"+str(assert_value))
  File "E:\Project_python\api_cms\common\logger_util.py", line 66, in error_log
    raise Exception(log_message)
Exception: 断言失败:status_code不等于200

During handling of the above exception, another exception occurred:

Traceback (most recent call last):
  File "E:\Project_python\api_cms\common\requests_util.py", line 263, in analysis_yaml
    self.validate_result(yq_result, return_text, status_code)
  File "E:\Project_python\api_cms\common\requests_util.py", line 446, in validate_result
    error_log("断言异常：异常信息: %s" % str(traceback.format_exc()))
  File "E:\Project_python\api_cms\common\logger_util.py", line 66, in error_log
    raise Exception(log_message)
Exception: 断言异常：异常信息: Traceback (most recent call last):
  File "E:\Project_python\api_cms\common\requests_util.py", line 366, in validate_result
    error_log("断言失败:"+assert_key+"不等于"+str(assert_value))
  File "E:\Project_python\api_cms\common\logger_util.py", line 66, in error_log
    raise Exception(log_message)
Exception: 断言失败:status_code不等于200


