[2023-06-02 14:59:22,365] logger_util.py->write_log line:61 [INFO] -------------接口请求开始-----------
[2023-06-02 14:59:22,365] logger_util.py->write_log line:61 [INFO] 接口名称：设置聚合表触发配置--变量触发
[2023-06-02 14:59:22,365] logger_util.py->write_log line:61 [INFO] 接口方式：put
[2023-06-02 14:59:22,365] logger_util.py->write_log line:61 [INFO] 接口路径：http://127.0.0.1:18000/api/v1/dataconfig/aggregatetable/39beb9fa-a60d-4379-8376-9b13863b9442/triggers
[2023-06-02 14:59:22,365] logger_util.py->write_log line:61 [INFO] 请求头：{'Content-Type': 'application/json;charset=UTF-8', 'X-Project': '83d42c5d5ad141bba528b7690b19996e'}
[2023-06-02 14:59:22,366] logger_util.py->write_log line:61 [INFO] 请求参数：{'realTime': False, 'triggers': [{'effectiveDateTime': 'null', 'frequencyValue': 1, 'frequencyUnit': 1, 'matchAll': False, 'condition': 'G1 ==  true', 'conditionDetail': 1, 'frequencyCheck': False, 'triggerType': 2}]}
[2023-06-02 14:59:22,366] logger_util.py->write_log line:61 [INFO] 文件上传：None
[2023-06-02 14:59:22,657] logger_util.py->write_log line:61 [INFO] 预期结果：[{'equals': {'status_code': 200}}]
[2023-06-02 14:59:22,657] logger_util.py->write_log line:61 [INFO] 实际结果：
[2023-06-02 14:59:22,657] logger_util.py->write_log line:61 [INFO] 接口请求成功！
[2023-06-02 14:59:22,657] logger_util.py->write_log line:61 [INFO] -------------接口请求结束-----------

[2023-06-02 14:59:22,663] logger_util.py->write_log line:61 [INFO] -------------接口请求开始-----------
[2023-06-02 14:59:22,663] logger_util.py->write_log line:61 [INFO] 接口名称：设置聚合表触发配置--变量触发
[2023-06-02 14:59:22,663] logger_util.py->write_log line:61 [INFO] 接口方式：put
[2023-06-02 14:59:22,663] logger_util.py->write_log line:61 [INFO] 接口路径：http://127.0.0.1:18000/api/v1/dataconfig/aggregatetable/39beb9fa-a60d-4379-8376-9b13863b9442/triggers
[2023-06-02 14:59:22,663] logger_util.py->write_log line:61 [INFO] 请求头：{'Content-Type': 'application/json;charset=UTF-8', 'X-Project': '83d42c5d5ad141bba528b7690b19996e'}
[2023-06-02 14:59:22,663] logger_util.py->write_log line:61 [INFO] 请求参数：{'realTime': False, 'triggers': [{'effectiveDateTime': '', 'frequencyValue': 1, 'frequencyUnit': 1, 'matchAll': False, 'condition': 'G1 ==  true', 'conditionDetail': 2, 'frequencyCheck': False, 'triggerType': 2}]}
[2023-06-02 14:59:22,664] logger_util.py->write_log line:61 [INFO] 文件上传：None
[2023-06-02 14:59:22,874] logger_util.py->write_log line:61 [INFO] 预期结果：[{'equals': {'status_code': 200}}]
[2023-06-02 14:59:22,874] logger_util.py->write_log line:61 [INFO] 实际结果：
[2023-06-02 14:59:22,874] logger_util.py->write_log line:61 [INFO] 接口请求成功！
[2023-06-02 14:59:22,874] logger_util.py->write_log line:61 [INFO] -------------接口请求结束-----------

[2023-06-02 14:59:22,880] logger_util.py->write_log line:61 [INFO] -------------接口请求开始-----------
[2023-06-02 14:59:22,880] logger_util.py->write_log line:61 [INFO] 接口名称：设置聚合表触发配置--变量触发
[2023-06-02 14:59:22,880] logger_util.py->write_log line:61 [INFO] 接口方式：put
[2023-06-02 14:59:22,880] logger_util.py->write_log line:61 [INFO] 接口路径：http://127.0.0.1:18000/api/v1/dataconfig/aggregatetable/39beb9fa-a60d-4379-8376-9b13863b9442/triggers
[2023-06-02 14:59:22,880] logger_util.py->write_log line:61 [INFO] 请求头：{'Content-Type': 'application/json;charset=UTF-8', 'X-Project': '83d42c5d5ad141bba528b7690b19996e'}
[2023-06-02 14:59:22,880] logger_util.py->write_log line:61 [INFO] 请求参数：{'realTime': False, 'triggers': [{'effectiveDateTime': '', 'frequencyValue': 1, 'frequencyUnit': 1, 'matchAll': False, 'condition': 'G1 ==  true', 'conditionDetail': 3, 'frequencyCheck': False, 'triggerType': 2}]}
[2023-06-02 14:59:22,881] logger_util.py->write_log line:61 [INFO] 文件上传：None
[2023-06-02 14:59:23,485] logger_util.py->write_log line:61 [INFO] 预期结果：[{'equals': {'status_code': 200}}]
[2023-06-02 14:59:23,485] logger_util.py->write_log line:61 [INFO] 实际结果：
[2023-06-02 14:59:23,485] logger_util.py->write_log line:61 [INFO] 接口请求成功！
[2023-06-02 14:59:23,485] logger_util.py->write_log line:61 [INFO] -------------接口请求结束-----------

[2023-06-02 14:59:23,491] logger_util.py->write_log line:61 [INFO] -------------接口请求开始-----------
[2023-06-02 14:59:23,491] logger_util.py->write_log line:61 [INFO] 接口名称：设置聚合表触发配置--变量触发
[2023-06-02 14:59:23,491] logger_util.py->write_log line:61 [INFO] 接口方式：put
[2023-06-02 14:59:23,491] logger_util.py->write_log line:61 [INFO] 接口路径：http://127.0.0.1:18000/api/v1/dataconfig/aggregatetable/39beb9fa-a60d-4379-8376-9b13863b9442/triggers
[2023-06-02 14:59:23,491] logger_util.py->write_log line:61 [INFO] 请求头：{'Content-Type': 'application/json;charset=UTF-8', 'X-Project': '83d42c5d5ad141bba528b7690b19996e'}
[2023-06-02 14:59:23,491] logger_util.py->write_log line:61 [INFO] 请求参数：{'realTime': False, 'triggers': [{'effectiveDateTime': '', 'frequencyValue': 1, 'frequencyUnit': 1, 'matchAll': False, 'condition': 'G1 ==  true', 'conditionDetail': 1, 'frequencyCheck': True, 'triggerType': 2}]}
[2023-06-02 14:59:23,492] logger_util.py->write_log line:61 [INFO] 文件上传：None
[2023-06-02 14:59:23,906] logger_util.py->write_log line:61 [INFO] 预期结果：[{'equals': {'status_code': 200}}]
[2023-06-02 14:59:23,907] logger_util.py->write_log line:61 [INFO] 实际结果：
[2023-06-02 14:59:23,907] logger_util.py->write_log line:61 [INFO] 接口请求成功！
[2023-06-02 14:59:23,907] logger_util.py->write_log line:61 [INFO] -------------接口请求结束-----------

[2023-06-02 14:59:23,912] logger_util.py->write_log line:61 [INFO] -------------接口请求开始-----------
[2023-06-02 14:59:23,912] logger_util.py->write_log line:61 [INFO] 接口名称：设置聚合表触发配置--变量触发
[2023-06-02 14:59:23,912] logger_util.py->write_log line:61 [INFO] 接口方式：put
[2023-06-02 14:59:23,913] logger_util.py->write_log line:61 [INFO] 接口路径：http://127.0.0.1:18000/api/v1/dataconfig/aggregatetable/39beb9fa-a60d-4379-8376-9b13863b9442/triggers
[2023-06-02 14:59:23,913] logger_util.py->write_log line:61 [INFO] 请求头：{'Content-Type': 'application/json;charset=UTF-8', 'X-Project': '83d42c5d5ad141bba528b7690b19996e'}
[2023-06-02 14:59:23,913] logger_util.py->write_log line:61 [INFO] 请求参数：{'realTime': False, 'triggers': [{'effectiveDateTime': '', 'frequencyValue': 5, 'frequencyUnit': 2, 'matchAll': False, 'condition': 'G1 ==  true', 'conditionDetail': 1, 'frequencyCheck': True, 'triggerType': 2}]}
[2023-06-02 14:59:23,913] logger_util.py->write_log line:61 [INFO] 文件上传：None
[2023-06-02 14:59:24,524] logger_util.py->write_log line:61 [INFO] 预期结果：[{'equals': {'status_code': 200}}]
[2023-06-02 14:59:24,524] logger_util.py->write_log line:61 [INFO] 实际结果：
[2023-06-02 14:59:24,524] logger_util.py->write_log line:61 [INFO] 接口请求成功！
[2023-06-02 14:59:24,524] logger_util.py->write_log line:61 [INFO] -------------接口请求结束-----------

[2023-06-02 14:59:24,531] logger_util.py->write_log line:61 [INFO] -------------接口请求开始-----------
[2023-06-02 14:59:24,531] logger_util.py->write_log line:61 [INFO] 接口名称：设置聚合表触发配置--变量触发
[2023-06-02 14:59:24,531] logger_util.py->write_log line:61 [INFO] 接口方式：put
[2023-06-02 14:59:24,531] logger_util.py->write_log line:61 [INFO] 接口路径：http://127.0.0.1:18000/api/v1/dataconfig/aggregatetable/39beb9fa-a60d-4379-8376-9b13863b9442/triggers
[2023-06-02 14:59:24,532] logger_util.py->write_log line:61 [INFO] 请求头：{'Content-Type': 'application/json;charset=UTF-8', 'X-Project': '83d42c5d5ad141bba528b7690b19996e'}
[2023-06-02 14:59:24,532] logger_util.py->write_log line:61 [INFO] 请求参数：{'realTime': False, 'triggers': [{'effectiveDateTime': '', 'frequencyValue': 1, 'frequencyUnit': 3, 'matchAll': False, 'condition': 'G1 ==  true', 'conditionDetail': 1, 'frequencyCheck': True, 'triggerType': 2}]}
[2023-06-02 14:59:24,532] logger_util.py->write_log line:61 [INFO] 文件上传：None
[2023-06-02 14:59:24,829] logger_util.py->write_log line:61 [INFO] 预期结果：[{'equals': {'status_code': 200}}]
[2023-06-02 14:59:24,830] logger_util.py->write_log line:61 [INFO] 实际结果：
[2023-06-02 14:59:24,830] logger_util.py->write_log line:61 [INFO] 接口请求成功！
[2023-06-02 14:59:24,830] logger_util.py->write_log line:61 [INFO] -------------接口请求结束-----------

[2023-06-02 14:59:24,836] logger_util.py->write_log line:61 [INFO] -------------接口请求开始-----------
[2023-06-02 14:59:24,836] logger_util.py->write_log line:61 [INFO] 接口名称：设置聚合表触发配置--变量触发
[2023-06-02 14:59:24,837] logger_util.py->write_log line:61 [INFO] 接口方式：put
[2023-06-02 14:59:24,837] logger_util.py->write_log line:61 [INFO] 接口路径：http://127.0.0.1:18000/api/v1/dataconfig/aggregatetable/39beb9fa-a60d-4379-8376-9b13863b9442/triggers
[2023-06-02 14:59:24,837] logger_util.py->write_log line:61 [INFO] 请求头：{'Content-Type': 'application/json;charset=UTF-8', 'X-Project': '83d42c5d5ad141bba528b7690b19996e'}
[2023-06-02 14:59:24,837] logger_util.py->write_log line:61 [INFO] 请求参数：{'realTime': False, 'triggers': [{'effectiveDateTime': '', 'frequencyValue': 1, 'frequencyUnit': 4, 'matchAll': False, 'condition': 'G1 ==  true', 'conditionDetail': 1, 'frequencyCheck': True, 'triggerType': 2}]}
[2023-06-02 14:59:24,837] logger_util.py->write_log line:61 [INFO] 文件上传：None
[2023-06-02 14:59:25,032] logger_util.py->write_log line:61 [INFO] 预期结果：[{'equals': {'status_code': 200}}]
[2023-06-02 14:59:25,032] logger_util.py->write_log line:61 [INFO] 实际结果：
[2023-06-02 14:59:25,032] logger_util.py->write_log line:61 [INFO] 接口请求成功！
[2023-06-02 14:59:25,032] logger_util.py->write_log line:61 [INFO] -------------接口请求结束-----------

[2023-06-02 14:59:25,038] logger_util.py->write_log line:61 [INFO] -------------接口请求开始-----------
[2023-06-02 14:59:25,038] logger_util.py->write_log line:61 [INFO] 接口名称：设置聚合表触发配置--变量触发
[2023-06-02 14:59:25,038] logger_util.py->write_log line:61 [INFO] 接口方式：put
[2023-06-02 14:59:25,038] logger_util.py->write_log line:61 [INFO] 接口路径：http://127.0.0.1:18000/api/v1/dataconfig/aggregatetable/39beb9fa-a60d-4379-8376-9b13863b9442/triggers
[2023-06-02 14:59:25,038] logger_util.py->write_log line:61 [INFO] 请求头：{'Content-Type': 'application/json;charset=UTF-8', 'X-Project': '83d42c5d5ad141bba528b7690b19996e'}
[2023-06-02 14:59:25,038] logger_util.py->write_log line:61 [INFO] 请求参数：{'realTime': False, 'triggers': [{'effectiveDateTime': '', 'frequencyValue': 36, 'frequencyUnit': 5, 'matchAll': False, 'condition': 'G1 ==  true', 'conditionDetail': 1, 'frequencyCheck': True, 'triggerType': 2}]}
[2023-06-02 14:59:25,039] logger_util.py->write_log line:61 [INFO] 文件上传：None
[2023-06-02 14:59:25,232] logger_util.py->write_log line:61 [INFO] 预期结果：[{'equals': {'status_code': 200}}]
[2023-06-02 14:59:25,232] logger_util.py->write_log line:61 [INFO] 实际结果：
[2023-06-02 14:59:25,232] logger_util.py->write_log line:61 [INFO] 接口请求成功！
[2023-06-02 14:59:25,232] logger_util.py->write_log line:61 [INFO] -------------接口请求结束-----------

[2023-06-02 14:59:25,238] logger_util.py->write_log line:61 [INFO] -------------接口请求开始-----------
[2023-06-02 14:59:25,238] logger_util.py->write_log line:61 [INFO] 接口名称：设置聚合表触发配置--变量触发
[2023-06-02 14:59:25,238] logger_util.py->write_log line:61 [INFO] 接口方式：put
[2023-06-02 14:59:25,239] logger_util.py->write_log line:61 [INFO] 接口路径：http://127.0.0.1:18000/api/v1/dataconfig/aggregatetable/39beb9fa-a60d-4379-8376-9b13863b9442/triggers
[2023-06-02 14:59:25,239] logger_util.py->write_log line:61 [INFO] 请求头：{'Content-Type': 'application/json;charset=UTF-8', 'X-Project': '83d42c5d5ad141bba528b7690b19996e'}
[2023-06-02 14:59:25,239] logger_util.py->write_log line:61 [INFO] 请求参数：{'realTime': False, 'triggers': [{'effectiveDateTime': '', 'frequencyValue': 1, 'frequencyUnit': 1, 'matchAll': False, 'condition': "G1 ==  true ||  H1 != '中文'", 'conditionDetail': 1, 'frequencyCheck': False, 'triggerType': 2}]}
[2023-06-02 14:59:25,239] logger_util.py->write_log line:61 [INFO] 文件上传：None
[2023-06-02 14:59:25,479] logger_util.py->write_log line:61 [INFO] 预期结果：[{'equals': {'status_code': 200}}]
[2023-06-02 14:59:25,480] logger_util.py->write_log line:61 [INFO] 实际结果：
[2023-06-02 14:59:25,480] logger_util.py->write_log line:61 [INFO] 接口请求成功！
[2023-06-02 14:59:25,480] logger_util.py->write_log line:61 [INFO] -------------接口请求结束-----------

[2023-06-02 14:59:25,515] logger_util.py->write_log line:61 [INFO] -------------接口请求开始-----------
[2023-06-02 14:59:25,515] logger_util.py->write_log line:61 [INFO] 接口名称：设置聚合表触发配置--变量触发
[2023-06-02 14:59:25,515] logger_util.py->write_log line:61 [INFO] 接口方式：put
[2023-06-02 14:59:25,515] logger_util.py->write_log line:61 [INFO] 接口路径：http://127.0.0.1:18000/api/v1/dataconfig/aggregatetable/39beb9fa-a60d-4379-8376-9b13863b9442/triggers
[2023-06-02 14:59:25,515] logger_util.py->write_log line:61 [INFO] 请求头：{'Content-Type': 'application/json;charset=UTF-8', 'X-Project': '83d42c5d5ad141bba528b7690b19996e'}
[2023-06-02 14:59:25,515] logger_util.py->write_log line:61 [INFO] 请求参数：{'realTime': False, 'triggers': [{'effectiveDateTime': '', 'frequencyValue': 1, 'frequencyUnit': 1, 'matchAll': False, 'condition': 'A1 + B1)  <=  0 ||  (A1 - B1) <= 0', 'conditionDetail': 1, 'frequencyCheck': False, 'triggerType': 2}]}
[2023-06-02 14:59:25,515] logger_util.py->write_log line:61 [INFO] 文件上传：None
[2023-06-02 14:59:25,746] logger_util.py->write_log line:61 [INFO] 预期结果：[{'equals': {'status_code': 200}}]
[2023-06-02 14:59:25,746] logger_util.py->write_log line:61 [INFO] 实际结果：
[2023-06-02 14:59:25,746] logger_util.py->write_log line:61 [INFO] 接口请求成功！
[2023-06-02 14:59:25,746] logger_util.py->write_log line:61 [INFO] -------------接口请求结束-----------

[2023-06-02 14:59:25,753] logger_util.py->write_log line:61 [INFO] -------------接口请求开始-----------
[2023-06-02 14:59:25,753] logger_util.py->write_log line:61 [INFO] 接口名称：设置聚合表触发配置--变量触发
[2023-06-02 14:59:25,753] logger_util.py->write_log line:61 [INFO] 接口方式：put
[2023-06-02 14:59:25,753] logger_util.py->write_log line:61 [INFO] 接口路径：http://127.0.0.1:18000/api/v1/dataconfig/aggregatetable/39beb9fa-a60d-4379-8376-9b13863b9442/triggers
[2023-06-02 14:59:25,753] logger_util.py->write_log line:61 [INFO] 请求头：{'Content-Type': 'application/json;charset=UTF-8', 'X-Project': '83d42c5d5ad141bba528b7690b19996e'}
[2023-06-02 14:59:25,753] logger_util.py->write_log line:61 [INFO] 请求参数：{'realTime': False, 'triggers': [{'effectiveDateTime': '', 'frequencyValue': 1, 'frequencyUnit': 1, 'matchAll': False, 'condition': '(A1 * B1) > 0 &&  (A1 / B1)>0', 'conditionDetail': 1, 'frequencyCheck': False, 'triggerType': 2}]}
[2023-06-02 14:59:25,753] logger_util.py->write_log line:61 [INFO] 文件上传：None
[2023-06-02 14:59:25,932] logger_util.py->write_log line:61 [INFO] 预期结果：[{'equals': {'status_code': 200}}]
[2023-06-02 14:59:25,932] logger_util.py->write_log line:61 [INFO] 实际结果：
[2023-06-02 14:59:25,932] logger_util.py->write_log line:61 [INFO] 接口请求成功！
[2023-06-02 14:59:25,933] logger_util.py->write_log line:61 [INFO] -------------接口请求结束-----------

[2023-06-02 14:59:25,940] logger_util.py->write_log line:61 [INFO] -------------接口请求开始-----------
[2023-06-02 14:59:25,941] logger_util.py->write_log line:61 [INFO] 接口名称：设置聚合表触发配置--定时触发
[2023-06-02 14:59:25,941] logger_util.py->write_log line:61 [INFO] 接口方式：put
[2023-06-02 14:59:25,941] logger_util.py->write_log line:61 [INFO] 接口路径：http://127.0.0.1:18000/api/v1/dataconfig/aggregatetable/39beb9fa-a60d-4379-8376-9b13863b9442/triggers
[2023-06-02 14:59:25,941] logger_util.py->write_log line:61 [INFO] 请求头：{'Content-Type': 'application/json;charset=UTF-8', 'X-Project': '83d42c5d5ad141bba528b7690b19996e'}
[2023-06-02 14:59:25,941] logger_util.py->write_log line:61 [INFO] 请求参数：{'realTime': False, 'triggers': [{'effectiveDateTime': '2023-05-22T06:15:31.000Z', 'frequencyValue': 1, 'frequencyUnit': 1, 'matchAll': False, 'condition': '', 'conditionDetail': 1, 'frequencyCheck': False, 'triggerType': 1}]}
[2023-06-02 14:59:25,941] logger_util.py->write_log line:61 [INFO] 文件上传：None
[2023-06-02 14:59:26,249] logger_util.py->write_log line:61 [INFO] 预期结果：[{'equals': {'status_code': 200}}]
[2023-06-02 14:59:26,249] logger_util.py->write_log line:61 [INFO] 实际结果：
[2023-06-02 14:59:26,249] logger_util.py->write_log line:61 [INFO] 接口请求成功！
[2023-06-02 14:59:26,249] logger_util.py->write_log line:61 [INFO] -------------接口请求结束-----------

[2023-06-02 14:59:26,258] logger_util.py->write_log line:61 [INFO] -------------接口请求开始-----------
[2023-06-02 14:59:26,258] logger_util.py->write_log line:61 [INFO] 接口名称：设置聚合表触发配置--定时触发
[2023-06-02 14:59:26,258] logger_util.py->write_log line:61 [INFO] 接口方式：put
[2023-06-02 14:59:26,258] logger_util.py->write_log line:61 [INFO] 接口路径：http://127.0.0.1:18000/api/v1/dataconfig/aggregatetable/39beb9fa-a60d-4379-8376-9b13863b9442/triggers
[2023-06-02 14:59:26,259] logger_util.py->write_log line:61 [INFO] 请求头：{'Content-Type': 'application/json;charset=UTF-8', 'X-Project': '83d42c5d5ad141bba528b7690b19996e'}
[2023-06-02 14:59:26,259] logger_util.py->write_log line:61 [INFO] 请求参数：{'realTime': False, 'triggers': [{'effectiveDateTime': '2023-05-22T06:15:31.000Z', 'frequencyValue': 5, 'frequencyUnit': 2, 'matchAll': False, 'condition': '', 'conditionDetail': 1, 'frequencyCheck': False, 'triggerType': 1}]}
[2023-06-02 14:59:26,259] logger_util.py->write_log line:61 [INFO] 文件上传：None
[2023-06-02 14:59:26,476] logger_util.py->write_log line:61 [INFO] 预期结果：[{'equals': {'status_code': 200}}]
[2023-06-02 14:59:26,476] logger_util.py->write_log line:61 [INFO] 实际结果：
[2023-06-02 14:59:26,477] logger_util.py->write_log line:61 [INFO] 接口请求成功！
[2023-06-02 14:59:26,477] logger_util.py->write_log line:61 [INFO] -------------接口请求结束-----------

[2023-06-02 14:59:26,493] logger_util.py->write_log line:61 [INFO] -------------接口请求开始-----------
[2023-06-02 14:59:26,494] logger_util.py->write_log line:61 [INFO] 接口名称：设置聚合表触发配置--定时触发
[2023-06-02 14:59:26,494] logger_util.py->write_log line:61 [INFO] 接口方式：put
[2023-06-02 14:59:26,494] logger_util.py->write_log line:61 [INFO] 接口路径：http://127.0.0.1:18000/api/v1/dataconfig/aggregatetable/39beb9fa-a60d-4379-8376-9b13863b9442/triggers
[2023-06-02 14:59:26,494] logger_util.py->write_log line:61 [INFO] 请求头：{'Content-Type': 'application/json;charset=UTF-8', 'X-Project': '83d42c5d5ad141bba528b7690b19996e'}
[2023-06-02 14:59:26,494] logger_util.py->write_log line:61 [INFO] 请求参数：{'realTime': False, 'triggers': [{'effectiveDateTime': '2023-05-22T06:15:31.000Z', 'frequencyValue': 1, 'frequencyUnit': 3, 'matchAll': False, 'condition': '', 'conditionDetail': 1, 'frequencyCheck': False, 'triggerType': 1}]}
[2023-06-02 14:59:26,495] logger_util.py->write_log line:61 [INFO] 文件上传：None
[2023-06-02 14:59:26,690] logger_util.py->write_log line:61 [INFO] 预期结果：[{'equals': {'status_code': 200}}]
[2023-06-02 14:59:26,690] logger_util.py->write_log line:61 [INFO] 实际结果：
[2023-06-02 14:59:26,690] logger_util.py->write_log line:61 [INFO] 接口请求成功！
[2023-06-02 14:59:26,690] logger_util.py->write_log line:61 [INFO] -------------接口请求结束-----------

[2023-06-02 14:59:26,696] logger_util.py->write_log line:61 [INFO] -------------接口请求开始-----------
[2023-06-02 14:59:26,696] logger_util.py->write_log line:61 [INFO] 接口名称：设置聚合表触发配置--定时触发
[2023-06-02 14:59:26,696] logger_util.py->write_log line:61 [INFO] 接口方式：put
[2023-06-02 14:59:26,696] logger_util.py->write_log line:61 [INFO] 接口路径：http://127.0.0.1:18000/api/v1/dataconfig/aggregatetable/39beb9fa-a60d-4379-8376-9b13863b9442/triggers
[2023-06-02 14:59:26,696] logger_util.py->write_log line:61 [INFO] 请求头：{'Content-Type': 'application/json;charset=UTF-8', 'X-Project': '83d42c5d5ad141bba528b7690b19996e'}
[2023-06-02 14:59:26,696] logger_util.py->write_log line:61 [INFO] 请求参数：{'realTime': False, 'triggers': [{'effectiveDateTime': '2023-05-22T06:15:31.000Z', 'frequencyValue': 1, 'frequencyUnit': 4, 'matchAll': False, 'condition': '', 'conditionDetail': 1, 'frequencyCheck': False, 'triggerType': 1}]}
[2023-06-02 14:59:26,696] logger_util.py->write_log line:61 [INFO] 文件上传：None
[2023-06-02 14:59:27,007] logger_util.py->write_log line:61 [INFO] 预期结果：[{'equals': {'status_code': 200}}]
[2023-06-02 14:59:27,007] logger_util.py->write_log line:61 [INFO] 实际结果：
[2023-06-02 14:59:27,007] logger_util.py->write_log line:61 [INFO] 接口请求成功！
[2023-06-02 14:59:27,007] logger_util.py->write_log line:61 [INFO] -------------接口请求结束-----------

[2023-06-02 14:59:27,014] logger_util.py->write_log line:61 [INFO] -------------接口请求开始-----------
[2023-06-02 14:59:27,014] logger_util.py->write_log line:61 [INFO] 接口名称：设置聚合表触发配置--定时触发
[2023-06-02 14:59:27,015] logger_util.py->write_log line:61 [INFO] 接口方式：put
[2023-06-02 14:59:27,015] logger_util.py->write_log line:61 [INFO] 接口路径：http://127.0.0.1:18000/api/v1/dataconfig/aggregatetable/39beb9fa-a60d-4379-8376-9b13863b9442/triggers
[2023-06-02 14:59:27,015] logger_util.py->write_log line:61 [INFO] 请求头：{'Content-Type': 'application/json;charset=UTF-8', 'X-Project': '83d42c5d5ad141bba528b7690b19996e'}
[2023-06-02 14:59:27,015] logger_util.py->write_log line:61 [INFO] 请求参数：{'realTime': False, 'triggers': [{'effectiveDateTime': '2023-05-22T06:15:31.000Z', 'frequencyValue': 36, 'frequencyUnit': 5, 'matchAll': False, 'condition': '', 'conditionDetail': 1, 'frequencyCheck': False, 'triggerType': 1}]}
[2023-06-02 14:59:27,015] logger_util.py->write_log line:61 [INFO] 文件上传：None
[2023-06-02 14:59:27,231] logger_util.py->write_log line:61 [INFO] 预期结果：[{'equals': {'status_code': 200}}]
[2023-06-02 14:59:27,231] logger_util.py->write_log line:61 [INFO] 实际结果：
[2023-06-02 14:59:27,231] logger_util.py->write_log line:61 [INFO] 接口请求成功！
[2023-06-02 14:59:27,232] logger_util.py->write_log line:61 [INFO] -------------接口请求结束-----------

[2023-06-02 14:59:27,237] logger_util.py->write_log line:61 [INFO] -------------接口请求开始-----------
[2023-06-02 14:59:27,237] logger_util.py->write_log line:61 [INFO] 接口名称：设置聚合表触发配置--定时触发
[2023-06-02 14:59:27,237] logger_util.py->write_log line:61 [INFO] 接口方式：put
[2023-06-02 14:59:27,237] logger_util.py->write_log line:61 [INFO] 接口路径：http://127.0.0.1:18000/api/v1/dataconfig/aggregatetable/39beb9fa-a60d-4379-8376-9b13863b9442/triggers
[2023-06-02 14:59:27,238] logger_util.py->write_log line:61 [INFO] 请求头：{'Content-Type': 'application/json;charset=UTF-8', 'X-Project': '83d42c5d5ad141bba528b7690b19996e'}
[2023-06-02 14:59:27,238] logger_util.py->write_log line:61 [INFO] 请求参数：{'realTime': False, 'triggers': [{'effectiveDateTime': '2023-05-22T06:15:31.000Z', 'frequencyValue': 1, 'frequencyUnit': 1, 'matchAll': True, 'condition': "G1 ==  true ||  H1 != '中文'", 'conditionDetail': 1, 'frequencyCheck': False, 'triggerType': 1}]}
[2023-06-02 14:59:27,238] logger_util.py->write_log line:61 [INFO] 文件上传：None
[2023-06-02 14:59:27,618] logger_util.py->write_log line:61 [INFO] 预期结果：[{'equals': {'status_code': 200}}]
[2023-06-02 14:59:27,619] logger_util.py->write_log line:61 [INFO] 实际结果：
[2023-06-02 14:59:27,619] logger_util.py->write_log line:61 [INFO] 接口请求成功！
[2023-06-02 14:59:27,620] logger_util.py->write_log line:61 [INFO] -------------接口请求结束-----------

[2023-06-02 14:59:27,626] logger_util.py->write_log line:61 [INFO] -------------接口请求开始-----------
[2023-06-02 14:59:27,626] logger_util.py->write_log line:61 [INFO] 接口名称：设置聚合表触发配置--定时触发
[2023-06-02 14:59:27,626] logger_util.py->write_log line:61 [INFO] 接口方式：put
[2023-06-02 14:59:27,626] logger_util.py->write_log line:61 [INFO] 接口路径：http://127.0.0.1:18000/api/v1/dataconfig/aggregatetable/39beb9fa-a60d-4379-8376-9b13863b9442/triggers
[2023-06-02 14:59:27,626] logger_util.py->write_log line:61 [INFO] 请求头：{'Content-Type': 'application/json;charset=UTF-8', 'X-Project': '83d42c5d5ad141bba528b7690b19996e'}
[2023-06-02 14:59:27,627] logger_util.py->write_log line:61 [INFO] 请求参数：{'realTime': False, 'triggers': [{'effectiveDateTime': '2023-05-22T06:15:31.000Z', 'frequencyValue': 1, 'frequencyUnit': 1, 'matchAll': True, 'condition': 'A1 + B1)  <=  0 ||  (A1 - B1) <= 0', 'conditionDetail': 1, 'frequencyCheck': False, 'triggerType': 1}]}
[2023-06-02 14:59:27,627] logger_util.py->write_log line:61 [INFO] 文件上传：None
[2023-06-02 14:59:27,825] logger_util.py->write_log line:61 [INFO] 预期结果：[{'equals': {'status_code': 200}}]
[2023-06-02 14:59:27,826] logger_util.py->write_log line:61 [INFO] 实际结果：
[2023-06-02 14:59:27,826] logger_util.py->write_log line:61 [INFO] 接口请求成功！
[2023-06-02 14:59:27,827] logger_util.py->write_log line:61 [INFO] -------------接口请求结束-----------

[2023-06-02 14:59:27,840] logger_util.py->write_log line:61 [INFO] -------------接口请求开始-----------
[2023-06-02 14:59:27,840] logger_util.py->write_log line:61 [INFO] 接口名称：设置聚合表触发配置--定时触发
[2023-06-02 14:59:27,840] logger_util.py->write_log line:61 [INFO] 接口方式：put
[2023-06-02 14:59:27,840] logger_util.py->write_log line:61 [INFO] 接口路径：http://127.0.0.1:18000/api/v1/dataconfig/aggregatetable/39beb9fa-a60d-4379-8376-9b13863b9442/triggers
[2023-06-02 14:59:27,840] logger_util.py->write_log line:61 [INFO] 请求头：{'Content-Type': 'application/json;charset=UTF-8', 'X-Project': '83d42c5d5ad141bba528b7690b19996e'}
[2023-06-02 14:59:27,840] logger_util.py->write_log line:61 [INFO] 请求参数：{'realTime': False, 'triggers': [{'effectiveDateTime': '2023-05-22T06:15:31.000Z', 'frequencyValue': 1, 'frequencyUnit': 1, 'matchAll': True, 'condition': '(A1 * B1) > 0 &&  (A1 / B1)>0', 'conditionDetail': 1, 'frequencyCheck': False, 'triggerType': 1}]}
[2023-06-02 14:59:27,840] logger_util.py->write_log line:61 [INFO] 文件上传：None
[2023-06-02 14:59:28,023] logger_util.py->write_log line:61 [INFO] 预期结果：[{'equals': {'status_code': 200}}]
[2023-06-02 14:59:28,023] logger_util.py->write_log line:61 [INFO] 实际结果：
[2023-06-02 14:59:28,023] logger_util.py->write_log line:61 [INFO] 接口请求成功！
[2023-06-02 14:59:28,024] logger_util.py->write_log line:61 [INFO] -------------接口请求结束-----------

[2023-06-02 14:59:28,029] logger_util.py->write_log line:61 [INFO] -------------接口请求开始-----------
[2023-06-02 14:59:28,029] logger_util.py->write_log line:61 [INFO] 接口名称：设置聚合表触发配置--变量触发
[2023-06-02 14:59:28,029] logger_util.py->write_log line:61 [INFO] 接口方式：put
[2023-06-02 14:59:28,029] logger_util.py->write_log line:61 [INFO] 接口路径：http://127.0.0.1:18000/api/v1/dataconfig/aggregatetable/39beb9fa-a60d-4379-8376-9b13863b9442/triggers
[2023-06-02 14:59:28,029] logger_util.py->write_log line:61 [INFO] 请求头：{'Content-Type': 'application/json;charset=UTF-8', 'X-Project': '83d42c5d5ad141bba528b7690b19996e'}
[2023-06-02 14:59:28,030] logger_util.py->write_log line:61 [INFO] 请求参数：{'realTime': False, 'triggers': [{'effectiveDateTime': 'null', 'frequencyValue': 1, 'frequencyUnit': 1, 'matchAll': False, 'condition': 'G1 ==  true', 'conditionDetail': 1, 'frequencyCheck': False, 'triggerType': 2}]}
[2023-06-02 14:59:28,030] logger_util.py->write_log line:61 [INFO] 文件上传：None
[2023-06-02 14:59:28,343] logger_util.py->write_log line:61 [INFO] 预期结果：[{'equals': {'status_code': 200}}]
[2023-06-02 14:59:28,344] logger_util.py->write_log line:61 [INFO] 实际结果：
[2023-06-02 14:59:28,344] logger_util.py->write_log line:61 [INFO] 接口请求成功！
[2023-06-02 14:59:28,345] logger_util.py->write_log line:61 [INFO] -------------接口请求结束-----------

