[2023-08-25 15:04:39,311] logger_util.py->write_log line:61 [INFO] 
-------------接口请求开始-----------
[2023-08-25 15:04:39,311] logger_util.py->write_log line:61 [INFO] 接口名称：创建工程
[2023-08-25 15:04:39,311] logger_util.py->write_log line:61 [INFO] 接口方式：post
[2023-08-25 15:04:39,311] logger_util.py->write_log line:61 [INFO] 接口路径：http://127.0.0.1:18000/api/v1/project/node
[2023-08-25 15:04:39,311] logger_util.py->write_log line:61 [INFO] 请求头：{}
[2023-08-25 15:04:39,311] logger_util.py->write_log line:61 [INFO] 请求参数：{'name': '工程4497', 'path': 'C:\\自动化工程', 'type': 1}
[2023-08-25 15:04:39,312] logger_util.py->write_log line:61 [INFO] 文件上传：None
[2023-08-25 15:04:39,623] logger_util.py->write_log line:61 [INFO] 预期结果：[{'equals': {'status_code': 200}}]
[2023-08-25 15:04:39,624] logger_util.py->write_log line:61 [INFO] 实际结果：474
[2023-08-25 15:04:39,624] logger_util.py->write_log line:61 [INFO] 接口请求成功！
[2023-08-25 15:04:39,624] logger_util.py->write_log line:61 [INFO] 
-------------接口请求结束-----------

[2023-08-25 15:04:49,658] logger_util.py->error_log line:65 [INFO] 发送请求异常：异常信息: Traceback (most recent call last):
  File "E:\Project_python\api_cms\common\requests_util.py", line 302, in send_request
    self.last_headers = self.replace_load(headers)
  File "E:\Project_python\api_cms\common\requests_util.py", line 142, in replace_load
    new_value = getattr(DubugTalk(), func_name)(*args_value.split(','))
  File "E:\Project_python\api_cms\debug_talk.py", line 26, in get_extract_data
    return read_extract_file(node_name)
  File "E:\Project_python\api_cms\common\yaml_util.py", line 19, in read_extract_file
    return value[one_node]
KeyError: 'x_project'

[2023-08-25 15:04:49,659] logger_util.py->error_log line:65 [INFO] 分析YAML文件异常：异常信息: Traceback (most recent call last):
  File "E:\Project_python\api_cms\common\requests_util.py", line 302, in send_request
    self.last_headers = self.replace_load(headers)
  File "E:\Project_python\api_cms\common\requests_util.py", line 142, in replace_load
    new_value = getattr(DubugTalk(), func_name)(*args_value.split(','))
  File "E:\Project_python\api_cms\debug_talk.py", line 26, in get_extract_data
    return read_extract_file(node_name)
  File "E:\Project_python\api_cms\common\yaml_util.py", line 19, in read_extract_file
    return value[one_node]
KeyError: 'x_project'

During handling of the above exception, another exception occurred:

Traceback (most recent call last):
  File "E:\Project_python\api_cms\common\requests_util.py", line 187, in analysis_yaml
    res = self.send_request(name =name,method=method,
  File "E:\Project_python\api_cms\common\requests_util.py", line 325, in send_request
    error_log("发送请求异常：异常信息: %s" % str(traceback.format_exc()))
  File "E:\Project_python\api_cms\common\logger_util.py", line 66, in error_log
    raise Exception(log_message)
Exception: 发送请求异常：异常信息: Traceback (most recent call last):
  File "E:\Project_python\api_cms\common\requests_util.py", line 302, in send_request
    self.last_headers = self.replace_load(headers)
  File "E:\Project_python\api_cms\common\requests_util.py", line 142, in replace_load
    new_value = getattr(DubugTalk(), func_name)(*args_value.split(','))
  File "E:\Project_python\api_cms\debug_talk.py", line 26, in get_extract_data
    return read_extract_file(node_name)
  File "E:\Project_python\api_cms\common\yaml_util.py", line 19, in read_extract_file
    return value[one_node]
KeyError: 'x_project'


