[2023-08-08 10:51:07,244] logger_util.py->write_log line:61 [INFO] -------------接口请求开始-----------
[2023-08-08 10:51:07,245] logger_util.py->write_log line:61 [INFO] 接口名称：modbus协议下发-保存寄存器有符号8位整型
[2023-08-08 10:51:07,245] logger_util.py->write_log line:61 [INFO] 接口方式：post
[2023-08-08 10:51:07,245] logger_util.py->write_log line:61 [INFO] 接口路径：http://127.0.0.1:6700/v1/cms/io/write
[2023-08-08 10:51:07,245] logger_util.py->write_log line:61 [INFO] 请求头：{'Content-Type': 'application/json'}
[2023-08-08 10:51:07,246] logger_util.py->write_log line:61 [INFO] 请求参数：{'tagDatas': {'MOD_SINT1': '$cvs{tagvalue}'}}
[2023-08-08 10:51:07,246] logger_util.py->write_log line:61 [INFO] 文件上传：None
[2023-08-08 10:51:07,307] logger_util.py->write_log line:61 [INFO] 预期结果：[{'equals': {'status_code': 200}}, {'equals': {'msg': 'All write successfully'}}]
[2023-08-08 10:51:07,308] logger_util.py->write_log line:61 [INFO] 实际结果：{'body': {'code': 0, 'msg': 'All write successfully', 'tagResults': {'MOD_SINT1': 0}, 'traceId': '6A780349-A5A0-43E8-A408-BB1463362308'}, 'header': {'code': 0, 'cur_module': 'siot', 'msg': 'All write successfully', 'timespend': 57, 'tracelist': [{'code': 0, 'module': 'siot', 'msg': 'All write successfully', 'submodule_timespend': {'api': 57, 'control': 57, 'driver': 15}, 'timespend': 57}]}}
[2023-08-08 10:51:07,308] logger_util.py->write_log line:61 [INFO] 接口请求成功！
[2023-08-08 10:51:07,308] logger_util.py->write_log line:61 [INFO] -------------接口请求结束-----------

[2023-08-08 10:51:07,312] logger_util.py->write_log line:61 [INFO] -------------接口请求开始-----------
[2023-08-08 10:51:07,312] logger_util.py->write_log line:61 [INFO] 接口名称：modbus协议下发-保存寄存器有符号16位整型
[2023-08-08 10:51:07,312] logger_util.py->write_log line:61 [INFO] 接口方式：post
[2023-08-08 10:51:07,313] logger_util.py->write_log line:61 [INFO] 接口路径：http://127.0.0.1:6700/v1/cms/io/write
[2023-08-08 10:51:07,313] logger_util.py->write_log line:61 [INFO] 请求头：{'Content-Type': 'application/json'}
[2023-08-08 10:51:07,313] logger_util.py->write_log line:61 [INFO] 请求参数：{'tagDatas': {'MOD_INT1': '$cvs{tagvalue}'}}
[2023-08-08 10:51:07,313] logger_util.py->write_log line:61 [INFO] 文件上传：None
[2023-08-08 10:51:07,355] logger_util.py->write_log line:61 [INFO] 预期结果：[{'equals': {'status_code': 200}}, {'equals': {'msg': 'All write successfully'}}]
[2023-08-08 10:51:07,356] logger_util.py->write_log line:61 [INFO] 实际结果：{'body': {'code': 0, 'msg': 'All write successfully', 'tagResults': {'MOD_INT1': 0}, 'traceId': '4A0EC98C-3DAA-4D73-B34D-C9499A6DD812'}, 'header': {'code': 0, 'cur_module': 'siot', 'msg': 'All write successfully', 'timespend': 40, 'tracelist': [{'code': 0, 'module': 'siot', 'msg': 'All write successfully', 'submodule_timespend': {'api': 40, 'control': 40, 'driver': 8}, 'timespend': 40}]}}
[2023-08-08 10:51:07,356] logger_util.py->write_log line:61 [INFO] 接口请求成功！
[2023-08-08 10:51:07,356] logger_util.py->write_log line:61 [INFO] -------------接口请求结束-----------

[2023-08-08 10:51:07,361] logger_util.py->write_log line:61 [INFO] -------------接口请求开始-----------
[2023-08-08 10:51:07,361] logger_util.py->write_log line:61 [INFO] 接口名称：modbus协议下发-保存寄存器有符号32位整型
[2023-08-08 10:51:07,361] logger_util.py->write_log line:61 [INFO] 接口方式：post
[2023-08-08 10:51:07,361] logger_util.py->write_log line:61 [INFO] 接口路径：http://127.0.0.1:6700/v1/cms/io/write
[2023-08-08 10:51:07,361] logger_util.py->write_log line:61 [INFO] 请求头：{'Content-Type': 'application/json'}
[2023-08-08 10:51:07,362] logger_util.py->write_log line:61 [INFO] 请求参数：{'tagDatas': {'MOD_DINT1': '$cvs{tagvalue}'}}
[2023-08-08 10:51:07,362] logger_util.py->write_log line:61 [INFO] 文件上传：None
[2023-08-08 10:51:07,419] logger_util.py->write_log line:61 [INFO] 预期结果：[{'equals': {'status_code': 200}}, {'equals': {'msg': 'All write successfully'}}]
[2023-08-08 10:51:07,420] logger_util.py->write_log line:61 [INFO] 实际结果：{'body': {'code': 0, 'msg': 'All write successfully', 'tagResults': {'MOD_DINT1': 0}, 'traceId': '1BBA54A2-AB45-47FA-B46A-FA3B0F6F8AE8'}, 'header': {'code': 0, 'cur_module': 'siot', 'msg': 'All write successfully', 'timespend': 56, 'tracelist': [{'code': 0, 'module': 'siot', 'msg': 'All write successfully', 'submodule_timespend': {'api': 56, 'control': 55, 'driver': 16}, 'timespend': 56}]}}
[2023-08-08 10:51:07,420] logger_util.py->write_log line:61 [INFO] 接口请求成功！
[2023-08-08 10:51:07,420] logger_util.py->write_log line:61 [INFO] -------------接口请求结束-----------

[2023-08-08 10:51:07,424] logger_util.py->write_log line:61 [INFO] -------------接口请求开始-----------
[2023-08-08 10:51:07,425] logger_util.py->write_log line:61 [INFO] 接口名称：modbus协议下发-保存寄存器无符号8位整型
[2023-08-08 10:51:07,425] logger_util.py->write_log line:61 [INFO] 接口方式：post
[2023-08-08 10:51:07,425] logger_util.py->write_log line:61 [INFO] 接口路径：http://127.0.0.1:6700/v1/cms/io/write
[2023-08-08 10:51:07,425] logger_util.py->write_log line:61 [INFO] 请求头：{'Content-Type': 'application/json'}
[2023-08-08 10:51:07,425] logger_util.py->write_log line:61 [INFO] 请求参数：{'tagDatas': {'MOD_USINT1': '$cvs{tagvalue}'}}
[2023-08-08 10:51:07,425] logger_util.py->write_log line:61 [INFO] 文件上传：None
[2023-08-08 10:51:07,483] logger_util.py->write_log line:61 [INFO] 预期结果：[{'equals': {'status_code': 200}}, {'equals': {'msg': 'All write successfully'}}]
[2023-08-08 10:51:07,484] logger_util.py->write_log line:61 [INFO] 实际结果：{'body': {'code': 0, 'msg': 'All write successfully', 'tagResults': {'MOD_USINT1': 0}, 'traceId': 'E9C029F2-C532-4688-B853-0E9AB993BDEC'}, 'header': {'code': 0, 'cur_module': 'siot', 'msg': 'All write successfully', 'timespend': 57, 'tracelist': [{'code': 0, 'module': 'siot', 'msg': 'All write successfully', 'submodule_timespend': {'api': 57, 'control': 57, 'driver': 16}, 'timespend': 57}]}}
[2023-08-08 10:51:07,484] logger_util.py->write_log line:61 [INFO] 接口请求成功！
[2023-08-08 10:51:07,484] logger_util.py->write_log line:61 [INFO] -------------接口请求结束-----------

[2023-08-08 10:51:07,488] logger_util.py->write_log line:61 [INFO] -------------接口请求开始-----------
[2023-08-08 10:51:07,488] logger_util.py->write_log line:61 [INFO] 接口名称：modbus协议下发-保存寄存器无符号16位整型
[2023-08-08 10:51:07,488] logger_util.py->write_log line:61 [INFO] 接口方式：post
[2023-08-08 10:51:07,488] logger_util.py->write_log line:61 [INFO] 接口路径：http://127.0.0.1:6700/v1/cms/io/write
[2023-08-08 10:51:07,488] logger_util.py->write_log line:61 [INFO] 请求头：{'Content-Type': 'application/json'}
[2023-08-08 10:51:07,488] logger_util.py->write_log line:61 [INFO] 请求参数：{'tagDatas': {'MOD_UINT1': '$cvs{tagvalue}'}}
[2023-08-08 10:51:07,488] logger_util.py->write_log line:61 [INFO] 文件上传：None
[2023-08-08 10:51:07,546] logger_util.py->write_log line:61 [INFO] 预期结果：[{'equals': {'status_code': 200}}, {'equals': {'msg': 'All write successfully'}}]
[2023-08-08 10:51:07,547] logger_util.py->write_log line:61 [INFO] 实际结果：{'body': {'code': 0, 'msg': 'All write successfully', 'tagResults': {'MOD_UINT1': 0}, 'traceId': '29A62B44-C570-4B3B-9738-628C5B5915DA'}, 'header': {'code': 0, 'cur_module': 'siot', 'msg': 'All write successfully', 'timespend': 56, 'tracelist': [{'code': 0, 'module': 'siot', 'msg': 'All write successfully', 'submodule_timespend': {'api': 56, 'control': 56, 'driver': 16}, 'timespend': 56}]}}
[2023-08-08 10:51:07,547] logger_util.py->write_log line:61 [INFO] 接口请求成功！
[2023-08-08 10:51:07,547] logger_util.py->write_log line:61 [INFO] -------------接口请求结束-----------

[2023-08-08 10:51:07,551] logger_util.py->write_log line:61 [INFO] -------------接口请求开始-----------
[2023-08-08 10:51:07,552] logger_util.py->write_log line:61 [INFO] 接口名称：modbus协议下发-保存寄存器无符号32位整型
[2023-08-08 10:51:07,552] logger_util.py->write_log line:61 [INFO] 接口方式：post
[2023-08-08 10:51:07,552] logger_util.py->write_log line:61 [INFO] 接口路径：http://127.0.0.1:6700/v1/cms/io/write
[2023-08-08 10:51:07,552] logger_util.py->write_log line:61 [INFO] 请求头：{'Content-Type': 'application/json'}
[2023-08-08 10:51:07,552] logger_util.py->write_log line:61 [INFO] 请求参数：{'tagDatas': {'MOD_UDINT1': '$cvs{tagvalue}'}}
[2023-08-08 10:51:07,552] logger_util.py->write_log line:61 [INFO] 文件上传：None
[2023-08-08 10:51:07,595] logger_util.py->write_log line:61 [INFO] 预期结果：[{'equals': {'status_code': 200}}, {'equals': {'msg': 'All write successfully'}}]
[2023-08-08 10:51:07,595] logger_util.py->write_log line:61 [INFO] 实际结果：{'body': {'code': 0, 'msg': 'All write successfully', 'tagResults': {'MOD_UDINT1': 0}, 'traceId': 'B4F71193-B34C-4952-A3B6-4344158BD562'}, 'header': {'code': 0, 'cur_module': 'siot', 'msg': 'All write successfully', 'timespend': 41, 'tracelist': [{'code': 0, 'module': 'siot', 'msg': 'All write successfully', 'submodule_timespend': {'api': 41, 'control': 41, 'driver': 9}, 'timespend': 41}]}}
[2023-08-08 10:51:07,595] logger_util.py->write_log line:61 [INFO] 接口请求成功！
[2023-08-08 10:51:07,595] logger_util.py->write_log line:61 [INFO] -------------接口请求结束-----------

[2023-08-08 10:51:07,600] logger_util.py->write_log line:61 [INFO] -------------接口请求开始-----------
[2023-08-08 10:51:07,600] logger_util.py->write_log line:61 [INFO] 接口名称：modbus协议下发-保存寄存器F32位浮点数IEEE754
[2023-08-08 10:51:07,600] logger_util.py->write_log line:61 [INFO] 接口方式：post
[2023-08-08 10:51:07,600] logger_util.py->write_log line:61 [INFO] 接口路径：http://127.0.0.1:6700/v1/cms/io/write
[2023-08-08 10:51:07,600] logger_util.py->write_log line:61 [INFO] 请求头：{'Content-Type': 'application/json'}
[2023-08-08 10:51:07,600] logger_util.py->write_log line:61 [INFO] 请求参数：{'tagDatas': {'MOD_REAL1': '$cvs{tagvalue}'}}
[2023-08-08 10:51:07,600] logger_util.py->write_log line:61 [INFO] 文件上传：None
[2023-08-08 10:51:07,641] logger_util.py->write_log line:61 [INFO] 预期结果：[{'equals': {'status_code': 200}}, {'equals': {'msg': 'All write successfully'}}]
[2023-08-08 10:51:07,642] logger_util.py->write_log line:61 [INFO] 实际结果：{'body': {'code': 0, 'msg': 'All write successfully', 'tagResults': {'MOD_REAL1': 0}, 'traceId': '4E51067F-4C60-494E-8B34-254CEBA59BFF'}, 'header': {'code': 0, 'cur_module': 'siot', 'msg': 'All write successfully', 'timespend': 40, 'tracelist': [{'code': 0, 'module': 'siot', 'msg': 'All write successfully', 'submodule_timespend': {'api': 40, 'control': 40, 'driver': 9}, 'timespend': 40}]}}
[2023-08-08 10:51:07,642] logger_util.py->write_log line:61 [INFO] 接口请求成功！
[2023-08-08 10:51:07,642] logger_util.py->write_log line:61 [INFO] -------------接口请求结束-----------

[2023-08-08 10:51:07,647] logger_util.py->write_log line:61 [INFO] -------------接口请求开始-----------
[2023-08-08 10:51:07,647] logger_util.py->write_log line:61 [INFO] 接口名称：modbus协议下发-保存寄存器二进制变量1
[2023-08-08 10:51:07,647] logger_util.py->write_log line:61 [INFO] 接口方式：post
[2023-08-08 10:51:07,648] logger_util.py->write_log line:61 [INFO] 接口路径：http://127.0.0.1:6700/v1/cms/io/write
[2023-08-08 10:51:07,648] logger_util.py->write_log line:61 [INFO] 请求头：{'Content-Type': 'application/json'}
[2023-08-08 10:51:07,648] logger_util.py->write_log line:61 [INFO] 请求参数：{'tagDatas': {'MOD_BOOL1': '$cvs{tagvalue}'}}
[2023-08-08 10:51:07,648] logger_util.py->write_log line:61 [INFO] 文件上传：None
[2023-08-08 10:51:07,721] logger_util.py->write_log line:61 [INFO] 预期结果：[{'equals': {'status_code': 200}}, {'equals': {'msg': 'All write successfully'}}]
[2023-08-08 10:51:07,722] logger_util.py->write_log line:61 [INFO] 实际结果：{'body': {'code': 0, 'msg': 'All write successfully', 'tagResults': {'MOD_BOOL1': 0}, 'traceId': 'FC64EFD5-A96D-4D19-B29E-F82461D7884D'}, 'header': {'code': 0, 'cur_module': 'siot', 'msg': 'All write successfully', 'timespend': 71, 'tracelist': [{'code': 0, 'module': 'siot', 'msg': 'All write successfully', 'submodule_timespend': {'api': 71, 'control': 71, 'driver': 16}, 'timespend': 71}]}}
[2023-08-08 10:51:07,722] logger_util.py->write_log line:61 [INFO] 接口请求成功！
[2023-08-08 10:51:07,722] logger_util.py->write_log line:61 [INFO] -------------接口请求结束-----------

[2023-08-08 10:51:07,726] logger_util.py->write_log line:61 [INFO] -------------接口请求开始-----------
[2023-08-08 10:51:07,727] logger_util.py->write_log line:61 [INFO] 接口名称：modbus协议下发-保存寄存器二进制变量2
[2023-08-08 10:51:07,727] logger_util.py->write_log line:61 [INFO] 接口方式：post
[2023-08-08 10:51:07,727] logger_util.py->write_log line:61 [INFO] 接口路径：http://127.0.0.1:6700/v1/cms/io/write
[2023-08-08 10:51:07,727] logger_util.py->write_log line:61 [INFO] 请求头：{'Content-Type': 'application/json'}
[2023-08-08 10:51:07,727] logger_util.py->write_log line:61 [INFO] 请求参数：{'tagDatas': {'MOD_BOOL2': '$cvs{tagvalue}'}}
[2023-08-08 10:51:07,727] logger_util.py->write_log line:61 [INFO] 文件上传：None
[2023-08-08 10:51:07,785] logger_util.py->write_log line:61 [INFO] 预期结果：[{'equals': {'status_code': 200}}, {'equals': {'msg': 'All write successfully'}}]
[2023-08-08 10:51:07,786] logger_util.py->write_log line:61 [INFO] 实际结果：{'body': {'code': 0, 'msg': 'All write successfully', 'tagResults': {'MOD_BOOL2': 0}, 'traceId': '4F1C42F6-29C3-4C0B-A711-A37A82C0859E'}, 'header': {'code': 0, 'cur_module': 'siot', 'msg': 'All write successfully', 'timespend': 56, 'tracelist': [{'code': 0, 'module': 'siot', 'msg': 'All write successfully', 'submodule_timespend': {'api': 56, 'control': 56, 'driver': 16}, 'timespend': 56}]}}
[2023-08-08 10:51:07,786] logger_util.py->write_log line:61 [INFO] 接口请求成功！
[2023-08-08 10:51:07,786] logger_util.py->write_log line:61 [INFO] -------------接口请求结束-----------

[2023-08-08 10:51:07,790] logger_util.py->write_log line:61 [INFO] -------------接口请求开始-----------
[2023-08-08 10:51:07,791] logger_util.py->write_log line:61 [INFO] 接口名称：modbus协议下发-保存寄存器字符串
[2023-08-08 10:51:07,791] logger_util.py->write_log line:61 [INFO] 接口方式：post
[2023-08-08 10:51:07,791] logger_util.py->write_log line:61 [INFO] 接口路径：http://127.0.0.1:6700/v1/cms/io/write
[2023-08-08 10:51:07,791] logger_util.py->write_log line:61 [INFO] 请求头：{'Content-Type': 'application/json'}
[2023-08-08 10:51:07,791] logger_util.py->write_log line:61 [INFO] 请求参数：{'tagDatas': {'MOD_STRING1': '$cvs{tagvalue}'}}
[2023-08-08 10:51:07,791] logger_util.py->write_log line:61 [INFO] 文件上传：None
[2023-08-08 10:51:07,833] logger_util.py->write_log line:61 [INFO] 预期结果：[{'equals': {'status_code': 200}}, {'equals': {'msg': 'All write successfully'}}]
[2023-08-08 10:51:07,834] logger_util.py->write_log line:61 [INFO] 实际结果：{'body': {'code': 0, 'msg': 'All write successfully', 'tagResults': {'MOD_STRING1': 0}, 'traceId': '9440A2CF-2276-4ACE-ABEF-3000D18EC609'}, 'header': {'code': 0, 'cur_module': 'siot', 'msg': 'All write successfully', 'timespend': 40, 'tracelist': [{'code': 0, 'module': 'siot', 'msg': 'All write successfully', 'submodule_timespend': {'api': 40, 'control': 40, 'driver': 8}, 'timespend': 40}]}}
[2023-08-08 10:51:07,834] logger_util.py->write_log line:61 [INFO] 接口请求成功！
[2023-08-08 10:51:07,834] logger_util.py->write_log line:61 [INFO] -------------接口请求结束-----------

[2023-08-08 10:51:07,839] logger_util.py->write_log line:61 [INFO] -------------接口请求开始-----------
[2023-08-08 10:51:07,839] logger_util.py->write_log line:61 [INFO] 接口名称：modbus协议下发-二进制变量
[2023-08-08 10:51:07,839] logger_util.py->write_log line:61 [INFO] 接口方式：post
[2023-08-08 10:51:07,839] logger_util.py->write_log line:61 [INFO] 接口路径：http://127.0.0.1:6700/v1/cms/io/write
[2023-08-08 10:51:07,839] logger_util.py->write_log line:61 [INFO] 请求头：{'Content-Type': 'application/json'}
[2023-08-08 10:51:07,839] logger_util.py->write_log line:61 [INFO] 请求参数：{'tagDatas': {'MOD_Q0': '$cvs{tagvalue}'}}
[2023-08-08 10:51:07,839] logger_util.py->write_log line:61 [INFO] 文件上传：None
[2023-08-08 10:51:07,898] logger_util.py->write_log line:61 [INFO] 预期结果：[{'equals': {'status_code': 200}}, {'equals': {'msg': 'All write successfully'}}]
[2023-08-08 10:51:07,898] logger_util.py->write_log line:61 [INFO] 实际结果：{'body': {'code': 0, 'msg': 'All write successfully', 'tagResults': {'MOD_Q0': 0}, 'traceId': '379C4690-4D03-4167-A0B5-37DE8C60084C'}, 'header': {'code': 0, 'cur_module': 'siot', 'msg': 'All write successfully', 'timespend': 56, 'tracelist': [{'code': 0, 'module': 'siot', 'msg': 'All write successfully', 'submodule_timespend': {'api': 56, 'control': 56, 'driver': 16}, 'timespend': 56}]}}
[2023-08-08 10:51:07,898] logger_util.py->write_log line:61 [INFO] 接口请求成功！
[2023-08-08 10:51:07,898] logger_util.py->write_log line:61 [INFO] -------------接口请求结束-----------

[2023-08-08 10:51:07,913] logger_util.py->write_log line:61 [INFO] -------------接口请求开始-----------
[2023-08-08 10:51:07,913] logger_util.py->write_log line:61 [INFO] 接口名称：modbus协议下发-二进制变量
[2023-08-08 10:51:07,913] logger_util.py->write_log line:61 [INFO] 接口方式：post
[2023-08-08 10:51:07,913] logger_util.py->write_log line:61 [INFO] 接口路径：http://127.0.0.1:6700/v1/cms/io/write
[2023-08-08 10:51:07,913] logger_util.py->write_log line:61 [INFO] 请求头：{'Content-Type': 'application/json'}
[2023-08-08 10:51:07,914] logger_util.py->write_log line:61 [INFO] 请求参数：{'tagDatas': {'MOD_Q1': '$cvs{tagvalue}'}}
[2023-08-08 10:51:07,914] logger_util.py->write_log line:61 [INFO] 文件上传：None
[2023-08-08 10:51:07,960] logger_util.py->write_log line:61 [INFO] 预期结果：[{'equals': {'status_code': 200}}, {'equals': {'msg': 'All write successfully'}}]
[2023-08-08 10:51:07,961] logger_util.py->write_log line:61 [INFO] 实际结果：{'body': {'code': 0, 'msg': 'All write successfully', 'tagResults': {'MOD_Q1': 0}, 'traceId': '64DCDD71-3C39-46E6-AAE9-BDE58C74A16A'}, 'header': {'code': 0, 'cur_module': 'siot', 'msg': 'All write successfully', 'timespend': 45, 'tracelist': [{'code': 0, 'module': 'siot', 'msg': 'All write successfully', 'submodule_timespend': {'api': 45, 'control': 45, 'driver': 13}, 'timespend': 45}]}}
[2023-08-08 10:51:07,961] logger_util.py->write_log line:61 [INFO] 接口请求成功！
[2023-08-08 10:51:07,961] logger_util.py->write_log line:61 [INFO] -------------接口请求结束-----------

[2023-08-08 10:51:07,966] logger_util.py->write_log line:61 [INFO] -------------接口请求开始-----------
[2023-08-08 10:51:07,967] logger_util.py->write_log line:61 [INFO] 接口名称：modbus协议读取-保存寄存器有符号8位整型
[2023-08-08 10:51:07,967] logger_util.py->write_log line:61 [INFO] 接口方式：post
[2023-08-08 10:51:07,967] logger_util.py->write_log line:61 [INFO] 接口路径：http://127.0.0.1:6700/v1/cms/io/read
[2023-08-08 10:51:07,967] logger_util.py->write_log line:61 [INFO] 请求头：{'Content-Type': 'application/json'}
[2023-08-08 10:51:07,967] logger_util.py->write_log line:61 [INFO] 请求参数：{'tagNames': ['MOD_SINT1']}
[2023-08-08 10:51:07,967] logger_util.py->write_log line:61 [INFO] 文件上传：None
[2023-08-08 10:51:07,969] logger_util.py->write_log line:61 [INFO] 预期结果：[{'equals': {'status_code': 200}}, {'equals': {'msg': 'All read successfully'}}]
[2023-08-08 10:51:07,969] logger_util.py->write_log line:61 [INFO] 实际结果：{'body': {'code': 0, 'msg': 'All read successfully', 'tagDatas': {'MOD_SINT1': {'data': '0', 'quality': 0}}, 'traceId': '3E3CD089-B1EF-443D-9267-7FE7B44DF68F'}, 'header': {'code': 0, 'cur_module': 'siot', 'msg': 'All read successfully', 'timespend': 0, 'tracelist': [{'code': 0, 'module': 'siot', 'msg': 'All read successfully', 'submodule_timespend': {'api': 0, 'control': 0, 'driver': 0}, 'timespend': 0}]}}
[2023-08-08 10:51:07,969] logger_util.py->write_log line:61 [INFO] 接口请求成功！
[2023-08-08 10:51:07,969] logger_util.py->write_log line:61 [INFO] -------------接口请求结束-----------

[2023-08-08 10:51:07,974] logger_util.py->write_log line:61 [INFO] -------------接口请求开始-----------
[2023-08-08 10:51:07,974] logger_util.py->write_log line:61 [INFO] 接口名称：modbus协议读取-保存寄存器有符号16位整型
[2023-08-08 10:51:07,974] logger_util.py->write_log line:61 [INFO] 接口方式：post
[2023-08-08 10:51:07,974] logger_util.py->write_log line:61 [INFO] 接口路径：http://127.0.0.1:6700/v1/cms/io/read
[2023-08-08 10:51:07,974] logger_util.py->write_log line:61 [INFO] 请求头：{'Content-Type': 'application/json'}
[2023-08-08 10:51:07,974] logger_util.py->write_log line:61 [INFO] 请求参数：{'tagNames': ['MOD_INT1']}
[2023-08-08 10:51:07,974] logger_util.py->write_log line:61 [INFO] 文件上传：None
[2023-08-08 10:51:07,976] logger_util.py->write_log line:61 [INFO] 预期结果：[{'equals': {'status_code': 200}}, {'equals': {'msg': 'All read successfully'}}]
[2023-08-08 10:51:07,976] logger_util.py->write_log line:61 [INFO] 实际结果：{'body': {'code': 0, 'msg': 'All read successfully', 'tagDatas': {'MOD_INT1': {'data': '0', 'quality': 0}}, 'traceId': '140193A5-8D9D-4736-9072-7F58A8EBDFEA'}, 'header': {'code': 0, 'cur_module': 'siot', 'msg': 'All read successfully', 'timespend': 0, 'tracelist': [{'code': 0, 'module': 'siot', 'msg': 'All read successfully', 'submodule_timespend': {'api': 0, 'control': 0, 'driver': 0}, 'timespend': 0}]}}
[2023-08-08 10:51:07,976] logger_util.py->write_log line:61 [INFO] 接口请求成功！
[2023-08-08 10:51:07,976] logger_util.py->write_log line:61 [INFO] -------------接口请求结束-----------

[2023-08-08 10:51:07,980] logger_util.py->write_log line:61 [INFO] -------------接口请求开始-----------
[2023-08-08 10:51:07,980] logger_util.py->write_log line:61 [INFO] 接口名称：modbus协议读取-保存寄存器有符号32位整型
[2023-08-08 10:51:07,980] logger_util.py->write_log line:61 [INFO] 接口方式：post
[2023-08-08 10:51:07,980] logger_util.py->write_log line:61 [INFO] 接口路径：http://127.0.0.1:6700/v1/cms/io/read
[2023-08-08 10:51:07,980] logger_util.py->write_log line:61 [INFO] 请求头：{'Content-Type': 'application/json'}
[2023-08-08 10:51:07,980] logger_util.py->write_log line:61 [INFO] 请求参数：{'tagNames': ['MOD_DINT1']}
[2023-08-08 10:51:07,981] logger_util.py->write_log line:61 [INFO] 文件上传：None
[2023-08-08 10:51:07,982] logger_util.py->write_log line:61 [INFO] 预期结果：[{'equals': {'status_code': 200}}, {'equals': {'msg': 'All read successfully'}}]
[2023-08-08 10:51:07,982] logger_util.py->write_log line:61 [INFO] 实际结果：{'body': {'code': 0, 'msg': 'All read successfully', 'tagDatas': {'MOD_DINT1': {'data': '0', 'quality': 0}}, 'traceId': '86E44173-8D61-4D0B-B16C-32EF970F8660'}, 'header': {'code': 0, 'cur_module': 'siot', 'msg': 'All read successfully', 'timespend': 0, 'tracelist': [{'code': 0, 'module': 'siot', 'msg': 'All read successfully', 'submodule_timespend': {'api': 0, 'control': 0, 'driver': 0}, 'timespend': 0}]}}
[2023-08-08 10:51:07,983] logger_util.py->write_log line:61 [INFO] 接口请求成功！
[2023-08-08 10:51:07,983] logger_util.py->write_log line:61 [INFO] -------------接口请求结束-----------

[2023-08-08 10:51:07,987] logger_util.py->write_log line:61 [INFO] -------------接口请求开始-----------
[2023-08-08 10:51:07,987] logger_util.py->write_log line:61 [INFO] 接口名称：modbus协议读取-保存寄存器无符号8位整型
[2023-08-08 10:51:07,987] logger_util.py->write_log line:61 [INFO] 接口方式：post
[2023-08-08 10:51:07,987] logger_util.py->write_log line:61 [INFO] 接口路径：http://127.0.0.1:6700/v1/cms/io/read
[2023-08-08 10:51:07,987] logger_util.py->write_log line:61 [INFO] 请求头：{'Content-Type': 'application/json'}
[2023-08-08 10:51:07,987] logger_util.py->write_log line:61 [INFO] 请求参数：{'tagNames': ['MOD_USINT1']}
[2023-08-08 10:51:07,987] logger_util.py->write_log line:61 [INFO] 文件上传：None
[2023-08-08 10:51:07,989] logger_util.py->write_log line:61 [INFO] 预期结果：[{'equals': {'status_code': 200}}, {'equals': {'msg': 'All read successfully'}}]
[2023-08-08 10:51:07,989] logger_util.py->write_log line:61 [INFO] 实际结果：{'body': {'code': 0, 'msg': 'All read successfully', 'tagDatas': {'MOD_USINT1': {'data': '0', 'quality': 0}}, 'traceId': 'D42C3326-5A04-4CC8-ACA3-8862FE43C6F1'}, 'header': {'code': 0, 'cur_module': 'siot', 'msg': 'All read successfully', 'timespend': 0, 'tracelist': [{'code': 0, 'module': 'siot', 'msg': 'All read successfully', 'submodule_timespend': {'api': 0, 'control': 0, 'driver': 0}, 'timespend': 0}]}}
[2023-08-08 10:51:07,989] logger_util.py->write_log line:61 [INFO] 接口请求成功！
[2023-08-08 10:51:07,989] logger_util.py->write_log line:61 [INFO] -------------接口请求结束-----------

[2023-08-08 10:51:07,994] logger_util.py->write_log line:61 [INFO] -------------接口请求开始-----------
[2023-08-08 10:51:07,994] logger_util.py->write_log line:61 [INFO] 接口名称：modbus协议读取-保存寄存器无符号16位整型
[2023-08-08 10:51:07,994] logger_util.py->write_log line:61 [INFO] 接口方式：post
[2023-08-08 10:51:07,994] logger_util.py->write_log line:61 [INFO] 接口路径：http://127.0.0.1:6700/v1/cms/io/read
[2023-08-08 10:51:07,994] logger_util.py->write_log line:61 [INFO] 请求头：{'Content-Type': 'application/json'}
[2023-08-08 10:51:07,994] logger_util.py->write_log line:61 [INFO] 请求参数：{'tagNames': ['MOD_UINT1']}
[2023-08-08 10:51:07,994] logger_util.py->write_log line:61 [INFO] 文件上传：None
[2023-08-08 10:51:07,996] logger_util.py->write_log line:61 [INFO] 预期结果：[{'equals': {'status_code': 200}}, {'equals': {'msg': 'All read successfully'}}]
[2023-08-08 10:51:07,996] logger_util.py->write_log line:61 [INFO] 实际结果：{'body': {'code': 0, 'msg': 'All read successfully', 'tagDatas': {'MOD_UINT1': {'data': '0', 'quality': 0}}, 'traceId': '631A5B23-741E-48A3-8E9C-FD312AD32F49'}, 'header': {'code': 0, 'cur_module': 'siot', 'msg': 'All read successfully', 'timespend': 0, 'tracelist': [{'code': 0, 'module': 'siot', 'msg': 'All read successfully', 'submodule_timespend': {'api': 0, 'control': 0, 'driver': 0}, 'timespend': 0}]}}
[2023-08-08 10:51:07,996] logger_util.py->write_log line:61 [INFO] 接口请求成功！
[2023-08-08 10:51:07,996] logger_util.py->write_log line:61 [INFO] -------------接口请求结束-----------

[2023-08-08 10:51:08,000] logger_util.py->write_log line:61 [INFO] -------------接口请求开始-----------
[2023-08-08 10:51:08,000] logger_util.py->write_log line:61 [INFO] 接口名称：modbus协议读取-保存寄存器无符号32位整型
[2023-08-08 10:51:08,001] logger_util.py->write_log line:61 [INFO] 接口方式：post
[2023-08-08 10:51:08,001] logger_util.py->write_log line:61 [INFO] 接口路径：http://127.0.0.1:6700/v1/cms/io/read
[2023-08-08 10:51:08,001] logger_util.py->write_log line:61 [INFO] 请求头：{'Content-Type': 'application/json'}
[2023-08-08 10:51:08,001] logger_util.py->write_log line:61 [INFO] 请求参数：{'tagNames': ['MOD_UDINT1']}
[2023-08-08 10:51:08,001] logger_util.py->write_log line:61 [INFO] 文件上传：None
[2023-08-08 10:51:08,003] logger_util.py->write_log line:61 [INFO] 预期结果：[{'equals': {'status_code': 200}}, {'equals': {'msg': 'All read successfully'}}]
[2023-08-08 10:51:08,003] logger_util.py->write_log line:61 [INFO] 实际结果：{'body': {'code': 0, 'msg': 'All read successfully', 'tagDatas': {'MOD_UDINT1': {'data': '0', 'quality': 0}}, 'traceId': '36B8EC22-4197-4F04-8D03-7453F87C4354'}, 'header': {'code': 0, 'cur_module': 'siot', 'msg': 'All read successfully', 'timespend': 0, 'tracelist': [{'code': 0, 'module': 'siot', 'msg': 'All read successfully', 'submodule_timespend': {'api': 0, 'control': 0, 'driver': 0}, 'timespend': 0}]}}
[2023-08-08 10:51:08,003] logger_util.py->write_log line:61 [INFO] 接口请求成功！
[2023-08-08 10:51:08,003] logger_util.py->write_log line:61 [INFO] -------------接口请求结束-----------

[2023-08-08 10:51:08,007] logger_util.py->write_log line:61 [INFO] -------------接口请求开始-----------
[2023-08-08 10:51:08,007] logger_util.py->write_log line:61 [INFO] 接口名称：modbus协议读取-保存寄存器F32位浮点数IEEE754
[2023-08-08 10:51:08,008] logger_util.py->write_log line:61 [INFO] 接口方式：post
[2023-08-08 10:51:08,008] logger_util.py->write_log line:61 [INFO] 接口路径：http://127.0.0.1:6700/v1/cms/io/read
[2023-08-08 10:51:08,008] logger_util.py->write_log line:61 [INFO] 请求头：{'Content-Type': 'application/json'}
[2023-08-08 10:51:08,008] logger_util.py->write_log line:61 [INFO] 请求参数：{'tagNames': ['MOD_REAL1']}
[2023-08-08 10:51:08,008] logger_util.py->write_log line:61 [INFO] 文件上传：None
[2023-08-08 10:51:08,010] logger_util.py->write_log line:61 [INFO] 预期结果：[{'equals': {'status_code': 200}}, {'equals': {'msg': 'All read successfully'}}]
[2023-08-08 10:51:08,010] logger_util.py->write_log line:61 [INFO] 实际结果：{'body': {'code': 0, 'msg': 'All read successfully', 'tagDatas': {'MOD_REAL1': {'data': '0', 'quality': 0}}, 'traceId': 'C0EB872C-82C5-4D40-8702-32A53D16A9B3'}, 'header': {'code': 0, 'cur_module': 'siot', 'msg': 'All read successfully', 'timespend': 0, 'tracelist': [{'code': 0, 'module': 'siot', 'msg': 'All read successfully', 'submodule_timespend': {'api': 0, 'control': 0, 'driver': 0}, 'timespend': 0}]}}
[2023-08-08 10:51:08,010] logger_util.py->write_log line:61 [INFO] 接口请求成功！
[2023-08-08 10:51:08,010] logger_util.py->write_log line:61 [INFO] -------------接口请求结束-----------

[2023-08-08 10:51:08,014] logger_util.py->write_log line:61 [INFO] -------------接口请求开始-----------
[2023-08-08 10:51:08,014] logger_util.py->write_log line:61 [INFO] 接口名称：modbus协议读取-保存寄存器二进制变量1
[2023-08-08 10:51:08,014] logger_util.py->write_log line:61 [INFO] 接口方式：post
[2023-08-08 10:51:08,015] logger_util.py->write_log line:61 [INFO] 接口路径：http://127.0.0.1:6700/v1/cms/io/read
[2023-08-08 10:51:08,015] logger_util.py->write_log line:61 [INFO] 请求头：{'Content-Type': 'application/json'}
[2023-08-08 10:51:08,015] logger_util.py->write_log line:61 [INFO] 请求参数：{'tagNames': ['MOD_BOOL1']}
[2023-08-08 10:51:08,015] logger_util.py->write_log line:61 [INFO] 文件上传：None
[2023-08-08 10:51:08,017] logger_util.py->write_log line:61 [INFO] 预期结果：[{'equals': {'status_code': 200}}, {'equals': {'msg': 'All read successfully'}}]
[2023-08-08 10:51:08,017] logger_util.py->write_log line:61 [INFO] 实际结果：{'body': {'code': 0, 'msg': 'All read successfully', 'tagDatas': {'MOD_BOOL1': {'data': '0', 'quality': 0}}, 'traceId': 'DF2476A3-95E3-45F2-911F-26DB86A93F22'}, 'header': {'code': 0, 'cur_module': 'siot', 'msg': 'All read successfully', 'timespend': 0, 'tracelist': [{'code': 0, 'module': 'siot', 'msg': 'All read successfully', 'submodule_timespend': {'api': 0, 'control': 0, 'driver': 0}, 'timespend': 0}]}}
[2023-08-08 10:51:08,017] logger_util.py->write_log line:61 [INFO] 接口请求成功！
[2023-08-08 10:51:08,017] logger_util.py->write_log line:61 [INFO] -------------接口请求结束-----------

[2023-08-08 10:51:08,021] logger_util.py->write_log line:61 [INFO] -------------接口请求开始-----------
[2023-08-08 10:51:08,021] logger_util.py->write_log line:61 [INFO] 接口名称：modbus协议读取-保存寄存器二进制变量2
[2023-08-08 10:51:08,022] logger_util.py->write_log line:61 [INFO] 接口方式：post
[2023-08-08 10:51:08,022] logger_util.py->write_log line:61 [INFO] 接口路径：http://127.0.0.1:6700/v1/cms/io/read
[2023-08-08 10:51:08,022] logger_util.py->write_log line:61 [INFO] 请求头：{'Content-Type': 'application/json'}
[2023-08-08 10:51:08,022] logger_util.py->write_log line:61 [INFO] 请求参数：{'tagNames': ['MOD_BOOL2']}
[2023-08-08 10:51:08,022] logger_util.py->write_log line:61 [INFO] 文件上传：None
[2023-08-08 10:51:08,024] logger_util.py->write_log line:61 [INFO] 预期结果：[{'equals': {'status_code': 200}}, {'equals': {'msg': 'All read successfully'}}]
[2023-08-08 10:51:08,024] logger_util.py->write_log line:61 [INFO] 实际结果：{'body': {'code': 0, 'msg': 'All read successfully', 'tagDatas': {'MOD_BOOL2': {'data': '0', 'quality': 0}}, 'traceId': '0B531136-F47A-4524-A5F4-FFFCFC910785'}, 'header': {'code': 0, 'cur_module': 'siot', 'msg': 'All read successfully', 'timespend': 0, 'tracelist': [{'code': 0, 'module': 'siot', 'msg': 'All read successfully', 'submodule_timespend': {'api': 0, 'control': 0, 'driver': 0}, 'timespend': 0}]}}
[2023-08-08 10:51:08,024] logger_util.py->write_log line:61 [INFO] 接口请求成功！
[2023-08-08 10:51:08,024] logger_util.py->write_log line:61 [INFO] -------------接口请求结束-----------

[2023-08-08 10:51:08,029] logger_util.py->write_log line:61 [INFO] -------------接口请求开始-----------
[2023-08-08 10:51:08,029] logger_util.py->write_log line:61 [INFO] 接口名称：modbus协议读取-保存寄存器字符串
[2023-08-08 10:51:08,029] logger_util.py->write_log line:61 [INFO] 接口方式：post
[2023-08-08 10:51:08,029] logger_util.py->write_log line:61 [INFO] 接口路径：http://127.0.0.1:6700/v1/cms/io/read
[2023-08-08 10:51:08,029] logger_util.py->write_log line:61 [INFO] 请求头：{'Content-Type': 'application/json'}
[2023-08-08 10:51:08,029] logger_util.py->write_log line:61 [INFO] 请求参数：{'tagNames': ['MOD_STRING1']}
[2023-08-08 10:51:08,029] logger_util.py->write_log line:61 [INFO] 文件上传：None
[2023-08-08 10:51:08,031] logger_util.py->write_log line:61 [INFO] 预期结果：[{'equals': {'status_code': 200}}, {'equals': {'msg': 'All read successfully'}}]
[2023-08-08 10:51:08,031] logger_util.py->write_log line:61 [INFO] 实际结果：{'body': {'code': 0, 'msg': 'All read successfully', 'tagDatas': {'MOD_STRING1': {'data': '$cvs{tagva', 'quality': 0}}, 'traceId': '8A332B7A-EFDA-4004-865E-233483AB8F24'}, 'header': {'code': 0, 'cur_module': 'siot', 'msg': 'All read successfully', 'timespend': 0, 'tracelist': [{'code': 0, 'module': 'siot', 'msg': 'All read successfully', 'submodule_timespend': {'api': 0, 'control': 0, 'driver': 0}, 'timespend': 0}]}}
[2023-08-08 10:51:08,031] logger_util.py->write_log line:61 [INFO] 接口请求成功！
[2023-08-08 10:51:08,031] logger_util.py->write_log line:61 [INFO] -------------接口请求结束-----------

[2023-08-08 10:51:08,036] logger_util.py->write_log line:61 [INFO] -------------接口请求开始-----------
[2023-08-08 10:51:08,036] logger_util.py->write_log line:61 [INFO] 接口名称：modbus协议读取-二进制变量
[2023-08-08 10:51:08,036] logger_util.py->write_log line:61 [INFO] 接口方式：post
[2023-08-08 10:51:08,036] logger_util.py->write_log line:61 [INFO] 接口路径：http://127.0.0.1:6700/v1/cms/io/read
[2023-08-08 10:51:08,036] logger_util.py->write_log line:61 [INFO] 请求头：{'Content-Type': 'application/json'}
[2023-08-08 10:51:08,036] logger_util.py->write_log line:61 [INFO] 请求参数：{'tagNames': ['MOD_Q0']}
[2023-08-08 10:51:08,037] logger_util.py->write_log line:61 [INFO] 文件上传：None
[2023-08-08 10:51:08,038] logger_util.py->write_log line:61 [INFO] 预期结果：[{'equals': {'status_code': 200}}, {'equals': {'msg': 'All read successfully'}}]
[2023-08-08 10:51:08,039] logger_util.py->write_log line:61 [INFO] 实际结果：{'body': {'code': 0, 'msg': 'All read successfully', 'tagDatas': {'MOD_Q0': {'data': '0', 'quality': 0}}, 'traceId': '6AD75495-FD8F-4F12-9345-20586A086D6D'}, 'header': {'code': 0, 'cur_module': 'siot', 'msg': 'All read successfully', 'timespend': 1, 'tracelist': [{'code': 0, 'module': 'siot', 'msg': 'All read successfully', 'submodule_timespend': {'api': 1, 'control': 1, 'driver': 0}, 'timespend': 1}]}}
[2023-08-08 10:51:08,039] logger_util.py->write_log line:61 [INFO] 接口请求成功！
[2023-08-08 10:51:08,039] logger_util.py->write_log line:61 [INFO] -------------接口请求结束-----------

[2023-08-08 10:51:08,045] logger_util.py->write_log line:61 [INFO] -------------接口请求开始-----------
[2023-08-08 10:51:08,045] logger_util.py->write_log line:61 [INFO] 接口名称：modbus协议读取-二进制变量
[2023-08-08 10:51:08,045] logger_util.py->write_log line:61 [INFO] 接口方式：post
[2023-08-08 10:51:08,045] logger_util.py->write_log line:61 [INFO] 接口路径：http://127.0.0.1:6700/v1/cms/io/read
[2023-08-08 10:51:08,045] logger_util.py->write_log line:61 [INFO] 请求头：{'Content-Type': 'application/json'}
[2023-08-08 10:51:08,045] logger_util.py->write_log line:61 [INFO] 请求参数：{'tagNames': ['MOD_Q1']}
[2023-08-08 10:51:08,045] logger_util.py->write_log line:61 [INFO] 文件上传：None
[2023-08-08 10:51:08,047] logger_util.py->write_log line:61 [INFO] 预期结果：[{'equals': {'status_code': 200}}, {'equals': {'msg': 'All read successfully'}}]
[2023-08-08 10:51:08,048] logger_util.py->write_log line:61 [INFO] 实际结果：{'body': {'code': 0, 'msg': 'All read successfully', 'tagDatas': {'MOD_Q1': {'data': '0', 'quality': 0}}, 'traceId': 'C3D1CCEA-5F33-4CE8-AD35-CA7708B5A401'}, 'header': {'code': 0, 'cur_module': 'siot', 'msg': 'All read successfully', 'timespend': 1, 'tracelist': [{'code': 0, 'module': 'siot', 'msg': 'All read successfully', 'submodule_timespend': {'api': 1, 'control': 1, 'driver': 0}, 'timespend': 1}]}}
[2023-08-08 10:51:08,048] logger_util.py->write_log line:61 [INFO] 接口请求成功！
[2023-08-08 10:51:08,048] logger_util.py->write_log line:61 [INFO] -------------接口请求结束-----------

