[2023-05-25 15:02:39,061] logger_util.py->write_log line:61 [INFO] -------------接口请求开始-----------
[2023-05-25 15:02:39,061] logger_util.py->write_log line:61 [INFO] 接口名称：创建归档表
[2023-05-25 15:02:39,061] logger_util.py->write_log line:61 [INFO] 接口方式：post
[2023-05-25 15:02:39,061] logger_util.py->write_log line:61 [INFO] 接口路径：http://192.168.4.12:18000/api/v1/dataconfig/filingtable
[2023-05-25 15:02:39,061] logger_util.py->write_log line:61 [INFO] 请求头：{'Content-Type': 'application/json;charset=UTF-8', 'X-Project': 'b32d81056e124620b809e92f49cdf3d4'}
[2023-05-25 15:02:39,062] logger_util.py->write_log line:61 [INFO] 请求参数：{'folderId': '00000000-0000-0000-0000-000000000000', 'name': '归档表77', 'sort': 2}
[2023-05-25 15:02:39,062] logger_util.py->write_log line:61 [INFO] 文件上传：None
[2023-05-25 15:02:39,276] logger_util.py->write_log line:61 [INFO] 预期结果：[{'equals': {'status_code': 200}}, {'equals': {'sort': 2}}, {'contains': 'id'}]
[2023-05-25 15:02:39,276] logger_util.py->write_log line:61 [INFO] 实际结果：{'id': 'b05967f0-3f16-4841-8839-c6681f9d7f99', 'folderId': '00000000-0000-0000-0000-000000000000', 'name': '归档表77', 'sort': 2, 'createDateTime': '2023-05-25T15:02:39.215564+08:00', 'operationTypes': [1, 2, 3, 4], 'functionTypes': [1, 2, 3, 4], 'extendedHeaders': ['记录时间'], 'cacheConfig_EnableCache': False, 'cacheConfig_QuantityLimit': 0, 'cacheConfig_TimeSpanLimit': 0, 'cacheConfig_TimeSpanLimitUnit': 0, 'cacheConfig_ClearCache': '', 'storageConfig_ScheduledClear': False, 'storageConfig_ClearTriggerTime': None, 'storageConfig_ClearFrequency': 0, 'storageConfig_ClearFrequencyUnit': 0, 'storageConfig_ClearRetain': 0, 'storageConfig_ClearRetainUnit': 0, 'storageConfig_ScheduledBackup': False, 'storageConfig_BackupTriggerTime': None, 'storageConfig_BackupFrequency': 0, 'storageConfig_BackupFrequencyUnit': 0, 'storageConfig_BackupPath': ''}
[2023-05-25 15:02:39,276] logger_util.py->write_log line:61 [INFO] 接口请求成功！
[2023-05-25 15:02:39,276] logger_util.py->write_log line:61 [INFO] -------------接口请求结束-----------

[2023-05-25 15:02:39,286] logger_util.py->write_log line:61 [INFO] -------------接口请求开始-----------
[2023-05-25 15:02:39,286] logger_util.py->write_log line:61 [INFO] 接口名称：设置归档表字段配置
[2023-05-25 15:02:39,287] logger_util.py->write_log line:61 [INFO] 接口方式：put
[2023-05-25 15:02:39,287] logger_util.py->write_log line:61 [INFO] 接口路径：http://192.168.4.12:18000/api/v1/dataconfig/filingtable/b05967f0-3f16-4841-8839-c6681f9d7f99/fields
[2023-05-25 15:02:39,287] logger_util.py->write_log line:61 [INFO] 请求头：{'Content-Type': 'application/json; =UTF-8', 'X-Project': 'b32d81056e124620b809e92f49cdf3d4'}
[2023-05-25 15:02:39,287] logger_util.py->write_log line:61 [INFO] 请求参数：[{'fieldName': 'A1', 'fieldType': 1, 'associatedVariable': 'A1', 'formula': ' ', 'id': 'FTF086088ab1505490f8ed852c5e4e273cd'}, {'fieldName': 'B1', 'fieldType': 1, 'associatedVariable': 'B1', 'formula': ' ', 'id': 'FTF7282c9f1992840e08bb49350154c2820'}, {'fieldName': 'G1', 'fieldType': 1, 'associatedVariable': 'G1', 'formula': ' ', 'id': 'FTF3be4a9790f994d468b5ed055296f8848'}, {'fieldName': 'H1', 'fieldType': 2, 'associatedVariable': 'H1', 'formula': ' ', 'id': 'FTFa09b784d7b7d46cabeba669a99e545e8'}, {'fieldName': '系统时间', 'fieldType': 3, 'associatedVariable': 'DateTime', 'formula': ' ', 'id': 'FTF74b96b6994e246d49490e276e65746fd'}, {'fieldName': '函数时间', 'fieldType': 3, 'associatedVariable': ' ', 'formula': 'NOW(  )', 'id': 'FTFe605870885b64920a59ced0aa5a78442'}]
[2023-05-25 15:02:39,287] logger_util.py->write_log line:61 [INFO] 文件上传：None
[2023-05-25 15:02:40,861] logger_util.py->write_log line:61 [INFO] 预期结果：[{'equals': {'status_code': 200}}]
[2023-05-25 15:02:40,861] logger_util.py->write_log line:61 [INFO] 实际结果：
[2023-05-25 15:02:40,861] logger_util.py->write_log line:61 [INFO] 接口请求成功！
[2023-05-25 15:02:40,862] logger_util.py->write_log line:61 [INFO] -------------接口请求结束-----------

[2023-05-25 15:02:40,867] logger_util.py->write_log line:61 [INFO] -------------接口请求开始-----------
[2023-05-25 15:02:40,867] logger_util.py->write_log line:61 [INFO] 接口名称：获取归档表字段配置
[2023-05-25 15:02:40,867] logger_util.py->write_log line:61 [INFO] 接口方式：get
[2023-05-25 15:02:40,868] logger_util.py->write_log line:61 [INFO] 接口路径：http://192.168.4.12:18000/api/v1/dataconfig/filingtable/b05967f0-3f16-4841-8839-c6681f9d7f99/fields
[2023-05-25 15:02:40,868] logger_util.py->write_log line:61 [INFO] 请求头：{'Content-Type': 'application/json; =UTF-8', 'X-Project': 'b32d81056e124620b809e92f49cdf3d4'}
[2023-05-25 15:02:40,868] logger_util.py->write_log line:61 [INFO] 文件上传：None
[2023-05-25 15:02:40,876] logger_util.py->write_log line:61 [INFO] 预期结果：[{'equals': {'status_code': 200}}]
[2023-05-25 15:02:40,876] logger_util.py->write_log line:61 [INFO] 实际结果：[{'id': 'FTF52821592821a45a09955d1202afbae0a', 'filingTableId': 'b05967f0-3f16-4841-8839-c6681f9d7f99', 'fieldName': 'A1', 'fieldType': 1, 'associatedVariable': 'A1', 'formula': ' ', 'sort': 1}, {'id': 'FTF17ea13909d034a03b561e79dc2757efa', 'filingTableId': 'b05967f0-3f16-4841-8839-c6681f9d7f99', 'fieldName': 'B1', 'fieldType': 1, 'associatedVariable': 'B1', 'formula': ' ', 'sort': 2}, {'id': 'FTF35f6ef8292da478f9938c1cf090db125', 'filingTableId': 'b05967f0-3f16-4841-8839-c6681f9d7f99', 'fieldName': 'G1', 'fieldType': 1, 'associatedVariable': 'G1', 'formula': ' ', 'sort': 3}, {'id': 'FTF738c49519b30496eb995f7fffd8e118e', 'filingTableId': 'b05967f0-3f16-4841-8839-c6681f9d7f99', 'fieldName': 'H1', 'fieldType': 2, 'associatedVariable': 'H1', 'formula': ' ', 'sort': 4}, {'id': 'FTFd80502f806384a3b8f11a1ff0cf8b26d', 'filingTableId': 'b05967f0-3f16-4841-8839-c6681f9d7f99', 'fieldName': '系统时间', 'fieldType': 3, 'associatedVariable': 'DateTime', 'formula': ' ', 'sort': 5}, {'id': 'FTF13d89229b3d546959f2ebfa2b87b02a4', 'filingTableId': 'b05967f0-3f16-4841-8839-c6681f9d7f99', 'fieldName': '函数时间', 'fieldType': 3, 'associatedVariable': ' ', 'formula': 'NOW(  )', 'sort': 6}]
[2023-05-25 15:02:40,876] logger_util.py->write_log line:61 [INFO] 接口请求成功！
[2023-05-25 15:02:40,876] logger_util.py->write_log line:61 [INFO] -------------接口请求结束-----------

