[2023-11-15 18:11:01,195] logger_util.py->write_log line:61 [INFO] 
-------------接口请求开始-----------
[2023-11-15 18:11:01,196] logger_util.py->write_log line:61 [INFO] 接口名称：设置归档配置
[2023-11-15 18:11:01,196] logger_util.py->write_log line:61 [INFO] 接口方式：put
[2023-11-15 18:11:01,196] logger_util.py->write_log line:61 [INFO] 接口路径：http://127.0.0.1:18000/api/v1/historicarchive/group/b6c6f4b4-074c-41da-94fb-dbad49a31eff/archivesetting
[2023-11-15 18:11:01,196] logger_util.py->write_log line:61 [INFO] 请求头：{'X-Project': 'cade0634c4a44304911e8cfdb1b8f8b9'}
[2023-11-15 18:11:01,197] logger_util.py->write_log line:61 [INFO] 请求参数：{'minIntervalValue': 1, 'minIntervalUnit': 1, 'archiveType': 0, 'deadZoneType': 0, 'deadZoneThreshold': 1, 'intervalUnit': 1, 'intervalValue': 1, 'enableArchive': True}
[2023-11-15 18:11:01,197] logger_util.py->write_log line:61 [INFO] 文件上传：None
[2023-11-15 18:11:01,220] logger_util.py->write_log line:61 [INFO] 预期结果：[{'equals': {'status_code': 200}}]
[2023-11-15 18:11:01,220] logger_util.py->write_log line:61 [INFO] 实际结果：
[2023-11-15 18:11:01,220] logger_util.py->write_log line:61 [INFO] 接口请求成功！
[2023-11-15 18:11:01,221] logger_util.py->write_log line:61 [INFO] 
-------------接口请求结束-----------

[2023-11-15 18:11:01,227] logger_util.py->write_log line:61 [INFO] 
-------------接口请求开始-----------
[2023-11-15 18:11:01,227] logger_util.py->write_log line:61 [INFO] 接口名称：获取归档配置
[2023-11-15 18:11:01,227] logger_util.py->write_log line:61 [INFO] 接口方式：get
[2023-11-15 18:11:01,227] logger_util.py->write_log line:61 [INFO] 接口路径：http://127.0.0.1:18000/api/v1/historicarchive/group/b6c6f4b4-074c-41da-94fb-dbad49a31eff/archivesetting
[2023-11-15 18:11:01,227] logger_util.py->write_log line:61 [INFO] 请求头：{'X-Project': 'cade0634c4a44304911e8cfdb1b8f8b9'}
[2023-11-15 18:11:01,227] logger_util.py->write_log line:61 [INFO] 文件上传：None
[2023-11-15 18:11:01,259] logger_util.py->write_log line:61 [INFO] 预期结果：[{'equals': {'status_code': 200}}]
[2023-11-15 18:11:01,259] logger_util.py->write_log line:61 [INFO] 实际结果：{'enableArchive': True, 'archiveType': 0, 'intervalValue': 1, 'intervalUnit': 1, 'enableDeadZone': False, 'deadZoneType': 0, 'deadZoneThreshold': 1, 'enableMinInterval': False, 'minIntervalValue': 1, 'minIntervalUnit': 1}
[2023-11-15 18:11:01,259] logger_util.py->write_log line:61 [INFO] 接口请求成功！
[2023-11-15 18:11:01,259] logger_util.py->write_log line:61 [INFO] 
-------------接口请求结束-----------

[2023-11-15 18:11:01,264] logger_util.py->write_log line:61 [INFO] 
-------------接口请求开始-----------
[2023-11-15 18:11:01,264] logger_util.py->write_log line:61 [INFO] 接口名称：存储设置
[2023-11-15 18:11:01,264] logger_util.py->write_log line:61 [INFO] 接口方式：put
[2023-11-15 18:11:01,265] logger_util.py->write_log line:61 [INFO] 接口路径：http://127.0.0.1:18000/api/v1/historicarchive/group/b6c6f4b4-074c-41da-94fb-dbad49a31eff/storagesetting
[2023-11-15 18:11:01,265] logger_util.py->write_log line:61 [INFO] 请求头：{'X-Project': 'cade0634c4a44304911e8cfdb1b8f8b9'}
[2023-11-15 18:11:01,265] logger_util.py->write_log line:61 [INFO] 请求参数：{'retentionUnit': 4, 'retentionValue': 1, 'enableClear': True, 'backupBeforeClear': True, 'backupPath': 'C:\\数据备份\\历史数据'}
[2023-11-15 18:11:01,265] logger_util.py->write_log line:61 [INFO] 文件上传：None
[2023-11-15 18:11:01,272] logger_util.py->write_log line:61 [INFO] 预期结果：[{'equals': {'status_code': 200}}]
[2023-11-15 18:11:01,272] logger_util.py->write_log line:61 [INFO] 实际结果：
[2023-11-15 18:11:01,272] logger_util.py->write_log line:61 [INFO] 接口请求成功！
[2023-11-15 18:11:01,273] logger_util.py->write_log line:61 [INFO] 
-------------接口请求结束-----------

[2023-11-15 18:11:01,277] logger_util.py->write_log line:61 [INFO] 
-------------接口请求开始-----------
[2023-11-15 18:11:01,277] logger_util.py->write_log line:61 [INFO] 接口名称：获取存储设置
[2023-11-15 18:11:01,278] logger_util.py->write_log line:61 [INFO] 接口方式：get
[2023-11-15 18:11:01,278] logger_util.py->write_log line:61 [INFO] 接口路径：http://127.0.0.1:18000/api/v1/historicarchive/group/b6c6f4b4-074c-41da-94fb-dbad49a31eff/storagesetting
[2023-11-15 18:11:01,278] logger_util.py->write_log line:61 [INFO] 请求头：{'X-Project': 'cade0634c4a44304911e8cfdb1b8f8b9'}
[2023-11-15 18:11:01,278] logger_util.py->write_log line:61 [INFO] 文件上传：None
[2023-11-15 18:11:01,302] logger_util.py->write_log line:61 [INFO] 预期结果：[{'equals': {'status_code': 200}}]
[2023-11-15 18:11:01,302] logger_util.py->write_log line:61 [INFO] 实际结果：{'enableClear': True, 'retentionValue': 1, 'retentionUnit': 4, 'backupBeforeClear': True, 'backupPath': 'C:\\数据备份\\历史数据'}
[2023-11-15 18:11:01,302] logger_util.py->write_log line:61 [INFO] 接口请求成功！
[2023-11-15 18:11:01,302] logger_util.py->write_log line:61 [INFO] 
-------------接口请求结束-----------

[2023-11-15 18:11:01,308] logger_util.py->write_log line:61 [INFO] 
-------------接口请求开始-----------
[2023-11-15 18:11:01,308] logger_util.py->write_log line:61 [INFO] 接口名称：下发A1=true
[2023-11-15 18:11:01,308] logger_util.py->write_log line:61 [INFO] 接口方式：post
[2023-11-15 18:11:01,308] logger_util.py->write_log line:61 [INFO] 接口路径：http://127.0.0.1:18000/api/v1/variable/setvalues
[2023-11-15 18:11:01,308] logger_util.py->write_log line:61 [INFO] 请求头：{'X-Project': 'cade0634c4a44304911e8cfdb1b8f8b9', 'Authorization': 'Bearer eyJhbGciOiJIUzI1NiIsInR5cCI6IkpXVCJ9.eyJodHRwOi8vc2NoZW1hcy54bWxzb2FwLm9yZy93cy8yMDA1LzA1L2lkZW50aXR5L2NsYWltcy9uYW1lIjoiU3VwZXJBZG1pbiIsImh0dHA6Ly9zY2hlbWFzLnhtbHNvYXAub3JnL3dzLzIwMDUvMDUvaWRlbnRpdHkvY2xhaW1zL25hbWVpZGVudGlmaWVyIjoiU3VwZXJBZG1pbiIsImV4cCI6MTcwMDY0MzQzNiwiaXNzIjoiQ01TdjIiLCJhdWQiOiJBcGkifQ.t_fO-FkNoykuA18dAWBnTg49IOpNb0sOksTcxN_DfdU'}
[2023-11-15 18:11:01,309] logger_util.py->write_log line:61 [INFO] 请求参数：{'A1': 'true'}
[2023-11-15 18:11:01,309] logger_util.py->write_log line:61 [INFO] 文件上传：None
[2023-11-15 18:11:01,311] logger_util.py->error_log line:65 [INFO] 断言失败:allSuccess不等于True
[2023-11-15 18:11:01,311] logger_util.py->write_log line:61 [INFO] 实际结果：{'allSuccess': False, 'items': {'A1': {'value': None, 'quality': 1, 'errorMsg': '变量服务未启动'}}}
[2023-11-15 18:11:01,312] logger_util.py->write_log line:61 [INFO] 接口请求失败！
[2023-11-15 18:11:01,312] logger_util.py->write_log line:61 [INFO] -------------接口请求结束-----------

[2023-11-15 18:11:01,312] logger_util.py->error_log line:65 [INFO] 断言异常：异常信息: Traceback (most recent call last):
  File "E:\Project_python\api_cms\common\requests_util.py", line 370, in validate_result
    error_log("断言失败:" + assert_key + "不等于" + str(assert_value))
  File "E:\Project_python\api_cms\common\logger_util.py", line 66, in error_log
    raise Exception(log_message)
Exception: 断言失败:allSuccess不等于True

[2023-11-15 18:11:01,313] logger_util.py->error_log line:65 [INFO] 分析YAML文件异常：异常信息: Traceback (most recent call last):
  File "E:\Project_python\api_cms\common\requests_util.py", line 370, in validate_result
    error_log("断言失败:" + assert_key + "不等于" + str(assert_value))
  File "E:\Project_python\api_cms\common\logger_util.py", line 66, in error_log
    raise Exception(log_message)
Exception: 断言失败:allSuccess不等于True

During handling of the above exception, another exception occurred:

Traceback (most recent call last):
  File "E:\Project_python\api_cms\common\requests_util.py", line 238, in analysis_yaml
    self.validate_result(yq_result, return_data, status_code)
  File "E:\Project_python\api_cms\common\requests_util.py", line 437, in validate_result
    error_log("断言异常：异常信息: %s" % str(traceback.format_exc()))
  File "E:\Project_python\api_cms\common\logger_util.py", line 66, in error_log
    raise Exception(log_message)
Exception: 断言异常：异常信息: Traceback (most recent call last):
  File "E:\Project_python\api_cms\common\requests_util.py", line 370, in validate_result
    error_log("断言失败:" + assert_key + "不等于" + str(assert_value))
  File "E:\Project_python\api_cms\common\logger_util.py", line 66, in error_log
    raise Exception(log_message)
Exception: 断言失败:allSuccess不等于True


[2023-11-15 18:11:01,432] logger_util.py->write_log line:61 [INFO] 
-------------接口请求开始-----------
[2023-11-15 18:11:01,433] logger_util.py->write_log line:61 [INFO] 接口名称：下发A2=77
[2023-11-15 18:11:01,433] logger_util.py->write_log line:61 [INFO] 接口方式：post
[2023-11-15 18:11:01,433] logger_util.py->write_log line:61 [INFO] 接口路径：http://127.0.0.1:18000/api/v1/variable/setvalues
[2023-11-15 18:11:01,433] logger_util.py->write_log line:61 [INFO] 请求头：{'X-Project': 'cade0634c4a44304911e8cfdb1b8f8b9', 'Authorization': 'Bearer eyJhbGciOiJIUzI1NiIsInR5cCI6IkpXVCJ9.eyJodHRwOi8vc2NoZW1hcy54bWxzb2FwLm9yZy93cy8yMDA1LzA1L2lkZW50aXR5L2NsYWltcy9uYW1lIjoiU3VwZXJBZG1pbiIsImh0dHA6Ly9zY2hlbWFzLnhtbHNvYXAub3JnL3dzLzIwMDUvMDUvaWRlbnRpdHkvY2xhaW1zL25hbWVpZGVudGlmaWVyIjoiU3VwZXJBZG1pbiIsImV4cCI6MTcwMDY0MzQzNiwiaXNzIjoiQ01TdjIiLCJhdWQiOiJBcGkifQ.t_fO-FkNoykuA18dAWBnTg49IOpNb0sOksTcxN_DfdU'}
[2023-11-15 18:11:01,433] logger_util.py->write_log line:61 [INFO] 请求参数：{'A2': '10'}
[2023-11-15 18:11:01,433] logger_util.py->write_log line:61 [INFO] 文件上传：None
[2023-11-15 18:11:01,438] logger_util.py->error_log line:65 [INFO] 断言失败:allSuccess不等于True
[2023-11-15 18:11:01,438] logger_util.py->write_log line:61 [INFO] 实际结果：{'allSuccess': False, 'items': {'A2': {'value': None, 'quality': 1, 'errorMsg': '变量服务未启动'}}}
[2023-11-15 18:11:01,438] logger_util.py->write_log line:61 [INFO] 接口请求失败！
[2023-11-15 18:11:01,438] logger_util.py->write_log line:61 [INFO] -------------接口请求结束-----------

[2023-11-15 18:11:01,438] logger_util.py->error_log line:65 [INFO] 断言异常：异常信息: Traceback (most recent call last):
  File "E:\Project_python\api_cms\common\requests_util.py", line 370, in validate_result
    error_log("断言失败:" + assert_key + "不等于" + str(assert_value))
  File "E:\Project_python\api_cms\common\logger_util.py", line 66, in error_log
    raise Exception(log_message)
Exception: 断言失败:allSuccess不等于True

[2023-11-15 18:11:01,439] logger_util.py->error_log line:65 [INFO] 分析YAML文件异常：异常信息: Traceback (most recent call last):
  File "E:\Project_python\api_cms\common\requests_util.py", line 370, in validate_result
    error_log("断言失败:" + assert_key + "不等于" + str(assert_value))
  File "E:\Project_python\api_cms\common\logger_util.py", line 66, in error_log
    raise Exception(log_message)
Exception: 断言失败:allSuccess不等于True

During handling of the above exception, another exception occurred:

Traceback (most recent call last):
  File "E:\Project_python\api_cms\common\requests_util.py", line 238, in analysis_yaml
    self.validate_result(yq_result, return_data, status_code)
  File "E:\Project_python\api_cms\common\requests_util.py", line 437, in validate_result
    error_log("断言异常：异常信息: %s" % str(traceback.format_exc()))
  File "E:\Project_python\api_cms\common\logger_util.py", line 66, in error_log
    raise Exception(log_message)
Exception: 断言异常：异常信息: Traceback (most recent call last):
  File "E:\Project_python\api_cms\common\requests_util.py", line 370, in validate_result
    error_log("断言失败:" + assert_key + "不等于" + str(assert_value))
  File "E:\Project_python\api_cms\common\logger_util.py", line 66, in error_log
    raise Exception(log_message)
Exception: 断言失败:allSuccess不等于True


[2023-11-15 18:11:01,476] logger_util.py->write_log line:61 [INFO] 
-------------接口请求开始-----------
[2023-11-15 18:11:01,477] logger_util.py->write_log line:61 [INFO] 接口名称：下发A10=10.456
[2023-11-15 18:11:01,477] logger_util.py->write_log line:61 [INFO] 接口方式：post
[2023-11-15 18:11:01,477] logger_util.py->write_log line:61 [INFO] 接口路径：http://127.0.0.1:18000/api/v1/variable/setvalues
[2023-11-15 18:11:01,477] logger_util.py->write_log line:61 [INFO] 请求头：{'X-Project': 'cade0634c4a44304911e8cfdb1b8f8b9', 'Authorization': 'Bearer eyJhbGciOiJIUzI1NiIsInR5cCI6IkpXVCJ9.eyJodHRwOi8vc2NoZW1hcy54bWxzb2FwLm9yZy93cy8yMDA1LzA1L2lkZW50aXR5L2NsYWltcy9uYW1lIjoiU3VwZXJBZG1pbiIsImh0dHA6Ly9zY2hlbWFzLnhtbHNvYXAub3JnL3dzLzIwMDUvMDUvaWRlbnRpdHkvY2xhaW1zL25hbWVpZGVudGlmaWVyIjoiU3VwZXJBZG1pbiIsImV4cCI6MTcwMDY0MzQzNiwiaXNzIjoiQ01TdjIiLCJhdWQiOiJBcGkifQ.t_fO-FkNoykuA18dAWBnTg49IOpNb0sOksTcxN_DfdU'}
[2023-11-15 18:11:01,477] logger_util.py->write_log line:61 [INFO] 请求参数：{'A10': '10.456'}
[2023-11-15 18:11:01,477] logger_util.py->write_log line:61 [INFO] 文件上传：None
[2023-11-15 18:11:01,480] logger_util.py->error_log line:65 [INFO] 断言失败:allSuccess不等于True
[2023-11-15 18:11:01,480] logger_util.py->write_log line:61 [INFO] 实际结果：{'allSuccess': False, 'items': {'A10': {'value': None, 'quality': 1, 'errorMsg': '变量服务未启动'}}}
[2023-11-15 18:11:01,480] logger_util.py->write_log line:61 [INFO] 接口请求失败！
[2023-11-15 18:11:01,480] logger_util.py->write_log line:61 [INFO] -------------接口请求结束-----------

[2023-11-15 18:11:01,480] logger_util.py->error_log line:65 [INFO] 断言异常：异常信息: Traceback (most recent call last):
  File "E:\Project_python\api_cms\common\requests_util.py", line 370, in validate_result
    error_log("断言失败:" + assert_key + "不等于" + str(assert_value))
  File "E:\Project_python\api_cms\common\logger_util.py", line 66, in error_log
    raise Exception(log_message)
Exception: 断言失败:allSuccess不等于True

[2023-11-15 18:11:01,481] logger_util.py->error_log line:65 [INFO] 分析YAML文件异常：异常信息: Traceback (most recent call last):
  File "E:\Project_python\api_cms\common\requests_util.py", line 370, in validate_result
    error_log("断言失败:" + assert_key + "不等于" + str(assert_value))
  File "E:\Project_python\api_cms\common\logger_util.py", line 66, in error_log
    raise Exception(log_message)
Exception: 断言失败:allSuccess不等于True

During handling of the above exception, another exception occurred:

Traceback (most recent call last):
  File "E:\Project_python\api_cms\common\requests_util.py", line 238, in analysis_yaml
    self.validate_result(yq_result, return_data, status_code)
  File "E:\Project_python\api_cms\common\requests_util.py", line 437, in validate_result
    error_log("断言异常：异常信息: %s" % str(traceback.format_exc()))
  File "E:\Project_python\api_cms\common\logger_util.py", line 66, in error_log
    raise Exception(log_message)
Exception: 断言异常：异常信息: Traceback (most recent call last):
  File "E:\Project_python\api_cms\common\requests_util.py", line 370, in validate_result
    error_log("断言失败:" + assert_key + "不等于" + str(assert_value))
  File "E:\Project_python\api_cms\common\logger_util.py", line 66, in error_log
    raise Exception(log_message)
Exception: 断言失败:allSuccess不等于True


[2023-11-15 18:11:01,517] logger_util.py->write_log line:61 [INFO] 
-------------接口请求开始-----------
[2023-11-15 18:11:01,517] logger_util.py->write_log line:61 [INFO] 接口名称：下发A12=中文
[2023-11-15 18:11:01,518] logger_util.py->write_log line:61 [INFO] 接口方式：post
[2023-11-15 18:11:01,518] logger_util.py->write_log line:61 [INFO] 接口路径：http://127.0.0.1:18000/api/v1/variable/setvalues
[2023-11-15 18:11:01,518] logger_util.py->write_log line:61 [INFO] 请求头：{'X-Project': 'cade0634c4a44304911e8cfdb1b8f8b9', 'Authorization': 'Bearer eyJhbGciOiJIUzI1NiIsInR5cCI6IkpXVCJ9.eyJodHRwOi8vc2NoZW1hcy54bWxzb2FwLm9yZy93cy8yMDA1LzA1L2lkZW50aXR5L2NsYWltcy9uYW1lIjoiU3VwZXJBZG1pbiIsImh0dHA6Ly9zY2hlbWFzLnhtbHNvYXAub3JnL3dzLzIwMDUvMDUvaWRlbnRpdHkvY2xhaW1zL25hbWVpZGVudGlmaWVyIjoiU3VwZXJBZG1pbiIsImV4cCI6MTcwMDY0MzQzNiwiaXNzIjoiQ01TdjIiLCJhdWQiOiJBcGkifQ.t_fO-FkNoykuA18dAWBnTg49IOpNb0sOksTcxN_DfdU'}
[2023-11-15 18:11:01,518] logger_util.py->write_log line:61 [INFO] 请求参数：{'A12': '中文'}
[2023-11-15 18:11:01,518] logger_util.py->write_log line:61 [INFO] 文件上传：None
[2023-11-15 18:11:01,522] logger_util.py->error_log line:65 [INFO] 断言失败:allSuccess不等于True
[2023-11-15 18:11:01,522] logger_util.py->write_log line:61 [INFO] 实际结果：{'allSuccess': False, 'items': {'A12': {'value': None, 'quality': 1, 'errorMsg': '变量服务未启动'}}}
[2023-11-15 18:11:01,522] logger_util.py->write_log line:61 [INFO] 接口请求失败！
[2023-11-15 18:11:01,522] logger_util.py->write_log line:61 [INFO] -------------接口请求结束-----------

[2023-11-15 18:11:01,522] logger_util.py->error_log line:65 [INFO] 断言异常：异常信息: Traceback (most recent call last):
  File "E:\Project_python\api_cms\common\requests_util.py", line 370, in validate_result
    error_log("断言失败:" + assert_key + "不等于" + str(assert_value))
  File "E:\Project_python\api_cms\common\logger_util.py", line 66, in error_log
    raise Exception(log_message)
Exception: 断言失败:allSuccess不等于True

[2023-11-15 18:11:01,523] logger_util.py->error_log line:65 [INFO] 分析YAML文件异常：异常信息: Traceback (most recent call last):
  File "E:\Project_python\api_cms\common\requests_util.py", line 370, in validate_result
    error_log("断言失败:" + assert_key + "不等于" + str(assert_value))
  File "E:\Project_python\api_cms\common\logger_util.py", line 66, in error_log
    raise Exception(log_message)
Exception: 断言失败:allSuccess不等于True

During handling of the above exception, another exception occurred:

Traceback (most recent call last):
  File "E:\Project_python\api_cms\common\requests_util.py", line 238, in analysis_yaml
    self.validate_result(yq_result, return_data, status_code)
  File "E:\Project_python\api_cms\common\requests_util.py", line 437, in validate_result
    error_log("断言异常：异常信息: %s" % str(traceback.format_exc()))
  File "E:\Project_python\api_cms\common\logger_util.py", line 66, in error_log
    raise Exception(log_message)
Exception: 断言异常：异常信息: Traceback (most recent call last):
  File "E:\Project_python\api_cms\common\requests_util.py", line 370, in validate_result
    error_log("断言失败:" + assert_key + "不等于" + str(assert_value))
  File "E:\Project_python\api_cms\common\logger_util.py", line 66, in error_log
    raise Exception(log_message)
Exception: 断言失败:allSuccess不等于True


[2023-11-15 18:11:01,560] logger_util.py->write_log line:61 [INFO] 
-------------接口请求开始-----------
[2023-11-15 18:11:01,560] logger_util.py->write_log line:61 [INFO] 接口名称：开启历史归档服务
[2023-11-15 18:11:01,561] logger_util.py->write_log line:61 [INFO] 接口方式：post
[2023-11-15 18:11:01,561] logger_util.py->write_log line:61 [INFO] 接口路径：http://127.0.0.1:18000/api/v1/project/service/historicarchive/start
[2023-11-15 18:11:01,561] logger_util.py->write_log line:61 [INFO] 请求头：{}
[2023-11-15 18:11:01,561] logger_util.py->write_log line:61 [INFO] 文件上传：None
[2023-11-15 18:11:01,576] logger_util.py->write_log line:61 [INFO] 预期结果：[{'equals': {'status_code': 200}}]
[2023-11-15 18:11:01,576] logger_util.py->write_log line:61 [INFO] 实际结果：
[2023-11-15 18:11:01,576] logger_util.py->write_log line:61 [INFO] 接口请求成功！
[2023-11-15 18:11:01,576] logger_util.py->write_log line:61 [INFO] 
-------------接口请求结束-----------

[2023-11-15 18:11:11,590] logger_util.py->write_log line:61 [INFO] 
-------------接口请求开始-----------
[2023-11-15 18:11:11,590] logger_util.py->write_log line:61 [INFO] 接口名称：查询历史数据(定时触发)
[2023-11-15 18:11:11,590] logger_util.py->write_log line:61 [INFO] 接口方式：post
[2023-11-15 18:11:11,590] logger_util.py->write_log line:61 [INFO] 接口路径：http://127.0.0.1:18000/api/v1/data/aggregate
[2023-11-15 18:11:11,590] logger_util.py->write_log line:61 [INFO] 请求头：{'X-Project': 'cade0634c4a44304911e8cfdb1b8f8b9'}
[2023-11-15 18:11:11,591] logger_util.py->write_log line:61 [INFO] 请求参数：{'dataSetId': 'history', 'dimensions': [{'aliasName': '', 'fieldName': '0', 'sort': 2, 'timeFormat': 'yyyy-MM-dd HH:mm:ss'}], 'measures': [{'aliasName': '', 'fieldName': '19', 'mode': 4, 'dataFormat': 0, 'sort': 0, 'mergeType': 0}, {'aliasName': '', 'fieldName': '20', 'mode': 4, 'dataFormat': 0, 'sort': 0, 'mergeType': 0}, {'aliasName': '', 'fieldName': '28', 'mode': 4, 'dataFormat': 0, 'sort': 0, 'mergeType': 0}, {'aliasName': '', 'fieldName': '30', 'mode': 4, 'dataFormat': 0, 'sort': 0, 'mergeType': 0}], 'filters': [], 'total': False, 'pageSize': None, 'pageIndex': None, 'limit': 10000, 'noAggregation': False, 'noDimensions': False, 'whereJson': ''}
[2023-11-15 18:11:11,591] logger_util.py->write_log line:61 [INFO] 文件上传：None
[2023-11-15 18:11:11,617] logger_util.py->error_log line:65 [INFO] 断言失败：返回结果中不存在：A1(4)
[2023-11-15 18:11:11,618] logger_util.py->write_log line:61 [INFO] 实际结果：{'values': [], 'mapping': [{'id': '19', 'name': 'A1(4)', 'aliasName': '', 'fieldName': 'A1', 'method': 4}, {'id': '20', 'name': 'A2(4)', 'aliasName': '', 'fieldName': 'A2', 'method': 4}, {'id': '28', 'name': 'A10(4)', 'aliasName': '', 'fieldName': 'A10', 'method': 4}, {'id': '30', 'name': 'A12(4)', 'aliasName': '', 'fieldName': 'A12', 'method': 4}, {'id': '_time', 'name': '_time', 'aliasName': '', 'fieldName': '_time', 'method': None}], 'queryTranslateResult': [{'queryString': '\r\na0 = from(bucket: "e4d8fd9ff2924c56b04fecbcc9bcfb9e")\r\n  |> range(start: 0, stop: now())\r\n  |> filter(fn: (r) => r["_measurement"] == "variables" and r["_field"]=="lval" and r["variable"] == "19")\r\n\r\n  |> group(columns: ["_measurement"])\r\n\n  |> limit(n: 10000)\n  |> set(key: "_field", value: "val")\n  |> toString()\r\n\r\na1 = from(bucket: "e4d8fd9ff2924c56b04fecbcc9bcfb9e")\r\n  |> range(start: 0, stop: now())\r\n  |> filter(fn: (r) => r["_measurement"] == "variables" and r["_field"]=="lval" and r["variable"] == "20")\r\n\r\n  |> group(columns: ["_measurement"])\r\n\n  |> limit(n: 10000)\n  |> set(key: "_field", value: "val")\n  |> toString()\r\n\r\na2 = from(bucket: "e4d8fd9ff2924c56b04fecbcc9bcfb9e")\r\n  |> range(start: 0, stop: now())\r\n  |> filter(fn: (r) => r["_measurement"] == "variables" and r["_field"]=="fval" and r["variable"] == "28")\r\n\r\n  |> group(columns: ["_measurement"])\r\n\n  |> limit(n: 10000)\n  |> set(key: "_field", value: "val")\n  |> toString()\r\n\r\na3 = from(bucket: "e4d8fd9ff2924c56b04fecbcc9bcfb9e")\r\n  |> range(start: 0, stop: now())\r\n  |> filter(fn: (r) => r["_measurement"] == "variables" and r["_field"]=="sval" and r["variable"] == "30")\r\n\r\n  |> group(columns: ["_measurement"])\r\n\n  |> limit(n: 10000)\n  |> set(key: "_field", value: "val")\n  |> toString()\r\n\r\nall = union(tables: [a0,a1,a2,a3])\r\n\r\n\r\nresult = all\r\n  |> pivot(rowKey:["_time"], columnKey: ["variable"], valueColumn: "_value")\r\n\r\n  |> sort(columns: ["_time"],desc:true)\r\n  |> rename(fn: (column) => if column=="19" then "M0" else if column=="20" then "M1" else if column=="28" then "M2" else if column=="30" then "M3" else column)\r\nresult\r\n', 'args': {}}], 'consuming': {'qcs': [16.0373]}, 'total': None}
[2023-11-15 18:11:11,618] logger_util.py->write_log line:61 [INFO] 接口请求失败！
[2023-11-15 18:11:11,618] logger_util.py->write_log line:61 [INFO] -------------接口请求结束-----------

[2023-11-15 18:11:11,618] logger_util.py->error_log line:65 [INFO] 断言异常：异常信息: Traceback (most recent call last):
  File "E:\Project_python\api_cms\common\requests_util.py", line 373, in validate_result
    error_log("断言失败：返回结果中不存在："+assert_key)
  File "E:\Project_python\api_cms\common\logger_util.py", line 66, in error_log
    raise Exception(log_message)
Exception: 断言失败：返回结果中不存在：A1(4)

[2023-11-15 18:11:11,619] logger_util.py->error_log line:65 [INFO] 分析YAML文件异常：异常信息: Traceback (most recent call last):
  File "E:\Project_python\api_cms\common\requests_util.py", line 373, in validate_result
    error_log("断言失败：返回结果中不存在："+assert_key)
  File "E:\Project_python\api_cms\common\logger_util.py", line 66, in error_log
    raise Exception(log_message)
Exception: 断言失败：返回结果中不存在：A1(4)

During handling of the above exception, another exception occurred:

Traceback (most recent call last):
  File "E:\Project_python\api_cms\common\requests_util.py", line 238, in analysis_yaml
    self.validate_result(yq_result, return_data, status_code)
  File "E:\Project_python\api_cms\common\requests_util.py", line 437, in validate_result
    error_log("断言异常：异常信息: %s" % str(traceback.format_exc()))
  File "E:\Project_python\api_cms\common\logger_util.py", line 66, in error_log
    raise Exception(log_message)
Exception: 断言异常：异常信息: Traceback (most recent call last):
  File "E:\Project_python\api_cms\common\requests_util.py", line 373, in validate_result
    error_log("断言失败：返回结果中不存在："+assert_key)
  File "E:\Project_python\api_cms\common\logger_util.py", line 66, in error_log
    raise Exception(log_message)
Exception: 断言失败：返回结果中不存在：A1(4)


[2023-11-15 18:11:11,655] logger_util.py->write_log line:61 [INFO] 
-------------接口请求开始-----------
[2023-11-15 18:11:11,655] logger_util.py->write_log line:61 [INFO] 接口名称：备份历史数据
[2023-11-15 18:11:11,655] logger_util.py->write_log line:61 [INFO] 接口方式：get
[2023-11-15 18:11:11,655] logger_util.py->write_log line:61 [INFO] 接口路径：http://127.0.0.1:18000/api/v1/historicarchive/group/b6c6f4b4-074c-41da-94fb-dbad49a31eff/backup
[2023-11-15 18:11:11,655] logger_util.py->write_log line:61 [INFO] 请求头：{'X-Project': 'cade0634c4a44304911e8cfdb1b8f8b9'}
[2023-11-15 18:11:11,656] logger_util.py->write_log line:61 [INFO] 文件上传：None
[2023-11-15 18:11:11,726] logger_util.py->write_log line:61 [INFO] 预期结果：[{'equals': {'status_code': 200}}]
[2023-11-15 18:11:11,726] logger_util.py->write_log line:61 [INFO] 实际结果：
[2023-11-15 18:11:11,726] logger_util.py->write_log line:61 [INFO] 接口请求成功！
[2023-11-15 18:11:11,726] logger_util.py->write_log line:61 [INFO] 
-------------接口请求结束-----------

[2023-11-15 18:11:11,732] logger_util.py->write_log line:61 [INFO] 
-------------接口请求开始-----------
[2023-11-15 18:11:11,732] logger_util.py->write_log line:61 [INFO] 接口名称：清除历史数据
[2023-11-15 18:11:11,732] logger_util.py->write_log line:61 [INFO] 接口方式：get
[2023-11-15 18:11:11,732] logger_util.py->write_log line:61 [INFO] 接口路径：http://127.0.0.1:18000/api/v1/historicarchive/group/b6c6f4b4-074c-41da-94fb-dbad49a31eff/cleanup
[2023-11-15 18:11:11,732] logger_util.py->write_log line:61 [INFO] 请求头：{'X-Project': 'cade0634c4a44304911e8cfdb1b8f8b9'}
[2023-11-15 18:11:11,732] logger_util.py->write_log line:61 [INFO] 文件上传：None
[2023-11-15 18:11:11,776] logger_util.py->write_log line:61 [INFO] 预期结果：[{'equals': {'status_code': 200}}]
[2023-11-15 18:11:11,776] logger_util.py->write_log line:61 [INFO] 实际结果：
[2023-11-15 18:11:11,776] logger_util.py->write_log line:61 [INFO] 接口请求成功！
[2023-11-15 18:11:11,776] logger_util.py->write_log line:61 [INFO] 
-------------接口请求结束-----------

[2023-11-15 18:11:16,795] logger_util.py->write_log line:61 [INFO] 
-------------接口请求开始-----------
[2023-11-15 18:11:16,795] logger_util.py->write_log line:61 [INFO] 接口名称：关闭历史归档服务
[2023-11-15 18:11:16,795] logger_util.py->write_log line:61 [INFO] 接口方式：post
[2023-11-15 18:11:16,795] logger_util.py->write_log line:61 [INFO] 接口路径：http://127.0.0.1:18000/api/v1/project/service/historicarchive/stop
[2023-11-15 18:11:16,795] logger_util.py->write_log line:61 [INFO] 请求头：{}
[2023-11-15 18:11:16,795] logger_util.py->write_log line:61 [INFO] 文件上传：None
[2023-11-15 18:11:16,797] logger_util.py->write_log line:61 [INFO] 预期结果：[{'equals': {'status_code': 200}}]
[2023-11-15 18:11:16,797] logger_util.py->write_log line:61 [INFO] 实际结果：
[2023-11-15 18:11:16,797] logger_util.py->write_log line:61 [INFO] 接口请求成功！
[2023-11-15 18:11:16,797] logger_util.py->write_log line:61 [INFO] 
-------------接口请求结束-----------

[2023-11-15 18:11:21,810] logger_util.py->write_log line:61 [INFO] 
-------------接口请求开始-----------
[2023-11-15 18:11:21,810] logger_util.py->write_log line:61 [INFO] 接口名称：变化触发配置
[2023-11-15 18:11:21,810] logger_util.py->write_log line:61 [INFO] 接口方式：put
[2023-11-15 18:11:21,810] logger_util.py->write_log line:61 [INFO] 接口路径：http://127.0.0.1:18000/api/v1/historicarchive/group/b6c6f4b4-074c-41da-94fb-dbad49a31eff/archivesetting
[2023-11-15 18:11:21,810] logger_util.py->write_log line:61 [INFO] 请求头：{'X-Project': 'cade0634c4a44304911e8cfdb1b8f8b9'}
[2023-11-15 18:11:21,811] logger_util.py->write_log line:61 [INFO] 请求参数：{'enableArchive': True, 'archiveType': 1, 'intervalValue': 1, 'intervalUnit': 1, 'enableDeadZone': True, 'deadZoneType': 0, 'deadZoneThreshold': 10.15, 'enableMinInterval': True, 'minIntervalValue': 1, 'minIntervalUnit': 1}
[2023-11-15 18:11:21,811] logger_util.py->write_log line:61 [INFO] 文件上传：None
[2023-11-15 18:11:21,830] logger_util.py->write_log line:61 [INFO] 预期结果：[{'equals': {'status_code': 200}}]
[2023-11-15 18:11:21,830] logger_util.py->write_log line:61 [INFO] 实际结果：
[2023-11-15 18:11:21,831] logger_util.py->write_log line:61 [INFO] 接口请求成功！
[2023-11-15 18:11:21,831] logger_util.py->write_log line:61 [INFO] 
-------------接口请求结束-----------

